#
# There is insufficient memory for the Java Runtime Environment to continue.
# Native memory allocation (mmap) failed to map 134217728 bytes for Failed to commit area from 0x0000000081c00000 to 0x0000000089c00000 of length 134217728.
# Possible reasons:
#   The system is out of physical RAM or swap space
#   The process is running with CompressedOops enabled, and the Java Heap may be blocking the growth of the native heap
# Possible solutions:
#   Reduce memory load on the system
#   Increase physical memory or swap space
#   Check if swap backing store is full
#   Decrease Java heap size (-Xmx/-Xms)
#   Decrease number of Java threads
#   Decrease Java thread stack sizes (-Xss)
#   Set larger code cache with -XX:ReservedCodeCacheSize=
# This output file may be truncated or incomplete.
#
#  Out of Memory Error (./src/hotspot/os/windows/os_windows.cpp:3301), pid=3344, tid=14788
#
# JRE version:  (11.0.11+9) (build )
# Java VM: Dynamic Code Evolution 64-Bit Server VM (11.0.11+9-b1341.57, mixed mode, sharing, tiered, compressed oops, g1 gc, windows-amd64)
# No core dump will be written. Minidumps are not enabled by default on client versions of Windows
#

---------------  S U M M A R Y ------------

Command Line: org.jetbrains.git4idea.http.GitAskPassApp Password for 'https://ebabcsany@github.com': 

Host: Intel(R) Core(TM) i5-2520M CPU @ 2.50GHz, 4 cores, 7G,  Windows 10 , 64 bit Build 19041 (10.0.19041.3155)
Time: Mon Jan  8 15:53:02 2024 Közép-európai téli idõ  elapsed time: 0.050888 seconds (0d 0h 0m 0s)

---------------  T H R E A D  ---------------

Current thread (0x000001c1b1c30000):  JavaThread "Unknown thread" [_thread_in_vm, id=14788, stack(0x0000001054800000,0x0000001054900000)]

Stack: [0x0000001054800000,0x0000001054900000]
Native frames: (J=compiled Java code, j=interpreted, Vv=VM code, C=native code)
V  [jvm.dll+0x5fdd0a]
V  [jvm.dll+0x7822a5]
V  [jvm.dll+0x7838bd]
V  [jvm.dll+0x783f73]
V  [jvm.dll+0x245ed8]
V  [jvm.dll+0x5fb104]
V  [jvm.dll+0x5f0065]
V  [jvm.dll+0x302ecb]
V  [jvm.dll+0x302e3a]
V  [jvm.dll+0x302d12]
V  [jvm.dll+0x307c06]
V  [jvm.dll+0x350aa3]
V  [jvm.dll+0x3511a6]
V  [jvm.dll+0x350ba3]
V  [jvm.dll+0x2dca78]
V  [jvm.dll+0x2ddc27]
V  [jvm.dll+0x760907]
V  [jvm.dll+0x76219c]
V  [jvm.dll+0x35e039]
V  [jvm.dll+0x743e8e]
V  [jvm.dll+0x3c69b3]
V  [jvm.dll+0x3c8db1]
C  [jli.dll+0x5373]
C  [ucrtbase.dll+0x21bb2]
C  [KERNEL32.DLL+0x17614]
C  [ntdll.dll+0x526b1]


---------------  P R O C E S S  ---------------

Threads class SMR info:
_java_thread_list=0x000001c1b1b34800, length=0, elements={
}

Java Threads: ( => current thread )

Other Threads:
  0x000001c1b1c49000 GCTaskThread "GC Thread#0" [stack: 0x0000001054900000,0x0000001054a00000] [id=10316]
  0x000001c1b1c79800 ConcurrentGCThread "G1 Main Marker" [stack: 0x0000001054a00000,0x0000001054b00000] [id=5924]
  0x000001c1b1c7c000 ConcurrentGCThread "G1 Conc#0" [stack: 0x0000001054b00000,0x0000001054c00000] [id=3412]

[error occurred during error reporting (printing all threads), id 0xc0000005, EXCEPTION_ACCESS_VIOLATION (0xc0000005) at pc=0x00007ffb1351d047]

VM state:not at safepoint (not fully initialized)

VM Mutex/Monitor currently owned by a thread:  ([mutex/lock_event])
[0x000001c1b1c2b210] Heap_lock - owner thread: 0x000001c1b1c30000

Heap address: 0x0000000081c00000, size: 2020 MB, Compressed Oops mode: Non-zero based: 0x0000000081c00000
Narrow klass base: 0x0000000000000000, Narrow klass shift: 0

GC Heap History (0 events):
No events

Deoptimization events (0 events):
No events

Classes redefined (0 events):
No events

Internal exceptions (0 events):
No events

Events (1 events):
Event: 0.025 Loaded shared library C:\Users\ervin_1nmnhvl\AppData\Local\JetBrains\Toolbox\apps\IDEA-C\ch-0\211.7442.40\jbr\bin\zip.dll


Dynamic libraries:
0x00007ff7decc0000 - 0x00007ff7decca000 	C:\Users\ervin_1nmnhvl\AppData\Local\JetBrains\Toolbox\apps\IDEA-C\ch-0\211.7442.40\jbr\bin\java.exe
0x00007ffb57d50000 - 0x00007ffb57f48000 	C:\WINDOWS\SYSTEM32\ntdll.dll
0x00007ffb56df0000 - 0x00007ffb56eaf000 	C:\WINDOWS\System32\KERNEL32.DLL
0x00007ffb55460000 - 0x00007ffb55756000 	C:\WINDOWS\System32\KERNELBASE.dll
0x00007ffb55cb0000 - 0x00007ffb55db0000 	C:\WINDOWS\System32\ucrtbase.dll
0x00007ffb44fb0000 - 0x00007ffb44fc9000 	C:\Users\ervin_1nmnhvl\AppData\Local\JetBrains\Toolbox\apps\IDEA-C\ch-0\211.7442.40\jbr\bin\jli.dll
0x00007ffb44f90000 - 0x00007ffb44fa7000 	C:\Users\ervin_1nmnhvl\AppData\Local\JetBrains\Toolbox\apps\IDEA-C\ch-0\211.7442.40\jbr\bin\VCRUNTIME140.dll
0x00007ffb57b70000 - 0x00007ffb57d0d000 	C:\WINDOWS\System32\USER32.dll
0x00007ffb55430000 - 0x00007ffb55452000 	C:\WINDOWS\System32\win32u.dll
0x00007ffb35d70000 - 0x00007ffb3600a000 	C:\WINDOWS\WinSxS\amd64_microsoft.windows.common-controls_6595b64144ccf1df_6.0.19041.1110_none_60b5254171f9507e\COMCTL32.dll
0x00007ffb56fb0000 - 0x00007ffb56fdc000 	C:\WINDOWS\System32\GDI32.dll
0x00007ffb56550000 - 0x00007ffb565ee000 	C:\WINDOWS\System32\msvcrt.dll
0x00007ffb55760000 - 0x00007ffb55875000 	C:\WINDOWS\System32\gdi32full.dll
0x00007ffb55880000 - 0x00007ffb5591d000 	C:\WINDOWS\System32\msvcp_win.dll
0x00007ffb55db0000 - 0x00007ffb55de0000 	C:\WINDOWS\System32\IMM32.DLL
0x00007ffb168e0000 - 0x00007ffb1697d000 	C:\Users\ervin_1nmnhvl\AppData\Local\JetBrains\Toolbox\apps\IDEA-C\ch-0\211.7442.40\jbr\bin\msvcp140.dll
0x00007ffb13230000 - 0x00007ffb13d83000 	C:\Users\ervin_1nmnhvl\AppData\Local\JetBrains\Toolbox\apps\IDEA-C\ch-0\211.7442.40\jbr\bin\server\jvm.dll
0x00007ffb57900000 - 0x00007ffb579af000 	C:\WINDOWS\System32\ADVAPI32.dll
0x00007ffb56eb0000 - 0x00007ffb56f4c000 	C:\WINDOWS\System32\sechost.dll
0x00007ffb566c0000 - 0x00007ffb567e6000 	C:\WINDOWS\System32\RPCRT4.dll
0x00007ffb56fe0000 - 0x00007ffb56fe8000 	C:\WINDOWS\System32\PSAPI.DLL
0x00007ffb2f4b0000 - 0x00007ffb2f4b9000 	C:\WINDOWS\SYSTEM32\WSOCK32.dll
0x00007ffb56d80000 - 0x00007ffb56deb000 	C:\WINDOWS\System32\WS2_32.dll
0x00007ffb4dc60000 - 0x00007ffb4dc87000 	C:\WINDOWS\SYSTEM32\WINMM.dll
0x00007ffb4bca0000 - 0x00007ffb4bcaa000 	C:\WINDOWS\SYSTEM32\VERSION.dll
0x00007ffb53940000 - 0x00007ffb53952000 	C:\WINDOWS\SYSTEM32\kernel.appcore.dll
0x00007ffb4f8a0000 - 0x00007ffb4f8b1000 	C:\Users\ervin_1nmnhvl\AppData\Local\JetBrains\Toolbox\apps\IDEA-C\ch-0\211.7442.40\jbr\bin\verify.dll
0x00007ffb49950000 - 0x00007ffb49b34000 	C:\WINDOWS\SYSTEM32\DBGHELP.DLL
0x00007ffb37300000 - 0x00007ffb37334000 	C:\WINDOWS\SYSTEM32\dbgcore.DLL
0x00007ffb55ac0000 - 0x00007ffb55b42000 	C:\WINDOWS\System32\bcryptPrimitives.dll
0x00007ffb450e0000 - 0x00007ffb45109000 	C:\Users\ervin_1nmnhvl\AppData\Local\JetBrains\Toolbox\apps\IDEA-C\ch-0\211.7442.40\jbr\bin\java.dll
0x00007ffb4f7f0000 - 0x00007ffb4f7fb000 	C:\Users\ervin_1nmnhvl\AppData\Local\JetBrains\Toolbox\apps\IDEA-C\ch-0\211.7442.40\jbr\bin\jimage.dll
0x00007ffb4f730000 - 0x00007ffb4f748000 	C:\Users\ervin_1nmnhvl\AppData\Local\JetBrains\Toolbox\apps\IDEA-C\ch-0\211.7442.40\jbr\bin\zip.dll

dbghelp: loaded successfully - version: 4.0.5 - missing functions: none
symbol engine: initialized successfully - sym options: 0x614 - pdb path: .;C:\Users\ervin_1nmnhvl\AppData\Local\JetBrains\Toolbox\apps\IDEA-C\ch-0\211.7442.40\jbr\bin;C:\WINDOWS\SYSTEM32;C:\WINDOWS\WinSxS\amd64_microsoft.windows.common-controls_6595b64144ccf1df_6.0.19041.1110_none_60b5254171f9507e;C:\Users\ervin_1nmnhvl\AppData\Local\JetBrains\Toolbox\apps\IDEA-C\ch-0\211.7442.40\jbr\bin\server

VM Arguments:
java_command: org.jetbrains.git4idea.http.GitAskPassApp Password for 'https://ebabcsany@github.com': 
java_class_path (initial): C:/Users/ervin_1nmnhvl/AppData/Local/JetBrains/Toolbox/apps/IDEA-C/ch-0/211.7442.40/plugins/git4idea/lib/git4idea-rt.jar;C:/Users/ervin_1nmnhvl/AppData/Local/JetBrains/Toolbox/apps/IDEA-C/ch-0/211.7442.40/lib/xmlrpc-2.0.1.jar;C:/Users/ervin_1nmnhvl/AppData/Local/JetBrains/Toolbox/apps/IDEA-C/ch-0/211.7442.40/lib/commons-codec-1.15.jar
Launcher Type: SUN_STANDARD

[Global flags]
     intx CICompilerCount                          = 3                                         {product} {ergonomic}
     uint ConcGCThreads                            = 1                                         {product} {ergonomic}
     uint G1ConcRefinementThreads                  = 4                                         {product} {ergonomic}
   size_t G1HeapRegionSize                         = 1048576                                   {product} {ergonomic}
    uintx GCDrainStackTargetSize                   = 64                                        {product} {ergonomic}
   size_t InitialHeapSize                          = 134217728                                 {product} {ergonomic}
   size_t MarkStackSize                            = 4194304                                   {product} {ergonomic}
   size_t MaxHeapSize                              = 2118123520                                {product} {ergonomic}
   size_t MinHeapDeltaBytes                        = 1048576                                   {product} {ergonomic}
    uintx NonNMethodCodeHeapSize                   = 5830732                                {pd product} {ergonomic}
    uintx NonProfiledCodeHeapSize                  = 122913754                              {pd product} {ergonomic}
    uintx ProfiledCodeHeapSize                     = 122913754                              {pd product} {ergonomic}
    uintx ReservedCodeCacheSize                    = 251658240                              {pd product} {ergonomic}
     bool SegmentedCodeCache                       = true                                      {product} {ergonomic}
     bool UseCompressedClassPointers               = true                                 {lp64_product} {ergonomic}
     bool UseCompressedOops                        = true                                 {lp64_product} {ergonomic}
     bool UseG1GC                                  = true                                      {product} {ergonomic}
     bool UseLargePagesIndividualAllocation        = false                                  {pd product} {ergonomic}

Logging:
Log output configuration:
 #0: stdout all=warning uptime,level,tags
 #1: stderr all=off uptime,level,tags

Environment Variables:
JAVA_HOME=C:\Program Files\Java\jdk-11.0.4
PATH=C:\Program Files\Git\mingw64\libexec\git-core;C:\Program Files\Git\mingw64\bin;C:\Program Files\Git\usr\bin;C:\Users\ervin_1nmnhvl\bin;C:\Program Files\Java\jdk-11.0.4\bin;C:\tools\apache-maven-3.8.1\bin;C:\Program Files\Docker\Docker\Resources\bin;C:\ProgramData\Oracle\Java\javapath;C:\WINDOWS\system32;C:\WINDOWS;C:\WINDOWS\System32\Wbem;C:\WINDOWS\System32\WindowsPowerShell\v1.0;C:\Program Files (x86)\cloudControl;C:\Program Files\Git\cmd;C:\bin;C:\Program Files (x86)\Windows Kits\8.1\Windows Performance Toolkit;C:\Program Files (x86)\PuTTY;C:\Program Files (x86)\Nodist\bin;G:\save\sdk\android\tools;G:\save\sdk\android\platform-tools;C:\boxfuse;C:\Program Files (x86)\Skype\Phone;C:\Program Files (x86)\GtkSharp\2.12\bin;C:\Program Files (x86)\IVI Foundation\VISA\WinNT\Bin;C:\WINDOWS\system32;C:\WINDOWS;C:\WINDOWS\System32\Wbem;C:\WINDOWS\System32\WindowsPowerShell\v1.0;C:\WINDOWS\System32\OpenSSH;C:\Program Files\SafeNet\Authentication\SAC\x64;C:\Program Files\SafeNet\Authentication\SAC\x32;C:\Program Files\Gemalto\Classic Client\BIN;C:\Program Files (x86)\Gemalto\Classic Client\BIN;C:\Program Files\Cloudflare\Cloudflare WARP;C:\Program Files\dotnet;C:\Users\ervin_1nmnhvl\AppData\Local\Microsoft\WindowsApps;C:\Users\ervin_1nmnhvl\AppData\Local\JetBrains\Toolbox\scripts
USERNAME=ervin_1nmnhvl
DISPLAY=:0.0
LC_ALL=en_US.UTF-8
OS=Windows_NT
PROCESSOR_IDENTIFIER=Intel64 Family 6 Model 42 Stepping 7, GenuineIntel



---------------  S Y S T E M  ---------------

OS: Windows 10 , 64 bit Build 19041 (10.0.19041.3155)
OS uptime: 0 days 1:55 hours
Hyper-V role detected

CPU:total 4 (initial active 4) (2 cores per cpu, 2 threads per core) family 6 model 42 stepping 7 microcode 0x2f, cmov, cx8, fxsr, mmx, sse, sse2, sse3, ssse3, sse4.1, sse4.2, popcnt, avx, aes, clmul, ht, tsc, tscinvbit

Memory: 4k page, system-wide physical 8073M (1710M free)
TotalPageFile size 10121M (AvailPageFile size 85M)
current process WorkingSet (physical memory assigned to process): 10M, peak: 10M
current process commit charge ("private bytes"): 51M, peak: 179M

vm_info: Dynamic Code Evolution 64-Bit Server VM (11.0.11+9-b1341.57) for windows-amd64 JRE (11.0.11+9-b1341.57), built on May 17 2021 14:09:08 by "" with MS VC++ 14.0 (VS2015)

END.
