#
# There is insufficient memory for the Java Runtime Environment to continue.
# Native memory allocation (malloc) failed to allocate 410832 bytes for Chunk::new
# Possible reasons:
#   The system is out of physical RAM or swap space
#   The process is running with CompressedOops enabled, and the Java Heap may be blocking the growth of the native heap
# Possible solutions:
#   Reduce memory load on the system
#   Increase physical memory or swap space
#   Check if swap backing store is full
#   Decrease Java heap size (-Xmx/-Xms)
#   Decrease number of Java threads
#   Decrease Java thread stack sizes (-Xss)
#   Set larger code cache with -XX:ReservedCodeCacheSize=
#   JVM is running with Unscaled Compressed Oops mode in which the Java heap is
#     placed in the first 4GB address space. The Java Heap base address is the
#     maximum limit for the native heap growth. Please use -XX:HeapBaseMinAddress
#     to set the Java Heap base and to place the Java Heap above 4GB virtual address.
# This output file may be truncated or incomplete.
#
#  Out of Memory Error (allocation.cpp:389), pid=9420, tid=0x0000000000002af0
#
# JRE version: OpenJDK Runtime Environment (8.0_232-b09) (build 1.8.0_232-b09)
# Java VM: OpenJDK 64-Bit Server VM (25.232-b09 mixed mode windows-amd64 compressed oops)
# Failed to write core dump. Minidumps are not enabled by default on client versions of Windows
#

---------------  T H R E A D  ---------------

Current thread (0x000002bda84dc000):  JavaThread "C2 CompilerThread0" daemon [_thread_in_native, id=10992, stack(0x000000f4ba900000,0x000000f4baa00000)]

Stack: [0x000000f4ba900000,0x000000f4baa00000]
[error occurred during error reporting (printing stack bounds), id 0xc0000005]

Native frames: (J=compiled Java code, j=interpreted, Vv=VM code, C=native code)


Current CompileTask:
C2:  11225 2980  s!   4       sun.misc.URLClassPath::getLoader (243 bytes)


---------------  P R O C E S S  ---------------

Java Threads: ( => current thread )
  0x000002bdab60b000 JavaThread "Keep-Alive-Timer" daemon [_thread_blocked, id=6264, stack(0x000000f4bc100000,0x000000f4bc200000)]
  0x000002bdab602800 JavaThread "Build operations Thread 4" [_thread_blocked, id=10700, stack(0x000000f4bc000000,0x000000f4bc100000)]
  0x000002bdab609800 JavaThread "Build operations Thread 3" [_thread_blocked, id=11028, stack(0x000000f4bbf00000,0x000000f4bc000000)]
  0x000002bdab603800 JavaThread "Build operations Thread 2" [_thread_blocked, id=8456, stack(0x000000f4bbe00000,0x000000f4bbf00000)]
  0x000002bdab605000 JavaThread "Build operations" [_thread_blocked, id=16000, stack(0x000000f4bbd00000,0x000000f4bbe00000)]
  0x000002bdab607000 JavaThread "Cache worker for Artifact transforms cache (C:\Users\ervin_1nmnhvl\.gradle\caches\transforms-1)" [_thread_blocked, id=13272, stack(0x000000f4bbc00000,0x000000f4bbd00000)]
  0x000002bdab604000 JavaThread "Cache worker for cache directory md-rule (C:\Users\ervin_1nmnhvl\.gradle\caches\4.10.3\md-rule)" [_thread_blocked, id=4080, stack(0x000000f4bbb00000,0x000000f4bbc00000)]
  0x000002bdab602000 JavaThread "Cache worker for cache directory md-supplier (C:\Users\ervin_1nmnhvl\.gradle\caches\4.10.3\md-supplier)" [_thread_blocked, id=4616, stack(0x000000f4bba00000,0x000000f4bbb00000)]
  0x000002bda9207000 JavaThread "Cache worker for journal cache (C:\Users\ervin_1nmnhvl\.gradle\caches\journal-1)" [_thread_blocked, id=7388, stack(0x000000f4bb900000,0x000000f4bba00000)]
  0x000002bda9207800 JavaThread "Cache worker for file hash cache (C:\save\modding\ervin_mod_1\.gradle\4.10.3\fileHashes)" [_thread_blocked, id=15808, stack(0x000000f4bb800000,0x000000f4bb900000)]
  0x000002bdaa6ad800 JavaThread "File lock request listener" [_thread_in_native, id=12600, stack(0x000000f4bb700000,0x000000f4bb800000)]
  0x000002bdaa6ac800 JavaThread "Cache worker for file hash cache (C:\Users\ervin_1nmnhvl\.gradle\caches\4.10.3\fileHashes)" [_thread_blocked, id=896, stack(0x000000f4bb600000,0x000000f4bb700000)]
  0x000002bda93b3000 JavaThread "Stdin handler" [_thread_blocked, id=10112, stack(0x000000f4bb500000,0x000000f4bb600000)]
  0x000002bda9284800 JavaThread "Asynchronous log dispatcher for DefaultDaemonConnection: socket connection from /127.0.0.1:51445 to /127.0.0.1:51446" [_thread_blocked, id=2692, stack(0x000000f4bb400000,0x000000f4bb500000)]
  0x000002bda933a800 JavaThread "Daemon worker" [_thread_in_native, id=2912, stack(0x000000f4bb300000,0x000000f4bb400000)]
  0x000002bda93b2000 JavaThread "Cancel handler" [_thread_blocked, id=11624, stack(0x000000f4bb200000,0x000000f4bb300000)]
  0x000002bdaa5d3800 JavaThread "Handler for socket connection from /127.0.0.1:51445 to /127.0.0.1:51446" [_thread_in_native, id=5812, stack(0x000000f4bb100000,0x000000f4bb200000)]
  0x000002bdaa5d2800 JavaThread "Daemon" [_thread_blocked, id=12188, stack(0x000000f4bb000000,0x000000f4bb100000)]
  0x000002bdaa8ad000 JavaThread "Daemon periodic checks" [_thread_blocked, id=6368, stack(0x000000f4baf00000,0x000000f4bb000000)]
  0x000002bdaa5d7000 JavaThread "Incoming local TCP Connector on port 51445" [_thread_in_native, id=4696, stack(0x000000f4bae00000,0x000000f4baf00000)]
  0x000002bda856a800 JavaThread "Service Thread" daemon [_thread_blocked, id=1604, stack(0x000000f4bac00000,0x000000f4bad00000)]
  0x000002bda84ef800 JavaThread "C1 CompilerThread2" daemon [_thread_blocked, id=3580, stack(0x000000f4bab00000,0x000000f4bac00000)]
  0x000002bda84e2000 JavaThread "C2 CompilerThread1" daemon [_thread_in_native, id=7096, stack(0x000000f4baa00000,0x000000f4bab00000)]
=>0x000002bda84dc000 JavaThread "C2 CompilerThread0" daemon [_thread_in_native, id=10992, stack(0x000000f4ba900000,0x000000f4baa00000)]
  0x000002bda84d9800 JavaThread "Attach Listener" daemon [_thread_blocked, id=6988, stack(0x000000f4ba800000,0x000000f4ba900000)]
  0x000002bda84d8800 JavaThread "Signal Dispatcher" daemon [_thread_blocked, id=14488, stack(0x000000f4ba700000,0x000000f4ba800000)]
  0x000002bda7d8c000 JavaThread "Finalizer" daemon [_thread_blocked, id=11328, stack(0x000000f4ba600000,0x000000f4ba700000)]
  0x000002bda7d83800 JavaThread "Reference Handler" daemon [_thread_blocked, id=15556, stack(0x000000f4ba500000,0x000000f4ba600000)]
  0x000002bd940a6000 JavaThread "main" [_thread_blocked, id=8636, stack(0x000000f4b9f00000,0x000000f4ba000000)]

Other Threads:
  0x000002bda8491000 VMThread [stack: 0x000000f4ba400000,0x000000f4ba500000] [id=1320]
  0x000002bda856e800 WatcherThread [stack: 0x000000f4bad00000,0x000000f4bae00000] [id=13268]

VM state:not at safepoint (normal execution)

VM Mutex/Monitor currently owned by a thread: None

heap address: 0x00000000c0000000, size: 1024 MB, Compressed Oops mode: 32-bit
Narrow klass base: 0x0000000000000000, Narrow klass shift: 3
Compressed class space size: 1073741824 Address: 0x0000000100000000

Heap:
 PSYoungGen      total 73216K, used 2337K [0x00000000eab00000, 0x00000000f0c80000, 0x0000000100000000)
  eden space 62464K, 3% used [0x00000000eab00000,0x00000000ead48520,0x00000000ee800000)
  from space 10752K, 0% used [0x00000000ee800000,0x00000000ee800000,0x00000000ef280000)
  to   space 11776K, 0% used [0x00000000f0100000,0x00000000f0100000,0x00000000f0c80000)
 ParOldGen       total 109056K, used 16020K [0x00000000c0000000, 0x00000000c6a80000, 0x00000000eab00000)
  object space 109056K, 14% used [0x00000000c0000000,0x00000000c0fa5358,0x00000000c6a80000)
 Metaspace       used 34892K, capacity 35466K, committed 35672K, reserved 1079296K
  class space    used 4755K, capacity 4977K, committed 4992K, reserved 1048576K

Card table byte_map: [0x000002bda4f20000,0x000002bda5130000] byte_map_base: 0x000002bda4920000

Marking Bits: (ParMarkBitMap*) 0x0000000069a35f70
 Begin Bits: [0x000002bda5290000, 0x000002bda6290000)
 End Bits:   [0x000002bda6290000, 0x000002bda7290000)

Polling page: 0x000002bd942a0000

CodeCache: size=245760Kb used=10548Kb max_used=10850Kb free=235211Kb
 bounds [0x000002bd95b60000, 0x000002bd96610000, 0x000002bda4b60000]
 total_blobs=3529 nmethods=2798 adapters=644
 compilation: enabled

Compilation events (10 events):
Event: 11.214 Thread 0x000002bda84ef800 nmethod 3019 0x000002bd96016a10 code [0x000002bd96016b80, 0x000002bd96016e60]
Event: 11.214 Thread 0x000002bda84ef800 3020       1       com.google.common.collect.LinkedHashMultimap$ValueEntry::getPredecessorInMultimap (5 bytes)
Event: 11.214 Thread 0x000002bda84ef800 nmethod 3020 0x000002bd95f86250 code [0x000002bd95f863a0, 0x000002bd95f864b8]
Event: 11.215 Thread 0x000002bda84ef800 3022       1       org.apache.commons.collections.map.AbstractReferenceMap::access$000 (5 bytes)
Event: 11.215 Thread 0x000002bda84ef800 nmethod 3022 0x000002bd95dd0ad0 code [0x000002bd95dd0c20, 0x000002bd95dd0d18]
Event: 11.215 Thread 0x000002bda84ef800 3023       3       org.gradle.internal.Cast::uncheckedCast (2 bytes)
Event: 11.215 Thread 0x000002bda84ef800 nmethod 3023 0x000002bd95c794d0 code [0x000002bd95c79620, 0x000002bd95c79758]
Event: 11.219 Thread 0x000002bda84ef800 3024       3       java.lang.AbstractStringBuilder::append (50 bytes)
Event: 11.220 Thread 0x000002bda84ef800 nmethod 3024 0x000002bd96015e50 code [0x000002bd96016020, 0x000002bd96016750]
Event: 11.221 Thread 0x000002bda84ef800 3025       3       java.util.regex.Matcher::appendReplacement (571 bytes)

GC Heap History (10 events):
Event: 7.530 GC heap before
{Heap before GC invocations=7 (full 1):
 PSYoungGen      total 38400K, used 33280K [0x00000000eab00000, 0x00000000f0200000, 0x0000000100000000)
  eden space 33280K, 100% used [0x00000000eab00000,0x00000000ecb80000,0x00000000ecb80000)
  from space 5120K, 0% used [0x00000000ecb80000,0x00000000ecb80000,0x00000000ed080000)
  to   space 11264K, 0% used [0x00000000ef700000,0x00000000ef700000,0x00000000f0200000)
 ParOldGen       total 68608K, used 9457K [0x00000000c0000000, 0x00000000c4300000, 0x00000000eab00000)
  object space 68608K, 13% used [0x00000000c0000000,0x00000000c093c798,0x00000000c4300000)
 Metaspace       used 24482K, capacity 24828K, committed 25088K, reserved 1071104K
  class space    used 3335K, capacity 3491K, committed 3584K, reserved 1048576K
Event: 7.537 GC heap after
Heap after GC invocations=7 (full 1):
 PSYoungGen      total 49664K, used 3959K [0x00000000eab00000, 0x00000000efb00000, 0x0000000100000000)
  eden space 45568K, 0% used [0x00000000eab00000,0x00000000eab00000,0x00000000ed780000)
  from space 4096K, 96% used [0x00000000ef700000,0x00000000efaddd88,0x00000000efb00000)
  to   space 11264K, 0% used [0x00000000ee500000,0x00000000ee500000,0x00000000ef000000)
 ParOldGen       total 68608K, used 9465K [0x00000000c0000000, 0x00000000c4300000, 0x00000000eab00000)
  object space 68608K, 13% used [0x00000000c0000000,0x00000000c093e798,0x00000000c4300000)
 Metaspace       used 24482K, capacity 24828K, committed 25088K, reserved 1071104K
  class space    used 3335K, capacity 3491K, committed 3584K, reserved 1048576K
}
Event: 8.321 GC heap before
{Heap before GC invocations=8 (full 1):
 PSYoungGen      total 49664K, used 49527K [0x00000000eab00000, 0x00000000efb00000, 0x0000000100000000)
  eden space 45568K, 100% used [0x00000000eab00000,0x00000000ed780000,0x00000000ed780000)
  from space 4096K, 96% used [0x00000000ef700000,0x00000000efaddd88,0x00000000efb00000)
  to   space 11264K, 0% used [0x00000000ee500000,0x00000000ee500000,0x00000000ef000000)
 ParOldGen       total 68608K, used 9465K [0x00000000c0000000, 0x00000000c4300000, 0x00000000eab00000)
  object space 68608K, 13% used [0x00000000c0000000,0x00000000c093e798,0x00000000c4300000)
 Metaspace       used 27395K, capacity 27904K, committed 28032K, reserved 1073152K
  class space    used 3748K, capacity 3918K, committed 3968K, reserved 1048576K
Event: 8.335 GC heap after
Heap after GC invocations=8 (full 1):
 PSYoungGen      total 70656K, used 6222K [0x00000000eab00000, 0x00000000efc80000, 0x0000000100000000)
  eden space 59392K, 0% used [0x00000000eab00000,0x00000000eab00000,0x00000000ee500000)
  from space 11264K, 55% used [0x00000000ee500000,0x00000000eeb13848,0x00000000ef000000)
  to   space 10240K, 0% used [0x00000000ef280000,0x00000000ef280000,0x00000000efc80000)
 ParOldGen       total 68608K, used 9473K [0x00000000c0000000, 0x00000000c4300000, 0x00000000eab00000)
  object space 68608K, 13% used [0x00000000c0000000,0x00000000c0940798,0x00000000c4300000)
 Metaspace       used 27395K, capacity 27904K, committed 28032K, reserved 1073152K
  class space    used 3748K, capacity 3918K, committed 3968K, reserved 1048576K
}
Event: 9.291 GC heap before
{Heap before GC invocations=9 (full 1):
 PSYoungGen      total 70656K, used 65614K [0x00000000eab00000, 0x00000000efc80000, 0x0000000100000000)
  eden space 59392K, 100% used [0x00000000eab00000,0x00000000ee500000,0x00000000ee500000)
  from space 11264K, 55% used [0x00000000ee500000,0x00000000eeb13848,0x00000000ef000000)
  to   space 10240K, 0% used [0x00000000ef280000,0x00000000ef280000,0x00000000efc80000)
 ParOldGen       total 68608K, used 9473K [0x00000000c0000000, 0x00000000c4300000, 0x00000000eab00000)
  object space 68608K, 13% used [0x00000000c0000000,0x00000000c0940798,0x00000000c4300000)
 Metaspace       used 30336K, capacity 30822K, committed 31104K, reserved 1075200K
  class space    used 4227K, capacity 4399K, committed 4480K, reserved 1048576K
Event: 9.305 GC heap after
Heap after GC invocations=9 (full 1):
 PSYoungGen      total 72704K, used 8471K [0x00000000eab00000, 0x00000000f1000000, 0x0000000100000000)
  eden space 62464K, 0% used [0x00000000eab00000,0x00000000eab00000,0x00000000ee800000)
  from space 10240K, 82% used [0x00000000ef280000,0x00000000efac5d20,0x00000000efc80000)
  to   space 10752K, 0% used [0x00000000ee800000,0x00000000ee800000,0x00000000ef280000)
 ParOldGen       total 68608K, used 9481K [0x00000000c0000000, 0x00000000c4300000, 0x00000000eab00000)
  object space 68608K, 13% used [0x00000000c0000000,0x00000000c0942798,0x00000000c4300000)
 Metaspace       used 30336K, capacity 30822K, committed 31104K, reserved 1075200K
  class space    used 4227K, capacity 4399K, committed 4480K, reserved 1048576K
}
Event: 11.071 GC heap before
{Heap before GC invocations=10 (full 1):
 PSYoungGen      total 72704K, used 34419K [0x00000000eab00000, 0x00000000f1000000, 0x0000000100000000)
  eden space 62464K, 41% used [0x00000000eab00000,0x00000000ec456fd8,0x00000000ee800000)
  from space 10240K, 82% used [0x00000000ef280000,0x00000000efac5d20,0x00000000efc80000)
  to   space 10752K, 0% used [0x00000000ee800000,0x00000000ee800000,0x00000000ef280000)
 ParOldGen       total 68608K, used 9481K [0x00000000c0000000, 0x00000000c4300000, 0x00000000eab00000)
  object space 68608K, 13% used [0x00000000c0000000,0x00000000c0942798,0x00000000c4300000)
 Metaspace       used 34808K, capacity 35398K, committed 35416K, reserved 1079296K
  class space    used 4737K, capacity 4977K, committed 4992K, reserved 1048576K
Event: 11.087 GC heap after
Heap after GC invocations=10 (full 1):
 PSYoungGen      total 73216K, used 9412K [0x00000000eab00000, 0x00000000f0c80000, 0x0000000100000000)
  eden space 62464K, 0% used [0x00000000eab00000,0x00000000eab00000,0x00000000ee800000)
  from space 10752K, 87% used [0x00000000ee800000,0x00000000ef131060,0x00000000ef280000)
  to   space 11776K, 0% used [0x00000000f0100000,0x00000000f0100000,0x00000000f0c80000)
 ParOldGen       total 68608K, used 9489K [0x00000000c0000000, 0x00000000c4300000, 0x00000000eab00000)
  object space 68608K, 13% used [0x00000000c0000000,0x00000000c0944798,0x00000000c4300000)
 Metaspace       used 34808K, capacity 35398K, committed 35416K, reserved 1079296K
  class space    used 4737K, capacity 4977K, committed 4992K, reserved 1048576K
}
Event: 11.087 GC heap before
{Heap before GC invocations=11 (full 2):
 PSYoungGen      total 73216K, used 9412K [0x00000000eab00000, 0x00000000f0c80000, 0x0000000100000000)
  eden space 62464K, 0% used [0x00000000eab00000,0x00000000eab00000,0x00000000ee800000)
  from space 10752K, 87% used [0x00000000ee800000,0x00000000ef131060,0x00000000ef280000)
  to   space 11776K, 0% used [0x00000000f0100000,0x00000000f0100000,0x00000000f0c80000)
 ParOldGen       total 68608K, used 9489K [0x00000000c0000000, 0x00000000c4300000, 0x00000000eab00000)
  object space 68608K, 13% used [0x00000000c0000000,0x00000000c0944798,0x00000000c4300000)
 Metaspace       used 34808K, capacity 35398K, committed 35416K, reserved 1079296K
  class space    used 4737K, capacity 4977K, committed 4992K, reserved 1048576K
Event: 11.184 GC heap after
Heap after GC invocations=11 (full 2):
 PSYoungGen      total 73216K, used 0K [0x00000000eab00000, 0x00000000f0c80000, 0x0000000100000000)
  eden space 62464K, 0% used [0x00000000eab00000,0x00000000eab00000,0x00000000ee800000)
  from space 10752K, 0% used [0x00000000ee800000,0x00000000ee800000,0x00000000ef280000)
  to   space 11776K, 0% used [0x00000000f0100000,0x00000000f0100000,0x00000000f0c80000)
 ParOldGen       total 109056K, used 16020K [0x00000000c0000000, 0x00000000c6a80000, 0x00000000eab00000)
  object space 109056K, 14% used [0x00000000c0000000,0x00000000c0fa5358,0x00000000c6a80000)
 Metaspace       used 34808K, capacity 35398K, committed 35416K, reserved 1079296K
  class space    used 4737K, capacity 4977K, committed 4992K, reserved 1048576K
}

Deoptimization events (10 events):
Event: 10.197 Thread 0x000002bda933a800 Uncommon trap: reason=class_check action=maybe_recompile pc=0x000002bd95c888c0 method=java.io.BufferedInputStream.read1([BII)I @ 39
Event: 10.387 Thread 0x000002bda933a800 Uncommon trap: reason=unstable_if action=reinterpret pc=0x000002bd9600fb3c method=java.lang.CharacterDataLatin1.isWhitespace(I)Z @ 14
Event: 10.400 Thread 0x000002bda933a800 Uncommon trap: reason=unstable_if action=reinterpret pc=0x000002bd95d866fc method=java.lang.String.indexOf([CII[CIII)I @ 27
Event: 10.512 Thread 0x000002bda933a800 Uncommon trap: reason=class_check action=maybe_recompile pc=0x000002bd96599a68 method=sun.security.util.math.intpoly.IntegerPolynomial$MutableElement.setSum(Lsun/security/util/math/IntegerModuloP;)Lsun/security/util/math/intpoly/IntegerPolynomial$MutableE
Event: 10.512 Thread 0x000002bda933a800 Uncommon trap: reason=class_check action=maybe_recompile pc=0x000002bd96599a68 method=sun.security.util.math.intpoly.IntegerPolynomial$MutableElement.setSum(Lsun/security/util/math/IntegerModuloP;)Lsun/security/util/math/intpoly/IntegerPolynomial$MutableE
Event: 10.513 Thread 0x000002bda933a800 Uncommon trap: reason=class_check action=maybe_recompile pc=0x000002bd96599a68 method=sun.security.util.math.intpoly.IntegerPolynomial$MutableElement.setSum(Lsun/security/util/math/IntegerModuloP;)Lsun/security/util/math/intpoly/IntegerPolynomial$MutableE
Event: 10.513 Thread 0x000002bda933a800 Uncommon trap: reason=class_check action=maybe_recompile pc=0x000002bd96599a68 method=sun.security.util.math.intpoly.IntegerPolynomial$MutableElement.setSum(Lsun/security/util/math/IntegerModuloP;)Lsun/security/util/math/intpoly/IntegerPolynomial$MutableE
Event: 10.575 Thread 0x000002bda933a800 Uncommon trap: reason=unstable_if action=reinterpret pc=0x000002bd96564330 method=java.util.Arrays.equals([B[B)Z @ 12
Event: 10.933 Thread 0x000002bda933a800 Uncommon trap: reason=predicate action=maybe_recompile pc=0x000002bd965b0490 method=java.util.regex.Pattern$SliceI.match(Ljava/util/regex/Matcher;ILjava/lang/CharSequence;)Z @ 21
Event: 10.991 Thread 0x000002bda933a800 Uncommon trap: reason=range_check action=make_not_entrant pc=0x000002bd964756e4 method=java.lang.String.charAt(I)C @ 27

Classes redefined (0 events):
No events

Internal exceptions (10 events):
Event: 9.516 Thread 0x000002bda933a800 Exception <a 'java/lang/ClassNotFoundException': org/gradle/api/internal/plugins/DefaultObjectConfigurationActionBeanInfo> (0x00000000eb035888) thrown at [C:\cygwin64\tmp\openjdk-jdk8u-windows-x64-hotspot\workspace\build\src\hotspot\src\share\vm\classfile
Event: 9.517 Thread 0x000002bda933a800 Exception <a 'java/lang/ClassNotFoundException': org/gradle/api/internal/plugins/DefaultObjectConfigurationActionCustomizer> (0x00000000eb06a620) thrown at [C:\cygwin64\tmp\openjdk-jdk8u-windows-x64-hotspot\workspace\build\src\hotspot\src\share\vm\classfi
Event: 9.631 Thread 0x000002bda933a800 Implicit null exception at 0x000002bd963de0f4 to 0x000002bd963e0621
Event: 10.575 Thread 0x000002bda933a800 Implicit null exception at 0x000002bd965641d8 to 0x000002bd9656431d
Event: 10.997 Thread 0x000002bda933a800 Exception <a 'java/lang/ClassNotFoundException': net/minecraftforge/gradle/userdev/UserDevExtension_DecoratedBeanInfo> (0x00000000ec035d58) thrown at [C:\cygwin64\tmp\openjdk-jdk8u-windows-x64-hotspot\workspace\build\src\hotspot\src\share\vm\classfile\sys
Event: 10.997 Thread 0x000002bda933a800 Exception <a 'java/lang/ClassNotFoundException': net/minecraftforge/gradle/userdev/UserDevExtensionBeanInfo> (0x00000000ec040ed8) thrown at [C:\cygwin64\tmp\openjdk-jdk8u-windows-x64-hotspot\workspace\build\src\hotspot\src\share\vm\classfile\systemDiction
Event: 10.998 Thread 0x000002bda933a800 Exception <a 'java/lang/ClassNotFoundException': net/minecraftforge/gradle/common/util/MinecraftExtensionBeanInfo> (0x00000000ec04c9f8) thrown at [C:\cygwin64\tmp\openjdk-jdk8u-windows-x64-hotspot\workspace\build\src\hotspot\src\share\vm\classfile\systemD
Event: 10.999 Thread 0x000002bda933a800 Exception <a 'java/lang/ClassNotFoundException': net/minecraftforge/gradle/common/util/MinecraftExtensionCustomizer> (0x00000000ec058538) thrown at [C:\cygwin64\tmp\openjdk-jdk8u-windows-x64-hotspot\workspace\build\src\hotspot\src\share\vm\classfile\syste
Event: 11.002 Thread 0x000002bda933a800 Exception <a 'java/lang/ClassNotFoundException': net/minecraftforge/gradle/userdev/UserDevExtensionCustomizer> (0x00000000ec089f30) thrown at [C:\cygwin64\tmp\openjdk-jdk8u-windows-x64-hotspot\workspace\build\src\hotspot\src\share\vm\classfile\systemDicti
Event: 11.007 Thread 0x000002bda933a800 Exception <a 'java/lang/ClassNotFoundException': net/minecraftforge/gradle/userdev/UserDevExtension_DecoratedCustomizer> (0x00000000ec09cfe0) thrown at [C:\cygwin64\tmp\openjdk-jdk8u-windows-x64-hotspot\workspace\build\src\hotspot\src\share\vm\classfile\s

Events (10 events):
Event: 11.209 Thread 0x000002bda84ef800 flushing nmethod 0x000002bd96015c50
Event: 11.209 Thread 0x000002bda84ef800 flushing nmethod 0x000002bd9601add0
Event: 11.213 Thread 0x000002bda84ef800 flushing nmethod 0x000002bd960c3310
Event: 11.213 Thread 0x000002bda84ef800 flushing nmethod 0x000002bd960f9890
Event: 11.215 loading class org/gradle/api/plugins/BasePlugin$2
Event: 11.215 loading class org/gradle/api/plugins/BasePlugin$2 done
Event: 11.217 loading class org/gradle/internal/Actions$FilteredAction
Event: 11.217 loading class org/gradle/internal/Actions$FilteredAction done
Event: 11.218 loading class org/gradle/api/internal/plugins/DefaultArtifactPublicationSet
Event: 11.218 loading class org/gradle/api/internal/plugins/DefaultArtifactPublicationSet done


Dynamic libraries:
0x00007ff768650000 - 0x00007ff76868a000 	C:\Users\ervin_1nmnhvl\.jdks\adopt-openjdk-1.8.0_232\bin\java.exe
0x00007ffb3e160000 - 0x00007ffb3e350000 	C:\WINDOWS\SYSTEM32\ntdll.dll
0x00007ffb3ddb0000 - 0x00007ffb3de62000 	C:\WINDOWS\System32\KERNEL32.DLL
0x00007ffb3bd70000 - 0x00007ffb3c013000 	C:\WINDOWS\System32\KERNELBASE.dll
0x00007ffb3dd00000 - 0x00007ffb3dda3000 	C:\WINDOWS\System32\ADVAPI32.dll
0x00007ffb3d630000 - 0x00007ffb3d6ce000 	C:\WINDOWS\System32\msvcrt.dll
0x00007ffb3dee0000 - 0x00007ffb3df77000 	C:\WINDOWS\System32\sechost.dll
0x00007ffb3c610000 - 0x00007ffb3c730000 	C:\WINDOWS\System32\RPCRT4.dll
0x00007ffb3df80000 - 0x00007ffb3e114000 	C:\WINDOWS\System32\USER32.dll
0x00007ffb3bd10000 - 0x00007ffb3bd31000 	C:\WINDOWS\System32\win32u.dll
0x00007ffb3d290000 - 0x00007ffb3d2b6000 	C:\WINDOWS\System32\GDI32.dll
0x00007ffb3c020000 - 0x00007ffb3c1b4000 	C:\WINDOWS\System32\gdi32full.dll
0x00007ffb3b9f0000 - 0x00007ffb3ba8e000 	C:\WINDOWS\System32\msvcp_win.dll
0x00007ffb3b150000 - 0x00007ffb3b24a000 	C:\WINDOWS\System32\ucrtbase.dll
0x00007ffb23f40000 - 0x00007ffb241c5000 	C:\WINDOWS\WinSxS\amd64_microsoft.windows.common-controls_6595b64144ccf1df_6.0.18362.778_none_e6c6b761130d4fb8\COMCTL32.dll
0x00007ffb3d6d0000 - 0x00007ffb3da06000 	C:\WINDOWS\System32\combase.dll
0x00007ffb3ba90000 - 0x00007ffb3bb10000 	C:\WINDOWS\System32\bcryptPrimitives.dll
0x00007ffb3dbe0000 - 0x00007ffb3dc0e000 	C:\WINDOWS\System32\IMM32.DLL
0x00007ffb0be00000 - 0x00007ffb0beef000 	C:\Users\ervin_1nmnhvl\.jdks\adopt-openjdk-1.8.0_232\jre\bin\msvcr120.dll
0x00007ffb07fd0000 - 0x00007ffb08076000 	C:\Users\ervin_1nmnhvl\.jdks\adopt-openjdk-1.8.0_232\jre\bin\msvcp120.dll
0x00000000692b0000 - 0x0000000069aaf000 	C:\Users\ervin_1nmnhvl\.jdks\adopt-openjdk-1.8.0_232\jre\bin\server\jvm.dll
0x00007ffb3da90000 - 0x00007ffb3da98000 	C:\WINDOWS\System32\PSAPI.DLL
0x00007ffb33020000 - 0x00007ffb3302a000 	C:\WINDOWS\SYSTEM32\VERSION.dll
0x00007ffb20450000 - 0x00007ffb20459000 	C:\WINDOWS\SYSTEM32\WSOCK32.dll
0x00007ffb37940000 - 0x00007ffb37964000 	C:\WINDOWS\SYSTEM32\WINMM.dll
0x00007ffb3c5a0000 - 0x00007ffb3c60f000 	C:\WINDOWS\System32\WS2_32.dll
0x00007ffb37910000 - 0x00007ffb3793d000 	C:\WINDOWS\SYSTEM32\WINMMBASE.dll
0x00007ffb3c1c0000 - 0x00007ffb3c20a000 	C:\WINDOWS\System32\cfgmgr32.dll
0x00007ffb37a20000 - 0x00007ffb37a2f000 	C:\Users\ervin_1nmnhvl\.jdks\adopt-openjdk-1.8.0_232\jre\bin\verify.dll
0x00007ffb35a30000 - 0x00007ffb35a58000 	C:\Users\ervin_1nmnhvl\.jdks\adopt-openjdk-1.8.0_232\jre\bin\java.dll
0x00007ffb32e60000 - 0x00007ffb32e76000 	C:\Users\ervin_1nmnhvl\.jdks\adopt-openjdk-1.8.0_232\jre\bin\zip.dll
0x00007ffb3cba0000 - 0x00007ffb3d285000 	C:\WINDOWS\System32\SHELL32.dll
0x00007ffb3c390000 - 0x00007ffb3c439000 	C:\WINDOWS\System32\shcore.dll
0x00007ffb3b250000 - 0x00007ffb3b9d0000 	C:\WINDOWS\System32\windows.storage.dll
0x00007ffb3b030000 - 0x00007ffb3b053000 	C:\WINDOWS\System32\profapi.dll
0x00007ffb3b060000 - 0x00007ffb3b0aa000 	C:\WINDOWS\System32\powrprof.dll
0x00007ffb3b020000 - 0x00007ffb3b030000 	C:\WINDOWS\System32\UMPDC.dll
0x00007ffb3d5d0000 - 0x00007ffb3d622000 	C:\WINDOWS\System32\shlwapi.dll
0x00007ffb3b0d0000 - 0x00007ffb3b0e1000 	C:\WINDOWS\System32\kernel.appcore.dll
0x00007ffb3b9d0000 - 0x00007ffb3b9e7000 	C:\WINDOWS\System32\cryptsp.dll
0x00007ffb25fe0000 - 0x00007ffb25ffa000 	C:\Users\ervin_1nmnhvl\.jdks\adopt-openjdk-1.8.0_232\jre\bin\net.dll
0x00007ffb3a7e0000 - 0x00007ffb3a847000 	C:\WINDOWS\system32\mswsock.dll
0x00007ffb1d560000 - 0x00007ffb1d572000 	C:\Users\ervin_1nmnhvl\.jdks\adopt-openjdk-1.8.0_232\jre\bin\nio.dll
0x00007ffb37690000 - 0x00007ffb376ae000 	C:\Users\ervin_1nmnhvl\.gradle\native\25\windows-amd64\native-platform.dll
0x00007ffb37740000 - 0x00007ffb3774d000 	C:\Users\ervin_1nmnhvl\.jdks\adopt-openjdk-1.8.0_232\jre\bin\management.dll
0x00007ffb3a0f0000 - 0x00007ffb3a123000 	C:\WINDOWS\system32\rsaenh.dll
0x00007ffb3bd40000 - 0x00007ffb3bd66000 	C:\WINDOWS\System32\bcrypt.dll
0x00007ffb3af40000 - 0x00007ffb3af65000 	C:\WINDOWS\SYSTEM32\USERENV.dll
0x00007ffb3a960000 - 0x00007ffb3a96c000 	C:\WINDOWS\SYSTEM32\CRYPTBASE.dll
0x00007ffb3a500000 - 0x00007ffb3a53a000 	C:\WINDOWS\SYSTEM32\IPHLPAPI.DLL
0x00007ffb3dce0000 - 0x00007ffb3dce8000 	C:\WINDOWS\System32\NSI.dll
0x00007ffb30930000 - 0x00007ffb30946000 	C:\WINDOWS\SYSTEM32\dhcpcsvc6.DLL
0x00007ffb30910000 - 0x00007ffb3092c000 	C:\WINDOWS\SYSTEM32\dhcpcsvc.DLL
0x00007ffb3a540000 - 0x00007ffb3a60a000 	C:\WINDOWS\SYSTEM32\DNSAPI.dll
0x00007ffb1c540000 - 0x00007ffb1c563000 	C:\Users\ervin_1nmnhvl\.jdks\adopt-openjdk-1.8.0_232\jre\bin\sunec.dll
0x00007ffb32e50000 - 0x00007ffb32e5b000 	C:\Users\ervin_1nmnhvl\.jdks\adopt-openjdk-1.8.0_232\jre\bin\sunmscapi.dll
0x00007ffb3bb10000 - 0x00007ffb3bc59000 	C:\WINDOWS\System32\CRYPT32.dll
0x00007ffb3b0b0000 - 0x00007ffb3b0c2000 	C:\WINDOWS\System32\MSASN1.dll
0x00007ffb2d590000 - 0x00007ffb2d59a000 	C:\Windows\System32\rasadhlp.dll
0x00007ffb30010000 - 0x00007ffb30087000 	C:\WINDOWS\System32\fwpuclnt.dll

VM Arguments:
jvm_args: -XX:+HeapDumpOnOutOfMemoryError -Xmx1024m -Dfile.encoding=windows-1250 -Duser.country=HU -Duser.language=hu -Duser.variant 
java_command: org.gradle.launcher.daemon.bootstrap.GradleDaemon 4.10.3
java_class_path (initial): C:\Users\ervin_1nmnhvl\.gradle\wrapper\dists\gradle-4.10.3-bin\31t79e2qsceia4mkbojplrgx\gradle-4.10.3\lib\gradle-launcher-4.10.3.jar
Launcher Type: SUN_STANDARD

Environment Variables:
JAVA_HOME=C:\Program Files\Java\jdk-11.0.4
PATH=C:\Program Files\Docker\Docker\Resources\bin;C:\ProgramData\Oracle\Java\javapath;C:\WINDOWS\system32;C:\WINDOWS;C:\WINDOWS\System32\Wbem;C:\WINDOWS\System32\WindowsPowerShell\v1.0\;C:\Program Files (x86)\cloudControl;C:\Program Files\Git\cmd;C:\bin;C:\Program Files (x86)\Windows Kits\8.1\Windows Performance Toolkit\;C:\Program Files (x86)\PuTTY\;C:\Program Files (x86)\Nodist\bin;G:\save\sdk\android\tools;G:\save\sdk\android\platform-tools;C:\boxfuse;C:\Program Files (x86)\Skype\Phone\;C:\Program Files (x86)\GtkSharp\2.12\bin;C:\Program Files (x86)\IVI Foundation\VISA\WinNT\Bin;C:\WINDOWS\system32;C:\WINDOWS;C:\WINDOWS\System32\Wbem;C:\WINDOWS\System32\WindowsPowerShell\v1.0\;;C:\WINDOWS\System32\OpenSSH\;C:\Users\ervin_1nmnhvl\AppData\Local\Microsoft\WindowsApps;
USERNAME=ervin_1nmnhvl
OS=Windows_NT
PROCESSOR_IDENTIFIER=Intel64 Family 6 Model 42 Stepping 7, GenuineIntel



---------------  S Y S T E M  ---------------

OS: Windows 10.0 , 64 bit Build 18362 (10.0.18362.778)

CPU:total 4 (initial active 4) (2 cores per cpu, 2 threads per core) family 6 model 42 stepping 7, cmov, cx8, fxsr, mmx, sse, sse2, sse3, ssse3, sse4.1, sse4.2, popcnt, avx, aes, clmul, ht, tsc, tscinvbit

Memory: 4k page, physical 8266764k(1356448k free), swap 10363916k(3260k free)

vm_info: OpenJDK 64-Bit Server VM (25.232-b09) for windows-amd64 JRE (1.8.0_232-b09), built on Oct 18 2019 15:06:13 by "jenkins" with MS VC++ 12.0 (VS2013)

time: Thu May 07 15:09:19 2020
timezone: Közép-európai nyári ido 
elapsed time: 11 seconds (0d 0h 0m 11s)

