#
# There is insufficient memory for the Java Runtime Environment to continue.
# Native memory allocation (mmap) failed to map 134217728 bytes for Failed to commit area from 0x0000000081c00000 to 0x0000000089c00000 of length 134217728.
# Possible reasons:
#   The system is out of physical RAM or swap space
#   The process is running with CompressedOops enabled, and the Java Heap may be blocking the growth of the native heap
# Possible solutions:
#   Reduce memory load on the system
#   Increase physical memory or swap space
#   Check if swap backing store is full
#   Decrease Java heap size (-Xmx/-Xms)
#   Decrease number of Java threads
#   Decrease Java thread stack sizes (-Xss)
#   Set larger code cache with -XX:ReservedCodeCacheSize=
# This output file may be truncated or incomplete.
#
#  Out of Memory Error (c:/BuildAgent/work/1eae4dac1d648407/src/hotspot/os/windows/os_windows.cpp:3296), pid=3208, tid=15224
#
# JRE version:  (11.0.6+8) (build )
# Java VM: OpenJDK 64-Bit Server VM (11.0.6+8-b765.25, mixed mode, sharing, tiered, compressed oops, g1 gc, windows-amd64)
# No core dump will be written. Minidumps are not enabled by default on client versions of Windows
#

---------------  S U M M A R Y ------------

Command Line: org.jetbrains.git4idea.http.GitAskPassApp Username for 'https://github.com': 

Host: Intel(R) Core(TM) i5-2520M CPU @ 2.50GHz, 4 cores, 7G,  Windows 10 , 64 bit Build 18362 (10.0.18362.778)
Time: Sat Apr 25 15:04:07 2020 Közép-európai nyári ido  elapsed time: 0 seconds (0d 0h 0m 0s)

---------------  T H R E A D  ---------------

Current thread (0x000001d15338a000):  JavaThread "Unknown thread" [_thread_in_vm, id=15224, stack(0x000000052fc00000,0x000000052fd00000)]

Stack: [0x000000052fc00000,0x000000052fd00000]
Native frames: (J=compiled Java code, j=interpreted, Vv=VM code, C=native code)
V  [jvm.dll+0x5de3ca]
V  [jvm.dll+0x710ae5]
V  [jvm.dll+0x712005]
V  [jvm.dll+0x7126b3]
V  [jvm.dll+0x23e708]
V  [jvm.dll+0x5db874]
V  [jvm.dll+0x5d0aa5]
V  [jvm.dll+0x2fb0fb]
V  [jvm.dll+0x2fb06a]
V  [jvm.dll+0x2faf42]
V  [jvm.dll+0x2ffe16]
V  [jvm.dll+0x348723]
V  [jvm.dll+0x348e26]
V  [jvm.dll+0x348823]
V  [jvm.dll+0x2d58a8]
V  [jvm.dll+0x2d6a47]
V  [jvm.dll+0x6ef917]
V  [jvm.dll+0x6f110c]
V  [jvm.dll+0x355d69]
V  [jvm.dll+0x6d4afe]
V  [jvm.dll+0x3bf3d3]
V  [jvm.dll+0x3c1921]
C  [jli.dll+0x5363]
C  [ucrtbase.dll+0x20e72]
C  [KERNEL32.DLL+0x17bd4]
C  [ntdll.dll+0x6ce51]


---------------  P R O C E S S  ---------------

Threads class SMR info:
_java_thread_list=0x000001d1532b47f0, length=0, elements={
}

Java Threads: ( => current thread )

Other Threads:
  0x000001d155374000 GCTaskThread "GC Thread#0" [stack: 0x000000052fd00000,0x000000052fe00000] [id=12560]
  0x000001d1553a3800 ConcurrentGCThread "G1 Main Marker" [stack: 0x000000052fe00000,0x000000052ff00000] [id=14064]
  0x000001d1553a5000 ConcurrentGCThread "G1 Conc#0" [stack: 0x000000052ff00000,0x0000000530000000] [id=12892]

[error occurred during error reporting (printing all threads), id 0xc0000005, EXCEPTION_ACCESS_VIOLATION (0xc0000005) at pc=0x00007ffc8f086227]

VM state:not at safepoint (not fully initialized)

VM Mutex/Monitor currently owned by a thread:  ([mutex/lock_event])
[0x000001d15535ee40] Heap_lock - owner thread: 0x000001d15338a000

Heap address: 0x0000000081c00000, size: 2020 MB, Compressed Oops mode: Non-zero based: 0x0000000081c00000
Narrow klass base: 0x0000000000000000, Narrow klass shift: 0

GC Heap History (0 events):
No events

Deoptimization events (0 events):
No events

Classes redefined (0 events):
No events

Internal exceptions (0 events):
No events

Events (2 events):
Event: 0.017 Loaded shared library C:\Users\ervin_1nmnhvl\AppData\Local\JetBrains\Toolbox\apps\IDEA-U\ch-0\201.6668.121\jbr\bin\zip.dll
Event: 0.018 Loaded shared library C:\Users\ervin_1nmnhvl\AppData\Local\JetBrains\Toolbox\apps\IDEA-U\ch-0\201.6668.121\jbr\bin\jimage.dll


Dynamic libraries:
0x00007ff65e970000 - 0x00007ff65e97a000 	C:\Users\ervin_1nmnhvl\AppData\Local\JetBrains\Toolbox\apps\IDEA-U\ch-0\201.6668.121\jbr\bin\java.exe
0x00007ffcc7f40000 - 0x00007ffcc8130000 	C:\WINDOWS\SYSTEM32\ntdll.dll
0x00007ffcc7ad0000 - 0x00007ffcc7b82000 	C:\WINDOWS\System32\KERNEL32.DLL
0x00007ffcc5be0000 - 0x00007ffcc5e83000 	C:\WINDOWS\System32\KERNELBASE.dll
0x00007ffcc5940000 - 0x00007ffcc5a3a000 	C:\WINDOWS\System32\ucrtbase.dll
0x00007ffcc27e0000 - 0x00007ffcc27f9000 	C:\Users\ervin_1nmnhvl\AppData\Local\JetBrains\Toolbox\apps\IDEA-U\ch-0\201.6668.121\jbr\bin\jli.dll
0x00007ffcc1710000 - 0x00007ffcc1727000 	C:\Users\ervin_1nmnhvl\AppData\Local\JetBrains\Toolbox\apps\IDEA-U\ch-0\201.6668.121\jbr\bin\VCRUNTIME140.dll
0x00007ffcc7590000 - 0x00007ffcc7724000 	C:\WINDOWS\System32\USER32.dll
0x00007ffcc5e90000 - 0x00007ffcc5eb1000 	C:\WINDOWS\System32\win32u.dll
0x00007ffcc6240000 - 0x00007ffcc6266000 	C:\WINDOWS\System32\GDI32.dll
0x00007ffcc4fd0000 - 0x00007ffcc5164000 	C:\WINDOWS\System32\gdi32full.dll
0x00007ffcc4ed0000 - 0x00007ffcc4f6e000 	C:\WINDOWS\System32\msvcp_win.dll
0x00007ffcb10e0000 - 0x00007ffcb1365000 	C:\WINDOWS\WinSxS\amd64_microsoft.windows.common-controls_6595b64144ccf1df_6.0.18362.778_none_e6c6b761130d4fb8\COMCTL32.dll
0x00007ffcc6500000 - 0x00007ffcc659e000 	C:\WINDOWS\System32\msvcrt.dll
0x00007ffcc7730000 - 0x00007ffcc7a66000 	C:\WINDOWS\System32\combase.dll
0x00007ffcc62f0000 - 0x00007ffcc6410000 	C:\WINDOWS\System32\RPCRT4.dll
0x00007ffcc5f70000 - 0x00007ffcc5ff0000 	C:\WINDOWS\System32\bcryptPrimitives.dll
0x00007ffcc7450000 - 0x00007ffcc747e000 	C:\WINDOWS\System32\IMM32.DLL
0x00007ffcb45c0000 - 0x00007ffcb465d000 	C:\Users\ervin_1nmnhvl\AppData\Local\JetBrains\Toolbox\apps\IDEA-U\ch-0\201.6668.121\jbr\bin\msvcp140.dll
0x00007ffc8eda0000 - 0x00007ffc8f85d000 	C:\Users\ervin_1nmnhvl\AppData\Local\JetBrains\Toolbox\apps\IDEA-U\ch-0\201.6668.121\jbr\bin\server\jvm.dll
0x00007ffcc7210000 - 0x00007ffcc72b3000 	C:\WINDOWS\System32\ADVAPI32.dll
0x00007ffcc7100000 - 0x00007ffcc7197000 	C:\WINDOWS\System32\sechost.dll
0x00007ffcc7330000 - 0x00007ffcc7338000 	C:\WINDOWS\System32\PSAPI.DLL
0x00007ffcaca00000 - 0x00007ffcaca09000 	C:\WINDOWS\SYSTEM32\WSOCK32.dll
0x00007ffcc72c0000 - 0x00007ffcc732f000 	C:\WINDOWS\System32\WS2_32.dll
0x00007ffcc10a0000 - 0x00007ffcc10c4000 	C:\WINDOWS\SYSTEM32\WINMM.dll
0x00007ffcbec70000 - 0x00007ffcbec7a000 	C:\WINDOWS\SYSTEM32\VERSION.dll
0x00007ffcc0ec0000 - 0x00007ffcc0eed000 	C:\WINDOWS\SYSTEM32\winmmbase.dll
0x00007ffcc5a40000 - 0x00007ffcc5a8a000 	C:\WINDOWS\System32\cfgmgr32.dll
0x00007ffcc4e10000 - 0x00007ffcc4e21000 	C:\WINDOWS\System32\kernel.appcore.dll
0x00007ffcc29b0000 - 0x00007ffcc29c1000 	C:\Users\ervin_1nmnhvl\AppData\Local\JetBrains\Toolbox\apps\IDEA-U\ch-0\201.6668.121\jbr\bin\verify.dll
0x00007ffcac180000 - 0x00007ffcac374000 	C:\WINDOWS\SYSTEM32\DBGHELP.DLL
0x00007ffca9960000 - 0x00007ffca998a000 	C:\WINDOWS\SYSTEM32\dbgcore.DLL
0x00007ffcc2860000 - 0x00007ffcc2889000 	C:\Users\ervin_1nmnhvl\AppData\Local\JetBrains\Toolbox\apps\IDEA-U\ch-0\201.6668.121\jbr\bin\java.dll
0x00007ffcc28e0000 - 0x00007ffcc28f8000 	C:\Users\ervin_1nmnhvl\AppData\Local\JetBrains\Toolbox\apps\IDEA-U\ch-0\201.6668.121\jbr\bin\zip.dll
0x00007ffcc2bb0000 - 0x00007ffcc2bbb000 	C:\Users\ervin_1nmnhvl\AppData\Local\JetBrains\Toolbox\apps\IDEA-U\ch-0\201.6668.121\jbr\bin\jimage.dll

dbghelp: loaded successfully - version: 4.0.5 - missing functions: none
symbol engine: initialized successfully - sym options: 0x614 - pdb path: .;C:\Users\ervin_1nmnhvl\AppData\Local\JetBrains\Toolbox\apps\IDEA-U\ch-0\201.6668.121\jbr\bin;C:\WINDOWS\SYSTEM32;C:\WINDOWS\WinSxS\amd64_microsoft.windows.common-controls_6595b64144ccf1df_6.0.18362.778_none_e6c6b761130d4fb8;C:\Users\ervin_1nmnhvl\AppData\Local\JetBrains\Toolbox\apps\IDEA-U\ch-0\201.6668.121\jbr\bin\server

VM Arguments:
java_command: org.jetbrains.git4idea.http.GitAskPassApp Username for 'https://github.com': 
java_class_path (initial): C:/Users/ervin_1nmnhvl/AppData/Local/JetBrains/Toolbox/apps/IDEA-U/ch-0/201.6668.121/plugins/git4idea/lib/git4idea-rt.jar;C:/Users/ervin_1nmnhvl/AppData/Local/JetBrains/Toolbox/apps/IDEA-U/ch-0/201.6668.121/lib/xmlrpc-2.0.1.jar;C:/Users/ervin_1nmnhvl/AppData/Local/JetBrains/Toolbox/apps/IDEA-U/ch-0/201.6668.121/lib/commons-codec-1.14.jar;C:/Users/ervin_1nmnhvl/AppData/Local/JetBrains/Toolbox/apps/IDEA-U/ch-0/201.6668.121/lib/util.jar
Launcher Type: SUN_STANDARD

[Global flags]
     intx CICompilerCount                          = 3                                         {product} {ergonomic}
     uint ConcGCThreads                            = 1                                         {product} {ergonomic}
     uint G1ConcRefinementThreads                  = 4                                         {product} {ergonomic}
   size_t G1HeapRegionSize                         = 1048576                                   {product} {ergonomic}
    uintx GCDrainStackTargetSize                   = 64                                        {product} {ergonomic}
   size_t InitialHeapSize                          = 134217728                                 {product} {ergonomic}
   size_t MarkStackSize                            = 4194304                                   {product} {ergonomic}
   size_t MaxHeapSize                              = 2118123520                                {product} {ergonomic}
   size_t MinHeapDeltaBytes                        = 1048576                                   {product} {ergonomic}
    uintx NonNMethodCodeHeapSize                   = 5830732                                {pd product} {ergonomic}
    uintx NonProfiledCodeHeapSize                  = 122913754                              {pd product} {ergonomic}
    uintx ProfiledCodeHeapSize                     = 122913754                              {pd product} {ergonomic}
    uintx ReservedCodeCacheSize                    = 251658240                              {pd product} {ergonomic}
     bool SegmentedCodeCache                       = true                                      {product} {ergonomic}
     bool UseCompressedClassPointers               = true                                 {lp64_product} {ergonomic}
     bool UseCompressedOops                        = true                                 {lp64_product} {ergonomic}
     bool UseG1GC                                  = true                                      {product} {ergonomic}
     bool UseLargePagesIndividualAllocation        = false                                  {pd product} {ergonomic}

Logging:
Log output configuration:
 #0: stdout all=warning uptime,level,tags
 #1: stderr all=off uptime,level,tags

Environment Variables:
JAVA_HOME=C:\Program Files\Java\jdk-11.0.4
PATH=C:\Program Files\Git\mingw64\libexec\git-core;C:\Program Files\Git\mingw64\bin;C:\Program Files\Git\usr\bin;C:\Users\ervin_1nmnhvl\bin;C:\Program Files\Docker\Docker\Resources\bin;C:\ProgramData\Oracle\Java\javapath;C:\WINDOWS\system32;C:\WINDOWS;C:\WINDOWS\System32\Wbem;C:\WINDOWS\System32\WindowsPowerShell\v1.0;C:\Program Files (x86)\cloudControl;C:\Program Files\Git\cmd;C:\bin;C:\Program Files (x86)\Windows Kits\8.1\Windows Performance Toolkit;C:\Program Files (x86)\PuTTY;C:\Program Files (x86)\Nodist\bin;G:\save\sdk\android\tools;G:\save\sdk\android\platform-tools;C:\boxfuse;C:\Program Files (x86)\Skype\Phone;C:\Program Files (x86)\GtkSharp\2.12\bin;C:\Program Files (x86)\IVI Foundation\VISA\WinNT\Bin;C:\WINDOWS\system32;C:\WINDOWS;C:\WINDOWS\System32\Wbem;C:\WINDOWS\System32\WindowsPowerShell\v1.0;C:\WINDOWS\System32\OpenSSH;C:\Users\ervin_1nmnhvl\AppData\Local\Microsoft\WindowsApps
USERNAME=ervin_1nmnhvl
DISPLAY=:0.0
OS=Windows_NT
PROCESSOR_IDENTIFIER=Intel64 Family 6 Model 42 Stepping 7, GenuineIntel



---------------  S Y S T E M  ---------------

OS: Windows 10 , 64 bit Build 18362 (10.0.18362.778)
HyperV virtualization detected

CPU:total 4 (initial active 4) (2 cores per cpu, 2 threads per core) family 6 model 42 stepping 7, cmov, cx8, fxsr, mmx, sse, sse2, sse3, ssse3, sse4.1, sse4.2, popcnt, avx, aes, clmul, ht, tsc, tscinvbit

Memory: 4k page, system-wide physical 8073M (320M free)
TotalPageFile size 10121M (AvailPageFile size 64M)
current process WorkingSet (physical memory assigned to process): 9M, peak: 9M
current process commit charge ("private bytes"): 51M, peak: 179M

vm_info: OpenJDK 64-Bit Server VM (11.0.6+8-b765.25) for windows-amd64 JRE (11.0.6+8-b765.25), built on Mar 30 2020 12:57:22 by "" with MS VC++ 14.0 (VS2015)

END.
