#
# There is insufficient memory for the Java Runtime Environment to continue.
# Native memory allocation (malloc) failed to allocate 1556016 bytes for Chunk::new
# Possible reasons:
#   The system is out of physical RAM or swap space
#   The process is running with CompressedOops enabled, and the Java Heap may be blocking the growth of the native heap
# Possible solutions:
#   Reduce memory load on the system
#   Increase physical memory or swap space
#   Check if swap backing store is full
#   Decrease Java heap size (-Xmx/-Xms)
#   Decrease number of Java threads
#   Decrease Java thread stack sizes (-Xss)
#   Set larger code cache with -XX:ReservedCodeCacheSize=
#   JVM is running with Unscaled Compressed Oops mode in which the Java heap is
#     placed in the first 4GB address space. The Java Heap base address is the
#     maximum limit for the native heap growth. Please use -XX:HeapBaseMinAddress
#     to set the Java Heap base and to place the Java Heap above 4GB virtual address.
# This output file may be truncated or incomplete.
#
#  Out of Memory Error (allocation.cpp:389), pid=10556, tid=0x0000000000001c90
#
# JRE version: OpenJDK Runtime Environment (8.0_232-b09) (build 1.8.0_232-b09)
# Java VM: OpenJDK 64-Bit Server VM (25.232-b09 mixed mode windows-amd64 compressed oops)
# Failed to write core dump. Minidumps are not enabled by default on client versions of Windows
#

---------------  T H R E A D  ---------------

Current thread (0x0000018945a91000):  JavaThread "C2 CompilerThread0" daemon [_thread_in_native, id=7312, stack(0x0000007b98900000,0x0000007b98a00000)]

Stack: [0x0000007b98900000,0x0000007b98a00000]
[error occurred during error reporting (printing stack bounds), id 0xc0000005]

Native frames: (J=compiled Java code, j=interpreted, Vv=VM code, C=native code)


Current CompileTask:
C2: 126835 13085       4       org.gradle.api.internal.file.copy.NormalizingCopyActionDecorator$1$1::processFile (87 bytes)


---------------  P R O C E S S  ---------------

Java Threads: ( => current thread )
  0x000001894ab64000 JavaThread "Cache worker for Java compile cache (C:\save\modding\ervin_mod_1\.gradle\4.10.3\javaCompile)" [_thread_blocked, id=18216, stack(0x0000007b9ad00000,0x0000007b9ae00000)]
  0x000001894ab62000 JavaThread "Cache worker for Java compile cache (C:\Users\ervin_1nmnhvl\.gradle\caches\4.10.3\javaCompile)" [_thread_blocked, id=19256, stack(0x0000007b9ac00000,0x0000007b9ad00000)]
  0x000001894ab61000 JavaThread "Cache worker for Build Output Cleanup Cache (C:\save\modding\ervin_mod_1\.gradle\buildOutputCleanup)" [_thread_blocked, id=17852, stack(0x0000007b9a900000,0x0000007b9aa00000)]
  0x000001894ab59800 JavaThread "Cache worker for task history cache (C:\save\modding\ervin_mod_1\.gradle\4.10.3\taskHistory)" [_thread_blocked, id=16448, stack(0x0000007b9a800000,0x0000007b9a900000)]
  0x000001894ab60800 JavaThread "Task worker for ':' Thread 3" [_thread_in_native, id=17120, stack(0x0000007b9a700000,0x0000007b9a800000)]
  0x000001894ab59000 JavaThread "Task worker for ':' Thread 2" [_thread_blocked, id=19348, stack(0x0000007b9a600000,0x0000007b9a700000)]
  0x000001894ab5f800 JavaThread "Task worker for ':'" [_thread_blocked, id=1304, stack(0x0000007b9a500000,0x0000007b9a600000)]
  0x000001894ab58000 JavaThread "Cache worker for file content cache (C:\save\modding\ervin_mod_1\.gradle\4.10.3\fileContent)" [_thread_blocked, id=15256, stack(0x0000007b9a400000,0x0000007b9a500000)]
  0x000001894ab5f000 JavaThread "Cache worker for file content cache (C:\Users\ervin_1nmnhvl\.gradle\caches\4.10.3\fileContent)" [_thread_blocked, id=8220, stack(0x0000007b9a300000,0x0000007b9a400000)]
  0x000001894ab57800 JavaThread "Memory manager" [_thread_blocked, id=20184, stack(0x0000007b9a200000,0x0000007b9a300000)]
  0x000001894ab5c800 JavaThread "Build operations Thread 4" [_thread_blocked, id=18916, stack(0x0000007b9a000000,0x0000007b9a100000)]
  0x000001894ab5c000 JavaThread "Build operations Thread 3" [_thread_blocked, id=704, stack(0x0000007b99f00000,0x0000007b9a000000)]
  0x000001894ab5a800 JavaThread "Build operations Thread 2" [_thread_blocked, id=19048, stack(0x0000007b99e00000,0x0000007b99f00000)]
  0x000001894ab5e000 JavaThread "Build operations" [_thread_blocked, id=18720, stack(0x0000007b99d00000,0x0000007b99e00000)]
  0x000001894ab5b000 JavaThread "Cache worker for cache directory md-rule (C:\Users\ervin_1nmnhvl\.gradle\caches\4.10.3\md-rule)" [_thread_blocked, id=12048, stack(0x0000007b99b00000,0x0000007b99c00000)]
  0x00000189471b8000 JavaThread "Cache worker for cache directory md-supplier (C:\Users\ervin_1nmnhvl\.gradle\caches\4.10.3\md-supplier)" [_thread_blocked, id=19372, stack(0x0000007b99a00000,0x0000007b99b00000)]
  0x00000189471b7800 JavaThread "Cache worker for file hash cache (C:\save\modding\ervin_mod_1\.gradle\4.10.3\fileHashes)" [_thread_blocked, id=18368, stack(0x0000007b99800000,0x0000007b99900000)]
  0x00000189471b6800 JavaThread "Stdin handler" [_thread_blocked, id=10000, stack(0x0000007b99500000,0x0000007b99600000)]
  0x00000189471b6000 JavaThread "Asynchronous log dispatcher for DefaultDaemonConnection: socket connection from /127.0.0.1:50249 to /127.0.0.1:50261" [_thread_blocked, id=13796, stack(0x0000007b99400000,0x0000007b99500000)]
  0x00000189471b3800 JavaThread "Cancel handler" [_thread_blocked, id=11100, stack(0x0000007b99200000,0x0000007b99300000)]
  0x00000189471b3000 JavaThread "Handler for socket connection from /127.0.0.1:50249 to /127.0.0.1:50261" [_thread_in_native, id=1620, stack(0x0000007b99100000,0x0000007b99200000)]
  0x00000189471b4800 JavaThread "Cache worker for Artifact transforms cache (C:\Users\ervin_1nmnhvl\.gradle\caches\transforms-1)" [_thread_blocked, id=9848, stack(0x0000007b99c00000,0x0000007b99d00000)]
  0x00000189471b1800 JavaThread "Cache worker for journal cache (C:\Users\ervin_1nmnhvl\.gradle\caches\journal-1)" [_thread_blocked, id=21000, stack(0x0000007b99900000,0x0000007b99a00000)]
  0x0000018946b0b800 JavaThread "File lock request listener" [_thread_in_native, id=18568, stack(0x0000007b99700000,0x0000007b99800000)]
  0x000001894891e000 JavaThread "Cache worker for file hash cache (C:\Users\ervin_1nmnhvl\.gradle\caches\4.10.3\fileHashes)" [_thread_blocked, id=10168, stack(0x0000007b99600000,0x0000007b99700000)]
  0x0000018946aab800 JavaThread "Daemon worker" [_thread_blocked, id=19072, stack(0x0000007b99300000,0x0000007b99400000)]
  0x0000018947029800 JavaThread "Daemon" [_thread_blocked, id=9640, stack(0x0000007b99000000,0x0000007b99100000)]
  0x0000018946a66000 JavaThread "Daemon periodic checks" [_thread_blocked, id=17216, stack(0x0000007b98f00000,0x0000007b99000000)]
  0x0000018946b15800 JavaThread "Incoming local TCP Connector on port 50249" [_thread_in_native, id=10144, stack(0x0000007b98e00000,0x0000007b98f00000)]
  0x0000018945b23000 JavaThread "Service Thread" daemon [_thread_blocked, id=1716, stack(0x0000007b98c00000,0x0000007b98d00000)]
  0x0000018945a9c000 JavaThread "C1 CompilerThread2" daemon [_thread_blocked, id=17804, stack(0x0000007b98b00000,0x0000007b98c00000)]
  0x0000018945a94000 JavaThread "C2 CompilerThread1" daemon [_thread_in_native, id=14520, stack(0x0000007b98a00000,0x0000007b98b00000)]
=>0x0000018945a91000 JavaThread "C2 CompilerThread0" daemon [_thread_in_native, id=7312, stack(0x0000007b98900000,0x0000007b98a00000)]
  0x0000018945a8e000 JavaThread "Attach Listener" daemon [_thread_blocked, id=10592, stack(0x0000007b98800000,0x0000007b98900000)]
  0x0000018945a8d800 JavaThread "Signal Dispatcher" daemon [_thread_blocked, id=17516, stack(0x0000007b98700000,0x0000007b98800000)]
  0x000001894532c000 JavaThread "Finalizer" daemon [_thread_blocked, id=18340, stack(0x0000007b98600000,0x0000007b98700000)]
  0x0000018945323800 JavaThread "Reference Handler" daemon [_thread_blocked, id=5904, stack(0x0000007b98500000,0x0000007b98600000)]
  0x0000018931897800 JavaThread "main" [_thread_blocked, id=7436, stack(0x0000007b97f00000,0x0000007b98000000)]

Other Threads:
  0x0000018945a43000 VMThread [stack: 0x0000007b98400000,0x0000007b98500000] [id=19684]
  0x0000018945b25000 WatcherThread [stack: 0x0000007b98d00000,0x0000007b98e00000] [id=11412]

VM state:not at safepoint (normal execution)

VM Mutex/Monitor currently owned by a thread: None

OutOfMemory and StackOverflow Exception counts:
OutOfMemoryError java_heap_errors=1

heap address: 0x00000000c0000000, size: 1024 MB, Compressed Oops mode: 32-bit
Narrow klass base: 0x0000000000000000, Narrow klass shift: 3
Compressed class space size: 1073741824 Address: 0x0000000100000000

Heap:
 PSYoungGen      total 261632K, used 139408K [0x00000000eab00000, 0x0000000100000000, 0x0000000100000000)
  eden space 196608K, 38% used [0x00000000eab00000,0x00000000ef40e9e0,0x00000000f6b00000)
  from space 65024K, 99% used [0x00000000f6b00000,0x00000000faa159a0,0x00000000faa80000)
  to   space 84992K, 0% used [0x00000000fad00000,0x00000000fad00000,0x0000000100000000)
 ParOldGen       total 386048K, used 231115K [0x00000000c0000000, 0x00000000d7900000, 0x00000000eab00000)
  object space 386048K, 59% used [0x00000000c0000000,0x00000000ce1b2db8,0x00000000d7900000)
 Metaspace       used 55679K, capacity 56750K, committed 56920K, reserved 1099776K
  class space    used 7192K, capacity 7523K, committed 7552K, reserved 1048576K

Card table byte_map: [0x00000189424c0000,0x00000189426d0000] byte_map_base: 0x0000018941ec0000

Marking Bits: (ParMarkBitMap*) 0x000000006fb95f70
 Begin Bits: [0x0000018942830000, 0x0000018943830000)
 End Bits:   [0x0000018943830000, 0x0000018944830000)

Polling page: 0x00000189317f0000

CodeCache: size=245760Kb used=37465Kb max_used=38627Kb free=208294Kb
 bounds [0x0000018933100000, 0x0000018935770000, 0x0000018942100000]
 total_blobs=9997 nmethods=9202 adapters=707
 compilation: enabled

Compilation events (10 events):
Event: 126.768 Thread 0x0000018945a9c000 13154       3       java.util.zip.ZipUtils::extendedDosToJavaTime (12 bytes)
Event: 126.768 Thread 0x0000018945a9c000 nmethod 13154 0x000001893495fc50 code [0x000001893495fdc0, 0x000001893495ff50]
Event: 126.768 Thread 0x0000018945a9c000 13155       3       java.util.zip.ZipUtils::dosToJavaTime (71 bytes)
Event: 126.769 Thread 0x0000018945a9c000 nmethod 13155 0x0000018934416850 code [0x00000189344169e0, 0x0000018934416f20]
Event: 126.769 Thread 0x0000018945a9c000 13156       3       java.util.Date::<init> (113 bytes)
Event: 126.771 Thread 0x0000018945a9c000 nmethod 13156 0x00000189352eec10 code [0x00000189352eeea0, 0x00000189352f0650]
Event: 126.771 Thread 0x0000018945a9c000 13157       3       org.apache.tools.zip.ZipOutputStream$CurrentEntry::access$302 (7 bytes)
Event: 126.771 Thread 0x0000018945a9c000 nmethod 13157 0x0000018934be67d0 code [0x0000018934be6920, 0x0000018934be6a58]
Event: 126.822 Thread 0x0000018945a9c000 13158   !   3       org.gradle.internal.concurrent.ManagedExecutorImpl$1::run (59 bytes)
Event: 126.825 Thread 0x0000018945a9c000 nmethod 13158 0x0000018934fdc090 code [0x0000018934fdc440, 0x0000018934fde490]

GC Heap History (10 events):
Event: 80.332 GC heap before
{Heap before GC invocations=33 (full 4):
 PSYoungGen      total 278016K, used 240082K [0x00000000eab00000, 0x00000000ff480000, 0x0000000100000000)
  eden space 219648K, 100% used [0x00000000eab00000,0x00000000f8180000,0x00000000f8180000)
  from space 58368K, 35% used [0x00000000fbb80000,0x00000000fcf74a30,0x00000000ff480000)
  to   space 58880K, 0% used [0x00000000f8180000,0x00000000f8180000,0x00000000fbb00000)
 ParOldGen       total 386048K, used 220368K [0x00000000c0000000, 0x00000000d7900000, 0x00000000eab00000)
  object space 386048K, 57% used [0x00000000c0000000,0x00000000cd734050,0x00000000d7900000)
 Metaspace       used 54859K, capacity 55836K, committed 56152K, reserved 1097728K
  class space    used 7117K, capacity 7456K, committed 7552K, reserved 1048576K
Event: 80.380 GC heap after
Heap after GC invocations=33 (full 4):
 PSYoungGen      total 278528K, used 25695K [0x00000000eab00000, 0x00000000ffd80000, 0x0000000100000000)
  eden space 219648K, 0% used [0x00000000eab00000,0x00000000eab00000,0x00000000f8180000)
  from space 58880K, 43% used [0x00000000f8180000,0x00000000f9a97d78,0x00000000fbb00000)
  to   space 57344K, 0% used [0x00000000fc580000,0x00000000fc580000,0x00000000ffd80000)
 ParOldGen       total 386048K, used 220376K [0x00000000c0000000, 0x00000000d7900000, 0x00000000eab00000)
  object space 386048K, 57% used [0x00000000c0000000,0x00000000cd736050,0x00000000d7900000)
 Metaspace       used 54859K, capacity 55836K, committed 56152K, reserved 1097728K
  class space    used 7117K, capacity 7456K, committed 7552K, reserved 1048576K
}
Event: 82.845 GC heap before
{Heap before GC invocations=34 (full 4):
 PSYoungGen      total 278528K, used 245343K [0x00000000eab00000, 0x00000000ffd80000, 0x0000000100000000)
  eden space 219648K, 100% used [0x00000000eab00000,0x00000000f8180000,0x00000000f8180000)
  from space 58880K, 43% used [0x00000000f8180000,0x00000000f9a97d78,0x00000000fbb00000)
  to   space 57344K, 0% used [0x00000000fc580000,0x00000000fc580000,0x00000000ffd80000)
 ParOldGen       total 386048K, used 220376K [0x00000000c0000000, 0x00000000d7900000, 0x00000000eab00000)
  object space 386048K, 57% used [0x00000000c0000000,0x00000000cd736050,0x00000000d7900000)
 Metaspace       used 54871K, capacity 55836K, committed 56152K, reserved 1097728K
  class space    used 7117K, capacity 7456K, committed 7552K, reserved 1048576K
Event: 82.896 GC heap after
Heap after GC invocations=34 (full 4):
 PSYoungGen      total 288768K, used 30645K [0x00000000eab00000, 0x00000000fff80000, 0x0000000100000000)
  eden space 231424K, 0% used [0x00000000eab00000,0x00000000eab00000,0x00000000f8d00000)
  from space 57344K, 53% used [0x00000000fc580000,0x00000000fe36d650,0x00000000ffd80000)
  to   space 57856K, 0% used [0x00000000f8d00000,0x00000000f8d00000,0x00000000fc580000)
 ParOldGen       total 386048K, used 220376K [0x00000000c0000000, 0x00000000d7900000, 0x00000000eab00000)
  object space 386048K, 57% used [0x00000000c0000000,0x00000000cd736050,0x00000000d7900000)
 Metaspace       used 54871K, capacity 55836K, committed 56152K, reserved 1097728K
  class space    used 7117K, capacity 7456K, committed 7552K, reserved 1048576K
}
Event: 85.522 GC heap before
{Heap before GC invocations=35 (full 4):
 PSYoungGen      total 288768K, used 262069K [0x00000000eab00000, 0x00000000fff80000, 0x0000000100000000)
  eden space 231424K, 100% used [0x00000000eab00000,0x00000000f8d00000,0x00000000f8d00000)
  from space 57344K, 53% used [0x00000000fc580000,0x00000000fe36d650,0x00000000ffd80000)
  to   space 57856K, 0% used [0x00000000f8d00000,0x00000000f8d00000,0x00000000fc580000)
 ParOldGen       total 386048K, used 220376K [0x00000000c0000000, 0x00000000d7900000, 0x00000000eab00000)
  object space 386048K, 57% used [0x00000000c0000000,0x00000000cd736050,0x00000000d7900000)
 Metaspace       used 55058K, capacity 56124K, committed 56408K, reserved 1097728K
  class space    used 7139K, capacity 7488K, committed 7552K, reserved 1048576K
Event: 85.613 GC heap after
Heap after GC invocations=35 (full 4):
 PSYoungGen      total 277504K, used 45608K [0x00000000eab00000, 0x0000000100000000, 0x0000000100000000)
  eden space 231424K, 0% used [0x00000000eab00000,0x00000000eab00000,0x00000000f8d00000)
  from space 46080K, 98% used [0x00000000f8d00000,0x00000000fb98a090,0x00000000fba00000)
  to   space 62976K, 0% used [0x00000000fc280000,0x00000000fc280000,0x0000000100000000)
 ParOldGen       total 386048K, used 220384K [0x00000000c0000000, 0x00000000d7900000, 0x00000000eab00000)
  object space 386048K, 57% used [0x00000000c0000000,0x00000000cd738050,0x00000000d7900000)
 Metaspace       used 55058K, capacity 56124K, committed 56408K, reserved 1097728K
  class space    used 7139K, capacity 7488K, committed 7552K, reserved 1048576K
}
Event: 99.204 GC heap before
{Heap before GC invocations=36 (full 4):
 PSYoungGen      total 277504K, used 277032K [0x00000000eab00000, 0x0000000100000000, 0x0000000100000000)
  eden space 231424K, 100% used [0x00000000eab00000,0x00000000f8d00000,0x00000000f8d00000)
  from space 46080K, 98% used [0x00000000f8d00000,0x00000000fb98a090,0x00000000fba00000)
  to   space 62976K, 0% used [0x00000000fc280000,0x00000000fc280000,0x0000000100000000)
 ParOldGen       total 386048K, used 220384K [0x00000000c0000000, 0x00000000d7900000, 0x00000000eab00000)
  object space 386048K, 57% used [0x00000000c0000000,0x00000000cd738050,0x00000000d7900000)
 Metaspace       used 55409K, capacity 56546K, committed 56920K, reserved 1099776K
  class space    used 7167K, capacity 7521K, committed 7552K, reserved 1048576K
Event: 99.305 GC heap after
Heap after GC invocations=36 (full 4):
 PSYoungGen      total 259584K, used 62949K [0x00000000eab00000, 0x0000000100000000, 0x0000000100000000)
  eden space 196608K, 0% used [0x00000000eab00000,0x00000000eab00000,0x00000000f6b00000)
  from space 62976K, 99% used [0x00000000fc280000,0x00000000ffff94f0,0x0000000100000000)
  to   space 76288K, 0% used [0x00000000f6b00000,0x00000000f6b00000,0x00000000fb580000)
 ParOldGen       total 386048K, used 226768K [0x00000000c0000000, 0x00000000d7900000, 0x00000000eab00000)
  object space 386048K, 58% used [0x00000000c0000000,0x00000000cdd741e0,0x00000000d7900000)
 Metaspace       used 55409K, capacity 56546K, committed 56920K, reserved 1099776K
  class space    used 7167K, capacity 7521K, committed 7552K, reserved 1048576K
}
Event: 124.555 GC heap before
{Heap before GC invocations=37 (full 4):
 PSYoungGen      total 259584K, used 259557K [0x00000000eab00000, 0x0000000100000000, 0x0000000100000000)
  eden space 196608K, 100% used [0x00000000eab00000,0x00000000f6b00000,0x00000000f6b00000)
  from space 62976K, 99% used [0x00000000fc280000,0x00000000ffff94f0,0x0000000100000000)
  to   space 76288K, 0% used [0x00000000f6b00000,0x00000000f6b00000,0x00000000fb580000)
 ParOldGen       total 386048K, used 226768K [0x00000000c0000000, 0x00000000d7900000, 0x00000000eab00000)
  object space 386048K, 58% used [0x00000000c0000000,0x00000000cdd741e0,0x00000000d7900000)
 Metaspace       used 55427K, capacity 56558K, committed 56920K, reserved 1099776K
  class space    used 7168K, capacity 7523K, committed 7552K, reserved 1048576K
Event: 124.660 GC heap after
Heap after GC invocations=37 (full 4):
 PSYoungGen      total 261632K, used 64598K [0x00000000eab00000, 0x0000000100000000, 0x0000000100000000)
  eden space 196608K, 0% used [0x00000000eab00000,0x00000000eab00000,0x00000000f6b00000)
  from space 65024K, 99% used [0x00000000f6b00000,0x00000000faa159a0,0x00000000faa80000)
  to   space 84992K, 0% used [0x00000000fad00000,0x00000000fad00000,0x0000000100000000)
 ParOldGen       total 386048K, used 231115K [0x00000000c0000000, 0x00000000d7900000, 0x00000000eab00000)
  object space 386048K, 59% used [0x00000000c0000000,0x00000000ce1b2db8,0x00000000d7900000)
 Metaspace       used 55427K, capacity 56558K, committed 56920K, reserved 1099776K
  class space    used 7168K, capacity 7523K, committed 7552K, reserved 1048576K
}

Deoptimization events (10 events):
Event: 126.452 Thread 0x000001894ab60800 Uncommon trap: reason=unstable_if action=reinterpret pc=0x00000189356934b8 method=java.io.FileInputStream.close()V @ 36
Event: 126.452 Thread 0x000001894ab60800 Uncommon trap: reason=class_check action=maybe_recompile pc=0x00000189351c35d0 method=org.gradle.api.internal.file.copy.DefaultFileCopyDetails.getSpecMode()Ljava/lang/Integer; @ 4
Event: 126.459 Thread 0x000001894ab60800 Uncommon trap: reason=class_check action=maybe_recompile pc=0x000001893484a718 method=org.gradle.api.internal.file.collections.jdk7.Jdk7DirectoryWalker.isAllowed(Lorg/gradle/api/file/FileTreeElement;Lorg/gradle/api/specs/Spec;)Z @ 2
Event: 126.459 Thread 0x000001894ab60800 Uncommon trap: reason=unstable_if action=reinterpret pc=0x0000018933a8be24 method=org.gradle.api.internal.file.copy.CopyFileVisitorImpl.processFile(Lorg/gradle/api/file/FileVisitDetails;)V @ 27
Event: 126.459 Thread 0x000001894ab60800 Uncommon trap: reason=class_check action=maybe_recompile pc=0x00000189356e9788 method=org.gradle.api.internal.file.copy.NormalizingCopyActionDecorator$1.maybeVisit(Lorg/gradle/api/file/RelativePath;ZLorg/gradle/api/internal/file/CopyActionProcessingStream
Event: 126.460 Thread 0x000001894ab60800 Uncommon trap: reason=class_check action=maybe_recompile pc=0x00000189356e9788 method=org.gradle.api.internal.file.copy.NormalizingCopyActionDecorator$1.maybeVisit(Lorg/gradle/api/file/RelativePath;ZLorg/gradle/api/internal/file/CopyActionProcessingStream
Event: 126.461 Thread 0x000001894ab60800 Uncommon trap: reason=class_check action=maybe_recompile pc=0x000001893570f1a4 method=org.gradle.api.internal.file.copy.NormalizingCopyActionDecorator$1.maybeVisit(Lorg/gradle/api/file/RelativePath;ZLorg/gradle/api/internal/file/CopyActionProcessingStream
Event: 126.464 Thread 0x000001894ab60800 Uncommon trap: reason=class_check action=maybe_recompile pc=0x000001893484a718 method=org.gradle.api.internal.file.collections.jdk7.Jdk7DirectoryWalker.isAllowed(Lorg/gradle/api/file/FileTreeElement;Lorg/gradle/api/specs/Spec;)Z @ 2
Event: 126.466 Thread 0x000001894ab60800 Uncommon trap: reason=class_check action=maybe_recompile pc=0x000001893484a718 method=org.gradle.api.internal.file.collections.jdk7.Jdk7DirectoryWalker.isAllowed(Lorg/gradle/api/file/FileTreeElement;Lorg/gradle/api/specs/Spec;)Z @ 2
Event: 126.471 Thread 0x000001894ab60800 Uncommon trap: reason=class_check action=maybe_recompile pc=0x00000189356e8a64 method=org.gradle.api.internal.file.copy.NormalizingCopyActionDecorator$1.maybeVisit(Lorg/gradle/api/file/RelativePath;ZLorg/gradle/api/internal/file/CopyActionProcessingStream

Classes redefined (0 events):
No events

Internal exceptions (10 events):
Event: 50.875 Thread 0x000001894ab5f800 Implicit null exception at 0x000001893447a7e2 to 0x000001893447c791
Event: 53.703 Thread 0x000001894ab5f800 Implicit null exception at 0x00000189342ad3cc to 0x00000189342ad64d
Event: 53.703 Thread 0x000001894ab5f800 Implicit null exception at 0x00000189342ad3cc to 0x00000189342ad64d
Event: 53.703 Thread 0x000001894ab5f800 Implicit null exception at 0x00000189342ad3cc to 0x00000189342ad64d
Event: 53.727 Thread 0x000001894ab5f800 Implicit null exception at 0x00000189342644d0 to 0x0000018934264511
Event: 58.671 Thread 0x000001894ab5f800 Implicit null exception at 0x0000018934763e34 to 0x0000018934765711
Event: 77.407 Thread 0x000001894ab5f800 Implicit null exception at 0x0000018935140577 to 0x000001893514060d
Event: 82.536 Thread 0x000001894ab5f800 Implicit null exception at 0x0000018935062df9 to 0x0000018935064e21
Event: 126.059 Thread 0x000001894ab59800 Exception <a 'java/lang/OutOfMemoryError'> (0x00000000ee7119b0) thrown at [C:\cygwin64\tmp\openjdk-jdk8u-windows-x64-hotspot\workspace\build\src\hotspot\src\share\vm\prims\jni.cpp, line 737]
Event: 126.082 Thread 0x000001894ab60800 Implicit null exception at 0x00000189355735ca to 0x00000189355738d0

Events (10 events):
Event: 126.466 Thread 0x000001894ab60800 DEOPT PACKING pc=0x000001893484a718 sp=0x0000007b9a7fc480
Event: 126.466 Thread 0x000001894ab60800 DEOPT UNPACKING pc=0x0000018933145583 sp=0x0000007b9a7fc380 mode 2
Event: 126.467 Thread 0x0000018945a9c000 flushing nmethod 0x0000018933e0b590
Event: 126.471 Thread 0x000001894ab60800 Uncommon trap: trap_request=0xffffffde fr.pc=0x00000189356e8a64
Event: 126.471 Thread 0x000001894ab60800 DEOPT PACKING pc=0x00000189356e8a64 sp=0x0000007b9a7fc010
Event: 126.471 Thread 0x000001894ab60800 DEOPT UNPACKING pc=0x0000018933145583 sp=0x0000007b9a7fc050 mode 2
Event: 126.472 Thread 0x0000018945a9c000 flushing nmethod 0x00000189340a1590
Event: 126.473 Thread 0x0000018945a9c000 flushing nmethod 0x000001893418a9d0
Event: 126.489 Thread 0x0000018945a9c000 flushing nmethod 0x0000018934db90d0
Event: 126.490 Thread 0x0000018945a9c000 flushing nmethod 0x0000018934f95750


Dynamic libraries:
0x00007ff747530000 - 0x00007ff74756a000 	C:\Users\ervin_1nmnhvl\.jdks\adopt-openjdk-1.8.0_232\bin\java.exe
0x00007ff9a1950000 - 0x00007ff9a1b45000 	C:\WINDOWS\SYSTEM32\ntdll.dll
0x00007ff9a06b0000 - 0x00007ff9a076d000 	C:\WINDOWS\System32\KERNEL32.DLL
0x00007ff99f3f0000 - 0x00007ff99f6b8000 	C:\WINDOWS\System32\KERNELBASE.dll
0x00007ff9a0190000 - 0x00007ff9a023c000 	C:\WINDOWS\System32\ADVAPI32.dll
0x00007ff99fe10000 - 0x00007ff99feae000 	C:\WINDOWS\System32\msvcrt.dll
0x00007ff9a0af0000 - 0x00007ff9a0b8b000 	C:\WINDOWS\System32\sechost.dll
0x00007ff99f9e0000 - 0x00007ff99fb0b000 	C:\WINDOWS\System32\RPCRT4.dll
0x00007ff9a1660000 - 0x00007ff9a1800000 	C:\WINDOWS\System32\USER32.dll
0x00007ff99f7a0000 - 0x00007ff99f7c2000 	C:\WINDOWS\System32\win32u.dll
0x00007ff99f9b0000 - 0x00007ff99f9da000 	C:\WINDOWS\System32\GDI32.dll
0x00007ff99f2e0000 - 0x00007ff99f3eb000 	C:\WINDOWS\System32\gdi32full.dll
0x00007ff99f190000 - 0x00007ff99f22d000 	C:\WINDOWS\System32\msvcp_win.dll
0x00007ff99f090000 - 0x00007ff99f190000 	C:\WINDOWS\System32\ucrtbase.dll
0x00007ff985ee0000 - 0x00007ff98617a000 	C:\WINDOWS\WinSxS\amd64_microsoft.windows.common-controls_6595b64144ccf1df_6.0.19041.844_none_ca00b6081b84eb1d\COMCTL32.dll
0x00007ff9a08a0000 - 0x00007ff9a08d0000 	C:\WINDOWS\System32\IMM32.DLL
0x00007ff964610000 - 0x00007ff9646ff000 	C:\Users\ervin_1nmnhvl\.jdks\adopt-openjdk-1.8.0_232\jre\bin\msvcr120.dll
0x00007ff964560000 - 0x00007ff964606000 	C:\Users\ervin_1nmnhvl\.jdks\adopt-openjdk-1.8.0_232\jre\bin\msvcp120.dll
0x000000006f410000 - 0x000000006fc0f000 	C:\Users\ervin_1nmnhvl\.jdks\adopt-openjdk-1.8.0_232\jre\bin\server\jvm.dll
0x00007ff9a0f00000 - 0x00007ff9a0f08000 	C:\WINDOWS\System32\PSAPI.DLL
0x00007ff984090000 - 0x00007ff984099000 	C:\WINDOWS\SYSTEM32\WSOCK32.dll
0x00007ff997e20000 - 0x00007ff997e47000 	C:\WINDOWS\SYSTEM32\WINMM.dll
0x00007ff9979a0000 - 0x00007ff9979aa000 	C:\WINDOWS\SYSTEM32\VERSION.dll
0x00007ff99feb0000 - 0x00007ff99ff1b000 	C:\WINDOWS\System32\WS2_32.dll
0x00007ff999100000 - 0x00007ff99910f000 	C:\Users\ervin_1nmnhvl\.jdks\adopt-openjdk-1.8.0_232\jre\bin\verify.dll
0x00007ff96e5a0000 - 0x00007ff96e5c8000 	C:\Users\ervin_1nmnhvl\.jdks\adopt-openjdk-1.8.0_232\jre\bin\java.dll
0x00007ff97a690000 - 0x00007ff97a6a6000 	C:\Users\ervin_1nmnhvl\.jdks\adopt-openjdk-1.8.0_232\jre\bin\zip.dll
0x00007ff9a0f10000 - 0x00007ff9a1652000 	C:\WINDOWS\System32\SHELL32.dll
0x00007ff99cf90000 - 0x00007ff99d721000 	C:\WINDOWS\SYSTEM32\windows.storage.dll
0x00007ff9a0ba0000 - 0x00007ff9a0ef5000 	C:\WINDOWS\System32\combase.dll
0x00007ff99ea30000 - 0x00007ff99ea5c000 	C:\WINDOWS\SYSTEM32\Wldp.dll
0x00007ff99ff30000 - 0x00007ff99ffde000 	C:\WINDOWS\System32\SHCORE.dll
0x00007ff9a0840000 - 0x00007ff9a0895000 	C:\WINDOWS\System32\shlwapi.dll
0x00007ff99efd0000 - 0x00007ff99efef000 	C:\WINDOWS\SYSTEM32\profapi.dll
0x00007ff98c210000 - 0x00007ff98c22a000 	C:\Users\ervin_1nmnhvl\.jdks\adopt-openjdk-1.8.0_232\jre\bin\net.dll
0x00007ff99e810000 - 0x00007ff99e87a000 	C:\WINDOWS\system32\mswsock.dll
0x00007ff98c1f0000 - 0x00007ff98c202000 	C:\Users\ervin_1nmnhvl\.jdks\adopt-openjdk-1.8.0_232\jre\bin\nio.dll
0x00007ff9868e0000 - 0x00007ff9868fe000 	C:\Users\ervin_1nmnhvl\.gradle\native\25\windows-amd64\native-platform.dll
0x00007ff99aaf0000 - 0x00007ff99aafd000 	C:\Users\ervin_1nmnhvl\.jdks\adopt-openjdk-1.8.0_232\jre\bin\management.dll
0x00007ff99ed60000 - 0x00007ff99ed78000 	C:\WINDOWS\SYSTEM32\CRYPTSP.dll
0x00007ff99e050000 - 0x00007ff99e084000 	C:\WINDOWS\system32\rsaenh.dll
0x00007ff99f6c0000 - 0x00007ff99f6e7000 	C:\WINDOWS\System32\bcrypt.dll
0x00007ff99ef90000 - 0x00007ff99efbe000 	C:\WINDOWS\SYSTEM32\USERENV.dll
0x00007ff99f930000 - 0x00007ff99f9b0000 	C:\WINDOWS\System32\bcryptprimitives.dll
0x00007ff99e990000 - 0x00007ff99e99c000 	C:\WINDOWS\SYSTEM32\CRYPTBASE.dll
0x00007ff99e4d0000 - 0x00007ff99e50b000 	C:\WINDOWS\SYSTEM32\IPHLPAPI.DLL
0x00007ff99ff20000 - 0x00007ff99ff28000 	C:\WINDOWS\System32\NSI.dll
0x00007ff9972d0000 - 0x00007ff9972e7000 	C:\WINDOWS\SYSTEM32\dhcpcsvc6.DLL
0x00007ff997010000 - 0x00007ff99702d000 	C:\WINDOWS\SYSTEM32\dhcpcsvc.DLL
0x00007ff99e510000 - 0x00007ff99e5dc000 	C:\WINDOWS\SYSTEM32\DNSAPI.dll
0x00007ff987c60000 - 0x00007ff987c83000 	C:\Users\ervin_1nmnhvl\.jdks\adopt-openjdk-1.8.0_232\jre\bin\sunec.dll
0x00007ff994d60000 - 0x00007ff994d6b000 	C:\Users\ervin_1nmnhvl\.jdks\adopt-openjdk-1.8.0_232\jre\bin\sunmscapi.dll
0x00007ff99f7d0000 - 0x00007ff99f92f000 	C:\WINDOWS\System32\CRYPT32.dll
0x00007ff990910000 - 0x00007ff99091a000 	C:\Windows\System32\rasadhlp.dll
0x00007ff993b70000 - 0x00007ff993bef000 	C:\WINDOWS\System32\fwpuclnt.dll

VM Arguments:
jvm_args: -XX:+HeapDumpOnOutOfMemoryError -Xmx1024m -Dfile.encoding=windows-1250 -Duser.country=HU -Duser.language=hu -Duser.variant 
java_command: org.gradle.launcher.daemon.bootstrap.GradleDaemon 4.10.3
java_class_path (initial): C:\Users\ervin_1nmnhvl\.gradle\wrapper\dists\gradle-4.10.3-bin\31t79e2qsceia4mkbojplrgx\gradle-4.10.3\lib\gradle-launcher-4.10.3.jar
Launcher Type: SUN_STANDARD

Environment Variables:
JAVA_HOME=C:\Program Files\Java\jdk-11.0.4
PATH=C:\Program Files\Docker\Docker\Resources\bin;C:\ProgramData\Oracle\Java\javapath;C:\WINDOWS\system32;C:\WINDOWS;C:\WINDOWS\System32\Wbem;C:\WINDOWS\System32\WindowsPowerShell\v1.0\;C:\Program Files (x86)\cloudControl;C:\Program Files\Git\cmd;C:\bin;C:\Program Files (x86)\Windows Kits\8.1\Windows Performance Toolkit\;C:\Program Files (x86)\PuTTY\;C:\Program Files (x86)\Nodist\bin;G:\save\sdk\android\tools;G:\save\sdk\android\platform-tools;C:\boxfuse;C:\Program Files (x86)\Skype\Phone\;C:\Program Files (x86)\GtkSharp\2.12\bin;C:\Program Files (x86)\IVI Foundation\VISA\WinNT\Bin;C:\WINDOWS\system32;C:\WINDOWS;C:\WINDOWS\System32\Wbem;C:\WINDOWS\System32\WindowsPowerShell\v1.0\;;C:\WINDOWS\System32\OpenSSH\;C:\Users\ervin_1nmnhvl\AppData\Local\Microsoft\WindowsApps;
USERNAME=ervin_1nmnhvl
OS=Windows_NT
PROCESSOR_IDENTIFIER=Intel64 Family 6 Model 42 Stepping 7, GenuineIntel



---------------  S Y S T E M  ---------------

OS: Windows 10.0 , 64 bit Build 19041 (10.0.19041.928)

CPU:total 4 (initial active 4) (2 cores per cpu, 2 threads per core) family 6 model 42 stepping 7, cmov, cx8, fxsr, mmx, sse, sse2, sse3, ssse3, sse4.1, sse4.2, popcnt, avx, aes, clmul, ht, tsc, tscinvbit

Memory: 4k page, physical 8266764k(592492k free), swap 10363916k(1084k free)

vm_info: OpenJDK 64-Bit Server VM (25.232-b09) for windows-amd64 JRE (1.8.0_232-b09), built on Oct 18 2019 15:06:13 by "jenkins" with MS VC++ 12.0 (VS2013)

time: Fri May 07 09:14:07 2021
timezone: Közép-európai nyári ido 
elapsed time: 126 seconds (0d 0h 2m 6s)

