#
# There is insufficient memory for the Java Runtime Environment to continue.
# Native memory allocation (malloc) failed to allocate 1162016 bytes for Chunk::new
# Possible reasons:
#   The system is out of physical RAM or swap space
#   The process is running with CompressedOops enabled, and the Java Heap may be blocking the growth of the native heap
# Possible solutions:
#   Reduce memory load on the system
#   Increase physical memory or swap space
#   Check if swap backing store is full
#   Decrease Java heap size (-Xmx/-Xms)
#   Decrease number of Java threads
#   Decrease Java thread stack sizes (-Xss)
#   Set larger code cache with -XX:ReservedCodeCacheSize=
#   JVM is running with Unscaled Compressed Oops mode in which the Java heap is
#     placed in the first 4GB address space. The Java Heap base address is the
#     maximum limit for the native heap growth. Please use -XX:HeapBaseMinAddress
#     to set the Java Heap base and to place the Java Heap above 4GB virtual address.
# This output file may be truncated or incomplete.
#
#  Out of Memory Error (allocation.cpp:389), pid=14656, tid=0x0000000000001a3c
#
# JRE version: OpenJDK Runtime Environment (8.0_232-b09) (build 1.8.0_232-b09)
# Java VM: OpenJDK 64-Bit Server VM (25.232-b09 mixed mode windows-amd64 compressed oops)
# Failed to write core dump. Minidumps are not enabled by default on client versions of Windows
#

---------------  T H R E A D  ---------------

Current thread (0x000001fb9fbea800):  JavaThread "C2 CompilerThread0" daemon [_thread_in_native, id=6716, stack(0x00000057d8400000,0x00000057d8500000)]

Stack: [0x00000057d8400000,0x00000057d8500000]
[error occurred during error reporting (printing stack bounds), id 0xc0000005]

Native frames: (J=compiled Java code, j=interpreted, Vv=VM code, C=native code)


Current CompileTask:
C2:  11909 2195       4       java.net.URLClassLoader$1::run (5 bytes)


---------------  P R O C E S S  ---------------

Java Threads: ( => current thread )
  0x000001fba1ac7800 JavaThread "Cache worker for journal cache (C:\Users\ervin_1nmnhvl\.gradle\caches\journal-1)" [_thread_blocked, id=17332, stack(0x00000057d9400000,0x00000057d9500000)]
  0x000001fba1ac9000 JavaThread "Cache worker for file hash cache (C:\save\modding\ervin_mod_1\.gradle\4.10.3\fileHashes)" [_thread_blocked, id=5836, stack(0x00000057d9300000,0x00000057d9400000)]
  0x000001fba1ac6800 JavaThread "File lock request listener" [_thread_in_native, id=13660, stack(0x00000057d9200000,0x00000057d9300000)]
  0x000001fba1ac6000 JavaThread "Cache worker for file hash cache (C:\Users\ervin_1nmnhvl\.gradle\caches\4.10.3\fileHashes)" [_thread_blocked, id=12152, stack(0x00000057d9100000,0x00000057d9200000)]
  0x000001fb9fc93000 JavaThread "Stdin handler" [_thread_blocked, id=16680, stack(0x00000057d9000000,0x00000057d9100000)]
  0x000001fb9fc90000 JavaThread "Asynchronous log dispatcher for DefaultDaemonConnection: socket connection from /127.0.0.1:50704 to /127.0.0.1:50705" [_thread_blocked, id=15284, stack(0x00000057d8f00000,0x00000057d9000000)]
  0x000001fb9fc92000 JavaThread "Daemon worker" [_thread_in_vm, id=9504, stack(0x00000057d8e00000,0x00000057d8f00000)]
  0x000001fb9fc94800 JavaThread "Cancel handler" [_thread_blocked, id=11668, stack(0x00000057d8d00000,0x00000057d8e00000)]
  0x000001fb9fc8f000 JavaThread "Handler for socket connection from /127.0.0.1:50704 to /127.0.0.1:50705" [_thread_in_native, id=15028, stack(0x00000057d8c00000,0x00000057d8d00000)]
  0x000001fb9fc8e800 JavaThread "Daemon" [_thread_blocked, id=4144, stack(0x00000057d8b00000,0x00000057d8c00000)]
  0x000001fb9fc95800 JavaThread "Daemon periodic checks" [_thread_blocked, id=10564, stack(0x00000057d8a00000,0x00000057d8b00000)]
  0x000001fb9fc91800 JavaThread "Incoming local TCP Connector on port 50704" [_thread_in_native, id=15640, stack(0x00000057d8900000,0x00000057d8a00000)]
  0x000001fb9fc93800 JavaThread "Service Thread" daemon [_thread_blocked, id=7860, stack(0x00000057d8700000,0x00000057d8800000)]
  0x000001fb9fc00000 JavaThread "C1 CompilerThread2" daemon [_thread_blocked, id=11396, stack(0x00000057d8600000,0x00000057d8700000)]
  0x000001fb9fbf2800 JavaThread "C2 CompilerThread1" daemon [_thread_in_native, id=10052, stack(0x00000057d8500000,0x00000057d8600000)]
=>0x000001fb9fbea800 JavaThread "C2 CompilerThread0" daemon [_thread_in_native, id=6716, stack(0x00000057d8400000,0x00000057d8500000)]
  0x000001fb9fbe8800 JavaThread "Attach Listener" daemon [_thread_blocked, id=10104, stack(0x00000057d8300000,0x00000057d8400000)]
  0x000001fb9fbef800 JavaThread "Signal Dispatcher" daemon [_thread_blocked, id=11232, stack(0x00000057d8200000,0x00000057d8300000)]
  0x000001fb9f49a800 JavaThread "Finalizer" daemon [_thread_blocked, id=6432, stack(0x00000057d8100000,0x00000057d8200000)]
  0x000001fb9f48f800 JavaThread "Reference Handler" daemon [_thread_blocked, id=19212, stack(0x00000057d8000000,0x00000057d8100000)]
  0x000001fb8b857800 JavaThread "main" [_thread_blocked, id=18660, stack(0x00000057d7a00000,0x00000057d7b00000)]

Other Threads:
  0x000001fb9fba3000 VMThread [stack: 0x00000057d7f00000,0x00000057d8000000] [id=11492]
  0x000001fb9fca8800 WatcherThread [stack: 0x00000057d8800000,0x00000057d8900000] [id=9156]

VM state:not at safepoint (normal execution)

VM Mutex/Monitor currently owned by a thread: None

heap address: 0x00000000c0000000, size: 1024 MB, Compressed Oops mode: 32-bit
Narrow klass base: 0x0000000000000000, Narrow klass shift: 3
Compressed class space size: 1073741824 Address: 0x0000000100000000

Heap:
 PSYoungGen      total 44032K, used 5880K [0x00000000eab00000, 0x00000000ef400000, 0x0000000100000000)
  eden space 32768K, 1% used [0x00000000eab00000,0x00000000eab95280,0x00000000ecb00000)
  from space 11264K, 46% used [0x00000000ecb00000,0x00000000ed029048,0x00000000ed600000)
  to   space 10752K, 0% used [0x00000000ee980000,0x00000000ee980000,0x00000000ef400000)
 ParOldGen       total 64000K, used 9538K [0x00000000c0000000, 0x00000000c3e80000, 0x00000000eab00000)
  object space 64000K, 14% used [0x00000000c0000000,0x00000000c0950b30,0x00000000c3e80000)
 Metaspace       used 27056K, capacity 27442K, committed 27776K, reserved 1073152K
  class space    used 3692K, capacity 3848K, committed 3968K, reserved 1048576K

Card table byte_map: [0x000001fb9c610000,0x000001fb9c820000] byte_map_base: 0x000001fb9c010000

Marking Bits: (ParMarkBitMap*) 0x000000005a965f70
 Begin Bits: [0x000001fb9c980000, 0x000001fb9d980000)
 End Bits:   [0x000001fb9d980000, 0x000001fb9e980000)

Polling page: 0x000001fb8d220000

CodeCache: size=245760Kb used=8210Kb max_used=8210Kb free=237549Kb
 bounds [0x000001fb8d250000, 0x000001fb8da60000, 0x000001fb9c250000]
 total_blobs=2746 nmethods=2089 adapters=570
 compilation: enabled

Compilation events (10 events):
Event: 11.840 Thread 0x000001fb9fc00000 2263       3       org.gradle.api.internal.AsmBackedClassGenerator$ClassBuilderImpl::propFieldName (28 bytes)
Event: 11.841 Thread 0x000001fb9fc00000 nmethod 2263 0x000001fb8da541d0 code [0x000001fb8da543a0, 0x000001fb8da54c20]
Event: 11.842 Thread 0x000001fb9fc00000 2264       3       org.objectweb.asm.Type::getMethodDescriptor (61 bytes)
Event: 11.844 Thread 0x000001fb9fc00000 nmethod 2264 0x000001fb8da54f50 code [0x000001fb8da551e0, 0x000001fb8da56500]
Event: 11.862 Thread 0x000001fb9fc00000 2265       3       org.objectweb.asm.MethodVisitor::<init> (47 bytes)
Event: 11.862 Thread 0x000001fb9fc00000 nmethod 2265 0x000001fb8da57090 code [0x000001fb8da57200, 0x000001fb8da57590]
Event: 11.863 Thread 0x000001fb9fc00000 2266       3       org.objectweb.asm.MethodWriter::visitJumpInsn (495 bytes)
Event: 11.865 Thread 0x000001fb9fc00000 nmethod 2266 0x000001fb8da57690 code [0x000001fb8da579c0, 0x000001fb8da59200]
Event: 11.865 Thread 0x000001fb9fc00000 2267       3       org.objectweb.asm.MethodWriter::visitTypeInsn (116 bytes)
Event: 11.866 Thread 0x000001fb9fc00000 nmethod 2267 0x000001fb8da59e10 code [0x000001fb8da59fc0, 0x000001fb8da5a570]

GC Heap History (10 events):
Event: 8.802 GC heap before
{Heap before GC invocations=4 (full 0):
 PSYoungGen      total 38400K, used 38388K [0x00000000eab00000, 0x00000000ed580000, 0x0000000100000000)
  eden space 33280K, 100% used [0x00000000eab00000,0x00000000ecb80000,0x00000000ecb80000)
  from space 5120K, 99% used [0x00000000ecb80000,0x00000000ed07d1f0,0x00000000ed080000)
  to   space 5120K, 0% used [0x00000000ed080000,0x00000000ed080000,0x00000000ed580000)
 ParOldGen       total 87552K, used 2049K [0x00000000c0000000, 0x00000000c5580000, 0x00000000eab00000)
  object space 87552K, 2% used [0x00000000c0000000,0x00000000c02006e0,0x00000000c5580000)
 Metaspace       used 16492K, capacity 16826K, committed 16896K, reserved 1062912K
  class space    used 2363K, capacity 2513K, committed 2560K, reserved 1048576K
Event: 8.816 GC heap after
Heap after GC invocations=4 (full 0):
 PSYoungGen      total 38400K, used 5104K [0x00000000eab00000, 0x00000000ed580000, 0x0000000100000000)
  eden space 33280K, 0% used [0x00000000eab00000,0x00000000eab00000,0x00000000ecb80000)
  from space 5120K, 99% used [0x00000000ed080000,0x00000000ed57c030,0x00000000ed580000)
  to   space 5120K, 0% used [0x00000000ecb80000,0x00000000ecb80000,0x00000000ed080000)
 ParOldGen       total 87552K, used 5057K [0x00000000c0000000, 0x00000000c5580000, 0x00000000eab00000)
  object space 87552K, 5% used [0x00000000c0000000,0x00000000c04f05c8,0x00000000c5580000)
 Metaspace       used 16492K, capacity 16826K, committed 16896K, reserved 1062912K
  class space    used 2363K, capacity 2513K, committed 2560K, reserved 1048576K
}
Event: 9.898 GC heap before
{Heap before GC invocations=5 (full 0):
 PSYoungGen      total 38400K, used 35498K [0x00000000eab00000, 0x00000000ed580000, 0x0000000100000000)
  eden space 33280K, 91% used [0x00000000eab00000,0x00000000ec8aeba8,0x00000000ecb80000)
  from space 5120K, 99% used [0x00000000ed080000,0x00000000ed57c030,0x00000000ed580000)
  to   space 5120K, 0% used [0x00000000ecb80000,0x00000000ecb80000,0x00000000ed080000)
 ParOldGen       total 87552K, used 5057K [0x00000000c0000000, 0x00000000c5580000, 0x00000000eab00000)
  object space 87552K, 5% used [0x00000000c0000000,0x00000000c04f05c8,0x00000000c5580000)
 Metaspace       used 20907K, capacity 21222K, committed 21248K, reserved 1067008K
  class space    used 2922K, capacity 3060K, committed 3072K, reserved 1048576K
Event: 9.914 GC heap after
Heap after GC invocations=5 (full 0):
 PSYoungGen      total 37888K, used 5092K [0x00000000eab00000, 0x00000000ee100000, 0x0000000100000000)
  eden space 32768K, 0% used [0x00000000eab00000,0x00000000eab00000,0x00000000ecb00000)
  from space 5120K, 99% used [0x00000000ecb80000,0x00000000ed079070,0x00000000ed080000)
  to   space 11264K, 0% used [0x00000000ed600000,0x00000000ed600000,0x00000000ee100000)
 ParOldGen       total 87552K, used 9383K [0x00000000c0000000, 0x00000000c5580000, 0x00000000eab00000)
  object space 87552K, 10% used [0x00000000c0000000,0x00000000c0929d78,0x00000000c5580000)
 Metaspace       used 20907K, capacity 21222K, committed 21248K, reserved 1067008K
  class space    used 2922K, capacity 3060K, committed 3072K, reserved 1048576K
}
Event: 9.914 GC heap before
{Heap before GC invocations=6 (full 1):
 PSYoungGen      total 37888K, used 5092K [0x00000000eab00000, 0x00000000ee100000, 0x0000000100000000)
  eden space 32768K, 0% used [0x00000000eab00000,0x00000000eab00000,0x00000000ecb00000)
  from space 5120K, 99% used [0x00000000ecb80000,0x00000000ed079070,0x00000000ed080000)
  to   space 11264K, 0% used [0x00000000ed600000,0x00000000ed600000,0x00000000ee100000)
 ParOldGen       total 87552K, used 9383K [0x00000000c0000000, 0x00000000c5580000, 0x00000000eab00000)
  object space 87552K, 10% used [0x00000000c0000000,0x00000000c0929d78,0x00000000c5580000)
 Metaspace       used 20907K, capacity 21222K, committed 21248K, reserved 1067008K
  class space    used 2922K, capacity 3060K, committed 3072K, reserved 1048576K
Event: 9.977 GC heap after
Heap after GC invocations=6 (full 1):
 PSYoungGen      total 37888K, used 0K [0x00000000eab00000, 0x00000000ee100000, 0x0000000100000000)
  eden space 32768K, 0% used [0x00000000eab00000,0x00000000eab00000,0x00000000ecb00000)
  from space 5120K, 0% used [0x00000000ecb80000,0x00000000ecb80000,0x00000000ed080000)
  to   space 11264K, 0% used [0x00000000ed600000,0x00000000ed600000,0x00000000ee100000)
 ParOldGen       total 64000K, used 9522K [0x00000000c0000000, 0x00000000c3e80000, 0x00000000eab00000)
  object space 64000K, 14% used [0x00000000c0000000,0x00000000c094cb30,0x00000000c3e80000)
 Metaspace       used 20907K, capacity 21222K, committed 21248K, reserved 1067008K
  class space    used 2922K, capacity 3060K, committed 3072K, reserved 1048576K
}
Event: 10.989 GC heap before
{Heap before GC invocations=7 (full 1):
 PSYoungGen      total 37888K, used 32768K [0x00000000eab00000, 0x00000000ee100000, 0x0000000100000000)
  eden space 32768K, 100% used [0x00000000eab00000,0x00000000ecb00000,0x00000000ecb00000)
  from space 5120K, 0% used [0x00000000ecb80000,0x00000000ecb80000,0x00000000ed080000)
  to   space 11264K, 0% used [0x00000000ed600000,0x00000000ed600000,0x00000000ee100000)
 ParOldGen       total 64000K, used 9522K [0x00000000c0000000, 0x00000000c3e80000, 0x00000000eab00000)
  object space 64000K, 14% used [0x00000000c0000000,0x00000000c094cb30,0x00000000c3e80000)
 Metaspace       used 24496K, capacity 24846K, committed 25088K, reserved 1071104K
  class space    used 3336K, capacity 3517K, committed 3584K, reserved 1048576K
Event: 10.998 GC heap after
Heap after GC invocations=7 (full 1):
 PSYoungGen      total 44032K, used 3988K [0x00000000eab00000, 0x00000000ef280000, 0x0000000100000000)
  eden space 32768K, 0% used [0x00000000eab00000,0x00000000eab00000,0x00000000ecb00000)
  from space 11264K, 35% used [0x00000000ed600000,0x00000000ed9e51d8,0x00000000ee100000)
  to   space 11264K, 0% used [0x00000000ecb00000,0x00000000ecb00000,0x00000000ed600000)
 ParOldGen       total 64000K, used 9530K [0x00000000c0000000, 0x00000000c3e80000, 0x00000000eab00000)
  object space 64000K, 14% used [0x00000000c0000000,0x00000000c094eb30,0x00000000c3e80000)
 Metaspace       used 24496K, capacity 24846K, committed 25088K, reserved 1071104K
  class space    used 3336K, capacity 3517K, committed 3584K, reserved 1048576K
}
Event: 11.883 GC heap before
{Heap before GC invocations=8 (full 1):
 PSYoungGen      total 44032K, used 36756K [0x00000000eab00000, 0x00000000ef280000, 0x0000000100000000)
  eden space 32768K, 100% used [0x00000000eab00000,0x00000000ecb00000,0x00000000ecb00000)
  from space 11264K, 35% used [0x00000000ed600000,0x00000000ed9e51d8,0x00000000ee100000)
  to   space 11264K, 0% used [0x00000000ecb00000,0x00000000ecb00000,0x00000000ed600000)
 ParOldGen       total 64000K, used 9530K [0x00000000c0000000, 0x00000000c3e80000, 0x00000000eab00000)
  object space 64000K, 14% used [0x00000000c0000000,0x00000000c094eb30,0x00000000c3e80000)
 Metaspace       used 27033K, capacity 27442K, committed 27776K, reserved 1073152K
  class space    used 3686K, capacity 3848K, committed 3968K, reserved 1048576K
Event: 11.900 GC heap after
Heap after GC invocations=8 (full 1):
 PSYoungGen      total 44032K, used 5284K [0x00000000eab00000, 0x00000000ef400000, 0x0000000100000000)
  eden space 32768K, 0% used [0x00000000eab00000,0x00000000eab00000,0x00000000ecb00000)
  from space 11264K, 46% used [0x00000000ecb00000,0x00000000ed029048,0x00000000ed600000)
  to   space 10752K, 0% used [0x00000000ee980000,0x00000000ee980000,0x00000000ef400000)
 ParOldGen       total 64000K, used 9538K [0x00000000c0000000, 0x00000000c3e80000, 0x00000000eab00000)
  object space 64000K, 14% used [0x00000000c0000000,0x00000000c0950b30,0x00000000c3e80000)
 Metaspace       used 27033K, capacity 27442K, committed 27776K, reserved 1073152K
  class space    used 3686K, capacity 3848K, committed 3968K, reserved 1048576K
}

Deoptimization events (10 events):
Event: 9.457 Thread 0x000001fb9fc92000 Uncommon trap: reason=class_check action=maybe_recompile pc=0x000001fb8d43cd3c method=sun.misc.URLClassPath.getLoader(I)Lsun/misc/URLClassPath$Loader; @ 94
Event: 9.457 Thread 0x000001fb9fc92000 Uncommon trap: reason=class_check action=maybe_recompile pc=0x000001fb8d7cb600 method=sun.misc.URLClassPath.getResource(Ljava/lang/String;Z)Lsun/misc/Resource; @ 62
Event: 9.457 Thread 0x000001fb9fc92000 Uncommon trap: reason=unstable_if action=reinterpret pc=0x000001fb8d725b68 method=java.lang.String.regionMatches(ZILjava/lang/String;II)Z @ 41
Event: 9.464 Thread 0x000001fb9fc92000 Uncommon trap: reason=unstable_if action=reinterpret pc=0x000001fb8d71ff9c method=java.lang.ClassLoader.getClassLoadingLock(Ljava/lang/String;)Ljava/lang/Object; @ 6
Event: 9.978 Thread 0x000001fb9f48f800 Uncommon trap: reason=unstable_if action=reinterpret pc=0x000001fb8d35f3d0 method=java.lang.ref.Reference.tryHandlePending(Z)Z @ 104
Event: 10.493 Thread 0x000001fb9fc92000 Uncommon trap: reason=unstable_if action=reinterpret pc=0x000001fb8d51f070 method=java.util.LinkedHashMap.afterNodeInsertion(Z)V @ 1
Event: 10.917 Thread 0x000001fb9fc92000 Uncommon trap: reason=unstable_if action=reinterpret pc=0x000001fb8d7154a4 method=java.util.HashMap.hash(Ljava/lang/Object;)I @ 1
Event: 11.155 Thread 0x000001fb9fc92000 Uncommon trap: reason=unstable_if action=reinterpret pc=0x000001fb8d4c9544 method=java.util.HashMap.getNode(ILjava/lang/Object;)Ljava/util/HashMap$Node; @ 53
Event: 11.156 Thread 0x000001fb9fc92000 Uncommon trap: reason=unstable_if action=reinterpret pc=0x000001fb8d6ef168 method=java.util.HashMap.hash(Ljava/lang/Object;)I @ 1
Event: 11.156 Thread 0x000001fb9fc92000 Uncommon trap: reason=unstable_if action=reinterpret pc=0x000001fb8d6e7190 method=java.util.HashMap.putVal(ILjava/lang/Object;Ljava/lang/Object;ZZ)Ljava/lang/Object; @ 85

Classes redefined (0 events):
No events

Internal exceptions (10 events):
Event: 11.732 Thread 0x000001fb9fc92000 Exception <a 'java/lang/ClassNotFoundException': org/gradle/api/internal/DefaultNamedDomainObjectCollectionBeanInfo> (0x00000000ec714bd0) thrown at [C:\cygwin64\tmp\openjdk-jdk8u-windows-x64-hotspot\workspace\build\src\hotspot\src\share\vm\classfile\syste
Event: 11.735 Thread 0x000001fb9fc92000 Exception <a 'java/lang/ClassNotFoundException': org/gradle/api/internal/DefaultDomainObjectCollectionBeanInfo> (0x00000000ec743670) thrown at [C:\cygwin64\tmp\openjdk-jdk8u-windows-x64-hotspot\workspace\build\src\hotspot\src\share\vm\classfile\systemDict
Event: 11.736 Thread 0x000001fb9fc92000 Exception <a 'java/lang/ClassNotFoundException': java/util/AbstractCollectionBeanInfo> (0x00000000ec7476b8) thrown at [C:\cygwin64\tmp\openjdk-jdk8u-windows-x64-hotspot\workspace\build\src\hotspot\src\share\vm\classfile\systemDictionary.cpp, line 210]
Event: 11.736 Thread 0x000001fb9fc92000 Exception <a 'java/lang/ClassNotFoundException': java/util/AbstractCollectionCustomizer> (0x00000000ec74b7b0) thrown at [C:\cygwin64\tmp\openjdk-jdk8u-windows-x64-hotspot\workspace\build\src\hotspot\src\share\vm\classfile\systemDictionary.cpp, line 210]
Event: 11.745 Thread 0x000001fb9fc92000 Exception <a 'java/lang/ClassNotFoundException': org/gradle/api/internal/DefaultDomainObjectCollectionCustomizer> (0x00000000ec786ae8) thrown at [C:\cygwin64\tmp\openjdk-jdk8u-windows-x64-hotspot\workspace\build\src\hotspot\src\share\vm\classfile\systemDi
Event: 11.752 Thread 0x000001fb9fc92000 Exception <a 'java/lang/ClassNotFoundException': org/gradle/api/internal/DefaultNamedDomainObjectCollectionCustomizer> (0x00000000ec7e16a8) thrown at [C:\cygwin64\tmp\openjdk-jdk8u-windows-x64-hotspot\workspace\build\src\hotspot\src\share\vm\classfile\sys
Event: 11.762 Thread 0x000001fb9fc92000 Exception <a 'java/lang/ClassNotFoundException': org/gradle/api/internal/DefaultNamedDomainObjectListCustomizer> (0x00000000ec857a80) thrown at [C:\cygwin64\tmp\openjdk-jdk8u-windows-x64-hotspot\workspace\build\src\hotspot\src\share\vm\classfile\systemDic
Event: 11.772 Thread 0x000001fb9fc92000 Exception <a 'java/lang/ClassNotFoundException': org/gradle/api/internal/artifacts/DefaultArtifactRepositoryContainerCustomizer> (0x00000000ec8cb800) thrown at [C:\cygwin64\tmp\openjdk-jdk8u-windows-x64-hotspot\workspace\build\src\hotspot\src\share\vm\cla
Event: 11.776 Thread 0x000001fb9fc92000 Exception <a 'java/lang/ClassNotFoundException': org/gradle/api/internal/artifacts/dsl/DefaultRepositoryHandlerCustomizer> (0x00000000ec931978) thrown at [C:\cygwin64\tmp\openjdk-jdk8u-windows-x64-hotspot\workspace\build\src\hotspot\src\share\vm\classfile
Event: 11.784 Thread 0x000001fb9fc92000 Exception <a 'java/lang/ClassNotFoundException': org/gradle/api/internal/artifacts/dsl/DefaultRepositoryHandler_DecoratedCustomizer> (0x00000000ec9a0ec0) thrown at [C:\cygwin64\tmp\openjdk-jdk8u-windows-x64-hotspot\workspace\build\src\hotspot\src\share\vm

Events (10 events):
Event: 11.902 Executing VM operation: RevokeBias
Event: 11.903 Executing VM operation: RevokeBias done
Event: 11.903 Executing VM operation: RevokeBias
Event: 11.903 Executing VM operation: RevokeBias done
Event: 11.903 Executing VM operation: RevokeBias
Event: 11.903 Executing VM operation: RevokeBias done
Event: 11.903 Executing VM operation: RevokeBias
Event: 11.903 Executing VM operation: RevokeBias done
Event: 11.903 loading class org/gradle/api/Named$Namer
Event: 11.903 loading class org/gradle/api/Named$Namer done


Dynamic libraries:
0x00007ff6e4060000 - 0x00007ff6e409a000 	C:\Users\ervin_1nmnhvl\.jdks\adopt-openjdk-1.8.0_232\bin\java.exe
0x00007ffa00410000 - 0x00007ffa00606000 	C:\WINDOWS\SYSTEM32\ntdll.dll
0x00007ff9ffb50000 - 0x00007ff9ffc0d000 	C:\WINDOWS\System32\KERNEL32.DLL
0x00007ff9fe1b0000 - 0x00007ff9fe478000 	C:\WINDOWS\System32\KERNELBASE.dll
0x00007ffa00320000 - 0x00007ffa003ca000 	C:\WINDOWS\System32\ADVAPI32.dll
0x00007ff9ff850000 - 0x00007ff9ff8ee000 	C:\WINDOWS\System32\msvcrt.dll
0x00007ff9feee0000 - 0x00007ff9fef7b000 	C:\WINDOWS\System32\sechost.dll
0x00007ff9ffdc0000 - 0x00007ff9ffee4000 	C:\WINDOWS\System32\RPCRT4.dll
0x00007ff9fff20000 - 0x00007ffa000c0000 	C:\WINDOWS\System32\USER32.dll
0x00007ff9fe0d0000 - 0x00007ff9fe0f2000 	C:\WINDOWS\System32\win32u.dll
0x00007ff9fe480000 - 0x00007ff9fe4aa000 	C:\WINDOWS\System32\GDI32.dll
0x00007ff9fdfc0000 - 0x00007ff9fe0c9000 	C:\WINDOWS\System32\gdi32full.dll
0x00007ff9fdec0000 - 0x00007ff9fdf5d000 	C:\WINDOWS\System32\msvcp_win.dll
0x00007ff9fdd70000 - 0x00007ff9fde70000 	C:\WINDOWS\System32\ucrtbase.dll
0x00007ff9fce70000 - 0x00007ff9fd10b000 	C:\WINDOWS\WinSxS\amd64_microsoft.windows.common-controls_6595b64144ccf1df_6.0.19041.488_none_ca04af081b815d21\COMCTL32.dll
0x00007ff9feb50000 - 0x00007ff9feb80000 	C:\WINDOWS\System32\IMM32.DLL
0x00007ff9f4a30000 - 0x00007ff9f4b1f000 	C:\Users\ervin_1nmnhvl\.jdks\adopt-openjdk-1.8.0_232\jre\bin\msvcr120.dll
0x00007ff9e5220000 - 0x00007ff9e52c6000 	C:\Users\ervin_1nmnhvl\.jdks\adopt-openjdk-1.8.0_232\jre\bin\msvcp120.dll
0x000000005a1e0000 - 0x000000005a9df000 	C:\Users\ervin_1nmnhvl\.jdks\adopt-openjdk-1.8.0_232\jre\bin\server\jvm.dll
0x00007ff9ffc10000 - 0x00007ff9ffc18000 	C:\WINDOWS\System32\PSAPI.DLL
0x00007ff9f5d10000 - 0x00007ff9f5d1a000 	C:\WINDOWS\SYSTEM32\VERSION.dll
0x00007ff9f6380000 - 0x00007ff9f63a7000 	C:\WINDOWS\SYSTEM32\WINMM.dll
0x00007ff9d9510000 - 0x00007ff9d9519000 	C:\WINDOWS\SYSTEM32\WSOCK32.dll
0x00007ff9ffc20000 - 0x00007ff9ffc8b000 	C:\WINDOWS\System32\WS2_32.dll
0x00007ff9fb680000 - 0x00007ff9fb68f000 	C:\Users\ervin_1nmnhvl\.jdks\adopt-openjdk-1.8.0_232\jre\bin\verify.dll
0x00007ff9f4de0000 - 0x00007ff9f4e08000 	C:\Users\ervin_1nmnhvl\.jdks\adopt-openjdk-1.8.0_232\jre\bin\java.dll
0x00007ff9f7080000 - 0x00007ff9f7096000 	C:\Users\ervin_1nmnhvl\.jdks\adopt-openjdk-1.8.0_232\jre\bin\zip.dll
0x00007ff9ff110000 - 0x00007ff9ff850000 	C:\WINDOWS\System32\SHELL32.dll
0x00007ff9fadb0000 - 0x00007ff9fb544000 	C:\WINDOWS\SYSTEM32\windows.storage.dll
0x00007ff9feb80000 - 0x00007ff9feed5000 	C:\WINDOWS\System32\combase.dll
0x00007ff9fcdd0000 - 0x00007ff9fcdfc000 	C:\WINDOWS\SYSTEM32\Wldp.dll
0x00007ff9ffd10000 - 0x00007ff9ffdbe000 	C:\WINDOWS\System32\SHCORE.dll
0x00007ff9ff8f0000 - 0x00007ff9ff945000 	C:\WINDOWS\System32\shlwapi.dll
0x00007ff9fda90000 - 0x00007ff9fdab6000 	C:\WINDOWS\SYSTEM32\profapi.dll
0x00007ff9f63f0000 - 0x00007ff9f640a000 	C:\Users\ervin_1nmnhvl\.jdks\adopt-openjdk-1.8.0_232\jre\bin\net.dll
0x00007ff9fcd00000 - 0x00007ff9fcd6a000 	C:\WINDOWS\system32\mswsock.dll
0x00007ff9f52b0000 - 0x00007ff9f52c2000 	C:\Users\ervin_1nmnhvl\.jdks\adopt-openjdk-1.8.0_232\jre\bin\nio.dll
0x00007ff9f7460000 - 0x00007ff9f747e000 	C:\Users\ervin_1nmnhvl\.gradle\native\25\windows-amd64\native-platform.dll
0x00007ff9f8760000 - 0x00007ff9f876d000 	C:\Users\ervin_1nmnhvl\.jdks\adopt-openjdk-1.8.0_232\jre\bin\management.dll
0x00007ff9fd820000 - 0x00007ff9fd838000 	C:\WINDOWS\SYSTEM32\CRYPTSP.dll
0x00007ff9fc470000 - 0x00007ff9fc4a4000 	C:\WINDOWS\system32\rsaenh.dll
0x00007ff9fdcc0000 - 0x00007ff9fdce7000 	C:\WINDOWS\System32\bcrypt.dll
0x00007ff9fda50000 - 0x00007ff9fda7e000 	C:\WINDOWS\SYSTEM32\USERENV.dll
0x00007ff9fdcf0000 - 0x00007ff9fdd6f000 	C:\WINDOWS\System32\bcryptprimitives.dll
0x00007ff9fcd90000 - 0x00007ff9fcd9c000 	C:\WINDOWS\SYSTEM32\CRYPTBASE.dll
0x00007ff9fc8b0000 - 0x00007ff9fc8eb000 	C:\WINDOWS\SYSTEM32\IPHLPAPI.DLL
0x00007ff9fff10000 - 0x00007ff9fff19000 	C:\WINDOWS\System32\NSI.dll
0x00007ff9f3d30000 - 0x00007ff9f3d47000 	C:\WINDOWS\SYSTEM32\dhcpcsvc6.DLL
0x00007ff9f3d10000 - 0x00007ff9f3d2d000 	C:\WINDOWS\SYSTEM32\dhcpcsvc.DLL
0x00007ff9fc8f0000 - 0x00007ff9fc9bb000 	C:\WINDOWS\SYSTEM32\DNSAPI.dll

VM Arguments:
jvm_args: -XX:+HeapDumpOnOutOfMemoryError -Xmx1024m -Dfile.encoding=windows-1250 -Duser.country=HU -Duser.language=hu -Duser.variant 
java_command: org.gradle.launcher.daemon.bootstrap.GradleDaemon 4.10.3
java_class_path (initial): C:\Users\ervin_1nmnhvl\.gradle\wrapper\dists\gradle-4.10.3-bin\31t79e2qsceia4mkbojplrgx\gradle-4.10.3\lib\gradle-launcher-4.10.3.jar
Launcher Type: SUN_STANDARD

Environment Variables:
JAVA_HOME=C:\Program Files\Java\jdk-11.0.4
PATH=C:\Program Files\Docker\Docker\Resources\bin;C:\ProgramData\Oracle\Java\javapath;C:\WINDOWS\system32;C:\WINDOWS;C:\WINDOWS\System32\Wbem;C:\WINDOWS\System32\WindowsPowerShell\v1.0\;C:\Program Files (x86)\cloudControl;C:\Program Files\Git\cmd;C:\bin;C:\Program Files (x86)\Windows Kits\8.1\Windows Performance Toolkit\;C:\Program Files (x86)\PuTTY\;C:\Program Files (x86)\Nodist\bin;G:\save\sdk\android\tools;G:\save\sdk\android\platform-tools;C:\boxfuse;C:\Program Files (x86)\Skype\Phone\;C:\Program Files (x86)\GtkSharp\2.12\bin;C:\Program Files (x86)\IVI Foundation\VISA\WinNT\Bin;C:\WINDOWS\system32;C:\WINDOWS;C:\WINDOWS\System32\Wbem;C:\WINDOWS\System32\WindowsPowerShell\v1.0\;;C:\WINDOWS\System32\OpenSSH\;C:\Users\ervin_1nmnhvl\AppData\Local\Microsoft\WindowsApps;
USERNAME=ervin_1nmnhvl
OS=Windows_NT
PROCESSOR_IDENTIFIER=Intel64 Family 6 Model 42 Stepping 7, GenuineIntel



---------------  S Y S T E M  ---------------

OS: Windows 10.0 , 64 bit Build 19041 (10.0.19041.546)

CPU:total 4 (initial active 4) (2 cores per cpu, 2 threads per core) family 6 model 42 stepping 7, cmov, cx8, fxsr, mmx, sse, sse2, sse3, ssse3, sse4.1, sse4.2, popcnt, avx, aes, clmul, ht, tsc, tscinvbit

Memory: 4k page, physical 8266764k(1292000k free), swap 10363916k(6084k free)

vm_info: OpenJDK 64-Bit Server VM (25.232-b09) for windows-amd64 JRE (1.8.0_232-b09), built on Oct 18 2019 15:06:13 by "jenkins" with MS VC++ 12.0 (VS2013)

time: Thu Nov 05 13:23:19 2020
timezone: Közép-európai téli ido 
elapsed time: 11 seconds (0d 0h 0m 11s)

