#
# There is insufficient memory for the Java Runtime Environment to continue.
# Native memory allocation (malloc) failed to allocate 714896 bytes for Chunk::new
# Possible reasons:
#   The system is out of physical RAM or swap space
#   The process is running with CompressedOops enabled, and the Java Heap may be blocking the growth of the native heap
# Possible solutions:
#   Reduce memory load on the system
#   Increase physical memory or swap space
#   Check if swap backing store is full
#   Decrease Java heap size (-Xmx/-Xms)
#   Decrease number of Java threads
#   Decrease Java thread stack sizes (-Xss)
#   Set larger code cache with -XX:ReservedCodeCacheSize=
#   JVM is running with Unscaled Compressed Oops mode in which the Java heap is
#     placed in the first 4GB address space. The Java Heap base address is the
#     maximum limit for the native heap growth. Please use -XX:HeapBaseMinAddress
#     to set the Java Heap base and to place the Java Heap above 4GB virtual address.
# This output file may be truncated or incomplete.
#
#  Out of Memory Error (allocation.cpp:389), pid=2472, tid=0x0000000000001d30
#
# JRE version: OpenJDK Runtime Environment (8.0_232-b09) (build 1.8.0_232-b09)
# Java VM: OpenJDK 64-Bit Server VM (25.232-b09 mixed mode windows-amd64 compressed oops)
# Failed to write core dump. Minidumps are not enabled by default on client versions of Windows
#

---------------  T H R E A D  ---------------

Current thread (0x00000252f8cfe000):  JavaThread "C2 CompilerThread0" daemon [_thread_in_native, id=7472, stack(0x000000e157800000,0x000000e157900000)]

Stack: [0x000000e157800000,0x000000e157900000]
[error occurred during error reporting (printing stack bounds), id 0xc0000005]

Native frames: (J=compiled Java code, j=interpreted, Vv=VM code, C=native code)


Current CompileTask:
C2:  74944 5843 %     4       java.io.WinNTFileSystem::normalize @ 22 (143 bytes)


---------------  P R O C E S S  ---------------

Java Threads: ( => current thread )
  0x00000252fa46a000 JavaThread "Cache worker for Build Output Cleanup Cache (C:\save\modding\ervin_mod_1\.gradle\buildOutputCleanup)" [_thread_blocked, id=15040, stack(0x000000e159800000,0x000000e159900000)]
  0x00000252fa46a800 JavaThread "Cache worker for task history cache (C:\save\modding\ervin_mod_1\.gradle\4.10.3\taskHistory)" [_thread_blocked, id=4816, stack(0x000000e159600000,0x000000e159700000)]
  0x00000252fb04a800 JavaThread "Task worker for ':' Thread 3" [_thread_blocked, id=15192, stack(0x000000e159500000,0x000000e159600000)]
  0x00000252fb04c000 JavaThread "Task worker for ':' Thread 2" [_thread_blocked, id=10260, stack(0x000000e159400000,0x000000e159500000)]
  0x00000252fb049800 JavaThread "Task worker for ':'" [_thread_blocked, id=5392, stack(0x000000e159300000,0x000000e159400000)]
  0x00000252fb049000 JavaThread "Cache worker for file content cache (C:\save\modding\ervin_mod_1\.gradle\4.10.3\fileContent)" [_thread_blocked, id=8884, stack(0x000000e159200000,0x000000e159300000)]
  0x00000252fb04d800 JavaThread "Cache worker for file content cache (C:\Users\ervin_1nmnhvl\.gradle\caches\4.10.3\fileContent)" [_thread_blocked, id=4828, stack(0x000000e159000000,0x000000e159100000)]
  0x00000252fb04b000 JavaThread "Memory manager" [_thread_blocked, id=13536, stack(0x000000e158f00000,0x000000e159000000)]
  0x00000252fb048000 JavaThread "Keep-Alive-Timer" daemon [_thread_blocked, id=9928, stack(0x000000e158e00000,0x000000e158f00000)]
  0x00000252fb046800 JavaThread "Build operations Thread 4" [_thread_blocked, id=2192, stack(0x000000e158d00000,0x000000e158e00000)]
  0x00000252fb040800 JavaThread "Build operations Thread 3" [_thread_blocked, id=10996, stack(0x000000e158a00000,0x000000e158b00000)]
  0x00000252fb047800 JavaThread "Build operations Thread 2" [_thread_blocked, id=13028, stack(0x000000e158900000,0x000000e158a00000)]
  0x00000252fb03f000 JavaThread "Build operations" [_thread_blocked, id=5536, stack(0x000000e158700000,0x000000e158800000)]
  0x00000252fb043000 JavaThread "Cache worker for cache directory md-rule (C:\Users\ervin_1nmnhvl\.gradle\caches\4.10.3\md-rule)" [_thread_blocked, id=4548, stack(0x000000e158400000,0x000000e158500000)]
  0x00000252fb045000 JavaThread "Cache worker for cache directory md-supplier (C:\Users\ervin_1nmnhvl\.gradle\caches\4.10.3\md-supplier)" [_thread_blocked, id=14612, stack(0x000000e158300000,0x000000e158400000)]
  0x00000252fb040000 JavaThread "Cache worker for file hash cache (C:\save\modding\ervin_mod_1\.gradle\4.10.3\fileHashes)" [_thread_blocked, id=10776, stack(0x000000e158100000,0x000000e158200000)]
  0x00000252fb043800 JavaThread "Stdin handler" [_thread_blocked, id=4324, stack(0x000000e158000000,0x000000e158100000)]
  0x00000252fb044800 JavaThread "Asynchronous log dispatcher for DefaultDaemonConnection: socket connection from /127.0.0.1:64746 to /127.0.0.1:64804" [_thread_blocked, id=6212, stack(0x000000e156d00000,0x000000e156e00000)]
  0x00000252fb046000 JavaThread "Cancel handler" [_thread_blocked, id=13796, stack(0x000000e156c00000,0x000000e156d00000)]
  0x00000252fb03e800 JavaThread "Handler for socket connection from /127.0.0.1:64746 to /127.0.0.1:64804" [_thread_in_native, id=10024, stack(0x000000e156b00000,0x000000e156c00000)]
  0x00000252fa46b800 JavaThread "Cache worker for Artifact transforms cache (C:\Users\ervin_1nmnhvl\.gradle\caches\transforms-1)" [_thread_blocked, id=1192, stack(0x000000e158b00000,0x000000e158c00000)]
  0x00000252fa467800 JavaThread "Cache worker for journal cache (C:\Users\ervin_1nmnhvl\.gradle\caches\journal-1)" [_thread_blocked, id=4456, stack(0x000000e158800000,0x000000e158900000)]
  0x00000252fb587800 JavaThread "File lock request listener" [_thread_in_native, id=12056, stack(0x000000e158600000,0x000000e158700000)]
  0x00000252fb7c5800 JavaThread "Cache worker for file hash cache (C:\Users\ervin_1nmnhvl\.gradle\caches\4.10.3\fileHashes)" [_thread_blocked, id=9504, stack(0x000000e158500000,0x000000e158600000)]
  0x00000252f98d8000 JavaThread "Daemon worker" [_thread_in_native, id=13968, stack(0x000000e158200000,0x000000e158300000)]
  0x00000252f9ba8000 JavaThread "Daemon" [_thread_blocked, id=1004, stack(0x000000e157f00000,0x000000e158000000)]
  0x00000252f9ab5800 JavaThread "Daemon periodic checks" [_thread_blocked, id=13328, stack(0x000000e157e00000,0x000000e157f00000)]
  0x00000252fa80c000 JavaThread "Incoming local TCP Connector on port 64746" [_thread_in_native, id=5860, stack(0x000000e157d00000,0x000000e157e00000)]
  0x00000252f8d99800 JavaThread "Service Thread" daemon [_thread_blocked, id=13100, stack(0x000000e157b00000,0x000000e157c00000)]
  0x00000252f8d13000 JavaThread "C1 CompilerThread2" daemon [_thread_blocked, id=11316, stack(0x000000e157a00000,0x000000e157b00000)]
  0x00000252f8d00800 JavaThread "C2 CompilerThread1" daemon [_thread_blocked, id=5624, stack(0x000000e157900000,0x000000e157a00000)]
=>0x00000252f8cfe000 JavaThread "C2 CompilerThread0" daemon [_thread_in_native, id=7472, stack(0x000000e157800000,0x000000e157900000)]
  0x00000252f8cf7000 JavaThread "Attach Listener" daemon [_thread_blocked, id=11812, stack(0x000000e157700000,0x000000e157800000)]
  0x00000252f8cf6000 JavaThread "Signal Dispatcher" daemon [_thread_blocked, id=12928, stack(0x000000e157600000,0x000000e157700000)]
  0x00000252f85a7000 JavaThread "Finalizer" daemon [_thread_blocked, id=9824, stack(0x000000e157500000,0x000000e157600000)]
  0x00000252f8cd6000 JavaThread "Reference Handler" daemon [_thread_blocked, id=292, stack(0x000000e157400000,0x000000e157500000)]
  0x00000252f39d7000 JavaThread "main" [_thread_blocked, id=2456, stack(0x000000e156e00000,0x000000e156f00000)]

Other Threads:
  0x00000252f8cb4800 VMThread [stack: 0x000000e157300000,0x000000e157400000] [id=12776]
  0x00000252f8d9c000 WatcherThread [stack: 0x000000e157c00000,0x000000e157d00000] [id=14640]

VM state:not at safepoint (normal execution)

VM Mutex/Monitor currently owned by a thread: None

heap address: 0x00000000c0000000, size: 1024 MB, Compressed Oops mode: 32-bit
Narrow klass base: 0x0000000000000000, Narrow klass shift: 3
Compressed class space size: 1073741824 Address: 0x0000000100000000

Heap:
 PSYoungGen      total 147456K, used 96143K [0x00000000eab00000, 0x00000000f5f00000, 0x0000000100000000)
  eden space 125440K, 71% used [0x00000000eab00000,0x00000000f0292d30,0x00000000f2580000)
  from space 22016K, 29% used [0x00000000f2580000,0x00000000f2bd1230,0x00000000f3b00000)
  to   space 20992K, 0% used [0x00000000f4a80000,0x00000000f4a80000,0x00000000f5f00000)
 ParOldGen       total 169984K, used 53707K [0x00000000c0000000, 0x00000000ca600000, 0x00000000eab00000)
  object space 169984K, 31% used [0x00000000c0000000,0x00000000c3472e30,0x00000000ca600000)
 Metaspace       used 47645K, capacity 48618K, committed 48856K, reserved 1091584K
  class space    used 6510K, capacity 6844K, committed 6912K, reserved 1048576K

Card table byte_map: [0x00000252f5740000,0x00000252f5950000] byte_map_base: 0x00000252f5140000

Marking Bits: (ParMarkBitMap*) 0x000000005c065f70
 Begin Bits: [0x00000252f5ab0000, 0x00000252f6ab0000)
 End Bits:   [0x00000252f6ab0000, 0x00000252f7ab0000)

Polling page: 0x00000252f3970000

CodeCache: size=245760Kb used=16902Kb max_used=16915Kb free=228857Kb
 bounds [0x0000025280000000, 0x00000252810a0000, 0x000002528f000000]
 total_blobs=5944 nmethods=5165 adapters=691
 compilation: enabled

Compilation events (10 events):
Event: 74.907 Thread 0x00000252f8d13000 5849       3       sun.nio.fs.WindowsFileAttributes::isSameFile (39 bytes)
Event: 74.908 Thread 0x00000252f8d13000 nmethod 5849 0x0000025281092a90 code [0x0000025281092c00, 0x0000025281092e18]
Event: 74.916 Thread 0x00000252f8d00800 5850       4       org.gradle.api.internal.changedetection.state.mirror.MirrorUpdatingDirectoryWalker$PathBackedFileTreeElement::getRelativePath (84 bytes)
Event: 74.918 Thread 0x00000252f8d13000 5851       3       org.gradle.internal.hash.Hashing$MessageDigestHasher::update (29 bytes)
Event: 74.918 Thread 0x00000252f8d13000 nmethod 5851 0x0000025281092ed0 code [0x00000252810930a0, 0x00000252810937c0]
Event: 74.933 Thread 0x00000252f8d13000 5852       3       org.gradle.caching.internal.DefaultBuildCacheHasher::<init> (22 bytes)
Event: 74.934 Thread 0x00000252f8d13000 nmethod 5852 0x0000025281093b10 code [0x0000025281093d00, 0x0000025281094740]
Event: 74.934 Thread 0x00000252f8d13000 5853       3       org.gradle.caching.internal.DefaultBuildCacheHasher::hash (27 bytes)
Event: 74.934 Thread 0x00000252f8d13000 nmethod 5853 0x0000025281094dd0 code [0x0000025281094f80, 0x00000252810955c0]
Event: 74.936 Thread 0x00000252f8d00800 nmethod 5850 0x0000025281098d50 code [0x0000025281098ee0, 0x0000025281099758]

GC Heap History (10 events):
Event: 20.773 GC heap before
{Heap before GC invocations=16 (full 3):
 PSYoungGen      total 107520K, used 19425K [0x00000000eab00000, 0x00000000f4500000, 0x0000000100000000)
  eden space 87552K, 0% used [0x00000000eab00000,0x00000000eab00000,0x00000000f0080000)
  from space 19968K, 97% used [0x00000000f0080000,0x00000000f1378730,0x00000000f1400000)
  to   space 22528K, 0% used [0x00000000f2f00000,0x00000000f2f00000,0x00000000f4500000)
 ParOldGen       total 89088K, used 68022K [0x00000000c0000000, 0x00000000c5700000, 0x00000000eab00000)
  object space 89088K, 76% used [0x00000000c0000000,0x00000000c426d930,0x00000000c5700000)
 Metaspace       used 42666K, capacity 43500K, committed 43736K, reserved 1087488K
  class space    used 5821K, capacity 6102K, committed 6144K, reserved 1048576K
Event: 20.986 GC heap after
Heap after GC invocations=16 (full 3):
 PSYoungGen      total 107520K, used 0K [0x00000000eab00000, 0x00000000f4500000, 0x0000000100000000)
  eden space 87552K, 0% used [0x00000000eab00000,0x00000000eab00000,0x00000000f0080000)
  from space 19968K, 0% used [0x00000000f0080000,0x00000000f0080000,0x00000000f1400000)
  to   space 22528K, 0% used [0x00000000f2f00000,0x00000000f2f00000,0x00000000f4500000)
 ParOldGen       total 169984K, used 53675K [0x00000000c0000000, 0x00000000ca600000, 0x00000000eab00000)
  object space 169984K, 31% used [0x00000000c0000000,0x00000000c346ae30,0x00000000ca600000)
 Metaspace       used 42666K, capacity 43500K, committed 43736K, reserved 1087488K
  class space    used 5821K, capacity 6102K, committed 6144K, reserved 1048576K
}
Event: 21.587 GC heap before
{Heap before GC invocations=17 (full 3):
 PSYoungGen      total 107520K, used 87552K [0x00000000eab00000, 0x00000000f4500000, 0x0000000100000000)
  eden space 87552K, 100% used [0x00000000eab00000,0x00000000f0080000,0x00000000f0080000)
  from space 19968K, 0% used [0x00000000f0080000,0x00000000f0080000,0x00000000f1400000)
  to   space 22528K, 0% used [0x00000000f2f00000,0x00000000f2f00000,0x00000000f4500000)
 ParOldGen       total 169984K, used 53675K [0x00000000c0000000, 0x00000000ca600000, 0x00000000eab00000)
  object space 169984K, 31% used [0x00000000c0000000,0x00000000c346ae30,0x00000000ca600000)
 Metaspace       used 44700K, capacity 45710K, committed 45912K, reserved 1089536K
  class space    used 6141K, capacity 6433K, committed 6528K, reserved 1048576K
Event: 21.591 GC heap after
Heap after GC invocations=17 (full 3):
 PSYoungGen      total 123904K, used 1613K [0x00000000eab00000, 0x00000000f4000000, 0x0000000100000000)
  eden space 106496K, 0% used [0x00000000eab00000,0x00000000eab00000,0x00000000f1300000)
  from space 17408K, 9% used [0x00000000f2f00000,0x00000000f30935f8,0x00000000f4000000)
  to   space 23040K, 0% used [0x00000000f1300000,0x00000000f1300000,0x00000000f2980000)
 ParOldGen       total 169984K, used 53683K [0x00000000c0000000, 0x00000000ca600000, 0x00000000eab00000)
  object space 169984K, 31% used [0x00000000c0000000,0x00000000c346ce30,0x00000000ca600000)
 Metaspace       used 44700K, capacity 45710K, committed 45912K, reserved 1089536K
  class space    used 6141K, capacity 6433K, committed 6528K, reserved 1048576K
}
Event: 71.199 GC heap before
{Heap before GC invocations=18 (full 3):
 PSYoungGen      total 123904K, used 101217K [0x00000000eab00000, 0x00000000f4000000, 0x0000000100000000)
  eden space 106496K, 93% used [0x00000000eab00000,0x00000000f0c45038,0x00000000f1300000)
  from space 17408K, 9% used [0x00000000f2f00000,0x00000000f30935f8,0x00000000f4000000)
  to   space 23040K, 0% used [0x00000000f1300000,0x00000000f1300000,0x00000000f2980000)
 ParOldGen       total 169984K, used 53683K [0x00000000c0000000, 0x00000000ca600000, 0x00000000eab00000)
  object space 169984K, 31% used [0x00000000c0000000,0x00000000c346ce30,0x00000000ca600000)
 Metaspace       used 45493K, capacity 46480K, committed 46680K, reserved 1089536K
  class space    used 6210K, capacity 6518K, committed 6528K, reserved 1048576K
Event: 71.217 GC heap after
Heap after GC invocations=18 (full 3):
 PSYoungGen      total 129536K, used 10721K [0x00000000eab00000, 0x00000000f5080000, 0x0000000100000000)
  eden space 106496K, 0% used [0x00000000eab00000,0x00000000eab00000,0x00000000f1300000)
  from space 23040K, 46% used [0x00000000f1300000,0x00000000f1d78500,0x00000000f2980000)
  to   space 22016K, 0% used [0x00000000f3b00000,0x00000000f3b00000,0x00000000f5080000)
 ParOldGen       total 169984K, used 53691K [0x00000000c0000000, 0x00000000ca600000, 0x00000000eab00000)
  object space 169984K, 31% used [0x00000000c0000000,0x00000000c346ee30,0x00000000ca600000)
 Metaspace       used 45493K, capacity 46480K, committed 46680K, reserved 1089536K
  class space    used 6210K, capacity 6518K, committed 6528K, reserved 1048576K
}
Event: 71.905 GC heap before
{Heap before GC invocations=19 (full 3):
 PSYoungGen      total 129536K, used 117217K [0x00000000eab00000, 0x00000000f5080000, 0x0000000100000000)
  eden space 106496K, 100% used [0x00000000eab00000,0x00000000f1300000,0x00000000f1300000)
  from space 23040K, 46% used [0x00000000f1300000,0x00000000f1d78500,0x00000000f2980000)
  to   space 22016K, 0% used [0x00000000f3b00000,0x00000000f3b00000,0x00000000f5080000)
 ParOldGen       total 169984K, used 53691K [0x00000000c0000000, 0x00000000ca600000, 0x00000000eab00000)
  object space 169984K, 31% used [0x00000000c0000000,0x00000000c346ee30,0x00000000ca600000)
 Metaspace       used 46544K, capacity 47510K, committed 47576K, reserved 1089536K
  class space    used 6362K, capacity 6648K, committed 6656K, reserved 1048576K
Event: 71.911 GC heap after
Heap after GC invocations=19 (full 3):
 PSYoungGen      total 147456K, used 2706K [0x00000000eab00000, 0x00000000f5280000, 0x0000000100000000)
  eden space 125440K, 0% used [0x00000000eab00000,0x00000000eab00000,0x00000000f2580000)
  from space 22016K, 12% used [0x00000000f3b00000,0x00000000f3da4b10,0x00000000f5080000)
  to   space 22016K, 0% used [0x00000000f2580000,0x00000000f2580000,0x00000000f3b00000)
 ParOldGen       total 169984K, used 53699K [0x00000000c0000000, 0x00000000ca600000, 0x00000000eab00000)
  object space 169984K, 31% used [0x00000000c0000000,0x00000000c3470e30,0x00000000ca600000)
 Metaspace       used 46544K, capacity 47510K, committed 47576K, reserved 1089536K
  class space    used 6362K, capacity 6648K, committed 6656K, reserved 1048576K
}
Event: 74.234 GC heap before
{Heap before GC invocations=20 (full 3):
 PSYoungGen      total 147456K, used 128099K [0x00000000eab00000, 0x00000000f5280000, 0x0000000100000000)
  eden space 125440K, 99% used [0x00000000eab00000,0x00000000f2574458,0x00000000f2580000)
  from space 22016K, 12% used [0x00000000f3b00000,0x00000000f3da4b10,0x00000000f5080000)
  to   space 22016K, 0% used [0x00000000f2580000,0x00000000f2580000,0x00000000f3b00000)
 ParOldGen       total 169984K, used 53699K [0x00000000c0000000, 0x00000000ca600000, 0x00000000eab00000)
  object space 169984K, 31% used [0x00000000c0000000,0x00000000c3470e30,0x00000000ca600000)
 Metaspace       used 47456K, capacity 48490K, committed 48856K, reserved 1091584K
  class space    used 6501K, capacity 6844K, committed 6912K, reserved 1048576K
Event: 74.253 GC heap after
Heap after GC invocations=20 (full 3):
 PSYoungGen      total 147456K, used 6468K [0x00000000eab00000, 0x00000000f5f00000, 0x0000000100000000)
  eden space 125440K, 0% used [0x00000000eab00000,0x00000000eab00000,0x00000000f2580000)
  from space 22016K, 29% used [0x00000000f2580000,0x00000000f2bd1230,0x00000000f3b00000)
  to   space 20992K, 0% used [0x00000000f4a80000,0x00000000f4a80000,0x00000000f5f00000)
 ParOldGen       total 169984K, used 53707K [0x00000000c0000000, 0x00000000ca600000, 0x00000000eab00000)
  object space 169984K, 31% used [0x00000000c0000000,0x00000000c3472e30,0x00000000ca600000)
 Metaspace       used 47456K, capacity 48490K, committed 48856K, reserved 1091584K
  class space    used 6501K, capacity 6844K, committed 6912K, reserved 1048576K
}

Deoptimization events (10 events):
Event: 71.835 Thread 0x00000252f98d8000 Uncommon trap: reason=predicate action=maybe_recompile pc=0x0000025280c063a4 method=java.util.Arrays.binarySearch0([Ljava/lang/Object;IILjava/lang/Object;Ljava/util/Comparator;)I @ 28
Event: 71.870 Thread 0x00000252f98d8000 Uncommon trap: reason=unstable_if action=reinterpret pc=0x0000025280822d8c method=java.util.Arrays.equals([Ljava/lang/Object;[Ljava/lang/Object;)Z @ 65
Event: 71.899 Thread 0x00000252f98d8000 Uncommon trap: reason=unstable_if action=reinterpret pc=0x0000025280b11d00 method=java.security.CodeSource.hashCode()I @ 4
Event: 71.899 Thread 0x00000252f98d8000 Uncommon trap: reason=unstable_if action=reinterpret pc=0x0000025280ae1d8c method=java.security.CodeSource.hashCode()I @ 4
Event: 72.136 Thread 0x00000252f98d8000 Uncommon trap: reason=unstable_if action=reinterpret pc=0x0000025280f4474c method=java.util.TreeMap.put(Ljava/lang/Object;Ljava/lang/Object;)Ljava/lang/Object; @ 163
Event: 72.292 Thread 0x00000252fa46a800 Uncommon trap: reason=unstable_if action=reinterpret pc=0x0000025280db2a20 method=java.util.regex.Pattern$Curly.match0(Ljava/util/regex/Matcher;IILjava/lang/CharSequence;)Z @ 5
Event: 72.350 Thread 0x00000252f98d8000 Uncommon trap: reason=class_check action=maybe_recompile pc=0x0000025280dc798c method=java.util.regex.Matcher.search(I)Z @ 86
Event: 72.350 Thread 0x00000252f98d8000 Uncommon trap: reason=class_check action=maybe_recompile pc=0x0000025280dc798c method=java.util.regex.Matcher.search(I)Z @ 86
Event: 72.399 Thread 0x00000252f98d8000 Uncommon trap: reason=class_check action=maybe_recompile pc=0x00000252809790d8 method=java.util.regex.Matcher.search(I)Z @ 86
Event: 72.579 Thread 0x00000252f98d8000 Uncommon trap: reason=unstable_if action=reinterpret pc=0x000002528055f3c0 method=java.io.WinNTFileSystem.normalizePrefix(Ljava/lang/String;ILjava/lang/StringBuffer;)I @ 62

Classes redefined (0 events):
No events

Internal exceptions (10 events):
Event: 21.597 Thread 0x00000252fb045000 Exception <a 'java/lang/NoSuchMethodError': <clinit>> (0x00000000eab64f18) thrown at [C:\cygwin64\tmp\openjdk-jdk8u-windows-x64-hotspot\workspace\build\src\hotspot\src\share\vm\prims\jni.cpp, line 1615]
Event: 35.516 Thread 0x00000252fb045000 Exception <a 'java/lang/NoSuchMethodError': <clinit>> (0x00000000eb2a97c8) thrown at [C:\cygwin64\tmp\openjdk-jdk8u-windows-x64-hotspot\workspace\build\src\hotspot\src\share\vm\prims\jni.cpp, line 1615]
Event: 35.517 Thread 0x00000252fb045000 Exception <a 'java/lang/NoSuchMethodError': <clinit>> (0x00000000eb2c3ac8) thrown at [C:\cygwin64\tmp\openjdk-jdk8u-windows-x64-hotspot\workspace\build\src\hotspot\src\share\vm\prims\jni.cpp, line 1615]
Event: 35.517 Thread 0x00000252fb045000 Exception <a 'java/lang/NoSuchMethodError': <clinit>> (0x00000000eb2c5378) thrown at [C:\cygwin64\tmp\openjdk-jdk8u-windows-x64-hotspot\workspace\build\src\hotspot\src\share\vm\prims\jni.cpp, line 1615]
Event: 35.518 Thread 0x00000252fb045000 Exception <a 'java/lang/NoSuchMethodError': <clinit>> (0x00000000eb2c6a90) thrown at [C:\cygwin64\tmp\openjdk-jdk8u-windows-x64-hotspot\workspace\build\src\hotspot\src\share\vm\prims\jni.cpp, line 1615]
Event: 35.619 Thread 0x00000252f9ba8000 Exception <a 'java/lang/NoSuchMethodError': <clinit>> (0x00000000eb9a1bd8) thrown at [C:\cygwin64\tmp\openjdk-jdk8u-windows-x64-hotspot\workspace\build\src\hotspot\src\share\vm\prims\jni.cpp, line 1615]
Event: 35.620 Thread 0x00000252f9ba8000 Exception <a 'java/lang/NoSuchMethodError': <clinit>> (0x00000000eb9ab188) thrown at [C:\cygwin64\tmp\openjdk-jdk8u-windows-x64-hotspot\workspace\build\src\hotspot\src\share\vm\prims\jni.cpp, line 1615]
Event: 35.621 Thread 0x00000252f9ba8000 Exception <a 'java/lang/NoSuchMethodError': <clinit>> (0x00000000eb9ad250) thrown at [C:\cygwin64\tmp\openjdk-jdk8u-windows-x64-hotspot\workspace\build\src\hotspot\src\share\vm\prims\jni.cpp, line 1615]
Event: 71.898 Thread 0x00000252f98d8000 Implicit null exception at 0x0000025280b0d954 to 0x0000025280b11ca1
Event: 71.899 Thread 0x00000252f98d8000 Implicit null exception at 0x0000025280ae1a95 to 0x0000025280ae1d7d

Events (10 events):
Event: 74.636 loading class org/gradle/api/internal/changedetection/state/mirror/MirrorUpdatingDirectoryWalker$1
Event: 74.636 loading class org/gradle/api/internal/changedetection/state/mirror/MirrorUpdatingDirectoryWalker$1 done
Event: 74.637 loading class org/gradle/api/internal/changedetection/state/mirror/MirrorUpdatingDirectoryWalker$PathBackedFileTreeElement
Event: 74.637 loading class org/gradle/api/internal/changedetection/state/mirror/MirrorUpdatingDirectoryWalker$PathBackedFileTreeElement done
Event: 74.642 loading class org/gradle/api/internal/changedetection/state/mirror/PhysicalSnapshot$1
Event: 74.642 loading class org/gradle/api/internal/changedetection/state/mirror/PhysicalSnapshot$1 done
Event: 74.643 loading class org/gradle/api/internal/changedetection/state/mirror/PhysicalDirectorySnapshot
Event: 74.643 loading class org/gradle/api/internal/changedetection/state/mirror/PhysicalDirectorySnapshot done
Event: 74.671 Thread 0x00000252fb040000 DEOPT PACKING pc=0x0000025280ddaca3 sp=0x000000e1581fe2e0
Event: 74.671 Thread 0x00000252fb040000 DEOPT UNPACKING pc=0x00000252800475d8 sp=0x000000e1581fdfa8 mode 0


Dynamic libraries:
0x00007ff692a00000 - 0x00007ff692a3a000 	C:\Users\ervin_1nmnhvl\.jdks\adopt-openjdk-1.8.0_232\bin\java.exe
0x00007ffd51410000 - 0x00007ffd51605000 	C:\WINDOWS\SYSTEM32\ntdll.dll
0x00007ffd512e0000 - 0x00007ffd5139d000 	C:\WINDOWS\System32\KERNEL32.DLL
0x00007ffd4ec30000 - 0x00007ffd4eef8000 	C:\WINDOWS\System32\KERNELBASE.dll
0x00007ffd4f470000 - 0x00007ffd4f51c000 	C:\WINDOWS\System32\ADVAPI32.dll
0x00007ffd50a40000 - 0x00007ffd50ade000 	C:\WINDOWS\System32\msvcrt.dll
0x00007ffd4f710000 - 0x00007ffd4f7ab000 	C:\WINDOWS\System32\sechost.dll
0x00007ffd4f980000 - 0x00007ffd4faab000 	C:\WINDOWS\System32\RPCRT4.dll
0x00007ffd4fd40000 - 0x00007ffd4fee0000 	C:\WINDOWS\System32\USER32.dll
0x00007ffd4efb0000 - 0x00007ffd4efd2000 	C:\WINDOWS\System32\win32u.dll
0x00007ffd4f7d0000 - 0x00007ffd4f7fa000 	C:\WINDOWS\System32\GDI32.dll
0x00007ffd4efe0000 - 0x00007ffd4f0eb000 	C:\WINDOWS\System32\gdi32full.dll
0x00007ffd4f240000 - 0x00007ffd4f2dd000 	C:\WINDOWS\System32\msvcp_win.dll
0x00007ffd4f0f0000 - 0x00007ffd4f1f0000 	C:\WINDOWS\System32\ucrtbase.dll
0x00007ffd35390000 - 0x00007ffd3562a000 	C:\WINDOWS\WinSxS\amd64_microsoft.windows.common-controls_6595b64144ccf1df_6.0.19041.844_none_ca00b6081b84eb1d\COMCTL32.dll
0x00007ffd513a0000 - 0x00007ffd513d0000 	C:\WINDOWS\System32\IMM32.DLL
0x00007ffd29210000 - 0x00007ffd292ff000 	C:\Users\ervin_1nmnhvl\.jdks\adopt-openjdk-1.8.0_232\jre\bin\msvcr120.dll
0x00007ffd29160000 - 0x00007ffd29206000 	C:\Users\ervin_1nmnhvl\.jdks\adopt-openjdk-1.8.0_232\jre\bin\msvcp120.dll
0x000000005b8e0000 - 0x000000005c0df000 	C:\Users\ervin_1nmnhvl\.jdks\adopt-openjdk-1.8.0_232\jre\bin\server\jvm.dll
0x00007ffd4ff80000 - 0x00007ffd4ff88000 	C:\WINDOWS\System32\PSAPI.DLL
0x00007ffd46f20000 - 0x00007ffd46f2a000 	C:\WINDOWS\SYSTEM32\VERSION.dll
0x00007ffd47010000 - 0x00007ffd47037000 	C:\WINDOWS\SYSTEM32\WINMM.dll
0x00007ffd29e50000 - 0x00007ffd29e59000 	C:\WINDOWS\SYSTEM32\WSOCK32.dll
0x00007ffd50b40000 - 0x00007ffd50bab000 	C:\WINDOWS\System32\WS2_32.dll
0x00007ffd3b960000 - 0x00007ffd3b96f000 	C:\Users\ervin_1nmnhvl\.jdks\adopt-openjdk-1.8.0_232\jre\bin\verify.dll
0x00007ffd352e0000 - 0x00007ffd35308000 	C:\Users\ervin_1nmnhvl\.jdks\adopt-openjdk-1.8.0_232\jre\bin\java.dll
0x00007ffd352c0000 - 0x00007ffd352d6000 	C:\Users\ervin_1nmnhvl\.jdks\adopt-openjdk-1.8.0_232\jre\bin\zip.dll
0x00007ffd502f0000 - 0x00007ffd50a32000 	C:\WINDOWS\System32\SHELL32.dll
0x00007ffd4cb50000 - 0x00007ffd4d2e0000 	C:\WINDOWS\SYSTEM32\windows.storage.dll
0x00007ffd4ff90000 - 0x00007ffd502e5000 	C:\WINDOWS\System32\combase.dll
0x00007ffd4e4f0000 - 0x00007ffd4e51c000 	C:\WINDOWS\SYSTEM32\Wldp.dll
0x00007ffd4f580000 - 0x00007ffd4f62e000 	C:\WINDOWS\System32\SHCORE.dll
0x00007ffd4f520000 - 0x00007ffd4f575000 	C:\WINDOWS\System32\shlwapi.dll
0x00007ffd4ea90000 - 0x00007ffd4eaaf000 	C:\WINDOWS\SYSTEM32\profapi.dll
0x00007ffd352a0000 - 0x00007ffd352ba000 	C:\Users\ervin_1nmnhvl\.jdks\adopt-openjdk-1.8.0_232\jre\bin\net.dll
0x00007ffd4e2d0000 - 0x00007ffd4e33a000 	C:\WINDOWS\system32\mswsock.dll
0x00007ffd35150000 - 0x00007ffd35162000 	C:\Users\ervin_1nmnhvl\.jdks\adopt-openjdk-1.8.0_232\jre\bin\nio.dll
0x00007ffd363e0000 - 0x00007ffd363fe000 	C:\Users\ervin_1nmnhvl\.gradle\native\25\windows-amd64\native-platform.dll
0x00007ffd35690000 - 0x00007ffd3569d000 	C:\Users\ervin_1nmnhvl\.jdks\adopt-openjdk-1.8.0_232\jre\bin\management.dll
0x00007ffd4e840000 - 0x00007ffd4e858000 	C:\WINDOWS\SYSTEM32\CRYPTSP.dll
0x00007ffd4db10000 - 0x00007ffd4db44000 	C:\WINDOWS\system32\rsaenh.dll
0x00007ffd4f2e0000 - 0x00007ffd4f307000 	C:\WINDOWS\System32\bcrypt.dll
0x00007ffd4ea10000 - 0x00007ffd4ea3e000 	C:\WINDOWS\SYSTEM32\USERENV.dll
0x00007ffd4ebb0000 - 0x00007ffd4ec30000 	C:\WINDOWS\System32\bcryptprimitives.dll
0x00007ffd4e450000 - 0x00007ffd4e45c000 	C:\WINDOWS\SYSTEM32\CRYPTBASE.dll
0x00007ffd4df90000 - 0x00007ffd4dfcb000 	C:\WINDOWS\SYSTEM32\IPHLPAPI.DLL
0x00007ffd4fee0000 - 0x00007ffd4fee8000 	C:\WINDOWS\System32\NSI.dll
0x00007ffd45240000 - 0x00007ffd45257000 	C:\WINDOWS\SYSTEM32\dhcpcsvc6.DLL
0x00007ffd45040000 - 0x00007ffd4505d000 	C:\WINDOWS\SYSTEM32\dhcpcsvc.DLL
0x00007ffd4dfe0000 - 0x00007ffd4e0ac000 	C:\WINDOWS\SYSTEM32\DNSAPI.dll
0x00007ffd35080000 - 0x00007ffd350a3000 	C:\Users\ervin_1nmnhvl\.jdks\adopt-openjdk-1.8.0_232\jre\bin\sunec.dll
0x00007ffd3f510000 - 0x00007ffd3f51a000 	C:\Windows\System32\rasadhlp.dll
0x00007ffd427b0000 - 0x00007ffd4282f000 	C:\WINDOWS\System32\fwpuclnt.dll
0x00007ffd3bb50000 - 0x00007ffd3bb5b000 	C:\Users\ervin_1nmnhvl\.jdks\adopt-openjdk-1.8.0_232\jre\bin\sunmscapi.dll
0x00007ffd4f310000 - 0x00007ffd4f46f000 	C:\WINDOWS\System32\CRYPT32.dll

VM Arguments:
jvm_args: -XX:+HeapDumpOnOutOfMemoryError -Xmx1024m -Dfile.encoding=windows-1250 -Duser.country=HU -Duser.language=hu -Duser.variant 
java_command: org.gradle.launcher.daemon.bootstrap.GradleDaemon 4.10.3
java_class_path (initial): C:\Users\ervin_1nmnhvl\.gradle\wrapper\dists\gradle-4.10.3-bin\31t79e2qsceia4mkbojplrgx\gradle-4.10.3\lib\gradle-launcher-4.10.3.jar
Launcher Type: SUN_STANDARD

Environment Variables:
JAVA_HOME=C:\Program Files\Java\jdk-11.0.4
PATH=C:\Program Files\Docker\Docker\Resources\bin;C:\ProgramData\Oracle\Java\javapath;C:\WINDOWS\system32;C:\WINDOWS;C:\WINDOWS\System32\Wbem;C:\WINDOWS\System32\WindowsPowerShell\v1.0\;C:\Program Files (x86)\cloudControl;C:\Program Files\Git\cmd;C:\bin;C:\Program Files (x86)\Windows Kits\8.1\Windows Performance Toolkit\;C:\Program Files (x86)\PuTTY\;C:\Program Files (x86)\Nodist\bin;G:\save\sdk\android\tools;G:\save\sdk\android\platform-tools;C:\boxfuse;C:\Program Files (x86)\Skype\Phone\;C:\Program Files (x86)\GtkSharp\2.12\bin;C:\Program Files (x86)\IVI Foundation\VISA\WinNT\Bin;C:\WINDOWS\system32;C:\WINDOWS;C:\WINDOWS\System32\Wbem;C:\WINDOWS\System32\WindowsPowerShell\v1.0\;;C:\WINDOWS\System32\OpenSSH\;C:\Users\ervin_1nmnhvl\AppData\Local\Microsoft\WindowsApps;
USERNAME=ervin_1nmnhvl
OS=Windows_NT
PROCESSOR_IDENTIFIER=Intel64 Family 6 Model 42 Stepping 7, GenuineIntel



---------------  S Y S T E M  ---------------

OS: Windows 10.0 , 64 bit Build 19041 (10.0.19041.928)

CPU:total 4 (initial active 4) (2 cores per cpu, 2 threads per core) family 6 model 42 stepping 7, cmov, cx8, fxsr, mmx, sse, sse2, sse3, ssse3, sse4.1, sse4.2, popcnt, avx, aes, clmul, ht, tsc, tscinvbit

Memory: 4k page, physical 8266764k(610792k free), swap 10363916k(5208k free)

vm_info: OpenJDK 64-Bit Server VM (25.232-b09) for windows-amd64 JRE (1.8.0_232-b09), built on Oct 18 2019 15:06:13 by "jenkins" with MS VC++ 12.0 (VS2013)

time: Mon May 17 07:10:47 2021
timezone: Közép-európai nyári ido 
elapsed time: 74 seconds (0d 0h 1m 14s)

