[21márc.2024 17:13:11.116] [main/INFO] [cpw.mods.modlauncher.Launcher/MODLAUNCHER]: ModLauncher running: args [--gameDir, ., --launchTarget, fmluserdevclient, --fml.mcpVersion, 20200625.160719, --fml.mcVersion, 1.16.1, --fml.forgeGroup, net.minecraftforge, --fml.forgeVersion, 32.0.108, --version, MOD_DEV, --assetIndex, 1.16, --assetsDir, C:\Users\ervin\.gradle\caches\forge_gradle\assets, --username, Dev, --accessToken, ????????, --userProperties, {}]
[21márc.2024 17:13:11.123] [main/INFO] [cpw.mods.modlauncher.Launcher/MODLAUNCHER]: ModLauncher 7.0.1+78+master.e9771d8 starting: java version 1.8.0_302 by Amazon.com Inc.
[21márc.2024 17:13:11.860] [main/INFO] [net.minecraftforge.fml.loading.FixSSL/CORE]: Added Lets Encrypt root certificates as additional trust
[21márc.2024 17:13:11.935] [main/INFO] [mixin/]: SpongePowered MIXIN Subsystem Version=0.8 Source=file:/C:/Users/ervin/.gradle/caches/modules-2/files-2.1/org.spongepowered/mixin/0.8/dbe9e5db694a7c3cd644d5bb98f8a21295c75048/mixin-0.8.jar Service=ModLauncher Env=CLIENT
[21márc.2024 17:13:13.139] [main/INFO] [STDERR/]: [java.lang.ThreadGroup:uncaughtException:1052]: net.minecraftforge.fml.loading.moddiscovery.InvalidModFileException: Missing License, please supply a license. (main)
[21márc.2024 17:13:13.140] [main/INFO] [STDERR/]: [java.lang.ThreadGroup:uncaughtException:1052]: 	at net.minecraftforge.fml.loading.moddiscovery.ModFileInfo.lambda$new$2(ModFileInfo.java:71)
[21márc.2024 17:13:13.140] [main/INFO] [STDERR/]: [java.lang.ThreadGroup:uncaughtException:1052]: 	at java.util.Optional.orElseThrow(Optional.java:290)
[21márc.2024 17:13:13.140] [main/INFO] [STDERR/]: [java.lang.ThreadGroup:uncaughtException:1052]: 	at net.minecraftforge.fml.loading.moddiscovery.ModFileInfo.<init>(ModFileInfo.java:71)
[21márc.2024 17:13:13.140] [main/INFO] [STDERR/]: [java.lang.ThreadGroup:uncaughtException:1052]: 	at net.minecraftforge.fml.loading.moddiscovery.ModFileParser.modsTomlParser(ModFileParser.java:62)
[21márc.2024 17:13:13.140] [main/INFO] [STDERR/]: [java.lang.ThreadGroup:uncaughtException:1052]: 	at net.minecraftforge.fml.loading.moddiscovery.ModFileParser.readModList(ModFileParser.java:46)
[21márc.2024 17:13:13.141] [main/INFO] [STDERR/]: [java.lang.ThreadGroup:uncaughtException:1052]: 	at net.minecraftforge.fml.loading.moddiscovery.ModFile.identifyMods(ModFile.java:114)
[21márc.2024 17:13:13.141] [main/INFO] [STDERR/]: [java.lang.ThreadGroup:uncaughtException:1052]: 	at net.minecraftforge.fml.loading.moddiscovery.ModDiscoverer.discoverMods(ModDiscoverer.java:116)
[21márc.2024 17:13:13.141] [main/INFO] [STDERR/]: [java.lang.ThreadGroup:uncaughtException:1052]: 	at net.minecraftforge.fml.loading.FMLLoader.beginModScan(FMLLoader.java:213)
[21márc.2024 17:13:13.141] [main/INFO] [STDERR/]: [java.lang.ThreadGroup:uncaughtException:1052]: 	at net.minecraftforge.fml.loading.FMLServiceProvider.runScan(FMLServiceProvider.java:107)
[21márc.2024 17:13:13.141] [main/INFO] [STDERR/]: [java.lang.ThreadGroup:uncaughtException:1052]: 	at cpw.mods.modlauncher.TransformationServiceDecorator.runScan(TransformationServiceDecorator.java:114)
[21márc.2024 17:13:13.141] [main/INFO] [STDERR/]: [java.lang.ThreadGroup:uncaughtException:1052]: 	at cpw.mods.modlauncher.TransformationServicesHandler.lambda$runScanningTransformationServices$8(TransformationServicesHandler.java:115)
[21márc.2024 17:13:13.142] [main/INFO] [STDERR/]: [java.lang.ThreadGroup:uncaughtException:1052]: 	at java.util.stream.ReferencePipeline$7$1.accept(ReferencePipeline.java:269)
[21márc.2024 17:13:13.142] [main/INFO] [STDERR/]: [java.lang.ThreadGroup:uncaughtException:1052]: 	at java.util.HashMap$ValueSpliterator.forEachRemaining(HashMap.java:1628)
[21márc.2024 17:13:13.142] [main/INFO] [STDERR/]: [java.lang.ThreadGroup:uncaughtException:1052]: 	at java.util.stream.AbstractPipeline.copyInto(AbstractPipeline.java:482)
[21márc.2024 17:13:13.142] [main/INFO] [STDERR/]: [java.lang.ThreadGroup:uncaughtException:1052]: 	at java.util.stream.AbstractPipeline.wrapAndCopyInto(AbstractPipeline.java:472)
[21márc.2024 17:13:13.142] [main/INFO] [STDERR/]: [java.lang.ThreadGroup:uncaughtException:1052]: 	at java.util.stream.ReduceOps$ReduceOp.evaluateSequential(ReduceOps.java:708)
[21márc.2024 17:13:13.143] [main/INFO] [STDERR/]: [java.lang.ThreadGroup:uncaughtException:1052]: 	at java.util.stream.AbstractPipeline.evaluate(AbstractPipeline.java:234)
[21márc.2024 17:13:13.143] [main/INFO] [STDERR/]: [java.lang.ThreadGroup:uncaughtException:1052]: 	at java.util.stream.ReferencePipeline.collect(ReferencePipeline.java:566)
[21márc.2024 17:13:13.143] [main/INFO] [STDERR/]: [java.lang.ThreadGroup:uncaughtException:1052]: 	at cpw.mods.modlauncher.TransformationServicesHandler.runScanningTransformationServices(TransformationServicesHandler.java:116)
[21márc.2024 17:13:13.143] [main/INFO] [STDERR/]: [java.lang.ThreadGroup:uncaughtException:1052]: 	at cpw.mods.modlauncher.TransformationServicesHandler.initializeTransformationServices(TransformationServicesHandler.java:63)
[21márc.2024 17:13:13.143] [main/INFO] [STDERR/]: [java.lang.ThreadGroup:uncaughtException:1052]: 	at cpw.mods.modlauncher.Launcher.run(Launcher.java:75)
[21márc.2024 17:13:13.144] [main/INFO] [STDERR/]: [java.lang.ThreadGroup:uncaughtException:1052]: 	at cpw.mods.modlauncher.Launcher.main(Launcher.java:65)
[21márc.2024 17:13:13.144] [main/INFO] [STDERR/]: [java.lang.ThreadGroup:uncaughtException:1052]: 	at net.minecraftforge.userdev.LaunchTesting.main(LaunchTesting.java:105)
