#
# There is insufficient memory for the Java Runtime Environment to continue.
# Native memory allocation (malloc) failed to allocate 116496 bytes for Chunk::new
# Possible reasons:
#   The system is out of physical RAM or swap space
#   In 32 bit mode, the process size limit was hit
# Possible solutions:
#   Reduce memory load on the system
#   Increase physical memory or swap space
#   Check if swap backing store is full
#   Use 64 bit Java on a 64 bit OS
#   Decrease Java heap size (-Xmx/-Xms)
#   Decrease number of Java threads
#   Decrease Java thread stack sizes (-Xss)
#   Set larger code cache with -XX:ReservedCodeCacheSize=
# This output file may be truncated or incomplete.
#
#  Out of Memory Error (allocation.cpp:390), pid=17176, tid=10360
#
# JRE version: Java(TM) SE Runtime Environment (8.0_51-b16) (build 1.8.0_51-b16)
# Java VM: Java HotSpot(TM) 64-Bit Server VM (25.51-b03 mixed mode windows-amd64 compressed oops)
# Failed to write core dump. Minidumps are not enabled by default on client versions of Windows
#

---------------  T H R E A D  ---------------

Current thread (0x00000000194d6000):  JavaThread "C2 CompilerThread0" daemon [_thread_in_native, id=10360, stack(0x00000000195f0000,0x00000000196f0000)]

Stack: [0x00000000195f0000,0x00000000196f0000]
Native frames: (J=compiled Java code, j=interpreted, Vv=VM code, C=native code)
V  [jvm.dll+0x32b4ca]


Current CompileTask:
C2:  30007 5656       4       java.util.Calendar$Builder::build (635 bytes)


---------------  P R O C E S S  ---------------

Java Threads: ( => current thread )
  0x000000002280b800 JavaThread "pool-3-thread-1" [_thread_in_Java, id=14448, stack(0x0000000021180000,0x0000000021280000)]
  0x000000001bf5d000 JavaThread "pool-2-thread-1" daemon [_thread_in_native, id=760, stack(0x0000000020f00000,0x0000000021000000)]
  0x000000001ac1d800 JavaThread "Thread-3" daemon [_thread_blocked, id=20716, stack(0x0000000021b00000,0x0000000021c00000)]
  0x000000001acfb000 JavaThread "Thread-2" daemon [_thread_in_native, id=17824, stack(0x000000001d1f0000,0x000000001d2f0000)]
  0x000000001a437800 JavaThread "Thread-1" daemon [_thread_blocked, id=9448, stack(0x000000001d0f0000,0x000000001d1f0000)]
  0x0000000019852000 JavaThread "Service Thread" daemon [_thread_blocked, id=12084, stack(0x000000001a0f0000,0x000000001a1f0000)]
  0x00000000194ee000 JavaThread "C1 CompilerThread2" daemon [_thread_blocked, id=8308, stack(0x0000000019ff0000,0x000000001a0f0000)]
  0x00000000194d8800 JavaThread "C2 CompilerThread1" daemon [_thread_in_native, id=19228, stack(0x00000000196f0000,0x00000000197f0000)]
=>0x00000000194d6000 JavaThread "C2 CompilerThread0" daemon [_thread_in_native, id=10360, stack(0x00000000195f0000,0x00000000196f0000)]
  0x0000000017bfa800 JavaThread "Monitor Ctrl-Break" daemon [_thread_in_native, id=13820, stack(0x00000000194f0000,0x00000000195f0000)]
  0x0000000017ba9000 JavaThread "Attach Listener" daemon [_thread_blocked, id=1800, stack(0x0000000018ff0000,0x00000000190f0000)]
  0x0000000017ba7800 JavaThread "Signal Dispatcher" daemon [_thread_blocked, id=13700, stack(0x0000000018ef0000,0x0000000018ff0000)]
  0x0000000002f6a800 JavaThread "Finalizer" daemon [_thread_blocked, id=19400, stack(0x0000000018df0000,0x0000000018ef0000)]
  0x0000000002f67000 JavaThread "Reference Handler" daemon [_thread_blocked, id=8472, stack(0x0000000018cf0000,0x0000000018df0000)]
  0x0000000002e72800 JavaThread "main" [_thread_blocked, id=18636, stack(0x0000000002cb0000,0x0000000002db0000)]

Other Threads:
  0x0000000002f63000 VMThread [stack: 0x0000000018bf0000,0x0000000018cf0000] [id=3412]
  0x0000000019866800 WatcherThread [stack: 0x000000001a1f0000,0x000000001a2f0000] [id=9716]

VM state:not at safepoint (normal execution)

VM Mutex/Monitor currently owned by a thread: None

Heap:
 PSYoungGen      total 242688K, used 135121K [0x00000000d5f00000, 0x00000000ec680000, 0x0000000100000000)
  eden space 147968K, 44% used [0x00000000d5f00000,0x00000000d9e9ce90,0x00000000def80000)
  from space 94720K, 73% used [0x00000000e6a00000,0x00000000eae57700,0x00000000ec680000)
  to   space 88576K, 0% used [0x00000000def80000,0x00000000def80000,0x00000000e4600000)
 ParOldGen       total 175104K, used 78493K [0x0000000081c00000, 0x000000008c700000, 0x00000000d5f00000)
  object space 175104K, 44% used [0x0000000081c00000,0x00000000868a75e0,0x000000008c700000)
 Metaspace       used 39853K, capacity 42139K, committed 42368K, reserved 1085440K
  class space    used 5190K, capacity 5918K, committed 6016K, reserved 1048576K

Card table byte_map: [0x0000000012430000,0x0000000012830000] byte_map_base: 0x0000000012022000

Marking Bits: (ParMarkBitMap*) 0x0000000050ec4040
 Begin Bits: [0x0000000012ee0000, 0x0000000014e70000)
 End Bits:   [0x0000000014e70000, 0x0000000016e00000)

Polling page: 0x0000000002db0000

CodeCache: size=245760Kb used=15765Kb max_used=15765Kb free=229995Kb
 bounds [0x0000000003070000, 0x0000000003ff0000, 0x0000000012070000]
 total_blobs=6069 nmethods=4950 adapters=1030
 compilation: enabled

Compilation events (10 events):
Event: 29.993 Thread 0x00000000194ee000 5702       1       net.minecraft.block.AbstractBlock$Properties::lambda$new$0 (2 bytes)
Event: 29.993 Thread 0x00000000194ee000 nmethod 5702 0x0000000003fddd10 code [0x0000000003fdde60, 0x0000000003fddf50]
Event: 29.996 Thread 0x00000000194ee000 5704       3       com.google.common.collect.ImmutableList::copyOf (44 bytes)
Event: 29.998 Thread 0x00000000194ee000 nmethod 5704 0x0000000003fde390 code [0x0000000003fde5c0, 0x0000000003fdf238]
Event: 29.998 Thread 0x00000000194ee000 5705       3       java.util.Arrays::fill (21 bytes)
Event: 29.998 Thread 0x00000000194ee000 nmethod 5705 0x0000000003fdf6d0 code [0x0000000003fdf840, 0x0000000003fdfb50]
Event: 29.998 Thread 0x00000000194ee000 5706       3       com.google.common.collect.RegularImmutableAsList::listIterator (9 bytes)
Event: 29.998 Thread 0x00000000194ee000 nmethod 5706 0x0000000003fdfc90 code [0x0000000003fdfe00, 0x0000000003fe0028]
Event: 29.999 Thread 0x00000000194ee000 5707       1       net.minecraft.state.IntegerProperty::getAllowedValues (5 bytes)
Event: 29.999 Thread 0x00000000194ee000 nmethod 5707 0x0000000003fe0110 code [0x0000000003fe0260, 0x0000000003fe0370]

GC Heap History (10 events):
Event: 25.072 GC heap before
{Heap before GC invocations=17 (full 3):
 PSYoungGen      total 160256K, used 155214K [0x00000000d5f00000, 0x00000000e6700000, 0x0000000100000000)
  eden space 95232K, 100% used [0x00000000d5f00000,0x00000000dbc00000,0x00000000dbc00000)
  from space 65024K, 92% used [0x00000000dbc00000,0x00000000df693820,0x00000000dfb80000)
  to   space 73728K, 0% used [0x00000000e1f00000,0x00000000e1f00000,0x00000000e6700000)
 ParOldGen       total 175104K, used 66797K [0x0000000081c00000, 0x000000008c700000, 0x00000000d5f00000)
  object space 175104K, 38% used [0x0000000081c00000,0x0000000085d3b540,0x000000008c700000)
 Metaspace       used 37130K, capacity 39271K, committed 39424K, reserved 1083392K
  class space    used 4593K, capacity 5269K, committed 5376K, reserved 1048576K
Event: 25.254 GC heap after
Heap after GC invocations=17 (full 3):
 PSYoungGen      total 188928K, used 62517K [0x00000000d5f00000, 0x00000000e7780000, 0x0000000100000000)
  eden space 115200K, 0% used [0x00000000d5f00000,0x00000000d5f00000,0x00000000dcf80000)
  from space 73728K, 84% used [0x00000000e1f00000,0x00000000e5c0d7e8,0x00000000e6700000)
  to   space 81408K, 0% used [0x00000000dcf80000,0x00000000dcf80000,0x00000000e1f00000)
 ParOldGen       total 175104K, used 66805K [0x0000000081c00000, 0x000000008c700000, 0x00000000d5f00000)
  object space 175104K, 38% used [0x0000000081c00000,0x0000000085d3d540,0x000000008c700000)
 Metaspace       used 37130K, capacity 39271K, committed 39424K, reserved 1083392K
  class space    used 4593K, capacity 5269K, committed 5376K, reserved 1048576K
}
Event: 26.099 GC heap before
{Heap before GC invocations=18 (full 3):
 PSYoungGen      total 188928K, used 177717K [0x00000000d5f00000, 0x00000000e7780000, 0x0000000100000000)
  eden space 115200K, 100% used [0x00000000d5f00000,0x00000000dcf80000,0x00000000dcf80000)
  from space 73728K, 84% used [0x00000000e1f00000,0x00000000e5c0d7e8,0x00000000e6700000)
  to   space 81408K, 0% used [0x00000000dcf80000,0x00000000dcf80000,0x00000000e1f00000)
 ParOldGen       total 175104K, used 66805K [0x0000000081c00000, 0x000000008c700000, 0x00000000d5f00000)
  object space 175104K, 38% used [0x0000000081c00000,0x0000000085d3d540,0x000000008c700000)
 Metaspace       used 37644K, capacity 39795K, committed 40064K, reserved 1083392K
  class space    used 4713K, capacity 5397K, committed 5504K, reserved 1048576K
Event: 26.204 GC heap after
Heap after GC invocations=18 (full 3):
 PSYoungGen      total 196608K, used 58833K [0x00000000d5f00000, 0x00000000e9a80000, 0x0000000100000000)
  eden space 115200K, 0% used [0x00000000d5f00000,0x00000000d5f00000,0x00000000dcf80000)
  from space 81408K, 72% used [0x00000000dcf80000,0x00000000e08f4720,0x00000000e1f00000)
  to   space 86528K, 0% used [0x00000000e4600000,0x00000000e4600000,0x00000000e9a80000)
 ParOldGen       total 175104K, used 74109K [0x0000000081c00000, 0x000000008c700000, 0x00000000d5f00000)
  object space 175104K, 42% used [0x0000000081c00000,0x000000008645f570,0x000000008c700000)
 Metaspace       used 37644K, capacity 39795K, committed 40064K, reserved 1083392K
  class space    used 4713K, capacity 5397K, committed 5504K, reserved 1048576K
}
Event: 26.989 GC heap before
{Heap before GC invocations=19 (full 3):
 PSYoungGen      total 196608K, used 174033K [0x00000000d5f00000, 0x00000000e9a80000, 0x0000000100000000)
  eden space 115200K, 100% used [0x00000000d5f00000,0x00000000dcf80000,0x00000000dcf80000)
  from space 81408K, 72% used [0x00000000dcf80000,0x00000000e08f4720,0x00000000e1f00000)
  to   space 86528K, 0% used [0x00000000e4600000,0x00000000e4600000,0x00000000e9a80000)
 ParOldGen       total 175104K, used 74109K [0x0000000081c00000, 0x000000008c700000, 0x00000000d5f00000)
  object space 175104K, 42% used [0x0000000081c00000,0x000000008645f570,0x000000008c700000)
 Metaspace       used 38114K, capacity 40335K, committed 40448K, reserved 1083392K
  class space    used 4840K, capacity 5532K, committed 5632K, reserved 1048576K
Event: 27.120 GC heap after
Heap after GC invocations=19 (full 3):
 PSYoungGen      total 234496K, used 55723K [0x00000000d5f00000, 0x00000000e9f80000, 0x0000000100000000)
  eden space 147968K, 0% used [0x00000000d5f00000,0x00000000d5f00000,0x00000000def80000)
  from space 86528K, 64% used [0x00000000e4600000,0x00000000e7c6aea8,0x00000000e9a80000)
  to   space 88576K, 0% used [0x00000000def80000,0x00000000def80000,0x00000000e4600000)
 ParOldGen       total 175104K, used 76621K [0x0000000081c00000, 0x000000008c700000, 0x00000000d5f00000)
  object space 175104K, 43% used [0x0000000081c00000,0x00000000866d3580,0x000000008c700000)
 Metaspace       used 38114K, capacity 40335K, committed 40448K, reserved 1083392K
  class space    used 4840K, capacity 5532K, committed 5632K, reserved 1048576K
}
Event: 28.064 GC heap before
{Heap before GC invocations=20 (full 3):
 PSYoungGen      total 234496K, used 203691K [0x00000000d5f00000, 0x00000000e9f80000, 0x0000000100000000)
  eden space 147968K, 100% used [0x00000000d5f00000,0x00000000def80000,0x00000000def80000)
  from space 86528K, 64% used [0x00000000e4600000,0x00000000e7c6aea8,0x00000000e9a80000)
  to   space 88576K, 0% used [0x00000000def80000,0x00000000def80000,0x00000000e4600000)
 ParOldGen       total 175104K, used 76621K [0x0000000081c00000, 0x000000008c700000, 0x00000000d5f00000)
  object space 175104K, 43% used [0x0000000081c00000,0x00000000866d3580,0x000000008c700000)
 Metaspace       used 38613K, capacity 40795K, committed 41088K, reserved 1085440K
  class space    used 4991K, capacity 5660K, committed 5760K, reserved 1048576K
Event: 28.184 GC heap after
Heap after GC invocations=20 (full 3):
 PSYoungGen      total 236544K, used 66766K [0x00000000d5f00000, 0x00000000ec680000, 0x0000000100000000)
  eden space 147968K, 0% used [0x00000000d5f00000,0x00000000d5f00000,0x00000000def80000)
  from space 88576K, 75% used [0x00000000def80000,0x00000000e30b3918,0x00000000e4600000)
  to   space 94720K, 0% used [0x00000000e6a00000,0x00000000e6a00000,0x00000000ec680000)
 ParOldGen       total 175104K, used 77413K [0x0000000081c00000, 0x000000008c700000, 0x00000000d5f00000)
  object space 175104K, 44% used [0x0000000081c00000,0x00000000867995a0,0x000000008c700000)
 Metaspace       used 38613K, capacity 40795K, committed 41088K, reserved 1085440K
  class space    used 4991K, capacity 5660K, committed 5760K, reserved 1048576K
}
Event: 29.319 GC heap before
{Heap before GC invocations=21 (full 3):
 PSYoungGen      total 236544K, used 214734K [0x00000000d5f00000, 0x00000000ec680000, 0x0000000100000000)
  eden space 147968K, 100% used [0x00000000d5f00000,0x00000000def80000,0x00000000def80000)
  from space 88576K, 75% used [0x00000000def80000,0x00000000e30b3918,0x00000000e4600000)
  to   space 94720K, 0% used [0x00000000e6a00000,0x00000000e6a00000,0x00000000ec680000)
 ParOldGen       total 175104K, used 77413K [0x0000000081c00000, 0x000000008c700000, 0x00000000d5f00000)
  object space 175104K, 44% used [0x0000000081c00000,0x00000000867995a0,0x000000008c700000)
 Metaspace       used 39615K, capacity 41855K, committed 41984K, reserved 1085440K
  class space    used 5160K, capacity 5866K, committed 5888K, reserved 1048576K
Event: 29.510 GC heap after
Heap after GC invocations=21 (full 3):
 PSYoungGen      total 242688K, used 69981K [0x00000000d5f00000, 0x00000000ec680000, 0x0000000100000000)
  eden space 147968K, 0% used [0x00000000d5f00000,0x00000000d5f00000,0x00000000def80000)
  from space 94720K, 73% used [0x00000000e6a00000,0x00000000eae57700,0x00000000ec680000)
  to   space 88576K, 0% used [0x00000000def80000,0x00000000def80000,0x00000000e4600000)
 ParOldGen       total 175104K, used 78493K [0x0000000081c00000, 0x000000008c700000, 0x00000000d5f00000)
  object space 175104K, 44% used [0x0000000081c00000,0x00000000868a75e0,0x000000008c700000)
 Metaspace       used 39615K, capacity 41855K, committed 41984K, reserved 1085440K
  class space    used 5160K, capacity 5866K, committed 5888K, reserved 1048576K
}

Deoptimization events (10 events):
Event: 29.114 Thread 0x000000001bf5d000 Uncommon trap: reason=unstable_if action=reinterpret pc=0x0000000003a8409c method=org.objectweb.asm.ClassReader.readUtf(II[C)Ljava/lang/String; @ 41
Event: 29.115 Thread 0x000000001bf5d000 Uncommon trap: reason=unstable_if action=reinterpret pc=0x0000000003a82818 method=org.objectweb.asm.ClassReader.readUtf(II[C)Ljava/lang/String; @ 41
Event: 29.578 Thread 0x000000001bf5d000 Uncommon trap: reason=unstable_if action=reinterpret pc=0x0000000003d88590 method=org.objectweb.asm.ClassReader.readMethod(Lorg/objectweb/asm/ClassVisitor;Lorg/objectweb/asm/Context;I)I @ 316
Event: 29.844 Thread 0x000000002280b800 Uncommon trap: reason=unstable_if action=reinterpret pc=0x000000000350bec8 method=net.minecraft.util.ResourceLocation.validatePathChar(C)Z @ 39
Event: 29.925 Thread 0x000000001bf5d000 Uncommon trap: reason=class_check action=maybe_recompile pc=0x0000000003dcc5a8 method=org.objectweb.asm.ClassReader.readCode(Lorg/objectweb/asm/MethodVisitor;Lorg/objectweb/asm/Context;I)V @ 4318
Event: 29.928 Thread 0x000000001bf5d000 Uncommon trap: reason=class_check action=maybe_recompile pc=0x0000000003dcc5a8 method=org.objectweb.asm.ClassReader.readCode(Lorg/objectweb/asm/MethodVisitor;Lorg/objectweb/asm/Context;I)V @ 4318
Event: 29.935 Thread 0x000000001bf5d000 Uncommon trap: reason=class_check action=maybe_recompile pc=0x0000000003dcc5a8 method=org.objectweb.asm.ClassReader.readCode(Lorg/objectweb/asm/MethodVisitor;Lorg/objectweb/asm/Context;I)V @ 4318
Event: 29.936 Thread 0x000000001bf5d000 Uncommon trap: reason=class_check action=maybe_recompile pc=0x0000000003dcc5a8 method=org.objectweb.asm.ClassReader.readCode(Lorg/objectweb/asm/MethodVisitor;Lorg/objectweb/asm/Context;I)V @ 4318
Event: 29.942 Thread 0x000000001bf5d000 Uncommon trap: reason=class_check action=maybe_recompile pc=0x0000000003d276b4 method=org.objectweb.asm.ClassReader.readCode(Lorg/objectweb/asm/MethodVisitor;Lorg/objectweb/asm/Context;I)V @ 4287
Event: 29.943 Thread 0x000000001bf5d000 Uncommon trap: reason=class_check action=maybe_recompile pc=0x0000000003d276b4 method=org.objectweb.asm.ClassReader.readCode(Lorg/objectweb/asm/MethodVisitor;Lorg/objectweb/asm/Context;I)V @ 4287

Internal exceptions (10 events):
Event: 29.847 Thread 0x000000002280b800 Exception <a 'sun/nio/fs/WindowsException'> (0x00000000d90b4240) thrown at [C:\re\workspace\8-2-build-windows-amd64-cygwin\jdk8u51\3951\hotspot\src\share\vm\prims\jni.cpp, line 709]
Event: 29.847 Thread 0x000000002280b800 Exception <a 'sun/nio/fs/WindowsException'> (0x00000000d90b49f8) thrown at [C:\re\workspace\8-2-build-windows-amd64-cygwin\jdk8u51\3951\hotspot\src\share\vm\prims\jni.cpp, line 709]
Event: 29.847 Thread 0x000000002280b800 Exception <a 'sun/nio/fs/WindowsException'> (0x00000000d90b58b0) thrown at [C:\re\workspace\8-2-build-windows-amd64-cygwin\jdk8u51\3951\hotspot\src\share\vm\prims\jni.cpp, line 709]
Event: 29.848 Thread 0x000000002280b800 Exception <a 'sun/nio/fs/WindowsException'> (0x00000000d90b61a8) thrown at [C:\re\workspace\8-2-build-windows-amd64-cygwin\jdk8u51\3951\hotspot\src\share\vm\prims\jni.cpp, line 709]
Event: 29.916 Thread 0x000000002280b800 Exception <a 'sun/nio/fs/WindowsException'> (0x00000000d939cb98) thrown at [C:\re\workspace\8-2-build-windows-amd64-cygwin\jdk8u51\3951\hotspot\src\share\vm\prims\jni.cpp, line 709]
Event: 29.916 Thread 0x000000002280b800 Exception <a 'sun/nio/fs/WindowsException'> (0x00000000d939d3d8) thrown at [C:\re\workspace\8-2-build-windows-amd64-cygwin\jdk8u51\3951\hotspot\src\share\vm\prims\jni.cpp, line 709]
Event: 29.916 Thread 0x000000002280b800 Exception <a 'sun/nio/fs/WindowsException'> (0x00000000d939e2e0) thrown at [C:\re\workspace\8-2-build-windows-amd64-cygwin\jdk8u51\3951\hotspot\src\share\vm\prims\jni.cpp, line 709]
Event: 29.917 Thread 0x000000002280b800 Exception <a 'sun/nio/fs/WindowsException'> (0x00000000d939eb38) thrown at [C:\re\workspace\8-2-build-windows-amd64-cygwin\jdk8u51\3951\hotspot\src\share\vm\prims\jni.cpp, line 709]
Event: 29.917 Thread 0x000000002280b800 Exception <a 'sun/nio/fs/WindowsException'> (0x00000000d939fad0) thrown at [C:\re\workspace\8-2-build-windows-amd64-cygwin\jdk8u51\3951\hotspot\src\share\vm\prims\jni.cpp, line 709]
Event: 29.917 Thread 0x000000002280b800 Exception <a 'sun/nio/fs/WindowsException'> (0x00000000d93a0508) thrown at [C:\re\workspace\8-2-build-windows-amd64-cygwin\jdk8u51\3951\hotspot\src\share\vm\prims\jni.cpp, line 709]

Events (10 events):
Event: 29.994 loading class net/minecraft/block/AbstractBlock$IExtendedPositionPredicate
Event: 29.994 loading class net/minecraft/block/AbstractBlock$IExtendedPositionPredicate done
Event: 29.995 loading class net/minecraft/block/BlockState
Event: 29.995 loading class net/minecraft/block/BlockState done
Event: 29.995 loading class net/minecraft/block/BlockState
Event: 29.995 loading class net/minecraft/block/BlockState done
Event: 29.995 loading class net/minecraft/block/AbstractBlock$IPositionPredicate
Event: 29.995 loading class net/minecraft/block/AbstractBlock$IPositionPredicate done
Event: 29.995 loading class net/minecraft/block/AbstractBlock$IPositionPredicate
Event: 29.995 loading class net/minecraft/block/AbstractBlock$IPositionPredicate done


Dynamic libraries:
0x00007ff69f110000 - 0x00007ff69f147000 	C:\Program Files (x86)\Minecraft\runtime\jre-x64\bin\java.exe
0x00007ffa21ef0000 - 0x00007ffa220e6000 	C:\WINDOWS\SYSTEM32\ntdll.dll
0x00007ffa21a80000 - 0x00007ffa21b3d000 	C:\WINDOWS\System32\KERNEL32.DLL
0x00007ffa1f6e0000 - 0x00007ffa1f9a8000 	C:\WINDOWS\System32\KERNELBASE.dll
0x00007ffa21c00000 - 0x00007ffa21caa000 	C:\WINDOWS\System32\ADVAPI32.dll
0x00007ffa20620000 - 0x00007ffa206be000 	C:\WINDOWS\System32\msvcrt.dll
0x00007ffa21950000 - 0x00007ffa219eb000 	C:\WINDOWS\System32\sechost.dll
0x00007ffa204f0000 - 0x00007ffa20614000 	C:\WINDOWS\System32\RPCRT4.dll
0x00007ffa217b0000 - 0x00007ffa21950000 	C:\WINDOWS\System32\USER32.dll
0x00007ffa1fb50000 - 0x00007ffa1fb72000 	C:\WINDOWS\System32\win32u.dll
0x00007ffa21b40000 - 0x00007ffa21b6a000 	C:\WINDOWS\System32\GDI32.dll
0x00007ffa1f9b0000 - 0x00007ffa1fab9000 	C:\WINDOWS\System32\gdi32full.dll
0x00007ffa1f640000 - 0x00007ffa1f6dd000 	C:\WINDOWS\System32\msvcp_win.dll
0x00007ffa1fc30000 - 0x00007ffa1fd30000 	C:\WINDOWS\System32\ucrtbase.dll
0x00007ffa045d0000 - 0x00007ffa0486b000 	C:\WINDOWS\WinSxS\amd64_microsoft.windows.common-controls_6595b64144ccf1df_6.0.19041.488_none_ca04af081b815d21\COMCTL32.dll
0x00007ffa21b70000 - 0x00007ffa21ba0000 	C:\WINDOWS\System32\IMM32.DLL
0x0000000050f50000 - 0x0000000051022000 	C:\Program Files (x86)\Minecraft\runtime\jre-x64\bin\msvcr100.dll
0x00000000506c0000 - 0x0000000050f43000 	C:\Program Files (x86)\Minecraft\runtime\jre-x64\bin\server\jvm.dll
0x00007ffa20bd0000 - 0x00007ffa20bd8000 	C:\WINDOWS\System32\PSAPI.DLL
0x00007ff9fba30000 - 0x00007ff9fba39000 	C:\WINDOWS\SYSTEM32\WSOCK32.dll
0x00007ffa18440000 - 0x00007ffa18467000 	C:\WINDOWS\SYSTEM32\WINMM.dll
0x00007ffa219f0000 - 0x00007ffa21a5b000 	C:\WINDOWS\System32\WS2_32.dll
0x00007ffa17fe0000 - 0x00007ffa17fea000 	C:\WINDOWS\SYSTEM32\VERSION.dll
0x00000000506b0000 - 0x00000000506bf000 	C:\Program Files (x86)\Minecraft\runtime\jre-x64\bin\verify.dll
0x0000000050680000 - 0x00000000506a9000 	C:\Program Files (x86)\Minecraft\runtime\jre-x64\bin\java.dll
0x0000000050650000 - 0x0000000050673000 	C:\Program Files (x86)\Minecraft\runtime\jre-x64\bin\instrument.dll
0x0000000050630000 - 0x0000000050646000 	C:\Program Files (x86)\Minecraft\runtime\jre-x64\bin\zip.dll
0x00007ffa20c40000 - 0x00007ffa21380000 	C:\WINDOWS\System32\SHELL32.dll
0x00007ffa1d650000 - 0x00007ffa1dde4000 	C:\WINDOWS\SYSTEM32\windows.storage.dll
0x00007ffa20870000 - 0x00007ffa20bc5000 	C:\WINDOWS\System32\combase.dll
0x00007ffa1efe0000 - 0x00007ffa1f00c000 	C:\WINDOWS\SYSTEM32\Wldp.dll
0x00007ffa21430000 - 0x00007ffa214de000 	C:\WINDOWS\System32\SHCORE.dll
0x00007ffa20be0000 - 0x00007ffa20c35000 	C:\WINDOWS\System32\shlwapi.dll
0x00007ffa1f570000 - 0x00007ffa1f596000 	C:\WINDOWS\SYSTEM32\profapi.dll
0x00007ffa13fe0000 - 0x00007ffa13ffa000 	C:\Users\ervin_1nmnhvl\AppData\Local\JetBrains\Toolbox\apps\IDEA-U\ch-0\202.6397.94\bin\breakgen64.dll
0x0000000050610000 - 0x000000005062a000 	C:\Program Files (x86)\Minecraft\runtime\jre-x64\bin\net.dll
0x00007ffa1edd0000 - 0x00007ffa1ee3a000 	C:\WINDOWS\system32\mswsock.dll
0x0000000050600000 - 0x000000005060d000 	C:\Program Files (x86)\Minecraft\runtime\jre-x64\bin\management.dll
0x00007ffa17970000 - 0x00007ffa17987000 	C:\WINDOWS\system32\napinsp.dll
0x00007ffa17990000 - 0x00007ffa179ab000 	C:\WINDOWS\system32\pnrpnsp.dll
0x00007ffa1a3c0000 - 0x00007ffa1a3d5000 	C:\WINDOWS\system32\wshbth.dll
0x00007ffa1af60000 - 0x00007ffa1af7d000 	C:\WINDOWS\system32\NLAapi.dll
0x00007ffa1ea90000 - 0x00007ffa1eacb000 	C:\WINDOWS\SYSTEM32\IPHLPAPI.DLL
0x00007ffa1eae0000 - 0x00007ffa1ebab000 	C:\WINDOWS\SYSTEM32\DNSAPI.dll
0x00007ffa21d10000 - 0x00007ffa21d19000 	C:\WINDOWS\System32\NSI.dll
0x00007ffa19710000 - 0x00007ffa19722000 	C:\WINDOWS\System32\winrnr.dll
0x00007ffa0f640000 - 0x00007ffa0f64a000 	C:\Windows\System32\rasadhlp.dll
0x00007ffa12ce0000 - 0x00007ffa12d5f000 	C:\WINDOWS\System32\fwpuclnt.dll
0x00007ffa1fb20000 - 0x00007ffa1fb47000 	C:\WINDOWS\System32\bcrypt.dll
0x00000000505e0000 - 0x00000000505f1000 	C:\Program Files (x86)\Minecraft\runtime\jre-x64\bin\nio.dll
0x00000000505b0000 - 0x00000000505d4000 	C:\Program Files (x86)\Minecraft\runtime\jre-x64\bin\sunec.dll
0x00007ffa1f170000 - 0x00007ffa1f188000 	C:\WINDOWS\SYSTEM32\CRYPTSP.dll
0x00007ffa1e610000 - 0x00007ffa1e644000 	C:\WINDOWS\system32\rsaenh.dll
0x00007ffa1f530000 - 0x00007ffa1f55e000 	C:\WINDOWS\SYSTEM32\USERENV.dll
0x00007ffa1fd80000 - 0x00007ffa1fdff000 	C:\WINDOWS\System32\bcryptprimitives.dll
0x00007ffa1ef50000 - 0x00007ffa1ef5c000 	C:\WINDOWS\SYSTEM32\CRYPTBASE.dll
0x00007ffa15c50000 - 0x00007ffa15c67000 	C:\WINDOWS\SYSTEM32\dhcpcsvc6.DLL
0x00007ffa15c30000 - 0x00007ffa15c4d000 	C:\WINDOWS\SYSTEM32\dhcpcsvc.DLL
0x00007ff9eb470000 - 0x00007ff9eb4e2000 	C:\Users\ervin_1nmnhvl\AppData\Local\Temp\lwjglervin_1nmnhvl\3.2.2-build-10\lwjgl.dll
0x00007ff9e5460000 - 0x00007ff9e56b1000 	C:\Users\ERVIN_~1\AppData\Local\Temp\lwjglervin_1nmnhvl\3.2.2-build-10\jemalloc.dll
0x00007ff9fc2b0000 - 0x00007ff9fc30e000 	C:\Users\ERVIN_~1\AppData\Local\Temp\lwjglervin_1nmnhvl\3.2.2-build-10\glfw.dll
0x00007ffa1ce00000 - 0x00007ffa1ce9f000 	C:\WINDOWS\system32\uxtheme.dll
0x00007ff9f9090000 - 0x00007ff9f90d5000 	C:\WINDOWS\SYSTEM32\dinput8.dll
0x00007ffa10b80000 - 0x00007ffa10b91000 	C:\WINDOWS\SYSTEM32\xinput1_4.dll
0x00007ffa1fd30000 - 0x00007ffa1fd7e000 	C:\WINDOWS\System32\cfgmgr32.dll
0x00007ffa1f3f0000 - 0x00007ffa1f41c000 	C:\WINDOWS\SYSTEM32\DEVOBJ.dll
0x00007ffa1d070000 - 0x00007ffa1d09f000 	C:\WINDOWS\SYSTEM32\dwmapi.dll
0x00007ffa0f290000 - 0x00007ffa0f3e2000 	C:\WINDOWS\SYSTEM32\inputhost.dll
0x00007ffa207a0000 - 0x00007ffa2086d000 	C:\WINDOWS\System32\OLEAUT32.dll
0x00007ffa1ae20000 - 0x00007ffa1af17000 	C:\WINDOWS\SYSTEM32\PROPSYS.dll
0x00007ffa1caa0000 - 0x00007ffa1cb92000 	C:\WINDOWS\SYSTEM32\CoreMessaging.dll
0x00007ffa1c740000 - 0x00007ffa1ca9e000 	C:\WINDOWS\SYSTEM32\CoreUIComponents.dll
0x00007ffa1c070000 - 0x00007ffa1c1c6000 	C:\WINDOWS\SYSTEM32\wintypes.dll
0x00007ffa1e240000 - 0x00007ffa1e273000 	C:\WINDOWS\SYSTEM32\ntmarta.dll
0x00007ffa1d630000 - 0x00007ffa1d642000 	C:\WINDOWS\SYSTEM32\kernel.appcore.dll
0x00007ffa203d0000 - 0x00007ffa204e5000 	C:\WINDOWS\System32\MSCTF.dll
0x00007ffa1ddf0000 - 0x00007ffa1ddfd000 	C:\WINDOWS\SYSTEM32\HID.DLL
0x00007ffa1ff60000 - 0x00007ffa203c7000 	C:\WINDOWS\System32\SETUPAPI.DLL
0x00007ffa1fac0000 - 0x00007ffa1fb20000 	C:\WINDOWS\System32\WINTRUST.dll
0x00007ffa1fe00000 - 0x00007ffa1ff5d000 	C:\WINDOWS\System32\CRYPT32.dll
0x00007ffa1f3d0000 - 0x00007ffa1f3e2000 	C:\WINDOWS\SYSTEM32\MSASN1.dll
0x00007ff9d4520000 - 0x00007ff9d4645000 	C:\WINDOWS\SYSTEM32\opengl32.dll
0x00007ff9edf60000 - 0x00007ff9edf8c000 	C:\WINDOWS\SYSTEM32\GLU32.dll
0x00007ffa21380000 - 0x00007ffa21429000 	C:\WINDOWS\System32\clbcatq.dll
0x00007ff9e37a0000 - 0x00007ff9e4424000 	C:\WINDOWS\SYSTEM32\ig4icd64.dll
0x00007ffa1de50000 - 0x00007ffa1df43000 	C:\WINDOWS\SYSTEM32\dxgi.dll
0x00007ffa1b840000 - 0x00007ffa1baa4000 	C:\WINDOWS\SYSTEM32\d3d11.dll
0x00007ff9f7930000 - 0x00007ff9f8580000 	C:\WINDOWS\SYSTEM32\igd10umd64.dll
0x00007ffa14820000 - 0x00007ffa1485b000 	C:\WINDOWS\SYSTEM32\dxcore.dll
0x00007ff9e8a50000 - 0x00007ff9e8acf000 	C:\Users\ervin_1nmnhvl\AppData\Local\Temp\lwjglervin_1nmnhvl\3.2.2-build-10\lwjgl_stb.dll
0x00007ffa19c70000 - 0x00007ffa19d1e000 	C:\WINDOWS\SYSTEM32\mscms.dll
0x00007ffa19820000 - 0x00007ffa19831000 	C:\WINDOWS\SYSTEM32\ColorAdapterClient.dll
0x00007ff9f6ad0000 - 0x00007ff9f6b13000 	C:\WINDOWS\SYSTEM32\icm32.dll
0x00007ffa0f190000 - 0x00007ffa0f28c000 	C:\WINDOWS\SYSTEM32\textinputframework.dll
0x00007ff9f69b0000 - 0x00007ff9f6a08000 	C:\Users\ervin_1nmnhvl\AppData\Local\Temp\lwjglervin_1nmnhvl\3.2.2-build-10\lwjgl_opengl.dll

VM Arguments:
jvm_args: -Dforge.logging.console.level=debug -Dforge.logging.markers=SCAN,REGISTRIES,REGISTRYDUMP -XX:HeapDumpPath=MojangTricksIntelDriversForPerformance_javaw.exe_minecraft.exe.heapdump -Dos.name=Windows 10 -Dos.version=10.0 -javaagent:C:\Users\ervin_1nmnhvl\AppData\Local\JetBrains\Toolbox\apps\IDEA-U\ch-0\202.6397.94\lib\idea_rt.jar=54554:C:\Users\ervin_1nmnhvl\AppData\Local\JetBrains\Toolbox\apps\IDEA-U\ch-0\202.6397.94\bin -Dfile.encoding=windows-1250 
java_command: net.minecraftforge.userdev.LaunchTesting
java_class_path (initial): C:\Program Files (x86)\Minecraft\runtime\jre-x64\lib\charsets.jar;C:\Program Files (x86)\Minecraft\runtime\jre-x64\lib\deploy.jar;C:\Program Files (x86)\Minecraft\runtime\jre-x64\lib\ext\access-bridge-64.jar;C:\Program Files (x86)\Minecraft\runtime\jre-x64\lib\ext\cldrdata.jar;C:\Program Files (x86)\Minecraft\runtime\jre-x64\lib\ext\dnsns.jar;C:\Program Files (x86)\Minecraft\runtime\jre-x64\lib\ext\jaccess.jar;C:\Program Files (x86)\Minecraft\runtime\jre-x64\lib\ext\jfxrt.jar;C:\Program Files (x86)\Minecraft\runtime\jre-x64\lib\ext\localedata.jar;C:\Program Files (x86)\Minecraft\runtime\jre-x64\lib\ext\nashorn.jar;C:\Program Files (x86)\Minecraft\runtime\jre-x64\lib\ext\sunec.jar;C:\Program Files (x86)\Minecraft\runtime\jre-x64\lib\ext\sunjce_provider.jar;C:\Program Files (x86)\Minecraft\runtime\jre-x64\lib\ext\sunmscapi.jar;C:\Program Files (x86)\Minecraft\runtime\jre-x64\lib\ext\sunpkcs11.jar;C:\Program Files (x86)\Minecraft\runtime\jre-x64\lib\ext\zipfs.jar;C:\Program Files (x86)\Minecraft\runtime\jre-x64\lib\javaws.jar;C:\Program Files (x86)\Minecraft\runtime\jre-x64\lib\jce.jar;C:\Program Files (x86)\Minecraft\runtime\jre-x64\lib\jfr.jar;C:\Program Files (x86)\Minecraft\runtime\jre-x64\lib\jfxswt.jar;C:\Program Files (x86)\Minecraft\runtime\jre-x64\lib\jsse.jar;C:\Program Files (x86)\Minecraft\runtime\jre-x64\lib\management-agent.jar;C:\Program Files (x86)\Minecraft\runtime\jre-x64\lib\plugin.jar;C:\Program Files (x86)\Minecraft\runtime\jre-x64\lib\resources.jar;C:\Program Files (x86)\Minecraft\runtime\jre-x64\lib\rt.jar;C:\save\modding\ervin_mod_1\build\classes\java\main;C:\save\modding\ervin_mod_1\build\resources\main;C:\Users\ervin_1nmnhvl\.gradle\caches\forge_gradle\minecraft_user_repo\net\minecraftforge\forge\1.16.1-32.0.75_mapped_snapshot_20200723-1.16.1\forge-1.16.1-32.0.75_mapped_snapshot_20200723-1.16.1-recomp.jar;C:\Users\ervin_1nmnhvl\.gradle\caches\forge_gradle\minecraft_user_repo\net\minecraftforge\forge\1.16.1-32.0.75_
Launcher Type: SUN_STANDARD

Environment Variables:
JAVA_HOME=C:\Program Files\Java\jdk-11.0.4
PATH=C:\Program Files\Docker\Docker\Resources\bin;C:\ProgramData\Oracle\Java\javapath;C:\WINDOWS\system32;C:\WINDOWS;C:\WINDOWS\System32\Wbem;C:\WINDOWS\System32\WindowsPowerShell\v1.0\;C:\Program Files (x86)\cloudControl;C:\Program Files\Git\cmd;C:\bin;C:\Program Files (x86)\Windows Kits\8.1\Windows Performance Toolkit\;C:\Program Files (x86)\PuTTY\;C:\Program Files (x86)\Nodist\bin;G:\save\sdk\android\tools;G:\save\sdk\android\platform-tools;C:\boxfuse;C:\Program Files (x86)\Skype\Phone\;C:\Program Files (x86)\GtkSharp\2.12\bin;C:\Program Files (x86)\IVI Foundation\VISA\WinNT\Bin;C:\WINDOWS\system32;C:\WINDOWS;C:\WINDOWS\System32\Wbem;C:\WINDOWS\System32\WindowsPowerShell\v1.0\;;C:\WINDOWS\System32\OpenSSH\;C:\Users\ervin_1nmnhvl\AppData\Local\Microsoft\WindowsApps;
USERNAME=ervin_1nmnhvl
OS=Windows_NT
PROCESSOR_IDENTIFIER=Intel64 Family 6 Model 42 Stepping 7, GenuineIntel



---------------  S Y S T E M  ---------------

OS: Windows 10.0 , 64 bit Build 19041 (10.0.19041.546)

CPU:total 4 (2 cores per cpu, 2 threads per core) family 6 model 42 stepping 7, cmov, cx8, fxsr, mmx, sse, sse2, sse3, ssse3, sse4.1, sse4.2, popcnt, avx, aes, clmul, ht, tsc, tscinvbit

Memory: 4k page, physical 8266764k(571332k free), swap 10363916k(4124k free)

vm_info: Java HotSpot(TM) 64-Bit Server VM (25.51-b03) for windows-amd64 JRE (1.8.0_51-b16), built on Jun  8 2015 18:03:07 by "java_re" with MS VC++ 10.0 (VS2010)

time: Wed Nov 11 13:13:14 2020
elapsed time: 30 seconds (0d 0h 0m 30s)

