#
# There is insufficient memory for the Java Runtime Environment to continue.
# Native memory allocation (malloc) failed to allocate 1858512 bytes for Chunk::new
# Possible reasons:
#   The system is out of physical RAM or swap space
#   In 32 bit mode, the process size limit was hit
# Possible solutions:
#   Reduce memory load on the system
#   Increase physical memory or swap space
#   Check if swap backing store is full
#   Use 64 bit Java on a 64 bit OS
#   Decrease Java heap size (-Xmx/-Xms)
#   Decrease number of Java threads
#   Decrease Java thread stack sizes (-Xss)
#   Set larger code cache with -XX:ReservedCodeCacheSize=
# This output file may be truncated or incomplete.
#
#  Out of Memory Error (allocation.cpp:390), pid=10232, tid=10272
#
# JRE version: Java(TM) SE Runtime Environment (8.0_51-b16) (build 1.8.0_51-b16)
# Java VM: Java HotSpot(TM) 64-Bit Server VM (25.51-b03 mixed mode windows-amd64 compressed oops)
# Failed to write core dump. Minidumps are not enabled by default on client versions of Windows
#

---------------  T H R E A D  ---------------

Current thread (0x0000000019748800):  JavaThread "C2 CompilerThread1" daemon [_thread_in_native, id=10272, stack(0x0000000019960000,0x0000000019a60000)]

Stack: [0x0000000019960000,0x0000000019a60000]
Native frames: (J=compiled Java code, j=interpreted, Vv=VM code, C=native code)
V  [jvm.dll+0x32b4ca]
V  [jvm.dll+0x2797e3]
V  [jvm.dll+0x27a479]
V  [jvm.dll+0x271765]
V  [jvm.dll+0xcba02]
V  [jvm.dll+0xcbecc]
V  [jvm.dll+0x4643d2]
V  [jvm.dll+0x4db655]
V  [jvm.dll+0x4dc257]
V  [jvm.dll+0x46a5e1]
V  [jvm.dll+0x46cde2]
V  [jvm.dll+0x4501a2]
V  [jvm.dll+0xa43a2]
V  [jvm.dll+0xa4cdf]
V  [jvm.dll+0x2418a4]
V  [jvm.dll+0x29846a]
C  [msvcr100.dll+0x21d9f]
C  [msvcr100.dll+0x21e3b]
C  [KERNEL32.DLL+0x16fd4]
C  [ntdll.dll+0x4cec1]


Current CompileTask:
C2:  10183 4334       4       org.objectweb.asm.Frame::execute (2318 bytes)


---------------  P R O C E S S  ---------------

Java Threads: ( => current thread )
  0x0000000019c5a000 JavaThread "pool-2-thread-1" daemon [_thread_in_native, id=6208, stack(0x0000000020f10000,0x0000000021010000)]
  0x000000001b0fc000 JavaThread "Thread-3" daemon [_thread_blocked, id=14056, stack(0x0000000021280000,0x0000000021380000)]
  0x000000001addf800 JavaThread "Thread-2" daemon [_thread_in_native, id=7596, stack(0x000000001c270000,0x000000001c370000)]
  0x000000001a7bb000 JavaThread "Thread-1" daemon [_thread_blocked, id=7680, stack(0x000000001c170000,0x000000001c270000)]
  0x0000000019bda000 JavaThread "Service Thread" daemon [_thread_blocked, id=9672, stack(0x000000001a360000,0x000000001a460000)]
  0x000000001974c000 JavaThread "C1 CompilerThread2" daemon [_thread_blocked, id=15968, stack(0x0000000019a60000,0x0000000019b60000)]
=>0x0000000019748800 JavaThread "C2 CompilerThread1" daemon [_thread_in_native, id=10272, stack(0x0000000019960000,0x0000000019a60000)]
  0x0000000019745800 JavaThread "C2 CompilerThread0" daemon [_thread_in_native, id=2896, stack(0x0000000019860000,0x0000000019960000)]
  0x00000000196ff800 JavaThread "Monitor Ctrl-Break" daemon [_thread_in_native, id=13560, stack(0x0000000019760000,0x0000000019860000)]
  0x0000000017e08800 JavaThread "Attach Listener" daemon [_thread_blocked, id=6716, stack(0x0000000019260000,0x0000000019360000)]
  0x0000000017e07800 JavaThread "Signal Dispatcher" daemon [_thread_blocked, id=4352, stack(0x0000000019160000,0x0000000019260000)]
  0x000000000317b000 JavaThread "Finalizer" daemon [_thread_blocked, id=13548, stack(0x0000000019060000,0x0000000019160000)]
  0x0000000003177000 JavaThread "Reference Handler" daemon [_thread_blocked, id=11892, stack(0x0000000018f60000,0x0000000019060000)]
  0x0000000003082800 JavaThread "main" [_thread_in_vm, id=14856, stack(0x0000000002ea0000,0x0000000002fa0000)]

Other Threads:
  0x0000000017dc9000 VMThread [stack: 0x0000000018e60000,0x0000000018f60000] [id=9968]
  0x0000000019bee800 WatcherThread [stack: 0x000000001a460000,0x000000001a560000] [id=7060]

VM state:not at safepoint (normal execution)

VM Mutex/Monitor currently owned by a thread: None

Heap:
 PSYoungGen      total 180736K, used 56898K [0x00000000d5f00000, 0x00000000e4a80000, 0x0000000100000000)
  eden space 139264K, 11% used [0x00000000d5f00000,0x00000000d6e15878,0x00000000de700000)
  from space 41472K, 99% used [0x00000000e1780000,0x00000000e3ffb180,0x00000000e4000000)
  to   space 49664K, 0% used [0x00000000de700000,0x00000000de700000,0x00000000e1780000)
 ParOldGen       total 135680K, used 66382K [0x0000000081c00000, 0x000000008a080000, 0x00000000d5f00000)
  object space 135680K, 48% used [0x0000000081c00000,0x0000000085cd3958,0x000000008a080000)
 Metaspace       used 32424K, capacity 34205K, committed 34304K, reserved 1079296K
  class space    used 3991K, capacity 4538K, committed 4608K, reserved 1048576K

Card table byte_map: [0x0000000012690000,0x0000000012a90000] byte_map_base: 0x0000000012282000

Marking Bits: (ParMarkBitMap*) 0x00000000768d4040
 Begin Bits: [0x0000000013140000, 0x00000000150d0000)
 End Bits:   [0x00000000150d0000, 0x0000000017060000)

Polling page: 0x0000000002fa0000

CodeCache: size=245760Kb used=12117Kb max_used=12905Kb free=233642Kb
 bounds [0x00000000032d0000, 0x0000000003fa0000, 0x00000000122d0000]
 total_blobs=4944 nmethods=3886 adapters=968
 compilation: enabled

Compilation events (10 events):
Event: 9.856 Thread 0x000000001974c000 4396       2       net.minecraftforge.fml.loading.FMLLoader::getLoadingModList (4 bytes)
Event: 9.856 Thread 0x000000001974c000 nmethod 4396 0x0000000003ce41d0 code [0x0000000003ce4320, 0x0000000003ce4450]
Event: 9.859 Thread 0x000000001974c000 4397       2       org.objectweb.asm.MethodVisitor::visitAnnotableParameterCount (17 bytes)
Event: 9.859 Thread 0x000000001974c000 nmethod 4397 0x0000000003a85c10 code [0x0000000003a85d80, 0x0000000003a85f08]
Event: 9.878 Thread 0x000000001974c000 4398       2       org.objectweb.asm.ClassReader::readConst (276 bytes)
Event: 9.882 Thread 0x000000001974c000 nmethod 4398 0x0000000003537450 code [0x0000000003537700, 0x00000000035385a8]
Event: 9.920 Thread 0x000000001974c000 4401       3       java.util.stream.ReferencePipeline::forEachWithCancel (20 bytes)
Event: 9.921 Thread 0x000000001974c000 nmethod 4401 0x0000000003871390 code [0x0000000003871520, 0x00000000038718d8]
Event: 9.925 Thread 0x000000001974c000 4402       2       java.util.Formatter$FormatSpecifier::checkNumeric (168 bytes)
Event: 9.926 Thread 0x000000001974c000 nmethod 4402 0x0000000003693310 code [0x00000000036934e0, 0x0000000003693918]

GC Heap History (10 events):
Event: 6.423 GC heap before
{Heap before GC invocations=8 (full 1):
 PSYoungGen      total 70144K, used 70107K [0x00000000d5f00000, 0x00000000db680000, 0x0000000100000000)
  eden space 60416K, 100% used [0x00000000d5f00000,0x00000000d9a00000,0x00000000d9a00000)
  from space 9728K, 99% used [0x00000000dad00000,0x00000000db676f08,0x00000000db680000)
  to   space 13312K, 0% used [0x00000000d9c80000,0x00000000d9c80000,0x00000000da980000)
 ParOldGen       total 62464K, used 15370K [0x0000000081c00000, 0x0000000085900000, 0x00000000d5f00000)
  object space 62464K, 24% used [0x0000000081c00000,0x0000000082b02910,0x0000000085900000)
 Metaspace       used 28791K, capacity 30229K, committed 30464K, reserved 1075200K
  class space    used 3601K, capacity 4040K, committed 4096K, reserved 1048576K
Event: 6.445 GC heap after
Heap after GC invocations=8 (full 1):
 PSYoungGen      total 76288K, used 13283K [0x00000000d5f00000, 0x00000000dea00000, 0x0000000100000000)
  eden space 62976K, 0% used [0x00000000d5f00000,0x00000000d5f00000,0x00000000d9c80000)
  from space 13312K, 99% used [0x00000000d9c80000,0x00000000da978e58,0x00000000da980000)
  to   space 17408K, 0% used [0x00000000dd900000,0x00000000dd900000,0x00000000dea00000)
 ParOldGen       total 62464K, used 19722K [0x0000000081c00000, 0x0000000085900000, 0x00000000d5f00000)
  object space 62464K, 31% used [0x0000000081c00000,0x0000000082f429d0,0x0000000085900000)
 Metaspace       used 28791K, capacity 30229K, committed 30464K, reserved 1075200K
  class space    used 3601K, capacity 4040K, committed 4096K, reserved 1048576K
}
Event: 7.420 GC heap before
{Heap before GC invocations=9 (full 1):
 PSYoungGen      total 76288K, used 75470K [0x00000000d5f00000, 0x00000000dea00000, 0x0000000100000000)
  eden space 62976K, 98% used [0x00000000d5f00000,0x00000000d9bba9e8,0x00000000d9c80000)
  from space 13312K, 99% used [0x00000000d9c80000,0x00000000da978e58,0x00000000da980000)
  to   space 17408K, 0% used [0x00000000dd900000,0x00000000dd900000,0x00000000dea00000)
 ParOldGen       total 62464K, used 19722K [0x0000000081c00000, 0x0000000085900000, 0x00000000d5f00000)
  object space 62464K, 31% used [0x0000000081c00000,0x0000000082f429d0,0x0000000085900000)
 Metaspace       used 30853K, capacity 32581K, committed 32896K, reserved 1077248K
  class space    used 3857K, capacity 4375K, committed 4480K, reserved 1048576K
Event: 7.514 GC heap after
Heap after GC invocations=9 (full 1):
 PSYoungGen      total 116224K, used 17381K [0x00000000d5f00000, 0x00000000e0080000, 0x0000000100000000)
  eden space 98816K, 0% used [0x00000000d5f00000,0x00000000d5f00000,0x00000000dbf80000)
  from space 17408K, 99% used [0x00000000dd900000,0x00000000de9f9738,0x00000000dea00000)
  to   space 26112K, 0% used [0x00000000dbf80000,0x00000000dbf80000,0x00000000dd900000)
 ParOldGen       total 62464K, used 33517K [0x0000000081c00000, 0x0000000085900000, 0x00000000d5f00000)
  object space 62464K, 53% used [0x0000000081c00000,0x0000000083cbb4d0,0x0000000085900000)
 Metaspace       used 30853K, capacity 32581K, committed 32896K, reserved 1077248K
  class space    used 3857K, capacity 4375K, committed 4480K, reserved 1048576K
}
Event: 8.879 GC heap before
{Heap before GC invocations=10 (full 1):
 PSYoungGen      total 116224K, used 116197K [0x00000000d5f00000, 0x00000000e0080000, 0x0000000100000000)
  eden space 98816K, 100% used [0x00000000d5f00000,0x00000000dbf80000,0x00000000dbf80000)
  from space 17408K, 99% used [0x00000000dd900000,0x00000000de9f9738,0x00000000dea00000)
  to   space 26112K, 0% used [0x00000000dbf80000,0x00000000dbf80000,0x00000000dd900000)
 ParOldGen       total 62464K, used 33517K [0x0000000081c00000, 0x0000000085900000, 0x00000000d5f00000)
  object space 62464K, 53% used [0x0000000081c00000,0x0000000083cbb4d0,0x0000000085900000)
 Metaspace       used 31855K, capacity 33773K, committed 34048K, reserved 1079296K
  class space    used 3937K, capacity 4504K, committed 4608K, reserved 1048576K
Event: 9.036 GC heap after
Heap after GC invocations=10 (full 1):
 PSYoungGen      total 124928K, used 26093K [0x00000000d5f00000, 0x00000000e4000000, 0x0000000100000000)
  eden space 98816K, 0% used [0x00000000d5f00000,0x00000000d5f00000,0x00000000dbf80000)
  from space 26112K, 99% used [0x00000000dbf80000,0x00000000dd8fb4c8,0x00000000dd900000)
  to   space 41472K, 0% used [0x00000000e1780000,0x00000000e1780000,0x00000000e4000000)
 ParOldGen       total 62464K, used 61374K [0x0000000081c00000, 0x0000000085900000, 0x00000000d5f00000)
  object space 62464K, 98% used [0x0000000081c00000,0x00000000857efa18,0x0000000085900000)
 Metaspace       used 31855K, capacity 33773K, committed 34048K, reserved 1079296K
  class space    used 3937K, capacity 4504K, committed 4608K, reserved 1048576K
}
Event: 9.036 GC heap before
{Heap before GC invocations=11 (full 2):
 PSYoungGen      total 124928K, used 26093K [0x00000000d5f00000, 0x00000000e4000000, 0x0000000100000000)
  eden space 98816K, 0% used [0x00000000d5f00000,0x00000000d5f00000,0x00000000dbf80000)
  from space 26112K, 99% used [0x00000000dbf80000,0x00000000dd8fb4c8,0x00000000dd900000)
  to   space 41472K, 0% used [0x00000000e1780000,0x00000000e1780000,0x00000000e4000000)
 ParOldGen       total 62464K, used 61374K [0x0000000081c00000, 0x0000000085900000, 0x00000000d5f00000)
  object space 62464K, 98% used [0x0000000081c00000,0x00000000857efa18,0x0000000085900000)
 Metaspace       used 31855K, capacity 33773K, committed 34048K, reserved 1079296K
  class space    used 3937K, capacity 4504K, committed 4608K, reserved 1048576K
Event: 9.324 GC heap after
Heap after GC invocations=11 (full 2):
 PSYoungGen      total 124928K, used 7140K [0x00000000d5f00000, 0x00000000e4000000, 0x0000000100000000)
  eden space 98816K, 0% used [0x00000000d5f00000,0x00000000d5f00000,0x00000000dbf80000)
  from space 26112K, 27% used [0x00000000dbf80000,0x00000000dc6792c0,0x00000000dd900000)
  to   space 41472K, 0% used [0x00000000e1780000,0x00000000e1780000,0x00000000e4000000)
 ParOldGen       total 135680K, used 61936K [0x0000000081c00000, 0x000000008a080000, 0x00000000d5f00000)
  object space 135680K, 45% used [0x0000000081c00000,0x000000008587c2d8,0x000000008a080000)
 Metaspace       used 31855K, capacity 33773K, committed 34048K, reserved 1079296K
  class space    used 3937K, capacity 4504K, committed 4608K, reserved 1048576K
}
Event: 9.939 GC heap before
{Heap before GC invocations=12 (full 2):
 PSYoungGen      total 124928K, used 105956K [0x00000000d5f00000, 0x00000000e4000000, 0x0000000100000000)
  eden space 98816K, 100% used [0x00000000d5f00000,0x00000000dbf80000,0x00000000dbf80000)
  from space 26112K, 27% used [0x00000000dbf80000,0x00000000dc6792c0,0x00000000dd900000)
  to   space 41472K, 0% used [0x00000000e1780000,0x00000000e1780000,0x00000000e4000000)
 ParOldGen       total 135680K, used 61936K [0x0000000081c00000, 0x000000008a080000, 0x00000000d5f00000)
  object space 135680K, 45% used [0x0000000081c00000,0x000000008587c2d8,0x000000008a080000)
 Metaspace       used 32398K, capacity 34205K, committed 34304K, reserved 1079296K
  class space    used 3987K, capacity 4538K, committed 4608K, reserved 1048576K
Event: 10.123 GC heap after
Heap after GC invocations=12 (full 2):
 PSYoungGen      total 180736K, used 41452K [0x00000000d5f00000, 0x00000000e4a80000, 0x0000000100000000)
  eden space 139264K, 0% used [0x00000000d5f00000,0x00000000d5f00000,0x00000000de700000)
  from space 41472K, 99% used [0x00000000e1780000,0x00000000e3ffb180,0x00000000e4000000)
  to   space 49664K, 0% used [0x00000000de700000,0x00000000de700000,0x00000000e1780000)
 ParOldGen       total 135680K, used 66382K [0x0000000081c00000, 0x000000008a080000, 0x00000000d5f00000)
  object space 135680K, 48% used [0x0000000081c00000,0x0000000085cd3958,0x000000008a080000)
 Metaspace       used 32398K, capacity 34205K, committed 34304K, reserved 1079296K
  class space    used 3987K, capacity 4538K, committed 4608K, reserved 1048576K
}

Deoptimization events (10 events):
Event: 7.356 Thread 0x0000000003082800 Uncommon trap: reason=unstable_if action=reinterpret pc=0x0000000003ce5c94 method=com.sun.nio.zipfs.ZipPath.resolve0()[B @ 129
Event: 7.584 Thread 0x0000000019c5a000 Uncommon trap: reason=class_check action=maybe_recompile pc=0x0000000003e64728 method=java.nio.file.FileTreeWalker.next()Ljava/nio/file/FileTreeWalker$Event; @ 76
Event: 7.594 Thread 0x0000000019c5a000 Uncommon trap: reason=class_check action=maybe_recompile pc=0x0000000003e64728 method=java.nio.file.FileTreeWalker.next()Ljava/nio/file/FileTreeWalker$Event; @ 76
Event: 7.933 Thread 0x0000000019c5a000 Uncommon trap: reason=unstable_if action=reinterpret pc=0x0000000003438f5c method=org.objectweb.asm.ClassReader.readUtf(II[C)Ljava/lang/String; @ 41
Event: 7.937 Thread 0x0000000019c5a000 Uncommon trap: reason=unstable_if action=reinterpret pc=0x0000000003d12bd8 method=org.objectweb.asm.ClassReader.readUtf(II[C)Ljava/lang/String; @ 41
Event: 8.730 Thread 0x0000000019c5a000 Uncommon trap: reason=unstable_if action=reinterpret pc=0x0000000003e80778 method=com.sun.nio.zipfs.ZipFileSystem$IndexNode.isDir()Z @ 12
Event: 8.730 Thread 0x0000000019c5a000 Uncommon trap: reason=unstable_if action=reinterpret pc=0x0000000003dc4fd4 method=com.sun.nio.zipfs.ZipFileSystem$Entry.cen(Lcom/sun/nio/zipfs/ZipFileSystem;I)Lcom/sun/nio/zipfs/ZipFileSystem$Entry; @ 177
Event: 8.793 Thread 0x0000000019c5a000 Uncommon trap: reason=unstable_if action=reinterpret pc=0x0000000003f68fa0 method=org.objectweb.asm.ClassReader.readStackMapFrame(IZZLorg/objectweb/asm/Context;)I @ 155
Event: 9.414 Thread 0x0000000003082800 Uncommon trap: reason=unstable_if action=reinterpret pc=0x00000000034af54c method=org.objectweb.asm.ClassReader.readMethod(Lorg/objectweb/asm/ClassVisitor;Lorg/objectweb/asm/Context;I)I @ 361
Event: 9.872 Thread 0x0000000019c5a000 Uncommon trap: reason=unstable_if action=reinterpret pc=0x000000000356a450 method=org.objectweb.asm.Type.getObjectType(Ljava/lang/String;)Lorg/objectweb/asm/Type; @ 11

Internal exceptions (10 events):
Event: 9.929 Thread 0x0000000003082800 Exception <a 'sun/nio/fs/WindowsException'> (0x00000000dbd9f850) thrown at [C:\re\workspace\8-2-build-windows-amd64-cygwin\jdk8u51\3951\hotspot\src\share\vm\prims\jni.cpp, line 709]
Event: 9.929 Thread 0x0000000003082800 Exception <a 'sun/nio/fs/WindowsException'> (0x00000000dbda00d0) thrown at [C:\re\workspace\8-2-build-windows-amd64-cygwin\jdk8u51\3951\hotspot\src\share\vm\prims\jni.cpp, line 709]
Event: 9.930 Thread 0x0000000003082800 Exception <a 'sun/nio/fs/WindowsException'> (0x00000000dbda10a0) thrown at [C:\re\workspace\8-2-build-windows-amd64-cygwin\jdk8u51\3951\hotspot\src\share\vm\prims\jni.cpp, line 709]
Event: 9.930 Thread 0x0000000003082800 Exception <a 'sun/nio/fs/WindowsException'> (0x00000000dbda1b28) thrown at [C:\re\workspace\8-2-build-windows-amd64-cygwin\jdk8u51\3951\hotspot\src\share\vm\prims\jni.cpp, line 709]
Event: 9.936 Thread 0x0000000003082800 Exception <a 'sun/nio/fs/WindowsException'> (0x00000000dbf0f330) thrown at [C:\re\workspace\8-2-build-windows-amd64-cygwin\jdk8u51\3951\hotspot\src\share\vm\prims\jni.cpp, line 709]
Event: 9.936 Thread 0x0000000003082800 Exception <a 'sun/nio/fs/WindowsException'> (0x00000000dbf0fb98) thrown at [C:\re\workspace\8-2-build-windows-amd64-cygwin\jdk8u51\3951\hotspot\src\share\vm\prims\jni.cpp, line 709]
Event: 9.936 Thread 0x0000000003082800 Exception <a 'sun/nio/fs/WindowsException'> (0x00000000dbf10c68) thrown at [C:\re\workspace\8-2-build-windows-amd64-cygwin\jdk8u51\3951\hotspot\src\share\vm\prims\jni.cpp, line 709]
Event: 9.936 Thread 0x0000000003082800 Exception <a 'sun/nio/fs/WindowsException'> (0x00000000dbf114e8) thrown at [C:\re\workspace\8-2-build-windows-amd64-cygwin\jdk8u51\3951\hotspot\src\share\vm\prims\jni.cpp, line 709]
Event: 9.937 Thread 0x0000000003082800 Exception <a 'sun/nio/fs/WindowsException'> (0x00000000dbf124b8) thrown at [C:\re\workspace\8-2-build-windows-amd64-cygwin\jdk8u51\3951\hotspot\src\share\vm\prims\jni.cpp, line 709]
Event: 9.937 Thread 0x0000000003082800 Exception <a 'sun/nio/fs/WindowsException'> (0x00000000dbf12f40) thrown at [C:\re\workspace\8-2-build-windows-amd64-cygwin\jdk8u51\3951\hotspot\src\share\vm\prims\jni.cpp, line 709]

Events (10 events):
Event: 9.886 Thread 0x0000000019c5a000 DEOPT PACKING pc=0x0000000003e9fd02 sp=0x000000002100e450
Event: 9.886 Thread 0x0000000019c5a000 DEOPT UNPACKING pc=0x000000000331787f sp=0x000000002100e1a8 mode 0
Event: 9.901 Thread 0x0000000019c5a000 DEOPT PACKING pc=0x0000000003d2b782 sp=0x000000002100deb0
Event: 9.901 Thread 0x0000000019c5a000 DEOPT UNPACKING pc=0x000000000331787f sp=0x000000002100dda8 mode 0
Event: 9.920 Thread 0x0000000019c5a000 DEOPT PACKING pc=0x0000000003d2a474 sp=0x000000002100deb0
Event: 9.920 Thread 0x0000000019c5a000 DEOPT UNPACKING pc=0x000000000331787f sp=0x000000002100dda8 mode 0
Event: 9.920 Thread 0x0000000003082800 DEOPT PACKING pc=0x0000000003e49ed6 sp=0x0000000002f9b630
Event: 9.920 Thread 0x0000000003082800 DEOPT UNPACKING pc=0x000000000331787f sp=0x0000000002f9b350 mode 0
Event: 9.938 Executing VM operation: ParallelGCFailedAllocation
Event: 10.123 Executing VM operation: ParallelGCFailedAllocation done


Dynamic libraries:
0x00007ff6e84e0000 - 0x00007ff6e8517000 	C:\Program Files (x86)\Minecraft\runtime\jre-x64\bin\java.exe
0x00007ff90a4b0000 - 0x00007ff90a6a5000 	C:\WINDOWS\SYSTEM32\ntdll.dll
0x00007ff909900000 - 0x00007ff9099bd000 	C:\WINDOWS\System32\KERNEL32.DLL
0x00007ff908240000 - 0x00007ff908507000 	C:\WINDOWS\System32\KERNELBASE.dll
0x00007ff9093c0000 - 0x00007ff90946a000 	C:\WINDOWS\System32\ADVAPI32.dll
0x00007ff908810000 - 0x00007ff9088ae000 	C:\WINDOWS\System32\msvcrt.dll
0x00007ff90a030000 - 0x00007ff90a0cb000 	C:\WINDOWS\System32\sechost.dll
0x00007ff9086e0000 - 0x00007ff908804000 	C:\WINDOWS\System32\RPCRT4.dll
0x00007ff90a190000 - 0x00007ff90a330000 	C:\WINDOWS\System32\USER32.dll
0x00007ff907d50000 - 0x00007ff907d72000 	C:\WINDOWS\System32\win32u.dll
0x00007ff909540000 - 0x00007ff90956a000 	C:\WINDOWS\System32\GDI32.dll
0x00007ff908030000 - 0x00007ff908139000 	C:\WINDOWS\System32\gdi32full.dll
0x00007ff907ee0000 - 0x00007ff907f7d000 	C:\WINDOWS\System32\msvcp_win.dll
0x00007ff908140000 - 0x00007ff908240000 	C:\WINDOWS\System32\ucrtbase.dll
0x00007ff8eb8d0000 - 0x00007ff8ebb6b000 	C:\WINDOWS\WinSxS\amd64_microsoft.windows.common-controls_6595b64144ccf1df_6.0.19041.488_none_ca04af081b815d21\COMCTL32.dll
0x00007ff909aa0000 - 0x00007ff909ad0000 	C:\WINDOWS\System32\IMM32.DLL
0x0000000076960000 - 0x0000000076a32000 	C:\Program Files (x86)\Minecraft\runtime\jre-x64\bin\msvcr100.dll
0x00000000760d0000 - 0x0000000076953000 	C:\Program Files (x86)\Minecraft\runtime\jre-x64\bin\server\jvm.dll
0x00007ff909810000 - 0x00007ff909818000 	C:\WINDOWS\System32\PSAPI.DLL
0x00007ff900930000 - 0x00007ff90093a000 	C:\WINDOWS\SYSTEM32\VERSION.dll
0x00007ff900ec0000 - 0x00007ff900ee7000 	C:\WINDOWS\SYSTEM32\WINMM.dll
0x00007ff8e1fd0000 - 0x00007ff8e1fd9000 	C:\WINDOWS\SYSTEM32\WSOCK32.dll
0x00007ff9094d0000 - 0x00007ff90953b000 	C:\WINDOWS\System32\WS2_32.dll
0x00000000760c0000 - 0x00000000760cf000 	C:\Program Files (x86)\Minecraft\runtime\jre-x64\bin\verify.dll
0x0000000076090000 - 0x00000000760b9000 	C:\Program Files (x86)\Minecraft\runtime\jre-x64\bin\java.dll
0x0000000076060000 - 0x0000000076083000 	C:\Program Files (x86)\Minecraft\runtime\jre-x64\bin\instrument.dll
0x0000000076040000 - 0x0000000076056000 	C:\Program Files (x86)\Minecraft\runtime\jre-x64\bin\zip.dll
0x00007ff908c70000 - 0x00007ff9093b1000 	C:\WINDOWS\System32\SHELL32.dll
0x00007ff905bc0000 - 0x00007ff906353000 	C:\WINDOWS\SYSTEM32\windows.storage.dll
0x00007ff9088b0000 - 0x00007ff908c05000 	C:\WINDOWS\System32\combase.dll
0x00007ff9074c0000 - 0x00007ff9074ec000 	C:\WINDOWS\SYSTEM32\Wldp.dll
0x00007ff90a0e0000 - 0x00007ff90a18e000 	C:\WINDOWS\System32\SHCORE.dll
0x00007ff909fd0000 - 0x00007ff90a025000 	C:\WINDOWS\System32\shlwapi.dll
0x00007ff907b20000 - 0x00007ff907b46000 	C:\WINDOWS\SYSTEM32\profapi.dll
0x00007ff905260000 - 0x00007ff90527a000 	C:\Users\ervin_1nmnhvl\AppData\Local\JetBrains\Toolbox\apps\IDEA-U\ch-0\202.6397.94\bin\breakgen64.dll
0x0000000076020000 - 0x000000007603a000 	C:\Program Files (x86)\Minecraft\runtime\jre-x64\bin\net.dll
0x00007ff9072b0000 - 0x00007ff90731a000 	C:\WINDOWS\system32\mswsock.dll
0x0000000076010000 - 0x000000007601d000 	C:\Program Files (x86)\Minecraft\runtime\jre-x64\bin\management.dll
0x00007ff8d6850000 - 0x00007ff8d6867000 	C:\WINDOWS\system32\napinsp.dll
0x00007ff8d9b80000 - 0x00007ff8d9b9b000 	C:\WINDOWS\system32\pnrpnsp.dll
0x00007ff902980000 - 0x00007ff902995000 	C:\WINDOWS\system32\wshbth.dll
0x00007ff903320000 - 0x00007ff90333d000 	C:\WINDOWS\system32\NLAapi.dll
0x00007ff906fc0000 - 0x00007ff906ffb000 	C:\WINDOWS\SYSTEM32\IPHLPAPI.DLL
0x00007ff907000000 - 0x00007ff9070cb000 	C:\WINDOWS\SYSTEM32\DNSAPI.dll
0x00007ff90a460000 - 0x00007ff90a469000 	C:\WINDOWS\System32\NSI.dll
0x00007ff8d9ba0000 - 0x00007ff8d9bb2000 	C:\WINDOWS\System32\winrnr.dll
0x00007ff8f8de0000 - 0x00007ff8f8dea000 	C:\Windows\System32\rasadhlp.dll
0x00007ff8fce90000 - 0x00007ff8fcf0f000 	C:\WINDOWS\System32\fwpuclnt.dll
0x00007ff907f80000 - 0x00007ff907fa7000 	C:\WINDOWS\System32\bcrypt.dll
0x0000000075ff0000 - 0x0000000076001000 	C:\Program Files (x86)\Minecraft\runtime\jre-x64\bin\nio.dll
0x0000000075fc0000 - 0x0000000075fe4000 	C:\Program Files (x86)\Minecraft\runtime\jre-x64\bin\sunec.dll
0x00007ff9077f0000 - 0x00007ff907808000 	C:\WINDOWS\SYSTEM32\CRYPTSP.dll
0x00007ff906b60000 - 0x00007ff906b94000 	C:\WINDOWS\system32\rsaenh.dll
0x00007ff907ae0000 - 0x00007ff907b0e000 	C:\WINDOWS\SYSTEM32\USERENV.dll
0x00007ff907fb0000 - 0x00007ff90802f000 	C:\WINDOWS\System32\bcryptprimitives.dll
0x00007ff907430000 - 0x00007ff90743c000 	C:\WINDOWS\SYSTEM32\CRYPTBASE.dll
0x00007ff8fa5b0000 - 0x00007ff8fa5c7000 	C:\WINDOWS\SYSTEM32\dhcpcsvc6.DLL
0x00007ff8fa470000 - 0x00007ff8fa48d000 	C:\WINDOWS\SYSTEM32\dhcpcsvc.DLL
0x00007ff8f61e0000 - 0x00007ff8f6252000 	C:\Users\ervin_1nmnhvl\AppData\Local\Temp\lwjglervin_1nmnhvl\3.2.2-build-10\lwjgl.dll
0x00007ff8ce3d0000 - 0x00007ff8ce621000 	C:\Users\ERVIN_~1\AppData\Local\Temp\lwjglervin_1nmnhvl\3.2.2-build-10\jemalloc.dll
0x00007ff8f7cc0000 - 0x00007ff8f7d1e000 	C:\Users\ERVIN_~1\AppData\Local\Temp\lwjglervin_1nmnhvl\3.2.2-build-10\glfw.dll
0x00007ff905480000 - 0x00007ff90551f000 	C:\WINDOWS\system32\uxtheme.dll
0x00007ff8db5e0000 - 0x00007ff8db625000 	C:\WINDOWS\SYSTEM32\dinput8.dll
0x00007ff8f9b60000 - 0x00007ff8f9b71000 	C:\WINDOWS\SYSTEM32\xinput1_4.dll
0x00007ff907e90000 - 0x00007ff907edd000 	C:\WINDOWS\System32\cfgmgr32.dll
0x00007ff9078d0000 - 0x00007ff9078fc000 	C:\WINDOWS\SYSTEM32\DEVOBJ.dll
0x00007ff905830000 - 0x00007ff90585f000 	C:\WINDOWS\SYSTEM32\dwmapi.dll
0x00007ff8f7440000 - 0x00007ff8f7592000 	C:\WINDOWS\SYSTEM32\inputhost.dll
0x00007ff909740000 - 0x00007ff90980d000 	C:\WINDOWS\System32\OLEAUT32.dll
0x00007ff904c40000 - 0x00007ff904d32000 	C:\WINDOWS\SYSTEM32\CoreMessaging.dll
0x00007ff9031d0000 - 0x00007ff9032c7000 	C:\WINDOWS\SYSTEM32\PROPSYS.dll
0x00007ff904570000 - 0x00007ff9046c6000 	C:\WINDOWS\SYSTEM32\wintypes.dll
0x00007ff904d40000 - 0x00007ff90509a000 	C:\WINDOWS\SYSTEM32\CoreUIComponents.dll
0x00007ff9063a0000 - 0x00007ff9063b3000 	C:\WINDOWS\SYSTEM32\kernel.appcore.dll
0x00007ff906800000 - 0x00007ff906833000 	C:\WINDOWS\SYSTEM32\ntmarta.dll
0x00007ff9085c0000 - 0x00007ff9086d5000 	C:\WINDOWS\System32\MSCTF.dll
0x00007ff906360000 - 0x00007ff90636d000 	C:\WINDOWS\SYSTEM32\HID.DLL
0x00007ff909ad0000 - 0x00007ff909f37000 	C:\WINDOWS\System32\SETUPAPI.DLL
0x00007ff907d80000 - 0x00007ff907de0000 	C:\WINDOWS\System32\WINTRUST.dll
0x00007ff907bf0000 - 0x00007ff907d4d000 	C:\WINDOWS\System32\CRYPT32.dll
0x00007ff9078b0000 - 0x00007ff9078c2000 	C:\WINDOWS\SYSTEM32\MSASN1.dll
0x00007ff8db0f0000 - 0x00007ff8db215000 	C:\WINDOWS\SYSTEM32\opengl32.dll
0x00007ff8f7ae0000 - 0x00007ff8f7b0c000 	C:\WINDOWS\SYSTEM32\GLU32.dll
0x00007ff908510000 - 0x00007ff9085b8000 	C:\WINDOWS\System32\clbcatq.dll
0x00007ff8bfae0000 - 0x00007ff8c0764000 	C:\WINDOWS\SYSTEM32\ig4icd64.dll
0x00007ff906410000 - 0x00007ff906503000 	C:\WINDOWS\SYSTEM32\dxgi.dll
0x00007ff903d70000 - 0x00007ff903fd3000 	C:\WINDOWS\SYSTEM32\d3d11.dll
0x00007ff8fbe60000 - 0x00007ff8fcab0000 	C:\WINDOWS\SYSTEM32\igd10umd64.dll
0x00007ff8fce40000 - 0x00007ff8fce7b000 	C:\WINDOWS\SYSTEM32\dxcore.dll
0x00007ff8d0590000 - 0x00007ff8d060f000 	C:\Users\ervin_1nmnhvl\AppData\Local\Temp\lwjglervin_1nmnhvl\3.2.2-build-10\lwjgl_stb.dll
0x00007ff902690000 - 0x00007ff90273e000 	C:\WINDOWS\SYSTEM32\mscms.dll
0x00007ff9025e0000 - 0x00007ff9025f1000 	C:\WINDOWS\SYSTEM32\ColorAdapterClient.dll
0x00007ff8db590000 - 0x00007ff8db5d3000 	C:\WINDOWS\SYSTEM32\icm32.dll
0x00007ff8f75a0000 - 0x00007ff8f769d000 	C:\WINDOWS\SYSTEM32\textinputframework.dll
0x00007ff8d0530000 - 0x00007ff8d0588000 	C:\Users\ervin_1nmnhvl\AppData\Local\Temp\lwjglervin_1nmnhvl\3.2.2-build-10\lwjgl_opengl.dll
0x00007ff8ff750000 - 0x00007ff8ff934000 	C:\WINDOWS\SYSTEM32\dbghelp.dll

VM Arguments:
jvm_args: -Dforge.logging.console.level=debug -Dforge.logging.markers=SCAN,REGISTRIES,REGISTRYDUMP -XX:HeapDumpPath=MojangTricksIntelDriversForPerformance_javaw.exe_minecraft.exe.heapdump -Dos.name=Windows 10 -Dos.version=10.0 -javaagent:C:\Users\ervin_1nmnhvl\AppData\Local\JetBrains\Toolbox\apps\IDEA-U\ch-0\202.6397.94\lib\idea_rt.jar=61657:C:\Users\ervin_1nmnhvl\AppData\Local\JetBrains\Toolbox\apps\IDEA-U\ch-0\202.6397.94\bin -Dfile.encoding=UTF-8 
java_command: net.minecraftforge.userdev.LaunchTesting
java_class_path (initial): C:\Program Files (x86)\Minecraft\runtime\jre-x64\lib\charsets.jar;C:\Program Files (x86)\Minecraft\runtime\jre-x64\lib\deploy.jar;C:\Program Files (x86)\Minecraft\runtime\jre-x64\lib\ext\access-bridge-64.jar;C:\Program Files (x86)\Minecraft\runtime\jre-x64\lib\ext\cldrdata.jar;C:\Program Files (x86)\Minecraft\runtime\jre-x64\lib\ext\dnsns.jar;C:\Program Files (x86)\Minecraft\runtime\jre-x64\lib\ext\jaccess.jar;C:\Program Files (x86)\Minecraft\runtime\jre-x64\lib\ext\jfxrt.jar;C:\Program Files (x86)\Minecraft\runtime\jre-x64\lib\ext\localedata.jar;C:\Program Files (x86)\Minecraft\runtime\jre-x64\lib\ext\nashorn.jar;C:\Program Files (x86)\Minecraft\runtime\jre-x64\lib\ext\sunec.jar;C:\Program Files (x86)\Minecraft\runtime\jre-x64\lib\ext\sunjce_provider.jar;C:\Program Files (x86)\Minecraft\runtime\jre-x64\lib\ext\sunmscapi.jar;C:\Program Files (x86)\Minecraft\runtime\jre-x64\lib\ext\sunpkcs11.jar;C:\Program Files (x86)\Minecraft\runtime\jre-x64\lib\ext\zipfs.jar;C:\Program Files (x86)\Minecraft\runtime\jre-x64\lib\javaws.jar;C:\Program Files (x86)\Minecraft\runtime\jre-x64\lib\jce.jar;C:\Program Files (x86)\Minecraft\runtime\jre-x64\lib\jfr.jar;C:\Program Files (x86)\Minecraft\runtime\jre-x64\lib\jfxswt.jar;C:\Program Files (x86)\Minecraft\runtime\jre-x64\lib\jsse.jar;C:\Program Files (x86)\Minecraft\runtime\jre-x64\lib\management-agent.jar;C:\Program Files (x86)\Minecraft\runtime\jre-x64\lib\plugin.jar;C:\Program Files (x86)\Minecraft\runtime\jre-x64\lib\resources.jar;C:\Program Files (x86)\Minecraft\runtime\jre-x64\lib\rt.jar;C:\save\modding\ervin_mod_1\build\classes\java\main;C:\save\modding\ervin_mod_1\build\resources\main;C:\Users\ervin_1nmnhvl\.gradle\caches\forge_gradle\minecraft_user_repo\net\minecraftforge\forge\1.16.1-32.0.75_mapped_snapshot_20200723-1.16.1\forge-1.16.1-32.0.75_mapped_snapshot_20200723-1.16.1-recomp.jar;C:\Users\ervin_1nmnhvl\.gradle\caches\forge_gradle\minecraft_user_repo\net\minecraftforge\forge\1.16.1-32.0.75_
Launcher Type: SUN_STANDARD

Environment Variables:
JAVA_HOME=C:\Program Files\Java\jdk-11.0.4
PATH=C:\Program Files\Docker\Docker\Resources\bin;C:\ProgramData\Oracle\Java\javapath;C:\WINDOWS\system32;C:\WINDOWS;C:\WINDOWS\System32\Wbem;C:\WINDOWS\System32\WindowsPowerShell\v1.0\;C:\Program Files (x86)\cloudControl;C:\Program Files\Git\cmd;C:\bin;C:\Program Files (x86)\Windows Kits\8.1\Windows Performance Toolkit\;C:\Program Files (x86)\PuTTY\;C:\Program Files (x86)\Nodist\bin;G:\save\sdk\android\tools;G:\save\sdk\android\platform-tools;C:\boxfuse;C:\Program Files (x86)\Skype\Phone\;C:\Program Files (x86)\GtkSharp\2.12\bin;C:\Program Files (x86)\IVI Foundation\VISA\WinNT\Bin;C:\WINDOWS\system32;C:\WINDOWS;C:\WINDOWS\System32\Wbem;C:\WINDOWS\System32\WindowsPowerShell\v1.0\;;C:\WINDOWS\System32\OpenSSH\;C:\Users\ervin_1nmnhvl\AppData\Local\Microsoft\WindowsApps;
USERNAME=ervin_1nmnhvl
OS=Windows_NT
PROCESSOR_IDENTIFIER=Intel64 Family 6 Model 42 Stepping 7, GenuineIntel



---------------  S Y S T E M  ---------------

OS: Windows 10.0 , 64 bit Build 19041 (10.0.19041.292)

CPU:total 4 (2 cores per cpu, 2 threads per core) family 6 model 42 stepping 7, cmov, cx8, fxsr, mmx, sse, sse2, sse3, ssse3, sse4.1, sse4.2, popcnt, avx, aes, clmul, ht, tsc, tscinvbit

Memory: 4k page, physical 8266764k(490320k free), swap 10363916k(7592k free)

vm_info: Java HotSpot(TM) 64-Bit Server VM (25.51-b03) for windows-amd64 JRE (1.8.0_51-b16), built on Jun  8 2015 18:03:07 by "java_re" with MS VC++ 10.0 (VS2010)

time: Fri Oct 02 09:09:05 2020
elapsed time: 10 seconds (0d 0h 0m 10s)

