#
# There is insufficient memory for the Java Runtime Environment to continue.
# Native memory allocation (malloc) failed to allocate 1110896 bytes for Chunk::new
# Possible reasons:
#   The system is out of physical RAM or swap space
#   In 32 bit mode, the process size limit was hit
# Possible solutions:
#   Reduce memory load on the system
#   Increase physical memory or swap space
#   Check if swap backing store is full
#   Use 64 bit Java on a 64 bit OS
#   Decrease Java heap size (-Xmx/-Xms)
#   Decrease number of Java threads
#   Decrease Java thread stack sizes (-Xss)
#   Set larger code cache with -XX:ReservedCodeCacheSize=
# This output file may be truncated or incomplete.
#
#  Out of Memory Error (allocation.cpp:390), pid=9476, tid=14804
#
# JRE version: Java(TM) SE Runtime Environment (8.0_51-b16) (build 1.8.0_51-b16)
# Java VM: Java HotSpot(TM) 64-Bit Server VM (25.51-b03 mixed mode windows-amd64 compressed oops)
# Failed to write core dump. Minidumps are not enabled by default on client versions of Windows
#

---------------  T H R E A D  ---------------

Current thread (0x00000000179be000):  JavaThread "C2 CompilerThread1" daemon [_thread_in_native, id=14804, stack(0x00000000194c0000,0x00000000195c0000)]

Stack: [0x00000000194c0000,0x00000000195c0000]
Native frames: (J=compiled Java code, j=interpreted, Vv=VM code, C=native code)
V  [jvm.dll+0x32b4ca]


Current CompileTask:
C2:4938767 35353       4       net.minecraft.fluid.FlowingFluid::flowAround (155 bytes)


---------------  P R O C E S S  ---------------

Java Threads: ( => current thread )
  0x000000002217e000 JavaThread "Server-Worker-186" daemon [_thread_blocked, id=4044, stack(0x0000000056e00000,0x0000000056f00000)]
  0x0000000022182000 JavaThread "Server-Worker-185" daemon [_thread_blocked, id=5912, stack(0x0000000055a30000,0x0000000055b30000)]
  0x0000000022180800 JavaThread "Server-Worker-184" daemon [_thread_blocked, id=17244, stack(0x0000000055930000,0x0000000055a30000)]
  0x000000002217b000 JavaThread "Sound engine" daemon [_thread_blocked, id=4752, stack(0x0000000057270000,0x0000000057370000)]
  0x0000000022176800 JavaThread "Netty Local Client IO #4" daemon [_thread_blocked, id=13912, stack(0x0000000056f90000,0x0000000057090000)]
  0x0000000026503000 JavaThread "poi IO worker" [_thread_blocked, id=20072, stack(0x0000000056550000,0x0000000056650000)]
  0x0000000024aba800 JavaThread "chunk IO worker" [_thread_blocked, id=4412, stack(0x0000000055b30000,0x0000000055c30000)]
  0x0000000024ac0800 JavaThread "Server thread" [_thread_in_Java, id=7172, stack(0x0000000043230000,0x0000000043330000)]
  0x0000000024abf000 JavaThread "Snooper Timer" daemon [_thread_blocked, id=18676, stack(0x000000001d880000,0x000000001d980000)]
  0x0000000026509000 JavaThread "Netty Server IO #7" daemon [_thread_in_native, id=15648, stack(0x000000005be20000,0x000000005bf20000)]
  0x0000000026508800 JavaThread "Netty Local Client IO #3" daemon [_thread_blocked, id=17096, stack(0x000000005b490000,0x000000005b590000)]
  0x000000002650e800 JavaThread "Netty Server IO #6" daemon [_thread_in_native, id=8760, stack(0x0000000056450000,0x0000000056550000)]
  0x0000000026510000 JavaThread "Thread-54" daemon [_thread_in_native, id=1120, stack(0x0000000043070000,0x0000000043170000)]
  0x0000000026505800 JavaThread "Netty Server IO #5" daemon [_thread_in_native, id=19284, stack(0x0000000055830000,0x0000000055930000)]
  0x0000000026507000 JavaThread "Netty Local Client IO #2" daemon [_thread_blocked, id=16720, stack(0x0000000051620000,0x0000000051720000)]
  0x0000000026504800 JavaThread "Netty Server IO #4" daemon [_thread_in_native, id=4636, stack(0x0000000044750000,0x0000000044850000)]
  0x0000000024ab4800 JavaThread "Thread-41" daemon [_thread_in_native, id=12936, stack(0x0000000020600000,0x0000000020700000)]
  0x0000000024abc800 JavaThread "Netty Server IO #3" daemon [_thread_in_native, id=12132, stack(0x0000000042e70000,0x0000000042f70000)]
  0x0000000024ab2000 JavaThread "Netty Local Client IO #1" daemon [_thread_blocked, id=3960, stack(0x0000000042d70000,0x0000000042e70000)]
  0x0000000024ab9000 JavaThread "Netty Server IO #2" daemon [_thread_in_native, id=19196, stack(0x0000000041b10000,0x0000000041c10000)]
  0x000000002650f000 JavaThread "Thread-26" daemon [_thread_in_native, id=8960, stack(0x000000002f800000,0x000000002f900000)]
  0x0000000024ab8000 JavaThread "Netty Server IO #1" daemon [_thread_in_native, id=15140, stack(0x0000000040c00000,0x0000000040d00000)]
  0x0000000024ab3800 JavaThread "Netty Local Client IO #0" daemon [_thread_blocked, id=5244, stack(0x0000000030a00000,0x0000000030b00000)]
  0x0000000019d25000 JavaThread "Netty Server IO #0" daemon [_thread_in_native, id=15584, stack(0x0000000001020000,0x0000000001120000)]
  0x0000000019d25800 JavaThread "ObjectCleanerThread" daemon [_thread_blocked, id=16516, stack(0x0000000000e20000,0x0000000000f20000)]
  0x0000000019d27000 JavaThread "Java2D Disposer" daemon [_thread_blocked, id=7488, stack(0x0000000051520000,0x0000000051620000)]
  0x0000000024ab9800 JavaThread "Thread-11" daemon [_thread_in_native, id=5456, stack(0x000000002fb00000,0x000000002fc00000)]
  0x0000000024ab6800 JavaThread "Snooper Timer" daemon [_thread_blocked, id=10184, stack(0x0000000000f20000,0x0000000001020000)]
  0x0000000024ab6000 JavaThread "Narrator" [_thread_blocked, id=8088, stack(0x0000000028ba0000,0x0000000028ca0000)]
  0x0000000019d22000 JavaThread "Timer hack thread" daemon [_thread_blocked, id=6360, stack(0x0000000027f20000,0x0000000028020000)]
  0x00000000222a1000 JavaThread "Snooper Timer" daemon [_thread_blocked, id=14496, stack(0x0000000023c80000,0x0000000023d80000)]
  0x000000001c89a000 JavaThread "pool-2-thread-1" daemon [_thread_blocked, id=14424, stack(0x0000000021170000,0x0000000021270000)]
  0x000000001a2dc800 JavaThread "Thread-2" daemon [_thread_in_native, id=13380, stack(0x000000001be00000,0x000000001bf00000)]
  0x000000001a320800 JavaThread "Thread-1" daemon [_thread_blocked, id=9604, stack(0x000000001b6d0000,0x000000001b7d0000)]
  0x0000000019611000 JavaThread "Service Thread" daemon [_thread_blocked, id=12688, stack(0x0000000019ec0000,0x0000000019fc0000)]
  0x00000000195e8800 JavaThread "C1 CompilerThread2" daemon [_thread_blocked, id=2064, stack(0x0000000019dc0000,0x0000000019ec0000)]
=>0x00000000179be000 JavaThread "C2 CompilerThread1" daemon [_thread_in_native, id=14804, stack(0x00000000194c0000,0x00000000195c0000)]
  0x00000000179bd000 JavaThread "C2 CompilerThread0" daemon [_thread_blocked, id=11160, stack(0x00000000193c0000,0x00000000194c0000)]
  0x0000000019123800 JavaThread "Monitor Ctrl-Break" daemon [_thread_in_native, id=7496, stack(0x00000000192c0000,0x00000000193c0000)]
  0x0000000017965800 JavaThread "Attach Listener" daemon [_thread_blocked, id=11000, stack(0x0000000018dc0000,0x0000000018ec0000)]
  0x0000000017964800 JavaThread "Signal Dispatcher" daemon [_thread_blocked, id=9456, stack(0x0000000018cc0000,0x0000000018dc0000)]
  0x0000000002d19800 JavaThread "Finalizer" daemon [_thread_blocked, id=15440, stack(0x0000000018bc0000,0x0000000018cc0000)]
  0x0000000002d16000 JavaThread "Reference Handler" daemon [_thread_blocked, id=19816, stack(0x0000000018ac0000,0x0000000018bc0000)]
  0x0000000002c22800 JavaThread "Render thread" [_thread_in_Java, id=1928, stack(0x0000000002a40000,0x0000000002b40000)]

Other Threads:
  0x0000000017929000 VMThread [stack: 0x00000000189c0000,0x0000000018ac0000] [id=12024]
  0x000000001965e000 WatcherThread [stack: 0x0000000019fc0000,0x000000001a0c0000] [id=19192]

VM state:not at safepoint (normal execution)

VM Mutex/Monitor currently owned by a thread: None

Heap:
 PSYoungGen      total 653824K, used 424903K [0x00000000d5f00000, 0x00000000ffe80000, 0x0000000100000000)
  eden space 622592K, 64% used [0x00000000d5f00000,0x00000000ee7ad9d8,0x00000000fbf00000)
  from space 31232K, 73% used [0x00000000fdd80000,0x00000000ff3c4560,0x00000000ffc00000)
  to   space 31232K, 0% used [0x00000000fbf00000,0x00000000fbf00000,0x00000000fdd80000)
 ParOldGen       total 1379328K, used 1277828K [0x0000000081c00000, 0x00000000d5f00000, 0x00000000d5f00000)
  object space 1379328K, 92% used [0x0000000081c00000,0x00000000cfbe1300,0x00000000d5f00000)
 Metaspace       used 98440K, capacity 111400K, committed 111744K, reserved 1144832K
  class space    used 14215K, capacity 17156K, committed 17280K, reserved 1048576K

Card table byte_map: [0x00000000121f0000,0x00000000125f0000] byte_map_base: 0x0000000011de2000

Marking Bits: (ParMarkBitMap*) 0x00000000739e4040
 Begin Bits: [0x0000000012ca0000, 0x0000000014c30000)
 End Bits:   [0x0000000014c30000, 0x0000000016bc0000)

Polling page: 0x0000000002b40000

CodeCache: size=245760Kb used=79798Kb max_used=80285Kb free=165961Kb
 bounds [0x0000000002e30000, 0x0000000007d60000, 0x0000000011e30000]
 total_blobs=22950 nmethods=21243 adapters=1612
 compilation: enabled

Compilation events (10 events):
Event: 4935.864 Thread 0x00000000195e8800 nmethod 35348 0x0000000004328dd0 code [0x0000000004328f40, 0x00000000043290b0]
Event: 4935.901 Thread 0x00000000179be000 35349       4       net.minecraft.entity.Entity::onLivingFall (50 bytes)
Event: 4935.903 Thread 0x00000000179be000 nmethod 35349 0x0000000006f253d0 code [0x0000000006f25520, 0x0000000006f25638]
Event: 4935.965 Thread 0x00000000195e8800 35350       3       net.minecraft.entity.passive.horse.AbstractHorseEntity::writeAdditional (111 bytes)
Event: 4935.970 Thread 0x00000000195e8800 nmethod 35350 0x000000000789d990 code [0x000000000789df60, 0x00000000078a1c28]
Event: 4936.201 Thread 0x00000000195e8800 35351       3       net.minecraft.inventory.Inventory::<init> (21 bytes)
Event: 4936.202 Thread 0x00000000195e8800 nmethod 35351 0x0000000004367610 code [0x0000000004367800, 0x0000000004368128]
Event: 4936.216 Thread 0x00000000179bd000 35352       4       net.minecraft.pathfinding.PathFinder$$Lambda$4861/1119286695::applyAsDouble (9 bytes)
Event: 4936.218 Thread 0x00000000179bd000 nmethod 35352 0x00000000040cb390 code [0x00000000040cb4e0, 0x00000000040cb578]
Event: 4938.695 Thread 0x00000000179be000 35353       4       net.minecraft.fluid.FlowingFluid::flowAround (155 bytes)

GC Heap History (10 events):
Event: 4922.401 GC heap before
{Heap before GC invocations=684 (full 16):
 PSYoungGen      total 648704K, used 622258K [0x00000000d5f00000, 0x00000000ffd00000, 0x0000000100000000)
  eden space 613888K, 100% used [0x00000000d5f00000,0x00000000fb680000,0x00000000fb680000)
  from space 34816K, 24% used [0x00000000fb680000,0x00000000fbeaca38,0x00000000fd880000)
  to   space 33792K, 0% used [0x00000000fdc00000,0x00000000fdc00000,0x00000000ffd00000)
 ParOldGen       total 1379328K, used 1275249K [0x0000000081c00000, 0x00000000d5f00000, 0x00000000d5f00000)
  object space 1379328K, 92% used [0x0000000081c00000,0x00000000cf95c468,0x00000000d5f00000)
 Metaspace       used 98437K, capacity 111396K, committed 111744K, reserved 1144832K
  class space    used 14215K, capacity 17156K, committed 17280K, reserved 1048576K
Event: 4922.413 GC heap after
Heap after GC invocations=684 (full 16):
 PSYoungGen      total 653312K, used 7507K [0x00000000d5f00000, 0x00000000ffd00000, 0x0000000100000000)
  eden space 619520K, 0% used [0x00000000d5f00000,0x00000000d5f00000,0x00000000fbc00000)
  from space 33792K, 22% used [0x00000000fdc00000,0x00000000fe354fb0,0x00000000ffd00000)
  to   space 32768K, 0% used [0x00000000fbc00000,0x00000000fbc00000,0x00000000fdc00000)
 ParOldGen       total 1379328K, used 1276569K [0x0000000081c00000, 0x00000000d5f00000, 0x00000000d5f00000)
  object space 1379328K, 92% used [0x0000000081c00000,0x00000000cfaa6550,0x00000000d5f00000)
 Metaspace       used 98437K, capacity 111396K, committed 111744K, reserved 1144832K
  class space    used 14215K, capacity 17156K, committed 17280K, reserved 1048576K
}
Event: 4925.986 GC heap before
{Heap before GC invocations=685 (full 16):
 PSYoungGen      total 653312K, used 627027K [0x00000000d5f00000, 0x00000000ffd00000, 0x0000000100000000)
  eden space 619520K, 100% used [0x00000000d5f00000,0x00000000fbc00000,0x00000000fbc00000)
  from space 33792K, 22% used [0x00000000fdc00000,0x00000000fe354fb0,0x00000000ffd00000)
  to   space 32768K, 0% used [0x00000000fbc00000,0x00000000fbc00000,0x00000000fdc00000)
 ParOldGen       total 1379328K, used 1276569K [0x0000000081c00000, 0x00000000d5f00000, 0x00000000d5f00000)
  object space 1379328K, 92% used [0x0000000081c00000,0x00000000cfaa6550,0x00000000d5f00000)
 Metaspace       used 98437K, capacity 111396K, committed 111744K, reserved 1144832K
  class space    used 14215K, capacity 17156K, committed 17280K, reserved 1048576K
Event: 4926.004 GC heap after
Heap after GC invocations=685 (full 16):
 PSYoungGen      total 652288K, used 9041K [0x00000000d5f00000, 0x00000000ffc00000, 0x0000000100000000)
  eden space 619520K, 0% used [0x00000000d5f00000,0x00000000d5f00000,0x00000000fbc00000)
  from space 32768K, 27% used [0x00000000fbc00000,0x00000000fc4d4628,0x00000000fdc00000)
  to   space 31232K, 0% used [0x00000000fdd80000,0x00000000fdd80000,0x00000000ffc00000)
 ParOldGen       total 1379328K, used 1277049K [0x0000000081c00000, 0x00000000d5f00000, 0x00000000d5f00000)
  object space 1379328K, 92% used [0x0000000081c00000,0x00000000cfb1e6c0,0x00000000d5f00000)
 Metaspace       used 98437K, capacity 111396K, committed 111744K, reserved 1144832K
  class space    used 14215K, capacity 17156K, committed 17280K, reserved 1048576K
}
Event: 4929.692 GC heap before
{Heap before GC invocations=686 (full 16):
 PSYoungGen      total 652288K, used 628561K [0x00000000d5f00000, 0x00000000ffc00000, 0x0000000100000000)
  eden space 619520K, 100% used [0x00000000d5f00000,0x00000000fbc00000,0x00000000fbc00000)
  from space 32768K, 27% used [0x00000000fbc00000,0x00000000fc4d4628,0x00000000fdc00000)
  to   space 31232K, 0% used [0x00000000fdd80000,0x00000000fdd80000,0x00000000ffc00000)
 ParOldGen       total 1379328K, used 1277049K [0x0000000081c00000, 0x00000000d5f00000, 0x00000000d5f00000)
  object space 1379328K, 92% used [0x0000000081c00000,0x00000000cfb1e6c0,0x00000000d5f00000)
 Metaspace       used 98437K, capacity 111396K, committed 111744K, reserved 1144832K
  class space    used 14215K, capacity 17156K, committed 17280K, reserved 1048576K
Event: 4929.708 GC heap after
Heap after GC invocations=686 (full 16):
 PSYoungGen      total 653824K, used 17601K [0x00000000d5f00000, 0x00000000ffe80000, 0x0000000100000000)
  eden space 622592K, 0% used [0x00000000d5f00000,0x00000000d5f00000,0x00000000fbf00000)
  from space 31232K, 56% used [0x00000000fdd80000,0x00000000feeb0430,0x00000000ffc00000)
  to   space 31232K, 0% used [0x00000000fbf00000,0x00000000fbf00000,0x00000000fdd80000)
 ParOldGen       total 1379328K, used 1277229K [0x0000000081c00000, 0x00000000d5f00000, 0x00000000d5f00000)
  object space 1379328K, 92% used [0x0000000081c00000,0x00000000cfb4b6d0,0x00000000d5f00000)
 Metaspace       used 98437K, capacity 111396K, committed 111744K, reserved 1144832K
  class space    used 14215K, capacity 17156K, committed 17280K, reserved 1048576K
}
Event: 4932.752 GC heap before
{Heap before GC invocations=687 (full 16):
 PSYoungGen      total 653824K, used 640193K [0x00000000d5f00000, 0x00000000ffe80000, 0x0000000100000000)
  eden space 622592K, 100% used [0x00000000d5f00000,0x00000000fbf00000,0x00000000fbf00000)
  from space 31232K, 56% used [0x00000000fdd80000,0x00000000feeb0430,0x00000000ffc00000)
  to   space 31232K, 0% used [0x00000000fbf00000,0x00000000fbf00000,0x00000000fdd80000)
 ParOldGen       total 1379328K, used 1277229K [0x0000000081c00000, 0x00000000d5f00000, 0x00000000d5f00000)
  object space 1379328K, 92% used [0x0000000081c00000,0x00000000cfb4b6d0,0x00000000d5f00000)
 Metaspace       used 98438K, capacity 111400K, committed 111744K, reserved 1144832K
  class space    used 14215K, capacity 17156K, committed 17280K, reserved 1048576K
Event: 4932.768 GC heap after
Heap after GC invocations=687 (full 16):
 PSYoungGen      total 653824K, used 19690K [0x00000000d5f00000, 0x00000000ffe80000, 0x0000000100000000)
  eden space 622592K, 0% used [0x00000000d5f00000,0x00000000d5f00000,0x00000000fbf00000)
  from space 31232K, 63% used [0x00000000fbf00000,0x00000000fd23a9a0,0x00000000fdd80000)
  to   space 31232K, 0% used [0x00000000fdd80000,0x00000000fdd80000,0x00000000ffc00000)
 ParOldGen       total 1379328K, used 1277578K [0x0000000081c00000, 0x00000000d5f00000, 0x00000000d5f00000)
  object space 1379328K, 92% used [0x0000000081c00000,0x00000000cfba2a90,0x00000000d5f00000)
 Metaspace       used 98438K, capacity 111400K, committed 111744K, reserved 1144832K
  class space    used 14215K, capacity 17156K, committed 17280K, reserved 1048576K
}
Event: 4936.307 GC heap before
{Heap before GC invocations=688 (full 16):
 PSYoungGen      total 653824K, used 642282K [0x00000000d5f00000, 0x00000000ffe80000, 0x0000000100000000)
  eden space 622592K, 100% used [0x00000000d5f00000,0x00000000fbf00000,0x00000000fbf00000)
  from space 31232K, 63% used [0x00000000fbf00000,0x00000000fd23a9a0,0x00000000fdd80000)
  to   space 31232K, 0% used [0x00000000fdd80000,0x00000000fdd80000,0x00000000ffc00000)
 ParOldGen       total 1379328K, used 1277578K [0x0000000081c00000, 0x00000000d5f00000, 0x00000000d5f00000)
  object space 1379328K, 92% used [0x0000000081c00000,0x00000000cfba2a90,0x00000000d5f00000)
 Metaspace       used 98440K, capacity 111400K, committed 111744K, reserved 1144832K
  class space    used 14215K, capacity 17156K, committed 17280K, reserved 1048576K
Event: 4936.325 GC heap after
Heap after GC invocations=688 (full 16):
 PSYoungGen      total 653824K, used 22801K [0x00000000d5f00000, 0x00000000ffe80000, 0x0000000100000000)
  eden space 622592K, 0% used [0x00000000d5f00000,0x00000000d5f00000,0x00000000fbf00000)
  from space 31232K, 73% used [0x00000000fdd80000,0x00000000ff3c4560,0x00000000ffc00000)
  to   space 31232K, 0% used [0x00000000fbf00000,0x00000000fbf00000,0x00000000fdd80000)
 ParOldGen       total 1379328K, used 1277828K [0x0000000081c00000, 0x00000000d5f00000, 0x00000000d5f00000)
  object space 1379328K, 92% used [0x0000000081c00000,0x00000000cfbe1300,0x00000000d5f00000)
 Metaspace       used 98440K, capacity 111400K, committed 111744K, reserved 1144832K
  class space    used 14215K, capacity 17156K, committed 17280K, reserved 1048576K
}

Deoptimization events (10 events):
Event: 4855.497 Thread 0x0000000024ac0800 Uncommon trap: reason=unstable_if action=reinterpret pc=0x00000000055e3448 method=net.minecraft.entity.Entity.recalculateSize()V @ 184
Event: 4870.002 Thread 0x0000000002c22800 Uncommon trap: reason=bimorphic action=maybe_recompile pc=0x0000000007728c40 method=net.minecraft.block.SnowBlock.isValidPosition(Lnet/minecraft/block/BlockState;Lnet/minecraft/world/IWorldReader;Lnet/minecraft/util/math/BlockPos;)Z @ 5
Event: 4870.002 Thread 0x0000000002c22800 Uncommon trap: reason=bimorphic action=maybe_recompile pc=0x0000000007728c40 method=net.minecraft.block.SnowBlock.isValidPosition(Lnet/minecraft/block/BlockState;Lnet/minecraft/world/IWorldReader;Lnet/minecraft/util/math/BlockPos;)Z @ 5
Event: 4870.002 Thread 0x0000000002c22800 Uncommon trap: reason=bimorphic action=maybe_recompile pc=0x0000000007728c40 method=net.minecraft.block.SnowBlock.isValidPosition(Lnet/minecraft/block/BlockState;Lnet/minecraft/world/IWorldReader;Lnet/minecraft/util/math/BlockPos;)Z @ 5
Event: 4871.940 Thread 0x0000000002c22800 Uncommon trap: reason=bimorphic action=maybe_recompile pc=0x0000000007728c40 method=net.minecraft.block.SnowBlock.isValidPosition(Lnet/minecraft/block/BlockState;Lnet/minecraft/world/IWorldReader;Lnet/minecraft/util/math/BlockPos;)Z @ 5
Event: 4873.021 Thread 0x0000000002c22800 Uncommon trap: reason=unstable_if action=reinterpret pc=0x000000000540e430 method=net.minecraft.client.renderer.RenderTypeLookup.getRenderType(Lnet/minecraft/block/BlockState;)Lnet/minecraft/client/renderer/RenderType; @ 7
Event: 4873.022 Thread 0x0000000002c22800 Uncommon trap: reason=unstable_if action=reinterpret pc=0x00000000057e9770 method=net.minecraft.client.renderer.RenderTypeLookup.getRenderType(Lnet/minecraft/block/BlockState;)Lnet/minecraft/client/renderer/RenderType; @ 7
Event: 4876.606 Thread 0x0000000024ac1000 Uncommon trap: reason=unstable_if action=reinterpret pc=0x0000000006bb4b0c method=java.util.concurrent.CompletableFuture.uniAccept(Ljava/util/concurrent/CompletableFuture;Ljava/util/function/Consumer;Ljava/util/concurrent/CompletableFuture$UniAccept;)Z @ 4>íK‘Ë/³@
Event: 4911.795 Thread 0x0000000024ac0800 Uncommon trap: reason=unstable_if action=reinterpret pc=0x0000000007409c34 method=net.minecraft.tags.ItemTags$Wrapper.contains(Lnet/minecraft/item/Item;)Z @ 7
Event: 4911.796 Thread 0x0000000024ac0800 Uncommon trap: reason=unstable_if action=reinterpret pc=0x0000000005972758 method=net.minecraft.tags.ItemTags$Wrapper.contains(Lnet/minecraft/item/Item;)Z @ 7

Internal exceptions (10 events):
Event: 4930.384 Thread 0x0000000024aba800 Exception <a 'sun/nio/fs/WindowsException'> (0x00000000def28e50) thrown at [C:\re\workspace\8-2-build-windows-amd64-cygwin\jdk8u51\3951\hotspot\src\share\vm\prims\jni.cpp, line 709]
Event: 4930.385 Thread 0x0000000024aba800 Exception <a 'sun/nio/fs/WindowsException'> (0x00000000def29a08) thrown at [C:\re\workspace\8-2-build-windows-amd64-cygwin\jdk8u51\3951\hotspot\src\share\vm\prims\jni.cpp, line 709]
Event: 4930.385 Thread 0x0000000024aba800 Exception <a 'sun/nio/fs/WindowsException'> (0x00000000def365f8) thrown at [C:\re\workspace\8-2-build-windows-amd64-cygwin\jdk8u51\3951\hotspot\src\share\vm\prims\jni.cpp, line 709]
Event: 4930.386 Thread 0x0000000024aba800 Exception <a 'sun/nio/fs/WindowsException'> (0x00000000def3b170) thrown at [C:\re\workspace\8-2-build-windows-amd64-cygwin\jdk8u51\3951\hotspot\src\share\vm\prims\jni.cpp, line 709]
Event: 4930.387 Thread 0x0000000024aba800 Exception <a 'sun/nio/fs/WindowsException'> (0x00000000def3bd28) thrown at [C:\re\workspace\8-2-build-windows-amd64-cygwin\jdk8u51\3951\hotspot\src\share\vm\prims\jni.cpp, line 709]
Event: 4930.387 Thread 0x0000000024aba800 Exception <a 'sun/nio/fs/WindowsException'> (0x00000000def3c8e0) thrown at [C:\re\workspace\8-2-build-windows-amd64-cygwin\jdk8u51\3951\hotspot\src\share\vm\prims\jni.cpp, line 709]
Event: 4930.388 Thread 0x0000000024aba800 Exception <a 'sun/nio/fs/WindowsException'> (0x00000000def494d0) thrown at [C:\re\workspace\8-2-build-windows-amd64-cygwin\jdk8u51\3951\hotspot\src\share\vm\prims\jni.cpp, line 709]
Event: 4930.389 Thread 0x0000000024aba800 Exception <a 'sun/nio/fs/WindowsException'> (0x00000000def4e048) thrown at [C:\re\workspace\8-2-build-windows-amd64-cygwin\jdk8u51\3951\hotspot\src\share\vm\prims\jni.cpp, line 709]
Event: 4930.390 Thread 0x0000000024aba800 Exception <a 'sun/nio/fs/WindowsException'> (0x00000000def4ec00) thrown at [C:\re\workspace\8-2-build-windows-amd64-cygwin\jdk8u51\3951\hotspot\src\share\vm\prims\jni.cpp, line 709]
Event: 4930.391 Thread 0x0000000024aba800 Exception <a 'sun/nio/fs/WindowsException'> (0x00000000def4f7b8) thrown at [C:\re\workspace\8-2-build-windows-amd64-cygwin\jdk8u51\3951\hotspot\src\share\vm\prims\jni.cpp, line 709]

Events (10 events):
Event: 4932.236 Thread 0x00000000195e8800 flushing nmethod 0x00000000064253d0
Event: 4932.239 Thread 0x00000000195e8800 flushing nmethod 0x0000000006b8bd50
Event: 4932.246 Thread 0x00000000195e8800 flushing nmethod 0x0000000007930390
Event: 4932.248 Thread 0x00000000195e8800 flushing nmethod 0x0000000007c7bdd0
Event: 4932.751 Executing VM operation: ParallelGCFailedAllocation
Event: 4932.768 Executing VM operation: ParallelGCFailedAllocation done
Event: 4935.580 Executing VM operation: RevokeBias
Event: 4935.580 Executing VM operation: RevokeBias done
Event: 4936.307 Executing VM operation: ParallelGCFailedAllocation
Event: 4936.325 Executing VM operation: ParallelGCFailedAllocation done


Dynamic libraries:
0x00007ff72b260000 - 0x00007ff72b297000 	C:\Program Files (x86)\Minecraft\runtime\jre-x64\bin\java.exe
0x00007fff9ac30000 - 0x00007fff9ae25000 	C:\WINDOWS\SYSTEM32\ntdll.dll
0x00007fff99660000 - 0x00007fff9971d000 	C:\WINDOWS\System32\KERNEL32.DLL
0x00007fff98660000 - 0x00007fff98927000 	C:\WINDOWS\System32\KERNELBASE.dll
0x00007fff994e0000 - 0x00007fff9958a000 	C:\WINDOWS\System32\ADVAPI32.dll
0x00007fff992a0000 - 0x00007fff9933e000 	C:\WINDOWS\System32\msvcrt.dll
0x00007fff99ee0000 - 0x00007fff99f7b000 	C:\WINDOWS\System32\sechost.dll
0x00007fff99780000 - 0x00007fff998a3000 	C:\WINDOWS\System32\RPCRT4.dll
0x00007fff98d00000 - 0x00007fff98ea0000 	C:\WINDOWS\System32\USER32.dll
0x00007fff98c70000 - 0x00007fff98c92000 	C:\WINDOWS\System32\win32u.dll
0x00007fff9abc0000 - 0x00007fff9abea000 	C:\WINDOWS\System32\GDI32.dll
0x00007fff98380000 - 0x00007fff9848a000 	C:\WINDOWS\System32\gdi32full.dll
0x00007fff984c0000 - 0x00007fff9855d000 	C:\WINDOWS\System32\msvcp_win.dll
0x00007fff98560000 - 0x00007fff98660000 	C:\WINDOWS\System32\ucrtbase.dll
0x00007fff84400000 - 0x00007fff8469a000 	C:\WINDOWS\WinSxS\amd64_microsoft.windows.common-controls_6595b64144ccf1df_6.0.19041.1_none_b555e41d4684ddec\COMCTL32.dll
0x00007fff99d10000 - 0x00007fff99d40000 	C:\WINDOWS\System32\IMM32.DLL
0x0000000073a70000 - 0x0000000073b42000 	C:\Program Files (x86)\Minecraft\runtime\jre-x64\bin\msvcr100.dll
0x00000000731e0000 - 0x0000000073a63000 	C:\Program Files (x86)\Minecraft\runtime\jre-x64\bin\server\jvm.dll
0x00007fff98f30000 - 0x00007fff98f38000 	C:\WINDOWS\System32\PSAPI.DLL
0x00007fff90600000 - 0x00007fff90627000 	C:\WINDOWS\SYSTEM32\WINMM.dll
0x00007fff90ba0000 - 0x00007fff90ba9000 	C:\WINDOWS\SYSTEM32\WSOCK32.dll
0x00007fff99960000 - 0x00007fff999cb000 	C:\WINDOWS\System32\WS2_32.dll
0x00007fff90430000 - 0x00007fff9043a000 	C:\WINDOWS\SYSTEM32\VERSION.dll
0x00000000731d0000 - 0x00000000731df000 	C:\Program Files (x86)\Minecraft\runtime\jre-x64\bin\verify.dll
0x00000000731a0000 - 0x00000000731c9000 	C:\Program Files (x86)\Minecraft\runtime\jre-x64\bin\java.dll
0x0000000073170000 - 0x0000000073193000 	C:\Program Files (x86)\Minecraft\runtime\jre-x64\bin\instrument.dll
0x0000000073150000 - 0x0000000073166000 	C:\Program Files (x86)\Minecraft\runtime\jre-x64\bin\zip.dll
0x00007fff9a480000 - 0x00007fff9abc0000 	C:\WINDOWS\System32\SHELL32.dll
0x00007fff963a0000 - 0x00007fff96b31000 	C:\WINDOWS\SYSTEM32\windows.storage.dll
0x00007fff98f40000 - 0x00007fff99293000 	C:\WINDOWS\System32\combase.dll
0x00007fff97d30000 - 0x00007fff97d5c000 	C:\WINDOWS\SYSTEM32\Wldp.dll
0x00007fff99e20000 - 0x00007fff99ece000 	C:\WINDOWS\System32\SHCORE.dll
0x00007fff98ca0000 - 0x00007fff98cf5000 	C:\WINDOWS\System32\shlwapi.dll
0x00007fff982c0000 - 0x00007fff982df000 	C:\WINDOWS\SYSTEM32\profapi.dll
0x00007fff90520000 - 0x00007fff9053a000 	C:\Users\ervin_1nmnhvl\AppData\Local\JetBrains\Toolbox\apps\IDEA-U\ch-0\202.6397.94\bin\breakgen64.dll
0x0000000073130000 - 0x000000007314a000 	C:\Program Files (x86)\Minecraft\runtime\jre-x64\bin\net.dll
0x00007fff97b20000 - 0x00007fff97b8a000 	C:\WINDOWS\system32\mswsock.dll
0x0000000073120000 - 0x000000007312d000 	C:\Program Files (x86)\Minecraft\runtime\jre-x64\bin\management.dll
0x00007fff5c610000 - 0x00007fff5c627000 	C:\WINDOWS\system32\napinsp.dll
0x00007fff643e0000 - 0x00007fff643fb000 	C:\WINDOWS\system32\pnrpnsp.dll
0x00007fff930f0000 - 0x00007fff93105000 	C:\WINDOWS\system32\wshbth.dll
0x00007fff93e90000 - 0x00007fff93ead000 	C:\WINDOWS\system32\NLAapi.dll
0x00007fff977e0000 - 0x00007fff9781b000 	C:\WINDOWS\SYSTEM32\IPHLPAPI.DLL
0x00007fff97830000 - 0x00007fff978fa000 	C:\WINDOWS\SYSTEM32\DNSAPI.dll
0x00007fff99f80000 - 0x00007fff99f89000 	C:\WINDOWS\System32\NSI.dll
0x00007fff64430000 - 0x00007fff64442000 	C:\WINDOWS\System32\winrnr.dll
0x00007fff86cf0000 - 0x00007fff86cfa000 	C:\Windows\System32\rasadhlp.dll
0x00007fff8c8a0000 - 0x00007fff8c91f000 	C:\WINDOWS\System32\fwpuclnt.dll
0x00007fff98490000 - 0x00007fff984b7000 	C:\WINDOWS\System32\bcrypt.dll
0x00007fff8b1f0000 - 0x00007fff8b207000 	C:\WINDOWS\SYSTEM32\dhcpcsvc6.DLL
0x00007fff8b1d0000 - 0x00007fff8b1ed000 	C:\WINDOWS\SYSTEM32\dhcpcsvc.DLL
0x00007fff98080000 - 0x00007fff98098000 	C:\WINDOWS\SYSTEM32\CRYPTSP.dll
0x00007fff97360000 - 0x00007fff97394000 	C:\WINDOWS\system32\rsaenh.dll
0x00007fff98280000 - 0x00007fff982ae000 	C:\WINDOWS\SYSTEM32\USERENV.dll
0x00007fff98ba0000 - 0x00007fff98c1f000 	C:\WINDOWS\System32\bcryptprimitives.dll
0x00007fff97ca0000 - 0x00007fff97cac000 	C:\WINDOWS\SYSTEM32\CRYPTBASE.dll
0x0000000073100000 - 0x0000000073111000 	C:\Program Files (x86)\Minecraft\runtime\jre-x64\bin\nio.dll
0x00000000730d0000 - 0x00000000730f4000 	C:\Program Files (x86)\Minecraft\runtime\jre-x64\bin\sunec.dll
0x00007fff857f0000 - 0x00007fff85862000 	C:\Users\ervin_1nmnhvl\AppData\Local\Temp\lwjglervin_1nmnhvl\3.2.2-build-10\lwjgl.dll
0x00007fff5ecc0000 - 0x00007fff5ef11000 	C:\Users\ERVIN_~1\AppData\Local\Temp\lwjglervin_1nmnhvl\3.2.2-build-10\jemalloc.dll
0x00007fff88020000 - 0x00007fff8807e000 	C:\Users\ERVIN_~1\AppData\Local\Temp\lwjglervin_1nmnhvl\3.2.2-build-10\glfw.dll
0x00007fff95bf0000 - 0x00007fff95c8f000 	C:\WINDOWS\system32\uxtheme.dll
0x00007fff885c0000 - 0x00007fff88605000 	C:\WINDOWS\SYSTEM32\dinput8.dll
0x00007fff89f90000 - 0x00007fff89fa1000 	C:\WINDOWS\SYSTEM32\xinput1_4.dll
0x00007fff98c20000 - 0x00007fff98c6d000 	C:\WINDOWS\System32\cfgmgr32.dll
0x00007fff98160000 - 0x00007fff9818c000 	C:\WINDOWS\SYSTEM32\DEVOBJ.dll
0x00007fff95de0000 - 0x00007fff95e0f000 	C:\WINDOWS\SYSTEM32\dwmapi.dll
0x00007fff8b210000 - 0x00007fff8b362000 	C:\WINDOWS\SYSTEM32\inputhost.dll
0x00007fff99590000 - 0x00007fff9965d000 	C:\WINDOWS\System32\OLEAUT32.dll
0x00007fff95810000 - 0x00007fff95902000 	C:\WINDOWS\SYSTEM32\CoreMessaging.dll
0x00007fff937a0000 - 0x00007fff93895000 	C:\WINDOWS\SYSTEM32\PROPSYS.dll
0x00007fff94de0000 - 0x00007fff94f36000 	C:\WINDOWS\SYSTEM32\wintypes.dll
0x00007fff954b0000 - 0x00007fff9580a000 	C:\WINDOWS\SYSTEM32\CoreUIComponents.dll
0x00007fff96fb0000 - 0x00007fff96fe3000 	C:\WINDOWS\SYSTEM32\ntmarta.dll
0x00007fff96b50000 - 0x00007fff96b63000 	C:\WINDOWS\SYSTEM32\kernel.appcore.dll
0x00007fff993c0000 - 0x00007fff994d5000 	C:\WINDOWS\System32\MSCTF.dll
0x00007fff96b40000 - 0x00007fff96b4d000 	C:\WINDOWS\SYSTEM32\HID.DLL
0x00007fff99f90000 - 0x00007fff9a3f7000 	C:\WINDOWS\System32\SETUPAPI.DLL
0x00007fff989e0000 - 0x00007fff98a40000 	C:\WINDOWS\System32\WINTRUST.dll
0x00007fff98a40000 - 0x00007fff98b9d000 	C:\WINDOWS\System32\CRYPT32.dll
0x00007fff98100000 - 0x00007fff98112000 	C:\WINDOWS\SYSTEM32\MSASN1.dll
0x00007fff53ef0000 - 0x00007fff5404c000 	C:\WINDOWS\SYSTEM32\opengl32.dll
0x00007fff859a0000 - 0x00007fff859cc000 	C:\WINDOWS\SYSTEM32\GLU32.dll
0x00007fff51da0000 - 0x00007fff52a24000 	C:\WINDOWS\SYSTEM32\ig4icd64.dll
0x00007fff96bc0000 - 0x00007fff96cb3000 	C:\WINDOWS\SYSTEM32\dxgi.dll
0x00007fff94150000 - 0x00007fff943b3000 	C:\WINDOWS\SYSTEM32\d3d11.dll
0x00007fff8ca80000 - 0x00007fff8cabb000 	C:\WINDOWS\SYSTEM32\dxcore.dll
0x00007fff8b370000 - 0x00007fff8b46c000 	C:\WINDOWS\SYSTEM32\textinputframework.dll
0x00007fff85640000 - 0x00007fff85698000 	C:\Users\ervin_1nmnhvl\AppData\Local\Temp\lwjglervin_1nmnhvl\3.2.2-build-10\lwjgl_opengl.dll
0x00007fff855c0000 - 0x00007fff8563f000 	C:\Users\ervin_1nmnhvl\AppData\Local\Temp\lwjglervin_1nmnhvl\3.2.2-build-10\lwjgl_stb.dll
0x00007fff999d0000 - 0x00007fff99af9000 	C:\WINDOWS\System32\ole32.dll
0x00007fff67780000 - 0x00007fff683d0000 	C:\WINDOWS\SYSTEM32\igd10umd64.dll
0x00007fff92590000 - 0x00007fff9263e000 	C:\WINDOWS\SYSTEM32\mscms.dll
0x00007fff92440000 - 0x00007fff92451000 	C:\WINDOWS\SYSTEM32\ColorAdapterClient.dll
0x00007fff88540000 - 0x00007fff88583000 	C:\WINDOWS\SYSTEM32\icm32.dll
0x00007fff88320000 - 0x00007fff88362000 	C:\Users\ervin_1nmnhvl\AppData\Local\Temp\jna-2118671535\jna4858729796013585456.dll
0x00007fff88d50000 - 0x00007fff88d6a000 	C:\save\modding\ervin_mod_1\build\natives\SAPIWrapper_x64.dll
0x00007fff998b0000 - 0x00007fff99958000 	C:\WINDOWS\System32\clbcatq.dll
0x00007fff6ed90000 - 0x00007fff6ef14000 	C:\WINDOWS\System32\Speech\Common\sapi.dll
0x00007fff826c0000 - 0x00007fff826de000 	C:\WINDOWS\SYSTEM32\MSACM32.dll
0x00007fff91c70000 - 0x00007fff91c7b000 	C:\WINDOWS\SYSTEM32\msdmo.dll
0x00007fff88740000 - 0x00007fff88766000 	C:\WINDOWS\SYSTEM32\winmmbase.dll
0x00007fff86080000 - 0x00007fff86105000 	C:\WINDOWS\System32\MMDevApi.dll
0x00007fff685c0000 - 0x00007fff686d4000 	C:\Users\ERVIN_~1\AppData\Local\Temp\lwjglervin_1nmnhvl\3.2.2-build-10\OpenAL.dll
0x00007fff7cca0000 - 0x00007fff7ce20000 	C:\WINDOWS\SYSTEM32\AUDIOSES.DLL
0x00007fff97950000 - 0x00007fff9799b000 	C:\WINDOWS\SYSTEM32\powrprof.dll
0x00007fff977c0000 - 0x00007fff977d2000 	C:\WINDOWS\SYSTEM32\UMPDC.dll
0x00007fff95cf0000 - 0x00007fff95d04000 	C:\WINDOWS\SYSTEM32\resourcepolicyclient.dll
0x0000000072f30000 - 0x00000000730c8000 	C:\Program Files (x86)\Minecraft\runtime\jre-x64\bin\awt.dll
0x00007fff95a40000 - 0x00007fff95ad0000 	C:\WINDOWS\SYSTEM32\apphelp.dll
0x00007fff93dd0000 - 0x00007fff93e7c000 	C:\WINDOWS\SYSTEM32\TextShaping.dll

VM Arguments:
jvm_args: -Dforge.logging.console.level=debug -Dforge.logging.markers=SCAN,REGISTRIES,REGISTRYDUMP -XX:HeapDumpPath=MojangTricksIntelDriversForPerformance_javaw.exe_minecraft.exe.heapdump -Dos.name=Windows 10 -Dos.version=10.0 -javaagent:C:\Users\ervin_1nmnhvl\AppData\Local\JetBrains\Toolbox\apps\IDEA-U\ch-0\202.6397.94\lib\idea_rt.jar=52132:C:\Users\ervin_1nmnhvl\AppData\Local\JetBrains\Toolbox\apps\IDEA-U\ch-0\202.6397.94\bin -Dfile.encoding=UTF-8 
java_command: net.minecraftforge.userdev.LaunchTesting
java_class_path (initial): C:\Program Files (x86)\Minecraft\runtime\jre-x64\lib\charsets.jar;C:\Program Files (x86)\Minecraft\runtime\jre-x64\lib\deploy.jar;C:\Program Files (x86)\Minecraft\runtime\jre-x64\lib\ext\access-bridge-64.jar;C:\Program Files (x86)\Minecraft\runtime\jre-x64\lib\ext\cldrdata.jar;C:\Program Files (x86)\Minecraft\runtime\jre-x64\lib\ext\dnsns.jar;C:\Program Files (x86)\Minecraft\runtime\jre-x64\lib\ext\jaccess.jar;C:\Program Files (x86)\Minecraft\runtime\jre-x64\lib\ext\jfxrt.jar;C:\Program Files (x86)\Minecraft\runtime\jre-x64\lib\ext\localedata.jar;C:\Program Files (x86)\Minecraft\runtime\jre-x64\lib\ext\nashorn.jar;C:\Program Files (x86)\Minecraft\runtime\jre-x64\lib\ext\sunec.jar;C:\Program Files (x86)\Minecraft\runtime\jre-x64\lib\ext\sunjce_provider.jar;C:\Program Files (x86)\Minecraft\runtime\jre-x64\lib\ext\sunmscapi.jar;C:\Program Files (x86)\Minecraft\runtime\jre-x64\lib\ext\sunpkcs11.jar;C:\Program Files (x86)\Minecraft\runtime\jre-x64\lib\ext\zipfs.jar;C:\Program Files (x86)\Minecraft\runtime\jre-x64\lib\javaws.jar;C:\Program Files (x86)\Minecraft\runtime\jre-x64\lib\jce.jar;C:\Program Files (x86)\Minecraft\runtime\jre-x64\lib\jfr.jar;C:\Program Files (x86)\Minecraft\runtime\jre-x64\lib\jfxswt.jar;C:\Program Files (x86)\Minecraft\runtime\jre-x64\lib\jsse.jar;C:\Program Files (x86)\Minecraft\runtime\jre-x64\lib\management-agent.jar;C:\Program Files (x86)\Minecraft\runtime\jre-x64\lib\plugin.jar;C:\Program Files (x86)\Minecraft\runtime\jre-x64\lib\resources.jar;C:\Program Files (x86)\Minecraft\runtime\jre-x64\lib\rt.jar;C:\save\modding\ervin_mod_1\build\classes\java\main;C:\save\modding\ervin_mod_1\build\resources\main;C:\Users\ervin_1nmnhvl\.gradle\caches\forge_gradle\minecraft_user_repo\net\minecraftforge\forge\1.15.2-31.1.9_mapped_snapshot_20200427-1.15.1\forge-1.15.2-31.1.9_mapped_snapshot_20200427-1.15.1-recomp.jar;C:\Users\ervin_1nmnhvl\.gradle\caches\forge_gradle\minecraft_user_repo\net\minecraftforge\forge\1.15.2-31.1.9_map
Launcher Type: SUN_STANDARD

Environment Variables:
JAVA_HOME=C:\Program Files\Java\jdk-11.0.4
PATH=C:\Program Files\Docker\Docker\Resources\bin;C:\ProgramData\Oracle\Java\javapath;C:\WINDOWS\system32;C:\WINDOWS;C:\WINDOWS\System32\Wbem;C:\WINDOWS\System32\WindowsPowerShell\v1.0\;C:\Program Files (x86)\cloudControl;C:\Program Files\Git\cmd;C:\bin;C:\Program Files (x86)\Windows Kits\8.1\Windows Performance Toolkit\;C:\Program Files (x86)\PuTTY\;C:\Program Files (x86)\Nodist\bin;G:\save\sdk\android\tools;G:\save\sdk\android\platform-tools;C:\boxfuse;C:\Program Files (x86)\Skype\Phone\;C:\Program Files (x86)\GtkSharp\2.12\bin;C:\Program Files (x86)\IVI Foundation\VISA\WinNT\Bin;C:\WINDOWS\system32;C:\WINDOWS;C:\WINDOWS\System32\Wbem;C:\WINDOWS\System32\WindowsPowerShell\v1.0\;;C:\WINDOWS\System32\OpenSSH\;C:\Users\ervin_1nmnhvl\AppData\Local\Microsoft\WindowsApps;
USERNAME=ervin_1nmnhvl
OS=Windows_NT
PROCESSOR_IDENTIFIER=Intel64 Family 6 Model 42 Stepping 7, GenuineIntel



---------------  S Y S T E M  ---------------

OS: Windows 10.0 , 64 bit Build 19041 (10.0.19041.292)

CPU:total 4 (2 cores per cpu, 2 threads per core) family 6 model 42 stepping 7, cmov, cx8, fxsr, mmx, sse, sse2, sse3, ssse3, sse4.1, sse4.2, popcnt, avx, aes, clmul, ht, tsc, tscinvbit

Memory: 4k page, physical 8266764k(1052004k free), swap 10363916k(2816k free)

vm_info: Java HotSpot(TM) 64-Bit Server VM (25.51-b03) for windows-amd64 JRE (1.8.0_51-b16), built on Jun  8 2015 18:03:07 by "java_re" with MS VC++ 10.0 (VS2010)

time: Mon Aug 24 09:27:09 2020
elapsed time: 4938 seconds (0d 1h 22m 18s)

