#
# There is insufficient memory for the Java Runtime Environment to continue.
# Native memory allocation (malloc) failed to allocate 825936 bytes for Chunk::new
# Possible reasons:
#   The system is out of physical RAM or swap space
#   In 32 bit mode, the process size limit was hit
# Possible solutions:
#   Reduce memory load on the system
#   Increase physical memory or swap space
#   Check if swap backing store is full
#   Use 64 bit Java on a 64 bit OS
#   Decrease Java heap size (-Xmx/-Xms)
#   Decrease number of Java threads
#   Decrease Java thread stack sizes (-Xss)
#   Set larger code cache with -XX:ReservedCodeCacheSize=
# This output file may be truncated or incomplete.
#
#  Out of Memory Error (allocation.cpp:390), pid=15836, tid=5632
#
# JRE version: Java(TM) SE Runtime Environment (8.0_51-b16) (build 1.8.0_51-b16)
# Java VM: Java HotSpot(TM) 64-Bit Server VM (25.51-b03 mixed mode windows-amd64 compressed oops)
# Failed to write core dump. Minidumps are not enabled by default on client versions of Windows
#

---------------  T H R E A D  ---------------

Current thread (0x0000000018f00800):  JavaThread "C2 CompilerThread1" daemon [_thread_in_native, id=5632, stack(0x0000000019140000,0x0000000019240000)]

Stack: [0x0000000019140000,0x0000000019240000]
Native frames: (J=compiled Java code, j=interpreted, Vv=VM code, C=native code)
V  [jvm.dll+0x32b4ca]
V  [jvm.dll+0x2797e3]
V  [jvm.dll+0x27a479]
V  [jvm.dll+0x271765]
V  [jvm.dll+0xcba02]
V  [jvm.dll+0xcbecc]
V  [jvm.dll+0x476f72]
V  [jvm.dll+0x4b95ff]
V  [jvm.dll+0x46c011]
V  [jvm.dll+0x46cd4e]
V  [jvm.dll+0x4501a2]
V  [jvm.dll+0xa43a2]
V  [jvm.dll+0xa4cdf]
V  [jvm.dll+0x2418a4]
V  [jvm.dll+0x29846a]
C  [msvcr100.dll+0x21d9f]
C  [msvcr100.dll+0x21e3b]
C  [KERNEL32.DLL+0x16fd4]
C  [ntdll.dll+0x4cec1]


Current CompileTask:
C2:  23221 5587       4       java.net.URLStreamHandler::parseURL (1158 bytes)


---------------  P R O C E S S  ---------------

Java Threads: ( => current thread )
  0x000000001a9cc000 JavaThread "Snooper Timer" daemon [_thread_blocked, id=2140, stack(0x000000001c520000,0x000000001c620000)]
  0x000000001b60f000 JavaThread "pool-2-thread-1" daemon [_thread_in_vm, id=17188, stack(0x0000000020d70000,0x0000000020e70000)]
  0x000000001b380800 JavaThread "Thread-3" daemon [_thread_in_native, id=13276, stack(0x000000001cc20000,0x000000001cd20000)]
  0x000000001b3b4800 JavaThread "Thread-2" daemon [_thread_in_native, id=13756, stack(0x000000001cb20000,0x000000001cc20000)]
  0x000000001ab2e000 JavaThread "Thread-1" daemon [_thread_blocked, id=128, stack(0x000000001ca20000,0x000000001cb20000)]
  0x00000000193a0000 JavaThread "Service Thread" daemon [_thread_blocked, id=5200, stack(0x0000000019b40000,0x0000000019c40000)]
  0x0000000018f03800 JavaThread "C1 CompilerThread2" daemon [_thread_blocked, id=20436, stack(0x0000000019240000,0x0000000019340000)]
=>0x0000000018f00800 JavaThread "C2 CompilerThread1" daemon [_thread_in_native, id=5632, stack(0x0000000019140000,0x0000000019240000)]
  0x0000000018ef0000 JavaThread "C2 CompilerThread0" daemon [_thread_in_native, id=4004, stack(0x0000000019040000,0x0000000019140000)]
  0x0000000018eef000 JavaThread "Monitor Ctrl-Break" daemon [_thread_in_native, id=13120, stack(0x0000000018f40000,0x0000000019040000)]
  0x00000000175d5800 JavaThread "Attach Listener" daemon [_thread_blocked, id=17080, stack(0x0000000018a40000,0x0000000018b40000)]
  0x00000000175d4800 JavaThread "Signal Dispatcher" daemon [_thread_blocked, id=9868, stack(0x0000000018940000,0x0000000018a40000)]
  0x00000000028c9800 JavaThread "Finalizer" daemon [_thread_blocked, id=17996, stack(0x0000000018840000,0x0000000018940000)]
  0x00000000028c6000 JavaThread "Reference Handler" daemon [_thread_blocked, id=8164, stack(0x0000000018740000,0x0000000018840000)]
  0x00000000027d2800 JavaThread "Render thread" [_thread_in_vm, id=3896, stack(0x00000000026d0000,0x00000000027d0000)]

Other Threads:
  0x0000000017599000 VMThread [stack: 0x0000000018640000,0x0000000018740000] [id=1584]
  0x00000000193a5000 WatcherThread [stack: 0x0000000019c40000,0x0000000019d40000] [id=9280]

VM state:not at safepoint (normal execution)

VM Mutex/Monitor currently owned by a thread: None

Heap:
 PSYoungGen      total 500224K, used 198868K [0x00000000d5f00000, 0x0000000100000000, 0x0000000100000000)
  eden space 365056K, 21% used [0x00000000d5f00000,0x00000000daab92d0,0x00000000ec380000)
  from space 135168K, 89% used [0x00000000f5900000,0x00000000fcf7bd78,0x00000000fdd00000)
  to   space 153088K, 0% used [0x00000000ec380000,0x00000000ec380000,0x00000000f5900000)
 ParOldGen       total 228864K, used 146006K [0x0000000081c00000, 0x000000008fb80000, 0x00000000d5f00000)
  object space 228864K, 63% used [0x0000000081c00000,0x000000008aa95988,0x000000008fb80000)
 Metaspace       used 39678K, capacity 41911K, committed 41984K, reserved 1085440K
  class space    used 5196K, capacity 5884K, committed 5888K, reserved 1048576K

Card table byte_map: [0x0000000011e60000,0x0000000012260000] byte_map_base: 0x0000000011a52000

Marking Bits: (ParMarkBitMap*) 0x0000000074164040
 Begin Bits: [0x0000000012910000, 0x00000000148a0000)
 End Bits:   [0x00000000148a0000, 0x0000000016830000)

Polling page: 0x0000000000b80000

CodeCache: size=245760Kb used=16584Kb max_used=16625Kb free=229175Kb
 bounds [0x0000000002aa0000, 0x0000000003b10000, 0x0000000011aa0000]
 total_blobs=6126 nmethods=5014 adapters=1024
 compilation: enabled

Compilation events (10 events):
Event: 23.092 Thread 0x0000000018ef0000 5588       4       net.minecraftforge.fml.loading.moddiscovery.ModFile::toString (26 bytes)
Event: 23.109 Thread 0x0000000018ef0000 nmethod 5588 0x0000000003431790 code [0x0000000003431920, 0x0000000003432128]
Event: 23.109 Thread 0x0000000018ef0000 5589       4       java.nio.file.Files$$Lambda$374/774065265::apply (8 bytes)
Event: 23.110 Thread 0x0000000018ef0000 nmethod 5589 0x0000000003066b90 code [0x0000000003066ce0, 0x0000000003066d78]
Event: 23.113 Thread 0x0000000018ef0000 5590   !   4       org.apache.logging.log4j.spi.AbstractLogger::tryLogMessage (28 bytes)
Event: 23.115 Thread 0x0000000018ef0000 nmethod 5590 0x00000000030667d0 code [0x0000000003066920, 0x0000000003066a58]
Event: 23.129 Thread 0x0000000018ef0000 5591       4       org.apache.logging.log4j.core.appender.rolling.CompositeTriggeringPolicy::isTriggeringEvent (44 bytes)
Event: 23.131 Thread 0x0000000018ef0000 nmethod 5591 0x0000000003434710 code [0x0000000003434860, 0x0000000003434978]
Event: 23.131 Thread 0x0000000018ef0000 5592       4       org.apache.logging.log4j.core.appender.AbstractOutputStreamAppender::directEncodeEvent (38 bytes)
Event: 23.139 Thread 0x0000000018f03800 5594       3       java.util.Currency::getInstance (233 bytes)

GC Heap History (10 events):
Event: 16.226 GC heap before
{Heap before GC invocations=15 (full 2):
 PSYoungGen      total 254464K, used 254443K [0x00000000d5f00000, 0x00000000ec980000, 0x0000000100000000)
  eden space 187904K, 100% used [0x00000000d5f00000,0x00000000e1680000,0x00000000e1680000)
  from space 66560K, 99% used [0x00000000e6700000,0x00000000ea7fae78,0x00000000ea800000)
  to   space 82432K, 0% used [0x00000000e1680000,0x00000000e1680000,0x00000000e6700000)
 ParOldGen       total 138240K, used 100899K [0x0000000081c00000, 0x000000008a300000, 0x00000000d5f00000)
  object space 138240K, 72% used [0x0000000081c00000,0x0000000087e88f48,0x000000008a300000)
 Metaspace       used 35097K, capacity 36993K, committed 37248K, reserved 1081344K
  class space    used 4305K, capacity 4886K, committed 4992K, reserved 1048576K
Event: 16.481 GC heap after
Heap after GC invocations=15 (full 2):
 PSYoungGen      total 270336K, used 82407K [0x00000000d5f00000, 0x00000000f3e00000, 0x0000000100000000)
  eden space 187904K, 0% used [0x00000000d5f00000,0x00000000d5f00000,0x00000000e1680000)
  from space 82432K, 99% used [0x00000000e1680000,0x00000000e66f9c20,0x00000000e6700000)
  to   space 107008K, 0% used [0x00000000ed580000,0x00000000ed580000,0x00000000f3e00000)
 ParOldGen       total 138240K, used 129888K [0x0000000081c00000, 0x000000008a300000, 0x00000000d5f00000)
  object space 138240K, 93% used [0x0000000081c00000,0x0000000089ad82a0,0x000000008a300000)
 Metaspace       used 35097K, capacity 36993K, committed 37248K, reserved 1081344K
  class space    used 4305K, capacity 4886K, committed 4992K, reserved 1048576K
}
Event: 16.481 GC heap before
{Heap before GC invocations=16 (full 3):
 PSYoungGen      total 270336K, used 82407K [0x00000000d5f00000, 0x00000000f3e00000, 0x0000000100000000)
  eden space 187904K, 0% used [0x00000000d5f00000,0x00000000d5f00000,0x00000000e1680000)
  from space 82432K, 99% used [0x00000000e1680000,0x00000000e66f9c20,0x00000000e6700000)
  to   space 107008K, 0% used [0x00000000ed580000,0x00000000ed580000,0x00000000f3e00000)
 ParOldGen       total 138240K, used 129888K [0x0000000081c00000, 0x000000008a300000, 0x00000000d5f00000)
  object space 138240K, 93% used [0x0000000081c00000,0x0000000089ad82a0,0x000000008a300000)
 Metaspace       used 35097K, capacity 36993K, committed 37248K, reserved 1081344K
  class space    used 4305K, capacity 4886K, committed 4992K, reserved 1048576K
Event: 16.998 GC heap after
Heap after GC invocations=16 (full 3):
 PSYoungGen      total 270336K, used 3536K [0x00000000d5f00000, 0x00000000f3e00000, 0x0000000100000000)
  eden space 187904K, 0% used [0x00000000d5f00000,0x00000000d5f00000,0x00000000e1680000)
  from space 82432K, 4% used [0x00000000e1680000,0x00000000e19f4358,0x00000000e6700000)
  to   space 107008K, 0% used [0x00000000ed580000,0x00000000ed580000,0x00000000f3e00000)
 ParOldGen       total 228864K, used 138123K [0x0000000081c00000, 0x000000008fb80000, 0x00000000d5f00000)
  object space 228864K, 60% used [0x0000000081c00000,0x000000008a2e2f78,0x000000008fb80000)
 Metaspace       used 35097K, capacity 36993K, committed 37248K, reserved 1081344K
  class space    used 4305K, capacity 4886K, committed 4992K, reserved 1048576K
}
Event: 18.667 GC heap before
{Heap before GC invocations=17 (full 3):
 PSYoungGen      total 270336K, used 191440K [0x00000000d5f00000, 0x00000000f3e00000, 0x0000000100000000)
  eden space 187904K, 100% used [0x00000000d5f00000,0x00000000e1680000,0x00000000e1680000)
  from space 82432K, 4% used [0x00000000e1680000,0x00000000e19f4358,0x00000000e6700000)
  to   space 107008K, 0% used [0x00000000ed580000,0x00000000ed580000,0x00000000f3e00000)
 ParOldGen       total 228864K, used 138123K [0x0000000081c00000, 0x000000008fb80000, 0x00000000d5f00000)
  object space 228864K, 60% used [0x0000000081c00000,0x000000008a2e2f78,0x000000008fb80000)
 Metaspace       used 36839K, capacity 38905K, committed 39040K, reserved 1083392K
  class space    used 4525K, capacity 5148K, committed 5248K, reserved 1048576K
Event: 18.956 GC heap after
Heap after GC invocations=17 (full 3):
 PSYoungGen      total 374272K, used 81693K [0x00000000d5f00000, 0x00000000f4800000, 0x0000000100000000)
  eden space 267264K, 0% used [0x00000000d5f00000,0x00000000d5f00000,0x00000000e6400000)
  from space 107008K, 76% used [0x00000000ed580000,0x00000000f2547520,0x00000000f3e00000)
  to   space 116224K, 0% used [0x00000000e6400000,0x00000000e6400000,0x00000000ed580000)
 ParOldGen       total 228864K, used 141693K [0x0000000081c00000, 0x000000008fb80000, 0x00000000d5f00000)
  object space 228864K, 61% used [0x0000000081c00000,0x000000008a65f498,0x000000008fb80000)
 Metaspace       used 36839K, capacity 38905K, committed 39040K, reserved 1083392K
  class space    used 4525K, capacity 5148K, committed 5248K, reserved 1048576K
}
Event: 20.603 GC heap before
{Heap before GC invocations=18 (full 3):
 PSYoungGen      total 374272K, used 348957K [0x00000000d5f00000, 0x00000000f4800000, 0x0000000100000000)
  eden space 267264K, 100% used [0x00000000d5f00000,0x00000000e6400000,0x00000000e6400000)
  from space 107008K, 76% used [0x00000000ed580000,0x00000000f2547520,0x00000000f3e00000)
  to   space 116224K, 0% used [0x00000000e6400000,0x00000000e6400000,0x00000000ed580000)
 ParOldGen       total 228864K, used 141693K [0x0000000081c00000, 0x000000008fb80000, 0x00000000d5f00000)
  object space 228864K, 61% used [0x0000000081c00000,0x000000008a65f498,0x000000008fb80000)
 Metaspace       used 38248K, capacity 40405K, committed 40576K, reserved 1085440K
  class space    used 4844K, capacity 5488K, committed 5504K, reserved 1048576K
Event: 20.950 GC heap after
Heap after GC invocations=18 (full 3):
 PSYoungGen      total 383488K, used 113141K [0x00000000d5f00000, 0x00000000fdd00000, 0x0000000100000000)
  eden space 267264K, 0% used [0x00000000d5f00000,0x00000000d5f00000,0x00000000e6400000)
  from space 116224K, 97% used [0x00000000e6400000,0x00000000ed27d6c0,0x00000000ed580000)
  to   space 135168K, 0% used [0x00000000f5900000,0x00000000f5900000,0x00000000fdd00000)
 ParOldGen       total 228864K, used 143569K [0x0000000081c00000, 0x000000008fb80000, 0x00000000d5f00000)
  object space 228864K, 62% used [0x0000000081c00000,0x000000008a834770,0x000000008fb80000)
 Metaspace       used 38248K, capacity 40405K, committed 40576K, reserved 1085440K
  class space    used 4844K, capacity 5488K, committed 5504K, reserved 1048576K
}
Event: 22.400 GC heap before
{Heap before GC invocations=19 (full 3):
 PSYoungGen      total 383488K, used 380405K [0x00000000d5f00000, 0x00000000fdd00000, 0x0000000100000000)
  eden space 267264K, 100% used [0x00000000d5f00000,0x00000000e6400000,0x00000000e6400000)
  from space 116224K, 97% used [0x00000000e6400000,0x00000000ed27d6c0,0x00000000ed580000)
  to   space 135168K, 0% used [0x00000000f5900000,0x00000000f5900000,0x00000000fdd00000)
 ParOldGen       total 228864K, used 143590K [0x0000000081c00000, 0x000000008fb80000, 0x00000000d5f00000)
  object space 228864K, 62% used [0x0000000081c00000,0x000000008a839958,0x000000008fb80000)
 Metaspace       used 39526K, capacity 41751K, committed 41984K, reserved 1085440K
  class space    used 5170K, capacity 5852K, committed 5888K, reserved 1048576K
Event: 22.775 GC heap after
Heap after GC invocations=19 (full 3):
 PSYoungGen      total 500224K, used 121327K [0x00000000d5f00000, 0x0000000100000000, 0x0000000100000000)
  eden space 365056K, 0% used [0x00000000d5f00000,0x00000000d5f00000,0x00000000ec380000)
  from space 135168K, 89% used [0x00000000f5900000,0x00000000fcf7bd78,0x00000000fdd00000)
  to   space 153088K, 0% used [0x00000000ec380000,0x00000000ec380000,0x00000000f5900000)
 ParOldGen       total 228864K, used 146006K [0x0000000081c00000, 0x000000008fb80000, 0x00000000d5f00000)
  object space 228864K, 63% used [0x0000000081c00000,0x000000008aa95988,0x000000008fb80000)
 Metaspace       used 39526K, capacity 41751K, committed 41984K, reserved 1085440K
  class space    used 5170K, capacity 5852K, committed 5888K, reserved 1048576K
}

Deoptimization events (10 events):
Event: 18.371 Thread 0x000000001b60f000 Uncommon trap: reason=class_check action=maybe_recompile pc=0x00000000038c39a4 method=org.objectweb.asm.ClassReader.readCode(Lorg/objectweb/asm/MethodVisitor;Lorg/objectweb/asm/Context;I)V @ 4318
Event: 18.466 Thread 0x00000000027d2800 Uncommon trap: reason=unstable_if action=reinterpret pc=0x0000000003a81b14 method=com.google.common.collect.HashBiMap.insert(Lcom/google/common/collect/HashBiMap$BiEntry;Lcom/google/common/collect/HashBiMap$BiEntry;)V @ 78
Event: 19.277 Thread 0x000000001b60f000 Uncommon trap: reason=class_check action=maybe_recompile pc=0x00000000038c3b0c method=org.objectweb.asm.ClassReader.readCode(Lorg/objectweb/asm/MethodVisitor;Lorg/objectweb/asm/Context;I)V @ 3587
Event: 19.825 Thread 0x00000000027d2800 Uncommon trap: reason=class_check action=maybe_recompile pc=0x00000000030de6a4 method=java.util.concurrent.ConcurrentHashMap.putVal(Ljava/lang/Object;Ljava/lang/Object;Z)Ljava/lang/Object; @ 192
Event: 20.302 Thread 0x00000000027d2800 Uncommon trap: reason=class_check action=maybe_recompile pc=0x00000000030de6a4 method=java.util.concurrent.ConcurrentHashMap.putVal(Ljava/lang/Object;Ljava/lang/Object;Z)Ljava/lang/Object; @ 192
Event: 20.515 Thread 0x000000001b60f000 Uncommon trap: reason=unstable_if action=reinterpret pc=0x0000000003ae631c method=java.util.concurrent.locks.AbstractQueuedSynchronizer.doReleaseShared()V @ 69
Event: 21.188 Thread 0x000000001b60f000 Uncommon trap: reason=class_check action=maybe_recompile pc=0x00000000038c39a4 method=org.objectweb.asm.ClassReader.readCode(Lorg/objectweb/asm/MethodVisitor;Lorg/objectweb/asm/Context;I)V @ 4318
Event: 21.498 Thread 0x00000000027d2800 Uncommon trap: reason=class_check action=maybe_recompile pc=0x00000000035c1314 method=org.objectweb.asm.Label.accept(Lorg/objectweb/asm/MethodVisitor;Z)V @ 2
Event: 22.107 Thread 0x00000000027d2800 Uncommon trap: reason=class_check action=maybe_recompile pc=0x00000000035c1314 method=org.objectweb.asm.Label.accept(Lorg/objectweb/asm/MethodVisitor;Z)V @ 2
Event: 22.209 Thread 0x00000000027d2800 Uncommon trap: reason=class_check action=maybe_recompile pc=0x00000000035c1314 method=org.objectweb.asm.Label.accept(Lorg/objectweb/asm/MethodVisitor;Z)V @ 2

Internal exceptions (10 events):
Event: 23.143 Thread 0x00000000027d2800 Exception <a 'sun/nio/fs/WindowsException'> (0x00000000d98caf48) thrown at [C:\re\workspace\8-2-build-windows-amd64-cygwin\jdk8u51\3951\hotspot\src\share\vm\prims\jni.cpp, line 709]
Event: 23.143 Thread 0x00000000027d2800 Exception <a 'sun/nio/fs/WindowsException'> (0x00000000d98cb7f0) thrown at [C:\re\workspace\8-2-build-windows-amd64-cygwin\jdk8u51\3951\hotspot\src\share\vm\prims\jni.cpp, line 709]
Event: 23.143 Thread 0x00000000027d2800 Exception <a 'sun/nio/fs/WindowsException'> (0x00000000d98cc8e0) thrown at [C:\re\workspace\8-2-build-windows-amd64-cygwin\jdk8u51\3951\hotspot\src\share\vm\prims\jni.cpp, line 709]
Event: 23.143 Thread 0x00000000027d2800 Exception <a 'sun/nio/fs/WindowsException'> (0x00000000d98cd1a8) thrown at [C:\re\workspace\8-2-build-windows-amd64-cygwin\jdk8u51\3951\hotspot\src\share\vm\prims\jni.cpp, line 709]
Event: 23.143 Thread 0x00000000027d2800 Exception <a 'sun/nio/fs/WindowsException'> (0x00000000d98ce1d8) thrown at [C:\re\workspace\8-2-build-windows-amd64-cygwin\jdk8u51\3951\hotspot\src\share\vm\prims\jni.cpp, line 709]
Event: 23.144 Thread 0x00000000027d2800 Exception <a 'sun/nio/fs/WindowsException'> (0x00000000d98cecf0) thrown at [C:\re\workspace\8-2-build-windows-amd64-cygwin\jdk8u51\3951\hotspot\src\share\vm\prims\jni.cpp, line 709]
Event: 23.151 Thread 0x00000000027d2800 Exception <a 'sun/nio/fs/WindowsException'> (0x00000000d9d3b520) thrown at [C:\re\workspace\8-2-build-windows-amd64-cygwin\jdk8u51\3951\hotspot\src\share\vm\prims\jni.cpp, line 709]
Event: 23.152 Thread 0x00000000027d2800 Exception <a 'sun/nio/fs/WindowsException'> (0x00000000d9d3bdd8) thrown at [C:\re\workspace\8-2-build-windows-amd64-cygwin\jdk8u51\3951\hotspot\src\share\vm\prims\jni.cpp, line 709]
Event: 23.152 Thread 0x00000000027d2800 Exception <a 'sun/nio/fs/WindowsException'> (0x00000000d9d3cec8) thrown at [C:\re\workspace\8-2-build-windows-amd64-cygwin\jdk8u51\3951\hotspot\src\share\vm\prims\jni.cpp, line 709]
Event: 23.152 Thread 0x00000000027d2800 Exception <a 'sun/nio/fs/WindowsException'> (0x00000000d9d3d798) thrown at [C:\re\workspace\8-2-build-windows-amd64-cygwin\jdk8u51\3951\hotspot\src\share\vm\prims\jni.cpp, line 709]

Events (10 events):
Event: 22.343 loading class net/minecraft/block/Block
Event: 22.343 loading class net/minecraft/block/Block done
Event: 22.351 loading class net/minecraft/block/Block
Event: 22.351 loading class net/minecraft/block/Block done
Event: 22.351 loading class org/apache/logging/log4j/util/TriConsumer
Event: 22.351 loading class org/apache/logging/log4j/util/TriConsumer done
Event: 22.392 Executing VM operation: ParallelGCFailedAllocation
Event: 22.392 Executing VM operation: ParallelGCFailedAllocation done
Event: 22.400 Executing VM operation: ParallelGCSystemGC
Event: 22.775 Executing VM operation: ParallelGCSystemGC done


Dynamic libraries:
0x00007ff6ccfd0000 - 0x00007ff6cd007000 	C:\Program Files (x86)\Minecraft\runtime\jre-x64\bin\java.exe
0x00007ff929890000 - 0x00007ff929a85000 	C:\WINDOWS\SYSTEM32\ntdll.dll
0x00007ff9290b0000 - 0x00007ff92916d000 	C:\WINDOWS\System32\KERNEL32.DLL
0x00007ff927500000 - 0x00007ff9277c7000 	C:\WINDOWS\System32\KERNELBASE.dll
0x00007ff928250000 - 0x00007ff9282fa000 	C:\WINDOWS\System32\ADVAPI32.dll
0x00007ff927900000 - 0x00007ff92799e000 	C:\WINDOWS\System32\msvcrt.dll
0x00007ff9292e0000 - 0x00007ff92937b000 	C:\WINDOWS\System32\sechost.dll
0x00007ff928300000 - 0x00007ff928423000 	C:\WINDOWS\System32\RPCRT4.dll
0x00007ff9279a0000 - 0x00007ff927b40000 	C:\WINDOWS\System32\USER32.dll
0x00007ff9274d0000 - 0x00007ff9274f2000 	C:\WINDOWS\System32\win32u.dll
0x00007ff929560000 - 0x00007ff92958a000 	C:\WINDOWS\System32\GDI32.dll
0x00007ff9270e0000 - 0x00007ff9271ea000 	C:\WINDOWS\System32\gdi32full.dll
0x00007ff9273e0000 - 0x00007ff92747d000 	C:\WINDOWS\System32\msvcp_win.dll
0x00007ff926fe0000 - 0x00007ff9270e0000 	C:\WINDOWS\System32\ucrtbase.dll
0x00007ff90f5b0000 - 0x00007ff90f84a000 	C:\WINDOWS\WinSxS\amd64_microsoft.windows.common-controls_6595b64144ccf1df_6.0.19041.1_none_b555e41d4684ddec\COMCTL32.dll
0x00007ff9291d0000 - 0x00007ff929200000 	C:\WINDOWS\System32\IMM32.DLL
0x00000000741f0000 - 0x00000000742c2000 	C:\Program Files (x86)\Minecraft\runtime\jre-x64\bin\msvcr100.dll
0x0000000073960000 - 0x00000000741e3000 	C:\Program Files (x86)\Minecraft\runtime\jre-x64\bin\server\jvm.dll
0x00007ff9294f0000 - 0x00007ff9294f8000 	C:\WINDOWS\System32\PSAPI.DLL
0x00007ff902660000 - 0x00007ff902669000 	C:\WINDOWS\SYSTEM32\WSOCK32.dll
0x00007ff9296b0000 - 0x00007ff92971b000 	C:\WINDOWS\System32\WS2_32.dll
0x00007ff9208a0000 - 0x00007ff9208c7000 	C:\WINDOWS\SYSTEM32\WINMM.dll
0x00007ff920480000 - 0x00007ff92048a000 	C:\WINDOWS\SYSTEM32\VERSION.dll
0x0000000073950000 - 0x000000007395f000 	C:\Program Files (x86)\Minecraft\runtime\jre-x64\bin\verify.dll
0x0000000073920000 - 0x0000000073949000 	C:\Program Files (x86)\Minecraft\runtime\jre-x64\bin\java.dll
0x00000000738f0000 - 0x0000000073913000 	C:\Program Files (x86)\Minecraft\runtime\jre-x64\bin\instrument.dll
0x00000000738d0000 - 0x00000000738e6000 	C:\Program Files (x86)\Minecraft\runtime\jre-x64\bin\zip.dll
0x00007ff928430000 - 0x00007ff928b70000 	C:\WINDOWS\System32\SHELL32.dll
0x00007ff924f30000 - 0x00007ff9256c1000 	C:\WINDOWS\SYSTEM32\windows.storage.dll
0x00007ff928d50000 - 0x00007ff9290a3000 	C:\WINDOWS\System32\combase.dll
0x00007ff926990000 - 0x00007ff9269bc000 	C:\WINDOWS\SYSTEM32\Wldp.dll
0x00007ff927bf0000 - 0x00007ff927c9e000 	C:\WINDOWS\System32\SHCORE.dll
0x00007ff927ca0000 - 0x00007ff927cf5000 	C:\WINDOWS\System32\shlwapi.dll
0x00007ff926f20000 - 0x00007ff926f3f000 	C:\WINDOWS\SYSTEM32\profapi.dll
0x00007ff924670000 - 0x00007ff92468a000 	C:\Users\ervin_1nmnhvl\AppData\Local\JetBrains\Toolbox\apps\IDEA-U\ch-0\202.6397.94\bin\breakgen64.dll
0x00000000738b0000 - 0x00000000738ca000 	C:\Program Files (x86)\Minecraft\runtime\jre-x64\bin\net.dll
0x00007ff926780000 - 0x00007ff9267ea000 	C:\WINDOWS\system32\mswsock.dll
0x00000000738a0000 - 0x00000000738ad000 	C:\Program Files (x86)\Minecraft\runtime\jre-x64\bin\management.dll
0x00007ff9211f0000 - 0x00007ff921207000 	C:\WINDOWS\system32\napinsp.dll
0x00007ff920040000 - 0x00007ff92005b000 	C:\WINDOWS\system32\pnrpnsp.dll
0x00007ff922010000 - 0x00007ff922025000 	C:\WINDOWS\system32\wshbth.dll
0x00007ff922080000 - 0x00007ff92209d000 	C:\WINDOWS\system32\NLAapi.dll
0x00007ff926440000 - 0x00007ff92647b000 	C:\WINDOWS\SYSTEM32\IPHLPAPI.DLL
0x00007ff926490000 - 0x00007ff92655a000 	C:\WINDOWS\SYSTEM32\DNSAPI.dll
0x00007ff929200000 - 0x00007ff929209000 	C:\WINDOWS\System32\NSI.dll
0x00007ff920020000 - 0x00007ff920032000 	C:\WINDOWS\System32\winrnr.dll
0x00007ff917340000 - 0x00007ff91734a000 	C:\Windows\System32\rasadhlp.dll
0x00007ff91ce20000 - 0x00007ff91ce9f000 	C:\WINDOWS\System32\fwpuclnt.dll
0x00007ff9273b0000 - 0x00007ff9273d7000 	C:\WINDOWS\System32\bcrypt.dll
0x00007ff91bde0000 - 0x00007ff91bdf7000 	C:\WINDOWS\SYSTEM32\dhcpcsvc6.DLL
0x00007ff91bc90000 - 0x00007ff91bcad000 	C:\WINDOWS\SYSTEM32\dhcpcsvc.DLL
0x00007ff926cc0000 - 0x00007ff926cd8000 	C:\WINDOWS\SYSTEM32\CRYPTSP.dll
0x00007ff925fc0000 - 0x00007ff925ff4000 	C:\WINDOWS\system32\rsaenh.dll
0x00007ff926ee0000 - 0x00007ff926f0e000 	C:\WINDOWS\SYSTEM32\USERENV.dll
0x00007ff927880000 - 0x00007ff9278ff000 	C:\WINDOWS\System32\bcryptprimitives.dll
0x00007ff926900000 - 0x00007ff92690c000 	C:\WINDOWS\SYSTEM32\CRYPTBASE.dll
0x0000000073880000 - 0x0000000073891000 	C:\Program Files (x86)\Minecraft\runtime\jre-x64\bin\nio.dll
0x0000000073850000 - 0x0000000073874000 	C:\Program Files (x86)\Minecraft\runtime\jre-x64\bin\sunec.dll
0x00007ff901270000 - 0x00007ff9012e2000 	C:\Users\ervin_1nmnhvl\AppData\Local\Temp\lwjglervin_1nmnhvl\3.2.2-build-10\lwjgl.dll
0x00007ff8eaa00000 - 0x00007ff8eac51000 	C:\Users\ERVIN_~1\AppData\Local\Temp\lwjglervin_1nmnhvl\3.2.2-build-10\jemalloc.dll
0x00007ff911820000 - 0x00007ff91187e000 	C:\Users\ERVIN_~1\AppData\Local\Temp\lwjglervin_1nmnhvl\3.2.2-build-10\glfw.dll
0x00007ff9247f0000 - 0x00007ff92488f000 	C:\WINDOWS\system32\uxtheme.dll
0x00007ff8fbe00000 - 0x00007ff8fbe45000 	C:\WINDOWS\SYSTEM32\dinput8.dll
0x00007ff912440000 - 0x00007ff912451000 	C:\WINDOWS\SYSTEM32\xinput1_4.dll
0x00007ff927480000 - 0x00007ff9274cd000 	C:\WINDOWS\System32\cfgmgr32.dll
0x00007ff926dc0000 - 0x00007ff926dec000 	C:\WINDOWS\SYSTEM32\DEVOBJ.dll
0x00007ff924a60000 - 0x00007ff924a8f000 	C:\WINDOWS\SYSTEM32\dwmapi.dll
0x00007ff916600000 - 0x00007ff916752000 	C:\WINDOWS\SYSTEM32\inputhost.dll
0x00007ff929210000 - 0x00007ff9292dd000 	C:\WINDOWS\System32\OLEAUT32.dll
0x00007ff924490000 - 0x00007ff924582000 	C:\WINDOWS\SYSTEM32\CoreMessaging.dll
0x00007ff922af0000 - 0x00007ff922be5000 	C:\WINDOWS\SYSTEM32\PROPSYS.dll
0x00007ff923c50000 - 0x00007ff923da6000 	C:\WINDOWS\SYSTEM32\wintypes.dll
0x00007ff924130000 - 0x00007ff92448a000 	C:\WINDOWS\SYSTEM32\CoreUIComponents.dll
0x00007ff925c10000 - 0x00007ff925c43000 	C:\WINDOWS\SYSTEM32\ntmarta.dll
0x00007ff925800000 - 0x00007ff925813000 	C:\WINDOWS\SYSTEM32\kernel.appcore.dll
0x00007ff929590000 - 0x00007ff9296a5000 	C:\WINDOWS\System32\MSCTF.dll
0x00007ff9256d0000 - 0x00007ff9256dd000 	C:\WINDOWS\SYSTEM32\HID.DLL
0x00007ff927d00000 - 0x00007ff928167000 	C:\WINDOWS\System32\SETUPAPI.DLL
0x00007ff9271f0000 - 0x00007ff927250000 	C:\WINDOWS\System32\WINTRUST.dll
0x00007ff927250000 - 0x00007ff9273ad000 	C:\WINDOWS\System32\CRYPT32.dll
0x00007ff926d60000 - 0x00007ff926d72000 	C:\WINDOWS\SYSTEM32\MSASN1.dll
0x00007ff8e6e70000 - 0x00007ff8e6fcc000 	C:\WINDOWS\SYSTEM32\opengl32.dll
0x00007ff902220000 - 0x00007ff90224c000 	C:\WINDOWS\SYSTEM32\GLU32.dll
0x00007ff8e3b90000 - 0x00007ff8e4814000 	C:\WINDOWS\SYSTEM32\ig4icd64.dll
0x00007ff925820000 - 0x00007ff925913000 	C:\WINDOWS\SYSTEM32\dxgi.dll
0x00007ff923390000 - 0x00007ff9235f3000 	C:\WINDOWS\SYSTEM32\d3d11.dll
0x00007ff8f30c0000 - 0x00007ff8f3d10000 	C:\WINDOWS\SYSTEM32\igd10umd64.dll
0x00007ff91b150000 - 0x00007ff91b18b000 	C:\WINDOWS\SYSTEM32\dxcore.dll
0x00007ff916760000 - 0x00007ff91685c000 	C:\WINDOWS\SYSTEM32\textinputframework.dll
0x00007ff8f5eb0000 - 0x00007ff8f5f08000 	C:\Users\ervin_1nmnhvl\AppData\Local\Temp\lwjglervin_1nmnhvl\3.2.2-build-10\lwjgl_opengl.dll
0x00007ff8f4d10000 - 0x00007ff8f4d8f000 	C:\Users\ervin_1nmnhvl\AppData\Local\Temp\lwjglervin_1nmnhvl\3.2.2-build-10\lwjgl_stb.dll
0x00007ff91edc0000 - 0x00007ff91efa4000 	C:\WINDOWS\SYSTEM32\dbghelp.dll

VM Arguments:
jvm_args: -Dforge.logging.console.level=debug -Dforge.logging.markers=SCAN,REGISTRIES,REGISTRYDUMP -XX:HeapDumpPath=MojangTricksIntelDriversForPerformance_javaw.exe_minecraft.exe.heapdump -Dos.name=Windows 10 -Dos.version=10.0 -javaagent:C:\Users\ervin_1nmnhvl\AppData\Local\JetBrains\Toolbox\apps\IDEA-U\ch-0\202.6397.94\lib\idea_rt.jar=65512:C:\Users\ervin_1nmnhvl\AppData\Local\JetBrains\Toolbox\apps\IDEA-U\ch-0\202.6397.94\bin -Dfile.encoding=UTF-8 
java_command: net.minecraftforge.userdev.LaunchTesting
java_class_path (initial): C:\Program Files (x86)\Minecraft\runtime\jre-x64\lib\charsets.jar;C:\Program Files (x86)\Minecraft\runtime\jre-x64\lib\deploy.jar;C:\Program Files (x86)\Minecraft\runtime\jre-x64\lib\ext\access-bridge-64.jar;C:\Program Files (x86)\Minecraft\runtime\jre-x64\lib\ext\cldrdata.jar;C:\Program Files (x86)\Minecraft\runtime\jre-x64\lib\ext\dnsns.jar;C:\Program Files (x86)\Minecraft\runtime\jre-x64\lib\ext\jaccess.jar;C:\Program Files (x86)\Minecraft\runtime\jre-x64\lib\ext\jfxrt.jar;C:\Program Files (x86)\Minecraft\runtime\jre-x64\lib\ext\localedata.jar;C:\Program Files (x86)\Minecraft\runtime\jre-x64\lib\ext\nashorn.jar;C:\Program Files (x86)\Minecraft\runtime\jre-x64\lib\ext\sunec.jar;C:\Program Files (x86)\Minecraft\runtime\jre-x64\lib\ext\sunjce_provider.jar;C:\Program Files (x86)\Minecraft\runtime\jre-x64\lib\ext\sunmscapi.jar;C:\Program Files (x86)\Minecraft\runtime\jre-x64\lib\ext\sunpkcs11.jar;C:\Program Files (x86)\Minecraft\runtime\jre-x64\lib\ext\zipfs.jar;C:\Program Files (x86)\Minecraft\runtime\jre-x64\lib\javaws.jar;C:\Program Files (x86)\Minecraft\runtime\jre-x64\lib\jce.jar;C:\Program Files (x86)\Minecraft\runtime\jre-x64\lib\jfr.jar;C:\Program Files (x86)\Minecraft\runtime\jre-x64\lib\jfxswt.jar;C:\Program Files (x86)\Minecraft\runtime\jre-x64\lib\jsse.jar;C:\Program Files (x86)\Minecraft\runtime\jre-x64\lib\management-agent.jar;C:\Program Files (x86)\Minecraft\runtime\jre-x64\lib\plugin.jar;C:\Program Files (x86)\Minecraft\runtime\jre-x64\lib\resources.jar;C:\Program Files (x86)\Minecraft\runtime\jre-x64\lib\rt.jar;C:\save\modding\ervin_mod_1\build\classes\java\main;C:\save\modding\ervin_mod_1\build\resources\main;C:\Users\ervin_1nmnhvl\.gradle\caches\forge_gradle\minecraft_user_repo\net\minecraftforge\forge\1.15.2-31.1.9_mapped_snapshot_20200427-1.15.1\forge-1.15.2-31.1.9_mapped_snapshot_20200427-1.15.1-recomp.jar;C:\Users\ervin_1nmnhvl\.gradle\caches\forge_gradle\minecraft_user_repo\net\minecraftforge\forge\1.15.2-31.1.9_map
Launcher Type: SUN_STANDARD

Environment Variables:
JAVA_HOME=C:\Program Files\Java\jdk-11.0.4
PATH=C:\Program Files\Docker\Docker\Resources\bin;C:\ProgramData\Oracle\Java\javapath;C:\WINDOWS\system32;C:\WINDOWS;C:\WINDOWS\System32\Wbem;C:\WINDOWS\System32\WindowsPowerShell\v1.0\;C:\Program Files (x86)\cloudControl;C:\Program Files\Git\cmd;C:\bin;C:\Program Files (x86)\Windows Kits\8.1\Windows Performance Toolkit\;C:\Program Files (x86)\PuTTY\;C:\Program Files (x86)\Nodist\bin;G:\save\sdk\android\tools;G:\save\sdk\android\platform-tools;C:\boxfuse;C:\Program Files (x86)\Skype\Phone\;C:\Program Files (x86)\GtkSharp\2.12\bin;C:\Program Files (x86)\IVI Foundation\VISA\WinNT\Bin;C:\WINDOWS\system32;C:\WINDOWS;C:\WINDOWS\System32\Wbem;C:\WINDOWS\System32\WindowsPowerShell\v1.0\;;C:\WINDOWS\System32\OpenSSH\;C:\Users\ervin_1nmnhvl\AppData\Local\Microsoft\WindowsApps;
USERNAME=ervin_1nmnhvl
OS=Windows_NT
PROCESSOR_IDENTIFIER=Intel64 Family 6 Model 42 Stepping 7, GenuineIntel



---------------  S Y S T E M  ---------------

OS: Windows 10.0 , 64 bit Build 19041 (10.0.19041.292)

CPU:total 4 (2 cores per cpu, 2 threads per core) family 6 model 42 stepping 7, cmov, cx8, fxsr, mmx, sse, sse2, sse3, ssse3, sse4.1, sse4.2, popcnt, avx, aes, clmul, ht, tsc, tscinvbit

Memory: 4k page, physical 8266764k(423300k free), swap 10363916k(3104k free)

vm_info: Java HotSpot(TM) 64-Bit Server VM (25.51-b03) for windows-amd64 JRE (1.8.0_51-b16), built on Jun  8 2015 18:03:07 by "java_re" with MS VC++ 10.0 (VS2010)

time: Sat Aug 29 16:23:20 2020
elapsed time: 23 seconds (0d 0h 0m 23s)

