#
# There is insufficient memory for the Java Runtime Environment to continue.
# Native memory allocation (malloc) failed to allocate 1420816 bytes for Chunk::new
# Possible reasons:
#   The system is out of physical RAM or swap space
#   In 32 bit mode, the process size limit was hit
# Possible solutions:
#   Reduce memory load on the system
#   Increase physical memory or swap space
#   Check if swap backing store is full
#   Use 64 bit Java on a 64 bit OS
#   Decrease Java heap size (-Xmx/-Xms)
#   Decrease number of Java threads
#   Decrease Java thread stack sizes (-Xss)
#   Set larger code cache with -XX:ReservedCodeCacheSize=
# This output file may be truncated or incomplete.
#
#  Out of Memory Error (allocation.cpp:390), pid=4344, tid=3668
#
# JRE version: Java(TM) SE Runtime Environment (8.0_51-b16) (build 1.8.0_51-b16)
# Java VM: Java HotSpot(TM) 64-Bit Server VM (25.51-b03 mixed mode windows-amd64 compressed oops)
# Failed to write core dump. Minidumps are not enabled by default on client versions of Windows
#

---------------  T H R E A D  ---------------

Current thread (0x0000000019588800):  JavaThread "C2 CompilerThread1" daemon [_thread_in_native, id=3668, stack(0x00000000197a0000,0x00000000198a0000)]

Stack: [0x00000000197a0000,0x00000000198a0000]
Native frames: (J=compiled Java code, j=interpreted, Vv=VM code, C=native code)
V  [jvm.dll+0x32b4ca]
V  [jvm.dll+0x2797e3]
V  [jvm.dll+0x27a479]
V  [jvm.dll+0x271765]
V  [jvm.dll+0xcba02]
V  [jvm.dll+0xcbecc]
V  [jvm.dll+0x492a7c]
V  [jvm.dll+0x45f7bf]
V  [jvm.dll+0x46a7cb]
V  [jvm.dll+0x46cde2]
V  [jvm.dll+0x4501a2]
V  [jvm.dll+0xa43a2]
V  [jvm.dll+0xa4cdf]
V  [jvm.dll+0x2418a4]
V  [jvm.dll+0x29846a]
C  [msvcr100.dll+0x21d9f]
C  [msvcr100.dll+0x21e3b]
C  [KERNEL32.DLL+0x17034]
C  [ntdll.dll+0x4cec1]


Current CompileTask:
C2: 945310 26594       4       net.minecraft.world.server.ChunkManager::sendChunkData (346 bytes)


---------------  P R O C E S S  ---------------

Java Threads: ( => current thread )
  0x000000002564a800 JavaThread "Worker-Main-68" daemon [_thread_blocked, id=144, stack(0x0000000027d80000,0x0000000027e80000)]
  0x000000002564e800 JavaThread "Worker-Main-67" daemon [_thread_blocked, id=7468, stack(0x0000000027b20000,0x0000000027c20000)]
  0x000000002564d000 JavaThread "Worker-Main-66" daemon [_thread_blocked, id=12484, stack(0x00000000205c0000,0x00000000206c0000)]
  0x00000000224ba000 JavaThread "Sound engine" daemon [_thread_blocked, id=12888, stack(0x0000000001060000,0x0000000001160000)]
  0x000000002381a800 JavaThread "Netty Server IO #1" daemon [_thread_in_native, id=5816, stack(0x0000000048fa0000,0x00000000490a0000)]
  0x0000000023820800 JavaThread "Netty Local Client IO #0" daemon [_thread_blocked, id=13732, stack(0x0000000048d90000,0x0000000048e90000)]
  0x00000000224c9800 JavaThread "Netty Server IO #0" daemon [_thread_in_native, id=10204, stack(0x0000000048b90000,0x0000000048c90000)]
  0x00000000224c8800 JavaThread "ObjectCleanerThread" daemon [_thread_blocked, id=11208, stack(0x000000002bac0000,0x000000002bbc0000)]
  0x00000000224c7000 JavaThread "Java2D Disposer" daemon [_thread_blocked, id=3948, stack(0x0000000048210000,0x0000000048310000)]
  0x00000000224c4000 JavaThread "Thread-11" daemon [_thread_in_native, id=11368, stack(0x000000002b7c0000,0x000000002b8c0000)]
  0x00000000224bb800 JavaThread "Server thread" [_thread_in_Java, id=6392, stack(0x0000000027f30000,0x0000000028030000)]
  0x00000000224bd800 JavaThread "Snooper Timer" daemon [_thread_blocked, id=13256, stack(0x0000000025e00000,0x0000000025f00000)]
  0x0000000023821800 JavaThread "Narrator" [_thread_blocked, id=16084, stack(0x000000002a490000,0x000000002a590000)]
  0x000000002381e800 JavaThread "Snooper Timer" daemon [_thread_blocked, id=2836, stack(0x0000000027a20000,0x0000000027b20000)]
  0x000000002381c000 JavaThread "Timer hack thread" daemon [_thread_blocked, id=15928, stack(0x0000000026900000,0x0000000026a00000)]
  0x0000000021a78000 JavaThread "pool-3-thread-1" [_thread_blocked, id=16072, stack(0x000000001bab0000,0x000000001bbb0000)]
  0x000000001ae24800 JavaThread "Thread-2" daemon [_thread_in_native, id=11524, stack(0x000000001c0b0000,0x000000001c1b0000)]
  0x000000001aca1000 JavaThread "Thread-1" daemon [_thread_blocked, id=13324, stack(0x000000001bfb0000,0x000000001c0b0000)]
  0x0000000019a14000 JavaThread "Service Thread" daemon [_thread_blocked, id=6488, stack(0x000000001a1a0000,0x000000001a2a0000)]
  0x000000001958c000 JavaThread "C1 CompilerThread2" daemon [_thread_blocked, id=14560, stack(0x00000000198a0000,0x00000000199a0000)]
=>0x0000000019588800 JavaThread "C2 CompilerThread1" daemon [_thread_in_native, id=3668, stack(0x00000000197a0000,0x00000000198a0000)]
  0x0000000019585800 JavaThread "C2 CompilerThread0" daemon [_thread_blocked, id=2152, stack(0x00000000196a0000,0x00000000197a0000)]
  0x000000001953f800 JavaThread "Monitor Ctrl-Break" daemon [_thread_in_native, id=7384, stack(0x00000000195a0000,0x00000000196a0000)]
  0x0000000017c58800 JavaThread "Attach Listener" daemon [_thread_blocked, id=9040, stack(0x00000000190a0000,0x00000000191a0000)]
  0x0000000017c57800 JavaThread "Signal Dispatcher" daemon [_thread_blocked, id=3168, stack(0x0000000018fa0000,0x00000000190a0000)]
  0x0000000002f8b000 JavaThread "Finalizer" daemon [_thread_blocked, id=14012, stack(0x0000000018ea0000,0x0000000018fa0000)]
  0x0000000002f87000 JavaThread "Reference Handler" daemon [_thread_blocked, id=7224, stack(0x0000000018da0000,0x0000000018ea0000)]
  0x0000000002e92800 JavaThread "Render thread" [_thread_in_native, id=3576, stack(0x0000000002d90000,0x0000000002e90000)]

Other Threads:
  0x0000000017c19000 VMThread [stack: 0x0000000018ca0000,0x0000000018da0000] [id=14036]
  0x0000000019a31000 WatcherThread [stack: 0x000000001a2a0000,0x000000001a3a0000] [id=11956]

VM state:not at safepoint (normal execution)

VM Mutex/Monitor currently owned by a thread: None

Heap:
 PSYoungGen      total 471040K, used 243624K [0x00000000d5f00000, 0x00000000f3200000, 0x0000000100000000)
  eden space 465408K, 51% used [0x00000000d5f00000,0x00000000e47ba210,0x00000000f2580000)
  from space 5632K, 94% used [0x00000000f2b80000,0x00000000f30b0150,0x00000000f3100000)
  to   space 6144K, 0% used [0x00000000f2580000,0x00000000f2580000,0x00000000f2b80000)
 ParOldGen       total 596992K, used 426238K [0x0000000081c00000, 0x00000000a6300000, 0x00000000d5f00000)
  object space 596992K, 71% used [0x0000000081c00000,0x000000009bc3f8b8,0x00000000a6300000)
 Metaspace       used 99743K, capacity 113154K, committed 113280K, reserved 1144832K
  class space    used 15089K, capacity 18489K, committed 18560K, reserved 1048576K

Card table byte_map: [0x00000000124e0000,0x00000000128e0000] byte_map_base: 0x00000000120d2000

Marking Bits: (ParMarkBitMap*) 0x0000000050a94040
 Begin Bits: [0x0000000012f90000, 0x0000000014f20000)
 End Bits:   [0x0000000014f20000, 0x0000000016eb0000)

Polling page: 0x0000000001380000

CodeCache: size=245760Kb used=59422Kb max_used=60495Kb free=186337Kb
 bounds [0x0000000003120000, 0x0000000006cd0000, 0x0000000012120000]
 total_blobs=18805 nmethods=17063 adapters=1647
 compilation: enabled

Compilation events (10 events):
Event: 944.774 Thread 0x000000001958c000 nmethod 26590 0x0000000005e948d0 code [0x0000000005e94a20, 0x0000000005e94b70]
Event: 944.774 Thread 0x000000001958c000 26591       3       net.minecraft.entity.player.ServerPlayerEntity::sendChunkUnload (30 bytes)
Event: 944.775 Thread 0x000000001958c000 nmethod 26591 0x000000000621e210 code [0x000000000621e3e0, 0x000000000621ec78]
Event: 944.781 Thread 0x0000000019585800 26592       4       net.minecraft.world.chunk.ChunkTaskPriorityQueueSorter::func_219066_a (27 bytes)
Event: 944.789 Thread 0x000000001958c000 26593       3       java.util.RegularEnumSet::remove (74 bytes)
Event: 944.790 Thread 0x000000001958c000 nmethod 26593 0x00000000050dd750 code [0x00000000050dd8e0, 0x00000000050dde88]
Event: 944.796 Thread 0x0000000019588800 26594       4       net.minecraft.world.server.ChunkManager::sendChunkData (346 bytes)
Event: 944.798 Thread 0x0000000019585800 nmethod 26592 0x00000000053e8e10 code [0x00000000053e8fc0, 0x00000000053e95c8]
Event: 944.812 Thread 0x000000001958c000 26595       3       net.minecraft.client.multiplayer.ClientChunkProvider::unloadChunk (76 bytes)
Event: 944.814 Thread 0x000000001958c000 nmethod 26595 0x000000000688d290 code [0x000000000688d500, 0x000000000688e628]

GC Heap History (10 events):
Event: 914.616 GC heap before
{Heap before GC invocations=289 (full 9):
 PSYoungGen      total 462848K, used 460128K [0x00000000d5f00000, 0x00000000f2c00000, 0x0000000100000000)
  eden space 456704K, 100% used [0x00000000d5f00000,0x00000000f1d00000,0x00000000f1d00000)
  from space 6144K, 55% used [0x00000000f1d00000,0x00000000f20580f0,0x00000000f2300000)
  to   space 6144K, 0% used [0x00000000f2600000,0x00000000f2600000,0x00000000f2c00000)
 ParOldGen       total 596992K, used 425640K [0x0000000081c00000, 0x00000000a6300000, 0x00000000d5f00000)
  object space 596992K, 71% used [0x0000000081c00000,0x000000009bbaa310,0x00000000a6300000)
 Metaspace       used 99696K, capacity 113006K, committed 113280K, reserved 1144832K
  class space    used 15089K, capacity 18489K, committed 18560K, reserved 1048576K
Event: 914.628 GC heap after
Heap after GC invocations=289 (full 9):
 PSYoungGen      total 465920K, used 4763K [0x00000000d5f00000, 0x00000000f2c00000, 0x0000000100000000)
  eden space 459776K, 0% used [0x00000000d5f00000,0x00000000d5f00000,0x00000000f2000000)
  from space 6144K, 77% used [0x00000000f2600000,0x00000000f2aa6c70,0x00000000f2c00000)
  to   space 6144K, 0% used [0x00000000f2000000,0x00000000f2000000,0x00000000f2600000)
 ParOldGen       total 596992K, used 425760K [0x0000000081c00000, 0x00000000a6300000, 0x00000000d5f00000)
  object space 596992K, 71% used [0x0000000081c00000,0x000000009bbc8310,0x00000000a6300000)
 Metaspace       used 99696K, capacity 113006K, committed 113280K, reserved 1144832K
  class space    used 15089K, capacity 18489K, committed 18560K, reserved 1048576K
}
Event: 921.519 GC heap before
{Heap before GC invocations=290 (full 9):
 PSYoungGen      total 465920K, used 464539K [0x00000000d5f00000, 0x00000000f2c00000, 0x0000000100000000)
  eden space 459776K, 100% used [0x00000000d5f00000,0x00000000f2000000,0x00000000f2000000)
  from space 6144K, 77% used [0x00000000f2600000,0x00000000f2aa6c70,0x00000000f2c00000)
  to   space 6144K, 0% used [0x00000000f2000000,0x00000000f2000000,0x00000000f2600000)
 ParOldGen       total 596992K, used 425760K [0x0000000081c00000, 0x00000000a6300000, 0x00000000d5f00000)
  object space 596992K, 71% used [0x0000000081c00000,0x000000009bbc8310,0x00000000a6300000)
 Metaspace       used 99724K, capacity 113070K, committed 113280K, reserved 1144832K
  class space    used 15089K, capacity 18489K, committed 18560K, reserved 1048576K
Event: 921.528 GC heap after
Heap after GC invocations=290 (full 9):
 PSYoungGen      total 465920K, used 4619K [0x00000000d5f00000, 0x00000000f2f00000, 0x0000000100000000)
  eden space 459776K, 0% used [0x00000000d5f00000,0x00000000d5f00000,0x00000000f2000000)
  from space 6144K, 75% used [0x00000000f2000000,0x00000000f2482ca8,0x00000000f2600000)
  to   space 6144K, 0% used [0x00000000f2900000,0x00000000f2900000,0x00000000f2f00000)
 ParOldGen       total 596992K, used 425808K [0x0000000081c00000, 0x00000000a6300000, 0x00000000d5f00000)
  object space 596992K, 71% used [0x0000000081c00000,0x000000009bbd4310,0x00000000a6300000)
 Metaspace       used 99724K, capacity 113070K, committed 113280K, reserved 1144832K
  class space    used 15089K, capacity 18489K, committed 18560K, reserved 1048576K
}
Event: 928.621 GC heap before
{Heap before GC invocations=291 (full 9):
 PSYoungGen      total 465920K, used 464395K [0x00000000d5f00000, 0x00000000f2f00000, 0x0000000100000000)
  eden space 459776K, 100% used [0x00000000d5f00000,0x00000000f2000000,0x00000000f2000000)
  from space 6144K, 75% used [0x00000000f2000000,0x00000000f2482ca8,0x00000000f2600000)
  to   space 6144K, 0% used [0x00000000f2900000,0x00000000f2900000,0x00000000f2f00000)
 ParOldGen       total 596992K, used 425811K [0x0000000081c00000, 0x00000000a6300000, 0x00000000d5f00000)
  object space 596992K, 71% used [0x0000000081c00000,0x000000009bbd4fb8,0x00000000a6300000)
 Metaspace       used 99729K, capacity 113134K, committed 113280K, reserved 1144832K
  class space    used 15089K, capacity 18489K, committed 18560K, reserved 1048576K
Event: 928.631 GC heap after
Heap after GC invocations=291 (full 9):
 PSYoungGen      total 468992K, used 4699K [0x00000000d5f00000, 0x00000000f2f00000, 0x0000000100000000)
  eden space 462848K, 0% used [0x00000000d5f00000,0x00000000d5f00000,0x00000000f2300000)
  from space 6144K, 76% used [0x00000000f2900000,0x00000000f2d96c50,0x00000000f2f00000)
  to   space 6144K, 0% used [0x00000000f2300000,0x00000000f2300000,0x00000000f2900000)
 ParOldGen       total 596992K, used 425875K [0x0000000081c00000, 0x00000000a6300000, 0x00000000d5f00000)
  object space 596992K, 71% used [0x0000000081c00000,0x000000009bbe4fd0,0x00000000a6300000)
 Metaspace       used 99729K, capacity 113134K, committed 113280K, reserved 1144832K
  class space    used 15089K, capacity 18489K, committed 18560K, reserved 1048576K
}
Event: 935.519 GC heap before
{Heap before GC invocations=292 (full 9):
 PSYoungGen      total 468992K, used 467547K [0x00000000d5f00000, 0x00000000f2f00000, 0x0000000100000000)
  eden space 462848K, 100% used [0x00000000d5f00000,0x00000000f2300000,0x00000000f2300000)
  from space 6144K, 76% used [0x00000000f2900000,0x00000000f2d96c50,0x00000000f2f00000)
  to   space 6144K, 0% used [0x00000000f2300000,0x00000000f2300000,0x00000000f2900000)
 ParOldGen       total 596992K, used 426012K [0x0000000081c00000, 0x00000000a6300000, 0x00000000d5f00000)
  object space 596992K, 71% used [0x0000000081c00000,0x000000009bc07150,0x00000000a6300000)
 Metaspace       used 99732K, capacity 113142K, committed 113280K, reserved 1144832K
  class space    used 15089K, capacity 18489K, committed 18560K, reserved 1048576K
Event: 935.528 GC heap after
Heap after GC invocations=292 (full 9):
 PSYoungGen      total 468992K, used 4520K [0x00000000d5f00000, 0x00000000f3100000, 0x0000000100000000)
  eden space 462848K, 0% used [0x00000000d5f00000,0x00000000d5f00000,0x00000000f2300000)
  from space 6144K, 73% used [0x00000000f2300000,0x00000000f276a298,0x00000000f2900000)
  to   space 5632K, 0% used [0x00000000f2b80000,0x00000000f2b80000,0x00000000f3100000)
 ParOldGen       total 596992K, used 426132K [0x0000000081c00000, 0x00000000a6300000, 0x00000000d5f00000)
  object space 596992K, 71% used [0x0000000081c00000,0x000000009bc25168,0x00000000a6300000)
 Metaspace       used 99732K, capacity 113142K, committed 113280K, reserved 1144832K
  class space    used 15089K, capacity 18489K, committed 18560K, reserved 1048576K
}
Event: 942.059 GC heap before
{Heap before GC invocations=293 (full 9):
 PSYoungGen      total 468992K, used 467368K [0x00000000d5f00000, 0x00000000f3100000, 0x0000000100000000)
  eden space 462848K, 100% used [0x00000000d5f00000,0x00000000f2300000,0x00000000f2300000)
  from space 6144K, 73% used [0x00000000f2300000,0x00000000f276a298,0x00000000f2900000)
  to   space 5632K, 0% used [0x00000000f2b80000,0x00000000f2b80000,0x00000000f3100000)
 ParOldGen       total 596992K, used 426134K [0x0000000081c00000, 0x00000000a6300000, 0x00000000d5f00000)
  object space 596992K, 71% used [0x0000000081c00000,0x000000009bc25858,0x00000000a6300000)
 Metaspace       used 99741K, capacity 113150K, committed 113280K, reserved 1144832K
  class space    used 15089K, capacity 18489K, committed 18560K, reserved 1048576K
Event: 942.070 GC heap after
Heap after GC invocations=293 (full 9):
 PSYoungGen      total 471040K, used 5312K [0x00000000d5f00000, 0x00000000f3200000, 0x0000000100000000)
  eden space 465408K, 0% used [0x00000000d5f00000,0x00000000d5f00000,0x00000000f2580000)
  from space 5632K, 94% used [0x00000000f2b80000,0x00000000f30b0150,0x00000000f3100000)
  to   space 6144K, 0% used [0x00000000f2580000,0x00000000f2580000,0x00000000f2b80000)
 ParOldGen       total 596992K, used 426238K [0x0000000081c00000, 0x00000000a6300000, 0x00000000d5f00000)
  object space 596992K, 71% used [0x0000000081c00000,0x000000009bc3f8b8,0x00000000a6300000)
 Metaspace       used 99741K, capacity 113150K, committed 113280K, reserved 1144832K
  class space    used 15089K, capacity 18489K, committed 18560K, reserved 1048576K
}

Deoptimization events (10 events):
Event: 926.177 Thread 0x0000000002e92800 Uncommon trap: reason=unstable_if action=reinterpret pc=0x000000000662cf0c method=net.minecraft.item.PotionItem.hasEffect(Lnet/minecraft/item/ItemStack;)Z @ 17
Event: 926.226 Thread 0x0000000002e92800 Uncommon trap: reason=class_check action=maybe_recompile pc=0x00000000068e8988 method=net.minecraft.client.gui.screen.inventory.ContainerScreen.render(Lcom/mojang/blaze3d/matrix/MatrixStack;IIF)V @ 18
Event: 926.287 Thread 0x0000000002e92800 Uncommon trap: reason=class_check action=maybe_recompile pc=0x00000000068e8988 method=net.minecraft.client.gui.screen.inventory.ContainerScreen.render(Lcom/mojang/blaze3d/matrix/MatrixStack;IIF)V @ 18
Event: 926.368 Thread 0x0000000002e92800 Uncommon trap: reason=class_check action=maybe_recompile pc=0x00000000068e8988 method=net.minecraft.client.gui.screen.inventory.ContainerScreen.render(Lcom/mojang/blaze3d/matrix/MatrixStack;IIF)V @ 18
Event: 928.295 Thread 0x0000000002e92800 Uncommon trap: reason=bimorphic action=maybe_recompile pc=0x00000000069bb64c method=net.minecraft.client.gui.screen.inventory.ContainerScreen.render(Lcom/mojang/blaze3d/matrix/MatrixStack;IIF)V @ 179
Event: 928.379 Thread 0x0000000002e92800 Uncommon trap: reason=bimorphic action=maybe_recompile pc=0x00000000069bb64c method=net.minecraft.client.gui.screen.inventory.ContainerScreen.render(Lcom/mojang/blaze3d/matrix/MatrixStack;IIF)V @ 179
Event: 928.446 Thread 0x0000000002e92800 Uncommon trap: reason=bimorphic action=maybe_recompile pc=0x00000000069bb64c method=net.minecraft.client.gui.screen.inventory.ContainerScreen.render(Lcom/mojang/blaze3d/matrix/MatrixStack;IIF)V @ 179
Event: 928.535 Thread 0x0000000002e92800 Uncommon trap: reason=bimorphic action=maybe_recompile pc=0x00000000069bb64c method=net.minecraft.client.gui.screen.inventory.ContainerScreen.render(Lcom/mojang/blaze3d/matrix/MatrixStack;IIF)V @ 179
Event: 940.259 Thread 0x0000000023820800 Uncommon trap: reason=unstable_if action=reinterpret pc=0x0000000006205890 method=java.util.concurrent.locks.AbstractQueuedSynchronizer.acquireInterruptibly(I)V @ 19
Event: 942.764 Thread 0x00000000224bb800 Uncommon trap: reason=unstable_if action=reinterpret pc=0x0000000006b0fcc8 method=net.minecraft.entity.LivingEntity.updatePotionEffects()V @ 115

Internal exceptions (10 events):
Event: 942.603 Thread 0x000000002564d000 Exception <a 'sun/nio/fs/WindowsException'> (0x00000000d84b3908) thrown at [C:\re\workspace\8-2-build-windows-amd64-cygwin\jdk8u51\3951\hotspot\src\share\vm\prims\jni.cpp, line 709]
Event: 942.603 Thread 0x000000002564d000 Exception <a 'sun/nio/fs/WindowsException'> (0x00000000d84b3e98) thrown at [C:\re\workspace\8-2-build-windows-amd64-cygwin\jdk8u51\3951\hotspot\src\share\vm\prims\jni.cpp, line 709]
Event: 942.603 Thread 0x000000002564d000 Exception <a 'sun/nio/fs/WindowsException'> (0x00000000d84b4860) thrown at [C:\re\workspace\8-2-build-windows-amd64-cygwin\jdk8u51\3951\hotspot\src\share\vm\prims\jni.cpp, line 709]
Event: 942.603 Thread 0x000000002564d000 Exception <a 'sun/nio/fs/WindowsException'> (0x00000000d84b4d30) thrown at [C:\re\workspace\8-2-build-windows-amd64-cygwin\jdk8u51\3951\hotspot\src\share\vm\prims\jni.cpp, line 709]
Event: 942.604 Thread 0x000000002564d000 Exception <a 'sun/nio/fs/WindowsException'> (0x00000000d84c1a38) thrown at [C:\re\workspace\8-2-build-windows-amd64-cygwin\jdk8u51\3951\hotspot\src\share\vm\prims\jni.cpp, line 709]
Event: 942.604 Thread 0x000000002564d000 Exception <a 'sun/nio/fs/WindowsException'> (0x00000000d84c1fd8) thrown at [C:\re\workspace\8-2-build-windows-amd64-cygwin\jdk8u51\3951\hotspot\src\share\vm\prims\jni.cpp, line 709]
Event: 942.605 Thread 0x000000002564d000 Exception <a 'sun/nio/fs/WindowsException'> (0x00000000d84c2d60) thrown at [C:\re\workspace\8-2-build-windows-amd64-cygwin\jdk8u51\3951\hotspot\src\share\vm\prims\jni.cpp, line 709]
Event: 942.605 Thread 0x000000002564d000 Exception <a 'sun/nio/fs/WindowsException'> (0x00000000d84c3310) thrown at [C:\re\workspace\8-2-build-windows-amd64-cygwin\jdk8u51\3951\hotspot\src\share\vm\prims\jni.cpp, line 709]
Event: 942.605 Thread 0x000000002564d000 Exception <a 'sun/nio/fs/WindowsException'> (0x00000000d84c4028) thrown at [C:\re\workspace\8-2-build-windows-amd64-cygwin\jdk8u51\3951\hotspot\src\share\vm\prims\jni.cpp, line 709]
Event: 942.605 Thread 0x000000002564d000 Exception <a 'sun/nio/fs/WindowsException'> (0x00000000d84c4538) thrown at [C:\re\workspace\8-2-build-windows-amd64-cygwin\jdk8u51\3951\hotspot\src\share\vm\prims\jni.cpp, line 709]

Events (10 events):
Event: 942.070 Executing VM operation: ParallelGCFailedAllocation done
Event: 942.311 Executing VM operation: RevokeBias
Event: 942.312 Executing VM operation: RevokeBias done
Event: 942.312 Thread 0x0000000025646000 Thread exited: 0x0000000025646000
Event: 942.764 Thread 0x00000000224bb800 Uncommon trap: trap_request=0xffffff65 fr.pc=0x0000000006b0fcc8
Event: 942.764 Thread 0x00000000224bb800 DEOPT PACKING pc=0x0000000006b0fcc8 sp=0x000000002802e9a0
Event: 942.764 Thread 0x00000000224bb800 DEOPT UNPACKING pc=0x000000000316582a sp=0x000000002802e980 mode 2
Event: 944.779 Thread 0x000000002564a800 Thread added: 0x000000002564a800
Event: 944.796 Thread 0x00000000224bb800 DEOPT PACKING pc=0x0000000005cdc7f0 sp=0x000000002802e570
Event: 944.796 Thread 0x00000000224bb800 DEOPT UNPACKING pc=0x000000000316787f sp=0x000000002802e398 mode 0


Dynamic libraries:
0x00007ff6a1e00000 - 0x00007ff6a1e37000 	C:\Program Files (x86)\Minecraft\runtime\jre-x64\bin\java.exe
0x00007ff802c50000 - 0x00007ff802e46000 	C:\WINDOWS\SYSTEM32\ntdll.dll
0x00007ff801410000 - 0x00007ff8014cd000 	C:\WINDOWS\System32\KERNEL32.DLL
0x00007ff8009c0000 - 0x00007ff800c88000 	C:\WINDOWS\System32\KERNELBASE.dll
0x00007ff800f00000 - 0x00007ff800faa000 	C:\WINDOWS\System32\ADVAPI32.dll
0x00007ff8017b0000 - 0x00007ff80184e000 	C:\WINDOWS\System32\msvcrt.dll
0x00007ff802b30000 - 0x00007ff802bcb000 	C:\WINDOWS\System32\sechost.dll
0x00007ff801850000 - 0x00007ff801974000 	C:\WINDOWS\System32\RPCRT4.dll
0x00007ff802490000 - 0x00007ff802630000 	C:\WINDOWS\System32\USER32.dll
0x00007ff800c90000 - 0x00007ff800cb2000 	C:\WINDOWS\System32\win32u.dll
0x00007ff800ed0000 - 0x00007ff800efa000 	C:\WINDOWS\System32\GDI32.dll
0x00007ff8003a0000 - 0x00007ff8004a9000 	C:\WINDOWS\System32\gdi32full.dll
0x00007ff800920000 - 0x00007ff8009bd000 	C:\WINDOWS\System32\msvcp_win.dll
0x00007ff800610000 - 0x00007ff800710000 	C:\WINDOWS\System32\ucrtbase.dll
0x00007fffe6100000 - 0x00007fffe639b000 	C:\WINDOWS\WinSxS\amd64_microsoft.windows.common-controls_6595b64144ccf1df_6.0.19041.488_none_ca04af081b815d21\COMCTL32.dll
0x00007ff802bd0000 - 0x00007ff802c00000 	C:\WINDOWS\System32\IMM32.DLL
0x0000000050b20000 - 0x0000000050bf2000 	C:\Program Files (x86)\Minecraft\runtime\jre-x64\bin\msvcr100.dll
0x0000000050290000 - 0x0000000050b13000 	C:\Program Files (x86)\Minecraft\runtime\jre-x64\bin\server\jvm.dll
0x00007ff801060000 - 0x00007ff801068000 	C:\WINDOWS\System32\PSAPI.DLL
0x00007ffff91a0000 - 0x00007ffff91c7000 	C:\WINDOWS\SYSTEM32\WINMM.dll
0x00007fffdbdf0000 - 0x00007fffdbdf9000 	C:\WINDOWS\SYSTEM32\WSOCK32.dll
0x00007ff8013a0000 - 0x00007ff80140b000 	C:\WINDOWS\System32\WS2_32.dll
0x00007ffff8ec0000 - 0x00007ffff8eca000 	C:\WINDOWS\SYSTEM32\VERSION.dll
0x0000000050280000 - 0x000000005028f000 	C:\Program Files (x86)\Minecraft\runtime\jre-x64\bin\verify.dll
0x0000000050250000 - 0x0000000050279000 	C:\Program Files (x86)\Minecraft\runtime\jre-x64\bin\java.dll
0x0000000050220000 - 0x0000000050243000 	C:\Program Files (x86)\Minecraft\runtime\jre-x64\bin\instrument.dll
0x0000000050200000 - 0x0000000050216000 	C:\Program Files (x86)\Minecraft\runtime\jre-x64\bin\zip.dll
0x00007ff801d50000 - 0x00007ff802490000 	C:\WINDOWS\System32\SHELL32.dll
0x00007ffffe2b0000 - 0x00007ffffea44000 	C:\WINDOWS\SYSTEM32\windows.storage.dll
0x00007ff801990000 - 0x00007ff801ce5000 	C:\WINDOWS\System32\combase.dll
0x00007fffffc60000 - 0x00007fffffc8c000 	C:\WINDOWS\SYSTEM32\Wldp.dll
0x00007ff801700000 - 0x00007ff8017ae000 	C:\WINDOWS\System32\SHCORE.dll
0x00007ff801cf0000 - 0x00007ff801d45000 	C:\WINDOWS\System32\shlwapi.dll
0x00007ff8002d0000 - 0x00007ff8002f6000 	C:\WINDOWS\SYSTEM32\profapi.dll
0x00007ffffd980000 - 0x00007ffffd99a000 	C:\Users\ervin_1nmnhvl\AppData\Local\JetBrains\Toolbox\apps\IDEA-U\ch-0\202.6397.94\bin\breakgen64.dll
0x00000000501e0000 - 0x00000000501fa000 	C:\Program Files (x86)\Minecraft\runtime\jre-x64\bin\net.dll
0x00007fffffa50000 - 0x00007fffffaba000 	C:\WINDOWS\system32\mswsock.dll
0x00000000501d0000 - 0x00000000501dd000 	C:\Program Files (x86)\Minecraft\runtime\jre-x64\bin\management.dll
0x00007fffcf420000 - 0x00007fffcf437000 	C:\WINDOWS\system32\napinsp.dll
0x00007fffcf440000 - 0x00007fffcf45b000 	C:\WINDOWS\system32\pnrpnsp.dll
0x00007ffffb070000 - 0x00007ffffb085000 	C:\WINDOWS\system32\wshbth.dll
0x00007ffffbc40000 - 0x00007ffffbc5d000 	C:\WINDOWS\system32\NLAapi.dll
0x00007fffff760000 - 0x00007fffff79b000 	C:\WINDOWS\SYSTEM32\IPHLPAPI.DLL
0x00007fffff7a0000 - 0x00007fffff86b000 	C:\WINDOWS\SYSTEM32\DNSAPI.dll
0x00007ff802c00000 - 0x00007ff802c09000 	C:\WINDOWS\System32\NSI.dll
0x00007fffdd380000 - 0x00007fffdd392000 	C:\WINDOWS\System32\winrnr.dll
0x00007ffff0430000 - 0x00007ffff043a000 	C:\Windows\System32\rasadhlp.dll
0x00007ffff5020000 - 0x00007ffff509f000 	C:\WINDOWS\System32\fwpuclnt.dll
0x00007ff800870000 - 0x00007ff800897000 	C:\WINDOWS\System32\bcrypt.dll
0x00000000501b0000 - 0x00000000501c1000 	C:\Program Files (x86)\Minecraft\runtime\jre-x64\bin\nio.dll
0x0000000050180000 - 0x00000000501a4000 	C:\Program Files (x86)\Minecraft\runtime\jre-x64\bin\sunec.dll
0x00007ff800000000 - 0x00007ff800018000 	C:\WINDOWS\SYSTEM32\CRYPTSP.dll
0x00007fffff300000 - 0x00007fffff334000 	C:\WINDOWS\system32\rsaenh.dll
0x00007ff800290000 - 0x00007ff8002be000 	C:\WINDOWS\SYSTEM32\USERENV.dll
0x00007ff8008a0000 - 0x00007ff80091f000 	C:\WINDOWS\System32\bcryptprimitives.dll
0x00007fffffbd0000 - 0x00007fffffbdc000 	C:\WINDOWS\SYSTEM32\CRYPTBASE.dll
0x00007ffff52d0000 - 0x00007ffff52e7000 	C:\WINDOWS\SYSTEM32\dhcpcsvc6.DLL
0x00007ffff4d70000 - 0x00007ffff4d8d000 	C:\WINDOWS\SYSTEM32\dhcpcsvc.DLL
0x00007fffe7f20000 - 0x00007fffe7f92000 	C:\Users\ervin_1nmnhvl\AppData\Local\Temp\lwjglervin_1nmnhvl\3.2.2-build-10\lwjgl.dll
0x00007fffc8d80000 - 0x00007fffc8fd1000 	C:\Users\ERVIN_~1\AppData\Local\Temp\lwjglervin_1nmnhvl\3.2.2-build-10\jemalloc.dll
0x00007fffe6420000 - 0x00007fffe647e000 	C:\Users\ERVIN_~1\AppData\Local\Temp\lwjglervin_1nmnhvl\3.2.2-build-10\glfw.dll
0x00007ffffdc10000 - 0x00007ffffdcaf000 	C:\WINDOWS\system32\uxtheme.dll
0x00007fffe3570000 - 0x00007fffe35b5000 	C:\WINDOWS\SYSTEM32\dinput8.dll
0x00007ffffbdf0000 - 0x00007ffffbe01000 	C:\WINDOWS\SYSTEM32\xinput1_4.dll
0x00007ff8005c0000 - 0x00007ff80060e000 	C:\WINDOWS\System32\cfgmgr32.dll
0x00007ff8000e0000 - 0x00007ff80010c000 	C:\WINDOWS\SYSTEM32\DEVOBJ.dll
0x00007ffffdde0000 - 0x00007ffffde0f000 	C:\WINDOWS\SYSTEM32\dwmapi.dll
0x00007ffff0080000 - 0x00007ffff01d2000 	C:\WINDOWS\SYSTEM32\inputhost.dll
0x00007ff800e00000 - 0x00007ff800ecd000 	C:\WINDOWS\System32\OLEAUT32.dll
0x00007ffffd730000 - 0x00007ffffd822000 	C:\WINDOWS\SYSTEM32\CoreMessaging.dll
0x00007ffffb8b0000 - 0x00007ffffb9a7000 	C:\WINDOWS\SYSTEM32\PROPSYS.dll
0x00007ffffcd00000 - 0x00007ffffce56000 	C:\WINDOWS\SYSTEM32\wintypes.dll
0x00007ffffd3d0000 - 0x00007ffffd72e000 	C:\WINDOWS\SYSTEM32\CoreUIComponents.dll
0x00007ffffef90000 - 0x00007ffffefc3000 	C:\WINDOWS\SYSTEM32\ntmarta.dll
0x00007ffffeb30000 - 0x00007ffffeb42000 	C:\WINDOWS\SYSTEM32\kernel.appcore.dll
0x00007ff801070000 - 0x00007ff801185000 	C:\WINDOWS\System32\MSCTF.dll
0x00007ffffea50000 - 0x00007ffffea5d000 	C:\WINDOWS\SYSTEM32\HID.DLL
0x00007ff8026c0000 - 0x00007ff802b27000 	C:\WINDOWS\System32\SETUPAPI.DLL
0x00007ff800560000 - 0x00007ff8005c0000 	C:\WINDOWS\System32\WINTRUST.dll
0x00007ff800710000 - 0x00007ff80086d000 	C:\WINDOWS\System32\CRYPT32.dll
0x00007ff800050000 - 0x00007ff800062000 	C:\WINDOWS\SYSTEM32\MSASN1.dll
0x00007fffdaca0000 - 0x00007fffdadc5000 	C:\WINDOWS\SYSTEM32\opengl32.dll
0x00007fffe7fc0000 - 0x00007fffe7fec000 	C:\WINDOWS\SYSTEM32\GLU32.dll
0x00007ff800fb0000 - 0x00007ff801059000 	C:\WINDOWS\System32\clbcatq.dll
0x00007fffb6370000 - 0x00007fffb6ff4000 	C:\WINDOWS\SYSTEM32\ig4icd64.dll
0x00007ffffeba0000 - 0x00007ffffec93000 	C:\WINDOWS\SYSTEM32\dxgi.dll
0x00007ffffbf40000 - 0x00007ffffc1a4000 	C:\WINDOWS\SYSTEM32\d3d11.dll
0x00007ffff5810000 - 0x00007ffff6460000 	C:\WINDOWS\SYSTEM32\igd10umd64.dll
0x00007ffff6860000 - 0x00007ffff689b000 	C:\WINDOWS\SYSTEM32\dxcore.dll
0x00007fffdcda0000 - 0x00007fffdce1f000 	C:\Users\ervin_1nmnhvl\AppData\Local\Temp\lwjglervin_1nmnhvl\3.2.2-build-10\lwjgl_stb.dll
0x00007ffffa700000 - 0x00007ffffa7ae000 	C:\WINDOWS\SYSTEM32\mscms.dll
0x00007ffffa600000 - 0x00007ffffa611000 	C:\WINDOWS\SYSTEM32\ColorAdapterClient.dll
0x00007fffde040000 - 0x00007fffde083000 	C:\WINDOWS\SYSTEM32\icm32.dll
0x00007ffff01e0000 - 0x00007ffff02dc000 	C:\WINDOWS\SYSTEM32\textinputframework.dll
0x00007fffdd690000 - 0x00007fffdd6e8000 	C:\Users\ervin_1nmnhvl\AppData\Local\Temp\lwjglervin_1nmnhvl\3.2.2-build-10\lwjgl_opengl.dll
0x00007fffdcd50000 - 0x00007fffdcd92000 	C:\Users\ervin_1nmnhvl\AppData\Local\Temp\jna-2118671535\jna7780248208929939560.dll
0x00007ffffaea0000 - 0x00007ffffaeba000 	C:\save\modding\ervin_mod_1\build\natives\SAPIWrapper_x64.dll
0x00007ff801210000 - 0x00007ff80133a000 	C:\WINDOWS\System32\ole32.dll
0x00007fffd9000000 - 0x00007fffd9184000 	C:\WINDOWS\System32\Speech\Common\sapi.dll
0x00007fffcf6c0000 - 0x00007fffcf6de000 	C:\WINDOWS\SYSTEM32\MSACM32.dll
0x00007fffddc00000 - 0x00007fffddc0b000 	C:\WINDOWS\SYSTEM32\msdmo.dll
0x00007fffcc940000 - 0x00007fffcc966000 	C:\WINDOWS\SYSTEM32\winmmbase.dll
0x00007ffff16e0000 - 0x00007ffff1765000 	C:\WINDOWS\System32\MMDevApi.dll
0x00007fffd4730000 - 0x00007fffd4844000 	C:\Users\ERVIN_~1\AppData\Local\Temp\lwjglervin_1nmnhvl\3.2.2-build-10\OpenAL.dll
0x00007fffeb120000 - 0x00007fffeb2a1000 	C:\WINDOWS\SYSTEM32\AUDIOSES.DLL
0x00007ff800150000 - 0x00007ff80019b000 	C:\WINDOWS\SYSTEM32\powrprof.dll
0x00007ff800130000 - 0x00007ff800142000 	C:\WINDOWS\SYSTEM32\UMPDC.dll
0x00007ffffdcf0000 - 0x00007ffffdd04000 	C:\WINDOWS\SYSTEM32\resourcepolicyclient.dll
0x0000000077e60000 - 0x0000000077ff8000 	C:\Program Files (x86)\Minecraft\runtime\jre-x64\bin\awt.dll
0x00007ffffda50000 - 0x00007ffffdae0000 	C:\WINDOWS\SYSTEM32\apphelp.dll
0x00007ffff7de0000 - 0x00007ffff7fc4000 	C:\WINDOWS\SYSTEM32\dbghelp.dll

VM Arguments:
jvm_args: -Dforge.logging.console.level=debug -Dforge.logging.markers=SCAN,REGISTRIES,REGISTRYDUMP -XX:HeapDumpPath=MojangTricksIntelDriversForPerformance_javaw.exe_minecraft.exe.heapdump -Dos.name=Windows 10 -Dos.version=10.0 -javaagent:C:\Users\ervin_1nmnhvl\AppData\Local\JetBrains\Toolbox\apps\IDEA-U\ch-0\202.6397.94\lib\idea_rt.jar=56693:C:\Users\ervin_1nmnhvl\AppData\Local\JetBrains\Toolbox\apps\IDEA-U\ch-0\202.6397.94\bin -Dfile.encoding=UTF-8 
java_command: net.minecraftforge.userdev.LaunchTesting
java_class_path (initial): C:\Program Files (x86)\Minecraft\runtime\jre-x64\lib\charsets.jar;C:\Program Files (x86)\Minecraft\runtime\jre-x64\lib\deploy.jar;C:\Program Files (x86)\Minecraft\runtime\jre-x64\lib\ext\access-bridge-64.jar;C:\Program Files (x86)\Minecraft\runtime\jre-x64\lib\ext\cldrdata.jar;C:\Program Files (x86)\Minecraft\runtime\jre-x64\lib\ext\dnsns.jar;C:\Program Files (x86)\Minecraft\runtime\jre-x64\lib\ext\jaccess.jar;C:\Program Files (x86)\Minecraft\runtime\jre-x64\lib\ext\jfxrt.jar;C:\Program Files (x86)\Minecraft\runtime\jre-x64\lib\ext\localedata.jar;C:\Program Files (x86)\Minecraft\runtime\jre-x64\lib\ext\nashorn.jar;C:\Program Files (x86)\Minecraft\runtime\jre-x64\lib\ext\sunec.jar;C:\Program Files (x86)\Minecraft\runtime\jre-x64\lib\ext\sunjce_provider.jar;C:\Program Files (x86)\Minecraft\runtime\jre-x64\lib\ext\sunmscapi.jar;C:\Program Files (x86)\Minecraft\runtime\jre-x64\lib\ext\sunpkcs11.jar;C:\Program Files (x86)\Minecraft\runtime\jre-x64\lib\ext\zipfs.jar;C:\Program Files (x86)\Minecraft\runtime\jre-x64\lib\javaws.jar;C:\Program Files (x86)\Minecraft\runtime\jre-x64\lib\jce.jar;C:\Program Files (x86)\Minecraft\runtime\jre-x64\lib\jfr.jar;C:\Program Files (x86)\Minecraft\runtime\jre-x64\lib\jfxswt.jar;C:\Program Files (x86)\Minecraft\runtime\jre-x64\lib\jsse.jar;C:\Program Files (x86)\Minecraft\runtime\jre-x64\lib\management-agent.jar;C:\Program Files (x86)\Minecraft\runtime\jre-x64\lib\plugin.jar;C:\Program Files (x86)\Minecraft\runtime\jre-x64\lib\resources.jar;C:\Program Files (x86)\Minecraft\runtime\jre-x64\lib\rt.jar;C:\save\modding\ervin_mod_1\build\classes\java\main;C:\save\modding\ervin_mod_1\build\resources\main;C:\Users\ervin_1nmnhvl\.gradle\caches\forge_gradle\minecraft_user_repo\net\minecraftforge\forge\1.16.1-32.0.75_mapped_snapshot_20200723-1.16.1\forge-1.16.1-32.0.75_mapped_snapshot_20200723-1.16.1-recomp.jar;C:\Users\ervin_1nmnhvl\.gradle\caches\forge_gradle\minecraft_user_repo\net\minecraftforge\forge\1.16.1-32.0.75_
Launcher Type: SUN_STANDARD

Environment Variables:
JAVA_HOME=C:\Program Files\Java\jdk-11.0.4
PATH=C:\Program Files\Docker\Docker\Resources\bin;C:\ProgramData\Oracle\Java\javapath;C:\WINDOWS\system32;C:\WINDOWS;C:\WINDOWS\System32\Wbem;C:\WINDOWS\System32\WindowsPowerShell\v1.0\;C:\Program Files (x86)\cloudControl;C:\Program Files\Git\cmd;C:\bin;C:\Program Files (x86)\Windows Kits\8.1\Windows Performance Toolkit\;C:\Program Files (x86)\PuTTY\;C:\Program Files (x86)\Nodist\bin;G:\save\sdk\android\tools;G:\save\sdk\android\platform-tools;C:\boxfuse;C:\Program Files (x86)\Skype\Phone\;C:\Program Files (x86)\GtkSharp\2.12\bin;C:\Program Files (x86)\IVI Foundation\VISA\WinNT\Bin;C:\WINDOWS\system32;C:\WINDOWS;C:\WINDOWS\System32\Wbem;C:\WINDOWS\System32\WindowsPowerShell\v1.0\;;C:\WINDOWS\System32\OpenSSH\;C:\Users\ervin_1nmnhvl\AppData\Local\Microsoft\WindowsApps;
USERNAME=ervin_1nmnhvl
OS=Windows_NT
PROCESSOR_IDENTIFIER=Intel64 Family 6 Model 42 Stepping 7, GenuineIntel



---------------  S Y S T E M  ---------------

OS: Windows 10.0 , 64 bit Build 19041 (10.0.19041.546)

CPU:total 4 (2 cores per cpu, 2 threads per core) family 6 model 42 stepping 7, cmov, cx8, fxsr, mmx, sse, sse2, sse3, ssse3, sse4.1, sse4.2, popcnt, avx, aes, clmul, ht, tsc, tscinvbit

Memory: 4k page, physical 8266764k(618264k free), swap 10363916k(5224k free)

vm_info: Java HotSpot(TM) 64-Bit Server VM (25.51-b03) for windows-amd64 JRE (1.8.0_51-b16), built on Jun  8 2015 18:03:07 by "java_re" with MS VC++ 10.0 (VS2010)

time: Thu Oct 15 15:39:04 2020
elapsed time: 945 seconds (0d 0h 15m 45s)

