#
# There is insufficient memory for the Java Runtime Environment to continue.
# Native memory allocation (malloc) failed to allocate 1603936 bytes for Chunk::new
# Possible reasons:
#   The system is out of physical RAM or swap space
#   In 32 bit mode, the process size limit was hit
# Possible solutions:
#   Reduce memory load on the system
#   Increase physical memory or swap space
#   Check if swap backing store is full
#   Use 64 bit Java on a 64 bit OS
#   Decrease Java heap size (-Xmx/-Xms)
#   Decrease number of Java threads
#   Decrease Java thread stack sizes (-Xss)
#   Set larger code cache with -XX:ReservedCodeCacheSize=
# This output file may be truncated or incomplete.
#
#  Out of Memory Error (allocation.cpp:390), pid=1400, tid=22188
#
# JRE version: Java(TM) SE Runtime Environment (8.0_51-b16) (build 1.8.0_51-b16)
# Java VM: Java HotSpot(TM) 64-Bit Server VM (25.51-b03 mixed mode windows-amd64 compressed oops)
# Failed to write core dump. Minidumps are not enabled by default on client versions of Windows
#

---------------  T H R E A D  ---------------

Current thread (0x0000000019807000):  JavaThread "C2 CompilerThread0" daemon [_thread_in_native, id=22188, stack(0x0000000019920000,0x0000000019a20000)]

Stack: [0x0000000019920000,0x0000000019a20000]
Native frames: (J=compiled Java code, j=interpreted, Vv=VM code, C=native code)
V  [jvm.dll+0x32b4ca]
V  [jvm.dll+0x2797e3]
V  [jvm.dll+0x27a479]
V  [jvm.dll+0x271765]
V  [jvm.dll+0xcba02]
V  [jvm.dll+0xcbecc]
V  [jvm.dll+0x476f72]
V  [jvm.dll+0x4b95ff]
V  [jvm.dll+0x46bb38]
V  [jvm.dll+0x46cd4e]
V  [jvm.dll+0x4501a2]
V  [jvm.dll+0xa43a2]
V  [jvm.dll+0xa4cdf]
V  [jvm.dll+0x2418a4]
V  [jvm.dll+0x29846a]
C  [msvcr100.dll+0x21d9f]
C  [msvcr100.dll+0x21e3b]
C  [KERNEL32.DLL+0x16fd4]
C  [ntdll.dll+0x4cec1]


Current CompileTask:
C2: 132168 12917       4       net.minecraft.client.gui.FontRenderer$CharacterRenderer::onChar (451 bytes)


---------------  P R O C E S S  ---------------

Java Threads: ( => current thread )
  0x00000000239d0800 JavaThread "Keep-Alive-Timer" daemon [_thread_blocked, id=22860, stack(0x00000000301d0000,0x00000000302d0000)]
  0x00000000239d0000 JavaThread "modloading-worker-1" daemon [_thread_blocked, id=14444, stack(0x0000000044aa0000,0x0000000044ba0000)]
  0x00000000239d1800 JavaThread "modloading-worker-0" daemon [_thread_blocked, id=24292, stack(0x00000000449a0000,0x0000000044aa0000)]
  0x00000000239cf000 JavaThread "Worker-Main-6" daemon [_thread_blocked, id=17316, stack(0x000000002a7f0000,0x000000002a8f0000)]
  0x00000000239d3800 JavaThread "Worker-Main-5" daemon [_thread_blocked, id=2552, stack(0x000000002a6f0000,0x000000002a7f0000)]
  0x00000000239d2000 JavaThread "Narrator" [_thread_blocked, id=21120, stack(0x0000000029cc0000,0x0000000029dc0000)]
  0x00000000239d6000 JavaThread "Sound engine" daemon [_thread_blocked, id=2964, stack(0x00000000229a0000,0x0000000022aa0000)]
  0x0000000023e49000 JavaThread "Snooper Timer" daemon [_thread_blocked, id=24960, stack(0x0000000027da0000,0x0000000027ea0000)]
  0x0000000023e44800 JavaThread "Timer hack thread" daemon [_thread_blocked, id=6392, stack(0x0000000026c80000,0x0000000026d80000)]
  0x000000001c980800 JavaThread "Worker-Bootstrap-1" daemon [_thread_blocked, id=3968, stack(0x0000000021810000,0x0000000021910000)]
  0x000000001b0f6000 JavaThread "pool-3-thread-1" [_thread_blocked, id=11676, stack(0x000000001bd30000,0x000000001be30000)]
  0x000000001af28800 JavaThread "Thread-2" daemon [_thread_in_native, id=22368, stack(0x000000001c330000,0x000000001c430000)]
  0x000000001af27800 JavaThread "Thread-1" daemon [_thread_blocked, id=7152, stack(0x000000001c230000,0x000000001c330000)]
  0x0000000019c99000 JavaThread "Service Thread" daemon [_thread_blocked, id=13236, stack(0x000000001a420000,0x000000001a520000)]
  0x0000000019814000 JavaThread "C1 CompilerThread2" daemon [_thread_blocked, id=11768, stack(0x0000000019b20000,0x0000000019c20000)]
  0x000000001980a800 JavaThread "C2 CompilerThread1" daemon [_thread_in_native, id=16344, stack(0x0000000019a20000,0x0000000019b20000)]
=>0x0000000019807000 JavaThread "C2 CompilerThread0" daemon [_thread_in_native, id=22188, stack(0x0000000019920000,0x0000000019a20000)]
  0x00000000197f8800 JavaThread "Monitor Ctrl-Break" daemon [_thread_in_native, id=2508, stack(0x0000000019820000,0x0000000019920000)]
  0x0000000017ed2800 JavaThread "Attach Listener" daemon [_thread_blocked, id=11672, stack(0x0000000019320000,0x0000000019420000)]
  0x0000000017ed1000 JavaThread "Signal Dispatcher" daemon [_thread_blocked, id=24420, stack(0x0000000019220000,0x0000000019320000)]
  0x000000000322b000 JavaThread "Finalizer" daemon [_thread_blocked, id=12240, stack(0x0000000019120000,0x0000000019220000)]
  0x0000000003227000 JavaThread "Reference Handler" daemon [_thread_blocked, id=5748, stack(0x0000000019020000,0x0000000019120000)]
  0x0000000003132800 JavaThread "Render thread" [_thread_in_Java, id=12576, stack(0x0000000003030000,0x0000000003130000)]

Other Threads:
  0x0000000017e89000 VMThread [stack: 0x0000000018f20000,0x0000000019020000] [id=15348]
  0x0000000019cbe000 WatcherThread [stack: 0x000000001a520000,0x000000001a620000] [id=24632]

VM state:not at safepoint (normal execution)

VM Mutex/Monitor currently owned by a thread: None

Heap:
 PSYoungGen      total 601088K, used 553490K [0x00000000d5f00000, 0x0000000100000000, 0x0000000100000000)
  eden space 570368K, 97% used [0x00000000d5f00000,0x00000000f7b84b00,0x00000000f8c00000)
  from space 30720K, 0% used [0x00000000fe100000,0x00000000fe100000,0x00000000fff00000)
  to   space 59392K, 0% used [0x00000000f8c00000,0x00000000f8c00000,0x00000000fc600000)
 ParOldGen       total 388608K, used 348536K [0x0000000081c00000, 0x0000000099780000, 0x00000000d5f00000)
  object space 388608K, 89% used [0x0000000081c00000,0x000000009705e290,0x0000000099780000)
 Metaspace       used 78396K, capacity 86762K, committed 87040K, reserved 1122304K
  class space    used 12139K, capacity 14556K, committed 14592K, reserved 1048576K

Card table byte_map: [0x0000000012750000,0x0000000012b50000] byte_map_base: 0x0000000012342000

Marking Bits: (ParMarkBitMap*) 0x0000000070b74040
 Begin Bits: [0x0000000013200000, 0x0000000015190000)
 End Bits:   [0x0000000015190000, 0x0000000017120000)

Polling page: 0x0000000001660000

CodeCache: size=245760Kb used=30043Kb max_used=30196Kb free=215716Kb
 bounds [0x0000000003390000, 0x0000000005150000, 0x0000000012390000]
 total_blobs=10967 nmethods=9472 adapters=1406
 compilation: enabled

Compilation events (10 events):
Event: 132.010 Thread 0x0000000019814000 12975       1       net.minecraft.client.resources.ClientLanguageMap::func_230505_b_ (5 bytes)
Event: 132.010 Thread 0x0000000019814000 nmethod 12975 0x0000000004c97350 code [0x0000000004c974a0, 0x0000000004c975b0]
Event: 132.057 Thread 0x0000000019814000 12977       1       net.minecraft.util.math.vector.Matrix4f::bufferIndex (6 bytes)
Event: 132.058 Thread 0x0000000019814000 nmethod 12977 0x0000000005124c50 code [0x0000000005124da0, 0x0000000005124e90]
Event: 132.058 Thread 0x0000000019814000 12978       3       net.minecraft.util.text.ITextProperties$2::func_230439_a_ (12 bytes)
Event: 132.059 Thread 0x0000000019814000 nmethod 12978 0x00000000048c9690 code [0x00000000048c9820, 0x00000000048c9be8]
Event: 132.060 Thread 0x0000000019814000 12979       1       net.minecraft.client.gui.widget.Widget::getMessage (5 bytes)
Event: 132.061 Thread 0x0000000019814000 nmethod 12979 0x00000000049db490 code [0x00000000049db5e0, 0x00000000049db6f0]
Event: 132.074 Thread 0x0000000019814000 12980       1       net.minecraft.resources.ResourcePackList::getEnabledPacks (5 bytes)
Event: 132.074 Thread 0x0000000019814000 nmethod 12980 0x00000000049db110 code [0x00000000049db260, 0x00000000049db370]

GC Heap History (10 events):
Event: 117.698 GC heap before
{Heap before GC invocations=149 (full 6):
 PSYoungGen      total 657920K, used 633617K [0x00000000d5f00000, 0x0000000100000000, 0x0000000100000000)
  eden space 627712K, 100% used [0x00000000d5f00000,0x00000000fc400000,0x00000000fc400000)
  from space 30208K, 19% used [0x00000000fe200000,0x00000000fe7c4688,0x00000000fff80000)
  to   space 30720K, 0% used [0x00000000fc400000,0x00000000fc400000,0x00000000fe200000)
 ParOldGen       total 330752K, used 323560K [0x0000000081c00000, 0x0000000095f00000, 0x00000000d5f00000)
  object space 330752K, 97% used [0x0000000081c00000,0x00000000957fa240,0x0000000095f00000)
 Metaspace       used 76182K, capacity 84134K, committed 84352K, reserved 1120256K
  class space    used 11818K, capacity 14180K, committed 14208K, reserved 1048576K
Event: 117.712 GC heap after
Heap after GC invocations=149 (full 6):
 PSYoungGen      total 633344K, used 5216K [0x00000000d5f00000, 0x0000000100000000, 0x0000000100000000)
  eden space 627712K, 0% used [0x00000000d5f00000,0x00000000d5f00000,0x00000000fc400000)
  from space 5632K, 92% used [0x00000000fc400000,0x00000000fc918050,0x00000000fc980000)
  to   space 31232K, 0% used [0x00000000fe180000,0x00000000fe180000,0x0000000100000000)
 ParOldGen       total 330752K, used 323824K [0x0000000081c00000, 0x0000000095f00000, 0x00000000d5f00000)
  object space 330752K, 97% used [0x0000000081c00000,0x000000009583c240,0x0000000095f00000)
 Metaspace       used 76182K, capacity 84134K, committed 84352K, reserved 1120256K
  class space    used 11818K, capacity 14180K, committed 14208K, reserved 1048576K
}
Event: 118.991 GC heap before
{Heap before GC invocations=150 (full 6):
 PSYoungGen      total 633344K, used 632928K [0x00000000d5f00000, 0x0000000100000000, 0x0000000100000000)
  eden space 627712K, 100% used [0x00000000d5f00000,0x00000000fc400000,0x00000000fc400000)
  from space 5632K, 92% used [0x00000000fc400000,0x00000000fc918050,0x00000000fc980000)
  to   space 31232K, 0% used [0x00000000fe180000,0x00000000fe180000,0x0000000100000000)
 ParOldGen       total 330752K, used 323824K [0x0000000081c00000, 0x0000000095f00000, 0x00000000d5f00000)
  object space 330752K, 97% used [0x0000000081c00000,0x000000009583c240,0x0000000095f00000)
 Metaspace       used 76182K, capacity 84134K, committed 84352K, reserved 1120256K
  class space    used 11818K, capacity 14180K, committed 14208K, reserved 1048576K
Event: 119.008 GC heap after
Heap after GC invocations=150 (full 6):
 PSYoungGen      total 657920K, used 5504K [0x00000000d5f00000, 0x0000000100000000, 0x0000000100000000)
  eden space 626688K, 0% used [0x00000000d5f00000,0x00000000d5f00000,0x00000000fc300000)
  from space 31232K, 17% used [0x00000000fe180000,0x00000000fe6e0030,0x0000000100000000)
  to   space 31232K, 0% used [0x00000000fc300000,0x00000000fc300000,0x00000000fe180000)
 ParOldGen       total 330752K, used 324096K [0x0000000081c00000, 0x0000000095f00000, 0x00000000d5f00000)
  object space 330752K, 97% used [0x0000000081c00000,0x0000000095880240,0x0000000095f00000)
 Metaspace       used 76182K, capacity 84134K, committed 84352K, reserved 1120256K
  class space    used 11818K, capacity 14180K, committed 14208K, reserved 1048576K
}
Event: 120.322 GC heap before
{Heap before GC invocations=151 (full 6):
 PSYoungGen      total 657920K, used 632192K [0x00000000d5f00000, 0x0000000100000000, 0x0000000100000000)
  eden space 626688K, 100% used [0x00000000d5f00000,0x00000000fc300000,0x00000000fc300000)
  from space 31232K, 17% used [0x00000000fe180000,0x00000000fe6e0030,0x0000000100000000)
  to   space 31232K, 0% used [0x00000000fc300000,0x00000000fc300000,0x00000000fe180000)
 ParOldGen       total 330752K, used 324261K [0x0000000081c00000, 0x0000000095f00000, 0x00000000d5f00000)
  object space 330752K, 98% used [0x0000000081c00000,0x00000000958a9710,0x0000000095f00000)
 Metaspace       used 76182K, capacity 84134K, committed 84352K, reserved 1120256K
  class space    used 11818K, capacity 14180K, committed 14208K, reserved 1048576K
Event: 120.426 GC heap after
Heap after GC invocations=151 (full 6):
 PSYoungGen      total 632832K, used 5728K [0x00000000d5f00000, 0x00000000fff00000, 0x0000000100000000)
  eden space 626688K, 0% used [0x00000000d5f00000,0x00000000d5f00000,0x00000000fc300000)
  from space 6144K, 93% used [0x00000000fc300000,0x00000000fc898050,0x00000000fc900000)
  to   space 30720K, 0% used [0x00000000fe100000,0x00000000fe100000,0x00000000fff00000)
 ParOldGen       total 330752K, used 324661K [0x0000000081c00000, 0x0000000095f00000, 0x00000000d5f00000)
  object space 330752K, 98% used [0x0000000081c00000,0x000000009590d710,0x0000000095f00000)
 Metaspace       used 76182K, capacity 84134K, committed 84352K, reserved 1120256K
  class space    used 11818K, capacity 14180K, committed 14208K, reserved 1048576K
}
Event: 124.948 GC heap before
{Heap before GC invocations=152 (full 6):
 PSYoungGen      total 632832K, used 632416K [0x00000000d5f00000, 0x00000000fff00000, 0x0000000100000000)
  eden space 626688K, 100% used [0x00000000d5f00000,0x00000000fc300000,0x00000000fc300000)
  from space 6144K, 93% used [0x00000000fc300000,0x00000000fc898050,0x00000000fc900000)
  to   space 30720K, 0% used [0x00000000fe100000,0x00000000fe100000,0x00000000fff00000)
 ParOldGen       total 330752K, used 324663K [0x0000000081c00000, 0x0000000095f00000, 0x00000000d5f00000)
  object space 330752K, 98% used [0x0000000081c00000,0x000000009590ddb8,0x0000000095f00000)
 Metaspace       used 77547K, capacity 85724K, committed 85888K, reserved 1120256K
  class space    used 12011K, capacity 14433K, committed 14464K, reserved 1048576K
Event: 125.229 GC heap after
Heap after GC invocations=152 (full 6):
 PSYoungGen      total 601088K, used 30690K [0x00000000d5f00000, 0x0000000100000000, 0x0000000100000000)
  eden space 570368K, 0% used [0x00000000d5f00000,0x00000000d5f00000,0x00000000f8c00000)
  from space 30720K, 99% used [0x00000000fe100000,0x00000000ffef8898,0x00000000fff00000)
  to   space 59392K, 0% used [0x00000000f8c00000,0x00000000f8c00000,0x00000000fc600000)
 ParOldGen       total 388608K, used 388369K [0x0000000081c00000, 0x0000000099780000, 0x00000000d5f00000)
  object space 388608K, 99% used [0x0000000081c00000,0x00000000997447f0,0x0000000099780000)
 Metaspace       used 77547K, capacity 85724K, committed 85888K, reserved 1120256K
  class space    used 12011K, capacity 14433K, committed 14464K, reserved 1048576K
}
Event: 125.229 GC heap before
{Heap before GC invocations=153 (full 7):
 PSYoungGen      total 601088K, used 30690K [0x00000000d5f00000, 0x0000000100000000, 0x0000000100000000)
  eden space 570368K, 0% used [0x00000000d5f00000,0x00000000d5f00000,0x00000000f8c00000)
  from space 30720K, 99% used [0x00000000fe100000,0x00000000ffef8898,0x00000000fff00000)
  to   space 59392K, 0% used [0x00000000f8c00000,0x00000000f8c00000,0x00000000fc600000)
 ParOldGen       total 388608K, used 388369K [0x0000000081c00000, 0x0000000099780000, 0x00000000d5f00000)
  object space 388608K, 99% used [0x0000000081c00000,0x00000000997447f0,0x0000000099780000)
 Metaspace       used 77547K, capacity 85724K, committed 85888K, reserved 1120256K
  class space    used 12011K, capacity 14433K, committed 14464K, reserved 1048576K
Event: 126.668 GC heap after
Heap after GC invocations=153 (full 7):
 PSYoungGen      total 601088K, used 0K [0x00000000d5f00000, 0x0000000100000000, 0x0000000100000000)
  eden space 570368K, 0% used [0x00000000d5f00000,0x00000000d5f00000,0x00000000f8c00000)
  from space 30720K, 0% used [0x00000000fe100000,0x00000000fe100000,0x00000000fff00000)
  to   space 59392K, 0% used [0x00000000f8c00000,0x00000000f8c00000,0x00000000fc600000)
 ParOldGen       total 388608K, used 348536K [0x0000000081c00000, 0x0000000099780000, 0x00000000d5f00000)
  object space 388608K, 89% used [0x0000000081c00000,0x000000009705e290,0x0000000099780000)
 Metaspace       used 77545K, capacity 85718K, committed 85888K, reserved 1120256K
  class space    used 12010K, capacity 14432K, committed 14464K, reserved 1048576K
}

Deoptimization events (10 events):
Event: 131.556 Thread 0x0000000003132800 Uncommon trap: reason=bimorphic action=maybe_recompile pc=0x00000000050f0300 method=it.unimi.dsi.fastutil.ints.Int2ObjectOpenHashMap.computeIfAbsent(ILjava/util/function/IntFunction;)Ljava/lang/Object; @ 24
Event: 131.556 Thread 0x0000000003132800 Uncommon trap: reason=unstable_if action=reinterpret pc=0x0000000005121360 method=net.minecraft.client.renderer.texture.NativeImage.uploadTextureSubRaw(IIIIIIIZZZZ)V @ 30
Event: 131.556 Thread 0x0000000003132800 Uncommon trap: reason=bimorphic action=maybe_recompile pc=0x00000000050f0300 method=it.unimi.dsi.fastutil.ints.Int2ObjectOpenHashMap.computeIfAbsent(ILjava/util/function/IntFunction;)Ljava/lang/Object; @ 24
Event: 131.556 Thread 0x0000000003132800 Uncommon trap: reason=bimorphic action=maybe_recompile pc=0x00000000050f0300 method=it.unimi.dsi.fastutil.ints.Int2ObjectOpenHashMap.computeIfAbsent(ILjava/util/function/IntFunction;)Ljava/lang/Object; @ 24
Event: 131.563 Thread 0x0000000003132800 Uncommon trap: reason=unstable_if action=reinterpret pc=0x00000000034b7840 method=com.mojang.blaze3d.platform.GlStateManager.blendFuncSeparate(IIII)V @ 35
Event: 131.618 Thread 0x0000000003132800 Uncommon trap: reason=unstable_if action=reinterpret pc=0x00000000048f94e4 method=java.text.MessageFormat.applyPattern(Ljava/lang/String;)V @ 120
Event: 131.620 Thread 0x0000000003132800 Uncommon trap: reason=unstable_if action=reinterpret pc=0x0000000003bffb20 method=java.lang.StringBuffer.toString()Ljava/lang/String; @ 4
Event: 131.621 Thread 0x0000000003132800 Uncommon trap: reason=unstable_if action=reinterpret pc=0x000000000490a034 method=org.apache.commons.lang3.text.ExtendedMessageFormat.containsElements(Ljava/util/Collection;)Z @ 10
Event: 131.624 Thread 0x0000000003132800 Uncommon trap: reason=unstable_if action=reinterpret pc=0x0000000004c2b870 method=com.google.common.collect.Lists.reverse(Ljava/util/List;)Ljava/util/List; @ 4
Event: 131.625 Thread 0x0000000003132800 Uncommon trap: reason=unstable_if action=reinterpret pc=0x000000000432be14 method=java.util.stream.ForEachOps$ForEachOp.getOpFlags()I @ 4

Internal exceptions (10 events):
Event: 131.640 Thread 0x0000000003132800 Exception <a 'sun/nio/fs/WindowsException'> (0x00000000f785ec50) thrown at [C:\re\workspace\8-2-build-windows-amd64-cygwin\jdk8u51\3951\hotspot\src\share\vm\prims\jni.cpp, line 709]
Event: 131.640 Thread 0x0000000003132800 Exception <a 'sun/nio/fs/WindowsException'> (0x00000000f785f1d0) thrown at [C:\re\workspace\8-2-build-windows-amd64-cygwin\jdk8u51\3951\hotspot\src\share\vm\prims\jni.cpp, line 709]
Event: 131.640 Thread 0x0000000003132800 Exception <a 'sun/nio/fs/WindowsException'> (0x00000000f785fe78) thrown at [C:\re\workspace\8-2-build-windows-amd64-cygwin\jdk8u51\3951\hotspot\src\share\vm\prims\jni.cpp, line 709]
Event: 131.640 Thread 0x0000000003132800 Exception <a 'sun/nio/fs/WindowsException'> (0x00000000f78604a8) thrown at [C:\re\workspace\8-2-build-windows-amd64-cygwin\jdk8u51\3951\hotspot\src\share\vm\prims\jni.cpp, line 709]
Event: 131.641 Thread 0x0000000003132800 Exception <a 'sun/nio/fs/WindowsException'> (0x00000000f786c698) thrown at [C:\re\workspace\8-2-build-windows-amd64-cygwin\jdk8u51\3951\hotspot\src\share\vm\prims\jni.cpp, line 709]
Event: 131.641 Thread 0x0000000003132800 Exception <a 'sun/nio/fs/WindowsException'> (0x00000000f786cc28) thrown at [C:\re\workspace\8-2-build-windows-amd64-cygwin\jdk8u51\3951\hotspot\src\share\vm\prims\jni.cpp, line 709]
Event: 131.641 Thread 0x0000000003132800 Exception <a 'sun/nio/fs/WindowsException'> (0x00000000f786d990) thrown at [C:\re\workspace\8-2-build-windows-amd64-cygwin\jdk8u51\3951\hotspot\src\share\vm\prims\jni.cpp, line 709]
Event: 131.641 Thread 0x0000000003132800 Exception <a 'sun/nio/fs/WindowsException'> (0x00000000f786e0b0) thrown at [C:\re\workspace\8-2-build-windows-amd64-cygwin\jdk8u51\3951\hotspot\src\share\vm\prims\jni.cpp, line 709]
Event: 131.641 Thread 0x0000000003132800 Exception <a 'sun/nio/fs/WindowsException'> (0x00000000f786f248) thrown at [C:\re\workspace\8-2-build-windows-amd64-cygwin\jdk8u51\3951\hotspot\src\share\vm\prims\jni.cpp, line 709]
Event: 131.641 Thread 0x0000000003132800 Exception <a 'sun/nio/fs/WindowsException'> (0x00000000f786f8a8) thrown at [C:\re\workspace\8-2-build-windows-amd64-cygwin\jdk8u51\3951\hotspot\src\share\vm\prims\jni.cpp, line 709]

Events (10 events):
Event: 131.624 Thread 0x0000000003132800 Uncommon trap: trap_request=0xffffff65 fr.pc=0x0000000004c2b870
Event: 131.624 Thread 0x0000000003132800 DEOPT PACKING pc=0x0000000004c2b870 sp=0x000000000312de80
Event: 131.624 Thread 0x0000000003132800 DEOPT UNPACKING pc=0x00000000033d582a sp=0x000000000312de28 mode 2
Event: 131.625 Thread 0x0000000003132800 Uncommon trap: trap_request=0xffffff65 fr.pc=0x000000000432be14
Event: 131.625 Thread 0x0000000003132800 DEOPT PACKING pc=0x000000000432be14 sp=0x000000000312de40
Event: 131.625 Thread 0x0000000003132800 DEOPT UNPACKING pc=0x00000000033d582a sp=0x000000000312ddd0 mode 2
Event: 131.629 loading class com/mojang/blaze3d/matrix/MatrixStack
Event: 131.629 loading class com/mojang/blaze3d/matrix/MatrixStack done
Event: 131.629 loading class net/minecraft/client/gui/screen/MainMenuScreen
Event: 131.629 loading class net/minecraft/client/gui/screen/MainMenuScreen done


Dynamic libraries:
0x00007ff647500000 - 0x00007ff647537000 	C:\Program Files (x86)\Minecraft\runtime\jre-x64\bin\java.exe
0x00007ffaa30d0000 - 0x00007ffaa32c5000 	C:\WINDOWS\SYSTEM32\ntdll.dll
0x00007ffaa20f0000 - 0x00007ffaa21ad000 	C:\WINDOWS\System32\KERNEL32.DLL
0x00007ffaa0a40000 - 0x00007ffaa0d07000 	C:\WINDOWS\System32\KERNELBASE.dll
0x00007ffaa2dd0000 - 0x00007ffaa2e7a000 	C:\WINDOWS\System32\ADVAPI32.dll
0x00007ffaa1210000 - 0x00007ffaa12ae000 	C:\WINDOWS\System32\msvcrt.dll
0x00007ffaa17a0000 - 0x00007ffaa183b000 	C:\WINDOWS\System32\sechost.dll
0x00007ffaa2f60000 - 0x00007ffaa3084000 	C:\WINDOWS\System32\RPCRT4.dll
0x00007ffaa1f50000 - 0x00007ffaa20f0000 	C:\WINDOWS\System32\USER32.dll
0x00007ffaa1100000 - 0x00007ffaa1122000 	C:\WINDOWS\System32\win32u.dll
0x00007ffaa1f00000 - 0x00007ffaa1f2a000 	C:\WINDOWS\System32\GDI32.dll
0x00007ffaa0de0000 - 0x00007ffaa0ee9000 	C:\WINDOWS\System32\gdi32full.dll
0x00007ffaa0840000 - 0x00007ffaa08dd000 	C:\WINDOWS\System32\msvcp_win.dll
0x00007ffaa08e0000 - 0x00007ffaa09e0000 	C:\WINDOWS\System32\ucrtbase.dll
0x00007ffa84450000 - 0x00007ffa846eb000 	C:\WINDOWS\WinSxS\amd64_microsoft.windows.common-controls_6595b64144ccf1df_6.0.19041.488_none_ca04af081b815d21\COMCTL32.dll
0x00007ffaa12b0000 - 0x00007ffaa12e0000 	C:\WINDOWS\System32\IMM32.DLL
0x0000000070c00000 - 0x0000000070cd2000 	C:\Program Files (x86)\Minecraft\runtime\jre-x64\bin\msvcr100.dll
0x0000000070370000 - 0x0000000070bf3000 	C:\Program Files (x86)\Minecraft\runtime\jre-x64\bin\server\jvm.dll
0x00007ffaa1ef0000 - 0x00007ffaa1ef8000 	C:\WINDOWS\System32\PSAPI.DLL
0x00007ffa998f0000 - 0x00007ffa99917000 	C:\WINDOWS\SYSTEM32\WINMM.dll
0x00007ffa96bc0000 - 0x00007ffa96bc9000 	C:\WINDOWS\SYSTEM32\WSOCK32.dll
0x00007ffaa1650000 - 0x00007ffaa16bb000 	C:\WINDOWS\System32\WS2_32.dll
0x00007ffa990e0000 - 0x00007ffa990ea000 	C:\WINDOWS\SYSTEM32\VERSION.dll
0x0000000070360000 - 0x000000007036f000 	C:\Program Files (x86)\Minecraft\runtime\jre-x64\bin\verify.dll
0x0000000070330000 - 0x0000000070359000 	C:\Program Files (x86)\Minecraft\runtime\jre-x64\bin\java.dll
0x0000000070300000 - 0x0000000070323000 	C:\Program Files (x86)\Minecraft\runtime\jre-x64\bin\instrument.dll
0x00000000702e0000 - 0x00000000702f6000 	C:\Program Files (x86)\Minecraft\runtime\jre-x64\bin\zip.dll
0x00007ffaa2680000 - 0x00007ffaa2dc1000 	C:\WINDOWS\System32\SHELL32.dll
0x00007ffa9e830000 - 0x00007ffa9efc3000 	C:\WINDOWS\SYSTEM32\windows.storage.dll
0x00007ffaa1b80000 - 0x00007ffaa1ed5000 	C:\WINDOWS\System32\combase.dll
0x00007ffaa00e0000 - 0x00007ffaa010c000 	C:\WINDOWS\SYSTEM32\Wldp.dll
0x00007ffaa1400000 - 0x00007ffaa14ae000 	C:\WINDOWS\System32\SHCORE.dll
0x00007ffaa19f0000 - 0x00007ffaa1a45000 	C:\WINDOWS\System32\shlwapi.dll
0x00007ffaa0740000 - 0x00007ffaa0766000 	C:\WINDOWS\SYSTEM32\profapi.dll
0x00007ffa9c230000 - 0x00007ffa9c24a000 	C:\Users\ervin_1nmnhvl\AppData\Local\JetBrains\Toolbox\apps\IDEA-U\ch-0\202.6397.94\bin\breakgen64.dll
0x00000000702c0000 - 0x00000000702da000 	C:\Program Files (x86)\Minecraft\runtime\jre-x64\bin\net.dll
0x00007ffa9fed0000 - 0x00007ffa9ff3a000 	C:\WINDOWS\system32\mswsock.dll
0x00000000702b0000 - 0x00000000702bd000 	C:\Program Files (x86)\Minecraft\runtime\jre-x64\bin\management.dll
0x00007ffa6b200000 - 0x00007ffa6b217000 	C:\WINDOWS\system32\napinsp.dll
0x00007ffa6b220000 - 0x00007ffa6b23b000 	C:\WINDOWS\system32\pnrpnsp.dll
0x00007ffa9b5c0000 - 0x00007ffa9b5d5000 	C:\WINDOWS\system32\wshbth.dll
0x00007ffa9be80000 - 0x00007ffa9be9d000 	C:\WINDOWS\system32\NLAapi.dll
0x00007ffa9fbe0000 - 0x00007ffa9fc1b000 	C:\WINDOWS\SYSTEM32\IPHLPAPI.DLL
0x00007ffa9fc20000 - 0x00007ffa9fceb000 	C:\WINDOWS\SYSTEM32\DNSAPI.dll
0x00007ffaa2e80000 - 0x00007ffaa2e89000 	C:\WINDOWS\System32\NSI.dll
0x00007ffa6b240000 - 0x00007ffa6b252000 	C:\WINDOWS\System32\winrnr.dll
0x00007ffa913a0000 - 0x00007ffa913aa000 	C:\Windows\System32\rasadhlp.dll
0x00007ffa94450000 - 0x00007ffa944cf000 	C:\WINDOWS\System32\fwpuclnt.dll
0x00007ffaa0810000 - 0x00007ffaa0837000 	C:\WINDOWS\System32\bcrypt.dll
0x0000000070290000 - 0x00000000702a1000 	C:\Program Files (x86)\Minecraft\runtime\jre-x64\bin\nio.dll
0x0000000070260000 - 0x0000000070284000 	C:\Program Files (x86)\Minecraft\runtime\jre-x64\bin\sunec.dll
0x00007ffaa0410000 - 0x00007ffaa0428000 	C:\WINDOWS\SYSTEM32\CRYPTSP.dll
0x00007ffa9f780000 - 0x00007ffa9f7b4000 	C:\WINDOWS\system32\rsaenh.dll
0x00007ffaa0700000 - 0x00007ffaa072e000 	C:\WINDOWS\SYSTEM32\USERENV.dll
0x00007ffaa0d60000 - 0x00007ffaa0ddf000 	C:\WINDOWS\System32\bcryptprimitives.dll
0x00007ffaa0050000 - 0x00007ffaa005c000 	C:\WINDOWS\SYSTEM32\CRYPTBASE.dll
0x00007ffa96460000 - 0x00007ffa96477000 	C:\WINDOWS\SYSTEM32\dhcpcsvc6.DLL
0x00007ffa95b90000 - 0x00007ffa95bad000 	C:\WINDOWS\SYSTEM32\dhcpcsvc.DLL
0x00007ffa94b80000 - 0x00007ffa94bf2000 	C:\Users\ervin_1nmnhvl\AppData\Local\Temp\lwjglervin_1nmnhvl\3.2.2-build-10\lwjgl.dll
0x00007ffa80710000 - 0x00007ffa80961000 	C:\Users\ERVIN_~1\AppData\Local\Temp\lwjglervin_1nmnhvl\3.2.2-build-10\jemalloc.dll
0x00007ffa86ec0000 - 0x00007ffa86f1e000 	C:\Users\ERVIN_~1\AppData\Local\Temp\lwjglervin_1nmnhvl\3.2.2-build-10\glfw.dll
0x00007ffa9e060000 - 0x00007ffa9e0ff000 	C:\WINDOWS\system32\uxtheme.dll
0x00007ffa8d220000 - 0x00007ffa8d265000 	C:\WINDOWS\SYSTEM32\dinput8.dll
0x00007ffa9a8b0000 - 0x00007ffa9a8c1000 	C:\WINDOWS\SYSTEM32\xinput1_4.dll
0x00007ffaa0d10000 - 0x00007ffaa0d5d000 	C:\WINDOWS\System32\cfgmgr32.dll
0x00007ffaa04f0000 - 0x00007ffaa051c000 	C:\WINDOWS\SYSTEM32\DEVOBJ.dll
0x00007ffa9e330000 - 0x00007ffa9e35f000 	C:\WINDOWS\SYSTEM32\dwmapi.dll
0x00007ffa90160000 - 0x00007ffa902b2000 	C:\WINDOWS\SYSTEM32\inputhost.dll
0x00007ffaa2e90000 - 0x00007ffaa2f5d000 	C:\WINDOWS\System32\OLEAUT32.dll
0x00007ffa9bc50000 - 0x00007ffa9bd47000 	C:\WINDOWS\SYSTEM32\PROPSYS.dll
0x00007ffa9d840000 - 0x00007ffa9d932000 	C:\WINDOWS\SYSTEM32\CoreMessaging.dll
0x00007ffa9d940000 - 0x00007ffa9dc9a000 	C:\WINDOWS\SYSTEM32\CoreUIComponents.dll
0x00007ffa9d170000 - 0x00007ffa9d2c6000 	C:\WINDOWS\SYSTEM32\wintypes.dll
0x00007ffa9e810000 - 0x00007ffa9e823000 	C:\WINDOWS\SYSTEM32\kernel.appcore.dll
0x00007ffa9f420000 - 0x00007ffa9f453000 	C:\WINDOWS\SYSTEM32\ntmarta.dll
0x00007ffaa12e0000 - 0x00007ffaa13f5000 	C:\WINDOWS\System32\MSCTF.dll
0x00007ffa9efd0000 - 0x00007ffa9efdd000 	C:\WINDOWS\SYSTEM32\HID.DLL
0x00007ffaa21b0000 - 0x00007ffaa2617000 	C:\WINDOWS\System32\SETUPAPI.DLL
0x00007ffaa09e0000 - 0x00007ffaa0a40000 	C:\WINDOWS\System32\WINTRUST.dll
0x00007ffaa0fa0000 - 0x00007ffaa10fd000 	C:\WINDOWS\System32\CRYPT32.dll
0x00007ffaa04d0000 - 0x00007ffaa04e2000 	C:\WINDOWS\SYSTEM32\MSASN1.dll
0x00007ffa79bf0000 - 0x00007ffa79d15000 	C:\WINDOWS\SYSTEM32\opengl32.dll
0x00007ffa96200000 - 0x00007ffa9622c000 	C:\WINDOWS\SYSTEM32\GLU32.dll
0x00007ffaa14b0000 - 0x00007ffaa1558000 	C:\WINDOWS\System32\clbcatq.dll
0x00007ffa78ba0000 - 0x00007ffa79824000 	C:\WINDOWS\SYSTEM32\ig4icd64.dll
0x00007ffa9f030000 - 0x00007ffa9f123000 	C:\WINDOWS\SYSTEM32\dxgi.dll
0x00007ffa9c970000 - 0x00007ffa9cbd3000 	C:\WINDOWS\SYSTEM32\d3d11.dll
0x00007ffa6a5b0000 - 0x00007ffa6b200000 	C:\WINDOWS\SYSTEM32\igd10umd64.dll
0x00007ffa959c0000 - 0x00007ffa959fb000 	C:\WINDOWS\SYSTEM32\dxcore.dll
0x00007ffa86dc0000 - 0x00007ffa86e3f000 	C:\Users\ervin_1nmnhvl\AppData\Local\Temp\lwjglervin_1nmnhvl\3.2.2-build-10\lwjgl_stb.dll
0x00007ffa9aaa0000 - 0x00007ffa9ab4e000 	C:\WINDOWS\SYSTEM32\mscms.dll
0x00007ffa9a930000 - 0x00007ffa9a941000 	C:\WINDOWS\SYSTEM32\ColorAdapterClient.dll
0x00007ffa8cf80000 - 0x00007ffa8cfc3000 	C:\WINDOWS\SYSTEM32\icm32.dll
0x00007ffa90060000 - 0x00007ffa9015d000 	C:\WINDOWS\SYSTEM32\textinputframework.dll
0x00007ffa86e60000 - 0x00007ffa86eb8000 	C:\Users\ervin_1nmnhvl\AppData\Local\Temp\lwjglervin_1nmnhvl\3.2.2-build-10\lwjgl_opengl.dll
0x00007ffa86d70000 - 0x00007ffa86db2000 	C:\Users\ervin_1nmnhvl\AppData\Local\Temp\jna-2118671535\jna531401800495338017.dll
0x00007ffa9a460000 - 0x00007ffa9a47a000 	C:\save\modding\ervin_mod_1\build\natives\SAPIWrapper_x64.dll
0x00007ffaa1a50000 - 0x00007ffaa1b79000 	C:\WINDOWS\System32\ole32.dll
0x00007ffa80410000 - 0x00007ffa80594000 	C:\WINDOWS\System32\Speech\Common\sapi.dll
0x00007ffa75380000 - 0x00007ffa7539e000 	C:\WINDOWS\SYSTEM32\MSACM32.dll
0x00007ffa90810000 - 0x00007ffa9081b000 	C:\WINDOWS\SYSTEM32\msdmo.dll
0x00007ffa7d3c0000 - 0x00007ffa7d3e6000 	C:\WINDOWS\SYSTEM32\winmmbase.dll
0x00007ffa921e0000 - 0x00007ffa92265000 	C:\WINDOWS\System32\MMDevApi.dll
0x00007ffa805f0000 - 0x00007ffa80704000 	C:\Users\ERVIN_~1\AppData\Local\Temp\lwjglervin_1nmnhvl\3.2.2-build-10\OpenAL.dll
0x00007ffa8abd0000 - 0x00007ffa8ad50000 	C:\WINDOWS\SYSTEM32\AUDIOSES.DLL
0x00007ffaa0670000 - 0x00007ffaa06bb000 	C:\WINDOWS\SYSTEM32\powrprof.dll
0x00007ffaa0650000 - 0x00007ffaa0662000 	C:\WINDOWS\SYSTEM32\UMPDC.dll
0x00007ffa9e160000 - 0x00007ffa9e174000 	C:\WINDOWS\SYSTEM32\resourcepolicyclient.dll
0x00007ffa97650000 - 0x00007ffa97834000 	C:\WINDOWS\SYSTEM32\dbghelp.dll

VM Arguments:
jvm_args: -Dforge.logging.console.level=debug -Dforge.logging.markers=SCAN,REGISTRIES,REGISTRYDUMP -XX:HeapDumpPath=MojangTricksIntelDriversForPerformance_javaw.exe_minecraft.exe.heapdump -Dos.name=Windows 10 -Dos.version=10.0 -javaagent:C:\Users\ervin_1nmnhvl\AppData\Local\JetBrains\Toolbox\apps\IDEA-U\ch-0\202.6397.94\lib\idea_rt.jar=62583:C:\Users\ervin_1nmnhvl\AppData\Local\JetBrains\Toolbox\apps\IDEA-U\ch-0\202.6397.94\bin -Dfile.encoding=UTF-8 
java_command: net.minecraftforge.userdev.LaunchTesting
java_class_path (initial): C:\Program Files (x86)\Minecraft\runtime\jre-x64\lib\charsets.jar;C:\Program Files (x86)\Minecraft\runtime\jre-x64\lib\deploy.jar;C:\Program Files (x86)\Minecraft\runtime\jre-x64\lib\ext\access-bridge-64.jar;C:\Program Files (x86)\Minecraft\runtime\jre-x64\lib\ext\cldrdata.jar;C:\Program Files (x86)\Minecraft\runtime\jre-x64\lib\ext\dnsns.jar;C:\Program Files (x86)\Minecraft\runtime\jre-x64\lib\ext\jaccess.jar;C:\Program Files (x86)\Minecraft\runtime\jre-x64\lib\ext\jfxrt.jar;C:\Program Files (x86)\Minecraft\runtime\jre-x64\lib\ext\localedata.jar;C:\Program Files (x86)\Minecraft\runtime\jre-x64\lib\ext\nashorn.jar;C:\Program Files (x86)\Minecraft\runtime\jre-x64\lib\ext\sunec.jar;C:\Program Files (x86)\Minecraft\runtime\jre-x64\lib\ext\sunjce_provider.jar;C:\Program Files (x86)\Minecraft\runtime\jre-x64\lib\ext\sunmscapi.jar;C:\Program Files (x86)\Minecraft\runtime\jre-x64\lib\ext\sunpkcs11.jar;C:\Program Files (x86)\Minecraft\runtime\jre-x64\lib\ext\zipfs.jar;C:\Program Files (x86)\Minecraft\runtime\jre-x64\lib\javaws.jar;C:\Program Files (x86)\Minecraft\runtime\jre-x64\lib\jce.jar;C:\Program Files (x86)\Minecraft\runtime\jre-x64\lib\jfr.jar;C:\Program Files (x86)\Minecraft\runtime\jre-x64\lib\jfxswt.jar;C:\Program Files (x86)\Minecraft\runtime\jre-x64\lib\jsse.jar;C:\Program Files (x86)\Minecraft\runtime\jre-x64\lib\management-agent.jar;C:\Program Files (x86)\Minecraft\runtime\jre-x64\lib\plugin.jar;C:\Program Files (x86)\Minecraft\runtime\jre-x64\lib\resources.jar;C:\Program Files (x86)\Minecraft\runtime\jre-x64\lib\rt.jar;C:\save\modding\ervin_mod_1\build\classes\java\main;C:\save\modding\ervin_mod_1\build\resources\main;C:\Users\ervin_1nmnhvl\.gradle\caches\forge_gradle\minecraft_user_repo\net\minecraftforge\forge\1.16.1-32.0.75_mapped_snapshot_20200723-1.16.1\forge-1.16.1-32.0.75_mapped_snapshot_20200723-1.16.1-recomp.jar;C:\Users\ervin_1nmnhvl\.gradle\caches\forge_gradle\minecraft_user_repo\net\minecraftforge\forge\1.16.1-32.0.75_
Launcher Type: SUN_STANDARD

Environment Variables:
JAVA_HOME=C:\Program Files\Java\jdk-11.0.4
PATH=C:\Program Files\Docker\Docker\Resources\bin;C:\ProgramData\Oracle\Java\javapath;C:\WINDOWS\system32;C:\WINDOWS;C:\WINDOWS\System32\Wbem;C:\WINDOWS\System32\WindowsPowerShell\v1.0\;C:\Program Files (x86)\cloudControl;C:\Program Files\Git\cmd;C:\bin;C:\Program Files (x86)\Windows Kits\8.1\Windows Performance Toolkit\;C:\Program Files (x86)\PuTTY\;C:\Program Files (x86)\Nodist\bin;G:\save\sdk\android\tools;G:\save\sdk\android\platform-tools;C:\boxfuse;C:\Program Files (x86)\Skype\Phone\;C:\Program Files (x86)\GtkSharp\2.12\bin;C:\Program Files (x86)\IVI Foundation\VISA\WinNT\Bin;C:\WINDOWS\system32;C:\WINDOWS;C:\WINDOWS\System32\Wbem;C:\WINDOWS\System32\WindowsPowerShell\v1.0\;;C:\WINDOWS\System32\OpenSSH\;C:\Users\ervin_1nmnhvl\AppData\Local\Microsoft\WindowsApps;
USERNAME=ervin_1nmnhvl
OS=Windows_NT
PROCESSOR_IDENTIFIER=Intel64 Family 6 Model 42 Stepping 7, GenuineIntel



---------------  S Y S T E M  ---------------

OS: Windows 10.0 , 64 bit Build 19041 (10.0.19041.292)

CPU:total 4 (2 cores per cpu, 2 threads per core) family 6 model 42 stepping 7, cmov, cx8, fxsr, mmx, sse, sse2, sse3, ssse3, sse4.1, sse4.2, popcnt, avx, aes, clmul, ht, tsc, tscinvbit

Memory: 4k page, physical 8266764k(406332k free), swap 10363916k(5496k free)

vm_info: Java HotSpot(TM) 64-Bit Server VM (25.51-b03) for windows-amd64 JRE (1.8.0_51-b16), built on Jun  8 2015 18:03:07 by "java_re" with MS VC++ 10.0 (VS2010)

time: Wed Sep 30 15:51:06 2020
elapsed time: 132 seconds (0d 0h 2m 12s)

