#
# There is insufficient memory for the Java Runtime Environment to continue.
# Native memory allocation (malloc) failed to allocate 32744 bytes for ChunkPool::allocate
# Possible reasons:
#   The system is out of physical RAM or swap space
#   In 32 bit mode, the process size limit was hit
# Possible solutions:
#   Reduce memory load on the system
#   Increase physical memory or swap space
#   Check if swap backing store is full
#   Use 64 bit Java on a 64 bit OS
#   Decrease Java heap size (-Xmx/-Xms)
#   Decrease number of Java threads
#   Decrease Java thread stack sizes (-Xss)
#   Set larger code cache with -XX:ReservedCodeCacheSize=
# This output file may be truncated or incomplete.
#
#  Out of Memory Error (allocation.cpp:273), pid=12424, tid=14568
#
# JRE version: Java(TM) SE Runtime Environment (8.0_51-b16) (build 1.8.0_51-b16)
# Java VM: Java HotSpot(TM) 64-Bit Server VM (25.51-b03 mixed mode windows-amd64 compressed oops)
# Failed to write core dump. Minidumps are not enabled by default on client versions of Windows
#

---------------  T H R E A D  ---------------

Current thread (0x0000000003132800):  JavaThread "Render thread" [_thread_in_vm, id=14568, stack(0x0000000003030000,0x0000000003130000)]

Stack: [0x0000000003030000,0x0000000003130000]
Native frames: (J=compiled Java code, j=interpreted, Vv=VM code, C=native code)
V  [jvm.dll+0x32b4ca]

Java frames: (J=compiled Java code, j=interpreted, Vv=VM code)
J 1948  sun.misc.Unsafe.defineAnonymousClass(Ljava/lang/Class;[B[Ljava/lang/Object;)Ljava/lang/Class; (0 bytes) @ 0x000000000395ea7c [0x000000000395ea00+0x7c]

[error occurred during error reporting (printing Java stack), id 0xe0000001]


---------------  P R O C E S S  ---------------

Java Threads: ( => current thread )
  0x000000001a914800 JavaThread "Worker-Main-9" daemon [_thread_blocked, id=9112, stack(0x0000000026180000,0x0000000026280000)]
  0x000000001a1a9000 JavaThread "Narrator" [_thread_blocked, id=13916, stack(0x000000002a7d0000,0x000000002a8d0000)]
  0x000000001a1b0000 JavaThread "Sound engine" daemon [_thread_blocked, id=15668, stack(0x0000000027ea0000,0x0000000027fa0000)]
  0x000000001a1ad800 JavaThread "Snooper Timer" daemon [_thread_blocked, id=16116, stack(0x0000000027da0000,0x0000000027ea0000)]
  0x000000001a1ac800 JavaThread "Timer hack thread" daemon [_thread_blocked, id=704, stack(0x0000000026c80000,0x0000000026d80000)]
  0x0000000022a39800 JavaThread "pool-3-thread-1" [_thread_blocked, id=12224, stack(0x000000001c100000,0x000000001c200000)]
  0x000000001b23a000 JavaThread "Thread-2" daemon [_thread_in_native, id=2824, stack(0x000000001c300000,0x000000001c400000)]
  0x000000001b145800 JavaThread "Thread-1" daemon [_thread_blocked, id=3164, stack(0x000000001c200000,0x000000001c300000)]
  0x0000000019c5c800 JavaThread "Service Thread" daemon [_thread_blocked, id=11892, stack(0x000000001a3d0000,0x000000001a4d0000)]
  0x00000000197bb000 JavaThread "C1 CompilerThread2" daemon [_thread_blocked, id=2800, stack(0x0000000019ad0000,0x0000000019bd0000)]
  0x00000000197b7800 JavaThread "C2 CompilerThread1" daemon [_thread_in_native, id=196, stack(0x00000000199d0000,0x0000000019ad0000)]
  0x00000000197b4800 JavaThread "C2 CompilerThread0" daemon [_thread_in_native, id=16012, stack(0x00000000198d0000,0x00000000199d0000)]
  0x00000000197b2800 JavaThread "Monitor Ctrl-Break" daemon [_thread_in_native, id=8892, stack(0x00000000197d0000,0x00000000198d0000)]
  0x0000000017e65800 JavaThread "Attach Listener" daemon [_thread_blocked, id=4176, stack(0x00000000192d0000,0x00000000193d0000)]
  0x0000000017e64000 JavaThread "Signal Dispatcher" daemon [_thread_blocked, id=9792, stack(0x00000000191d0000,0x00000000192d0000)]
  0x0000000003229800 JavaThread "Finalizer" daemon [_thread_blocked, id=1108, stack(0x00000000190d0000,0x00000000191d0000)]
  0x0000000003226000 JavaThread "Reference Handler" daemon [_thread_blocked, id=1704, stack(0x0000000018fd0000,0x00000000190d0000)]
=>0x0000000003132800 JavaThread "Render thread" [_thread_in_vm, id=14568, stack(0x0000000003030000,0x0000000003130000)]

Other Threads:
  0x0000000017e29000 VMThread [stack: 0x0000000018ed0000,0x0000000018fd0000] [id=236]
  0x0000000019c99800 WatcherThread [stack: 0x000000001a4d0000,0x000000001a5d0000] [id=14672]

VM state:not at safepoint (normal execution)

VM Mutex/Monitor currently owned by a thread: None

Heap:
 PSYoungGen      total 576512K, used 505055K [0x00000000d5f00000, 0x0000000100000000, 0x0000000100000000)
  eden space 544768K, 86% used [0x00000000d5f00000,0x00000000f2d3b8f0,0x00000000f7300000)
  from space 31744K, 99% used [0x00000000fe100000,0x00000000ffffc340,0x0000000100000000)
  to   space 72192K, 0% used [0x00000000f7300000,0x00000000f7300000,0x00000000fb980000)
 ParOldGen       total 477696K, used 373943K [0x0000000081c00000, 0x000000009ee80000, 0x00000000d5f00000)
  object space 477696K, 78% used [0x0000000081c00000,0x000000009892dc58,0x000000009ee80000)
 Metaspace       used 80851K, capacity 90242K, committed 90368K, reserved 1124352K
  class space    used 12630K, capacity 15310K, committed 15360K, reserved 1048576K

Card table byte_map: [0x00000000126f0000,0x0000000012af0000] byte_map_base: 0x00000000122e2000

Marking Bits: (ParMarkBitMap*) 0x0000000050a94040
 Begin Bits: [0x00000000131a0000, 0x0000000015130000)
 End Bits:   [0x0000000015130000, 0x00000000170c0000)

Polling page: 0x0000000002e30000

CodeCache: size=245760Kb used=32304Kb max_used=32304Kb free=213456Kb
 bounds [0x0000000003330000, 0x00000000052f0000, 0x0000000012330000]
 total_blobs=11580 nmethods=10053 adapters=1438
 compilation: enabled

Compilation events (10 events):
Event: 150.106 Thread 0x00000000197bb000 13721       1       java.util.LinkedHashMap$LinkedEntrySet::size (8 bytes)
Event: 150.106 Thread 0x00000000197bb000 nmethod 13721 0x00000000052e3ed0 code [0x00000000052e4020, 0x00000000052e4130]
Event: 150.107 Thread 0x00000000197bb000 13722       3       com.mojang.brigadier.builder.ArgumentBuilder::executes (10 bytes)
Event: 150.107 Thread 0x00000000197bb000 nmethod 13722 0x00000000052e41d0 code [0x00000000052e4340, 0x00000000052e4568]
Event: 150.108 Thread 0x00000000197bb000 13724       3       com.mojang.brigadier.builder.RequiredArgumentBuilder::build (79 bytes)
Event: 150.109 Thread 0x00000000197bb000 nmethod 13724 0x00000000052e4610 code [0x00000000052e4820, 0x00000000052e5578]
Event: 150.109 Thread 0x00000000197bb000 13723       3       com.mojang.brigadier.builder.RequiredArgumentBuilder::build (5 bytes)
Event: 150.109 Thread 0x00000000197bb000 nmethod 13723 0x00000000052e5910 code [0x00000000052e5a80, 0x00000000052e5c28]
Event: 150.109 Thread 0x00000000197bb000 13725       3       com.mojang.brigadier.tree.ArgumentCommandNode::<init> (30 bytes)
Event: 150.109 Thread 0x00000000197bb000 nmethod 13725 0x00000000052e5cd0 code [0x00000000052e5e40, 0x00000000052e6048]

GC Heap History (10 events):
Event: 109.569 GC heap before
{Heap before GC invocations=149 (full 6):
 PSYoungGen      total 657408K, used 631744K [0x00000000d5f00000, 0x0000000100000000, 0x0000000100000000)
  eden space 626688K, 100% used [0x00000000d5f00000,0x00000000fc300000,0x00000000fc300000)
  from space 30720K, 16% used [0x00000000fe200000,0x00000000fe6f0050,0x0000000100000000)
  to   space 31232K, 0% used [0x00000000fc300000,0x00000000fc300000,0x00000000fe180000)
 ParOldGen       total 361984K, used 308351K [0x0000000081c00000, 0x0000000097d80000, 0x00000000d5f00000)
  object space 361984K, 85% used [0x0000000081c00000,0x000000009491fde0,0x0000000097d80000)
 Metaspace       used 76282K, capacity 84378K, committed 84480K, reserved 1120256K
  class space    used 11901K, capacity 14306K, committed 14336K, reserved 1048576K
Event: 109.592 GC heap after
Heap after GC invocations=149 (full 6):
 PSYoungGen      total 657920K, used 5216K [0x00000000d5f00000, 0x0000000100000000, 0x0000000100000000)
  eden space 626688K, 0% used [0x00000000d5f00000,0x00000000d5f00000,0x00000000fc300000)
  from space 31232K, 16% used [0x00000000fc300000,0x00000000fc818050,0x00000000fe180000)
  to   space 31232K, 0% used [0x00000000fe180000,0x00000000fe180000,0x0000000100000000)
 ParOldGen       total 361984K, used 308647K [0x0000000081c00000, 0x0000000097d80000, 0x00000000d5f00000)
  object space 361984K, 85% used [0x0000000081c00000,0x0000000094969de0,0x0000000097d80000)
 Metaspace       used 76282K, capacity 84378K, committed 84480K, reserved 1120256K
  class space    used 11901K, capacity 14306K, committed 14336K, reserved 1048576K
}
Event: 110.700 GC heap before
{Heap before GC invocations=150 (full 6):
 PSYoungGen      total 657920K, used 631904K [0x00000000d5f00000, 0x0000000100000000, 0x0000000100000000)
  eden space 626688K, 100% used [0x00000000d5f00000,0x00000000fc300000,0x00000000fc300000)
  from space 31232K, 16% used [0x00000000fc300000,0x00000000fc818050,0x00000000fe180000)
  to   space 31232K, 0% used [0x00000000fe180000,0x00000000fe180000,0x0000000100000000)
 ParOldGen       total 361984K, used 308648K [0x0000000081c00000, 0x0000000097d80000, 0x00000000d5f00000)
  object space 361984K, 85% used [0x0000000081c00000,0x000000009496a170,0x0000000097d80000)
 Metaspace       used 76289K, capacity 84378K, committed 84480K, reserved 1120256K
  class space    used 11901K, capacity 14306K, committed 14336K, reserved 1048576K
Event: 110.719 GC heap after
Heap after GC invocations=150 (full 6):
 PSYoungGen      total 656896K, used 6561K [0x00000000d5f00000, 0x00000000fff00000, 0x0000000100000000)
  eden space 626688K, 0% used [0x00000000d5f00000,0x00000000d5f00000,0x00000000fc300000)
  from space 30208K, 21% used [0x00000000fe180000,0x00000000fe7e8698,0x00000000fff00000)
  to   space 30720K, 0% used [0x00000000fc300000,0x00000000fc300000,0x00000000fe100000)
 ParOldGen       total 361984K, used 308944K [0x0000000081c00000, 0x0000000097d80000, 0x00000000d5f00000)
  object space 361984K, 85% used [0x0000000081c00000,0x00000000949b4170,0x0000000097d80000)
 Metaspace       used 76289K, capacity 84378K, committed 84480K, reserved 1120256K
  class space    used 11901K, capacity 14306K, committed 14336K, reserved 1048576K
}
Event: 115.668 GC heap before
{Heap before GC invocations=151 (full 6):
 PSYoungGen      total 656896K, used 633249K [0x00000000d5f00000, 0x00000000fff00000, 0x0000000100000000)
  eden space 626688K, 100% used [0x00000000d5f00000,0x00000000fc300000,0x00000000fc300000)
  from space 30208K, 21% used [0x00000000fe180000,0x00000000fe7e8698,0x00000000fff00000)
  to   space 30720K, 0% used [0x00000000fc300000,0x00000000fc300000,0x00000000fe100000)
 ParOldGen       total 361984K, used 308944K [0x0000000081c00000, 0x0000000097d80000, 0x00000000d5f00000)
  object space 361984K, 85% used [0x0000000081c00000,0x00000000949b4170,0x0000000097d80000)
 Metaspace       used 77277K, capacity 85452K, committed 85760K, reserved 1120256K
  class space    used 12053K, capacity 14493K, committed 14592K, reserved 1048576K
Event: 115.822 GC heap after
Heap after GC invocations=151 (full 6):
 PSYoungGen      total 657408K, used 30714K [0x00000000d5f00000, 0x0000000100000000, 0x0000000100000000)
  eden space 626688K, 0% used [0x00000000d5f00000,0x00000000d5f00000,0x00000000fc300000)
  from space 30720K, 99% used [0x00000000fc300000,0x00000000fe0fe8b0,0x00000000fe100000)
  to   space 31744K, 0% used [0x00000000fe100000,0x00000000fe100000,0x0000000100000000)
 ParOldGen       total 361984K, used 361402K [0x0000000081c00000, 0x0000000097d80000, 0x00000000d5f00000)
  object space 361984K, 99% used [0x0000000081c00000,0x0000000097ceebd8,0x0000000097d80000)
 Metaspace       used 77277K, capacity 85452K, committed 85760K, reserved 1120256K
  class space    used 12053K, capacity 14493K, committed 14592K, reserved 1048576K
}
Event: 115.822 GC heap before
{Heap before GC invocations=152 (full 7):
 PSYoungGen      total 657408K, used 30714K [0x00000000d5f00000, 0x0000000100000000, 0x0000000100000000)
  eden space 626688K, 0% used [0x00000000d5f00000,0x00000000d5f00000,0x00000000fc300000)
  from space 30720K, 99% used [0x00000000fc300000,0x00000000fe0fe8b0,0x00000000fe100000)
  to   space 31744K, 0% used [0x00000000fe100000,0x00000000fe100000,0x0000000100000000)
 ParOldGen       total 361984K, used 361402K [0x0000000081c00000, 0x0000000097d80000, 0x00000000d5f00000)
  object space 361984K, 99% used [0x0000000081c00000,0x0000000097ceebd8,0x0000000097d80000)
 Metaspace       used 77277K, capacity 85452K, committed 85760K, reserved 1120256K
  class space    used 12053K, capacity 14493K, committed 14592K, reserved 1048576K
Event: 117.249 GC heap after
Heap after GC invocations=152 (full 7):
 PSYoungGen      total 657408K, used 0K [0x00000000d5f00000, 0x0000000100000000, 0x0000000100000000)
  eden space 626688K, 0% used [0x00000000d5f00000,0x00000000d5f00000,0x00000000fc300000)
  from space 30720K, 0% used [0x00000000fc300000,0x00000000fc300000,0x00000000fe100000)
  to   space 31744K, 0% used [0x00000000fe100000,0x00000000fe100000,0x0000000100000000)
 ParOldGen       total 477696K, used 329013K [0x0000000081c00000, 0x000000009ee80000, 0x00000000d5f00000)
  object space 477696K, 68% used [0x0000000081c00000,0x0000000095d4d730,0x000000009ee80000)
 Metaspace       used 77273K, capacity 85446K, committed 85760K, reserved 1120256K
  class space    used 12051K, capacity 14490K, committed 14592K, reserved 1048576K
}
Event: 124.311 GC heap before
{Heap before GC invocations=153 (full 7):
 PSYoungGen      total 657408K, used 626688K [0x00000000d5f00000, 0x0000000100000000, 0x0000000100000000)
  eden space 626688K, 100% used [0x00000000d5f00000,0x00000000fc300000,0x00000000fc300000)
  from space 30720K, 0% used [0x00000000fc300000,0x00000000fc300000,0x00000000fe100000)
  to   space 31744K, 0% used [0x00000000fe100000,0x00000000fe100000,0x0000000100000000)
 ParOldGen       total 477696K, used 329013K [0x0000000081c00000, 0x000000009ee80000, 0x00000000d5f00000)
  object space 477696K, 68% used [0x0000000081c00000,0x0000000095d4d730,0x000000009ee80000)
 Metaspace       used 77932K, capacity 86212K, committed 86400K, reserved 1120256K
  class space    used 12123K, capacity 14601K, committed 14720K, reserved 1048576K
Event: 124.450 GC heap after
Heap after GC invocations=153 (full 7):
 PSYoungGen      total 576512K, used 31728K [0x00000000d5f00000, 0x0000000100000000, 0x0000000100000000)
  eden space 544768K, 0% used [0x00000000d5f00000,0x00000000d5f00000,0x00000000f7300000)
  from space 31744K, 99% used [0x00000000fe100000,0x00000000ffffc340,0x0000000100000000)
  to   space 72192K, 0% used [0x00000000f7300000,0x00000000f7300000,0x00000000fb980000)
 ParOldGen       total 477696K, used 373943K [0x0000000081c00000, 0x000000009ee80000, 0x00000000d5f00000)
  object space 477696K, 78% used [0x0000000081c00000,0x000000009892dc58,0x000000009ee80000)
 Metaspace       used 77932K, capacity 86212K, committed 86400K, reserved 1120256K
  class space    used 12123K, capacity 14601K, committed 14720K, reserved 1048576K
}

Deoptimization events (10 events):
Event: 149.442 Thread 0x0000000003132800 Uncommon trap: reason=bimorphic action=maybe_recompile pc=0x00000000052863cc method=net.minecraft.util.text.TranslationTextComponent.func_240757_a_(ILnet/minecraft/util/text/LanguageMap;)Lnet/minecraft/util/text/ITextProperties; @ 50
Event: 149.442 Thread 0x0000000003132800 Uncommon trap: reason=unstable_if action=reinterpret pc=0x0000000004f8e424 method=sun.util.calendar.CalendarDate.setMillis(I)Lsun/util/calendar/CalendarDate; @ 5
Event: 149.442 Thread 0x0000000003132800 Uncommon trap: reason=class_check action=maybe_recompile pc=0x0000000003ae01ac method=java.util.concurrent.ForkJoinPool.managedBlock(Ljava/util/concurrent/ForkJoinPool$ManagedBlocker;)V @ 5
Event: 149.442 Thread 0x0000000003132800 Uncommon trap: reason=unstable_if action=reinterpret pc=0x000000000456bc50 method=sun.nio.fs.WindowsPathParser.isLetter(C)Z @ 9
Event: 149.638 Thread 0x0000000003132800 Uncommon trap: reason=unstable_if action=reinterpret pc=0x0000000004c44164 method=com.google.gson.internal.bind.JsonTreeReader.nextString()Ljava/lang/String; @ 79
Event: 149.642 Thread 0x0000000003132800 Uncommon trap: reason=class_check action=maybe_recompile pc=0x000000000349a4c0 method=com.google.common.collect.ImmutableList.iterator()Ljava/util/Iterator; @ 1
Event: 149.642 Thread 0x0000000003132800 Uncommon trap: reason=class_check action=maybe_recompile pc=0x000000000349a4c0 method=com.google.common.collect.ImmutableList.iterator()Ljava/util/Iterator; @ 1
Event: 149.643 Thread 0x0000000003132800 Uncommon trap: reason=bimorphic action=maybe_recompile pc=0x0000000003e808cc method=com.google.common.collect.ImmutableList.copyOf(Ljava/util/Collection;)Lcom/google/common/collect/ImmutableList; @ 16
Event: 149.643 Thread 0x0000000003132800 Uncommon trap: reason=class_check action=maybe_recompile pc=0x00000000052689fc method=com.google.common.collect.ImmutableMap.keySet()Ljava/util/Set; @ 1
Event: 149.643 Thread 0x0000000003132800 Uncommon trap: reason=unstable_if action=reinterpret pc=0x0000000005210098 method=com.google.common.collect.ImmutableMap.keySet()Lcom/google/common/collect/ImmutableSet; @ 6

Internal exceptions (10 events):
Event: 150.302 Thread 0x0000000003132800 Exception <a 'sun/nio/fs/WindowsException'> (0x00000000f295b0f8) thrown at [C:\re\workspace\8-2-build-windows-amd64-cygwin\jdk8u51\3951\hotspot\src\share\vm\prims\jni.cpp, line 709]
Event: 150.302 Thread 0x0000000003132800 Exception <a 'sun/nio/fs/WindowsException'> (0x00000000f295b7f8) thrown at [C:\re\workspace\8-2-build-windows-amd64-cygwin\jdk8u51\3951\hotspot\src\share\vm\prims\jni.cpp, line 709]
Event: 150.302 Thread 0x0000000003132800 Exception <a 'sun/nio/fs/WindowsException'> (0x00000000f295c940) thrown at [C:\re\workspace\8-2-build-windows-amd64-cygwin\jdk8u51\3951\hotspot\src\share\vm\prims\jni.cpp, line 709]
Event: 150.302 Thread 0x0000000003132800 Exception <a 'sun/nio/fs/WindowsException'> (0x00000000f295cf50) thrown at [C:\re\workspace\8-2-build-windows-amd64-cygwin\jdk8u51\3951\hotspot\src\share\vm\prims\jni.cpp, line 709]
Event: 150.309 Thread 0x0000000003132800 Exception <a 'sun/nio/fs/WindowsException'> (0x00000000f2ad4548) thrown at [C:\re\workspace\8-2-build-windows-amd64-cygwin\jdk8u51\3951\hotspot\src\share\vm\prims\jni.cpp, line 709]
Event: 150.309 Thread 0x0000000003132800 Exception <a 'sun/nio/fs/WindowsException'> (0x00000000f2ad4ab8) thrown at [C:\re\workspace\8-2-build-windows-amd64-cygwin\jdk8u51\3951\hotspot\src\share\vm\prims\jni.cpp, line 709]
Event: 150.309 Thread 0x0000000003132800 Exception <a 'sun/nio/fs/WindowsException'> (0x00000000f2ad5800) thrown at [C:\re\workspace\8-2-build-windows-amd64-cygwin\jdk8u51\3951\hotspot\src\share\vm\prims\jni.cpp, line 709]
Event: 150.309 Thread 0x0000000003132800 Exception <a 'sun/nio/fs/WindowsException'> (0x00000000f2ad5f00) thrown at [C:\re\workspace\8-2-build-windows-amd64-cygwin\jdk8u51\3951\hotspot\src\share\vm\prims\jni.cpp, line 709]
Event: 150.310 Thread 0x0000000003132800 Exception <a 'sun/nio/fs/WindowsException'> (0x00000000f2ad7058) thrown at [C:\re\workspace\8-2-build-windows-amd64-cygwin\jdk8u51\3951\hotspot\src\share\vm\prims\jni.cpp, line 709]
Event: 150.310 Thread 0x0000000003132800 Exception <a 'sun/nio/fs/WindowsException'> (0x00000000f2ad7678) thrown at [C:\re\workspace\8-2-build-windows-amd64-cygwin\jdk8u51\3951\hotspot\src\share\vm\prims\jni.cpp, line 709]

Events (10 events):
Event: 150.307 loading class com/mojang/brigadier/Command
Event: 150.307 loading class com/mojang/brigadier/Command done
Event: 150.308 loading class com/mojang/brigadier/context/CommandContext
Event: 150.308 loading class com/mojang/brigadier/context/CommandContext done
Event: 150.308 loading class com/mojang/brigadier/Command
Event: 150.308 loading class com/mojang/brigadier/Command done
Event: 150.317 loading class net/minecraft/command/CommandSource
Event: 150.317 loading class net/minecraft/command/CommandSource done
Event: 150.317 loading class net/minecraft/command/CommandSource
Event: 150.317 loading class net/minecraft/command/CommandSource done


Dynamic libraries:
0x00007ff6a1e00000 - 0x00007ff6a1e37000 	C:\Program Files (x86)\Minecraft\runtime\jre-x64\bin\java.exe
0x00007ff802c50000 - 0x00007ff802e46000 	C:\WINDOWS\SYSTEM32\ntdll.dll
0x00007ff801410000 - 0x00007ff8014cd000 	C:\WINDOWS\System32\KERNEL32.DLL
0x00007ff8009c0000 - 0x00007ff800c88000 	C:\WINDOWS\System32\KERNELBASE.dll
0x00007ff800f00000 - 0x00007ff800faa000 	C:\WINDOWS\System32\ADVAPI32.dll
0x00007ff8017b0000 - 0x00007ff80184e000 	C:\WINDOWS\System32\msvcrt.dll
0x00007ff802b30000 - 0x00007ff802bcb000 	C:\WINDOWS\System32\sechost.dll
0x00007ff801850000 - 0x00007ff801974000 	C:\WINDOWS\System32\RPCRT4.dll
0x00007ff802490000 - 0x00007ff802630000 	C:\WINDOWS\System32\USER32.dll
0x00007ff800c90000 - 0x00007ff800cb2000 	C:\WINDOWS\System32\win32u.dll
0x00007ff800ed0000 - 0x00007ff800efa000 	C:\WINDOWS\System32\GDI32.dll
0x00007ff8003a0000 - 0x00007ff8004a9000 	C:\WINDOWS\System32\gdi32full.dll
0x00007ff800920000 - 0x00007ff8009bd000 	C:\WINDOWS\System32\msvcp_win.dll
0x00007ff800610000 - 0x00007ff800710000 	C:\WINDOWS\System32\ucrtbase.dll
0x00007fffe6100000 - 0x00007fffe639b000 	C:\WINDOWS\WinSxS\amd64_microsoft.windows.common-controls_6595b64144ccf1df_6.0.19041.488_none_ca04af081b815d21\COMCTL32.dll
0x00007ff802bd0000 - 0x00007ff802c00000 	C:\WINDOWS\System32\IMM32.DLL
0x0000000050b20000 - 0x0000000050bf2000 	C:\Program Files (x86)\Minecraft\runtime\jre-x64\bin\msvcr100.dll
0x0000000050290000 - 0x0000000050b13000 	C:\Program Files (x86)\Minecraft\runtime\jre-x64\bin\server\jvm.dll
0x00007ff801060000 - 0x00007ff801068000 	C:\WINDOWS\System32\PSAPI.DLL
0x00007ffff91a0000 - 0x00007ffff91c7000 	C:\WINDOWS\SYSTEM32\WINMM.dll
0x00007ffff8ec0000 - 0x00007ffff8eca000 	C:\WINDOWS\SYSTEM32\VERSION.dll
0x00007fffdbdf0000 - 0x00007fffdbdf9000 	C:\WINDOWS\SYSTEM32\WSOCK32.dll
0x00007ff8013a0000 - 0x00007ff80140b000 	C:\WINDOWS\System32\WS2_32.dll
0x0000000050280000 - 0x000000005028f000 	C:\Program Files (x86)\Minecraft\runtime\jre-x64\bin\verify.dll
0x0000000050250000 - 0x0000000050279000 	C:\Program Files (x86)\Minecraft\runtime\jre-x64\bin\java.dll
0x0000000050220000 - 0x0000000050243000 	C:\Program Files (x86)\Minecraft\runtime\jre-x64\bin\instrument.dll
0x0000000050200000 - 0x0000000050216000 	C:\Program Files (x86)\Minecraft\runtime\jre-x64\bin\zip.dll
0x00007ff801d50000 - 0x00007ff802490000 	C:\WINDOWS\System32\SHELL32.dll
0x00007ffffe2b0000 - 0x00007ffffea44000 	C:\WINDOWS\SYSTEM32\windows.storage.dll
0x00007ff801990000 - 0x00007ff801ce5000 	C:\WINDOWS\System32\combase.dll
0x00007fffffc60000 - 0x00007fffffc8c000 	C:\WINDOWS\SYSTEM32\Wldp.dll
0x00007ff801700000 - 0x00007ff8017ae000 	C:\WINDOWS\System32\SHCORE.dll
0x00007ff801cf0000 - 0x00007ff801d45000 	C:\WINDOWS\System32\shlwapi.dll
0x00007ff8002d0000 - 0x00007ff8002f6000 	C:\WINDOWS\SYSTEM32\profapi.dll
0x00007ffffaea0000 - 0x00007ffffaeba000 	C:\Users\ervin_1nmnhvl\AppData\Local\JetBrains\Toolbox\apps\IDEA-U\ch-0\202.6397.94\bin\breakgen64.dll
0x00000000501e0000 - 0x00000000501fa000 	C:\Program Files (x86)\Minecraft\runtime\jre-x64\bin\net.dll
0x00007fffffa50000 - 0x00007fffffaba000 	C:\WINDOWS\system32\mswsock.dll
0x00000000501d0000 - 0x00000000501dd000 	C:\Program Files (x86)\Minecraft\runtime\jre-x64\bin\management.dll
0x00007fffcf420000 - 0x00007fffcf437000 	C:\WINDOWS\system32\napinsp.dll
0x00007fffcf440000 - 0x00007fffcf45b000 	C:\WINDOWS\system32\pnrpnsp.dll
0x00007ffffb070000 - 0x00007ffffb085000 	C:\WINDOWS\system32\wshbth.dll
0x00007ffffbc40000 - 0x00007ffffbc5d000 	C:\WINDOWS\system32\NLAapi.dll
0x00007fffff760000 - 0x00007fffff79b000 	C:\WINDOWS\SYSTEM32\IPHLPAPI.DLL
0x00007fffff7a0000 - 0x00007fffff86b000 	C:\WINDOWS\SYSTEM32\DNSAPI.dll
0x00007ff802c00000 - 0x00007ff802c09000 	C:\WINDOWS\System32\NSI.dll
0x00007fffdd380000 - 0x00007fffdd392000 	C:\WINDOWS\System32\winrnr.dll
0x00007ffff0430000 - 0x00007ffff043a000 	C:\Windows\System32\rasadhlp.dll
0x00007ffff5020000 - 0x00007ffff509f000 	C:\WINDOWS\System32\fwpuclnt.dll
0x00007ff800870000 - 0x00007ff800897000 	C:\WINDOWS\System32\bcrypt.dll
0x00000000501b0000 - 0x00000000501c1000 	C:\Program Files (x86)\Minecraft\runtime\jre-x64\bin\nio.dll
0x0000000050180000 - 0x00000000501a4000 	C:\Program Files (x86)\Minecraft\runtime\jre-x64\bin\sunec.dll
0x00007ff800000000 - 0x00007ff800018000 	C:\WINDOWS\SYSTEM32\CRYPTSP.dll
0x00007fffff300000 - 0x00007fffff334000 	C:\WINDOWS\system32\rsaenh.dll
0x00007ff800290000 - 0x00007ff8002be000 	C:\WINDOWS\SYSTEM32\USERENV.dll
0x00007ff8008a0000 - 0x00007ff80091f000 	C:\WINDOWS\System32\bcryptprimitives.dll
0x00007fffffbd0000 - 0x00007fffffbdc000 	C:\WINDOWS\SYSTEM32\CRYPTBASE.dll
0x00007ffff52d0000 - 0x00007ffff52e7000 	C:\WINDOWS\SYSTEM32\dhcpcsvc6.DLL
0x00007ffff4d70000 - 0x00007ffff4d8d000 	C:\WINDOWS\SYSTEM32\dhcpcsvc.DLL
0x00007fffd47d0000 - 0x00007fffd4842000 	C:\Users\ervin_1nmnhvl\AppData\Local\Temp\lwjglervin_1nmnhvl\3.2.2-build-10\lwjgl.dll
0x00007fffc8d80000 - 0x00007fffc8fd1000 	C:\Users\ERVIN_~1\AppData\Local\Temp\lwjglervin_1nmnhvl\3.2.2-build-10\jemalloc.dll
0x00007fffd4770000 - 0x00007fffd47ce000 	C:\Users\ERVIN_~1\AppData\Local\Temp\lwjglervin_1nmnhvl\3.2.2-build-10\glfw.dll
0x00007ffffdc10000 - 0x00007ffffdcaf000 	C:\WINDOWS\system32\uxtheme.dll
0x00007fffd3110000 - 0x00007fffd3155000 	C:\WINDOWS\SYSTEM32\dinput8.dll
0x00007fffeafa0000 - 0x00007fffeafb1000 	C:\WINDOWS\SYSTEM32\xinput1_4.dll
0x00007ff8005c0000 - 0x00007ff80060e000 	C:\WINDOWS\System32\cfgmgr32.dll
0x00007ff8000e0000 - 0x00007ff80010c000 	C:\WINDOWS\SYSTEM32\DEVOBJ.dll
0x00007ffffdde0000 - 0x00007ffffde0f000 	C:\WINDOWS\SYSTEM32\dwmapi.dll
0x00007ffff0080000 - 0x00007ffff01d2000 	C:\WINDOWS\SYSTEM32\inputhost.dll
0x00007ff800e00000 - 0x00007ff800ecd000 	C:\WINDOWS\System32\OLEAUT32.dll
0x00007ffffd730000 - 0x00007ffffd822000 	C:\WINDOWS\SYSTEM32\CoreMessaging.dll
0x00007ffffb8b0000 - 0x00007ffffb9a7000 	C:\WINDOWS\SYSTEM32\PROPSYS.dll
0x00007ffffcd00000 - 0x00007ffffce56000 	C:\WINDOWS\SYSTEM32\wintypes.dll
0x00007ffffd3d0000 - 0x00007ffffd72e000 	C:\WINDOWS\SYSTEM32\CoreUIComponents.dll
0x00007ffffef90000 - 0x00007ffffefc3000 	C:\WINDOWS\SYSTEM32\ntmarta.dll
0x00007ffffeb30000 - 0x00007ffffeb42000 	C:\WINDOWS\SYSTEM32\kernel.appcore.dll
0x00007ff801070000 - 0x00007ff801185000 	C:\WINDOWS\System32\MSCTF.dll
0x00007ffffea50000 - 0x00007ffffea5d000 	C:\WINDOWS\SYSTEM32\HID.DLL
0x00007ff8026c0000 - 0x00007ff802b27000 	C:\WINDOWS\System32\SETUPAPI.DLL
0x00007ff800560000 - 0x00007ff8005c0000 	C:\WINDOWS\System32\WINTRUST.dll
0x00007ff800710000 - 0x00007ff80086d000 	C:\WINDOWS\System32\CRYPT32.dll
0x00007ff800050000 - 0x00007ff800062000 	C:\WINDOWS\SYSTEM32\MSASN1.dll
0x00007fffdaca0000 - 0x00007fffdadc5000 	C:\WINDOWS\SYSTEM32\opengl32.dll
0x00007fffe7fc0000 - 0x00007fffe7fec000 	C:\WINDOWS\SYSTEM32\GLU32.dll
0x00007ff800fb0000 - 0x00007ff801059000 	C:\WINDOWS\System32\clbcatq.dll
0x00007fff93330000 - 0x00007fff93fb4000 	C:\WINDOWS\SYSTEM32\ig4icd64.dll
0x00007ffffeba0000 - 0x00007ffffec93000 	C:\WINDOWS\SYSTEM32\dxgi.dll
0x00007ffffbf40000 - 0x00007ffffc1a4000 	C:\WINDOWS\SYSTEM32\d3d11.dll
0x00007ffff5810000 - 0x00007ffff6460000 	C:\WINDOWS\SYSTEM32\igd10umd64.dll
0x00007ffff6860000 - 0x00007ffff689b000 	C:\WINDOWS\SYSTEM32\dxcore.dll
0x00007fffd2d30000 - 0x00007fffd2daf000 	C:\Users\ervin_1nmnhvl\AppData\Local\Temp\lwjglervin_1nmnhvl\3.2.2-build-10\lwjgl_stb.dll
0x00007ffffa700000 - 0x00007ffffa7ae000 	C:\WINDOWS\SYSTEM32\mscms.dll
0x00007ffffa600000 - 0x00007ffffa611000 	C:\WINDOWS\SYSTEM32\ColorAdapterClient.dll
0x00007fffd21f0000 - 0x00007fffd2233000 	C:\WINDOWS\SYSTEM32\icm32.dll
0x00007ffff01e0000 - 0x00007ffff02dc000 	C:\WINDOWS\SYSTEM32\textinputframework.dll
0x00007fffcf660000 - 0x00007fffcf6b8000 	C:\Users\ervin_1nmnhvl\AppData\Local\Temp\lwjglervin_1nmnhvl\3.2.2-build-10\lwjgl_opengl.dll
0x00007fffd8f70000 - 0x00007fffd8fb2000 	C:\Users\ervin_1nmnhvl\AppData\Local\Temp\jna-2118671535\jna4090133265500963567.dll
0x00007ffff0640000 - 0x00007ffff065a000 	C:\save\modding\ervin_mod_1\build\natives\SAPIWrapper_x64.dll
0x00007ff801210000 - 0x00007ff80133a000 	C:\WINDOWS\System32\ole32.dll
0x00007fffc8440000 - 0x00007fffc85c4000 	C:\WINDOWS\System32\Speech\Common\sapi.dll
0x00007fffcf6c0000 - 0x00007fffcf6de000 	C:\WINDOWS\SYSTEM32\MSACM32.dll
0x00007fffddc00000 - 0x00007fffddc0b000 	C:\WINDOWS\SYSTEM32\msdmo.dll
0x00007fffcc940000 - 0x00007fffcc966000 	C:\WINDOWS\SYSTEM32\winmmbase.dll
0x00007ffff16e0000 - 0x00007ffff1765000 	C:\WINDOWS\System32\MMDevApi.dll
0x00007fffc8c60000 - 0x00007fffc8d74000 	C:\Users\ERVIN_~1\AppData\Local\Temp\lwjglervin_1nmnhvl\3.2.2-build-10\OpenAL.dll
0x00007fffeb120000 - 0x00007fffeb2a1000 	C:\WINDOWS\SYSTEM32\AUDIOSES.DLL
0x00007ff800150000 - 0x00007ff80019b000 	C:\WINDOWS\SYSTEM32\powrprof.dll
0x00007ff800130000 - 0x00007ff800142000 	C:\WINDOWS\SYSTEM32\UMPDC.dll
0x00007ffffdcf0000 - 0x00007ffffdd04000 	C:\WINDOWS\SYSTEM32\resourcepolicyclient.dll

VM Arguments:
jvm_args: -Dforge.logging.console.level=debug -Dforge.logging.markers=SCAN,REGISTRIES,REGISTRYDUMP -XX:HeapDumpPath=MojangTricksIntelDriversForPerformance_javaw.exe_minecraft.exe.heapdump -Dos.name=Windows 10 -Dos.version=10.0 -javaagent:C:\Users\ervin_1nmnhvl\AppData\Local\JetBrains\Toolbox\apps\IDEA-U\ch-0\202.6397.94\lib\idea_rt.jar=56373:C:\Users\ervin_1nmnhvl\AppData\Local\JetBrains\Toolbox\apps\IDEA-U\ch-0\202.6397.94\bin -Dfile.encoding=UTF-8 
java_command: net.minecraftforge.userdev.LaunchTesting
java_class_path (initial): C:\Program Files (x86)\Minecraft\runtime\jre-x64\lib\charsets.jar;C:\Program Files (x86)\Minecraft\runtime\jre-x64\lib\deploy.jar;C:\Program Files (x86)\Minecraft\runtime\jre-x64\lib\ext\access-bridge-64.jar;C:\Program Files (x86)\Minecraft\runtime\jre-x64\lib\ext\cldrdata.jar;C:\Program Files (x86)\Minecraft\runtime\jre-x64\lib\ext\dnsns.jar;C:\Program Files (x86)\Minecraft\runtime\jre-x64\lib\ext\jaccess.jar;C:\Program Files (x86)\Minecraft\runtime\jre-x64\lib\ext\jfxrt.jar;C:\Program Files (x86)\Minecraft\runtime\jre-x64\lib\ext\localedata.jar;C:\Program Files (x86)\Minecraft\runtime\jre-x64\lib\ext\nashorn.jar;C:\Program Files (x86)\Minecraft\runtime\jre-x64\lib\ext\sunec.jar;C:\Program Files (x86)\Minecraft\runtime\jre-x64\lib\ext\sunjce_provider.jar;C:\Program Files (x86)\Minecraft\runtime\jre-x64\lib\ext\sunmscapi.jar;C:\Program Files (x86)\Minecraft\runtime\jre-x64\lib\ext\sunpkcs11.jar;C:\Program Files (x86)\Minecraft\runtime\jre-x64\lib\ext\zipfs.jar;C:\Program Files (x86)\Minecraft\runtime\jre-x64\lib\javaws.jar;C:\Program Files (x86)\Minecraft\runtime\jre-x64\lib\jce.jar;C:\Program Files (x86)\Minecraft\runtime\jre-x64\lib\jfr.jar;C:\Program Files (x86)\Minecraft\runtime\jre-x64\lib\jfxswt.jar;C:\Program Files (x86)\Minecraft\runtime\jre-x64\lib\jsse.jar;C:\Program Files (x86)\Minecraft\runtime\jre-x64\lib\management-agent.jar;C:\Program Files (x86)\Minecraft\runtime\jre-x64\lib\plugin.jar;C:\Program Files (x86)\Minecraft\runtime\jre-x64\lib\resources.jar;C:\Program Files (x86)\Minecraft\runtime\jre-x64\lib\rt.jar;C:\save\modding\ervin_mod_1\build\classes\java\main;C:\save\modding\ervin_mod_1\build\resources\main;C:\Users\ervin_1nmnhvl\.gradle\caches\forge_gradle\minecraft_user_repo\net\minecraftforge\forge\1.16.1-32.0.75_mapped_snapshot_20200723-1.16.1\forge-1.16.1-32.0.75_mapped_snapshot_20200723-1.16.1-recomp.jar;C:\Users\ervin_1nmnhvl\.gradle\caches\forge_gradle\minecraft_user_repo\net\minecraftforge\forge\1.16.1-32.0.75_
Launcher Type: SUN_STANDARD

Environment Variables:
JAVA_HOME=C:\Program Files\Java\jdk-11.0.4
PATH=C:\Program Files\Docker\Docker\Resources\bin;C:\ProgramData\Oracle\Java\javapath;C:\WINDOWS\system32;C:\WINDOWS;C:\WINDOWS\System32\Wbem;C:\WINDOWS\System32\WindowsPowerShell\v1.0\;C:\Program Files (x86)\cloudControl;C:\Program Files\Git\cmd;C:\bin;C:\Program Files (x86)\Windows Kits\8.1\Windows Performance Toolkit\;C:\Program Files (x86)\PuTTY\;C:\Program Files (x86)\Nodist\bin;G:\save\sdk\android\tools;G:\save\sdk\android\platform-tools;C:\boxfuse;C:\Program Files (x86)\Skype\Phone\;C:\Program Files (x86)\GtkSharp\2.12\bin;C:\Program Files (x86)\IVI Foundation\VISA\WinNT\Bin;C:\WINDOWS\system32;C:\WINDOWS;C:\WINDOWS\System32\Wbem;C:\WINDOWS\System32\WindowsPowerShell\v1.0\;;C:\WINDOWS\System32\OpenSSH\;C:\Users\ervin_1nmnhvl\AppData\Local\Microsoft\WindowsApps;
USERNAME=ervin_1nmnhvl
OS=Windows_NT
PROCESSOR_IDENTIFIER=Intel64 Family 6 Model 42 Stepping 7, GenuineIntel



---------------  S Y S T E M  ---------------

OS: Windows 10.0 , 64 bit Build 19041 (10.0.19041.546)

CPU:total 4 (2 cores per cpu, 2 threads per core) family 6 model 42 stepping 7, cmov, cx8, fxsr, mmx, sse, sse2, sse3, ssse3, sse4.1, sse4.2, popcnt, avx, aes, clmul, ht, tsc, tscinvbit

Memory: 4k page, physical 8266764k(337148k free), swap 10363916k(4148k free)

vm_info: Java HotSpot(TM) 64-Bit Server VM (25.51-b03) for windows-amd64 JRE (1.8.0_51-b16), built on Jun  8 2015 18:03:07 by "java_re" with MS VC++ 10.0 (VS2010)

time: Thu Oct 15 15:08:01 2020
elapsed time: 150 seconds (0d 0h 2m 30s)

