#
# There is insufficient memory for the Java Runtime Environment to continue.
# Native memory allocation (malloc) failed to allocate 1378400 bytes for Chunk::new
# Possible reasons:
#   The system is out of physical RAM or swap space
#   In 32 bit mode, the process size limit was hit
# Possible solutions:
#   Reduce memory load on the system
#   Increase physical memory or swap space
#   Check if swap backing store is full
#   Use 64 bit Java on a 64 bit OS
#   Decrease Java heap size (-Xmx/-Xms)
#   Decrease number of Java threads
#   Decrease Java thread stack sizes (-Xss)
#   Set larger code cache with -XX:ReservedCodeCacheSize=
# This output file may be truncated or incomplete.
#
#  Out of Memory Error (allocation.cpp:390), pid=17640, tid=13280
#
# JRE version: Java(TM) SE Runtime Environment (8.0_51-b16) (build 1.8.0_51-b16)
# Java VM: Java HotSpot(TM) 64-Bit Server VM (25.51-b03 mixed mode windows-amd64 compressed oops)
# Failed to write core dump. Minidumps are not enabled by default on client versions of Windows
#

---------------  T H R E A D  ---------------

Current thread (0x000000001934a800):  JavaThread "C2 CompilerThread0" daemon [_thread_in_native, id=13280, stack(0x0000000019610000,0x0000000019710000)]

Stack: [0x0000000019610000,0x0000000019710000]
Native frames: (J=compiled Java code, j=interpreted, Vv=VM code, C=native code)
V  [jvm.dll+0x32b4ca]
V  [jvm.dll+0x2797e3]
V  [jvm.dll+0x27a479]
V  [jvm.dll+0x271765]
V  [jvm.dll+0xcba02]
V  [jvm.dll+0xcbecc]
V  [jvm.dll+0x492ad7]
V  [jvm.dll+0x45f98a]
V  [jvm.dll+0x46a7cb]
V  [jvm.dll+0x46cde2]
V  [jvm.dll+0x4501a2]
V  [jvm.dll+0xa43a2]
V  [jvm.dll+0xa4cdf]
V  [jvm.dll+0x2418a4]
V  [jvm.dll+0x29846a]
C  [msvcr100.dll+0x21d9f]
C  [msvcr100.dll+0x21e3b]
C  [KERNEL32.DLL+0x17034]
C  [ntdll.dll+0x4cec1]


Current CompileTask:
C2: 210536 21767   !   4       net.minecraft.client.renderer.WorldRenderer::updateCameraAndRender (2778 bytes)


---------------  P R O C E S S  ---------------

Java Threads: ( => current thread )
  0x0000000019caf800 JavaThread "Worker-Main-18" daemon [_thread_blocked, id=18808, stack(0x0000000026de0000,0x0000000026ee0000)]
  0x0000000019caa800 JavaThread "Sound engine" daemon [_thread_blocked, id=14828, stack(0x0000000056bb0000,0x0000000056cb0000)]
  0x0000000019cb5000 JavaThread "Worker-Main-17" daemon [_thread_blocked, id=18568, stack(0x0000000056890000,0x0000000056990000)]
  0x0000000019cb4000 JavaThread "Netty Server IO #1" daemon [_thread_in_native, id=312, stack(0x0000000048c50000,0x0000000048d50000)]
  0x0000000019cb3800 JavaThread "Netty Local Client IO #0" daemon [_thread_blocked, id=7932, stack(0x0000000031680000,0x0000000031780000)]
  0x0000000019cb2800 JavaThread "Netty Server IO #0" daemon [_thread_in_native, id=19232, stack(0x0000000048b50000,0x0000000048c50000)]
  0x0000000019cb2000 JavaThread "ObjectCleanerThread" daemon [_thread_blocked, id=16964, stack(0x00000000487f0000,0x00000000488f0000)]
  0x0000000019cb1000 JavaThread "Java2D Disposer" daemon [_thread_blocked, id=9312, stack(0x0000000047e40000,0x0000000047f40000)]
  0x0000000019ca9800 JavaThread "IO-Worker-16" [_thread_blocked, id=2876, stack(0x0000000031480000,0x0000000031580000)]
  0x0000000019cac000 JavaThread "IO-Worker-15" [_thread_blocked, id=16164, stack(0x0000000031380000,0x0000000031480000)]
  0x0000000019caf000 JavaThread "IO-Worker-14" [_thread_blocked, id=4680, stack(0x0000000045b10000,0x0000000045c10000)]
  0x0000000019cae000 JavaThread "IO-Worker-13" [_thread_blocked, id=5944, stack(0x0000000045a10000,0x0000000045b10000)]
  0x0000000019cac800 JavaThread "Thread-11" daemon [_thread_in_native, id=15420, stack(0x000000002bcc0000,0x000000002bdc0000)]
  0x0000000019ca8000 JavaThread "Server thread" [_thread_blocked, id=12160, stack(0x000000002ba50000,0x000000002bb50000)]
  0x0000000019ca7800 JavaThread "Snooper Timer" daemon [_thread_blocked, id=15868, stack(0x0000000029a20000,0x0000000029b20000)]
  0x0000000019cab000 JavaThread "Worker-Main-7" daemon [_thread_blocked, id=19156, stack(0x0000000029b20000,0x0000000029c20000)]
  0x000000002080b800 JavaThread "Narrator" [_thread_blocked, id=17432, stack(0x000000002a890000,0x000000002a990000)]
  0x000000002080b000 JavaThread "Snooper Timer" daemon [_thread_blocked, id=9084, stack(0x00000000277e0000,0x00000000278e0000)]
  0x000000002080a000 JavaThread "Timer hack thread" daemon [_thread_blocked, id=6156, stack(0x00000000276e0000,0x00000000277e0000)]
  0x0000000019f5d800 JavaThread "pool-3-thread-1" [_thread_blocked, id=12872, stack(0x000000001bf20000,0x000000001c020000)]
  0x000000001ab9f000 JavaThread "Thread-2" daemon [_thread_in_native, id=18224, stack(0x000000001c120000,0x000000001c220000)]
  0x000000001ab9d000 JavaThread "Thread-1" daemon [_thread_blocked, id=2392, stack(0x000000001c020000,0x000000001c120000)]
  0x000000001997e800 JavaThread "Service Thread" daemon [_thread_blocked, id=15852, stack(0x000000001a110000,0x000000001a210000)]
  0x00000000194f7000 JavaThread "C1 CompilerThread2" daemon [_thread_blocked, id=7736, stack(0x0000000019810000,0x0000000019910000)]
  0x0000000017c1a000 JavaThread "C2 CompilerThread1" daemon [_thread_blocked, id=17572, stack(0x0000000019710000,0x0000000019810000)]
=>0x000000001934a800 JavaThread "C2 CompilerThread0" daemon [_thread_in_native, id=13280, stack(0x0000000019610000,0x0000000019710000)]
  0x0000000019349800 JavaThread "Monitor Ctrl-Break" daemon [_thread_in_native, id=10872, stack(0x0000000019510000,0x0000000019610000)]
  0x0000000017bd1800 JavaThread "Attach Listener" daemon [_thread_blocked, id=15192, stack(0x0000000019010000,0x0000000019110000)]
  0x0000000017bd0000 JavaThread "Signal Dispatcher" daemon [_thread_blocked, id=8612, stack(0x0000000018f10000,0x0000000019010000)]
  0x0000000002f29800 JavaThread "Finalizer" daemon [_thread_blocked, id=15992, stack(0x0000000018e10000,0x0000000018f10000)]
  0x0000000002f26000 JavaThread "Reference Handler" daemon [_thread_blocked, id=18596, stack(0x0000000018d10000,0x0000000018e10000)]
  0x0000000002e32800 JavaThread "Render thread" [_thread_blocked, id=10356, stack(0x0000000002d30000,0x0000000002e30000)]

Other Threads:
  0x0000000017b89000 VMThread [stack: 0x0000000018c10000,0x0000000018d10000] [id=15084]
  0x00000000199ae800 WatcherThread [stack: 0x000000001a210000,0x000000001a310000] [id=2096]

VM state:at safepoint (normal execution)

VM Mutex/Monitor currently owned by a thread:  ([mutex/lock_event])
[0x0000000002e38630] Threads_lock - owner thread: 0x0000000017b89000
[0x0000000002e300d0] Heap_lock - owner thread: 0x0000000019caf800

Heap:
 PSYoungGen      total 491008K, used 300032K [0x00000000d5f00000, 0x0000000100000000, 0x0000000100000000)
  eden space 300032K, 100% used [0x00000000d5f00000,0x00000000e8400000,0x00000000e8400000)
  from space 190976K, 0% used [0x00000000f4580000,0x00000000f4580000,0x0000000100000000)
  to   space 194560K, 0% used [0x00000000e8400000,0x00000000e8400000,0x00000000f4200000)
 ParOldGen       total 847872K, used 847689K [0x0000000081c00000, 0x00000000b5800000, 0x00000000d5f00000)
  object space 847872K, 99% used [0x0000000081c00000,0x00000000b57d24b8,0x00000000b5800000)
 Metaspace       used 97841K, capacity 110798K, committed 110848K, reserved 1142784K
  class space    used 15028K, capacity 18423K, committed 18432K, reserved 1048576K

Card table byte_map: [0x0000000012420000,0x0000000012820000] byte_map_base: 0x0000000012012000

Marking Bits: (ParMarkBitMap*) 0x000000005ac64040
 Begin Bits: [0x0000000012ed0000, 0x0000000014e60000)
 End Bits:   [0x0000000014e60000, 0x0000000016df0000)

Polling page: 0x0000000002cd0000

CodeCache: size=245760Kb used=50487Kb max_used=51459Kb free=195272Kb
 bounds [0x0000000003060000, 0x0000000006300000, 0x0000000012060000]
 total_blobs=16691 nmethods=14989 adapters=1610
 compilation: enabled

Compilation events (10 events):
Event: 210.159 Thread 0x00000000194f7000 21784       3       net.minecraft.client.renderer.RenderType::getEntityCutoutNoCull (6 bytes)
Event: 210.160 Thread 0x00000000194f7000 nmethod 21784 0x0000000005bf0550 code [0x0000000005bf06c0, 0x0000000005bf0828]
Event: 210.160 Thread 0x00000000194f7000 21785       3       net.minecraft.client.renderer.RenderType$State$Builder::shadeModel (7 bytes)
Event: 210.161 Thread 0x00000000194f7000 nmethod 21785 0x0000000005bf0150 code [0x0000000005bf02a0, 0x0000000005bf0410]
Event: 210.189 Thread 0x0000000017c1a000 21786       4       net.minecraft.client.renderer.culling.ClippingHelper::isBoxInFrustum (75 bytes)
Event: 210.189 Thread 0x00000000194f7000 21787       3       net.minecraft.entity.Entity::isAlive (13 bytes)
Event: 210.190 Thread 0x00000000194f7000 nmethod 21787 0x0000000005888e10 code [0x0000000005888f60, 0x0000000005889110]
Event: 210.196 Thread 0x0000000017c1a000 nmethod 21786 0x0000000005888410 code [0x0000000005888580, 0x0000000005888798]
Event: 210.273 Thread 0x0000000017c1a000 21788       4       net.minecraft.client.renderer.vertex.VertexBuffer::draw (23 bytes)
Event: 210.288 Thread 0x0000000017c1a000 nmethod 21788 0x0000000005651910 code [0x0000000005651b20, 0x00000000056522e0]

GC Heap History (10 events):
Event: 197.552 GC heap after
Heap after GC invocations=195 (full 17):
 PSYoungGen      total 491008K, used 46301K [0x00000000d5f00000, 0x0000000100000000, 0x0000000100000000)
  eden space 300032K, 15% used [0x00000000d5f00000,0x00000000d8c37770,0x00000000e8400000)
  from space 190976K, 0% used [0x00000000f4580000,0x00000000f4580000,0x0000000100000000)
  to   space 194560K, 0% used [0x00000000e8400000,0x00000000e8400000,0x00000000f4200000)
 ParOldGen       total 847872K, used 847693K [0x0000000081c00000, 0x00000000b5800000, 0x00000000d5f00000)
  object space 847872K, 99% used [0x0000000081c00000,0x00000000b57d3760,0x00000000b5800000)
 Metaspace       used 97744K, capacity 110670K, committed 110848K, reserved 1142784K
  class space    used 15026K, capacity 18423K, committed 18432K, reserved 1048576K
}
Event: 199.375 GC heap before
{Heap before GC invocations=196 (full 18):
 PSYoungGen      total 491008K, used 300032K [0x00000000d5f00000, 0x0000000100000000, 0x0000000100000000)
  eden space 300032K, 100% used [0x00000000d5f00000,0x00000000e8400000,0x00000000e8400000)
  from space 190976K, 0% used [0x00000000f4580000,0x00000000f4580000,0x0000000100000000)
  to   space 194560K, 0% used [0x00000000e8400000,0x00000000e8400000,0x00000000f4200000)
 ParOldGen       total 847872K, used 847693K [0x0000000081c00000, 0x00000000b5800000, 0x00000000d5f00000)
  object space 847872K, 99% used [0x0000000081c00000,0x00000000b57d3760,0x00000000b5800000)
 Metaspace       used 97778K, capacity 110694K, committed 110848K, reserved 1142784K
  class space    used 15026K, capacity 18423K, committed 18432K, reserved 1048576K
Event: 200.371 GC heap after
Heap after GC invocations=196 (full 18):
 PSYoungGen      total 491008K, used 49545K [0x00000000d5f00000, 0x0000000100000000, 0x0000000100000000)
  eden space 300032K, 16% used [0x00000000d5f00000,0x00000000d8f625d8,0x00000000e8400000)
  from space 190976K, 0% used [0x00000000f4580000,0x00000000f4580000,0x0000000100000000)
  to   space 194560K, 0% used [0x00000000e8400000,0x00000000e8400000,0x00000000f4200000)
 ParOldGen       total 847872K, used 847693K [0x0000000081c00000, 0x00000000b5800000, 0x00000000d5f00000)
  object space 847872K, 99% used [0x0000000081c00000,0x00000000b57d3760,0x00000000b5800000)
 Metaspace       used 97778K, capacity 110694K, committed 110848K, reserved 1142784K
  class space    used 15026K, capacity 18423K, committed 18432K, reserved 1048576K
}
Event: 201.978 GC heap before
{Heap before GC invocations=197 (full 19):
 PSYoungGen      total 491008K, used 300032K [0x00000000d5f00000, 0x0000000100000000, 0x0000000100000000)
  eden space 300032K, 100% used [0x00000000d5f00000,0x00000000e8400000,0x00000000e8400000)
  from space 190976K, 0% used [0x00000000f4580000,0x00000000f4580000,0x0000000100000000)
  to   space 194560K, 0% used [0x00000000e8400000,0x00000000e8400000,0x00000000f4200000)
 ParOldGen       total 847872K, used 847693K [0x0000000081c00000, 0x00000000b5800000, 0x00000000d5f00000)
  object space 847872K, 99% used [0x0000000081c00000,0x00000000b57d3760,0x00000000b5800000)
 Metaspace       used 97803K, capacity 110710K, committed 110848K, reserved 1142784K
  class space    used 15026K, capacity 18423K, committed 18432K, reserved 1048576K
Event: 202.994 GC heap after
Heap after GC invocations=197 (full 19):
 PSYoungGen      total 491008K, used 47754K [0x00000000d5f00000, 0x0000000100000000, 0x0000000100000000)
  eden space 300032K, 15% used [0x00000000d5f00000,0x00000000d8da2a08,0x00000000e8400000)
  from space 190976K, 0% used [0x00000000f4580000,0x00000000f4580000,0x0000000100000000)
  to   space 194560K, 0% used [0x00000000e8400000,0x00000000e8400000,0x00000000f4200000)
 ParOldGen       total 847872K, used 847693K [0x0000000081c00000, 0x00000000b5800000, 0x00000000d5f00000)
  object space 847872K, 99% used [0x0000000081c00000,0x00000000b57d3760,0x00000000b5800000)
 Metaspace       used 97803K, capacity 110710K, committed 110848K, reserved 1142784K
  class space    used 15026K, capacity 18423K, committed 18432K, reserved 1048576K
}
Event: 204.442 GC heap before
{Heap before GC invocations=198 (full 20):
 PSYoungGen      total 491008K, used 300032K [0x00000000d5f00000, 0x0000000100000000, 0x0000000100000000)
  eden space 300032K, 100% used [0x00000000d5f00000,0x00000000e8400000,0x00000000e8400000)
  from space 190976K, 0% used [0x00000000f4580000,0x00000000f4580000,0x0000000100000000)
  to   space 194560K, 0% used [0x00000000e8400000,0x00000000e8400000,0x00000000f4200000)
 ParOldGen       total 847872K, used 847693K [0x0000000081c00000, 0x00000000b5800000, 0x00000000d5f00000)
  object space 847872K, 99% used [0x0000000081c00000,0x00000000b57d3760,0x00000000b5800000)
 Metaspace       used 97818K, capacity 110790K, committed 110848K, reserved 1142784K
  class space    used 15026K, capacity 18423K, committed 18432K, reserved 1048576K
Event: 205.444 GC heap after
Heap after GC invocations=198 (full 20):
 PSYoungGen      total 491008K, used 48199K [0x00000000d5f00000, 0x0000000100000000, 0x0000000100000000)
  eden space 300032K, 16% used [0x00000000d5f00000,0x00000000d8e11c70,0x00000000e8400000)
  from space 190976K, 0% used [0x00000000f4580000,0x00000000f4580000,0x0000000100000000)
  to   space 194560K, 0% used [0x00000000e8400000,0x00000000e8400000,0x00000000f4200000)
 ParOldGen       total 847872K, used 847692K [0x0000000081c00000, 0x00000000b5800000, 0x00000000d5f00000)
  object space 847872K, 99% used [0x0000000081c00000,0x00000000b57d32e0,0x00000000b5800000)
 Metaspace       used 97818K, capacity 110790K, committed 110848K, reserved 1142784K
  class space    used 15026K, capacity 18423K, committed 18432K, reserved 1048576K
}
Event: 207.017 GC heap before
{Heap before GC invocations=199 (full 21):
 PSYoungGen      total 491008K, used 300032K [0x00000000d5f00000, 0x0000000100000000, 0x0000000100000000)
  eden space 300032K, 100% used [0x00000000d5f00000,0x00000000e8400000,0x00000000e8400000)
  from space 190976K, 0% used [0x00000000f4580000,0x00000000f4580000,0x0000000100000000)
  to   space 194560K, 0% used [0x00000000e8400000,0x00000000e8400000,0x00000000f4200000)
 ParOldGen       total 847872K, used 847692K [0x0000000081c00000, 0x00000000b5800000, 0x00000000d5f00000)
  object space 847872K, 99% used [0x0000000081c00000,0x00000000b57d32e0,0x00000000b5800000)
 Metaspace       used 97832K, capacity 110790K, committed 110848K, reserved 1142784K
  class space    used 15028K, capacity 18423K, committed 18432K, reserved 1048576K
Event: 208.769 GC heap after
Heap after GC invocations=199 (full 21):
 PSYoungGen      total 491008K, used 48922K [0x00000000d5f00000, 0x0000000100000000, 0x0000000100000000)
  eden space 300032K, 16% used [0x00000000d5f00000,0x00000000d8ec6960,0x00000000e8400000)
  from space 190976K, 0% used [0x00000000f4580000,0x00000000f4580000,0x0000000100000000)
  to   space 194560K, 0% used [0x00000000e8400000,0x00000000e8400000,0x00000000f4200000)
 ParOldGen       total 847872K, used 847689K [0x0000000081c00000, 0x00000000b5800000, 0x00000000d5f00000)
  object space 847872K, 99% used [0x0000000081c00000,0x00000000b57d24b8,0x00000000b5800000)
 Metaspace       used 97832K, capacity 110790K, committed 110848K, reserved 1142784K
  class space    used 15028K, capacity 18423K, committed 18432K, reserved 1048576K
}
Event: 210.291 GC heap before
{Heap before GC invocations=200 (full 22):
 PSYoungGen      total 491008K, used 300032K [0x00000000d5f00000, 0x0000000100000000, 0x0000000100000000)
  eden space 300032K, 100% used [0x00000000d5f00000,0x00000000e8400000,0x00000000e8400000)
  from space 190976K, 0% used [0x00000000f4580000,0x00000000f4580000,0x0000000100000000)
  to   space 194560K, 0% used [0x00000000e8400000,0x00000000e8400000,0x00000000f4200000)
 ParOldGen       total 847872K, used 847689K [0x0000000081c00000, 0x00000000b5800000, 0x00000000d5f00000)
  object space 847872K, 99% used [0x0000000081c00000,0x00000000b57d24b8,0x00000000b5800000)
 Metaspace       used 97841K, capacity 110798K, committed 110848K, reserved 1142784K
  class space    used 15028K, capacity 18423K, committed 18432K, reserved 1048576K

Deoptimization events (10 events):
Event: 194.866 Thread 0x0000000019cab000 Uncommon trap: reason=unstable_if action=reinterpret pc=0x00000000045f624c method=it.unimi.dsi.fastutil.objects.Object2ByteLinkedOpenHashMap.moveIndexToFirst(I)V @ 13
Event: 195.638 Thread 0x0000000019cab000 Uncommon trap: reason=unstable_if action=reinterpret pc=0x000000000599e384 method=java.util.BitSet.clear(II)V @ 21
Event: 199.182 Thread 0x0000000019caf800 Uncommon trap: reason=class_check action=maybe_recompile pc=0x00000000054a1294 method=java.util.concurrent.CompletableFuture.uniWhenComplete(Ljava/util/concurrent/CompletableFuture;Ljava/util/function/BiConsumer;Ljava/util/concurrent/CompletableFuture$UniWdG™Ãäåh@
Event: 199.184 Thread 0x0000000019caf800 Uncommon trap: reason=class_check action=maybe_recompile pc=0x00000000054a1294 method=java.util.concurrent.CompletableFuture.uniWhenComplete(Ljava/util/concurrent/CompletableFuture;Ljava/util/function/BiConsumer;Ljava/util/concurrent/CompletableFuture$UniW
Event: 203.614 Thread 0x0000000019caf800 Uncommon trap: reason=unstable_if action=reinterpret pc=0x0000000005e0a554 method=java.util.concurrent.CompletableFuture$UniCompose.tryFire(I)Ljava/util/concurrent/CompletableFuture; @ 6
Event: 204.428 Thread 0x0000000019cab000 Uncommon trap: reason=unstable_if action=reinterpret pc=0x00000000053c8cbc method=java.util.concurrent.locks.AbstractQueuedSynchronizer.enq(Ljava/util/concurrent/locks/AbstractQueuedSynchronizer$Node;)Ljava/util/concurrent/locks/AbstractQueuedSynchronizer$	'XÒ@Úi@
Event: 206.820 Thread 0x0000000002e32800 Uncommon trap: reason=unstable_if action=reinterpret pc=0x00000000037ddf44 method=net.minecraft.entity.LivingEntity.getMovementSpeed()Z @ 30
Event: 208.986 Thread 0x0000000002e32800 Uncommon trap: reason=unstable_if action=reinterpret pc=0x00000000055a3778 method=net.minecraft.client.renderer.culling.ClippingHelper.isBoxInFrustumRaw(FFFFFF)Z @ 196
Event: 209.110 Thread 0x0000000002e32800 Uncommon trap: reason=unstable_if action=reinterpret pc=0x0000000004d015bc method=net.minecraft.client.renderer.culling.ClippingHelper.isBoxInFrustumRaw(FFFFFF)Z @ 196
Event: 209.194 Thread 0x0000000002e32800 Uncommon trap: reason=unstable_if action=reinterpret pc=0x000000000559e1bc method=net.minecraft.client.renderer.culling.ClippingHelper.isBoxInFrustumRaw(FFFFFF)Z @ 196

Internal exceptions (10 events):
Event: 206.249 Thread 0x0000000019ca8000 Exception <a 'sun/nio/fs/WindowsException'> (0x00000000e043c140) thrown at [C:\re\workspace\8-2-build-windows-amd64-cygwin\jdk8u51\3951\hotspot\src\share\vm\prims\jni.cpp, line 709]
Event: 206.249 Thread 0x0000000019ca8000 Exception <a 'sun/nio/fs/WindowsException'> (0x00000000e043c6d0) thrown at [C:\re\workspace\8-2-build-windows-amd64-cygwin\jdk8u51\3951\hotspot\src\share\vm\prims\jni.cpp, line 709]
Event: 206.249 Thread 0x0000000019ca8000 Exception <a 'sun/nio/fs/WindowsException'> (0x00000000e043d3b8) thrown at [C:\re\workspace\8-2-build-windows-amd64-cygwin\jdk8u51\3951\hotspot\src\share\vm\prims\jni.cpp, line 709]
Event: 206.249 Thread 0x0000000019ca8000 Exception <a 'sun/nio/fs/WindowsException'> (0x00000000e043da18) thrown at [C:\re\workspace\8-2-build-windows-amd64-cygwin\jdk8u51\3951\hotspot\src\share\vm\prims\jni.cpp, line 709]
Event: 209.808 Thread 0x0000000019ca8000 Exception <a 'sun/nio/fs/WindowsException'> (0x00000000e24062b0) thrown at [C:\re\workspace\8-2-build-windows-amd64-cygwin\jdk8u51\3951\hotspot\src\share\vm\prims\jni.cpp, line 709]
Event: 209.808 Thread 0x0000000019ca8000 Exception <a 'sun/nio/fs/WindowsException'> (0x00000000e2406800) thrown at [C:\re\workspace\8-2-build-windows-amd64-cygwin\jdk8u51\3951\hotspot\src\share\vm\prims\jni.cpp, line 709]
Event: 209.808 Thread 0x0000000019ca8000 Exception <a 'sun/nio/fs/WindowsException'> (0x00000000e2407528) thrown at [C:\re\workspace\8-2-build-windows-amd64-cygwin\jdk8u51\3951\hotspot\src\share\vm\prims\jni.cpp, line 709]
Event: 209.808 Thread 0x0000000019ca8000 Exception <a 'sun/nio/fs/WindowsException'> (0x00000000e2407a78) thrown at [C:\re\workspace\8-2-build-windows-amd64-cygwin\jdk8u51\3951\hotspot\src\share\vm\prims\jni.cpp, line 709]
Event: 209.809 Thread 0x0000000019ca8000 Exception <a 'sun/nio/fs/WindowsException'> (0x00000000e24086e0) thrown at [C:\re\workspace\8-2-build-windows-amd64-cygwin\jdk8u51\3951\hotspot\src\share\vm\prims\jni.cpp, line 709]
Event: 209.809 Thread 0x0000000019ca8000 Exception <a 'sun/nio/fs/WindowsException'> (0x00000000e2408cc0) thrown at [C:\re\workspace\8-2-build-windows-amd64-cygwin\jdk8u51\3951\hotspot\src\share\vm\prims\jni.cpp, line 709]

Events (10 events):
Event: 209.330 Thread 0x0000000002e32800 DEOPT UNPACKING pc=0x00000000030a787f sp=0x0000000002e2d900 mode 0
Event: 209.670 Thread 0x0000000002e32800 DEOPT PACKING pc=0x00000000060e0ad1 sp=0x0000000002e2db10
Event: 209.670 Thread 0x0000000002e32800 DEOPT UNPACKING pc=0x00000000030a787f sp=0x0000000002e2d900 mode 0
Event: 209.685 Thread 0x0000000002e32800 DEOPT PACKING pc=0x0000000006280bca sp=0x0000000002e2dd00
Event: 209.685 Thread 0x0000000002e32800 DEOPT UNPACKING pc=0x00000000030a787f sp=0x0000000002e2dd60 mode 0
Event: 210.020 Thread 0x0000000002e32800 DEOPT PACKING pc=0x00000000060e0ad1 sp=0x0000000002e2db10
Event: 210.020 Thread 0x0000000002e32800 DEOPT UNPACKING pc=0x00000000030a787f sp=0x0000000002e2d900 mode 0
Event: 210.189 Thread 0x0000000002e32800 DEOPT PACKING pc=0x00000000060e0ad1 sp=0x0000000002e2db10
Event: 210.189 Thread 0x0000000002e32800 DEOPT UNPACKING pc=0x00000000030a787f sp=0x0000000002e2d900 mode 0
Event: 210.290 Executing VM operation: ParallelGCFailedAllocation


Dynamic libraries:
0x00007ff744eb0000 - 0x00007ff744ee7000 	C:\Program Files (x86)\Minecraft\runtime\jre-x64\bin\java.exe
0x00007ffa00410000 - 0x00007ffa00606000 	C:\WINDOWS\SYSTEM32\ntdll.dll
0x00007ff9ffb50000 - 0x00007ff9ffc0d000 	C:\WINDOWS\System32\KERNEL32.DLL
0x00007ff9fe1b0000 - 0x00007ff9fe478000 	C:\WINDOWS\System32\KERNELBASE.dll
0x00007ffa00320000 - 0x00007ffa003ca000 	C:\WINDOWS\System32\ADVAPI32.dll
0x00007ff9ff850000 - 0x00007ff9ff8ee000 	C:\WINDOWS\System32\msvcrt.dll
0x00007ff9feee0000 - 0x00007ff9fef7b000 	C:\WINDOWS\System32\sechost.dll
0x00007ff9ffdc0000 - 0x00007ff9ffee4000 	C:\WINDOWS\System32\RPCRT4.dll
0x00007ff9fff20000 - 0x00007ffa000c0000 	C:\WINDOWS\System32\USER32.dll
0x00007ff9fe0d0000 - 0x00007ff9fe0f2000 	C:\WINDOWS\System32\win32u.dll
0x00007ff9fe480000 - 0x00007ff9fe4aa000 	C:\WINDOWS\System32\GDI32.dll
0x00007ff9fdfc0000 - 0x00007ff9fe0c9000 	C:\WINDOWS\System32\gdi32full.dll
0x00007ff9fdec0000 - 0x00007ff9fdf5d000 	C:\WINDOWS\System32\msvcp_win.dll
0x00007ff9fdd70000 - 0x00007ff9fde70000 	C:\WINDOWS\System32\ucrtbase.dll
0x00007ff9fce70000 - 0x00007ff9fd10b000 	C:\WINDOWS\WinSxS\amd64_microsoft.windows.common-controls_6595b64144ccf1df_6.0.19041.488_none_ca04af081b815d21\COMCTL32.dll
0x00007ff9feb50000 - 0x00007ff9feb80000 	C:\WINDOWS\System32\IMM32.DLL
0x000000005acf0000 - 0x000000005adc2000 	C:\Program Files (x86)\Minecraft\runtime\jre-x64\bin\msvcr100.dll
0x000000005a460000 - 0x000000005ace3000 	C:\Program Files (x86)\Minecraft\runtime\jre-x64\bin\server\jvm.dll
0x00007ff9ffc10000 - 0x00007ff9ffc18000 	C:\WINDOWS\System32\PSAPI.DLL
0x00007ff9f5d10000 - 0x00007ff9f5d1a000 	C:\WINDOWS\SYSTEM32\VERSION.dll
0x00007ff9f6380000 - 0x00007ff9f63a7000 	C:\WINDOWS\SYSTEM32\WINMM.dll
0x00007ff9d9510000 - 0x00007ff9d9519000 	C:\WINDOWS\SYSTEM32\WSOCK32.dll
0x00007ff9ffc20000 - 0x00007ff9ffc8b000 	C:\WINDOWS\System32\WS2_32.dll
0x000000005a450000 - 0x000000005a45f000 	C:\Program Files (x86)\Minecraft\runtime\jre-x64\bin\verify.dll
0x000000005a420000 - 0x000000005a449000 	C:\Program Files (x86)\Minecraft\runtime\jre-x64\bin\java.dll
0x000000005a3f0000 - 0x000000005a413000 	C:\Program Files (x86)\Minecraft\runtime\jre-x64\bin\instrument.dll
0x000000005a3d0000 - 0x000000005a3e6000 	C:\Program Files (x86)\Minecraft\runtime\jre-x64\bin\zip.dll
0x00007ff9ff110000 - 0x00007ff9ff850000 	C:\WINDOWS\System32\SHELL32.dll
0x00007ff9fadb0000 - 0x00007ff9fb544000 	C:\WINDOWS\SYSTEM32\windows.storage.dll
0x00007ff9feb80000 - 0x00007ff9feed5000 	C:\WINDOWS\System32\combase.dll
0x00007ff9fcdd0000 - 0x00007ff9fcdfc000 	C:\WINDOWS\SYSTEM32\Wldp.dll
0x00007ff9ffd10000 - 0x00007ff9ffdbe000 	C:\WINDOWS\System32\SHCORE.dll
0x00007ff9ff8f0000 - 0x00007ff9ff945000 	C:\WINDOWS\System32\shlwapi.dll
0x00007ff9fda90000 - 0x00007ff9fdab6000 	C:\WINDOWS\SYSTEM32\profapi.dll
0x00007ff9f89e0000 - 0x00007ff9f89fa000 	C:\Users\ervin_1nmnhvl\AppData\Local\JetBrains\Toolbox\apps\IDEA-U\ch-0\202.6397.94\bin\breakgen64.dll
0x000000005a3b0000 - 0x000000005a3ca000 	C:\Program Files (x86)\Minecraft\runtime\jre-x64\bin\net.dll
0x00007ff9fcd00000 - 0x00007ff9fcd6a000 	C:\WINDOWS\system32\mswsock.dll
0x000000005a3a0000 - 0x000000005a3ad000 	C:\Program Files (x86)\Minecraft\runtime\jre-x64\bin\management.dll
0x00007ff9d8b50000 - 0x00007ff9d8b67000 	C:\WINDOWS\system32\napinsp.dll
0x00007ff9e4780000 - 0x00007ff9e479b000 	C:\WINDOWS\system32\pnrpnsp.dll
0x00007ff9f7b70000 - 0x00007ff9f7b85000 	C:\WINDOWS\system32\wshbth.dll
0x00007ff9f8770000 - 0x00007ff9f878d000 	C:\WINDOWS\system32\NLAapi.dll
0x00007ff9fc8b0000 - 0x00007ff9fc8eb000 	C:\WINDOWS\SYSTEM32\IPHLPAPI.DLL
0x00007ff9fc8f0000 - 0x00007ff9fc9bb000 	C:\WINDOWS\SYSTEM32\DNSAPI.dll
0x00007ff9fff10000 - 0x00007ff9fff19000 	C:\WINDOWS\System32\NSI.dll
0x00007ff9e8190000 - 0x00007ff9e81a2000 	C:\WINDOWS\System32\winrnr.dll
0x00007ff9ed5c0000 - 0x00007ff9ed5ca000 	C:\Windows\System32\rasadhlp.dll
0x00007ff9f0c90000 - 0x00007ff9f0d0f000 	C:\WINDOWS\System32\fwpuclnt.dll
0x00007ff9fdcc0000 - 0x00007ff9fdce7000 	C:\WINDOWS\System32\bcrypt.dll
0x000000005a380000 - 0x000000005a391000 	C:\Program Files (x86)\Minecraft\runtime\jre-x64\bin\nio.dll
0x000000005a350000 - 0x000000005a374000 	C:\Program Files (x86)\Minecraft\runtime\jre-x64\bin\sunec.dll
0x00007ff9fd820000 - 0x00007ff9fd838000 	C:\WINDOWS\SYSTEM32\CRYPTSP.dll
0x00007ff9fc470000 - 0x00007ff9fc4a4000 	C:\WINDOWS\system32\rsaenh.dll
0x00007ff9fda50000 - 0x00007ff9fda7e000 	C:\WINDOWS\SYSTEM32\USERENV.dll
0x00007ff9fdcf0000 - 0x00007ff9fdd6f000 	C:\WINDOWS\System32\bcryptprimitives.dll
0x00007ff9fcd90000 - 0x00007ff9fcd9c000 	C:\WINDOWS\SYSTEM32\CRYPTBASE.dll
0x00007ff9f3d30000 - 0x00007ff9f3d47000 	C:\WINDOWS\SYSTEM32\dhcpcsvc6.DLL
0x00007ff9f3d10000 - 0x00007ff9f3d2d000 	C:\WINDOWS\SYSTEM32\dhcpcsvc.DLL
0x00007ff9f72b0000 - 0x00007ff9f7322000 	C:\Users\ervin_1nmnhvl\AppData\Local\Temp\lwjglervin_1nmnhvl\3.2.2-build-10\lwjgl.dll
0x00007ff9f4d00000 - 0x00007ff9f4f51000 	C:\Users\ERVIN_~1\AppData\Local\Temp\lwjglervin_1nmnhvl\3.2.2-build-10\jemalloc.dll
0x00007ff9f4ca0000 - 0x00007ff9f4cfe000 	C:\Users\ERVIN_~1\AppData\Local\Temp\lwjglervin_1nmnhvl\3.2.2-build-10\glfw.dll
0x00007ff9fa6d0000 - 0x00007ff9fa76f000 	C:\WINDOWS\system32\uxtheme.dll
0x00007ff9f7260000 - 0x00007ff9f72a5000 	C:\WINDOWS\SYSTEM32\dinput8.dll
0x00007ff9f73e0000 - 0x00007ff9f73f1000 	C:\WINDOWS\SYSTEM32\xinput1_4.dll
0x00007ff9fde70000 - 0x00007ff9fdebe000 	C:\WINDOWS\System32\cfgmgr32.dll
0x00007ff9fd840000 - 0x00007ff9fd86c000 	C:\WINDOWS\SYSTEM32\DEVOBJ.dll
0x00007ff9fa8c0000 - 0x00007ff9fa8ef000 	C:\WINDOWS\SYSTEM32\dwmapi.dll
0x00007ff9ed160000 - 0x00007ff9ed2b2000 	C:\WINDOWS\SYSTEM32\inputhost.dll
0x00007ff9ffa80000 - 0x00007ff9ffb4d000 	C:\WINDOWS\System32\OLEAUT32.dll
0x00007ff9f8190000 - 0x00007ff9f8287000 	C:\WINDOWS\SYSTEM32\PROPSYS.dll
0x00007ff9f97e0000 - 0x00007ff9f9936000 	C:\WINDOWS\SYSTEM32\wintypes.dll
0x00007ff9f9eb0000 - 0x00007ff9fa20e000 	C:\WINDOWS\SYSTEM32\CoreUIComponents.dll
0x00007ff9fd7e0000 - 0x00007ff9fd813000 	C:\WINDOWS\SYSTEM32\ntmarta.dll
0x00007ff9fa210000 - 0x00007ff9fa302000 	C:\WINDOWS\SYSTEM32\CoreMessaging.dll
0x00007ff9fb630000 - 0x00007ff9fb642000 	C:\WINDOWS\SYSTEM32\kernel.appcore.dll
0x00007ff9ff960000 - 0x00007ff9ffa75000 	C:\WINDOWS\System32\MSCTF.dll
0x00007ff9fb550000 - 0x00007ff9fb55d000 	C:\WINDOWS\SYSTEM32\HID.DLL
0x00007ff9fe620000 - 0x00007ff9fea87000 	C:\WINDOWS\System32\SETUPAPI.DLL
0x00007ff9fdf60000 - 0x00007ff9fdfc0000 	C:\WINDOWS\System32\WINTRUST.dll
0x00007ff9fdb60000 - 0x00007ff9fdcbd000 	C:\WINDOWS\System32\CRYPT32.dll
0x00007ff9fd5f0000 - 0x00007ff9fd602000 	C:\WINDOWS\SYSTEM32\MSASN1.dll
0x00007ff9cd020000 - 0x00007ff9cd145000 	C:\WINDOWS\SYSTEM32\opengl32.dll
0x00007ff9f4ff0000 - 0x00007ff9f501c000 	C:\WINDOWS\SYSTEM32\GLU32.dll
0x00007ffa000c0000 - 0x00007ffa00169000 	C:\WINDOWS\System32\clbcatq.dll
0x00007ff9bfde0000 - 0x00007ff9c0a64000 	C:\WINDOWS\SYSTEM32\ig4icd64.dll
0x00007ff9fbd20000 - 0x00007ff9fbe13000 	C:\WINDOWS\SYSTEM32\dxgi.dll
0x00007ff9f8a20000 - 0x00007ff9f8c84000 	C:\WINDOWS\SYSTEM32\d3d11.dll
0x00007ff9f1950000 - 0x00007ff9f25a0000 	C:\WINDOWS\SYSTEM32\igd10umd64.dll
0x00007ff9f2a70000 - 0x00007ff9f2aab000 	C:\WINDOWS\SYSTEM32\dxcore.dll
0x00007ff9f4c20000 - 0x00007ff9f4c9f000 	C:\Users\ervin_1nmnhvl\AppData\Local\Temp\lwjglervin_1nmnhvl\3.2.2-build-10\lwjgl_stb.dll
0x00007ff9f5b90000 - 0x00007ff9f5c3e000 	C:\WINDOWS\SYSTEM32\mscms.dll
0x00007ff9f5b70000 - 0x00007ff9f5b81000 	C:\WINDOWS\SYSTEM32\ColorAdapterClient.dll
0x00007ff9f5040000 - 0x00007ff9f5083000 	C:\WINDOWS\SYSTEM32\icm32.dll
0x00007ff9ed2c0000 - 0x00007ff9ed3bc000 	C:\WINDOWS\SYSTEM32\textinputframework.dll
0x00007ff9f4bc0000 - 0x00007ff9f4c18000 	C:\Users\ervin_1nmnhvl\AppData\Local\Temp\lwjglervin_1nmnhvl\3.2.2-build-10\lwjgl_opengl.dll
0x00007ff9f4b70000 - 0x00007ff9f4bb2000 	C:\Users\ervin_1nmnhvl\AppData\Local\Temp\jna-2118671535\jna8823863578710950849.dll
0x00007ff9f7390000 - 0x00007ff9f73aa000 	C:\save\modding\ervin_mod_1\build\natives\SAPIWrapper_x64.dll
0x00007ff9fef80000 - 0x00007ff9ff0aa000 	C:\WINDOWS\System32\ole32.dll
0x00007ff9c3ea0000 - 0x00007ff9c4024000 	C:\WINDOWS\System32\Speech\Common\sapi.dll
0x00007ff9c4690000 - 0x00007ff9c46ae000 	C:\WINDOWS\SYSTEM32\MSACM32.dll
0x00007ff9fb680000 - 0x00007ff9fb68b000 	C:\WINDOWS\SYSTEM32\msdmo.dll
0x00007ff9c73a0000 - 0x00007ff9c73c6000 	C:\WINDOWS\SYSTEM32\winmmbase.dll
0x00007ff9ee3c0000 - 0x00007ff9ee445000 	C:\WINDOWS\System32\MMDevApi.dll
0x00007ff9d58c0000 - 0x00007ff9d59d4000 	C:\Users\ERVIN_~1\AppData\Local\Temp\lwjglervin_1nmnhvl\3.2.2-build-10\OpenAL.dll
0x00007ff9e8350000 - 0x00007ff9e84d1000 	C:\WINDOWS\SYSTEM32\AUDIOSES.DLL
0x00007ff9fd9c0000 - 0x00007ff9fda0b000 	C:\WINDOWS\SYSTEM32\powrprof.dll
0x00007ff9fd9a0000 - 0x00007ff9fd9b2000 	C:\WINDOWS\SYSTEM32\UMPDC.dll
0x00007ff9fa7d0000 - 0x00007ff9fa7e4000 	C:\WINDOWS\SYSTEM32\resourcepolicyclient.dll
0x000000005a1b0000 - 0x000000005a348000 	C:\Program Files (x86)\Minecraft\runtime\jre-x64\bin\awt.dll
0x00007ff9fa520000 - 0x00007ff9fa5b0000 	C:\WINDOWS\SYSTEM32\apphelp.dll
0x00007ff9fd400000 - 0x00007ff9fd5e4000 	C:\WINDOWS\SYSTEM32\dbghelp.dll

VM Arguments:
jvm_args: -Dforge.logging.console.level=debug -Dforge.logging.markers=SCAN,REGISTRIES,REGISTRYDUMP -XX:HeapDumpPath=MojangTricksIntelDriversForPerformance_javaw.exe_minecraft.exe.heapdump -Dos.name=Windows 10 -Dos.version=10.0 -javaagent:C:\Users\ervin_1nmnhvl\AppData\Local\JetBrains\Toolbox\apps\IDEA-U\ch-0\202.6397.94\lib\idea_rt.jar=49254:C:\Users\ervin_1nmnhvl\AppData\Local\JetBrains\Toolbox\apps\IDEA-U\ch-0\202.6397.94\bin -Dfile.encoding=UTF-8 
java_command: net.minecraftforge.userdev.LaunchTesting
java_class_path (initial): C:\Program Files (x86)\Minecraft\runtime\jre-x64\lib\charsets.jar;C:\Program Files (x86)\Minecraft\runtime\jre-x64\lib\deploy.jar;C:\Program Files (x86)\Minecraft\runtime\jre-x64\lib\ext\access-bridge-64.jar;C:\Program Files (x86)\Minecraft\runtime\jre-x64\lib\ext\cldrdata.jar;C:\Program Files (x86)\Minecraft\runtime\jre-x64\lib\ext\dnsns.jar;C:\Program Files (x86)\Minecraft\runtime\jre-x64\lib\ext\jaccess.jar;C:\Program Files (x86)\Minecraft\runtime\jre-x64\lib\ext\jfxrt.jar;C:\Program Files (x86)\Minecraft\runtime\jre-x64\lib\ext\localedata.jar;C:\Program Files (x86)\Minecraft\runtime\jre-x64\lib\ext\nashorn.jar;C:\Program Files (x86)\Minecraft\runtime\jre-x64\lib\ext\sunec.jar;C:\Program Files (x86)\Minecraft\runtime\jre-x64\lib\ext\sunjce_provider.jar;C:\Program Files (x86)\Minecraft\runtime\jre-x64\lib\ext\sunmscapi.jar;C:\Program Files (x86)\Minecraft\runtime\jre-x64\lib\ext\sunpkcs11.jar;C:\Program Files (x86)\Minecraft\runtime\jre-x64\lib\ext\zipfs.jar;C:\Program Files (x86)\Minecraft\runtime\jre-x64\lib\javaws.jar;C:\Program Files (x86)\Minecraft\runtime\jre-x64\lib\jce.jar;C:\Program Files (x86)\Minecraft\runtime\jre-x64\lib\jfr.jar;C:\Program Files (x86)\Minecraft\runtime\jre-x64\lib\jfxswt.jar;C:\Program Files (x86)\Minecraft\runtime\jre-x64\lib\jsse.jar;C:\Program Files (x86)\Minecraft\runtime\jre-x64\lib\management-agent.jar;C:\Program Files (x86)\Minecraft\runtime\jre-x64\lib\plugin.jar;C:\Program Files (x86)\Minecraft\runtime\jre-x64\lib\resources.jar;C:\Program Files (x86)\Minecraft\runtime\jre-x64\lib\rt.jar;C:\save\modding\ervin_mod_1\build\classes\java\main;C:\save\modding\ervin_mod_1\build\resources\main;C:\Users\ervin_1nmnhvl\.gradle\caches\forge_gradle\minecraft_user_repo\net\minecraftforge\forge\1.16.1-32.0.75_mapped_snapshot_20200723-1.16.1\forge-1.16.1-32.0.75_mapped_snapshot_20200723-1.16.1-recomp.jar;C:\Users\ervin_1nmnhvl\.gradle\caches\forge_gradle\minecraft_user_repo\net\minecraftforge\forge\1.16.1-32.0.75_
Launcher Type: SUN_STANDARD

Environment Variables:
JAVA_HOME=C:\Program Files\Java\jdk-11.0.4
PATH=C:\Program Files\Docker\Docker\Resources\bin;C:\ProgramData\Oracle\Java\javapath;C:\WINDOWS\system32;C:\WINDOWS;C:\WINDOWS\System32\Wbem;C:\WINDOWS\System32\WindowsPowerShell\v1.0\;C:\Program Files (x86)\cloudControl;C:\Program Files\Git\cmd;C:\bin;C:\Program Files (x86)\Windows Kits\8.1\Windows Performance Toolkit\;C:\Program Files (x86)\PuTTY\;C:\Program Files (x86)\Nodist\bin;G:\save\sdk\android\tools;G:\save\sdk\android\platform-tools;C:\boxfuse;C:\Program Files (x86)\Skype\Phone\;C:\Program Files (x86)\GtkSharp\2.12\bin;C:\Program Files (x86)\IVI Foundation\VISA\WinNT\Bin;C:\WINDOWS\system32;C:\WINDOWS;C:\WINDOWS\System32\Wbem;C:\WINDOWS\System32\WindowsPowerShell\v1.0\;;C:\WINDOWS\System32\OpenSSH\;C:\Users\ervin_1nmnhvl\AppData\Local\Microsoft\WindowsApps;
USERNAME=ervin_1nmnhvl
OS=Windows_NT
PROCESSOR_IDENTIFIER=Intel64 Family 6 Model 42 Stepping 7, GenuineIntel



---------------  S Y S T E M  ---------------

OS: Windows 10.0 , 64 bit Build 19041 (10.0.19041.546)

CPU:total 4 (2 cores per cpu, 2 threads per core) family 6 model 42 stepping 7, cmov, cx8, fxsr, mmx, sse, sse2, sse3, ssse3, sse4.1, sse4.2, popcnt, avx, aes, clmul, ht, tsc, tscinvbit

Memory: 4k page, physical 8266764k(312276k free), swap 10363916k(1768k free)

vm_info: Java HotSpot(TM) 64-Bit Server VM (25.51-b03) for windows-amd64 JRE (1.8.0_51-b16), built on Jun  8 2015 18:03:07 by "java_re" with MS VC++ 10.0 (VS2010)

time: Thu Nov 05 11:03:47 2020
elapsed time: 210 seconds (0d 0h 3m 30s)

