#
# There is insufficient memory for the Java Runtime Environment to continue.
# Native memory allocation (malloc) failed to allocate 32744 bytes for ChunkPool::allocate
# Possible reasons:
#   The system is out of physical RAM or swap space
#   In 32 bit mode, the process size limit was hit
# Possible solutions:
#   Reduce memory load on the system
#   Increase physical memory or swap space
#   Check if swap backing store is full
#   Use 64 bit Java on a 64 bit OS
#   Decrease Java heap size (-Xmx/-Xms)
#   Decrease number of Java threads
#   Decrease Java thread stack sizes (-Xss)
#   Set larger code cache with -XX:ReservedCodeCacheSize=
# This output file may be truncated or incomplete.
#
#  Out of Memory Error (allocation.cpp:273), pid=10508, tid=13020
#
# JRE version: Java(TM) SE Runtime Environment (8.0_51-b16) (build 1.8.0_51-b16)
# Java VM: Java HotSpot(TM) 64-Bit Server VM (25.51-b03 mixed mode windows-amd64 compressed oops)
# Failed to write core dump. Minidumps are not enabled by default on client versions of Windows
#

---------------  T H R E A D  ---------------

Current thread (0x0000000018fd1800):  JavaThread "C2 CompilerThread1" daemon [_thread_in_native, id=13020, stack(0x0000000019210000,0x0000000019310000)]

Stack: [0x0000000019210000,0x0000000019310000],  sp=0x000000001930cd50,  free space=1011k
Native frames: (J=compiled Java code, j=interpreted, Vv=VM code, C=native code)
V  [jvm.dll+0x32b4ca]


Current CompileTask:
C2: 205675 20316 %     4       net.minecraft.client.renderer.chunk.ChunkRenderDispatcher$ChunkRender$RebuildTask::compile @ 220 (609 bytes)


---------------  P R O C E S S  ---------------

Java Threads: ( => current thread )
  0x000000001a656000 JavaThread "Sound engine" daemon [_thread_blocked, id=16588, stack(0x0000000054ce0000,0x0000000054de0000)]
  0x000000001a653800 JavaThread "Server-Worker-11" daemon [_thread_blocked, id=19760, stack(0x0000000054be0000,0x0000000054ce0000)]
  0x000000001a64c000 JavaThread "Server-Worker-10" daemon [_thread_blocked, id=10040, stack(0x0000000054730000,0x0000000054830000)]
  0x000000001a653000 JavaThread "Netty Server IO #1" daemon [_thread_in_native, id=13712, stack(0x0000000053cf0000,0x0000000053df0000)]
  0x000000001a652000 JavaThread "Netty Local Client IO #0" daemon [_thread_blocked, id=11212, stack(0x0000000041dd0000,0x0000000041ed0000)]
  0x000000001a64e800 JavaThread "Keep-Alive-Timer" daemon [_thread_blocked, id=11380, stack(0x0000000040f50000,0x0000000041050000)]
  0x000000001a64d800 JavaThread "Netty Server IO #0" daemon [_thread_in_native, id=14792, stack(0x000000003ebe0000,0x000000003ece0000)]
  0x000000001a64d000 JavaThread "ObjectCleanerThread" daemon [_thread_blocked, id=11796, stack(0x000000002fe00000,0x000000002ff00000)]
  0x000000001a65b000 JavaThread "Java2D Disposer" daemon [_thread_blocked, id=11000, stack(0x0000000053bf0000,0x0000000053cf0000)]
  0x000000001a650000 JavaThread "poi IO worker" [_thread_blocked, id=3940, stack(0x000000002f2c0000,0x000000002f3c0000)]
  0x000000001a651800 JavaThread "chunk IO worker" [_thread_blocked, id=17472, stack(0x0000000022850000,0x0000000022950000)]
  0x000000001a650800 JavaThread "Thread-11" daemon [_thread_in_native, id=16124, stack(0x000000002e7c0000,0x000000002e8c0000)]
  0x0000000019b12000 JavaThread "Server thread" [_thread_blocked, id=14360, stack(0x000000002aa90000,0x000000002ab90000)]
  0x0000000019b19000 JavaThread "Snooper Timer" daemon [_thread_blocked, id=14604, stack(0x0000000027710000,0x0000000027810000)]
  0x0000000019b14800 JavaThread "Narrator" [_thread_blocked, id=19568, stack(0x0000000028df0000,0x0000000028ef0000)]
  0x000000001c2f5000 JavaThread "Timer hack thread" daemon [_thread_blocked, id=824, stack(0x0000000026640000,0x0000000026740000)]
  0x000000002146f800 JavaThread "Snooper Timer" daemon [_thread_blocked, id=14272, stack(0x0000000019e10000,0x0000000019f10000)]
  0x000000001a338000 JavaThread "pool-2-thread-1" daemon [_thread_blocked, id=8556, stack(0x0000000020710000,0x0000000020810000)]
  0x000000001a51a800 JavaThread "Thread-2" daemon [_thread_in_native, id=14524, stack(0x000000001c500000,0x000000001c600000)]
  0x000000001a519800 JavaThread "Thread-1" daemon [_thread_blocked, id=12632, stack(0x000000001b420000,0x000000001b520000)]
  0x0000000019470800 JavaThread "Service Thread" daemon [_thread_blocked, id=9528, stack(0x0000000019c10000,0x0000000019d10000)]
  0x0000000018feb000 JavaThread "C1 CompilerThread2" daemon [_thread_blocked, id=14820, stack(0x0000000019310000,0x0000000019410000)]
=>0x0000000018fd1800 JavaThread "C2 CompilerThread1" daemon [_thread_in_native, id=13020, stack(0x0000000019210000,0x0000000019310000)]
  0x0000000018fce800 JavaThread "C2 CompilerThread0" daemon [_thread_in_native, id=20064, stack(0x0000000019110000,0x0000000019210000)]
  0x0000000018f9b000 JavaThread "Monitor Ctrl-Break" daemon [_thread_in_native, id=4084, stack(0x0000000019010000,0x0000000019110000)]
  0x00000000176c5800 JavaThread "Attach Listener" daemon [_thread_blocked, id=14564, stack(0x0000000018b10000,0x0000000018c10000)]
  0x00000000176c4800 JavaThread "Signal Dispatcher" daemon [_thread_blocked, id=13000, stack(0x0000000018a10000,0x0000000018b10000)]
  0x0000000002a59800 JavaThread "Finalizer" daemon [_thread_blocked, id=12116, stack(0x0000000018910000,0x0000000018a10000)]
  0x0000000002a56000 JavaThread "Reference Handler" daemon [_thread_blocked, id=19388, stack(0x0000000018810000,0x0000000018910000)]
  0x0000000002962800 JavaThread "Render thread" [_thread_blocked, id=13760, stack(0x0000000002860000,0x0000000002960000)]

Other Threads:
  0x0000000017689000 VMThread [stack: 0x0000000018710000,0x0000000018810000] [id=19712]
  0x0000000019471800 WatcherThread [stack: 0x0000000019d10000,0x0000000019e10000] [id=4420]

VM state:at safepoint (normal execution)

VM Mutex/Monitor currently owned by a thread:  ([mutex/lock_event])
[0x0000000002968710] Threads_lock - owner thread: 0x0000000017689000
[0x0000000002961fd0] Heap_lock - owner thread: 0x000000001a519800

Heap:
 PSYoungGen      total 305664K, used 305570K [0x00000000d5f00000, 0x00000000ff780000, 0x0000000100000000)
  eden space 230400K, 100% used [0x00000000d5f00000,0x00000000e4000000,0x00000000e4000000)
  from space 75264K, 99% used [0x00000000e4000000,0x00000000e8968b80,0x00000000e8980000)
  to   space 224768K, 5% used [0x00000000f1c00000,0x00000000f2777b50,0x00000000ff780000)
 ParOldGen       total 653824K, used 512889K [0x0000000081c00000, 0x00000000a9a80000, 0x00000000d5f00000)
  object space 653824K, 78% used [0x0000000081c00000,0x00000000a10e4760,0x00000000a9a80000)
 Metaspace       used 92165K, capacity 103138K, committed 103424K, reserved 1136640K
  class space    used 13809K, capacity 16601K, committed 16640K, reserved 1048576K

Card table byte_map: [0x0000000011f50000,0x0000000012350000] byte_map_base: 0x0000000011b42000

Marking Bits: (ParMarkBitMap*) 0x0000000073934040
 Begin Bits: [0x0000000012a00000, 0x0000000014990000)
 End Bits:   [0x0000000014990000, 0x0000000016920000)

Polling page: 0x00000000009f0000

CodeCache: size=245760Kb used=48040Kb max_used=48040Kb free=197719Kb
 bounds [0x0000000002b90000, 0x0000000005ac0000, 0x0000000011b90000]
 total_blobs=16099 nmethods=14455 adapters=1551
 compilation: enabled

Compilation events (10 events):
Event: 205.615 Thread 0x0000000018feb000 20473       2       net.minecraft.entity.player.PlayerEntity::getSpeedFactor (26 bytes)
Event: 205.616 Thread 0x0000000018feb000 nmethod 20473 0x0000000005abd1d0 code [0x0000000005abd380, 0x0000000005abd5b8]
Event: 205.616 Thread 0x0000000018feb000 20474       2       net.minecraft.fluid.FlowingFluid$$Lambda$5431/1510838048::get$Lambda (10 bytes)
Event: 205.617 Thread 0x0000000018feb000 nmethod 20474 0x0000000005abd7d0 code [0x0000000005abd920, 0x0000000005abdad0]
Event: 205.617 Thread 0x0000000018feb000 20475       2       it.unimi.dsi.fastutil.shorts.Short2ObjectOpenHashMap::computeIfAbsent (45 bytes)
Event: 205.618 Thread 0x0000000018feb000 nmethod 20475 0x0000000005abdb90 code [0x0000000005abdd20, 0x0000000005abdff8]
Event: 205.618 Thread 0x0000000018feb000 20476       2       net.minecraft.fluid.FlowingFluid$$Lambda$5431/1510838048::apply (13 bytes)
Event: 205.619 Thread 0x0000000018feb000 nmethod 20476 0x0000000005abe210 code [0x0000000005abe380, 0x0000000005abe5f8]
Event: 205.619 Thread 0x0000000018feb000 20477       2       net.minecraft.fluid.FlowingFluid::func_211760_a (45 bytes)
Event: 205.620 Thread 0x0000000018feb000 nmethod 20477 0x0000000005abe7d0 code [0x0000000005abe960, 0x0000000005abec48]

GC Heap History (10 events):
Event: 191.747 GC heap before
{Heap before GC invocations=100 (full 7):
 PSYoungGen      total 445440K, used 333715K [0x00000000d5f00000, 0x00000000ff200000, 0x0000000100000000)
  eden space 230400K, 100% used [0x00000000d5f00000,0x00000000e4000000,0x00000000e4000000)
  from space 215040K, 48% used [0x00000000f2000000,0x00000000f84e4d60,0x00000000ff200000)
  to   space 222208K, 0% used [0x00000000e4000000,0x00000000e4000000,0x00000000f1900000)
 ParOldGen       total 653824K, used 455655K [0x0000000081c00000, 0x00000000a9a80000, 0x00000000d5f00000)
  object space 653824K, 69% used [0x0000000081c00000,0x000000009d8f9c40,0x00000000a9a80000)
 Metaspace       used 86975K, capacity 96898K, committed 97024K, reserved 1130496K
  class space    used 13045K, capacity 15611K, committed 15616K, reserved 1048576K
Event: 191.916 GC heap after
Heap after GC invocations=100 (full 7):
 PSYoungGen      total 452608K, used 97546K [0x00000000d5f00000, 0x00000000ff200000, 0x0000000100000000)
  eden space 230400K, 0% used [0x00000000d5f00000,0x00000000d5f00000,0x00000000e4000000)
  from space 222208K, 43% used [0x00000000e4000000,0x00000000e9f42888,0x00000000f1900000)
  to   space 211968K, 0% used [0x00000000f2300000,0x00000000f2300000,0x00000000ff200000)
 ParOldGen       total 653824K, used 455663K [0x0000000081c00000, 0x00000000a9a80000, 0x00000000d5f00000)
  object space 653824K, 69% used [0x0000000081c00000,0x000000009d8fbc40,0x00000000a9a80000)
 Metaspace       used 86975K, capacity 96898K, committed 97024K, reserved 1130496K
  class space    used 13045K, capacity 15611K, committed 15616K, reserved 1048576K
}
Event: 195.784 GC heap before
{Heap before GC invocations=101 (full 7):
 PSYoungGen      total 452608K, used 327946K [0x00000000d5f00000, 0x00000000ff200000, 0x0000000100000000)
  eden space 230400K, 100% used [0x00000000d5f00000,0x00000000e4000000,0x00000000e4000000)
  from space 222208K, 43% used [0x00000000e4000000,0x00000000e9f42888,0x00000000f1900000)
  to   space 211968K, 0% used [0x00000000f2300000,0x00000000f2300000,0x00000000ff200000)
 ParOldGen       total 653824K, used 455663K [0x0000000081c00000, 0x00000000a9a80000, 0x00000000d5f00000)
  object space 653824K, 69% used [0x0000000081c00000,0x000000009d8fbc40,0x00000000a9a80000)
 Metaspace       used 87876K, capacity 97780K, committed 97920K, reserved 1132544K
  class space    used 13166K, capacity 15712K, committed 15744K, reserved 1048576K
Event: 195.856 GC heap after
Heap after GC invocations=101 (full 7):
 PSYoungGen      total 437248K, used 80809K [0x00000000d5f00000, 0x00000000fdb00000, 0x0000000100000000)
  eden space 248832K, 0% used [0x00000000d5f00000,0x00000000d5f00000,0x00000000e5200000)
  from space 188416K, 42% used [0x00000000f2300000,0x00000000f71ea578,0x00000000fdb00000)
  to   space 201216K, 0% used [0x00000000e5200000,0x00000000e5200000,0x00000000f1680000)
 ParOldGen       total 653824K, used 455671K [0x0000000081c00000, 0x00000000a9a80000, 0x00000000d5f00000)
  object space 653824K, 69% used [0x0000000081c00000,0x000000009d8fdc40,0x00000000a9a80000)
 Metaspace       used 87876K, capacity 97780K, committed 97920K, reserved 1132544K
  class space    used 13166K, capacity 15712K, committed 15744K, reserved 1048576K
}
Event: 196.945 GC heap before
{Heap before GC invocations=102 (full 7):
 PSYoungGen      total 437248K, used 329641K [0x00000000d5f00000, 0x00000000fdb00000, 0x0000000100000000)
  eden space 248832K, 100% used [0x00000000d5f00000,0x00000000e5200000,0x00000000e5200000)
  from space 188416K, 42% used [0x00000000f2300000,0x00000000f71ea578,0x00000000fdb00000)
  to   space 201216K, 0% used [0x00000000e5200000,0x00000000e5200000,0x00000000f1680000)
 ParOldGen       total 653824K, used 455671K [0x0000000081c00000, 0x00000000a9a80000, 0x00000000d5f00000)
  object space 653824K, 69% used [0x0000000081c00000,0x000000009d8fdc40,0x00000000a9a80000)
 Metaspace       used 88778K, capacity 98858K, committed 99200K, reserved 1132544K
  class space    used 13339K, capacity 15947K, committed 16000K, reserved 1048576K
Event: 197.363 GC heap after
Heap after GC invocations=102 (full 7):
 PSYoungGen      total 450048K, used 193770K [0x00000000d5f00000, 0x0000000100000000, 0x0000000100000000)
  eden space 248832K, 0% used [0x00000000d5f00000,0x00000000d5f00000,0x00000000e5200000)
  from space 201216K, 96% used [0x00000000e5200000,0x00000000f0f3aab0,0x00000000f1680000)
  to   space 228864K, 0% used [0x00000000f2080000,0x00000000f2080000,0x0000000100000000)
 ParOldGen       total 653824K, used 455679K [0x0000000081c00000, 0x00000000a9a80000, 0x00000000d5f00000)
  object space 653824K, 69% used [0x0000000081c00000,0x000000009d8ffc40,0x00000000a9a80000)
 Metaspace       used 88778K, capacity 98858K, committed 99200K, reserved 1132544K
  class space    used 13339K, capacity 15947K, committed 16000K, reserved 1048576K
}
Event: 198.903 GC heap before
{Heap before GC invocations=103 (full 7):
 PSYoungGen      total 450048K, used 442602K [0x00000000d5f00000, 0x0000000100000000, 0x0000000100000000)
  eden space 248832K, 100% used [0x00000000d5f00000,0x00000000e5200000,0x00000000e5200000)
  from space 201216K, 96% used [0x00000000e5200000,0x00000000f0f3aab0,0x00000000f1680000)
  to   space 228864K, 0% used [0x00000000f2080000,0x00000000f2080000,0x0000000100000000)
 ParOldGen       total 653824K, used 455679K [0x0000000081c00000, 0x00000000a9a80000, 0x00000000d5f00000)
  object space 653824K, 69% used [0x0000000081c00000,0x000000009d8ffc40,0x00000000a9a80000)
 Metaspace       used 90594K, capacity 101152K, committed 101376K, reserved 1134592K
  class space    used 13613K, capacity 16350K, committed 16384K, reserved 1048576K
Event: 199.167 GC heap after
Heap after GC invocations=103 (full 7):
 PSYoungGen      total 459264K, used 144563K [0x00000000d5f00000, 0x0000000100000000, 0x0000000100000000)
  eden space 230400K, 0% used [0x00000000d5f00000,0x00000000d5f00000,0x00000000e4000000)
  from space 228864K, 63% used [0x00000000f2080000,0x00000000fadacfa8,0x0000000100000000)
  to   space 229376K, 0% used [0x00000000e4000000,0x00000000e4000000,0x00000000f2000000)
 ParOldGen       total 653824K, used 465915K [0x0000000081c00000, 0x00000000a9a80000, 0x00000000d5f00000)
  object space 653824K, 71% used [0x0000000081c00000,0x000000009e2fee98,0x00000000a9a80000)
 Metaspace       used 90594K, capacity 101152K, committed 101376K, reserved 1134592K
  class space    used 13613K, capacity 16350K, committed 16384K, reserved 1048576K
}
Event: 201.559 GC heap before
{Heap before GC invocations=104 (full 7):
 PSYoungGen      total 459264K, used 374873K [0x00000000d5f00000, 0x0000000100000000, 0x0000000100000000)
  eden space 230400K, 99% used [0x00000000d5f00000,0x00000000e3fe96d0,0x00000000e4000000)
  from space 228864K, 63% used [0x00000000f2080000,0x00000000fadacfa8,0x0000000100000000)
  to   space 229376K, 0% used [0x00000000e4000000,0x00000000e4000000,0x00000000f2000000)
 ParOldGen       total 653824K, used 465915K [0x0000000081c00000, 0x00000000a9a80000, 0x00000000d5f00000)
  object space 653824K, 71% used [0x0000000081c00000,0x000000009e2fee98,0x00000000a9a80000)
 Metaspace       used 91329K, capacity 101966K, committed 102272K, reserved 1134592K
  class space    used 13693K, capacity 16443K, committed 16512K, reserved 1048576K
Event: 201.759 GC heap after
Heap after GC invocations=104 (full 7):
 PSYoungGen      total 305664K, used 75170K [0x00000000d5f00000, 0x00000000ff780000, 0x0000000100000000)
  eden space 230400K, 0% used [0x00000000d5f00000,0x00000000d5f00000,0x00000000e4000000)
  from space 75264K, 99% used [0x00000000e4000000,0x00000000e8968b80,0x00000000e8980000)
  to   space 224768K, 0% used [0x00000000f1c00000,0x00000000f1c00000,0x00000000ff780000)
 ParOldGen       total 653824K, used 510153K [0x0000000081c00000, 0x00000000a9a80000, 0x00000000d5f00000)
  object space 653824K, 78% used [0x0000000081c00000,0x00000000a0e32618,0x00000000a9a80000)
 Metaspace       used 91329K, capacity 101966K, committed 102272K, reserved 1134592K
  class space    used 13693K, capacity 16443K, committed 16512K, reserved 1048576K
}

Deoptimization events (10 events):
Event: 204.318 Thread 0x0000000002962800 Uncommon trap: reason=class_check action=maybe_recompile pc=0x0000000005a10274 method=net.minecraft.world.IWorldReader.getBrightness(Lnet/minecraft/util/math/BlockPos;)F @ 1
Event: 204.318 Thread 0x0000000002962800 Uncommon trap: reason=class_check action=maybe_recompile pc=0x0000000005a10274 method=net.minecraft.world.IWorldReader.getBrightness(Lnet/minecraft/util/math/BlockPos;)F @ 1
Event: 204.318 Thread 0x0000000002962800 Uncommon trap: reason=class_check action=maybe_recompile pc=0x0000000005a10274 method=net.minecraft.world.IWorldReader.getBrightness(Lnet/minecraft/util/math/BlockPos;)F @ 1
Event: 204.318 Thread 0x0000000002962800 Uncommon trap: reason=class_check action=maybe_recompile pc=0x00000000059ee178 method=net.minecraft.world.IWorldReader.isBlockLoaded(Lnet/minecraft/util/math/BlockPos;)Z @ 13
Event: 204.319 Thread 0x0000000002962800 Uncommon trap: reason=class_check action=maybe_recompile pc=0x00000000059ee178 method=net.minecraft.world.IWorldReader.isBlockLoaded(Lnet/minecraft/util/math/BlockPos;)Z @ 13
Event: 204.814 Thread 0x0000000002962800 Uncommon trap: reason=bimorphic action=maybe_recompile pc=0x0000000005a52d48 method=java.util.stream.StreamSpliterators$WrappingSpliterator.initPartialTraversalState()V @ 29
Event: 204.816 Thread 0x0000000002962800 Uncommon trap: reason=bimorphic action=maybe_recompile pc=0x0000000005a52d48 method=java.util.stream.StreamSpliterators$WrappingSpliterator.initPartialTraversalState()V @ 29
Event: 204.826 Thread 0x0000000002962800 Uncommon trap: reason=bimorphic action=maybe_recompile pc=0x0000000005a52d48 method=java.util.stream.StreamSpliterators$WrappingSpliterator.initPartialTraversalState()V @ 29
Event: 205.306 Thread 0x0000000002962800 Uncommon trap: reason=unstable_if action=reinterpret pc=0x00000000055870e4 method=net.minecraft.client.renderer.chunk.ChunkRenderDispatcher$ChunkRender.setNeedsUpdate(Z)V @ 13
Event: 205.614 Thread 0x0000000019b12000 Uncommon trap: reason=unstable_if action=reinterpret pc=0x0000000005a7d804 method=java.util.ArrayDeque.addLast(Ljava/lang/Object;)V @ 45

Internal exceptions (10 events):
Event: 202.975 Thread 0x0000000002962800 Exception <a 'sun/nio/fs/WindowsException'> (0x00000000db3a0bc0) thrown at [C:\re\workspace\8-2-build-windows-amd64-cygwin\jdk8u51\3951\hotspot\src\share\vm\prims\jni.cpp, line 709]
Event: 202.975 Thread 0x0000000002962800 Exception <a 'sun/nio/fs/WindowsException'> (0x00000000db3a12f0) thrown at [C:\re\workspace\8-2-build-windows-amd64-cygwin\jdk8u51\3951\hotspot\src\share\vm\prims\jni.cpp, line 709]
Event: 202.975 Thread 0x0000000002962800 Exception <a 'sun/nio/fs/WindowsException'> (0x00000000db3a2498) thrown at [C:\re\workspace\8-2-build-windows-amd64-cygwin\jdk8u51\3951\hotspot\src\share\vm\prims\jni.cpp, line 709]
Event: 202.975 Thread 0x0000000002962800 Exception <a 'sun/nio/fs/WindowsException'> (0x00000000db3a2b18) thrown at [C:\re\workspace\8-2-build-windows-amd64-cygwin\jdk8u51\3951\hotspot\src\share\vm\prims\jni.cpp, line 709]
Event: 203.687 Thread 0x0000000002962800 Exception <a 'sun/nio/fs/WindowsException'> (0x00000000dd8ac3c0) thrown at [C:\re\workspace\8-2-build-windows-amd64-cygwin\jdk8u51\3951\hotspot\src\share\vm\prims\jni.cpp, line 709]
Event: 203.687 Thread 0x0000000002962800 Exception <a 'sun/nio/fs/WindowsException'> (0x00000000dd8ac950) thrown at [C:\re\workspace\8-2-build-windows-amd64-cygwin\jdk8u51\3951\hotspot\src\share\vm\prims\jni.cpp, line 709]
Event: 203.687 Thread 0x0000000002962800 Exception <a 'sun/nio/fs/WindowsException'> (0x00000000dd8ad6b8) thrown at [C:\re\workspace\8-2-build-windows-amd64-cygwin\jdk8u51\3951\hotspot\src\share\vm\prims\jni.cpp, line 709]
Event: 203.687 Thread 0x0000000002962800 Exception <a 'sun/nio/fs/WindowsException'> (0x00000000dd8adc58) thrown at [C:\re\workspace\8-2-build-windows-amd64-cygwin\jdk8u51\3951\hotspot\src\share\vm\prims\jni.cpp, line 709]
Event: 203.687 Thread 0x0000000002962800 Exception <a 'sun/nio/fs/WindowsException'> (0x00000000dd8ae940) thrown at [C:\re\workspace\8-2-build-windows-amd64-cygwin\jdk8u51\3951\hotspot\src\share\vm\prims\jni.cpp, line 709]
Event: 203.688 Thread 0x0000000002962800 Exception <a 'sun/nio/fs/WindowsException'> (0x00000000dd8aefb0) thrown at [C:\re\workspace\8-2-build-windows-amd64-cygwin\jdk8u51\3951\hotspot\src\share\vm\prims\jni.cpp, line 709]

Events (10 events):
Event: 205.188 loading class net/minecraft/client/renderer/BufferBuilder
Event: 205.188 loading class net/minecraft/client/renderer/BufferBuilder done
Event: 205.306 Thread 0x0000000002962800 Uncommon trap: trap_request=0xffffff65 fr.pc=0x00000000055870e4
Event: 205.306 Thread 0x0000000002962800 DEOPT PACKING pc=0x00000000055870e4 sp=0x000000000295dea0
Event: 205.306 Thread 0x0000000002962800 DEOPT UNPACKING pc=0x0000000002bd582a sp=0x000000000295dd88 mode 2
Event: 205.498 Thread 0x0000000019b12000 DEOPT PACKING pc=0x00000000052c648e sp=0x000000002ab8e320
Event: 205.498 Thread 0x0000000019b12000 DEOPT UNPACKING pc=0x0000000002bd787f sp=0x000000002ab8e118 mode 0
Event: 205.614 Thread 0x0000000019b12000 Uncommon trap: trap_request=0xffffff65 fr.pc=0x0000000005a7d804
Event: 205.614 Thread 0x0000000019b12000 DEOPT PACKING pc=0x0000000005a7d804 sp=0x000000002ab8ef80
Event: 205.614 Thread 0x0000000019b12000 DEOPT UNPACKING pc=0x0000000002bd582a sp=0x000000002ab8ee80 mode 2


Dynamic libraries:
0x00007ff7bccc0000 - 0x00007ff7bccf7000 	C:\Program Files (x86)\Minecraft\runtime\jre-x64\bin\java.exe
0x00007fff9ac30000 - 0x00007fff9ae25000 	C:\WINDOWS\SYSTEM32\ntdll.dll
0x00007fff99660000 - 0x00007fff9971d000 	C:\WINDOWS\System32\KERNEL32.DLL
0x00007fff98660000 - 0x00007fff98927000 	C:\WINDOWS\System32\KERNELBASE.dll
0x00007fff994e0000 - 0x00007fff9958a000 	C:\WINDOWS\System32\ADVAPI32.dll
0x00007fff992a0000 - 0x00007fff9933e000 	C:\WINDOWS\System32\msvcrt.dll
0x00007fff99ee0000 - 0x00007fff99f7b000 	C:\WINDOWS\System32\sechost.dll
0x00007fff99780000 - 0x00007fff998a3000 	C:\WINDOWS\System32\RPCRT4.dll
0x00007fff98d00000 - 0x00007fff98ea0000 	C:\WINDOWS\System32\USER32.dll
0x00007fff98c70000 - 0x00007fff98c92000 	C:\WINDOWS\System32\win32u.dll
0x00007fff9abc0000 - 0x00007fff9abea000 	C:\WINDOWS\System32\GDI32.dll
0x00007fff98380000 - 0x00007fff9848a000 	C:\WINDOWS\System32\gdi32full.dll
0x00007fff984c0000 - 0x00007fff9855d000 	C:\WINDOWS\System32\msvcp_win.dll
0x00007fff98560000 - 0x00007fff98660000 	C:\WINDOWS\System32\ucrtbase.dll
0x00007fff84400000 - 0x00007fff8469a000 	C:\WINDOWS\WinSxS\amd64_microsoft.windows.common-controls_6595b64144ccf1df_6.0.19041.1_none_b555e41d4684ddec\COMCTL32.dll
0x00007fff99d10000 - 0x00007fff99d40000 	C:\WINDOWS\System32\IMM32.DLL
0x00000000739c0000 - 0x0000000073a92000 	C:\Program Files (x86)\Minecraft\runtime\jre-x64\bin\msvcr100.dll
0x0000000073130000 - 0x00000000739b3000 	C:\Program Files (x86)\Minecraft\runtime\jre-x64\bin\server\jvm.dll
0x00007fff98f30000 - 0x00007fff98f38000 	C:\WINDOWS\System32\PSAPI.DLL
0x00007fff90600000 - 0x00007fff90627000 	C:\WINDOWS\SYSTEM32\WINMM.dll
0x00007fff8e130000 - 0x00007fff8e139000 	C:\WINDOWS\SYSTEM32\WSOCK32.dll
0x00007fff99960000 - 0x00007fff999cb000 	C:\WINDOWS\System32\WS2_32.dll
0x00007fff90430000 - 0x00007fff9043a000 	C:\WINDOWS\SYSTEM32\VERSION.dll
0x0000000073120000 - 0x000000007312f000 	C:\Program Files (x86)\Minecraft\runtime\jre-x64\bin\verify.dll
0x00000000730f0000 - 0x0000000073119000 	C:\Program Files (x86)\Minecraft\runtime\jre-x64\bin\java.dll
0x00000000730c0000 - 0x00000000730e3000 	C:\Program Files (x86)\Minecraft\runtime\jre-x64\bin\instrument.dll
0x00000000730a0000 - 0x00000000730b6000 	C:\Program Files (x86)\Minecraft\runtime\jre-x64\bin\zip.dll
0x00007fff9a480000 - 0x00007fff9abc0000 	C:\WINDOWS\System32\SHELL32.dll
0x00007fff963a0000 - 0x00007fff96b31000 	C:\WINDOWS\SYSTEM32\windows.storage.dll
0x00007fff98f40000 - 0x00007fff99293000 	C:\WINDOWS\System32\combase.dll
0x00007fff97d30000 - 0x00007fff97d5c000 	C:\WINDOWS\SYSTEM32\Wldp.dll
0x00007fff99e20000 - 0x00007fff99ece000 	C:\WINDOWS\System32\SHCORE.dll
0x00007fff98ca0000 - 0x00007fff98cf5000 	C:\WINDOWS\System32\shlwapi.dll
0x00007fff982c0000 - 0x00007fff982df000 	C:\WINDOWS\SYSTEM32\profapi.dll
0x00007fff94f50000 - 0x00007fff94f6a000 	C:\Users\ervin_1nmnhvl\AppData\Local\JetBrains\Toolbox\apps\IDEA-U\ch-0\202.6397.94\bin\breakgen64.dll
0x0000000073080000 - 0x000000007309a000 	C:\Program Files (x86)\Minecraft\runtime\jre-x64\bin\net.dll
0x00007fff97b20000 - 0x00007fff97b8a000 	C:\WINDOWS\system32\mswsock.dll
0x0000000073070000 - 0x000000007307d000 	C:\Program Files (x86)\Minecraft\runtime\jre-x64\bin\management.dll
0x00007fff5c610000 - 0x00007fff5c627000 	C:\WINDOWS\system32\napinsp.dll
0x00007fff643e0000 - 0x00007fff643fb000 	C:\WINDOWS\system32\pnrpnsp.dll
0x00007fff930f0000 - 0x00007fff93105000 	C:\WINDOWS\system32\wshbth.dll
0x00007fff93e90000 - 0x00007fff93ead000 	C:\WINDOWS\system32\NLAapi.dll
0x00007fff977e0000 - 0x00007fff9781b000 	C:\WINDOWS\SYSTEM32\IPHLPAPI.DLL
0x00007fff97830000 - 0x00007fff978fa000 	C:\WINDOWS\SYSTEM32\DNSAPI.dll
0x00007fff99f80000 - 0x00007fff99f89000 	C:\WINDOWS\System32\NSI.dll
0x00007fff64430000 - 0x00007fff64442000 	C:\WINDOWS\System32\winrnr.dll
0x00007fff86cf0000 - 0x00007fff86cfa000 	C:\Windows\System32\rasadhlp.dll
0x00007fff8c8a0000 - 0x00007fff8c91f000 	C:\WINDOWS\System32\fwpuclnt.dll
0x00007fff98490000 - 0x00007fff984b7000 	C:\WINDOWS\System32\bcrypt.dll
0x00007fff8b1f0000 - 0x00007fff8b207000 	C:\WINDOWS\SYSTEM32\dhcpcsvc6.DLL
0x00007fff8b1d0000 - 0x00007fff8b1ed000 	C:\WINDOWS\SYSTEM32\dhcpcsvc.DLL
0x00007fff98080000 - 0x00007fff98098000 	C:\WINDOWS\SYSTEM32\CRYPTSP.dll
0x00007fff97360000 - 0x00007fff97394000 	C:\WINDOWS\system32\rsaenh.dll
0x00007fff98280000 - 0x00007fff982ae000 	C:\WINDOWS\SYSTEM32\USERENV.dll
0x00007fff98ba0000 - 0x00007fff98c1f000 	C:\WINDOWS\System32\bcryptprimitives.dll
0x00007fff97ca0000 - 0x00007fff97cac000 	C:\WINDOWS\SYSTEM32\CRYPTBASE.dll
0x0000000073050000 - 0x0000000073061000 	C:\Program Files (x86)\Minecraft\runtime\jre-x64\bin\nio.dll
0x0000000073020000 - 0x0000000073044000 	C:\Program Files (x86)\Minecraft\runtime\jre-x64\bin\sunec.dll
0x00007fff85730000 - 0x00007fff857a2000 	C:\Users\ervin_1nmnhvl\AppData\Local\Temp\lwjglervin_1nmnhvl\3.2.2-build-10\lwjgl.dll
0x00007fff68540000 - 0x00007fff68791000 	C:\Users\ERVIN_~1\AppData\Local\Temp\lwjglervin_1nmnhvl\3.2.2-build-10\jemalloc.dll
0x00007fff856d0000 - 0x00007fff8572e000 	C:\Users\ERVIN_~1\AppData\Local\Temp\lwjglervin_1nmnhvl\3.2.2-build-10\glfw.dll
0x00007fff95bf0000 - 0x00007fff95c8f000 	C:\WINDOWS\system32\uxtheme.dll
0x00007fff85680000 - 0x00007fff856c5000 	C:\WINDOWS\SYSTEM32\dinput8.dll
0x00007fff8bc70000 - 0x00007fff8bc81000 	C:\WINDOWS\SYSTEM32\xinput1_4.dll
0x00007fff98c20000 - 0x00007fff98c6d000 	C:\WINDOWS\System32\cfgmgr32.dll
0x00007fff98160000 - 0x00007fff9818c000 	C:\WINDOWS\SYSTEM32\DEVOBJ.dll
0x00007fff95de0000 - 0x00007fff95e0f000 	C:\WINDOWS\SYSTEM32\dwmapi.dll
0x00007fff8b210000 - 0x00007fff8b362000 	C:\WINDOWS\SYSTEM32\inputhost.dll
0x00007fff99590000 - 0x00007fff9965d000 	C:\WINDOWS\System32\OLEAUT32.dll
0x00007fff95810000 - 0x00007fff95902000 	C:\WINDOWS\SYSTEM32\CoreMessaging.dll
0x00007fff937a0000 - 0x00007fff93895000 	C:\WINDOWS\SYSTEM32\PROPSYS.dll
0x00007fff94de0000 - 0x00007fff94f36000 	C:\WINDOWS\SYSTEM32\wintypes.dll
0x00007fff954b0000 - 0x00007fff9580a000 	C:\WINDOWS\SYSTEM32\CoreUIComponents.dll
0x00007fff96fb0000 - 0x00007fff96fe3000 	C:\WINDOWS\SYSTEM32\ntmarta.dll
0x00007fff96b50000 - 0x00007fff96b63000 	C:\WINDOWS\SYSTEM32\kernel.appcore.dll
0x00007fff993c0000 - 0x00007fff994d5000 	C:\WINDOWS\System32\MSCTF.dll
0x00007fff96b40000 - 0x00007fff96b4d000 	C:\WINDOWS\SYSTEM32\HID.DLL
0x00007fff99f90000 - 0x00007fff9a3f7000 	C:\WINDOWS\System32\SETUPAPI.DLL
0x00007fff989e0000 - 0x00007fff98a40000 	C:\WINDOWS\System32\WINTRUST.dll
0x00007fff98a40000 - 0x00007fff98b9d000 	C:\WINDOWS\System32\CRYPT32.dll
0x00007fff98100000 - 0x00007fff98112000 	C:\WINDOWS\SYSTEM32\MSASN1.dll
0x00007fff55190000 - 0x00007fff552ec000 	C:\WINDOWS\SYSTEM32\opengl32.dll
0x00007fff6bc10000 - 0x00007fff6bc3c000 	C:\WINDOWS\SYSTEM32\GLU32.dll
0x00007fff5a5d0000 - 0x00007fff5b254000 	C:\WINDOWS\SYSTEM32\ig4icd64.dll
0x00007fff96bc0000 - 0x00007fff96cb3000 	C:\WINDOWS\SYSTEM32\dxgi.dll
0x00007fff94150000 - 0x00007fff943b3000 	C:\WINDOWS\SYSTEM32\d3d11.dll
0x00007fff8ca80000 - 0x00007fff8cabb000 	C:\WINDOWS\SYSTEM32\dxcore.dll
0x00007fff8b370000 - 0x00007fff8b46c000 	C:\WINDOWS\SYSTEM32\textinputframework.dll
0x00007fff6ca70000 - 0x00007fff6cac8000 	C:\Users\ervin_1nmnhvl\AppData\Local\Temp\lwjglervin_1nmnhvl\3.2.2-build-10\lwjgl_opengl.dll
0x00007fff6c9f0000 - 0x00007fff6ca6f000 	C:\Users\ervin_1nmnhvl\AppData\Local\Temp\lwjglervin_1nmnhvl\3.2.2-build-10\lwjgl_stb.dll
0x00007fff999d0000 - 0x00007fff99af9000 	C:\WINDOWS\System32\ole32.dll
0x00007fff67780000 - 0x00007fff683d0000 	C:\WINDOWS\SYSTEM32\igd10umd64.dll
0x00007fff92590000 - 0x00007fff9263e000 	C:\WINDOWS\SYSTEM32\mscms.dll
0x00007fff92440000 - 0x00007fff92451000 	C:\WINDOWS\SYSTEM32\ColorAdapterClient.dll
0x00007fff6c9a0000 - 0x00007fff6c9e3000 	C:\WINDOWS\SYSTEM32\icm32.dll
0x00007fff6c8d0000 - 0x00007fff6c912000 	C:\Users\ervin_1nmnhvl\AppData\Local\Temp\jna-2118671535\jna6365122120538231427.dll
0x00007fff85810000 - 0x00007fff8582a000 	C:\save\modding\ervin_mod_1\build\natives\SAPIWrapper_x64.dll
0x00007fff998b0000 - 0x00007fff99958000 	C:\WINDOWS\System32\clbcatq.dll
0x00007fff5d6c0000 - 0x00007fff5d844000 	C:\WINDOWS\System32\Speech\Common\sapi.dll
0x00007fff6bae0000 - 0x00007fff6bafe000 	C:\WINDOWS\SYSTEM32\MSACM32.dll
0x00007fff92330000 - 0x00007fff9233b000 	C:\WINDOWS\SYSTEM32\msdmo.dll
0x00007fff841f0000 - 0x00007fff84216000 	C:\WINDOWS\SYSTEM32\winmmbase.dll
0x00007fff86080000 - 0x00007fff86105000 	C:\WINDOWS\System32\MMDevApi.dll
0x00007fff60480000 - 0x00007fff60594000 	C:\Users\ERVIN_~1\AppData\Local\Temp\lwjglervin_1nmnhvl\3.2.2-build-10\OpenAL.dll
0x00007fff7cca0000 - 0x00007fff7ce20000 	C:\WINDOWS\SYSTEM32\AUDIOSES.DLL
0x00007fff97950000 - 0x00007fff9799b000 	C:\WINDOWS\SYSTEM32\powrprof.dll
0x00007fff977c0000 - 0x00007fff977d2000 	C:\WINDOWS\SYSTEM32\UMPDC.dll
0x00007fff95cf0000 - 0x00007fff95d04000 	C:\WINDOWS\SYSTEM32\resourcepolicyclient.dll
0x0000000072e80000 - 0x0000000073018000 	C:\Program Files (x86)\Minecraft\runtime\jre-x64\bin\awt.dll
0x00007fff95a40000 - 0x00007fff95ad0000 	C:\WINDOWS\SYSTEM32\apphelp.dll

VM Arguments:
jvm_args: -Dforge.logging.console.level=debug -Dforge.logging.markers=SCAN,REGISTRIES,REGISTRYDUMP -XX:HeapDumpPath=MojangTricksIntelDriversForPerformance_javaw.exe_minecraft.exe.heapdump -Dos.name=Windows 10 -Dos.version=10.0 -javaagent:C:\Users\ervin_1nmnhvl\AppData\Local\JetBrains\Toolbox\apps\IDEA-U\ch-0\202.6397.94\lib\idea_rt.jar=62222:C:\Users\ervin_1nmnhvl\AppData\Local\JetBrains\Toolbox\apps\IDEA-U\ch-0\202.6397.94\bin -Dfile.encoding=UTF-8 
java_command: net.minecraftforge.userdev.LaunchTesting
java_class_path (initial): C:\Program Files (x86)\Minecraft\runtime\jre-x64\lib\charsets.jar;C:\Program Files (x86)\Minecraft\runtime\jre-x64\lib\deploy.jar;C:\Program Files (x86)\Minecraft\runtime\jre-x64\lib\ext\access-bridge-64.jar;C:\Program Files (x86)\Minecraft\runtime\jre-x64\lib\ext\cldrdata.jar;C:\Program Files (x86)\Minecraft\runtime\jre-x64\lib\ext\dnsns.jar;C:\Program Files (x86)\Minecraft\runtime\jre-x64\lib\ext\jaccess.jar;C:\Program Files (x86)\Minecraft\runtime\jre-x64\lib\ext\jfxrt.jar;C:\Program Files (x86)\Minecraft\runtime\jre-x64\lib\ext\localedata.jar;C:\Program Files (x86)\Minecraft\runtime\jre-x64\lib\ext\nashorn.jar;C:\Program Files (x86)\Minecraft\runtime\jre-x64\lib\ext\sunec.jar;C:\Program Files (x86)\Minecraft\runtime\jre-x64\lib\ext\sunjce_provider.jar;C:\Program Files (x86)\Minecraft\runtime\jre-x64\lib\ext\sunmscapi.jar;C:\Program Files (x86)\Minecraft\runtime\jre-x64\lib\ext\sunpkcs11.jar;C:\Program Files (x86)\Minecraft\runtime\jre-x64\lib\ext\zipfs.jar;C:\Program Files (x86)\Minecraft\runtime\jre-x64\lib\javaws.jar;C:\Program Files (x86)\Minecraft\runtime\jre-x64\lib\jce.jar;C:\Program Files (x86)\Minecraft\runtime\jre-x64\lib\jfr.jar;C:\Program Files (x86)\Minecraft\runtime\jre-x64\lib\jfxswt.jar;C:\Program Files (x86)\Minecraft\runtime\jre-x64\lib\jsse.jar;C:\Program Files (x86)\Minecraft\runtime\jre-x64\lib\management-agent.jar;C:\Program Files (x86)\Minecraft\runtime\jre-x64\lib\plugin.jar;C:\Program Files (x86)\Minecraft\runtime\jre-x64\lib\resources.jar;C:\Program Files (x86)\Minecraft\runtime\jre-x64\lib\rt.jar;C:\save\modding\ervin_mod_1\build\classes\java\main;C:\save\modding\ervin_mod_1\build\resources\main;C:\Users\ervin_1nmnhvl\.gradle\caches\forge_gradle\minecraft_user_repo\net\minecraftforge\forge\1.15.2-31.1.9_mapped_snapshot_20200427-1.15.1\forge-1.15.2-31.1.9_mapped_snapshot_20200427-1.15.1-recomp.jar;C:\Users\ervin_1nmnhvl\.gradle\caches\forge_gradle\minecraft_user_repo\net\minecraftforge\forge\1.15.2-31.1.9_map
Launcher Type: SUN_STANDARD

Environment Variables:
JAVA_HOME=C:\Program Files\Java\jdk-11.0.4
PATH=C:\Program Files\Docker\Docker\Resources\bin;C:\ProgramData\Oracle\Java\javapath;C:\WINDOWS\system32;C:\WINDOWS;C:\WINDOWS\System32\Wbem;C:\WINDOWS\System32\WindowsPowerShell\v1.0\;C:\Program Files (x86)\cloudControl;C:\Program Files\Git\cmd;C:\bin;C:\Program Files (x86)\Windows Kits\8.1\Windows Performance Toolkit\;C:\Program Files (x86)\PuTTY\;C:\Program Files (x86)\Nodist\bin;G:\save\sdk\android\tools;G:\save\sdk\android\platform-tools;C:\boxfuse;C:\Program Files (x86)\Skype\Phone\;C:\Program Files (x86)\GtkSharp\2.12\bin;C:\Program Files (x86)\IVI Foundation\VISA\WinNT\Bin;C:\WINDOWS\system32;C:\WINDOWS;C:\WINDOWS\System32\Wbem;C:\WINDOWS\System32\WindowsPowerShell\v1.0\;;C:\WINDOWS\System32\OpenSSH\;C:\Users\ervin_1nmnhvl\AppData\Local\Microsoft\WindowsApps;
USERNAME=ervin_1nmnhvl
OS=Windows_NT
PROCESSOR_IDENTIFIER=Intel64 Family 6 Model 42 Stepping 7, GenuineIntel



---------------  S Y S T E M  ---------------

OS: Windows 10.0 , 64 bit Build 19041 (10.0.19041.292)

CPU:total 4 (2 cores per cpu, 2 threads per core) family 6 model 42 stepping 7, cmov, cx8, fxsr, mmx, sse, sse2, sse3, ssse3, sse4.1, sse4.2, popcnt, avx, aes, clmul, ht, tsc, tscinvbit

Memory: 4k page, physical 8266764k(368608k free), swap 10363916k(5120k free)

vm_info: Java HotSpot(TM) 64-Bit Server VM (25.51-b03) for windows-amd64 JRE (1.8.0_51-b16), built on Jun  8 2015 18:03:07 by "java_re" with MS VC++ 10.0 (VS2010)

time: Wed Aug 26 16:55:57 2020
elapsed time: 205 seconds (0d 0h 3m 25s)

