#
# There is insufficient memory for the Java Runtime Environment to continue.
# Native memory allocation (malloc) failed to allocate 1678576 bytes for Chunk::new
# Possible reasons:
#   The system is out of physical RAM or swap space
#   In 32 bit mode, the process size limit was hit
# Possible solutions:
#   Reduce memory load on the system
#   Increase physical memory or swap space
#   Check if swap backing store is full
#   Use 64 bit Java on a 64 bit OS
#   Decrease Java heap size (-Xmx/-Xms)
#   Decrease number of Java threads
#   Decrease Java thread stack sizes (-Xss)
#   Set larger code cache with -XX:ReservedCodeCacheSize=
# This output file may be truncated or incomplete.
#
#  Out of Memory Error (allocation.cpp:390), pid=3628, tid=12196
#
# JRE version: Java(TM) SE Runtime Environment (8.0_51-b16) (build 1.8.0_51-b16)
# Java VM: Java HotSpot(TM) 64-Bit Server VM (25.51-b03 mixed mode windows-amd64 compressed oops)
# Failed to write core dump. Minidumps are not enabled by default on client versions of Windows
#

---------------  T H R E A D  ---------------

Current thread (0x0000000018df8000):  JavaThread "C2 CompilerThread1" daemon [_thread_in_native, id=12196, stack(0x0000000019020000,0x0000000019120000)]

Stack: [0x0000000019020000,0x0000000019120000]
Native frames: (J=compiled Java code, j=interpreted, Vv=VM code, C=native code)
V  [jvm.dll+0x32b4ca]
V  [jvm.dll+0x2797e3]
V  [jvm.dll+0x27a479]
V  [jvm.dll+0x271765]
V  [jvm.dll+0xcba02]
V  [jvm.dll+0xcbecc]
V  [jvm.dll+0x476f72]
V  [jvm.dll+0x4b95ff]
V  [jvm.dll+0x46b745]
V  [jvm.dll+0x46cd4e]
V  [jvm.dll+0x4501a2]
V  [jvm.dll+0xa43a2]
V  [jvm.dll+0xa4cdf]
V  [jvm.dll+0x2418a4]
V  [jvm.dll+0x29846a]
C  [msvcr100.dll+0x21d9f]
C  [msvcr100.dll+0x21e3b]
C  [KERNEL32.DLL+0x17034]
C  [ntdll.dll+0x4cec1]


Current CompileTask:
C2: 112201 12356       4       net.minecraft.client.renderer.model.VariantList::bakeModel (92 bytes)


---------------  P R O C E S S  ---------------

Java Threads: ( => current thread )
  0x000000001c759000 JavaThread "modloading-worker-2" daemon [_thread_blocked, id=17720, stack(0x00000000456f0000,0x00000000457f0000)]
  0x000000001c759800 JavaThread "modloading-worker-1" daemon [_thread_blocked, id=32640, stack(0x00000000455f0000,0x00000000456f0000)]
  0x000000001c758000 JavaThread "modloading-worker-0" daemon [_thread_blocked, id=21216, stack(0x00000000454f0000,0x00000000455f0000)]
  0x000000001c756800 JavaThread "Worker-Main-8" daemon [_thread_blocked, id=28884, stack(0x0000000028cc0000,0x0000000028dc0000)]
  0x000000001c75c000 JavaThread "Worker-Main-7" daemon [_thread_blocked, id=3620, stack(0x0000000028b70000,0x0000000028c70000)]
  0x000000001c757800 JavaThread "Worker-Main-6" daemon [_thread_blocked, id=2796, stack(0x000000002b500000,0x000000002b600000)]
  0x000000001ba4b000 JavaThread "Worker-Main-5" daemon [_thread_blocked, id=34332, stack(0x000000002b200000,0x000000002b300000)]
  0x000000001ba48000 JavaThread "Worker-Main-4" daemon [_thread_blocked, id=9120, stack(0x000000002b100000,0x000000002b200000)]
  0x000000001ba47800 JavaThread "Narrator" [_thread_blocked, id=4368, stack(0x000000002ac60000,0x000000002ad60000)]
  0x000000001ba49000 JavaThread "Sound engine" daemon [_thread_blocked, id=22740, stack(0x0000000029d10000,0x0000000029e10000)]
  0x000000001ba45000 JavaThread "Snooper Timer" daemon [_thread_blocked, id=29640, stack(0x0000000028560000,0x0000000028660000)]
  0x000000001ba46800 JavaThread "Timer hack thread" daemon [_thread_blocked, id=2864, stack(0x0000000027440000,0x0000000027540000)]
  0x0000000019338000 JavaThread "Worker-Bootstrap-1" daemon [_thread_blocked, id=30968, stack(0x0000000020900000,0x0000000020a00000)]
  0x000000001c8e7800 JavaThread "pool-3-thread-1" [_thread_blocked, id=32984, stack(0x000000001b830000,0x000000001b930000)]
  0x000000001a6dd000 JavaThread "Thread-2" daemon [_thread_in_native, id=32716, stack(0x000000001ca20000,0x000000001cb20000)]
  0x000000001a2ad800 JavaThread "Thread-1" daemon [_thread_blocked, id=11744, stack(0x000000001c920000,0x000000001ca20000)]
  0x00000000192be000 JavaThread "Service Thread" daemon [_thread_blocked, id=7912, stack(0x0000000019a20000,0x0000000019b20000)]
  0x0000000018dfb000 JavaThread "C1 CompilerThread2" daemon [_thread_blocked, id=15604, stack(0x0000000019120000,0x0000000019220000)]
=>0x0000000018df8000 JavaThread "C2 CompilerThread1" daemon [_thread_in_native, id=12196, stack(0x0000000019020000,0x0000000019120000)]
  0x0000000018df5000 JavaThread "C2 CompilerThread0" daemon [_thread_in_native, id=28144, stack(0x0000000018f20000,0x0000000019020000)]
  0x0000000018ddf800 JavaThread "Monitor Ctrl-Break" daemon [_thread_in_native, id=21328, stack(0x0000000018e20000,0x0000000018f20000)]
  0x00000000174c8000 JavaThread "Attach Listener" daemon [_thread_blocked, id=3264, stack(0x0000000018910000,0x0000000018a10000)]
  0x00000000174c6800 JavaThread "Signal Dispatcher" daemon [_thread_blocked, id=9776, stack(0x0000000018810000,0x0000000018910000)]
  0x000000000284c800 JavaThread "Finalizer" daemon [_thread_blocked, id=32136, stack(0x0000000018710000,0x0000000018810000)]
  0x0000000002848800 JavaThread "Reference Handler" daemon [_thread_blocked, id=2376, stack(0x0000000018610000,0x0000000018710000)]
  0x0000000002752800 JavaThread "Render thread" [_thread_in_Java, id=26240, stack(0x0000000002650000,0x0000000002750000)]

Other Threads:
  0x0000000017489000 VMThread [stack: 0x0000000018510000,0x0000000018610000] [id=14420]
  0x00000000192ee800 WatcherThread [stack: 0x0000000019b20000,0x0000000019c20000] [id=33676]

VM state:not at safepoint (normal execution)

VM Mutex/Monitor currently owned by a thread: None

Heap:
 PSYoungGen      total 603136K, used 162254K [0x00000000d5f00000, 0x0000000100000000, 0x0000000100000000)
  eden space 569344K, 22% used [0x00000000d5f00000,0x00000000ddc77a90,0x00000000f8b00000)
  from space 33792K, 99% used [0x00000000fda80000,0x00000000ffb7bee0,0x00000000ffb80000)
  to   space 59904K, 0% used [0x00000000f8b00000,0x00000000f8b00000,0x00000000fc580000)
 ParOldGen       total 418304K, used 337515K [0x0000000081c00000, 0x000000009b480000, 0x00000000d5f00000)
  object space 418304K, 80% used [0x0000000081c00000,0x000000009659af00,0x000000009b480000)
 Metaspace       used 78137K, capacity 86488K, committed 86656K, reserved 1122304K
  class space    used 12199K, capacity 14671K, committed 14720K, reserved 1048576K

Card table byte_map: [0x0000000011d20000,0x0000000012120000] byte_map_base: 0x0000000011912000

Marking Bits: (ParMarkBitMap*) 0x0000000070e74040
 Begin Bits: [0x00000000127d0000, 0x0000000014760000)
 End Bits:   [0x0000000014760000, 0x00000000166f0000)

Polling page: 0x0000000000860000

CodeCache: size=245760Kb used=29549Kb max_used=29549Kb free=216210Kb
 bounds [0x0000000002960000, 0x0000000004670000, 0x0000000011960000]
 total_blobs=10787 nmethods=9291 adapters=1406
 compilation: enabled

Compilation events (10 events):
Event: 112.112 Thread 0x0000000018dfb000 12359       3       net.minecraft.client.renderer.model.BlockModel::isTexturePresent (23 bytes)
Event: 112.113 Thread 0x0000000018dfb000 nmethod 12359 0x0000000004655810 code [0x00000000046559a0, 0x0000000004655cd8]
Event: 112.121 Thread 0x0000000018dfb000 12361       3       net.minecraft.client.renderer.model.ItemModelGenerator::getSpans (169 bytes)
Event: 112.122 Thread 0x0000000018dfb000 nmethod 12361 0x0000000004653b90 code [0x0000000004653dc0, 0x0000000004654c28]
Event: 112.123 Thread 0x0000000018df5000 nmethod 12343 0x000000000465a990 code [0x000000000465ac20, 0x000000000465be28]
Event: 112.124 Thread 0x0000000018df5000 12360       4       net.minecraft.client.renderer.model.BlockModel::bakeVanilla (270 bytes)
Event: 112.126 Thread 0x0000000018dfb000 12364       3       net.minecraft.client.renderer.model.ItemModelGenerator::getBlockParts (695 bytes)
Event: 112.131 Thread 0x0000000018dfb000 nmethod 12364 0x000000000465cbd0 code [0x000000000465d120, 0x0000000004660718]
Event: 112.163 Thread 0x0000000018dfb000 12367       1       net.minecraft.client.renderer.model.BlockModel::getOverrides (5 bytes)
Event: 112.163 Thread 0x0000000018dfb000 nmethod 12367 0x0000000004648650 code [0x00000000046487a0, 0x00000000046488b0]

GC Heap History (10 events):
Event: 101.836 GC heap before
{Heap before GC invocations=152 (full 6):
 PSYoungGen      total 650752K, used 613856K [0x00000000d5f00000, 0x00000000fff80000, 0x0000000100000000)
  eden space 612352K, 100% used [0x00000000d5f00000,0x00000000fb500000,0x00000000fb500000)
  from space 38400K, 3% used [0x00000000fb500000,0x00000000fb678020,0x00000000fda80000)
  to   space 37888K, 0% used [0x00000000fda80000,0x00000000fda80000,0x00000000fff80000)
 ParOldGen       total 418304K, used 284886K [0x0000000081c00000, 0x000000009b480000, 0x00000000d5f00000)
  object space 418304K, 68% used [0x0000000081c00000,0x0000000093235890,0x000000009b480000)
 Metaspace       used 76668K, capacity 84728K, committed 84864K, reserved 1120256K
  class space    used 11995K, capacity 14427K, committed 14464K, reserved 1048576K
Event: 101.843 GC heap after
Heap after GC invocations=152 (full 6):
 PSYoungGen      total 650752K, used 1856K [0x00000000d5f00000, 0x00000000fff80000, 0x0000000100000000)
  eden space 612864K, 0% used [0x00000000d5f00000,0x00000000d5f00000,0x00000000fb580000)
  from space 37888K, 4% used [0x00000000fda80000,0x00000000fdc50020,0x00000000fff80000)
  to   space 37888K, 0% used [0x00000000fb580000,0x00000000fb580000,0x00000000fda80000)
 ParOldGen       total 418304K, used 284886K [0x0000000081c00000, 0x000000009b480000, 0x00000000d5f00000)
  object space 418304K, 68% used [0x0000000081c00000,0x0000000093235890,0x000000009b480000)
 Metaspace       used 76668K, capacity 84728K, committed 84864K, reserved 1120256K
  class space    used 11995K, capacity 14427K, committed 14464K, reserved 1048576K
}
Event: 102.729 GC heap before
{Heap before GC invocations=153 (full 6):
 PSYoungGen      total 650752K, used 614720K [0x00000000d5f00000, 0x00000000fff80000, 0x0000000100000000)
  eden space 612864K, 100% used [0x00000000d5f00000,0x00000000fb580000,0x00000000fb580000)
  from space 37888K, 4% used [0x00000000fda80000,0x00000000fdc50020,0x00000000fff80000)
  to   space 37888K, 0% used [0x00000000fb580000,0x00000000fb580000,0x00000000fda80000)
 ParOldGen       total 418304K, used 284886K [0x0000000081c00000, 0x000000009b480000, 0x00000000d5f00000)
  object space 418304K, 68% used [0x0000000081c00000,0x0000000093235bb0,0x000000009b480000)
 Metaspace       used 76678K, capacity 84736K, committed 84864K, reserved 1120256K
  class space    used 11995K, capacity 14427K, committed 14464K, reserved 1048576K
Event: 102.736 GC heap after
Heap after GC invocations=153 (full 6):
 PSYoungGen      total 615936K, used 2928K [0x00000000d5f00000, 0x00000000ffe00000, 0x0000000100000000)
  eden space 612864K, 0% used [0x00000000d5f00000,0x00000000d5f00000,0x00000000fb580000)
  from space 3072K, 95% used [0x00000000fb580000,0x00000000fb85c040,0x00000000fb880000)
  to   space 36864K, 0% used [0x00000000fda00000,0x00000000fda00000,0x00000000ffe00000)
 ParOldGen       total 418304K, used 284886K [0x0000000081c00000, 0x000000009b480000, 0x00000000d5f00000)
  object space 418304K, 68% used [0x0000000081c00000,0x0000000093235bb0,0x000000009b480000)
 Metaspace       used 76678K, capacity 84736K, committed 84864K, reserved 1120256K
  class space    used 11995K, capacity 14427K, committed 14464K, reserved 1048576K
}
Event: 103.729 GC heap before
{Heap before GC invocations=154 (full 6):
 PSYoungGen      total 615936K, used 615792K [0x00000000d5f00000, 0x00000000ffe00000, 0x0000000100000000)
  eden space 612864K, 100% used [0x00000000d5f00000,0x00000000fb580000,0x00000000fb580000)
  from space 3072K, 95% used [0x00000000fb580000,0x00000000fb85c040,0x00000000fb880000)
  to   space 36864K, 0% used [0x00000000fda00000,0x00000000fda00000,0x00000000ffe00000)
 ParOldGen       total 418304K, used 284886K [0x0000000081c00000, 0x000000009b480000, 0x00000000d5f00000)
  object space 418304K, 68% used [0x0000000081c00000,0x0000000093235bb0,0x000000009b480000)
 Metaspace       used 76678K, capacity 84736K, committed 84864K, reserved 1120256K
  class space    used 11995K, capacity 14427K, committed 14464K, reserved 1048576K
Event: 103.737 GC heap after
Heap after GC invocations=154 (full 6):
 PSYoungGen      total 651776K, used 3408K [0x00000000d5f00000, 0x0000000100000000, 0x0000000100000000)
  eden space 614912K, 0% used [0x00000000d5f00000,0x00000000d5f00000,0x00000000fb780000)
  from space 36864K, 9% used [0x00000000fda00000,0x00000000fdd54040,0x00000000ffe00000)
  to   space 35328K, 0% used [0x00000000fb780000,0x00000000fb780000,0x00000000fda00000)
 ParOldGen       total 418304K, used 284886K [0x0000000081c00000, 0x000000009b480000, 0x00000000d5f00000)
  object space 418304K, 68% used [0x0000000081c00000,0x0000000093235bb0,0x000000009b480000)
 Metaspace       used 76678K, capacity 84736K, committed 84864K, reserved 1120256K
  class space    used 11995K, capacity 14427K, committed 14464K, reserved 1048576K
}
Event: 106.603 GC heap before
{Heap before GC invocations=155 (full 6):
 PSYoungGen      total 651776K, used 618320K [0x00000000d5f00000, 0x0000000100000000, 0x0000000100000000)
  eden space 614912K, 100% used [0x00000000d5f00000,0x00000000fb780000,0x00000000fb780000)
  from space 36864K, 9% used [0x00000000fda00000,0x00000000fdd54040,0x00000000ffe00000)
  to   space 35328K, 0% used [0x00000000fb780000,0x00000000fb780000,0x00000000fda00000)
 ParOldGen       total 418304K, used 284886K [0x0000000081c00000, 0x000000009b480000, 0x00000000d5f00000)
  object space 418304K, 68% used [0x0000000081c00000,0x0000000093235bb0,0x000000009b480000)
 Metaspace       used 76689K, capacity 84736K, committed 84864K, reserved 1120256K
  class space    used 11996K, capacity 14427K, committed 14464K, reserved 1048576K
Event: 106.633 GC heap after
Heap after GC invocations=155 (full 6):
 PSYoungGen      total 650240K, used 5601K [0x00000000d5f00000, 0x00000000ffb80000, 0x0000000100000000)
  eden space 614912K, 0% used [0x00000000d5f00000,0x00000000d5f00000,0x00000000fb780000)
  from space 35328K, 15% used [0x00000000fb780000,0x00000000fbcf8678,0x00000000fda00000)
  to   space 33792K, 0% used [0x00000000fda80000,0x00000000fda80000,0x00000000ffb80000)
 ParOldGen       total 418304K, used 284894K [0x0000000081c00000, 0x000000009b480000, 0x00000000d5f00000)
  object space 418304K, 68% used [0x0000000081c00000,0x0000000093237bb0,0x000000009b480000)
 Metaspace       used 76689K, capacity 84736K, committed 84864K, reserved 1120256K
  class space    used 11996K, capacity 14427K, committed 14464K, reserved 1048576K
}
Event: 111.360 GC heap before
{Heap before GC invocations=156 (full 6):
 PSYoungGen      total 650240K, used 620513K [0x00000000d5f00000, 0x00000000ffb80000, 0x0000000100000000)
  eden space 614912K, 100% used [0x00000000d5f00000,0x00000000fb780000,0x00000000fb780000)
  from space 35328K, 15% used [0x00000000fb780000,0x00000000fbcf8678,0x00000000fda00000)
  to   space 33792K, 0% used [0x00000000fda80000,0x00000000fda80000,0x00000000ffb80000)
 ParOldGen       total 418304K, used 284894K [0x0000000081c00000, 0x000000009b480000, 0x00000000d5f00000)
  object space 418304K, 68% used [0x0000000081c00000,0x0000000093237bb0,0x000000009b480000)
 Metaspace       used 77925K, capacity 86214K, committed 86400K, reserved 1120256K
  class space    used 12172K, capacity 14658K, committed 14720K, reserved 1048576K
Event: 111.504 GC heap after
Heap after GC invocations=156 (full 6):
 PSYoungGen      total 603136K, used 33775K [0x00000000d5f00000, 0x0000000100000000, 0x0000000100000000)
  eden space 569344K, 0% used [0x00000000d5f00000,0x00000000d5f00000,0x00000000f8b00000)
  from space 33792K, 99% used [0x00000000fda80000,0x00000000ffb7bee0,0x00000000ffb80000)
  to   space 59904K, 0% used [0x00000000f8b00000,0x00000000f8b00000,0x00000000fc580000)
 ParOldGen       total 418304K, used 337515K [0x0000000081c00000, 0x000000009b480000, 0x00000000d5f00000)
  object space 418304K, 80% used [0x0000000081c00000,0x000000009659af00,0x000000009b480000)
 Metaspace       used 77925K, capacity 86214K, committed 86400K, reserved 1120256K
  class space    used 12172K, capacity 14658K, committed 14720K, reserved 1048576K
}

Deoptimization events (10 events):
Event: 111.117 Thread 0x0000000002752800 Uncommon trap: reason=bimorphic action=maybe_recompile pc=0x0000000002b18e34 method=net.minecraft.client.gui.fonts.IGlyph.getAdvance(Z)F @ 1
Event: 111.117 Thread 0x0000000002752800 Uncommon trap: reason=bimorphic action=maybe_recompile pc=0x0000000002b18e34 method=net.minecraft.client.gui.fonts.IGlyph.getAdvance(Z)F @ 1
Event: 111.541 Thread 0x0000000002752800 Uncommon trap: reason=class_check action=maybe_recompile pc=0x0000000002df83ac method=net.minecraft.client.gui.fonts.Font.lambda$setGlyphProviders$2(Ljava/util/List;Ljava/util/Set;I)V @ 25
Event: 111.815 Thread 0x0000000002752800 Uncommon trap: reason=class_check action=maybe_recompile pc=0x0000000003b9f1b8 method=java.util.HashMap$ValueSpliterator.forEachRemaining(Ljava/util/function/Consumer;)V @ 145
Event: 111.816 Thread 0x0000000002752800 Uncommon trap: reason=bimorphic action=maybe_recompile pc=0x00000000036397c4 method=org.apache.commons.lang3.tuple.Triple.hashCode()I @ 33
Event: 111.822 Thread 0x0000000002752800 Uncommon trap: reason=bimorphic action=maybe_recompile pc=0x00000000036397c4 method=org.apache.commons.lang3.tuple.Triple.hashCode()I @ 33
Event: 111.865 Thread 0x0000000002752800 Uncommon trap: reason=bimorphic action=maybe_recompile pc=0x00000000036397c4 method=org.apache.commons.lang3.tuple.Triple.hashCode()I @ 33
Event: 111.869 Thread 0x0000000002752800 Uncommon trap: reason=bimorphic action=maybe_recompile pc=0x00000000036397c4 method=org.apache.commons.lang3.tuple.Triple.hashCode()I @ 33
Event: 111.882 Thread 0x0000000002752800 Uncommon trap: reason=unstable_if action=reinterpret pc=0x000000000303ac38 method=org.apache.commons.lang3.tuple.Triple.equals(Ljava/lang/Object;)Z @ 44
Event: 112.072 Thread 0x0000000002752800 Uncommon trap: reason=null_check action=make_not_entrant pc=0x00000000046524cc method=net.minecraft.client.renderer.texture.AtlasTexture.getSprite(Lnet/minecraft/util/ResourceLocation;)Lnet/minecraft/client/renderer/texture/TextureAtlasSprite; @ 10

Internal exceptions (10 events):
Event: 111.965 Thread 0x0000000002752800 Exception <a 'sun/nio/fs/WindowsException'> (0x00000000da302f50) thrown at [C:\re\workspace\8-2-build-windows-amd64-cygwin\jdk8u51\3951\hotspot\src\share\vm\prims\jni.cpp, line 709]
Event: 111.965 Thread 0x0000000002752800 Exception <a 'sun/nio/fs/WindowsException'> (0x00000000da3039b0) thrown at [C:\re\workspace\8-2-build-windows-amd64-cygwin\jdk8u51\3951\hotspot\src\share\vm\prims\jni.cpp, line 709]
Event: 111.966 Thread 0x0000000002752800 Exception <a 'sun/nio/fs/WindowsException'> (0x00000000da3054e8) thrown at [C:\re\workspace\8-2-build-windows-amd64-cygwin\jdk8u51\3951\hotspot\src\share\vm\prims\jni.cpp, line 709]
Event: 111.966 Thread 0x0000000002752800 Exception <a 'sun/nio/fs/WindowsException'> (0x00000000da305ea8) thrown at [C:\re\workspace\8-2-build-windows-amd64-cygwin\jdk8u51\3951\hotspot\src\share\vm\prims\jni.cpp, line 709]
Event: 111.989 Thread 0x0000000002752800 Exception <a 'sun/nio/fs/WindowsException'> (0x00000000da719f50) thrown at [C:\re\workspace\8-2-build-windows-amd64-cygwin\jdk8u51\3951\hotspot\src\share\vm\prims\jni.cpp, line 709]
Event: 111.990 Thread 0x0000000002752800 Exception <a 'sun/nio/fs/WindowsException'> (0x00000000da71a990) thrown at [C:\re\workspace\8-2-build-windows-amd64-cygwin\jdk8u51\3951\hotspot\src\share\vm\prims\jni.cpp, line 709]
Event: 111.990 Thread 0x0000000002752800 Exception <a 'sun/nio/fs/WindowsException'> (0x00000000da71c508) thrown at [C:\re\workspace\8-2-build-windows-amd64-cygwin\jdk8u51\3951\hotspot\src\share\vm\prims\jni.cpp, line 709]
Event: 111.990 Thread 0x0000000002752800 Exception <a 'sun/nio/fs/WindowsException'> (0x00000000da71cf48) thrown at [C:\re\workspace\8-2-build-windows-amd64-cygwin\jdk8u51\3951\hotspot\src\share\vm\prims\jni.cpp, line 709]
Event: 111.990 Thread 0x0000000002752800 Exception <a 'sun/nio/fs/WindowsException'> (0x00000000da71ea40) thrown at [C:\re\workspace\8-2-build-windows-amd64-cygwin\jdk8u51\3951\hotspot\src\share\vm\prims\jni.cpp, line 709]
Event: 111.990 Thread 0x0000000002752800 Exception <a 'sun/nio/fs/WindowsException'> (0x00000000da71f3c0) thrown at [C:\re\workspace\8-2-build-windows-amd64-cygwin\jdk8u51\3951\hotspot\src\share\vm\prims\jni.cpp, line 709]

Events (10 events):
Event: 112.025 loading class net/minecraft/client/renderer/model/RenderMaterial done
Event: 112.025 loading class net/minecraft/client/renderer/model/RenderMaterial
Event: 112.025 loading class net/minecraft/client/renderer/model/RenderMaterial done
Event: 112.025 loading class net/minecraft/client/renderer/texture/SpriteMap
Event: 112.025 loading class net/minecraft/client/renderer/texture/SpriteMap done
Event: 112.025 loading class net/minecraft/client/renderer/model/ItemOverride
Event: 112.025 loading class net/minecraft/client/renderer/model/ItemOverride done
Event: 112.072 Thread 0x0000000002752800 Uncommon trap: trap_request=0xfffffff4 fr.pc=0x00000000046524cc
Event: 112.072 Thread 0x0000000002752800 DEOPT PACKING pc=0x00000000046524cc sp=0x000000000274bac0
Event: 112.072 Thread 0x0000000002752800 DEOPT UNPACKING pc=0x00000000029a582a sp=0x000000000274bab0 mode 2


Dynamic libraries:
0x00007ff60db10000 - 0x00007ff60db47000 	C:\Program Files (x86)\Minecraft\runtime\jre-x64\bin\java.exe
0x00007ffee6bd0000 - 0x00007ffee6dc6000 	C:\WINDOWS\SYSTEM32\ntdll.dll
0x00007ffee5e70000 - 0x00007ffee5f2d000 	C:\WINDOWS\System32\KERNEL32.DLL
0x00007ffee46e0000 - 0x00007ffee49a8000 	C:\WINDOWS\System32\KERNELBASE.dll
0x00007ffee6ae0000 - 0x00007ffee6b8a000 	C:\WINDOWS\System32\ADVAPI32.dll
0x00007ffee5890000 - 0x00007ffee592e000 	C:\WINDOWS\System32\msvcrt.dll
0x00007ffee5930000 - 0x00007ffee59cb000 	C:\WINDOWS\System32\sechost.dll
0x00007ffee5760000 - 0x00007ffee5884000 	C:\WINDOWS\System32\RPCRT4.dll
0x00007ffee4ee0000 - 0x00007ffee5080000 	C:\WINDOWS\System32\USER32.dll
0x00007ffee4480000 - 0x00007ffee44a2000 	C:\WINDOWS\System32\win32u.dll
0x00007ffee5660000 - 0x00007ffee568a000 	C:\WINDOWS\System32\GDI32.dll
0x00007ffee4b30000 - 0x00007ffee4c39000 	C:\WINDOWS\System32\gdi32full.dll
0x00007ffee4a60000 - 0x00007ffee4afd000 	C:\WINDOWS\System32\msvcp_win.dll
0x00007ffee4530000 - 0x00007ffee4630000 	C:\WINDOWS\System32\ucrtbase.dll
0x00007ffec87a0000 - 0x00007ffec8a3b000 	C:\WINDOWS\WinSxS\amd64_microsoft.windows.common-controls_6595b64144ccf1df_6.0.19041.488_none_ca04af081b815d21\COMCTL32.dll
0x00007ffee4d10000 - 0x00007ffee4d40000 	C:\WINDOWS\System32\IMM32.DLL
0x0000000071290000 - 0x0000000071362000 	C:\Program Files (x86)\Minecraft\runtime\jre-x64\bin\msvcr100.dll
0x0000000070670000 - 0x0000000070ef3000 	C:\Program Files (x86)\Minecraft\runtime\jre-x64\bin\server\jvm.dll
0x00007ffee59e0000 - 0x00007ffee59e8000 	C:\WINDOWS\System32\PSAPI.DLL
0x00007ffedcba0000 - 0x00007ffedcbc7000 	C:\WINDOWS\SYSTEM32\WINMM.dll
0x00007ffee0f10000 - 0x00007ffee0f1a000 	C:\WINDOWS\SYSTEM32\VERSION.dll
0x00007ffec05b0000 - 0x00007ffec05b9000 	C:\WINDOWS\SYSTEM32\WSOCK32.dll
0x00007ffee4ca0000 - 0x00007ffee4d0b000 	C:\WINDOWS\System32\WS2_32.dll
0x0000000071280000 - 0x000000007128f000 	C:\Program Files (x86)\Minecraft\runtime\jre-x64\bin\verify.dll
0x0000000071250000 - 0x0000000071279000 	C:\Program Files (x86)\Minecraft\runtime\jre-x64\bin\java.dll
0x0000000071220000 - 0x0000000071243000 	C:\Program Files (x86)\Minecraft\runtime\jre-x64\bin\instrument.dll
0x0000000071200000 - 0x0000000071216000 	C:\Program Files (x86)\Minecraft\runtime\jre-x64\bin\zip.dll
0x00007ffee5f30000 - 0x00007ffee6670000 	C:\WINDOWS\System32\SHELL32.dll
0x00007ffee1630000 - 0x00007ffee1dc4000 	C:\WINDOWS\SYSTEM32\windows.storage.dll
0x00007ffee59f0000 - 0x00007ffee5d45000 	C:\WINDOWS\System32\combase.dll
0x00007ffee35f0000 - 0x00007ffee361c000 	C:\WINDOWS\SYSTEM32\Wldp.dll
0x00007ffee5550000 - 0x00007ffee55fe000 	C:\WINDOWS\System32\SHCORE.dll
0x00007ffee5080000 - 0x00007ffee50d5000 	C:\WINDOWS\System32\shlwapi.dll
0x00007ffee4250000 - 0x00007ffee4276000 	C:\WINDOWS\SYSTEM32\profapi.dll
0x00007ffed2070000 - 0x00007ffed208a000 	C:\Users\ervin_1nmnhvl\AppData\Local\JetBrains\Toolbox\apps\IDEA-U\ch-0\202.6397.94\bin\breakgen64.dll
0x00000000711e0000 - 0x00000000711fa000 	C:\Program Files (x86)\Minecraft\runtime\jre-x64\bin\net.dll
0x00007ffee3560000 - 0x00007ffee35ca000 	C:\WINDOWS\system32\mswsock.dll
0x00000000711d0000 - 0x00000000711dd000 	C:\Program Files (x86)\Minecraft\runtime\jre-x64\bin\management.dll
0x00007ffec13b0000 - 0x00007ffec13c7000 	C:\WINDOWS\system32\napinsp.dll
0x00007ffec1390000 - 0x00007ffec13ab000 	C:\WINDOWS\system32\pnrpnsp.dll
0x00007ffedeac0000 - 0x00007ffedead5000 	C:\WINDOWS\system32\wshbth.dll
0x00007ffee13a0000 - 0x00007ffee13bd000 	C:\WINDOWS\system32\NLAapi.dll
0x00007ffee30d0000 - 0x00007ffee310b000 	C:\WINDOWS\SYSTEM32\IPHLPAPI.DLL
0x00007ffee3110000 - 0x00007ffee31db000 	C:\WINDOWS\SYSTEM32\DNSAPI.dll
0x00007ffee4d40000 - 0x00007ffee4d49000 	C:\WINDOWS\System32\NSI.dll
0x00007ffed0700000 - 0x00007ffed0712000 	C:\WINDOWS\System32\winrnr.dll
0x00007ffed8040000 - 0x00007ffed804a000 	C:\Windows\System32\rasadhlp.dll
0x00007ffed8600000 - 0x00007ffed867f000 	C:\WINDOWS\System32\fwpuclnt.dll
0x00007ffee4b00000 - 0x00007ffee4b27000 	C:\WINDOWS\System32\bcrypt.dll
0x00000000711b0000 - 0x00000000711c1000 	C:\Program Files (x86)\Minecraft\runtime\jre-x64\bin\nio.dll
0x0000000071180000 - 0x00000000711a4000 	C:\Program Files (x86)\Minecraft\runtime\jre-x64\bin\sunec.dll
0x00007ffee40b0000 - 0x00007ffee40c8000 	C:\WINDOWS\SYSTEM32\CRYPTSP.dll
0x00007ffee2c90000 - 0x00007ffee2cc4000 	C:\WINDOWS\system32\rsaenh.dll
0x00007ffee4210000 - 0x00007ffee423e000 	C:\WINDOWS\SYSTEM32\USERENV.dll
0x00007ffee44b0000 - 0x00007ffee452f000 	C:\WINDOWS\System32\bcryptprimitives.dll
0x00007ffee3430000 - 0x00007ffee343c000 	C:\WINDOWS\SYSTEM32\CRYPTBASE.dll
0x00007ffeda060000 - 0x00007ffeda077000 	C:\WINDOWS\SYSTEM32\dhcpcsvc6.DLL
0x00007ffed9fb0000 - 0x00007ffed9fcd000 	C:\WINDOWS\SYSTEM32\dhcpcsvc.DLL
0x00007ffeaf520000 - 0x00007ffeaf592000 	C:\Users\ervin_1nmnhvl\AppData\Local\Temp\lwjglervin_1nmnhvl\3.2.2-build-10\lwjgl.dll
0x00007ffeab450000 - 0x00007ffeab6a1000 	C:\Users\ERVIN_~1\AppData\Local\Temp\lwjglervin_1nmnhvl\3.2.2-build-10\jemalloc.dll
0x00007ffed2010000 - 0x00007ffed206e000 	C:\Users\ERVIN_~1\AppData\Local\Temp\lwjglervin_1nmnhvl\3.2.2-build-10\glfw.dll
0x00007ffee2350000 - 0x00007ffee23ef000 	C:\WINDOWS\system32\uxtheme.dll
0x00007ffec4ed0000 - 0x00007ffec4f15000 	C:\WINDOWS\SYSTEM32\dinput8.dll
0x00007ffed1c10000 - 0x00007ffed1c21000 	C:\WINDOWS\SYSTEM32\xinput1_4.dll
0x00007ffee4630000 - 0x00007ffee467e000 	C:\WINDOWS\System32\cfgmgr32.dll
0x00007ffee40d0000 - 0x00007ffee40fc000 	C:\WINDOWS\SYSTEM32\DEVOBJ.dll
0x00007ffee10c0000 - 0x00007ffee10ef000 	C:\WINDOWS\SYSTEM32\dwmapi.dll
0x00007ffed42e0000 - 0x00007ffed4432000 	C:\WINDOWS\SYSTEM32\inputhost.dll
0x00007ffee5690000 - 0x00007ffee575d000 	C:\WINDOWS\System32\OLEAUT32.dll
0x00007ffee1ff0000 - 0x00007ffee20e2000 	C:\WINDOWS\SYSTEM32\CoreMessaging.dll
0x00007ffedf550000 - 0x00007ffedf647000 	C:\WINDOWS\SYSTEM32\PROPSYS.dll
0x00007ffedfa40000 - 0x00007ffedfb96000 	C:\WINDOWS\SYSTEM32\wintypes.dll
0x00007ffee0830000 - 0x00007ffee0b8e000 	C:\WINDOWS\SYSTEM32\CoreUIComponents.dll
0x00007ffee3f90000 - 0x00007ffee3fc3000 	C:\WINDOWS\SYSTEM32\ntmarta.dll
0x00007ffee2470000 - 0x00007ffee2482000 	C:\WINDOWS\SYSTEM32\kernel.appcore.dll
0x00007ffee5d50000 - 0x00007ffee5e65000 	C:\WINDOWS\System32\MSCTF.dll
0x00007ffee1de0000 - 0x00007ffee1ded000 	C:\WINDOWS\SYSTEM32\HID.DLL
0x00007ffee6670000 - 0x00007ffee6ad7000 	C:\WINDOWS\System32\SETUPAPI.DLL
0x00007ffee4680000 - 0x00007ffee46e0000 	C:\WINDOWS\System32\WINTRUST.dll
0x00007ffee4320000 - 0x00007ffee447d000 	C:\WINDOWS\System32\CRYPT32.dll
0x00007ffee3d60000 - 0x00007ffee3d72000 	C:\WINDOWS\SYSTEM32\MSASN1.dll
0x00007ffeabdb0000 - 0x00007ffeabed5000 	C:\WINDOWS\SYSTEM32\opengl32.dll
0x00007ffec4ea0000 - 0x00007ffec4ecc000 	C:\WINDOWS\SYSTEM32\GLU32.dll
0x00007ffee4e30000 - 0x00007ffee4ed9000 	C:\WINDOWS\System32\clbcatq.dll
0x00007ffe97e10000 - 0x00007ffe98a94000 	C:\WINDOWS\SYSTEM32\ig4icd64.dll
0x00007ffee24e0000 - 0x00007ffee25d3000 	C:\WINDOWS\SYSTEM32\dxgi.dll
0x00007ffedfba0000 - 0x00007ffedfe04000 	C:\WINDOWS\SYSTEM32\d3d11.dll
0x00007ffeae570000 - 0x00007ffeaf1c0000 	C:\WINDOWS\SYSTEM32\igd10umd64.dll
0x00007ffed9060000 - 0x00007ffed909b000 	C:\WINDOWS\SYSTEM32\dxcore.dll
0x00007ffeaf4a0000 - 0x00007ffeaf51f000 	C:\Users\ervin_1nmnhvl\AppData\Local\Temp\lwjglervin_1nmnhvl\3.2.2-build-10\lwjgl_stb.dll
0x00007ffede340000 - 0x00007ffede3ee000 	C:\WINDOWS\SYSTEM32\mscms.dll
0x00007ffede080000 - 0x00007ffede091000 	C:\WINDOWS\SYSTEM32\ColorAdapterClient.dll
0x00007ffebdb80000 - 0x00007ffebdbc3000 	C:\WINDOWS\SYSTEM32\icm32.dll
0x00007ffed41e0000 - 0x00007ffed42dc000 	C:\WINDOWS\SYSTEM32\textinputframework.dll
0x00007ffeb6680000 - 0x00007ffeb66d8000 	C:\Users\ervin_1nmnhvl\AppData\Local\Temp\lwjglervin_1nmnhvl\3.2.2-build-10\lwjgl_opengl.dll
0x00007ffeb4de0000 - 0x00007ffeb4e22000 	C:\Users\ervin_1nmnhvl\AppData\Local\Temp\jna-2118671535\jna8923865764175233015.dll
0x00007ffed20b0000 - 0x00007ffed20ca000 	C:\save\modding\ervin_mod_1\build\natives\SAPIWrapper_x64.dll
0x00007ffee50e0000 - 0x00007ffee520a000 	C:\WINDOWS\System32\ole32.dll
0x00007ffeacc20000 - 0x00007ffeacda4000 	C:\WINDOWS\System32\Speech\Common\sapi.dll
0x00007ffeded60000 - 0x00007ffeded7e000 	C:\WINDOWS\SYSTEM32\MSACM32.dll
0x00007ffed9880000 - 0x00007ffed988b000 	C:\WINDOWS\SYSTEM32\msdmo.dll
0x00007ffec19b0000 - 0x00007ffec19d6000 	C:\WINDOWS\SYSTEM32\winmmbase.dll
0x00007ffed5620000 - 0x00007ffed56a5000 	C:\WINDOWS\System32\MMDevApi.dll
0x00007ffeabb00000 - 0x00007ffeabc14000 	C:\Users\ERVIN_~1\AppData\Local\Temp\lwjglervin_1nmnhvl\3.2.2-build-10\OpenAL.dll
0x00007ffed15a0000 - 0x00007ffed1721000 	C:\WINDOWS\SYSTEM32\AUDIOSES.DLL
0x00007ffee3d00000 - 0x00007ffee3d4b000 	C:\WINDOWS\SYSTEM32\powrprof.dll
0x00007ffee3930000 - 0x00007ffee3942000 	C:\WINDOWS\SYSTEM32\UMPDC.dll
0x00007ffee0fd0000 - 0x00007ffee0fe4000 	C:\WINDOWS\SYSTEM32\resourcepolicyclient.dll
0x00007ffee3d80000 - 0x00007ffee3f64000 	C:\WINDOWS\SYSTEM32\dbghelp.dll

VM Arguments:
jvm_args: -Dforge.logging.console.level=debug -Dforge.logging.markers=SCAN,REGISTRIES,REGISTRYDUMP -XX:HeapDumpPath=MojangTricksIntelDriversForPerformance_javaw.exe_minecraft.exe.heapdump -Dos.name=Windows 10 -Dos.version=10.0 -javaagent:C:\Users\ervin_1nmnhvl\AppData\Local\JetBrains\Toolbox\apps\IDEA-U\ch-0\202.6397.94\lib\idea_rt.jar=60243:C:\Users\ervin_1nmnhvl\AppData\Local\JetBrains\Toolbox\apps\IDEA-U\ch-0\202.6397.94\bin -Dfile.encoding=UTF-8 
java_command: net.minecraftforge.userdev.LaunchTesting
java_class_path (initial): C:\Program Files (x86)\Minecraft\runtime\jre-x64\lib\charsets.jar;C:\Program Files (x86)\Minecraft\runtime\jre-x64\lib\deploy.jar;C:\Program Files (x86)\Minecraft\runtime\jre-x64\lib\ext\access-bridge-64.jar;C:\Program Files (x86)\Minecraft\runtime\jre-x64\lib\ext\cldrdata.jar;C:\Program Files (x86)\Minecraft\runtime\jre-x64\lib\ext\dnsns.jar;C:\Program Files (x86)\Minecraft\runtime\jre-x64\lib\ext\jaccess.jar;C:\Program Files (x86)\Minecraft\runtime\jre-x64\lib\ext\jfxrt.jar;C:\Program Files (x86)\Minecraft\runtime\jre-x64\lib\ext\localedata.jar;C:\Program Files (x86)\Minecraft\runtime\jre-x64\lib\ext\nashorn.jar;C:\Program Files (x86)\Minecraft\runtime\jre-x64\lib\ext\sunec.jar;C:\Program Files (x86)\Minecraft\runtime\jre-x64\lib\ext\sunjce_provider.jar;C:\Program Files (x86)\Minecraft\runtime\jre-x64\lib\ext\sunmscapi.jar;C:\Program Files (x86)\Minecraft\runtime\jre-x64\lib\ext\sunpkcs11.jar;C:\Program Files (x86)\Minecraft\runtime\jre-x64\lib\ext\zipfs.jar;C:\Program Files (x86)\Minecraft\runtime\jre-x64\lib\javaws.jar;C:\Program Files (x86)\Minecraft\runtime\jre-x64\lib\jce.jar;C:\Program Files (x86)\Minecraft\runtime\jre-x64\lib\jfr.jar;C:\Program Files (x86)\Minecraft\runtime\jre-x64\lib\jfxswt.jar;C:\Program Files (x86)\Minecraft\runtime\jre-x64\lib\jsse.jar;C:\Program Files (x86)\Minecraft\runtime\jre-x64\lib\management-agent.jar;C:\Program Files (x86)\Minecraft\runtime\jre-x64\lib\plugin.jar;C:\Program Files (x86)\Minecraft\runtime\jre-x64\lib\resources.jar;C:\Program Files (x86)\Minecraft\runtime\jre-x64\lib\rt.jar;C:\save\modding\ervin_mod_1\build\classes\java\main;C:\save\modding\ervin_mod_1\build\resources\main;C:\Users\ervin_1nmnhvl\.gradle\caches\forge_gradle\minecraft_user_repo\net\minecraftforge\forge\1.16.1-32.0.75_mapped_snapshot_20200723-1.16.1\forge-1.16.1-32.0.75_mapped_snapshot_20200723-1.16.1-recomp.jar;C:\Users\ervin_1nmnhvl\.gradle\caches\forge_gradle\minecraft_user_repo\net\minecraftforge\forge\1.16.1-32.0.75_
Launcher Type: SUN_STANDARD

Environment Variables:
JAVA_HOME=C:\Program Files\Java\jdk-11.0.4
PATH=C:\Program Files\Docker\Docker\Resources\bin;C:\ProgramData\Oracle\Java\javapath;C:\WINDOWS\system32;C:\WINDOWS;C:\WINDOWS\System32\Wbem;C:\WINDOWS\System32\WindowsPowerShell\v1.0\;C:\Program Files (x86)\cloudControl;C:\Program Files\Git\cmd;C:\bin;C:\Program Files (x86)\Windows Kits\8.1\Windows Performance Toolkit\;C:\Program Files (x86)\PuTTY\;C:\Program Files (x86)\Nodist\bin;G:\save\sdk\android\tools;G:\save\sdk\android\platform-tools;C:\boxfuse;C:\Program Files (x86)\Skype\Phone\;C:\Program Files (x86)\GtkSharp\2.12\bin;C:\Program Files (x86)\IVI Foundation\VISA\WinNT\Bin;C:\WINDOWS\system32;C:\WINDOWS;C:\WINDOWS\System32\Wbem;C:\WINDOWS\System32\WindowsPowerShell\v1.0\;;C:\WINDOWS\System32\OpenSSH\;C:\Users\ervin_1nmnhvl\AppData\Local\Microsoft\WindowsApps;
USERNAME=ervin_1nmnhvl
OS=Windows_NT
PROCESSOR_IDENTIFIER=Intel64 Family 6 Model 42 Stepping 7, GenuineIntel



---------------  S Y S T E M  ---------------

OS: Windows 10.0 , 64 bit Build 19041 (10.0.19041.546)

CPU:total 4 (2 cores per cpu, 2 threads per core) family 6 model 42 stepping 7, cmov, cx8, fxsr, mmx, sse, sse2, sse3, ssse3, sse4.1, sse4.2, popcnt, avx, aes, clmul, ht, tsc, tscinvbit

Memory: 4k page, physical 8266764k(946720k free), swap 10363916k(5132k free)

vm_info: Java HotSpot(TM) 64-Bit Server VM (25.51-b03) for windows-amd64 JRE (1.8.0_51-b16), built on Jun  8 2015 18:03:07 by "java_re" with MS VC++ 10.0 (VS2010)

time: Tue Nov 03 11:19:49 2020
elapsed time: 112 seconds (0d 0h 1m 52s)

