#
# There is insufficient memory for the Java Runtime Environment to continue.
# Native memory allocation (malloc) failed to allocate 921216 bytes for Chunk::new
# Possible reasons:
#   The system is out of physical RAM or swap space
#   In 32 bit mode, the process size limit was hit
# Possible solutions:
#   Reduce memory load on the system
#   Increase physical memory or swap space
#   Check if swap backing store is full
#   Use 64 bit Java on a 64 bit OS
#   Decrease Java heap size (-Xmx/-Xms)
#   Decrease number of Java threads
#   Decrease Java thread stack sizes (-Xss)
#   Set larger code cache with -XX:ReservedCodeCacheSize=
# This output file may be truncated or incomplete.
#
#  Out of Memory Error (allocation.cpp:390), pid=504, tid=6228
#
# JRE version: Java(TM) SE Runtime Environment (8.0_51-b16) (build 1.8.0_51-b16)
# Java VM: Java HotSpot(TM) 64-Bit Server VM (25.51-b03 mixed mode windows-amd64 compressed oops)
# Failed to write core dump. Minidumps are not enabled by default on client versions of Windows
#

---------------  T H R E A D  ---------------

Current thread (0x00000000191b3000):  JavaThread "C2 CompilerThread1" daemon [_thread_in_native, id=6228, stack(0x00000000193d0000,0x00000000194d0000)]

Stack: [0x00000000193d0000,0x00000000194d0000]
Native frames: (J=compiled Java code, j=interpreted, Vv=VM code, C=native code)
V  [jvm.dll+0x32b4ca]
V  [jvm.dll+0x2797e3]
V  [jvm.dll+0x27a479]
V  [jvm.dll+0x271765]
V  [jvm.dll+0xcba02]
V  [jvm.dll+0xcbecc]
V  [jvm.dll+0x492ad7]
V  [jvm.dll+0x45f7bf]
V  [jvm.dll+0x46a7cb]
V  [jvm.dll+0x46cde2]
V  [jvm.dll+0x4501a2]
V  [jvm.dll+0xa43a2]
V  [jvm.dll+0xa4cdf]
V  [jvm.dll+0x2418a4]
V  [jvm.dll+0x29846a]
C  [msvcr100.dll+0x21d9f]
C  [msvcr100.dll+0x21e3b]
C  [KERNEL32.DLL+0x17034]
C  [ntdll.dll+0x4d0d1]


Current CompileTask:
C2: 212567 12306       4       net.minecraft.client.renderer.model.VariantList::bakeModel (92 bytes)


---------------  P R O C E S S  ---------------

Java Threads: ( => current thread )
  0x0000000021db5000 JavaThread "modloading-worker-0" daemon [_thread_blocked, id=11092, stack(0x0000000045240000,0x0000000045340000)]
  0x0000000021db4800 JavaThread "modloading-worker-3" daemon [_thread_blocked, id=4640, stack(0x0000000045140000,0x0000000045240000)]
  0x0000000021db6000 JavaThread "Worker-Main-7" daemon [_thread_blocked, id=13764, stack(0x00000000200f0000,0x00000000201f0000)]
  0x0000000021db3000 JavaThread "Worker-Main-6" daemon [_thread_blocked, id=13880, stack(0x000000002a9f0000,0x000000002aaf0000)]
  0x0000000020dbe000 JavaThread "Worker-Main-5" daemon [_thread_blocked, id=11120, stack(0x000000002a6f0000,0x000000002a7f0000)]
  0x0000000020dbb000 JavaThread "Narrator" [_thread_blocked, id=10840, stack(0x0000000029f70000,0x000000002a070000)]
  0x0000000020dbf000 JavaThread "Sound engine" daemon [_thread_blocked, id=15952, stack(0x0000000025670000,0x0000000025770000)]
  0x0000000020dbf800 JavaThread "Snooper Timer" daemon [_thread_blocked, id=13992, stack(0x0000000025570000,0x0000000025670000)]
  0x0000000020dba000 JavaThread "Timer hack thread" daemon [_thread_blocked, id=9768, stack(0x00000000028a0000,0x00000000029a0000)]
  0x000000001a09d000 JavaThread "pool-3-thread-1" [_thread_blocked, id=11300, stack(0x000000001fff0000,0x00000000200f0000)]
  0x000000001a09c000 JavaThread "Thread-2" daemon [_thread_in_native, id=5068, stack(0x000000001bd00000,0x000000001be00000)]
  0x000000001a993800 JavaThread "Thread-1" daemon [_thread_blocked, id=15956, stack(0x000000001bc00000,0x000000001bd00000)]
  0x00000000195ff000 JavaThread "Service Thread" daemon [_thread_blocked, id=16248, stack(0x0000000019dd0000,0x0000000019ed0000)]
  0x00000000191b7000 JavaThread "C1 CompilerThread2" daemon [_thread_blocked, id=13032, stack(0x00000000194d0000,0x00000000195d0000)]
=>0x00000000191b3000 JavaThread "C2 CompilerThread1" daemon [_thread_in_native, id=6228, stack(0x00000000193d0000,0x00000000194d0000)]
  0x00000000191b2000 JavaThread "C2 CompilerThread0" daemon [_thread_in_native, id=10684, stack(0x00000000192d0000,0x00000000193d0000)]
  0x00000000191a6800 JavaThread "Monitor Ctrl-Break" daemon [_thread_in_native, id=3068, stack(0x00000000191d0000,0x00000000192d0000)]
  0x0000000017865800 JavaThread "Attach Listener" daemon [_thread_blocked, id=1620, stack(0x0000000018cd0000,0x0000000018dd0000)]
  0x0000000017864000 JavaThread "Signal Dispatcher" daemon [_thread_blocked, id=10132, stack(0x0000000018bd0000,0x0000000018cd0000)]
  0x0000000002bda000 JavaThread "Finalizer" daemon [_thread_blocked, id=9028, stack(0x0000000018ad0000,0x0000000018bd0000)]
  0x0000000002bd7000 JavaThread "Reference Handler" daemon [_thread_blocked, id=11116, stack(0x00000000189d0000,0x0000000018ad0000)]
  0x0000000002ae2800 JavaThread "Render thread" [_thread_in_Java, id=4556, stack(0x00000000029e0000,0x0000000002ae0000)]

Other Threads:
  0x0000000002bd3000 VMThread [stack: 0x00000000188d0000,0x00000000189d0000] [id=12080]
  0x00000000195ff800 WatcherThread [stack: 0x0000000019ed0000,0x0000000019fd0000] [id=2704]

VM state:not at safepoint (normal execution)

VM Mutex/Monitor currently owned by a thread: None

Heap:
 PSYoungGen      total 654336K, used 269380K [0x00000000d5f00000, 0x0000000100000000, 0x0000000100000000)
  eden space 621056K, 43% used [0x00000000d5f00000,0x00000000e66113b8,0x00000000fbd80000)
  from space 33280K, 0% used [0x00000000fbd80000,0x00000000fbd80000,0x00000000fde00000)
  to   space 34816K, 0% used [0x00000000fde00000,0x00000000fde00000,0x0000000100000000)
 ParOldGen       total 351232K, used 342356K [0x0000000081c00000, 0x0000000097300000, 0x00000000d5f00000)
  object space 351232K, 97% used [0x0000000081c00000,0x0000000096a552d8,0x0000000097300000)
 Metaspace       used 78555K, capacity 87026K, committed 87168K, reserved 1122304K
  class space    used 12323K, capacity 14850K, committed 14976K, reserved 1048576K

Card table byte_map: [0x00000000120f0000,0x00000000124f0000] byte_map_base: 0x0000000011ce2000

Marking Bits: (ParMarkBitMap*) 0x00000000766a4040
 Begin Bits: [0x0000000012ba0000, 0x0000000014b30000)
 End Bits:   [0x0000000014b30000, 0x0000000016ac0000)

Polling page: 0x0000000000b50000

CodeCache: size=245760Kb used=29183Kb max_used=29393Kb free=216576Kb
 bounds [0x0000000002d30000, 0x0000000004a20000, 0x0000000011d30000]
 total_blobs=10785 nmethods=9291 adapters=1404
 compilation: enabled

Compilation events (10 events):
Event: 212.047 Thread 0x00000000191b3000 nmethod 12307 0x0000000004936850 code [0x0000000004936980, 0x0000000004936a38]
Event: 212.049 Thread 0x00000000191b3000 12306       4       net.minecraft.client.renderer.model.VariantList::bakeModel (92 bytes)
Event: 212.084 Thread 0x00000000191b7000 12310       3       net.minecraft.client.renderer.model.BlockModel::isTexturePresent (23 bytes)
Event: 212.085 Thread 0x00000000191b7000 nmethod 12310 0x00000000033bfe90 code [0x00000000033c0020, 0x00000000033c0358]
Event: 212.135 Thread 0x00000000191b7000 12313       3       net.minecraft.client.renderer.model.ItemModelGenerator::getSpans (169 bytes)
Event: 212.137 Thread 0x00000000191b7000 nmethod 12313 0x00000000044366d0 code [0x0000000004436900, 0x0000000004437768]
Event: 212.176 Thread 0x00000000191b7000 12315       3       net.minecraft.client.renderer.model.ItemModelGenerator::getBlockParts (695 bytes)
Event: 212.181 Thread 0x00000000191b7000 nmethod 12315 0x0000000004549e50 code [0x000000000454a3a0, 0x000000000454d998]
Event: 212.187 Thread 0x00000000191b7000 12316       1       net.minecraft.client.renderer.model.BlockModel::getOverrides (5 bytes)
Event: 212.187 Thread 0x00000000191b7000 nmethod 12316 0x0000000003827150 code [0x00000000038272a0, 0x00000000038273b0]

GC Heap History (10 events):
Event: 189.260 GC heap before
{Heap before GC invocations=149 (full 5):
 PSYoungGen      total 654848K, used 8593K [0x00000000d5f00000, 0x0000000100000000, 0x0000000100000000)
  eden space 620544K, 0% used [0x00000000d5f00000,0x00000000d62c03d0,0x00000000fbd00000)
  from space 34304K, 13% used [0x00000000fbd00000,0x00000000fc1a4060,0x00000000fde80000)
  to   space 34304K, 0% used [0x00000000fde80000,0x00000000fde80000,0x0000000100000000)
 ParOldGen       total 336896K, used 295203K [0x0000000081c00000, 0x0000000096500000, 0x00000000d5f00000)
  object space 336896K, 87% used [0x0000000081c00000,0x0000000093c48fe0,0x0000000096500000)
 Metaspace       used 77053K, capacity 85214K, committed 85376K, reserved 1120256K
  class space    used 12121K, capacity 14610K, committed 14720K, reserved 1048576K
Event: 189.290 GC heap after
Heap after GC invocations=149 (full 5):
 PSYoungGen      total 654848K, used 4224K [0x00000000d5f00000, 0x0000000100000000, 0x0000000100000000)
  eden space 620544K, 0% used [0x00000000d5f00000,0x00000000d5f00000,0x00000000fbd00000)
  from space 34304K, 12% used [0x00000000fde80000,0x00000000fe2a0090,0x0000000100000000)
  to   space 34304K, 0% used [0x00000000fbd00000,0x00000000fbd00000,0x00000000fde80000)
 ParOldGen       total 336896K, used 295723K [0x0000000081c00000, 0x0000000096500000, 0x00000000d5f00000)
  object space 336896K, 87% used [0x0000000081c00000,0x0000000093ccafe0,0x0000000096500000)
 Metaspace       used 77053K, capacity 85214K, committed 85376K, reserved 1120256K
  class space    used 12121K, capacity 14610K, committed 14720K, reserved 1048576K
}
Event: 192.043 GC heap before
{Heap before GC invocations=150 (full 5):
 PSYoungGen      total 654848K, used 624768K [0x00000000d5f00000, 0x0000000100000000, 0x0000000100000000)
  eden space 620544K, 100% used [0x00000000d5f00000,0x00000000fbd00000,0x00000000fbd00000)
  from space 34304K, 12% used [0x00000000fde80000,0x00000000fe2a0090,0x0000000100000000)
  to   space 34304K, 0% used [0x00000000fbd00000,0x00000000fbd00000,0x00000000fde80000)
 ParOldGen       total 336896K, used 295723K [0x0000000081c00000, 0x0000000096500000, 0x00000000d5f00000)
  object space 336896K, 87% used [0x0000000081c00000,0x0000000093ccafe0,0x0000000096500000)
 Metaspace       used 77071K, capacity 85286K, committed 85632K, reserved 1120256K
  class space    used 12121K, capacity 14610K, committed 14720K, reserved 1048576K
Event: 192.066 GC heap after
Heap after GC invocations=150 (full 5):
 PSYoungGen      total 625152K, used 4512K [0x00000000d5f00000, 0x00000000fff00000, 0x0000000100000000)
  eden space 620544K, 0% used [0x00000000d5f00000,0x00000000d5f00000,0x00000000fbd00000)
  from space 4608K, 97% used [0x00000000fbd00000,0x00000000fc1680a0,0x00000000fc180000)
  to   space 33792K, 0% used [0x00000000fde00000,0x00000000fde00000,0x00000000fff00000)
 ParOldGen       total 336896K, used 296435K [0x0000000081c00000, 0x0000000096500000, 0x00000000d5f00000)
  object space 336896K, 87% used [0x0000000081c00000,0x0000000093d7cfe0,0x0000000096500000)
 Metaspace       used 77071K, capacity 85286K, committed 85632K, reserved 1120256K
  class space    used 12121K, capacity 14610K, committed 14720K, reserved 1048576K
}
Event: 194.431 GC heap before
{Heap before GC invocations=151 (full 5):
 PSYoungGen      total 625152K, used 625056K [0x00000000d5f00000, 0x00000000fff00000, 0x0000000100000000)
  eden space 620544K, 100% used [0x00000000d5f00000,0x00000000fbd00000,0x00000000fbd00000)
  from space 4608K, 97% used [0x00000000fbd00000,0x00000000fc1680a0,0x00000000fc180000)
  to   space 33792K, 0% used [0x00000000fde00000,0x00000000fde00000,0x00000000fff00000)
 ParOldGen       total 336896K, used 296435K [0x0000000081c00000, 0x0000000096500000, 0x00000000d5f00000)
  object space 336896K, 87% used [0x0000000081c00000,0x0000000093d7cfe0,0x0000000096500000)
 Metaspace       used 77071K, capacity 85286K, committed 85632K, reserved 1120256K
  class space    used 12121K, capacity 14610K, committed 14720K, reserved 1048576K
Event: 194.448 GC heap after
Heap after GC invocations=151 (full 5):
 PSYoungGen      total 654848K, used 4576K [0x00000000d5f00000, 0x0000000100000000, 0x0000000100000000)
  eden space 621056K, 0% used [0x00000000d5f00000,0x00000000d5f00000,0x00000000fbd80000)
  from space 33792K, 13% used [0x00000000fde00000,0x00000000fe278080,0x00000000fff00000)
  to   space 33280K, 0% used [0x00000000fbd80000,0x00000000fbd80000,0x00000000fde00000)
 ParOldGen       total 336896K, used 297155K [0x0000000081c00000, 0x0000000096500000, 0x00000000d5f00000)
  object space 336896K, 88% used [0x0000000081c00000,0x0000000093e30fe0,0x0000000096500000)
 Metaspace       used 77071K, capacity 85286K, committed 85632K, reserved 1120256K
  class space    used 12121K, capacity 14610K, committed 14720K, reserved 1048576K
}
Event: 207.230 GC heap before
{Heap before GC invocations=152 (full 5):
 PSYoungGen      total 654848K, used 625632K [0x00000000d5f00000, 0x0000000100000000, 0x0000000100000000)
  eden space 621056K, 100% used [0x00000000d5f00000,0x00000000fbd80000,0x00000000fbd80000)
  from space 33792K, 13% used [0x00000000fde00000,0x00000000fe278080,0x00000000fff00000)
  to   space 33280K, 0% used [0x00000000fbd80000,0x00000000fbd80000,0x00000000fde00000)
 ParOldGen       total 336896K, used 297155K [0x0000000081c00000, 0x0000000096500000, 0x00000000d5f00000)
  object space 336896K, 88% used [0x0000000081c00000,0x0000000093e30fe0,0x0000000096500000)
 Metaspace       used 78363K, capacity 86758K, committed 87040K, reserved 1122304K
  class space    used 12297K, capacity 14838K, committed 14848K, reserved 1048576K
Event: 207.499 GC heap after
Heap after GC invocations=152 (full 5):
 PSYoungGen      total 654336K, used 33271K [0x00000000d5f00000, 0x0000000100000000, 0x0000000100000000)
  eden space 621056K, 0% used [0x00000000d5f00000,0x00000000d5f00000,0x00000000fbd80000)
  from space 33280K, 99% used [0x00000000fbd80000,0x00000000fddfde38,0x00000000fde00000)
  to   space 34816K, 0% used [0x00000000fde00000,0x00000000fde00000,0x0000000100000000)
 ParOldGen       total 351232K, used 351096K [0x0000000081c00000, 0x0000000097300000, 0x00000000d5f00000)
  object space 351232K, 99% used [0x0000000081c00000,0x00000000972de1d0,0x0000000097300000)
 Metaspace       used 78363K, capacity 86758K, committed 87040K, reserved 1122304K
  class space    used 12297K, capacity 14838K, committed 14848K, reserved 1048576K
}
Event: 207.499 GC heap before
{Heap before GC invocations=153 (full 6):
 PSYoungGen      total 654336K, used 33271K [0x00000000d5f00000, 0x0000000100000000, 0x0000000100000000)
  eden space 621056K, 0% used [0x00000000d5f00000,0x00000000d5f00000,0x00000000fbd80000)
  from space 33280K, 99% used [0x00000000fbd80000,0x00000000fddfde38,0x00000000fde00000)
  to   space 34816K, 0% used [0x00000000fde00000,0x00000000fde00000,0x0000000100000000)
 ParOldGen       total 351232K, used 351096K [0x0000000081c00000, 0x0000000097300000, 0x00000000d5f00000)
  object space 351232K, 99% used [0x0000000081c00000,0x00000000972de1d0,0x0000000097300000)
 Metaspace       used 78363K, capacity 86758K, committed 87040K, reserved 1122304K
  class space    used 12297K, capacity 14838K, committed 14848K, reserved 1048576K
Event: 210.144 GC heap after
Heap after GC invocations=153 (full 6):
 PSYoungGen      total 654336K, used 0K [0x00000000d5f00000, 0x0000000100000000, 0x0000000100000000)
  eden space 621056K, 0% used [0x00000000d5f00000,0x00000000d5f00000,0x00000000fbd80000)
  from space 33280K, 0% used [0x00000000fbd80000,0x00000000fbd80000,0x00000000fde00000)
  to   space 34816K, 0% used [0x00000000fde00000,0x00000000fde00000,0x0000000100000000)
 ParOldGen       total 351232K, used 342356K [0x0000000081c00000, 0x0000000097300000, 0x00000000d5f00000)
  object space 351232K, 97% used [0x0000000081c00000,0x0000000096a552d8,0x0000000097300000)
 Metaspace       used 78361K, capacity 86752K, committed 87040K, reserved 1122304K
  class space    used 12296K, capacity 14837K, committed 14848K, reserved 1048576K
}

Deoptimization events (10 events):
Event: 210.212 Thread 0x0000000002ae2800 Uncommon trap: reason=bimorphic action=maybe_recompile pc=0x000000000497b1f4 method=net.minecraft.client.gui.fonts.IGlyph.getAdvance(Z)F @ 1
Event: 210.212 Thread 0x0000000002ae2800 Uncommon trap: reason=bimorphic action=maybe_recompile pc=0x000000000497b1f4 method=net.minecraft.client.gui.fonts.IGlyph.getAdvance(Z)F @ 1
Event: 210.599 Thread 0x0000000002ae2800 Uncommon trap: reason=class_check action=maybe_recompile pc=0x0000000004980800 method=net.minecraft.client.gui.fonts.Font.lambda$setGlyphProviders$2(Ljava/util/List;Ljava/util/Set;I)V @ 25
Event: 211.250 Thread 0x0000000002ae2800 Uncommon trap: reason=class_check action=maybe_recompile pc=0x0000000003fcf0b8 method=java.util.HashMap$ValueSpliterator.forEachRemaining(Ljava/util/function/Consumer;)V @ 145
Event: 211.252 Thread 0x0000000002ae2800 Uncommon trap: reason=bimorphic action=maybe_recompile pc=0x00000000035004d0 method=org.apache.commons.lang3.tuple.Triple.hashCode()I @ 33
Event: 211.290 Thread 0x0000000002ae2800 Uncommon trap: reason=bimorphic action=maybe_recompile pc=0x00000000035004d0 method=org.apache.commons.lang3.tuple.Triple.hashCode()I @ 33
Event: 211.375 Thread 0x0000000002ae2800 Uncommon trap: reason=bimorphic action=maybe_recompile pc=0x00000000035004d0 method=org.apache.commons.lang3.tuple.Triple.hashCode()I @ 33
Event: 211.402 Thread 0x0000000002ae2800 Uncommon trap: reason=bimorphic action=maybe_recompile pc=0x00000000035004d0 method=org.apache.commons.lang3.tuple.Triple.hashCode()I @ 33
Event: 211.426 Thread 0x0000000002ae2800 Uncommon trap: reason=unstable_if action=reinterpret pc=0x00000000047e3b7c method=java.lang.Math.round(D)J @ 48
Event: 211.428 Thread 0x0000000002ae2800 Uncommon trap: reason=unstable_if action=reinterpret pc=0x000000000328b738 method=org.apache.commons.lang3.tuple.Triple.equals(Ljava/lang/Object;)Z @ 44

Internal exceptions (10 events):
Event: 211.769 Thread 0x0000000002ae2800 Exception <a 'sun/nio/fs/WindowsException'> (0x00000000e3151ca8) thrown at [C:\re\workspace\8-2-build-windows-amd64-cygwin\jdk8u51\3951\hotspot\src\share\vm\prims\jni.cpp, line 709]
Event: 211.769 Thread 0x0000000002ae2800 Exception <a 'sun/nio/fs/WindowsException'> (0x00000000e3152708) thrown at [C:\re\workspace\8-2-build-windows-amd64-cygwin\jdk8u51\3951\hotspot\src\share\vm\prims\jni.cpp, line 709]
Event: 211.769 Thread 0x0000000002ae2800 Exception <a 'sun/nio/fs/WindowsException'> (0x00000000e3154240) thrown at [C:\re\workspace\8-2-build-windows-amd64-cygwin\jdk8u51\3951\hotspot\src\share\vm\prims\jni.cpp, line 709]
Event: 211.769 Thread 0x0000000002ae2800 Exception <a 'sun/nio/fs/WindowsException'> (0x00000000e3154c00) thrown at [C:\re\workspace\8-2-build-windows-amd64-cygwin\jdk8u51\3951\hotspot\src\share\vm\prims\jni.cpp, line 709]
Event: 211.796 Thread 0x0000000002ae2800 Exception <a 'sun/nio/fs/WindowsException'> (0x00000000e34b2610) thrown at [C:\re\workspace\8-2-build-windows-amd64-cygwin\jdk8u51\3951\hotspot\src\share\vm\prims\jni.cpp, line 709]
Event: 211.797 Thread 0x0000000002ae2800 Exception <a 'sun/nio/fs/WindowsException'> (0x00000000e34b3050) thrown at [C:\re\workspace\8-2-build-windows-amd64-cygwin\jdk8u51\3951\hotspot\src\share\vm\prims\jni.cpp, line 709]
Event: 211.797 Thread 0x0000000002ae2800 Exception <a 'sun/nio/fs/WindowsException'> (0x00000000e34b4bc8) thrown at [C:\re\workspace\8-2-build-windows-amd64-cygwin\jdk8u51\3951\hotspot\src\share\vm\prims\jni.cpp, line 709]
Event: 211.797 Thread 0x0000000002ae2800 Exception <a 'sun/nio/fs/WindowsException'> (0x00000000e34b5608) thrown at [C:\re\workspace\8-2-build-windows-amd64-cygwin\jdk8u51\3951\hotspot\src\share\vm\prims\jni.cpp, line 709]
Event: 211.798 Thread 0x0000000002ae2800 Exception <a 'sun/nio/fs/WindowsException'> (0x00000000e34b7100) thrown at [C:\re\workspace\8-2-build-windows-amd64-cygwin\jdk8u51\3951\hotspot\src\share\vm\prims\jni.cpp, line 709]
Event: 211.798 Thread 0x0000000002ae2800 Exception <a 'sun/nio/fs/WindowsException'> (0x00000000e34b7a80) thrown at [C:\re\workspace\8-2-build-windows-amd64-cygwin\jdk8u51\3951\hotspot\src\share\vm\prims\jni.cpp, line 709]

Events (10 events):
Event: 212.086 Thread 0x00000000191b7000 flushing nmethod 0x00000000044cc050
Event: 212.086 Thread 0x00000000191b7000 flushing nmethod 0x00000000044f7490
Event: 212.137 Thread 0x00000000191b7000 flushing nmethod 0x0000000004538dd0
Event: 212.137 Thread 0x00000000191b7000 flushing nmethod 0x0000000004539850
Event: 212.137 Thread 0x00000000191b7000 flushing nmethod 0x0000000004548dd0
Event: 212.137 Thread 0x00000000191b7000 flushing nmethod 0x000000000456be50
Event: 212.137 Thread 0x00000000191b7000 flushing nmethod 0x00000000045b8750
Event: 212.159 Executing VM operation: RevokeBias
Event: 212.159 Executing VM operation: RevokeBias done
Event: 212.159 Thread 0x0000000021db0800 Thread exited: 0x0000000021db0800


Dynamic libraries:
0x00007ff6979c0000 - 0x00007ff6979f7000 	C:\Program Files (x86)\Minecraft\runtime\jre-x64\bin\java.exe
0x00007fff7ec30000 - 0x00007fff7ee26000 	C:\WINDOWS\SYSTEM32\ntdll.dll
0x00007fff7cc90000 - 0x00007fff7cd4d000 	C:\WINDOWS\System32\KERNEL32.DLL
0x00007fff7c600000 - 0x00007fff7c8c9000 	C:\WINDOWS\System32\KERNELBASE.dll
0x00007fff7d260000 - 0x00007fff7d30c000 	C:\WINDOWS\System32\ADVAPI32.dll
0x00007fff7e1c0000 - 0x00007fff7e25e000 	C:\WINDOWS\System32\msvcrt.dll
0x00007fff7da00000 - 0x00007fff7da9c000 	C:\WINDOWS\System32\sechost.dll
0x00007fff7dab0000 - 0x00007fff7dbdb000 	C:\WINDOWS\System32\RPCRT4.dll
0x00007fff7e2f0000 - 0x00007fff7e490000 	C:\WINDOWS\System32\USER32.dll
0x00007fff7ca30000 - 0x00007fff7ca52000 	C:\WINDOWS\System32\win32u.dll
0x00007fff7cd50000 - 0x00007fff7cd7a000 	C:\WINDOWS\System32\GDI32.dll
0x00007fff7cae0000 - 0x00007fff7cbe9000 	C:\WINDOWS\System32\gdi32full.dll
0x00007fff7cbf0000 - 0x00007fff7cc8d000 	C:\WINDOWS\System32\msvcp_win.dll
0x00007fff7c930000 - 0x00007fff7ca30000 	C:\WINDOWS\System32\ucrtbase.dll
0x00007fff639b0000 - 0x00007fff63c4b000 	C:\WINDOWS\WinSxS\amd64_microsoft.windows.common-controls_6595b64144ccf1df_6.0.19041.488_none_ca04af081b815d21\COMCTL32.dll
0x00007fff7e2c0000 - 0x00007fff7e2f0000 	C:\WINDOWS\System32\IMM32.DLL
0x0000000076730000 - 0x0000000076802000 	C:\Program Files (x86)\Minecraft\runtime\jre-x64\bin\msvcr100.dll
0x0000000075ea0000 - 0x0000000076723000 	C:\Program Files (x86)\Minecraft\runtime\jre-x64\bin\server\jvm.dll
0x00007fff7daa0000 - 0x00007fff7daa8000 	C:\WINDOWS\System32\PSAPI.DLL
0x00007fff75840000 - 0x00007fff75867000 	C:\WINDOWS\SYSTEM32\WINMM.dll
0x00007fff5eab0000 - 0x00007fff5eab9000 	C:\WINDOWS\SYSTEM32\WSOCK32.dll
0x00007fff7d190000 - 0x00007fff7d1fb000 	C:\WINDOWS\System32\WS2_32.dll
0x00007fff75790000 - 0x00007fff7579a000 	C:\WINDOWS\SYSTEM32\VERSION.dll
0x0000000075e90000 - 0x0000000075e9f000 	C:\Program Files (x86)\Minecraft\runtime\jre-x64\bin\verify.dll
0x0000000075e60000 - 0x0000000075e89000 	C:\Program Files (x86)\Minecraft\runtime\jre-x64\bin\java.dll
0x0000000075e30000 - 0x0000000075e53000 	C:\Program Files (x86)\Minecraft\runtime\jre-x64\bin\instrument.dll
0x0000000075e10000 - 0x0000000075e26000 	C:\Program Files (x86)\Minecraft\runtime\jre-x64\bin\zip.dll
0x00007fff7e4a0000 - 0x00007fff7ebe2000 	C:\WINDOWS\System32\SHELL32.dll
0x00007fff7a290000 - 0x00007fff7aa25000 	C:\WINDOWS\SYSTEM32\windows.storage.dll
0x00007fff7cd80000 - 0x00007fff7d0d6000 	C:\WINDOWS\System32\combase.dll
0x00007fff7bd10000 - 0x00007fff7bd3c000 	C:\WINDOWS\SYSTEM32\Wldp.dll
0x00007fff7df00000 - 0x00007fff7dfae000 	C:\WINDOWS\System32\SHCORE.dll
0x00007fff7dea0000 - 0x00007fff7def5000 	C:\WINDOWS\System32\shlwapi.dll
0x00007fff7c2a0000 - 0x00007fff7c2c6000 	C:\WINDOWS\SYSTEM32\profapi.dll
0x00007fff64cf0000 - 0x00007fff64d0a000 	C:\Users\ervin_1nmnhvl\AppData\Local\JetBrains\Toolbox\apps\IDEA-U\ch-0\203.5981.155\bin\breakgen64.dll
0x0000000075df0000 - 0x0000000075e0a000 	C:\Program Files (x86)\Minecraft\runtime\jre-x64\bin\net.dll
0x00007fff7bb00000 - 0x00007fff7bb6a000 	C:\WINDOWS\system32\mswsock.dll
0x0000000075de0000 - 0x0000000075ded000 	C:\Program Files (x86)\Minecraft\runtime\jre-x64\bin\management.dll
0x00007fff637f0000 - 0x00007fff63807000 	C:\WINDOWS\system32\napinsp.dll
0x00007fff63810000 - 0x00007fff6382b000 	C:\WINDOWS\system32\pnrpnsp.dll
0x00007fff76ed0000 - 0x00007fff76ee5000 	C:\WINDOWS\system32\wshbth.dll
0x00007fff77ea0000 - 0x00007fff77ebd000 	C:\WINDOWS\system32\NLAapi.dll
0x00007fff7b7c0000 - 0x00007fff7b7fb000 	C:\WINDOWS\SYSTEM32\IPHLPAPI.DLL
0x00007fff7b810000 - 0x00007fff7b8db000 	C:\WINDOWS\SYSTEM32\DNSAPI.dll
0x00007fff7d310000 - 0x00007fff7d318000 	C:\WINDOWS\System32\NSI.dll
0x00007fff63df0000 - 0x00007fff63e02000 	C:\WINDOWS\System32\winrnr.dll
0x00007fff6ccc0000 - 0x00007fff6ccca000 	C:\Windows\System32\rasadhlp.dll
0x00007fff71490000 - 0x00007fff7150f000 	C:\WINDOWS\System32\fwpuclnt.dll
0x00007fff7ca60000 - 0x00007fff7ca87000 	C:\WINDOWS\System32\bcrypt.dll
0x0000000075dc0000 - 0x0000000075dd1000 	C:\Program Files (x86)\Minecraft\runtime\jre-x64\bin\nio.dll
0x0000000075d90000 - 0x0000000075db4000 	C:\Program Files (x86)\Minecraft\runtime\jre-x64\bin\sunec.dll
0x00007fff7c040000 - 0x00007fff7c058000 	C:\WINDOWS\SYSTEM32\CRYPTSP.dll
0x00007fff7b340000 - 0x00007fff7b374000 	C:\WINDOWS\system32\rsaenh.dll
0x00007fff7c260000 - 0x00007fff7c28e000 	C:\WINDOWS\SYSTEM32\USERENV.dll
0x00007fff7c580000 - 0x00007fff7c600000 	C:\WINDOWS\System32\bcryptprimitives.dll
0x00007fff7bc80000 - 0x00007fff7bc8c000 	C:\WINDOWS\SYSTEM32\CRYPTBASE.dll
0x00007fff73410000 - 0x00007fff73427000 	C:\WINDOWS\SYSTEM32\dhcpcsvc6.DLL
0x00007fff733f0000 - 0x00007fff7340d000 	C:\WINDOWS\SYSTEM32\dhcpcsvc.DLL
0x00007fff5cfd0000 - 0x00007fff5d042000 	C:\Users\ervin_1nmnhvl\AppData\Local\Temp\lwjglervin_1nmnhvl\3.2.2-build-10\lwjgl.dll
0x00007fff3f240000 - 0x00007fff3f491000 	C:\Users\ERVIN_~1\AppData\Local\Temp\lwjglervin_1nmnhvl\3.2.2-build-10\jemalloc.dll
0x00007fff5bc60000 - 0x00007fff5bcbe000 	C:\Users\ERVIN_~1\AppData\Local\Temp\lwjglervin_1nmnhvl\3.2.2-build-10\glfw.dll
0x00007fff79b50000 - 0x00007fff79bee000 	C:\WINDOWS\system32\uxtheme.dll
0x00007fff5d140000 - 0x00007fff5d185000 	C:\WINDOWS\SYSTEM32\dinput8.dll
0x00007fff634a0000 - 0x00007fff634b1000 	C:\WINDOWS\SYSTEM32\xinput1_4.dll
0x00007fff7ca90000 - 0x00007fff7cade000 	C:\WINDOWS\System32\cfgmgr32.dll
0x00007fff7c120000 - 0x00007fff7c14c000 	C:\WINDOWS\SYSTEM32\DEVOBJ.dll
0x00007fff79dc0000 - 0x00007fff79def000 	C:\WINDOWS\SYSTEM32\dwmapi.dll
0x00007fff67710000 - 0x00007fff67862000 	C:\WINDOWS\SYSTEM32\inputhost.dll
0x00007fff7d790000 - 0x00007fff7d85d000 	C:\WINDOWS\System32\OLEAUT32.dll
0x00007fff77b60000 - 0x00007fff77c57000 	C:\WINDOWS\SYSTEM32\PROPSYS.dll
0x00007fff798f0000 - 0x00007fff799e2000 	C:\WINDOWS\SYSTEM32\CoreMessaging.dll
0x00007fff78dc0000 - 0x00007fff78f16000 	C:\WINDOWS\SYSTEM32\wintypes.dll
0x00007fff79490000 - 0x00007fff797ee000 	C:\WINDOWS\SYSTEM32\CoreUIComponents.dll
0x00007fff7af70000 - 0x00007fff7afa3000 	C:\WINDOWS\SYSTEM32\ntmarta.dll
0x00007fff7ab10000 - 0x00007fff7ab22000 	C:\WINDOWS\SYSTEM32\kernel.appcore.dll
0x00007fff7d860000 - 0x00007fff7d976000 	C:\WINDOWS\System32\MSCTF.dll
0x00007fff7aa30000 - 0x00007fff7aa3d000 	C:\WINDOWS\SYSTEM32\HID.DLL
0x00007fff7d320000 - 0x00007fff7d787000 	C:\WINDOWS\System32\SETUPAPI.DLL
0x00007fff7c8d0000 - 0x00007fff7c930000 	C:\WINDOWS\System32\WINTRUST.dll
0x00007fff7c370000 - 0x00007fff7c4cd000 	C:\WINDOWS\System32\CRYPT32.dll
0x00007fff7c0e0000 - 0x00007fff7c0f2000 	C:\WINDOWS\SYSTEM32\MSASN1.dll
0x00007fff479c0000 - 0x00007fff47ae5000 	C:\WINDOWS\SYSTEM32\opengl32.dll
0x00007fff77300000 - 0x00007fff7732c000 	C:\WINDOWS\SYSTEM32\GLU32.dll
0x00007fff7d0e0000 - 0x00007fff7d189000 	C:\WINDOWS\System32\clbcatq.dll
0x00007fff3a310000 - 0x00007fff3af94000 	C:\WINDOWS\SYSTEM32\ig4icd64.dll
0x00007fff7ab80000 - 0x00007fff7ac73000 	C:\WINDOWS\SYSTEM32\dxgi.dll
0x00007fff78b50000 - 0x00007fff78db4000 	C:\WINDOWS\SYSTEM32\d3d11.dll
0x00007fff49fc0000 - 0x00007fff4ac10000 	C:\WINDOWS\SYSTEM32\igd10umd64.dll
0x00007fff70620000 - 0x00007fff7065b000 	C:\WINDOWS\SYSTEM32\dxcore.dll
0x00007fff5b7c0000 - 0x00007fff5b83f000 	C:\Users\ervin_1nmnhvl\AppData\Local\Temp\lwjglervin_1nmnhvl\3.2.2-build-10\lwjgl_stb.dll
0x00007fff76fa0000 - 0x00007fff7704e000 	C:\WINDOWS\SYSTEM32\mscms.dll
0x00007fff76ef0000 - 0x00007fff76f01000 	C:\WINDOWS\SYSTEM32\ColorAdapterClient.dll
0x00007fff5cf80000 - 0x00007fff5cfc3000 	C:\WINDOWS\SYSTEM32\icm32.dll
0x00007fff67870000 - 0x00007fff6796d000 	C:\WINDOWS\SYSTEM32\textinputframework.dll
0x00007fff57490000 - 0x00007fff574e8000 	C:\Users\ervin_1nmnhvl\AppData\Local\Temp\lwjglervin_1nmnhvl\3.2.2-build-10\lwjgl_opengl.dll
0x00007fff5c220000 - 0x00007fff5c262000 	C:\Users\ervin_1nmnhvl\AppData\Local\Temp\jna-2118671535\jna292216263327919978.dll
0x00007fff61510000 - 0x00007fff6152a000 	C:\save\modding\ervin_mod_1\build\natives\SAPIWrapper_x64.dll
0x00007fff7dbe0000 - 0x00007fff7dd0a000 	C:\WINDOWS\System32\ole32.dll
0x00007fff42f60000 - 0x00007fff430e4000 	C:\WINDOWS\System32\Speech\Common\sapi.dll
0x00007fff4b880000 - 0x00007fff4b89e000 	C:\WINDOWS\SYSTEM32\MSACM32.dll
0x00007fff62e10000 - 0x00007fff62e1b000 	C:\WINDOWS\SYSTEM32\msdmo.dll
0x00007fff4d0d0000 - 0x00007fff4d0f6000 	C:\WINDOWS\SYSTEM32\winmmbase.dll
0x00007fff6da10000 - 0x00007fff6da95000 	C:\WINDOWS\System32\MMDevApi.dll
0x00007fff43360000 - 0x00007fff43474000 	C:\Users\ERVIN_~1\AppData\Local\Temp\lwjglervin_1nmnhvl\3.2.2-build-10\OpenAL.dll
0x00007fff640b0000 - 0x00007fff64234000 	C:\WINDOWS\SYSTEM32\AUDIOSES.DLL
0x00007fff7b8e0000 - 0x00007fff7b92b000 	C:\WINDOWS\SYSTEM32\powrprof.dll
0x00007fff7b7a0000 - 0x00007fff7b7b2000 	C:\WINDOWS\SYSTEM32\UMPDC.dll
0x00007fff79cd0000 - 0x00007fff79ce4000 	C:\WINDOWS\SYSTEM32\resourcepolicyclient.dll
0x00007fff73ef0000 - 0x00007fff740d4000 	C:\WINDOWS\SYSTEM32\dbghelp.dll

VM Arguments:
jvm_args: -Dforge.logging.console.level=debug -Dforge.logging.markers=SCAN,REGISTRIES,REGISTRYDUMP -XX:HeapDumpPath=MojangTricksIntelDriversForPerformance_javaw.exe_minecraft.exe.heapdump -Dos.name=Windows 10 -Dos.version=10.0 -javaagent:C:\Users\ervin_1nmnhvl\AppData\Local\JetBrains\Toolbox\apps\IDEA-U\ch-0\203.5981.155\lib\idea_rt.jar=55362:C:\Users\ervin_1nmnhvl\AppData\Local\JetBrains\Toolbox\apps\IDEA-U\ch-0\203.5981.155\bin -Dfile.encoding=windows-1250 
java_command: net.minecraftforge.userdev.LaunchTesting
java_class_path (initial): C:\Program Files (x86)\Minecraft\runtime\jre-x64\lib\charsets.jar;C:\Program Files (x86)\Minecraft\runtime\jre-x64\lib\deploy.jar;C:\Program Files (x86)\Minecraft\runtime\jre-x64\lib\ext\access-bridge-64.jar;C:\Program Files (x86)\Minecraft\runtime\jre-x64\lib\ext\cldrdata.jar;C:\Program Files (x86)\Minecraft\runtime\jre-x64\lib\ext\dnsns.jar;C:\Program Files (x86)\Minecraft\runtime\jre-x64\lib\ext\jaccess.jar;C:\Program Files (x86)\Minecraft\runtime\jre-x64\lib\ext\jfxrt.jar;C:\Program Files (x86)\Minecraft\runtime\jre-x64\lib\ext\localedata.jar;C:\Program Files (x86)\Minecraft\runtime\jre-x64\lib\ext\nashorn.jar;C:\Program Files (x86)\Minecraft\runtime\jre-x64\lib\ext\sunec.jar;C:\Program Files (x86)\Minecraft\runtime\jre-x64\lib\ext\sunjce_provider.jar;C:\Program Files (x86)\Minecraft\runtime\jre-x64\lib\ext\sunmscapi.jar;C:\Program Files (x86)\Minecraft\runtime\jre-x64\lib\ext\sunpkcs11.jar;C:\Program Files (x86)\Minecraft\runtime\jre-x64\lib\ext\zipfs.jar;C:\Program Files (x86)\Minecraft\runtime\jre-x64\lib\javaws.jar;C:\Program Files (x86)\Minecraft\runtime\jre-x64\lib\jce.jar;C:\Program Files (x86)\Minecraft\runtime\jre-x64\lib\jfr.jar;C:\Program Files (x86)\Minecraft\runtime\jre-x64\lib\jfxswt.jar;C:\Program Files (x86)\Minecraft\runtime\jre-x64\lib\jsse.jar;C:\Program Files (x86)\Minecraft\runtime\jre-x64\lib\management-agent.jar;C:\Program Files (x86)\Minecraft\runtime\jre-x64\lib\plugin.jar;C:\Program Files (x86)\Minecraft\runtime\jre-x64\lib\resources.jar;C:\Program Files (x86)\Minecraft\runtime\jre-x64\lib\rt.jar;C:\save\modding\ervin_mod_1\build\classes\java\main;C:\save\modding\ervin_mod_1\build\resources\main;C:\Users\ervin_1nmnhvl\.gradle\caches\forge_gradle\minecraft_user_repo\net\minecraftforge\forge\1.16.1-32.0.75_mapped_snapshot_20200723-1.16.1\forge-1.16.1-32.0.75_mapped_snapshot_20200723-1.16.1-recomp.jar;C:\Users\ervin_1nmnhvl\.gradle\caches\forge_gradle\minecraft_user_repo\net\minecraftforge\forge\1.16.1-32.0.75_
Launcher Type: SUN_STANDARD

Environment Variables:
JAVA_HOME=C:\Program Files\Java\jdk-11.0.4
PATH=C:\Program Files\Docker\Docker\Resources\bin;C:\ProgramData\Oracle\Java\javapath;C:\WINDOWS\system32;C:\WINDOWS;C:\WINDOWS\System32\Wbem;C:\WINDOWS\System32\WindowsPowerShell\v1.0\;C:\Program Files (x86)\cloudControl;C:\Program Files\Git\cmd;C:\bin;C:\Program Files (x86)\Windows Kits\8.1\Windows Performance Toolkit\;C:\Program Files (x86)\PuTTY\;C:\Program Files (x86)\Nodist\bin;G:\save\sdk\android\tools;G:\save\sdk\android\platform-tools;C:\boxfuse;C:\Program Files (x86)\Skype\Phone\;C:\Program Files (x86)\GtkSharp\2.12\bin;C:\Program Files (x86)\IVI Foundation\VISA\WinNT\Bin;C:\WINDOWS\system32;C:\WINDOWS;C:\WINDOWS\System32\Wbem;C:\WINDOWS\System32\WindowsPowerShell\v1.0\;;C:\WINDOWS\System32\OpenSSH\;C:\Users\ervin_1nmnhvl\AppData\Local\Microsoft\WindowsApps;
USERNAME=ervin_1nmnhvl
OS=Windows_NT
PROCESSOR_IDENTIFIER=Intel64 Family 6 Model 42 Stepping 7, GenuineIntel



---------------  S Y S T E M  ---------------

OS: Windows 10.0 , 64 bit Build 19041 (10.0.19041.662)

CPU:total 4 (2 cores per cpu, 2 threads per core) family 6 model 42 stepping 7, cmov, cx8, fxsr, mmx, sse, sse2, sse3, ssse3, sse4.1, sse4.2, popcnt, avx, aes, clmul, ht, tsc, tscinvbit

Memory: 4k page, physical 8266764k(345412k free), swap 10363916k(5268k free)

vm_info: Java HotSpot(TM) 64-Bit Server VM (25.51-b03) for windows-amd64 JRE (1.8.0_51-b16), built on Jun  8 2015 18:03:07 by "java_re" with MS VC++ 10.0 (VS2010)

time: Fri Dec 25 18:10:43 2020
elapsed time: 212 seconds (0d 0h 3m 32s)

