#
# There is insufficient memory for the Java Runtime Environment to continue.
# Native memory allocation (malloc) failed to allocate 1197856 bytes for Chunk::new
# Possible reasons:
#   The system is out of physical RAM or swap space
#   In 32 bit mode, the process size limit was hit
# Possible solutions:
#   Reduce memory load on the system
#   Increase physical memory or swap space
#   Check if swap backing store is full
#   Use 64 bit Java on a 64 bit OS
#   Decrease Java heap size (-Xmx/-Xms)
#   Decrease number of Java threads
#   Decrease Java thread stack sizes (-Xss)
#   Set larger code cache with -XX:ReservedCodeCacheSize=
# This output file may be truncated or incomplete.
#
#  Out of Memory Error (allocation.cpp:390), pid=15996, tid=1324
#
# JRE version: Java(TM) SE Runtime Environment (8.0_51-b16) (build 1.8.0_51-b16)
# Java VM: Java HotSpot(TM) 64-Bit Server VM (25.51-b03 mixed mode windows-amd64 compressed oops)
# Failed to write core dump. Minidumps are not enabled by default on client versions of Windows
#

---------------  T H R E A D  ---------------

Current thread (0x00000000197f4800):  JavaThread "C2 CompilerThread0" daemon [_thread_in_native, id=1324, stack(0x0000000019910000,0x0000000019a10000)]

Stack: [0x0000000019910000,0x0000000019a10000]
Native frames: (J=compiled Java code, j=interpreted, Vv=VM code, C=native code)
V  [jvm.dll+0x32b4ca]
V  [jvm.dll+0x2797e3]
V  [jvm.dll+0x27a479]
V  [jvm.dll+0x271765]
V  [jvm.dll+0xcba02]
V  [jvm.dll+0xcbecc]
V  [jvm.dll+0x476f72]
V  [jvm.dll+0x4b95ff]
V  [jvm.dll+0x46b745]
V  [jvm.dll+0x46cd4e]
V  [jvm.dll+0x4501a2]
V  [jvm.dll+0xa43a2]
V  [jvm.dll+0xa4cdf]
V  [jvm.dll+0x2418a4]
V  [jvm.dll+0x29846a]
C  [msvcr100.dll+0x21d9f]
C  [msvcr100.dll+0x21e3b]
C  [KERNEL32.DLL+0x17034]
C  [ntdll.dll+0x4cec1]


Current CompileTask:
C2: 222686 22929   !   4       net.minecraft.client.audio.SoundEngine::tickNonPaused (537 bytes)


---------------  P R O C E S S  ---------------

Java Threads: ( => current thread )
  0x000000005a96c800 JavaThread "Worker-Main-19" daemon [_thread_blocked, id=12192, stack(0x0000000028340000,0x0000000028440000)]
  0x00000000218a2800 JavaThread "Sound engine" daemon [_thread_blocked, id=16232, stack(0x00000000306d0000,0x00000000307d0000)]
  0x000000002189e800 JavaThread "Netty Server IO #1" daemon [_thread_in_native, id=11780, stack(0x0000000048520000,0x0000000048620000)]
  0x000000001d1cb000 JavaThread "Netty Local Client IO #0" daemon [_thread_blocked, id=3576, stack(0x00000000305d0000,0x00000000306d0000)]
  0x000000001d1c9000 JavaThread "Netty Server IO #0" daemon [_thread_in_native, id=7404, stack(0x00000000479b0000,0x0000000047ab0000)]
  0x000000001d1c8000 JavaThread "ObjectCleanerThread" daemon [_thread_blocked, id=13108, stack(0x00000000478b0000,0x00000000479b0000)]
  0x000000001d1cc000 JavaThread "Java2D Disposer" daemon [_thread_blocked, id=15716, stack(0x0000000045cd0000,0x0000000045dd0000)]
  0x000000001d1c7800 JavaThread "Worker-Main-11" daemon [_thread_blocked, id=1500, stack(0x00000000304d0000,0x00000000305d0000)]
  0x000000001d1c3800 JavaThread "Thread-11" daemon [_thread_in_native, id=11364, stack(0x0000000038120000,0x0000000038220000)]
  0x000000001d1c1800 JavaThread "Server thread" [_thread_in_Java, id=13740, stack(0x000000002b020000,0x000000002b120000)]
  0x000000001d1c0000 JavaThread "Snooper Timer" daemon [_thread_blocked, id=4984, stack(0x0000000027f90000,0x0000000028090000)]
  0x000000001d1c6800 JavaThread "Worker-Main-5" daemon [_thread_blocked, id=4404, stack(0x000000002ac20000,0x000000002ad20000)]
  0x00000000218a0000 JavaThread "Narrator" [_thread_blocked, id=7304, stack(0x0000000028f30000,0x0000000029030000)]
  0x000000002189f000 JavaThread "Snooper Timer" daemon [_thread_blocked, id=7832, stack(0x0000000027e90000,0x0000000027f90000)]
  0x00000000218a3000 JavaThread "Timer hack thread" daemon [_thread_blocked, id=636, stack(0x0000000026d70000,0x0000000026e70000)]
  0x000000001a86d800 JavaThread "pool-3-thread-1" [_thread_blocked, id=15384, stack(0x000000001bd20000,0x000000001be20000)]
  0x000000001a1d7000 JavaThread "Thread-2" daemon [_thread_in_native, id=11320, stack(0x000000001c320000,0x000000001c420000)]
  0x000000001a1fb000 JavaThread "Thread-1" daemon [_thread_blocked, id=12440, stack(0x000000001c220000,0x000000001c320000)]
  0x0000000019c81800 JavaThread "Service Thread" daemon [_thread_blocked, id=2008, stack(0x000000001a410000,0x000000001a510000)]
  0x00000000197f8800 JavaThread "C1 CompilerThread2" daemon [_thread_blocked, id=12552, stack(0x0000000019b10000,0x0000000019c10000)]
  0x00000000197f5800 JavaThread "C2 CompilerThread1" daemon [_thread_blocked, id=5136, stack(0x0000000019a10000,0x0000000019b10000)]
=>0x00000000197f4800 JavaThread "C2 CompilerThread0" daemon [_thread_in_native, id=1324, stack(0x0000000019910000,0x0000000019a10000)]
  0x00000000197f2800 JavaThread "Monitor Ctrl-Break" daemon [_thread_in_native, id=5944, stack(0x0000000019810000,0x0000000019910000)]
  0x0000000017eb5800 JavaThread "Attach Listener" daemon [_thread_blocked, id=5452, stack(0x0000000019310000,0x0000000019410000)]
  0x0000000017eb4800 JavaThread "Signal Dispatcher" daemon [_thread_blocked, id=14580, stack(0x0000000019210000,0x0000000019310000)]
  0x0000000003189800 JavaThread "Finalizer" daemon [_thread_blocked, id=124, stack(0x0000000019110000,0x0000000019210000)]
  0x0000000003186000 JavaThread "Reference Handler" daemon [_thread_blocked, id=12640, stack(0x0000000019010000,0x0000000019110000)]
  0x0000000003092800 JavaThread "Render thread" [_thread_in_native, id=5200, stack(0x0000000002f90000,0x0000000003090000)]

Other Threads:
  0x0000000017e79000 VMThread [stack: 0x0000000018f10000,0x0000000019010000] [id=4256]
  0x0000000019c9e800 WatcherThread [stack: 0x000000001a510000,0x000000001a610000] [id=4516]

VM state:not at safepoint (normal execution)

VM Mutex/Monitor currently owned by a thread: None

Heap:
 PSYoungGen      total 586240K, used 47044K [0x00000000d5f00000, 0x00000000fa280000, 0x0000000100000000)
  eden space 581120K, 7% used [0x00000000d5f00000,0x00000000d89bad68,0x00000000f9680000)
  from space 5120K, 64% used [0x00000000f9d80000,0x00000000fa0b62d0,0x00000000fa280000)
  to   space 6144K, 0% used [0x00000000f9680000,0x00000000f9680000,0x00000000f9c80000)
 ParOldGen       total 788480K, used 684608K [0x0000000081c00000, 0x00000000b1e00000, 0x00000000d5f00000)
  object space 788480K, 86% used [0x0000000081c00000,0x00000000ab890270,0x00000000b1e00000)
 Metaspace       used 98301K, capacity 111310K, committed 111616K, reserved 1142784K
  class space    used 14952K, capacity 18309K, committed 18432K, reserved 1048576K

Card table byte_map: [0x0000000012740000,0x0000000012b40000] byte_map_base: 0x0000000012332000

Marking Bits: (ParMarkBitMap*) 0x0000000075844040
 Begin Bits: [0x00000000131f0000, 0x0000000015180000)
 End Bits:   [0x0000000015180000, 0x0000000017110000)

Polling page: 0x00000000015a0000

CodeCache: size=245760Kb used=53872Kb max_used=54454Kb free=191887Kb
 bounds [0x0000000003380000, 0x0000000006950000, 0x0000000012380000]
 total_blobs=17215 nmethods=15501 adapters=1619
 compilation: enabled

Compilation events (10 events):
Event: 221.894 Thread 0x00000000197f8800 22925       3       net.minecraftforge.common.ForgeInternalHandler::onServerTick (19 bytes)
Event: 221.894 Thread 0x00000000197f8800 nmethod 22925 0x0000000003962810 code [0x0000000003962980, 0x0000000003962b68]
Event: 221.894 Thread 0x00000000197f8800 22926       3       net.minecraftforge.common.WorldWorkerManager::tick (107 bytes)
Event: 221.896 Thread 0x00000000197f8800 nmethod 22926 0x0000000005757fd0 code [0x00000000057581c0, 0x0000000005758b18]
Event: 222.069 Thread 0x00000000197f5800 nmethod 22922 0x0000000004d52ad0 code [0x0000000004d53060, 0x0000000004d57a90]
Event: 222.360 Thread 0x00000000197f4800 22927       4       io.netty.channel.DefaultChannelPipeline$TailContext::channelReadComplete (8 bytes)
Event: 222.361 Thread 0x00000000197f4800 nmethod 22927 0x00000000062cc9d0 code [0x00000000062ccb00, 0x00000000062ccb78]
Event: 222.519 Thread 0x00000000197f5800 22928       4       com.mojang.blaze3d.systems.RenderSystem$$Lambda$4671/983972691::get (7 bytes)
Event: 222.520 Thread 0x00000000197f5800 nmethod 22928 0x0000000006012190 code [0x00000000060122c0, 0x0000000006012358]
Event: 222.572 Thread 0x00000000197f4800 22929   !   4       net.minecraft.client.audio.SoundEngine::tickNonPaused (537 bytes)

GC Heap History (10 events):
Event: 218.126 GC heap before
{Heap before GC invocations=239 (full 7):
 PSYoungGen      total 574464K, used 571517K [0x00000000d5f00000, 0x00000000fa400000, 0x0000000100000000)
  eden space 567808K, 100% used [0x00000000d5f00000,0x00000000f8980000,0x00000000f8980000)
  from space 6656K, 55% used [0x00000000f8980000,0x00000000f8d1f668,0x00000000f9000000)
  to   space 6656K, 0% used [0x00000000f9d80000,0x00000000f9d80000,0x00000000fa400000)
 ParOldGen       total 788480K, used 683478K [0x0000000081c00000, 0x00000000b1e00000, 0x00000000d5f00000)
  object space 788480K, 86% used [0x0000000081c00000,0x00000000ab7759b0,0x00000000b1e00000)
 Metaspace       used 98291K, capacity 111310K, committed 111616K, reserved 1142784K
  class space    used 14952K, capacity 18309K, committed 18432K, reserved 1048576K
Event: 218.135 GC heap after
Heap after GC invocations=239 (full 7):
 PSYoungGen      total 586240K, used 3973K [0x00000000d5f00000, 0x00000000fa280000, 0x0000000100000000)
  eden space 581120K, 0% used [0x00000000d5f00000,0x00000000d5f00000,0x00000000f9680000)
  from space 5120K, 77% used [0x00000000f9d80000,0x00000000fa161638,0x00000000fa280000)
  to   space 6144K, 0% used [0x00000000f9680000,0x00000000f9680000,0x00000000f9c80000)
 ParOldGen       total 788480K, used 683534K [0x0000000081c00000, 0x00000000b1e00000, 0x00000000d5f00000)
  object space 788480K, 86% used [0x0000000081c00000,0x00000000ab7839b0,0x00000000b1e00000)
 Metaspace       used 98291K, capacity 111310K, committed 111616K, reserved 1142784K
  class space    used 14952K, capacity 18309K, committed 18432K, reserved 1048576K
}
Event: 219.267 GC heap before
{Heap before GC invocations=240 (full 7):
 PSYoungGen      total 586240K, used 585093K [0x00000000d5f00000, 0x00000000fa280000, 0x0000000100000000)
  eden space 581120K, 100% used [0x00000000d5f00000,0x00000000f9680000,0x00000000f9680000)
  from space 5120K, 77% used [0x00000000f9d80000,0x00000000fa161638,0x00000000fa280000)
  to   space 6144K, 0% used [0x00000000f9680000,0x00000000f9680000,0x00000000f9c80000)
 ParOldGen       total 788480K, used 683534K [0x0000000081c00000, 0x00000000b1e00000, 0x00000000d5f00000)
  object space 788480K, 86% used [0x0000000081c00000,0x00000000ab7839b0,0x00000000b1e00000)
 Metaspace       used 98298K, capacity 111310K, committed 111616K, reserved 1142784K
  class space    used 14952K, capacity 18309K, committed 18432K, reserved 1048576K
Event: 219.275 GC heap after
Heap after GC invocations=240 (full 7):
 PSYoungGen      total 587264K, used 3293K [0x00000000d5f00000, 0x00000000fa280000, 0x0000000100000000)
  eden space 581120K, 0% used [0x00000000d5f00000,0x00000000d5f00000,0x00000000f9680000)
  from space 6144K, 53% used [0x00000000f9680000,0x00000000f99b74b0,0x00000000f9c80000)
  to   space 5120K, 0% used [0x00000000f9d80000,0x00000000f9d80000,0x00000000fa280000)
 ParOldGen       total 788480K, used 684116K [0x0000000081c00000, 0x00000000b1e00000, 0x00000000d5f00000)
  object space 788480K, 86% used [0x0000000081c00000,0x00000000ab8151a0,0x00000000b1e00000)
 Metaspace       used 98298K, capacity 111310K, committed 111616K, reserved 1142784K
  class space    used 14952K, capacity 18309K, committed 18432K, reserved 1048576K
}
Event: 220.356 GC heap before
{Heap before GC invocations=241 (full 7):
 PSYoungGen      total 587264K, used 584413K [0x00000000d5f00000, 0x00000000fa280000, 0x0000000100000000)
  eden space 581120K, 100% used [0x00000000d5f00000,0x00000000f9680000,0x00000000f9680000)
  from space 6144K, 53% used [0x00000000f9680000,0x00000000f99b74b0,0x00000000f9c80000)
  to   space 5120K, 0% used [0x00000000f9d80000,0x00000000f9d80000,0x00000000fa280000)
 ParOldGen       total 788480K, used 684116K [0x0000000081c00000, 0x00000000b1e00000, 0x00000000d5f00000)
  object space 788480K, 86% used [0x0000000081c00000,0x00000000ab8151a0,0x00000000b1e00000)
 Metaspace       used 98298K, capacity 111310K, committed 111616K, reserved 1142784K
  class space    used 14952K, capacity 18309K, committed 18432K, reserved 1048576K
Event: 220.364 GC heap after
Heap after GC invocations=241 (full 7):
 PSYoungGen      total 586240K, used 3604K [0x00000000d5f00000, 0x00000000fa280000, 0x0000000100000000)
  eden space 581120K, 0% used [0x00000000d5f00000,0x00000000d5f00000,0x00000000f9680000)
  from space 5120K, 70% used [0x00000000f9d80000,0x00000000fa105030,0x00000000fa280000)
  to   space 6144K, 0% used [0x00000000f9680000,0x00000000f9680000,0x00000000f9c80000)
 ParOldGen       total 788480K, used 684228K [0x0000000081c00000, 0x00000000b1e00000, 0x00000000d5f00000)
  object space 788480K, 86% used [0x0000000081c00000,0x00000000ab831230,0x00000000b1e00000)
 Metaspace       used 98298K, capacity 111310K, committed 111616K, reserved 1142784K
  class space    used 14952K, capacity 18309K, committed 18432K, reserved 1048576K
}
Event: 221.432 GC heap before
{Heap before GC invocations=242 (full 7):
 PSYoungGen      total 586240K, used 584724K [0x00000000d5f00000, 0x00000000fa280000, 0x0000000100000000)
  eden space 581120K, 100% used [0x00000000d5f00000,0x00000000f9680000,0x00000000f9680000)
  from space 5120K, 70% used [0x00000000f9d80000,0x00000000fa105030,0x00000000fa280000)
  to   space 6144K, 0% used [0x00000000f9680000,0x00000000f9680000,0x00000000f9c80000)
 ParOldGen       total 788480K, used 684228K [0x0000000081c00000, 0x00000000b1e00000, 0x00000000d5f00000)
  object space 788480K, 86% used [0x0000000081c00000,0x00000000ab831230,0x00000000b1e00000)
 Metaspace       used 98298K, capacity 111310K, committed 111616K, reserved 1142784K
  class space    used 14952K, capacity 18309K, committed 18432K, reserved 1048576K
Event: 221.441 GC heap after
Heap after GC invocations=242 (full 7):
 PSYoungGen      total 587264K, used 3607K [0x00000000d5f00000, 0x00000000fa280000, 0x0000000100000000)
  eden space 581120K, 0% used [0x00000000d5f00000,0x00000000d5f00000,0x00000000f9680000)
  from space 6144K, 58% used [0x00000000f9680000,0x00000000f9a05cb0,0x00000000f9c80000)
  to   space 5120K, 0% used [0x00000000f9d80000,0x00000000f9d80000,0x00000000fa280000)
 ParOldGen       total 788480K, used 684260K [0x0000000081c00000, 0x00000000b1e00000, 0x00000000d5f00000)
  object space 788480K, 86% used [0x0000000081c00000,0x00000000ab839230,0x00000000b1e00000)
 Metaspace       used 98298K, capacity 111310K, committed 111616K, reserved 1142784K
  class space    used 14952K, capacity 18309K, committed 18432K, reserved 1048576K
}
Event: 222.605 GC heap before
{Heap before GC invocations=243 (full 7):
 PSYoungGen      total 587264K, used 584727K [0x00000000d5f00000, 0x00000000fa280000, 0x0000000100000000)
  eden space 581120K, 100% used [0x00000000d5f00000,0x00000000f9680000,0x00000000f9680000)
  from space 6144K, 58% used [0x00000000f9680000,0x00000000f9a05cb0,0x00000000f9c80000)
  to   space 5120K, 0% used [0x00000000f9d80000,0x00000000f9d80000,0x00000000fa280000)
 ParOldGen       total 788480K, used 684260K [0x0000000081c00000, 0x00000000b1e00000, 0x00000000d5f00000)
  object space 788480K, 86% used [0x0000000081c00000,0x00000000ab839230,0x00000000b1e00000)
 Metaspace       used 98301K, capacity 111310K, committed 111616K, reserved 1142784K
  class space    used 14952K, capacity 18309K, committed 18432K, reserved 1048576K
Event: 222.613 GC heap after
Heap after GC invocations=243 (full 7):
 PSYoungGen      total 586240K, used 3288K [0x00000000d5f00000, 0x00000000fa280000, 0x0000000100000000)
  eden space 581120K, 0% used [0x00000000d5f00000,0x00000000d5f00000,0x00000000f9680000)
  from space 5120K, 64% used [0x00000000f9d80000,0x00000000fa0b62d0,0x00000000fa280000)
  to   space 6144K, 0% used [0x00000000f9680000,0x00000000f9680000,0x00000000f9c80000)
 ParOldGen       total 788480K, used 684608K [0x0000000081c00000, 0x00000000b1e00000, 0x00000000d5f00000)
  object space 788480K, 86% used [0x0000000081c00000,0x00000000ab890270,0x00000000b1e00000)
 Metaspace       used 98301K, capacity 111310K, committed 111616K, reserved 1142784K
  class space    used 14952K, capacity 18309K, committed 18432K, reserved 1048576K
}

Deoptimization events (10 events):
Event: 216.655 Thread 0x000000001d1c1800 Uncommon trap: reason=class_check action=maybe_recompile pc=0x0000000005e561d0 method=net.minecraft.pathfinding.WalkNodeProcessor.getSafePoint(IIIIDLnet/minecraft/util/Direction;Lnet/minecraft/pathfinding/PathNodeType;)Lnet/minecraft/pathfinding/PathPoint;÷rŸÅ(k@
Event: 217.274 Thread 0x000000001d1c1800 Uncommon trap: reason=bimorphic action=maybe_recompile pc=0x0000000005d2a924 method=net.minecraft.entity.ai.controller.LookController.tick()V @ 144
Event: 217.274 Thread 0x000000001d1c1800 Uncommon trap: reason=bimorphic action=maybe_recompile pc=0x000000000675d320 method=net.minecraft.entity.ai.controller.BodyController.func_220664_c()V @ 22
Event: 217.689 Thread 0x000000001d1c1800 Uncommon trap: reason=bimorphic action=maybe_recompile pc=0x0000000005d2a924 method=net.minecraft.entity.ai.controller.LookController.tick()V @ 144
Event: 217.689 Thread 0x000000001d1c1800 Uncommon trap: reason=bimorphic action=maybe_recompile pc=0x000000000675d320 method=net.minecraft.entity.ai.controller.BodyController.func_220664_c()V @ 22
Event: 218.172 Thread 0x000000001d1c1800 Uncommon trap: reason=bimorphic action=maybe_recompile pc=0x0000000005d2a924 method=net.minecraft.entity.ai.controller.LookController.tick()V @ 144
Event: 218.172 Thread 0x000000001d1c1800 Uncommon trap: reason=bimorphic action=maybe_recompile pc=0x000000000675d320 method=net.minecraft.entity.ai.controller.BodyController.func_220664_c()V @ 22
Event: 218.185 Thread 0x0000000003092800 Uncommon trap: reason=bimorphic action=maybe_recompile pc=0x000000000675d320 method=net.minecraft.entity.ai.controller.BodyController.func_220664_c()V @ 22
Event: 218.252 Thread 0x0000000003092800 Uncommon trap: reason=bimorphic action=maybe_recompile pc=0x0000000006765690 method=net.minecraft.entity.ai.controller.BodyController.func_220664_c()V @ 22
Event: 218.697 Thread 0x000000001d1c1800 Uncommon trap: reason=bimorphic action=maybe_recompile pc=0x0000000005d2a924 method=net.minecraft.entity.ai.controller.LookController.tick()V @ 144

Internal exceptions (10 events):
Event: 203.360 Thread 0x000000005a968800 Exception <a 'sun/nio/fs/WindowsException'> (0x00000000e7de3690) thrown at [C:\re\workspace\8-2-build-windows-amd64-cygwin\jdk8u51\3951\hotspot\src\share\vm\prims\jni.cpp, line 709]
Event: 203.360 Thread 0x000000005a968800 Exception <a 'sun/nio/fs/WindowsException'> (0x00000000e7de3c00) thrown at [C:\re\workspace\8-2-build-windows-amd64-cygwin\jdk8u51\3951\hotspot\src\share\vm\prims\jni.cpp, line 709]
Event: 203.361 Thread 0x000000005a968800 Exception <a 'sun/nio/fs/WindowsException'> (0x00000000e7de48a8) thrown at [C:\re\workspace\8-2-build-windows-amd64-cygwin\jdk8u51\3951\hotspot\src\share\vm\prims\jni.cpp, line 709]
Event: 203.361 Thread 0x000000005a968800 Exception <a 'sun/nio/fs/WindowsException'> (0x00000000e7de4d38) thrown at [C:\re\workspace\8-2-build-windows-amd64-cygwin\jdk8u51\3951\hotspot\src\share\vm\prims\jni.cpp, line 709]
Event: 215.084 Thread 0x0000000003092800 Exception <a 'sun/nio/fs/WindowsException'> (0x00000000eebd5f90) thrown at [C:\re\workspace\8-2-build-windows-amd64-cygwin\jdk8u51\3951\hotspot\src\share\vm\prims\jni.cpp, line 709]
Event: 215.084 Thread 0x0000000003092800 Exception <a 'sun/nio/fs/WindowsException'> (0x00000000eebd6500) thrown at [C:\re\workspace\8-2-build-windows-amd64-cygwin\jdk8u51\3951\hotspot\src\share\vm\prims\jni.cpp, line 709]
Event: 215.085 Thread 0x0000000003092800 Exception <a 'sun/nio/fs/WindowsException'> (0x00000000eebd7248) thrown at [C:\re\workspace\8-2-build-windows-amd64-cygwin\jdk8u51\3951\hotspot\src\share\vm\prims\jni.cpp, line 709]
Event: 215.085 Thread 0x0000000003092800 Exception <a 'sun/nio/fs/WindowsException'> (0x00000000eebd77c8) thrown at [C:\re\workspace\8-2-build-windows-amd64-cygwin\jdk8u51\3951\hotspot\src\share\vm\prims\jni.cpp, line 709]
Event: 215.085 Thread 0x0000000003092800 Exception <a 'sun/nio/fs/WindowsException'> (0x00000000eebd8480) thrown at [C:\re\workspace\8-2-build-windows-amd64-cygwin\jdk8u51\3951\hotspot\src\share\vm\prims\jni.cpp, line 709]
Event: 215.085 Thread 0x0000000003092800 Exception <a 'sun/nio/fs/WindowsException'> (0x00000000eebd8ab0) thrown at [C:\re\workspace\8-2-build-windows-amd64-cygwin\jdk8u51\3951\hotspot\src\share\vm\prims\jni.cpp, line 709]

Events (10 events):
Event: 221.432 Executing VM operation: ParallelGCFailedAllocation
Event: 221.441 Executing VM operation: ParallelGCFailedAllocation done
Event: 221.590 Thread 0x0000000003092800 DEOPT PACKING pc=0x00000000060efa3a sp=0x000000000308d820
Event: 221.590 Thread 0x0000000003092800 DEOPT UNPACKING pc=0x00000000033c787f sp=0x000000000308d600 mode 0
Event: 221.807 Thread 0x0000000003092800 DEOPT PACKING pc=0x0000000006424d27 sp=0x000000000308d410
Event: 221.807 Thread 0x0000000003092800 DEOPT UNPACKING pc=0x00000000033c787f sp=0x000000000308d1d0 mode 0
Event: 222.572 Thread 0x0000000003092800 DEOPT PACKING pc=0x00000000061caf51 sp=0x000000000308dd30
Event: 222.572 Thread 0x0000000003092800 DEOPT UNPACKING pc=0x00000000033c787f sp=0x000000000308dbb0 mode 0
Event: 222.605 Executing VM operation: ParallelGCFailedAllocation
Event: 222.613 Executing VM operation: ParallelGCFailedAllocation done


Dynamic libraries:
0x00007ff7ca400000 - 0x00007ff7ca437000 	C:\Program Files (x86)\Minecraft\runtime\jre-x64\bin\java.exe
0x00007ff8eb830000 - 0x00007ff8eba26000 	C:\WINDOWS\SYSTEM32\ntdll.dll
0x00007ff8ea5b0000 - 0x00007ff8ea66d000 	C:\WINDOWS\System32\KERNEL32.DLL
0x00007ff8e8f80000 - 0x00007ff8e9248000 	C:\WINDOWS\System32\KERNELBASE.dll
0x00007ff8e9e80000 - 0x00007ff8e9f2a000 	C:\WINDOWS\System32\ADVAPI32.dll
0x00007ff8eafa0000 - 0x00007ff8eb03e000 	C:\WINDOWS\System32\msvcrt.dll
0x00007ff8e98a0000 - 0x00007ff8e993b000 	C:\WINDOWS\System32\sechost.dll
0x00007ff8ea6f0000 - 0x00007ff8ea814000 	C:\WINDOWS\System32\RPCRT4.dll
0x00007ff8e9a20000 - 0x00007ff8e9bc0000 	C:\WINDOWS\System32\USER32.dll
0x00007ff8e97d0000 - 0x00007ff8e97f2000 	C:\WINDOWS\System32\win32u.dll
0x00007ff8eb7b0000 - 0x00007ff8eb7da000 	C:\WINDOWS\System32\GDI32.dll
0x00007ff8e9590000 - 0x00007ff8e9699000 	C:\WINDOWS\System32\gdi32full.dll
0x00007ff8e9800000 - 0x00007ff8e989d000 	C:\WINDOWS\System32\msvcp_win.dll
0x00007ff8e9460000 - 0x00007ff8e9560000 	C:\WINDOWS\System32\ucrtbase.dll
0x00007ff8d5a90000 - 0x00007ff8d5d2b000 	C:\WINDOWS\WinSxS\amd64_microsoft.windows.common-controls_6595b64144ccf1df_6.0.19041.488_none_ca04af081b815d21\COMCTL32.dll
0x00007ff8eb040000 - 0x00007ff8eb070000 	C:\WINDOWS\System32\IMM32.DLL
0x00000000758d0000 - 0x00000000759a2000 	C:\Program Files (x86)\Minecraft\runtime\jre-x64\bin\msvcr100.dll
0x0000000075040000 - 0x00000000758c3000 	C:\Program Files (x86)\Minecraft\runtime\jre-x64\bin\server\jvm.dll
0x00007ff8ea0c0000 - 0x00007ff8ea0c8000 	C:\WINDOWS\System32\PSAPI.DLL
0x00007ff8c4710000 - 0x00007ff8c4719000 	C:\WINDOWS\SYSTEM32\WSOCK32.dll
0x00007ff8e19d0000 - 0x00007ff8e19f7000 	C:\WINDOWS\SYSTEM32\WINMM.dll
0x00007ff8e9e10000 - 0x00007ff8e9e7b000 	C:\WINDOWS\System32\WS2_32.dll
0x00007ff8e18d0000 - 0x00007ff8e18da000 	C:\WINDOWS\SYSTEM32\VERSION.dll
0x0000000075030000 - 0x000000007503f000 	C:\Program Files (x86)\Minecraft\runtime\jre-x64\bin\verify.dll
0x0000000075000000 - 0x0000000075029000 	C:\Program Files (x86)\Minecraft\runtime\jre-x64\bin\java.dll
0x0000000074fd0000 - 0x0000000074ff3000 	C:\Program Files (x86)\Minecraft\runtime\jre-x64\bin\instrument.dll
0x0000000074fb0000 - 0x0000000074fc6000 	C:\Program Files (x86)\Minecraft\runtime\jre-x64\bin\zip.dll
0x00007ff8eb070000 - 0x00007ff8eb7b0000 	C:\WINDOWS\System32\SHELL32.dll
0x00007ff8e6ea0000 - 0x00007ff8e7634000 	C:\WINDOWS\SYSTEM32\windows.storage.dll
0x00007ff8ea0d0000 - 0x00007ff8ea425000 	C:\WINDOWS\System32\combase.dll
0x00007ff8e8850000 - 0x00007ff8e887c000 	C:\WINDOWS\SYSTEM32\Wldp.dll
0x00007ff8ea430000 - 0x00007ff8ea4de000 	C:\WINDOWS\System32\SHCORE.dll
0x00007ff8eaf40000 - 0x00007ff8eaf95000 	C:\WINDOWS\System32\shlwapi.dll
0x00007ff8e8eb0000 - 0x00007ff8e8ed6000 	C:\WINDOWS\SYSTEM32\profapi.dll
0x00007ff8e4a80000 - 0x00007ff8e4a9a000 	C:\Users\ervin_1nmnhvl\AppData\Local\JetBrains\Toolbox\apps\IDEA-U\ch-0\202.6397.94\bin\breakgen64.dll
0x0000000074f90000 - 0x0000000074faa000 	C:\Program Files (x86)\Minecraft\runtime\jre-x64\bin\net.dll
0x00007ff8e8640000 - 0x00007ff8e86aa000 	C:\WINDOWS\system32\mswsock.dll
0x0000000074f80000 - 0x0000000074f8d000 	C:\Program Files (x86)\Minecraft\runtime\jre-x64\bin\management.dll
0x00007ff8b7e60000 - 0x00007ff8b7e77000 	C:\WINDOWS\system32\napinsp.dll
0x00007ff8b7e80000 - 0x00007ff8b7e9b000 	C:\WINDOWS\system32\pnrpnsp.dll
0x00007ff8e3aa0000 - 0x00007ff8e3ab5000 	C:\WINDOWS\system32\wshbth.dll
0x00007ff8e47b0000 - 0x00007ff8e47cd000 	C:\WINDOWS\system32\NLAapi.dll
0x00007ff8e8350000 - 0x00007ff8e838b000 	C:\WINDOWS\SYSTEM32\IPHLPAPI.DLL
0x00007ff8e8390000 - 0x00007ff8e845b000 	C:\WINDOWS\SYSTEM32\DNSAPI.dll
0x00007ff8ea8b0000 - 0x00007ff8ea8b9000 	C:\WINDOWS\System32\NSI.dll
0x00007ff8ba580000 - 0x00007ff8ba592000 	C:\WINDOWS\System32\winrnr.dll
0x00007ff8da350000 - 0x00007ff8da35a000 	C:\Windows\System32\rasadhlp.dll
0x00007ff8dccf0000 - 0x00007ff8dcd6f000 	C:\WINDOWS\System32\fwpuclnt.dll
0x00007ff8e9560000 - 0x00007ff8e9587000 	C:\WINDOWS\System32\bcrypt.dll
0x0000000074f60000 - 0x0000000074f71000 	C:\Program Files (x86)\Minecraft\runtime\jre-x64\bin\nio.dll
0x0000000074f30000 - 0x0000000074f54000 	C:\Program Files (x86)\Minecraft\runtime\jre-x64\bin\sunec.dll
0x00007ff8e8c00000 - 0x00007ff8e8c18000 	C:\WINDOWS\SYSTEM32\CRYPTSP.dll
0x00007ff8e7ef0000 - 0x00007ff8e7f24000 	C:\WINDOWS\system32\rsaenh.dll
0x00007ff8e8e70000 - 0x00007ff8e8e9e000 	C:\WINDOWS\SYSTEM32\USERENV.dll
0x00007ff8e9750000 - 0x00007ff8e97cf000 	C:\WINDOWS\System32\bcryptprimitives.dll
0x00007ff8e87c0000 - 0x00007ff8e87cc000 	C:\WINDOWS\SYSTEM32\CRYPTBASE.dll
0x00007ff8e1970000 - 0x00007ff8e1987000 	C:\WINDOWS\SYSTEM32\dhcpcsvc6.DLL
0x00007ff8e1950000 - 0x00007ff8e196d000 	C:\WINDOWS\SYSTEM32\dhcpcsvc.DLL
0x00007ff8ceeb0000 - 0x00007ff8cef22000 	C:\Users\ervin_1nmnhvl\AppData\Local\Temp\lwjglervin_1nmnhvl\3.2.2-build-10\lwjgl.dll
0x00007ff8ad450000 - 0x00007ff8ad6a1000 	C:\Users\ERVIN_~1\AppData\Local\Temp\lwjglervin_1nmnhvl\3.2.2-build-10\jemalloc.dll
0x00007ff8cdc30000 - 0x00007ff8cdc8e000 	C:\Users\ERVIN_~1\AppData\Local\Temp\lwjglervin_1nmnhvl\3.2.2-build-10\glfw.dll
0x00007ff8e6800000 - 0x00007ff8e689f000 	C:\WINDOWS\system32\uxtheme.dll
0x00007ff8c3f00000 - 0x00007ff8c3f45000 	C:\WINDOWS\SYSTEM32\dinput8.dll
0x00007ff8e4a40000 - 0x00007ff8e4a51000 	C:\WINDOWS\SYSTEM32\xinput1_4.dll
0x00007ff8e96a0000 - 0x00007ff8e96ee000 	C:\WINDOWS\System32\cfgmgr32.dll
0x00007ff8e8ce0000 - 0x00007ff8e8d0c000 	C:\WINDOWS\SYSTEM32\DEVOBJ.dll
0x00007ff8e6bb0000 - 0x00007ff8e6bdf000 	C:\WINDOWS\SYSTEM32\dwmapi.dll
0x00007ff8d8560000 - 0x00007ff8d86b2000 	C:\WINDOWS\SYSTEM32\inputhost.dll
0x00007ff8ea4e0000 - 0x00007ff8ea5ad000 	C:\WINDOWS\System32\OLEAUT32.dll
0x00007ff8e6320000 - 0x00007ff8e6412000 	C:\WINDOWS\SYSTEM32\CoreMessaging.dll
0x00007ff8e4690000 - 0x00007ff8e4787000 	C:\WINDOWS\SYSTEM32\PROPSYS.dll
0x00007ff8e58f0000 - 0x00007ff8e5a46000 	C:\WINDOWS\SYSTEM32\wintypes.dll
0x00007ff8e5fc0000 - 0x00007ff8e631e000 	C:\WINDOWS\SYSTEM32\CoreUIComponents.dll
0x00007ff8e7b80000 - 0x00007ff8e7bb3000 	C:\WINDOWS\SYSTEM32\ntmarta.dll
0x00007ff8e7720000 - 0x00007ff8e7732000 	C:\WINDOWS\SYSTEM32\kernel.appcore.dll
0x00007ff8e9bc0000 - 0x00007ff8e9cd5000 	C:\WINDOWS\System32\MSCTF.dll
0x00007ff8e7640000 - 0x00007ff8e764d000 	C:\WINDOWS\SYSTEM32\HID.DLL
0x00007ff8eaa70000 - 0x00007ff8eaed7000 	C:\WINDOWS\System32\SETUPAPI.DLL
0x00007ff8e96f0000 - 0x00007ff8e9750000 	C:\WINDOWS\System32\WINTRUST.dll
0x00007ff8e9250000 - 0x00007ff8e93ad000 	C:\WINDOWS\System32\CRYPT32.dll
0x00007ff8e8c50000 - 0x00007ff8e8c62000 	C:\WINDOWS\SYSTEM32\MSASN1.dll
0x00007ff8bd2a0000 - 0x00007ff8bd3c5000 	C:\WINDOWS\SYSTEM32\opengl32.dll
0x00007ff8d6340000 - 0x00007ff8d636c000 	C:\WINDOWS\SYSTEM32\GLU32.dll
0x00007ff8ea010000 - 0x00007ff8ea0b9000 	C:\WINDOWS\System32\clbcatq.dll
0x00007ff8a0c80000 - 0x00007ff8a1904000 	C:\WINDOWS\SYSTEM32\ig4icd64.dll
0x00007ff8e7790000 - 0x00007ff8e7883000 	C:\WINDOWS\SYSTEM32\dxgi.dll
0x00007ff8e4b30000 - 0x00007ff8e4d94000 	C:\WINDOWS\SYSTEM32\d3d11.dll
0x00007ff8de350000 - 0x00007ff8defa0000 	C:\WINDOWS\SYSTEM32\igd10umd64.dll
0x00007ff8df1f0000 - 0x00007ff8df22b000 	C:\WINDOWS\SYSTEM32\dxcore.dll
0x00007ff8c3d90000 - 0x00007ff8c3e0f000 	C:\Users\ervin_1nmnhvl\AppData\Local\Temp\lwjglervin_1nmnhvl\3.2.2-build-10\lwjgl_stb.dll
0x00007ff8e34d0000 - 0x00007ff8e357e000 	C:\WINDOWS\SYSTEM32\mscms.dll
0x00007ff8e33e0000 - 0x00007ff8e33f1000 	C:\WINDOWS\SYSTEM32\ColorAdapterClient.dll
0x00007ff8c3d40000 - 0x00007ff8c3d83000 	C:\WINDOWS\SYSTEM32\icm32.dll
0x00007ff8d86c0000 - 0x00007ff8d87bc000 	C:\WINDOWS\SYSTEM32\textinputframework.dll
0x00007ff8c3ce0000 - 0x00007ff8c3d38000 	C:\Users\ervin_1nmnhvl\AppData\Local\Temp\lwjglervin_1nmnhvl\3.2.2-build-10\lwjgl_opengl.dll
0x00007ff8c3c90000 - 0x00007ff8c3cd2000 	C:\Users\ervin_1nmnhvl\AppData\Local\Temp\jna-2118671535\jna3319523520601949723.dll
0x00007ff8e1990000 - 0x00007ff8e19aa000 	C:\save\modding\ervin_mod_1\build\natives\SAPIWrapper_x64.dll
0x00007ff8e9ce0000 - 0x00007ff8e9e0a000 	C:\WINDOWS\System32\ole32.dll
0x00007ff8ae0c0000 - 0x00007ff8ae244000 	C:\WINDOWS\System32\Speech\Common\sapi.dll
0x00007ff8dae60000 - 0x00007ff8dae6b000 	C:\WINDOWS\SYSTEM32\msdmo.dll
0x00007ff89f370000 - 0x00007ff89f38e000 	C:\WINDOWS\SYSTEM32\MSACM32.dll
0x00007ff8b25a0000 - 0x00007ff8b25c6000 	C:\WINDOWS\SYSTEM32\winmmbase.dll
0x00007ff8d99c0000 - 0x00007ff8d9a45000 	C:\WINDOWS\System32\MMDevApi.dll
0x00007ff8b66e0000 - 0x00007ff8b67f4000 	C:\Users\ERVIN_~1\AppData\Local\Temp\lwjglervin_1nmnhvl\3.2.2-build-10\OpenAL.dll
0x00007ff8cf010000 - 0x00007ff8cf191000 	C:\WINDOWS\SYSTEM32\AUDIOSES.DLL
0x00007ff8e8d30000 - 0x00007ff8e8d7b000 	C:\WINDOWS\SYSTEM32\powrprof.dll
0x00007ff8e8d10000 - 0x00007ff8e8d22000 	C:\WINDOWS\SYSTEM32\UMPDC.dll
0x00007ff8e68e0000 - 0x00007ff8e68f4000 	C:\WINDOWS\SYSTEM32\resourcepolicyclient.dll
0x0000000074d90000 - 0x0000000074f28000 	C:\Program Files (x86)\Minecraft\runtime\jre-x64\bin\awt.dll
0x00007ff8e6630000 - 0x00007ff8e66c0000 	C:\WINDOWS\SYSTEM32\apphelp.dll
0x00007ff8dfae0000 - 0x00007ff8dfcc4000 	C:\WINDOWS\SYSTEM32\dbghelp.dll

VM Arguments:
jvm_args: -Dforge.logging.console.level=debug -Dforge.logging.markers=SCAN,REGISTRIES,REGISTRYDUMP -XX:HeapDumpPath=MojangTricksIntelDriversForPerformance_javaw.exe_minecraft.exe.heapdump -Dos.name=Windows 10 -Dos.version=10.0 -javaagent:C:\Users\ervin_1nmnhvl\AppData\Local\JetBrains\Toolbox\apps\IDEA-U\ch-0\202.6397.94\lib\idea_rt.jar=55691:C:\Users\ervin_1nmnhvl\AppData\Local\JetBrains\Toolbox\apps\IDEA-U\ch-0\202.6397.94\bin -Dfile.encoding=UTF-8 
java_command: net.minecraftforge.userdev.LaunchTesting
java_class_path (initial): C:\Program Files (x86)\Minecraft\runtime\jre-x64\lib\charsets.jar;C:\Program Files (x86)\Minecraft\runtime\jre-x64\lib\deploy.jar;C:\Program Files (x86)\Minecraft\runtime\jre-x64\lib\ext\access-bridge-64.jar;C:\Program Files (x86)\Minecraft\runtime\jre-x64\lib\ext\cldrdata.jar;C:\Program Files (x86)\Minecraft\runtime\jre-x64\lib\ext\dnsns.jar;C:\Program Files (x86)\Minecraft\runtime\jre-x64\lib\ext\jaccess.jar;C:\Program Files (x86)\Minecraft\runtime\jre-x64\lib\ext\jfxrt.jar;C:\Program Files (x86)\Minecraft\runtime\jre-x64\lib\ext\localedata.jar;C:\Program Files (x86)\Minecraft\runtime\jre-x64\lib\ext\nashorn.jar;C:\Program Files (x86)\Minecraft\runtime\jre-x64\lib\ext\sunec.jar;C:\Program Files (x86)\Minecraft\runtime\jre-x64\lib\ext\sunjce_provider.jar;C:\Program Files (x86)\Minecraft\runtime\jre-x64\lib\ext\sunmscapi.jar;C:\Program Files (x86)\Minecraft\runtime\jre-x64\lib\ext\sunpkcs11.jar;C:\Program Files (x86)\Minecraft\runtime\jre-x64\lib\ext\zipfs.jar;C:\Program Files (x86)\Minecraft\runtime\jre-x64\lib\javaws.jar;C:\Program Files (x86)\Minecraft\runtime\jre-x64\lib\jce.jar;C:\Program Files (x86)\Minecraft\runtime\jre-x64\lib\jfr.jar;C:\Program Files (x86)\Minecraft\runtime\jre-x64\lib\jfxswt.jar;C:\Program Files (x86)\Minecraft\runtime\jre-x64\lib\jsse.jar;C:\Program Files (x86)\Minecraft\runtime\jre-x64\lib\management-agent.jar;C:\Program Files (x86)\Minecraft\runtime\jre-x64\lib\plugin.jar;C:\Program Files (x86)\Minecraft\runtime\jre-x64\lib\resources.jar;C:\Program Files (x86)\Minecraft\runtime\jre-x64\lib\rt.jar;C:\save\modding\ervin_mod_1\build\classes\java\main;C:\save\modding\ervin_mod_1\build\resources\main;C:\Users\ervin_1nmnhvl\.gradle\caches\forge_gradle\minecraft_user_repo\net\minecraftforge\forge\1.16.1-32.0.75_mapped_snapshot_20200723-1.16.1\forge-1.16.1-32.0.75_mapped_snapshot_20200723-1.16.1-recomp.jar;C:\Users\ervin_1nmnhvl\.gradle\caches\forge_gradle\minecraft_user_repo\net\minecraftforge\forge\1.16.1-32.0.75_
Launcher Type: SUN_STANDARD

Environment Variables:
JAVA_HOME=C:\Program Files\Java\jdk-11.0.4
PATH=C:\Program Files\Docker\Docker\Resources\bin;C:\ProgramData\Oracle\Java\javapath;C:\WINDOWS\system32;C:\WINDOWS;C:\WINDOWS\System32\Wbem;C:\WINDOWS\System32\WindowsPowerShell\v1.0\;C:\Program Files (x86)\cloudControl;C:\Program Files\Git\cmd;C:\bin;C:\Program Files (x86)\Windows Kits\8.1\Windows Performance Toolkit\;C:\Program Files (x86)\PuTTY\;C:\Program Files (x86)\Nodist\bin;G:\save\sdk\android\tools;G:\save\sdk\android\platform-tools;C:\boxfuse;C:\Program Files (x86)\Skype\Phone\;C:\Program Files (x86)\GtkSharp\2.12\bin;C:\Program Files (x86)\IVI Foundation\VISA\WinNT\Bin;C:\WINDOWS\system32;C:\WINDOWS;C:\WINDOWS\System32\Wbem;C:\WINDOWS\System32\WindowsPowerShell\v1.0\;;C:\WINDOWS\System32\OpenSSH\;C:\Users\ervin_1nmnhvl\AppData\Local\Microsoft\WindowsApps;
USERNAME=ervin_1nmnhvl
OS=Windows_NT
PROCESSOR_IDENTIFIER=Intel64 Family 6 Model 42 Stepping 7, GenuineIntel



---------------  S Y S T E M  ---------------

OS: Windows 10.0 , 64 bit Build 19041 (10.0.19041.546)

CPU:total 4 (2 cores per cpu, 2 threads per core) family 6 model 42 stepping 7, cmov, cx8, fxsr, mmx, sse, sse2, sse3, ssse3, sse4.1, sse4.2, popcnt, avx, aes, clmul, ht, tsc, tscinvbit

Memory: 4k page, physical 8266764k(388540k free), swap 10363916k(3176k free)

vm_info: Java HotSpot(TM) 64-Bit Server VM (25.51-b03) for windows-amd64 JRE (1.8.0_51-b16), built on Jun  8 2015 18:03:07 by "java_re" with MS VC++ 10.0 (VS2010)

time: Sat Oct 17 13:28:21 2020
elapsed time: 222 seconds (0d 0h 3m 42s)

