#
# There is insufficient memory for the Java Runtime Environment to continue.
# Native memory allocation (malloc) failed to allocate 2509376 bytes for Chunk::new
# Possible reasons:
#   The system is out of physical RAM or swap space
#   In 32 bit mode, the process size limit was hit
# Possible solutions:
#   Reduce memory load on the system
#   Increase physical memory or swap space
#   Check if swap backing store is full
#   Use 64 bit Java on a 64 bit OS
#   Decrease Java heap size (-Xmx/-Xms)
#   Decrease number of Java threads
#   Decrease Java thread stack sizes (-Xss)
#   Set larger code cache with -XX:ReservedCodeCacheSize=
# This output file may be truncated or incomplete.
#
#  Out of Memory Error (allocation.cpp:390), pid=7380, tid=7300
#
# JRE version: Java(TM) SE Runtime Environment (8.0_51-b16) (build 1.8.0_51-b16)
# Java VM: Java HotSpot(TM) 64-Bit Server VM (25.51-b03 mixed mode windows-amd64 compressed oops)
# Failed to write core dump. Minidumps are not enabled by default on client versions of Windows
#

---------------  T H R E A D  ---------------

Current thread (0x0000000019005000):  JavaThread "C2 CompilerThread0" daemon [_thread_in_native, id=7300, stack(0x0000000019140000,0x0000000019240000)]

Stack: [0x0000000019140000,0x0000000019240000]
Native frames: (J=compiled Java code, j=interpreted, Vv=VM code, C=native code)
V  [jvm.dll+0x32b4ca]
V  [jvm.dll+0x2797e3]
V  [jvm.dll+0x27a479]
V  [jvm.dll+0x271765]
V  [jvm.dll+0xcba02]
V  [jvm.dll+0xcbecc]
V  [jvm.dll+0x492ad7]
V  [jvm.dll+0x45f98a]
V  [jvm.dll+0x46a7cb]
V  [jvm.dll+0x46cde2]
V  [jvm.dll+0x4501a2]
V  [jvm.dll+0xa43a2]
V  [jvm.dll+0xa4cdf]
V  [jvm.dll+0x2418a4]
V  [jvm.dll+0x29846a]
C  [msvcr100.dll+0x21d9f]
C  [msvcr100.dll+0x21e3b]
C  [KERNEL32.DLL+0x16fd4]
C  [ntdll.dll+0x4cec1]


Current CompileTask:
C2:  43567 6365       4       net.minecraft.util.math.shapes.VoxelShapePart::forEachBox (378 bytes)


---------------  P R O C E S S  ---------------

Java Threads: ( => current thread )
  0x0000000021b6d800 JavaThread "pool-3-thread-1" [_thread_in_Java, id=17040, stack(0x0000000020c40000,0x0000000020d40000)]
  0x0000000021d89000 JavaThread "pool-2-thread-1" daemon [_thread_blocked, id=8788, stack(0x00000000208d0000,0x00000000209d0000)]
  0x000000001c196000 JavaThread "Thread-3" daemon [_thread_blocked, id=11676, stack(0x0000000020b40000,0x0000000020c40000)]
  0x0000000019573800 JavaThread "Thread-2" daemon [_thread_in_native, id=19872, stack(0x000000001bb70000,0x000000001bc70000)]
  0x0000000019572800 JavaThread "Thread-1" daemon [_thread_blocked, id=12624, stack(0x000000001ba70000,0x000000001bb70000)]
  0x000000001903e000 JavaThread "Service Thread" daemon [_thread_blocked, id=19956, stack(0x0000000019c40000,0x0000000019d40000)]
  0x0000000019348800 JavaThread "C1 CompilerThread2" daemon [_thread_blocked, id=14984, stack(0x0000000019b40000,0x0000000019c40000)]
  0x0000000019005800 JavaThread "C2 CompilerThread1" daemon [_thread_blocked, id=7732, stack(0x0000000019240000,0x0000000019340000)]
=>0x0000000019005000 JavaThread "C2 CompilerThread0" daemon [_thread_in_native, id=7300, stack(0x0000000019140000,0x0000000019240000)]
  0x0000000019021800 JavaThread "Monitor Ctrl-Break" daemon [_thread_in_native, id=21148, stack(0x0000000019040000,0x0000000019140000)]
  0x00000000176e2800 JavaThread "Attach Listener" daemon [_thread_blocked, id=2256, stack(0x0000000018b40000,0x0000000018c40000)]
  0x00000000176e1800 JavaThread "Signal Dispatcher" daemon [_thread_blocked, id=17036, stack(0x0000000018a40000,0x0000000018b40000)]
  0x00000000029bb800 JavaThread "Finalizer" daemon [_thread_blocked, id=21272, stack(0x0000000018940000,0x0000000018a40000)]
  0x00000000029b8000 JavaThread "Reference Handler" daemon [_thread_blocked, id=1440, stack(0x0000000018840000,0x0000000018940000)]
  0x00000000028c2800 JavaThread "main" [_thread_blocked, id=11664, stack(0x0000000002750000,0x0000000002850000)]

Other Threads:
  0x0000000017699000 VMThread [stack: 0x0000000018740000,0x0000000018840000] [id=6944]
  0x00000000193f4000 WatcherThread [stack: 0x0000000019d40000,0x0000000019e40000] [id=2552]

VM state:not at safepoint (normal execution)

VM Mutex/Monitor currently owned by a thread: None

Heap:
 PSYoungGen      total 487936K, used 336246K [0x00000000d5f00000, 0x00000000fc400000, 0x0000000100000000)
  eden space 354816K, 94% used [0x00000000d5f00000,0x00000000ea75db48,0x00000000eb980000)
  from space 133120K, 0% used [0x00000000eb980000,0x00000000eb980000,0x00000000f3b80000)
  to   space 99328K, 0% used [0x00000000f3b80000,0x00000000f3b80000,0x00000000f9c80000)
 ParOldGen       total 262656K, used 208634K [0x0000000081c00000, 0x0000000091c80000, 0x00000000d5f00000)
  object space 262656K, 79% used [0x0000000081c00000,0x000000008e7be9d0,0x0000000091c80000)
 Metaspace       used 41740K, capacity 44239K, committed 44416K, reserved 1087488K
  class space    used 5494K, capacity 6264K, committed 6272K, reserved 1048576K

Card table byte_map: [0x0000000011f60000,0x0000000012360000] byte_map_base: 0x0000000011b52000

Marking Bits: (ParMarkBitMap*) 0x00000000768d4040
 Begin Bits: [0x0000000012a10000, 0x00000000149a0000)
 End Bits:   [0x00000000149a0000, 0x0000000016930000)

Polling page: 0x0000000000a00000

CodeCache: size=245760Kb used=17752Kb max_used=17765Kb free=228007Kb
 bounds [0x0000000002ba0000, 0x0000000003d10000, 0x0000000011ba0000]
 total_blobs=6773 nmethods=5642 adapters=1042
 compilation: enabled

Compilation events (10 events):
Event: 43.209 Thread 0x0000000019005800 6498       4       net.minecraft.block.Block$$Lambda$724/2060479274::create (14 bytes)
Event: 43.217 Thread 0x0000000019005800 nmethod 6498 0x00000000037146d0 code [0x0000000003714840, 0x0000000003714b58]
Event: 43.259 Thread 0x0000000019005800 6499       4       net.minecraft.state.StateContainer::<init> (252 bytes)
Event: 43.305 Thread 0x0000000019348800 6501       3       net.minecraft.util.math.AxisAlignedBB::<init> (67 bytes)
Event: 43.306 Thread 0x0000000019348800 nmethod 6501 0x0000000003cf2f10 code [0x0000000003cf30c0, 0x0000000003cf3438]
Event: 43.322 Thread 0x0000000019348800 6502       3       net.minecraft.block.AbstractBlock$Properties::create (9 bytes)
Event: 43.323 Thread 0x0000000019348800 nmethod 6502 0x0000000003cdfa10 code [0x0000000003cdfbe0, 0x0000000003ce02c8]
Event: 43.419 Thread 0x0000000019005800 nmethod 6499 0x0000000003d09790 code [0x0000000003d09be0, 0x0000000003d0c408]
Event: 43.420 Thread 0x0000000019005800 6500       4       java.util.regex.Pattern$Begin::match (62 bytes)
Event: 43.422 Thread 0x0000000019005800 nmethod 6500 0x00000000037c0690 code [0x00000000037c07e0, 0x00000000037c08f8]

GC Heap History (10 events):
Event: 27.181 GC heap before
{Heap before GC invocations=17 (full 2):
 PSYoungGen      total 313856K, used 310779K [0x00000000d5f00000, 0x00000000ee100000, 0x0000000100000000)
  eden space 257024K, 100% used [0x00000000d5f00000,0x00000000e5a00000,0x00000000e5a00000)
  from space 56832K, 94% used [0x00000000e9900000,0x00000000ecd7ec58,0x00000000ed080000)
  to   space 64512K, 0% used [0x00000000e5a00000,0x00000000e5a00000,0x00000000e9900000)
 ParOldGen       total 148480K, used 81711K [0x0000000081c00000, 0x000000008ad00000, 0x00000000d5f00000)
  object space 148480K, 55% used [0x0000000081c00000,0x0000000086bcbe30,0x000000008ad00000)
 Metaspace       used 37473K, capacity 39653K, committed 39936K, reserved 1083392K
  class space    used 4671K, capacity 5342K, committed 5376K, reserved 1048576K
Event: 27.622 GC heap after
Heap after GC invocations=17 (full 2):
 PSYoungGen      total 321536K, used 64501K [0x00000000d5f00000, 0x00000000f9c80000, 0x0000000100000000)
  eden space 257024K, 0% used [0x00000000d5f00000,0x00000000d5f00000,0x00000000e5a00000)
  from space 64512K, 99% used [0x00000000e5a00000,0x00000000e98fd718,0x00000000e9900000)
  to   space 99328K, 0% used [0x00000000f3b80000,0x00000000f3b80000,0x00000000f9c80000)
 ParOldGen       total 148992K, used 148584K [0x0000000081c00000, 0x000000008ad80000, 0x00000000d5f00000)
  object space 148992K, 99% used [0x0000000081c00000,0x000000008ad1a0e8,0x000000008ad80000)
 Metaspace       used 37473K, capacity 39653K, committed 39936K, reserved 1083392K
  class space    used 4671K, capacity 5342K, committed 5376K, reserved 1048576K
}
Event: 27.622 GC heap before
{Heap before GC invocations=18 (full 3):
 PSYoungGen      total 321536K, used 64501K [0x00000000d5f00000, 0x00000000f9c80000, 0x0000000100000000)
  eden space 257024K, 0% used [0x00000000d5f00000,0x00000000d5f00000,0x00000000e5a00000)
  from space 64512K, 99% used [0x00000000e5a00000,0x00000000e98fd718,0x00000000e9900000)
  to   space 99328K, 0% used [0x00000000f3b80000,0x00000000f3b80000,0x00000000f9c80000)
 ParOldGen       total 148992K, used 148584K [0x0000000081c00000, 0x000000008ad80000, 0x00000000d5f00000)
  object space 148992K, 99% used [0x0000000081c00000,0x000000008ad1a0e8,0x000000008ad80000)
 Metaspace       used 37473K, capacity 39653K, committed 39936K, reserved 1083392K
  class space    used 4671K, capacity 5342K, committed 5376K, reserved 1048576K
Event: 28.572 GC heap after
Heap after GC invocations=18 (full 3):
 PSYoungGen      total 321536K, used 18272K [0x00000000d5f00000, 0x00000000f9c80000, 0x0000000100000000)
  eden space 257024K, 0% used [0x00000000d5f00000,0x00000000d5f00000,0x00000000e5a00000)
  from space 64512K, 28% used [0x00000000e5a00000,0x00000000e6bd8338,0x00000000e9900000)
  to   space 99328K, 0% used [0x00000000f3b80000,0x00000000f3b80000,0x00000000f9c80000)
 ParOldGen       total 262656K, used 148885K [0x0000000081c00000, 0x0000000091c80000, 0x00000000d5f00000)
  object space 262656K, 56% used [0x0000000081c00000,0x000000008ad65698,0x0000000091c80000)
 Metaspace       used 37473K, capacity 39653K, committed 39936K, reserved 1083392K
  class space    used 4671K, capacity 5342K, committed 5376K, reserved 1048576K
}
Event: 33.282 GC heap before
{Heap before GC invocations=19 (full 3):
 PSYoungGen      total 321536K, used 275296K [0x00000000d5f00000, 0x00000000f9c80000, 0x0000000100000000)
  eden space 257024K, 100% used [0x00000000d5f00000,0x00000000e5a00000,0x00000000e5a00000)
  from space 64512K, 28% used [0x00000000e5a00000,0x00000000e6bd8338,0x00000000e9900000)
  to   space 99328K, 0% used [0x00000000f3b80000,0x00000000f3b80000,0x00000000f9c80000)
 ParOldGen       total 262656K, used 148885K [0x0000000081c00000, 0x0000000091c80000, 0x00000000d5f00000)
  object space 262656K, 56% used [0x0000000081c00000,0x000000008ad65698,0x0000000091c80000)
 Metaspace       used 38468K, capacity 40617K, committed 40832K, reserved 1085440K
  class space    used 4962K, capacity 5637K, committed 5760K, reserved 1048576K
Event: 33.871 GC heap after
Heap after GC invocations=19 (full 3):
 PSYoungGen      total 454144K, used 99308K [0x00000000d5f00000, 0x00000000fc400000, 0x0000000100000000)
  eden space 354816K, 0% used [0x00000000d5f00000,0x00000000d5f00000,0x00000000eb980000)
  from space 99328K, 99% used [0x00000000f3b80000,0x00000000f9c7b3f0,0x00000000f9c80000)
  to   space 133120K, 0% used [0x00000000eb980000,0x00000000eb980000,0x00000000f3b80000)
 ParOldGen       total 262656K, used 193749K [0x0000000081c00000, 0x0000000091c80000, 0x00000000d5f00000)
  object space 262656K, 73% used [0x0000000081c00000,0x000000008d935608,0x0000000091c80000)
 Metaspace       used 38468K, capacity 40617K, committed 40832K, reserved 1085440K
  class space    used 4962K, capacity 5637K, committed 5760K, reserved 1048576K
}
Event: 39.166 GC heap before
{Heap before GC invocations=20 (full 3):
 PSYoungGen      total 454144K, used 454124K [0x00000000d5f00000, 0x00000000fc400000, 0x0000000100000000)
  eden space 354816K, 100% used [0x00000000d5f00000,0x00000000eb980000,0x00000000eb980000)
  from space 99328K, 99% used [0x00000000f3b80000,0x00000000f9c7b3f0,0x00000000f9c80000)
  to   space 133120K, 0% used [0x00000000eb980000,0x00000000eb980000,0x00000000f3b80000)
 ParOldGen       total 262656K, used 193749K [0x0000000081c00000, 0x0000000091c80000, 0x00000000d5f00000)
  object space 262656K, 73% used [0x0000000081c00000,0x000000008d935608,0x0000000091c80000)
 Metaspace       used 40763K, capacity 43227K, committed 43520K, reserved 1087488K
  class space    used 5313K, capacity 6042K, committed 6144K, reserved 1048576K
Event: 40.258 GC heap after
Heap after GC invocations=20 (full 3):
 PSYoungGen      total 487936K, used 133107K [0x00000000d5f00000, 0x00000000fc400000, 0x0000000100000000)
  eden space 354816K, 0% used [0x00000000d5f00000,0x00000000d5f00000,0x00000000eb980000)
  from space 133120K, 99% used [0x00000000eb980000,0x00000000f3b7cd90,0x00000000f3b80000)
  to   space 99328K, 0% used [0x00000000f3b80000,0x00000000f3b80000,0x00000000f9c80000)
 ParOldGen       total 262656K, used 229338K [0x0000000081c00000, 0x0000000091c80000, 0x00000000d5f00000)
  object space 262656K, 87% used [0x0000000081c00000,0x000000008fbf6b78,0x0000000091c80000)
 Metaspace       used 40763K, capacity 43227K, committed 43520K, reserved 1087488K
  class space    used 5313K, capacity 6042K, committed 6144K, reserved 1048576K
}
Event: 40.262 GC heap before
{Heap before GC invocations=21 (full 4):
 PSYoungGen      total 487936K, used 133107K [0x00000000d5f00000, 0x00000000fc400000, 0x0000000100000000)
  eden space 354816K, 0% used [0x00000000d5f00000,0x00000000d5f00000,0x00000000eb980000)
  from space 133120K, 99% used [0x00000000eb980000,0x00000000f3b7cd90,0x00000000f3b80000)
  to   space 99328K, 0% used [0x00000000f3b80000,0x00000000f3b80000,0x00000000f9c80000)
 ParOldGen       total 262656K, used 229338K [0x0000000081c00000, 0x0000000091c80000, 0x00000000d5f00000)
  object space 262656K, 87% used [0x0000000081c00000,0x000000008fbf6b78,0x0000000091c80000)
 Metaspace       used 40763K, capacity 43227K, committed 43520K, reserved 1087488K
  class space    used 5313K, capacity 6042K, committed 6144K, reserved 1048576K
Event: 40.900 GC heap after
Heap after GC invocations=21 (full 4):
 PSYoungGen      total 487936K, used 0K [0x00000000d5f00000, 0x00000000fc400000, 0x0000000100000000)
  eden space 354816K, 0% used [0x00000000d5f00000,0x00000000d5f00000,0x00000000eb980000)
  from space 133120K, 0% used [0x00000000eb980000,0x00000000eb980000,0x00000000f3b80000)
  to   space 99328K, 0% used [0x00000000f3b80000,0x00000000f3b80000,0x00000000f9c80000)
 ParOldGen       total 262656K, used 208634K [0x0000000081c00000, 0x0000000091c80000, 0x00000000d5f00000)
  object space 262656K, 79% used [0x0000000081c00000,0x000000008e7be9d0,0x0000000091c80000)
 Metaspace       used 40763K, capacity 43227K, committed 43520K, reserved 1087488K
  class space    used 5313K, capacity 6042K, committed 6144K, reserved 1048576K
}

Deoptimization events (10 events):
Event: 42.886 Thread 0x0000000021b6d800 Uncommon trap: reason=bimorphic action=maybe_recompile pc=0x0000000003c62bc8 method=net.minecraft.util.math.shapes.IndirectMerger.<init>(Lit/unimi/dsi/fastutil/doubles/DoubleList;Lit/unimi/dsi/fastutil/doubles/DoubleList;ZZ)V @ 16
Event: 42.887 Thread 0x0000000021b6d800 Uncommon trap: reason=bimorphic action=maybe_recompile pc=0x0000000003c62bc8 method=net.minecraft.util.math.shapes.IndirectMerger.<init>(Lit/unimi/dsi/fastutil/doubles/DoubleList;Lit/unimi/dsi/fastutil/doubles/DoubleList;ZZ)V @ 16
Event: 42.888 Thread 0x0000000021b6d800 Uncommon trap: reason=bimorphic action=maybe_recompile pc=0x0000000003c62bc8 method=net.minecraft.util.math.shapes.IndirectMerger.<init>(Lit/unimi/dsi/fastutil/doubles/DoubleList;Lit/unimi/dsi/fastutil/doubles/DoubleList;ZZ)V @ 16
Event: 42.888 Thread 0x0000000021b6d800 Uncommon trap: reason=bimorphic action=maybe_recompile pc=0x0000000003c62bc8 method=net.minecraft.util.math.shapes.IndirectMerger.<init>(Lit/unimi/dsi/fastutil/doubles/DoubleList;Lit/unimi/dsi/fastutil/doubles/DoubleList;ZZ)V @ 16
Event: 42.900 Thread 0x0000000021b6d800 Uncommon trap: reason=unstable_if action=reinterpret pc=0x0000000003cd0958 method=java.lang.Math.max(DD)D @ 36
Event: 42.998 Thread 0x0000000021b6d800 Uncommon trap: reason=bimorphic action=maybe_recompile pc=0x0000000003c9771c method=net.minecraft.block.AbstractBlock$AbstractBlockState.<init>(Lnet/minecraft/block/Block;Lcom/google/common/collect/ImmutableMap;Lcom/mojang/serialization/MapCodec;)V @ 71
Event: 42.998 Thread 0x0000000021b6d800 Uncommon trap: reason=bimorphic action=maybe_recompile pc=0x0000000003c9771c method=net.minecraft.block.AbstractBlock$AbstractBlockState.<init>(Lnet/minecraft/block/Block;Lcom/google/common/collect/ImmutableMap;Lcom/mojang/serialization/MapCodec;)V @ 71
Event: 42.998 Thread 0x0000000021b6d800 Uncommon trap: reason=bimorphic action=maybe_recompile pc=0x0000000003c9771c method=net.minecraft.block.AbstractBlock$AbstractBlockState.<init>(Lnet/minecraft/block/Block;Lcom/google/common/collect/ImmutableMap;Lcom/mojang/serialization/MapCodec;)V @ 71
Event: 43.000 Thread 0x0000000021b6d800 Uncommon trap: reason=bimorphic action=maybe_recompile pc=0x0000000003c9771c method=net.minecraft.block.AbstractBlock$AbstractBlockState.<init>(Lnet/minecraft/block/Block;Lcom/google/common/collect/ImmutableMap;Lcom/mojang/serialization/MapCodec;)V @ 71
Event: 43.000 Thread 0x0000000021b6d800 Uncommon trap: reason=bimorphic action=maybe_recompile pc=0x0000000003c9dc6c method=net.minecraft.block.AbstractBlock$AbstractBlockState.<init>(Lnet/minecraft/block/Block;Lcom/google/common/collect/ImmutableMap;Lcom/mojang/serialization/MapCodec;)V @ 71

Internal exceptions (10 events):
Event: 43.477 Thread 0x0000000021b6d800 Exception <a 'sun/nio/fs/WindowsException'> (0x00000000e9595740) thrown at [C:\re\workspace\8-2-build-windows-amd64-cygwin\jdk8u51\3951\hotspot\src\share\vm\prims\jni.cpp, line 709]
Event: 43.477 Thread 0x0000000021b6d800 Exception <a 'sun/nio/fs/WindowsException'> (0x00000000e9595fb0) thrown at [C:\re\workspace\8-2-build-windows-amd64-cygwin\jdk8u51\3951\hotspot\src\share\vm\prims\jni.cpp, line 709]
Event: 43.478 Thread 0x0000000021b6d800 Exception <a 'sun/nio/fs/WindowsException'> (0x00000000e9596f68) thrown at [C:\re\workspace\8-2-build-windows-amd64-cygwin\jdk8u51\3951\hotspot\src\share\vm\prims\jni.cpp, line 709]
Event: 43.478 Thread 0x0000000021b6d800 Exception <a 'sun/nio/fs/WindowsException'> (0x00000000e95979c8) thrown at [C:\re\workspace\8-2-build-windows-amd64-cygwin\jdk8u51\3951\hotspot\src\share\vm\prims\jni.cpp, line 709]
Event: 43.483 Thread 0x0000000021b6d800 Exception <a 'sun/nio/fs/WindowsException'> (0x00000000e9703348) thrown at [C:\re\workspace\8-2-build-windows-amd64-cygwin\jdk8u51\3951\hotspot\src\share\vm\prims\jni.cpp, line 709]
Event: 43.483 Thread 0x0000000021b6d800 Exception <a 'sun/nio/fs/WindowsException'> (0x00000000e9703ba0) thrown at [C:\re\workspace\8-2-build-windows-amd64-cygwin\jdk8u51\3951\hotspot\src\share\vm\prims\jni.cpp, line 709]
Event: 43.483 Thread 0x0000000021b6d800 Exception <a 'sun/nio/fs/WindowsException'> (0x00000000e9704c70) thrown at [C:\re\workspace\8-2-build-windows-amd64-cygwin\jdk8u51\3951\hotspot\src\share\vm\prims\jni.cpp, line 709]
Event: 43.484 Thread 0x0000000021b6d800 Exception <a 'sun/nio/fs/WindowsException'> (0x00000000e97054e8) thrown at [C:\re\workspace\8-2-build-windows-amd64-cygwin\jdk8u51\3951\hotspot\src\share\vm\prims\jni.cpp, line 709]
Event: 43.484 Thread 0x0000000021b6d800 Exception <a 'sun/nio/fs/WindowsException'> (0x00000000e97064a8) thrown at [C:\re\workspace\8-2-build-windows-amd64-cygwin\jdk8u51\3951\hotspot\src\share\vm\prims\jni.cpp, line 709]
Event: 43.484 Thread 0x0000000021b6d800 Exception <a 'sun/nio/fs/WindowsException'> (0x00000000e9706f20) thrown at [C:\re\workspace\8-2-build-windows-amd64-cygwin\jdk8u51\3951\hotspot\src\share\vm\prims\jni.cpp, line 709]

Events (10 events):
Event: 43.208 Thread 0x0000000019005800 flushing nmethod 0x00000000037146d0
Event: 43.209 Thread 0x0000000019005800 flushing nmethod 0x00000000037c0690
Event: 43.209 loading class net/minecraft/util/math/shapes/VoxelShape
Event: 43.209 loading class net/minecraft/util/math/shapes/VoxelShape done
Event: 43.209 loading class net/minecraft/util/math/shapes/VoxelShape
Event: 43.209 loading class net/minecraft/util/math/shapes/VoxelShape done
Event: 43.222 loading class net/minecraft/block/BlockState
Event: 43.222 loading class net/minecraft/block/BlockState done
Event: 43.230 loading class net/minecraft/block/BlockState
Event: 43.230 loading class net/minecraft/block/BlockState done


Dynamic libraries:
0x00007ff795e00000 - 0x00007ff795e37000 	C:\Program Files (x86)\Minecraft\runtime\jre-x64\bin\java.exe
0x00007ff90a4b0000 - 0x00007ff90a6a5000 	C:\WINDOWS\SYSTEM32\ntdll.dll
0x00007ff909900000 - 0x00007ff9099bd000 	C:\WINDOWS\System32\KERNEL32.DLL
0x00007ff908240000 - 0x00007ff908507000 	C:\WINDOWS\System32\KERNELBASE.dll
0x00007ff9093c0000 - 0x00007ff90946a000 	C:\WINDOWS\System32\ADVAPI32.dll
0x00007ff908810000 - 0x00007ff9088ae000 	C:\WINDOWS\System32\msvcrt.dll
0x00007ff90a030000 - 0x00007ff90a0cb000 	C:\WINDOWS\System32\sechost.dll
0x00007ff9086e0000 - 0x00007ff908804000 	C:\WINDOWS\System32\RPCRT4.dll
0x00007ff90a190000 - 0x00007ff90a330000 	C:\WINDOWS\System32\USER32.dll
0x00007ff907d50000 - 0x00007ff907d72000 	C:\WINDOWS\System32\win32u.dll
0x00007ff909540000 - 0x00007ff90956a000 	C:\WINDOWS\System32\GDI32.dll
0x00007ff908030000 - 0x00007ff908139000 	C:\WINDOWS\System32\gdi32full.dll
0x00007ff907ee0000 - 0x00007ff907f7d000 	C:\WINDOWS\System32\msvcp_win.dll
0x00007ff908140000 - 0x00007ff908240000 	C:\WINDOWS\System32\ucrtbase.dll
0x00007ff8eb8d0000 - 0x00007ff8ebb6b000 	C:\WINDOWS\WinSxS\amd64_microsoft.windows.common-controls_6595b64144ccf1df_6.0.19041.488_none_ca04af081b815d21\COMCTL32.dll
0x00007ff909aa0000 - 0x00007ff909ad0000 	C:\WINDOWS\System32\IMM32.DLL
0x0000000076960000 - 0x0000000076a32000 	C:\Program Files (x86)\Minecraft\runtime\jre-x64\bin\msvcr100.dll
0x00000000760d0000 - 0x0000000076953000 	C:\Program Files (x86)\Minecraft\runtime\jre-x64\bin\server\jvm.dll
0x00007ff909810000 - 0x00007ff909818000 	C:\WINDOWS\System32\PSAPI.DLL
0x00007ff8e1fd0000 - 0x00007ff8e1fd9000 	C:\WINDOWS\SYSTEM32\WSOCK32.dll
0x00007ff9094d0000 - 0x00007ff90953b000 	C:\WINDOWS\System32\WS2_32.dll
0x00007ff900ec0000 - 0x00007ff900ee7000 	C:\WINDOWS\SYSTEM32\WINMM.dll
0x00007ff900930000 - 0x00007ff90093a000 	C:\WINDOWS\SYSTEM32\VERSION.dll
0x00000000760c0000 - 0x00000000760cf000 	C:\Program Files (x86)\Minecraft\runtime\jre-x64\bin\verify.dll
0x0000000076090000 - 0x00000000760b9000 	C:\Program Files (x86)\Minecraft\runtime\jre-x64\bin\java.dll
0x0000000076060000 - 0x0000000076083000 	C:\Program Files (x86)\Minecraft\runtime\jre-x64\bin\instrument.dll
0x0000000076040000 - 0x0000000076056000 	C:\Program Files (x86)\Minecraft\runtime\jre-x64\bin\zip.dll
0x00007ff908c70000 - 0x00007ff9093b1000 	C:\WINDOWS\System32\SHELL32.dll
0x00007ff905bc0000 - 0x00007ff906353000 	C:\WINDOWS\SYSTEM32\windows.storage.dll
0x00007ff9088b0000 - 0x00007ff908c05000 	C:\WINDOWS\System32\combase.dll
0x00007ff9074c0000 - 0x00007ff9074ec000 	C:\WINDOWS\SYSTEM32\Wldp.dll
0x00007ff90a0e0000 - 0x00007ff90a18e000 	C:\WINDOWS\System32\SHCORE.dll
0x00007ff909fd0000 - 0x00007ff90a025000 	C:\WINDOWS\System32\shlwapi.dll
0x00007ff907b20000 - 0x00007ff907b46000 	C:\WINDOWS\SYSTEM32\profapi.dll
0x00007ff904c20000 - 0x00007ff904c3a000 	C:\Users\ervin_1nmnhvl\AppData\Local\JetBrains\Toolbox\apps\IDEA-U\ch-0\202.6397.94\bin\breakgen64.dll
0x0000000076020000 - 0x000000007603a000 	C:\Program Files (x86)\Minecraft\runtime\jre-x64\bin\net.dll
0x00007ff9072b0000 - 0x00007ff90731a000 	C:\WINDOWS\system32\mswsock.dll
0x0000000076010000 - 0x000000007601d000 	C:\Program Files (x86)\Minecraft\runtime\jre-x64\bin\management.dll
0x00007ff8d6850000 - 0x00007ff8d6867000 	C:\WINDOWS\system32\napinsp.dll
0x00007ff8d9b80000 - 0x00007ff8d9b9b000 	C:\WINDOWS\system32\pnrpnsp.dll
0x00007ff902980000 - 0x00007ff902995000 	C:\WINDOWS\system32\wshbth.dll
0x00007ff903320000 - 0x00007ff90333d000 	C:\WINDOWS\system32\NLAapi.dll
0x00007ff906fc0000 - 0x00007ff906ffb000 	C:\WINDOWS\SYSTEM32\IPHLPAPI.DLL
0x00007ff907000000 - 0x00007ff9070cb000 	C:\WINDOWS\SYSTEM32\DNSAPI.dll
0x00007ff90a460000 - 0x00007ff90a469000 	C:\WINDOWS\System32\NSI.dll
0x00007ff8d9ba0000 - 0x00007ff8d9bb2000 	C:\WINDOWS\System32\winrnr.dll
0x00007ff8f8de0000 - 0x00007ff8f8dea000 	C:\Windows\System32\rasadhlp.dll
0x00007ff8fce90000 - 0x00007ff8fcf0f000 	C:\WINDOWS\System32\fwpuclnt.dll
0x00007ff907f80000 - 0x00007ff907fa7000 	C:\WINDOWS\System32\bcrypt.dll
0x0000000075ff0000 - 0x0000000076001000 	C:\Program Files (x86)\Minecraft\runtime\jre-x64\bin\nio.dll
0x0000000075fc0000 - 0x0000000075fe4000 	C:\Program Files (x86)\Minecraft\runtime\jre-x64\bin\sunec.dll
0x00007ff9077f0000 - 0x00007ff907808000 	C:\WINDOWS\SYSTEM32\CRYPTSP.dll
0x00007ff906b60000 - 0x00007ff906b94000 	C:\WINDOWS\system32\rsaenh.dll
0x00007ff907ae0000 - 0x00007ff907b0e000 	C:\WINDOWS\SYSTEM32\USERENV.dll
0x00007ff907fb0000 - 0x00007ff90802f000 	C:\WINDOWS\System32\bcryptprimitives.dll
0x00007ff907430000 - 0x00007ff90743c000 	C:\WINDOWS\SYSTEM32\CRYPTBASE.dll
0x00007ff8fa5b0000 - 0x00007ff8fa5c7000 	C:\WINDOWS\SYSTEM32\dhcpcsvc6.DLL
0x00007ff8fa470000 - 0x00007ff8fa48d000 	C:\WINDOWS\SYSTEM32\dhcpcsvc.DLL
0x00007ff8daf10000 - 0x00007ff8daf82000 	C:\Users\ervin_1nmnhvl\AppData\Local\Temp\lwjglervin_1nmnhvl\3.2.2-build-10\lwjgl.dll
0x00007ff8d1c30000 - 0x00007ff8d1e81000 	C:\Users\ERVIN_~1\AppData\Local\Temp\lwjglervin_1nmnhvl\3.2.2-build-10\jemalloc.dll
0x00007ff8e4b30000 - 0x00007ff8e4b8e000 	C:\Users\ERVIN_~1\AppData\Local\Temp\lwjglervin_1nmnhvl\3.2.2-build-10\glfw.dll
0x00007ff905480000 - 0x00007ff90551f000 	C:\WINDOWS\system32\uxtheme.dll
0x00007ff8f9b30000 - 0x00007ff8f9b75000 	C:\WINDOWS\SYSTEM32\dinput8.dll
0x00007ff904a50000 - 0x00007ff904a61000 	C:\WINDOWS\SYSTEM32\xinput1_4.dll
0x00007ff907e90000 - 0x00007ff907edd000 	C:\WINDOWS\System32\cfgmgr32.dll
0x00007ff9078d0000 - 0x00007ff9078fc000 	C:\WINDOWS\SYSTEM32\DEVOBJ.dll
0x00007ff905830000 - 0x00007ff90585f000 	C:\WINDOWS\SYSTEM32\dwmapi.dll
0x00007ff8f7440000 - 0x00007ff8f7592000 	C:\WINDOWS\SYSTEM32\inputhost.dll
0x00007ff909740000 - 0x00007ff90980d000 	C:\WINDOWS\System32\OLEAUT32.dll
0x00007ff904c40000 - 0x00007ff904d32000 	C:\WINDOWS\SYSTEM32\CoreMessaging.dll
0x00007ff904570000 - 0x00007ff9046c6000 	C:\WINDOWS\SYSTEM32\wintypes.dll
0x00007ff9031d0000 - 0x00007ff9032c7000 	C:\WINDOWS\SYSTEM32\PROPSYS.dll
0x00007ff904d40000 - 0x00007ff90509a000 	C:\WINDOWS\SYSTEM32\CoreUIComponents.dll
0x00007ff9063a0000 - 0x00007ff9063b3000 	C:\WINDOWS\SYSTEM32\kernel.appcore.dll
0x00007ff906800000 - 0x00007ff906833000 	C:\WINDOWS\SYSTEM32\ntmarta.dll
0x00007ff9085c0000 - 0x00007ff9086d5000 	C:\WINDOWS\System32\MSCTF.dll
0x00007ff906360000 - 0x00007ff90636d000 	C:\WINDOWS\SYSTEM32\HID.DLL
0x00007ff909ad0000 - 0x00007ff909f37000 	C:\WINDOWS\System32\SETUPAPI.DLL
0x00007ff907d80000 - 0x00007ff907de0000 	C:\WINDOWS\System32\WINTRUST.dll
0x00007ff907bf0000 - 0x00007ff907d4d000 	C:\WINDOWS\System32\CRYPT32.dll
0x00007ff9078b0000 - 0x00007ff9078c2000 	C:\WINDOWS\SYSTEM32\MSASN1.dll
0x00007ff8bc650000 - 0x00007ff8bc775000 	C:\WINDOWS\SYSTEM32\opengl32.dll
0x00007ff8f7ad0000 - 0x00007ff8f7afc000 	C:\WINDOWS\SYSTEM32\GLU32.dll
0x00007ff908510000 - 0x00007ff9085b8000 	C:\WINDOWS\System32\clbcatq.dll
0x00007ff8bdef0000 - 0x00007ff8beb74000 	C:\WINDOWS\SYSTEM32\ig4icd64.dll
0x00007ff906410000 - 0x00007ff906503000 	C:\WINDOWS\SYSTEM32\dxgi.dll
0x00007ff903d70000 - 0x00007ff903fd3000 	C:\WINDOWS\SYSTEM32\d3d11.dll
0x00007ff8d3d90000 - 0x00007ff8d49e0000 	C:\WINDOWS\SYSTEM32\igd10umd64.dll
0x00007ff8fce40000 - 0x00007ff8fce7b000 	C:\WINDOWS\SYSTEM32\dxcore.dll
0x00007ff8d5330000 - 0x00007ff8d53af000 	C:\Users\ervin_1nmnhvl\AppData\Local\Temp\lwjglervin_1nmnhvl\3.2.2-build-10\lwjgl_stb.dll
0x00007ff902690000 - 0x00007ff90273e000 	C:\WINDOWS\SYSTEM32\mscms.dll
0x00007ff9025e0000 - 0x00007ff9025f1000 	C:\WINDOWS\SYSTEM32\ColorAdapterClient.dll
0x00007ff8f2200000 - 0x00007ff8f2243000 	C:\WINDOWS\SYSTEM32\icm32.dll
0x00007ff8f75a0000 - 0x00007ff8f769d000 	C:\WINDOWS\SYSTEM32\textinputframework.dll
0x00007ff8e3a50000 - 0x00007ff8e3aa8000 	C:\Users\ervin_1nmnhvl\AppData\Local\Temp\lwjglervin_1nmnhvl\3.2.2-build-10\lwjgl_opengl.dll
0x00007ff8ff750000 - 0x00007ff8ff934000 	C:\WINDOWS\SYSTEM32\dbghelp.dll

VM Arguments:
jvm_args: -Dforge.logging.console.level=debug -Dforge.logging.markers=SCAN,REGISTRIES,REGISTRYDUMP -XX:HeapDumpPath=MojangTricksIntelDriversForPerformance_javaw.exe_minecraft.exe.heapdump -Dos.name=Windows 10 -Dos.version=10.0 -javaagent:C:\Users\ervin_1nmnhvl\AppData\Local\JetBrains\Toolbox\apps\IDEA-U\ch-0\202.6397.94\lib\idea_rt.jar=57605:C:\Users\ervin_1nmnhvl\AppData\Local\JetBrains\Toolbox\apps\IDEA-U\ch-0\202.6397.94\bin -Dfile.encoding=UTF-8 
java_command: net.minecraftforge.userdev.LaunchTesting
java_class_path (initial): C:\Program Files (x86)\Minecraft\runtime\jre-x64\lib\charsets.jar;C:\Program Files (x86)\Minecraft\runtime\jre-x64\lib\deploy.jar;C:\Program Files (x86)\Minecraft\runtime\jre-x64\lib\ext\access-bridge-64.jar;C:\Program Files (x86)\Minecraft\runtime\jre-x64\lib\ext\cldrdata.jar;C:\Program Files (x86)\Minecraft\runtime\jre-x64\lib\ext\dnsns.jar;C:\Program Files (x86)\Minecraft\runtime\jre-x64\lib\ext\jaccess.jar;C:\Program Files (x86)\Minecraft\runtime\jre-x64\lib\ext\jfxrt.jar;C:\Program Files (x86)\Minecraft\runtime\jre-x64\lib\ext\localedata.jar;C:\Program Files (x86)\Minecraft\runtime\jre-x64\lib\ext\nashorn.jar;C:\Program Files (x86)\Minecraft\runtime\jre-x64\lib\ext\sunec.jar;C:\Program Files (x86)\Minecraft\runtime\jre-x64\lib\ext\sunjce_provider.jar;C:\Program Files (x86)\Minecraft\runtime\jre-x64\lib\ext\sunmscapi.jar;C:\Program Files (x86)\Minecraft\runtime\jre-x64\lib\ext\sunpkcs11.jar;C:\Program Files (x86)\Minecraft\runtime\jre-x64\lib\ext\zipfs.jar;C:\Program Files (x86)\Minecraft\runtime\jre-x64\lib\javaws.jar;C:\Program Files (x86)\Minecraft\runtime\jre-x64\lib\jce.jar;C:\Program Files (x86)\Minecraft\runtime\jre-x64\lib\jfr.jar;C:\Program Files (x86)\Minecraft\runtime\jre-x64\lib\jfxswt.jar;C:\Program Files (x86)\Minecraft\runtime\jre-x64\lib\jsse.jar;C:\Program Files (x86)\Minecraft\runtime\jre-x64\lib\management-agent.jar;C:\Program Files (x86)\Minecraft\runtime\jre-x64\lib\plugin.jar;C:\Program Files (x86)\Minecraft\runtime\jre-x64\lib\resources.jar;C:\Program Files (x86)\Minecraft\runtime\jre-x64\lib\rt.jar;C:\save\modding\ervin_mod_1\build\classes\java\main;C:\save\modding\ervin_mod_1\build\resources\main;C:\Users\ervin_1nmnhvl\.gradle\caches\forge_gradle\minecraft_user_repo\net\minecraftforge\forge\1.16.1-32.0.75_mapped_snapshot_20200723-1.16.1\forge-1.16.1-32.0.75_mapped_snapshot_20200723-1.16.1-recomp.jar;C:\Users\ervin_1nmnhvl\.gradle\caches\forge_gradle\minecraft_user_repo\net\minecraftforge\forge\1.16.1-32.0.75_
Launcher Type: SUN_STANDARD

Environment Variables:
JAVA_HOME=C:\Program Files\Java\jdk-11.0.4
PATH=C:\Program Files\Docker\Docker\Resources\bin;C:\ProgramData\Oracle\Java\javapath;C:\WINDOWS\system32;C:\WINDOWS;C:\WINDOWS\System32\Wbem;C:\WINDOWS\System32\WindowsPowerShell\v1.0\;C:\Program Files (x86)\cloudControl;C:\Program Files\Git\cmd;C:\bin;C:\Program Files (x86)\Windows Kits\8.1\Windows Performance Toolkit\;C:\Program Files (x86)\PuTTY\;C:\Program Files (x86)\Nodist\bin;G:\save\sdk\android\tools;G:\save\sdk\android\platform-tools;C:\boxfuse;C:\Program Files (x86)\Skype\Phone\;C:\Program Files (x86)\GtkSharp\2.12\bin;C:\Program Files (x86)\IVI Foundation\VISA\WinNT\Bin;C:\WINDOWS\system32;C:\WINDOWS;C:\WINDOWS\System32\Wbem;C:\WINDOWS\System32\WindowsPowerShell\v1.0\;;C:\WINDOWS\System32\OpenSSH\;C:\Users\ervin_1nmnhvl\AppData\Local\Microsoft\WindowsApps;
USERNAME=ervin_1nmnhvl
OS=Windows_NT
PROCESSOR_IDENTIFIER=Intel64 Family 6 Model 42 Stepping 7, GenuineIntel



---------------  S Y S T E M  ---------------

OS: Windows 10.0 , 64 bit Build 19041 (10.0.19041.292)

CPU:total 4 (2 cores per cpu, 2 threads per core) family 6 model 42 stepping 7, cmov, cx8, fxsr, mmx, sse, sse2, sse3, ssse3, sse4.1, sse4.2, popcnt, avx, aes, clmul, ht, tsc, tscinvbit

Memory: 4k page, physical 8266764k(463448k free), swap 10363916k(4568k free)

vm_info: Java HotSpot(TM) 64-Bit Server VM (25.51-b03) for windows-amd64 JRE (1.8.0_51-b16), built on Jun  8 2015 18:03:07 by "java_re" with MS VC++ 10.0 (VS2010)

time: Tue Oct 06 06:56:55 2020
elapsed time: 43 seconds (0d 0h 0m 43s)

