#
# There is insufficient memory for the Java Runtime Environment to continue.
# Native memory allocation (malloc) failed to allocate 850896 bytes for Chunk::new
# Possible reasons:
#   The system is out of physical RAM or swap space
#   In 32 bit mode, the process size limit was hit
# Possible solutions:
#   Reduce memory load on the system
#   Increase physical memory or swap space
#   Check if swap backing store is full
#   Use 64 bit Java on a 64 bit OS
#   Decrease Java heap size (-Xmx/-Xms)
#   Decrease number of Java threads
#   Decrease Java thread stack sizes (-Xss)
#   Set larger code cache with -XX:ReservedCodeCacheSize=
# This output file may be truncated or incomplete.
#
#  Out of Memory Error (allocation.cpp:390), pid=28356, tid=10988
#
# JRE version: Java(TM) SE Runtime Environment (8.0_51-b16) (build 1.8.0_51-b16)
# Java VM: Java HotSpot(TM) 64-Bit Server VM (25.51-b03 mixed mode windows-amd64 compressed oops)
# Failed to write core dump. Minidumps are not enabled by default on client versions of Windows
#

---------------  T H R E A D  ---------------

Current thread (0x000000001972a000):  JavaThread "C2 CompilerThread1" daemon [_thread_in_native, id=10988, stack(0x0000000019940000,0x0000000019a40000)]

Stack: [0x0000000019940000,0x0000000019a40000]
Native frames: (J=compiled Java code, j=interpreted, Vv=VM code, C=native code)
V  [jvm.dll+0x32b4ca]
V  [jvm.dll+0x2797e3]
V  [jvm.dll+0x27a479]
V  [jvm.dll+0x271765]
V  [jvm.dll+0xcba02]
V  [jvm.dll+0xcbecc]
V  [jvm.dll+0x476f72]
V  [jvm.dll+0x4b95ff]
V  [jvm.dll+0x46bb38]
V  [jvm.dll+0x46cd4e]
V  [jvm.dll+0x4501a2]
V  [jvm.dll+0xa43a2]
V  [jvm.dll+0xa4cdf]
V  [jvm.dll+0x2418a4]
V  [jvm.dll+0x29846a]
C  [msvcr100.dll+0x21d9f]
C  [msvcr100.dll+0x21e3b]
C  [KERNEL32.DLL+0x17034]
C  [ntdll.dll+0x4cec1]


Current CompileTask:
C2: 189287 19716       4       net.minecraft.world.chunk.storage.IOWorker$$Lambda$5950/2017549639::run (16 bytes)


---------------  P R O C E S S  ---------------

Java Threads: ( => current thread )
  0x000000001d314800 JavaThread "Worker-Main-18" daemon [_thread_in_Java, id=17932, stack(0x000000005d310000,0x000000005d410000)]
  0x000000001d312000 JavaThread "Sound engine" daemon [_thread_blocked, id=26948, stack(0x000000001b710000,0x000000001b810000)]
  0x000000001d31c800 JavaThread "Worker-Main-17" daemon [_thread_blocked, id=31960, stack(0x0000000048ff0000,0x00000000490f0000)]
  0x000000001d316800 JavaThread "Netty Server IO #1" daemon [_thread_in_native, id=5316, stack(0x0000000049200000,0x0000000049300000)]
  0x000000001d313800 JavaThread "Netty Local Client IO #0" daemon [_thread_blocked, id=27596, stack(0x0000000049100000,0x0000000049200000)]
  0x000000001d316000 JavaThread "Netty Server IO #0" daemon [_thread_in_native, id=33916, stack(0x000000003b400000,0x000000003b500000)]
  0x000000001d319000 JavaThread "ObjectCleanerThread" daemon [_thread_blocked, id=19200, stack(0x000000002bc80000,0x000000002bd80000)]
  0x000000001d318000 JavaThread "Java2D Disposer" daemon [_thread_blocked, id=20316, stack(0x0000000047250000,0x0000000047350000)]
  0x000000001d31c000 JavaThread "IO-Worker-16" [_thread_blocked, id=7688, stack(0x0000000030490000,0x0000000030590000)]
  0x000000001d31b000 JavaThread "IO-Worker-15" [_thread_blocked, id=13884, stack(0x0000000030390000,0x0000000030490000)]
  0x000000001d30e800 JavaThread "IO-Worker-14" [_thread_in_native, id=22332, stack(0x0000000046e10000,0x0000000046f10000)]
  0x000000001d315000 JavaThread "IO-Worker-13" [_thread_blocked, id=16476, stack(0x00000000465c0000,0x00000000466c0000)]
  0x000000001d30d800 JavaThread "Worker-Main-12" daemon [_thread_in_Java, id=7076, stack(0x00000000366c0000,0x00000000367c0000)]
  0x000000001d310800 JavaThread "Thread-11" daemon [_thread_in_native, id=13000, stack(0x000000002bf50000,0x000000002c050000)]
  0x000000001d310000 JavaThread "Server thread" [_thread_in_Java, id=28236, stack(0x000000002a700000,0x000000002a800000)]
  0x000000001d30f000 JavaThread "Snooper Timer" daemon [_thread_blocked, id=12068, stack(0x00000000270d0000,0x00000000271d0000)]
  0x000000001a6e6800 JavaThread "Narrator" [_thread_blocked, id=30724, stack(0x000000002b630000,0x000000002b730000)]
  0x000000001a6e4800 JavaThread "Snooper Timer" daemon [_thread_blocked, id=27032, stack(0x0000000026fd0000,0x00000000270d0000)]
  0x000000001a6e2000 JavaThread "Timer hack thread" daemon [_thread_blocked, id=25432, stack(0x0000000026ed0000,0x0000000026fd0000)]
  0x0000000024119800 JavaThread "pool-3-thread-1" [_thread_blocked, id=2776, stack(0x0000000021c40000,0x0000000021d40000)]
  0x000000001af1f000 JavaThread "Thread-2" daemon [_thread_in_native, id=27232, stack(0x000000001c360000,0x000000001c460000)]
  0x000000001b346000 JavaThread "Thread-1" daemon [_thread_blocked, id=25928, stack(0x000000001c050000,0x000000001c150000)]
  0x0000000019bbe000 JavaThread "Service Thread" daemon [_thread_blocked, id=24036, stack(0x000000001a340000,0x000000001a440000)]
  0x000000001972d000 JavaThread "C1 CompilerThread2" daemon [_thread_blocked, id=28300, stack(0x0000000019a40000,0x0000000019b40000)]
=>0x000000001972a000 JavaThread "C2 CompilerThread1" daemon [_thread_in_native, id=10988, stack(0x0000000019940000,0x0000000019a40000)]
  0x0000000019727800 JavaThread "C2 CompilerThread0" daemon [_thread_blocked, id=18596, stack(0x0000000019840000,0x0000000019940000)]
  0x0000000019562800 JavaThread "Monitor Ctrl-Break" daemon [_thread_in_native, id=3940, stack(0x0000000019740000,0x0000000019840000)]
  0x0000000017de6800 JavaThread "Attach Listener" daemon [_thread_blocked, id=17048, stack(0x0000000019240000,0x0000000019340000)]
  0x0000000017de5800 JavaThread "Signal Dispatcher" daemon [_thread_blocked, id=24220, stack(0x0000000019140000,0x0000000019240000)]
  0x00000000031ab000 JavaThread "Finalizer" daemon [_thread_blocked, id=6456, stack(0x0000000019040000,0x0000000019140000)]
  0x00000000031a8000 JavaThread "Reference Handler" daemon [_thread_blocked, id=16936, stack(0x0000000018f40000,0x0000000019040000)]
  0x00000000030b2800 JavaThread "Render thread" [_thread_in_Java, id=8480, stack(0x0000000002ed0000,0x0000000002fd0000)]

Other Threads:
  0x0000000017da9000 VMThread [stack: 0x0000000018e40000,0x0000000018f40000] [id=680]
  0x0000000019bcb000 WatcherThread [stack: 0x000000001a440000,0x000000001a540000] [id=13772]

VM state:not at safepoint (normal execution)

VM Mutex/Monitor currently owned by a thread: None

Heap:
 PSYoungGen      total 459776K, used 202626K [0x00000000d5f00000, 0x0000000100000000, 0x0000000100000000)
  eden space 230400K, 72% used [0x00000000d5f00000,0x00000000e01466a8,0x00000000e4000000)
  from space 229376K, 15% used [0x00000000e4000000,0x00000000e639a258,0x00000000f2000000)
  to   space 229376K, 0% used [0x00000000f2000000,0x00000000f2000000,0x0000000100000000)
 ParOldGen       total 913920K, used 618566K [0x0000000081c00000, 0x00000000b9880000, 0x00000000d5f00000)
  object space 913920K, 67% used [0x0000000081c00000,0x00000000a7811bc0,0x00000000b9880000)
 Metaspace       used 96917K, capacity 109418K, committed 109696K, reserved 1140736K
  class space    used 14904K, capacity 18249K, committed 18304K, reserved 1048576K

Card table byte_map: [0x0000000012670000,0x0000000012a70000] byte_map_base: 0x0000000012262000

Marking Bits: (ParMarkBitMap*) 0x0000000070e74040
 Begin Bits: [0x0000000013120000, 0x00000000150b0000)
 End Bits:   [0x00000000150b0000, 0x0000000017040000)

Polling page: 0x0000000002fd0000

CodeCache: size=245760Kb used=48479Kb max_used=48485Kb free=197280Kb
 bounds [0x00000000032b0000, 0x0000000006250000, 0x00000000122b0000]
 total_blobs=16211 nmethods=14520 adapters=1599
 compilation: enabled

Compilation events (10 events):
Event: 189.205 Thread 0x0000000019727800 19722       4       com.mojang.blaze3d.systems.RenderSystem::enableTexture (12 bytes)
Event: 189.208 Thread 0x0000000019727800 nmethod 19722 0x000000000623d690 code [0x000000000623d800, 0x000000000623d9a8]
Event: 189.211 Thread 0x000000001972d000 19723       1       net.minecraftforge.client.event.RenderGameOverlayEvent::isCancelable (2 bytes)
Event: 189.211 Thread 0x000000001972d000 nmethod 19723 0x000000000623d3d0 code [0x000000000623d520, 0x000000000623d630]
Event: 189.211 Thread 0x000000001972d000 19724       3       net.minecraftforge.client.event.RenderGameOverlayEvent::<init> (8 bytes)
Event: 189.212 Thread 0x000000001972d000 nmethod 19724 0x000000000623e890 code [0x000000000623ea20, 0x000000000623ef50]
Event: 189.212 Thread 0x000000001972d000 19725       3       net.minecraftforge.client.event.RenderGameOverlayEvent::<init> (31 bytes)
Event: 189.213 Thread 0x000000001972d000 nmethod 19725 0x000000000623cb90 code [0x000000000623cd00, 0x000000000623d1d0]
Event: 189.213 Thread 0x000000001972d000 19726       1       net.minecraftforge.client.event.RenderGameOverlayEvent$Post::isCancelable (2 bytes)
Event: 189.213 Thread 0x000000001972d000 nmethod 19726 0x000000000623e5d0 code [0x000000000623e720, 0x000000000623e830]

GC Heap History (10 events):
Event: 180.924 GC heap before
{Heap before GC invocations=174 (full 8):
 PSYoungGen      total 459776K, used 440224K [0x00000000d5f00000, 0x0000000100000000, 0x0000000100000000)
  eden space 230400K, 99% used [0x00000000d5f00000,0x00000000e3fc27b8,0x00000000e4000000)
  from space 229376K, 91% used [0x00000000e4000000,0x00000000f0d25a58,0x00000000f2000000)
  to   space 229376K, 0% used [0x00000000f2000000,0x00000000f2000000,0x0000000100000000)
 ParOldGen       total 777216K, used 538118K [0x0000000081c00000, 0x00000000b1300000, 0x00000000d5f00000)
  object space 777216K, 69% used [0x0000000081c00000,0x00000000a2981808,0x00000000b1300000)
 Metaspace       used 96812K, capacity 109338K, committed 109440K, reserved 1140736K
  class space    used 14904K, capacity 18249K, committed 18304K, reserved 1048576K
Event: 181.083 GC heap after
Heap after GC invocations=174 (full 8):
 PSYoungGen      total 459776K, used 136008K [0x00000000d5f00000, 0x0000000100000000, 0x0000000100000000)
  eden space 230400K, 0% used [0x00000000d5f00000,0x00000000d5f00000,0x00000000e4000000)
  from space 229376K, 59% used [0x00000000f2000000,0x00000000fa4d2268,0x0000000100000000)
  to   space 229376K, 0% used [0x00000000e4000000,0x00000000e4000000,0x00000000f2000000)
 ParOldGen       total 777216K, used 634578K [0x0000000081c00000, 0x00000000b1300000, 0x00000000d5f00000)
  object space 777216K, 81% used [0x0000000081c00000,0x00000000a87b4aa8,0x00000000b1300000)
 Metaspace       used 96812K, capacity 109338K, committed 109440K, reserved 1140736K
  class space    used 14904K, capacity 18249K, committed 18304K, reserved 1048576K
}
Event: 181.921 GC heap before
{Heap before GC invocations=175 (full 8):
 PSYoungGen      total 459776K, used 366408K [0x00000000d5f00000, 0x0000000100000000, 0x0000000100000000)
  eden space 230400K, 100% used [0x00000000d5f00000,0x00000000e4000000,0x00000000e4000000)
  from space 229376K, 59% used [0x00000000f2000000,0x00000000fa4d2268,0x0000000100000000)
  to   space 229376K, 0% used [0x00000000e4000000,0x00000000e4000000,0x00000000f2000000)
 ParOldGen       total 777216K, used 634578K [0x0000000081c00000, 0x00000000b1300000, 0x00000000d5f00000)
  object space 777216K, 81% used [0x0000000081c00000,0x00000000a87b4aa8,0x00000000b1300000)
 Metaspace       used 96835K, capacity 109342K, committed 109440K, reserved 1140736K
  class space    used 14904K, capacity 18249K, committed 18304K, reserved 1048576K
Event: 182.071 GC heap after
Heap after GC invocations=175 (full 8):
 PSYoungGen      total 459776K, used 119218K [0x00000000d5f00000, 0x0000000100000000, 0x0000000100000000)
  eden space 230400K, 0% used [0x00000000d5f00000,0x00000000d5f00000,0x00000000e4000000)
  from space 229376K, 51% used [0x00000000e4000000,0x00000000eb46ca68,0x00000000f2000000)
  to   space 229376K, 0% used [0x00000000f2000000,0x00000000f2000000,0x0000000100000000)
 ParOldGen       total 777216K, used 677560K [0x0000000081c00000, 0x00000000b1300000, 0x00000000d5f00000)
  object space 777216K, 87% used [0x0000000081c00000,0x00000000ab1ae2b8,0x00000000b1300000)
 Metaspace       used 96835K, capacity 109342K, committed 109440K, reserved 1140736K
  class space    used 14904K, capacity 18249K, committed 18304K, reserved 1048576K
}
Event: 186.287 GC heap before
{Heap before GC invocations=176 (full 8):
 PSYoungGen      total 459776K, used 349618K [0x00000000d5f00000, 0x0000000100000000, 0x0000000100000000)
  eden space 230400K, 100% used [0x00000000d5f00000,0x00000000e4000000,0x00000000e4000000)
  from space 229376K, 51% used [0x00000000e4000000,0x00000000eb46ca68,0x00000000f2000000)
  to   space 229376K, 0% used [0x00000000f2000000,0x00000000f2000000,0x0000000100000000)
 ParOldGen       total 777216K, used 677560K [0x0000000081c00000, 0x00000000b1300000, 0x00000000d5f00000)
  object space 777216K, 87% used [0x0000000081c00000,0x00000000ab1ae2b8,0x00000000b1300000)
 Metaspace       used 96904K, capacity 109414K, committed 109696K, reserved 1140736K
  class space    used 14904K, capacity 18249K, committed 18304K, reserved 1048576K
Event: 186.425 GC heap after
Heap after GC invocations=176 (full 8):
 PSYoungGen      total 459776K, used 78668K [0x00000000d5f00000, 0x0000000100000000, 0x0000000100000000)
  eden space 230400K, 0% used [0x00000000d5f00000,0x00000000d5f00000,0x00000000e4000000)
  from space 229376K, 34% used [0x00000000f2000000,0x00000000f6cd3360,0x0000000100000000)
  to   space 229376K, 0% used [0x00000000e4000000,0x00000000e4000000,0x00000000f2000000)
 ParOldGen       total 777216K, used 742834K [0x0000000081c00000, 0x00000000b1300000, 0x00000000d5f00000)
  object space 777216K, 95% used [0x0000000081c00000,0x00000000af16cac8,0x00000000b1300000)
 Metaspace       used 96904K, capacity 109414K, committed 109696K, reserved 1140736K
  class space    used 14904K, capacity 18249K, committed 18304K, reserved 1048576K
}
Event: 186.425 GC heap before
{Heap before GC invocations=177 (full 9):
 PSYoungGen      total 459776K, used 78668K [0x00000000d5f00000, 0x0000000100000000, 0x0000000100000000)
  eden space 230400K, 0% used [0x00000000d5f00000,0x00000000d5f00000,0x00000000e4000000)
  from space 229376K, 34% used [0x00000000f2000000,0x00000000f6cd3360,0x0000000100000000)
  to   space 229376K, 0% used [0x00000000e4000000,0x00000000e4000000,0x00000000f2000000)
 ParOldGen       total 777216K, used 742834K [0x0000000081c00000, 0x00000000b1300000, 0x00000000d5f00000)
  object space 777216K, 95% used [0x0000000081c00000,0x00000000af16cac8,0x00000000b1300000)
 Metaspace       used 96904K, capacity 109414K, committed 109696K, reserved 1140736K
  class space    used 14904K, capacity 18249K, committed 18304K, reserved 1048576K
Event: 188.183 GC heap after
Heap after GC invocations=177 (full 9):
 PSYoungGen      total 459776K, used 0K [0x00000000d5f00000, 0x0000000100000000, 0x0000000100000000)
  eden space 230400K, 0% used [0x00000000d5f00000,0x00000000d5f00000,0x00000000e4000000)
  from space 229376K, 0% used [0x00000000f2000000,0x00000000f2000000,0x0000000100000000)
  to   space 229376K, 0% used [0x00000000e4000000,0x00000000e4000000,0x00000000f2000000)
 ParOldGen       total 913920K, used 618566K [0x0000000081c00000, 0x00000000b9880000, 0x00000000d5f00000)
  object space 913920K, 67% used [0x0000000081c00000,0x00000000a7811bc0,0x00000000b9880000)
 Metaspace       used 96904K, capacity 109414K, committed 109696K, reserved 1140736K
  class space    used 14904K, capacity 18249K, committed 18304K, reserved 1048576K
}
Event: 188.862 GC heap before
{Heap before GC invocations=178 (full 9):
 PSYoungGen      total 459776K, used 230400K [0x00000000d5f00000, 0x0000000100000000, 0x0000000100000000)
  eden space 230400K, 100% used [0x00000000d5f00000,0x00000000e4000000,0x00000000e4000000)
  from space 229376K, 0% used [0x00000000f2000000,0x00000000f2000000,0x0000000100000000)
  to   space 229376K, 0% used [0x00000000e4000000,0x00000000e4000000,0x00000000f2000000)
 ParOldGen       total 913920K, used 618566K [0x0000000081c00000, 0x00000000b9880000, 0x00000000d5f00000)
  object space 913920K, 67% used [0x0000000081c00000,0x00000000a7811bc0,0x00000000b9880000)
 Metaspace       used 96913K, capacity 109414K, committed 109696K, reserved 1140736K
  class space    used 14904K, capacity 18249K, committed 18304K, reserved 1048576K
Event: 188.882 GC heap after
Heap after GC invocations=178 (full 9):
 PSYoungGen      total 459776K, used 36456K [0x00000000d5f00000, 0x0000000100000000, 0x0000000100000000)
  eden space 230400K, 0% used [0x00000000d5f00000,0x00000000d5f00000,0x00000000e4000000)
  from space 229376K, 15% used [0x00000000e4000000,0x00000000e639a258,0x00000000f2000000)
  to   space 229376K, 0% used [0x00000000f2000000,0x00000000f2000000,0x0000000100000000)
 ParOldGen       total 913920K, used 618566K [0x0000000081c00000, 0x00000000b9880000, 0x00000000d5f00000)
  object space 913920K, 67% used [0x0000000081c00000,0x00000000a7811bc0,0x00000000b9880000)
 Metaspace       used 96913K, capacity 109414K, committed 109696K, reserved 1140736K
  class space    used 14904K, capacity 18249K, committed 18304K, reserved 1048576K
}

Deoptimization events (10 events):
Event: 179.865 Thread 0x00000000030b2800 Uncommon trap: reason=unstable_if action=reinterpret pc=0x0000000005fe84c8 method=net.minecraft.block.FallingBlock.animateTick(Lnet/minecraft/block/BlockState;Lnet/minecraft/world/World;Lnet/minecraft/util/math/BlockPos;Ljava/util/Random;)V @ 22
Event: 180.476 Thread 0x00000000030b2800 Uncommon trap: reason=class_check action=maybe_recompile pc=0x0000000005fb45d4 method=java.util.concurrent.CompletableFuture.uniWhenComplete(Ljava/util/concurrent/CompletableFuture;Ljava/util/function/BiConsumer;Ljava/util/concurrent/CompletableFuture$UniWÏàÄèf@
Event: 180.484 Thread 0x000000001d314800 Uncommon trap: reason=unstable_if action=reinterpret pc=0x0000000005e96fb4 method=it.unimi.dsi.fastutil.longs.Long2FloatLinkedOpenHashMap.shiftKeys(I)V @ 59
Event: 180.866 Thread 0x000000001d310000 Uncommon trap: reason=unstable_if action=reinterpret pc=0x000000000574583c method=java.util.concurrent.ConcurrentLinkedQueue.offer(Ljava/lang/Object;)Z @ 72
Event: 181.242 Thread 0x00000000030b2800 Uncommon trap: reason=class_check action=maybe_recompile pc=0x0000000005fb45d4 method=java.util.concurrent.CompletableFuture.uniWhenComplete(Ljava/util/concurrent/CompletableFuture;Ljava/util/function/BiConsumer;Ljava/util/concurrent/CompletableFuture$UniWË+Ìy£´f@
Event: 181.364 Thread 0x00000000030b2800 Uncommon trap: reason=unstable_if action=reinterpret pc=0x0000000005b90440 method=net.minecraft.world.lighting.SkyLightStorage.getOrCreateArray(J)Lnet/minecraft/world/chunk/NibbleArray; @ 70
Event: 183.021 Thread 0x000000001d310000 Uncommon trap: reason=class_check action=maybe_recompile pc=0x0000000004b7e9c4 method=java.util.Collections.shuffle(Ljava/util/List;Ljava/util/Random;)V @ 1
Event: 185.578 Thread 0x000000001d30e800 Uncommon trap: reason=unstable_if action=reinterpret pc=0x0000000006139b68 method=java.util.concurrent.SynchronousQueue$TransferStack.transfer(Ljava/lang/Object;ZJ)Ljava/lang/Object; @ 94
Event: 188.706 Thread 0x000000001d30d800 Uncommon trap: reason=unstable_if action=reinterpret pc=0x000000000582fa48 method=net.minecraft.world.lighting.SkyLightEngine.computeLevel(JJI)I @ 137
Event: 189.099 Thread 0x000000001d310000 Uncommon trap: reason=unstable_if action=reinterpret pc=0x000000000620a1c0 method=net.minecraft.util.math.MathHelper.wrapDegrees(F)F @ 9

Internal exceptions (10 events):
Event: 181.682 Thread 0x000000001d30d800 Exception <a 'sun/nio/fs/WindowsException'> (0x00000000e018a3c8) thrown at [C:\re\workspace\8-2-build-windows-amd64-cygwin\jdk8u51\3951\hotspot\src\share\vm\prims\jni.cpp, line 709]
Event: 181.682 Thread 0x000000001d30d800 Exception <a 'sun/nio/fs/WindowsException'> (0x00000000e018ad90) thrown at [C:\re\workspace\8-2-build-windows-amd64-cygwin\jdk8u51\3951\hotspot\src\share\vm\prims\jni.cpp, line 709]
Event: 181.682 Thread 0x000000001d30d800 Exception <a 'sun/nio/fs/WindowsException'> (0x00000000e018b270) thrown at [C:\re\workspace\8-2-build-windows-amd64-cygwin\jdk8u51\3951\hotspot\src\share\vm\prims\jni.cpp, line 709]
Event: 181.683 Thread 0x000000001d30d800 Exception <a 'sun/nio/fs/WindowsException'> (0x00000000e01980a0) thrown at [C:\re\workspace\8-2-build-windows-amd64-cygwin\jdk8u51\3951\hotspot\src\share\vm\prims\jni.cpp, line 709]
Event: 181.683 Thread 0x000000001d30d800 Exception <a 'sun/nio/fs/WindowsException'> (0x00000000e0198650) thrown at [C:\re\workspace\8-2-build-windows-amd64-cygwin\jdk8u51\3951\hotspot\src\share\vm\prims\jni.cpp, line 709]
Event: 181.683 Thread 0x000000001d30d800 Exception <a 'sun/nio/fs/WindowsException'> (0x00000000e01993d8) thrown at [C:\re\workspace\8-2-build-windows-amd64-cygwin\jdk8u51\3951\hotspot\src\share\vm\prims\jni.cpp, line 709]
Event: 181.683 Thread 0x000000001d30d800 Exception <a 'sun/nio/fs/WindowsException'> (0x00000000e0199988) thrown at [C:\re\workspace\8-2-build-windows-amd64-cygwin\jdk8u51\3951\hotspot\src\share\vm\prims\jni.cpp, line 709]
Event: 181.684 Thread 0x000000001d30d800 Exception <a 'sun/nio/fs/WindowsException'> (0x00000000e019a6b0) thrown at [C:\re\workspace\8-2-build-windows-amd64-cygwin\jdk8u51\3951\hotspot\src\share\vm\prims\jni.cpp, line 709]
Event: 181.684 Thread 0x000000001d30d800 Exception <a 'sun/nio/fs/WindowsException'> (0x00000000e019abc0) thrown at [C:\re\workspace\8-2-build-windows-amd64-cygwin\jdk8u51\3951\hotspot\src\share\vm\prims\jni.cpp, line 709]
Event: 188.706 Thread 0x000000001d30d800 Implicit null exception at 0x000000000582ec1f to 0x000000000582f9f5

Events (10 events):
Event: 186.286 Executing VM operation: ParallelGCFailedAllocation
Event: 188.183 Executing VM operation: ParallelGCFailedAllocation done
Event: 188.706 Thread 0x000000001d30d800 Uncommon trap: trap_request=0xffffff65 fr.pc=0x000000000582fa48
Event: 188.706 Thread 0x000000001d30d800 DEOPT PACKING pc=0x000000000582fa48 sp=0x00000000367bec20
Event: 188.706 Thread 0x000000001d30d800 DEOPT UNPACKING pc=0x00000000032f582a sp=0x00000000367beb70 mode 2
Event: 188.862 Executing VM operation: ParallelGCFailedAllocation
Event: 188.882 Executing VM operation: ParallelGCFailedAllocation done
Event: 189.099 Thread 0x000000001d310000 Uncommon trap: trap_request=0xffffff65 fr.pc=0x000000000620a1c0
Event: 189.099 Thread 0x000000001d310000 DEOPT PACKING pc=0x000000000620a1c0 sp=0x000000002a7fe0e0
Event: 189.099 Thread 0x000000001d310000 DEOPT UNPACKING pc=0x00000000032f582a sp=0x000000002a7fe098 mode 2


Dynamic libraries:
0x00007ff6115b0000 - 0x00007ff6115e7000 	C:\Program Files (x86)\Minecraft\runtime\jre-x64\bin\java.exe
0x00007ffee6bd0000 - 0x00007ffee6dc6000 	C:\WINDOWS\SYSTEM32\ntdll.dll
0x00007ffee5e70000 - 0x00007ffee5f2d000 	C:\WINDOWS\System32\KERNEL32.DLL
0x00007ffee46e0000 - 0x00007ffee49a8000 	C:\WINDOWS\System32\KERNELBASE.dll
0x00007ffee6ae0000 - 0x00007ffee6b8a000 	C:\WINDOWS\System32\ADVAPI32.dll
0x00007ffee5890000 - 0x00007ffee592e000 	C:\WINDOWS\System32\msvcrt.dll
0x00007ffee5930000 - 0x00007ffee59cb000 	C:\WINDOWS\System32\sechost.dll
0x00007ffee5760000 - 0x00007ffee5884000 	C:\WINDOWS\System32\RPCRT4.dll
0x00007ffee4ee0000 - 0x00007ffee5080000 	C:\WINDOWS\System32\USER32.dll
0x00007ffee4480000 - 0x00007ffee44a2000 	C:\WINDOWS\System32\win32u.dll
0x00007ffee5660000 - 0x00007ffee568a000 	C:\WINDOWS\System32\GDI32.dll
0x00007ffee4b30000 - 0x00007ffee4c39000 	C:\WINDOWS\System32\gdi32full.dll
0x00007ffee4a60000 - 0x00007ffee4afd000 	C:\WINDOWS\System32\msvcp_win.dll
0x00007ffee4530000 - 0x00007ffee4630000 	C:\WINDOWS\System32\ucrtbase.dll
0x00007ffec87a0000 - 0x00007ffec8a3b000 	C:\WINDOWS\WinSxS\amd64_microsoft.windows.common-controls_6595b64144ccf1df_6.0.19041.488_none_ca04af081b815d21\COMCTL32.dll
0x00007ffee4d10000 - 0x00007ffee4d40000 	C:\WINDOWS\System32\IMM32.DLL
0x0000000071290000 - 0x0000000071362000 	C:\Program Files (x86)\Minecraft\runtime\jre-x64\bin\msvcr100.dll
0x0000000070670000 - 0x0000000070ef3000 	C:\Program Files (x86)\Minecraft\runtime\jre-x64\bin\server\jvm.dll
0x00007ffee59e0000 - 0x00007ffee59e8000 	C:\WINDOWS\System32\PSAPI.DLL
0x00007ffec05b0000 - 0x00007ffec05b9000 	C:\WINDOWS\SYSTEM32\WSOCK32.dll
0x00007ffedcba0000 - 0x00007ffedcbc7000 	C:\WINDOWS\SYSTEM32\WINMM.dll
0x00007ffee4ca0000 - 0x00007ffee4d0b000 	C:\WINDOWS\System32\WS2_32.dll
0x00007ffee0f10000 - 0x00007ffee0f1a000 	C:\WINDOWS\SYSTEM32\VERSION.dll
0x0000000071280000 - 0x000000007128f000 	C:\Program Files (x86)\Minecraft\runtime\jre-x64\bin\verify.dll
0x0000000071250000 - 0x0000000071279000 	C:\Program Files (x86)\Minecraft\runtime\jre-x64\bin\java.dll
0x0000000071220000 - 0x0000000071243000 	C:\Program Files (x86)\Minecraft\runtime\jre-x64\bin\instrument.dll
0x0000000071200000 - 0x0000000071216000 	C:\Program Files (x86)\Minecraft\runtime\jre-x64\bin\zip.dll
0x00007ffee5f30000 - 0x00007ffee6670000 	C:\WINDOWS\System32\SHELL32.dll
0x00007ffee1630000 - 0x00007ffee1dc4000 	C:\WINDOWS\SYSTEM32\windows.storage.dll
0x00007ffee59f0000 - 0x00007ffee5d45000 	C:\WINDOWS\System32\combase.dll
0x00007ffee35f0000 - 0x00007ffee361c000 	C:\WINDOWS\SYSTEM32\Wldp.dll
0x00007ffee5550000 - 0x00007ffee55fe000 	C:\WINDOWS\System32\SHCORE.dll
0x00007ffee5080000 - 0x00007ffee50d5000 	C:\WINDOWS\System32\shlwapi.dll
0x00007ffee4250000 - 0x00007ffee4276000 	C:\WINDOWS\SYSTEM32\profapi.dll
0x00007ffec1370000 - 0x00007ffec138a000 	C:\Users\ervin_1nmnhvl\AppData\Local\JetBrains\Toolbox\apps\IDEA-U\ch-0\202.6397.94\bin\breakgen64.dll
0x00000000711e0000 - 0x00000000711fa000 	C:\Program Files (x86)\Minecraft\runtime\jre-x64\bin\net.dll
0x00007ffee3560000 - 0x00007ffee35ca000 	C:\WINDOWS\system32\mswsock.dll
0x00000000711d0000 - 0x00000000711dd000 	C:\Program Files (x86)\Minecraft\runtime\jre-x64\bin\management.dll
0x00007ffec13b0000 - 0x00007ffec13c7000 	C:\WINDOWS\system32\napinsp.dll
0x00007ffec1390000 - 0x00007ffec13ab000 	C:\WINDOWS\system32\pnrpnsp.dll
0x00007ffedeac0000 - 0x00007ffedead5000 	C:\WINDOWS\system32\wshbth.dll
0x00007ffee13a0000 - 0x00007ffee13bd000 	C:\WINDOWS\system32\NLAapi.dll
0x00007ffee30d0000 - 0x00007ffee310b000 	C:\WINDOWS\SYSTEM32\IPHLPAPI.DLL
0x00007ffee3110000 - 0x00007ffee31db000 	C:\WINDOWS\SYSTEM32\DNSAPI.dll
0x00007ffee4d40000 - 0x00007ffee4d49000 	C:\WINDOWS\System32\NSI.dll
0x00007ffed0700000 - 0x00007ffed0712000 	C:\WINDOWS\System32\winrnr.dll
0x00007ffed8040000 - 0x00007ffed804a000 	C:\Windows\System32\rasadhlp.dll
0x00007ffed8600000 - 0x00007ffed867f000 	C:\WINDOWS\System32\fwpuclnt.dll
0x00007ffee4b00000 - 0x00007ffee4b27000 	C:\WINDOWS\System32\bcrypt.dll
0x00000000711b0000 - 0x00000000711c1000 	C:\Program Files (x86)\Minecraft\runtime\jre-x64\bin\nio.dll
0x0000000071180000 - 0x00000000711a4000 	C:\Program Files (x86)\Minecraft\runtime\jre-x64\bin\sunec.dll
0x00007ffee40b0000 - 0x00007ffee40c8000 	C:\WINDOWS\SYSTEM32\CRYPTSP.dll
0x00007ffee2c90000 - 0x00007ffee2cc4000 	C:\WINDOWS\system32\rsaenh.dll
0x00007ffee4210000 - 0x00007ffee423e000 	C:\WINDOWS\SYSTEM32\USERENV.dll
0x00007ffee44b0000 - 0x00007ffee452f000 	C:\WINDOWS\System32\bcryptprimitives.dll
0x00007ffee3430000 - 0x00007ffee343c000 	C:\WINDOWS\SYSTEM32\CRYPTBASE.dll
0x00007ffeda060000 - 0x00007ffeda077000 	C:\WINDOWS\SYSTEM32\dhcpcsvc6.DLL
0x00007ffed9fb0000 - 0x00007ffed9fcd000 	C:\WINDOWS\SYSTEM32\dhcpcsvc.DLL
0x00007ffeb46d0000 - 0x00007ffeb4742000 	C:\Users\ervin_1nmnhvl\AppData\Local\Temp\lwjglervin_1nmnhvl\3.2.2-build-10\lwjgl.dll
0x00007ffeac8f0000 - 0x00007ffeacb41000 	C:\Users\ERVIN_~1\AppData\Local\Temp\lwjglervin_1nmnhvl\3.2.2-build-10\jemalloc.dll
0x00007ffeb4800000 - 0x00007ffeb485e000 	C:\Users\ERVIN_~1\AppData\Local\Temp\lwjglervin_1nmnhvl\3.2.2-build-10\glfw.dll
0x00007ffee2350000 - 0x00007ffee23ef000 	C:\WINDOWS\system32\uxtheme.dll
0x00007ffebc6d0000 - 0x00007ffebc715000 	C:\WINDOWS\SYSTEM32\dinput8.dll
0x00007ffebfff0000 - 0x00007ffec0001000 	C:\WINDOWS\SYSTEM32\xinput1_4.dll
0x00007ffee4630000 - 0x00007ffee467e000 	C:\WINDOWS\System32\cfgmgr32.dll
0x00007ffee40d0000 - 0x00007ffee40fc000 	C:\WINDOWS\SYSTEM32\DEVOBJ.dll
0x00007ffee10c0000 - 0x00007ffee10ef000 	C:\WINDOWS\SYSTEM32\dwmapi.dll
0x00007ffed42e0000 - 0x00007ffed4432000 	C:\WINDOWS\SYSTEM32\inputhost.dll
0x00007ffee5690000 - 0x00007ffee575d000 	C:\WINDOWS\System32\OLEAUT32.dll
0x00007ffee1ff0000 - 0x00007ffee20e2000 	C:\WINDOWS\SYSTEM32\CoreMessaging.dll
0x00007ffedf550000 - 0x00007ffedf647000 	C:\WINDOWS\SYSTEM32\PROPSYS.dll
0x00007ffedfa40000 - 0x00007ffedfb96000 	C:\WINDOWS\SYSTEM32\wintypes.dll
0x00007ffee0830000 - 0x00007ffee0b8e000 	C:\WINDOWS\SYSTEM32\CoreUIComponents.dll
0x00007ffee3f90000 - 0x00007ffee3fc3000 	C:\WINDOWS\SYSTEM32\ntmarta.dll
0x00007ffee2470000 - 0x00007ffee2482000 	C:\WINDOWS\SYSTEM32\kernel.appcore.dll
0x00007ffee5d50000 - 0x00007ffee5e65000 	C:\WINDOWS\System32\MSCTF.dll
0x00007ffee1de0000 - 0x00007ffee1ded000 	C:\WINDOWS\SYSTEM32\HID.DLL
0x00007ffee6670000 - 0x00007ffee6ad7000 	C:\WINDOWS\System32\SETUPAPI.DLL
0x00007ffee4680000 - 0x00007ffee46e0000 	C:\WINDOWS\System32\WINTRUST.dll
0x00007ffee4320000 - 0x00007ffee447d000 	C:\WINDOWS\System32\CRYPT32.dll
0x00007ffee3d60000 - 0x00007ffee3d72000 	C:\WINDOWS\SYSTEM32\MSASN1.dll
0x00007ffeacb50000 - 0x00007ffeacc75000 	C:\WINDOWS\SYSTEM32\opengl32.dll
0x00007ffed1c70000 - 0x00007ffed1c9c000 	C:\WINDOWS\SYSTEM32\GLU32.dll
0x00007ffee4e30000 - 0x00007ffee4ed9000 	C:\WINDOWS\System32\clbcatq.dll
0x00007ffea19f0000 - 0x00007ffea2674000 	C:\WINDOWS\SYSTEM32\ig4icd64.dll
0x00007ffee24e0000 - 0x00007ffee25d3000 	C:\WINDOWS\SYSTEM32\dxgi.dll
0x00007ffedfba0000 - 0x00007ffedfe04000 	C:\WINDOWS\SYSTEM32\d3d11.dll
0x00007ffeae570000 - 0x00007ffeaf1c0000 	C:\WINDOWS\SYSTEM32\igd10umd64.dll
0x00007ffed9060000 - 0x00007ffed909b000 	C:\WINDOWS\SYSTEM32\dxcore.dll
0x00007ffeacdb0000 - 0x00007ffeace2f000 	C:\Users\ervin_1nmnhvl\AppData\Local\Temp\lwjglervin_1nmnhvl\3.2.2-build-10\lwjgl_stb.dll
0x00007ffede340000 - 0x00007ffede3ee000 	C:\WINDOWS\SYSTEM32\mscms.dll
0x00007ffede080000 - 0x00007ffede091000 	C:\WINDOWS\SYSTEM32\ColorAdapterClient.dll
0x00007ffeb4f20000 - 0x00007ffeb4f63000 	C:\WINDOWS\SYSTEM32\icm32.dll
0x00007ffed41e0000 - 0x00007ffed42dc000 	C:\WINDOWS\SYSTEM32\textinputframework.dll
0x00007ffeacd50000 - 0x00007ffeacda8000 	C:\Users\ervin_1nmnhvl\AppData\Local\Temp\lwjglervin_1nmnhvl\3.2.2-build-10\lwjgl_opengl.dll
0x00007ffed9800000 - 0x00007ffed9842000 	C:\Users\ervin_1nmnhvl\AppData\Local\Temp\jna-2118671535\jna1399848242592389370.dll
0x00007ffec4f00000 - 0x00007ffec4f1a000 	C:\save\modding\ervin_mod_1\build\natives\SAPIWrapper_x64.dll
0x00007ffee50e0000 - 0x00007ffee520a000 	C:\WINDOWS\System32\ole32.dll
0x00007ffeac760000 - 0x00007ffeac8e4000 	C:\WINDOWS\System32\Speech\Common\sapi.dll
0x00007ffeded60000 - 0x00007ffeded7e000 	C:\WINDOWS\SYSTEM32\MSACM32.dll
0x00007ffec65b0000 - 0x00007ffec65bb000 	C:\WINDOWS\SYSTEM32\msdmo.dll
0x00007ffec19b0000 - 0x00007ffec19d6000 	C:\WINDOWS\SYSTEM32\winmmbase.dll
0x00007ffed5620000 - 0x00007ffed56a5000 	C:\WINDOWS\System32\MMDevApi.dll
0x00007ffeaba00000 - 0x00007ffeabb14000 	C:\Users\ERVIN_~1\AppData\Local\Temp\lwjglervin_1nmnhvl\3.2.2-build-10\OpenAL.dll
0x00007ffed15a0000 - 0x00007ffed1721000 	C:\WINDOWS\SYSTEM32\AUDIOSES.DLL
0x00007ffee3d00000 - 0x00007ffee3d4b000 	C:\WINDOWS\SYSTEM32\powrprof.dll
0x00007ffee3930000 - 0x00007ffee3942000 	C:\WINDOWS\SYSTEM32\UMPDC.dll
0x00007ffee0fd0000 - 0x00007ffee0fe4000 	C:\WINDOWS\SYSTEM32\resourcepolicyclient.dll
0x0000000070fe0000 - 0x0000000071178000 	C:\Program Files (x86)\Minecraft\runtime\jre-x64\bin\awt.dll
0x00007ffee2220000 - 0x00007ffee22b0000 	C:\WINDOWS\SYSTEM32\apphelp.dll
0x00007ffee3d80000 - 0x00007ffee3f64000 	C:\WINDOWS\SYSTEM32\dbghelp.dll

VM Arguments:
jvm_args: -Dforge.logging.console.level=debug -Dforge.logging.markers=SCAN,REGISTRIES,REGISTRYDUMP -XX:HeapDumpPath=MojangTricksIntelDriversForPerformance_javaw.exe_minecraft.exe.heapdump -Dos.name=Windows 10 -Dos.version=10.0 -javaagent:C:\Users\ervin_1nmnhvl\AppData\Local\JetBrains\Toolbox\apps\IDEA-U\ch-0\202.6397.94\lib\idea_rt.jar=57076:C:\Users\ervin_1nmnhvl\AppData\Local\JetBrains\Toolbox\apps\IDEA-U\ch-0\202.6397.94\bin -Dfile.encoding=UTF-8 
java_command: net.minecraftforge.userdev.LaunchTesting
java_class_path (initial): C:\Program Files (x86)\Minecraft\runtime\jre-x64\lib\charsets.jar;C:\Program Files (x86)\Minecraft\runtime\jre-x64\lib\deploy.jar;C:\Program Files (x86)\Minecraft\runtime\jre-x64\lib\ext\access-bridge-64.jar;C:\Program Files (x86)\Minecraft\runtime\jre-x64\lib\ext\cldrdata.jar;C:\Program Files (x86)\Minecraft\runtime\jre-x64\lib\ext\dnsns.jar;C:\Program Files (x86)\Minecraft\runtime\jre-x64\lib\ext\jaccess.jar;C:\Program Files (x86)\Minecraft\runtime\jre-x64\lib\ext\jfxrt.jar;C:\Program Files (x86)\Minecraft\runtime\jre-x64\lib\ext\localedata.jar;C:\Program Files (x86)\Minecraft\runtime\jre-x64\lib\ext\nashorn.jar;C:\Program Files (x86)\Minecraft\runtime\jre-x64\lib\ext\sunec.jar;C:\Program Files (x86)\Minecraft\runtime\jre-x64\lib\ext\sunjce_provider.jar;C:\Program Files (x86)\Minecraft\runtime\jre-x64\lib\ext\sunmscapi.jar;C:\Program Files (x86)\Minecraft\runtime\jre-x64\lib\ext\sunpkcs11.jar;C:\Program Files (x86)\Minecraft\runtime\jre-x64\lib\ext\zipfs.jar;C:\Program Files (x86)\Minecraft\runtime\jre-x64\lib\javaws.jar;C:\Program Files (x86)\Minecraft\runtime\jre-x64\lib\jce.jar;C:\Program Files (x86)\Minecraft\runtime\jre-x64\lib\jfr.jar;C:\Program Files (x86)\Minecraft\runtime\jre-x64\lib\jfxswt.jar;C:\Program Files (x86)\Minecraft\runtime\jre-x64\lib\jsse.jar;C:\Program Files (x86)\Minecraft\runtime\jre-x64\lib\management-agent.jar;C:\Program Files (x86)\Minecraft\runtime\jre-x64\lib\plugin.jar;C:\Program Files (x86)\Minecraft\runtime\jre-x64\lib\resources.jar;C:\Program Files (x86)\Minecraft\runtime\jre-x64\lib\rt.jar;C:\save\modding\ervin_mod_1\build\classes\java\main;C:\save\modding\ervin_mod_1\build\resources\main;C:\Users\ervin_1nmnhvl\.gradle\caches\forge_gradle\minecraft_user_repo\net\minecraftforge\forge\1.16.1-32.0.75_mapped_snapshot_20200723-1.16.1\forge-1.16.1-32.0.75_mapped_snapshot_20200723-1.16.1-recomp.jar;C:\Users\ervin_1nmnhvl\.gradle\caches\forge_gradle\minecraft_user_repo\net\minecraftforge\forge\1.16.1-32.0.75_
Launcher Type: SUN_STANDARD

Environment Variables:
JAVA_HOME=C:\Program Files\Java\jdk-11.0.4
PATH=C:\Program Files\Docker\Docker\Resources\bin;C:\ProgramData\Oracle\Java\javapath;C:\WINDOWS\system32;C:\WINDOWS;C:\WINDOWS\System32\Wbem;C:\WINDOWS\System32\WindowsPowerShell\v1.0\;C:\Program Files (x86)\cloudControl;C:\Program Files\Git\cmd;C:\bin;C:\Program Files (x86)\Windows Kits\8.1\Windows Performance Toolkit\;C:\Program Files (x86)\PuTTY\;C:\Program Files (x86)\Nodist\bin;G:\save\sdk\android\tools;G:\save\sdk\android\platform-tools;C:\boxfuse;C:\Program Files (x86)\Skype\Phone\;C:\Program Files (x86)\GtkSharp\2.12\bin;C:\Program Files (x86)\IVI Foundation\VISA\WinNT\Bin;C:\WINDOWS\system32;C:\WINDOWS;C:\WINDOWS\System32\Wbem;C:\WINDOWS\System32\WindowsPowerShell\v1.0\;;C:\WINDOWS\System32\OpenSSH\;C:\Users\ervin_1nmnhvl\AppData\Local\Microsoft\WindowsApps;
USERNAME=ervin_1nmnhvl
OS=Windows_NT
PROCESSOR_IDENTIFIER=Intel64 Family 6 Model 42 Stepping 7, GenuineIntel



---------------  S Y S T E M  ---------------

OS: Windows 10.0 , 64 bit Build 19041 (10.0.19041.546)

CPU:total 4 (2 cores per cpu, 2 threads per core) family 6 model 42 stepping 7, cmov, cx8, fxsr, mmx, sse, sse2, sse3, ssse3, sse4.1, sse4.2, popcnt, avx, aes, clmul, ht, tsc, tscinvbit

Memory: 4k page, physical 8266764k(760024k free), swap 10363916k(4100k free)

vm_info: Java HotSpot(TM) 64-Bit Server VM (25.51-b03) for windows-amd64 JRE (1.8.0_51-b16), built on Jun  8 2015 18:03:07 by "java_re" with MS VC++ 10.0 (VS2010)

time: Mon Nov 02 18:47:58 2020
elapsed time: 189 seconds (0d 0h 3m 9s)

