#
# There is insufficient memory for the Java Runtime Environment to continue.
# Native memory allocation (malloc) failed to allocate 1262656 bytes for Chunk::new
# Possible reasons:
#   The system is out of physical RAM or swap space
#   In 32 bit mode, the process size limit was hit
# Possible solutions:
#   Reduce memory load on the system
#   Increase physical memory or swap space
#   Check if swap backing store is full
#   Use 64 bit Java on a 64 bit OS
#   Decrease Java heap size (-Xmx/-Xms)
#   Decrease number of Java threads
#   Decrease Java thread stack sizes (-Xss)
#   Set larger code cache with -XX:ReservedCodeCacheSize=
# This output file may be truncated or incomplete.
#
#  Out of Memory Error (allocation.cpp:390), pid=16276, tid=18640
#
# JRE version: Java(TM) SE Runtime Environment (8.0_51-b16) (build 1.8.0_51-b16)
# Java VM: Java HotSpot(TM) 64-Bit Server VM (25.51-b03 mixed mode windows-amd64 compressed oops)
# Failed to write core dump. Minidumps are not enabled by default on client versions of Windows
#

---------------  T H R E A D  ---------------

Current thread (0x0000000018ce6800):  JavaThread "C2 CompilerThread0" daemon [_thread_in_native, id=18640, stack(0x0000000018e00000,0x0000000018f00000)]

Stack: [0x0000000018e00000,0x0000000018f00000]
Native frames: (J=compiled Java code, j=interpreted, Vv=VM code, C=native code)
V  [jvm.dll+0x32b4ca]
V  [jvm.dll+0x2797e3]
V  [jvm.dll+0x27a479]
V  [jvm.dll+0x271765]
V  [jvm.dll+0xcba02]
V  [jvm.dll+0xcbecc]
V  [jvm.dll+0x476f72]
V  [jvm.dll+0x4b95ff]
V  [jvm.dll+0x46b745]
V  [jvm.dll+0x46cd4e]
V  [jvm.dll+0x4501a2]
V  [jvm.dll+0xa43a2]
V  [jvm.dll+0xa4cdf]
V  [jvm.dll+0x2418a4]
V  [jvm.dll+0x29846a]
C  [msvcr100.dll+0x21d9f]
C  [msvcr100.dll+0x21e3b]
C  [KERNEL32.DLL+0x16fd4]
C  [ntdll.dll+0x4cec1]


Current CompileTask:
C2:  79075 9960       4       com.google.gson.internal.bind.TypeAdapters$29::read (209 bytes)


---------------  P R O C E S S  ---------------

Java Threads: ( => current thread )
  0x00000000216d9000 JavaThread "modloading-worker-3" daemon [_thread_blocked, id=17848, stack(0x000000002d310000,0x000000002d410000)]
  0x00000000216dd000 JavaThread "Worker-Main-6" daemon [_thread_in_vm, id=15408, stack(0x000000002b740000,0x000000002b840000)]
  0x00000000216db800 JavaThread "Forge Version Check" daemon [_thread_in_native, id=12096, stack(0x000000002b640000,0x000000002b740000)]
  0x00000000216d5800 JavaThread "modloading-worker-0" daemon [_thread_blocked, id=17136, stack(0x000000002b540000,0x000000002b640000)]
  0x00000000216da800 JavaThread "modloading-worker-1" daemon [_thread_blocked, id=20284, stack(0x000000002b440000,0x000000002b540000)]
  0x00000000216d8800 JavaThread "Worker-Main-5" daemon [_thread_in_native, id=11772, stack(0x000000002b340000,0x000000002b440000)]
  0x00000000197b7000 JavaThread "Worker-Main-4" daemon [_thread_in_Java, id=4604, stack(0x000000002b240000,0x000000002b340000)]
  0x00000000197bd000 JavaThread "Narrator" [_thread_blocked, id=15916, stack(0x000000002a0b0000,0x000000002a1b0000)]
  0x00000000197b6800 JavaThread "Sound engine" daemon [_thread_blocked, id=20688, stack(0x000000001acd0000,0x000000001add0000)]
  0x00000000197bc800 JavaThread "Snooper Timer" daemon [_thread_blocked, id=7252, stack(0x0000000026380000,0x0000000026480000)]
  0x00000000197bb000 JavaThread "Timer hack thread" daemon [_thread_blocked, id=9700, stack(0x0000000026280000,0x0000000026380000)]
  0x0000000019717800 JavaThread "Worker-Bootstrap-3" daemon [_thread_in_Java, id=17780, stack(0x0000000025780000,0x0000000025880000)]
  0x0000000023790000 JavaThread "Worker-Bootstrap-2" daemon [_thread_in_Java, id=21072, stack(0x0000000025680000,0x0000000025780000)]
  0x0000000021cc8800 JavaThread "Worker-Bootstrap-1" daemon [_thread_in_Java, id=20460, stack(0x0000000023d20000,0x0000000023e20000)]
  0x000000001be9d000 JavaThread "pool-3-thread-1" [_thread_blocked, id=4820, stack(0x000000001b310000,0x000000001b410000)]
  0x000000001a65f000 JavaThread "Thread-2" daemon [_thread_in_native, id=17176, stack(0x000000001b910000,0x000000001ba10000)]
  0x000000001a0f8000 JavaThread "Thread-1" daemon [_thread_blocked, id=10420, stack(0x000000001b810000,0x000000001b910000)]
  0x000000001907b800 JavaThread "Service Thread" daemon [_thread_blocked, id=18436, stack(0x0000000019900000,0x0000000019a00000)]
  0x0000000019010800 JavaThread "C1 CompilerThread2" daemon [_thread_blocked, id=20280, stack(0x0000000019800000,0x0000000019900000)]
  0x0000000018cef800 JavaThread "C2 CompilerThread1" daemon [_thread_blocked, id=14760, stack(0x0000000018f00000,0x0000000019000000)]
=>0x0000000018ce6800 JavaThread "C2 CompilerThread0" daemon [_thread_in_native, id=18640, stack(0x0000000018e00000,0x0000000018f00000)]
  0x0000000018ce5000 JavaThread "Monitor Ctrl-Break" daemon [_thread_in_native, id=17748, stack(0x0000000018d00000,0x0000000018e00000)]
  0x00000000173a6800 JavaThread "Attach Listener" daemon [_thread_blocked, id=10484, stack(0x0000000018800000,0x0000000018900000)]
  0x00000000173a5800 JavaThread "Signal Dispatcher" daemon [_thread_blocked, id=6704, stack(0x0000000018700000,0x0000000018800000)]
  0x000000000276a800 JavaThread "Finalizer" daemon [_thread_blocked, id=8608, stack(0x0000000018600000,0x0000000018700000)]
  0x0000000002767000 JavaThread "Reference Handler" daemon [_thread_blocked, id=14728, stack(0x0000000018500000,0x0000000018600000)]
  0x0000000002672800 JavaThread "Render thread" [_thread_in_vm, id=7372, stack(0x0000000002570000,0x0000000002670000)]

Other Threads:
  0x0000000017369000 VMThread [stack: 0x0000000018400000,0x0000000018500000] [id=18544]
  0x000000001909e800 WatcherThread [stack: 0x0000000019a00000,0x0000000019b00000] [id=19112]

VM state:not at safepoint (normal execution)

VM Mutex/Monitor currently owned by a thread: None

Heap:
 PSYoungGen      total 621568K, used 578388K [0x00000000d5f00000, 0x00000000ffd00000, 0x0000000100000000)
  eden space 559104K, 98% used [0x00000000d5f00000,0x00000000f7af25a0,0x00000000f8100000)
  from space 62464K, 40% used [0x00000000fc000000,0x00000000fd8e2d30,0x00000000ffd00000)
  to   space 63488K, 0% used [0x00000000f8100000,0x00000000f8100000,0x00000000fbf00000)
 ParOldGen       total 375808K, used 289231K [0x0000000081c00000, 0x0000000098b00000, 0x00000000d5f00000)
  object space 375808K, 76% used [0x0000000081c00000,0x0000000093673c18,0x0000000098b00000)
 Metaspace       used 74987K, capacity 82496K, committed 82688K, reserved 1118208K
  class space    used 11738K, capacity 14057K, committed 14080K, reserved 1048576K

Card table byte_map: [0x0000000011c30000,0x0000000012030000] byte_map_base: 0x0000000011822000

Marking Bits: (ParMarkBitMap*) 0x00000000768d4040
 Begin Bits: [0x00000000126e0000, 0x0000000014670000)
 End Bits:   [0x0000000014670000, 0x0000000016600000)

Polling page: 0x0000000000c50000

CodeCache: size=245760Kb used=23216Kb max_used=23227Kb free=222543Kb
 bounds [0x0000000002870000, 0x0000000003f50000, 0x0000000011870000]
 total_blobs=8803 nmethods=7333 adapters=1380
 compilation: enabled

Compilation events (10 events):
Event: 78.938 Thread 0x0000000019010800 nmethod 9958 0x0000000003f2a250 code [0x0000000003f2a3a0, 0x0000000003f2a4b0]
Event: 78.938 Thread 0x0000000019010800 9959       1       net.minecraft.client.audio.SoundList::getSounds (5 bytes)
Event: 78.938 Thread 0x0000000019010800 nmethod 9959 0x0000000003f35a50 code [0x0000000003f35ba0, 0x0000000003f35cb0]
Event: 78.984 Thread 0x0000000018ce6800 9960       4       com.google.gson.internal.bind.TypeAdapters$29::read (209 bytes)
Event: 78.984 Thread 0x0000000019010800 9961       3       com.google.gson.internal.bind.JsonTreeReader::peekStack (12 bytes)
Event: 78.984 Thread 0x0000000019010800 nmethod 9961 0x0000000003f35690 code [0x0000000003f357e0, 0x0000000003f35950]
Event: 78.984 Thread 0x0000000019010800 9962       3       com.google.gson.internal.bind.JsonTreeReader::peek (200 bytes)
Event: 78.986 Thread 0x0000000019010800 nmethod 9962 0x0000000003f3bd10 code [0x0000000003f3bfc0, 0x0000000003f3d788]
Event: 78.986 Thread 0x0000000019010800 9963       3       com.google.gson.JsonArray::add (20 bytes)
Event: 78.986 Thread 0x0000000019010800 nmethod 9963 0x0000000003f39910 code [0x0000000003f39a80, 0x0000000003f39d48]

GC Heap History (10 events):
Event: 74.954 GC heap before
{Heap before GC invocations=96 (full 6):
 PSYoungGen      total 620544K, used 589260K [0x00000000d5f00000, 0x00000000ffd80000, 0x0000000100000000)
  eden space 554496K, 100% used [0x00000000d5f00000,0x00000000f7c80000,0x00000000f7c80000)
  from space 66048K, 52% used [0x00000000f7c80000,0x00000000f9e73020,0x00000000fbd00000)
  to   space 62976K, 0% used [0x00000000fc000000,0x00000000fc000000,0x00000000ffd80000)
 ParOldGen       total 375808K, used 281182K [0x0000000081c00000, 0x0000000098b00000, 0x00000000d5f00000)
  object space 375808K, 74% used [0x0000000081c00000,0x0000000092e978d8,0x0000000098b00000)
 Metaspace       used 71853K, capacity 78910K, committed 79104K, reserved 1114112K
  class space    used 11265K, capacity 13462K, committed 13568K, reserved 1048576K
Event: 75.039 GC heap after
Heap after GC invocations=96 (full 6):
 PSYoungGen      total 619520K, used 37998K [0x00000000d5f00000, 0x00000000ffa00000, 0x0000000100000000)
  eden space 560128K, 0% used [0x00000000d5f00000,0x00000000d5f00000,0x00000000f8200000)
  from space 59392K, 63% used [0x00000000fc000000,0x00000000fe51b900,0x00000000ffa00000)
  to   space 61440K, 0% used [0x00000000f8200000,0x00000000f8200000,0x00000000fbe00000)
 ParOldGen       total 375808K, used 281639K [0x0000000081c00000, 0x0000000098b00000, 0x00000000d5f00000)
  object space 375808K, 74% used [0x0000000081c00000,0x0000000092f09f20,0x0000000098b00000)
 Metaspace       used 71853K, capacity 78910K, committed 79104K, reserved 1114112K
  class space    used 11265K, capacity 13462K, committed 13568K, reserved 1048576K
}
Event: 75.547 GC heap before
{Heap before GC invocations=97 (full 6):
 PSYoungGen      total 619520K, used 598126K [0x00000000d5f00000, 0x00000000ffa00000, 0x0000000100000000)
  eden space 560128K, 100% used [0x00000000d5f00000,0x00000000f8200000,0x00000000f8200000)
  from space 59392K, 63% used [0x00000000fc000000,0x00000000fe51b900,0x00000000ffa00000)
  to   space 61440K, 0% used [0x00000000f8200000,0x00000000f8200000,0x00000000fbe00000)
 ParOldGen       total 375808K, used 281640K [0x0000000081c00000, 0x0000000098b00000, 0x00000000d5f00000)
  object space 375808K, 74% used [0x0000000081c00000,0x0000000092f0a318,0x0000000098b00000)
 Metaspace       used 72272K, capacity 79376K, committed 79616K, reserved 1116160K
  class space    used 11337K, capacity 13541K, committed 13568K, reserved 1048576K
Event: 75.669 GC heap after
Heap after GC invocations=97 (full 6):
 PSYoungGen      total 621568K, used 54473K [0x00000000d5f00000, 0x0000000100000000, 0x0000000100000000)
  eden space 560128K, 0% used [0x00000000d5f00000,0x00000000d5f00000,0x00000000f8200000)
  from space 61440K, 88% used [0x00000000f8200000,0x00000000fb732548,0x00000000fbe00000)
  to   space 65536K, 0% used [0x00000000fc000000,0x00000000fc000000,0x0000000100000000)
 ParOldGen       total 375808K, used 282464K [0x0000000081c00000, 0x0000000098b00000, 0x00000000d5f00000)
  object space 375808K, 75% used [0x0000000081c00000,0x0000000092fd8338,0x0000000098b00000)
 Metaspace       used 72272K, capacity 79376K, committed 79616K, reserved 1116160K
  class space    used 11337K, capacity 13541K, committed 13568K, reserved 1048576K
}
Event: 76.230 GC heap before
{Heap before GC invocations=98 (full 6):
 PSYoungGen      total 621568K, used 614601K [0x00000000d5f00000, 0x0000000100000000, 0x0000000100000000)
  eden space 560128K, 100% used [0x00000000d5f00000,0x00000000f8200000,0x00000000f8200000)
  from space 61440K, 88% used [0x00000000f8200000,0x00000000fb732548,0x00000000fbe00000)
  to   space 65536K, 0% used [0x00000000fc000000,0x00000000fc000000,0x0000000100000000)
 ParOldGen       total 375808K, used 282464K [0x0000000081c00000, 0x0000000098b00000, 0x00000000d5f00000)
  object space 375808K, 75% used [0x0000000081c00000,0x0000000092fd8338,0x0000000098b00000)
 Metaspace       used 73302K, capacity 80634K, committed 80896K, reserved 1116160K
  class space    used 11483K, capacity 13774K, committed 13824K, reserved 1048576K
Event: 76.296 GC heap after
Heap after GC invocations=98 (full 6):
 PSYoungGen      total 624128K, used 26661K [0x00000000d5f00000, 0x0000000100000000, 0x0000000100000000)
  eden space 558592K, 0% used [0x00000000d5f00000,0x00000000d5f00000,0x00000000f8080000)
  from space 65536K, 40% used [0x00000000fc000000,0x00000000fda096c8,0x0000000100000000)
  to   space 65024K, 0% used [0x00000000f8080000,0x00000000f8080000,0x00000000fc000000)
 ParOldGen       total 375808K, used 284188K [0x0000000081c00000, 0x0000000098b00000, 0x00000000d5f00000)
  object space 375808K, 75% used [0x0000000081c00000,0x0000000093187058,0x0000000098b00000)
 Metaspace       used 73302K, capacity 80634K, committed 80896K, reserved 1116160K
  class space    used 11483K, capacity 13774K, committed 13824K, reserved 1048576K
}
Event: 77.439 GC heap before
{Heap before GC invocations=99 (full 6):
 PSYoungGen      total 624128K, used 585253K [0x00000000d5f00000, 0x0000000100000000, 0x0000000100000000)
  eden space 558592K, 100% used [0x00000000d5f00000,0x00000000f8080000,0x00000000f8080000)
  from space 65536K, 40% used [0x00000000fc000000,0x00000000fda096c8,0x0000000100000000)
  to   space 65024K, 0% used [0x00000000f8080000,0x00000000f8080000,0x00000000fc000000)
 ParOldGen       total 375808K, used 284188K [0x0000000081c00000, 0x0000000098b00000, 0x00000000d5f00000)
  object space 375808K, 75% used [0x0000000081c00000,0x0000000093187058,0x0000000098b00000)
 Metaspace       used 74127K, capacity 81506K, committed 81792K, reserved 1118208K
  class space    used 11604K, capacity 13920K, committed 13952K, reserved 1048576K
Event: 77.504 GC heap after
Heap after GC invocations=99 (full 6):
 PSYoungGen      total 623616K, used 19204K [0x00000000d5f00000, 0x00000000fff80000, 0x0000000100000000)
  eden space 558592K, 0% used [0x00000000d5f00000,0x00000000d5f00000,0x00000000f8080000)
  from space 65024K, 29% used [0x00000000f8080000,0x00000000f93413d0,0x00000000fc000000)
  to   space 65024K, 0% used [0x00000000fc000000,0x00000000fc000000,0x00000000fff80000)
 ParOldGen       total 375808K, used 286857K [0x0000000081c00000, 0x0000000098b00000, 0x00000000d5f00000)
  object space 375808K, 76% used [0x0000000081c00000,0x00000000934227a0,0x0000000098b00000)
 Metaspace       used 74127K, capacity 81506K, committed 81792K, reserved 1118208K
  class space    used 11604K, capacity 13920K, committed 13952K, reserved 1048576K
}
Event: 78.084 GC heap before
{Heap before GC invocations=100 (full 6):
 PSYoungGen      total 623616K, used 577796K [0x00000000d5f00000, 0x00000000fff80000, 0x0000000100000000)
  eden space 558592K, 100% used [0x00000000d5f00000,0x00000000f8080000,0x00000000f8080000)
  from space 65024K, 29% used [0x00000000f8080000,0x00000000f93413d0,0x00000000fc000000)
  to   space 65024K, 0% used [0x00000000fc000000,0x00000000fc000000,0x00000000fff80000)
 ParOldGen       total 375808K, used 286857K [0x0000000081c00000, 0x0000000098b00000, 0x00000000d5f00000)
  object space 375808K, 76% used [0x0000000081c00000,0x00000000934227a0,0x0000000098b00000)
 Metaspace       used 74669K, capacity 82126K, committed 82432K, reserved 1118208K
  class space    used 11683K, capacity 14000K, committed 14080K, reserved 1048576K
Event: 78.142 GC heap after
Heap after GC invocations=100 (full 6):
 PSYoungGen      total 621568K, used 25483K [0x00000000d5f00000, 0x00000000ffd00000, 0x0000000100000000)
  eden space 559104K, 0% used [0x00000000d5f00000,0x00000000d5f00000,0x00000000f8100000)
  from space 62464K, 40% used [0x00000000fc000000,0x00000000fd8e2d30,0x00000000ffd00000)
  to   space 63488K, 0% used [0x00000000f8100000,0x00000000f8100000,0x00000000fbf00000)
 ParOldGen       total 375808K, used 289231K [0x0000000081c00000, 0x0000000098b00000, 0x00000000d5f00000)
  object space 375808K, 76% used [0x0000000081c00000,0x0000000093673c18,0x0000000098b00000)
 Metaspace       used 74669K, capacity 82126K, committed 82432K, reserved 1118208K
  class space    used 11683K, capacity 14000K, committed 14080K, reserved 1048576K
}

Deoptimization events (10 events):
Event: 78.859 Thread 0x0000000002672800 Uncommon trap: reason=unstable_if action=reinterpret pc=0x0000000003ecd978 method=java.lang.ClassLoader.checkName(Ljava/lang/String;)Z @ 20
Event: 78.861 Thread 0x0000000002672800 Uncommon trap: reason=unstable_if action=reinterpret pc=0x00000000030fac30 method=java.lang.ClassLoader.checkName(Ljava/lang/String;)Z @ 20
Event: 78.861 Thread 0x0000000002672800 Uncommon trap: reason=unstable_if action=reinterpret pc=0x0000000002e8c878 method=java.lang.ClassLoader.checkName(Ljava/lang/String;)Z @ 20
Event: 78.879 Thread 0x0000000002672800 Uncommon trap: reason=unstable_if action=reinterpret pc=0x000000000310d6ec method=org.apache.logging.log4j.core.impl.MutableLogEvent.getThrownProxy()Lorg/apache/logging/log4j/core/impl/ThrowableProxy; @ 4
Event: 78.880 Thread 0x0000000002672800 Uncommon trap: reason=unstable_if action=reinterpret pc=0x000000000371ba1c method=org.apache.logging.log4j.core.impl.MutableLogEvent.getThrownProxy()Lorg/apache/logging/log4j/core/impl/ThrowableProxy; @ 4
Event: 78.983 Thread 0x00000000197b7000 Uncommon trap: reason=class_check action=maybe_recompile pc=0x0000000003f05290 method=com.google.gson.internal.bind.TypeAdapters$29.read(Lcom/google/gson/stream/JsonReader;)Lcom/google/gson/JsonElement; @ 167
Event: 78.984 Thread 0x00000000197b7000 Uncommon trap: reason=class_check action=maybe_recompile pc=0x0000000003f052ac method=com.google.gson.internal.bind.TypeAdapters$29.read(Lcom/google/gson/stream/JsonReader;)Lcom/google/gson/JsonElement; @ 129
Event: 78.984 Thread 0x00000000197b7000 Uncommon trap: reason=class_check action=maybe_recompile pc=0x0000000003f05658 method=com.google.gson.internal.bind.TypeAdapters$29.read(Lcom/google/gson/stream/JsonReader;)Lcom/google/gson/JsonElement; @ 77
Event: 78.984 Thread 0x00000000197b7000 Uncommon trap: reason=unstable_if action=reinterpret pc=0x0000000003b7bbcc method=com.google.gson.JsonPrimitive.getAsString()Ljava/lang/String; @ 4
Event: 78.984 Thread 0x00000000197b7000 Uncommon trap: reason=class_check action=maybe_recompile pc=0x0000000003f05658 method=com.google.gson.internal.bind.TypeAdapters$29.read(Lcom/google/gson/stream/JsonReader;)Lcom/google/gson/JsonElement; @ 77

Internal exceptions (10 events):
Event: 79.023 Thread 0x00000000216dd000 Exception <a 'sun/nio/fs/WindowsException'> (0x00000000f3614ca0) thrown at [C:\re\workspace\8-2-build-windows-amd64-cygwin\jdk8u51\3951\hotspot\src\share\vm\prims\jni.cpp, line 709]
Event: 79.024 Thread 0x00000000216dd000 Exception <a 'sun/nio/fs/WindowsException'> (0x00000000f3615230) thrown at [C:\re\workspace\8-2-build-windows-amd64-cygwin\jdk8u51\3951\hotspot\src\share\vm\prims\jni.cpp, line 709]
Event: 79.024 Thread 0x00000000197b7000 Exception <a 'sun/nio/fs/WindowsException'> (0x00000000f44cf1a0) thrown at [C:\re\workspace\8-2-build-windows-amd64-cygwin\jdk8u51\3951\hotspot\src\share\vm\prims\jni.cpp, line 709]
Event: 79.024 Thread 0x00000000216dd000 Exception <a 'sun/nio/fs/WindowsException'> (0x00000000f3615fa8) thrown at [C:\re\workspace\8-2-build-windows-amd64-cygwin\jdk8u51\3951\hotspot\src\share\vm\prims\jni.cpp, line 709]
Event: 79.024 Thread 0x00000000197b7000 Exception <a 'sun/nio/fs/WindowsException'> (0x00000000f44cf770) thrown at [C:\re\workspace\8-2-build-windows-amd64-cygwin\jdk8u51\3951\hotspot\src\share\vm\prims\jni.cpp, line 709]
Event: 79.024 Thread 0x00000000216dd000 Exception <a 'sun/nio/fs/WindowsException'> (0x00000000f3616548) thrown at [C:\re\workspace\8-2-build-windows-amd64-cygwin\jdk8u51\3951\hotspot\src\share\vm\prims\jni.cpp, line 709]
Event: 79.024 Thread 0x00000000197b7000 Exception <a 'sun/nio/fs/WindowsException'> (0x00000000f44d04d8) thrown at [C:\re\workspace\8-2-build-windows-amd64-cygwin\jdk8u51\3951\hotspot\src\share\vm\prims\jni.cpp, line 709]
Event: 79.024 Thread 0x00000000216dd000 Exception <a 'sun/nio/fs/WindowsException'> (0x00000000f3617240) thrown at [C:\re\workspace\8-2-build-windows-amd64-cygwin\jdk8u51\3951\hotspot\src\share\vm\prims\jni.cpp, line 709]
Event: 79.024 Thread 0x00000000197b7000 Exception <a 'sun/nio/fs/WindowsException'> (0x00000000f44d0bb8) thrown at [C:\re\workspace\8-2-build-windows-amd64-cygwin\jdk8u51\3951\hotspot\src\share\vm\prims\jni.cpp, line 709]
Event: 79.024 Thread 0x00000000216dd000 Exception <a 'sun/nio/fs/WindowsException'> (0x00000000f36178c0) thrown at [C:\re\workspace\8-2-build-windows-amd64-cygwin\jdk8u51\3951\hotspot\src\share\vm\prims\jni.cpp, line 709]

Events (10 events):
Event: 79.021 loading class net/minecraft/block/BlockState
Event: 79.021 loading class net/minecraft/block/BlockState done
Event: 79.021 loading class net/minecraft/client/renderer/model/ModelBakery
Event: 79.021 loading class net/minecraft/client/renderer/model/ModelBakery done
Event: 79.022 loading class net/minecraft/util/ResourceLocation
Event: 79.022 loading class net/minecraft/util/ResourceLocation done
Event: 79.022 loading class net/minecraft/state/StateContainer
Event: 79.022 loading class net/minecraft/state/StateContainer done
Event: 79.022 loading class net/minecraft/util/ResourceLocation
Event: 79.022 loading class net/minecraft/util/ResourceLocation done


Dynamic libraries:
0x00007ff795e00000 - 0x00007ff795e37000 	C:\Program Files (x86)\Minecraft\runtime\jre-x64\bin\java.exe
0x00007ff90a4b0000 - 0x00007ff90a6a5000 	C:\WINDOWS\SYSTEM32\ntdll.dll
0x00007ff909900000 - 0x00007ff9099bd000 	C:\WINDOWS\System32\KERNEL32.DLL
0x00007ff908240000 - 0x00007ff908507000 	C:\WINDOWS\System32\KERNELBASE.dll
0x00007ff9093c0000 - 0x00007ff90946a000 	C:\WINDOWS\System32\ADVAPI32.dll
0x00007ff908810000 - 0x00007ff9088ae000 	C:\WINDOWS\System32\msvcrt.dll
0x00007ff90a030000 - 0x00007ff90a0cb000 	C:\WINDOWS\System32\sechost.dll
0x00007ff9086e0000 - 0x00007ff908804000 	C:\WINDOWS\System32\RPCRT4.dll
0x00007ff90a190000 - 0x00007ff90a330000 	C:\WINDOWS\System32\USER32.dll
0x00007ff907d50000 - 0x00007ff907d72000 	C:\WINDOWS\System32\win32u.dll
0x00007ff909540000 - 0x00007ff90956a000 	C:\WINDOWS\System32\GDI32.dll
0x00007ff908030000 - 0x00007ff908139000 	C:\WINDOWS\System32\gdi32full.dll
0x00007ff907ee0000 - 0x00007ff907f7d000 	C:\WINDOWS\System32\msvcp_win.dll
0x00007ff908140000 - 0x00007ff908240000 	C:\WINDOWS\System32\ucrtbase.dll
0x00007ff8eb8d0000 - 0x00007ff8ebb6b000 	C:\WINDOWS\WinSxS\amd64_microsoft.windows.common-controls_6595b64144ccf1df_6.0.19041.488_none_ca04af081b815d21\COMCTL32.dll
0x00007ff909aa0000 - 0x00007ff909ad0000 	C:\WINDOWS\System32\IMM32.DLL
0x0000000076960000 - 0x0000000076a32000 	C:\Program Files (x86)\Minecraft\runtime\jre-x64\bin\msvcr100.dll
0x00000000760d0000 - 0x0000000076953000 	C:\Program Files (x86)\Minecraft\runtime\jre-x64\bin\server\jvm.dll
0x00007ff909810000 - 0x00007ff909818000 	C:\WINDOWS\System32\PSAPI.DLL
0x00007ff8e1fd0000 - 0x00007ff8e1fd9000 	C:\WINDOWS\SYSTEM32\WSOCK32.dll
0x00007ff9094d0000 - 0x00007ff90953b000 	C:\WINDOWS\System32\WS2_32.dll
0x00007ff900ec0000 - 0x00007ff900ee7000 	C:\WINDOWS\SYSTEM32\WINMM.dll
0x00007ff900930000 - 0x00007ff90093a000 	C:\WINDOWS\SYSTEM32\VERSION.dll
0x00000000760c0000 - 0x00000000760cf000 	C:\Program Files (x86)\Minecraft\runtime\jre-x64\bin\verify.dll
0x0000000076090000 - 0x00000000760b9000 	C:\Program Files (x86)\Minecraft\runtime\jre-x64\bin\java.dll
0x0000000076060000 - 0x0000000076083000 	C:\Program Files (x86)\Minecraft\runtime\jre-x64\bin\instrument.dll
0x0000000076040000 - 0x0000000076056000 	C:\Program Files (x86)\Minecraft\runtime\jre-x64\bin\zip.dll
0x00007ff908c70000 - 0x00007ff9093b1000 	C:\WINDOWS\System32\SHELL32.dll
0x00007ff905bc0000 - 0x00007ff906353000 	C:\WINDOWS\SYSTEM32\windows.storage.dll
0x00007ff9088b0000 - 0x00007ff908c05000 	C:\WINDOWS\System32\combase.dll
0x00007ff9074c0000 - 0x00007ff9074ec000 	C:\WINDOWS\SYSTEM32\Wldp.dll
0x00007ff90a0e0000 - 0x00007ff90a18e000 	C:\WINDOWS\System32\SHCORE.dll
0x00007ff909fd0000 - 0x00007ff90a025000 	C:\WINDOWS\System32\shlwapi.dll
0x00007ff907b20000 - 0x00007ff907b46000 	C:\WINDOWS\SYSTEM32\profapi.dll
0x00007ff904c20000 - 0x00007ff904c3a000 	C:\Users\ervin_1nmnhvl\AppData\Local\JetBrains\Toolbox\apps\IDEA-U\ch-0\202.6397.94\bin\breakgen64.dll
0x0000000076020000 - 0x000000007603a000 	C:\Program Files (x86)\Minecraft\runtime\jre-x64\bin\net.dll
0x00007ff9072b0000 - 0x00007ff90731a000 	C:\WINDOWS\system32\mswsock.dll
0x0000000076010000 - 0x000000007601d000 	C:\Program Files (x86)\Minecraft\runtime\jre-x64\bin\management.dll
0x00007ff8d6850000 - 0x00007ff8d6867000 	C:\WINDOWS\system32\napinsp.dll
0x00007ff8d9b80000 - 0x00007ff8d9b9b000 	C:\WINDOWS\system32\pnrpnsp.dll
0x00007ff902980000 - 0x00007ff902995000 	C:\WINDOWS\system32\wshbth.dll
0x00007ff903320000 - 0x00007ff90333d000 	C:\WINDOWS\system32\NLAapi.dll
0x00007ff906fc0000 - 0x00007ff906ffb000 	C:\WINDOWS\SYSTEM32\IPHLPAPI.DLL
0x00007ff907000000 - 0x00007ff9070cb000 	C:\WINDOWS\SYSTEM32\DNSAPI.dll
0x00007ff90a460000 - 0x00007ff90a469000 	C:\WINDOWS\System32\NSI.dll
0x00007ff8d9ba0000 - 0x00007ff8d9bb2000 	C:\WINDOWS\System32\winrnr.dll
0x00007ff8f8de0000 - 0x00007ff8f8dea000 	C:\Windows\System32\rasadhlp.dll
0x00007ff8fce90000 - 0x00007ff8fcf0f000 	C:\WINDOWS\System32\fwpuclnt.dll
0x00007ff907f80000 - 0x00007ff907fa7000 	C:\WINDOWS\System32\bcrypt.dll
0x0000000075ff0000 - 0x0000000076001000 	C:\Program Files (x86)\Minecraft\runtime\jre-x64\bin\nio.dll
0x0000000075fc0000 - 0x0000000075fe4000 	C:\Program Files (x86)\Minecraft\runtime\jre-x64\bin\sunec.dll
0x00007ff9077f0000 - 0x00007ff907808000 	C:\WINDOWS\SYSTEM32\CRYPTSP.dll
0x00007ff906b60000 - 0x00007ff906b94000 	C:\WINDOWS\system32\rsaenh.dll
0x00007ff907ae0000 - 0x00007ff907b0e000 	C:\WINDOWS\SYSTEM32\USERENV.dll
0x00007ff907fb0000 - 0x00007ff90802f000 	C:\WINDOWS\System32\bcryptprimitives.dll
0x00007ff907430000 - 0x00007ff90743c000 	C:\WINDOWS\SYSTEM32\CRYPTBASE.dll
0x00007ff8fa5b0000 - 0x00007ff8fa5c7000 	C:\WINDOWS\SYSTEM32\dhcpcsvc6.DLL
0x00007ff8fa470000 - 0x00007ff8fa48d000 	C:\WINDOWS\SYSTEM32\dhcpcsvc.DLL
0x00007ff8f1060000 - 0x00007ff8f10d2000 	C:\Users\ervin_1nmnhvl\AppData\Local\Temp\lwjglervin_1nmnhvl\3.2.2-build-10\lwjgl.dll
0x00007ff8d1220000 - 0x00007ff8d1471000 	C:\Users\ERVIN_~1\AppData\Local\Temp\lwjglervin_1nmnhvl\3.2.2-build-10\jemalloc.dll
0x00007ff8e4b30000 - 0x00007ff8e4b8e000 	C:\Users\ERVIN_~1\AppData\Local\Temp\lwjglervin_1nmnhvl\3.2.2-build-10\glfw.dll
0x00007ff905480000 - 0x00007ff90551f000 	C:\WINDOWS\system32\uxtheme.dll
0x00007ff8fc8d0000 - 0x00007ff8fc915000 	C:\WINDOWS\SYSTEM32\dinput8.dll
0x00007ff904a50000 - 0x00007ff904a61000 	C:\WINDOWS\SYSTEM32\xinput1_4.dll
0x00007ff907e90000 - 0x00007ff907edd000 	C:\WINDOWS\System32\cfgmgr32.dll
0x00007ff9078d0000 - 0x00007ff9078fc000 	C:\WINDOWS\SYSTEM32\DEVOBJ.dll
0x00007ff905830000 - 0x00007ff90585f000 	C:\WINDOWS\SYSTEM32\dwmapi.dll
0x00007ff8f7440000 - 0x00007ff8f7592000 	C:\WINDOWS\SYSTEM32\inputhost.dll
0x00007ff909740000 - 0x00007ff90980d000 	C:\WINDOWS\System32\OLEAUT32.dll
0x00007ff904c40000 - 0x00007ff904d32000 	C:\WINDOWS\SYSTEM32\CoreMessaging.dll
0x00007ff9031d0000 - 0x00007ff9032c7000 	C:\WINDOWS\SYSTEM32\PROPSYS.dll
0x00007ff904570000 - 0x00007ff9046c6000 	C:\WINDOWS\SYSTEM32\wintypes.dll
0x00007ff904d40000 - 0x00007ff90509a000 	C:\WINDOWS\SYSTEM32\CoreUIComponents.dll
0x00007ff906800000 - 0x00007ff906833000 	C:\WINDOWS\SYSTEM32\ntmarta.dll
0x00007ff9063a0000 - 0x00007ff9063b3000 	C:\WINDOWS\SYSTEM32\kernel.appcore.dll
0x00007ff9085c0000 - 0x00007ff9086d5000 	C:\WINDOWS\System32\MSCTF.dll
0x00007ff906360000 - 0x00007ff90636d000 	C:\WINDOWS\SYSTEM32\HID.DLL
0x00007ff909ad0000 - 0x00007ff909f37000 	C:\WINDOWS\System32\SETUPAPI.DLL
0x00007ff907d80000 - 0x00007ff907de0000 	C:\WINDOWS\System32\WINTRUST.dll
0x00007ff907bf0000 - 0x00007ff907d4d000 	C:\WINDOWS\System32\CRYPT32.dll
0x00007ff9078b0000 - 0x00007ff9078c2000 	C:\WINDOWS\SYSTEM32\MSASN1.dll
0x00007ff8bc650000 - 0x00007ff8bc775000 	C:\WINDOWS\SYSTEM32\opengl32.dll
0x00007ff8f7ad0000 - 0x00007ff8f7afc000 	C:\WINDOWS\SYSTEM32\GLU32.dll
0x00007ff908510000 - 0x00007ff9085b8000 	C:\WINDOWS\System32\clbcatq.dll
0x00007ff8bdef0000 - 0x00007ff8beb74000 	C:\WINDOWS\SYSTEM32\ig4icd64.dll
0x00007ff906410000 - 0x00007ff906503000 	C:\WINDOWS\SYSTEM32\dxgi.dll
0x00007ff903d70000 - 0x00007ff903fd3000 	C:\WINDOWS\SYSTEM32\d3d11.dll
0x00007ff8d3d90000 - 0x00007ff8d49e0000 	C:\WINDOWS\SYSTEM32\igd10umd64.dll
0x00007ff8fce40000 - 0x00007ff8fce7b000 	C:\WINDOWS\SYSTEM32\dxcore.dll
0x00007ff8daf10000 - 0x00007ff8daf8f000 	C:\Users\ervin_1nmnhvl\AppData\Local\Temp\lwjglervin_1nmnhvl\3.2.2-build-10\lwjgl_stb.dll
0x00007ff902690000 - 0x00007ff90273e000 	C:\WINDOWS\SYSTEM32\mscms.dll
0x00007ff9025e0000 - 0x00007ff9025f1000 	C:\WINDOWS\SYSTEM32\ColorAdapterClient.dll
0x00007ff8f9b30000 - 0x00007ff8f9b73000 	C:\WINDOWS\SYSTEM32\icm32.dll
0x00007ff8f75a0000 - 0x00007ff8f769d000 	C:\WINDOWS\SYSTEM32\textinputframework.dll
0x00007ff8e3a50000 - 0x00007ff8e3aa8000 	C:\Users\ervin_1nmnhvl\AppData\Local\Temp\lwjglervin_1nmnhvl\3.2.2-build-10\lwjgl_opengl.dll
0x00007ff8f7b00000 - 0x00007ff8f7b42000 	C:\Users\ervin_1nmnhvl\AppData\Local\Temp\jna-2118671535\jna1101392559701275602.dll
0x00007ff9002d0000 - 0x00007ff9002ea000 	C:\save\modding\ervin_mod_1\build\natives\SAPIWrapper_x64.dll
0x00007ff90a330000 - 0x00007ff90a459000 	C:\WINDOWS\System32\ole32.dll
0x00007ff8d0ad0000 - 0x00007ff8d0c54000 	C:\WINDOWS\System32\Speech\Common\sapi.dll
0x00007ff903640000 - 0x00007ff90364b000 	C:\WINDOWS\SYSTEM32\msdmo.dll
0x00007ff8f2b70000 - 0x00007ff8f2b8e000 	C:\WINDOWS\SYSTEM32\MSACM32.dll
0x00007ff8e3ec0000 - 0x00007ff8e3ee6000 	C:\WINDOWS\SYSTEM32\winmmbase.dll
0x00007ff8f87b0000 - 0x00007ff8f8835000 	C:\WINDOWS\System32\MMDevApi.dll
0x00007ff8ff750000 - 0x00007ff8ff934000 	C:\WINDOWS\SYSTEM32\dbghelp.dll

VM Arguments:
jvm_args: -Dforge.logging.console.level=debug -Dforge.logging.markers=SCAN,REGISTRIES,REGISTRYDUMP -XX:HeapDumpPath=MojangTricksIntelDriversForPerformance_javaw.exe_minecraft.exe.heapdump -Dos.name=Windows 10 -Dos.version=10.0 -javaagent:C:\Users\ervin_1nmnhvl\AppData\Local\JetBrains\Toolbox\apps\IDEA-U\ch-0\202.6397.94\lib\idea_rt.jar=57643:C:\Users\ervin_1nmnhvl\AppData\Local\JetBrains\Toolbox\apps\IDEA-U\ch-0\202.6397.94\bin -Dfile.encoding=UTF-8 
java_command: net.minecraftforge.userdev.LaunchTesting
java_class_path (initial): C:\Program Files (x86)\Minecraft\runtime\jre-x64\lib\charsets.jar;C:\Program Files (x86)\Minecraft\runtime\jre-x64\lib\deploy.jar;C:\Program Files (x86)\Minecraft\runtime\jre-x64\lib\ext\access-bridge-64.jar;C:\Program Files (x86)\Minecraft\runtime\jre-x64\lib\ext\cldrdata.jar;C:\Program Files (x86)\Minecraft\runtime\jre-x64\lib\ext\dnsns.jar;C:\Program Files (x86)\Minecraft\runtime\jre-x64\lib\ext\jaccess.jar;C:\Program Files (x86)\Minecraft\runtime\jre-x64\lib\ext\jfxrt.jar;C:\Program Files (x86)\Minecraft\runtime\jre-x64\lib\ext\localedata.jar;C:\Program Files (x86)\Minecraft\runtime\jre-x64\lib\ext\nashorn.jar;C:\Program Files (x86)\Minecraft\runtime\jre-x64\lib\ext\sunec.jar;C:\Program Files (x86)\Minecraft\runtime\jre-x64\lib\ext\sunjce_provider.jar;C:\Program Files (x86)\Minecraft\runtime\jre-x64\lib\ext\sunmscapi.jar;C:\Program Files (x86)\Minecraft\runtime\jre-x64\lib\ext\sunpkcs11.jar;C:\Program Files (x86)\Minecraft\runtime\jre-x64\lib\ext\zipfs.jar;C:\Program Files (x86)\Minecraft\runtime\jre-x64\lib\javaws.jar;C:\Program Files (x86)\Minecraft\runtime\jre-x64\lib\jce.jar;C:\Program Files (x86)\Minecraft\runtime\jre-x64\lib\jfr.jar;C:\Program Files (x86)\Minecraft\runtime\jre-x64\lib\jfxswt.jar;C:\Program Files (x86)\Minecraft\runtime\jre-x64\lib\jsse.jar;C:\Program Files (x86)\Minecraft\runtime\jre-x64\lib\management-agent.jar;C:\Program Files (x86)\Minecraft\runtime\jre-x64\lib\plugin.jar;C:\Program Files (x86)\Minecraft\runtime\jre-x64\lib\resources.jar;C:\Program Files (x86)\Minecraft\runtime\jre-x64\lib\rt.jar;C:\save\modding\ervin_mod_1\build\classes\java\main;C:\save\modding\ervin_mod_1\build\resources\main;C:\Users\ervin_1nmnhvl\.gradle\caches\forge_gradle\minecraft_user_repo\net\minecraftforge\forge\1.16.1-32.0.75_mapped_snapshot_20200723-1.16.1\forge-1.16.1-32.0.75_mapped_snapshot_20200723-1.16.1-recomp.jar;C:\Users\ervin_1nmnhvl\.gradle\caches\forge_gradle\minecraft_user_repo\net\minecraftforge\forge\1.16.1-32.0.75_
Launcher Type: SUN_STANDARD

Environment Variables:
JAVA_HOME=C:\Program Files\Java\jdk-11.0.4
PATH=C:\Program Files\Docker\Docker\Resources\bin;C:\ProgramData\Oracle\Java\javapath;C:\WINDOWS\system32;C:\WINDOWS;C:\WINDOWS\System32\Wbem;C:\WINDOWS\System32\WindowsPowerShell\v1.0\;C:\Program Files (x86)\cloudControl;C:\Program Files\Git\cmd;C:\bin;C:\Program Files (x86)\Windows Kits\8.1\Windows Performance Toolkit\;C:\Program Files (x86)\PuTTY\;C:\Program Files (x86)\Nodist\bin;G:\save\sdk\android\tools;G:\save\sdk\android\platform-tools;C:\boxfuse;C:\Program Files (x86)\Skype\Phone\;C:\Program Files (x86)\GtkSharp\2.12\bin;C:\Program Files (x86)\IVI Foundation\VISA\WinNT\Bin;C:\WINDOWS\system32;C:\WINDOWS;C:\WINDOWS\System32\Wbem;C:\WINDOWS\System32\WindowsPowerShell\v1.0\;;C:\WINDOWS\System32\OpenSSH\;C:\Users\ervin_1nmnhvl\AppData\Local\Microsoft\WindowsApps;
USERNAME=ervin_1nmnhvl
OS=Windows_NT
PROCESSOR_IDENTIFIER=Intel64 Family 6 Model 42 Stepping 7, GenuineIntel



---------------  S Y S T E M  ---------------

OS: Windows 10.0 , 64 bit Build 19041 (10.0.19041.292)

CPU:total 4 (2 cores per cpu, 2 threads per core) family 6 model 42 stepping 7, cmov, cx8, fxsr, mmx, sse, sse2, sse3, ssse3, sse4.1, sse4.2, popcnt, avx, aes, clmul, ht, tsc, tscinvbit

Memory: 4k page, physical 8266764k(378344k free), swap 10363916k(4064k free)

vm_info: Java HotSpot(TM) 64-Bit Server VM (25.51-b03) for windows-amd64 JRE (1.8.0_51-b16), built on Jun  8 2015 18:03:07 by "java_re" with MS VC++ 10.0 (VS2010)

time: Tue Oct 06 06:58:50 2020
elapsed time: 79 seconds (0d 0h 1m 19s)

