#
# There is insufficient memory for the Java Runtime Environment to continue.
# Native memory allocation (malloc) failed to allocate 1693296 bytes for Chunk::new
# Possible reasons:
#   The system is out of physical RAM or swap space
#   In 32 bit mode, the process size limit was hit
# Possible solutions:
#   Reduce memory load on the system
#   Increase physical memory or swap space
#   Check if swap backing store is full
#   Use 64 bit Java on a 64 bit OS
#   Decrease Java heap size (-Xmx/-Xms)
#   Decrease number of Java threads
#   Decrease Java thread stack sizes (-Xss)
#   Set larger code cache with -XX:ReservedCodeCacheSize=
# This output file may be truncated or incomplete.
#
#  Out of Memory Error (allocation.cpp:390), pid=19572, tid=9496
#
# JRE version: Java(TM) SE Runtime Environment (8.0_51-b16) (build 1.8.0_51-b16)
# Java VM: Java HotSpot(TM) 64-Bit Server VM (25.51-b03 mixed mode windows-amd64 compressed oops)
# Failed to write core dump. Minidumps are not enabled by default on client versions of Windows
#

---------------  T H R E A D  ---------------

Current thread (0x0000000019b60000):  JavaThread "C2 CompilerThread1" daemon [_thread_in_native, id=9496, stack(0x000000001a320000,0x000000001a420000)]

Stack: [0x000000001a320000,0x000000001a420000]
Native frames: (J=compiled Java code, j=interpreted, Vv=VM code, C=native code)
V  [jvm.dll+0x32b4ca]
V  [jvm.dll+0x2797e3]
V  [jvm.dll+0x27a479]
V  [jvm.dll+0x271765]
V  [jvm.dll+0xcba02]
V  [jvm.dll+0xcbecc]
V  [jvm.dll+0x476f72]
V  [jvm.dll+0x4b95ff]
V  [jvm.dll+0x46b745]
V  [jvm.dll+0x46cd4e]
V  [jvm.dll+0x4501a2]
V  [jvm.dll+0xa43a2]
V  [jvm.dll+0xa4cdf]
V  [jvm.dll+0x2418a4]
V  [jvm.dll+0x29846a]
C  [msvcr100.dll+0x21d9f]
C  [msvcr100.dll+0x21e3b]
C  [KERNEL32.DLL+0x17034]
C  [ntdll.dll+0x52651]


Current CompileTask:
C2: 139946 12768       4       net.minecraft.client.renderer.model.ModelBakery::getBakedModel (164 bytes)


---------------  P R O C E S S  ---------------

Java Threads: ( => current thread )
  0x0000000024ff7000 JavaThread "modloading-worker-3" daemon [_thread_blocked, id=12308, stack(0x0000000046ec0000,0x0000000046fc0000)]
  0x0000000024ffb000 JavaThread "modloading-worker-2" daemon [_thread_blocked, id=22988, stack(0x0000000046dc0000,0x0000000046ec0000)]
  0x0000000024ffb800 JavaThread "modloading-worker-1" daemon [_thread_blocked, id=4668, stack(0x0000000046cc0000,0x0000000046dc0000)]
  0x0000000024ff6000 JavaThread "Worker-Main-8" daemon [_thread_blocked, id=13408, stack(0x0000000029640000,0x0000000029740000)]
  0x0000000024ffa000 JavaThread "Worker-Main-7" daemon [_thread_blocked, id=15408, stack(0x0000000029350000,0x0000000029450000)]
  0x000000001d0a7000 JavaThread "Worker-Main-5" daemon [_thread_blocked, id=9668, stack(0x000000002be60000,0x000000002bf60000)]
  0x000000001d0a6000 JavaThread "Worker-Main-4" daemon [_thread_blocked, id=16316, stack(0x000000002bd60000,0x000000002be60000)]
  0x000000001d0aa000 JavaThread "Narrator" [_thread_blocked, id=19628, stack(0x000000002b880000,0x000000002b980000)]
  0x000000001d0a7800 JavaThread "Sound engine" daemon [_thread_blocked, id=18948, stack(0x0000000021800000,0x0000000021900000)]
  0x000000001d0a8800 JavaThread "Snooper Timer" daemon [_thread_blocked, id=20796, stack(0x0000000026f50000,0x0000000027050000)]
  0x000000001d0ab800 JavaThread "Timer hack thread" daemon [_thread_blocked, id=6720, stack(0x0000000026e50000,0x0000000026f50000)]
  0x00000000226f9000 JavaThread "pool-3-thread-1" [_thread_blocked, id=14416, stack(0x000000001a720000,0x000000001a820000)]
  0x000000001aa7c800 JavaThread "Thread-2" daemon [_thread_in_native, id=19552, stack(0x000000001d400000,0x000000001d500000)]
  0x000000001aa7c000 JavaThread "Thread-1" daemon [_thread_blocked, id=21160, stack(0x000000001d300000,0x000000001d400000)]
  0x0000000019b84000 JavaThread "Service Thread" daemon [_thread_blocked, id=16172, stack(0x000000001a520000,0x000000001a620000)]
  0x000000001991c800 JavaThread "C1 CompilerThread2" daemon [_thread_blocked, id=22196, stack(0x000000001a420000,0x000000001a520000)]
=>0x0000000019b60000 JavaThread "C2 CompilerThread1" daemon [_thread_in_native, id=9496, stack(0x000000001a320000,0x000000001a420000)]
  0x000000001800e000 JavaThread "C2 CompilerThread0" daemon [_thread_in_native, id=18460, stack(0x0000000019a20000,0x0000000019b20000)]
  0x0000000018009000 JavaThread "Monitor Ctrl-Break" daemon [_thread_in_native, id=18524, stack(0x0000000019920000,0x0000000019a20000)]
  0x0000000017fb5800 JavaThread "Attach Listener" daemon [_thread_blocked, id=22940, stack(0x0000000019420000,0x0000000019520000)]
  0x0000000017fb4000 JavaThread "Signal Dispatcher" daemon [_thread_blocked, id=4872, stack(0x0000000019320000,0x0000000019420000)]
  0x000000000337a000 JavaThread "Finalizer" daemon [_thread_blocked, id=9396, stack(0x0000000019220000,0x0000000019320000)]
  0x0000000003377000 JavaThread "Reference Handler" daemon [_thread_blocked, id=11980, stack(0x0000000019120000,0x0000000019220000)]
  0x0000000003282800 JavaThread "Render thread" [_thread_in_Java, id=22036, stack(0x0000000003140000,0x0000000003240000)]

Other Threads:
  0x0000000003373000 VMThread [stack: 0x0000000019020000,0x0000000019120000] [id=21372]
  0x0000000019ba0800 WatcherThread [stack: 0x000000001a620000,0x000000001a720000] [id=18376]

VM state:not at safepoint (normal execution)

VM Mutex/Monitor currently owned by a thread: None

Heap:
 PSYoungGen      total 651776K, used 172976K [0x00000000d5f00000, 0x0000000100000000, 0x0000000100000000)
  eden space 619008K, 27% used [0x00000000d5f00000,0x00000000e07ec210,0x00000000fbb80000)
  from space 32768K, 0% used [0x00000000fbb80000,0x00000000fbb80000,0x00000000fdb80000)
  to   space 37376K, 0% used [0x00000000fdb80000,0x00000000fdb80000,0x0000000100000000)
 ParOldGen       total 490496K, used 347858K [0x0000000081c00000, 0x000000009fb00000, 0x00000000d5f00000)
  object space 490496K, 70% used [0x0000000081c00000,0x0000000096fb4b98,0x000000009fb00000)
 Metaspace       used 82110K, capacity 91098K, committed 91264K, reserved 1124352K
  class space    used 13323K, capacity 16142K, committed 16256K, reserved 1048576K

Card table byte_map: [0x0000000012840000,0x0000000012c40000] byte_map_base: 0x0000000012432000

Marking Bits: (ParMarkBitMap*) 0x0000000071824040
 Begin Bits: [0x00000000132f0000, 0x0000000015280000)
 End Bits:   [0x0000000015280000, 0x0000000017210000)

Polling page: 0x0000000001420000

CodeCache: size=245760Kb used=30475Kb max_used=30475Kb free=215284Kb
 bounds [0x0000000003480000, 0x0000000005270000, 0x0000000012480000]
 total_blobs=11112 nmethods=9617 adapters=1405
 compilation: enabled

Compilation events (10 events):
Event: 139.857 Thread 0x000000001800e000 nmethod 12748 0x0000000005264f10 code [0x00000000052651a0, 0x00000000052663c8]
Event: 139.857 Thread 0x000000001800e000 12772       4       java.lang.Math::round (70 bytes)
Event: 139.858 Thread 0x000000001800e000 nmethod 12772 0x0000000005214910 code [0x0000000005214a40, 0x0000000005214af8]
Event: 139.858 Thread 0x000000001800e000 12771       4       net.minecraft.client.renderer.model.VariantList::bakeModel (92 bytes)
Event: 139.863 Thread 0x000000001991c800 12778       3       net.minecraft.client.renderer.model.ItemModelGenerator::getSpans (169 bytes)
Event: 139.864 Thread 0x000000001991c800 nmethod 12778 0x0000000005267210 code [0x0000000005267440, 0x00000000052682a8]
Event: 139.874 Thread 0x000000001991c800 12779       3       net.minecraft.client.renderer.model.ItemModelGenerator::getBlockParts (695 bytes)
Event: 139.878 Thread 0x000000001991c800 nmethod 12779 0x00000000052689d0 code [0x0000000005268f20, 0x000000000526c518]
Event: 139.888 Thread 0x000000001991c800 12781       1       net.minecraft.client.renderer.model.BlockModel::getOverrides (5 bytes)
Event: 139.888 Thread 0x000000001991c800 nmethod 12781 0x0000000005247d50 code [0x0000000005247ea0, 0x0000000005247fb0]

GC Heap History (10 events):
Event: 122.276 GC heap before
{Heap before GC invocations=154 (full 6):
 PSYoungGen      total 625152K, used 625056K [0x00000000d5f00000, 0x0000000100000000, 0x0000000100000000)
  eden space 618496K, 100% used [0x00000000d5f00000,0x00000000fbb00000,0x00000000fbb00000)
  from space 6656K, 98% used [0x00000000fbb00000,0x00000000fc168000,0x00000000fc180000)
  to   space 35840K, 0% used [0x00000000fdd00000,0x00000000fdd00000,0x0000000100000000)
 ParOldGen       total 342016K, used 291418K [0x0000000081c00000, 0x0000000096a00000, 0x00000000d5f00000)
  object space 342016K, 85% used [0x0000000081c00000,0x0000000093896bc8,0x0000000096a00000)
 Metaspace       used 80402K, capacity 89130K, committed 89388K, reserved 1122304K
  class space    used 13096K, capacity 15880K, committed 16000K, reserved 1048576K
Event: 122.296 GC heap after
Heap after GC invocations=154 (full 6):
 PSYoungGen      total 653824K, used 8724K [0x00000000d5f00000, 0x0000000100000000, 0x0000000100000000)
  eden space 617984K, 0% used [0x00000000d5f00000,0x00000000d5f00000,0x00000000fba80000)
  from space 35840K, 24% used [0x00000000fdd00000,0x00000000fe585318,0x0000000100000000)
  to   space 35328K, 0% used [0x00000000fba80000,0x00000000fba80000,0x00000000fdd00000)
 ParOldGen       total 342016K, used 292410K [0x0000000081c00000, 0x0000000096a00000, 0x00000000d5f00000)
  object space 342016K, 85% used [0x0000000081c00000,0x000000009398ebc8,0x0000000096a00000)
 Metaspace       used 80402K, capacity 89130K, committed 89388K, reserved 1122304K
  class space    used 13096K, capacity 15880K, committed 16000K, reserved 1048576K
}
Event: 123.459 GC heap before
{Heap before GC invocations=155 (full 6):
 PSYoungGen      total 653824K, used 626708K [0x00000000d5f00000, 0x0000000100000000, 0x0000000100000000)
  eden space 617984K, 100% used [0x00000000d5f00000,0x00000000fba80000,0x00000000fba80000)
  from space 35840K, 24% used [0x00000000fdd00000,0x00000000fe585318,0x0000000100000000)
  to   space 35328K, 0% used [0x00000000fba80000,0x00000000fba80000,0x00000000fdd00000)
 ParOldGen       total 342016K, used 292410K [0x0000000081c00000, 0x0000000096a00000, 0x00000000d5f00000)
  object space 342016K, 85% used [0x0000000081c00000,0x000000009398ebc8,0x0000000096a00000)
 Metaspace       used 80519K, capacity 89272K, committed 89388K, reserved 1122304K
  class space    used 13118K, capacity 15901K, committed 16000K, reserved 1048576K
Event: 123.500 GC heap after
Heap after GC invocations=155 (full 6):
 PSYoungGen      total 631808K, used 13355K [0x00000000d5f00000, 0x00000000ffc80000, 0x0000000100000000)
  eden space 617984K, 0% used [0x00000000d5f00000,0x00000000d5f00000,0x00000000fba80000)
  from space 13824K, 96% used [0x00000000fba80000,0x00000000fc78ac98,0x00000000fc800000)
  to   space 33792K, 0% used [0x00000000fdb80000,0x00000000fdb80000,0x00000000ffc80000)
 ParOldGen       total 342016K, used 292682K [0x0000000081c00000, 0x0000000096a00000, 0x00000000d5f00000)
  object space 342016K, 85% used [0x0000000081c00000,0x00000000939d2bc8,0x0000000096a00000)
 Metaspace       used 80519K, capacity 89272K, committed 89388K, reserved 1122304K
  class space    used 13118K, capacity 15901K, committed 16000K, reserved 1048576K
}
Event: 132.686 GC heap before
{Heap before GC invocations=156 (full 6):
 PSYoungGen      total 631808K, used 631339K [0x00000000d5f00000, 0x00000000ffc80000, 0x0000000100000000)
  eden space 617984K, 100% used [0x00000000d5f00000,0x00000000fba80000,0x00000000fba80000)
  from space 13824K, 96% used [0x00000000fba80000,0x00000000fc78ac98,0x00000000fc800000)
  to   space 33792K, 0% used [0x00000000fdb80000,0x00000000fdb80000,0x00000000ffc80000)
 ParOldGen       total 342016K, used 292737K [0x0000000081c00000, 0x0000000096a00000, 0x00000000d5f00000)
  object space 342016K, 85% used [0x0000000081c00000,0x00000000939e0408,0x0000000096a00000)
 Metaspace       used 80585K, capacity 89352K, committed 89644K, reserved 1122304K
  class space    used 13119K, capacity 15901K, committed 16000K, reserved 1048576K
Event: 132.706 GC heap after
Heap after GC invocations=156 (full 6):
 PSYoungGen      total 652800K, used 10961K [0x00000000d5f00000, 0x0000000100000000, 0x0000000100000000)
  eden space 619008K, 0% used [0x00000000d5f00000,0x00000000d5f00000,0x00000000fbb80000)
  from space 33792K, 32% used [0x00000000fdb80000,0x00000000fe6346a8,0x00000000ffc80000)
  to   space 32768K, 0% used [0x00000000fbb80000,0x00000000fbb80000,0x00000000fdb80000)
 ParOldGen       total 342016K, used 293001K [0x0000000081c00000, 0x0000000096a00000, 0x00000000d5f00000)
  object space 342016K, 85% used [0x0000000081c00000,0x0000000093a22408,0x0000000096a00000)
 Metaspace       used 80585K, capacity 89352K, committed 89644K, reserved 1122304K
  class space    used 13119K, capacity 15901K, committed 16000K, reserved 1048576K
}
Event: 137.558 GC heap before
{Heap before GC invocations=157 (full 6):
 PSYoungGen      total 652800K, used 629969K [0x00000000d5f00000, 0x0000000100000000, 0x0000000100000000)
  eden space 619008K, 100% used [0x00000000d5f00000,0x00000000fbb80000,0x00000000fbb80000)
  from space 33792K, 32% used [0x00000000fdb80000,0x00000000fe6346a8,0x00000000ffc80000)
  to   space 32768K, 0% used [0x00000000fbb80000,0x00000000fbb80000,0x00000000fdb80000)
 ParOldGen       total 342016K, used 293003K [0x0000000081c00000, 0x0000000096a00000, 0x00000000d5f00000)
  object space 342016K, 85% used [0x0000000081c00000,0x0000000093a22c68,0x0000000096a00000)
 Metaspace       used 81905K, capacity 90830K, committed 91008K, reserved 1124352K
  class space    used 13299K, capacity 16132K, committed 16256K, reserved 1048576K
Event: 137.759 GC heap after
Heap after GC invocations=157 (full 6):
 PSYoungGen      total 651776K, used 32744K [0x00000000d5f00000, 0x0000000100000000, 0x0000000100000000)
  eden space 619008K, 0% used [0x00000000d5f00000,0x00000000d5f00000,0x00000000fbb80000)
  from space 32768K, 99% used [0x00000000fbb80000,0x00000000fdb7a398,0x00000000fdb80000)
  to   space 37376K, 0% used [0x00000000fdb80000,0x00000000fdb80000,0x0000000100000000)
 ParOldGen       total 353280K, used 353057K [0x0000000081c00000, 0x0000000097500000, 0x00000000d5f00000)
  object space 353280K, 99% used [0x0000000081c00000,0x00000000974c87c0,0x0000000097500000)
 Metaspace       used 81905K, capacity 90830K, committed 91008K, reserved 1124352K
  class space    used 13299K, capacity 16132K, committed 16256K, reserved 1048576K
}
Event: 137.759 GC heap before
{Heap before GC invocations=158 (full 7):
 PSYoungGen      total 651776K, used 32744K [0x00000000d5f00000, 0x0000000100000000, 0x0000000100000000)
  eden space 619008K, 0% used [0x00000000d5f00000,0x00000000d5f00000,0x00000000fbb80000)
  from space 32768K, 99% used [0x00000000fbb80000,0x00000000fdb7a398,0x00000000fdb80000)
  to   space 37376K, 0% used [0x00000000fdb80000,0x00000000fdb80000,0x0000000100000000)
 ParOldGen       total 353280K, used 353057K [0x0000000081c00000, 0x0000000097500000, 0x00000000d5f00000)
  object space 353280K, 99% used [0x0000000081c00000,0x00000000974c87c0,0x0000000097500000)
 Metaspace       used 81905K, capacity 90830K, committed 91008K, reserved 1124352K
  class space    used 13299K, capacity 16132K, committed 16256K, reserved 1048576K
Event: 139.050 GC heap after
Heap after GC invocations=158 (full 7):
 PSYoungGen      total 651776K, used 0K [0x00000000d5f00000, 0x0000000100000000, 0x0000000100000000)
  eden space 619008K, 0% used [0x00000000d5f00000,0x00000000d5f00000,0x00000000fbb80000)
  from space 32768K, 0% used [0x00000000fbb80000,0x00000000fbb80000,0x00000000fdb80000)
  to   space 37376K, 0% used [0x00000000fdb80000,0x00000000fdb80000,0x0000000100000000)
 ParOldGen       total 490496K, used 347858K [0x0000000081c00000, 0x000000009fb00000, 0x00000000d5f00000)
  object space 490496K, 70% used [0x0000000081c00000,0x0000000096fb4b98,0x000000009fb00000)
 Metaspace       used 81901K, capacity 90824K, committed 91008K, reserved 1124352K
  class space    used 13297K, capacity 16129K, committed 16256K, reserved 1048576K
}

Deoptimization events (10 events):
Event: 137.401 Thread 0x0000000003282800 Uncommon trap: reason=bimorphic action=maybe_recompile pc=0x00000000051ccf74 method=net.minecraft.client.gui.fonts.IGlyph.getAdvance(Z)F @ 1
Event: 137.401 Thread 0x0000000003282800 Uncommon trap: reason=bimorphic action=maybe_recompile pc=0x00000000051ccf74 method=net.minecraft.client.gui.fonts.IGlyph.getAdvance(Z)F @ 1
Event: 137.401 Thread 0x0000000003282800 Uncommon trap: reason=bimorphic action=maybe_recompile pc=0x00000000051ccf74 method=net.minecraft.client.gui.fonts.IGlyph.getAdvance(Z)F @ 1
Event: 139.470 Thread 0x0000000003282800 Uncommon trap: reason=class_check action=maybe_recompile pc=0x00000000035d3b78 method=java.util.HashMap$ValueSpliterator.forEachRemaining(Ljava/util/function/Consumer;)V @ 145
Event: 139.472 Thread 0x0000000003282800 Uncommon trap: reason=bimorphic action=maybe_recompile pc=0x000000000382afd0 method=org.apache.commons.lang3.tuple.Triple.hashCode()I @ 33
Event: 139.482 Thread 0x0000000003282800 Uncommon trap: reason=bimorphic action=maybe_recompile pc=0x000000000382afd0 method=org.apache.commons.lang3.tuple.Triple.hashCode()I @ 33
Event: 139.545 Thread 0x0000000003282800 Uncommon trap: reason=bimorphic action=maybe_recompile pc=0x000000000382afd0 method=org.apache.commons.lang3.tuple.Triple.hashCode()I @ 33
Event: 139.551 Thread 0x0000000003282800 Uncommon trap: reason=bimorphic action=maybe_recompile pc=0x000000000382afd0 method=org.apache.commons.lang3.tuple.Triple.hashCode()I @ 33
Event: 139.564 Thread 0x0000000003282800 Uncommon trap: reason=unstable_if action=reinterpret pc=0x00000000040417bc method=java.lang.Math.round(D)J @ 48
Event: 139.565 Thread 0x0000000003282800 Uncommon trap: reason=unstable_if action=reinterpret pc=0x000000000463ffb8 method=org.apache.commons.lang3.tuple.Triple.equals(Ljava/lang/Object;)Z @ 44

Internal exceptions (10 events):
Event: 139.681 Thread 0x0000000003282800 Exception <a 'sun/nio/fs/WindowsException'> (0x00000000dca3b0d8) thrown at [C:\re\workspace\8-2-build-windows-amd64-cygwin\jdk8u51\3951\hotspot\src\share\vm\prims\jni.cpp, line 709]
Event: 139.681 Thread 0x0000000003282800 Exception <a 'sun/nio/fs/WindowsException'> (0x00000000dca3bb38) thrown at [C:\re\workspace\8-2-build-windows-amd64-cygwin\jdk8u51\3951\hotspot\src\share\vm\prims\jni.cpp, line 709]
Event: 139.681 Thread 0x0000000003282800 Exception <a 'sun/nio/fs/WindowsException'> (0x00000000dca3d670) thrown at [C:\re\workspace\8-2-build-windows-amd64-cygwin\jdk8u51\3951\hotspot\src\share\vm\prims\jni.cpp, line 709]
Event: 139.681 Thread 0x0000000003282800 Exception <a 'sun/nio/fs/WindowsException'> (0x00000000dca3e030) thrown at [C:\re\workspace\8-2-build-windows-amd64-cygwin\jdk8u51\3951\hotspot\src\share\vm\prims\jni.cpp, line 709]
Event: 139.714 Thread 0x0000000003282800 Exception <a 'sun/nio/fs/WindowsException'> (0x00000000dcdb6538) thrown at [C:\re\workspace\8-2-build-windows-amd64-cygwin\jdk8u51\3951\hotspot\src\share\vm\prims\jni.cpp, line 709]
Event: 139.714 Thread 0x0000000003282800 Exception <a 'sun/nio/fs/WindowsException'> (0x00000000dcdb6f78) thrown at [C:\re\workspace\8-2-build-windows-amd64-cygwin\jdk8u51\3951\hotspot\src\share\vm\prims\jni.cpp, line 709]
Event: 139.715 Thread 0x0000000003282800 Exception <a 'sun/nio/fs/WindowsException'> (0x00000000dcdb8af0) thrown at [C:\re\workspace\8-2-build-windows-amd64-cygwin\jdk8u51\3951\hotspot\src\share\vm\prims\jni.cpp, line 709]
Event: 139.715 Thread 0x0000000003282800 Exception <a 'sun/nio/fs/WindowsException'> (0x00000000dcdb9530) thrown at [C:\re\workspace\8-2-build-windows-amd64-cygwin\jdk8u51\3951\hotspot\src\share\vm\prims\jni.cpp, line 709]
Event: 139.715 Thread 0x0000000003282800 Exception <a 'sun/nio/fs/WindowsException'> (0x00000000dcdbb028) thrown at [C:\re\workspace\8-2-build-windows-amd64-cygwin\jdk8u51\3951\hotspot\src\share\vm\prims\jni.cpp, line 709]
Event: 139.715 Thread 0x0000000003282800 Exception <a 'sun/nio/fs/WindowsException'> (0x00000000dcdbb9a8) thrown at [C:\re\workspace\8-2-build-windows-amd64-cygwin\jdk8u51\3951\hotspot\src\share\vm\prims\jni.cpp, line 709]

Events (10 events):
Event: 139.759 loading class net/minecraft/client/renderer/model/ModelBakery
Event: 139.759 loading class net/minecraft/client/renderer/model/ModelBakery done
Event: 139.759 loading class net/minecraft/client/renderer/model/RenderMaterial
Event: 139.759 loading class net/minecraft/client/renderer/model/RenderMaterial done
Event: 139.759 loading class net/minecraft/client/renderer/model/RenderMaterial
Event: 139.759 loading class net/minecraft/client/renderer/model/RenderMaterial done
Event: 139.759 loading class net/minecraft/client/renderer/texture/SpriteMap
Event: 139.759 loading class net/minecraft/client/renderer/texture/SpriteMap done
Event: 139.759 loading class net/minecraft/client/renderer/model/ItemOverride
Event: 139.759 loading class net/minecraft/client/renderer/model/ItemOverride done


Dynamic libraries:
0x00007ff60c0f0000 - 0x00007ff60c127000 	C:\Program Files (x86)\Minecraft\runtime\jre-x64\bin\java.exe
0x00007ffa7df70000 - 0x00007ffa7e165000 	C:\WINDOWS\SYSTEM32\ntdll.dll
0x00007ffa7db30000 - 0x00007ffa7dbed000 	C:\WINDOWS\System32\KERNEL32.DLL
0x00007ffa7bba0000 - 0x00007ffa7be68000 	C:\WINDOWS\System32\KERNELBASE.dll
0x00007ffa7bfd0000 - 0x00007ffa7c07c000 	C:\WINDOWS\System32\ADVAPI32.dll
0x00007ffa7cd10000 - 0x00007ffa7cdae000 	C:\WINDOWS\System32\msvcrt.dll
0x00007ffa7ce70000 - 0x00007ffa7cf0b000 	C:\WINDOWS\System32\sechost.dll
0x00007ffa7dbf0000 - 0x00007ffa7dd1b000 	C:\WINDOWS\System32\RPCRT4.dll
0x00007ffa7c7a0000 - 0x00007ffa7c940000 	C:\WINDOWS\System32\USER32.dll
0x00007ffa7b890000 - 0x00007ffa7b8b2000 	C:\WINDOWS\System32\win32u.dll
0x00007ffa7d660000 - 0x00007ffa7d68a000 	C:\WINDOWS\System32\GDI32.dll
0x00007ffa7ba90000 - 0x00007ffa7bb9b000 	C:\WINDOWS\System32\gdi32full.dll
0x00007ffa7b9f0000 - 0x00007ffa7ba8d000 	C:\WINDOWS\System32\msvcp_win.dll
0x00007ffa7bed0000 - 0x00007ffa7bfd0000 	C:\WINDOWS\System32\ucrtbase.dll
0x00007ffa61e20000 - 0x00007ffa620ba000 	C:\WINDOWS\WinSxS\amd64_microsoft.windows.common-controls_6595b64144ccf1df_6.0.19041.844_none_ca00b6081b84eb1d\COMCTL32.dll
0x00007ffa7dd20000 - 0x00007ffa7dd50000 	C:\WINDOWS\System32\IMM32.DLL
0x00000000718b0000 - 0x0000000071982000 	C:\Program Files (x86)\Minecraft\runtime\jre-x64\bin\msvcr100.dll
0x0000000071020000 - 0x00000000718a3000 	C:\Program Files (x86)\Minecraft\runtime\jre-x64\bin\server\jvm.dll
0x00007ffa7c5c0000 - 0x00007ffa7c5c8000 	C:\WINDOWS\System32\PSAPI.DLL
0x00007ffa60be0000 - 0x00007ffa60be9000 	C:\WINDOWS\SYSTEM32\WSOCK32.dll
0x00007ffa748e0000 - 0x00007ffa74907000 	C:\WINDOWS\SYSTEM32\WINMM.dll
0x00007ffa7dd50000 - 0x00007ffa7ddbb000 	C:\WINDOWS\System32\WS2_32.dll
0x00007ffa73e00000 - 0x00007ffa73e0a000 	C:\WINDOWS\SYSTEM32\VERSION.dll
0x0000000071010000 - 0x000000007101f000 	C:\Program Files (x86)\Minecraft\runtime\jre-x64\bin\verify.dll
0x0000000070fe0000 - 0x0000000071009000 	C:\Program Files (x86)\Minecraft\runtime\jre-x64\bin\java.dll
0x0000000070fb0000 - 0x0000000070fd3000 	C:\Program Files (x86)\Minecraft\runtime\jre-x64\bin\instrument.dll
0x0000000070f90000 - 0x0000000070fa6000 	C:\Program Files (x86)\Minecraft\runtime\jre-x64\bin\zip.dll
0x00007ffa7cf10000 - 0x00007ffa7d652000 	C:\WINDOWS\System32\SHELL32.dll
0x00007ffa79650000 - 0x00007ffa79de1000 	C:\WINDOWS\SYSTEM32\windows.storage.dll
0x00007ffa7c9b0000 - 0x00007ffa7cd05000 	C:\WINDOWS\System32\combase.dll
0x00007ffa7b050000 - 0x00007ffa7b07c000 	C:\WINDOWS\SYSTEM32\Wldp.dll
0x00007ffa7c5d0000 - 0x00007ffa7c67e000 	C:\WINDOWS\System32\SHCORE.dll
0x00007ffa7c950000 - 0x00007ffa7c9a5000 	C:\WINDOWS\System32\shlwapi.dll
0x00007ffa7b5f0000 - 0x00007ffa7b60f000 	C:\WINDOWS\SYSTEM32\profapi.dll
0x00007ffa4c590000 - 0x00007ffa4c5aa000 	C:\Users\ervin_1nmnhvl\AppData\Local\JetBrains\Toolbox\apps\IDEA-U\ch-0\203.7148.57\bin\breakgen64.dll
0x0000000070f70000 - 0x0000000070f8a000 	C:\Program Files (x86)\Minecraft\runtime\jre-x64\bin\net.dll
0x00007ffa7ae30000 - 0x00007ffa7ae9a000 	C:\WINDOWS\system32\mswsock.dll
0x0000000070f60000 - 0x0000000070f6d000 	C:\Program Files (x86)\Minecraft\runtime\jre-x64\bin\management.dll
0x00007ffa4c4f0000 - 0x00007ffa4c507000 	C:\WINDOWS\system32\napinsp.dll
0x00007ffa4c3f0000 - 0x00007ffa4c40b000 	C:\WINDOWS\system32\pnrpnsp.dll
0x00007ffa76660000 - 0x00007ffa76675000 	C:\WINDOWS\system32\wshbth.dll
0x00007ffa771d0000 - 0x00007ffa771ed000 	C:\WINDOWS\system32\NLAapi.dll
0x00007ffa7aaf0000 - 0x00007ffa7ab2b000 	C:\WINDOWS\SYSTEM32\IPHLPAPI.DLL
0x00007ffa7ab40000 - 0x00007ffa7ac0c000 	C:\WINDOWS\SYSTEM32\DNSAPI.dll
0x00007ffa7c940000 - 0x00007ffa7c948000 	C:\WINDOWS\System32\NSI.dll
0x00007ffa4c510000 - 0x00007ffa4c522000 	C:\WINDOWS\System32\winrnr.dll
0x00007ffa6c160000 - 0x00007ffa6c16a000 	C:\Windows\System32\rasadhlp.dll
0x00007ffa6fd40000 - 0x00007ffa6fdbf000 	C:\WINDOWS\System32\fwpuclnt.dll
0x00007ffa7b8c0000 - 0x00007ffa7b8e7000 	C:\WINDOWS\System32\bcrypt.dll
0x0000000070f40000 - 0x0000000070f51000 	C:\Program Files (x86)\Minecraft\runtime\jre-x64\bin\nio.dll
0x0000000070f10000 - 0x0000000070f34000 	C:\Program Files (x86)\Minecraft\runtime\jre-x64\bin\sunec.dll
0x00007ffa7b380000 - 0x00007ffa7b398000 	C:\WINDOWS\SYSTEM32\CRYPTSP.dll
0x00007ffa7a670000 - 0x00007ffa7a6a4000 	C:\WINDOWS\system32\rsaenh.dll
0x00007ffa7b5b0000 - 0x00007ffa7b5de000 	C:\WINDOWS\SYSTEM32\USERENV.dll
0x00007ffa7b810000 - 0x00007ffa7b890000 	C:\WINDOWS\System32\bcryptprimitives.dll
0x00007ffa7afb0000 - 0x00007ffa7afbc000 	C:\WINDOWS\SYSTEM32\CRYPTBASE.dll
0x00007ffa72f00000 - 0x00007ffa72f17000 	C:\WINDOWS\SYSTEM32\dhcpcsvc6.DLL
0x00007ffa72b20000 - 0x00007ffa72b3d000 	C:\WINDOWS\SYSTEM32\dhcpcsvc.DLL
0x00007ffa4b5d0000 - 0x00007ffa4b642000 	C:\Users\ervin_1nmnhvl\AppData\Local\Temp\lwjglervin_1nmnhvl\3.2.2-build-10\lwjgl.dll
0x00007ffa35ca0000 - 0x00007ffa35ef1000 	C:\Users\ERVIN_~1\AppData\Local\Temp\lwjglervin_1nmnhvl\3.2.2-build-10\jemalloc.dll
0x00007ffa4b440000 - 0x00007ffa4b49e000 	C:\Users\ERVIN_~1\AppData\Local\Temp\lwjglervin_1nmnhvl\3.2.2-build-10\glfw.dll
0x00007ffa78e70000 - 0x00007ffa78f0e000 	C:\WINDOWS\system32\uxtheme.dll
0x00007ffa48200000 - 0x00007ffa48245000 	C:\WINDOWS\SYSTEM32\dinput8.dll
0x00007ffa4ba40000 - 0x00007ffa4ba51000 	C:\WINDOWS\SYSTEM32\xinput1_4.dll
0x00007ffa7b9a0000 - 0x00007ffa7b9ee000 	C:\WINDOWS\System32\cfgmgr32.dll
0x00007ffa7b460000 - 0x00007ffa7b48c000 	C:\WINDOWS\SYSTEM32\DEVOBJ.dll
0x00007ffa792c0000 - 0x00007ffa792ef000 	C:\WINDOWS\SYSTEM32\dwmapi.dll
0x00007ffa67e40000 - 0x00007ffa67f92000 	C:\WINDOWS\SYSTEM32\inputhost.dll
0x00007ffa7d6a0000 - 0x00007ffa7d76d000 	C:\WINDOWS\System32\OLEAUT32.dll
0x00007ffa78b10000 - 0x00007ffa78c02000 	C:\WINDOWS\SYSTEM32\CoreMessaging.dll
0x00007ffa76b50000 - 0x00007ffa76c47000 	C:\WINDOWS\SYSTEM32\PROPSYS.dll
0x00007ffa77450000 - 0x00007ffa775a4000 	C:\WINDOWS\SYSTEM32\wintypes.dll
0x00007ffa787b0000 - 0x00007ffa78b0e000 	C:\WINDOWS\SYSTEM32\CoreUIComponents.dll
0x00007ffa7a2a0000 - 0x00007ffa7a2d3000 	C:\WINDOWS\SYSTEM32\ntmarta.dll
0x00007ffa79e30000 - 0x00007ffa79e42000 	C:\WINDOWS\SYSTEM32\kernel.appcore.dll
0x00007ffa7c680000 - 0x00007ffa7c795000 	C:\WINDOWS\System32\MSCTF.dll
0x00007ffa79df0000 - 0x00007ffa79dfd000 	C:\WINDOWS\SYSTEM32\HID.DLL
0x00007ffa7c150000 - 0x00007ffa7c5b9000 	C:\WINDOWS\System32\SETUPAPI.DLL
0x00007ffa7be70000 - 0x00007ffa7bed0000 	C:\WINDOWS\System32\WINTRUST.dll
0x00007ffa7b6b0000 - 0x00007ffa7b80f000 	C:\WINDOWS\System32\CRYPT32.dll
0x00007ffa7b3f0000 - 0x00007ffa7b402000 	C:\WINDOWS\SYSTEM32\MSASN1.dll
0x00007ffa36db0000 - 0x00007ffa36ed6000 	C:\WINDOWS\SYSTEM32\opengl32.dll
0x00007ffa629a0000 - 0x00007ffa629cc000 	C:\WINDOWS\SYSTEM32\GLU32.dll
0x00007ffa7c080000 - 0x00007ffa7c129000 	C:\WINDOWS\System32\clbcatq.dll
0x00007ffa33f10000 - 0x00007ffa34b94000 	C:\WINDOWS\SYSTEM32\ig4icd64.dll
0x00007ffa79fc0000 - 0x00007ffa7a0b3000 	C:\WINDOWS\SYSTEM32\dxgi.dll
0x00007ffa77a10000 - 0x00007ffa77c74000 	C:\WINDOWS\SYSTEM32\d3d11.dll
0x00007ffa4a550000 - 0x00007ffa4b1a0000 	C:\WINDOWS\SYSTEM32\igd10umd64.dll
0x00007ffa75830000 - 0x00007ffa7586b000 	C:\WINDOWS\SYSTEM32\dxcore.dll
0x00007ffa44ea0000 - 0x00007ffa44f1f000 	C:\Users\ervin_1nmnhvl\AppData\Local\Temp\lwjglervin_1nmnhvl\3.2.2-build-10\lwjgl_stb.dll
0x00007ffa76020000 - 0x00007ffa760ce000 	C:\WINDOWS\SYSTEM32\mscms.dll
0x00007ffa75d80000 - 0x00007ffa75d91000 	C:\WINDOWS\SYSTEM32\ColorAdapterClient.dll
0x00007ffa45ec0000 - 0x00007ffa45f03000 	C:\WINDOWS\SYSTEM32\icm32.dll
0x00007ffa67fa0000 - 0x00007ffa68099000 	C:\WINDOWS\SYSTEM32\textinputframework.dll
0x00007ffa3a390000 - 0x00007ffa3a3e8000 	C:\Users\ervin_1nmnhvl\AppData\Local\Temp\lwjglervin_1nmnhvl\3.2.2-build-10\lwjgl_opengl.dll
0x00007ffa3a150000 - 0x00007ffa3a192000 	C:\Users\ervin_1nmnhvl\AppData\Local\Temp\jna-2118671535\jna602252943782305752.dll
0x00007ffa4ba20000 - 0x00007ffa4ba3a000 	C:\save\modding\ervin_mod_1\build\natives\SAPIWrapper_x64.dll
0x00007ffa7da00000 - 0x00007ffa7db2a000 	C:\WINDOWS\System32\ole32.dll
0x00007ffa60f40000 - 0x00007ffa610c6000 	C:\WINDOWS\System32\Speech\Common\sapi.dll
0x00007ffa77370000 - 0x00007ffa7738e000 	C:\WINDOWS\SYSTEM32\MSACM32.dll
0x00007ffa74650000 - 0x00007ffa7465b000 	C:\WINDOWS\SYSTEM32\msdmo.dll
0x00007ffa54a60000 - 0x00007ffa54a86000 	C:\WINDOWS\SYSTEM32\winmmbase.dll
0x00007ffa6c910000 - 0x00007ffa6c995000 	C:\WINDOWS\System32\MMDevApi.dll
0x00007ffa36140000 - 0x00007ffa36254000 	C:\Users\ERVIN_~1\AppData\Local\Temp\lwjglervin_1nmnhvl\3.2.2-build-10\OpenAL.dll
0x00007ffa62a20000 - 0x00007ffa62ba1000 	C:\WINDOWS\SYSTEM32\AUDIOSES.DLL
0x00007ffa7ac60000 - 0x00007ffa7acab000 	C:\WINDOWS\SYSTEM32\powrprof.dll
0x00007ffa7aad0000 - 0x00007ffa7aae2000 	C:\WINDOWS\SYSTEM32\UMPDC.dll
0x00007ffa78fe0000 - 0x00007ffa78ff4000 	C:\WINDOWS\SYSTEM32\resourcepolicyclient.dll
0x00007ffa72cc0000 - 0x00007ffa72ea4000 	C:\WINDOWS\SYSTEM32\dbghelp.dll

VM Arguments:
jvm_args: -Dforge.logging.console.level=debug -Dforge.logging.markers=SCAN,REGISTRIES,REGISTRYDUMP -XX:HeapDumpPath=MojangTricksIntelDriversForPerformance_javaw.exe_minecraft.exe.heapdump -Dos.name=Windows 10 -Dos.version=10.0 -javaagent:C:\Users\ervin_1nmnhvl\AppData\Local\JetBrains\Toolbox\apps\IDEA-U\ch-0\203.7148.57\lib\idea_rt.jar=64135:C:\Users\ervin_1nmnhvl\AppData\Local\JetBrains\Toolbox\apps\IDEA-U\ch-0\203.7148.57\bin -Dfile.encoding=windows-1250 
java_command: net.minecraftforge.userdev.LaunchTesting
java_class_path (initial): C:\Program Files (x86)\Minecraft\runtime\jre-x64\lib\charsets.jar;C:\Program Files (x86)\Minecraft\runtime\jre-x64\lib\deploy.jar;C:\Program Files (x86)\Minecraft\runtime\jre-x64\lib\ext\access-bridge-64.jar;C:\Program Files (x86)\Minecraft\runtime\jre-x64\lib\ext\cldrdata.jar;C:\Program Files (x86)\Minecraft\runtime\jre-x64\lib\ext\dnsns.jar;C:\Program Files (x86)\Minecraft\runtime\jre-x64\lib\ext\jaccess.jar;C:\Program Files (x86)\Minecraft\runtime\jre-x64\lib\ext\jfxrt.jar;C:\Program Files (x86)\Minecraft\runtime\jre-x64\lib\ext\localedata.jar;C:\Program Files (x86)\Minecraft\runtime\jre-x64\lib\ext\nashorn.jar;C:\Program Files (x86)\Minecraft\runtime\jre-x64\lib\ext\sunec.jar;C:\Program Files (x86)\Minecraft\runtime\jre-x64\lib\ext\sunjce_provider.jar;C:\Program Files (x86)\Minecraft\runtime\jre-x64\lib\ext\sunmscapi.jar;C:\Program Files (x86)\Minecraft\runtime\jre-x64\lib\ext\sunpkcs11.jar;C:\Program Files (x86)\Minecraft\runtime\jre-x64\lib\ext\zipfs.jar;C:\Program Files (x86)\Minecraft\runtime\jre-x64\lib\javaws.jar;C:\Program Files (x86)\Minecraft\runtime\jre-x64\lib\jce.jar;C:\Program Files (x86)\Minecraft\runtime\jre-x64\lib\jfr.jar;C:\Program Files (x86)\Minecraft\runtime\jre-x64\lib\jfxswt.jar;C:\Program Files (x86)\Minecraft\runtime\jre-x64\lib\jsse.jar;C:\Program Files (x86)\Minecraft\runtime\jre-x64\lib\management-agent.jar;C:\Program Files (x86)\Minecraft\runtime\jre-x64\lib\plugin.jar;C:\Program Files (x86)\Minecraft\runtime\jre-x64\lib\resources.jar;C:\Program Files (x86)\Minecraft\runtime\jre-x64\lib\rt.jar;C:\save\modding\ervin_mod_1\build\classes\java\main;C:\save\modding\ervin_mod_1\build\resources\main;C:\Users\ervin_1nmnhvl\.gradle\caches\forge_gradle\minecraft_user_repo\net\minecraftforge\forge\1.16.1-32.0.75_mapped_snapshot_20200723-1.16.1\forge-1.16.1-32.0.75_mapped_snapshot_20200723-1.16.1-recomp.jar;C:\Users\ervin_1nmnhvl\.gradle\caches\forge_gradle\minecraft_user_repo\net\minecraftforge\forge\1.16.1-32.0.75_
Launcher Type: SUN_STANDARD

Environment Variables:
JAVA_HOME=C:\Program Files\Java\jdk-11.0.4
PATH=C:\Program Files\Docker\Docker\Resources\bin;C:\ProgramData\Oracle\Java\javapath;C:\WINDOWS\system32;C:\WINDOWS;C:\WINDOWS\System32\Wbem;C:\WINDOWS\System32\WindowsPowerShell\v1.0\;C:\Program Files (x86)\cloudControl;C:\Program Files\Git\cmd;C:\bin;C:\Program Files (x86)\Windows Kits\8.1\Windows Performance Toolkit\;C:\Program Files (x86)\PuTTY\;C:\Program Files (x86)\Nodist\bin;G:\save\sdk\android\tools;G:\save\sdk\android\platform-tools;C:\boxfuse;C:\Program Files (x86)\Skype\Phone\;C:\Program Files (x86)\GtkSharp\2.12\bin;C:\Program Files (x86)\IVI Foundation\VISA\WinNT\Bin;C:\WINDOWS\system32;C:\WINDOWS;C:\WINDOWS\System32\Wbem;C:\WINDOWS\System32\WindowsPowerShell\v1.0\;;C:\WINDOWS\System32\OpenSSH\;C:\Users\ervin_1nmnhvl\AppData\Local\Microsoft\WindowsApps;
USERNAME=ervin_1nmnhvl
OS=Windows_NT
PROCESSOR_IDENTIFIER=Intel64 Family 6 Model 42 Stepping 7, GenuineIntel



---------------  S Y S T E M  ---------------

OS: Windows 10.0 , 64 bit Build 19041 (10.0.19041.928)

CPU:total 4 (2 cores per cpu, 2 threads per core) family 6 model 42 stepping 7, cmov, cx8, fxsr, mmx, sse, sse2, sse3, ssse3, sse4.1, sse4.2, popcnt, avx, aes, clmul, ht, tsc, tscinvbit

Memory: 4k page, physical 8266764k(652096k free), swap 10363916k(1084k free)

vm_info: Java HotSpot(TM) 64-Bit Server VM (25.51-b03) for windows-amd64 JRE (1.8.0_51-b16), built on Jun  8 2015 18:03:07 by "java_re" with MS VC++ 10.0 (VS2010)

time: Sat Apr 24 14:10:05 2021
elapsed time: 139 seconds (0d 0h 2m 19s)

