#
# There is insufficient memory for the Java Runtime Environment to continue.
# Native memory allocation (malloc) failed to allocate 626016 bytes for Chunk::new
# Possible reasons:
#   The system is out of physical RAM or swap space
#   In 32 bit mode, the process size limit was hit
# Possible solutions:
#   Reduce memory load on the system
#   Increase physical memory or swap space
#   Check if swap backing store is full
#   Use 64 bit Java on a 64 bit OS
#   Decrease Java heap size (-Xmx/-Xms)
#   Decrease number of Java threads
#   Decrease Java thread stack sizes (-Xss)
#   Set larger code cache with -XX:ReservedCodeCacheSize=
# This output file may be truncated or incomplete.
#
#  Out of Memory Error (allocation.cpp:390), pid=9144, tid=11168
#
# JRE version: Java(TM) SE Runtime Environment (8.0_51-b16) (build 1.8.0_51-b16)
# Java VM: Java HotSpot(TM) 64-Bit Server VM (25.51-b03 mixed mode windows-amd64 compressed oops)
# Failed to write core dump. Minidumps are not enabled by default on client versions of Windows
#

---------------  T H R E A D  ---------------

Current thread (0x0000000018fba000):  JavaThread "C2 CompilerThread1" daemon [_thread_in_native, id=11168, stack(0x00000000191e0000,0x00000000192e0000)]

Stack: [0x00000000191e0000,0x00000000192e0000]
Native frames: (J=compiled Java code, j=interpreted, Vv=VM code, C=native code)
V  [jvm.dll+0x32b4ca]


Current CompileTask:
C2:  84956 11063   !   4       sun.nio.fs.WindowsFileSystemProvider::checkReadAccess (48 bytes)


---------------  P R O C E S S  ---------------

Java Threads: ( => current thread )
  0x00000000214d3000 JavaThread "Worker-Main-6" daemon [_thread_blocked, id=2372, stack(0x000000002aa90000,0x000000002ab90000)]
  0x00000000214d3800 JavaThread "Worker-Main-5" daemon [_thread_blocked, id=11804, stack(0x000000002a690000,0x000000002a790000)]
  0x0000000024888800 JavaThread "Worker-Main-4" daemon [_thread_in_native, id=15072, stack(0x00000000287d0000,0x00000000288d0000)]
  0x0000000024888000 JavaThread "Narrator" [_thread_blocked, id=6096, stack(0x0000000029610000,0x0000000029710000)]
  0x000000002488c800 JavaThread "Sound engine" daemon [_thread_blocked, id=4140, stack(0x0000000029780000,0x0000000029880000)]
  0x0000000024887000 JavaThread "Snooper Timer" daemon [_thread_blocked, id=12772, stack(0x00000000276a0000,0x00000000277a0000)]
  0x0000000024885800 JavaThread "Timer hack thread" daemon [_thread_blocked, id=1476, stack(0x00000000240e0000,0x00000000241e0000)]
  0x000000002488b000 JavaThread "Worker-Bootstrap-3" daemon [_thread_in_Java, id=9232, stack(0x0000000022f80000,0x0000000023080000)]
  0x0000000024889800 JavaThread "Worker-Bootstrap-2" daemon [_thread_in_Java, id=15188, stack(0x0000000022c10000,0x0000000022d10000)]
  0x0000000020b0d800 JavaThread "Worker-Bootstrap-1" daemon [_thread_in_Java, id=2064, stack(0x0000000022490000,0x0000000022590000)]
  0x00000000198b9800 JavaThread "pool-3-thread-1" [_thread_blocked, id=11408, stack(0x000000001b9f0000,0x000000001baf0000)]
  0x000000001a7e8000 JavaThread "Thread-2" daemon [_thread_in_native, id=8864, stack(0x000000001bbf0000,0x000000001bcf0000)]
  0x000000001a7e7800 JavaThread "Thread-1" daemon [_thread_blocked, id=12020, stack(0x000000001baf0000,0x000000001bbf0000)]
  0x000000001945a000 JavaThread "Service Thread" daemon [_thread_blocked, id=12068, stack(0x0000000019be0000,0x0000000019ce0000)]
  0x0000000018f92000 JavaThread "C1 CompilerThread2" daemon [_thread_blocked, id=12188, stack(0x00000000192e0000,0x00000000193e0000)]
=>0x0000000018fba000 JavaThread "C2 CompilerThread1" daemon [_thread_in_native, id=11168, stack(0x00000000191e0000,0x00000000192e0000)]
  0x0000000018f91000 JavaThread "C2 CompilerThread0" daemon [_thread_in_native, id=8120, stack(0x00000000190e0000,0x00000000191e0000)]
  0x0000000018f8f800 JavaThread "Monitor Ctrl-Break" daemon [_thread_in_native, id=6436, stack(0x0000000018fe0000,0x00000000190e0000)]
  0x0000000017689000 JavaThread "Attach Listener" daemon [_thread_blocked, id=14052, stack(0x0000000018ad0000,0x0000000018bd0000)]
  0x0000000017687800 JavaThread "Signal Dispatcher" daemon [_thread_blocked, id=11004, stack(0x00000000189d0000,0x0000000018ad0000)]
  0x0000000002a4a800 JavaThread "Finalizer" daemon [_thread_blocked, id=13688, stack(0x00000000188d0000,0x00000000189d0000)]
  0x0000000002a47000 JavaThread "Reference Handler" daemon [_thread_blocked, id=5404, stack(0x00000000187d0000,0x00000000188d0000)]
  0x0000000002952800 JavaThread "Render thread" [_thread_in_vm, id=3620, stack(0x00000000027b0000,0x00000000028b0000)]

Other Threads:
  0x0000000002a43000 VMThread [stack: 0x00000000186d0000,0x00000000187d0000] [id=11112]
  0x000000001946b000 WatcherThread [stack: 0x0000000019ce0000,0x0000000019de0000] [id=14636]

VM state:not at safepoint (normal execution)

VM Mutex/Monitor currently owned by a thread: None

Heap:
 PSYoungGen      total 656896K, used 493727K [0x00000000d5f00000, 0x0000000100000000, 0x0000000100000000)
  eden space 634368K, 75% used [0x00000000d5f00000,0x00000000f2fd6fa8,0x00000000fca80000)
  from space 22528K, 97% used [0x00000000fca80000,0x00000000fe008060,0x00000000fe080000)
  to   space 28672K, 0% used [0x00000000fe400000,0x00000000fe400000,0x0000000100000000)
 ParOldGen       total 371200K, used 284941K [0x0000000081c00000, 0x0000000098680000, 0x00000000d5f00000)
  object space 371200K, 76% used [0x0000000081c00000,0x0000000093243508,0x0000000098680000)
 Metaspace       used 78723K, capacity 87146K, committed 87296K, reserved 1122304K
  class space    used 12624K, capacity 15246K, committed 15360K, reserved 1048576K

Card table byte_map: [0x0000000011f10000,0x0000000012310000] byte_map_base: 0x0000000011b02000

Marking Bits: (ParMarkBitMap*) 0x00000000535b4040
 Begin Bits: [0x00000000129c0000, 0x0000000014950000)
 End Bits:   [0x0000000014950000, 0x00000000168e0000)

Polling page: 0x0000000002790000

CodeCache: size=245760Kb used=25296Kb max_used=25378Kb free=220463Kb
 bounds [0x0000000002b50000, 0x0000000004460000, 0x0000000011b50000]
 total_blobs=9700 nmethods=8226 adapters=1385
 compilation: enabled

Compilation events (10 events):
Event: 84.622 Thread 0x0000000018fba000 11058       4       net.minecraft.client.renderer.model.BlockFaceUV$Deserializer::parseUV (116 bytes)
Event: 84.654 Thread 0x0000000018fba000 nmethod 11058 0x0000000003842a50 code [0x0000000003842c40, 0x0000000003843678]
Event: 84.683 Thread 0x0000000018f92000 11059       3       net.minecraft.client.renderer.model.BlockPart$Deserializer::parseAxis (51 bytes)
Event: 84.684 Thread 0x0000000018f92000 nmethod 11059 0x0000000003841310 code [0x0000000003841560, 0x00000000038423a8]
Event: 84.684 Thread 0x0000000018f92000 11060       3       net.minecraft.client.renderer.model.BlockPart$Deserializer::parseAngle (67 bytes)
Event: 84.686 Thread 0x0000000018f92000 nmethod 11060 0x00000000032fc250 code [0x00000000032fc4c0, 0x00000000032fd2e8]
Event: 84.838 Thread 0x0000000018fba000 11061   !   4       net.minecraftforge.eventbus.EventBus::post (111 bytes)
Event: 84.846 Thread 0x0000000018fba000 nmethod 11061 0x00000000037961d0 code [0x0000000003796360, 0x00000000037966d8]
Event: 84.892 Thread 0x0000000018f91000 11062   !   4       sun.nio.fs.WindowsFileSystemProvider::checkAccess (294 bytes)
Event: 84.918 Thread 0x0000000018fba000 11063   !   4       sun.nio.fs.WindowsFileSystemProvider::checkReadAccess (48 bytes)

GC Heap History (10 events):
Event: 80.984 GC heap before
{Heap before GC invocations=124 (full 5):
 PSYoungGen      total 658944K, used 645216K [0x00000000d5f00000, 0x00000000ffe00000, 0x0000000100000000)
  eden space 630784K, 100% used [0x00000000d5f00000,0x00000000fc700000,0x00000000fc700000)
  from space 28160K, 51% used [0x00000000fe200000,0x00000000ff018080,0x00000000ffd80000)
  to   space 27648K, 0% used [0x00000000fc700000,0x00000000fc700000,0x00000000fe200000)
 ParOldGen       total 371200K, used 278939K [0x0000000081c00000, 0x0000000098680000, 0x00000000d5f00000)
  object space 371200K, 75% used [0x0000000081c00000,0x0000000092c66c48,0x0000000098680000)
 Metaspace       used 78668K, capacity 87058K, committed 87296K, reserved 1122304K
  class space    used 12622K, capacity 15242K, committed 15360K, reserved 1048576K
Event: 81.004 GC heap after
Heap after GC invocations=124 (full 5):
 PSYoungGen      total 658432K, used 14880K [0x00000000d5f00000, 0x00000000ffe80000, 0x0000000100000000)
  eden space 630784K, 0% used [0x00000000d5f00000,0x00000000d5f00000,0x00000000fc700000)
  from space 27648K, 53% used [0x00000000fc700000,0x00000000fd588070,0x00000000fe200000)
  to   space 27136K, 0% used [0x00000000fe400000,0x00000000fe400000,0x00000000ffe80000)
 ParOldGen       total 371200K, used 279795K [0x0000000081c00000, 0x0000000098680000, 0x00000000d5f00000)
  object space 371200K, 75% used [0x0000000081c00000,0x0000000092d3cc68,0x0000000098680000)
 Metaspace       used 78668K, capacity 87058K, committed 87296K, reserved 1122304K
  class space    used 12622K, capacity 15242K, committed 15360K, reserved 1048576K
}
Event: 81.741 GC heap before
{Heap before GC invocations=125 (full 5):
 PSYoungGen      total 658432K, used 645664K [0x00000000d5f00000, 0x00000000ffe80000, 0x0000000100000000)
  eden space 630784K, 100% used [0x00000000d5f00000,0x00000000fc700000,0x00000000fc700000)
  from space 27648K, 53% used [0x00000000fc700000,0x00000000fd588070,0x00000000fe200000)
  to   space 27136K, 0% used [0x00000000fe400000,0x00000000fe400000,0x00000000ffe80000)
 ParOldGen       total 371200K, used 279795K [0x0000000081c00000, 0x0000000098680000, 0x00000000d5f00000)
  object space 371200K, 75% used [0x0000000081c00000,0x0000000092d3cc68,0x0000000098680000)
 Metaspace       used 78678K, capacity 87134K, committed 87296K, reserved 1122304K
  class space    used 12623K, capacity 15244K, committed 15360K, reserved 1048576K
Event: 81.767 GC heap after
Heap after GC invocations=125 (full 5):
 PSYoungGen      total 660992K, used 15168K [0x00000000d5f00000, 0x00000000ffe80000, 0x0000000100000000)
  eden space 633856K, 0% used [0x00000000d5f00000,0x00000000d5f00000,0x00000000fca00000)
  from space 27136K, 55% used [0x00000000fe400000,0x00000000ff2d0070,0x00000000ffe80000)
  to   space 26624K, 0% used [0x00000000fca00000,0x00000000fca00000,0x00000000fe400000)
 ParOldGen       total 371200K, used 280203K [0x0000000081c00000, 0x0000000098680000, 0x00000000d5f00000)
  object space 371200K, 75% used [0x0000000081c00000,0x0000000092da2c68,0x0000000098680000)
 Metaspace       used 78678K, capacity 87134K, committed 87296K, reserved 1122304K
  class space    used 12623K, capacity 15244K, committed 15360K, reserved 1048576K
}
Event: 82.614 GC heap before
{Heap before GC invocations=126 (full 5):
 PSYoungGen      total 660992K, used 649024K [0x00000000d5f00000, 0x00000000ffe80000, 0x0000000100000000)
  eden space 633856K, 100% used [0x00000000d5f00000,0x00000000fca00000,0x00000000fca00000)
  from space 27136K, 55% used [0x00000000fe400000,0x00000000ff2d0070,0x00000000ffe80000)
  to   space 26624K, 0% used [0x00000000fca00000,0x00000000fca00000,0x00000000fe400000)
 ParOldGen       total 371200K, used 280203K [0x0000000081c00000, 0x0000000098680000, 0x00000000d5f00000)
  object space 371200K, 75% used [0x0000000081c00000,0x0000000092da2c68,0x0000000098680000)
 Metaspace       used 78708K, capacity 87134K, committed 87296K, reserved 1122304K
  class space    used 12623K, capacity 15244K, committed 15360K, reserved 1048576K
Event: 82.639 GC heap after
Heap after GC invocations=126 (full 5):
 PSYoungGen      total 660480K, used 15360K [0x00000000d5f00000, 0x00000000ffe80000, 0x0000000100000000)
  eden space 633856K, 0% used [0x00000000d5f00000,0x00000000d5f00000,0x00000000fca00000)
  from space 26624K, 57% used [0x00000000fca00000,0x00000000fd900070,0x00000000fe400000)
  to   space 26112K, 0% used [0x00000000fe500000,0x00000000fe500000,0x00000000ffe80000)
 ParOldGen       total 371200K, used 281275K [0x0000000081c00000, 0x0000000098680000, 0x00000000d5f00000)
  object space 371200K, 75% used [0x0000000081c00000,0x0000000092eaec68,0x0000000098680000)
 Metaspace       used 78708K, capacity 87134K, committed 87296K, reserved 1122304K
  class space    used 12623K, capacity 15244K, committed 15360K, reserved 1048576K
}
Event: 83.373 GC heap before
{Heap before GC invocations=127 (full 5):
 PSYoungGen      total 660480K, used 649216K [0x00000000d5f00000, 0x00000000ffe80000, 0x0000000100000000)
  eden space 633856K, 100% used [0x00000000d5f00000,0x00000000fca00000,0x00000000fca00000)
  from space 26624K, 57% used [0x00000000fca00000,0x00000000fd900070,0x00000000fe400000)
  to   space 26112K, 0% used [0x00000000fe500000,0x00000000fe500000,0x00000000ffe80000)
 ParOldGen       total 371200K, used 283443K [0x0000000081c00000, 0x0000000098680000, 0x00000000d5f00000)
  object space 371200K, 76% used [0x0000000081c00000,0x00000000930ccca8,0x0000000098680000)
 Metaspace       used 78720K, capacity 87146K, committed 87296K, reserved 1122304K
  class space    used 12624K, capacity 15246K, committed 15360K, reserved 1048576K
Event: 83.406 GC heap after
Heap after GC invocations=127 (full 5):
 PSYoungGen      total 660480K, used 18432K [0x00000000d5f00000, 0x0000000100000000, 0x0000000100000000)
  eden space 634368K, 0% used [0x00000000d5f00000,0x00000000d5f00000,0x00000000fca80000)
  from space 26112K, 70% used [0x00000000fe500000,0x00000000ff700060,0x00000000ffe80000)
  to   space 27136K, 0% used [0x00000000fca80000,0x00000000fca80000,0x00000000fe500000)
 ParOldGen       total 371200K, used 284067K [0x0000000081c00000, 0x0000000098680000, 0x00000000d5f00000)
  object space 371200K, 76% used [0x0000000081c00000,0x0000000093168cb8,0x0000000098680000)
 Metaspace       used 78720K, capacity 87146K, committed 87296K, reserved 1122304K
  class space    used 12624K, capacity 15246K, committed 15360K, reserved 1048576K
}
Event: 84.517 GC heap before
{Heap before GC invocations=128 (full 5):
 PSYoungGen      total 660480K, used 652800K [0x00000000d5f00000, 0x0000000100000000, 0x0000000100000000)
  eden space 634368K, 100% used [0x00000000d5f00000,0x00000000fca80000,0x00000000fca80000)
  from space 26112K, 70% used [0x00000000fe500000,0x00000000ff700060,0x00000000ffe80000)
  to   space 27136K, 0% used [0x00000000fca80000,0x00000000fca80000,0x00000000fe500000)
 ParOldGen       total 371200K, used 284349K [0x0000000081c00000, 0x0000000098680000, 0x00000000d5f00000)
  object space 371200K, 76% used [0x0000000081c00000,0x00000000931af508,0x0000000098680000)
 Metaspace       used 78721K, capacity 87146K, committed 87296K, reserved 1122304K
  class space    used 12624K, capacity 15246K, committed 15360K, reserved 1048576K
Event: 84.547 GC heap after
Heap after GC invocations=128 (full 5):
 PSYoungGen      total 656896K, used 22048K [0x00000000d5f00000, 0x0000000100000000, 0x0000000100000000)
  eden space 634368K, 0% used [0x00000000d5f00000,0x00000000d5f00000,0x00000000fca80000)
  from space 22528K, 97% used [0x00000000fca80000,0x00000000fe008060,0x00000000fe080000)
  to   space 28672K, 0% used [0x00000000fe400000,0x00000000fe400000,0x0000000100000000)
 ParOldGen       total 371200K, used 284941K [0x0000000081c00000, 0x0000000098680000, 0x00000000d5f00000)
  object space 371200K, 76% used [0x0000000081c00000,0x0000000093243508,0x0000000098680000)
 Metaspace       used 78721K, capacity 87146K, committed 87296K, reserved 1122304K
  class space    used 12624K, capacity 15246K, committed 15360K, reserved 1048576K
}

Deoptimization events (10 events):
Event: 78.141 Thread 0x0000000024888800 Uncommon trap: reason=bimorphic action=maybe_recompile pc=0x00000000030c4910 method=net.minecraft.client.renderer.model.multipart.PropertyValueCondition.func_212485_a(Lnet/minecraft/state/StateContainer;Lnet/minecraft/state/Property;Ljava/lang/String;)Ljav≥k1.âS@
Event: 78.141 Thread 0x0000000024888800 Uncommon trap: reason=bimorphic action=maybe_recompile pc=0x00000000030c4910 method=net.minecraft.client.renderer.model.multipart.PropertyValueCondition.func_212485_a(Lnet/minecraft/state/StateContainer;Lnet/minecraft/state/Property;Ljava/lang/String;)Ljav}R7aâS@
Event: 78.141 Thread 0x0000000024888800 Uncommon trap: reason=bimorphic action=maybe_recompile pc=0x00000000030c4910 method=net.minecraft.client.renderer.model.multipart.PropertyValueCondition.func_212485_a(Lnet/minecraft/state/StateContainer;Lnet/minecraft/state/Property;Ljava/lang/String;)Ljav;wâS@
Event: 78.141 Thread 0x0000000024888800 Uncommon trap: reason=bimorphic action=maybe_recompile pc=0x00000000030c4910 method=net.minecraft.client.renderer.model.multipart.PropertyValueCondition.func_212485_a(Lnet/minecraft/state/StateContainer;Lnet/minecraft/state/Property;Ljava/lang/String;)LjavôÍ9âS@
Event: 78.141 Thread 0x0000000024888800 Uncommon trap: reason=bimorphic action=maybe_recompile pc=0x0000000003e66454 method=net.minecraft.client.renderer.model.multipart.PropertyValueCondition.func_212485_a(Lnet/minecraft/state/StateContainer;Lnet/minecraft/state/Property;Ljava/lang/String;)LjavOïÔâGT@
Event: 81.118 Thread 0x0000000024888800 Uncommon trap: reason=unstable_if action=reinterpret pc=0x000000000362e158 method=org.apache.logging.log4j.core.config.LoggerConfig.logParent(Lorg/apache/logging/log4j/core/LogEvent;Lorg/apache/logging/log4j/core/config/LoggerConfig$LoggerConfigPredicate;)ñ>tA}ÉT@
Event: 82.055 Thread 0x0000000024888800 Uncommon trap: reason=unstable_if action=reinterpret pc=0x00000000039d37f8 method=sun.nio.fs.WindowsPath.getPathForWin32Calls()Ljava/lang/String; @ 17
Event: 82.055 Thread 0x0000000024888800 Uncommon trap: reason=unstable_if action=reinterpret pc=0x0000000003c327a0 method=sun.nio.fs.WindowsPath.getPathForWin32Calls()Ljava/lang/String; @ 17
Event: 82.228 Thread 0x0000000020b0d800 Uncommon trap: reason=unstable_if action=reinterpret pc=0x0000000003686d24 method=com.mojang.datafixers.types.templates.List$ListType.equals(Ljava/lang/Object;ZZ)Z @ 23
Event: 82.832 Thread 0x0000000024888800 Uncommon trap: reason=unloaded action=reinterpret pc=0x00000000043e3e54 method=com.google.gson.internal.Streams.parse(Lcom/google/gson/stream/JsonReader;)Lcom/google/gson/JsonElement; @ 39

Internal exceptions (10 events):
Event: 84.938 Thread 0x0000000024888800 Exception <a 'sun/nio/fs/WindowsException'> (0x00000000f1c24e88) thrown at [C:\re\workspace\8-2-build-windows-amd64-cygwin\jdk8u51\3951\hotspot\src\share\vm\prims\jni.cpp, line 709]
Event: 84.938 Thread 0x0000000024888800 Exception <a 'sun/nio/fs/WindowsException'> (0x00000000f1c25848) thrown at [C:\re\workspace\8-2-build-windows-amd64-cygwin\jdk8u51\3951\hotspot\src\share\vm\prims\jni.cpp, line 709]
Event: 84.939 Thread 0x0000000024888800 Exception <a 'sun/nio/fs/WindowsException'> (0x00000000f1c26640) thrown at [C:\re\workspace\8-2-build-windows-amd64-cygwin\jdk8u51\3951\hotspot\src\share\vm\prims\jni.cpp, line 709]
Event: 84.939 Thread 0x0000000024888800 Exception <a 'sun/nio/fs/WindowsException'> (0x00000000f1c271b8) thrown at [C:\re\workspace\8-2-build-windows-amd64-cygwin\jdk8u51\3951\hotspot\src\share\vm\prims\jni.cpp, line 709]
Event: 84.942 Thread 0x0000000024888800 Exception <a 'sun/nio/fs/WindowsException'> (0x00000000f1c2fe98) thrown at [C:\re\workspace\8-2-build-windows-amd64-cygwin\jdk8u51\3951\hotspot\src\share\vm\prims\jni.cpp, line 709]
Event: 84.942 Thread 0x0000000024888800 Exception <a 'sun/nio/fs/WindowsException'> (0x00000000f1c30698) thrown at [C:\re\workspace\8-2-build-windows-amd64-cygwin\jdk8u51\3951\hotspot\src\share\vm\prims\jni.cpp, line 709]
Event: 84.943 Thread 0x0000000024888800 Exception <a 'sun/nio/fs/WindowsException'> (0x00000000f1c30fd0) thrown at [C:\re\workspace\8-2-build-windows-amd64-cygwin\jdk8u51\3951\hotspot\src\share\vm\prims\jni.cpp, line 709]
Event: 84.943 Thread 0x0000000024888800 Exception <a 'sun/nio/fs/WindowsException'> (0x00000000f1c31980) thrown at [C:\re\workspace\8-2-build-windows-amd64-cygwin\jdk8u51\3951\hotspot\src\share\vm\prims\jni.cpp, line 709]
Event: 84.944 Thread 0x0000000024888800 Exception <a 'sun/nio/fs/WindowsException'> (0x00000000f1c32768) thrown at [C:\re\workspace\8-2-build-windows-amd64-cygwin\jdk8u51\3951\hotspot\src\share\vm\prims\jni.cpp, line 709]
Event: 84.944 Thread 0x0000000024888800 Exception <a 'sun/nio/fs/WindowsException'> (0x00000000f1c332b8) thrown at [C:\re\workspace\8-2-build-windows-amd64-cygwin\jdk8u51\3951\hotspot\src\share\vm\prims\jni.cpp, line 709]

Events (10 events):
Event: 82.849 loading class net/minecraft/client/renderer/model/ModelBakery
Event: 82.849 loading class net/minecraft/client/renderer/model/ModelBakery done
Event: 83.346 Executing VM operation: ParallelGCFailedAllocation
Event: 83.347 Executing VM operation: ParallelGCFailedAllocation done
Event: 83.373 Executing VM operation: ParallelGCSystemGC
Event: 83.406 Executing VM operation: ParallelGCSystemGC done
Event: 84.511 Executing VM operation: ParallelGCFailedAllocation
Event: 84.511 Executing VM operation: ParallelGCFailedAllocation done
Event: 84.517 Executing VM operation: ParallelGCSystemGC
Event: 84.547 Executing VM operation: ParallelGCSystemGC done


Dynamic libraries:
0x00007ff6b14b0000 - 0x00007ff6b14e7000 	C:\Program Files (x86)\Minecraft\runtime\jre-x64\bin\java.exe
0x00007ffd16150000 - 0x00007ffd16345000 	C:\WINDOWS\SYSTEM32\ntdll.dll
0x00007ffd15480000 - 0x00007ffd1553d000 	C:\WINDOWS\System32\KERNEL32.DLL
0x00007ffd13b40000 - 0x00007ffd13e09000 	C:\WINDOWS\System32\KERNELBASE.dll
0x00007ffd14a70000 - 0x00007ffd14b1c000 	C:\WINDOWS\System32\ADVAPI32.dll
0x00007ffd14490000 - 0x00007ffd1452e000 	C:\WINDOWS\System32\msvcrt.dll
0x00007ffd14dc0000 - 0x00007ffd14e5c000 	C:\WINDOWS\System32\sechost.dll
0x00007ffd14ec0000 - 0x00007ffd14feb000 	C:\WINDOWS\System32\RPCRT4.dll
0x00007ffd146e0000 - 0x00007ffd14880000 	C:\WINDOWS\System32\USER32.dll
0x00007ffd13b10000 - 0x00007ffd13b32000 	C:\WINDOWS\System32\win32u.dll
0x00007ffd14ff0000 - 0x00007ffd1501a000 	C:\WINDOWS\System32\GDI32.dll
0x00007ffd13ff0000 - 0x00007ffd140fb000 	C:\WINDOWS\System32\gdi32full.dll
0x00007ffd13990000 - 0x00007ffd13a2d000 	C:\WINDOWS\System32\msvcp_win.dll
0x00007ffd13890000 - 0x00007ffd13990000 	C:\WINDOWS\System32\ucrtbase.dll
0x00007ffcfa5e0000 - 0x00007ffcfa87a000 	C:\WINDOWS\WinSxS\amd64_microsoft.windows.common-controls_6595b64144ccf1df_6.0.19041.844_none_ca00b6081b84eb1d\COMCTL32.dll
0x00007ffd14a40000 - 0x00007ffd14a70000 	C:\WINDOWS\System32\IMM32.DLL
0x0000000053640000 - 0x0000000053712000 	C:\Program Files (x86)\Minecraft\runtime\jre-x64\bin\msvcr100.dll
0x0000000052db0000 - 0x0000000053633000 	C:\Program Files (x86)\Minecraft\runtime\jre-x64\bin\server\jvm.dll
0x00007ffd15470000 - 0x00007ffd15478000 	C:\WINDOWS\System32\PSAPI.DLL
0x00007ffd0c070000 - 0x00007ffd0c07a000 	C:\WINDOWS\SYSTEM32\VERSION.dll
0x00007ffd0c510000 - 0x00007ffd0c537000 	C:\WINDOWS\SYSTEM32\WINMM.dll
0x00007ffcef230000 - 0x00007ffcef239000 	C:\WINDOWS\SYSTEM32\WSOCK32.dll
0x00007ffd14610000 - 0x00007ffd1467b000 	C:\WINDOWS\System32\WS2_32.dll
0x0000000052da0000 - 0x0000000052daf000 	C:\Program Files (x86)\Minecraft\runtime\jre-x64\bin\verify.dll
0x0000000052d70000 - 0x0000000052d99000 	C:\Program Files (x86)\Minecraft\runtime\jre-x64\bin\java.dll
0x0000000052d40000 - 0x0000000052d63000 	C:\Program Files (x86)\Minecraft\runtime\jre-x64\bin\instrument.dll
0x0000000052d20000 - 0x0000000052d36000 	C:\Program Files (x86)\Minecraft\runtime\jre-x64\bin\zip.dll
0x00007ffd159c0000 - 0x00007ffd16102000 	C:\WINDOWS\System32\SHELL32.dll
0x00007ffd117b0000 - 0x00007ffd11f40000 	C:\WINDOWS\SYSTEM32\windows.storage.dll
0x00007ffd15020000 - 0x00007ffd15375000 	C:\WINDOWS\System32\combase.dll
0x00007ffd13230000 - 0x00007ffd1325c000 	C:\WINDOWS\SYSTEM32\Wldp.dll
0x00007ffd14990000 - 0x00007ffd14a3e000 	C:\WINDOWS\System32\SHCORE.dll
0x00007ffd14e60000 - 0x00007ffd14eb5000 	C:\WINDOWS\System32\shlwapi.dll
0x00007ffd137d0000 - 0x00007ffd137ef000 	C:\WINDOWS\SYSTEM32\profapi.dll
0x00007ffd009e0000 - 0x00007ffd009fa000 	C:\Users\ervin_1nmnhvl\AppData\Local\JetBrains\Toolbox\apps\IDEA-U\ch-0\203.7148.57\bin\breakgen64.dll
0x0000000052d00000 - 0x0000000052d1a000 	C:\Program Files (x86)\Minecraft\runtime\jre-x64\bin\net.dll
0x00007ffd13020000 - 0x00007ffd1308a000 	C:\WINDOWS\system32\mswsock.dll
0x0000000052cf0000 - 0x0000000052cfd000 	C:\Program Files (x86)\Minecraft\runtime\jre-x64\bin\management.dll
0x00007ffce4a00000 - 0x00007ffce4a17000 	C:\WINDOWS\system32\napinsp.dll
0x00007ffce4a40000 - 0x00007ffce4a5b000 	C:\WINDOWS\system32\pnrpnsp.dll
0x00007ffd0e7b0000 - 0x00007ffd0e7c5000 	C:\WINDOWS\system32\wshbth.dll
0x00007ffd0f250000 - 0x00007ffd0f26d000 	C:\WINDOWS\system32\NLAapi.dll
0x00007ffd12ce0000 - 0x00007ffd12d1b000 	C:\WINDOWS\SYSTEM32\IPHLPAPI.DLL
0x00007ffd12d20000 - 0x00007ffd12deb000 	C:\WINDOWS\SYSTEM32\DNSAPI.dll
0x00007ffd14480000 - 0x00007ffd14488000 	C:\WINDOWS\System32\NSI.dll
0x00007ffce8000000 - 0x00007ffce8012000 	C:\WINDOWS\System32\winrnr.dll
0x00007ffd03d30000 - 0x00007ffd03d3a000 	C:\Windows\System32\rasadhlp.dll
0x00007ffd08cd0000 - 0x00007ffd08d4f000 	C:\WINDOWS\System32\fwpuclnt.dll
0x00007ffd13e10000 - 0x00007ffd13e37000 	C:\WINDOWS\System32\bcrypt.dll
0x0000000052cd0000 - 0x0000000052ce1000 	C:\Program Files (x86)\Minecraft\runtime\jre-x64\bin\nio.dll
0x0000000052ca0000 - 0x0000000052cc4000 	C:\Program Files (x86)\Minecraft\runtime\jre-x64\bin\sunec.dll
0x00007ffd13560000 - 0x00007ffd13578000 	C:\WINDOWS\SYSTEM32\CRYPTSP.dll
0x00007ffd12860000 - 0x00007ffd12894000 	C:\WINDOWS\system32\rsaenh.dll
0x00007ffd13750000 - 0x00007ffd1377e000 	C:\WINDOWS\SYSTEM32\USERENV.dll
0x00007ffd13a90000 - 0x00007ffd13b10000 	C:\WINDOWS\System32\bcryptprimitives.dll
0x00007ffd131a0000 - 0x00007ffd131ac000 	C:\WINDOWS\SYSTEM32\CRYPTBASE.dll
0x00007ffd0a8a0000 - 0x00007ffd0a8b7000 	C:\WINDOWS\SYSTEM32\dhcpcsvc6.DLL
0x00007ffd0a880000 - 0x00007ffd0a89d000 	C:\WINDOWS\SYSTEM32\dhcpcsvc.DLL
0x00007ffce6f50000 - 0x00007ffce6fc2000 	C:\Users\ervin_1nmnhvl\AppData\Local\Temp\lwjglervin_1nmnhvl\3.2.2-build-10\lwjgl.dll
0x00007ffcdc6c0000 - 0x00007ffcdc911000 	C:\Users\ERVIN_~1\AppData\Local\Temp\lwjglervin_1nmnhvl\3.2.2-build-10\jemalloc.dll
0x00007ffcdd9f0000 - 0x00007ffcdda4e000 	C:\Users\ERVIN_~1\AppData\Local\Temp\lwjglervin_1nmnhvl\3.2.2-build-10\glfw.dll
0x00007ffd11070000 - 0x00007ffd1110e000 	C:\WINDOWS\system32\uxtheme.dll
0x00007ffce9b00000 - 0x00007ffce9b45000 	C:\WINDOWS\SYSTEM32\dinput8.dll
0x00007ffcfbfd0000 - 0x00007ffcfbfe1000 	C:\WINDOWS\SYSTEM32\xinput1_4.dll
0x00007ffd13e40000 - 0x00007ffd13e8e000 	C:\WINDOWS\System32\cfgmgr32.dll
0x00007ffd13660000 - 0x00007ffd1368c000 	C:\WINDOWS\SYSTEM32\DEVOBJ.dll
0x00007ffd112e0000 - 0x00007ffd1130f000 	C:\WINDOWS\SYSTEM32\dwmapi.dll
0x00007ffd00060000 - 0x00007ffd001b2000 	C:\WINDOWS\SYSTEM32\inputhost.dll
0x00007ffd14cf0000 - 0x00007ffd14dbd000 	C:\WINDOWS\System32\OLEAUT32.dll
0x00007ffd10d10000 - 0x00007ffd10e02000 	C:\WINDOWS\SYSTEM32\CoreMessaging.dll
0x00007ffd0eeb0000 - 0x00007ffd0efa7000 	C:\WINDOWS\SYSTEM32\PROPSYS.dll
0x00007ffd102e0000 - 0x00007ffd10434000 	C:\WINDOWS\SYSTEM32\wintypes.dll
0x00007ffd109b0000 - 0x00007ffd10d0e000 	C:\WINDOWS\SYSTEM32\CoreUIComponents.dll
0x00007ffd12020000 - 0x00007ffd12032000 	C:\WINDOWS\SYSTEM32\kernel.appcore.dll
0x00007ffd12490000 - 0x00007ffd124c3000 	C:\WINDOWS\SYSTEM32\ntmarta.dll
0x00007ffd14360000 - 0x00007ffd14475000 	C:\WINDOWS\System32\MSCTF.dll
0x00007ffd11f40000 - 0x00007ffd11f4d000 	C:\WINDOWS\SYSTEM32\HID.DLL
0x00007ffd15550000 - 0x00007ffd159b9000 	C:\WINDOWS\System32\SETUPAPI.DLL
0x00007ffd13a30000 - 0x00007ffd13a90000 	C:\WINDOWS\System32\WINTRUST.dll
0x00007ffd13e90000 - 0x00007ffd13fef000 	C:\WINDOWS\System32\CRYPT32.dll
0x00007ffd13600000 - 0x00007ffd13612000 	C:\WINDOWS\SYSTEM32\MSASN1.dll
0x00007ffcdc540000 - 0x00007ffcdc666000 	C:\WINDOWS\SYSTEM32\opengl32.dll
0x00007ffcf7de0000 - 0x00007ffcf7e0c000 	C:\WINDOWS\SYSTEM32\GLU32.dll
0x00007ffd14880000 - 0x00007ffd14929000 	C:\WINDOWS\System32\clbcatq.dll
0x00007ffcd7c90000 - 0x00007ffcd8914000 	C:\WINDOWS\SYSTEM32\ig4icd64.dll
0x00007ffd12090000 - 0x00007ffd12183000 	C:\WINDOWS\SYSTEM32\dxgi.dll
0x00007ffd0f650000 - 0x00007ffd0f8b4000 	C:\WINDOWS\SYSTEM32\d3d11.dll
0x00007ffd073f0000 - 0x00007ffd08040000 	C:\WINDOWS\SYSTEM32\igd10umd64.dll
0x00007ffd08150000 - 0x00007ffd0818b000 	C:\WINDOWS\SYSTEM32\dxcore.dll
0x00007ffcdd700000 - 0x00007ffcdd77f000 	C:\Users\ervin_1nmnhvl\AppData\Local\Temp\lwjglervin_1nmnhvl\3.2.2-build-10\lwjgl_stb.dll
0x00007ffd0de10000 - 0x00007ffd0debe000 	C:\WINDOWS\SYSTEM32\mscms.dll
0x00007ffd0d910000 - 0x00007ffd0d921000 	C:\WINDOWS\SYSTEM32\ColorAdapterClient.dll
0x00007ffce6f00000 - 0x00007ffce6f43000 	C:\WINDOWS\SYSTEM32\icm32.dll
0x00007ffd001c0000 - 0x00007ffd002bb000 	C:\WINDOWS\SYSTEM32\textinputframework.dll
0x00007ffcdc9d0000 - 0x00007ffcdca28000 	C:\Users\ervin_1nmnhvl\AppData\Local\Temp\lwjglervin_1nmnhvl\3.2.2-build-10\lwjgl_opengl.dll
0x00007ffce6e30000 - 0x00007ffce6e72000 	C:\Users\ervin_1nmnhvl\AppData\Local\Temp\jna-2118671535\jna2637936648769840349.dll
0x00007ffcf14a0000 - 0x00007ffcf14ba000 	C:\save\modding\ervin_mod_1\build\natives\SAPIWrapper_x64.dll
0x00007ffd14230000 - 0x00007ffd1435a000 	C:\WINDOWS\System32\ole32.dll
0x00007ffcdbd00000 - 0x00007ffcdbe86000 	C:\WINDOWS\System32\Speech\Common\sapi.dll
0x00007ffcfb420000 - 0x00007ffcfb42b000 	C:\WINDOWS\SYSTEM32\msdmo.dll
0x00007ffcf97f0000 - 0x00007ffcf980e000 	C:\WINDOWS\SYSTEM32\MSACM32.dll
0x00007ffced2e0000 - 0x00007ffced306000 	C:\WINDOWS\SYSTEM32\winmmbase.dll
0x00007ffd04c90000 - 0x00007ffd04d15000 	C:\WINDOWS\System32\MMDevApi.dll

VM Arguments:
jvm_args: -Dforge.logging.console.level=debug -Dforge.logging.markers=SCAN,REGISTRIES,REGISTRYDUMP -XX:HeapDumpPath=MojangTricksIntelDriversForPerformance_javaw.exe_minecraft.exe.heapdump -Dos.name=Windows 10 -Dos.version=10.0 -javaagent:C:\Users\ervin_1nmnhvl\AppData\Local\JetBrains\Toolbox\apps\IDEA-U\ch-0\203.7148.57\lib\idea_rt.jar=58811:C:\Users\ervin_1nmnhvl\AppData\Local\JetBrains\Toolbox\apps\IDEA-U\ch-0\203.7148.57\bin -Dfile.encoding=windows-1250 
java_command: net.minecraftforge.userdev.LaunchTesting
java_class_path (initial): C:\Program Files (x86)\Minecraft\runtime\jre-x64\lib\charsets.jar;C:\Program Files (x86)\Minecraft\runtime\jre-x64\lib\deploy.jar;C:\Program Files (x86)\Minecraft\runtime\jre-x64\lib\ext\access-bridge-64.jar;C:\Program Files (x86)\Minecraft\runtime\jre-x64\lib\ext\cldrdata.jar;C:\Program Files (x86)\Minecraft\runtime\jre-x64\lib\ext\dnsns.jar;C:\Program Files (x86)\Minecraft\runtime\jre-x64\lib\ext\jaccess.jar;C:\Program Files (x86)\Minecraft\runtime\jre-x64\lib\ext\jfxrt.jar;C:\Program Files (x86)\Minecraft\runtime\jre-x64\lib\ext\localedata.jar;C:\Program Files (x86)\Minecraft\runtime\jre-x64\lib\ext\nashorn.jar;C:\Program Files (x86)\Minecraft\runtime\jre-x64\lib\ext\sunec.jar;C:\Program Files (x86)\Minecraft\runtime\jre-x64\lib\ext\sunjce_provider.jar;C:\Program Files (x86)\Minecraft\runtime\jre-x64\lib\ext\sunmscapi.jar;C:\Program Files (x86)\Minecraft\runtime\jre-x64\lib\ext\sunpkcs11.jar;C:\Program Files (x86)\Minecraft\runtime\jre-x64\lib\ext\zipfs.jar;C:\Program Files (x86)\Minecraft\runtime\jre-x64\lib\javaws.jar;C:\Program Files (x86)\Minecraft\runtime\jre-x64\lib\jce.jar;C:\Program Files (x86)\Minecraft\runtime\jre-x64\lib\jfr.jar;C:\Program Files (x86)\Minecraft\runtime\jre-x64\lib\jfxswt.jar;C:\Program Files (x86)\Minecraft\runtime\jre-x64\lib\jsse.jar;C:\Program Files (x86)\Minecraft\runtime\jre-x64\lib\management-agent.jar;C:\Program Files (x86)\Minecraft\runtime\jre-x64\lib\plugin.jar;C:\Program Files (x86)\Minecraft\runtime\jre-x64\lib\resources.jar;C:\Program Files (x86)\Minecraft\runtime\jre-x64\lib\rt.jar;C:\save\modding\ervin_mod_1\build\classes\java\main;C:\save\modding\ervin_mod_1\build\resources\main;C:\Users\ervin_1nmnhvl\.gradle\caches\forge_gradle\minecraft_user_repo\net\minecraftforge\forge\1.16.1-32.0.75_mapped_snapshot_20200723-1.16.1\forge-1.16.1-32.0.75_mapped_snapshot_20200723-1.16.1-recomp.jar;C:\Users\ervin_1nmnhvl\.gradle\caches\forge_gradle\minecraft_user_repo\net\minecraftforge\forge\1.16.1-32.0.75_
Launcher Type: SUN_STANDARD

Environment Variables:
JAVA_HOME=C:\Program Files\Java\jdk-11.0.4
PATH=C:\Program Files\Docker\Docker\Resources\bin;C:\ProgramData\Oracle\Java\javapath;C:\WINDOWS\system32;C:\WINDOWS;C:\WINDOWS\System32\Wbem;C:\WINDOWS\System32\WindowsPowerShell\v1.0\;C:\Program Files (x86)\cloudControl;C:\Program Files\Git\cmd;C:\bin;C:\Program Files (x86)\Windows Kits\8.1\Windows Performance Toolkit\;C:\Program Files (x86)\PuTTY\;C:\Program Files (x86)\Nodist\bin;G:\save\sdk\android\tools;G:\save\sdk\android\platform-tools;C:\boxfuse;C:\Program Files (x86)\Skype\Phone\;C:\Program Files (x86)\GtkSharp\2.12\bin;C:\Program Files (x86)\IVI Foundation\VISA\WinNT\Bin;C:\WINDOWS\system32;C:\WINDOWS;C:\WINDOWS\System32\Wbem;C:\WINDOWS\System32\WindowsPowerShell\v1.0\;;C:\WINDOWS\System32\OpenSSH\;C:\Users\ervin_1nmnhvl\AppData\Local\Microsoft\WindowsApps;
USERNAME=ervin_1nmnhvl
OS=Windows_NT
PROCESSOR_IDENTIFIER=Intel64 Family 6 Model 42 Stepping 7, GenuineIntel



---------------  S Y S T E M  ---------------

OS: Windows 10.0 , 64 bit Build 19041 (10.0.19041.804)

CPU:total 4 (2 cores per cpu, 2 threads per core) family 6 model 42 stepping 7, cmov, cx8, fxsr, mmx, sse, sse2, sse3, ssse3, sse4.1, sse4.2, popcnt, avx, aes, clmul, ht, tsc, tscinvbit

Memory: 4k page, physical 8266764k(471936k free), swap 10363916k(4952k free)

vm_info: Java HotSpot(TM) 64-Bit Server VM (25.51-b03) for windows-amd64 JRE (1.8.0_51-b16), built on Jun  8 2015 18:03:07 by "java_re" with MS VC++ 10.0 (VS2010)

time: Mon Mar 15 18:48:37 2021
elapsed time: 84 seconds (0d 0h 1m 24s)

