#
# There is insufficient memory for the Java Runtime Environment to continue.
# Native memory allocation (malloc) failed to allocate 1436656 bytes for Chunk::new
# Possible reasons:
#   The system is out of physical RAM or swap space
#   In 32 bit mode, the process size limit was hit
# Possible solutions:
#   Reduce memory load on the system
#   Increase physical memory or swap space
#   Check if swap backing store is full
#   Use 64 bit Java on a 64 bit OS
#   Decrease Java heap size (-Xmx/-Xms)
#   Decrease number of Java threads
#   Decrease Java thread stack sizes (-Xss)
#   Set larger code cache with -XX:ReservedCodeCacheSize=
# This output file may be truncated or incomplete.
#
#  Out of Memory Error (allocation.cpp:390), pid=15300, tid=252
#
# JRE version: Java(TM) SE Runtime Environment (8.0_51-b16) (build 1.8.0_51-b16)
# Java VM: Java HotSpot(TM) 64-Bit Server VM (25.51-b03 mixed mode windows-amd64 compressed oops)
# Failed to write core dump. Minidumps are not enabled by default on client versions of Windows
#

---------------  T H R E A D  ---------------

Current thread (0x000000001931a800):  JavaThread "C2 CompilerThread1" daemon [_thread_in_native, id=252, stack(0x0000000019530000,0x0000000019630000)]

Stack: [0x0000000019530000,0x0000000019630000]
Native frames: (J=compiled Java code, j=interpreted, Vv=VM code, C=native code)
V  [jvm.dll+0x32b4ca]
V  [jvm.dll+0x2797e3]
V  [jvm.dll+0x27a479]
V  [jvm.dll+0x271765]
V  [jvm.dll+0xcba02]
V  [jvm.dll+0xcbecc]
V  [jvm.dll+0x476f72]
V  [jvm.dll+0x4b95ff]
V  [jvm.dll+0x46b745]
V  [jvm.dll+0x46cd4e]
V  [jvm.dll+0x4501a2]
V  [jvm.dll+0xa43a2]
V  [jvm.dll+0xa4cdf]
V  [jvm.dll+0x2418a4]
V  [jvm.dll+0x29846a]
C  [msvcr100.dll+0x21d9f]
C  [msvcr100.dll+0x21e3b]
C  [KERNEL32.DLL+0x17034]
C  [ntdll.dll+0x4cec1]


Current CompileTask:
C2: 207711 18719   !   4       net.minecraft.item.ItemStack::getTooltip (1489 bytes)


---------------  P R O C E S S  ---------------

Java Threads: ( => current thread )
  0x000000001c5fb000 JavaThread "Worker-Main-20" daemon [_thread_blocked, id=1012, stack(0x000000005b730000,0x000000005b830000)]
  0x000000001c601000 JavaThread "Worker-Main-19" daemon [_thread_blocked, id=6488, stack(0x000000002b780000,0x000000002b880000)]
  0x0000000021717800 JavaThread "Sound engine" daemon [_thread_blocked, id=14068, stack(0x000000005abf0000,0x000000005acf0000)]
  0x0000000021720000 JavaThread "Netty Server IO #1" daemon [_thread_in_native, id=2944, stack(0x0000000059350000,0x0000000059450000)]
  0x000000002171d000 JavaThread "Netty Local Client IO #0" daemon [_thread_blocked, id=7644, stack(0x0000000059040000,0x0000000059140000)]
  0x0000000021712800 JavaThread "Keep-Alive-Timer" daemon [_thread_blocked, id=14936, stack(0x0000000046530000,0x0000000046630000)]
  0x000000002171a800 JavaThread "Netty Server IO #0" daemon [_thread_in_native, id=2128, stack(0x0000000058f40000,0x0000000059040000)]
  0x000000002171c000 JavaThread "ObjectCleanerThread" daemon [_thread_blocked, id=9312, stack(0x0000000058e40000,0x0000000058f40000)]
  0x000000002171d800 JavaThread "Java2D Disposer" daemon [_thread_blocked, id=1276, stack(0x00000000495f0000,0x00000000496f0000)]
  0x000000002171e800 JavaThread "IO-Worker-18" [_thread_blocked, id=1744, stack(0x0000000031510000,0x0000000031610000)]
  0x0000000021714000 JavaThread "IO-Worker-17" [_thread_blocked, id=15216, stack(0x0000000031410000,0x0000000031510000)]
  0x0000000021715800 JavaThread "IO-Worker-16" [_thread_blocked, id=1568, stack(0x0000000048780000,0x0000000048880000)]
  0x0000000021713000 JavaThread "IO-Worker-15" [_thread_blocked, id=15712, stack(0x0000000048680000,0x0000000048780000)]
  0x0000000021711800 JavaThread "Worker-Main-12" daemon [_thread_blocked, id=628, stack(0x0000000045bc0000,0x0000000045cc0000)]
  0x0000000021714800 JavaThread "Thread-11" daemon [_thread_in_native, id=6828, stack(0x0000000034290000,0x0000000034390000)]
  0x0000000021717000 JavaThread "Server thread" [_thread_in_Java, id=14720, stack(0x00000000318a0000,0x00000000319a0000)]
  0x0000000021718800 JavaThread "Snooper Timer" daemon [_thread_blocked, id=3888, stack(0x0000000029e50000,0x0000000029f50000)]
  0x000000001c5fc800 JavaThread "Narrator" [_thread_blocked, id=11024, stack(0x0000000029f50000,0x000000002a050000)]
  0x000000001c5fd000 JavaThread "Snooper Timer" daemon [_thread_blocked, id=15884, stack(0x0000000028960000,0x0000000028a60000)]
  0x000000001c5ff800 JavaThread "Timer hack thread" daemon [_thread_blocked, id=14520, stack(0x0000000027830000,0x0000000027930000)]
  0x000000001c638800 JavaThread "pool-3-thread-1" [_thread_blocked, id=7676, stack(0x000000001ba40000,0x000000001bb40000)]
  0x0000000019795000 JavaThread "Thread-2" daemon [_thread_in_native, id=5044, stack(0x000000001be60000,0x000000001bf60000)]
  0x0000000019775800 JavaThread "Thread-1" daemon [_thread_blocked, id=10020, stack(0x000000001bd60000,0x000000001be60000)]
  0x00000000196cf800 JavaThread "Service Thread" daemon [_thread_blocked, id=7476, stack(0x0000000019f30000,0x000000001a030000)]
  0x0000000019328800 JavaThread "C1 CompilerThread2" daemon [_thread_blocked, id=7996, stack(0x0000000019e30000,0x0000000019f30000)]
=>0x000000001931a800 JavaThread "C2 CompilerThread1" daemon [_thread_in_native, id=252, stack(0x0000000019530000,0x0000000019630000)]
  0x0000000019318000 JavaThread "C2 CompilerThread0" daemon [_thread_in_native, id=14136, stack(0x0000000019430000,0x0000000019530000)]
  0x0000000019316800 JavaThread "Monitor Ctrl-Break" daemon [_thread_in_native, id=11488, stack(0x0000000019330000,0x0000000019430000)]
  0x00000000179e2800 JavaThread "Attach Listener" daemon [_thread_blocked, id=9300, stack(0x0000000018e30000,0x0000000018f30000)]
  0x00000000179e1000 JavaThread "Signal Dispatcher" daemon [_thread_blocked, id=6496, stack(0x0000000018d30000,0x0000000018e30000)]
  0x0000000002d3b000 JavaThread "Finalizer" daemon [_thread_blocked, id=10960, stack(0x0000000018c30000,0x0000000018d30000)]
  0x0000000002d37000 JavaThread "Reference Handler" daemon [_thread_blocked, id=14236, stack(0x0000000018b30000,0x0000000018c30000)]
  0x0000000002c42800 JavaThread "Render thread" [_thread_in_Java, id=2548, stack(0x0000000002b40000,0x0000000002c40000)]

Other Threads:
  0x0000000017999000 VMThread [stack: 0x0000000018a30000,0x0000000018b30000] [id=2172]
  0x00000000196f0800 WatcherThread [stack: 0x000000001a030000,0x000000001a130000] [id=14628]

VM state:not at safepoint (normal execution)

VM Mutex/Monitor currently owned by a thread: None

Heap:
 PSYoungGen      total 459776K, used 174555K [0x00000000d5f00000, 0x0000000100000000, 0x0000000100000000)
  eden space 230400K, 41% used [0x00000000d5f00000,0x00000000dbcd0580,0x00000000e4000000)
  from space 229376K, 34% used [0x00000000f2000000,0x00000000f6ca66f0,0x0000000100000000)
  to   space 229376K, 0% used [0x00000000e4000000,0x00000000e4000000,0x00000000f2000000)
 ParOldGen       total 724992K, used 462962K [0x0000000081c00000, 0x00000000ae000000, 0x00000000d5f00000)
  object space 724992K, 63% used [0x0000000081c00000,0x000000009e01cb78,0x00000000ae000000)
 Metaspace       used 95662K, capacity 107818K, committed 108032K, reserved 1138688K
  class space    used 14666K, capacity 17891K, committed 17920K, reserved 1048576K

Card table byte_map: [0x0000000012260000,0x0000000012660000] byte_map_base: 0x0000000011e52000

Marking Bits: (ParMarkBitMap*) 0x0000000075844040
 Begin Bits: [0x0000000012d10000, 0x0000000014ca0000)
 End Bits:   [0x0000000014ca0000, 0x0000000016c30000)

Polling page: 0x0000000002a50000

CodeCache: size=245760Kb used=43831Kb max_used=44033Kb free=201928Kb
 bounds [0x0000000002ea0000, 0x0000000005a70000, 0x0000000011ea0000]
 total_blobs=15108 nmethods=13435 adapters=1581
 compilation: enabled

Compilation events (10 events):
Event: 207.564 Thread 0x0000000019328800 18773       1       net.minecraft.util.math.ChunkPos::getZStart (7 bytes)
Event: 207.564 Thread 0x0000000019328800 nmethod 18773 0x00000000052ef2d0 code [0x00000000052ef420, 0x00000000052ef530]
Event: 207.565 Thread 0x0000000019328800 18772       1       net.minecraft.util.math.ChunkPos::getXStart (7 bytes)
Event: 207.565 Thread 0x0000000019328800 nmethod 18772 0x00000000052ef010 code [0x00000000052ef160, 0x00000000052ef270]
Event: 207.566 Thread 0x000000001931a800 nmethod 18771 0x000000000560f210 code [0x000000000560f380, 0x000000000560f698]
Event: 207.566 Thread 0x000000001931a800 18762       4       java.text.MessageFormat::toPattern (429 bytes)
Event: 207.584 Thread 0x000000001931a800 nmethod 18762 0x000000000561f7d0 code [0x000000000561fa60, 0x00000000056203e0]
Event: 207.584 Thread 0x000000001931a800 18774 %     4       net.minecraft.tags.TagCollection::getOwningTags @ 19 (77 bytes)
Event: 207.607 Thread 0x000000001931a800 nmethod 18774% 0x00000000052d4290 code [0x00000000052d4440, 0x00000000052d4eb8]
Event: 207.607 Thread 0x000000001931a800 18719   !   4       net.minecraft.item.ItemStack::getTooltip (1489 bytes)

GC Heap History (10 events):
Event: 199.182 GC heap before
{Heap before GC invocations=163 (full 8):
 PSYoungGen      total 421376K, used 374668K [0x00000000d5f00000, 0x0000000100000000, 0x0000000100000000)
  eden space 232448K, 100% used [0x00000000d5f00000,0x00000000e4200000,0x00000000e4200000)
  from space 188928K, 75% used [0x00000000f4780000,0x00000000fd263380,0x0000000100000000)
  to   space 228352K, 0% used [0x00000000e4200000,0x00000000e4200000,0x00000000f2100000)
 ParOldGen       total 724992K, used 526034K [0x0000000081c00000, 0x00000000ae000000, 0x00000000d5f00000)
  object space 724992K, 72% used [0x0000000081c00000,0x00000000a1db49a0,0x00000000ae000000)
 Metaspace       used 93114K, capacity 104812K, committed 104960K, reserved 1136640K
  class space    used 14295K, capacity 17408K, committed 17408K, reserved 1048576K
Event: 199.365 GC heap after
Heap after GC invocations=163 (full 8):
 PSYoungGen      total 362496K, used 129566K [0x00000000d5f00000, 0x0000000100000000, 0x0000000100000000)
  eden space 232448K, 0% used [0x00000000d5f00000,0x00000000d5f00000,0x00000000e4200000)
  from space 130048K, 99% used [0x00000000e4200000,0x00000000ec087b28,0x00000000ec100000)
  to   space 229376K, 0% used [0x00000000f2000000,0x00000000f2000000,0x0000000100000000)
 ParOldGen       total 724992K, used 526050K [0x0000000081c00000, 0x00000000ae000000, 0x00000000d5f00000)
  object space 724992K, 72% used [0x0000000081c00000,0x00000000a1db89a0,0x00000000ae000000)
 Metaspace       used 93114K, capacity 104812K, committed 104960K, reserved 1136640K
  class space    used 14295K, capacity 17408K, committed 17408K, reserved 1048576K
}
Event: 200.531 GC heap before
{Heap before GC invocations=164 (full 8):
 PSYoungGen      total 362496K, used 362014K [0x00000000d5f00000, 0x0000000100000000, 0x0000000100000000)
  eden space 232448K, 100% used [0x00000000d5f00000,0x00000000e4200000,0x00000000e4200000)
  from space 130048K, 99% used [0x00000000e4200000,0x00000000ec087b28,0x00000000ec100000)
  to   space 229376K, 0% used [0x00000000f2000000,0x00000000f2000000,0x0000000100000000)
 ParOldGen       total 724992K, used 526050K [0x0000000081c00000, 0x00000000ae000000, 0x00000000d5f00000)
  object space 724992K, 72% used [0x0000000081c00000,0x00000000a1db89a0,0x00000000ae000000)
 Metaspace       used 93696K, capacity 105414K, committed 105728K, reserved 1136640K
  class space    used 14422K, capacity 17581K, committed 17664K, reserved 1048576K
Event: 200.852 GC heap after
Heap after GC invocations=164 (full 8):
 PSYoungGen      total 459776K, used 181729K [0x00000000d5f00000, 0x0000000100000000, 0x0000000100000000)
  eden space 230400K, 0% used [0x00000000d5f00000,0x00000000d5f00000,0x00000000e4000000)
  from space 229376K, 79% used [0x00000000f2000000,0x00000000fd178428,0x0000000100000000)
  to   space 229376K, 0% used [0x00000000e4000000,0x00000000e4000000,0x00000000f2000000)
 ParOldGen       total 724992K, used 526058K [0x0000000081c00000, 0x00000000ae000000, 0x00000000d5f00000)
  object space 724992K, 72% used [0x0000000081c00000,0x00000000a1dba9a0,0x00000000ae000000)
 Metaspace       used 93696K, capacity 105414K, committed 105728K, reserved 1136640K
  class space    used 14422K, capacity 17581K, committed 17664K, reserved 1048576K
}
Event: 203.102 GC heap before
{Heap before GC invocations=165 (full 8):
 PSYoungGen      total 459776K, used 401186K [0x00000000d5f00000, 0x0000000100000000, 0x0000000100000000)
  eden space 230400K, 95% used [0x00000000d5f00000,0x00000000e3550700,0x00000000e4000000)
  from space 229376K, 79% used [0x00000000f2000000,0x00000000fd178428,0x0000000100000000)
  to   space 229376K, 0% used [0x00000000e4000000,0x00000000e4000000,0x00000000f2000000)
 ParOldGen       total 724992K, used 526058K [0x0000000081c00000, 0x00000000ae000000, 0x00000000d5f00000)
  object space 724992K, 72% used [0x0000000081c00000,0x00000000a1dba9a0,0x00000000ae000000)
 Metaspace       used 95205K, capacity 107264K, committed 107520K, reserved 1138688K
  class space    used 14607K, capacity 17834K, committed 17920K, reserved 1048576K
Event: 203.347 GC heap after
Heap after GC invocations=165 (full 8):
 PSYoungGen      total 459776K, used 170257K [0x00000000d5f00000, 0x0000000100000000, 0x0000000100000000)
  eden space 230400K, 0% used [0x00000000d5f00000,0x00000000d5f00000,0x00000000e4000000)
  from space 229376K, 74% used [0x00000000e4000000,0x00000000ee644408,0x00000000f2000000)
  to   space 229376K, 0% used [0x00000000f2000000,0x00000000f2000000,0x0000000100000000)
 ParOldGen       total 724992K, used 526066K [0x0000000081c00000, 0x00000000ae000000, 0x00000000d5f00000)
  object space 724992K, 72% used [0x0000000081c00000,0x00000000a1dbc9a0,0x00000000ae000000)
 Metaspace       used 95205K, capacity 107264K, committed 107520K, reserved 1138688K
  class space    used 14607K, capacity 17834K, committed 17920K, reserved 1048576K
}
Event: 203.347 GC heap before
{Heap before GC invocations=166 (full 9):
 PSYoungGen      total 459776K, used 170257K [0x00000000d5f00000, 0x0000000100000000, 0x0000000100000000)
  eden space 230400K, 0% used [0x00000000d5f00000,0x00000000d5f00000,0x00000000e4000000)
  from space 229376K, 74% used [0x00000000e4000000,0x00000000ee644408,0x00000000f2000000)
  to   space 229376K, 0% used [0x00000000f2000000,0x00000000f2000000,0x0000000100000000)
 ParOldGen       total 724992K, used 526066K [0x0000000081c00000, 0x00000000ae000000, 0x00000000d5f00000)
  object space 724992K, 72% used [0x0000000081c00000,0x00000000a1dbc9a0,0x00000000ae000000)
 Metaspace       used 95205K, capacity 107264K, committed 107520K, reserved 1138688K
  class space    used 14607K, capacity 17834K, committed 17920K, reserved 1048576K
Event: 206.029 GC heap after
Heap after GC invocations=166 (full 9):
 PSYoungGen      total 459776K, used 0K [0x00000000d5f00000, 0x0000000100000000, 0x0000000100000000)
  eden space 230400K, 0% used [0x00000000d5f00000,0x00000000d5f00000,0x00000000e4000000)
  from space 229376K, 0% used [0x00000000e4000000,0x00000000e4000000,0x00000000f2000000)
  to   space 229376K, 0% used [0x00000000f2000000,0x00000000f2000000,0x0000000100000000)
 ParOldGen       total 724992K, used 462962K [0x0000000081c00000, 0x00000000ae000000, 0x00000000d5f00000)
  object space 724992K, 63% used [0x0000000081c00000,0x000000009e01cb78,0x00000000ae000000)
 Metaspace       used 95205K, capacity 107264K, committed 107520K, reserved 1138688K
  class space    used 14607K, capacity 17834K, committed 17920K, reserved 1048576K
}
Event: 207.067 GC heap before
{Heap before GC invocations=167 (full 9):
 PSYoungGen      total 459776K, used 230400K [0x00000000d5f00000, 0x0000000100000000, 0x0000000100000000)
  eden space 230400K, 100% used [0x00000000d5f00000,0x00000000e4000000,0x00000000e4000000)
  from space 229376K, 0% used [0x00000000e4000000,0x00000000e4000000,0x00000000f2000000)
  to   space 229376K, 0% used [0x00000000f2000000,0x00000000f2000000,0x0000000100000000)
 ParOldGen       total 724992K, used 462962K [0x0000000081c00000, 0x00000000ae000000, 0x00000000d5f00000)
  object space 724992K, 63% used [0x0000000081c00000,0x000000009e01cb78,0x00000000ae000000)
 Metaspace       used 95567K, capacity 107752K, committed 108032K, reserved 1138688K
  class space    used 14655K, capacity 17880K, committed 17920K, reserved 1048576K
Event: 207.195 GC heap after
Heap after GC invocations=167 (full 9):
 PSYoungGen      total 459776K, used 78489K [0x00000000d5f00000, 0x0000000100000000, 0x0000000100000000)
  eden space 230400K, 0% used [0x00000000d5f00000,0x00000000d5f00000,0x00000000e4000000)
  from space 229376K, 34% used [0x00000000f2000000,0x00000000f6ca66f0,0x0000000100000000)
  to   space 229376K, 0% used [0x00000000e4000000,0x00000000e4000000,0x00000000f2000000)
 ParOldGen       total 724992K, used 462962K [0x0000000081c00000, 0x00000000ae000000, 0x00000000d5f00000)
  object space 724992K, 63% used [0x0000000081c00000,0x000000009e01cb78,0x00000000ae000000)
 Metaspace       used 95567K, capacity 107752K, committed 108032K, reserved 1138688K
  class space    used 14655K, capacity 17880K, committed 17920K, reserved 1048576K
}

Deoptimization events (10 events):
Event: 207.226 Thread 0x0000000021717000 Uncommon trap: reason=bimorphic action=maybe_recompile pc=0x0000000005a1e310 method=net.minecraft.block.AbstractBlock$AbstractBlockState.randomTick(Lnet/minecraft/world/server/ServerWorld;Lnet/minecraft/util/math/BlockPos;Ljava/util/Random;)V @ 11
Event: 207.228 Thread 0x0000000002c42800 Uncommon trap: reason=class_check action=maybe_recompile pc=0x000000000588cd10 method=net.minecraft.world.IWorld.getDifficulty()Lnet/minecraft/world/Difficulty; @ 1
Event: 207.231 Thread 0x0000000002c42800 Uncommon trap: reason=bimorphic action=maybe_recompile pc=0x00000000039af9e8 method=java.util.HashMap$ValueSpliterator.forEachRemaining(Ljava/util/function/Consumer;)V @ 145
Event: 207.248 Thread 0x0000000002c42800 Uncommon trap: reason=unstable_if action=reinterpret pc=0x000000000407ea38 method=net.minecraft.nbt.CompoundNBT.equals(Ljava/lang/Object;)Z @ 2
Event: 207.293 Thread 0x0000000002c42800 Uncommon trap: reason=bimorphic action=maybe_recompile pc=0x0000000003d7e18c method=java.util.regex.Pattern$5.isSatisfiedBy(I)Z @ 16
Event: 207.381 Thread 0x0000000002c42800 Uncommon trap: reason=bimorphic action=maybe_recompile pc=0x0000000003d7e18c method=java.util.regex.Pattern$5.isSatisfiedBy(I)Z @ 16
Event: 207.558 Thread 0x0000000002c42800 Uncommon trap: reason=class_check action=maybe_recompile pc=0x000000000549b004 method=net.minecraft.tags.Tag.contains(Ljava/lang/Object;)Z @ 16
Event: 207.558 Thread 0x0000000002c42800 Uncommon trap: reason=class_check action=maybe_recompile pc=0x000000000549b004 method=net.minecraft.tags.Tag.contains(Ljava/lang/Object;)Z @ 16
Event: 207.558 Thread 0x0000000002c42800 Uncommon trap: reason=class_check action=maybe_recompile pc=0x000000000549b004 method=net.minecraft.tags.Tag.contains(Ljava/lang/Object;)Z @ 16
Event: 207.558 Thread 0x0000000002c42800 Uncommon trap: reason=class_check action=maybe_recompile pc=0x000000000549b004 method=net.minecraft.tags.Tag.contains(Ljava/lang/Object;)Z @ 16

Internal exceptions (10 events):
Event: 207.232 Thread 0x0000000002c42800 Exception <a 'sun/nio/fs/WindowsException'> (0x00000000d6b10008) thrown at [C:\re\workspace\8-2-build-windows-amd64-cygwin\jdk8u51\3951\hotspot\src\share\vm\prims\jni.cpp, line 709]
Event: 207.232 Thread 0x0000000002c42800 Exception <a 'sun/nio/fs/WindowsException'> (0x00000000d6b10588) thrown at [C:\re\workspace\8-2-build-windows-amd64-cygwin\jdk8u51\3951\hotspot\src\share\vm\prims\jni.cpp, line 709]
Event: 207.233 Thread 0x0000000002c42800 Exception <a 'sun/nio/fs/WindowsException'> (0x00000000d6b112e0) thrown at [C:\re\workspace\8-2-build-windows-amd64-cygwin\jdk8u51\3951\hotspot\src\share\vm\prims\jni.cpp, line 709]
Event: 207.233 Thread 0x0000000002c42800 Exception <a 'sun/nio/fs/WindowsException'> (0x00000000d6b11870) thrown at [C:\re\workspace\8-2-build-windows-amd64-cygwin\jdk8u51\3951\hotspot\src\share\vm\prims\jni.cpp, line 709]
Event: 207.238 Thread 0x0000000002c42800 Exception <a 'sun/nio/fs/WindowsException'> (0x00000000d6b12548) thrown at [C:\re\workspace\8-2-build-windows-amd64-cygwin\jdk8u51\3951\hotspot\src\share\vm\prims\jni.cpp, line 709]
Event: 207.238 Thread 0x0000000002c42800 Exception <a 'sun/nio/fs/WindowsException'> (0x00000000d6b12b98) thrown at [C:\re\workspace\8-2-build-windows-amd64-cygwin\jdk8u51\3951\hotspot\src\share\vm\prims\jni.cpp, line 709]
Event: 207.290 Thread 0x0000000002c42800 Exception <a 'sun/nio/fs/WindowsException'> (0x00000000d737bf00) thrown at [C:\re\workspace\8-2-build-windows-amd64-cygwin\jdk8u51\3951\hotspot\src\share\vm\prims\jni.cpp, line 709]
Event: 207.290 Thread 0x0000000002c42800 Exception <a 'sun/nio/fs/WindowsException'> (0x00000000d737c4a0) thrown at [C:\re\workspace\8-2-build-windows-amd64-cygwin\jdk8u51\3951\hotspot\src\share\vm\prims\jni.cpp, line 709]
Event: 207.291 Thread 0x0000000002c42800 Exception <a 'sun/nio/fs/WindowsException'> (0x00000000d737de10) thrown at [C:\re\workspace\8-2-build-windows-amd64-cygwin\jdk8u51\3951\hotspot\src\share\vm\prims\jni.cpp, line 709]
Event: 207.291 Thread 0x0000000002c42800 Exception <a 'sun/nio/fs/WindowsException'> (0x00000000d737e3b0) thrown at [C:\re\workspace\8-2-build-windows-amd64-cygwin\jdk8u51\3951\hotspot\src\share\vm\prims\jni.cpp, line 709]

Events (10 events):
Event: 207.659 Thread 0x0000000002c42800 DEOPT PACKING pc=0x0000000004469a00 sp=0x0000000002c3de60
Event: 207.659 Thread 0x0000000002c42800 DEOPT UNPACKING pc=0x0000000002ee787f sp=0x0000000002c3dbe8 mode 0
Event: 207.662 Thread 0x0000000002c42800 DEOPT PACKING pc=0x0000000004469a00 sp=0x0000000002c3de60
Event: 207.662 Thread 0x0000000002c42800 DEOPT UNPACKING pc=0x0000000002ee787f sp=0x0000000002c3dbe8 mode 0
Event: 207.664 Thread 0x0000000002c42800 DEOPT PACKING pc=0x0000000004469a00 sp=0x0000000002c3de60
Event: 207.664 Thread 0x0000000002c42800 DEOPT UNPACKING pc=0x0000000002ee787f sp=0x0000000002c3dbe8 mode 0
Event: 207.665 Thread 0x0000000002c42800 DEOPT PACKING pc=0x0000000004469a00 sp=0x0000000002c3de60
Event: 207.665 Thread 0x0000000002c42800 DEOPT UNPACKING pc=0x0000000002ee787f sp=0x0000000002c3dbe8 mode 0
Event: 207.666 Thread 0x0000000002c42800 DEOPT PACKING pc=0x0000000004469a00 sp=0x0000000002c3de60
Event: 207.666 Thread 0x0000000002c42800 DEOPT UNPACKING pc=0x0000000002ee787f sp=0x0000000002c3dbe8 mode 0


Dynamic libraries:
0x00007ff7ca400000 - 0x00007ff7ca437000 	C:\Program Files (x86)\Minecraft\runtime\jre-x64\bin\java.exe
0x00007ff8eb830000 - 0x00007ff8eba26000 	C:\WINDOWS\SYSTEM32\ntdll.dll
0x00007ff8ea5b0000 - 0x00007ff8ea66d000 	C:\WINDOWS\System32\KERNEL32.DLL
0x00007ff8e8f80000 - 0x00007ff8e9248000 	C:\WINDOWS\System32\KERNELBASE.dll
0x00007ff8e9e80000 - 0x00007ff8e9f2a000 	C:\WINDOWS\System32\ADVAPI32.dll
0x00007ff8eafa0000 - 0x00007ff8eb03e000 	C:\WINDOWS\System32\msvcrt.dll
0x00007ff8e98a0000 - 0x00007ff8e993b000 	C:\WINDOWS\System32\sechost.dll
0x00007ff8ea6f0000 - 0x00007ff8ea814000 	C:\WINDOWS\System32\RPCRT4.dll
0x00007ff8e9a20000 - 0x00007ff8e9bc0000 	C:\WINDOWS\System32\USER32.dll
0x00007ff8e97d0000 - 0x00007ff8e97f2000 	C:\WINDOWS\System32\win32u.dll
0x00007ff8eb7b0000 - 0x00007ff8eb7da000 	C:\WINDOWS\System32\GDI32.dll
0x00007ff8e9590000 - 0x00007ff8e9699000 	C:\WINDOWS\System32\gdi32full.dll
0x00007ff8e9800000 - 0x00007ff8e989d000 	C:\WINDOWS\System32\msvcp_win.dll
0x00007ff8e9460000 - 0x00007ff8e9560000 	C:\WINDOWS\System32\ucrtbase.dll
0x00007ff8d5a90000 - 0x00007ff8d5d2b000 	C:\WINDOWS\WinSxS\amd64_microsoft.windows.common-controls_6595b64144ccf1df_6.0.19041.488_none_ca04af081b815d21\COMCTL32.dll
0x00007ff8eb040000 - 0x00007ff8eb070000 	C:\WINDOWS\System32\IMM32.DLL
0x00000000758d0000 - 0x00000000759a2000 	C:\Program Files (x86)\Minecraft\runtime\jre-x64\bin\msvcr100.dll
0x0000000075040000 - 0x00000000758c3000 	C:\Program Files (x86)\Minecraft\runtime\jre-x64\bin\server\jvm.dll
0x00007ff8ea0c0000 - 0x00007ff8ea0c8000 	C:\WINDOWS\System32\PSAPI.DLL
0x00007ff8c4710000 - 0x00007ff8c4719000 	C:\WINDOWS\SYSTEM32\WSOCK32.dll
0x00007ff8e9e10000 - 0x00007ff8e9e7b000 	C:\WINDOWS\System32\WS2_32.dll
0x00007ff8e18d0000 - 0x00007ff8e18da000 	C:\WINDOWS\SYSTEM32\VERSION.dll
0x00007ff8e19d0000 - 0x00007ff8e19f7000 	C:\WINDOWS\SYSTEM32\WINMM.dll
0x0000000075030000 - 0x000000007503f000 	C:\Program Files (x86)\Minecraft\runtime\jre-x64\bin\verify.dll
0x0000000075000000 - 0x0000000075029000 	C:\Program Files (x86)\Minecraft\runtime\jre-x64\bin\java.dll
0x0000000074fd0000 - 0x0000000074ff3000 	C:\Program Files (x86)\Minecraft\runtime\jre-x64\bin\instrument.dll
0x0000000074fb0000 - 0x0000000074fc6000 	C:\Program Files (x86)\Minecraft\runtime\jre-x64\bin\zip.dll
0x00007ff8eb070000 - 0x00007ff8eb7b0000 	C:\WINDOWS\System32\SHELL32.dll
0x00007ff8e6ea0000 - 0x00007ff8e7634000 	C:\WINDOWS\SYSTEM32\windows.storage.dll
0x00007ff8ea0d0000 - 0x00007ff8ea425000 	C:\WINDOWS\System32\combase.dll
0x00007ff8e8850000 - 0x00007ff8e887c000 	C:\WINDOWS\SYSTEM32\Wldp.dll
0x00007ff8ea430000 - 0x00007ff8ea4de000 	C:\WINDOWS\System32\SHCORE.dll
0x00007ff8eaf40000 - 0x00007ff8eaf95000 	C:\WINDOWS\System32\shlwapi.dll
0x00007ff8e8eb0000 - 0x00007ff8e8ed6000 	C:\WINDOWS\SYSTEM32\profapi.dll
0x00007ff8d4d40000 - 0x00007ff8d4d5a000 	C:\Users\ervin_1nmnhvl\AppData\Local\JetBrains\Toolbox\apps\IDEA-U\ch-0\202.6397.94\bin\breakgen64.dll
0x0000000074f90000 - 0x0000000074faa000 	C:\Program Files (x86)\Minecraft\runtime\jre-x64\bin\net.dll
0x00007ff8e8640000 - 0x00007ff8e86aa000 	C:\WINDOWS\system32\mswsock.dll
0x0000000074f80000 - 0x0000000074f8d000 	C:\Program Files (x86)\Minecraft\runtime\jre-x64\bin\management.dll
0x00007ff8b7e60000 - 0x00007ff8b7e77000 	C:\WINDOWS\system32\napinsp.dll
0x00007ff8b7e80000 - 0x00007ff8b7e9b000 	C:\WINDOWS\system32\pnrpnsp.dll
0x00007ff8e3aa0000 - 0x00007ff8e3ab5000 	C:\WINDOWS\system32\wshbth.dll
0x00007ff8e47b0000 - 0x00007ff8e47cd000 	C:\WINDOWS\system32\NLAapi.dll
0x00007ff8e8350000 - 0x00007ff8e838b000 	C:\WINDOWS\SYSTEM32\IPHLPAPI.DLL
0x00007ff8e8390000 - 0x00007ff8e845b000 	C:\WINDOWS\SYSTEM32\DNSAPI.dll
0x00007ff8ea8b0000 - 0x00007ff8ea8b9000 	C:\WINDOWS\System32\NSI.dll
0x00007ff8ba580000 - 0x00007ff8ba592000 	C:\WINDOWS\System32\winrnr.dll
0x00007ff8da350000 - 0x00007ff8da35a000 	C:\Windows\System32\rasadhlp.dll
0x00007ff8dccf0000 - 0x00007ff8dcd6f000 	C:\WINDOWS\System32\fwpuclnt.dll
0x00007ff8e9560000 - 0x00007ff8e9587000 	C:\WINDOWS\System32\bcrypt.dll
0x0000000074f60000 - 0x0000000074f71000 	C:\Program Files (x86)\Minecraft\runtime\jre-x64\bin\nio.dll
0x0000000074f30000 - 0x0000000074f54000 	C:\Program Files (x86)\Minecraft\runtime\jre-x64\bin\sunec.dll
0x00007ff8e8c00000 - 0x00007ff8e8c18000 	C:\WINDOWS\SYSTEM32\CRYPTSP.dll
0x00007ff8e7ef0000 - 0x00007ff8e7f24000 	C:\WINDOWS\system32\rsaenh.dll
0x00007ff8e8e70000 - 0x00007ff8e8e9e000 	C:\WINDOWS\SYSTEM32\USERENV.dll
0x00007ff8e9750000 - 0x00007ff8e97cf000 	C:\WINDOWS\System32\bcryptprimitives.dll
0x00007ff8e87c0000 - 0x00007ff8e87cc000 	C:\WINDOWS\SYSTEM32\CRYPTBASE.dll
0x00007ff8e1970000 - 0x00007ff8e1987000 	C:\WINDOWS\SYSTEM32\dhcpcsvc6.DLL
0x00007ff8e1950000 - 0x00007ff8e196d000 	C:\WINDOWS\SYSTEM32\dhcpcsvc.DLL
0x00007ff8c3c80000 - 0x00007ff8c3cf2000 	C:\Users\ervin_1nmnhvl\AppData\Local\Temp\lwjglervin_1nmnhvl\3.2.2-build-10\lwjgl.dll
0x00007ff8ad610000 - 0x00007ff8ad861000 	C:\Users\ERVIN_~1\AppData\Local\Temp\lwjglervin_1nmnhvl\3.2.2-build-10\jemalloc.dll
0x00007ff8c9110000 - 0x00007ff8c916e000 	C:\Users\ERVIN_~1\AppData\Local\Temp\lwjglervin_1nmnhvl\3.2.2-build-10\glfw.dll
0x00007ff8e6800000 - 0x00007ff8e689f000 	C:\WINDOWS\system32\uxtheme.dll
0x00007ff8ceeb0000 - 0x00007ff8ceef5000 	C:\WINDOWS\SYSTEM32\dinput8.dll
0x00007ff8d48d0000 - 0x00007ff8d48e1000 	C:\WINDOWS\SYSTEM32\xinput1_4.dll
0x00007ff8e96a0000 - 0x00007ff8e96ee000 	C:\WINDOWS\System32\cfgmgr32.dll
0x00007ff8e8ce0000 - 0x00007ff8e8d0c000 	C:\WINDOWS\SYSTEM32\DEVOBJ.dll
0x00007ff8e6bb0000 - 0x00007ff8e6bdf000 	C:\WINDOWS\SYSTEM32\dwmapi.dll
0x00007ff8d8560000 - 0x00007ff8d86b2000 	C:\WINDOWS\SYSTEM32\inputhost.dll
0x00007ff8ea4e0000 - 0x00007ff8ea5ad000 	C:\WINDOWS\System32\OLEAUT32.dll
0x00007ff8e4690000 - 0x00007ff8e4787000 	C:\WINDOWS\SYSTEM32\PROPSYS.dll
0x00007ff8e6320000 - 0x00007ff8e6412000 	C:\WINDOWS\SYSTEM32\CoreMessaging.dll
0x00007ff8e58f0000 - 0x00007ff8e5a46000 	C:\WINDOWS\SYSTEM32\wintypes.dll
0x00007ff8e5fc0000 - 0x00007ff8e631e000 	C:\WINDOWS\SYSTEM32\CoreUIComponents.dll
0x00007ff8e7720000 - 0x00007ff8e7732000 	C:\WINDOWS\SYSTEM32\kernel.appcore.dll
0x00007ff8e7b80000 - 0x00007ff8e7bb3000 	C:\WINDOWS\SYSTEM32\ntmarta.dll
0x00007ff8e9bc0000 - 0x00007ff8e9cd5000 	C:\WINDOWS\System32\MSCTF.dll
0x00007ff8e7640000 - 0x00007ff8e764d000 	C:\WINDOWS\SYSTEM32\HID.DLL
0x00007ff8eaa70000 - 0x00007ff8eaed7000 	C:\WINDOWS\System32\SETUPAPI.DLL
0x00007ff8e96f0000 - 0x00007ff8e9750000 	C:\WINDOWS\System32\WINTRUST.dll
0x00007ff8e9250000 - 0x00007ff8e93ad000 	C:\WINDOWS\System32\CRYPT32.dll
0x00007ff8e8c50000 - 0x00007ff8e8c62000 	C:\WINDOWS\SYSTEM32\MSASN1.dll
0x00007ff8bd2a0000 - 0x00007ff8bd3c5000 	C:\WINDOWS\SYSTEM32\opengl32.dll
0x00007ff8d6340000 - 0x00007ff8d636c000 	C:\WINDOWS\SYSTEM32\GLU32.dll
0x00007ff8ea010000 - 0x00007ff8ea0b9000 	C:\WINDOWS\System32\clbcatq.dll
0x00007ff89fbe0000 - 0x00007ff8a0864000 	C:\WINDOWS\SYSTEM32\ig4icd64.dll
0x00007ff8e7790000 - 0x00007ff8e7883000 	C:\WINDOWS\SYSTEM32\dxgi.dll
0x00007ff8e4b30000 - 0x00007ff8e4d94000 	C:\WINDOWS\SYSTEM32\d3d11.dll
0x00007ff8de350000 - 0x00007ff8defa0000 	C:\WINDOWS\SYSTEM32\igd10umd64.dll
0x00007ff8df1f0000 - 0x00007ff8df22b000 	C:\WINDOWS\SYSTEM32\dxcore.dll
0x00007ff8c3c00000 - 0x00007ff8c3c7f000 	C:\Users\ervin_1nmnhvl\AppData\Local\Temp\lwjglervin_1nmnhvl\3.2.2-build-10\lwjgl_stb.dll
0x00007ff8e34d0000 - 0x00007ff8e357e000 	C:\WINDOWS\SYSTEM32\mscms.dll
0x00007ff8e33e0000 - 0x00007ff8e33f1000 	C:\WINDOWS\SYSTEM32\ColorAdapterClient.dll
0x00007ff8c3670000 - 0x00007ff8c36b3000 	C:\WINDOWS\SYSTEM32\icm32.dll
0x00007ff8d86c0000 - 0x00007ff8d87bc000 	C:\WINDOWS\SYSTEM32\textinputframework.dll
0x00007ff8bd430000 - 0x00007ff8bd488000 	C:\Users\ervin_1nmnhvl\AppData\Local\Temp\lwjglervin_1nmnhvl\3.2.2-build-10\lwjgl_opengl.dll
0x00007ff8d1f30000 - 0x00007ff8d1f72000 	C:\Users\ervin_1nmnhvl\AppData\Local\Temp\jna-2118671535\jna1131368402044140827.dll
0x00007ff8d6320000 - 0x00007ff8d633a000 	C:\save\modding\ervin_mod_1\build\natives\SAPIWrapper_x64.dll
0x00007ff8e9ce0000 - 0x00007ff8e9e0a000 	C:\WINDOWS\System32\ole32.dll
0x00007ff8ad2c0000 - 0x00007ff8ad444000 	C:\WINDOWS\System32\Speech\Common\sapi.dll
0x00007ff89f370000 - 0x00007ff89f38e000 	C:\WINDOWS\SYSTEM32\MSACM32.dll
0x00007ff8dae60000 - 0x00007ff8dae6b000 	C:\WINDOWS\SYSTEM32\msdmo.dll
0x00007ff8b25a0000 - 0x00007ff8b25c6000 	C:\WINDOWS\SYSTEM32\winmmbase.dll
0x00007ff8d99c0000 - 0x00007ff8d9a45000 	C:\WINDOWS\System32\MMDevApi.dll
0x00007ff8aee70000 - 0x00007ff8aef84000 	C:\Users\ERVIN_~1\AppData\Local\Temp\lwjglervin_1nmnhvl\3.2.2-build-10\OpenAL.dll
0x00007ff8cf010000 - 0x00007ff8cf191000 	C:\WINDOWS\SYSTEM32\AUDIOSES.DLL
0x00007ff8e8d30000 - 0x00007ff8e8d7b000 	C:\WINDOWS\SYSTEM32\powrprof.dll
0x00007ff8e8d10000 - 0x00007ff8e8d22000 	C:\WINDOWS\SYSTEM32\UMPDC.dll
0x00007ff8e68e0000 - 0x00007ff8e68f4000 	C:\WINDOWS\SYSTEM32\resourcepolicyclient.dll
0x0000000074d90000 - 0x0000000074f28000 	C:\Program Files (x86)\Minecraft\runtime\jre-x64\bin\awt.dll
0x00007ff8e6630000 - 0x00007ff8e66c0000 	C:\WINDOWS\SYSTEM32\apphelp.dll
0x00007ff8dfae0000 - 0x00007ff8dfcc4000 	C:\WINDOWS\SYSTEM32\dbghelp.dll

VM Arguments:
jvm_args: -Dforge.logging.console.level=debug -Dforge.logging.markers=SCAN,REGISTRIES,REGISTRYDUMP -XX:HeapDumpPath=MojangTricksIntelDriversForPerformance_javaw.exe_minecraft.exe.heapdump -Dos.name=Windows 10 -Dos.version=10.0 -javaagent:C:\Users\ervin_1nmnhvl\AppData\Local\JetBrains\Toolbox\apps\IDEA-U\ch-0\202.6397.94\lib\idea_rt.jar=56733:C:\Users\ervin_1nmnhvl\AppData\Local\JetBrains\Toolbox\apps\IDEA-U\ch-0\202.6397.94\bin -Dfile.encoding=UTF-8 
java_command: net.minecraftforge.userdev.LaunchTesting
java_class_path (initial): C:\Program Files (x86)\Minecraft\runtime\jre-x64\lib\charsets.jar;C:\Program Files (x86)\Minecraft\runtime\jre-x64\lib\deploy.jar;C:\Program Files (x86)\Minecraft\runtime\jre-x64\lib\ext\access-bridge-64.jar;C:\Program Files (x86)\Minecraft\runtime\jre-x64\lib\ext\cldrdata.jar;C:\Program Files (x86)\Minecraft\runtime\jre-x64\lib\ext\dnsns.jar;C:\Program Files (x86)\Minecraft\runtime\jre-x64\lib\ext\jaccess.jar;C:\Program Files (x86)\Minecraft\runtime\jre-x64\lib\ext\jfxrt.jar;C:\Program Files (x86)\Minecraft\runtime\jre-x64\lib\ext\localedata.jar;C:\Program Files (x86)\Minecraft\runtime\jre-x64\lib\ext\nashorn.jar;C:\Program Files (x86)\Minecraft\runtime\jre-x64\lib\ext\sunec.jar;C:\Program Files (x86)\Minecraft\runtime\jre-x64\lib\ext\sunjce_provider.jar;C:\Program Files (x86)\Minecraft\runtime\jre-x64\lib\ext\sunmscapi.jar;C:\Program Files (x86)\Minecraft\runtime\jre-x64\lib\ext\sunpkcs11.jar;C:\Program Files (x86)\Minecraft\runtime\jre-x64\lib\ext\zipfs.jar;C:\Program Files (x86)\Minecraft\runtime\jre-x64\lib\javaws.jar;C:\Program Files (x86)\Minecraft\runtime\jre-x64\lib\jce.jar;C:\Program Files (x86)\Minecraft\runtime\jre-x64\lib\jfr.jar;C:\Program Files (x86)\Minecraft\runtime\jre-x64\lib\jfxswt.jar;C:\Program Files (x86)\Minecraft\runtime\jre-x64\lib\jsse.jar;C:\Program Files (x86)\Minecraft\runtime\jre-x64\lib\management-agent.jar;C:\Program Files (x86)\Minecraft\runtime\jre-x64\lib\plugin.jar;C:\Program Files (x86)\Minecraft\runtime\jre-x64\lib\resources.jar;C:\Program Files (x86)\Minecraft\runtime\jre-x64\lib\rt.jar;C:\save\modding\ervin_mod_1\build\classes\java\main;C:\save\modding\ervin_mod_1\build\resources\main;C:\Users\ervin_1nmnhvl\.gradle\caches\forge_gradle\minecraft_user_repo\net\minecraftforge\forge\1.16.1-32.0.75_mapped_snapshot_20200723-1.16.1\forge-1.16.1-32.0.75_mapped_snapshot_20200723-1.16.1-recomp.jar;C:\Users\ervin_1nmnhvl\.gradle\caches\forge_gradle\minecraft_user_repo\net\minecraftforge\forge\1.16.1-32.0.75_
Launcher Type: SUN_STANDARD

Environment Variables:
JAVA_HOME=C:\Program Files\Java\jdk-11.0.4
PATH=C:\Program Files\Docker\Docker\Resources\bin;C:\ProgramData\Oracle\Java\javapath;C:\WINDOWS\system32;C:\WINDOWS;C:\WINDOWS\System32\Wbem;C:\WINDOWS\System32\WindowsPowerShell\v1.0\;C:\Program Files (x86)\cloudControl;C:\Program Files\Git\cmd;C:\bin;C:\Program Files (x86)\Windows Kits\8.1\Windows Performance Toolkit\;C:\Program Files (x86)\PuTTY\;C:\Program Files (x86)\Nodist\bin;G:\save\sdk\android\tools;G:\save\sdk\android\platform-tools;C:\boxfuse;C:\Program Files (x86)\Skype\Phone\;C:\Program Files (x86)\GtkSharp\2.12\bin;C:\Program Files (x86)\IVI Foundation\VISA\WinNT\Bin;C:\WINDOWS\system32;C:\WINDOWS;C:\WINDOWS\System32\Wbem;C:\WINDOWS\System32\WindowsPowerShell\v1.0\;;C:\WINDOWS\System32\OpenSSH\;C:\Users\ervin_1nmnhvl\AppData\Local\Microsoft\WindowsApps;
USERNAME=ervin_1nmnhvl
OS=Windows_NT
PROCESSOR_IDENTIFIER=Intel64 Family 6 Model 42 Stepping 7, GenuineIntel



---------------  S Y S T E M  ---------------

OS: Windows 10.0 , 64 bit Build 19041 (10.0.19041.546)

CPU:total 4 (2 cores per cpu, 2 threads per core) family 6 model 42 stepping 7, cmov, cx8, fxsr, mmx, sse, sse2, sse3, ssse3, sse4.1, sse4.2, popcnt, avx, aes, clmul, ht, tsc, tscinvbit

Memory: 4k page, physical 8266764k(621504k free), swap 10363916k(6668k free)

vm_info: Java HotSpot(TM) 64-Bit Server VM (25.51-b03) for windows-amd64 JRE (1.8.0_51-b16), built on Jun  8 2015 18:03:07 by "java_re" with MS VC++ 10.0 (VS2010)

time: Sat Oct 17 15:04:45 2020
elapsed time: 207 seconds (0d 0h 3m 27s)

