#
# There is insufficient memory for the Java Runtime Environment to continue.
# Native memory allocation (malloc) failed to allocate 1120816 bytes for Chunk::new
# Possible reasons:
#   The system is out of physical RAM or swap space
#   In 32 bit mode, the process size limit was hit
# Possible solutions:
#   Reduce memory load on the system
#   Increase physical memory or swap space
#   Check if swap backing store is full
#   Use 64 bit Java on a 64 bit OS
#   Decrease Java heap size (-Xmx/-Xms)
#   Decrease number of Java threads
#   Decrease Java thread stack sizes (-Xss)
#   Set larger code cache with -XX:ReservedCodeCacheSize=
# This output file may be truncated or incomplete.
#
#  Out of Memory Error (allocation.cpp:390), pid=16088, tid=6604
#
# JRE version: Java(TM) SE Runtime Environment (8.0_51-b16) (build 1.8.0_51-b16)
# Java VM: Java HotSpot(TM) 64-Bit Server VM (25.51-b03 mixed mode windows-amd64 compressed oops)
# Failed to write core dump. Minidumps are not enabled by default on client versions of Windows
#

---------------  T H R E A D  ---------------

Current thread (0x00000000190dd000):  JavaThread "C2 CompilerThread0" daemon [_thread_in_native, id=6604, stack(0x0000000019220000,0x0000000019320000)]

Stack: [0x0000000019220000,0x0000000019320000]
Native frames: (J=compiled Java code, j=interpreted, Vv=VM code, C=native code)
V  [jvm.dll+0x32b4ca]


Current CompileTask:
C2:1808537 26755       4       net.minecraft.entity.player.ServerPlayerEntity::tick (295 bytes)


---------------  P R O C E S S  ---------------

Java Threads: ( => current thread )
  0x000000002123f000 JavaThread "LanServerPinger #1" daemon [_thread_blocked, id=4064, stack(0x00000000414b0000,0x00000000415b0000)]
  0x0000000021237800 JavaThread "Netty Server IO #2" daemon [_thread_in_native, id=18804, stack(0x0000000040ea0000,0x0000000040fa0000)]
  0x0000000021235000 JavaThread "Server-Worker-13" daemon [_thread_blocked, id=13372, stack(0x000000003eb60000,0x000000003ec60000)]
  0x0000000021236000 JavaThread "Server-Worker-12" daemon [_thread_blocked, id=8456, stack(0x000000002d570000,0x000000002d670000)]
  0x000000001c0ab800 JavaThread "Resource IO {0}" daemon [_thread_blocked, id=20836, stack(0x000000003fc00000,0x000000003fd00000)]
  0x000000001be5f000 JavaThread "Sound engine" daemon [_thread_blocked, id=16256, stack(0x0000000000b40000,0x0000000000c40000)]
  0x000000001c0b4800 JavaThread "Netty Server IO #1" daemon [_thread_in_native, id=18476, stack(0x0000000030440000,0x0000000030540000)]
  0x000000001c0b4000 JavaThread "Netty Local Client IO #0" daemon [_thread_blocked, id=21596, stack(0x0000000030340000,0x0000000030440000)]
  0x000000001c0b6000 JavaThread "Netty Server IO #0" daemon [_thread_in_native, id=18828, stack(0x0000000030240000,0x0000000030340000)]
  0x000000001c0b3000 JavaThread "ObjectCleanerThread" daemon [_thread_blocked, id=21416, stack(0x0000000030140000,0x0000000030240000)]
  0x000000001c0b1800 JavaThread "Server-Worker-10" daemon [_thread_blocked, id=20032, stack(0x000000002ebe0000,0x000000002ece0000)]
  0x000000001c0b1000 JavaThread "poi IO worker" [_thread_blocked, id=11820, stack(0x000000002eae0000,0x000000002ebe0000)]
  0x000000001c0af800 JavaThread "chunk IO worker" [_thread_blocked, id=1260, stack(0x000000002b890000,0x000000002b990000)]
  0x000000001c0ac800 JavaThread "Thread-11" daemon [_thread_in_native, id=17788, stack(0x000000002b790000,0x000000002b890000)]
  0x000000001c0ae000 JavaThread "Server thread" [_thread_in_Java, id=1588, stack(0x0000000029620000,0x0000000029720000)]
  0x000000001c0ad000 JavaThread "Snooper Timer" daemon [_thread_blocked, id=7928, stack(0x0000000028450000,0x0000000028550000)]
  0x000000001be5f800 JavaThread "Narrator" [_thread_blocked, id=8340, stack(0x0000000029070000,0x0000000029170000)]
  0x000000001be61000 JavaThread "Timer hack thread" daemon [_thread_blocked, id=8448, stack(0x0000000025ec0000,0x0000000025fc0000)]
  0x000000001ad1a800 JavaThread "Snooper Timer" daemon [_thread_blocked, id=8040, stack(0x0000000021d80000,0x0000000021e80000)]
  0x000000001aa3f000 JavaThread "pool-2-thread-1" daemon [_thread_blocked, id=18048, stack(0x0000000021960000,0x0000000021a60000)]
  0x0000000019aed800 JavaThread "Thread-2" daemon [_thread_in_native, id=8420, stack(0x000000001cc30000,0x000000001cd30000)]
  0x000000001b7f0000 JavaThread "Thread-1" daemon [_thread_blocked, id=6296, stack(0x000000001cb30000,0x000000001cc30000)]
  0x000000001944e000 JavaThread "Service Thread" daemon [_thread_blocked, id=12864, stack(0x0000000019d20000,0x0000000019e20000)]
  0x0000000019447000 JavaThread "C1 CompilerThread2" daemon [_thread_blocked, id=7000, stack(0x0000000019c20000,0x0000000019d20000)]
  0x00000000190f2000 JavaThread "C2 CompilerThread1" daemon [_thread_blocked, id=20660, stack(0x0000000019320000,0x0000000019420000)]
=>0x00000000190dd000 JavaThread "C2 CompilerThread0" daemon [_thread_in_native, id=6604, stack(0x0000000019220000,0x0000000019320000)]
  0x0000000019083000 JavaThread "Monitor Ctrl-Break" daemon [_thread_in_native, id=21120, stack(0x0000000019120000,0x0000000019220000)]
  0x00000000177d6800 JavaThread "Attach Listener" daemon [_thread_blocked, id=13420, stack(0x0000000018c20000,0x0000000018d20000)]
  0x00000000177d5000 JavaThread "Signal Dispatcher" daemon [_thread_blocked, id=13884, stack(0x0000000018b20000,0x0000000018c20000)]
  0x0000000002b2a800 JavaThread "Finalizer" daemon [_thread_blocked, id=17960, stack(0x0000000018a20000,0x0000000018b20000)]
  0x0000000002b26000 JavaThread "Reference Handler" daemon [_thread_blocked, id=12076, stack(0x0000000018920000,0x0000000018a20000)]
  0x0000000002a32800 JavaThread "Render thread" [_thread_in_Java, id=11800, stack(0x0000000002830000,0x0000000002930000)]

Other Threads:
  0x0000000017799000 VMThread [stack: 0x0000000018820000,0x0000000018920000] [id=4900]
  0x000000001948b000 WatcherThread [stack: 0x0000000019e20000,0x0000000019f20000] [id=5920]

VM state:not at safepoint (normal execution)

VM Mutex/Monitor currently owned by a thread: None

Heap:
 PSYoungGen      total 669696K, used 97866K [0x00000000d5f00000, 0x00000000fff00000, 0x0000000100000000)
  eden space 663552K, 13% used [0x00000000d5f00000,0x00000000db8c3518,0x00000000fe700000)
  from space 6144K, 96% used [0x00000000fe700000,0x00000000feccf658,0x00000000fed00000)
  to   space 12288K, 0% used [0x00000000ff300000,0x00000000ff300000,0x00000000fff00000)
 ParOldGen       total 720384K, used 550697K [0x0000000081c00000, 0x00000000adb80000, 0x00000000d5f00000)
  object space 720384K, 76% used [0x0000000081c00000,0x00000000a35ca798,0x00000000adb80000)
 Metaspace       used 93733K, capacity 105490K, committed 105600K, reserved 1138688K
  class space    used 13842K, capacity 16727K, committed 16768K, reserved 1048576K

Card table byte_map: [0x0000000012060000,0x0000000012460000] byte_map_base: 0x0000000011c52000

Marking Bits: (ParMarkBitMap*) 0x000000006b604040
 Begin Bits: [0x0000000012b10000, 0x0000000014aa0000)
 End Bits:   [0x0000000014aa0000, 0x0000000016a30000)

Polling page: 0x0000000002690000

CodeCache: size=245760Kb used=61576Kb max_used=61663Kb free=184183Kb
 bounds [0x0000000002ca0000, 0x0000000006980000, 0x0000000011ca0000]
 total_blobs=18780 nmethods=17088 adapters=1598
 compilation: enabled

Compilation events (10 events):
Event: 1802.159 Thread 0x00000000190f2000 26751   !   4       net.minecraft.server.MinecraftServer::updateTimeLightAndEntities (411 bytes)
Event: 1802.205 Thread 0x00000000190dd000 nmethod 26749 0x0000000006877d50 code [0x0000000006878000, 0x00000000068792c8]
Event: 1802.208 Thread 0x00000000190dd000 26752       4       net.minecraft.world.gen.OverworldChunkGenerator::spawnMobs (45 bytes)
Event: 1802.243 Thread 0x00000000190dd000 nmethod 26752 0x000000000468d590 code [0x000000000468d800, 0x000000000468e488]
Event: 1802.399 Thread 0x00000000190f2000 nmethod 26751 0x00000000067208d0 code [0x0000000006720ea0, 0x00000000067258a0]
Event: 1807.492 Thread 0x00000000190dd000 26753       4       net.minecraft.client.renderer.RenderTypeLookup$$Lambda$5267/759994182::test (12 bytes)
Event: 1807.494 Thread 0x00000000190dd000 nmethod 26753 0x0000000004242450 code [0x00000000042425a0, 0x0000000004242658]
Event: 1808.393 Thread 0x00000000190f2000 26754       4       net.minecraft.entity.player.PlayerEntity::getMaxInPortalTime (17 bytes)
Event: 1808.394 Thread 0x00000000190f2000 nmethod 26754 0x000000000614fa10 code [0x000000000614fb40, 0x000000000614fbd8]
Event: 1808.414 Thread 0x00000000190dd000 26755       4       net.minecraft.entity.player.ServerPlayerEntity::tick (295 bytes)

GC Heap History (10 events):
Event: 1797.696 GC heap before
{Heap before GC invocations=661 (full 10):
 PSYoungGen      total 674816K, used 667736K [0x00000000d5f00000, 0x0000000100000000, 0x0000000100000000)
  eden space 661504K, 100% used [0x00000000d5f00000,0x00000000fe500000,0x00000000fe500000)
  from space 13312K, 46% used [0x00000000ff200000,0x00000000ff816018,0x00000000fff00000)
  to   space 13312K, 0% used [0x00000000fe500000,0x00000000fe500000,0x00000000ff200000)
 ParOldGen       total 720384K, used 549504K [0x0000000081c00000, 0x00000000adb80000, 0x00000000d5f00000)
  object space 720384K, 76% used [0x0000000081c00000,0x00000000a34a0218,0x00000000adb80000)
 Metaspace       used 93733K, capacity 105490K, committed 105600K, reserved 1138688K
  class space    used 13842K, capacity 16727K, committed 16768K, reserved 1048576K
Event: 1797.708 GC heap after
Heap after GC invocations=661 (full 10):
 PSYoungGen      total 674816K, used 6445K [0x00000000d5f00000, 0x0000000100000000, 0x0000000100000000)
  eden space 661504K, 0% used [0x00000000d5f00000,0x00000000d5f00000,0x00000000fe500000)
  from space 13312K, 48% used [0x00000000fe500000,0x00000000feb4b428,0x00000000ff200000)
  to   space 13312K, 0% used [0x00000000ff300000,0x00000000ff300000,0x0000000100000000)
 ParOldGen       total 720384K, used 549782K [0x0000000081c00000, 0x00000000adb80000, 0x00000000d5f00000)
  object space 720384K, 76% used [0x0000000081c00000,0x00000000a34e5ae8,0x00000000adb80000)
 Metaspace       used 93733K, capacity 105490K, committed 105600K, reserved 1138688K
  class space    used 13842K, capacity 16727K, committed 16768K, reserved 1048576K
}
Event: 1800.132 GC heap before
{Heap before GC invocations=662 (full 10):
 PSYoungGen      total 674816K, used 667949K [0x00000000d5f00000, 0x0000000100000000, 0x0000000100000000)
  eden space 661504K, 100% used [0x00000000d5f00000,0x00000000fe500000,0x00000000fe500000)
  from space 13312K, 48% used [0x00000000fe500000,0x00000000feb4b428,0x00000000ff200000)
  to   space 13312K, 0% used [0x00000000ff300000,0x00000000ff300000,0x0000000100000000)
 ParOldGen       total 720384K, used 549782K [0x0000000081c00000, 0x00000000adb80000, 0x00000000d5f00000)
  object space 720384K, 76% used [0x0000000081c00000,0x00000000a34e5ae8,0x00000000adb80000)
 Metaspace       used 93733K, capacity 105490K, committed 105600K, reserved 1138688K
  class space    used 13842K, capacity 16727K, committed 16768K, reserved 1048576K
Event: 1800.144 GC heap after
Heap after GC invocations=662 (full 10):
 PSYoungGen      total 674816K, used 6258K [0x00000000d5f00000, 0x00000000fff00000, 0x0000000100000000)
  eden space 662528K, 0% used [0x00000000d5f00000,0x00000000d5f00000,0x00000000fe600000)
  from space 12288K, 50% used [0x00000000ff300000,0x00000000ff91c818,0x00000000fff00000)
  to   space 12800K, 0% used [0x00000000fe600000,0x00000000fe600000,0x00000000ff280000)
 ParOldGen       total 720384K, used 550085K [0x0000000081c00000, 0x00000000adb80000, 0x00000000d5f00000)
  object space 720384K, 76% used [0x0000000081c00000,0x00000000a35315d8,0x00000000adb80000)
 Metaspace       used 93733K, capacity 105490K, committed 105600K, reserved 1138688K
  class space    used 13842K, capacity 16727K, committed 16768K, reserved 1048576K
}
Event: 1802.813 GC heap before
{Heap before GC invocations=663 (full 10):
 PSYoungGen      total 674816K, used 668786K [0x00000000d5f00000, 0x00000000fff00000, 0x0000000100000000)
  eden space 662528K, 100% used [0x00000000d5f00000,0x00000000fe600000,0x00000000fe600000)
  from space 12288K, 50% used [0x00000000ff300000,0x00000000ff91c818,0x00000000fff00000)
  to   space 12800K, 0% used [0x00000000fe600000,0x00000000fe600000,0x00000000ff280000)
 ParOldGen       total 720384K, used 550085K [0x0000000081c00000, 0x00000000adb80000, 0x00000000d5f00000)
  object space 720384K, 76% used [0x0000000081c00000,0x00000000a35315d8,0x00000000adb80000)
 Metaspace       used 93733K, capacity 105490K, committed 105600K, reserved 1138688K
  class space    used 13842K, capacity 16727K, committed 16768K, reserved 1048576K
Event: 1802.825 GC heap after
Heap after GC invocations=663 (full 10):
 PSYoungGen      total 675328K, used 6091K [0x00000000d5f00000, 0x0000000100000000, 0x0000000100000000)
  eden space 662528K, 0% used [0x00000000d5f00000,0x00000000d5f00000,0x00000000fe600000)
  from space 12800K, 47% used [0x00000000fe600000,0x00000000febf2da8,0x00000000ff280000)
  to   space 12800K, 0% used [0x00000000ff380000,0x00000000ff380000,0x0000000100000000)
 ParOldGen       total 720384K, used 550401K [0x0000000081c00000, 0x00000000adb80000, 0x00000000d5f00000)
  object space 720384K, 76% used [0x0000000081c00000,0x00000000a3580788,0x00000000adb80000)
 Metaspace       used 93733K, capacity 105490K, committed 105600K, reserved 1138688K
  class space    used 13842K, capacity 16727K, committed 16768K, reserved 1048576K
}
Event: 1805.392 GC heap before
{Heap before GC invocations=664 (full 10):
 PSYoungGen      total 675328K, used 668619K [0x00000000d5f00000, 0x0000000100000000, 0x0000000100000000)
  eden space 662528K, 100% used [0x00000000d5f00000,0x00000000fe600000,0x00000000fe600000)
  from space 12800K, 47% used [0x00000000fe600000,0x00000000febf2da8,0x00000000ff280000)
  to   space 12800K, 0% used [0x00000000ff380000,0x00000000ff380000,0x0000000100000000)
 ParOldGen       total 720384K, used 550401K [0x0000000081c00000, 0x00000000adb80000, 0x00000000d5f00000)
  object space 720384K, 76% used [0x0000000081c00000,0x00000000a3580788,0x00000000adb80000)
 Metaspace       used 93733K, capacity 105490K, committed 105600K, reserved 1138688K
  class space    used 13842K, capacity 16727K, committed 16768K, reserved 1048576K
Event: 1805.403 GC heap after
Heap after GC invocations=664 (full 10):
 PSYoungGen      total 676352K, used 5987K [0x00000000d5f00000, 0x0000000100000000, 0x0000000100000000)
  eden space 663552K, 0% used [0x00000000d5f00000,0x00000000d5f00000,0x00000000fe700000)
  from space 12800K, 46% used [0x00000000ff380000,0x00000000ff958cf0,0x0000000100000000)
  to   space 12800K, 0% used [0x00000000fe700000,0x00000000fe700000,0x00000000ff380000)
 ParOldGen       total 720384K, used 550633K [0x0000000081c00000, 0x00000000adb80000, 0x00000000d5f00000)
  object space 720384K, 76% used [0x0000000081c00000,0x00000000a35ba798,0x00000000adb80000)
 Metaspace       used 93733K, capacity 105490K, committed 105600K, reserved 1138688K
  class space    used 13842K, capacity 16727K, committed 16768K, reserved 1048576K
}
Event: 1808.098 GC heap before
{Heap before GC invocations=665 (full 10):
 PSYoungGen      total 676352K, used 669539K [0x00000000d5f00000, 0x0000000100000000, 0x0000000100000000)
  eden space 663552K, 100% used [0x00000000d5f00000,0x00000000fe700000,0x00000000fe700000)
  from space 12800K, 46% used [0x00000000ff380000,0x00000000ff958cf0,0x0000000100000000)
  to   space 12800K, 0% used [0x00000000fe700000,0x00000000fe700000,0x00000000ff380000)
 ParOldGen       total 720384K, used 550633K [0x0000000081c00000, 0x00000000adb80000, 0x00000000d5f00000)
  object space 720384K, 76% used [0x0000000081c00000,0x00000000a35ba798,0x00000000adb80000)
 Metaspace       used 93733K, capacity 105490K, committed 105600K, reserved 1138688K
  class space    used 13842K, capacity 16727K, committed 16768K, reserved 1048576K
Event: 1808.110 GC heap after
Heap after GC invocations=665 (full 10):
 PSYoungGen      total 669696K, used 5949K [0x00000000d5f00000, 0x00000000fff00000, 0x0000000100000000)
  eden space 663552K, 0% used [0x00000000d5f00000,0x00000000d5f00000,0x00000000fe700000)
  from space 6144K, 96% used [0x00000000fe700000,0x00000000feccf658,0x00000000fed00000)
  to   space 12288K, 0% used [0x00000000ff300000,0x00000000ff300000,0x00000000fff00000)
 ParOldGen       total 720384K, used 550697K [0x0000000081c00000, 0x00000000adb80000, 0x00000000d5f00000)
  object space 720384K, 76% used [0x0000000081c00000,0x00000000a35ca798,0x00000000adb80000)
 Metaspace       used 93733K, capacity 105490K, committed 105600K, reserved 1138688K
  class space    used 13842K, capacity 16727K, committed 16768K, reserved 1048576K
}

Deoptimization events (10 events):
Event: 1744.330 Thread 0x0000000002a32800 Uncommon trap: reason=bimorphic action=maybe_recompile pc=0x00000000068f9630 method=net.minecraft.client.gui.screen.inventory.ContainerScreen.drawSlot(Lnet/minecraft/inventory/container/Slot;)V @ 340
Event: 1744.331 Thread 0x0000000002a32800 Uncommon trap: reason=bimorphic action=maybe_recompile pc=0x00000000068f9630 method=net.minecraft.client.gui.screen.inventory.ContainerScreen.drawSlot(Lnet/minecraft/inventory/container/Slot;)V @ 340
Event: 1746.353 Thread 0x0000000002a32800 Uncommon trap: reason=unstable_if action=reinterpret pc=0x0000000003ea0864 method=net.minecraft.client.gui.FontRenderer.getStringWidth(Ljava/lang/String;)I @ 68
Event: 1746.354 Thread 0x0000000002a32800 Uncommon trap: reason=unstable_if action=reinterpret pc=0x0000000004f401d4 method=net.minecraft.util.text.TextFormatting.isNormalStyle()Z @ 4
Event: 1746.354 Thread 0x0000000002a32800 Uncommon trap: reason=unstable_if action=reinterpret pc=0x00000000057ee008 method=net.minecraft.client.gui.FontRenderer.renderStringAtPos(Ljava/lang/String;FFIZLnet/minecraft/client/renderer/Matrix4f;Lnet/minecraft/client/renderer/IRenderTypeBuffer;ZII)F @ãÚ½O›@
Event: 1747.935 Thread 0x0000000002a32800 Uncommon trap: reason=class_check action=maybe_recompile pc=0x0000000004d4a6a4 method=net.minecraft.inventory.container.Container.detectAndSendChanges()V @ 116
Event: 1747.972 Thread 0x0000000002a32800 Uncommon trap: reason=bimorphic action=maybe_recompile pc=0x0000000005e087f4 method=net.minecraft.item.ItemStack.inventoryTick(Lnet/minecraft/world/World;Lnet/minecraft/entity/Entity;IZ)V @ 34
Event: 1747.999 Thread 0x0000000002a32800 Uncommon trap: reason=bimorphic action=maybe_recompile pc=0x0000000005e087f4 method=net.minecraft.item.ItemStack.inventoryTick(Lnet/minecraft/world/World;Lnet/minecraft/entity/Entity;IZ)V @ 34
Event: 1748.029 Thread 0x0000000002a32800 Uncommon trap: reason=bimorphic action=maybe_recompile pc=0x0000000005e087f4 method=net.minecraft.item.ItemStack.inventoryTick(Lnet/minecraft/world/World;Lnet/minecraft/entity/Entity;IZ)V @ 34
Event: 1748.057 Thread 0x0000000002a32800 Uncommon trap: reason=bimorphic action=maybe_recompile pc=0x0000000005e087f4 method=net.minecraft.item.ItemStack.inventoryTick(Lnet/minecraft/world/World;Lnet/minecraft/entity/Entity;IZ)V @ 34

Internal exceptions (10 events):
Event: 1755.863 Thread 0x0000000021236000 Exception <a 'sun/nio/fs/WindowsException'> (0x00000000f475d3b8) thrown at [C:\re\workspace\8-2-build-windows-amd64-cygwin\jdk8u51\3951\hotspot\src\share\vm\prims\jni.cpp, line 709]
Event: 1755.863 Thread 0x0000000021236000 Exception <a 'sun/nio/fs/WindowsException'> (0x00000000f475d928) thrown at [C:\re\workspace\8-2-build-windows-amd64-cygwin\jdk8u51\3951\hotspot\src\share\vm\prims\jni.cpp, line 709]
Event: 1755.864 Thread 0x0000000021236000 Exception <a 'sun/nio/fs/WindowsException'> (0x00000000f475e2c0) thrown at [C:\re\workspace\8-2-build-windows-amd64-cygwin\jdk8u51\3951\hotspot\src\share\vm\prims\jni.cpp, line 709]
Event: 1755.864 Thread 0x0000000021236000 Exception <a 'sun/nio/fs/WindowsException'> (0x00000000f475e750) thrown at [C:\re\workspace\8-2-build-windows-amd64-cygwin\jdk8u51\3951\hotspot\src\share\vm\prims\jni.cpp, line 709]
Event: 1755.864 Thread 0x0000000021236000 Exception <a 'sun/nio/fs/WindowsException'> (0x00000000f4769758) thrown at [C:\re\workspace\8-2-build-windows-amd64-cygwin\jdk8u51\3951\hotspot\src\share\vm\prims\jni.cpp, line 709]
Event: 1755.865 Thread 0x0000000021236000 Exception <a 'sun/nio/fs/WindowsException'> (0x00000000f4769b48) thrown at [C:\re\workspace\8-2-build-windows-amd64-cygwin\jdk8u51\3951\hotspot\src\share\vm\prims\jni.cpp, line 709]
Event: 1755.865 Thread 0x0000000021236000 Exception <a 'sun/nio/fs/WindowsException'> (0x00000000f476a410) thrown at [C:\re\workspace\8-2-build-windows-amd64-cygwin\jdk8u51\3951\hotspot\src\share\vm\prims\jni.cpp, line 709]
Event: 1755.865 Thread 0x0000000021236000 Exception <a 'sun/nio/fs/WindowsException'> (0x00000000f476a9a0) thrown at [C:\re\workspace\8-2-build-windows-amd64-cygwin\jdk8u51\3951\hotspot\src\share\vm\prims\jni.cpp, line 709]
Event: 1755.865 Thread 0x0000000021236000 Exception <a 'sun/nio/fs/WindowsException'> (0x00000000f476b688) thrown at [C:\re\workspace\8-2-build-windows-amd64-cygwin\jdk8u51\3951\hotspot\src\share\vm\prims\jni.cpp, line 709]
Event: 1755.865 Thread 0x0000000021236000 Exception <a 'sun/nio/fs/WindowsException'> (0x00000000f476bb58) thrown at [C:\re\workspace\8-2-build-windows-amd64-cygwin\jdk8u51\3951\hotspot\src\share\vm\prims\jni.cpp, line 709]

Events (10 events):
Event: 1797.708 Executing VM operation: ParallelGCFailedAllocation done
Event: 1800.132 Executing VM operation: ParallelGCFailedAllocation
Event: 1800.144 Executing VM operation: ParallelGCFailedAllocation done
Event: 1802.244 Thread 0x00000000190dd000 flushing nmethod 0x0000000002ff60d0
Event: 1802.813 Executing VM operation: ParallelGCFailedAllocation
Event: 1802.826 Executing VM operation: ParallelGCFailedAllocation done
Event: 1805.392 Executing VM operation: ParallelGCFailedAllocation
Event: 1805.403 Executing VM operation: ParallelGCFailedAllocation done
Event: 1808.098 Executing VM operation: ParallelGCFailedAllocation
Event: 1808.110 Executing VM operation: ParallelGCFailedAllocation done


Dynamic libraries:
0x00007ff6f1270000 - 0x00007ff6f12a7000 	C:\Program Files (x86)\Minecraft\runtime\jre-x64\bin\java.exe
0x00007ff8dfd70000 - 0x00007ff8dff65000 	C:\WINDOWS\SYSTEM32\ntdll.dll
0x00007ff8de750000 - 0x00007ff8de80d000 	C:\WINDOWS\System32\KERNEL32.DLL
0x00007ff8ddb10000 - 0x00007ff8dddd7000 	C:\WINDOWS\System32\KERNELBASE.dll
0x00007ff8decf0000 - 0x00007ff8ded9a000 	C:\WINDOWS\System32\ADVAPI32.dll
0x00007ff8de0b0000 - 0x00007ff8de14e000 	C:\WINDOWS\System32\msvcrt.dll
0x00007ff8df520000 - 0x00007ff8df5bb000 	C:\WINDOWS\System32\sechost.dll
0x00007ff8dfa50000 - 0x00007ff8dfb73000 	C:\WINDOWS\System32\RPCRT4.dll
0x00007ff8ddde0000 - 0x00007ff8ddf80000 	C:\WINDOWS\System32\USER32.dll
0x00007ff8dd510000 - 0x00007ff8dd532000 	C:\WINDOWS\System32\win32u.dll
0x00007ff8de600000 - 0x00007ff8de62a000 	C:\WINDOWS\System32\GDI32.dll
0x00007ff8dd6a0000 - 0x00007ff8dd7aa000 	C:\WINDOWS\System32\gdi32full.dll
0x00007ff8dd7e0000 - 0x00007ff8dd87d000 	C:\WINDOWS\System32\msvcp_win.dll
0x00007ff8dd8e0000 - 0x00007ff8dd9e0000 	C:\WINDOWS\System32\ucrtbase.dll
0x00007ff8c0380000 - 0x00007ff8c061a000 	C:\WINDOWS\WinSxS\amd64_microsoft.windows.common-controls_6595b64144ccf1df_6.0.19041.1_none_b555e41d4684ddec\COMCTL32.dll
0x00007ff8deda0000 - 0x00007ff8dedd0000 	C:\WINDOWS\System32\IMM32.DLL
0x000000006b690000 - 0x000000006b762000 	C:\Program Files (x86)\Minecraft\runtime\jre-x64\bin\msvcr100.dll
0x000000006ae00000 - 0x000000006b683000 	C:\Program Files (x86)\Minecraft\runtime\jre-x64\bin\server\jvm.dll
0x00007ff8de1d0000 - 0x00007ff8de1d8000 	C:\WINDOWS\System32\PSAPI.DLL
0x00007ff8b8050000 - 0x00007ff8b8059000 	C:\WINDOWS\SYSTEM32\WSOCK32.dll
0x00007ff8d64a0000 - 0x00007ff8d64c7000 	C:\WINDOWS\SYSTEM32\WINMM.dll
0x00007ff8de810000 - 0x00007ff8de87b000 	C:\WINDOWS\System32\WS2_32.dll
0x00007ff8d6230000 - 0x00007ff8d623a000 	C:\WINDOWS\SYSTEM32\VERSION.dll
0x000000006adf0000 - 0x000000006adff000 	C:\Program Files (x86)\Minecraft\runtime\jre-x64\bin\verify.dll
0x000000006adc0000 - 0x000000006ade9000 	C:\Program Files (x86)\Minecraft\runtime\jre-x64\bin\java.dll
0x000000006ad90000 - 0x000000006adb3000 	C:\Program Files (x86)\Minecraft\runtime\jre-x64\bin\instrument.dll
0x000000006ad70000 - 0x000000006ad86000 	C:\Program Files (x86)\Minecraft\runtime\jre-x64\bin\zip.dll
0x00007ff8dedd0000 - 0x00007ff8df510000 	C:\WINDOWS\System32\SHELL32.dll
0x00007ff8db500000 - 0x00007ff8dbc91000 	C:\WINDOWS\SYSTEM32\windows.storage.dll
0x00007ff8de2a0000 - 0x00007ff8de5f3000 	C:\WINDOWS\System32\combase.dll
0x00007ff8dce70000 - 0x00007ff8dce9c000 	C:\WINDOWS\SYSTEM32\Wldp.dll
0x00007ff8ddfa0000 - 0x00007ff8de04e000 	C:\WINDOWS\System32\SHCORE.dll
0x00007ff8de050000 - 0x00007ff8de0a5000 	C:\WINDOWS\System32\shlwapi.dll
0x00007ff8dd400000 - 0x00007ff8dd41f000 	C:\WINDOWS\SYSTEM32\profapi.dll
0x00007ff8ca9e0000 - 0x00007ff8ca9fa000 	C:\Users\ervin_1nmnhvl\AppData\Local\JetBrains\Toolbox\apps\IDEA-U\ch-0\202.6397.94\bin\breakgen64.dll
0x000000006ad50000 - 0x000000006ad6a000 	C:\Program Files (x86)\Minecraft\runtime\jre-x64\bin\net.dll
0x00007ff8dcc60000 - 0x00007ff8dccca000 	C:\WINDOWS\system32\mswsock.dll
0x000000006ad40000 - 0x000000006ad4d000 	C:\Program Files (x86)\Minecraft\runtime\jre-x64\bin\management.dll
0x00007ff8aa430000 - 0x00007ff8aa447000 	C:\WINDOWS\system32\napinsp.dll
0x00007ff8aa260000 - 0x00007ff8aa27b000 	C:\WINDOWS\system32\pnrpnsp.dll
0x00007ff8d8210000 - 0x00007ff8d8225000 	C:\WINDOWS\system32\wshbth.dll
0x00007ff8d8e80000 - 0x00007ff8d8e9d000 	C:\WINDOWS\system32\NLAapi.dll
0x00007ff8dc920000 - 0x00007ff8dc95b000 	C:\WINDOWS\SYSTEM32\IPHLPAPI.DLL
0x00007ff8dc970000 - 0x00007ff8dca3a000 	C:\WINDOWS\SYSTEM32\DNSAPI.dll
0x00007ff8df910000 - 0x00007ff8df919000 	C:\WINDOWS\System32\NSI.dll
0x00007ff8b4ae0000 - 0x00007ff8b4af2000 	C:\WINDOWS\System32\winrnr.dll
0x00007ff8cdbd0000 - 0x00007ff8cdbda000 	C:\Windows\System32\rasadhlp.dll
0x00007ff8d1e90000 - 0x00007ff8d1f0f000 	C:\WINDOWS\System32\fwpuclnt.dll
0x00007ff8dd7b0000 - 0x00007ff8dd7d7000 	C:\WINDOWS\System32\bcrypt.dll
0x00007ff8d4530000 - 0x00007ff8d4547000 	C:\WINDOWS\SYSTEM32\dhcpcsvc6.DLL
0x00007ff8d3d70000 - 0x00007ff8d3d8d000 	C:\WINDOWS\SYSTEM32\dhcpcsvc.DLL
0x00007ff8dd1c0000 - 0x00007ff8dd1d8000 	C:\WINDOWS\SYSTEM32\CRYPTSP.dll
0x00007ff8dc4a0000 - 0x00007ff8dc4d4000 	C:\WINDOWS\system32\rsaenh.dll
0x00007ff8dd3c0000 - 0x00007ff8dd3ee000 	C:\WINDOWS\SYSTEM32\USERENV.dll
0x00007ff8dda90000 - 0x00007ff8ddb0f000 	C:\WINDOWS\System32\bcryptprimitives.dll
0x00007ff8dcde0000 - 0x00007ff8dcdec000 	C:\WINDOWS\SYSTEM32\CRYPTBASE.dll
0x000000006ad20000 - 0x000000006ad31000 	C:\Program Files (x86)\Minecraft\runtime\jre-x64\bin\nio.dll
0x000000006acf0000 - 0x000000006ad14000 	C:\Program Files (x86)\Minecraft\runtime\jre-x64\bin\sunec.dll
0x00007ff8a3b50000 - 0x00007ff8a3bc2000 	C:\Users\ervin_1nmnhvl\AppData\Local\Temp\lwjglervin_1nmnhvl\3.2.2-build-10\lwjgl.dll
0x00007ff8a38f0000 - 0x00007ff8a3b41000 	C:\Users\ERVIN_~1\AppData\Local\Temp\lwjglervin_1nmnhvl\3.2.2-build-10\jemalloc.dll
0x00007ff8a3890000 - 0x00007ff8a38ee000 	C:\Users\ERVIN_~1\AppData\Local\Temp\lwjglervin_1nmnhvl\3.2.2-build-10\glfw.dll
0x00007ff8dacb0000 - 0x00007ff8dad4f000 	C:\WINDOWS\system32\uxtheme.dll
0x00007ff8a3840000 - 0x00007ff8a3885000 	C:\WINDOWS\SYSTEM32\dinput8.dll
0x00007ff8b41b0000 - 0x00007ff8b41c1000 	C:\WINDOWS\SYSTEM32\xinput1_4.dll
0x00007ff8dd4c0000 - 0x00007ff8dd50d000 	C:\WINDOWS\System32\cfgmgr32.dll
0x00007ff8dd280000 - 0x00007ff8dd2ac000 	C:\WINDOWS\SYSTEM32\DEVOBJ.dll
0x00007ff8db030000 - 0x00007ff8db05f000 	C:\WINDOWS\SYSTEM32\dwmapi.dll
0x00007ff8de630000 - 0x00007ff8de745000 	C:\WINDOWS\System32\MSCTF.dll
0x00007ff8df840000 - 0x00007ff8df90d000 	C:\WINDOWS\System32\OLEAUT32.dll
0x00007ff8dbca0000 - 0x00007ff8dbcad000 	C:\WINDOWS\SYSTEM32\HID.DLL
0x00007ff8de880000 - 0x00007ff8dece7000 	C:\WINDOWS\System32\SETUPAPI.DLL
0x00007ff8dd880000 - 0x00007ff8dd8e0000 	C:\WINDOWS\System32\WINTRUST.dll
0x00007ff8dd540000 - 0x00007ff8dd69d000 	C:\WINDOWS\System32\CRYPT32.dll
0x00007ff8dd1f0000 - 0x00007ff8dd202000 	C:\WINDOWS\SYSTEM32\MSASN1.dll
0x00007ff8cce20000 - 0x00007ff8ccf72000 	C:\WINDOWS\SYSTEM32\inputhost.dll
0x00007ff8da5f0000 - 0x00007ff8da6e2000 	C:\WINDOWS\SYSTEM32\CoreMessaging.dll
0x00007ff8d8b80000 - 0x00007ff8d8c75000 	C:\WINDOWS\SYSTEM32\PROPSYS.dll
0x00007ff8da110000 - 0x00007ff8da266000 	C:\WINDOWS\SYSTEM32\wintypes.dll
0x00007ff8da6f0000 - 0x00007ff8daa4a000 	C:\WINDOWS\SYSTEM32\CoreUIComponents.dll
0x00007ff8dc0f0000 - 0x00007ff8dc123000 	C:\WINDOWS\SYSTEM32\ntmarta.dll
0x00007ff8db4e0000 - 0x00007ff8db4f3000 	C:\WINDOWS\SYSTEM32\kernel.appcore.dll
0x00007ff89c4f0000 - 0x00007ff89c64c000 	C:\WINDOWS\SYSTEM32\opengl32.dll
0x00007ff89e7b0000 - 0x00007ff89e7dc000 	C:\WINDOWS\SYSTEM32\GLU32.dll
0x00007ff88ff50000 - 0x00007ff890bd4000 	C:\WINDOWS\SYSTEM32\ig4icd64.dll
0x00007ff8dbd00000 - 0x00007ff8dbdf3000 	C:\WINDOWS\SYSTEM32\dxgi.dll
0x00007ff8d9cb0000 - 0x00007ff8d9f13000 	C:\WINDOWS\SYSTEM32\d3d11.dll
0x00007ff8d25f0000 - 0x00007ff8d262b000 	C:\WINDOWS\SYSTEM32\dxcore.dll
0x00007ff8ccf80000 - 0x00007ff8cd07c000 	C:\WINDOWS\SYSTEM32\textinputframework.dll
0x00007ff8a3340000 - 0x00007ff8a3398000 	C:\Users\ervin_1nmnhvl\AppData\Local\Temp\lwjglervin_1nmnhvl\3.2.2-build-10\lwjgl_opengl.dll
0x00007ff8a32c0000 - 0x00007ff8a333f000 	C:\Users\ervin_1nmnhvl\AppData\Local\Temp\lwjglervin_1nmnhvl\3.2.2-build-10\lwjgl_stb.dll
0x00007ff8df920000 - 0x00007ff8dfa49000 	C:\WINDOWS\System32\ole32.dll
0x00007ff8a8f40000 - 0x00007ff8a9b90000 	C:\WINDOWS\SYSTEM32\igd10umd64.dll
0x00007ff8d7e20000 - 0x00007ff8d7ece000 	C:\WINDOWS\SYSTEM32\mscms.dll
0x00007ff8d7b80000 - 0x00007ff8d7b91000 	C:\WINDOWS\SYSTEM32\ColorAdapterClient.dll
0x00007ff89e940000 - 0x00007ff89e983000 	C:\WINDOWS\SYSTEM32\icm32.dll
0x00007ff89e8f0000 - 0x00007ff89e932000 	C:\Users\ervin_1nmnhvl\AppData\Local\Temp\jna-2118671535\jna2300845561241773803.dll
0x00007ff8a86c0000 - 0x00007ff8a86da000 	C:\save\modding\ervin_mod_1\build\natives\SAPIWrapper_x64.dll
0x00007ff8df6a0000 - 0x00007ff8df748000 	C:\WINDOWS\System32\clbcatq.dll
0x00007ff89c650000 - 0x00007ff89c7d4000 	C:\WINDOWS\System32\Speech\Common\sapi.dll
0x00007ff8b4690000 - 0x00007ff8b46ae000 	C:\WINDOWS\SYSTEM32\MSACM32.dll
0x00007ff8bbbf0000 - 0x00007ff8bbbfb000 	C:\WINDOWS\SYSTEM32\msdmo.dll
0x00007ff8bcd60000 - 0x00007ff8bcd86000 	C:\WINDOWS\SYSTEM32\winmmbase.dll
0x00007ff8ce7c0000 - 0x00007ff8ce845000 	C:\WINDOWS\System32\MMDevApi.dll
0x00007ff89c8d0000 - 0x00007ff89c9e4000 	C:\Users\ERVIN_~1\AppData\Local\Temp\lwjglervin_1nmnhvl\3.2.2-build-10\OpenAL.dll
0x00007ff8c6810000 - 0x00007ff8c6990000 	C:\WINDOWS\SYSTEM32\AUDIOSES.DLL
0x00007ff8dca90000 - 0x00007ff8dcadb000 	C:\WINDOWS\SYSTEM32\powrprof.dll
0x00007ff8dc900000 - 0x00007ff8dc912000 	C:\WINDOWS\SYSTEM32\UMPDC.dll
0x00007ff8dae30000 - 0x00007ff8dae44000 	C:\WINDOWS\SYSTEM32\resourcepolicyclient.dll

VM Arguments:
jvm_args: -Dforge.logging.console.level=debug -Dforge.logging.markers=SCAN,REGISTRIES,REGISTRYDUMP -XX:HeapDumpPath=MojangTricksIntelDriversForPerformance_javaw.exe_minecraft.exe.heapdump -Dos.name=Windows 10 -Dos.version=10.0 -javaagent:C:\Users\ervin_1nmnhvl\AppData\Local\JetBrains\Toolbox\apps\IDEA-U\ch-0\202.6397.94\lib\idea_rt.jar=64993:C:\Users\ervin_1nmnhvl\AppData\Local\JetBrains\Toolbox\apps\IDEA-U\ch-0\202.6397.94\bin -Dfile.encoding=UTF-8 
java_command: net.minecraftforge.userdev.LaunchTesting
java_class_path (initial): C:\Program Files (x86)\Minecraft\runtime\jre-x64\lib\charsets.jar;C:\Program Files (x86)\Minecraft\runtime\jre-x64\lib\deploy.jar;C:\Program Files (x86)\Minecraft\runtime\jre-x64\lib\ext\access-bridge-64.jar;C:\Program Files (x86)\Minecraft\runtime\jre-x64\lib\ext\cldrdata.jar;C:\Program Files (x86)\Minecraft\runtime\jre-x64\lib\ext\dnsns.jar;C:\Program Files (x86)\Minecraft\runtime\jre-x64\lib\ext\jaccess.jar;C:\Program Files (x86)\Minecraft\runtime\jre-x64\lib\ext\jfxrt.jar;C:\Program Files (x86)\Minecraft\runtime\jre-x64\lib\ext\localedata.jar;C:\Program Files (x86)\Minecraft\runtime\jre-x64\lib\ext\nashorn.jar;C:\Program Files (x86)\Minecraft\runtime\jre-x64\lib\ext\sunec.jar;C:\Program Files (x86)\Minecraft\runtime\jre-x64\lib\ext\sunjce_provider.jar;C:\Program Files (x86)\Minecraft\runtime\jre-x64\lib\ext\sunmscapi.jar;C:\Program Files (x86)\Minecraft\runtime\jre-x64\lib\ext\sunpkcs11.jar;C:\Program Files (x86)\Minecraft\runtime\jre-x64\lib\ext\zipfs.jar;C:\Program Files (x86)\Minecraft\runtime\jre-x64\lib\javaws.jar;C:\Program Files (x86)\Minecraft\runtime\jre-x64\lib\jce.jar;C:\Program Files (x86)\Minecraft\runtime\jre-x64\lib\jfr.jar;C:\Program Files (x86)\Minecraft\runtime\jre-x64\lib\jfxswt.jar;C:\Program Files (x86)\Minecraft\runtime\jre-x64\lib\jsse.jar;C:\Program Files (x86)\Minecraft\runtime\jre-x64\lib\management-agent.jar;C:\Program Files (x86)\Minecraft\runtime\jre-x64\lib\plugin.jar;C:\Program Files (x86)\Minecraft\runtime\jre-x64\lib\resources.jar;C:\Program Files (x86)\Minecraft\runtime\jre-x64\lib\rt.jar;C:\save\modding\ervin_mod_1\build\classes\java\main;C:\save\modding\ervin_mod_1\build\resources\main;C:\Users\ervin_1nmnhvl\.gradle\caches\forge_gradle\minecraft_user_repo\net\minecraftforge\forge\1.15.2-31.1.9_mapped_snapshot_20200427-1.15.1\forge-1.15.2-31.1.9_mapped_snapshot_20200427-1.15.1-recomp.jar;C:\Users\ervin_1nmnhvl\.gradle\caches\forge_gradle\minecraft_user_repo\net\minecraftforge\forge\1.15.2-31.1.9_map
Launcher Type: SUN_STANDARD

Environment Variables:
JAVA_HOME=C:\Program Files\Java\jdk-11.0.4
PATH=C:\Program Files\Docker\Docker\Resources\bin;C:\ProgramData\Oracle\Java\javapath;C:\WINDOWS\system32;C:\WINDOWS;C:\WINDOWS\System32\Wbem;C:\WINDOWS\System32\WindowsPowerShell\v1.0\;C:\Program Files (x86)\cloudControl;C:\Program Files\Git\cmd;C:\bin;C:\Program Files (x86)\Windows Kits\8.1\Windows Performance Toolkit\;C:\Program Files (x86)\PuTTY\;C:\Program Files (x86)\Nodist\bin;G:\save\sdk\android\tools;G:\save\sdk\android\platform-tools;C:\boxfuse;C:\Program Files (x86)\Skype\Phone\;C:\Program Files (x86)\GtkSharp\2.12\bin;C:\Program Files (x86)\IVI Foundation\VISA\WinNT\Bin;C:\WINDOWS\system32;C:\WINDOWS;C:\WINDOWS\System32\Wbem;C:\WINDOWS\System32\WindowsPowerShell\v1.0\;;C:\WINDOWS\System32\OpenSSH\;C:\Users\ervin_1nmnhvl\AppData\Local\Microsoft\WindowsApps;
USERNAME=ervin_1nmnhvl
OS=Windows_NT
PROCESSOR_IDENTIFIER=Intel64 Family 6 Model 42 Stepping 7, GenuineIntel



---------------  S Y S T E M  ---------------

OS: Windows 10.0 , 64 bit Build 19041 (10.0.19041.292)

CPU:total 4 (2 cores per cpu, 2 threads per core) family 6 model 42 stepping 7, cmov, cx8, fxsr, mmx, sse, sse2, sse3, ssse3, sse4.1, sse4.2, popcnt, avx, aes, clmul, ht, tsc, tscinvbit

Memory: 4k page, physical 8266764k(403688k free), swap 10363916k(3992k free)

vm_info: Java HotSpot(TM) 64-Bit Server VM (25.51-b03) for windows-amd64 JRE (1.8.0_51-b16), built on Jun  8 2015 18:03:07 by "java_re" with MS VC++ 10.0 (VS2010)

time: Wed Sep 02 08:04:19 2020
elapsed time: 1808 seconds (0d 0h 30m 8s)

