#
# There is insufficient memory for the Java Runtime Environment to continue.
# Native memory allocation (malloc) failed to allocate 1627456 bytes for Chunk::new
# Possible reasons:
#   The system is out of physical RAM or swap space
#   In 32 bit mode, the process size limit was hit
# Possible solutions:
#   Reduce memory load on the system
#   Increase physical memory or swap space
#   Check if swap backing store is full
#   Use 64 bit Java on a 64 bit OS
#   Decrease Java heap size (-Xmx/-Xms)
#   Decrease number of Java threads
#   Decrease Java thread stack sizes (-Xss)
#   Set larger code cache with -XX:ReservedCodeCacheSize=
# This output file may be truncated or incomplete.
#
#  Out of Memory Error (allocation.cpp:390), pid=6788, tid=2984
#
# JRE version: Java(TM) SE Runtime Environment (8.0_51-b16) (build 1.8.0_51-b16)
# Java VM: Java HotSpot(TM) 64-Bit Server VM (25.51-b03 mixed mode windows-amd64 compressed oops)
# Failed to write core dump. Minidumps are not enabled by default on client versions of Windows
#

---------------  T H R E A D  ---------------

Current thread (0x00000000195e6000):  JavaThread "C2 CompilerThread0" daemon [_thread_in_native, id=2984, stack(0x0000000019db0000,0x0000000019eb0000)]

Stack: [0x0000000019db0000,0x0000000019eb0000]
Native frames: (J=compiled Java code, j=interpreted, Vv=VM code, C=native code)
V  [jvm.dll+0x32b4ca]
V  [jvm.dll+0x2797e3]
V  [jvm.dll+0x27a479]
V  [jvm.dll+0x271765]
V  [jvm.dll+0xcba02]
V  [jvm.dll+0xcbecc]
V  [jvm.dll+0x476f72]
V  [jvm.dll+0x4b95ff]
V  [jvm.dll+0x46b9bf]
V  [jvm.dll+0x46cd4e]
V  [jvm.dll+0x4501a2]
V  [jvm.dll+0xa43a2]
V  [jvm.dll+0xa4cdf]
V  [jvm.dll+0x2418a4]
V  [jvm.dll+0x29846a]
C  [msvcr100.dll+0x21d9f]
C  [msvcr100.dll+0x21e3b]
C  [KERNEL32.DLL+0x17034]
C  [ntdll.dll+0x52651]


Current CompileTask:
C2:  32471 5988   !   4       com.google.common.reflect.TypeVisitor::visit (225 bytes)


---------------  P R O C E S S  ---------------

Java Threads: ( => current thread )
  0x00000000232d5800 JavaThread "pool-3-thread-1" [_thread_in_Java, id=11440, stack(0x00000000254d0000,0x00000000255d0000)]
  0x000000001c72c800 JavaThread "pool-2-thread-1" daemon [_thread_blocked, id=17304, stack(0x00000000210b0000,0x00000000211b0000)]
  0x000000001be3c800 JavaThread "Thread-3" daemon [_thread_blocked, id=15768, stack(0x0000000020f40000,0x0000000021040000)]
  0x000000001b26b800 JavaThread "Thread-2" daemon [_thread_in_native, id=1856, stack(0x000000001cf90000,0x000000001d090000)]
  0x000000001bd85800 JavaThread "Thread-1" daemon [_thread_blocked, id=7884, stack(0x000000001ce90000,0x000000001cf90000)]
  0x00000000195eb000 JavaThread "Service Thread" daemon [_thread_blocked, id=3564, stack(0x000000001a0b0000,0x000000001a1b0000)]
  0x00000000195e7800 JavaThread "C1 CompilerThread2" daemon [_thread_blocked, id=18668, stack(0x0000000019fb0000,0x000000001a0b0000)]
  0x00000000195e7000 JavaThread "C2 CompilerThread1" daemon [_thread_in_native, id=13884, stack(0x0000000019eb0000,0x0000000019fb0000)]
=>0x00000000195e6000 JavaThread "C2 CompilerThread0" daemon [_thread_in_native, id=2984, stack(0x0000000019db0000,0x0000000019eb0000)]
  0x0000000017985000 JavaThread "JDWP Command Reader" daemon [_thread_in_native, id=8520, stack(0x00000000190b0000,0x00000000191b0000)]
  0x0000000017981800 JavaThread "JDWP Event Helper Thread" daemon [_thread_blocked, id=1848, stack(0x0000000018fb0000,0x00000000190b0000)]
  0x0000000017977000 JavaThread "JDWP Transport Listener: dt_socket" daemon [_thread_blocked, id=4924, stack(0x0000000018eb0000,0x0000000018fb0000)]
  0x000000001796a800 JavaThread "Attach Listener" daemon [_thread_blocked, id=4556, stack(0x0000000018db0000,0x0000000018eb0000)]
  0x0000000017969000 JavaThread "Signal Dispatcher" daemon [_thread_blocked, id=232, stack(0x0000000018cb0000,0x0000000018db0000)]
  0x0000000002c7a000 JavaThread "Finalizer" daemon [_thread_blocked, id=228, stack(0x0000000018bb0000,0x0000000018cb0000)]
  0x0000000002c76800 JavaThread "Reference Handler" daemon [_thread_blocked, id=7868, stack(0x0000000018ab0000,0x0000000018bb0000)]
  0x0000000002b82800 JavaThread "main" [_thread_blocked, id=11020, stack(0x0000000002a80000,0x0000000002b80000)]

Other Threads:
  0x0000000017928800 VMThread [stack: 0x00000000189b0000,0x0000000018ab0000] [id=16096]
  0x0000000019705000 WatcherThread [stack: 0x000000001a1b0000,0x000000001a2b0000] [id=9504]

VM state:not at safepoint (normal execution)

VM Mutex/Monitor currently owned by a thread: None

Heap:
 PSYoungGen      total 393728K, used 301399K [0x00000000d5f00000, 0x00000000fa200000, 0x0000000100000000)
  eden space 311808K, 90% used [0x00000000d5f00000,0x00000000e7164810,0x00000000e8f80000)
  from space 81920K, 24% used [0x00000000f0400000,0x00000000f17f17c0,0x00000000f5400000)
  to   space 119296K, 0% used [0x00000000e8f80000,0x00000000e8f80000,0x00000000f0400000)
 ParOldGen       total 274432K, used 162774K [0x0000000081c00000, 0x0000000092800000, 0x00000000d5f00000)
  object space 274432K, 59% used [0x0000000081c00000,0x000000008baf59d8,0x0000000092800000)
 Metaspace       used 40812K, capacity 43187K, committed 43520K, reserved 1087488K
  class space    used 5281K, capacity 6020K, committed 6144K, reserved 1048576K

Card table byte_map: [0x00000000121f0000,0x00000000125f0000] byte_map_base: 0x0000000011de2000

Marking Bits: (ParMarkBitMap*) 0x000000005bd04040
 Begin Bits: [0x0000000012ca0000, 0x0000000014c30000)
 End Bits:   [0x0000000014c30000, 0x0000000016bc0000)

Polling page: 0x0000000001250000

CodeCache: size=245760Kb used=18184Kb max_used=18193Kb free=227575Kb
 bounds [0x0000000002e30000, 0x0000000004010000, 0x0000000011e30000]
 total_blobs=6426 nmethods=5308 adapters=1037
 compilation: enabled

Compilation events (10 events):
Event: 32.208 Thread 0x00000000195e7800 nmethod 5984 0x0000000003ffba50 code [0x0000000003ffbc00, 0x0000000003ffc190]
Event: 32.208 Thread 0x00000000195e7800 5985       3       com.google.common.collect.ArrayTable::putAll (6 bytes)
Event: 32.209 Thread 0x00000000195e7800 nmethod 5985 0x0000000003ffc610 code [0x0000000003ffc780, 0x0000000003ffc928]
Event: 32.230 Thread 0x00000000195e6000 5986       4       org.objectweb.asm.AnnotationWriter::computeAnnotationsSize (66 bytes)
Event: 32.232 Thread 0x00000000195e7000 5987       4       java.util.regex.Pattern$Curly::match (86 bytes)
Event: 32.233 Thread 0x00000000195e6000 nmethod 5986 0x0000000003fff790 code [0x0000000003fff8e0, 0x0000000003fffa68]
Event: 32.257 Thread 0x00000000195e7000 nmethod 5987 0x0000000004001f10 code [0x00000000040020c0, 0x0000000004002b68]
Event: 32.334 Thread 0x00000000195e6000 5988   !   4       com.google.common.reflect.TypeVisitor::visit (225 bytes)
Event: 32.340 Thread 0x00000000195e7000 5989       4       com.google.common.base.Preconditions::checkArgument (29 bytes)
Event: 32.341 Thread 0x00000000195e7000 nmethod 5989 0x0000000004000810 code [0x0000000004000940, 0x0000000004000998]

GC Heap History (10 events):
Event: 18.058 GC heap before
{Heap before GC invocations=15 (full 2):
 PSYoungGen      total 220160K, used 188871K [0x00000000d5f00000, 0x00000000e6e80000, 0x0000000100000000)
  eden space 173568K, 100% used [0x00000000d5f00000,0x00000000e0880000,0x00000000e0880000)
  from space 46592K, 32% used [0x00000000e4100000,0x00000000e4ff1db0,0x00000000e6e80000)
  to   space 52224K, 0% used [0x00000000e0880000,0x00000000e0880000,0x00000000e3b80000)
 ParOldGen       total 136704K, used 67984K [0x0000000081c00000, 0x000000008a180000, 0x00000000d5f00000)
  object space 136704K, 49% used [0x0000000081c00000,0x0000000085e643d0,0x000000008a180000)
 Metaspace       used 35036K, capacity 36941K, committed 37120K, reserved 1081344K
  class space    used 4258K, capacity 4832K, committed 4864K, reserved 1048576K
Event: 18.226 GC heap after
Heap after GC invocations=15 (full 2):
 PSYoungGen      total 225792K, used 49454K [0x00000000d5f00000, 0x00000000ec580000, 0x0000000100000000)
  eden space 173568K, 0% used [0x00000000d5f00000,0x00000000d5f00000,0x00000000e0880000)
  from space 52224K, 94% used [0x00000000e0880000,0x00000000e38cbbe0,0x00000000e3b80000)
  to   space 59904K, 0% used [0x00000000e8b00000,0x00000000e8b00000,0x00000000ec580000)
 ParOldGen       total 136704K, used 78177K [0x0000000081c00000, 0x000000008a180000, 0x00000000d5f00000)
  object space 136704K, 57% used [0x0000000081c00000,0x0000000086858400,0x000000008a180000)
 Metaspace       used 35036K, capacity 36941K, committed 37120K, reserved 1081344K
  class space    used 4258K, capacity 4832K, committed 4864K, reserved 1048576K
}
Event: 20.462 GC heap before
{Heap before GC invocations=16 (full 2):
 PSYoungGen      total 225792K, used 223022K [0x00000000d5f00000, 0x00000000ec580000, 0x0000000100000000)
  eden space 173568K, 100% used [0x00000000d5f00000,0x00000000e0880000,0x00000000e0880000)
  from space 52224K, 94% used [0x00000000e0880000,0x00000000e38cbbe0,0x00000000e3b80000)
  to   space 59904K, 0% used [0x00000000e8b00000,0x00000000e8b00000,0x00000000ec580000)
 ParOldGen       total 136704K, used 78179K [0x0000000081c00000, 0x000000008a180000, 0x00000000d5f00000)
  object space 136704K, 57% used [0x0000000081c00000,0x0000000086858f68,0x000000008a180000)
 Metaspace       used 35753K, capacity 37773K, committed 38016K, reserved 1083392K
  class space    used 4334K, capacity 4920K, committed 4992K, reserved 1048576K
Event: 20.675 GC heap after
Heap after GC invocations=16 (full 2):
 PSYoungGen      total 302592K, used 45365K [0x00000000d5f00000, 0x00000000ed000000, 0x0000000100000000)
  eden space 242688K, 0% used [0x00000000d5f00000,0x00000000d5f00000,0x00000000e4c00000)
  from space 59904K, 75% used [0x00000000e8b00000,0x00000000eb74d5b8,0x00000000ec580000)
  to   space 64512K, 0% used [0x00000000e4c00000,0x00000000e4c00000,0x00000000e8b00000)
 ParOldGen       total 136704K, used 80318K [0x0000000081c00000, 0x000000008a180000, 0x00000000d5f00000)
  object space 136704K, 58% used [0x0000000081c00000,0x0000000086a6f908,0x000000008a180000)
 Metaspace       used 35753K, capacity 37773K, committed 38016K, reserved 1083392K
  class space    used 4334K, capacity 4920K, committed 4992K, reserved 1048576K
}
Event: 23.477 GC heap before
{Heap before GC invocations=17 (full 2):
 PSYoungGen      total 302592K, used 288053K [0x00000000d5f00000, 0x00000000ed000000, 0x0000000100000000)
  eden space 242688K, 100% used [0x00000000d5f00000,0x00000000e4c00000,0x00000000e4c00000)
  from space 59904K, 75% used [0x00000000e8b00000,0x00000000eb74d5b8,0x00000000ec580000)
  to   space 64512K, 0% used [0x00000000e4c00000,0x00000000e4c00000,0x00000000e8b00000)
 ParOldGen       total 136704K, used 80318K [0x0000000081c00000, 0x000000008a180000, 0x00000000d5f00000)
  object space 136704K, 58% used [0x0000000081c00000,0x0000000086a6f908,0x000000008a180000)
 Metaspace       used 37549K, capacity 39777K, committed 39936K, reserved 1083392K
  class space    used 4604K, capacity 5278K, committed 5376K, reserved 1048576K
Event: 23.757 GC heap after
Heap after GC invocations=17 (full 2):
 PSYoungGen      total 307200K, used 64504K [0x00000000d5f00000, 0x00000000f5400000, 0x0000000100000000)
  eden space 242688K, 0% used [0x00000000d5f00000,0x00000000d5f00000,0x00000000e4c00000)
  from space 64512K, 99% used [0x00000000e4c00000,0x00000000e8afe130,0x00000000e8b00000)
  to   space 81920K, 0% used [0x00000000f0400000,0x00000000f0400000,0x00000000f5400000)
 ParOldGen       total 136704K, used 98452K [0x0000000081c00000, 0x000000008a180000, 0x00000000d5f00000)
  object space 136704K, 72% used [0x0000000081c00000,0x0000000087c251e8,0x000000008a180000)
 Metaspace       used 37549K, capacity 39777K, committed 39936K, reserved 1083392K
  class space    used 4604K, capacity 5278K, committed 5376K, reserved 1048576K
}
Event: 27.064 GC heap before
{Heap before GC invocations=18 (full 2):
 PSYoungGen      total 307200K, used 307192K [0x00000000d5f00000, 0x00000000f5400000, 0x0000000100000000)
  eden space 242688K, 100% used [0x00000000d5f00000,0x00000000e4c00000,0x00000000e4c00000)
  from space 64512K, 99% used [0x00000000e4c00000,0x00000000e8afe130,0x00000000e8b00000)
  to   space 81920K, 0% used [0x00000000f0400000,0x00000000f0400000,0x00000000f5400000)
 ParOldGen       total 136704K, used 98452K [0x0000000081c00000, 0x000000008a180000, 0x00000000d5f00000)
  object space 136704K, 72% used [0x0000000081c00000,0x0000000087c251e8,0x000000008a180000)
 Metaspace       used 38850K, capacity 40969K, committed 41216K, reserved 1085440K
  class space    used 4942K, capacity 5605K, committed 5632K, reserved 1048576K
Event: 27.612 GC heap after
Heap after GC invocations=18 (full 2):
 PSYoungGen      total 393728K, used 81908K [0x00000000d5f00000, 0x00000000fa200000, 0x0000000100000000)
  eden space 311808K, 0% used [0x00000000d5f00000,0x00000000d5f00000,0x00000000e8f80000)
  from space 81920K, 99% used [0x00000000f0400000,0x00000000f53fd070,0x00000000f5400000)
  to   space 119296K, 0% used [0x00000000e8f80000,0x00000000e8f80000,0x00000000f0400000)
 ParOldGen       total 162816K, used 162769K [0x0000000081c00000, 0x000000008bb00000, 0x00000000d5f00000)
  object space 162816K, 99% used [0x0000000081c00000,0x000000008baf46c0,0x000000008bb00000)
 Metaspace       used 38850K, capacity 40969K, committed 41216K, reserved 1085440K
  class space    used 4942K, capacity 5605K, committed 5632K, reserved 1048576K
}
Event: 27.612 GC heap before
{Heap before GC invocations=19 (full 3):
 PSYoungGen      total 393728K, used 81908K [0x00000000d5f00000, 0x00000000fa200000, 0x0000000100000000)
  eden space 311808K, 0% used [0x00000000d5f00000,0x00000000d5f00000,0x00000000e8f80000)
  from space 81920K, 99% used [0x00000000f0400000,0x00000000f53fd070,0x00000000f5400000)
  to   space 119296K, 0% used [0x00000000e8f80000,0x00000000e8f80000,0x00000000f0400000)
 ParOldGen       total 162816K, used 162769K [0x0000000081c00000, 0x000000008bb00000, 0x00000000d5f00000)
  object space 162816K, 99% used [0x0000000081c00000,0x000000008baf46c0,0x000000008bb00000)
 Metaspace       used 38850K, capacity 40969K, committed 41216K, reserved 1085440K
  class space    used 4942K, capacity 5605K, committed 5632K, reserved 1048576K
Event: 28.671 GC heap after
Heap after GC invocations=19 (full 3):
 PSYoungGen      total 393728K, used 20421K [0x00000000d5f00000, 0x00000000fa200000, 0x0000000100000000)
  eden space 311808K, 0% used [0x00000000d5f00000,0x00000000d5f00000,0x00000000e8f80000)
  from space 81920K, 24% used [0x00000000f0400000,0x00000000f17f17c0,0x00000000f5400000)
  to   space 119296K, 0% used [0x00000000e8f80000,0x00000000e8f80000,0x00000000f0400000)
 ParOldGen       total 274432K, used 162774K [0x0000000081c00000, 0x0000000092800000, 0x00000000d5f00000)
  object space 274432K, 59% used [0x0000000081c00000,0x000000008baf59d8,0x0000000092800000)
 Metaspace       used 38850K, capacity 40969K, committed 41216K, reserved 1085440K
  class space    used 4942K, capacity 5605K, committed 5632K, reserved 1048576K
}

Deoptimization events (10 events):
Event: 32.270 Thread 0x00000000232d5800 Uncommon trap: reason=class_check action=maybe_recompile pc=0x0000000003fd378c method=com.google.common.reflect.TypeResolver$TypeMappingIntrospector.map(Lcom/google/common/reflect/TypeResolver$TypeVariableKey;Ljava/lang/reflect/Type;)V @ 72
Event: 32.295 Thread 0x00000000232d5800 Uncommon trap: reason=class_check action=maybe_recompile pc=0x0000000003fd3034 method=com.google.common.reflect.TypeVisitor.visit([Ljava/lang/reflect/Type;)V @ 96
Event: 32.296 Thread 0x00000000232d5800 Uncommon trap: reason=class_check action=maybe_recompile pc=0x0000000003fd378c method=com.google.common.reflect.TypeResolver$TypeMappingIntrospector.map(Lcom/google/common/reflect/TypeResolver$TypeVariableKey;Ljava/lang/reflect/Type;)V @ 72
Event: 32.297 Thread 0x00000000232d5800 Uncommon trap: reason=class_check action=maybe_recompile pc=0x0000000003fd3034 method=com.google.common.reflect.TypeVisitor.visit([Ljava/lang/reflect/Type;)V @ 96
Event: 32.297 Thread 0x00000000232d5800 Uncommon trap: reason=class_check action=maybe_recompile pc=0x0000000003fd378c method=com.google.common.reflect.TypeResolver$TypeMappingIntrospector.map(Lcom/google/common/reflect/TypeResolver$TypeVariableKey;Ljava/lang/reflect/Type;)V @ 72
Event: 32.297 Thread 0x00000000232d5800 Uncommon trap: reason=class_check action=maybe_recompile pc=0x0000000003fd3034 method=com.google.common.reflect.TypeVisitor.visit([Ljava/lang/reflect/Type;)V @ 96
Event: 32.333 Thread 0x00000000232d5800 Uncommon trap: reason=class_check action=maybe_recompile pc=0x0000000003fd3418 method=sun.reflect.generics.reflectiveObjects.TypeVariableImpl.getGenericDeclaration()Ljava/lang/reflect/GenericDeclaration; @ 4
Event: 32.333 Thread 0x00000000232d5800 Uncommon trap: reason=class_check action=maybe_recompile pc=0x0000000003f4ab94 method=sun.reflect.generics.reflectiveObjects.TypeVariableImpl.getGenericDeclaration()Ljava/lang/reflect/GenericDeclaration; @ 4
Event: 32.333 Thread 0x00000000232d5800 Uncommon trap: reason=class_check action=maybe_recompile pc=0x0000000003fd378c method=com.google.common.reflect.TypeResolver$TypeMappingIntrospector.map(Lcom/google/common/reflect/TypeResolver$TypeVariableKey;Ljava/lang/reflect/Type;)V @ 72
Event: 32.333 Thread 0x00000000232d5800 Uncommon trap: reason=class_check action=maybe_recompile pc=0x0000000003f661dc method=sun.reflect.generics.reflectiveObjects.TypeVariableImpl.getGenericDeclaration()Ljava/lang/reflect/GenericDeclaration; @ 4

Internal exceptions (10 events):
Event: 32.406 Thread 0x00000000232d5800 Exception <a 'sun/nio/fs/WindowsException'> (0x00000000e6afe330) thrown at [C:\re\workspace\8-2-build-windows-amd64-cygwin\jdk8u51\3951\hotspot\src\share\vm\prims\jni.cpp, line 709]
Event: 32.406 Thread 0x00000000232d5800 Exception <a 'sun/nio/fs/WindowsException'> (0x00000000e6afec20) thrown at [C:\re\workspace\8-2-build-windows-amd64-cygwin\jdk8u51\3951\hotspot\src\share\vm\prims\jni.cpp, line 709]
Event: 32.407 Thread 0x00000000232d5800 Exception <a 'sun/nio/fs/WindowsException'> (0x00000000e6affc88) thrown at [C:\re\workspace\8-2-build-windows-amd64-cygwin\jdk8u51\3951\hotspot\src\share\vm\prims\jni.cpp, line 709]
Event: 32.407 Thread 0x00000000232d5800 Exception <a 'sun/nio/fs/WindowsException'> (0x00000000e6b007f0) thrown at [C:\re\workspace\8-2-build-windows-amd64-cygwin\jdk8u51\3951\hotspot\src\share\vm\prims\jni.cpp, line 709]
Event: 32.412 Thread 0x00000000232d5800 Exception <a 'sun/nio/fs/WindowsException'> (0x00000000e6b345e0) thrown at [C:\re\workspace\8-2-build-windows-amd64-cygwin\jdk8u51\3951\hotspot\src\share\vm\prims\jni.cpp, line 709]
Event: 32.413 Thread 0x00000000232d5800 Exception <a 'sun/nio/fs/WindowsException'> (0x00000000e6b34e58) thrown at [C:\re\workspace\8-2-build-windows-amd64-cygwin\jdk8u51\3951\hotspot\src\share\vm\prims\jni.cpp, line 709]
Event: 32.414 Thread 0x00000000232d5800 Exception <a 'sun/nio/fs/WindowsException'> (0x00000000e6b35f28) thrown at [C:\re\workspace\8-2-build-windows-amd64-cygwin\jdk8u51\3951\hotspot\src\share\vm\prims\jni.cpp, line 709]
Event: 32.414 Thread 0x00000000232d5800 Exception <a 'sun/nio/fs/WindowsException'> (0x00000000e6b367c0) thrown at [C:\re\workspace\8-2-build-windows-amd64-cygwin\jdk8u51\3951\hotspot\src\share\vm\prims\jni.cpp, line 709]
Event: 32.415 Thread 0x00000000232d5800 Exception <a 'sun/nio/fs/WindowsException'> (0x00000000e6b377b0) thrown at [C:\re\workspace\8-2-build-windows-amd64-cygwin\jdk8u51\3951\hotspot\src\share\vm\prims\jni.cpp, line 709]
Event: 32.415 Thread 0x00000000232d5800 Exception <a 'sun/nio/fs/WindowsException'> (0x00000000e6b38260) thrown at [C:\re\workspace\8-2-build-windows-amd64-cygwin\jdk8u51\3951\hotspot\src\share\vm\prims\jni.cpp, line 709]

Events (10 events):
Event: 32.416 Thread 0x00000000232d5800 DEOPT PACKING pc=0x00000000039ac65c sp=0x00000000255cb1f0
Event: 32.416 Thread 0x00000000232d5800 DEOPT UNPACKING pc=0x0000000002e7787f sp=0x00000000255caf90 mode 1
Event: 32.416 Thread 0x00000000232d5800 DEOPT PACKING pc=0x00000000039acfd0 sp=0x00000000255cb300
Event: 32.416 Thread 0x00000000232d5800 DEOPT UNPACKING pc=0x0000000002e7787f sp=0x00000000255caf90 mode 1
Event: 32.417 loading class com/mojang/serialization/codecs/RecordCodecBuilder$2
Event: 32.417 loading class com/mojang/serialization/codecs/RecordCodecBuilder$2 done
Event: 32.417 Thread 0x00000000232d5800 DEOPT PACKING pc=0x00000000030a7541 sp=0x00000000255ca550
Event: 32.417 Thread 0x00000000232d5800 DEOPT UNPACKING pc=0x0000000002e7787f sp=0x00000000255ca2a0 mode 1
Event: 32.418 Thread 0x00000000232d5800 DEOPT PACKING pc=0x00000000039abefc sp=0x00000000255ca5d0
Event: 32.418 Thread 0x00000000232d5800 DEOPT UNPACKING pc=0x0000000002e7787f sp=0x00000000255ca2c0 mode 1


Dynamic libraries:
0x00007ff6f2310000 - 0x00007ff6f2347000 	C:\Program Files (x86)\Minecraft\runtime\jre-x64\bin\java.exe
0x00007ffc81f90000 - 0x00007ffc82185000 	C:\WINDOWS\SYSTEM32\ntdll.dll
0x00007ffc805c0000 - 0x00007ffc8067d000 	C:\WINDOWS\System32\KERNEL32.DLL
0x00007ffc7f6d0000 - 0x00007ffc7f998000 	C:\WINDOWS\System32\KERNELBASE.dll
0x00007ffc80680000 - 0x00007ffc8072c000 	C:\WINDOWS\System32\ADVAPI32.dll
0x00007ffc80ec0000 - 0x00007ffc80f5e000 	C:\WINDOWS\System32\msvcrt.dll
0x00007ffc81320000 - 0x00007ffc813bb000 	C:\WINDOWS\System32\sechost.dll
0x00007ffc81560000 - 0x00007ffc8168b000 	C:\WINDOWS\System32\RPCRT4.dll
0x00007ffc813c0000 - 0x00007ffc81560000 	C:\WINDOWS\System32\USER32.dll
0x00007ffc7f9a0000 - 0x00007ffc7f9c2000 	C:\WINDOWS\System32\win32u.dll
0x00007ffc80070000 - 0x00007ffc8009a000 	C:\WINDOWS\System32\GDI32.dll
0x00007ffc7fa90000 - 0x00007ffc7fb9b000 	C:\WINDOWS\System32\gdi32full.dll
0x00007ffc7ff00000 - 0x00007ffc7ff9d000 	C:\WINDOWS\System32\msvcp_win.dll
0x00007ffc7fd50000 - 0x00007ffc7fe50000 	C:\WINDOWS\System32\ucrtbase.dll
0x00007ffc64f40000 - 0x00007ffc651da000 	C:\WINDOWS\WinSxS\amd64_microsoft.windows.common-controls_6595b64144ccf1df_6.0.19041.1052_none_60b8f8fd71f5e8cb\COMCTL32.dll
0x00007ffc80f60000 - 0x00007ffc80f90000 	C:\WINDOWS\System32\IMM32.DLL
0x000000005bd90000 - 0x000000005be62000 	C:\Program Files (x86)\Minecraft\runtime\jre-x64\bin\msvcr100.dll
0x000000005b500000 - 0x000000005bd83000 	C:\Program Files (x86)\Minecraft\runtime\jre-x64\bin\server\jvm.dll
0x00007ffc81310000 - 0x00007ffc81318000 	C:\WINDOWS\System32\PSAPI.DLL
0x00007ffc5aae0000 - 0x00007ffc5aae9000 	C:\WINDOWS\SYSTEM32\WSOCK32.dll
0x00007ffc80000000 - 0x00007ffc8006b000 	C:\WINDOWS\System32\WS2_32.dll
0x00007ffc77f60000 - 0x00007ffc77f87000 	C:\WINDOWS\SYSTEM32\WINMM.dll
0x00007ffc76ac0000 - 0x00007ffc76aca000 	C:\WINDOWS\SYSTEM32\VERSION.dll
0x000000005b4f0000 - 0x000000005b4ff000 	C:\Program Files (x86)\Minecraft\runtime\jre-x64\bin\verify.dll
0x000000005b4c0000 - 0x000000005b4e9000 	C:\Program Files (x86)\Minecraft\runtime\jre-x64\bin\java.dll
0x000000005b480000 - 0x000000005b4b5000 	C:\Program Files (x86)\Minecraft\runtime\jre-x64\bin\jdwp.dll
0x000000005b470000 - 0x000000005b478000 	C:\Program Files (x86)\Minecraft\runtime\jre-x64\bin\npt.dll
0x000000005b440000 - 0x000000005b463000 	C:\Program Files (x86)\Minecraft\runtime\jre-x64\bin\instrument.dll
0x000000005b420000 - 0x000000005b436000 	C:\Program Files (x86)\Minecraft\runtime\jre-x64\bin\zip.dll
0x00007ffc81810000 - 0x00007ffc81f4f000 	C:\WINDOWS\System32\SHELL32.dll
0x00007ffc7d5e0000 - 0x00007ffc7dd70000 	C:\WINDOWS\SYSTEM32\windows.storage.dll
0x00007ffc80260000 - 0x00007ffc805b5000 	C:\WINDOWS\System32\combase.dll
0x00007ffc7efa0000 - 0x00007ffc7efcc000 	C:\WINDOWS\SYSTEM32\Wldp.dll
0x00007ffc816b0000 - 0x00007ffc8175e000 	C:\WINDOWS\System32\SHCORE.dll
0x00007ffc80cb0000 - 0x00007ffc80d05000 	C:\WINDOWS\System32\shlwapi.dll
0x00007ffc7f610000 - 0x00007ffc7f62f000 	C:\WINDOWS\SYSTEM32\profapi.dll
0x000000005b410000 - 0x000000005b419000 	C:\Program Files (x86)\Minecraft\runtime\jre-x64\bin\dt_socket.dll
0x00007ffc7ed80000 - 0x00007ffc7edea000 	C:\WINDOWS\system32\mswsock.dll
0x000000005b400000 - 0x000000005b40d000 	C:\Program Files (x86)\Minecraft\runtime\jre-x64\bin\management.dll
0x000000005b3e0000 - 0x000000005b3fa000 	C:\Program Files (x86)\Minecraft\runtime\jre-x64\bin\net.dll
0x00007ffc522f0000 - 0x00007ffc52307000 	C:\WINDOWS\system32\napinsp.dll
0x00007ffc52310000 - 0x00007ffc5232b000 	C:\WINDOWS\system32\pnrpnsp.dll
0x00007ffc7a250000 - 0x00007ffc7a265000 	C:\WINDOWS\system32\wshbth.dll
0x00007ffc7ac00000 - 0x00007ffc7ac1d000 	C:\WINDOWS\system32\NLAapi.dll
0x00007ffc7ea90000 - 0x00007ffc7eacb000 	C:\WINDOWS\SYSTEM32\IPHLPAPI.DLL
0x00007ffc7ead0000 - 0x00007ffc7eb9c000 	C:\WINDOWS\SYSTEM32\DNSAPI.dll
0x00007ffc80250000 - 0x00007ffc80258000 	C:\WINDOWS\System32\NSI.dll
0x00007ffc57c10000 - 0x00007ffc57c22000 	C:\WINDOWS\System32\winrnr.dll
0x00007ffc70220000 - 0x00007ffc7022a000 	C:\Windows\System32\rasadhlp.dll
0x00007ffc73190000 - 0x00007ffc7320f000 	C:\WINDOWS\System32\fwpuclnt.dll
0x00007ffc7fa60000 - 0x00007ffc7fa87000 	C:\WINDOWS\System32\bcrypt.dll
0x000000005b3c0000 - 0x000000005b3d1000 	C:\Program Files (x86)\Minecraft\runtime\jre-x64\bin\nio.dll
0x000000005b390000 - 0x000000005b3b4000 	C:\Program Files (x86)\Minecraft\runtime\jre-x64\bin\sunec.dll
0x00007ffc7f2d0000 - 0x00007ffc7f2e8000 	C:\WINDOWS\SYSTEM32\CRYPTSP.dll
0x00007ffc7e630000 - 0x00007ffc7e664000 	C:\WINDOWS\system32\rsaenh.dll
0x00007ffc7f590000 - 0x00007ffc7f5be000 	C:\WINDOWS\SYSTEM32\USERENV.dll
0x00007ffc7f9d0000 - 0x00007ffc7fa53000 	C:\WINDOWS\System32\bcryptprimitives.dll
0x00007ffc7ef00000 - 0x00007ffc7ef0c000 	C:\WINDOWS\SYSTEM32\CRYPTBASE.dll
0x00007ffc768d0000 - 0x00007ffc768e7000 	C:\WINDOWS\SYSTEM32\dhcpcsvc6.DLL
0x00007ffc76830000 - 0x00007ffc7684d000 	C:\WINDOWS\SYSTEM32\dhcpcsvc.DLL
0x00007ffc53240000 - 0x00007ffc532b2000 	C:\Users\ervin_1nmnhvl\AppData\Local\Temp\lwjglervin_1nmnhvl\3.2.2-build-10\lwjgl.dll
0x00007ffc44570000 - 0x00007ffc447c1000 	C:\Users\ERVIN_~1\AppData\Local\Temp\lwjglervin_1nmnhvl\3.2.2-build-10\jemalloc.dll
0x00007ffc51f20000 - 0x00007ffc51f7e000 	C:\Users\ERVIN_~1\AppData\Local\Temp\lwjglervin_1nmnhvl\3.2.2-build-10\glfw.dll
0x00007ffc7cf20000 - 0x00007ffc7cfbe000 	C:\WINDOWS\system32\uxtheme.dll
0x00007ffc66080000 - 0x00007ffc660c5000 	C:\WINDOWS\SYSTEM32\dinput8.dll
0x00007ffc79360000 - 0x00007ffc79371000 	C:\WINDOWS\SYSTEM32\xinput1_4.dll
0x00007ffc7fd00000 - 0x00007ffc7fd4e000 	C:\WINDOWS\System32\cfgmgr32.dll
0x00007ffc7f3b0000 - 0x00007ffc7f3dc000 	C:\WINDOWS\SYSTEM32\DEVOBJ.dll
0x00007ffc7d110000 - 0x00007ffc7d13f000 	C:\WINDOWS\SYSTEM32\dwmapi.dll
0x00007ffc6d940000 - 0x00007ffc6da92000 	C:\WINDOWS\SYSTEM32\inputhost.dll
0x00007ffc80ff0000 - 0x00007ffc810bd000 	C:\WINDOWS\System32\OLEAUT32.dll
0x00007ffc7ca50000 - 0x00007ffc7cb42000 	C:\WINDOWS\SYSTEM32\CoreMessaging.dll
0x00007ffc7ab00000 - 0x00007ffc7abf6000 	C:\WINDOWS\SYSTEM32\PROPSYS.dll
0x00007ffc7c020000 - 0x00007ffc7c174000 	C:\WINDOWS\SYSTEM32\wintypes.dll
0x00007ffc7c6f0000 - 0x00007ffc7ca4e000 	C:\WINDOWS\SYSTEM32\CoreUIComponents.dll
0x00007ffc7e2c0000 - 0x00007ffc7e2f3000 	C:\WINDOWS\SYSTEM32\ntmarta.dll
0x00007ffc7dea0000 - 0x00007ffc7deb2000 	C:\WINDOWS\SYSTEM32\kernel.appcore.dll
0x00007ffc811f0000 - 0x00007ffc81305000 	C:\WINDOWS\System32\MSCTF.dll
0x00007ffc7dd70000 - 0x00007ffc7dd7d000 	C:\WINDOWS\SYSTEM32\HID.DLL
0x00007ffc807b0000 - 0x00007ffc80c19000 	C:\WINDOWS\System32\SETUPAPI.DLL
0x00007ffc7ffa0000 - 0x00007ffc80000000 	C:\WINDOWS\System32\WINTRUST.dll
0x00007ffc7fba0000 - 0x00007ffc7fcff000 	C:\WINDOWS\System32\CRYPT32.dll
0x00007ffc7f350000 - 0x00007ffc7f362000 	C:\WINDOWS\SYSTEM32\MSASN1.dll
0x00007ffc472c0000 - 0x00007ffc473e6000 	C:\WINDOWS\SYSTEM32\opengl32.dll
0x00007ffc7bc80000 - 0x00007ffc7bcac000 	C:\WINDOWS\SYSTEM32\GLU32.dll
0x00007ffc81760000 - 0x00007ffc81809000 	C:\WINDOWS\System32\clbcatq.dll
0x00007ffc42160000 - 0x00007ffc42de4000 	C:\WINDOWS\SYSTEM32\ig4icd64.dll
0x00007ffc7dec0000 - 0x00007ffc7dfb4000 	C:\WINDOWS\SYSTEM32\dxgi.dll
0x00007ffc7b6b0000 - 0x00007ffc7b914000 	C:\WINDOWS\SYSTEM32\d3d11.dll
0x00007ffc4ec10000 - 0x00007ffc4f860000 	C:\WINDOWS\SYSTEM32\igd10umd64.dll
0x00007ffc7c180000 - 0x00007ffc7c1bb000 	C:\WINDOWS\SYSTEM32\dxcore.dll
0x00007ffc4d670000 - 0x00007ffc4d6ef000 	C:\Users\ervin_1nmnhvl\AppData\Local\Temp\lwjglervin_1nmnhvl\3.2.2-build-10\lwjgl_stb.dll
0x00007ffc79f30000 - 0x00007ffc79fde000 	C:\WINDOWS\SYSTEM32\mscms.dll
0x00007ffc7a2f0000 - 0x00007ffc7a301000 	C:\WINDOWS\SYSTEM32\ColorAdapterClient.dll
0x00007ffc65780000 - 0x00007ffc657c3000 	C:\WINDOWS\SYSTEM32\icm32.dll
0x00007ffc6daa0000 - 0x00007ffc6db99000 	C:\WINDOWS\SYSTEM32\textinputframework.dll
0x00007ffc4d7f0000 - 0x00007ffc4d848000 	C:\Users\ervin_1nmnhvl\AppData\Local\Temp\lwjglervin_1nmnhvl\3.2.2-build-10\lwjgl_opengl.dll
0x00007ffc75f80000 - 0x00007ffc76164000 	C:\WINDOWS\SYSTEM32\dbghelp.dll

VM Arguments:
jvm_args: -agentlib:jdwp=transport=dt_socket,address=127.0.0.1:55195,suspend=y,server=n -Dforge.logging.console.level=debug -Dforge.logging.markers=SCAN,REGISTRIES,REGISTRYDUMP -XX:HeapDumpPath=MojangTricksIntelDriversForPerformance_javaw.exe_minecraft.exe.heapdump -Dos.name=Windows 10 -Dos.version=10.0 -javaagent:C:\Users\ervin_1nmnhvl\AppData\Local\JetBrains\Toolbox\apps\IDEA-C\ch-0\211.7442.40\plugins\Groovy\lib\agent\gragent.jar -javaagent:C:\Users\ervin_1nmnhvl\AppData\Local\JetBrains\Toolbox\apps\IDEA-C\ch-0\211.7442.40\plugins\java\lib\rt\debugger-agent.jar -Dfile.encoding=windows-1250 
java_command: net.minecraftforge.userdev.LaunchTesting
java_class_path (initial): C:\Program Files (x86)\Minecraft\runtime\jre-x64\lib\charsets.jar;C:\Program Files (x86)\Minecraft\runtime\jre-x64\lib\deploy.jar;C:\Program Files (x86)\Minecraft\runtime\jre-x64\lib\ext\access-bridge-64.jar;C:\Program Files (x86)\Minecraft\runtime\jre-x64\lib\ext\cldrdata.jar;C:\Program Files (x86)\Minecraft\runtime\jre-x64\lib\ext\dnsns.jar;C:\Program Files (x86)\Minecraft\runtime\jre-x64\lib\ext\jaccess.jar;C:\Program Files (x86)\Minecraft\runtime\jre-x64\lib\ext\jfxrt.jar;C:\Program Files (x86)\Minecraft\runtime\jre-x64\lib\ext\localedata.jar;C:\Program Files (x86)\Minecraft\runtime\jre-x64\lib\ext\nashorn.jar;C:\Program Files (x86)\Minecraft\runtime\jre-x64\lib\ext\sunec.jar;C:\Program Files (x86)\Minecraft\runtime\jre-x64\lib\ext\sunjce_provider.jar;C:\Program Files (x86)\Minecraft\runtime\jre-x64\lib\ext\sunmscapi.jar;C:\Program Files (x86)\Minecraft\runtime\jre-x64\lib\ext\sunpkcs11.jar;C:\Program Files (x86)\Minecraft\runtime\jre-x64\lib\ext\zipfs.jar;C:\Program Files (x86)\Minecraft\runtime\jre-x64\lib\javaws.jar;C:\Program Files (x86)\Minecraft\runtime\jre-x64\lib\jce.jar;C:\Program Files (x86)\Minecraft\runtime\jre-x64\lib\jfr.jar;C:\Program Files (x86)\Minecraft\runtime\jre-x64\lib\jfxswt.jar;C:\Program Files (x86)\Minecraft\runtime\jre-x64\lib\jsse.jar;C:\Program Files (x86)\Minecraft\runtime\jre-x64\lib\management-agent.jar;C:\Program Files (x86)\Minecraft\runtime\jre-x64\lib\plugin.jar;C:\Program Files (x86)\Minecraft\runtime\jre-x64\lib\resources.jar;C:\Program Files (x86)\Minecraft\runtime\jre-x64\lib\rt.jar;C:\save\modding\ervin_mod_1\build\classes\java\main;C:\save\modding\ervin_mod_1\build\resources\main;C:\Users\ervin_1nmnhvl\.gradle\caches\forge_gradle\minecraft_user_repo\net\minecraftforge\forge\1.16.1-32.0.108_mapped_snapshot_20200723-1.16.1\forge-1.16.1-32.0.108_mapped_snapshot_20200723-1.16.1-recomp.jar;C:\Users\ervin_1nmnhvl\.gradle\caches\forge_gradle\minecraft_user_repo\net\minecraftforge\forge\1.16.1-32.0.1
Launcher Type: SUN_STANDARD

Environment Variables:
JAVA_HOME=C:\Program Files\Java\jdk-11.0.4
PATH=C:\Program Files\Docker\Docker\Resources\bin;C:\ProgramData\Oracle\Java\javapath;C:\WINDOWS\system32;C:\WINDOWS;C:\WINDOWS\System32\Wbem;C:\WINDOWS\System32\WindowsPowerShell\v1.0\;C:\Program Files (x86)\cloudControl;C:\Program Files\Git\cmd;C:\bin;C:\Program Files (x86)\Windows Kits\8.1\Windows Performance Toolkit\;C:\Program Files (x86)\PuTTY\;C:\Program Files (x86)\Nodist\bin;G:\save\sdk\android\tools;G:\save\sdk\android\platform-tools;C:\boxfuse;C:\Program Files (x86)\Skype\Phone\;C:\Program Files (x86)\GtkSharp\2.12\bin;C:\Program Files (x86)\IVI Foundation\VISA\WinNT\Bin;C:\WINDOWS\system32;C:\WINDOWS;C:\WINDOWS\System32\Wbem;C:\WINDOWS\System32\WindowsPowerShell\v1.0\;;C:\WINDOWS\System32\OpenSSH\;C:\Program Files\SafeNet\Authentication\SAC\x64;C:\Program Files\SafeNet\Authentication\SAC\x32;C:\Program Files\Gemalto\Classic Client\BIN;C:\Program Files (x86)\Gemalto\Classic Client\BIN;C:\Users\ervin_1nmnhvl\AppData\Local\Microsoft\WindowsApps;
USERNAME=ervin_1nmnhvl
OS=Windows_NT
PROCESSOR_IDENTIFIER=Intel64 Family 6 Model 42 Stepping 7, GenuineIntel



---------------  S Y S T E M  ---------------

OS: Windows 10.0 , 64 bit Build 19041 (10.0.19041.1023)

CPU:total 4 (2 cores per cpu, 2 threads per core) family 6 model 42 stepping 7, cmov, cx8, fxsr, mmx, sse, sse2, sse3, ssse3, sse4.1, sse4.2, popcnt, avx, aes, clmul, ht, tsc, tscinvbit

Memory: 4k page, physical 8266764k(461104k free), swap 10363916k(2260k free)

vm_info: Java HotSpot(TM) 64-Bit Server VM (25.51-b03) for windows-amd64 JRE (1.8.0_51-b16), built on Jun  8 2015 18:03:07 by "java_re" with MS VC++ 10.0 (VS2010)

time: Tue Jun 29 12:37:55 2021
elapsed time: 32 seconds (0d 0h 0m 32s)

