#
# There is insufficient memory for the Java Runtime Environment to continue.
# Native memory allocation (malloc) failed to allocate 1536320 bytes for Chunk::new
# Possible reasons:
#   The system is out of physical RAM or swap space
#   In 32 bit mode, the process size limit was hit
# Possible solutions:
#   Reduce memory load on the system
#   Increase physical memory or swap space
#   Check if swap backing store is full
#   Use 64 bit Java on a 64 bit OS
#   Decrease Java heap size (-Xmx/-Xms)
#   Decrease number of Java threads
#   Decrease Java thread stack sizes (-Xss)
#   Set larger code cache with -XX:ReservedCodeCacheSize=
# This output file may be truncated or incomplete.
#
#  Out of Memory Error (allocation.cpp:390), pid=27424, tid=21432
#
# JRE version: Java(TM) SE Runtime Environment (8.0_51-b16) (build 1.8.0_51-b16)
# Java VM: Java HotSpot(TM) 64-Bit Server VM (25.51-b03 mixed mode windows-amd64 compressed oops)
# Failed to write core dump. Minidumps are not enabled by default on client versions of Windows
#

---------------  T H R E A D  ---------------

Current thread (0x0000000017d4b800):  JavaThread "C2 CompilerThread1" daemon [_thread_in_native, id=21432, stack(0x0000000019840000,0x0000000019940000)]

Stack: [0x0000000019840000,0x0000000019940000]
Native frames: (J=compiled Java code, j=interpreted, Vv=VM code, C=native code)
V  [jvm.dll+0x32b4ca]
V  [jvm.dll+0x2797e3]
V  [jvm.dll+0x27a479]
V  [jvm.dll+0x271765]
V  [jvm.dll+0xcba02]
V  [jvm.dll+0xcbecc]
V  [jvm.dll+0x492ad7]
V  [jvm.dll+0x45f98a]
V  [jvm.dll+0x46a7cb]
V  [jvm.dll+0x46cde2]
V  [jvm.dll+0x4501a2]
V  [jvm.dll+0xa43a2]
V  [jvm.dll+0xa4cdf]
V  [jvm.dll+0x2418a4]
V  [jvm.dll+0x29846a]
C  [msvcr100.dll+0x21d9f]
C  [msvcr100.dll+0x21e3b]
C  [KERNEL32.DLL+0x17034]
C  [ntdll.dll+0x4cec1]


Current CompileTask:
C2: 113554 13102       4       java.net.URLClassLoader$1::run (5 bytes)


---------------  P R O C E S S  ---------------

Java Threads: ( => current thread )
  0x000000001a660800 JavaThread "modloading-worker-2" daemon [_thread_blocked, id=23928, stack(0x0000000045270000,0x0000000045370000)]
  0x000000001a666000 JavaThread "modloading-worker-0" daemon [_thread_blocked, id=24028, stack(0x0000000045070000,0x0000000045170000)]
  0x000000001a65e800 JavaThread "Worker-Main-6" daemon [_thread_blocked, id=13764, stack(0x000000002abc0000,0x000000002acc0000)]
  0x0000000023e58800 JavaThread "Worker-Main-5" daemon [_thread_blocked, id=16220, stack(0x000000002aac0000,0x000000002abc0000)]
  0x0000000023e59800 JavaThread "Narrator" [_thread_blocked, id=11300, stack(0x0000000028b70000,0x0000000028c70000)]
  0x0000000023e5c800 JavaThread "Sound engine" daemon [_thread_blocked, id=23772, stack(0x0000000028f70000,0x0000000029070000)]
  0x0000000023e5e000 JavaThread "Snooper Timer" daemon [_thread_blocked, id=33072, stack(0x0000000027c50000,0x0000000027d50000)]
  0x0000000023e5b000 JavaThread "Timer hack thread" daemon [_thread_blocked, id=9480, stack(0x0000000025ae0000,0x0000000025be0000)]
  0x000000001a5a1000 JavaThread "Worker-Bootstrap-2" daemon [_thread_blocked, id=27496, stack(0x0000000024200000,0x0000000024300000)]
  0x000000001ab40800 JavaThread "pool-3-thread-1" [_thread_blocked, id=21488, stack(0x000000001bb50000,0x000000001bc50000)]
  0x000000001a995000 JavaThread "Thread-2" daemon [_thread_in_native, id=11308, stack(0x000000001d140000,0x000000001d240000)]
  0x000000001b407800 JavaThread "Thread-1" daemon [_thread_blocked, id=15224, stack(0x000000001c050000,0x000000001c150000)]
  0x000000001963d000 JavaThread "Service Thread" daemon [_thread_blocked, id=13400, stack(0x000000001a240000,0x000000001a340000)]
  0x0000000019629800 JavaThread "C1 CompilerThread2" daemon [_thread_blocked, id=22328, stack(0x0000000019940000,0x0000000019a40000)]
=>0x0000000017d4b800 JavaThread "C2 CompilerThread1" daemon [_thread_in_native, id=21432, stack(0x0000000019840000,0x0000000019940000)]
  0x0000000017d4b000 JavaThread "C2 CompilerThread0" daemon [_thread_blocked, id=34368, stack(0x0000000019740000,0x0000000019840000)]
  0x0000000017d4d800 JavaThread "Monitor Ctrl-Break" daemon [_thread_in_native, id=19548, stack(0x0000000019640000,0x0000000019740000)]
  0x0000000017cf5800 JavaThread "Attach Listener" daemon [_thread_blocked, id=21848, stack(0x0000000019140000,0x0000000019240000)]
  0x0000000017cf4800 JavaThread "Signal Dispatcher" daemon [_thread_blocked, id=22868, stack(0x0000000019040000,0x0000000019140000)]
  0x0000000002fba800 JavaThread "Finalizer" daemon [_thread_blocked, id=31100, stack(0x0000000018f40000,0x0000000019040000)]
  0x0000000002fb7000 JavaThread "Reference Handler" daemon [_thread_blocked, id=23040, stack(0x0000000018e40000,0x0000000018f40000)]
  0x0000000002ec2800 JavaThread "Render thread" [_thread_blocked, id=30396, stack(0x0000000002dc0000,0x0000000002ec0000)]

Other Threads:
  0x0000000002fb3000 VMThread [stack: 0x0000000018d40000,0x0000000018e40000] [id=26976]
  0x0000000019add800 WatcherThread [stack: 0x000000001a340000,0x000000001a440000] [id=14460]

VM state:at safepoint (normal execution)

VM Mutex/Monitor currently owned by a thread:  ([mutex/lock_event])
[0x0000000002ec84b0] Threads_lock - owner thread: 0x0000000002fb3000
[0x0000000002ec18d0] Heap_lock - owner thread: 0x0000000002ec2800

Heap:
 PSYoungGen      total 655360K, used 655339K [0x00000000d5f00000, 0x0000000100000000, 0x0000000100000000)
  eden space 623104K, 100% used [0x00000000d5f00000,0x00000000fbf80000,0x00000000fbf80000)
  from space 32256K, 99% used [0x00000000fbf80000,0x00000000fdefada8,0x00000000fdf00000)
  to   space 33792K, 99% used [0x00000000fdf00000,0x00000000ffffc0f8,0x0000000100000000)
 ParOldGen       total 398848K, used 398847K [0x0000000081c00000, 0x000000009a180000, 0x00000000d5f00000)
  object space 398848K, 99% used [0x0000000081c00000,0x000000009a17ff08,0x000000009a180000)
 Metaspace       used 79384K, capacity 88328K, committed 88448K, reserved 1122304K
  class space    used 12399K, capacity 14963K, committed 14976K, reserved 1048576K

Card table byte_map: [0x0000000012580000,0x0000000012980000] byte_map_base: 0x0000000012172000

Marking Bits: (ParMarkBitMap*) 0x0000000070e74040
 Begin Bits: [0x0000000013030000, 0x0000000014fc0000)
 End Bits:   [0x0000000014fc0000, 0x0000000016f50000)

Polling page: 0x0000000002c00000

CodeCache: size=245760Kb used=31392Kb max_used=31445Kb free=214367Kb
 bounds [0x00000000031c0000, 0x00000000050c0000, 0x00000000121c0000]
 total_blobs=11374 nmethods=9858 adapters=1427
 compilation: enabled

Compilation events (10 events):
Event: 113.218 Thread 0x0000000019629800 13174       2       net.minecraft.world.GameRules$$Lambda$4881/810939152::accept (12 bytes)
Event: 113.218 Thread 0x0000000019629800 nmethod 13174 0x00000000042b3790 code [0x00000000042b3900, 0x00000000042b3aa8]
Event: 113.224 Thread 0x0000000019629800 13175       2       net.minecraft.nbt.DoubleNBT$1::func_225649_b_ (8 bytes)
Event: 113.224 Thread 0x0000000019629800 nmethod 13175 0x00000000041b6a50 code [0x00000000041b6bc0, 0x00000000041b6df8]
Event: 113.224 Thread 0x0000000019629800 13176       2       net.minecraft.nbt.DoubleNBT$1::func_225649_b_ (17 bytes)
Event: 113.225 Thread 0x0000000019629800 nmethod 13176 0x00000000041b6590 code [0x00000000041b6700, 0x00000000041b6938]
Event: 113.225 Thread 0x0000000019629800 13177       2       net.minecraft.world.GameRules$RuleKey::equals (37 bytes)
Event: 113.226 Thread 0x0000000019629800 nmethod 13177 0x00000000041b60d0 code [0x00000000041b6240, 0x00000000041b6488]
Event: 113.237 Thread 0x0000000019629800 13178       2       com.mojang.serialization.DataResult::unbox (5 bytes)
Event: 113.237 Thread 0x0000000019629800 nmethod 13178 0x00000000042b3350 code [0x00000000042b34a0, 0x00000000042b3610]

GC Heap History (10 events):
Event: 97.847 GC heap after
Heap after GC invocations=151 (full 6):
 PSYoungGen      total 625664K, used 1665K [0x00000000d5f00000, 0x0000000100000000, 0x0000000100000000)
  eden space 623616K, 0% used [0x00000000d5f00000,0x00000000d5f00000,0x00000000fc000000)
  from space 2048K, 81% used [0x00000000fc000000,0x00000000fc1a0648,0x00000000fc200000)
  to   space 33280K, 0% used [0x00000000fdf80000,0x00000000fdf80000,0x0000000100000000)
 ParOldGen       total 385536K, used 267487K [0x0000000081c00000, 0x0000000099480000, 0x00000000d5f00000)
  object space 385536K, 69% used [0x0000000081c00000,0x0000000092137d38,0x0000000099480000)
 Metaspace       used 76677K, capacity 84776K, committed 84864K, reserved 1120256K
  class space    used 11995K, capacity 14419K, committed 14464K, reserved 1048576K
}
Event: 98.859 GC heap before
{Heap before GC invocations=152 (full 6):
 PSYoungGen      total 625664K, used 625281K [0x00000000d5f00000, 0x0000000100000000, 0x0000000100000000)
  eden space 623616K, 100% used [0x00000000d5f00000,0x00000000fc000000,0x00000000fc000000)
  from space 2048K, 81% used [0x00000000fc000000,0x00000000fc1a0648,0x00000000fc200000)
  to   space 33280K, 0% used [0x00000000fdf80000,0x00000000fdf80000,0x0000000100000000)
 ParOldGen       total 385536K, used 267487K [0x0000000081c00000, 0x0000000099480000, 0x00000000d5f00000)
  object space 385536K, 69% used [0x0000000081c00000,0x0000000092137d38,0x0000000099480000)
 Metaspace       used 76677K, capacity 84776K, committed 84864K, reserved 1120256K
  class space    used 11995K, capacity 14419K, committed 14464K, reserved 1048576K
Event: 98.863 GC heap after
Heap after GC invocations=152 (full 6):
 PSYoungGen      total 655872K, used 1248K [0x00000000d5f00000, 0x0000000100000000, 0x0000000100000000)
  eden space 622592K, 0% used [0x00000000d5f00000,0x00000000d5f00000,0x00000000fbf00000)
  from space 33280K, 3% used [0x00000000fdf80000,0x00000000fe0b8000,0x0000000100000000)
  to   space 33280K, 0% used [0x00000000fbf00000,0x00000000fbf00000,0x00000000fdf80000)
 ParOldGen       total 385536K, used 267487K [0x0000000081c00000, 0x0000000099480000, 0x00000000d5f00000)
  object space 385536K, 69% used [0x0000000081c00000,0x0000000092137d38,0x0000000099480000)
 Metaspace       used 76677K, capacity 84776K, committed 84864K, reserved 1120256K
  class space    used 11995K, capacity 14419K, committed 14464K, reserved 1048576K
}
Event: 99.860 GC heap before
{Heap before GC invocations=153 (full 6):
 PSYoungGen      total 655872K, used 623840K [0x00000000d5f00000, 0x0000000100000000, 0x0000000100000000)
  eden space 622592K, 100% used [0x00000000d5f00000,0x00000000fbf00000,0x00000000fbf00000)
  from space 33280K, 3% used [0x00000000fdf80000,0x00000000fe0b8000,0x0000000100000000)
  to   space 33280K, 0% used [0x00000000fbf00000,0x00000000fbf00000,0x00000000fdf80000)
 ParOldGen       total 385536K, used 267487K [0x0000000081c00000, 0x0000000099480000, 0x00000000d5f00000)
  object space 385536K, 69% used [0x0000000081c00000,0x0000000092137d38,0x0000000099480000)
 Metaspace       used 76677K, capacity 84776K, committed 84864K, reserved 1120256K
  class space    used 11995K, capacity 14419K, committed 14464K, reserved 1048576K
Event: 99.866 GC heap after
Heap after GC invocations=153 (full 6):
 PSYoungGen      total 624640K, used 1856K [0x00000000d5f00000, 0x00000000fff00000, 0x0000000100000000)
  eden space 622592K, 0% used [0x00000000d5f00000,0x00000000d5f00000,0x00000000fbf00000)
  from space 2048K, 90% used [0x00000000fbf00000,0x00000000fc0d0000,0x00000000fc100000)
  to   space 32768K, 0% used [0x00000000fdf00000,0x00000000fdf00000,0x00000000fff00000)
 ParOldGen       total 385536K, used 267487K [0x0000000081c00000, 0x0000000099480000, 0x00000000d5f00000)
  object space 385536K, 69% used [0x0000000081c00000,0x0000000092137d38,0x0000000099480000)
 Metaspace       used 76677K, capacity 84776K, committed 84864K, reserved 1120256K
  class space    used 11995K, capacity 14419K, committed 14464K, reserved 1048576K
}
Event: 100.906 GC heap before
{Heap before GC invocations=154 (full 6):
 PSYoungGen      total 624640K, used 624448K [0x00000000d5f00000, 0x00000000fff00000, 0x0000000100000000)
  eden space 622592K, 100% used [0x00000000d5f00000,0x00000000fbf00000,0x00000000fbf00000)
  from space 2048K, 90% used [0x00000000fbf00000,0x00000000fc0d0000,0x00000000fc100000)
  to   space 32768K, 0% used [0x00000000fdf00000,0x00000000fdf00000,0x00000000fff00000)
 ParOldGen       total 385536K, used 267487K [0x0000000081c00000, 0x0000000099480000, 0x00000000d5f00000)
  object space 385536K, 69% used [0x0000000081c00000,0x0000000092137d38,0x0000000099480000)
 Metaspace       used 76677K, capacity 84776K, committed 84864K, reserved 1120256K
  class space    used 11995K, capacity 14419K, committed 14464K, reserved 1048576K
Event: 100.912 GC heap after
Heap after GC invocations=154 (full 6):
 PSYoungGen      total 655872K, used 2592K [0x00000000d5f00000, 0x0000000100000000, 0x0000000100000000)
  eden space 623104K, 0% used [0x00000000d5f00000,0x00000000d5f00000,0x00000000fbf80000)
  from space 32768K, 7% used [0x00000000fdf00000,0x00000000fe188000,0x00000000fff00000)
  to   space 32256K, 0% used [0x00000000fbf80000,0x00000000fbf80000,0x00000000fdf00000)
 ParOldGen       total 385536K, used 267487K [0x0000000081c00000, 0x0000000099480000, 0x00000000d5f00000)
  object space 385536K, 69% used [0x0000000081c00000,0x0000000092137d38,0x0000000099480000)
 Metaspace       used 76677K, capacity 84776K, committed 84864K, reserved 1120256K
  class space    used 11995K, capacity 14419K, committed 14464K, reserved 1048576K
}
Event: 104.249 GC heap before
{Heap before GC invocations=155 (full 6):
 PSYoungGen      total 655872K, used 625696K [0x00000000d5f00000, 0x0000000100000000, 0x0000000100000000)
  eden space 623104K, 100% used [0x00000000d5f00000,0x00000000fbf80000,0x00000000fbf80000)
  from space 32768K, 7% used [0x00000000fdf00000,0x00000000fe188000,0x00000000fff00000)
  to   space 32256K, 0% used [0x00000000fbf80000,0x00000000fbf80000,0x00000000fdf00000)
 ParOldGen       total 385536K, used 267487K [0x0000000081c00000, 0x0000000099480000, 0x00000000d5f00000)
  object space 385536K, 69% used [0x0000000081c00000,0x0000000092137d38,0x0000000099480000)
 Metaspace       used 77903K, capacity 86190K, committed 86400K, reserved 1120256K
  class space    used 12173K, capacity 14650K, committed 14720K, reserved 1048576K
Event: 104.364 GC heap after
Heap after GC invocations=155 (full 6):
 PSYoungGen      total 655360K, used 32235K [0x00000000d5f00000, 0x0000000100000000, 0x0000000100000000)
  eden space 623104K, 0% used [0x00000000d5f00000,0x00000000d5f00000,0x00000000fbf80000)
  from space 32256K, 99% used [0x00000000fbf80000,0x00000000fdefada8,0x00000000fdf00000)
  to   space 33792K, 0% used [0x00000000fdf00000,0x00000000fdf00000,0x0000000100000000)
 ParOldGen       total 385536K, used 319822K [0x0000000081c00000, 0x0000000099480000, 0x00000000d5f00000)
  object space 385536K, 82% used [0x0000000081c00000,0x0000000095453838,0x0000000099480000)
 Metaspace       used 77903K, capacity 86190K, committed 86400K, reserved 1120256K
  class space    used 12173K, capacity 14650K, committed 14720K, reserved 1048576K
}
Event: 113.246 GC heap before
{Heap before GC invocations=156 (full 6):
 PSYoungGen      total 655360K, used 655339K [0x00000000d5f00000, 0x0000000100000000, 0x0000000100000000)
  eden space 623104K, 100% used [0x00000000d5f00000,0x00000000fbf80000,0x00000000fbf80000)
  from space 32256K, 99% used [0x00000000fbf80000,0x00000000fdefada8,0x00000000fdf00000)
  to   space 33792K, 0% used [0x00000000fdf00000,0x00000000fdf00000,0x0000000100000000)
 ParOldGen       total 385536K, used 319822K [0x0000000081c00000, 0x0000000099480000, 0x00000000d5f00000)
  object space 385536K, 82% used [0x0000000081c00000,0x0000000095453838,0x0000000099480000)
 Metaspace       used 79384K, capacity 88328K, committed 88448K, reserved 1122304K
  class space    used 12399K, capacity 14963K, committed 14976K, reserved 1048576K

Deoptimization events (10 events):
Event: 113.095 Thread 0x0000000002ec2800 Uncommon trap: reason=class_check action=maybe_recompile pc=0x0000000003be9824 method=com.mojang.datafixers.optics.profunctors.Profunctor.unbox(Lcom/mojang/datafixers/kinds/App;)Lcom/mojang/datafixers/optics/profunctors/Profunctor; @ 1
Event: 113.096 Thread 0x0000000002ec2800 Uncommon trap: reason=class_check action=maybe_recompile pc=0x0000000003b1af78 method=java.util.stream.StreamOpFlag.fromCharacteristics(Ljava/util/Spliterator;)I @ 14
Event: 113.106 Thread 0x0000000002ec2800 Uncommon trap: reason=class_check action=maybe_recompile pc=0x00000000033589ac method=com.mojang.datafixers.optics.profunctors.Cartesian.unbox(Lcom/mojang/datafixers/kinds/App;)Lcom/mojang/datafixers/optics/profunctors/Cartesian; @ 1
Event: 113.106 Thread 0x0000000002ec2800 Uncommon trap: reason=class_check action=maybe_recompile pc=0x0000000003bf183c method=com.mojang.datafixers.optics.profunctors.Profunctor.unbox(Lcom/mojang/datafixers/kinds/App;)Lcom/mojang/datafixers/optics/profunctors/Profunctor; @ 1
Event: 113.107 Thread 0x0000000002ec2800 Uncommon trap: reason=class_check action=maybe_recompile pc=0x0000000003b1af78 method=java.util.stream.StreamOpFlag.fromCharacteristics(Ljava/util/Spliterator;)I @ 14
Event: 113.119 Thread 0x0000000002ec2800 Uncommon trap: reason=unstable_if action=reinterpret pc=0x00000000036e670c method=java.io.DataInputStream.readUTF(Ljava/io/DataInput;)Ljava/lang/String; @ 112
Event: 113.119 Thread 0x0000000002ec2800 Uncommon trap: reason=unstable_if action=reinterpret pc=0x0000000004345c38 method=net.minecraft.nbt.NBTSizeTracker.readUTF(Ljava/lang/String;)Ljava/lang/String; @ 47
Event: 113.119 Thread 0x0000000002ec2800 Uncommon trap: reason=class_check action=maybe_recompile pc=0x0000000003b1af78 method=java.util.stream.StreamOpFlag.fromCharacteristics(Ljava/util/Spliterator;)I @ 14
Event: 113.145 Thread 0x0000000002ec2800 Uncommon trap: reason=class_check action=maybe_recompile pc=0x00000000033589ac method=com.mojang.datafixers.optics.profunctors.Cartesian.unbox(Lcom/mojang/datafixers/kinds/App;)Lcom/mojang/datafixers/optics/profunctors/Cartesian; @ 1
Event: 113.146 Thread 0x0000000002ec2800 Uncommon trap: reason=class_check action=maybe_recompile pc=0x0000000003b1af78 method=java.util.stream.StreamOpFlag.fromCharacteristics(Ljava/util/Spliterator;)I @ 14

Internal exceptions (10 events):
Event: 113.065 Thread 0x0000000002ec2800 Exception <a 'sun/nio/fs/WindowsException'> (0x00000000fa624668) thrown at [C:\re\workspace\8-2-build-windows-amd64-cygwin\jdk8u51\3951\hotspot\src\share\vm\prims\jni.cpp, line 709]
Event: 113.065 Thread 0x0000000002ec2800 Exception <a 'sun/nio/fs/WindowsException'> (0x00000000fa624df8) thrown at [C:\re\workspace\8-2-build-windows-amd64-cygwin\jdk8u51\3951\hotspot\src\share\vm\prims\jni.cpp, line 709]
Event: 113.071 Thread 0x0000000002ec2800 Exception <a 'sun/nio/fs/WindowsException'> (0x00000000fa792320) thrown at [C:\re\workspace\8-2-build-windows-amd64-cygwin\jdk8u51\3951\hotspot\src\share\vm\prims\jni.cpp, line 709]
Event: 113.071 Thread 0x0000000002ec2800 Exception <a 'sun/nio/fs/WindowsException'> (0x00000000fa792a20) thrown at [C:\re\workspace\8-2-build-windows-amd64-cygwin\jdk8u51\3951\hotspot\src\share\vm\prims\jni.cpp, line 709]
Event: 113.072 Thread 0x0000000002ec2800 Exception <a 'sun/nio/fs/WindowsException'> (0x00000000fa793c18) thrown at [C:\re\workspace\8-2-build-windows-amd64-cygwin\jdk8u51\3951\hotspot\src\share\vm\prims\jni.cpp, line 709]
Event: 113.072 Thread 0x0000000002ec2800 Exception <a 'sun/nio/fs/WindowsException'> (0x00000000fa794328) thrown at [C:\re\workspace\8-2-build-windows-amd64-cygwin\jdk8u51\3951\hotspot\src\share\vm\prims\jni.cpp, line 709]
Event: 113.072 Thread 0x0000000002ec2800 Exception <a 'sun/nio/fs/WindowsException'> (0x00000000fa795490) thrown at [C:\re\workspace\8-2-build-windows-amd64-cygwin\jdk8u51\3951\hotspot\src\share\vm\prims\jni.cpp, line 709]
Event: 113.072 Thread 0x0000000002ec2800 Exception <a 'sun/nio/fs/WindowsException'> (0x00000000fa795c50) thrown at [C:\re\workspace\8-2-build-windows-amd64-cygwin\jdk8u51\3951\hotspot\src\share\vm\prims\jni.cpp, line 709]
Event: 113.079 Thread 0x0000000002ec2800 Exception <a 'java/lang/IncompatibleClassChangeError': Found class java.lang.Object, but interface was expected> (0x00000000fa918648) thrown at [C:\re\workspace\8-2-build-windows-amd64-cygwin\jdk8u51\3951\hotspot\src\share\vm\interpreter\linkResolver.cpp, ·–[<<E\@
Event: 113.082 Thread 0x0000000002ec2800 Exception <a 'java/lang/NoSuchMethodError': java.lang.Object.lambda$comparingByKey$6d558cbf$1(Ljava/util/Comparator;Ljava/util/Map$Entry;Ljava/util/Map$Entry;)I> (0x00000000fa924550) thrown at [C:\re\workspace\8-2-build-windows-amd64-cygwin\jdk8u51\3951\hoÌ†mê$D\@

Events (10 events):
Event: 113.119 Thread 0x0000000002ec2800 Uncommon trap: trap_request=0xffffffde fr.pc=0x0000000003b1af78
Event: 113.119 Thread 0x0000000002ec2800 DEOPT PACKING pc=0x0000000003b1af78 sp=0x0000000002ebca70
Event: 113.119 Thread 0x0000000002ec2800 DEOPT UNPACKING pc=0x000000000320582a sp=0x0000000002ebca08 mode 2
Event: 113.145 Thread 0x0000000002ec2800 Uncommon trap: trap_request=0xffffffde fr.pc=0x00000000033589ac
Event: 113.145 Thread 0x0000000002ec2800 DEOPT PACKING pc=0x00000000033589ac sp=0x0000000002ebc500
Event: 113.145 Thread 0x0000000002ec2800 DEOPT UNPACKING pc=0x000000000320582a sp=0x0000000002ebc3d8 mode 2
Event: 113.146 Thread 0x0000000002ec2800 Uncommon trap: trap_request=0xffffffde fr.pc=0x0000000003b1af78
Event: 113.146 Thread 0x0000000002ec2800 DEOPT PACKING pc=0x0000000003b1af78 sp=0x0000000002ebca70
Event: 113.146 Thread 0x0000000002ec2800 DEOPT UNPACKING pc=0x000000000320582a sp=0x0000000002ebca08 mode 2
Event: 113.246 Executing VM operation: ParallelGCFailedAllocation


Dynamic libraries:
0x00007ff60db10000 - 0x00007ff60db47000 	C:\Program Files (x86)\Minecraft\runtime\jre-x64\bin\java.exe
0x00007ffee6bd0000 - 0x00007ffee6dc6000 	C:\WINDOWS\SYSTEM32\ntdll.dll
0x00007ffee5e70000 - 0x00007ffee5f2d000 	C:\WINDOWS\System32\KERNEL32.DLL
0x00007ffee46e0000 - 0x00007ffee49a8000 	C:\WINDOWS\System32\KERNELBASE.dll
0x00007ffee6ae0000 - 0x00007ffee6b8a000 	C:\WINDOWS\System32\ADVAPI32.dll
0x00007ffee5890000 - 0x00007ffee592e000 	C:\WINDOWS\System32\msvcrt.dll
0x00007ffee5930000 - 0x00007ffee59cb000 	C:\WINDOWS\System32\sechost.dll
0x00007ffee5760000 - 0x00007ffee5884000 	C:\WINDOWS\System32\RPCRT4.dll
0x00007ffee4ee0000 - 0x00007ffee5080000 	C:\WINDOWS\System32\USER32.dll
0x00007ffee4480000 - 0x00007ffee44a2000 	C:\WINDOWS\System32\win32u.dll
0x00007ffee5660000 - 0x00007ffee568a000 	C:\WINDOWS\System32\GDI32.dll
0x00007ffee4b30000 - 0x00007ffee4c39000 	C:\WINDOWS\System32\gdi32full.dll
0x00007ffee4a60000 - 0x00007ffee4afd000 	C:\WINDOWS\System32\msvcp_win.dll
0x00007ffee4530000 - 0x00007ffee4630000 	C:\WINDOWS\System32\ucrtbase.dll
0x00007ffec87a0000 - 0x00007ffec8a3b000 	C:\WINDOWS\WinSxS\amd64_microsoft.windows.common-controls_6595b64144ccf1df_6.0.19041.488_none_ca04af081b815d21\COMCTL32.dll
0x00007ffee4d10000 - 0x00007ffee4d40000 	C:\WINDOWS\System32\IMM32.DLL
0x00000000711e0000 - 0x00000000712b2000 	C:\Program Files (x86)\Minecraft\runtime\jre-x64\bin\msvcr100.dll
0x0000000070670000 - 0x0000000070ef3000 	C:\Program Files (x86)\Minecraft\runtime\jre-x64\bin\server\jvm.dll
0x00007ffee59e0000 - 0x00007ffee59e8000 	C:\WINDOWS\System32\PSAPI.DLL
0x00007ffedcba0000 - 0x00007ffedcbc7000 	C:\WINDOWS\SYSTEM32\WINMM.dll
0x00007ffee0f10000 - 0x00007ffee0f1a000 	C:\WINDOWS\SYSTEM32\VERSION.dll
0x00007ffec05b0000 - 0x00007ffec05b9000 	C:\WINDOWS\SYSTEM32\WSOCK32.dll
0x00007ffee4ca0000 - 0x00007ffee4d0b000 	C:\WINDOWS\System32\WS2_32.dll
0x00000000711d0000 - 0x00000000711df000 	C:\Program Files (x86)\Minecraft\runtime\jre-x64\bin\verify.dll
0x00000000711a0000 - 0x00000000711c9000 	C:\Program Files (x86)\Minecraft\runtime\jre-x64\bin\java.dll
0x0000000071170000 - 0x0000000071193000 	C:\Program Files (x86)\Minecraft\runtime\jre-x64\bin\instrument.dll
0x0000000071150000 - 0x0000000071166000 	C:\Program Files (x86)\Minecraft\runtime\jre-x64\bin\zip.dll
0x00007ffee5f30000 - 0x00007ffee6670000 	C:\WINDOWS\System32\SHELL32.dll
0x00007ffee1630000 - 0x00007ffee1dc4000 	C:\WINDOWS\SYSTEM32\windows.storage.dll
0x00007ffee59f0000 - 0x00007ffee5d45000 	C:\WINDOWS\System32\combase.dll
0x00007ffee35f0000 - 0x00007ffee361c000 	C:\WINDOWS\SYSTEM32\Wldp.dll
0x00007ffee5550000 - 0x00007ffee55fe000 	C:\WINDOWS\System32\SHCORE.dll
0x00007ffee5080000 - 0x00007ffee50d5000 	C:\WINDOWS\System32\shlwapi.dll
0x00007ffee4250000 - 0x00007ffee4276000 	C:\WINDOWS\SYSTEM32\profapi.dll
0x00007ffed20b0000 - 0x00007ffed20ca000 	C:\Users\ervin_1nmnhvl\AppData\Local\JetBrains\Toolbox\apps\IDEA-U\ch-0\202.6397.94\bin\breakgen64.dll
0x0000000071130000 - 0x000000007114a000 	C:\Program Files (x86)\Minecraft\runtime\jre-x64\bin\net.dll
0x00007ffee3560000 - 0x00007ffee35ca000 	C:\WINDOWS\system32\mswsock.dll
0x0000000071120000 - 0x000000007112d000 	C:\Program Files (x86)\Minecraft\runtime\jre-x64\bin\management.dll
0x00007ffec13b0000 - 0x00007ffec13c7000 	C:\WINDOWS\system32\napinsp.dll
0x00007ffec1390000 - 0x00007ffec13ab000 	C:\WINDOWS\system32\pnrpnsp.dll
0x00007ffedeac0000 - 0x00007ffedead5000 	C:\WINDOWS\system32\wshbth.dll
0x00007ffee13a0000 - 0x00007ffee13bd000 	C:\WINDOWS\system32\NLAapi.dll
0x00007ffee30d0000 - 0x00007ffee310b000 	C:\WINDOWS\SYSTEM32\IPHLPAPI.DLL
0x00007ffee3110000 - 0x00007ffee31db000 	C:\WINDOWS\SYSTEM32\DNSAPI.dll
0x00007ffee4d40000 - 0x00007ffee4d49000 	C:\WINDOWS\System32\NSI.dll
0x00007ffed0700000 - 0x00007ffed0712000 	C:\WINDOWS\System32\winrnr.dll
0x00007ffed8040000 - 0x00007ffed804a000 	C:\Windows\System32\rasadhlp.dll
0x00007ffed8600000 - 0x00007ffed867f000 	C:\WINDOWS\System32\fwpuclnt.dll
0x00007ffee4b00000 - 0x00007ffee4b27000 	C:\WINDOWS\System32\bcrypt.dll
0x0000000071100000 - 0x0000000071111000 	C:\Program Files (x86)\Minecraft\runtime\jre-x64\bin\nio.dll
0x00000000710d0000 - 0x00000000710f4000 	C:\Program Files (x86)\Minecraft\runtime\jre-x64\bin\sunec.dll
0x00007ffee40b0000 - 0x00007ffee40c8000 	C:\WINDOWS\SYSTEM32\CRYPTSP.dll
0x00007ffee2c90000 - 0x00007ffee2cc4000 	C:\WINDOWS\system32\rsaenh.dll
0x00007ffee4210000 - 0x00007ffee423e000 	C:\WINDOWS\SYSTEM32\USERENV.dll
0x00007ffee44b0000 - 0x00007ffee452f000 	C:\WINDOWS\System32\bcryptprimitives.dll
0x00007ffee3430000 - 0x00007ffee343c000 	C:\WINDOWS\SYSTEM32\CRYPTBASE.dll
0x00007ffeda060000 - 0x00007ffeda077000 	C:\WINDOWS\SYSTEM32\dhcpcsvc6.DLL
0x00007ffed9fb0000 - 0x00007ffed9fcd000 	C:\WINDOWS\SYSTEM32\dhcpcsvc.DLL
0x00007ffeaf4b0000 - 0x00007ffeaf522000 	C:\Users\ervin_1nmnhvl\AppData\Local\Temp\lwjglervin_1nmnhvl\3.2.2-build-10\lwjgl.dll
0x00007ffea7530000 - 0x00007ffea7781000 	C:\Users\ERVIN_~1\AppData\Local\Temp\lwjglervin_1nmnhvl\3.2.2-build-10\jemalloc.dll
0x00007ffed2050000 - 0x00007ffed20ae000 	C:\Users\ERVIN_~1\AppData\Local\Temp\lwjglervin_1nmnhvl\3.2.2-build-10\glfw.dll
0x00007ffee2350000 - 0x00007ffee23ef000 	C:\WINDOWS\system32\uxtheme.dll
0x00007ffec4ed0000 - 0x00007ffec4f15000 	C:\WINDOWS\SYSTEM32\dinput8.dll
0x00007ffebe690000 - 0x00007ffebe6a1000 	C:\WINDOWS\SYSTEM32\xinput1_4.dll
0x00007ffee4630000 - 0x00007ffee467e000 	C:\WINDOWS\System32\cfgmgr32.dll
0x00007ffee40d0000 - 0x00007ffee40fc000 	C:\WINDOWS\SYSTEM32\DEVOBJ.dll
0x00007ffee10c0000 - 0x00007ffee10ef000 	C:\WINDOWS\SYSTEM32\dwmapi.dll
0x00007ffed42e0000 - 0x00007ffed4432000 	C:\WINDOWS\SYSTEM32\inputhost.dll
0x00007ffee5690000 - 0x00007ffee575d000 	C:\WINDOWS\System32\OLEAUT32.dll
0x00007ffee1ff0000 - 0x00007ffee20e2000 	C:\WINDOWS\SYSTEM32\CoreMessaging.dll
0x00007ffedfa40000 - 0x00007ffedfb96000 	C:\WINDOWS\SYSTEM32\wintypes.dll
0x00007ffee0830000 - 0x00007ffee0b8e000 	C:\WINDOWS\SYSTEM32\CoreUIComponents.dll
0x00007ffedf550000 - 0x00007ffedf647000 	C:\WINDOWS\SYSTEM32\PROPSYS.dll
0x00007ffee3f90000 - 0x00007ffee3fc3000 	C:\WINDOWS\SYSTEM32\ntmarta.dll
0x00007ffee2470000 - 0x00007ffee2482000 	C:\WINDOWS\SYSTEM32\kernel.appcore.dll
0x00007ffee5d50000 - 0x00007ffee5e65000 	C:\WINDOWS\System32\MSCTF.dll
0x00007ffee1de0000 - 0x00007ffee1ded000 	C:\WINDOWS\SYSTEM32\HID.DLL
0x00007ffee6670000 - 0x00007ffee6ad7000 	C:\WINDOWS\System32\SETUPAPI.DLL
0x00007ffee4680000 - 0x00007ffee46e0000 	C:\WINDOWS\System32\WINTRUST.dll
0x00007ffee4320000 - 0x00007ffee447d000 	C:\WINDOWS\System32\CRYPT32.dll
0x00007ffee3d60000 - 0x00007ffee3d72000 	C:\WINDOWS\SYSTEM32\MSASN1.dll
0x00007ffeabdb0000 - 0x00007ffeabed5000 	C:\WINDOWS\SYSTEM32\opengl32.dll
0x00007ffec4ea0000 - 0x00007ffec4ecc000 	C:\WINDOWS\SYSTEM32\GLU32.dll
0x00007ffee4e30000 - 0x00007ffee4ed9000 	C:\WINDOWS\System32\clbcatq.dll
0x00007ffe93710000 - 0x00007ffe94394000 	C:\WINDOWS\SYSTEM32\ig4icd64.dll
0x00007ffee24e0000 - 0x00007ffee25d3000 	C:\WINDOWS\SYSTEM32\dxgi.dll
0x00007ffedfba0000 - 0x00007ffedfe04000 	C:\WINDOWS\SYSTEM32\d3d11.dll
0x00007ffeae570000 - 0x00007ffeaf1c0000 	C:\WINDOWS\SYSTEM32\igd10umd64.dll
0x00007ffed9060000 - 0x00007ffed909b000 	C:\WINDOWS\SYSTEM32\dxcore.dll
0x00007ffeacd30000 - 0x00007ffeacdaf000 	C:\Users\ervin_1nmnhvl\AppData\Local\Temp\lwjglervin_1nmnhvl\3.2.2-build-10\lwjgl_stb.dll
0x00007ffede340000 - 0x00007ffede3ee000 	C:\WINDOWS\SYSTEM32\mscms.dll
0x00007ffede080000 - 0x00007ffede091000 	C:\WINDOWS\SYSTEM32\ColorAdapterClient.dll
0x00007ffeb6690000 - 0x00007ffeb66d3000 	C:\WINDOWS\SYSTEM32\icm32.dll
0x00007ffed41e0000 - 0x00007ffed42dc000 	C:\WINDOWS\SYSTEM32\textinputframework.dll
0x00007ffeaccd0000 - 0x00007ffeacd28000 	C:\Users\ervin_1nmnhvl\AppData\Local\Temp\lwjglervin_1nmnhvl\3.2.2-build-10\lwjgl_opengl.dll
0x00007ffed2000000 - 0x00007ffed2042000 	C:\Users\ervin_1nmnhvl\AppData\Local\Temp\jna-2118671535\jna3490751198898927220.dll
0x00007ffed1c10000 - 0x00007ffed1c2a000 	C:\save\modding\ervin_mod_1\build\natives\SAPIWrapper_x64.dll
0x00007ffee50e0000 - 0x00007ffee520a000 	C:\WINDOWS\System32\ole32.dll
0x00007ffeaba90000 - 0x00007ffeabc14000 	C:\WINDOWS\System32\Speech\Common\sapi.dll
0x00007ffeded60000 - 0x00007ffeded7e000 	C:\WINDOWS\SYSTEM32\MSACM32.dll
0x00007ffed9880000 - 0x00007ffed988b000 	C:\WINDOWS\SYSTEM32\msdmo.dll
0x00007ffec19b0000 - 0x00007ffec19d6000 	C:\WINDOWS\SYSTEM32\winmmbase.dll
0x00007ffed5620000 - 0x00007ffed56a5000 	C:\WINDOWS\System32\MMDevApi.dll
0x00007ffea8630000 - 0x00007ffea8744000 	C:\Users\ERVIN_~1\AppData\Local\Temp\lwjglervin_1nmnhvl\3.2.2-build-10\OpenAL.dll
0x00007ffed15a0000 - 0x00007ffed1721000 	C:\WINDOWS\SYSTEM32\AUDIOSES.DLL
0x00007ffee3d00000 - 0x00007ffee3d4b000 	C:\WINDOWS\SYSTEM32\powrprof.dll
0x00007ffee3930000 - 0x00007ffee3942000 	C:\WINDOWS\SYSTEM32\UMPDC.dll
0x00007ffee0fd0000 - 0x00007ffee0fe4000 	C:\WINDOWS\SYSTEM32\resourcepolicyclient.dll
0x00007ffee3d80000 - 0x00007ffee3f64000 	C:\WINDOWS\SYSTEM32\dbghelp.dll

VM Arguments:
jvm_args: -Dforge.logging.console.level=debug -Dforge.logging.markers=SCAN,REGISTRIES,REGISTRYDUMP -XX:HeapDumpPath=MojangTricksIntelDriversForPerformance_javaw.exe_minecraft.exe.heapdump -Dos.name=Windows 10 -Dos.version=10.0 -javaagent:C:\Users\ervin_1nmnhvl\AppData\Local\JetBrains\Toolbox\apps\IDEA-U\ch-0\202.6397.94\lib\idea_rt.jar=60195:C:\Users\ervin_1nmnhvl\AppData\Local\JetBrains\Toolbox\apps\IDEA-U\ch-0\202.6397.94\bin -Dfile.encoding=UTF-8 
java_command: net.minecraftforge.userdev.LaunchTesting
java_class_path (initial): C:\Program Files (x86)\Minecraft\runtime\jre-x64\lib\charsets.jar;C:\Program Files (x86)\Minecraft\runtime\jre-x64\lib\deploy.jar;C:\Program Files (x86)\Minecraft\runtime\jre-x64\lib\ext\access-bridge-64.jar;C:\Program Files (x86)\Minecraft\runtime\jre-x64\lib\ext\cldrdata.jar;C:\Program Files (x86)\Minecraft\runtime\jre-x64\lib\ext\dnsns.jar;C:\Program Files (x86)\Minecraft\runtime\jre-x64\lib\ext\jaccess.jar;C:\Program Files (x86)\Minecraft\runtime\jre-x64\lib\ext\jfxrt.jar;C:\Program Files (x86)\Minecraft\runtime\jre-x64\lib\ext\localedata.jar;C:\Program Files (x86)\Minecraft\runtime\jre-x64\lib\ext\nashorn.jar;C:\Program Files (x86)\Minecraft\runtime\jre-x64\lib\ext\sunec.jar;C:\Program Files (x86)\Minecraft\runtime\jre-x64\lib\ext\sunjce_provider.jar;C:\Program Files (x86)\Minecraft\runtime\jre-x64\lib\ext\sunmscapi.jar;C:\Program Files (x86)\Minecraft\runtime\jre-x64\lib\ext\sunpkcs11.jar;C:\Program Files (x86)\Minecraft\runtime\jre-x64\lib\ext\zipfs.jar;C:\Program Files (x86)\Minecraft\runtime\jre-x64\lib\javaws.jar;C:\Program Files (x86)\Minecraft\runtime\jre-x64\lib\jce.jar;C:\Program Files (x86)\Minecraft\runtime\jre-x64\lib\jfr.jar;C:\Program Files (x86)\Minecraft\runtime\jre-x64\lib\jfxswt.jar;C:\Program Files (x86)\Minecraft\runtime\jre-x64\lib\jsse.jar;C:\Program Files (x86)\Minecraft\runtime\jre-x64\lib\management-agent.jar;C:\Program Files (x86)\Minecraft\runtime\jre-x64\lib\plugin.jar;C:\Program Files (x86)\Minecraft\runtime\jre-x64\lib\resources.jar;C:\Program Files (x86)\Minecraft\runtime\jre-x64\lib\rt.jar;C:\save\modding\ervin_mod_1\build\classes\java\main;C:\save\modding\ervin_mod_1\build\resources\main;C:\Users\ervin_1nmnhvl\.gradle\caches\forge_gradle\minecraft_user_repo\net\minecraftforge\forge\1.16.1-32.0.75_mapped_snapshot_20200723-1.16.1\forge-1.16.1-32.0.75_mapped_snapshot_20200723-1.16.1-recomp.jar;C:\Users\ervin_1nmnhvl\.gradle\caches\forge_gradle\minecraft_user_repo\net\minecraftforge\forge\1.16.1-32.0.75_
Launcher Type: SUN_STANDARD

Environment Variables:
JAVA_HOME=C:\Program Files\Java\jdk-11.0.4
PATH=C:\Program Files\Docker\Docker\Resources\bin;C:\ProgramData\Oracle\Java\javapath;C:\WINDOWS\system32;C:\WINDOWS;C:\WINDOWS\System32\Wbem;C:\WINDOWS\System32\WindowsPowerShell\v1.0\;C:\Program Files (x86)\cloudControl;C:\Program Files\Git\cmd;C:\bin;C:\Program Files (x86)\Windows Kits\8.1\Windows Performance Toolkit\;C:\Program Files (x86)\PuTTY\;C:\Program Files (x86)\Nodist\bin;G:\save\sdk\android\tools;G:\save\sdk\android\platform-tools;C:\boxfuse;C:\Program Files (x86)\Skype\Phone\;C:\Program Files (x86)\GtkSharp\2.12\bin;C:\Program Files (x86)\IVI Foundation\VISA\WinNT\Bin;C:\WINDOWS\system32;C:\WINDOWS;C:\WINDOWS\System32\Wbem;C:\WINDOWS\System32\WindowsPowerShell\v1.0\;;C:\WINDOWS\System32\OpenSSH\;C:\Users\ervin_1nmnhvl\AppData\Local\Microsoft\WindowsApps;
USERNAME=ervin_1nmnhvl
OS=Windows_NT
PROCESSOR_IDENTIFIER=Intel64 Family 6 Model 42 Stepping 7, GenuineIntel



---------------  S Y S T E M  ---------------

OS: Windows 10.0 , 64 bit Build 19041 (10.0.19041.546)

CPU:total 4 (2 cores per cpu, 2 threads per core) family 6 model 42 stepping 7, cmov, cx8, fxsr, mmx, sse, sse2, sse3, ssse3, sse4.1, sse4.2, popcnt, avx, aes, clmul, ht, tsc, tscinvbit

Memory: 4k page, physical 8266764k(887888k free), swap 10363916k(3180k free)

vm_info: Java HotSpot(TM) 64-Bit Server VM (25.51-b03) for windows-amd64 JRE (1.8.0_51-b16), built on Jun  8 2015 18:03:07 by "java_re" with MS VC++ 10.0 (VS2010)

time: Tue Nov 03 11:17:19 2020
elapsed time: 113 seconds (0d 0h 1m 53s)

