#
# There is insufficient memory for the Java Runtime Environment to continue.
# Native memory allocation (malloc) failed to allocate 1742976 bytes for Chunk::new
# Possible reasons:
#   The system is out of physical RAM or swap space
#   In 32 bit mode, the process size limit was hit
# Possible solutions:
#   Reduce memory load on the system
#   Increase physical memory or swap space
#   Check if swap backing store is full
#   Use 64 bit Java on a 64 bit OS
#   Decrease Java heap size (-Xmx/-Xms)
#   Decrease number of Java threads
#   Decrease Java thread stack sizes (-Xss)
#   Set larger code cache with -XX:ReservedCodeCacheSize=
# This output file may be truncated or incomplete.
#
#  Out of Memory Error (allocation.cpp:390), pid=14772, tid=1748
#
# JRE version: Java(TM) SE Runtime Environment (8.0_51-b16) (build 1.8.0_51-b16)
# Java VM: Java HotSpot(TM) 64-Bit Server VM (25.51-b03 mixed mode windows-amd64 compressed oops)
# Failed to write core dump. Minidumps are not enabled by default on client versions of Windows
#

---------------  T H R E A D  ---------------

Current thread (0x0000000019385000):  JavaThread "C2 CompilerThread0" daemon [_thread_in_native, id=1748, stack(0x00000000194b0000,0x00000000195b0000)]

Stack: [0x00000000194b0000,0x00000000195b0000],  sp=0x00000000195aada0,  free space=1003k
Native frames: (J=compiled Java code, j=interpreted, Vv=VM code, C=native code)
V  [jvm.dll+0x32b4ca]
V  [jvm.dll+0x2797e3]
V  [jvm.dll+0x27a479]
V  [jvm.dll+0x271765]
V  [jvm.dll+0xcba02]
V  [jvm.dll+0xcbecc]
V  [jvm.dll+0x476f72]
V  [jvm.dll+0x4b95ff]
V  [jvm.dll+0x46bb38]
V  [jvm.dll+0x46cd4e]
V  [jvm.dll+0x4501a2]
V  [jvm.dll+0xa43a2]
V  [jvm.dll+0xa4cdf]
V  [jvm.dll+0x2418a4]
V  [jvm.dll+0x29846a]
C  [msvcr100.dll+0x21d9f]
C  [msvcr100.dll+0x21e3b]
C  [KERNEL32.DLL+0x17034]
C  [ntdll.dll+0x4cec1]


Current CompileTask:
C2: 174744 12414       4       net.minecraft.client.renderer.model.BlockModel::bakeVanilla (270 bytes)


---------------  P R O C E S S  ---------------

Java Threads: ( => current thread )
  0x0000000022093800 JavaThread "modloading-worker-3" daemon [_thread_blocked, id=16148, stack(0x0000000045cc0000,0x0000000045dc0000)]
  0x0000000022098000 JavaThread "modloading-worker-2" daemon [_thread_blocked, id=3172, stack(0x0000000045bc0000,0x0000000045cc0000)]
  0x0000000022097800 JavaThread "modloading-worker-1" daemon [_thread_blocked, id=1808, stack(0x0000000045ac0000,0x0000000045bc0000)]
  0x000000002209a800 JavaThread "Worker-Main-8" daemon [_thread_blocked, id=11396, stack(0x000000003a6f0000,0x000000003a7f0000)]
  0x0000000022096800 JavaThread "Worker-Main-7" daemon [_thread_blocked, id=2044, stack(0x0000000036cc0000,0x0000000036dc0000)]
  0x0000000022093000 JavaThread "Worker-Main-5" daemon [_thread_blocked, id=14752, stack(0x000000002b700000,0x000000002b800000)]
  0x0000000022090800 JavaThread "Worker-Main-4" daemon [_thread_blocked, id=10220, stack(0x000000002b600000,0x000000002b700000)]
  0x0000000022095000 JavaThread "Narrator" [_thread_blocked, id=13528, stack(0x0000000029370000,0x0000000029470000)]
  0x0000000022092000 JavaThread "Sound engine" daemon [_thread_blocked, id=14728, stack(0x0000000025a00000,0x0000000025b00000)]
  0x0000000022437000 JavaThread "Snooper Timer" daemon [_thread_blocked, id=15440, stack(0x0000000001000000,0x0000000001100000)]
  0x0000000022435800 JavaThread "Timer hack thread" daemon [_thread_blocked, id=13056, stack(0x0000000000de0000,0x0000000000ee0000)]
  0x00000000239b1800 JavaThread "pool-3-thread-1" [_thread_blocked, id=16336, stack(0x000000001bce0000,0x000000001bde0000)]
  0x000000001ad96800 JavaThread "Thread-2" daemon [_thread_in_native, id=7252, stack(0x000000001bee0000,0x000000001bfe0000)]
  0x000000001aab2000 JavaThread "Thread-1" daemon [_thread_blocked, id=11508, stack(0x000000001bde0000,0x000000001bee0000)]
  0x0000000019869000 JavaThread "Service Thread" daemon [_thread_blocked, id=4004, stack(0x0000000019fb0000,0x000000001a0b0000)]
  0x0000000019392000 JavaThread "C1 CompilerThread2" daemon [_thread_blocked, id=2456, stack(0x00000000196b0000,0x00000000197b0000)]
  0x0000000019388800 JavaThread "C2 CompilerThread1" daemon [_thread_in_native, id=5432, stack(0x00000000195b0000,0x00000000196b0000)]
=>0x0000000019385000 JavaThread "C2 CompilerThread0" daemon [_thread_in_native, id=1748, stack(0x00000000194b0000,0x00000000195b0000)]
  0x0000000019383000 JavaThread "Monitor Ctrl-Break" daemon [_thread_in_native, id=14764, stack(0x00000000193b0000,0x00000000194b0000)]
  0x0000000017a51800 JavaThread "Attach Listener" daemon [_thread_blocked, id=9796, stack(0x0000000018ea0000,0x0000000018fa0000)]
  0x0000000017a50000 JavaThread "Signal Dispatcher" daemon [_thread_blocked, id=1296, stack(0x0000000018da0000,0x0000000018ea0000)]
  0x0000000002d99800 JavaThread "Finalizer" daemon [_thread_blocked, id=13532, stack(0x0000000018ca0000,0x0000000018da0000)]
  0x0000000002d96000 JavaThread "Reference Handler" daemon [_thread_blocked, id=15436, stack(0x0000000018ba0000,0x0000000018ca0000)]
  0x0000000002ca2800 JavaThread "Render thread" [_thread_in_Java, id=5656, stack(0x0000000002ba0000,0x0000000002ca0000)]

Other Threads:
  0x0000000017a09000 VMThread [stack: 0x0000000018aa0000,0x0000000018ba0000] [id=14652]
  0x000000001986a000 WatcherThread [stack: 0x000000001a0b0000,0x000000001a1b0000] [id=1624]

VM state:not at safepoint (normal execution)

VM Mutex/Monitor currently owned by a thread: None

Heap:
 PSYoungGen      total 412672K, used 141197K [0x00000000d5f00000, 0x00000000f9900000, 0x0000000100000000)
  eden space 264192K, 32% used [0x00000000d5f00000,0x00000000db317b30,0x00000000e6100000)
  from space 148480K, 37% used [0x00000000f0800000,0x00000000f3dcbab8,0x00000000f9900000)
  to   space 159744K, 0% used [0x00000000e6100000,0x00000000e6100000,0x00000000efd00000)
 ParOldGen       total 900608K, used 553319K [0x0000000081c00000, 0x00000000b8b80000, 0x00000000d5f00000)
  object space 900608K, 61% used [0x0000000081c00000,0x00000000a3859f98,0x00000000b8b80000)
 Metaspace       used 77751K, capacity 86062K, committed 86272K, reserved 1120256K
  class space    used 12099K, capacity 14550K, committed 14592K, reserved 1048576K

Card table byte_map: [0x00000000122d0000,0x00000000126d0000] byte_map_base: 0x0000000011ec2000

Marking Bits: (ParMarkBitMap*) 0x0000000075844040
 Begin Bits: [0x0000000012d80000, 0x0000000014d10000)
 End Bits:   [0x0000000014d10000, 0x0000000016ca0000)

Polling page: 0x0000000002b60000

CodeCache: size=245760Kb used=29283Kb max_used=29283Kb free=216476Kb
 bounds [0x0000000002f10000, 0x0000000004be0000, 0x0000000011f10000]
 total_blobs=10779 nmethods=9288 adapters=1402
 compilation: enabled

Compilation events (10 events):
Event: 174.582 Thread 0x0000000019385000 nmethod 12412 0x0000000004bb9a10 code [0x0000000004bb9b60, 0x0000000004bb9cb8]
Event: 174.582 Thread 0x0000000019385000 12414       4       net.minecraft.client.renderer.model.BlockModel::bakeVanilla (270 bytes)
Event: 174.620 Thread 0x0000000019388800 nmethod 12402 0x0000000004bc0310 code [0x0000000004bc05a0, 0x0000000004bc1788]
Event: 174.620 Thread 0x0000000019388800 12415       4       net.minecraft.client.renderer.model.ModelBakery::getBakedModel (164 bytes)
Event: 174.620 Thread 0x0000000019392000 12419       3       net.minecraft.client.renderer.model.BlockModel::isTexturePresent (23 bytes)
Event: 174.621 Thread 0x0000000019392000 nmethod 12419 0x0000000004bb74d0 code [0x0000000004bb7660, 0x0000000004bb7998]
Event: 174.655 Thread 0x0000000019392000 12423       3       net.minecraft.client.renderer.model.ItemModelGenerator::getSpans (169 bytes)
Event: 174.656 Thread 0x0000000019392000 nmethod 12423 0x0000000004bba210 code [0x0000000004bba440, 0x0000000004bbb2a8]
Event: 174.669 Thread 0x0000000019392000 12425       3       net.minecraft.client.renderer.model.ItemModelGenerator::getBlockParts (695 bytes)
Event: 174.675 Thread 0x0000000019392000 nmethod 12425 0x0000000004bca250 code [0x0000000004bca7a0, 0x0000000004bcdd98]

GC Heap History (10 events):
Event: 157.123 GC heap before
{Heap before GC invocations=156 (full 8):
 PSYoungGen      total 281600K, used 281581K [0x00000000d5f00000, 0x00000000fd280000, 0x0000000100000000)
  eden space 251904K, 100% used [0x00000000d5f00000,0x00000000e5500000,0x00000000e5500000)
  from space 29696K, 99% used [0x00000000e5500000,0x00000000e71fb720,0x00000000e7200000)
  to   space 191488K, 0% used [0x00000000f1780000,0x00000000f1780000,0x00000000fd280000)
 ParOldGen       total 900608K, used 553247K [0x0000000081c00000, 0x00000000b8b80000, 0x00000000d5f00000)
  object space 900608K, 61% used [0x0000000081c00000,0x00000000a3847e58,0x00000000b8b80000)
 Metaspace       used 76054K, capacity 84060K, committed 84224K, reserved 1120256K
  class space    used 11865K, capacity 14213K, committed 14336K, reserved 1048576K
Event: 157.161 GC heap after
Heap after GC invocations=156 (full 8):
 PSYoungGen      total 429568K, used 30461K [0x00000000d5f00000, 0x00000000fbe80000, 0x0000000100000000)
  eden space 258560K, 0% used [0x00000000d5f00000,0x00000000d5f00000,0x00000000e5b80000)
  from space 171008K, 17% used [0x00000000f1780000,0x00000000f353f7b0,0x00000000fbe80000)
  to   space 181760K, 0% used [0x00000000e5b80000,0x00000000e5b80000,0x00000000f0d00000)
 ParOldGen       total 900608K, used 553247K [0x0000000081c00000, 0x00000000b8b80000, 0x00000000d5f00000)
  object space 900608K, 61% used [0x0000000081c00000,0x00000000a3847e58,0x00000000b8b80000)
 Metaspace       used 76054K, capacity 84060K, committed 84224K, reserved 1120256K
  class space    used 11865K, capacity 14213K, committed 14336K, reserved 1048576K
}
Event: 163.318 GC heap before
{Heap before GC invocations=157 (full 8):
 PSYoungGen      total 429568K, used 289021K [0x00000000d5f00000, 0x00000000fbe80000, 0x0000000100000000)
  eden space 258560K, 100% used [0x00000000d5f00000,0x00000000e5b80000,0x00000000e5b80000)
  from space 171008K, 17% used [0x00000000f1780000,0x00000000f353f7b0,0x00000000fbe80000)
  to   space 181760K, 0% used [0x00000000e5b80000,0x00000000e5b80000,0x00000000f0d00000)
 ParOldGen       total 900608K, used 553290K [0x0000000081c00000, 0x00000000b8b80000, 0x00000000d5f00000)
  object space 900608K, 61% used [0x0000000081c00000,0x00000000a3852830,0x00000000b8b80000)
 Metaspace       used 76244K, capacity 84272K, committed 84480K, reserved 1120256K
  class space    used 11898K, capacity 14275K, committed 14336K, reserved 1048576K
Event: 163.375 GC heap after
Heap after GC invocations=157 (full 8):
 PSYoungGen      total 298496K, used 39468K [0x00000000d5f00000, 0x00000000faf00000, 0x0000000100000000)
  eden space 258560K, 0% used [0x00000000d5f00000,0x00000000d5f00000,0x00000000e5b80000)
  from space 39936K, 98% used [0x00000000e5b80000,0x00000000e820b118,0x00000000e8280000)
  to   space 171008K, 0% used [0x00000000f0800000,0x00000000f0800000,0x00000000faf00000)
 ParOldGen       total 900608K, used 553298K [0x0000000081c00000, 0x00000000b8b80000, 0x00000000d5f00000)
  object space 900608K, 61% used [0x0000000081c00000,0x00000000a3854830,0x00000000b8b80000)
 Metaspace       used 76244K, capacity 84272K, committed 84480K, reserved 1120256K
  class space    used 11898K, capacity 14275K, committed 14336K, reserved 1048576K
}
Event: 170.001 GC heap before
{Heap before GC invocations=158 (full 8):
 PSYoungGen      total 298496K, used 298028K [0x00000000d5f00000, 0x00000000faf00000, 0x0000000100000000)
  eden space 258560K, 100% used [0x00000000d5f00000,0x00000000e5b80000,0x00000000e5b80000)
  from space 39936K, 98% used [0x00000000e5b80000,0x00000000e820b118,0x00000000e8280000)
  to   space 171008K, 0% used [0x00000000f0800000,0x00000000f0800000,0x00000000faf00000)
 ParOldGen       total 900608K, used 553303K [0x0000000081c00000, 0x00000000b8b80000, 0x00000000d5f00000)
  object space 900608K, 61% used [0x0000000081c00000,0x00000000a3855f98,0x00000000b8b80000)
 Metaspace       used 76592K, capacity 84652K, committed 84864K, reserved 1120256K
  class space    used 11953K, capacity 14351K, committed 14464K, reserved 1048576K
Event: 170.084 GC heap after
Heap after GC invocations=158 (full 8):
 PSYoungGen      total 412672K, used 52735K [0x00000000d5f00000, 0x00000000f9900000, 0x0000000100000000)
  eden space 264192K, 0% used [0x00000000d5f00000,0x00000000d5f00000,0x00000000e6100000)
  from space 148480K, 35% used [0x00000000f0800000,0x00000000f3b7fd78,0x00000000f9900000)
  to   space 159744K, 0% used [0x00000000e6100000,0x00000000e6100000,0x00000000efd00000)
 ParOldGen       total 900608K, used 553311K [0x0000000081c00000, 0x00000000b8b80000, 0x00000000d5f00000)
  object space 900608K, 61% used [0x0000000081c00000,0x00000000a3857f98,0x00000000b8b80000)
 Metaspace       used 76592K, capacity 84652K, committed 84864K, reserved 1120256K
  class space    used 11953K, capacity 14351K, committed 14464K, reserved 1048576K
}
Event: 172.896 GC heap before
{Heap before GC invocations=159 (full 8):
 PSYoungGen      total 412672K, used 316927K [0x00000000d5f00000, 0x00000000f9900000, 0x0000000100000000)
  eden space 264192K, 100% used [0x00000000d5f00000,0x00000000e6100000,0x00000000e6100000)
  from space 148480K, 35% used [0x00000000f0800000,0x00000000f3b7fd78,0x00000000f9900000)
  to   space 159744K, 0% used [0x00000000e6100000,0x00000000e6100000,0x00000000efd00000)
 ParOldGen       total 900608K, used 553311K [0x0000000081c00000, 0x00000000b8b80000, 0x00000000d5f00000)
  object space 900608K, 61% used [0x0000000081c00000,0x00000000a3857f98,0x00000000b8b80000)
 Metaspace       used 77538K, capacity 85756K, committed 86016K, reserved 1120256K
  class space    used 12072K, capacity 14505K, committed 14592K, reserved 1048576K
Event: 173.053 GC heap after
Heap after GC invocations=159 (full 8):
 PSYoungGen      total 423936K, used 94048K [0x00000000d5f00000, 0x00000000f9900000, 0x0000000100000000)
  eden space 264192K, 0% used [0x00000000d5f00000,0x00000000d5f00000,0x00000000e6100000)
  from space 159744K, 58% used [0x00000000e6100000,0x00000000ebcd83e8,0x00000000efd00000)
  to   space 148480K, 0% used [0x00000000f0800000,0x00000000f0800000,0x00000000f9900000)
 ParOldGen       total 900608K, used 553311K [0x0000000081c00000, 0x00000000b8b80000, 0x00000000d5f00000)
  object space 900608K, 61% used [0x0000000081c00000,0x00000000a3857f98,0x00000000b8b80000)
 Metaspace       used 77538K, capacity 85756K, committed 86016K, reserved 1120256K
  class space    used 12072K, capacity 14505K, committed 14592K, reserved 1048576K
}
Event: 174.067 GC heap before
{Heap before GC invocations=160 (full 8):
 PSYoungGen      total 423936K, used 358235K [0x00000000d5f00000, 0x00000000f9900000, 0x0000000100000000)
  eden space 264192K, 99% used [0x00000000d5f00000,0x00000000e60fe850,0x00000000e6100000)
  from space 159744K, 58% used [0x00000000e6100000,0x00000000ebcd83e8,0x00000000efd00000)
  to   space 148480K, 0% used [0x00000000f0800000,0x00000000f0800000,0x00000000f9900000)
 ParOldGen       total 900608K, used 553311K [0x0000000081c00000, 0x00000000b8b80000, 0x00000000d5f00000)
  object space 900608K, 61% used [0x0000000081c00000,0x00000000a3857f98,0x00000000b8b80000)
 Metaspace       used 77590K, capacity 85802K, committed 86016K, reserved 1120256K
  class space    used 12081K, capacity 14510K, committed 14592K, reserved 1048576K
Event: 174.164 GC heap after
Heap after GC invocations=160 (full 8):
 PSYoungGen      total 412672K, used 55086K [0x00000000d5f00000, 0x00000000f9900000, 0x0000000100000000)
  eden space 264192K, 0% used [0x00000000d5f00000,0x00000000d5f00000,0x00000000e6100000)
  from space 148480K, 37% used [0x00000000f0800000,0x00000000f3dcbab8,0x00000000f9900000)
  to   space 159744K, 0% used [0x00000000e6100000,0x00000000e6100000,0x00000000efd00000)
 ParOldGen       total 900608K, used 553319K [0x0000000081c00000, 0x00000000b8b80000, 0x00000000d5f00000)
  object space 900608K, 61% used [0x0000000081c00000,0x00000000a3859f98,0x00000000b8b80000)
 Metaspace       used 77590K, capacity 85802K, committed 86016K, reserved 1120256K
  class space    used 12081K, capacity 14510K, committed 14592K, reserved 1048576K
}

Deoptimization events (10 events):
Event: 173.374 Thread 0x0000000002ca2800 Uncommon trap: reason=bimorphic action=maybe_recompile pc=0x0000000004b22cf4 method=net.minecraft.client.gui.fonts.IGlyph.getAdvance(Z)F @ 1
Event: 173.374 Thread 0x0000000002ca2800 Uncommon trap: reason=bimorphic action=maybe_recompile pc=0x0000000004b22cf4 method=net.minecraft.client.gui.fonts.IGlyph.getAdvance(Z)F @ 1
Event: 173.385 Thread 0x0000000002ca2800 Uncommon trap: reason=class_check action=maybe_recompile pc=0x0000000004b2f8d8 method=net.minecraft.client.gui.fonts.Font.lambda$setGlyphProviders$2(Ljava/util/List;Ljava/util/Set;I)V @ 25
Event: 173.807 Thread 0x0000000002ca2800 Uncommon trap: reason=class_check action=maybe_recompile pc=0x0000000004b2606c method=net.minecraft.client.gui.fonts.Font.lambda$setGlyphProviders$2(Ljava/util/List;Ljava/util/Set;I)V @ 25
Event: 174.016 Thread 0x0000000002ca2800 Uncommon trap: reason=class_check action=maybe_recompile pc=0x0000000003489778 method=java.util.HashMap$ValueSpliterator.forEachRemaining(Ljava/util/function/Consumer;)V @ 145
Event: 174.017 Thread 0x0000000002ca2800 Uncommon trap: reason=bimorphic action=maybe_recompile pc=0x000000000424ee78 method=org.apache.commons.lang3.tuple.Triple.hashCode()I @ 33
Event: 174.030 Thread 0x0000000002ca2800 Uncommon trap: reason=bimorphic action=maybe_recompile pc=0x000000000424ee78 method=org.apache.commons.lang3.tuple.Triple.hashCode()I @ 33
Event: 174.223 Thread 0x0000000002ca2800 Uncommon trap: reason=bimorphic action=maybe_recompile pc=0x000000000424ee78 method=org.apache.commons.lang3.tuple.Triple.hashCode()I @ 33
Event: 174.233 Thread 0x0000000002ca2800 Uncommon trap: reason=bimorphic action=maybe_recompile pc=0x000000000424ee78 method=org.apache.commons.lang3.tuple.Triple.hashCode()I @ 33
Event: 174.252 Thread 0x0000000002ca2800 Uncommon trap: reason=unstable_if action=reinterpret pc=0x0000000003e7cd34 method=org.apache.commons.lang3.tuple.Triple.equals(Ljava/lang/Object;)Z @ 44

Internal exceptions (10 events):
Event: 174.388 Thread 0x0000000002ca2800 Exception <a 'sun/nio/fs/WindowsException'> (0x00000000d7a5d850) thrown at [C:\re\workspace\8-2-build-windows-amd64-cygwin\jdk8u51\3951\hotspot\src\share\vm\prims\jni.cpp, line 709]
Event: 174.388 Thread 0x0000000002ca2800 Exception <a 'sun/nio/fs/WindowsException'> (0x00000000d7a5e2b0) thrown at [C:\re\workspace\8-2-build-windows-amd64-cygwin\jdk8u51\3951\hotspot\src\share\vm\prims\jni.cpp, line 709]
Event: 174.388 Thread 0x0000000002ca2800 Exception <a 'sun/nio/fs/WindowsException'> (0x00000000d7a5fde8) thrown at [C:\re\workspace\8-2-build-windows-amd64-cygwin\jdk8u51\3951\hotspot\src\share\vm\prims\jni.cpp, line 709]
Event: 174.389 Thread 0x0000000002ca2800 Exception <a 'sun/nio/fs/WindowsException'> (0x00000000d7a607a8) thrown at [C:\re\workspace\8-2-build-windows-amd64-cygwin\jdk8u51\3951\hotspot\src\share\vm\prims\jni.cpp, line 709]
Event: 174.422 Thread 0x0000000002ca2800 Exception <a 'sun/nio/fs/WindowsException'> (0x00000000d7e50358) thrown at [C:\re\workspace\8-2-build-windows-amd64-cygwin\jdk8u51\3951\hotspot\src\share\vm\prims\jni.cpp, line 709]
Event: 174.422 Thread 0x0000000002ca2800 Exception <a 'sun/nio/fs/WindowsException'> (0x00000000d7e50d98) thrown at [C:\re\workspace\8-2-build-windows-amd64-cygwin\jdk8u51\3951\hotspot\src\share\vm\prims\jni.cpp, line 709]
Event: 174.422 Thread 0x0000000002ca2800 Exception <a 'sun/nio/fs/WindowsException'> (0x00000000d7e52910) thrown at [C:\re\workspace\8-2-build-windows-amd64-cygwin\jdk8u51\3951\hotspot\src\share\vm\prims\jni.cpp, line 709]
Event: 174.422 Thread 0x0000000002ca2800 Exception <a 'sun/nio/fs/WindowsException'> (0x00000000d7e53350) thrown at [C:\re\workspace\8-2-build-windows-amd64-cygwin\jdk8u51\3951\hotspot\src\share\vm\prims\jni.cpp, line 709]
Event: 174.422 Thread 0x0000000002ca2800 Exception <a 'sun/nio/fs/WindowsException'> (0x00000000d7e54e48) thrown at [C:\re\workspace\8-2-build-windows-amd64-cygwin\jdk8u51\3951\hotspot\src\share\vm\prims\jni.cpp, line 709]
Event: 174.423 Thread 0x0000000002ca2800 Exception <a 'sun/nio/fs/WindowsException'> (0x00000000d7e557c8) thrown at [C:\re\workspace\8-2-build-windows-amd64-cygwin\jdk8u51\3951\hotspot\src\share\vm\prims\jni.cpp, line 709]

Events (10 events):
Event: 174.468 loading class net/minecraft/client/renderer/model/ModelBakery
Event: 174.468 loading class net/minecraft/client/renderer/model/ModelBakery done
Event: 174.468 loading class net/minecraft/client/renderer/model/RenderMaterial
Event: 174.468 loading class net/minecraft/client/renderer/model/RenderMaterial done
Event: 174.468 loading class net/minecraft/client/renderer/model/RenderMaterial
Event: 174.468 loading class net/minecraft/client/renderer/model/RenderMaterial done
Event: 174.468 loading class net/minecraft/client/renderer/texture/SpriteMap
Event: 174.468 loading class net/minecraft/client/renderer/texture/SpriteMap done
Event: 174.469 loading class net/minecraft/client/renderer/model/ItemOverride
Event: 174.469 loading class net/minecraft/client/renderer/model/ItemOverride done


Dynamic libraries:
0x00007ff7ca400000 - 0x00007ff7ca437000 	C:\Program Files (x86)\Minecraft\runtime\jre-x64\bin\java.exe
0x00007ff8eb830000 - 0x00007ff8eba26000 	C:\WINDOWS\SYSTEM32\ntdll.dll
0x00007ff8ea5b0000 - 0x00007ff8ea66d000 	C:\WINDOWS\System32\KERNEL32.DLL
0x00007ff8e8f80000 - 0x00007ff8e9248000 	C:\WINDOWS\System32\KERNELBASE.dll
0x00007ff8e9e80000 - 0x00007ff8e9f2a000 	C:\WINDOWS\System32\ADVAPI32.dll
0x00007ff8eafa0000 - 0x00007ff8eb03e000 	C:\WINDOWS\System32\msvcrt.dll
0x00007ff8e98a0000 - 0x00007ff8e993b000 	C:\WINDOWS\System32\sechost.dll
0x00007ff8ea6f0000 - 0x00007ff8ea814000 	C:\WINDOWS\System32\RPCRT4.dll
0x00007ff8e9a20000 - 0x00007ff8e9bc0000 	C:\WINDOWS\System32\USER32.dll
0x00007ff8e97d0000 - 0x00007ff8e97f2000 	C:\WINDOWS\System32\win32u.dll
0x00007ff8eb7b0000 - 0x00007ff8eb7da000 	C:\WINDOWS\System32\GDI32.dll
0x00007ff8e9590000 - 0x00007ff8e9699000 	C:\WINDOWS\System32\gdi32full.dll
0x00007ff8e9800000 - 0x00007ff8e989d000 	C:\WINDOWS\System32\msvcp_win.dll
0x00007ff8e9460000 - 0x00007ff8e9560000 	C:\WINDOWS\System32\ucrtbase.dll
0x00007ff8d5a90000 - 0x00007ff8d5d2b000 	C:\WINDOWS\WinSxS\amd64_microsoft.windows.common-controls_6595b64144ccf1df_6.0.19041.488_none_ca04af081b815d21\COMCTL32.dll
0x00007ff8eb040000 - 0x00007ff8eb070000 	C:\WINDOWS\System32\IMM32.DLL
0x00000000758d0000 - 0x00000000759a2000 	C:\Program Files (x86)\Minecraft\runtime\jre-x64\bin\msvcr100.dll
0x0000000075040000 - 0x00000000758c3000 	C:\Program Files (x86)\Minecraft\runtime\jre-x64\bin\server\jvm.dll
0x00007ff8ea0c0000 - 0x00007ff8ea0c8000 	C:\WINDOWS\System32\PSAPI.DLL
0x00007ff8c4710000 - 0x00007ff8c4719000 	C:\WINDOWS\SYSTEM32\WSOCK32.dll
0x00007ff8e9e10000 - 0x00007ff8e9e7b000 	C:\WINDOWS\System32\WS2_32.dll
0x00007ff8e19d0000 - 0x00007ff8e19f7000 	C:\WINDOWS\SYSTEM32\WINMM.dll
0x00007ff8e18d0000 - 0x00007ff8e18da000 	C:\WINDOWS\SYSTEM32\VERSION.dll
0x0000000075030000 - 0x000000007503f000 	C:\Program Files (x86)\Minecraft\runtime\jre-x64\bin\verify.dll
0x0000000075000000 - 0x0000000075029000 	C:\Program Files (x86)\Minecraft\runtime\jre-x64\bin\java.dll
0x0000000074fd0000 - 0x0000000074ff3000 	C:\Program Files (x86)\Minecraft\runtime\jre-x64\bin\instrument.dll
0x0000000074fb0000 - 0x0000000074fc6000 	C:\Program Files (x86)\Minecraft\runtime\jre-x64\bin\zip.dll
0x00007ff8eb070000 - 0x00007ff8eb7b0000 	C:\WINDOWS\System32\SHELL32.dll
0x00007ff8e6ea0000 - 0x00007ff8e7634000 	C:\WINDOWS\SYSTEM32\windows.storage.dll
0x00007ff8ea0d0000 - 0x00007ff8ea425000 	C:\WINDOWS\System32\combase.dll
0x00007ff8e8850000 - 0x00007ff8e887c000 	C:\WINDOWS\SYSTEM32\Wldp.dll
0x00007ff8ea430000 - 0x00007ff8ea4de000 	C:\WINDOWS\System32\SHCORE.dll
0x00007ff8eaf40000 - 0x00007ff8eaf95000 	C:\WINDOWS\System32\shlwapi.dll
0x00007ff8e8eb0000 - 0x00007ff8e8ed6000 	C:\WINDOWS\SYSTEM32\profapi.dll
0x00007ff8e3a80000 - 0x00007ff8e3a9a000 	C:\Users\ervin_1nmnhvl\AppData\Local\JetBrains\Toolbox\apps\IDEA-U\ch-0\202.6397.94\bin\breakgen64.dll
0x0000000074f90000 - 0x0000000074faa000 	C:\Program Files (x86)\Minecraft\runtime\jre-x64\bin\net.dll
0x00007ff8e8640000 - 0x00007ff8e86aa000 	C:\WINDOWS\system32\mswsock.dll
0x0000000074f80000 - 0x0000000074f8d000 	C:\Program Files (x86)\Minecraft\runtime\jre-x64\bin\management.dll
0x00007ff8b7e60000 - 0x00007ff8b7e77000 	C:\WINDOWS\system32\napinsp.dll
0x00007ff8b7e80000 - 0x00007ff8b7e9b000 	C:\WINDOWS\system32\pnrpnsp.dll
0x00007ff8e3aa0000 - 0x00007ff8e3ab5000 	C:\WINDOWS\system32\wshbth.dll
0x00007ff8e47b0000 - 0x00007ff8e47cd000 	C:\WINDOWS\system32\NLAapi.dll
0x00007ff8e8350000 - 0x00007ff8e838b000 	C:\WINDOWS\SYSTEM32\IPHLPAPI.DLL
0x00007ff8e8390000 - 0x00007ff8e845b000 	C:\WINDOWS\SYSTEM32\DNSAPI.dll
0x00007ff8ea8b0000 - 0x00007ff8ea8b9000 	C:\WINDOWS\System32\NSI.dll
0x00007ff8ba580000 - 0x00007ff8ba592000 	C:\WINDOWS\System32\winrnr.dll
0x00007ff8da350000 - 0x00007ff8da35a000 	C:\Windows\System32\rasadhlp.dll
0x00007ff8dccf0000 - 0x00007ff8dcd6f000 	C:\WINDOWS\System32\fwpuclnt.dll
0x00007ff8e9560000 - 0x00007ff8e9587000 	C:\WINDOWS\System32\bcrypt.dll
0x0000000074f60000 - 0x0000000074f71000 	C:\Program Files (x86)\Minecraft\runtime\jre-x64\bin\nio.dll
0x0000000074f30000 - 0x0000000074f54000 	C:\Program Files (x86)\Minecraft\runtime\jre-x64\bin\sunec.dll
0x00007ff8e8c00000 - 0x00007ff8e8c18000 	C:\WINDOWS\SYSTEM32\CRYPTSP.dll
0x00007ff8e7ef0000 - 0x00007ff8e7f24000 	C:\WINDOWS\system32\rsaenh.dll
0x00007ff8e8e70000 - 0x00007ff8e8e9e000 	C:\WINDOWS\SYSTEM32\USERENV.dll
0x00007ff8e9750000 - 0x00007ff8e97cf000 	C:\WINDOWS\System32\bcryptprimitives.dll
0x00007ff8e87c0000 - 0x00007ff8e87cc000 	C:\WINDOWS\SYSTEM32\CRYPTBASE.dll
0x00007ff8e1970000 - 0x00007ff8e1987000 	C:\WINDOWS\SYSTEM32\dhcpcsvc6.DLL
0x00007ff8e1950000 - 0x00007ff8e196d000 	C:\WINDOWS\SYSTEM32\dhcpcsvc.DLL
0x00007ff8b8b80000 - 0x00007ff8b8bf2000 	C:\Users\ervin_1nmnhvl\AppData\Local\Temp\lwjglervin_1nmnhvl\3.2.2-build-10\lwjgl.dll
0x00007ff8a0610000 - 0x00007ff8a0861000 	C:\Users\ERVIN_~1\AppData\Local\Temp\lwjglervin_1nmnhvl\3.2.2-build-10\jemalloc.dll
0x00007ff8cdc30000 - 0x00007ff8cdc8e000 	C:\Users\ERVIN_~1\AppData\Local\Temp\lwjglervin_1nmnhvl\3.2.2-build-10\glfw.dll
0x00007ff8e6800000 - 0x00007ff8e689f000 	C:\WINDOWS\system32\uxtheme.dll
0x00007ff8ceeb0000 - 0x00007ff8ceef5000 	C:\WINDOWS\SYSTEM32\dinput8.dll
0x00007ff8d4d40000 - 0x00007ff8d4d51000 	C:\WINDOWS\SYSTEM32\xinput1_4.dll
0x00007ff8e96a0000 - 0x00007ff8e96ee000 	C:\WINDOWS\System32\cfgmgr32.dll
0x00007ff8e8ce0000 - 0x00007ff8e8d0c000 	C:\WINDOWS\SYSTEM32\DEVOBJ.dll
0x00007ff8e6bb0000 - 0x00007ff8e6bdf000 	C:\WINDOWS\SYSTEM32\dwmapi.dll
0x00007ff8d8560000 - 0x00007ff8d86b2000 	C:\WINDOWS\SYSTEM32\inputhost.dll
0x00007ff8ea4e0000 - 0x00007ff8ea5ad000 	C:\WINDOWS\System32\OLEAUT32.dll
0x00007ff8e6320000 - 0x00007ff8e6412000 	C:\WINDOWS\SYSTEM32\CoreMessaging.dll
0x00007ff8e4690000 - 0x00007ff8e4787000 	C:\WINDOWS\SYSTEM32\PROPSYS.dll
0x00007ff8e58f0000 - 0x00007ff8e5a46000 	C:\WINDOWS\SYSTEM32\wintypes.dll
0x00007ff8e5fc0000 - 0x00007ff8e631e000 	C:\WINDOWS\SYSTEM32\CoreUIComponents.dll
0x00007ff8e7b80000 - 0x00007ff8e7bb3000 	C:\WINDOWS\SYSTEM32\ntmarta.dll
0x00007ff8e7720000 - 0x00007ff8e7732000 	C:\WINDOWS\SYSTEM32\kernel.appcore.dll
0x00007ff8e9bc0000 - 0x00007ff8e9cd5000 	C:\WINDOWS\System32\MSCTF.dll
0x00007ff8e7640000 - 0x00007ff8e764d000 	C:\WINDOWS\SYSTEM32\HID.DLL
0x00007ff8eaa70000 - 0x00007ff8eaed7000 	C:\WINDOWS\System32\SETUPAPI.DLL
0x00007ff8e96f0000 - 0x00007ff8e9750000 	C:\WINDOWS\System32\WINTRUST.dll
0x00007ff8e9250000 - 0x00007ff8e93ad000 	C:\WINDOWS\System32\CRYPT32.dll
0x00007ff8e8c50000 - 0x00007ff8e8c62000 	C:\WINDOWS\SYSTEM32\MSASN1.dll
0x00007ff8bd2a0000 - 0x00007ff8bd3c5000 	C:\WINDOWS\SYSTEM32\opengl32.dll
0x00007ff8d6340000 - 0x00007ff8d636c000 	C:\WINDOWS\SYSTEM32\GLU32.dll
0x00007ff8ea010000 - 0x00007ff8ea0b9000 	C:\WINDOWS\System32\clbcatq.dll
0x00007ff89dff0000 - 0x00007ff89ec74000 	C:\WINDOWS\SYSTEM32\ig4icd64.dll
0x00007ff8e7790000 - 0x00007ff8e7883000 	C:\WINDOWS\SYSTEM32\dxgi.dll
0x00007ff8e4b30000 - 0x00007ff8e4d94000 	C:\WINDOWS\SYSTEM32\d3d11.dll
0x00007ff8de350000 - 0x00007ff8defa0000 	C:\WINDOWS\SYSTEM32\igd10umd64.dll
0x00007ff8df1f0000 - 0x00007ff8df22b000 	C:\WINDOWS\SYSTEM32\dxcore.dll
0x00007ff8ad330000 - 0x00007ff8ad3af000 	C:\Users\ervin_1nmnhvl\AppData\Local\Temp\lwjglervin_1nmnhvl\3.2.2-build-10\lwjgl_stb.dll
0x00007ff8e34d0000 - 0x00007ff8e357e000 	C:\WINDOWS\SYSTEM32\mscms.dll
0x00007ff8e33e0000 - 0x00007ff8e33f1000 	C:\WINDOWS\SYSTEM32\ColorAdapterClient.dll
0x00007ff8c9120000 - 0x00007ff8c9163000 	C:\WINDOWS\SYSTEM32\icm32.dll
0x00007ff8d86c0000 - 0x00007ff8d87bc000 	C:\WINDOWS\SYSTEM32\textinputframework.dll
0x00007ff8ada80000 - 0x00007ff8adad8000 	C:\Users\ervin_1nmnhvl\AppData\Local\Temp\lwjglervin_1nmnhvl\3.2.2-build-10\lwjgl_opengl.dll
0x00007ff8c3dc0000 - 0x00007ff8c3e02000 	C:\Users\ervin_1nmnhvl\AppData\Local\Temp\jna-2118671535\jna3437923441244506446.dll
0x00007ff8d48d0000 - 0x00007ff8d48ea000 	C:\save\modding\ervin_mod_1\build\natives\SAPIWrapper_x64.dll
0x00007ff8e9ce0000 - 0x00007ff8e9e0a000 	C:\WINDOWS\System32\ole32.dll
0x00007ff8ac8d0000 - 0x00007ff8aca54000 	C:\WINDOWS\System32\Speech\Common\sapi.dll
0x00007ff89f370000 - 0x00007ff89f38e000 	C:\WINDOWS\SYSTEM32\MSACM32.dll
0x00007ff8dae60000 - 0x00007ff8dae6b000 	C:\WINDOWS\SYSTEM32\msdmo.dll
0x00007ff8b25a0000 - 0x00007ff8b25c6000 	C:\WINDOWS\SYSTEM32\winmmbase.dll
0x00007ff8d99c0000 - 0x00007ff8d9a45000 	C:\WINDOWS\System32\MMDevApi.dll
0x00007ff8ac2c0000 - 0x00007ff8ac3d4000 	C:\Users\ERVIN_~1\AppData\Local\Temp\lwjglervin_1nmnhvl\3.2.2-build-10\OpenAL.dll
0x00007ff8cf010000 - 0x00007ff8cf191000 	C:\WINDOWS\SYSTEM32\AUDIOSES.DLL
0x00007ff8e8d30000 - 0x00007ff8e8d7b000 	C:\WINDOWS\SYSTEM32\powrprof.dll
0x00007ff8e8d10000 - 0x00007ff8e8d22000 	C:\WINDOWS\SYSTEM32\UMPDC.dll
0x00007ff8e68e0000 - 0x00007ff8e68f4000 	C:\WINDOWS\SYSTEM32\resourcepolicyclient.dll
0x00007ff8dfae0000 - 0x00007ff8dfcc4000 	C:\WINDOWS\SYSTEM32\dbghelp.dll

VM Arguments:
jvm_args: -Dforge.logging.console.level=debug -Dforge.logging.markers=SCAN,REGISTRIES,REGISTRYDUMP -XX:HeapDumpPath=MojangTricksIntelDriversForPerformance_javaw.exe_minecraft.exe.heapdump -Dos.name=Windows 10 -Dos.version=10.0 -javaagent:C:\Users\ervin_1nmnhvl\AppData\Local\JetBrains\Toolbox\apps\IDEA-U\ch-0\202.6397.94\lib\idea_rt.jar=56561:C:\Users\ervin_1nmnhvl\AppData\Local\JetBrains\Toolbox\apps\IDEA-U\ch-0\202.6397.94\bin -Dfile.encoding=UTF-8 
java_command: net.minecraftforge.userdev.LaunchTesting
java_class_path (initial): C:\Program Files (x86)\Minecraft\runtime\jre-x64\lib\charsets.jar;C:\Program Files (x86)\Minecraft\runtime\jre-x64\lib\deploy.jar;C:\Program Files (x86)\Minecraft\runtime\jre-x64\lib\ext\access-bridge-64.jar;C:\Program Files (x86)\Minecraft\runtime\jre-x64\lib\ext\cldrdata.jar;C:\Program Files (x86)\Minecraft\runtime\jre-x64\lib\ext\dnsns.jar;C:\Program Files (x86)\Minecraft\runtime\jre-x64\lib\ext\jaccess.jar;C:\Program Files (x86)\Minecraft\runtime\jre-x64\lib\ext\jfxrt.jar;C:\Program Files (x86)\Minecraft\runtime\jre-x64\lib\ext\localedata.jar;C:\Program Files (x86)\Minecraft\runtime\jre-x64\lib\ext\nashorn.jar;C:\Program Files (x86)\Minecraft\runtime\jre-x64\lib\ext\sunec.jar;C:\Program Files (x86)\Minecraft\runtime\jre-x64\lib\ext\sunjce_provider.jar;C:\Program Files (x86)\Minecraft\runtime\jre-x64\lib\ext\sunmscapi.jar;C:\Program Files (x86)\Minecraft\runtime\jre-x64\lib\ext\sunpkcs11.jar;C:\Program Files (x86)\Minecraft\runtime\jre-x64\lib\ext\zipfs.jar;C:\Program Files (x86)\Minecraft\runtime\jre-x64\lib\javaws.jar;C:\Program Files (x86)\Minecraft\runtime\jre-x64\lib\jce.jar;C:\Program Files (x86)\Minecraft\runtime\jre-x64\lib\jfr.jar;C:\Program Files (x86)\Minecraft\runtime\jre-x64\lib\jfxswt.jar;C:\Program Files (x86)\Minecraft\runtime\jre-x64\lib\jsse.jar;C:\Program Files (x86)\Minecraft\runtime\jre-x64\lib\management-agent.jar;C:\Program Files (x86)\Minecraft\runtime\jre-x64\lib\plugin.jar;C:\Program Files (x86)\Minecraft\runtime\jre-x64\lib\resources.jar;C:\Program Files (x86)\Minecraft\runtime\jre-x64\lib\rt.jar;C:\save\modding\ervin_mod_1\build\classes\java\main;C:\save\modding\ervin_mod_1\build\resources\main;C:\Users\ervin_1nmnhvl\.gradle\caches\forge_gradle\minecraft_user_repo\net\minecraftforge\forge\1.16.1-32.0.75_mapped_snapshot_20200723-1.16.1\forge-1.16.1-32.0.75_mapped_snapshot_20200723-1.16.1-recomp.jar;C:\Users\ervin_1nmnhvl\.gradle\caches\forge_gradle\minecraft_user_repo\net\minecraftforge\forge\1.16.1-32.0.75_
Launcher Type: SUN_STANDARD

Environment Variables:
JAVA_HOME=C:\Program Files\Java\jdk-11.0.4
PATH=C:\Program Files\Docker\Docker\Resources\bin;C:\ProgramData\Oracle\Java\javapath;C:\WINDOWS\system32;C:\WINDOWS;C:\WINDOWS\System32\Wbem;C:\WINDOWS\System32\WindowsPowerShell\v1.0\;C:\Program Files (x86)\cloudControl;C:\Program Files\Git\cmd;C:\bin;C:\Program Files (x86)\Windows Kits\8.1\Windows Performance Toolkit\;C:\Program Files (x86)\PuTTY\;C:\Program Files (x86)\Nodist\bin;G:\save\sdk\android\tools;G:\save\sdk\android\platform-tools;C:\boxfuse;C:\Program Files (x86)\Skype\Phone\;C:\Program Files (x86)\GtkSharp\2.12\bin;C:\Program Files (x86)\IVI Foundation\VISA\WinNT\Bin;C:\WINDOWS\system32;C:\WINDOWS;C:\WINDOWS\System32\Wbem;C:\WINDOWS\System32\WindowsPowerShell\v1.0\;;C:\WINDOWS\System32\OpenSSH\;C:\Users\ervin_1nmnhvl\AppData\Local\Microsoft\WindowsApps;
USERNAME=ervin_1nmnhvl
OS=Windows_NT
PROCESSOR_IDENTIFIER=Intel64 Family 6 Model 42 Stepping 7, GenuineIntel



---------------  S Y S T E M  ---------------

OS: Windows 10.0 , 64 bit Build 19041 (10.0.19041.546)

CPU:total 4 (2 cores per cpu, 2 threads per core) family 6 model 42 stepping 7, cmov, cx8, fxsr, mmx, sse, sse2, sse3, ssse3, sse4.1, sse4.2, popcnt, avx, aes, clmul, ht, tsc, tscinvbit

Memory: 4k page, physical 8266764k(381208k free), swap 10363916k(6364k free)

vm_info: Java HotSpot(TM) 64-Bit Server VM (25.51-b03) for windows-amd64 JRE (1.8.0_51-b16), built on Jun  8 2015 18:03:07 by "java_re" with MS VC++ 10.0 (VS2010)

time: Sat Oct 17 14:46:15 2020
elapsed time: 174 seconds (0d 0h 2m 54s)

