#
# There is insufficient memory for the Java Runtime Environment to continue.
# Native memory allocation (malloc) failed to allocate 1842096 bytes for Chunk::new
# Possible reasons:
#   The system is out of physical RAM or swap space
#   In 32 bit mode, the process size limit was hit
# Possible solutions:
#   Reduce memory load on the system
#   Increase physical memory or swap space
#   Check if swap backing store is full
#   Use 64 bit Java on a 64 bit OS
#   Decrease Java heap size (-Xmx/-Xms)
#   Decrease number of Java threads
#   Decrease Java thread stack sizes (-Xss)
#   Set larger code cache with -XX:ReservedCodeCacheSize=
# This output file may be truncated or incomplete.
#
#  Out of Memory Error (allocation.cpp:390), pid=18520, tid=18780
#
# JRE version: Java(TM) SE Runtime Environment (8.0_51-b16) (build 1.8.0_51-b16)
# Java VM: Java HotSpot(TM) 64-Bit Server VM (25.51-b03 mixed mode windows-amd64 compressed oops)
# Failed to write core dump. Minidumps are not enabled by default on client versions of Windows
#

---------------  T H R E A D  ---------------

Current thread (0x0000000018b14000):  JavaThread "C2 CompilerThread0" daemon [_thread_in_native, id=18780, stack(0x0000000018c30000,0x0000000018d30000)]

Stack: [0x0000000018c30000,0x0000000018d30000]
Native frames: (J=compiled Java code, j=interpreted, Vv=VM code, C=native code)
V  [jvm.dll+0x32b4ca]
V  [jvm.dll+0x2797e3]
V  [jvm.dll+0x27a479]
V  [jvm.dll+0x271765]
V  [jvm.dll+0xcba02]
V  [jvm.dll+0xcbecc]
V  [jvm.dll+0x476f72]
V  [jvm.dll+0x4b95ff]
V  [jvm.dll+0x46bb38]
V  [jvm.dll+0x46cd4e]
V  [jvm.dll+0x4501a2]
V  [jvm.dll+0xa43a2]
V  [jvm.dll+0xa4cdf]
V  [jvm.dll+0x2418a4]
V  [jvm.dll+0x29846a]
C  [msvcr100.dll+0x21d9f]
C  [msvcr100.dll+0x21e3b]
C  [KERNEL32.DLL+0x17034]
C  [ntdll.dll+0x4cec1]


Current CompileTask:
C2: 106469 11109       4       net.minecraft.client.renderer.model.BlockModel::getTextures (425 bytes)


---------------  P R O C E S S  ---------------

Java Threads: ( => current thread )
  0x00000000234dc000 JavaThread "Worker-Main-6" daemon [_thread_blocked, id=6304, stack(0x000000002ad10000,0x000000002ae10000)]
  0x0000000021640800 JavaThread "Worker-Main-5" daemon [_thread_blocked, id=20940, stack(0x000000002aa10000,0x000000002ab10000)]
  0x000000002163f800 JavaThread "Worker-Main-4" daemon [_thread_in_Java, id=15976, stack(0x000000002a910000,0x000000002aa10000)]
  0x000000002163e000 JavaThread "Narrator" [_thread_blocked, id=3148, stack(0x0000000028f00000,0x0000000029000000)]
  0x000000002163f000 JavaThread "Sound engine" daemon [_thread_blocked, id=8332, stack(0x0000000000700000,0x0000000000800000)]
  0x000000002163d800 JavaThread "Snooper Timer" daemon [_thread_blocked, id=8056, stack(0x0000000027130000,0x0000000027230000)]
  0x000000002163c000 JavaThread "Timer hack thread" daemon [_thread_blocked, id=1188, stack(0x0000000026010000,0x0000000026110000)]
  0x0000000021c1a000 JavaThread "Worker-Bootstrap-3" daemon [_thread_in_Java, id=16984, stack(0x0000000025510000,0x0000000025610000)]
  0x000000002184d000 JavaThread "Worker-Bootstrap-2" daemon [_thread_in_Java, id=10092, stack(0x00000000239d0000,0x0000000023ad0000)]
  0x000000002184c800 JavaThread "Worker-Bootstrap-1" daemon [_thread_in_Java, id=12408, stack(0x00000000210f0000,0x00000000211f0000)]
  0x0000000021a3d000 JavaThread "pool-3-thread-1" [_thread_blocked, id=14372, stack(0x00000000209e0000,0x0000000020ae0000)]
  0x0000000019f24000 JavaThread "Thread-2" daemon [_thread_in_native, id=12756, stack(0x000000001c640000,0x000000001c740000)]
  0x000000001a4f1800 JavaThread "Thread-1" daemon [_thread_blocked, id=10440, stack(0x000000001b340000,0x000000001b440000)]
  0x0000000018e95000 JavaThread "Service Thread" daemon [_thread_blocked, id=4888, stack(0x0000000019730000,0x0000000019830000)]
  0x0000000018b2d800 JavaThread "C1 CompilerThread2" daemon [_thread_blocked, id=20820, stack(0x0000000019630000,0x0000000019730000)]
  0x0000000018b17000 JavaThread "C2 CompilerThread1" daemon [_thread_blocked, id=13432, stack(0x0000000018d30000,0x0000000018e30000)]
=>0x0000000018b14000 JavaThread "C2 CompilerThread0" daemon [_thread_in_native, id=18780, stack(0x0000000018c30000,0x0000000018d30000)]
  0x0000000018ac7800 JavaThread "Monitor Ctrl-Break" daemon [_thread_in_native, id=3460, stack(0x0000000018b30000,0x0000000018c30000)]
  0x00000000171d1800 JavaThread "Attach Listener" daemon [_thread_blocked, id=1684, stack(0x0000000018630000,0x0000000018730000)]
  0x00000000171d0000 JavaThread "Signal Dispatcher" daemon [_thread_blocked, id=2000, stack(0x0000000018530000,0x0000000018630000)]
  0x000000000258a800 JavaThread "Finalizer" daemon [_thread_blocked, id=2096, stack(0x0000000018430000,0x0000000018530000)]
  0x0000000002587000 JavaThread "Reference Handler" daemon [_thread_blocked, id=14048, stack(0x0000000018330000,0x0000000018430000)]
  0x0000000002492800 JavaThread "Render thread" [_thread_in_native, id=2616, stack(0x0000000002390000,0x0000000002490000)]

Other Threads:
  0x0000000002583000 VMThread [stack: 0x0000000018230000,0x0000000018330000] [id=10184]
  0x0000000018ef6800 WatcherThread [stack: 0x0000000019830000,0x0000000019930000] [id=21044]

VM state:not at safepoint (normal execution)

VM Mutex/Monitor currently owned by a thread: None

Heap:
 PSYoungGen      total 648192K, used 524580K [0x00000000d5f00000, 0x00000000ffb80000, 0x0000000100000000)
  eden space 611840K, 83% used [0x00000000d5f00000,0x00000000f4fc9158,0x00000000fb480000)
  from space 36352K, 43% used [0x00000000fb480000,0x00000000fc400020,0x00000000fd800000)
  to   space 35840K, 0% used [0x00000000fd880000,0x00000000fd880000,0x00000000ffb80000)
 ParOldGen       total 355840K, used 308402K [0x0000000081c00000, 0x0000000097780000, 0x00000000d5f00000)
  object space 355840K, 86% used [0x0000000081c00000,0x000000009492cbe8,0x0000000097780000)
 Metaspace       used 76642K, capacity 84660K, committed 84864K, reserved 1120256K
  class space    used 12031K, capacity 14443K, committed 14464K, reserved 1048576K

Card table byte_map: [0x0000000011a50000,0x0000000011e50000] byte_map_base: 0x0000000011642000

Marking Bits: (ParMarkBitMap*) 0x0000000050ec4040
 Begin Bits: [0x0000000012500000, 0x0000000014490000)
 End Bits:   [0x0000000014490000, 0x0000000016420000)

Polling page: 0x00000000009c0000

CodeCache: size=245760Kb used=26677Kb max_used=26692Kb free=219082Kb
 bounds [0x0000000002690000, 0x00000000040e0000, 0x0000000011690000]
 total_blobs=9798 nmethods=8325 adapters=1384
 compilation: enabled

Compilation events (10 events):
Event: 106.359 Thread 0x0000000018b17000 nmethod 11124 0x0000000003d66950 code [0x0000000003d66be0, 0x0000000003d67a20]
Event: 106.359 Thread 0x0000000018b17000 11125       4       net.minecraft.client.renderer.model.ModelBakery$$Lambda$4646/647331646::apply (12 bytes)
Event: 106.360 Thread 0x0000000018b17000 nmethod 11125 0x0000000003edae10 code [0x0000000003edaf60, 0x0000000003edb028]
Event: 106.367 Thread 0x0000000018b17000 11126       4       net.minecraft.client.renderer.model.VariantList$$Lambda$4647/643304960::apply (8 bytes)
Event: 106.368 Thread 0x0000000018b17000 nmethod 11126 0x0000000003e97a10 code [0x0000000003e97b60, 0x0000000003e97bf8]
Event: 106.368 Thread 0x0000000018b17000 11127       4       net.minecraft.client.renderer.model.VariantList$$Lambda$4648/1321545471::apply (16 bytes)
Event: 106.375 Thread 0x0000000018b17000 nmethod 11127 0x0000000003d1a610 code [0x0000000003d1a7a0, 0x0000000003d1aaf8]
Event: 106.375 Thread 0x0000000018b17000 11128       4       net.minecraft.client.renderer.model.multipart.Multipart$$Lambda$4650/27985023::apply (16 bytes)
Event: 106.381 Thread 0x0000000018b17000 nmethod 11128 0x0000000003e93d10 code [0x0000000003e93e80, 0x0000000003e94148]
Event: 106.396 Thread 0x0000000018b17000 11129 %     4       java.util.HashMap$ValueSpliterator::forEachRemaining @ 122 (186 bytes)

GC Heap History (10 events):
Event: 100.279 GC heap before
{Heap before GC invocations=134 (full 5):
 PSYoungGen      total 648192K, used 634656K [0x00000000d5f00000, 0x0000000100000000, 0x0000000100000000)
  eden space 608256K, 100% used [0x00000000d5f00000,0x00000000fb100000,0x00000000fb100000)
  from space 39936K, 66% used [0x00000000fd900000,0x00000000ff2c8050,0x0000000100000000)
  to   space 40448K, 0% used [0x00000000fb100000,0x00000000fb100000,0x00000000fd880000)
 ParOldGen       total 355840K, used 296026K [0x0000000081c00000, 0x0000000097780000, 0x00000000d5f00000)
  object space 355840K, 83% used [0x0000000081c00000,0x0000000093d16ba8,0x0000000097780000)
 Metaspace       used 76604K, capacity 84618K, committed 84864K, reserved 1120256K
  class space    used 12026K, capacity 14436K, committed 14464K, reserved 1048576K
Event: 100.330 GC heap after
Heap after GC invocations=134 (full 5):
 PSYoungGen      total 648704K, used 23616K [0x00000000d5f00000, 0x00000000fff80000, 0x0000000100000000)
  eden space 608256K, 0% used [0x00000000d5f00000,0x00000000d5f00000,0x00000000fb100000)
  from space 40448K, 58% used [0x00000000fb100000,0x00000000fc810050,0x00000000fd880000)
  to   space 39936K, 0% used [0x00000000fd880000,0x00000000fd880000,0x00000000fff80000)
 ParOldGen       total 355840K, used 299098K [0x0000000081c00000, 0x0000000097780000, 0x00000000d5f00000)
  object space 355840K, 84% used [0x0000000081c00000,0x0000000094016ba8,0x0000000097780000)
 Metaspace       used 76604K, capacity 84618K, committed 84864K, reserved 1120256K
  class space    used 12026K, capacity 14436K, committed 14464K, reserved 1048576K
}
Event: 101.123 GC heap before
{Heap before GC invocations=135 (full 5):
 PSYoungGen      total 648704K, used 631872K [0x00000000d5f00000, 0x00000000fff80000, 0x0000000100000000)
  eden space 608256K, 100% used [0x00000000d5f00000,0x00000000fb100000,0x00000000fb100000)
  from space 40448K, 58% used [0x00000000fb100000,0x00000000fc810050,0x00000000fd880000)
  to   space 39936K, 0% used [0x00000000fd880000,0x00000000fd880000,0x00000000fff80000)
 ParOldGen       total 355840K, used 299098K [0x0000000081c00000, 0x0000000097780000, 0x00000000d5f00000)
  object space 355840K, 84% used [0x0000000081c00000,0x0000000094016ba8,0x0000000097780000)
 Metaspace       used 76605K, capacity 84618K, committed 84864K, reserved 1120256K
  class space    used 12026K, capacity 14436K, committed 14464K, reserved 1048576K
Event: 101.156 GC heap after
Heap after GC invocations=135 (full 5):
 PSYoungGen      total 647680K, used 22784K [0x00000000d5f00000, 0x00000000ffe80000, 0x0000000100000000)
  eden space 608768K, 0% used [0x00000000d5f00000,0x00000000d5f00000,0x00000000fb180000)
  from space 38912K, 58% used [0x00000000fd880000,0x00000000feec0020,0x00000000ffe80000)
  to   space 39424K, 0% used [0x00000000fb180000,0x00000000fb180000,0x00000000fd800000)
 ParOldGen       total 355840K, used 300234K [0x0000000081c00000, 0x0000000097780000, 0x00000000d5f00000)
  object space 355840K, 84% used [0x0000000081c00000,0x0000000094132bd8,0x0000000097780000)
 Metaspace       used 76605K, capacity 84618K, committed 84864K, reserved 1120256K
  class space    used 12026K, capacity 14436K, committed 14464K, reserved 1048576K
}
Event: 102.086 GC heap before
{Heap before GC invocations=136 (full 5):
 PSYoungGen      total 647680K, used 631552K [0x00000000d5f00000, 0x00000000ffe80000, 0x0000000100000000)
  eden space 608768K, 100% used [0x00000000d5f00000,0x00000000fb180000,0x00000000fb180000)
  from space 38912K, 58% used [0x00000000fd880000,0x00000000feec0020,0x00000000ffe80000)
  to   space 39424K, 0% used [0x00000000fb180000,0x00000000fb180000,0x00000000fd800000)
 ParOldGen       total 355840K, used 300234K [0x0000000081c00000, 0x0000000097780000, 0x00000000d5f00000)
  object space 355840K, 84% used [0x0000000081c00000,0x0000000094132bd8,0x0000000097780000)
 Metaspace       used 76606K, capacity 84618K, committed 84864K, reserved 1120256K
  class space    used 12026K, capacity 14436K, committed 14464K, reserved 1048576K
Event: 102.500 GC heap after
Heap after GC invocations=136 (full 5):
 PSYoungGen      total 648192K, used 21920K [0x00000000d5f00000, 0x00000000ffd80000, 0x0000000100000000)
  eden space 608768K, 0% used [0x00000000d5f00000,0x00000000d5f00000,0x00000000fb180000)
  from space 39424K, 55% used [0x00000000fb180000,0x00000000fc6e8020,0x00000000fd800000)
  to   space 37888K, 0% used [0x00000000fd880000,0x00000000fd880000,0x00000000ffd80000)
 ParOldGen       total 355840K, used 301530K [0x0000000081c00000, 0x0000000097780000, 0x00000000d5f00000)
  object space 355840K, 84% used [0x0000000081c00000,0x0000000094276bd8,0x0000000097780000)
 Metaspace       used 76606K, capacity 84618K, committed 84864K, reserved 1120256K
  class space    used 12026K, capacity 14436K, committed 14464K, reserved 1048576K
}
Event: 104.346 GC heap before
{Heap before GC invocations=137 (full 5):
 PSYoungGen      total 648192K, used 630688K [0x00000000d5f00000, 0x00000000ffd80000, 0x0000000100000000)
  eden space 608768K, 100% used [0x00000000d5f00000,0x00000000fb180000,0x00000000fb180000)
  from space 39424K, 55% used [0x00000000fb180000,0x00000000fc6e8020,0x00000000fd800000)
  to   space 37888K, 0% used [0x00000000fd880000,0x00000000fd880000,0x00000000ffd80000)
 ParOldGen       total 355840K, used 301530K [0x0000000081c00000, 0x0000000097780000, 0x00000000d5f00000)
  object space 355840K, 84% used [0x0000000081c00000,0x0000000094276bd8,0x0000000097780000)
 Metaspace       used 76606K, capacity 84618K, committed 84864K, reserved 1120256K
  class space    used 12026K, capacity 14436K, committed 14464K, reserved 1048576K
Event: 104.390 GC heap after
Heap after GC invocations=137 (full 5):
 PSYoungGen      total 647680K, used 21024K [0x00000000d5f00000, 0x00000000ffb80000, 0x0000000100000000)
  eden space 611840K, 0% used [0x00000000d5f00000,0x00000000d5f00000,0x00000000fb480000)
  from space 35840K, 58% used [0x00000000fd880000,0x00000000fed08020,0x00000000ffb80000)
  to   space 36352K, 0% used [0x00000000fb480000,0x00000000fb480000,0x00000000fd800000)
 ParOldGen       total 355840K, used 302818K [0x0000000081c00000, 0x0000000097780000, 0x00000000d5f00000)
  object space 355840K, 85% used [0x0000000081c00000,0x00000000943b8bd8,0x0000000097780000)
 Metaspace       used 76606K, capacity 84618K, committed 84864K, reserved 1120256K
  class space    used 12026K, capacity 14436K, committed 14464K, reserved 1048576K
}
Event: 105.619 GC heap before
{Heap before GC invocations=138 (full 5):
 PSYoungGen      total 647680K, used 632864K [0x00000000d5f00000, 0x00000000ffb80000, 0x0000000100000000)
  eden space 611840K, 100% used [0x00000000d5f00000,0x00000000fb480000,0x00000000fb480000)
  from space 35840K, 58% used [0x00000000fd880000,0x00000000fed08020,0x00000000ffb80000)
  to   space 36352K, 0% used [0x00000000fb480000,0x00000000fb480000,0x00000000fd800000)
 ParOldGen       total 355840K, used 302818K [0x0000000081c00000, 0x0000000097780000, 0x00000000d5f00000)
  object space 355840K, 85% used [0x0000000081c00000,0x00000000943b8bd8,0x0000000097780000)
 Metaspace       used 76606K, capacity 84618K, committed 84864K, reserved 1120256K
  class space    used 12026K, capacity 14436K, committed 14464K, reserved 1048576K
Event: 105.652 GC heap after
Heap after GC invocations=138 (full 5):
 PSYoungGen      total 648192K, used 15872K [0x00000000d5f00000, 0x00000000ffb80000, 0x0000000100000000)
  eden space 611840K, 0% used [0x00000000d5f00000,0x00000000d5f00000,0x00000000fb480000)
  from space 36352K, 43% used [0x00000000fb480000,0x00000000fc400020,0x00000000fd800000)
  to   space 35840K, 0% used [0x00000000fd880000,0x00000000fd880000,0x00000000ffb80000)
 ParOldGen       total 355840K, used 308402K [0x0000000081c00000, 0x0000000097780000, 0x00000000d5f00000)
  object space 355840K, 86% used [0x0000000081c00000,0x000000009492cbe8,0x0000000097780000)
 Metaspace       used 76606K, capacity 84618K, committed 84864K, reserved 1120256K
  class space    used 12026K, capacity 14436K, committed 14464K, reserved 1048576K
}

Deoptimization events (10 events):
Event: 106.128 Thread 0x000000002163f800 Uncommon trap: reason=class_check action=maybe_recompile pc=0x0000000002f80c78 method=java.util.HashMap$ValueSpliterator.forEachRemaining(Ljava/util/function/Consumer;)V @ 145
Event: 106.129 Thread 0x000000002163f800 Uncommon trap: reason=class_check action=maybe_recompile pc=0x0000000003189004 method=java.util.stream.DistinctOps$1$2.accept(Ljava/lang/Object;)V @ 29
Event: 106.131 Thread 0x000000002163f800 Uncommon trap: reason=class_check action=maybe_recompile pc=0x00000000030168f0 method=java.util.HashSet.contains(Ljava/lang/Object;)Z @ 5
Event: 106.131 Thread 0x000000002163f800 Uncommon trap: reason=class_check action=maybe_recompile pc=0x00000000030168f0 method=java.util.HashSet.contains(Ljava/lang/Object;)Z @ 5
Event: 106.133 Thread 0x000000002163f800 Uncommon trap: reason=class_check action=maybe_recompile pc=0x00000000030168f0 method=java.util.HashSet.contains(Ljava/lang/Object;)Z @ 5
Event: 106.133 Thread 0x000000002163f800 Uncommon trap: reason=class_check action=maybe_recompile pc=0x00000000030168f0 method=java.util.HashSet.contains(Ljava/lang/Object;)Z @ 5
Event: 106.185 Thread 0x000000002163f800 Uncommon trap: reason=unstable_if action=reinterpret pc=0x000000000292d550 method=java.util.stream.DistinctOps$1$2.accept(Ljava/lang/Object;)V @ 10
Event: 106.185 Thread 0x000000002163f800 Uncommon trap: reason=class_check action=maybe_recompile pc=0x0000000003942d10 method=java.util.HashMap$ValueSpliterator.forEachRemaining(Ljava/util/function/Consumer;)V @ 145
Event: 106.226 Thread 0x000000002163f800 Uncommon trap: reason=class_check action=maybe_recompile pc=0x0000000003942d10 method=java.util.HashMap$ValueSpliterator.forEachRemaining(Ljava/util/function/Consumer;)V @ 145
Event: 106.240 Thread 0x000000002163f800 Uncommon trap: reason=class_check action=maybe_recompile pc=0x0000000003942d10 method=java.util.HashMap$ValueSpliterator.forEachRemaining(Ljava/util/function/Consumer;)V @ 145

Internal exceptions (10 events):
Event: 106.123 Thread 0x000000002163f800 Exception <a 'sun/nio/fs/WindowsException'> (0x00000000e62a2d70) thrown at [C:\re\workspace\8-2-build-windows-amd64-cygwin\jdk8u51\3951\hotspot\src\share\vm\prims\jni.cpp, line 709]
Event: 106.123 Thread 0x000000002163f800 Exception <a 'sun/nio/fs/WindowsException'> (0x00000000e62a32f0) thrown at [C:\re\workspace\8-2-build-windows-amd64-cygwin\jdk8u51\3951\hotspot\src\share\vm\prims\jni.cpp, line 709]
Event: 106.123 Thread 0x000000002163f800 Exception <a 'sun/nio/fs/WindowsException'> (0x00000000e62a3fc8) thrown at [C:\re\workspace\8-2-build-windows-amd64-cygwin\jdk8u51\3951\hotspot\src\share\vm\prims\jni.cpp, line 709]
Event: 106.123 Thread 0x000000002163f800 Exception <a 'sun/nio/fs/WindowsException'> (0x00000000e62a4478) thrown at [C:\re\workspace\8-2-build-windows-amd64-cygwin\jdk8u51\3951\hotspot\src\share\vm\prims\jni.cpp, line 709]
Event: 106.125 Thread 0x000000002163f800 Exception <a 'sun/nio/fs/WindowsException'> (0x00000000e62b0998) thrown at [C:\re\workspace\8-2-build-windows-amd64-cygwin\jdk8u51\3951\hotspot\src\share\vm\prims\jni.cpp, line 709]
Event: 106.125 Thread 0x000000002163f800 Exception <a 'sun/nio/fs/WindowsException'> (0x00000000e62b0f28) thrown at [C:\re\workspace\8-2-build-windows-amd64-cygwin\jdk8u51\3951\hotspot\src\share\vm\prims\jni.cpp, line 709]
Event: 106.125 Thread 0x000000002163f800 Exception <a 'sun/nio/fs/WindowsException'> (0x00000000e62b1ca0) thrown at [C:\re\workspace\8-2-build-windows-amd64-cygwin\jdk8u51\3951\hotspot\src\share\vm\prims\jni.cpp, line 709]
Event: 106.125 Thread 0x000000002163f800 Exception <a 'sun/nio/fs/WindowsException'> (0x00000000e62b2240) thrown at [C:\re\workspace\8-2-build-windows-amd64-cygwin\jdk8u51\3951\hotspot\src\share\vm\prims\jni.cpp, line 709]
Event: 106.126 Thread 0x000000002163f800 Exception <a 'sun/nio/fs/WindowsException'> (0x00000000e62b2f48) thrown at [C:\re\workspace\8-2-build-windows-amd64-cygwin\jdk8u51\3951\hotspot\src\share\vm\prims\jni.cpp, line 709]
Event: 106.126 Thread 0x000000002163f800 Exception <a 'sun/nio/fs/WindowsException'> (0x00000000e62b35c8) thrown at [C:\re\workspace\8-2-build-windows-amd64-cygwin\jdk8u51\3951\hotspot\src\share\vm\prims\jni.cpp, line 709]

Events (10 events):
Event: 106.185 Thread 0x000000002163f800 DEOPT UNPACKING pc=0x00000000026d582a sp=0x000000002aa0e6e8 mode 2
Event: 106.185 Thread 0x000000002163f800 Uncommon trap: trap_request=0xffffffde fr.pc=0x0000000003942d10
Event: 106.185 Thread 0x000000002163f800 DEOPT PACKING pc=0x0000000003942d10 sp=0x000000002aa0eb50
Event: 106.185 Thread 0x000000002163f800 DEOPT UNPACKING pc=0x00000000026d582a sp=0x000000002aa0eb00 mode 2
Event: 106.226 Thread 0x000000002163f800 Uncommon trap: trap_request=0xffffffde fr.pc=0x0000000003942d10
Event: 106.226 Thread 0x000000002163f800 DEOPT PACKING pc=0x0000000003942d10 sp=0x000000002aa0eb50
Event: 106.226 Thread 0x000000002163f800 DEOPT UNPACKING pc=0x00000000026d582a sp=0x000000002aa0eb00 mode 2
Event: 106.240 Thread 0x000000002163f800 Uncommon trap: trap_request=0xffffffde fr.pc=0x0000000003942d10
Event: 106.240 Thread 0x000000002163f800 DEOPT PACKING pc=0x0000000003942d10 sp=0x000000002aa0eb50
Event: 106.240 Thread 0x000000002163f800 DEOPT UNPACKING pc=0x00000000026d582a sp=0x000000002aa0eb00 mode 2


Dynamic libraries:
0x00007ff712b50000 - 0x00007ff712b87000 	C:\Program Files (x86)\Minecraft\runtime\jre-x64\bin\java.exe
0x00007ffa21ef0000 - 0x00007ffa220e6000 	C:\WINDOWS\SYSTEM32\ntdll.dll
0x00007ffa21a80000 - 0x00007ffa21b3d000 	C:\WINDOWS\System32\KERNEL32.DLL
0x00007ffa1f6e0000 - 0x00007ffa1f9a8000 	C:\WINDOWS\System32\KERNELBASE.dll
0x00007ffa21c00000 - 0x00007ffa21caa000 	C:\WINDOWS\System32\ADVAPI32.dll
0x00007ffa20620000 - 0x00007ffa206be000 	C:\WINDOWS\System32\msvcrt.dll
0x00007ffa21950000 - 0x00007ffa219eb000 	C:\WINDOWS\System32\sechost.dll
0x00007ffa204f0000 - 0x00007ffa20614000 	C:\WINDOWS\System32\RPCRT4.dll
0x00007ffa217b0000 - 0x00007ffa21950000 	C:\WINDOWS\System32\USER32.dll
0x00007ffa1fb50000 - 0x00007ffa1fb72000 	C:\WINDOWS\System32\win32u.dll
0x00007ffa21b40000 - 0x00007ffa21b6a000 	C:\WINDOWS\System32\GDI32.dll
0x00007ffa1f9b0000 - 0x00007ffa1fab9000 	C:\WINDOWS\System32\gdi32full.dll
0x00007ffa1f640000 - 0x00007ffa1f6dd000 	C:\WINDOWS\System32\msvcp_win.dll
0x00007ffa1fc30000 - 0x00007ffa1fd30000 	C:\WINDOWS\System32\ucrtbase.dll
0x00007ffa045d0000 - 0x00007ffa0486b000 	C:\WINDOWS\WinSxS\amd64_microsoft.windows.common-controls_6595b64144ccf1df_6.0.19041.488_none_ca04af081b815d21\COMCTL32.dll
0x00007ffa21b70000 - 0x00007ffa21ba0000 	C:\WINDOWS\System32\IMM32.DLL
0x0000000050f50000 - 0x0000000051022000 	C:\Program Files (x86)\Minecraft\runtime\jre-x64\bin\msvcr100.dll
0x00000000506c0000 - 0x0000000050f43000 	C:\Program Files (x86)\Minecraft\runtime\jre-x64\bin\server\jvm.dll
0x00007ffa20bd0000 - 0x00007ffa20bd8000 	C:\WINDOWS\System32\PSAPI.DLL
0x00007ff9fba30000 - 0x00007ff9fba39000 	C:\WINDOWS\SYSTEM32\WSOCK32.dll
0x00007ffa18440000 - 0x00007ffa18467000 	C:\WINDOWS\SYSTEM32\WINMM.dll
0x00007ffa219f0000 - 0x00007ffa21a5b000 	C:\WINDOWS\System32\WS2_32.dll
0x00007ffa17fe0000 - 0x00007ffa17fea000 	C:\WINDOWS\SYSTEM32\VERSION.dll
0x00000000506b0000 - 0x00000000506bf000 	C:\Program Files (x86)\Minecraft\runtime\jre-x64\bin\verify.dll
0x0000000050680000 - 0x00000000506a9000 	C:\Program Files (x86)\Minecraft\runtime\jre-x64\bin\java.dll
0x0000000050650000 - 0x0000000050673000 	C:\Program Files (x86)\Minecraft\runtime\jre-x64\bin\instrument.dll
0x0000000050630000 - 0x0000000050646000 	C:\Program Files (x86)\Minecraft\runtime\jre-x64\bin\zip.dll
0x00007ffa20c40000 - 0x00007ffa21380000 	C:\WINDOWS\System32\SHELL32.dll
0x00007ffa1d650000 - 0x00007ffa1dde4000 	C:\WINDOWS\SYSTEM32\windows.storage.dll
0x00007ffa20870000 - 0x00007ffa20bc5000 	C:\WINDOWS\System32\combase.dll
0x00007ffa1efe0000 - 0x00007ffa1f00c000 	C:\WINDOWS\SYSTEM32\Wldp.dll
0x00007ffa21430000 - 0x00007ffa214de000 	C:\WINDOWS\System32\SHCORE.dll
0x00007ffa20be0000 - 0x00007ffa20c35000 	C:\WINDOWS\System32\shlwapi.dll
0x00007ffa1f570000 - 0x00007ffa1f596000 	C:\WINDOWS\SYSTEM32\profapi.dll
0x00007ffa14f90000 - 0x00007ffa14faa000 	C:\Users\ervin_1nmnhvl\AppData\Local\JetBrains\Toolbox\apps\IDEA-U\ch-0\202.6397.94\bin\breakgen64.dll
0x0000000050610000 - 0x000000005062a000 	C:\Program Files (x86)\Minecraft\runtime\jre-x64\bin\net.dll
0x00007ffa1edd0000 - 0x00007ffa1ee3a000 	C:\WINDOWS\system32\mswsock.dll
0x0000000050600000 - 0x000000005060d000 	C:\Program Files (x86)\Minecraft\runtime\jre-x64\bin\management.dll
0x00007ffa17970000 - 0x00007ffa17987000 	C:\WINDOWS\system32\napinsp.dll
0x00007ffa17990000 - 0x00007ffa179ab000 	C:\WINDOWS\system32\pnrpnsp.dll
0x00007ffa1a3c0000 - 0x00007ffa1a3d5000 	C:\WINDOWS\system32\wshbth.dll
0x00007ffa1af60000 - 0x00007ffa1af7d000 	C:\WINDOWS\system32\NLAapi.dll
0x00007ffa1ea90000 - 0x00007ffa1eacb000 	C:\WINDOWS\SYSTEM32\IPHLPAPI.DLL
0x00007ffa1eae0000 - 0x00007ffa1ebab000 	C:\WINDOWS\SYSTEM32\DNSAPI.dll
0x00007ffa21d10000 - 0x00007ffa21d19000 	C:\WINDOWS\System32\NSI.dll
0x00007ffa19710000 - 0x00007ffa19722000 	C:\WINDOWS\System32\winrnr.dll
0x00007ffa0f640000 - 0x00007ffa0f64a000 	C:\Windows\System32\rasadhlp.dll
0x00007ffa12ce0000 - 0x00007ffa12d5f000 	C:\WINDOWS\System32\fwpuclnt.dll
0x00007ffa1fb20000 - 0x00007ffa1fb47000 	C:\WINDOWS\System32\bcrypt.dll
0x00000000505e0000 - 0x00000000505f1000 	C:\Program Files (x86)\Minecraft\runtime\jre-x64\bin\nio.dll
0x00000000505b0000 - 0x00000000505d4000 	C:\Program Files (x86)\Minecraft\runtime\jre-x64\bin\sunec.dll
0x00007ffa1f170000 - 0x00007ffa1f188000 	C:\WINDOWS\SYSTEM32\CRYPTSP.dll
0x00007ffa1e610000 - 0x00007ffa1e644000 	C:\WINDOWS\system32\rsaenh.dll
0x00007ffa1f530000 - 0x00007ffa1f55e000 	C:\WINDOWS\SYSTEM32\USERENV.dll
0x00007ffa1fd80000 - 0x00007ffa1fdff000 	C:\WINDOWS\System32\bcryptprimitives.dll
0x00007ffa1ef50000 - 0x00007ffa1ef5c000 	C:\WINDOWS\SYSTEM32\CRYPTBASE.dll
0x00007ffa15c50000 - 0x00007ffa15c67000 	C:\WINDOWS\SYSTEM32\dhcpcsvc6.DLL
0x00007ffa15c30000 - 0x00007ffa15c4d000 	C:\WINDOWS\SYSTEM32\dhcpcsvc.DLL
0x00007ff9f5d30000 - 0x00007ff9f5da2000 	C:\Users\ervin_1nmnhvl\AppData\Local\Temp\lwjglervin_1nmnhvl\3.2.2-build-10\lwjgl.dll
0x00007ff9f5ad0000 - 0x00007ff9f5d21000 	C:\Users\ERVIN_~1\AppData\Local\Temp\lwjglervin_1nmnhvl\3.2.2-build-10\jemalloc.dll
0x00007ff9fc2c0000 - 0x00007ff9fc31e000 	C:\Users\ERVIN_~1\AppData\Local\Temp\lwjglervin_1nmnhvl\3.2.2-build-10\glfw.dll
0x00007ffa1ce00000 - 0x00007ffa1ce9f000 	C:\WINDOWS\system32\uxtheme.dll
0x00007ffa11600000 - 0x00007ffa11645000 	C:\WINDOWS\SYSTEM32\dinput8.dll
0x00007ffa12450000 - 0x00007ffa12461000 	C:\WINDOWS\SYSTEM32\xinput1_4.dll
0x00007ffa1fd30000 - 0x00007ffa1fd7e000 	C:\WINDOWS\System32\cfgmgr32.dll
0x00007ffa1f3f0000 - 0x00007ffa1f41c000 	C:\WINDOWS\SYSTEM32\DEVOBJ.dll
0x00007ffa1d070000 - 0x00007ffa1d09f000 	C:\WINDOWS\SYSTEM32\dwmapi.dll
0x00007ffa0f290000 - 0x00007ffa0f3e2000 	C:\WINDOWS\SYSTEM32\inputhost.dll
0x00007ffa207a0000 - 0x00007ffa2086d000 	C:\WINDOWS\System32\OLEAUT32.dll
0x00007ffa1caa0000 - 0x00007ffa1cb92000 	C:\WINDOWS\SYSTEM32\CoreMessaging.dll
0x00007ffa1ae20000 - 0x00007ffa1af17000 	C:\WINDOWS\SYSTEM32\PROPSYS.dll
0x00007ffa1c070000 - 0x00007ffa1c1c6000 	C:\WINDOWS\SYSTEM32\wintypes.dll
0x00007ffa1c740000 - 0x00007ffa1ca9e000 	C:\WINDOWS\SYSTEM32\CoreUIComponents.dll
0x00007ffa1e240000 - 0x00007ffa1e273000 	C:\WINDOWS\SYSTEM32\ntmarta.dll
0x00007ffa1d630000 - 0x00007ffa1d642000 	C:\WINDOWS\SYSTEM32\kernel.appcore.dll
0x00007ffa203d0000 - 0x00007ffa204e5000 	C:\WINDOWS\System32\MSCTF.dll
0x00007ffa1ddf0000 - 0x00007ffa1ddfd000 	C:\WINDOWS\SYSTEM32\HID.DLL
0x00007ffa1ff60000 - 0x00007ffa203c7000 	C:\WINDOWS\System32\SETUPAPI.DLL
0x00007ffa1fac0000 - 0x00007ffa1fb20000 	C:\WINDOWS\System32\WINTRUST.dll
0x00007ffa1fe00000 - 0x00007ffa1ff5d000 	C:\WINDOWS\System32\CRYPT32.dll
0x00007ffa1f3d0000 - 0x00007ffa1f3e2000 	C:\WINDOWS\SYSTEM32\MSASN1.dll
0x00007ff9f5540000 - 0x00007ff9f5665000 	C:\WINDOWS\SYSTEM32\opengl32.dll
0x00007ffa14a40000 - 0x00007ffa14a6c000 	C:\WINDOWS\SYSTEM32\GLU32.dll
0x00007ffa21380000 - 0x00007ffa21429000 	C:\WINDOWS\System32\clbcatq.dll
0x00007ff9d7c00000 - 0x00007ff9d8884000 	C:\WINDOWS\SYSTEM32\ig4icd64.dll
0x00007ffa1de50000 - 0x00007ffa1df43000 	C:\WINDOWS\SYSTEM32\dxgi.dll
0x00007ffa1b840000 - 0x00007ffa1baa4000 	C:\WINDOWS\SYSTEM32\d3d11.dll
0x00007ff9f7930000 - 0x00007ff9f8580000 	C:\WINDOWS\SYSTEM32\igd10umd64.dll
0x00007ffa14820000 - 0x00007ffa1485b000 	C:\WINDOWS\SYSTEM32\dxcore.dll
0x00007ff9f5a50000 - 0x00007ff9f5acf000 	C:\Users\ervin_1nmnhvl\AppData\Local\Temp\lwjglervin_1nmnhvl\3.2.2-build-10\lwjgl_stb.dll
0x00007ffa19c70000 - 0x00007ffa19d1e000 	C:\WINDOWS\SYSTEM32\mscms.dll
0x00007ffa19820000 - 0x00007ffa19831000 	C:\WINDOWS\SYSTEM32\ColorAdapterClient.dll
0x00007ffa10e20000 - 0x00007ffa10e63000 	C:\WINDOWS\SYSTEM32\icm32.dll
0x00007ffa0f190000 - 0x00007ffa0f28c000 	C:\WINDOWS\SYSTEM32\textinputframework.dll
0x00007ff9f59f0000 - 0x00007ff9f5a48000 	C:\Users\ervin_1nmnhvl\AppData\Local\Temp\lwjglervin_1nmnhvl\3.2.2-build-10\lwjgl_opengl.dll
0x00007ffa10d30000 - 0x00007ffa10d72000 	C:\Users\ervin_1nmnhvl\AppData\Local\Temp\jna-2118671535\jna2757797700656438876.dll
0x00007ffa125a0000 - 0x00007ffa125ba000 	C:\save\modding\ervin_mod_1\build\natives\SAPIWrapper_x64.dll
0x00007ffa21d80000 - 0x00007ffa21eaa000 	C:\WINDOWS\System32\ole32.dll
0x00007ff9f3610000 - 0x00007ff9f3794000 	C:\WINDOWS\System32\Speech\Common\sapi.dll
0x00007ffa1a0d0000 - 0x00007ffa1a0ee000 	C:\WINDOWS\SYSTEM32\MSACM32.dll
0x00007ff9fd5a0000 - 0x00007ff9fd5c6000 	C:\WINDOWS\SYSTEM32\winmmbase.dll
0x00007ffa13f60000 - 0x00007ffa13f6b000 	C:\WINDOWS\SYSTEM32\msdmo.dll
0x00007ffa10fe0000 - 0x00007ffa11065000 	C:\WINDOWS\System32\MMDevApi.dll
0x00007ffa16090000 - 0x00007ffa16274000 	C:\WINDOWS\SYSTEM32\dbghelp.dll

VM Arguments:
jvm_args: -Dforge.logging.console.level=debug -Dforge.logging.markers=SCAN,REGISTRIES,REGISTRYDUMP -XX:HeapDumpPath=MojangTricksIntelDriversForPerformance_javaw.exe_minecraft.exe.heapdump -Dos.name=Windows 10 -Dos.version=10.0 -javaagent:C:\Users\ervin_1nmnhvl\AppData\Local\JetBrains\Toolbox\apps\IDEA-U\ch-0\202.6397.94\lib\idea_rt.jar=57606:C:\Users\ervin_1nmnhvl\AppData\Local\JetBrains\Toolbox\apps\IDEA-U\ch-0\202.6397.94\bin -Dfile.encoding=windows-1250 
java_command: net.minecraftforge.userdev.LaunchTesting
java_class_path (initial): C:\Program Files (x86)\Minecraft\runtime\jre-x64\lib\charsets.jar;C:\Program Files (x86)\Minecraft\runtime\jre-x64\lib\deploy.jar;C:\Program Files (x86)\Minecraft\runtime\jre-x64\lib\ext\access-bridge-64.jar;C:\Program Files (x86)\Minecraft\runtime\jre-x64\lib\ext\cldrdata.jar;C:\Program Files (x86)\Minecraft\runtime\jre-x64\lib\ext\dnsns.jar;C:\Program Files (x86)\Minecraft\runtime\jre-x64\lib\ext\jaccess.jar;C:\Program Files (x86)\Minecraft\runtime\jre-x64\lib\ext\jfxrt.jar;C:\Program Files (x86)\Minecraft\runtime\jre-x64\lib\ext\localedata.jar;C:\Program Files (x86)\Minecraft\runtime\jre-x64\lib\ext\nashorn.jar;C:\Program Files (x86)\Minecraft\runtime\jre-x64\lib\ext\sunec.jar;C:\Program Files (x86)\Minecraft\runtime\jre-x64\lib\ext\sunjce_provider.jar;C:\Program Files (x86)\Minecraft\runtime\jre-x64\lib\ext\sunmscapi.jar;C:\Program Files (x86)\Minecraft\runtime\jre-x64\lib\ext\sunpkcs11.jar;C:\Program Files (x86)\Minecraft\runtime\jre-x64\lib\ext\zipfs.jar;C:\Program Files (x86)\Minecraft\runtime\jre-x64\lib\javaws.jar;C:\Program Files (x86)\Minecraft\runtime\jre-x64\lib\jce.jar;C:\Program Files (x86)\Minecraft\runtime\jre-x64\lib\jfr.jar;C:\Program Files (x86)\Minecraft\runtime\jre-x64\lib\jfxswt.jar;C:\Program Files (x86)\Minecraft\runtime\jre-x64\lib\jsse.jar;C:\Program Files (x86)\Minecraft\runtime\jre-x64\lib\management-agent.jar;C:\Program Files (x86)\Minecraft\runtime\jre-x64\lib\plugin.jar;C:\Program Files (x86)\Minecraft\runtime\jre-x64\lib\resources.jar;C:\Program Files (x86)\Minecraft\runtime\jre-x64\lib\rt.jar;C:\save\modding\ervin_mod_1\build\classes\java\main;C:\save\modding\ervin_mod_1\build\resources\main;C:\Users\ervin_1nmnhvl\.gradle\caches\forge_gradle\minecraft_user_repo\net\minecraftforge\forge\1.16.1-32.0.75_mapped_snapshot_20200723-1.16.1\forge-1.16.1-32.0.75_mapped_snapshot_20200723-1.16.1-recomp.jar;C:\Users\ervin_1nmnhvl\.gradle\caches\forge_gradle\minecraft_user_repo\net\minecraftforge\forge\1.16.1-32.0.75_
Launcher Type: SUN_STANDARD

Environment Variables:
JAVA_HOME=C:\Program Files\Java\jdk-11.0.4
PATH=C:\Program Files\Docker\Docker\Resources\bin;C:\ProgramData\Oracle\Java\javapath;C:\WINDOWS\system32;C:\WINDOWS;C:\WINDOWS\System32\Wbem;C:\WINDOWS\System32\WindowsPowerShell\v1.0\;C:\Program Files (x86)\cloudControl;C:\Program Files\Git\cmd;C:\bin;C:\Program Files (x86)\Windows Kits\8.1\Windows Performance Toolkit\;C:\Program Files (x86)\PuTTY\;C:\Program Files (x86)\Nodist\bin;G:\save\sdk\android\tools;G:\save\sdk\android\platform-tools;C:\boxfuse;C:\Program Files (x86)\Skype\Phone\;C:\Program Files (x86)\GtkSharp\2.12\bin;C:\Program Files (x86)\IVI Foundation\VISA\WinNT\Bin;C:\WINDOWS\system32;C:\WINDOWS;C:\WINDOWS\System32\Wbem;C:\WINDOWS\System32\WindowsPowerShell\v1.0\;;C:\WINDOWS\System32\OpenSSH\;C:\Users\ervin_1nmnhvl\AppData\Local\Microsoft\WindowsApps;
USERNAME=ervin_1nmnhvl
OS=Windows_NT
PROCESSOR_IDENTIFIER=Intel64 Family 6 Model 42 Stepping 7, GenuineIntel



---------------  S Y S T E M  ---------------

OS: Windows 10.0 , 64 bit Build 19041 (10.0.19041.546)

CPU:total 4 (2 cores per cpu, 2 threads per core) family 6 model 42 stepping 7, cmov, cx8, fxsr, mmx, sse, sse2, sse3, ssse3, sse4.1, sse4.2, popcnt, avx, aes, clmul, ht, tsc, tscinvbit

Memory: 4k page, physical 8266764k(519524k free), swap 10363916k(5156k free)

vm_info: Java HotSpot(TM) 64-Bit Server VM (25.51-b03) for windows-amd64 JRE (1.8.0_51-b16), built on Jun  8 2015 18:03:07 by "java_re" with MS VC++ 10.0 (VS2010)

time: Wed Nov 11 15:22:55 2020
elapsed time: 106 seconds (0d 0h 1m 46s)

