#
# There is insufficient memory for the Java Runtime Environment to continue.
# Native memory allocation (malloc) failed to allocate 1687536 bytes for Chunk::new
# Possible reasons:
#   The system is out of physical RAM or swap space
#   In 32 bit mode, the process size limit was hit
# Possible solutions:
#   Reduce memory load on the system
#   Increase physical memory or swap space
#   Check if swap backing store is full
#   Use 64 bit Java on a 64 bit OS
#   Decrease Java heap size (-Xmx/-Xms)
#   Decrease number of Java threads
#   Decrease Java thread stack sizes (-Xss)
#   Set larger code cache with -XX:ReservedCodeCacheSize=
# This output file may be truncated or incomplete.
#
#  Out of Memory Error (allocation.cpp:390), pid=21748, tid=23144
#
# JRE version: Java(TM) SE Runtime Environment (8.0_51-b16) (build 1.8.0_51-b16)
# Java VM: Java HotSpot(TM) 64-Bit Server VM (25.51-b03 mixed mode windows-amd64 compressed oops)
# Failed to write core dump. Minidumps are not enabled by default on client versions of Windows
#

---------------  T H R E A D  ---------------

Current thread (0x0000000019393800):  JavaThread "C2 CompilerThread0" daemon [_thread_in_native, id=23144, stack(0x00000000194b0000,0x00000000195b0000)]

Stack: [0x00000000194b0000,0x00000000195b0000]
Native frames: (J=compiled Java code, j=interpreted, Vv=VM code, C=native code)
V  [jvm.dll+0x32b4ca]
V  [jvm.dll+0x2797e3]
V  [jvm.dll+0x27a479]
V  [jvm.dll+0x271765]
V  [jvm.dll+0xcba02]
V  [jvm.dll+0xcbecc]
V  [jvm.dll+0x476f72]
V  [jvm.dll+0x4b95ff]
V  [jvm.dll+0x46b745]
V  [jvm.dll+0x46cd4e]
V  [jvm.dll+0x4501a2]
V  [jvm.dll+0xa43a2]
V  [jvm.dll+0xa4cdf]
V  [jvm.dll+0x2418a4]
V  [jvm.dll+0x29846a]
C  [msvcr100.dll+0x21d9f]
C  [msvcr100.dll+0x21e3b]
C  [KERNEL32.DLL+0x16fd4]
C  [ntdll.dll+0x4cec1]


Current CompileTask:
C2: 120263 12435       4       net.minecraft.client.renderer.model.ModelBakery::getBakedModel (164 bytes)


---------------  P R O C E S S  ---------------

Java Threads: ( => current thread )
  0x0000000023620800 JavaThread "modloading-worker-2" daemon [_thread_blocked, id=2032, stack(0x0000000045680000,0x0000000045780000)]
  0x0000000023620000 JavaThread "modloading-worker-1" daemon [_thread_blocked, id=13916, stack(0x0000000045580000,0x0000000045680000)]
  0x000000002361d000 JavaThread "Worker-Main-8" daemon [_thread_blocked, id=12172, stack(0x0000000035ac0000,0x0000000035bc0000)]
  0x000000002361a000 JavaThread "Worker-Main-7" daemon [_thread_blocked, id=22252, stack(0x000000002b410000,0x000000002b510000)]
  0x000000001a60c000 JavaThread "Worker-Main-5" daemon [_thread_blocked, id=16844, stack(0x000000002b310000,0x000000002b410000)]
  0x000000001a60b800 JavaThread "Worker-Main-4" daemon [_thread_blocked, id=17268, stack(0x000000002b210000,0x000000002b310000)]
  0x000000001a60a000 JavaThread "Narrator" [_thread_blocked, id=2952, stack(0x00000000299f0000,0x0000000029af0000)]
  0x000000001a60d800 JavaThread "Sound engine" daemon [_thread_blocked, id=15268, stack(0x000000002a1f0000,0x000000002a2f0000)]
  0x000000001a60e800 JavaThread "Snooper Timer" daemon [_thread_blocked, id=25196, stack(0x0000000028bd0000,0x0000000028cd0000)]
  0x000000001a610800 JavaThread "Timer hack thread" daemon [_thread_blocked, id=16928, stack(0x0000000027000000,0x0000000027100000)]
  0x000000001c19f800 JavaThread "Worker-Bootstrap-2" daemon [_thread_blocked, id=18664, stack(0x00000000231c0000,0x00000000232c0000)]
  0x000000001cd73800 JavaThread "pool-3-thread-1" [_thread_blocked, id=860, stack(0x0000000021400000,0x0000000021500000)]
  0x000000001ac6d000 JavaThread "Thread-2" daemon [_thread_in_native, id=23556, stack(0x000000001bec0000,0x000000001bfc0000)]
  0x000000001ac6c000 JavaThread "Thread-1" daemon [_thread_blocked, id=2588, stack(0x000000001bdc0000,0x000000001bec0000)]
  0x0000000019823800 JavaThread "Service Thread" daemon [_thread_blocked, id=12376, stack(0x0000000019fb0000,0x000000001a0b0000)]
  0x00000000193a0800 JavaThread "C1 CompilerThread2" daemon [_thread_blocked, id=16892, stack(0x00000000196b0000,0x00000000197b0000)]
  0x0000000019395000 JavaThread "C2 CompilerThread1" daemon [_thread_in_native, id=17792, stack(0x00000000195b0000,0x00000000196b0000)]
=>0x0000000019393800 JavaThread "C2 CompilerThread0" daemon [_thread_in_native, id=23144, stack(0x00000000194b0000,0x00000000195b0000)]
  0x0000000019381800 JavaThread "Monitor Ctrl-Break" daemon [_thread_in_native, id=3248, stack(0x00000000193b0000,0x00000000194b0000)]
  0x0000000017a57000 JavaThread "Attach Listener" daemon [_thread_blocked, id=1948, stack(0x0000000018eb0000,0x0000000018fb0000)]
  0x0000000017a55800 JavaThread "Signal Dispatcher" daemon [_thread_blocked, id=19204, stack(0x0000000018db0000,0x0000000018eb0000)]
  0x0000000002d2b800 JavaThread "Finalizer" daemon [_thread_blocked, id=11664, stack(0x0000000018cb0000,0x0000000018db0000)]
  0x0000000002d28800 JavaThread "Reference Handler" daemon [_thread_blocked, id=18504, stack(0x0000000018bb0000,0x0000000018cb0000)]
  0x0000000002c32800 JavaThread "Render thread" [_thread_in_Java, id=16836, stack(0x0000000002b20000,0x0000000002c20000)]

Other Threads:
  0x0000000017a19000 VMThread [stack: 0x0000000018ab0000,0x0000000018bb0000] [id=21320]
  0x000000001986c800 WatcherThread [stack: 0x000000001a0b0000,0x000000001a1b0000] [id=20068]

VM state:not at safepoint (normal execution)

VM Mutex/Monitor currently owned by a thread: None

Heap:
 PSYoungGen      total 657920K, used 318636K [0x00000000d5f00000, 0x00000000fff00000, 0x0000000100000000)
  eden space 628736K, 50% used [0x00000000d5f00000,0x00000000e962b038,0x00000000fc500000)
  from space 29184K, 0% used [0x00000000fe280000,0x00000000fe280000,0x00000000fff00000)
  to   space 29696K, 0% used [0x00000000fc500000,0x00000000fc500000,0x00000000fe200000)
 ParOldGen       total 391680K, used 364666K [0x0000000081c00000, 0x0000000099a80000, 0x00000000d5f00000)
  object space 391680K, 93% used [0x0000000081c00000,0x000000009801e888,0x0000000099a80000)
 Metaspace       used 77767K, capacity 85956K, committed 86144K, reserved 1120256K
  class space    used 12042K, capacity 14415K, committed 14464K, reserved 1048576K

Card table byte_map: [0x00000000122e0000,0x00000000126e0000] byte_map_base: 0x0000000011ed2000

Marking Bits: (ParMarkBitMap*) 0x0000000070b74040
 Begin Bits: [0x0000000012d90000, 0x0000000014d20000)
 End Bits:   [0x0000000014d20000, 0x0000000016cb0000)

Polling page: 0x0000000000c60000

CodeCache: size=245760Kb used=29123Kb max_used=29123Kb free=216636Kb
 bounds [0x0000000002f20000, 0x0000000004bc0000, 0x0000000011f20000]
 total_blobs=10779 nmethods=9288 adapters=1402
 compilation: enabled

Compilation events (10 events):
Event: 120.128 Thread 0x0000000019393800 nmethod 12426 0x0000000004badfd0 code [0x0000000004bae1a0, 0x0000000004baeb30]
Event: 120.128 Thread 0x0000000019393800 12429       4       java.util.EnumMap$KeyIterator::next (5 bytes)
Event: 120.133 Thread 0x0000000019393800 nmethod 12429 0x0000000004ba8f10 code [0x0000000004ba9060, 0x0000000004ba91b8]
Event: 120.133 Thread 0x0000000019393800 12435       4       net.minecraft.client.renderer.model.ModelBakery::getBakedModel (164 bytes)
Event: 120.134 Thread 0x00000000193a0800 12437       3       net.minecraft.util.WeightedRandom::getTotalWeight (44 bytes)
Event: 120.134 Thread 0x00000000193a0800 nmethod 12437 0x0000000004baa7d0 code [0x0000000004baa960, 0x0000000004baadf8]
Event: 120.150 Thread 0x0000000019395000 nmethod 12420 0x0000000004ba4450 code [0x0000000004ba46e0, 0x0000000004ba58e8]
Event: 120.150 Thread 0x0000000019395000 12438       4       net.minecraft.client.renderer.model.BlockModel::bakeVanilla (270 bytes)
Event: 120.183 Thread 0x00000000193a0800 12443       3       net.minecraft.client.renderer.model.BlockModel::isTexturePresent (23 bytes)
Event: 120.184 Thread 0x00000000193a0800 nmethod 12443 0x0000000004b994d0 code [0x0000000004b99660, 0x0000000004b99998]

GC Heap History (10 events):
Event: 110.008 GC heap before
{Heap before GC invocations=153 (full 5):
 PSYoungGen      total 658944K, used 634721K [0x00000000d5f00000, 0x0000000100000000, 0x0000000100000000)
  eden space 628736K, 100% used [0x00000000d5f00000,0x00000000fc500000,0x00000000fc500000)
  from space 30208K, 19% used [0x00000000fc500000,0x00000000fcad86c8,0x00000000fe280000)
  to   space 30208K, 0% used [0x00000000fe280000,0x00000000fe280000,0x0000000100000000)
 ParOldGen       total 342528K, used 329545K [0x0000000081c00000, 0x0000000096a80000, 0x00000000d5f00000)
  object space 342528K, 96% used [0x0000000081c00000,0x0000000095dd2578,0x0000000096a80000)
 Metaspace       used 76227K, capacity 84156K, committed 84352K, reserved 1120256K
  class space    used 11821K, capacity 14149K, committed 14208K, reserved 1048576K
Event: 110.020 GC heap after
Heap after GC invocations=153 (full 5):
 PSYoungGen      total 658944K, used 5248K [0x00000000d5f00000, 0x0000000100000000, 0x0000000100000000)
  eden space 628736K, 0% used [0x00000000d5f00000,0x00000000d5f00000,0x00000000fc500000)
  from space 30208K, 17% used [0x00000000fe280000,0x00000000fe7a0080,0x0000000100000000)
  to   space 30208K, 0% used [0x00000000fc500000,0x00000000fc500000,0x00000000fe280000)
 ParOldGen       total 342528K, used 329825K [0x0000000081c00000, 0x0000000096a80000, 0x00000000d5f00000)
  object space 342528K, 96% used [0x0000000081c00000,0x0000000095e18578,0x0000000096a80000)
 Metaspace       used 76227K, capacity 84156K, committed 84352K, reserved 1120256K
  class space    used 11821K, capacity 14149K, committed 14208K, reserved 1048576K
}
Event: 111.236 GC heap before
{Heap before GC invocations=154 (full 5):
 PSYoungGen      total 658944K, used 633984K [0x00000000d5f00000, 0x0000000100000000, 0x0000000100000000)
  eden space 628736K, 100% used [0x00000000d5f00000,0x00000000fc500000,0x00000000fc500000)
  from space 30208K, 17% used [0x00000000fe280000,0x00000000fe7a0080,0x0000000100000000)
  to   space 30208K, 0% used [0x00000000fc500000,0x00000000fc500000,0x00000000fe280000)
 ParOldGen       total 342528K, used 329825K [0x0000000081c00000, 0x0000000096a80000, 0x00000000d5f00000)
  object space 342528K, 96% used [0x0000000081c00000,0x0000000095e18578,0x0000000096a80000)
 Metaspace       used 76227K, capacity 84156K, committed 84352K, reserved 1120256K
  class space    used 11821K, capacity 14149K, committed 14208K, reserved 1048576K
Event: 111.249 GC heap after
Heap after GC invocations=154 (full 5):
 PSYoungGen      total 658944K, used 5552K [0x00000000d5f00000, 0x0000000100000000, 0x0000000100000000)
  eden space 628736K, 0% used [0x00000000d5f00000,0x00000000d5f00000,0x00000000fc500000)
  from space 30208K, 18% used [0x00000000fc500000,0x00000000fca6c070,0x00000000fe280000)
  to   space 30208K, 0% used [0x00000000fe280000,0x00000000fe280000,0x0000000100000000)
 ParOldGen       total 342528K, used 330105K [0x0000000081c00000, 0x0000000096a80000, 0x00000000d5f00000)
  object space 342528K, 96% used [0x0000000081c00000,0x0000000095e5e578,0x0000000096a80000)
 Metaspace       used 76227K, capacity 84156K, committed 84352K, reserved 1120256K
  class space    used 11821K, capacity 14149K, committed 14208K, reserved 1048576K
}
Event: 112.605 GC heap before
{Heap before GC invocations=155 (full 5):
 PSYoungGen      total 658944K, used 634288K [0x00000000d5f00000, 0x0000000100000000, 0x0000000100000000)
  eden space 628736K, 100% used [0x00000000d5f00000,0x00000000fc500000,0x00000000fc500000)
  from space 30208K, 18% used [0x00000000fc500000,0x00000000fca6c070,0x00000000fe280000)
  to   space 30208K, 0% used [0x00000000fe280000,0x00000000fe280000,0x0000000100000000)
 ParOldGen       total 342528K, used 330108K [0x0000000081c00000, 0x0000000096a80000, 0x00000000d5f00000)
  object space 342528K, 96% used [0x0000000081c00000,0x0000000095e5f158,0x0000000096a80000)
 Metaspace       used 76227K, capacity 84156K, committed 84352K, reserved 1120256K
  class space    used 11821K, capacity 14149K, committed 14208K, reserved 1048576K
Event: 112.619 GC heap after
Heap after GC invocations=155 (full 5):
 PSYoungGen      total 657920K, used 5344K [0x00000000d5f00000, 0x00000000fff00000, 0x0000000100000000)
  eden space 628736K, 0% used [0x00000000d5f00000,0x00000000d5f00000,0x00000000fc500000)
  from space 29184K, 18% used [0x00000000fe280000,0x00000000fe7b8080,0x00000000fff00000)
  to   space 29696K, 0% used [0x00000000fc500000,0x00000000fc500000,0x00000000fe200000)
 ParOldGen       total 342528K, used 330484K [0x0000000081c00000, 0x0000000096a80000, 0x00000000d5f00000)
  object space 342528K, 96% used [0x0000000081c00000,0x0000000095ebd158,0x0000000096a80000)
 Metaspace       used 76227K, capacity 84156K, committed 84352K, reserved 1120256K
  class space    used 11821K, capacity 14149K, committed 14208K, reserved 1048576K
}
Event: 116.837 GC heap before
{Heap before GC invocations=156 (full 5):
 PSYoungGen      total 657920K, used 634080K [0x00000000d5f00000, 0x00000000fff00000, 0x0000000100000000)
  eden space 628736K, 100% used [0x00000000d5f00000,0x00000000fc500000,0x00000000fc500000)
  from space 29184K, 18% used [0x00000000fe280000,0x00000000fe7b8080,0x00000000fff00000)
  to   space 29696K, 0% used [0x00000000fc500000,0x00000000fc500000,0x00000000fe200000)
 ParOldGen       total 342528K, used 330486K [0x0000000081c00000, 0x0000000096a80000, 0x00000000d5f00000)
  object space 342528K, 96% used [0x0000000081c00000,0x0000000095ebda90,0x0000000096a80000)
 Metaspace       used 77597K, capacity 85682K, committed 85888K, reserved 1120256K
  class space    used 12016K, capacity 14402K, committed 14464K, reserved 1048576K
Event: 117.363 GC heap after
Heap after GC invocations=156 (full 5):
 PSYoungGen      total 657920K, used 634080K [0x00000000d5f00000, 0x00000000fff00000, 0x0000000100000000)
  eden space 628736K, 100% used [0x00000000d5f00000,0x00000000fc500000,0x00000000fc500000)
  from space 29184K, 18% used [0x00000000fe280000,0x00000000fe7b8080,0x00000000fff00000)
  to   space 29696K, 99% used [0x00000000fc500000,0x00000000fe1f8188,0x00000000fe200000)
 ParOldGen       total 391680K, used 391679K [0x0000000081c00000, 0x0000000099a80000, 0x00000000d5f00000)
  object space 391680K, 99% used [0x0000000081c00000,0x0000000099a7fcd8,0x0000000099a80000)
 Metaspace       used 77597K, capacity 85682K, committed 85888K, reserved 1120256K
  class space    used 12016K, capacity 14402K, committed 14464K, reserved 1048576K
}
Event: 117.363 GC heap before
{Heap before GC invocations=157 (full 6):
 PSYoungGen      total 657920K, used 634080K [0x00000000d5f00000, 0x00000000fff00000, 0x0000000100000000)
  eden space 628736K, 100% used [0x00000000d5f00000,0x00000000fc500000,0x00000000fc500000)
  from space 29184K, 18% used [0x00000000fe280000,0x00000000fe7b8080,0x00000000fff00000)
  to   space 29696K, 99% used [0x00000000fc500000,0x00000000fe1f8188,0x00000000fe200000)
 ParOldGen       total 391680K, used 391679K [0x0000000081c00000, 0x0000000099a80000, 0x00000000d5f00000)
  object space 391680K, 99% used [0x0000000081c00000,0x0000000099a7fcd8,0x0000000099a80000)
 Metaspace       used 77597K, capacity 85682K, committed 85888K, reserved 1120256K
  class space    used 12016K, capacity 14402K, committed 14464K, reserved 1048576K
Event: 119.163 GC heap after
Heap after GC invocations=157 (full 6):
 PSYoungGen      total 657920K, used 0K [0x00000000d5f00000, 0x00000000fff00000, 0x0000000100000000)
  eden space 628736K, 0% used [0x00000000d5f00000,0x00000000d5f00000,0x00000000fc500000)
  from space 29184K, 0% used [0x00000000fe280000,0x00000000fe280000,0x00000000fff00000)
  to   space 29696K, 0% used [0x00000000fc500000,0x00000000fc500000,0x00000000fe200000)
 ParOldGen       total 391680K, used 364666K [0x0000000081c00000, 0x0000000099a80000, 0x00000000d5f00000)
  object space 391680K, 93% used [0x0000000081c00000,0x000000009801e888,0x0000000099a80000)
 Metaspace       used 77597K, capacity 85682K, committed 85888K, reserved 1120256K
  class space    used 12016K, capacity 14402K, committed 14464K, reserved 1048576K
}

Deoptimization events (10 events):
Event: 119.817 Thread 0x0000000002c32800 Uncommon trap: reason=class_check action=maybe_recompile pc=0x0000000003c666e8 method=java.util.HashMap$ValueSpliterator.forEachRemaining(Ljava/util/function/Consumer;)V @ 145
Event: 119.818 Thread 0x0000000002c32800 Uncommon trap: reason=bimorphic action=maybe_recompile pc=0x00000000033a2268 method=org.apache.commons.lang3.tuple.Triple.hashCode()I @ 33
Event: 119.824 Thread 0x0000000002c32800 Uncommon trap: reason=bimorphic action=maybe_recompile pc=0x00000000033a2268 method=org.apache.commons.lang3.tuple.Triple.hashCode()I @ 33
Event: 119.870 Thread 0x0000000002c32800 Uncommon trap: reason=bimorphic action=maybe_recompile pc=0x00000000033a2268 method=org.apache.commons.lang3.tuple.Triple.hashCode()I @ 33
Event: 119.875 Thread 0x0000000002c32800 Uncommon trap: reason=bimorphic action=maybe_recompile pc=0x00000000033a2268 method=org.apache.commons.lang3.tuple.Triple.hashCode()I @ 33
Event: 119.887 Thread 0x0000000002c32800 Uncommon trap: reason=unstable_if action=reinterpret pc=0x0000000003b7c1f8 method=org.apache.commons.lang3.tuple.Triple.equals(Ljava/lang/Object;)Z @ 44
Event: 120.077 Thread 0x0000000002c32800 Uncommon trap: reason=class_check action=maybe_recompile pc=0x0000000004ba3224 method=net.minecraft.client.renderer.texture.AtlasTexture.getSprite(Lnet/minecraft/util/ResourceLocation;)Lnet/minecraft/client/renderer/texture/TextureAtlasSprite; @ 10
Event: 120.077 Thread 0x0000000002c32800 Uncommon trap: reason=class_check action=maybe_recompile pc=0x0000000004ba3224 method=net.minecraft.client.renderer.texture.AtlasTexture.getSprite(Lnet/minecraft/util/ResourceLocation;)Lnet/minecraft/client/renderer/texture/TextureAtlasSprite; @ 10
Event: 120.077 Thread 0x0000000002c32800 Uncommon trap: reason=class_check action=maybe_recompile pc=0x0000000004ba3224 method=net.minecraft.client.renderer.texture.AtlasTexture.getSprite(Lnet/minecraft/util/ResourceLocation;)Lnet/minecraft/client/renderer/texture/TextureAtlasSprite; @ 10
Event: 120.077 Thread 0x0000000002c32800 Uncommon trap: reason=class_check action=maybe_recompile pc=0x0000000004ba3224 method=net.minecraft.client.renderer.texture.AtlasTexture.getSprite(Lnet/minecraft/util/ResourceLocation;)Lnet/minecraft/client/renderer/texture/TextureAtlasSprite; @ 10

Internal exceptions (10 events):
Event: 119.984 Thread 0x0000000002c32800 Exception <a 'sun/nio/fs/WindowsException'> (0x00000000e5f8f0e8) thrown at [C:\re\workspace\8-2-build-windows-amd64-cygwin\jdk8u51\3951\hotspot\src\share\vm\prims\jni.cpp, line 709]
Event: 119.984 Thread 0x0000000002c32800 Exception <a 'sun/nio/fs/WindowsException'> (0x00000000e5f8fb48) thrown at [C:\re\workspace\8-2-build-windows-amd64-cygwin\jdk8u51\3951\hotspot\src\share\vm\prims\jni.cpp, line 709]
Event: 119.984 Thread 0x0000000002c32800 Exception <a 'sun/nio/fs/WindowsException'> (0x00000000e5f91680) thrown at [C:\re\workspace\8-2-build-windows-amd64-cygwin\jdk8u51\3951\hotspot\src\share\vm\prims\jni.cpp, line 709]
Event: 119.984 Thread 0x0000000002c32800 Exception <a 'sun/nio/fs/WindowsException'> (0x00000000e5f92040) thrown at [C:\re\workspace\8-2-build-windows-amd64-cygwin\jdk8u51\3951\hotspot\src\share\vm\prims\jni.cpp, line 709]
Event: 120.011 Thread 0x0000000002c32800 Exception <a 'sun/nio/fs/WindowsException'> (0x00000000e6306e50) thrown at [C:\re\workspace\8-2-build-windows-amd64-cygwin\jdk8u51\3951\hotspot\src\share\vm\prims\jni.cpp, line 709]
Event: 120.011 Thread 0x0000000002c32800 Exception <a 'sun/nio/fs/WindowsException'> (0x00000000e6307890) thrown at [C:\re\workspace\8-2-build-windows-amd64-cygwin\jdk8u51\3951\hotspot\src\share\vm\prims\jni.cpp, line 709]
Event: 120.011 Thread 0x0000000002c32800 Exception <a 'sun/nio/fs/WindowsException'> (0x00000000e6309408) thrown at [C:\re\workspace\8-2-build-windows-amd64-cygwin\jdk8u51\3951\hotspot\src\share\vm\prims\jni.cpp, line 709]
Event: 120.011 Thread 0x0000000002c32800 Exception <a 'sun/nio/fs/WindowsException'> (0x00000000e6309e48) thrown at [C:\re\workspace\8-2-build-windows-amd64-cygwin\jdk8u51\3951\hotspot\src\share\vm\prims\jni.cpp, line 709]
Event: 120.012 Thread 0x0000000002c32800 Exception <a 'sun/nio/fs/WindowsException'> (0x00000000e630b940) thrown at [C:\re\workspace\8-2-build-windows-amd64-cygwin\jdk8u51\3951\hotspot\src\share\vm\prims\jni.cpp, line 709]
Event: 120.012 Thread 0x0000000002c32800 Exception <a 'sun/nio/fs/WindowsException'> (0x00000000e630c2c0) thrown at [C:\re\workspace\8-2-build-windows-amd64-cygwin\jdk8u51\3951\hotspot\src\share\vm\prims\jni.cpp, line 709]

Events (10 events):
Event: 120.077 Thread 0x0000000002c32800 DEOPT UNPACKING pc=0x0000000002f6582a sp=0x0000000002c1b810 mode 2
Event: 120.077 Thread 0x0000000002c32800 Uncommon trap: trap_request=0xffffffde fr.pc=0x0000000004ba3224
Event: 120.077 Thread 0x0000000002c32800 DEOPT PACKING pc=0x0000000004ba3224 sp=0x0000000002c1b820
Event: 120.077 Thread 0x0000000002c32800 DEOPT UNPACKING pc=0x0000000002f6582a sp=0x0000000002c1b810 mode 2
Event: 120.077 Thread 0x0000000002c32800 Uncommon trap: trap_request=0xffffffde fr.pc=0x0000000004ba3224
Event: 120.077 Thread 0x0000000002c32800 DEOPT PACKING pc=0x0000000004ba3224 sp=0x0000000002c1b820
Event: 120.077 Thread 0x0000000002c32800 DEOPT UNPACKING pc=0x0000000002f6582a sp=0x0000000002c1b810 mode 2
Event: 120.077 Thread 0x0000000002c32800 Uncommon trap: trap_request=0xffffffde fr.pc=0x0000000004ba3224
Event: 120.077 Thread 0x0000000002c32800 DEOPT PACKING pc=0x0000000004ba3224 sp=0x0000000002c1b820
Event: 120.077 Thread 0x0000000002c32800 DEOPT UNPACKING pc=0x0000000002f6582a sp=0x0000000002c1b810 mode 2


Dynamic libraries:
0x00007ff6af9e0000 - 0x00007ff6afa17000 	C:\Program Files (x86)\Minecraft\runtime\jre-x64\bin\java.exe
0x00007ffaa30d0000 - 0x00007ffaa32c5000 	C:\WINDOWS\SYSTEM32\ntdll.dll
0x00007ffaa20f0000 - 0x00007ffaa21ad000 	C:\WINDOWS\System32\KERNEL32.DLL
0x00007ffaa0a40000 - 0x00007ffaa0d07000 	C:\WINDOWS\System32\KERNELBASE.dll
0x00007ffaa2dd0000 - 0x00007ffaa2e7a000 	C:\WINDOWS\System32\ADVAPI32.dll
0x00007ffaa1210000 - 0x00007ffaa12ae000 	C:\WINDOWS\System32\msvcrt.dll
0x00007ffaa17a0000 - 0x00007ffaa183b000 	C:\WINDOWS\System32\sechost.dll
0x00007ffaa2f60000 - 0x00007ffaa3084000 	C:\WINDOWS\System32\RPCRT4.dll
0x00007ffaa1f50000 - 0x00007ffaa20f0000 	C:\WINDOWS\System32\USER32.dll
0x00007ffaa1100000 - 0x00007ffaa1122000 	C:\WINDOWS\System32\win32u.dll
0x00007ffaa1f00000 - 0x00007ffaa1f2a000 	C:\WINDOWS\System32\GDI32.dll
0x00007ffaa0de0000 - 0x00007ffaa0ee9000 	C:\WINDOWS\System32\gdi32full.dll
0x00007ffaa0840000 - 0x00007ffaa08dd000 	C:\WINDOWS\System32\msvcp_win.dll
0x00007ffaa08e0000 - 0x00007ffaa09e0000 	C:\WINDOWS\System32\ucrtbase.dll
0x00007ffa84450000 - 0x00007ffa846eb000 	C:\WINDOWS\WinSxS\amd64_microsoft.windows.common-controls_6595b64144ccf1df_6.0.19041.488_none_ca04af081b815d21\COMCTL32.dll
0x00007ffaa12b0000 - 0x00007ffaa12e0000 	C:\WINDOWS\System32\IMM32.DLL
0x0000000070c00000 - 0x0000000070cd2000 	C:\Program Files (x86)\Minecraft\runtime\jre-x64\bin\msvcr100.dll
0x0000000070370000 - 0x0000000070bf3000 	C:\Program Files (x86)\Minecraft\runtime\jre-x64\bin\server\jvm.dll
0x00007ffaa1ef0000 - 0x00007ffaa1ef8000 	C:\WINDOWS\System32\PSAPI.DLL
0x00007ffa96bc0000 - 0x00007ffa96bc9000 	C:\WINDOWS\SYSTEM32\WSOCK32.dll
0x00007ffa998f0000 - 0x00007ffa99917000 	C:\WINDOWS\SYSTEM32\WINMM.dll
0x00007ffaa1650000 - 0x00007ffaa16bb000 	C:\WINDOWS\System32\WS2_32.dll
0x00007ffa990e0000 - 0x00007ffa990ea000 	C:\WINDOWS\SYSTEM32\VERSION.dll
0x0000000070360000 - 0x000000007036f000 	C:\Program Files (x86)\Minecraft\runtime\jre-x64\bin\verify.dll
0x0000000070330000 - 0x0000000070359000 	C:\Program Files (x86)\Minecraft\runtime\jre-x64\bin\java.dll
0x0000000070300000 - 0x0000000070323000 	C:\Program Files (x86)\Minecraft\runtime\jre-x64\bin\instrument.dll
0x00000000702e0000 - 0x00000000702f6000 	C:\Program Files (x86)\Minecraft\runtime\jre-x64\bin\zip.dll
0x00007ffaa2680000 - 0x00007ffaa2dc1000 	C:\WINDOWS\System32\SHELL32.dll
0x00007ffa9e830000 - 0x00007ffa9efc3000 	C:\WINDOWS\SYSTEM32\windows.storage.dll
0x00007ffaa1b80000 - 0x00007ffaa1ed5000 	C:\WINDOWS\System32\combase.dll
0x00007ffaa00e0000 - 0x00007ffaa010c000 	C:\WINDOWS\SYSTEM32\Wldp.dll
0x00007ffaa1400000 - 0x00007ffaa14ae000 	C:\WINDOWS\System32\SHCORE.dll
0x00007ffaa19f0000 - 0x00007ffaa1a45000 	C:\WINDOWS\System32\shlwapi.dll
0x00007ffaa0740000 - 0x00007ffaa0766000 	C:\WINDOWS\SYSTEM32\profapi.dll
0x00007ffa9d710000 - 0x00007ffa9d72a000 	C:\Users\ervin_1nmnhvl\AppData\Local\JetBrains\Toolbox\apps\IDEA-U\ch-0\202.6397.94\bin\breakgen64.dll
0x00000000702c0000 - 0x00000000702da000 	C:\Program Files (x86)\Minecraft\runtime\jre-x64\bin\net.dll
0x00007ffa9fed0000 - 0x00007ffa9ff3a000 	C:\WINDOWS\system32\mswsock.dll
0x00000000702b0000 - 0x00000000702bd000 	C:\Program Files (x86)\Minecraft\runtime\jre-x64\bin\management.dll
0x00007ffa6b200000 - 0x00007ffa6b217000 	C:\WINDOWS\system32\napinsp.dll
0x00007ffa6b220000 - 0x00007ffa6b23b000 	C:\WINDOWS\system32\pnrpnsp.dll
0x00007ffa9b5c0000 - 0x00007ffa9b5d5000 	C:\WINDOWS\system32\wshbth.dll
0x00007ffa9be80000 - 0x00007ffa9be9d000 	C:\WINDOWS\system32\NLAapi.dll
0x00007ffa9fbe0000 - 0x00007ffa9fc1b000 	C:\WINDOWS\SYSTEM32\IPHLPAPI.DLL
0x00007ffa9fc20000 - 0x00007ffa9fceb000 	C:\WINDOWS\SYSTEM32\DNSAPI.dll
0x00007ffaa2e80000 - 0x00007ffaa2e89000 	C:\WINDOWS\System32\NSI.dll
0x00007ffa6b240000 - 0x00007ffa6b252000 	C:\WINDOWS\System32\winrnr.dll
0x00007ffa913a0000 - 0x00007ffa913aa000 	C:\Windows\System32\rasadhlp.dll
0x00007ffa94450000 - 0x00007ffa944cf000 	C:\WINDOWS\System32\fwpuclnt.dll
0x00007ffaa0810000 - 0x00007ffaa0837000 	C:\WINDOWS\System32\bcrypt.dll
0x0000000070290000 - 0x00000000702a1000 	C:\Program Files (x86)\Minecraft\runtime\jre-x64\bin\nio.dll
0x0000000070260000 - 0x0000000070284000 	C:\Program Files (x86)\Minecraft\runtime\jre-x64\bin\sunec.dll
0x00007ffaa0410000 - 0x00007ffaa0428000 	C:\WINDOWS\SYSTEM32\CRYPTSP.dll
0x00007ffa9f780000 - 0x00007ffa9f7b4000 	C:\WINDOWS\system32\rsaenh.dll
0x00007ffaa0700000 - 0x00007ffaa072e000 	C:\WINDOWS\SYSTEM32\USERENV.dll
0x00007ffaa0d60000 - 0x00007ffaa0ddf000 	C:\WINDOWS\System32\bcryptprimitives.dll
0x00007ffaa0050000 - 0x00007ffaa005c000 	C:\WINDOWS\SYSTEM32\CRYPTBASE.dll
0x00007ffa96460000 - 0x00007ffa96477000 	C:\WINDOWS\SYSTEM32\dhcpcsvc6.DLL
0x00007ffa95b90000 - 0x00007ffa95bad000 	C:\WINDOWS\SYSTEM32\dhcpcsvc.DLL
0x00007ffa95300000 - 0x00007ffa95372000 	C:\Users\ervin_1nmnhvl\AppData\Local\Temp\lwjglervin_1nmnhvl\3.2.2-build-10\lwjgl.dll
0x00007ffa798b0000 - 0x00007ffa79b01000 	C:\Users\ERVIN_~1\AppData\Local\Temp\lwjglervin_1nmnhvl\3.2.2-build-10\jemalloc.dll
0x00007ffa94b80000 - 0x00007ffa94bde000 	C:\Users\ERVIN_~1\AppData\Local\Temp\lwjglervin_1nmnhvl\3.2.2-build-10\glfw.dll
0x00007ffa9e060000 - 0x00007ffa9e0ff000 	C:\WINDOWS\system32\uxtheme.dll
0x00007ffa947e0000 - 0x00007ffa94825000 	C:\WINDOWS\SYSTEM32\dinput8.dll
0x00007ffa9c2a0000 - 0x00007ffa9c2b1000 	C:\WINDOWS\SYSTEM32\xinput1_4.dll
0x00007ffaa0d10000 - 0x00007ffaa0d5d000 	C:\WINDOWS\System32\cfgmgr32.dll
0x00007ffaa04f0000 - 0x00007ffaa051c000 	C:\WINDOWS\SYSTEM32\DEVOBJ.dll
0x00007ffa9e330000 - 0x00007ffa9e35f000 	C:\WINDOWS\SYSTEM32\dwmapi.dll
0x00007ffa90160000 - 0x00007ffa902b2000 	C:\WINDOWS\SYSTEM32\inputhost.dll
0x00007ffaa2e90000 - 0x00007ffaa2f5d000 	C:\WINDOWS\System32\OLEAUT32.dll
0x00007ffa9d840000 - 0x00007ffa9d932000 	C:\WINDOWS\SYSTEM32\CoreMessaging.dll
0x00007ffa9bc50000 - 0x00007ffa9bd47000 	C:\WINDOWS\SYSTEM32\PROPSYS.dll
0x00007ffa9d170000 - 0x00007ffa9d2c6000 	C:\WINDOWS\SYSTEM32\wintypes.dll
0x00007ffa9d940000 - 0x00007ffa9dc9a000 	C:\WINDOWS\SYSTEM32\CoreUIComponents.dll
0x00007ffa9f420000 - 0x00007ffa9f453000 	C:\WINDOWS\SYSTEM32\ntmarta.dll
0x00007ffa9e810000 - 0x00007ffa9e823000 	C:\WINDOWS\SYSTEM32\kernel.appcore.dll
0x00007ffaa12e0000 - 0x00007ffaa13f5000 	C:\WINDOWS\System32\MSCTF.dll
0x00007ffa9efd0000 - 0x00007ffa9efdd000 	C:\WINDOWS\SYSTEM32\HID.DLL
0x00007ffaa21b0000 - 0x00007ffaa2617000 	C:\WINDOWS\System32\SETUPAPI.DLL
0x00007ffaa09e0000 - 0x00007ffaa0a40000 	C:\WINDOWS\System32\WINTRUST.dll
0x00007ffaa0fa0000 - 0x00007ffaa10fd000 	C:\WINDOWS\System32\CRYPT32.dll
0x00007ffaa04d0000 - 0x00007ffaa04e2000 	C:\WINDOWS\SYSTEM32\MSASN1.dll
0x00007ffa7e330000 - 0x00007ffa7e455000 	C:\WINDOWS\SYSTEM32\opengl32.dll
0x00007ffa84080000 - 0x00007ffa840ac000 	C:\WINDOWS\SYSTEM32\GLU32.dll
0x00007ffaa14b0000 - 0x00007ffaa1558000 	C:\WINDOWS\System32\clbcatq.dll
0x00007ffa65540000 - 0x00007ffa661c4000 	C:\WINDOWS\SYSTEM32\ig4icd64.dll
0x00007ffa9f030000 - 0x00007ffa9f123000 	C:\WINDOWS\SYSTEM32\dxgi.dll
0x00007ffa9c970000 - 0x00007ffa9cbd3000 	C:\WINDOWS\SYSTEM32\d3d11.dll
0x00007ffa6a5b0000 - 0x00007ffa6b200000 	C:\WINDOWS\SYSTEM32\igd10umd64.dll
0x00007ffa959c0000 - 0x00007ffa959fb000 	C:\WINDOWS\SYSTEM32\dxcore.dll
0x00007ffa8b5c0000 - 0x00007ffa8b63f000 	C:\Users\ervin_1nmnhvl\AppData\Local\Temp\lwjglervin_1nmnhvl\3.2.2-build-10\lwjgl_stb.dll
0x00007ffa9aaa0000 - 0x00007ffa9ab4e000 	C:\WINDOWS\SYSTEM32\mscms.dll
0x00007ffa9a930000 - 0x00007ffa9a941000 	C:\WINDOWS\SYSTEM32\ColorAdapterClient.dll
0x00007ffa8d220000 - 0x00007ffa8d263000 	C:\WINDOWS\SYSTEM32\icm32.dll
0x00007ffa90060000 - 0x00007ffa9015d000 	C:\WINDOWS\SYSTEM32\textinputframework.dll
0x00007ffa8b560000 - 0x00007ffa8b5b8000 	C:\Users\ervin_1nmnhvl\AppData\Local\Temp\lwjglervin_1nmnhvl\3.2.2-build-10\lwjgl_opengl.dll
0x00007ffa8b710000 - 0x00007ffa8b752000 	C:\Users\ervin_1nmnhvl\AppData\Local\Temp\jna-2118671535\jna1080600366608091604.dll
0x00007ffa9a480000 - 0x00007ffa9a49a000 	C:\save\modding\ervin_mod_1\build\natives\SAPIWrapper_x64.dll
0x00007ffaa1a50000 - 0x00007ffaa1b79000 	C:\WINDOWS\System32\ole32.dll
0x00007ffa7f3a0000 - 0x00007ffa7f524000 	C:\WINDOWS\System32\Speech\Common\sapi.dll
0x00007ffa75380000 - 0x00007ffa7539e000 	C:\WINDOWS\SYSTEM32\MSACM32.dll
0x00007ffa7d3c0000 - 0x00007ffa7d3e6000 	C:\WINDOWS\SYSTEM32\winmmbase.dll
0x00007ffa90810000 - 0x00007ffa9081b000 	C:\WINDOWS\SYSTEM32\msdmo.dll
0x00007ffa921e0000 - 0x00007ffa92265000 	C:\WINDOWS\System32\MMDevApi.dll
0x00007ffa7dd20000 - 0x00007ffa7de34000 	C:\Users\ERVIN_~1\AppData\Local\Temp\lwjglervin_1nmnhvl\3.2.2-build-10\OpenAL.dll
0x00007ffa8abd0000 - 0x00007ffa8ad50000 	C:\WINDOWS\SYSTEM32\AUDIOSES.DLL
0x00007ffaa0670000 - 0x00007ffaa06bb000 	C:\WINDOWS\SYSTEM32\powrprof.dll
0x00007ffaa0650000 - 0x00007ffaa0662000 	C:\WINDOWS\SYSTEM32\UMPDC.dll
0x00007ffa9e160000 - 0x00007ffa9e174000 	C:\WINDOWS\SYSTEM32\resourcepolicyclient.dll
0x00007ffa97650000 - 0x00007ffa97834000 	C:\WINDOWS\SYSTEM32\dbghelp.dll

VM Arguments:
jvm_args: -Dforge.logging.console.level=debug -Dforge.logging.markers=SCAN,REGISTRIES,REGISTRYDUMP -XX:HeapDumpPath=MojangTricksIntelDriversForPerformance_javaw.exe_minecraft.exe.heapdump -Dos.name=Windows 10 -Dos.version=10.0 -javaagent:C:\Users\ervin_1nmnhvl\AppData\Local\JetBrains\Toolbox\apps\IDEA-U\ch-0\202.6397.94\lib\idea_rt.jar=51013:C:\Users\ervin_1nmnhvl\AppData\Local\JetBrains\Toolbox\apps\IDEA-U\ch-0\202.6397.94\bin -Dfile.encoding=UTF-8 
java_command: net.minecraftforge.userdev.LaunchTesting
java_class_path (initial): C:\Program Files (x86)\Minecraft\runtime\jre-x64\lib\charsets.jar;C:\Program Files (x86)\Minecraft\runtime\jre-x64\lib\deploy.jar;C:\Program Files (x86)\Minecraft\runtime\jre-x64\lib\ext\access-bridge-64.jar;C:\Program Files (x86)\Minecraft\runtime\jre-x64\lib\ext\cldrdata.jar;C:\Program Files (x86)\Minecraft\runtime\jre-x64\lib\ext\dnsns.jar;C:\Program Files (x86)\Minecraft\runtime\jre-x64\lib\ext\jaccess.jar;C:\Program Files (x86)\Minecraft\runtime\jre-x64\lib\ext\jfxrt.jar;C:\Program Files (x86)\Minecraft\runtime\jre-x64\lib\ext\localedata.jar;C:\Program Files (x86)\Minecraft\runtime\jre-x64\lib\ext\nashorn.jar;C:\Program Files (x86)\Minecraft\runtime\jre-x64\lib\ext\sunec.jar;C:\Program Files (x86)\Minecraft\runtime\jre-x64\lib\ext\sunjce_provider.jar;C:\Program Files (x86)\Minecraft\runtime\jre-x64\lib\ext\sunmscapi.jar;C:\Program Files (x86)\Minecraft\runtime\jre-x64\lib\ext\sunpkcs11.jar;C:\Program Files (x86)\Minecraft\runtime\jre-x64\lib\ext\zipfs.jar;C:\Program Files (x86)\Minecraft\runtime\jre-x64\lib\javaws.jar;C:\Program Files (x86)\Minecraft\runtime\jre-x64\lib\jce.jar;C:\Program Files (x86)\Minecraft\runtime\jre-x64\lib\jfr.jar;C:\Program Files (x86)\Minecraft\runtime\jre-x64\lib\jfxswt.jar;C:\Program Files (x86)\Minecraft\runtime\jre-x64\lib\jsse.jar;C:\Program Files (x86)\Minecraft\runtime\jre-x64\lib\management-agent.jar;C:\Program Files (x86)\Minecraft\runtime\jre-x64\lib\plugin.jar;C:\Program Files (x86)\Minecraft\runtime\jre-x64\lib\resources.jar;C:\Program Files (x86)\Minecraft\runtime\jre-x64\lib\rt.jar;C:\save\modding\ervin_mod_1\build\classes\java\main;C:\save\modding\ervin_mod_1\build\resources\main;C:\Users\ervin_1nmnhvl\.gradle\caches\forge_gradle\minecraft_user_repo\net\minecraftforge\forge\1.16.1-32.0.75_mapped_snapshot_20200723-1.16.1\forge-1.16.1-32.0.75_mapped_snapshot_20200723-1.16.1-recomp.jar;C:\Users\ervin_1nmnhvl\.gradle\caches\forge_gradle\minecraft_user_repo\net\minecraftforge\forge\1.16.1-32.0.75_
Launcher Type: SUN_STANDARD

Environment Variables:
JAVA_HOME=C:\Program Files\Java\jdk-11.0.4
PATH=C:\Program Files\Docker\Docker\Resources\bin;C:\ProgramData\Oracle\Java\javapath;C:\WINDOWS\system32;C:\WINDOWS;C:\WINDOWS\System32\Wbem;C:\WINDOWS\System32\WindowsPowerShell\v1.0\;C:\Program Files (x86)\cloudControl;C:\Program Files\Git\cmd;C:\bin;C:\Program Files (x86)\Windows Kits\8.1\Windows Performance Toolkit\;C:\Program Files (x86)\PuTTY\;C:\Program Files (x86)\Nodist\bin;G:\save\sdk\android\tools;G:\save\sdk\android\platform-tools;C:\boxfuse;C:\Program Files (x86)\Skype\Phone\;C:\Program Files (x86)\GtkSharp\2.12\bin;C:\Program Files (x86)\IVI Foundation\VISA\WinNT\Bin;C:\WINDOWS\system32;C:\WINDOWS;C:\WINDOWS\System32\Wbem;C:\WINDOWS\System32\WindowsPowerShell\v1.0\;;C:\WINDOWS\System32\OpenSSH\;C:\Users\ervin_1nmnhvl\AppData\Local\Microsoft\WindowsApps;
USERNAME=ervin_1nmnhvl
OS=Windows_NT
PROCESSOR_IDENTIFIER=Intel64 Family 6 Model 42 Stepping 7, GenuineIntel



---------------  S Y S T E M  ---------------

OS: Windows 10.0 , 64 bit Build 19041 (10.0.19041.292)

CPU:total 4 (2 cores per cpu, 2 threads per core) family 6 model 42 stepping 7, cmov, cx8, fxsr, mmx, sse, sse2, sse3, ssse3, sse4.1, sse4.2, popcnt, avx, aes, clmul, ht, tsc, tscinvbit

Memory: 4k page, physical 8266764k(451664k free), swap 10363916k(160k free)

vm_info: Java HotSpot(TM) 64-Bit Server VM (25.51-b03) for windows-amd64 JRE (1.8.0_51-b16), built on Jun  8 2015 18:03:07 by "java_re" with MS VC++ 10.0 (VS2010)

time: Thu Oct 01 08:09:46 2020
elapsed time: 120 seconds (0d 0h 2m 0s)

