#
# There is insufficient memory for the Java Runtime Environment to continue.
# Native memory allocation (malloc) failed to allocate 1085136 bytes for Chunk::new
# Possible reasons:
#   The system is out of physical RAM or swap space
#   In 32 bit mode, the process size limit was hit
# Possible solutions:
#   Reduce memory load on the system
#   Increase physical memory or swap space
#   Check if swap backing store is full
#   Use 64 bit Java on a 64 bit OS
#   Decrease Java heap size (-Xmx/-Xms)
#   Decrease number of Java threads
#   Decrease Java thread stack sizes (-Xss)
#   Set larger code cache with -XX:ReservedCodeCacheSize=
# This output file may be truncated or incomplete.
#
#  Out of Memory Error (allocation.cpp:390), pid=2864, tid=4004
#
# JRE version: Java(TM) SE Runtime Environment (8.0_51-b16) (build 1.8.0_51-b16)
# Java VM: Java HotSpot(TM) 64-Bit Server VM (25.51-b03 mixed mode windows-amd64 compressed oops)
# Failed to write core dump. Minidumps are not enabled by default on client versions of Windows
#

---------------  T H R E A D  ---------------

Current thread (0x0000000019847000):  JavaThread "C2 CompilerThread0" daemon [_thread_in_native, id=4004, stack(0x0000000019960000,0x0000000019a60000)]

Stack: [0x0000000019960000,0x0000000019a60000]
Native frames: (J=compiled Java code, j=interpreted, Vv=VM code, C=native code)
V  [jvm.dll+0x32b4ca]
V  [jvm.dll+0x2797e3]
V  [jvm.dll+0x27a479]
V  [jvm.dll+0x271765]
V  [jvm.dll+0xcba02]
V  [jvm.dll+0xcbecc]
V  [jvm.dll+0x476f72]
V  [jvm.dll+0x4b95ff]
V  [jvm.dll+0x46b745]
V  [jvm.dll+0x46cd4e]
V  [jvm.dll+0x4501a2]
V  [jvm.dll+0xa43a2]
V  [jvm.dll+0xa4cdf]
V  [jvm.dll+0x2418a4]
V  [jvm.dll+0x29846a]
C  [msvcr100.dll+0x21d9f]
C  [msvcr100.dll+0x21e3b]
C  [KERNEL32.DLL+0x17034]
C  [ntdll.dll+0x52651]


Current CompileTask:
C2: 110679 11740       4       org.apache.logging.log4j.core.impl.ThrowableProxyRenderer::formatEntry (46 bytes)


---------------  P R O C E S S  ---------------

Java Threads: ( => current thread )
  0x00000000243f5000 JavaThread "Worker-Main-8" daemon [_thread_in_native, id=14056, stack(0x0000000029480000,0x0000000029580000)]
  0x00000000243fa800 JavaThread "Worker-Main-7" daemon [_thread_blocked, id=10476, stack(0x0000000029320000,0x0000000029420000)]
  0x00000000243f3800 JavaThread "Worker-Main-6" daemon [_thread_blocked, id=9208, stack(0x000000002c070000,0x000000002c170000)]
  0x00000000243f3000 JavaThread "Worker-Main-5" daemon [_thread_blocked, id=13056, stack(0x000000002bd70000,0x000000002be70000)]
  0x00000000243f7800 JavaThread "Worker-Main-4" daemon [_thread_blocked, id=12788, stack(0x000000002b860000,0x000000002b960000)]
  0x00000000243fa000 JavaThread "Narrator" [_thread_blocked, id=12128, stack(0x0000000029d80000,0x0000000029e80000)]
  0x00000000243f9000 JavaThread "Sound engine" daemon [_thread_blocked, id=1972, stack(0x000000002a580000,0x000000002a680000)]
  0x00000000221ca000 JavaThread "Snooper Timer" daemon [_thread_blocked, id=13540, stack(0x0000000026e80000,0x0000000026f80000)]
  0x00000000221c8800 JavaThread "Timer hack thread" daemon [_thread_blocked, id=8396, stack(0x0000000026d80000,0x0000000026e80000)]
  0x0000000021450000 JavaThread "Worker-Bootstrap-3" daemon [_thread_in_Java, id=8752, stack(0x0000000024e30000,0x0000000024f30000)]
  0x000000002138c000 JavaThread "Worker-Bootstrap-2" daemon [_thread_blocked, id=10676, stack(0x0000000024a70000,0x0000000024b70000)]
  0x000000001a814000 JavaThread "Worker-Bootstrap-1" daemon [_thread_in_Java, id=5948, stack(0x00000000231d0000,0x00000000232d0000)]
  0x000000001a8c3000 JavaThread "pool-3-thread-1" [_thread_blocked, id=14016, stack(0x000000001bd70000,0x000000001be70000)]
  0x000000001a86a800 JavaThread "Thread-2" daemon [_thread_in_native, id=6420, stack(0x000000001c370000,0x000000001c470000)]
  0x000000001a8c5800 JavaThread "Thread-1" daemon [_thread_blocked, id=11416, stack(0x000000001c270000,0x000000001c370000)]
  0x0000000019b54000 JavaThread "Service Thread" daemon [_thread_blocked, id=5228, stack(0x000000001a460000,0x000000001a560000)]
  0x0000000019aa3000 JavaThread "C1 CompilerThread2" daemon [_thread_blocked, id=9848, stack(0x000000001a360000,0x000000001a460000)]
  0x0000000019aa1000 JavaThread "C2 CompilerThread1" daemon [_thread_in_native, id=14680, stack(0x000000001a260000,0x000000001a360000)]
=>0x0000000019847000 JavaThread "C2 CompilerThread0" daemon [_thread_in_native, id=4004, stack(0x0000000019960000,0x0000000019a60000)]
  0x0000000019845000 JavaThread "Monitor Ctrl-Break" daemon [_thread_in_native, id=10860, stack(0x0000000019860000,0x0000000019960000)]
  0x0000000017ef3000 JavaThread "Attach Listener" daemon [_thread_blocked, id=2728, stack(0x0000000019360000,0x0000000019460000)]
  0x0000000017ef1800 JavaThread "Signal Dispatcher" daemon [_thread_blocked, id=11268, stack(0x0000000019260000,0x0000000019360000)]
  0x00000000031ec000 JavaThread "Finalizer" daemon [_thread_blocked, id=10684, stack(0x0000000019160000,0x0000000019260000)]
  0x00000000031e9000 JavaThread "Reference Handler" daemon [_thread_blocked, id=8800, stack(0x0000000019060000,0x0000000019160000)]
  0x00000000030f2800 JavaThread "Render thread" [_thread_in_vm, id=9316, stack(0x0000000002f00000,0x0000000003000000)]

Other Threads:
  0x00000000031e3000 VMThread [stack: 0x0000000018f60000,0x0000000019060000] [id=2396]
  0x0000000019b75000 WatcherThread [stack: 0x000000001a560000,0x000000001a660000] [id=7120]

VM state:not at safepoint (normal execution)

VM Mutex/Monitor currently owned by a thread: None

Heap:
 PSYoungGen      total 654848K, used 390258K [0x00000000d5f00000, 0x0000000100000000, 0x0000000100000000)
  eden space 620032K, 61% used [0x00000000d5f00000,0x00000000ed5ec850,0x00000000fbc80000)
  from space 34816K, 18% used [0x00000000fde00000,0x00000000fe430080,0x0000000100000000)
  to   space 34304K, 0% used [0x00000000fbc80000,0x00000000fbc80000,0x00000000fde00000)
 ParOldGen       total 365568K, used 327387K [0x0000000081c00000, 0x0000000098100000, 0x00000000d5f00000)
  object space 365568K, 89% used [0x0000000081c00000,0x0000000095bb6f20,0x0000000098100000)
 Metaspace       used 79078K, capacity 87688K, committed 87808K, reserved 1122304K
  class space    used 12666K, capacity 15289K, committed 15360K, reserved 1048576K

Card table byte_map: [0x0000000012770000,0x0000000012b70000] byte_map_base: 0x0000000012362000

Marking Bits: (ParMarkBitMap*) 0x00000000535b4040
 Begin Bits: [0x0000000013220000, 0x00000000151b0000)
 End Bits:   [0x00000000151b0000, 0x0000000017140000)

Polling page: 0x0000000001560000

CodeCache: size=245760Kb used=27483Kb max_used=27496Kb free=218276Kb
 bounds [0x00000000033b0000, 0x0000000004ee0000, 0x00000000123b0000]
 total_blobs=9985 nmethods=8507 adapters=1389
 compilation: enabled

Compilation events (10 events):
Event: 110.394 Thread 0x0000000019aa3000 11735       3       org.apache.logging.log4j.core.pattern.ThrowablePatternConverter::getSuffix (71 bytes)
Event: 110.396 Thread 0x0000000019aa3000 nmethod 11735 0x0000000004afe6d0 code [0x0000000004afe900, 0x0000000004aff728]
Event: 110.500 Thread 0x0000000019aa1000 11736       4       org.apache.logging.log4j.message.ReusableMessageFactory::newMessage (10 bytes)
Event: 110.535 Thread 0x0000000019aa1000 nmethod 11736 0x0000000004025fd0 code [0x00000000040261c0, 0x0000000004026f30]
Event: 110.571 Thread 0x0000000019847000 11737       4       java.util.Stack::push (7 bytes)
Event: 110.575 Thread 0x0000000019847000 nmethod 11737 0x00000000040258d0 code [0x0000000004025a20, 0x0000000004025de8]
Event: 110.582 Thread 0x0000000019aa3000 11738       3       net.minecrell.terminalconsole.TerminalConsoleAppender::append (17 bytes)
Event: 110.583 Thread 0x0000000019aa3000 nmethod 11738 0x000000000390d650 code [0x000000000390d7e0, 0x000000000390db68]
Event: 110.583 Thread 0x0000000019aa1000 11739       4       org.apache.logging.log4j.core.impl.ExtendedClassInfo::renderOn (78 bytes)
Event: 110.583 Thread 0x0000000019847000 11740       4       org.apache.logging.log4j.core.impl.ThrowableProxyRenderer::formatEntry (46 bytes)

GC Heap History (10 events):
Event: 104.468 GC heap before
{Heap before GC invocations=147 (full 5):
 PSYoungGen      total 653312K, used 633520K [0x00000000d5f00000, 0x00000000fff80000, 0x0000000100000000)
  eden space 620032K, 100% used [0x00000000d5f00000,0x00000000fbc80000,0x00000000fbc80000)
  from space 33280K, 40% used [0x00000000fbc80000,0x00000000fc9ac0a0,0x00000000fdd00000)
  to   space 33280K, 0% used [0x00000000fdf00000,0x00000000fdf00000,0x00000000fff80000)
 ParOldGen       total 365568K, used 314964K [0x0000000081c00000, 0x0000000098100000, 0x00000000d5f00000)
  object space 365568K, 86% used [0x0000000081c00000,0x0000000094f95378,0x0000000098100000)
 Metaspace       used 79012K, capacity 87516K, committed 87808K, reserved 1122304K
  class space    used 12664K, capacity 15285K, committed 15360K, reserved 1048576K
Event: 104.495 GC heap after
Heap after GC invocations=147 (full 5):
 PSYoungGen      total 655360K, used 13440K [0x00000000d5f00000, 0x0000000100000000, 0x0000000100000000)
  eden space 622080K, 0% used [0x00000000d5f00000,0x00000000d5f00000,0x00000000fbe80000)
  from space 33280K, 40% used [0x00000000fdf00000,0x00000000fec20070,0x00000000fff80000)
  to   space 33280K, 0% used [0x00000000fbe80000,0x00000000fbe80000,0x00000000fdf00000)
 ParOldGen       total 365568K, used 315284K [0x0000000081c00000, 0x0000000098100000, 0x00000000d5f00000)
  object space 365568K, 86% used [0x0000000081c00000,0x0000000094fe5378,0x0000000098100000)
 Metaspace       used 79012K, capacity 87516K, committed 87808K, reserved 1122304K
  class space    used 12664K, capacity 15285K, committed 15360K, reserved 1048576K
}
Event: 105.667 GC heap before
{Heap before GC invocations=148 (full 5):
 PSYoungGen      total 655360K, used 635520K [0x00000000d5f00000, 0x0000000100000000, 0x0000000100000000)
  eden space 622080K, 100% used [0x00000000d5f00000,0x00000000fbe80000,0x00000000fbe80000)
  from space 33280K, 40% used [0x00000000fdf00000,0x00000000fec20070,0x00000000fff80000)
  to   space 33280K, 0% used [0x00000000fbe80000,0x00000000fbe80000,0x00000000fdf00000)
 ParOldGen       total 365568K, used 315289K [0x0000000081c00000, 0x0000000098100000, 0x00000000d5f00000)
  object space 365568K, 86% used [0x0000000081c00000,0x0000000094fe6708,0x0000000098100000)
 Metaspace       used 79012K, capacity 87516K, committed 87808K, reserved 1122304K
  class space    used 12664K, capacity 15285K, committed 15360K, reserved 1048576K
Event: 105.694 GC heap after
Heap after GC invocations=148 (full 5):
 PSYoungGen      total 655360K, used 6000K [0x00000000d5f00000, 0x0000000100000000, 0x0000000100000000)
  eden space 622080K, 0% used [0x00000000d5f00000,0x00000000d5f00000,0x00000000fbe80000)
  from space 33280K, 18% used [0x00000000fbe80000,0x00000000fc45c080,0x00000000fdf00000)
  to   space 33792K, 0% used [0x00000000fdf00000,0x00000000fdf00000,0x0000000100000000)
 ParOldGen       total 365568K, used 323089K [0x0000000081c00000, 0x0000000098100000, 0x00000000d5f00000)
  object space 365568K, 88% used [0x0000000081c00000,0x0000000095784708,0x0000000098100000)
 Metaspace       used 79012K, capacity 87516K, committed 87808K, reserved 1122304K
  class space    used 12664K, capacity 15285K, committed 15360K, reserved 1048576K
}
Event: 106.883 GC heap before
{Heap before GC invocations=149 (full 5):
 PSYoungGen      total 655360K, used 628080K [0x00000000d5f00000, 0x0000000100000000, 0x0000000100000000)
  eden space 622080K, 100% used [0x00000000d5f00000,0x00000000fbe80000,0x00000000fbe80000)
  from space 33280K, 18% used [0x00000000fbe80000,0x00000000fc45c080,0x00000000fdf00000)
  to   space 33792K, 0% used [0x00000000fdf00000,0x00000000fdf00000,0x0000000100000000)
 ParOldGen       total 365568K, used 323089K [0x0000000081c00000, 0x0000000098100000, 0x00000000d5f00000)
  object space 365568K, 88% used [0x0000000081c00000,0x0000000095784708,0x0000000098100000)
 Metaspace       used 79012K, capacity 87516K, committed 87808K, reserved 1122304K
  class space    used 12664K, capacity 15285K, committed 15360K, reserved 1048576K
Event: 106.896 GC heap after
Heap after GC invocations=149 (full 5):
 PSYoungGen      total 654336K, used 5472K [0x00000000d5f00000, 0x0000000100000000, 0x0000000100000000)
  eden space 620544K, 0% used [0x00000000d5f00000,0x00000000d5f00000,0x00000000fbd00000)
  from space 33792K, 16% used [0x00000000fdf00000,0x00000000fe458090,0x0000000100000000)
  to   space 34304K, 0% used [0x00000000fbd00000,0x00000000fbd00000,0x00000000fde80000)
 ParOldGen       total 365568K, used 323809K [0x0000000081c00000, 0x0000000098100000, 0x00000000d5f00000)
  object space 365568K, 88% used [0x0000000081c00000,0x0000000095838708,0x0000000098100000)
 Metaspace       used 79012K, capacity 87516K, committed 87808K, reserved 1122304K
  class space    used 12664K, capacity 15285K, committed 15360K, reserved 1048576K
}
Event: 108.126 GC heap before
{Heap before GC invocations=150 (full 5):
 PSYoungGen      total 654336K, used 626016K [0x00000000d5f00000, 0x0000000100000000, 0x0000000100000000)
  eden space 620544K, 100% used [0x00000000d5f00000,0x00000000fbd00000,0x00000000fbd00000)
  from space 33792K, 16% used [0x00000000fdf00000,0x00000000fe458090,0x0000000100000000)
  to   space 34304K, 0% used [0x00000000fbd00000,0x00000000fbd00000,0x00000000fde80000)
 ParOldGen       total 365568K, used 325249K [0x0000000081c00000, 0x0000000098100000, 0x00000000d5f00000)
  object space 365568K, 88% used [0x0000000081c00000,0x00000000959a0670,0x0000000098100000)
 Metaspace       used 79013K, capacity 87516K, committed 87808K, reserved 1122304K
  class space    used 12664K, capacity 15285K, committed 15360K, reserved 1048576K
Event: 108.139 GC heap after
Heap after GC invocations=150 (full 5):
 PSYoungGen      total 626176K, used 5520K [0x00000000d5f00000, 0x0000000100000000, 0x0000000100000000)
  eden space 620544K, 0% used [0x00000000d5f00000,0x00000000d5f00000,0x00000000fbd00000)
  from space 5632K, 98% used [0x00000000fbd00000,0x00000000fc264080,0x00000000fc280000)
  to   space 34816K, 0% used [0x00000000fde00000,0x00000000fde00000,0x0000000100000000)
 ParOldGen       total 365568K, used 325561K [0x0000000081c00000, 0x0000000098100000, 0x00000000d5f00000)
  object space 365568K, 89% used [0x0000000081c00000,0x00000000959ee670,0x0000000098100000)
 Metaspace       used 79013K, capacity 87516K, committed 87808K, reserved 1122304K
  class space    used 12664K, capacity 15285K, committed 15360K, reserved 1048576K
}
Event: 109.485 GC heap before
{Heap before GC invocations=151 (full 5):
 PSYoungGen      total 626176K, used 626064K [0x00000000d5f00000, 0x0000000100000000, 0x0000000100000000)
  eden space 620544K, 100% used [0x00000000d5f00000,0x00000000fbd00000,0x00000000fbd00000)
  from space 5632K, 98% used [0x00000000fbd00000,0x00000000fc264080,0x00000000fc280000)
  to   space 34816K, 0% used [0x00000000fde00000,0x00000000fde00000,0x0000000100000000)
 ParOldGen       total 365568K, used 327067K [0x0000000081c00000, 0x0000000098100000, 0x00000000d5f00000)
  object space 365568K, 89% used [0x0000000081c00000,0x0000000095b66f20,0x0000000098100000)
 Metaspace       used 79031K, capacity 87588K, committed 87808K, reserved 1122304K
  class space    used 12664K, capacity 15285K, committed 15360K, reserved 1048576K
Event: 109.501 GC heap after
Heap after GC invocations=151 (full 5):
 PSYoungGen      total 654848K, used 6336K [0x00000000d5f00000, 0x0000000100000000, 0x0000000100000000)
  eden space 620032K, 0% used [0x00000000d5f00000,0x00000000d5f00000,0x00000000fbc80000)
  from space 34816K, 18% used [0x00000000fde00000,0x00000000fe430080,0x0000000100000000)
  to   space 34304K, 0% used [0x00000000fbc80000,0x00000000fbc80000,0x00000000fde00000)
 ParOldGen       total 365568K, used 327387K [0x0000000081c00000, 0x0000000098100000, 0x00000000d5f00000)
  object space 365568K, 89% used [0x0000000081c00000,0x0000000095bb6f20,0x0000000098100000)
 Metaspace       used 79031K, capacity 87588K, committed 87808K, reserved 1122304K
  class space    used 12664K, capacity 15285K, committed 15360K, reserved 1048576K
}

Deoptimization events (10 events):
Event: 109.668 Thread 0x00000000243fa800 Uncommon trap: reason=unstable_if action=reinterpret pc=0x0000000003c8c6f0 method=net.minecraft.client.renderer.texture.MipmapGenerator.alphaBlend(IIIIZ)I @ 2
Event: 109.693 Thread 0x00000000243fa800 Uncommon trap: reason=intrinsic action=make_not_entrant pc=0x00000000048cfb44 method=net.minecraft.client.renderer.texture.MipmapGenerator.alphaBlend(IIIIZ)I @ 267
Event: 109.702 Thread 0x00000000243fa800 Uncommon trap: reason=intrinsic action=make_not_entrant pc=0x0000000004acb21c method=net.minecraft.client.renderer.texture.MipmapGenerator.alphaBlend(IIIIZ)I @ 283
Event: 109.721 Thread 0x00000000243fa800 Uncommon trap: reason=intrinsic action=make_not_entrant pc=0x0000000004bda6dc method=net.minecraft.client.renderer.texture.MipmapGenerator.alphaBlend(IIIIZ)I @ 299
Event: 109.729 Thread 0x00000000243fa800 Uncommon trap: reason=intrinsic action=make_not_entrant pc=0x0000000003d2eeb8 method=net.minecraft.client.renderer.texture.MipmapGenerator.alphaBlend(IIIIZ)I @ 315
Event: 109.739 Thread 0x00000000243f3000 Uncommon trap: reason=unstable_if action=reinterpret pc=0x0000000003eb6f7c method=net.minecraft.client.renderer.texture.NativeImage.checkImage()V @ 6
Event: 109.742 Thread 0x00000000243f3000 Uncommon trap: reason=class_check action=maybe_recompile pc=0x0000000004aa34ac method=org.apache.logging.log4j.message.ReusableParameterizedMessage.initThrowable([Ljava/lang/Object;II)V @ 10
Event: 109.743 Thread 0x00000000243f3000 Uncommon trap: reason=unstable_if action=reinterpret pc=0x00000000040a44f4 method=java.lang.AbstractStringBuilder.setLength(I)V @ 23
Event: 109.794 Thread 0x00000000243f3000 Uncommon trap: reason=class_check action=maybe_recompile pc=0x0000000004aa34ac method=org.apache.logging.log4j.message.ReusableParameterizedMessage.initThrowable([Ljava/lang/Object;II)V @ 10
Event: 109.798 Thread 0x00000000243f3000 Uncommon trap: reason=class_check action=maybe_recompile pc=0x0000000004ab4eb8 method=org.apache.logging.log4j.message.ReusableParameterizedMessage.initThrowable([Ljava/lang/Object;II)V @ 10

Internal exceptions (10 events):
Event: 110.581 Thread 0x00000000243f5000 Exception <a 'sun/nio/fs/WindowsException'> (0x00000000ec088370) thrown at [C:\re\workspace\8-2-build-windows-amd64-cygwin\jdk8u51\3951\hotspot\src\share\vm\prims\jni.cpp, line 709]
Event: 110.581 Thread 0x00000000243f5000 Exception <a 'sun/nio/fs/WindowsException'> (0x00000000ec0887f0) thrown at [C:\re\workspace\8-2-build-windows-amd64-cygwin\jdk8u51\3951\hotspot\src\share\vm\prims\jni.cpp, line 709]
Event: 110.582 Thread 0x00000000243f5000 Exception <a 'sun/nio/fs/WindowsException'> (0x00000000ec093bd8) thrown at [C:\re\workspace\8-2-build-windows-amd64-cygwin\jdk8u51\3951\hotspot\src\share\vm\prims\jni.cpp, line 709]
Event: 110.582 Thread 0x00000000243f5000 Exception <a 'sun/nio/fs/WindowsException'> (0x00000000ec094158) thrown at [C:\re\workspace\8-2-build-windows-amd64-cygwin\jdk8u51\3951\hotspot\src\share\vm\prims\jni.cpp, line 709]
Event: 110.583 Thread 0x00000000243f5000 Exception <a 'sun/nio/fs/WindowsException'> (0x00000000ec094eb0) thrown at [C:\re\workspace\8-2-build-windows-amd64-cygwin\jdk8u51\3951\hotspot\src\share\vm\prims\jni.cpp, line 709]
Event: 110.583 Thread 0x00000000243f5000 Exception <a 'sun/nio/fs/WindowsException'> (0x00000000ec095440) thrown at [C:\re\workspace\8-2-build-windows-amd64-cygwin\jdk8u51\3951\hotspot\src\share\vm\prims\jni.cpp, line 709]
Event: 110.583 Thread 0x00000000243f5000 Exception <a 'sun/nio/fs/WindowsException'> (0x00000000ec096108) thrown at [C:\re\workspace\8-2-build-windows-amd64-cygwin\jdk8u51\3951\hotspot\src\share\vm\prims\jni.cpp, line 709]
Event: 110.583 Thread 0x00000000243f3000 Exception <a 'sun/nio/fs/WindowsException'> (0x00000000ec0b3538) thrown at [C:\re\workspace\8-2-build-windows-amd64-cygwin\jdk8u51\3951\hotspot\src\share\vm\prims\jni.cpp, line 709]
Event: 110.583 Thread 0x00000000243f5000 Exception <a 'sun/nio/fs/WindowsException'> (0x00000000ec096758) thrown at [C:\re\workspace\8-2-build-windows-amd64-cygwin\jdk8u51\3951\hotspot\src\share\vm\prims\jni.cpp, line 709]
Event: 110.583 Thread 0x00000000243f3000 Exception <a 'sun/nio/fs/WindowsException'> (0x00000000ec0b3938) thrown at [C:\re\workspace\8-2-build-windows-amd64-cygwin\jdk8u51\3951\hotspot\src\share\vm\prims\jni.cpp, line 709]

Events (10 events):
Event: 109.783 Thread 0x00000000243f3000 DEOPT PACKING pc=0x00000000044a6c43 sp=0x000000002be6eaa0
Event: 109.783 Thread 0x00000000243f3000 DEOPT UNPACKING pc=0x00000000033f787f sp=0x000000002be6e848 mode 0
Event: 109.788 Thread 0x00000000243f3000 DEOPT PACKING pc=0x00000000044a6c43 sp=0x000000002be6eaa0
Event: 109.788 Thread 0x00000000243f3000 DEOPT UNPACKING pc=0x00000000033f787f sp=0x000000002be6e848 mode 0
Event: 109.794 Thread 0x00000000243f3000 Uncommon trap: trap_request=0xffffffde fr.pc=0x0000000004aa34ac
Event: 109.794 Thread 0x00000000243f3000 DEOPT PACKING pc=0x0000000004aa34ac sp=0x000000002be6eb20
Event: 109.794 Thread 0x00000000243f3000 DEOPT UNPACKING pc=0x00000000033f582a sp=0x000000002be6e910 mode 2
Event: 109.798 Thread 0x00000000243f3000 Uncommon trap: trap_request=0xffffffde fr.pc=0x0000000004ab4eb8
Event: 109.798 Thread 0x00000000243f3000 DEOPT PACKING pc=0x0000000004ab4eb8 sp=0x000000002be6e9b0
Event: 109.798 Thread 0x00000000243f3000 DEOPT UNPACKING pc=0x00000000033f582a sp=0x000000002be6e830 mode 2


Dynamic libraries:
0x00007ff6316b0000 - 0x00007ff6316e7000 	C:\Program Files (x86)\Minecraft\runtime\jre-x64\bin\java.exe
0x00007ffd16150000 - 0x00007ffd16345000 	C:\WINDOWS\SYSTEM32\ntdll.dll
0x00007ffd15480000 - 0x00007ffd1553d000 	C:\WINDOWS\System32\KERNEL32.DLL
0x00007ffd13b40000 - 0x00007ffd13e09000 	C:\WINDOWS\System32\KERNELBASE.dll
0x00007ffd14a70000 - 0x00007ffd14b1c000 	C:\WINDOWS\System32\ADVAPI32.dll
0x00007ffd14490000 - 0x00007ffd1452e000 	C:\WINDOWS\System32\msvcrt.dll
0x00007ffd14dc0000 - 0x00007ffd14e5c000 	C:\WINDOWS\System32\sechost.dll
0x00007ffd14ec0000 - 0x00007ffd14feb000 	C:\WINDOWS\System32\RPCRT4.dll
0x00007ffd146e0000 - 0x00007ffd14880000 	C:\WINDOWS\System32\USER32.dll
0x00007ffd13b10000 - 0x00007ffd13b32000 	C:\WINDOWS\System32\win32u.dll
0x00007ffd14ff0000 - 0x00007ffd1501a000 	C:\WINDOWS\System32\GDI32.dll
0x00007ffd13ff0000 - 0x00007ffd140fb000 	C:\WINDOWS\System32\gdi32full.dll
0x00007ffd13990000 - 0x00007ffd13a2d000 	C:\WINDOWS\System32\msvcp_win.dll
0x00007ffd13890000 - 0x00007ffd13990000 	C:\WINDOWS\System32\ucrtbase.dll
0x00007ffcfa5e0000 - 0x00007ffcfa87a000 	C:\WINDOWS\WinSxS\amd64_microsoft.windows.common-controls_6595b64144ccf1df_6.0.19041.844_none_ca00b6081b84eb1d\COMCTL32.dll
0x00007ffd14a40000 - 0x00007ffd14a70000 	C:\WINDOWS\System32\IMM32.DLL
0x0000000053640000 - 0x0000000053712000 	C:\Program Files (x86)\Minecraft\runtime\jre-x64\bin\msvcr100.dll
0x0000000052db0000 - 0x0000000053633000 	C:\Program Files (x86)\Minecraft\runtime\jre-x64\bin\server\jvm.dll
0x00007ffd15470000 - 0x00007ffd15478000 	C:\WINDOWS\System32\PSAPI.DLL
0x00007ffcef230000 - 0x00007ffcef239000 	C:\WINDOWS\SYSTEM32\WSOCK32.dll
0x00007ffd14610000 - 0x00007ffd1467b000 	C:\WINDOWS\System32\WS2_32.dll
0x00007ffd0c510000 - 0x00007ffd0c537000 	C:\WINDOWS\SYSTEM32\WINMM.dll
0x00007ffd0c070000 - 0x00007ffd0c07a000 	C:\WINDOWS\SYSTEM32\VERSION.dll
0x0000000052da0000 - 0x0000000052daf000 	C:\Program Files (x86)\Minecraft\runtime\jre-x64\bin\verify.dll
0x0000000052d70000 - 0x0000000052d99000 	C:\Program Files (x86)\Minecraft\runtime\jre-x64\bin\java.dll
0x0000000052d40000 - 0x0000000052d63000 	C:\Program Files (x86)\Minecraft\runtime\jre-x64\bin\instrument.dll
0x0000000052d20000 - 0x0000000052d36000 	C:\Program Files (x86)\Minecraft\runtime\jre-x64\bin\zip.dll
0x00007ffd159c0000 - 0x00007ffd16102000 	C:\WINDOWS\System32\SHELL32.dll
0x00007ffd117b0000 - 0x00007ffd11f40000 	C:\WINDOWS\SYSTEM32\windows.storage.dll
0x00007ffd15020000 - 0x00007ffd15375000 	C:\WINDOWS\System32\combase.dll
0x00007ffd13230000 - 0x00007ffd1325c000 	C:\WINDOWS\SYSTEM32\Wldp.dll
0x00007ffd14990000 - 0x00007ffd14a3e000 	C:\WINDOWS\System32\SHCORE.dll
0x00007ffd14e60000 - 0x00007ffd14eb5000 	C:\WINDOWS\System32\shlwapi.dll
0x00007ffd137d0000 - 0x00007ffd137ef000 	C:\WINDOWS\SYSTEM32\profapi.dll
0x00007ffcfc680000 - 0x00007ffcfc69a000 	C:\Users\ervin_1nmnhvl\AppData\Local\JetBrains\Toolbox\apps\IDEA-U\ch-0\203.7148.57\bin\breakgen64.dll
0x0000000052d00000 - 0x0000000052d1a000 	C:\Program Files (x86)\Minecraft\runtime\jre-x64\bin\net.dll
0x00007ffd13020000 - 0x00007ffd1308a000 	C:\WINDOWS\system32\mswsock.dll
0x0000000052cf0000 - 0x0000000052cfd000 	C:\Program Files (x86)\Minecraft\runtime\jre-x64\bin\management.dll
0x00007ffce4a00000 - 0x00007ffce4a17000 	C:\WINDOWS\system32\napinsp.dll
0x00007ffce4a40000 - 0x00007ffce4a5b000 	C:\WINDOWS\system32\pnrpnsp.dll
0x00007ffd0e7b0000 - 0x00007ffd0e7c5000 	C:\WINDOWS\system32\wshbth.dll
0x00007ffd0f250000 - 0x00007ffd0f26d000 	C:\WINDOWS\system32\NLAapi.dll
0x00007ffd12ce0000 - 0x00007ffd12d1b000 	C:\WINDOWS\SYSTEM32\IPHLPAPI.DLL
0x00007ffd12d20000 - 0x00007ffd12deb000 	C:\WINDOWS\SYSTEM32\DNSAPI.dll
0x00007ffd14480000 - 0x00007ffd14488000 	C:\WINDOWS\System32\NSI.dll
0x00007ffce8000000 - 0x00007ffce8012000 	C:\WINDOWS\System32\winrnr.dll
0x00007ffd03d30000 - 0x00007ffd03d3a000 	C:\Windows\System32\rasadhlp.dll
0x00007ffd08cd0000 - 0x00007ffd08d4f000 	C:\WINDOWS\System32\fwpuclnt.dll
0x00007ffd13e10000 - 0x00007ffd13e37000 	C:\WINDOWS\System32\bcrypt.dll
0x0000000052cd0000 - 0x0000000052ce1000 	C:\Program Files (x86)\Minecraft\runtime\jre-x64\bin\nio.dll
0x0000000052ca0000 - 0x0000000052cc4000 	C:\Program Files (x86)\Minecraft\runtime\jre-x64\bin\sunec.dll
0x00007ffd13560000 - 0x00007ffd13578000 	C:\WINDOWS\SYSTEM32\CRYPTSP.dll
0x00007ffd12860000 - 0x00007ffd12894000 	C:\WINDOWS\system32\rsaenh.dll
0x00007ffd13750000 - 0x00007ffd1377e000 	C:\WINDOWS\SYSTEM32\USERENV.dll
0x00007ffd13a90000 - 0x00007ffd13b10000 	C:\WINDOWS\System32\bcryptprimitives.dll
0x00007ffd131a0000 - 0x00007ffd131ac000 	C:\WINDOWS\SYSTEM32\CRYPTBASE.dll
0x00007ffd0a8a0000 - 0x00007ffd0a8b7000 	C:\WINDOWS\SYSTEM32\dhcpcsvc6.DLL
0x00007ffd0a880000 - 0x00007ffd0a89d000 	C:\WINDOWS\SYSTEM32\dhcpcsvc.DLL
0x00007ffcfc350000 - 0x00007ffcfc3c2000 	C:\Users\ervin_1nmnhvl\AppData\Local\Temp\lwjglervin_1nmnhvl\3.2.2-build-10\lwjgl.dll
0x00007ffcda9d0000 - 0x00007ffcdac21000 	C:\Users\ERVIN_~1\AppData\Local\Temp\lwjglervin_1nmnhvl\3.2.2-build-10\jemalloc.dll
0x00007ffcfc620000 - 0x00007ffcfc67e000 	C:\Users\ERVIN_~1\AppData\Local\Temp\lwjglervin_1nmnhvl\3.2.2-build-10\glfw.dll
0x00007ffd11070000 - 0x00007ffd1110e000 	C:\WINDOWS\system32\uxtheme.dll
0x00007ffcfc520000 - 0x00007ffcfc565000 	C:\WINDOWS\SYSTEM32\dinput8.dll
0x00007ffcfbee0000 - 0x00007ffcfbef1000 	C:\WINDOWS\SYSTEM32\xinput1_4.dll
0x00007ffd13e40000 - 0x00007ffd13e8e000 	C:\WINDOWS\System32\cfgmgr32.dll
0x00007ffd13660000 - 0x00007ffd1368c000 	C:\WINDOWS\SYSTEM32\DEVOBJ.dll
0x00007ffd112e0000 - 0x00007ffd1130f000 	C:\WINDOWS\SYSTEM32\dwmapi.dll
0x00007ffd00060000 - 0x00007ffd001b2000 	C:\WINDOWS\SYSTEM32\inputhost.dll
0x00007ffd14cf0000 - 0x00007ffd14dbd000 	C:\WINDOWS\System32\OLEAUT32.dll
0x00007ffd10d10000 - 0x00007ffd10e02000 	C:\WINDOWS\SYSTEM32\CoreMessaging.dll
0x00007ffd0eeb0000 - 0x00007ffd0efa7000 	C:\WINDOWS\SYSTEM32\PROPSYS.dll
0x00007ffd109b0000 - 0x00007ffd10d0e000 	C:\WINDOWS\SYSTEM32\CoreUIComponents.dll
0x00007ffd102e0000 - 0x00007ffd10434000 	C:\WINDOWS\SYSTEM32\wintypes.dll
0x00007ffd12490000 - 0x00007ffd124c3000 	C:\WINDOWS\SYSTEM32\ntmarta.dll
0x00007ffd12020000 - 0x00007ffd12032000 	C:\WINDOWS\SYSTEM32\kernel.appcore.dll
0x00007ffd14360000 - 0x00007ffd14475000 	C:\WINDOWS\System32\MSCTF.dll
0x00007ffd11f40000 - 0x00007ffd11f4d000 	C:\WINDOWS\SYSTEM32\HID.DLL
0x00007ffd15550000 - 0x00007ffd159b9000 	C:\WINDOWS\System32\SETUPAPI.DLL
0x00007ffd13a30000 - 0x00007ffd13a90000 	C:\WINDOWS\System32\WINTRUST.dll
0x00007ffd13e90000 - 0x00007ffd13fef000 	C:\WINDOWS\System32\CRYPT32.dll
0x00007ffd13600000 - 0x00007ffd13612000 	C:\WINDOWS\SYSTEM32\MSASN1.dll
0x00007ffce0c40000 - 0x00007ffce0d66000 	C:\WINDOWS\SYSTEM32\opengl32.dll
0x00007ffcfae60000 - 0x00007ffcfae8c000 	C:\WINDOWS\SYSTEM32\GLU32.dll
0x00007ffd14880000 - 0x00007ffd14929000 	C:\WINDOWS\System32\clbcatq.dll
0x00007ffcd5640000 - 0x00007ffcd62c4000 	C:\WINDOWS\SYSTEM32\ig4icd64.dll
0x00007ffd12090000 - 0x00007ffd12183000 	C:\WINDOWS\SYSTEM32\dxgi.dll
0x00007ffd0f650000 - 0x00007ffd0f8b4000 	C:\WINDOWS\SYSTEM32\d3d11.dll
0x00007ffce3310000 - 0x00007ffce3f60000 	C:\WINDOWS\SYSTEM32\igd10umd64.dll
0x00007ffd08150000 - 0x00007ffd0818b000 	C:\WINDOWS\SYSTEM32\dxcore.dll
0x00007ffce9c80000 - 0x00007ffce9cff000 	C:\Users\ervin_1nmnhvl\AppData\Local\Temp\lwjglervin_1nmnhvl\3.2.2-build-10\lwjgl_stb.dll
0x00007ffd0de10000 - 0x00007ffd0debe000 	C:\WINDOWS\SYSTEM32\mscms.dll
0x00007ffd0d910000 - 0x00007ffd0d921000 	C:\WINDOWS\SYSTEM32\ColorAdapterClient.dll
0x00007ffce9c30000 - 0x00007ffce9c73000 	C:\WINDOWS\SYSTEM32\icm32.dll
0x00007ffd001c0000 - 0x00007ffd002bb000 	C:\WINDOWS\SYSTEM32\textinputframework.dll
0x00007ffce7980000 - 0x00007ffce79d8000 	C:\Users\ervin_1nmnhvl\AppData\Local\Temp\lwjglervin_1nmnhvl\3.2.2-build-10\lwjgl_opengl.dll
0x00007ffce5c80000 - 0x00007ffce5cc2000 	C:\Users\ervin_1nmnhvl\AppData\Local\Temp\jna-2118671535\jna1501254946747428424.dll
0x00007ffcfb230000 - 0x00007ffcfb24a000 	C:\save\modding\ervin_mod_1\build\natives\SAPIWrapper_x64.dll
0x00007ffd14230000 - 0x00007ffd1435a000 	C:\WINDOWS\System32\ole32.dll
0x00007ffcde8c0000 - 0x00007ffcdea46000 	C:\WINDOWS\System32\Speech\Common\sapi.dll
0x00007ffce7d50000 - 0x00007ffce7d6e000 	C:\WINDOWS\SYSTEM32\MSACM32.dll
0x00007ffce61e0000 - 0x00007ffce6206000 	C:\WINDOWS\SYSTEM32\winmmbase.dll
0x00007ffd0f630000 - 0x00007ffd0f63b000 	C:\WINDOWS\SYSTEM32\msdmo.dll
0x00007ffd04c90000 - 0x00007ffd04d15000 	C:\WINDOWS\System32\MMDevApi.dll
0x00007ffd0b030000 - 0x00007ffd0b214000 	C:\WINDOWS\SYSTEM32\dbghelp.dll

VM Arguments:
jvm_args: -Dforge.logging.console.level=debug -Dforge.logging.markers=SCAN,REGISTRIES,REGISTRYDUMP -XX:HeapDumpPath=MojangTricksIntelDriversForPerformance_javaw.exe_minecraft.exe.heapdump -Dos.name=Windows 10 -Dos.version=10.0 -javaagent:C:\Users\ervin_1nmnhvl\AppData\Local\JetBrains\Toolbox\apps\IDEA-U\ch-0\203.7148.57\lib\idea_rt.jar=52856:C:\Users\ervin_1nmnhvl\AppData\Local\JetBrains\Toolbox\apps\IDEA-U\ch-0\203.7148.57\bin -Dfile.encoding=windows-1250 
java_command: net.minecraftforge.userdev.LaunchTesting
java_class_path (initial): C:\Program Files (x86)\Minecraft\runtime\jre-x64\lib\charsets.jar;C:\Program Files (x86)\Minecraft\runtime\jre-x64\lib\deploy.jar;C:\Program Files (x86)\Minecraft\runtime\jre-x64\lib\ext\access-bridge-64.jar;C:\Program Files (x86)\Minecraft\runtime\jre-x64\lib\ext\cldrdata.jar;C:\Program Files (x86)\Minecraft\runtime\jre-x64\lib\ext\dnsns.jar;C:\Program Files (x86)\Minecraft\runtime\jre-x64\lib\ext\jaccess.jar;C:\Program Files (x86)\Minecraft\runtime\jre-x64\lib\ext\jfxrt.jar;C:\Program Files (x86)\Minecraft\runtime\jre-x64\lib\ext\localedata.jar;C:\Program Files (x86)\Minecraft\runtime\jre-x64\lib\ext\nashorn.jar;C:\Program Files (x86)\Minecraft\runtime\jre-x64\lib\ext\sunec.jar;C:\Program Files (x86)\Minecraft\runtime\jre-x64\lib\ext\sunjce_provider.jar;C:\Program Files (x86)\Minecraft\runtime\jre-x64\lib\ext\sunmscapi.jar;C:\Program Files (x86)\Minecraft\runtime\jre-x64\lib\ext\sunpkcs11.jar;C:\Program Files (x86)\Minecraft\runtime\jre-x64\lib\ext\zipfs.jar;C:\Program Files (x86)\Minecraft\runtime\jre-x64\lib\javaws.jar;C:\Program Files (x86)\Minecraft\runtime\jre-x64\lib\jce.jar;C:\Program Files (x86)\Minecraft\runtime\jre-x64\lib\jfr.jar;C:\Program Files (x86)\Minecraft\runtime\jre-x64\lib\jfxswt.jar;C:\Program Files (x86)\Minecraft\runtime\jre-x64\lib\jsse.jar;C:\Program Files (x86)\Minecraft\runtime\jre-x64\lib\management-agent.jar;C:\Program Files (x86)\Minecraft\runtime\jre-x64\lib\plugin.jar;C:\Program Files (x86)\Minecraft\runtime\jre-x64\lib\resources.jar;C:\Program Files (x86)\Minecraft\runtime\jre-x64\lib\rt.jar;C:\save\modding\ervin_mod_1\build\classes\java\main;C:\save\modding\ervin_mod_1\build\resources\main;C:\Users\ervin_1nmnhvl\.gradle\caches\forge_gradle\minecraft_user_repo\net\minecraftforge\forge\1.16.1-32.0.75_mapped_snapshot_20200723-1.16.1\forge-1.16.1-32.0.75_mapped_snapshot_20200723-1.16.1-recomp.jar;C:\Users\ervin_1nmnhvl\.gradle\caches\forge_gradle\minecraft_user_repo\net\minecraftforge\forge\1.16.1-32.0.75_
Launcher Type: SUN_STANDARD

Environment Variables:
JAVA_HOME=C:\Program Files\Java\jdk-11.0.4
PATH=C:\Program Files\Docker\Docker\Resources\bin;C:\ProgramData\Oracle\Java\javapath;C:\WINDOWS\system32;C:\WINDOWS;C:\WINDOWS\System32\Wbem;C:\WINDOWS\System32\WindowsPowerShell\v1.0\;C:\Program Files (x86)\cloudControl;C:\Program Files\Git\cmd;C:\bin;C:\Program Files (x86)\Windows Kits\8.1\Windows Performance Toolkit\;C:\Program Files (x86)\PuTTY\;C:\Program Files (x86)\Nodist\bin;G:\save\sdk\android\tools;G:\save\sdk\android\platform-tools;C:\boxfuse;C:\Program Files (x86)\Skype\Phone\;C:\Program Files (x86)\GtkSharp\2.12\bin;C:\Program Files (x86)\IVI Foundation\VISA\WinNT\Bin;C:\WINDOWS\system32;C:\WINDOWS;C:\WINDOWS\System32\Wbem;C:\WINDOWS\System32\WindowsPowerShell\v1.0\;;C:\WINDOWS\System32\OpenSSH\;C:\Users\ervin_1nmnhvl\AppData\Local\Microsoft\WindowsApps;
USERNAME=ervin_1nmnhvl
OS=Windows_NT
PROCESSOR_IDENTIFIER=Intel64 Family 6 Model 42 Stepping 7, GenuineIntel



---------------  S Y S T E M  ---------------

OS: Windows 10.0 , 64 bit Build 19041 (10.0.19041.804)

CPU:total 4 (2 cores per cpu, 2 threads per core) family 6 model 42 stepping 7, cmov, cx8, fxsr, mmx, sse, sse2, sse3, ssse3, sse4.1, sse4.2, popcnt, avx, aes, clmul, ht, tsc, tscinvbit

Memory: 4k page, physical 8266764k(362040k free), swap 10363916k(1036k free)

vm_info: Java HotSpot(TM) 64-Bit Server VM (25.51-b03) for windows-amd64 JRE (1.8.0_51-b16), built on Jun  8 2015 18:03:07 by "java_re" with MS VC++ 10.0 (VS2010)

time: Tue Mar 16 16:20:45 2021
elapsed time: 110 seconds (0d 0h 1m 50s)

