#
# There is insufficient memory for the Java Runtime Environment to continue.
# Native memory allocation (malloc) failed to allocate 1107536 bytes for Chunk::new
# Possible reasons:
#   The system is out of physical RAM or swap space
#   In 32 bit mode, the process size limit was hit
# Possible solutions:
#   Reduce memory load on the system
#   Increase physical memory or swap space
#   Check if swap backing store is full
#   Use 64 bit Java on a 64 bit OS
#   Decrease Java heap size (-Xmx/-Xms)
#   Decrease number of Java threads
#   Decrease Java thread stack sizes (-Xss)
#   Set larger code cache with -XX:ReservedCodeCacheSize=
# This output file may be truncated or incomplete.
#
#  Out of Memory Error (allocation.cpp:390), pid=19744, tid=15500
#
# JRE version: Java(TM) SE Runtime Environment (8.0_51-b16) (build 1.8.0_51-b16)
# Java VM: Java HotSpot(TM) 64-Bit Server VM (25.51-b03 mixed mode windows-amd64 compressed oops)
# Failed to write core dump. Minidumps are not enabled by default on client versions of Windows
#

---------------  T H R E A D  ---------------

Current thread (0x0000000018fe1000):  JavaThread "C2 CompilerThread1" daemon [_thread_in_native, id=15500, stack(0x0000000019220000,0x0000000019320000)]

Stack: [0x0000000019220000,0x0000000019320000]
Native frames: (J=compiled Java code, j=interpreted, Vv=VM code, C=native code)
V  [jvm.dll+0x32b4ca]
V  [jvm.dll+0x2797e3]
V  [jvm.dll+0x27a479]
V  [jvm.dll+0x271765]
V  [jvm.dll+0xcba02]
V  [jvm.dll+0xcbecc]
V  [jvm.dll+0x492a7c]
V  [jvm.dll+0x45f7bf]
V  [jvm.dll+0x46a7cb]
V  [jvm.dll+0x46cde2]
V  [jvm.dll+0x4501a2]
V  [jvm.dll+0xa43a2]
V  [jvm.dll+0xa4cdf]
V  [jvm.dll+0x2418a4]
V  [jvm.dll+0x29846a]
C  [msvcr100.dll+0x21d9f]
C  [msvcr100.dll+0x21e3b]
C  [KERNEL32.DLL+0x16fd4]
C  [ntdll.dll+0x4cec1]


Current CompileTask:
C2: 156251 14140       4       java.net.URLClassLoader$1::run (5 bytes)


---------------  P R O C E S S  ---------------

Java Threads: ( => current thread )
  0x0000000021072000 JavaThread "Server-Worker-9" daemon [_thread_blocked, id=9580, stack(0x0000000041c20000,0x0000000041d20000)]
  0x0000000021072800 JavaThread "poi IO worker" [_thread_blocked, id=3992, stack(0x0000000041b20000,0x0000000041c20000)]
  0x0000000021071000 JavaThread "chunk IO worker" [_thread_blocked, id=17468, stack(0x0000000041a20000,0x0000000041b20000)]
  0x000000002106f000 JavaThread "poi IO worker" [_thread_blocked, id=14260, stack(0x0000000040c00000,0x0000000040d00000)]
  0x0000000021067800 JavaThread "chunk IO worker" [_thread_blocked, id=19736, stack(0x0000000040b00000,0x0000000040c00000)]
  0x000000002106c800 JavaThread "poi IO worker" [_thread_blocked, id=18604, stack(0x0000000040a00000,0x0000000040b00000)]
  0x0000000021069000 JavaThread "chunk IO worker" [_thread_blocked, id=10424, stack(0x0000000040900000,0x0000000040a00000)]
  0x000000002106e000 JavaThread "poi IO worker" [_thread_blocked, id=14396, stack(0x0000000040800000,0x0000000040900000)]
  0x000000002106d800 JavaThread "chunk IO worker" [_thread_blocked, id=19016, stack(0x0000000020af0000,0x0000000020bf0000)]
  0x0000000021065000 JavaThread "Server-Worker-8" daemon [_thread_blocked, id=19380, stack(0x000000003fbf0000,0x000000003fcf0000)]
  0x0000000021066800 JavaThread "Server-Worker-7" daemon [_thread_blocked, id=12444, stack(0x0000000034310000,0x0000000034410000)]
  0x000000002106c000 JavaThread "Thread-11" daemon [_thread_in_native, id=21340, stack(0x000000002d660000,0x000000002d760000)]
  0x0000000021064800 JavaThread "Server thread" [_thread_blocked, id=17900, stack(0x000000002d560000,0x000000002d660000)]
  0x0000000021069800 JavaThread "Snooper Timer" daemon [_thread_blocked, id=11800, stack(0x0000000027650000,0x0000000027750000)]
  0x0000000021066000 JavaThread "Sound engine" daemon [_thread_blocked, id=15772, stack(0x000000002d460000,0x000000002d560000)]
  0x0000000021068000 JavaThread "Narrator" [_thread_blocked, id=5236, stack(0x0000000027940000,0x0000000027a40000)]
  0x0000000019b05800 JavaThread "Timer hack thread" daemon [_thread_blocked, id=5496, stack(0x00000000270e0000,0x00000000271e0000)]
  0x0000000019b03000 JavaThread "Snooper Timer" daemon [_thread_blocked, id=18164, stack(0x0000000021dc0000,0x0000000021ec0000)]
  0x00000000197e5800 JavaThread "pool-2-thread-1" daemon [_thread_blocked, id=19248, stack(0x00000000206e0000,0x00000000207e0000)]
  0x000000001a3be800 JavaThread "Thread-2" daemon [_thread_in_native, id=5556, stack(0x000000001cb00000,0x000000001cc00000)]
  0x0000000019f2f000 JavaThread "Thread-1" daemon [_thread_blocked, id=17880, stack(0x000000001ca00000,0x000000001cb00000)]
  0x0000000019480000 JavaThread "Service Thread" daemon [_thread_blocked, id=7628, stack(0x0000000019c20000,0x0000000019d20000)]
  0x0000000018fe4000 JavaThread "C1 CompilerThread2" daemon [_thread_blocked, id=12056, stack(0x0000000019320000,0x0000000019420000)]
=>0x0000000018fe1000 JavaThread "C2 CompilerThread1" daemon [_thread_in_native, id=15500, stack(0x0000000019220000,0x0000000019320000)]
  0x0000000018fe0000 JavaThread "C2 CompilerThread0" daemon [_thread_in_native, id=15108, stack(0x0000000019120000,0x0000000019220000)]
  0x0000000018fcf800 JavaThread "Monitor Ctrl-Break" daemon [_thread_in_native, id=18632, stack(0x0000000019020000,0x0000000019120000)]
  0x00000000176d7000 JavaThread "Attach Listener" daemon [_thread_blocked, id=13892, stack(0x0000000018b20000,0x0000000018c20000)]
  0x00000000176d6000 JavaThread "Signal Dispatcher" daemon [_thread_blocked, id=2116, stack(0x0000000018a20000,0x0000000018b20000)]
  0x00000000029f9800 JavaThread "Finalizer" daemon [_thread_blocked, id=12248, stack(0x0000000018920000,0x0000000018a20000)]
  0x00000000029f6000 JavaThread "Reference Handler" daemon [_thread_blocked, id=9780, stack(0x0000000018820000,0x0000000018920000)]
  0x0000000002902800 JavaThread "Render thread" [_thread_in_native, id=8016, stack(0x0000000002800000,0x0000000002900000)]

Other Threads:
  0x0000000017699000 VMThread [stack: 0x0000000018720000,0x0000000018820000] [id=15284]
  0x000000001948d000 WatcherThread [stack: 0x0000000019d20000,0x0000000019e20000] [id=10120]

VM state:not at safepoint (normal execution)

VM Mutex/Monitor currently owned by a thread: None

Heap:
 PSYoungGen      total 490496K, used 382312K [0x00000000d5f00000, 0x0000000100000000, 0x0000000100000000)
  eden space 291840K, 99% used [0x00000000d5f00000,0x00000000e7a2acf0,0x00000000e7c00000)
  from space 198656K, 46% used [0x00000000e7c00000,0x00000000ed62f5d8,0x00000000f3e00000)
  to   space 193536K, 0% used [0x00000000f4300000,0x00000000f4300000,0x0000000100000000)
 ParOldGen       total 503296K, used 294696K [0x0000000081c00000, 0x00000000a0780000, 0x00000000d5f00000)
  object space 503296K, 58% used [0x0000000081c00000,0x0000000093bca350,0x00000000a0780000)
 Metaspace       used 81028K, capacity 90092K, committed 90112K, reserved 1124352K
  class space    used 12365K, capacity 14838K, committed 14848K, reserved 1048576K

Card table byte_map: [0x0000000011f60000,0x0000000012360000] byte_map_base: 0x0000000011b52000

Marking Bits: (ParMarkBitMap*) 0x000000006b604040
 Begin Bits: [0x0000000012a10000, 0x00000000149a0000)
 End Bits:   [0x00000000149a0000, 0x0000000016930000)

Polling page: 0x0000000000d30000

CodeCache: size=245760Kb used=32058Kb max_used=32071Kb free=213701Kb
 bounds [0x0000000002ba0000, 0x0000000004b30000, 0x0000000011ba0000]
 total_blobs=11802 nmethods=10260 adapters=1453
 compilation: enabled

Compilation events (10 events):
Event: 156.148 Thread 0x0000000018fe4000 nmethod 14234 0x0000000004b10290 code [0x0000000004b10420, 0x0000000004b107b8]
Event: 156.149 Thread 0x0000000018fe4000 14235       2       java.util.concurrent.CompletableFuture$BiRelay::tryFire (55 bytes)
Event: 156.149 Thread 0x0000000018fe4000 nmethod 14235 0x0000000004b0fdd0 code [0x0000000004b0ff40, 0x0000000004b10198]
Event: 156.157 Thread 0x0000000018fe0000 nmethod 14228 0x0000000004b16e90 code [0x0000000004b17080, 0x0000000004b183b0]
Event: 156.157 Thread 0x0000000018fe0000 14230       4       net.minecraft.util.palette.PaletteArray::get (23 bytes)
Event: 156.159 Thread 0x0000000018fe0000 nmethod 14230 0x0000000004b0fa90 code [0x0000000004b0fbe0, 0x0000000004b0fcb8]
Event: 156.159 Thread 0x0000000018fe0000 14200       4       net.minecraft.fluid.IFluidState::isEmpty (10 bytes)
Event: 156.160 Thread 0x0000000018fe0000 nmethod 14200 0x0000000004b0f750 code [0x0000000004b0f8a0, 0x0000000004b0f978]
Event: 156.160 Thread 0x0000000018fe0000 14214   !   4       net.minecraft.nbt.CompoundNBT::getString (36 bytes)
Event: 156.191 Thread 0x0000000018fe0000 nmethod 14214 0x0000000004b1a010 code [0x0000000004b1a1c0, 0x0000000004b1acf8]

GC Heap History (10 events):
Event: 137.732 GC heap before
{Heap before GC invocations=90 (full 7):
 PSYoungGen      total 564736K, used 124412K [0x00000000d5f00000, 0x0000000100000000, 0x0000000100000000)
  eden space 440320K, 0% used [0x00000000d5f00000,0x00000000d5f00000,0x00000000f0d00000)
  from space 124416K, 99% used [0x00000000f0d00000,0x00000000f867f318,0x00000000f8680000)
  to   space 124416K, 0% used [0x00000000f8680000,0x00000000f8680000,0x0000000100000000)
 ParOldGen       total 419840K, used 381634K [0x0000000081c00000, 0x000000009b600000, 0x00000000d5f00000)
  object space 419840K, 90% used [0x0000000081c00000,0x00000000990b0870,0x000000009b600000)
 Metaspace       used 74811K, capacity 82364K, committed 82688K, reserved 1118208K
  class space    used 11370K, capacity 13461K, committed 13568K, reserved 1048576K
Event: 138.852 GC heap after
Heap after GC invocations=90 (full 7):
 PSYoungGen      total 564736K, used 0K [0x00000000d5f00000, 0x0000000100000000, 0x0000000100000000)
  eden space 440320K, 0% used [0x00000000d5f00000,0x00000000d5f00000,0x00000000f0d00000)
  from space 124416K, 0% used [0x00000000f0d00000,0x00000000f0d00000,0x00000000f8680000)
  to   space 124416K, 0% used [0x00000000f8680000,0x00000000f8680000,0x0000000100000000)
 ParOldGen       total 419840K, used 380087K [0x0000000081c00000, 0x000000009b600000, 0x00000000d5f00000)
  object space 419840K, 90% used [0x0000000081c00000,0x0000000098f2dd70,0x000000009b600000)
 Metaspace       used 74804K, capacity 82352K, committed 82688K, reserved 1118208K
  class space    used 11367K, capacity 13457K, committed 13568K, reserved 1048576K
}
Event: 141.453 GC heap before
{Heap before GC invocations=91 (full 8):
 PSYoungGen      total 564736K, used 440320K [0x00000000d5f00000, 0x0000000100000000, 0x0000000100000000)
  eden space 440320K, 100% used [0x00000000d5f00000,0x00000000f0d00000,0x00000000f0d00000)
  from space 124416K, 0% used [0x00000000f0d00000,0x00000000f0d00000,0x00000000f8680000)
  to   space 124416K, 0% used [0x00000000f8680000,0x00000000f8680000,0x0000000100000000)
 ParOldGen       total 419840K, used 380087K [0x0000000081c00000, 0x000000009b600000, 0x00000000d5f00000)
  object space 419840K, 90% used [0x0000000081c00000,0x0000000098f2dd70,0x000000009b600000)
 Metaspace       used 76953K, capacity 85378K, committed 85632K, reserved 1120256K
  class space    used 11797K, capacity 14172K, committed 14208K, reserved 1048576K
Event: 142.602 GC heap after
Heap after GC invocations=91 (full 8):
 PSYoungGen      total 564736K, used 0K [0x00000000d5f00000, 0x0000000100000000, 0x0000000100000000)
  eden space 440320K, 0% used [0x00000000d5f00000,0x00000000d5f00000,0x00000000f0d00000)
  from space 124416K, 0% used [0x00000000f0d00000,0x00000000f0d00000,0x00000000f8680000)
  to   space 124416K, 0% used [0x00000000f8680000,0x00000000f8680000,0x0000000100000000)
 ParOldGen       total 419840K, used 397881K [0x0000000081c00000, 0x000000009b600000, 0x00000000d5f00000)
  object space 419840K, 94% used [0x0000000081c00000,0x000000009a08e4c0,0x000000009b600000)
 Metaspace       used 76953K, capacity 85378K, committed 85632K, reserved 1120256K
  class space    used 11797K, capacity 14172K, committed 14208K, reserved 1048576K
}
Event: 146.555 GC heap before
{Heap before GC invocations=92 (full 9):
 PSYoungGen      total 564736K, used 440320K [0x00000000d5f00000, 0x0000000100000000, 0x0000000100000000)
  eden space 440320K, 100% used [0x00000000d5f00000,0x00000000f0d00000,0x00000000f0d00000)
  from space 124416K, 0% used [0x00000000f0d00000,0x00000000f0d00000,0x00000000f8680000)
  to   space 124416K, 0% used [0x00000000f8680000,0x00000000f8680000,0x0000000100000000)
 ParOldGen       total 419840K, used 397881K [0x0000000081c00000, 0x000000009b600000, 0x00000000d5f00000)
  object space 419840K, 94% used [0x0000000081c00000,0x000000009a08e4c0,0x000000009b600000)
 Metaspace       used 76980K, capacity 85382K, committed 85632K, reserved 1120256K
  class space    used 11798K, capacity 14172K, committed 14208K, reserved 1048576K
Event: 147.182 GC heap after
Heap after GC invocations=92 (full 9):
 PSYoungGen      total 564736K, used 0K [0x00000000d5f00000, 0x0000000100000000, 0x0000000100000000)
  eden space 440320K, 0% used [0x00000000d5f00000,0x00000000d5f00000,0x00000000f0d00000)
  from space 124416K, 0% used [0x00000000f0d00000,0x00000000f0d00000,0x00000000f8680000)
  to   space 124416K, 0% used [0x00000000f8680000,0x00000000f8680000,0x0000000100000000)
 ParOldGen       total 503296K, used 257012K [0x0000000081c00000, 0x00000000a0780000, 0x00000000d5f00000)
  object space 503296K, 51% used [0x0000000081c00000,0x00000000916fd068,0x00000000a0780000)
 Metaspace       used 76980K, capacity 85382K, committed 85632K, reserved 1120256K
  class space    used 11798K, capacity 14172K, committed 14208K, reserved 1048576K
}
Event: 151.027 GC heap before
{Heap before GC invocations=93 (full 9):
 PSYoungGen      total 564736K, used 440320K [0x00000000d5f00000, 0x0000000100000000, 0x0000000100000000)
  eden space 440320K, 100% used [0x00000000d5f00000,0x00000000f0d00000,0x00000000f0d00000)
  from space 124416K, 0% used [0x00000000f0d00000,0x00000000f0d00000,0x00000000f8680000)
  to   space 124416K, 0% used [0x00000000f8680000,0x00000000f8680000,0x0000000100000000)
 ParOldGen       total 503296K, used 257012K [0x0000000081c00000, 0x00000000a0780000, 0x00000000d5f00000)
  object space 503296K, 51% used [0x0000000081c00000,0x00000000916fd068,0x00000000a0780000)
 Metaspace       used 78162K, capacity 86760K, committed 86912K, reserved 1122304K
  class space    used 11970K, capacity 14369K, committed 14464K, reserved 1048576K
Event: 151.287 GC heap after
Heap after GC invocations=93 (full 9):
 PSYoungGen      total 416256K, used 124401K [0x00000000d5f00000, 0x0000000100000000, 0x0000000100000000)
  eden space 291840K, 0% used [0x00000000d5f00000,0x00000000d5f00000,0x00000000e7c00000)
  from space 124416K, 99% used [0x00000000f8680000,0x00000000ffffc640,0x0000000100000000)
  to   space 198656K, 0% used [0x00000000e7c00000,0x00000000e7c00000,0x00000000f3e00000)
 ParOldGen       total 503296K, used 289469K [0x0000000081c00000, 0x00000000a0780000, 0x00000000d5f00000)
  object space 503296K, 57% used [0x0000000081c00000,0x00000000936af7c0,0x00000000a0780000)
 Metaspace       used 78162K, capacity 86760K, committed 86912K, reserved 1122304K
  class space    used 11970K, capacity 14369K, committed 14464K, reserved 1048576K
}
Event: 153.775 GC heap before
{Heap before GC invocations=94 (full 9):
 PSYoungGen      total 416256K, used 416241K [0x00000000d5f00000, 0x0000000100000000, 0x0000000100000000)
  eden space 291840K, 100% used [0x00000000d5f00000,0x00000000e7c00000,0x00000000e7c00000)
  from space 124416K, 99% used [0x00000000f8680000,0x00000000ffffc640,0x0000000100000000)
  to   space 198656K, 0% used [0x00000000e7c00000,0x00000000e7c00000,0x00000000f3e00000)
 ParOldGen       total 503296K, used 289469K [0x0000000081c00000, 0x00000000a0780000, 0x00000000d5f00000)
  object space 503296K, 57% used [0x0000000081c00000,0x00000000936af7c0,0x00000000a0780000)
 Metaspace       used 78765K, capacity 87414K, committed 87680K, reserved 1122304K
  class space    used 12050K, capacity 14436K, committed 14464K, reserved 1048576K
Event: 153.933 GC heap after
Heap after GC invocations=94 (full 9):
 PSYoungGen      total 490496K, used 92349K [0x00000000d5f00000, 0x0000000100000000, 0x0000000100000000)
  eden space 291840K, 0% used [0x00000000d5f00000,0x00000000d5f00000,0x00000000e7c00000)
  from space 198656K, 46% used [0x00000000e7c00000,0x00000000ed62f5d8,0x00000000f3e00000)
  to   space 193536K, 0% used [0x00000000f4300000,0x00000000f4300000,0x0000000100000000)
 ParOldGen       total 503296K, used 294696K [0x0000000081c00000, 0x00000000a0780000, 0x00000000d5f00000)
  object space 503296K, 58% used [0x0000000081c00000,0x0000000093bca350,0x00000000a0780000)
 Metaspace       used 78765K, capacity 87414K, committed 87680K, reserved 1122304K
  class space    used 12050K, capacity 14436K, committed 14464K, reserved 1048576K
}

Deoptimization events (10 events):
Event: 155.956 Thread 0x0000000021064800 Uncommon trap: reason=class_check action=maybe_recompile pc=0x0000000003678de8 method=net.minecraft.util.concurrent.ThreadTaskExecutor.driveOne()Z @ 28
Event: 155.974 Thread 0x0000000021065000 Uncommon trap: reason=class_check action=maybe_recompile pc=0x0000000003aa6abc method=java.util.concurrent.CompletableFuture.biRelay(Ljava/util/concurrent/CompletableFuture;Ljava/util/concurrent/CompletableFuture;)Z @ 37
Event: 155.985 Thread 0x0000000021064800 Uncommon trap: reason=unstable_if action=reinterpret pc=0x000000000454f7ac method=java.util.concurrent.CompletableFuture.biApply(Ljava/util/concurrent/CompletableFuture;Ljava/util/concurrent/CompletableFuture;Ljava/util/function/BiFunction;Ljava/util/concuW˜‘ƒc@
Event: 155.985 Thread 0x0000000021064800 Uncommon trap: reason=class_check action=maybe_recompile pc=0x0000000003678de8 method=net.minecraft.util.concurrent.ThreadTaskExecutor.driveOne()Z @ 28
Event: 156.025 Thread 0x0000000021064800 Uncommon trap: reason=class_check action=maybe_recompile pc=0x0000000003678de8 method=net.minecraft.util.concurrent.ThreadTaskExecutor.driveOne()Z @ 28
Event: 156.087 Thread 0x0000000021064800 Uncommon trap: reason=unstable_if action=reinterpret pc=0x0000000004aeba30 method=it.unimi.dsi.fastutil.ints.Int2IntOpenHashMap.get(I)I @ 96
Event: 156.087 Thread 0x0000000021064800 Uncommon trap: reason=unstable_if action=reinterpret pc=0x0000000004aecc64 method=it.unimi.dsi.fastutil.ints.Int2IntOpenHashMap.find(I)I @ 91
Event: 156.087 Thread 0x0000000021064800 Uncommon trap: reason=unstable_if action=reinterpret pc=0x0000000004aec3fc method=it.unimi.dsi.fastutil.ints.Int2IntOpenHashMap.get(I)I @ 96
Event: 156.087 Thread 0x0000000021064800 Uncommon trap: reason=unstable_if action=reinterpret pc=0x0000000004aec89c method=it.unimi.dsi.fastutil.ints.Int2IntOpenHashMap.find(I)I @ 91
Event: 156.104 Thread 0x0000000021064800 Uncommon trap: reason=unstable_if action=reinterpret pc=0x0000000004b04860 method=it.unimi.dsi.fastutil.ints.Int2IntOpenHashMap.get(I)I @ 96

Internal exceptions (10 events):
Event: 155.971 Thread 0x0000000021065000 Exception <a 'sun/nio/fs/WindowsException'> (0x00000000e7371358) thrown at [C:\re\workspace\8-2-build-windows-amd64-cygwin\jdk8u51\3951\hotspot\src\share\vm\prims\jni.cpp, line 709]
Event: 155.971 Thread 0x0000000021065000 Exception <a 'sun/nio/fs/WindowsException'> (0x00000000e73718e8) thrown at [C:\re\workspace\8-2-build-windows-amd64-cygwin\jdk8u51\3951\hotspot\src\share\vm\prims\jni.cpp, line 709]
Event: 155.971 Thread 0x0000000021065000 Exception <a 'sun/nio/fs/WindowsException'> (0x00000000e73725d0) thrown at [C:\re\workspace\8-2-build-windows-amd64-cygwin\jdk8u51\3951\hotspot\src\share\vm\prims\jni.cpp, line 709]
Event: 155.972 Thread 0x0000000021065000 Exception <a 'sun/nio/fs/WindowsException'> (0x00000000e7372aa0) thrown at [C:\re\workspace\8-2-build-windows-amd64-cygwin\jdk8u51\3951\hotspot\src\share\vm\prims\jni.cpp, line 709]
Event: 155.972 Thread 0x0000000021065000 Exception <a 'sun/nio/fs/WindowsException'> (0x00000000e7375228) thrown at [C:\re\workspace\8-2-build-windows-amd64-cygwin\jdk8u51\3951\hotspot\src\share\vm\prims\jni.cpp, line 709]
Event: 155.972 Thread 0x0000000021065000 Exception <a 'sun/nio/fs/WindowsException'> (0x00000000e73757a8) thrown at [C:\re\workspace\8-2-build-windows-amd64-cygwin\jdk8u51\3951\hotspot\src\share\vm\prims\jni.cpp, line 709]
Event: 155.973 Thread 0x0000000021065000 Exception <a 'sun/nio/fs/WindowsException'> (0x00000000e7376500) thrown at [C:\re\workspace\8-2-build-windows-amd64-cygwin\jdk8u51\3951\hotspot\src\share\vm\prims\jni.cpp, line 709]
Event: 155.973 Thread 0x0000000021065000 Exception <a 'sun/nio/fs/WindowsException'> (0x00000000e7376a80) thrown at [C:\re\workspace\8-2-build-windows-amd64-cygwin\jdk8u51\3951\hotspot\src\share\vm\prims\jni.cpp, line 709]
Event: 155.973 Thread 0x0000000021065000 Exception <a 'sun/nio/fs/WindowsException'> (0x00000000e7377748) thrown at [C:\re\workspace\8-2-build-windows-amd64-cygwin\jdk8u51\3951\hotspot\src\share\vm\prims\jni.cpp, line 709]
Event: 155.973 Thread 0x0000000021065000 Exception <a 'sun/nio/fs/WindowsException'> (0x00000000e7377bf8) thrown at [C:\re\workspace\8-2-build-windows-amd64-cygwin\jdk8u51\3951\hotspot\src\share\vm\prims\jni.cpp, line 709]

Events (10 events):
Event: 156.120 Thread 0x0000000021064800 DEOPT PACKING pc=0x0000000004b035a4 sp=0x000000002d65eb10
Event: 156.120 Thread 0x0000000021064800 DEOPT UNPACKING pc=0x0000000002be787f sp=0x000000002d65e830 mode 0
Event: 156.122 Thread 0x0000000021064800 DEOPT PACKING pc=0x0000000004b035a4 sp=0x000000002d65eb10
Event: 156.122 Thread 0x0000000021064800 DEOPT UNPACKING pc=0x0000000002be787f sp=0x000000002d65e830 mode 0
Event: 156.135 Thread 0x0000000021064800 DEOPT PACKING pc=0x0000000004b035a4 sp=0x000000002d65eb10
Event: 156.135 Thread 0x0000000021064800 DEOPT UNPACKING pc=0x0000000002be787f sp=0x000000002d65e830 mode 0
Event: 156.137 Thread 0x0000000021064800 DEOPT PACKING pc=0x0000000004b035a4 sp=0x000000002d65eb10
Event: 156.137 Thread 0x0000000021064800 DEOPT UNPACKING pc=0x0000000002be787f sp=0x000000002d65e830 mode 0
Event: 156.145 Thread 0x0000000021064800 DEOPT PACKING pc=0x0000000004b035a4 sp=0x000000002d65eb10
Event: 156.145 Thread 0x0000000021064800 DEOPT UNPACKING pc=0x0000000002be787f sp=0x000000002d65e830 mode 0


Dynamic libraries:
0x00007ff6f1270000 - 0x00007ff6f12a7000 	C:\Program Files (x86)\Minecraft\runtime\jre-x64\bin\java.exe
0x00007ff8dfd70000 - 0x00007ff8dff65000 	C:\WINDOWS\SYSTEM32\ntdll.dll
0x00007ff8de750000 - 0x00007ff8de80d000 	C:\WINDOWS\System32\KERNEL32.DLL
0x00007ff8ddb10000 - 0x00007ff8dddd7000 	C:\WINDOWS\System32\KERNELBASE.dll
0x00007ff8decf0000 - 0x00007ff8ded9a000 	C:\WINDOWS\System32\ADVAPI32.dll
0x00007ff8de0b0000 - 0x00007ff8de14e000 	C:\WINDOWS\System32\msvcrt.dll
0x00007ff8df520000 - 0x00007ff8df5bb000 	C:\WINDOWS\System32\sechost.dll
0x00007ff8dfa50000 - 0x00007ff8dfb73000 	C:\WINDOWS\System32\RPCRT4.dll
0x00007ff8ddde0000 - 0x00007ff8ddf80000 	C:\WINDOWS\System32\USER32.dll
0x00007ff8dd510000 - 0x00007ff8dd532000 	C:\WINDOWS\System32\win32u.dll
0x00007ff8de600000 - 0x00007ff8de62a000 	C:\WINDOWS\System32\GDI32.dll
0x00007ff8dd6a0000 - 0x00007ff8dd7aa000 	C:\WINDOWS\System32\gdi32full.dll
0x00007ff8dd7e0000 - 0x00007ff8dd87d000 	C:\WINDOWS\System32\msvcp_win.dll
0x00007ff8dd8e0000 - 0x00007ff8dd9e0000 	C:\WINDOWS\System32\ucrtbase.dll
0x00007ff8c0380000 - 0x00007ff8c061a000 	C:\WINDOWS\WinSxS\amd64_microsoft.windows.common-controls_6595b64144ccf1df_6.0.19041.1_none_b555e41d4684ddec\COMCTL32.dll
0x00007ff8deda0000 - 0x00007ff8dedd0000 	C:\WINDOWS\System32\IMM32.DLL
0x000000006b690000 - 0x000000006b762000 	C:\Program Files (x86)\Minecraft\runtime\jre-x64\bin\msvcr100.dll
0x000000006ae00000 - 0x000000006b683000 	C:\Program Files (x86)\Minecraft\runtime\jre-x64\bin\server\jvm.dll
0x00007ff8de1d0000 - 0x00007ff8de1d8000 	C:\WINDOWS\System32\PSAPI.DLL
0x00007ff8b8050000 - 0x00007ff8b8059000 	C:\WINDOWS\SYSTEM32\WSOCK32.dll
0x00007ff8de810000 - 0x00007ff8de87b000 	C:\WINDOWS\System32\WS2_32.dll
0x00007ff8d64a0000 - 0x00007ff8d64c7000 	C:\WINDOWS\SYSTEM32\WINMM.dll
0x00007ff8d6230000 - 0x00007ff8d623a000 	C:\WINDOWS\SYSTEM32\VERSION.dll
0x000000006adf0000 - 0x000000006adff000 	C:\Program Files (x86)\Minecraft\runtime\jre-x64\bin\verify.dll
0x000000006adc0000 - 0x000000006ade9000 	C:\Program Files (x86)\Minecraft\runtime\jre-x64\bin\java.dll
0x000000006ad90000 - 0x000000006adb3000 	C:\Program Files (x86)\Minecraft\runtime\jre-x64\bin\instrument.dll
0x000000006ad70000 - 0x000000006ad86000 	C:\Program Files (x86)\Minecraft\runtime\jre-x64\bin\zip.dll
0x00007ff8dedd0000 - 0x00007ff8df510000 	C:\WINDOWS\System32\SHELL32.dll
0x00007ff8db500000 - 0x00007ff8dbc91000 	C:\WINDOWS\SYSTEM32\windows.storage.dll
0x00007ff8de2a0000 - 0x00007ff8de5f3000 	C:\WINDOWS\System32\combase.dll
0x00007ff8dce70000 - 0x00007ff8dce9c000 	C:\WINDOWS\SYSTEM32\Wldp.dll
0x00007ff8ddfa0000 - 0x00007ff8de04e000 	C:\WINDOWS\System32\SHCORE.dll
0x00007ff8de050000 - 0x00007ff8de0a5000 	C:\WINDOWS\System32\shlwapi.dll
0x00007ff8dd400000 - 0x00007ff8dd41f000 	C:\WINDOWS\SYSTEM32\profapi.dll
0x00007ff8d5750000 - 0x00007ff8d576a000 	C:\Users\ervin_1nmnhvl\AppData\Local\JetBrains\Toolbox\apps\IDEA-U\ch-0\202.6397.94\bin\breakgen64.dll
0x000000006ad50000 - 0x000000006ad6a000 	C:\Program Files (x86)\Minecraft\runtime\jre-x64\bin\net.dll
0x00007ff8dcc60000 - 0x00007ff8dccca000 	C:\WINDOWS\system32\mswsock.dll
0x000000006ad40000 - 0x000000006ad4d000 	C:\Program Files (x86)\Minecraft\runtime\jre-x64\bin\management.dll
0x00007ff8aa430000 - 0x00007ff8aa447000 	C:\WINDOWS\system32\napinsp.dll
0x00007ff8aa260000 - 0x00007ff8aa27b000 	C:\WINDOWS\system32\pnrpnsp.dll
0x00007ff8d8210000 - 0x00007ff8d8225000 	C:\WINDOWS\system32\wshbth.dll
0x00007ff8d8e80000 - 0x00007ff8d8e9d000 	C:\WINDOWS\system32\NLAapi.dll
0x00007ff8dc920000 - 0x00007ff8dc95b000 	C:\WINDOWS\SYSTEM32\IPHLPAPI.DLL
0x00007ff8dc970000 - 0x00007ff8dca3a000 	C:\WINDOWS\SYSTEM32\DNSAPI.dll
0x00007ff8df910000 - 0x00007ff8df919000 	C:\WINDOWS\System32\NSI.dll
0x00007ff8b4ae0000 - 0x00007ff8b4af2000 	C:\WINDOWS\System32\winrnr.dll
0x00007ff8cdbd0000 - 0x00007ff8cdbda000 	C:\Windows\System32\rasadhlp.dll
0x00007ff8d1e90000 - 0x00007ff8d1f0f000 	C:\WINDOWS\System32\fwpuclnt.dll
0x00007ff8dd7b0000 - 0x00007ff8dd7d7000 	C:\WINDOWS\System32\bcrypt.dll
0x00007ff8d4530000 - 0x00007ff8d4547000 	C:\WINDOWS\SYSTEM32\dhcpcsvc6.DLL
0x00007ff8d3d70000 - 0x00007ff8d3d8d000 	C:\WINDOWS\SYSTEM32\dhcpcsvc.DLL
0x00007ff8dd1c0000 - 0x00007ff8dd1d8000 	C:\WINDOWS\SYSTEM32\CRYPTSP.dll
0x00007ff8dc4a0000 - 0x00007ff8dc4d4000 	C:\WINDOWS\system32\rsaenh.dll
0x00007ff8dd3c0000 - 0x00007ff8dd3ee000 	C:\WINDOWS\SYSTEM32\USERENV.dll
0x00007ff8dda90000 - 0x00007ff8ddb0f000 	C:\WINDOWS\System32\bcryptprimitives.dll
0x00007ff8dcde0000 - 0x00007ff8dcdec000 	C:\WINDOWS\SYSTEM32\CRYPTBASE.dll
0x000000006ad20000 - 0x000000006ad31000 	C:\Program Files (x86)\Minecraft\runtime\jre-x64\bin\nio.dll
0x000000006acf0000 - 0x000000006ad14000 	C:\Program Files (x86)\Minecraft\runtime\jre-x64\bin\sunec.dll
0x00007ff8a4470000 - 0x00007ff8a44e2000 	C:\Users\ervin_1nmnhvl\AppData\Local\Temp\lwjglervin_1nmnhvl\3.2.2-build-10\lwjgl.dll
0x00007ff8a2500000 - 0x00007ff8a2751000 	C:\Users\ERVIN_~1\AppData\Local\Temp\lwjglervin_1nmnhvl\3.2.2-build-10\jemalloc.dll
0x00007ff8b5190000 - 0x00007ff8b51ee000 	C:\Users\ERVIN_~1\AppData\Local\Temp\lwjglervin_1nmnhvl\3.2.2-build-10\glfw.dll
0x00007ff8dacb0000 - 0x00007ff8dad4f000 	C:\WINDOWS\system32\uxtheme.dll
0x00007ff8b5d00000 - 0x00007ff8b5d45000 	C:\WINDOWS\SYSTEM32\dinput8.dll
0x00007ff8cdb60000 - 0x00007ff8cdb71000 	C:\WINDOWS\SYSTEM32\xinput1_4.dll
0x00007ff8dd4c0000 - 0x00007ff8dd50d000 	C:\WINDOWS\System32\cfgmgr32.dll
0x00007ff8dd280000 - 0x00007ff8dd2ac000 	C:\WINDOWS\SYSTEM32\DEVOBJ.dll
0x00007ff8db030000 - 0x00007ff8db05f000 	C:\WINDOWS\SYSTEM32\dwmapi.dll
0x00007ff8cce20000 - 0x00007ff8ccf72000 	C:\WINDOWS\SYSTEM32\inputhost.dll
0x00007ff8df840000 - 0x00007ff8df90d000 	C:\WINDOWS\System32\OLEAUT32.dll
0x00007ff8da5f0000 - 0x00007ff8da6e2000 	C:\WINDOWS\SYSTEM32\CoreMessaging.dll
0x00007ff8d8b80000 - 0x00007ff8d8c75000 	C:\WINDOWS\SYSTEM32\PROPSYS.dll
0x00007ff8da110000 - 0x00007ff8da266000 	C:\WINDOWS\SYSTEM32\wintypes.dll
0x00007ff8da6f0000 - 0x00007ff8daa4a000 	C:\WINDOWS\SYSTEM32\CoreUIComponents.dll
0x00007ff8dc0f0000 - 0x00007ff8dc123000 	C:\WINDOWS\SYSTEM32\ntmarta.dll
0x00007ff8db4e0000 - 0x00007ff8db4f3000 	C:\WINDOWS\SYSTEM32\kernel.appcore.dll
0x00007ff8de630000 - 0x00007ff8de745000 	C:\WINDOWS\System32\MSCTF.dll
0x00007ff8dbca0000 - 0x00007ff8dbcad000 	C:\WINDOWS\SYSTEM32\HID.DLL
0x00007ff8de880000 - 0x00007ff8dece7000 	C:\WINDOWS\System32\SETUPAPI.DLL
0x00007ff8dd880000 - 0x00007ff8dd8e0000 	C:\WINDOWS\System32\WINTRUST.dll
0x00007ff8dd540000 - 0x00007ff8dd69d000 	C:\WINDOWS\System32\CRYPT32.dll
0x00007ff8dd1f0000 - 0x00007ff8dd202000 	C:\WINDOWS\SYSTEM32\MSASN1.dll
0x00007ff89c4f0000 - 0x00007ff89c64c000 	C:\WINDOWS\SYSTEM32\opengl32.dll
0x00007ff89e7b0000 - 0x00007ff89e7dc000 	C:\WINDOWS\SYSTEM32\GLU32.dll
0x00007ff897ed0000 - 0x00007ff898b54000 	C:\WINDOWS\SYSTEM32\ig4icd64.dll
0x00007ff8dbd00000 - 0x00007ff8dbdf3000 	C:\WINDOWS\SYSTEM32\dxgi.dll
0x00007ff8d9cb0000 - 0x00007ff8d9f13000 	C:\WINDOWS\SYSTEM32\d3d11.dll
0x00007ff8d25f0000 - 0x00007ff8d262b000 	C:\WINDOWS\SYSTEM32\dxcore.dll
0x00007ff8ccf80000 - 0x00007ff8cd07c000 	C:\WINDOWS\SYSTEM32\textinputframework.dll
0x00007ff8af1b0000 - 0x00007ff8af208000 	C:\Users\ervin_1nmnhvl\AppData\Local\Temp\lwjglervin_1nmnhvl\3.2.2-build-10\lwjgl_opengl.dll
0x00007ff8a43f0000 - 0x00007ff8a446f000 	C:\Users\ervin_1nmnhvl\AppData\Local\Temp\lwjglervin_1nmnhvl\3.2.2-build-10\lwjgl_stb.dll
0x00007ff8df920000 - 0x00007ff8dfa49000 	C:\WINDOWS\System32\ole32.dll
0x00007ff8a8f40000 - 0x00007ff8a9b90000 	C:\WINDOWS\SYSTEM32\igd10umd64.dll
0x00007ff8d7e20000 - 0x00007ff8d7ece000 	C:\WINDOWS\SYSTEM32\mscms.dll
0x00007ff8d7b80000 - 0x00007ff8d7b91000 	C:\WINDOWS\SYSTEM32\ColorAdapterClient.dll
0x00007ff8abbb0000 - 0x00007ff8abbf3000 	C:\WINDOWS\SYSTEM32\icm32.dll
0x00007ff8ab4f0000 - 0x00007ff8ab532000 	C:\Users\ervin_1nmnhvl\AppData\Local\Temp\jna-2118671535\jna2913605641026517861.dll
0x00007ff8cd5b0000 - 0x00007ff8cd5ca000 	C:\save\modding\ervin_mod_1\build\natives\SAPIWrapper_x64.dll
0x00007ff8df6a0000 - 0x00007ff8df748000 	C:\WINDOWS\System32\clbcatq.dll
0x00007ff89c650000 - 0x00007ff89c7d4000 	C:\WINDOWS\System32\Speech\Common\sapi.dll
0x00007ff8b4690000 - 0x00007ff8b46ae000 	C:\WINDOWS\SYSTEM32\MSACM32.dll
0x00007ff8bcd60000 - 0x00007ff8bcd86000 	C:\WINDOWS\SYSTEM32\winmmbase.dll
0x00007ff8bbbf0000 - 0x00007ff8bbbfb000 	C:\WINDOWS\SYSTEM32\msdmo.dll
0x00007ff8ce7c0000 - 0x00007ff8ce845000 	C:\WINDOWS\System32\MMDevApi.dll
0x00007ff8a39c0000 - 0x00007ff8a3ad4000 	C:\Users\ERVIN_~1\AppData\Local\Temp\lwjglervin_1nmnhvl\3.2.2-build-10\OpenAL.dll
0x00007ff8c6810000 - 0x00007ff8c6990000 	C:\WINDOWS\SYSTEM32\AUDIOSES.DLL
0x00007ff8dca90000 - 0x00007ff8dcadb000 	C:\WINDOWS\SYSTEM32\powrprof.dll
0x00007ff8dc900000 - 0x00007ff8dc912000 	C:\WINDOWS\SYSTEM32\UMPDC.dll
0x00007ff8dae30000 - 0x00007ff8dae44000 	C:\WINDOWS\SYSTEM32\resourcepolicyclient.dll
0x00007ff8d4670000 - 0x00007ff8d4854000 	C:\WINDOWS\SYSTEM32\dbghelp.dll

VM Arguments:
jvm_args: -Dforge.logging.console.level=debug -Dforge.logging.markers=SCAN,REGISTRIES,REGISTRYDUMP -XX:HeapDumpPath=MojangTricksIntelDriversForPerformance_javaw.exe_minecraft.exe.heapdump -Dos.name=Windows 10 -Dos.version=10.0 -javaagent:C:\Users\ervin_1nmnhvl\AppData\Local\JetBrains\Toolbox\apps\IDEA-U\ch-0\202.6397.94\lib\idea_rt.jar=50318:C:\Users\ervin_1nmnhvl\AppData\Local\JetBrains\Toolbox\apps\IDEA-U\ch-0\202.6397.94\bin -Dfile.encoding=UTF-8 
java_command: net.minecraftforge.userdev.LaunchTesting
java_class_path (initial): C:\Program Files (x86)\Minecraft\runtime\jre-x64\lib\charsets.jar;C:\Program Files (x86)\Minecraft\runtime\jre-x64\lib\deploy.jar;C:\Program Files (x86)\Minecraft\runtime\jre-x64\lib\ext\access-bridge-64.jar;C:\Program Files (x86)\Minecraft\runtime\jre-x64\lib\ext\cldrdata.jar;C:\Program Files (x86)\Minecraft\runtime\jre-x64\lib\ext\dnsns.jar;C:\Program Files (x86)\Minecraft\runtime\jre-x64\lib\ext\jaccess.jar;C:\Program Files (x86)\Minecraft\runtime\jre-x64\lib\ext\jfxrt.jar;C:\Program Files (x86)\Minecraft\runtime\jre-x64\lib\ext\localedata.jar;C:\Program Files (x86)\Minecraft\runtime\jre-x64\lib\ext\nashorn.jar;C:\Program Files (x86)\Minecraft\runtime\jre-x64\lib\ext\sunec.jar;C:\Program Files (x86)\Minecraft\runtime\jre-x64\lib\ext\sunjce_provider.jar;C:\Program Files (x86)\Minecraft\runtime\jre-x64\lib\ext\sunmscapi.jar;C:\Program Files (x86)\Minecraft\runtime\jre-x64\lib\ext\sunpkcs11.jar;C:\Program Files (x86)\Minecraft\runtime\jre-x64\lib\ext\zipfs.jar;C:\Program Files (x86)\Minecraft\runtime\jre-x64\lib\javaws.jar;C:\Program Files (x86)\Minecraft\runtime\jre-x64\lib\jce.jar;C:\Program Files (x86)\Minecraft\runtime\jre-x64\lib\jfr.jar;C:\Program Files (x86)\Minecraft\runtime\jre-x64\lib\jfxswt.jar;C:\Program Files (x86)\Minecraft\runtime\jre-x64\lib\jsse.jar;C:\Program Files (x86)\Minecraft\runtime\jre-x64\lib\management-agent.jar;C:\Program Files (x86)\Minecraft\runtime\jre-x64\lib\plugin.jar;C:\Program Files (x86)\Minecraft\runtime\jre-x64\lib\resources.jar;C:\Program Files (x86)\Minecraft\runtime\jre-x64\lib\rt.jar;C:\save\modding\ervin_mod_1\build\classes\java\main;C:\save\modding\ervin_mod_1\build\resources\main;C:\Users\ervin_1nmnhvl\.gradle\caches\forge_gradle\minecraft_user_repo\net\minecraftforge\forge\1.15.2-31.1.9_mapped_snapshot_20200427-1.15.1\forge-1.15.2-31.1.9_mapped_snapshot_20200427-1.15.1-recomp.jar;C:\Users\ervin_1nmnhvl\.gradle\caches\forge_gradle\minecraft_user_repo\net\minecraftforge\forge\1.15.2-31.1.9_map
Launcher Type: SUN_STANDARD

Environment Variables:
JAVA_HOME=C:\Program Files\Java\jdk-11.0.4
PATH=C:\Program Files\Docker\Docker\Resources\bin;C:\ProgramData\Oracle\Java\javapath;C:\WINDOWS\system32;C:\WINDOWS;C:\WINDOWS\System32\Wbem;C:\WINDOWS\System32\WindowsPowerShell\v1.0\;C:\Program Files (x86)\cloudControl;C:\Program Files\Git\cmd;C:\bin;C:\Program Files (x86)\Windows Kits\8.1\Windows Performance Toolkit\;C:\Program Files (x86)\PuTTY\;C:\Program Files (x86)\Nodist\bin;G:\save\sdk\android\tools;G:\save\sdk\android\platform-tools;C:\boxfuse;C:\Program Files (x86)\Skype\Phone\;C:\Program Files (x86)\GtkSharp\2.12\bin;C:\Program Files (x86)\IVI Foundation\VISA\WinNT\Bin;C:\WINDOWS\system32;C:\WINDOWS;C:\WINDOWS\System32\Wbem;C:\WINDOWS\System32\WindowsPowerShell\v1.0\;;C:\WINDOWS\System32\OpenSSH\;C:\Users\ervin_1nmnhvl\AppData\Local\Microsoft\WindowsApps;
USERNAME=ervin_1nmnhvl
OS=Windows_NT
PROCESSOR_IDENTIFIER=Intel64 Family 6 Model 42 Stepping 7, GenuineIntel



---------------  S Y S T E M  ---------------

OS: Windows 10.0 , 64 bit Build 19041 (10.0.19041.292)

CPU:total 4 (2 cores per cpu, 2 threads per core) family 6 model 42 stepping 7, cmov, cx8, fxsr, mmx, sse, sse2, sse3, ssse3, sse4.1, sse4.2, popcnt, avx, aes, clmul, ht, tsc, tscinvbit

Memory: 4k page, physical 8266764k(454148k free), swap 10363916k(4116k free)

vm_info: Java HotSpot(TM) 64-Bit Server VM (25.51-b03) for windows-amd64 JRE (1.8.0_51-b16), built on Jun  8 2015 18:03:07 by "java_re" with MS VC++ 10.0 (VS2010)

time: Wed Sep 02 11:45:15 2020
elapsed time: 156 seconds (0d 0h 2m 36s)

