#
# There is insufficient memory for the Java Runtime Environment to continue.
# Native memory allocation (malloc) failed to allocate 1724816 bytes for Chunk::new
# Possible reasons:
#   The system is out of physical RAM or swap space
#   In 32 bit mode, the process size limit was hit
# Possible solutions:
#   Reduce memory load on the system
#   Increase physical memory or swap space
#   Check if swap backing store is full
#   Use 64 bit Java on a 64 bit OS
#   Decrease Java heap size (-Xmx/-Xms)
#   Decrease number of Java threads
#   Decrease Java thread stack sizes (-Xss)
#   Set larger code cache with -XX:ReservedCodeCacheSize=
# This output file may be truncated or incomplete.
#
#  Out of Memory Error (allocation.cpp:390), pid=16472, tid=2924
#
# JRE version: Java(TM) SE Runtime Environment (8.0_51-b16) (build 1.8.0_51-b16)
# Java VM: Java HotSpot(TM) 64-Bit Server VM (25.51-b03 mixed mode windows-amd64 compressed oops)
# Failed to write core dump. Minidumps are not enabled by default on client versions of Windows
#

---------------  T H R E A D  ---------------

Current thread (0x0000000018d99000):  JavaThread "C2 CompilerThread0" daemon [_thread_in_native, id=2924, stack(0x0000000018eb0000,0x0000000018fb0000)]

Stack: [0x0000000018eb0000,0x0000000018fb0000]
Native frames: (J=compiled Java code, j=interpreted, Vv=VM code, C=native code)
V  [jvm.dll+0x32b4ca]
V  [jvm.dll+0x2797e3]
V  [jvm.dll+0x27a479]
V  [jvm.dll+0x271765]
V  [jvm.dll+0xcba02]
V  [jvm.dll+0xcbecc]
V  [jvm.dll+0x476f72]
V  [jvm.dll+0x4b95ff]
V  [jvm.dll+0x46b9bf]
V  [jvm.dll+0x46cd4e]
V  [jvm.dll+0x4501a2]
V  [jvm.dll+0xa43a2]
V  [jvm.dll+0xa4cdf]
V  [jvm.dll+0x2418a4]
V  [jvm.dll+0x29846a]
C  [msvcr100.dll+0x21d9f]
C  [msvcr100.dll+0x21e3b]
C  [KERNEL32.DLL+0x17034]
C  [ntdll.dll+0x4cec1]


Current CompileTask:
C2:  32312 6249       4       net.minecraft.util.math.shapes.VoxelShapePart::forEachBox (378 bytes)


---------------  P R O C E S S  ---------------

Java Threads: ( => current thread )
  0x000000001c253800 JavaThread "pool-3-thread-1" [_thread_blocked, id=17364, stack(0x000000001b6e0000,0x000000001b7e0000)]
  0x000000001a087800 JavaThread "pool-2-thread-1" daemon [_thread_in_native, id=16748, stack(0x0000000020660000,0x0000000020760000)]
  0x000000001a84f000 JavaThread "Thread-3" daemon [_thread_in_native, id=16440, stack(0x0000000020880000,0x0000000020980000)]
  0x000000001991b000 JavaThread "Thread-2" daemon [_thread_in_native, id=17136, stack(0x000000001b8e0000,0x000000001b9e0000)]
  0x000000001a139000 JavaThread "Thread-1" daemon [_thread_blocked, id=10208, stack(0x000000001b7e0000,0x000000001b8e0000)]
  0x000000001922a800 JavaThread "Service Thread" daemon [_thread_blocked, id=17260, stack(0x00000000199b0000,0x0000000019ab0000)]
  0x0000000018d9d000 JavaThread "C1 CompilerThread2" daemon [_thread_blocked, id=16496, stack(0x00000000190b0000,0x00000000191b0000)]
  0x0000000018d9b800 JavaThread "C2 CompilerThread1" daemon [_thread_in_native, id=4704, stack(0x0000000018fb0000,0x00000000190b0000)]
=>0x0000000018d99000 JavaThread "C2 CompilerThread0" daemon [_thread_in_native, id=2924, stack(0x0000000018eb0000,0x0000000018fb0000)]
  0x0000000018d97000 JavaThread "Monitor Ctrl-Break" daemon [_thread_in_native, id=9200, stack(0x0000000018db0000,0x0000000018eb0000)]
  0x0000000017465000 JavaThread "Attach Listener" daemon [_thread_blocked, id=4464, stack(0x00000000188b0000,0x00000000189b0000)]
  0x0000000017463800 JavaThread "Signal Dispatcher" daemon [_thread_blocked, id=10332, stack(0x00000000187b0000,0x00000000188b0000)]
  0x000000000277c800 JavaThread "Finalizer" daemon [_thread_blocked, id=15172, stack(0x00000000186b0000,0x00000000187b0000)]
  0x0000000002779800 JavaThread "Reference Handler" daemon [_thread_blocked, id=16984, stack(0x00000000185b0000,0x00000000186b0000)]
  0x0000000002682800 JavaThread "main" [_thread_in_native, id=12776, stack(0x0000000002580000,0x0000000002680000)]

Other Threads:
  0x0000000017419000 VMThread [stack: 0x00000000184b0000,0x00000000185b0000] [id=1388]
  0x000000001923f000 WatcherThread [stack: 0x0000000019ab0000,0x0000000019bb0000] [id=3668]

VM state:not at safepoint (normal execution)

VM Mutex/Monitor currently owned by a thread: None

Heap:
 PSYoungGen      total 442368K, used 58414K [0x00000000d5f00000, 0x00000000f9f00000, 0x0000000100000000)
  eden space 318976K, 7% used [0x00000000d5f00000,0x00000000d761d8e0,0x00000000e9680000)
  from space 123392K, 28% used [0x00000000e9680000,0x00000000eb86e1e8,0x00000000f0f00000)
  to   space 100352K, 0% used [0x00000000f0f00000,0x00000000f0f00000,0x00000000f7100000)
 ParOldGen       total 247296K, used 143337K [0x0000000081c00000, 0x0000000090d80000, 0x00000000d5f00000)
  object space 247296K, 57% used [0x0000000081c00000,0x000000008a7fa408,0x0000000090d80000)
 Metaspace       used 41194K, capacity 43611K, committed 43776K, reserved 1087488K
  class space    used 5403K, capacity 6144K, committed 6144K, reserved 1048576K

Card table byte_map: [0x0000000011ce0000,0x00000000120e0000] byte_map_base: 0x00000000118d2000

Marking Bits: (ParMarkBitMap*) 0x0000000075844040
 Begin Bits: [0x0000000012790000, 0x0000000014720000)
 End Bits:   [0x0000000014720000, 0x00000000166b0000)

Polling page: 0x0000000000710000

CodeCache: size=245760Kb used=17716Kb max_used=17728Kb free=228043Kb
 bounds [0x0000000002920000, 0x0000000003a90000, 0x0000000011920000]
 total_blobs=6564 nmethods=5436 adapters=1039
 compilation: enabled

Compilation events (10 events):
Event: 32.229 Thread 0x0000000018d9b800 5958       4       java.nio.charset.CharsetEncoder::flush (49 bytes)
Event: 32.230 Thread 0x0000000018d9b800 nmethod 5958 0x0000000003a698d0 code [0x0000000003a69a00, 0x0000000003a69ab8]
Event: 32.230 Thread 0x0000000018d9b800 6252       4       com.google.common.collect.ImmutableList::copyOf (44 bytes)
Event: 32.240 Thread 0x0000000018d9b800 nmethod 6252 0x0000000003a7a950 code [0x0000000003a7aac0, 0x0000000003a7ae48]
Event: 32.240 Thread 0x0000000018d9b800 6007       4       com.google.common.collect.ImmutableMapEntrySet$RegularEntrySet::iterator (8 bytes)
Event: 32.243 Thread 0x0000000018d9b800 nmethod 6007 0x0000000003a68890 code [0x0000000003a689e0, 0x0000000003a68af8]
Event: 32.244 Thread 0x0000000018d9b800 5962       4       com.google.common.base.Objects::hashCode (5 bytes)
Event: 32.246 Thread 0x0000000018d9b800 nmethod 5962 0x0000000003a68410 code [0x0000000003a68560, 0x0000000003a686b8]
Event: 32.247 Thread 0x0000000018d9d000 6277   !   3       java.lang.ClassLoader::definePackage (77 bytes)
Event: 32.247 Thread 0x0000000018d9d000 nmethod 6277 0x0000000003a6a550 code [0x0000000003a6a700, 0x0000000003a6ad98]

GC Heap History (10 events):
Event: 22.519 GC heap before
{Heap before GC invocations=16 (full 2):
 PSYoungGen      total 230912K, used 230907K [0x00000000d5f00000, 0x00000000eee80000, 0x0000000100000000)
  eden space 156672K, 100% used [0x00000000d5f00000,0x00000000df800000,0x00000000df800000)
  from space 74240K, 99% used [0x00000000df800000,0x00000000e407ecd8,0x00000000e4080000)
  to   space 88576K, 0% used [0x00000000e9800000,0x00000000e9800000,0x00000000eee80000)
 ParOldGen       total 143360K, used 90173K [0x0000000081c00000, 0x000000008a800000, 0x00000000d5f00000)
  object space 143360K, 62% used [0x0000000081c00000,0x000000008740f610,0x000000008a800000)
 Metaspace       used 37301K, capacity 39469K, committed 39680K, reserved 1083392K
  class space    used 4639K, capacity 5310K, committed 5376K, reserved 1048576K
Event: 22.690 GC heap after
Heap after GC invocations=16 (full 2):
 PSYoungGen      total 319488K, used 51451K [0x00000000d5f00000, 0x00000000ef180000, 0x0000000100000000)
  eden space 230912K, 0% used [0x00000000d5f00000,0x00000000d5f00000,0x00000000e4080000)
  from space 88576K, 58% used [0x00000000e9800000,0x00000000eca3ecd8,0x00000000eee80000)
  to   space 89600K, 0% used [0x00000000e4080000,0x00000000e4080000,0x00000000e9800000)
 ParOldGen       total 143360K, used 92257K [0x0000000081c00000, 0x000000008a800000, 0x00000000d5f00000)
  object space 143360K, 64% used [0x0000000081c00000,0x0000000087618680,0x000000008a800000)
 Metaspace       used 37301K, capacity 39469K, committed 39680K, reserved 1083392K
  class space    used 4639K, capacity 5310K, committed 5376K, reserved 1048576K
}
Event: 24.609 GC heap before
{Heap before GC invocations=17 (full 2):
 PSYoungGen      total 319488K, used 282363K [0x00000000d5f00000, 0x00000000ef180000, 0x0000000100000000)
  eden space 230912K, 100% used [0x00000000d5f00000,0x00000000e4080000,0x00000000e4080000)
  from space 88576K, 58% used [0x00000000e9800000,0x00000000eca3ecd8,0x00000000eee80000)
  to   space 89600K, 0% used [0x00000000e4080000,0x00000000e4080000,0x00000000e9800000)
 ParOldGen       total 143360K, used 92257K [0x0000000081c00000, 0x000000008a800000, 0x00000000d5f00000)
  object space 143360K, 64% used [0x0000000081c00000,0x0000000087618680,0x000000008a800000)
 Metaspace       used 37984K, capacity 40185K, committed 40320K, reserved 1083392K
  class space    used 4809K, capacity 5502K, committed 5504K, reserved 1048576K
Event: 24.807 GC heap after
Heap after GC invocations=17 (full 2):
 PSYoungGen      total 320512K, used 78184K [0x00000000d5f00000, 0x00000000f7100000, 0x0000000100000000)
  eden space 230912K, 0% used [0x00000000d5f00000,0x00000000d5f00000,0x00000000e4080000)
  from space 89600K, 87% used [0x00000000e4080000,0x00000000e8cda058,0x00000000e9800000)
  to   space 100352K, 0% used [0x00000000f0f00000,0x00000000f0f00000,0x00000000f7100000)
 ParOldGen       total 143360K, used 94975K [0x0000000081c00000, 0x000000008a800000, 0x00000000d5f00000)
  object space 143360K, 66% used [0x0000000081c00000,0x00000000878bfd08,0x000000008a800000)
 Metaspace       used 37984K, capacity 40185K, committed 40320K, reserved 1083392K
  class space    used 4809K, capacity 5502K, committed 5504K, reserved 1048576K
}
Event: 27.500 GC heap before
{Heap before GC invocations=18 (full 2):
 PSYoungGen      total 320512K, used 309096K [0x00000000d5f00000, 0x00000000f7100000, 0x0000000100000000)
  eden space 230912K, 100% used [0x00000000d5f00000,0x00000000e4080000,0x00000000e4080000)
  from space 89600K, 87% used [0x00000000e4080000,0x00000000e8cda058,0x00000000e9800000)
  to   space 100352K, 0% used [0x00000000f0f00000,0x00000000f0f00000,0x00000000f7100000)
 ParOldGen       total 143360K, used 94975K [0x0000000081c00000, 0x000000008a800000, 0x00000000d5f00000)
  object space 143360K, 66% used [0x0000000081c00000,0x00000000878bfd08,0x000000008a800000)
 Metaspace       used 39392K, capacity 41627K, committed 41728K, reserved 1085440K
  class space    used 5129K, capacity 5834K, committed 5888K, reserved 1048576K
Event: 27.856 GC heap after
Heap after GC invocations=18 (full 2):
 PSYoungGen      total 419328K, used 100328K [0x00000000d5f00000, 0x00000000f9f00000, 0x0000000100000000)
  eden space 318976K, 0% used [0x00000000d5f00000,0x00000000d5f00000,0x00000000e9680000)
  from space 100352K, 99% used [0x00000000f0f00000,0x00000000f70fa260,0x00000000f7100000)
  to   space 123392K, 0% used [0x00000000e9680000,0x00000000e9680000,0x00000000f0f00000)
 ParOldGen       total 143360K, used 113371K [0x0000000081c00000, 0x000000008a800000, 0x00000000d5f00000)
  object space 143360K, 79% used [0x0000000081c00000,0x0000000088ab6ee0,0x000000008a800000)
 Metaspace       used 39392K, capacity 41627K, committed 41728K, reserved 1085440K
  class space    used 5129K, capacity 5834K, committed 5888K, reserved 1048576K
}
Event: 30.994 GC heap before
{Heap before GC invocations=19 (full 2):
 PSYoungGen      total 419328K, used 419304K [0x00000000d5f00000, 0x00000000f9f00000, 0x0000000100000000)
  eden space 318976K, 100% used [0x00000000d5f00000,0x00000000e9680000,0x00000000e9680000)
  from space 100352K, 99% used [0x00000000f0f00000,0x00000000f70fa260,0x00000000f7100000)
  to   space 123392K, 0% used [0x00000000e9680000,0x00000000e9680000,0x00000000f0f00000)
 ParOldGen       total 143360K, used 113505K [0x0000000081c00000, 0x000000008a800000, 0x00000000d5f00000)
  object space 143360K, 79% used [0x0000000081c00000,0x0000000088ad8558,0x000000008a800000)
 Metaspace       used 41143K, capacity 43609K, committed 43776K, reserved 1087488K
  class space    used 5390K, capacity 6143K, committed 6144K, reserved 1048576K
Event: 31.365 GC heap after
Heap after GC invocations=19 (full 2):
 PSYoungGen      total 442368K, used 123381K [0x00000000d5f00000, 0x00000000f9f00000, 0x0000000100000000)
  eden space 318976K, 0% used [0x00000000d5f00000,0x00000000d5f00000,0x00000000e9680000)
  from space 123392K, 99% used [0x00000000e9680000,0x00000000f0efd5a0,0x00000000f0f00000)
  to   space 100352K, 0% used [0x00000000f0f00000,0x00000000f0f00000,0x00000000f7100000)
 ParOldGen       total 143360K, used 127529K [0x0000000081c00000, 0x000000008a800000, 0x00000000d5f00000)
  object space 143360K, 88% used [0x0000000081c00000,0x000000008988a560,0x000000008a800000)
 Metaspace       used 41143K, capacity 43609K, committed 43776K, reserved 1087488K
  class space    used 5390K, capacity 6143K, committed 6144K, reserved 1048576K
}
Event: 31.365 GC heap before
{Heap before GC invocations=20 (full 3):
 PSYoungGen      total 442368K, used 123381K [0x00000000d5f00000, 0x00000000f9f00000, 0x0000000100000000)
  eden space 318976K, 0% used [0x00000000d5f00000,0x00000000d5f00000,0x00000000e9680000)
  from space 123392K, 99% used [0x00000000e9680000,0x00000000f0efd5a0,0x00000000f0f00000)
  to   space 100352K, 0% used [0x00000000f0f00000,0x00000000f0f00000,0x00000000f7100000)
 ParOldGen       total 143360K, used 127529K [0x0000000081c00000, 0x000000008a800000, 0x00000000d5f00000)
  object space 143360K, 88% used [0x0000000081c00000,0x000000008988a560,0x000000008a800000)
 Metaspace       used 41143K, capacity 43609K, committed 43776K, reserved 1087488K
  class space    used 5390K, capacity 6143K, committed 6144K, reserved 1048576K
Event: 32.189 GC heap after
Heap after GC invocations=20 (full 3):
 PSYoungGen      total 442368K, used 34744K [0x00000000d5f00000, 0x00000000f9f00000, 0x0000000100000000)
  eden space 318976K, 0% used [0x00000000d5f00000,0x00000000d5f00000,0x00000000e9680000)
  from space 123392K, 28% used [0x00000000e9680000,0x00000000eb86e1e8,0x00000000f0f00000)
  to   space 100352K, 0% used [0x00000000f0f00000,0x00000000f0f00000,0x00000000f7100000)
 ParOldGen       total 247296K, used 143337K [0x0000000081c00000, 0x0000000090d80000, 0x00000000d5f00000)
  object space 247296K, 57% used [0x0000000081c00000,0x000000008a7fa408,0x0000000090d80000)
 Metaspace       used 41143K, capacity 43609K, committed 43776K, reserved 1087488K
  class space    used 5390K, capacity 6143K, committed 6144K, reserved 1048576K
}

Deoptimization events (10 events):
Event: 29.630 Thread 0x000000001c253800 Uncommon trap: reason=unstable_if action=reinterpret pc=0x000000000391b258 method=net.minecraft.state.BooleanProperty.equals(Ljava/lang/Object;)Z @ 11
Event: 29.630 Thread 0x000000001c253800 Uncommon trap: reason=unstable_if action=reinterpret pc=0x00000000038f9b5c method=com.google.common.collect.ImmutableMap$Builder.ensureCapacity(I)V @ 6
Event: 29.640 Thread 0x000000001c253800 Uncommon trap: reason=unstable_if action=reinterpret pc=0x00000000033b2a4c method=java.util.HashMap.putVal(ILjava/lang/Object;Ljava/lang/Object;ZZ)Ljava/lang/Object; @ 162
Event: 29.641 Thread 0x000000001c253800 Uncommon trap: reason=unstable_if action=reinterpret pc=0x000000000304aef4 method=java.util.HashMap.putVal(ILjava/lang/Object;Ljava/lang/Object;ZZ)Ljava/lang/Object; @ 109
Event: 29.642 Thread 0x000000001c253800 Uncommon trap: reason=unstable_if action=reinterpret pc=0x0000000002ce350c method=java.util.HashMap.resize()[Ljava/util/HashMap$Node; @ 206
Event: 29.646 Thread 0x000000001c253800 Uncommon trap: reason=unstable_if action=reinterpret pc=0x000000000327d504 method=java.util.HashMap.getNode(ILjava/lang/Object;)Ljava/util/HashMap$Node; @ 84
Event: 29.646 Thread 0x000000001c253800 Uncommon trap: reason=unstable_if action=reinterpret pc=0x0000000002cdb794 method=java.util.HashMap.getNode(ILjava/lang/Object;)Ljava/util/HashMap$Node; @ 84
Event: 29.647 Thread 0x000000001c253800 Uncommon trap: reason=unstable_if action=reinterpret pc=0x000000000390a4a4 method=com.google.common.collect.StandardTable$ColumnKeyIterator.computeNext()Ljava/lang/Object; @ 40
Event: 29.647 Thread 0x000000001c253800 Uncommon trap: reason=unstable_if action=reinterpret pc=0x0000000003913bb8 method=com.google.common.collect.StandardTable$ColumnKeyIterator.computeNext()Ljava/lang/Object; @ 40
Event: 29.766 Thread 0x000000001c253800 Uncommon trap: reason=unstable_if action=reinterpret pc=0x0000000003597308 method=java.util.stream.StreamOpFlag.fromCharacteristics(Ljava/util/Spliterator;)I @ 10

Internal exceptions (10 events):
Event: 32.207 Thread 0x000000001c253800 Exception <a 'sun/nio/fs/WindowsException'> (0x00000000d623d550) thrown at [C:\re\workspace\8-2-build-windows-amd64-cygwin\jdk8u51\3951\hotspot\src\share\vm\prims\jni.cpp, line 709]
Event: 32.207 Thread 0x000000001c253800 Exception <a 'sun/nio/fs/WindowsException'> (0x00000000d623dd70) thrown at [C:\re\workspace\8-2-build-windows-amd64-cygwin\jdk8u51\3951\hotspot\src\share\vm\prims\jni.cpp, line 709]
Event: 32.208 Thread 0x000000001c253800 Exception <a 'sun/nio/fs/WindowsException'> (0x00000000d623ecb8) thrown at [C:\re\workspace\8-2-build-windows-amd64-cygwin\jdk8u51\3951\hotspot\src\share\vm\prims\jni.cpp, line 709]
Event: 32.208 Thread 0x000000001c253800 Exception <a 'sun/nio/fs/WindowsException'> (0x00000000d623f678) thrown at [C:\re\workspace\8-2-build-windows-amd64-cygwin\jdk8u51\3951\hotspot\src\share\vm\prims\jni.cpp, line 709]
Event: 32.248 Thread 0x000000001c253800 Exception <a 'sun/nio/fs/WindowsException'> (0x00000000d6954bb0) thrown at [C:\re\workspace\8-2-build-windows-amd64-cygwin\jdk8u51\3951\hotspot\src\share\vm\prims\jni.cpp, line 709]
Event: 32.248 Thread 0x000000001c253800 Exception <a 'sun/nio/fs/WindowsException'> (0x00000000d6955390) thrown at [C:\re\workspace\8-2-build-windows-amd64-cygwin\jdk8u51\3951\hotspot\src\share\vm\prims\jni.cpp, line 709]
Event: 32.248 Thread 0x000000001c253800 Exception <a 'sun/nio/fs/WindowsException'> (0x00000000d6956278) thrown at [C:\re\workspace\8-2-build-windows-amd64-cygwin\jdk8u51\3951\hotspot\src\share\vm\prims\jni.cpp, line 709]
Event: 32.248 Thread 0x000000001c253800 Exception <a 'sun/nio/fs/WindowsException'> (0x00000000d6956a78) thrown at [C:\re\workspace\8-2-build-windows-amd64-cygwin\jdk8u51\3951\hotspot\src\share\vm\prims\jni.cpp, line 709]
Event: 32.248 Thread 0x000000001c253800 Exception <a 'sun/nio/fs/WindowsException'> (0x00000000d6957990) thrown at [C:\re\workspace\8-2-build-windows-amd64-cygwin\jdk8u51\3951\hotspot\src\share\vm\prims\jni.cpp, line 709]
Event: 32.250 Thread 0x000000001c253800 Exception <a 'sun/nio/fs/WindowsException'> (0x00000000d6958318) thrown at [C:\re\workspace\8-2-build-windows-amd64-cygwin\jdk8u51\3951\hotspot\src\share\vm\prims\jni.cpp, line 709]

Events (10 events):
Event: 30.967 loading class net/minecraft/block/FlowerPotBlock
Event: 30.967 loading class net/minecraft/block/FlowerPotBlock done
Event: 30.968 loading class net/minecraft/block/Block
Event: 30.968 loading class net/minecraft/block/Block done
Event: 30.968 loading class net/minecraft/block/FlowerPotBlock
Event: 30.968 loading class net/minecraft/block/FlowerPotBlock done
Event: 30.991 Executing VM operation: ParallelGCFailedAllocation
Event: 30.991 Executing VM operation: ParallelGCFailedAllocation done
Event: 30.994 Executing VM operation: ParallelGCSystemGC
Event: 32.189 Executing VM operation: ParallelGCSystemGC done


Dynamic libraries:
0x00007ff6479c0000 - 0x00007ff6479f7000 	C:\Program Files (x86)\Minecraft\runtime\jre-x64\bin\java.exe
0x00007ff8eb830000 - 0x00007ff8eba26000 	C:\WINDOWS\SYSTEM32\ntdll.dll
0x00007ff8ea5b0000 - 0x00007ff8ea66d000 	C:\WINDOWS\System32\KERNEL32.DLL
0x00007ff8e8f80000 - 0x00007ff8e9248000 	C:\WINDOWS\System32\KERNELBASE.dll
0x00007ff8e9e80000 - 0x00007ff8e9f2a000 	C:\WINDOWS\System32\ADVAPI32.dll
0x00007ff8eafa0000 - 0x00007ff8eb03e000 	C:\WINDOWS\System32\msvcrt.dll
0x00007ff8e98a0000 - 0x00007ff8e993b000 	C:\WINDOWS\System32\sechost.dll
0x00007ff8ea6f0000 - 0x00007ff8ea814000 	C:\WINDOWS\System32\RPCRT4.dll
0x00007ff8e9a20000 - 0x00007ff8e9bc0000 	C:\WINDOWS\System32\USER32.dll
0x00007ff8e97d0000 - 0x00007ff8e97f2000 	C:\WINDOWS\System32\win32u.dll
0x00007ff8eb7b0000 - 0x00007ff8eb7da000 	C:\WINDOWS\System32\GDI32.dll
0x00007ff8e9590000 - 0x00007ff8e9699000 	C:\WINDOWS\System32\gdi32full.dll
0x00007ff8e9800000 - 0x00007ff8e989d000 	C:\WINDOWS\System32\msvcp_win.dll
0x00007ff8e9460000 - 0x00007ff8e9560000 	C:\WINDOWS\System32\ucrtbase.dll
0x00007ff8d5a90000 - 0x00007ff8d5d2b000 	C:\WINDOWS\WinSxS\amd64_microsoft.windows.common-controls_6595b64144ccf1df_6.0.19041.488_none_ca04af081b815d21\COMCTL32.dll
0x00007ff8eb040000 - 0x00007ff8eb070000 	C:\WINDOWS\System32\IMM32.DLL
0x00000000758d0000 - 0x00000000759a2000 	C:\Program Files (x86)\Minecraft\runtime\jre-x64\bin\msvcr100.dll
0x0000000075040000 - 0x00000000758c3000 	C:\Program Files (x86)\Minecraft\runtime\jre-x64\bin\server\jvm.dll
0x00007ff8ea0c0000 - 0x00007ff8ea0c8000 	C:\WINDOWS\System32\PSAPI.DLL
0x00007ff8c4710000 - 0x00007ff8c4719000 	C:\WINDOWS\SYSTEM32\WSOCK32.dll
0x00007ff8e9e10000 - 0x00007ff8e9e7b000 	C:\WINDOWS\System32\WS2_32.dll
0x00007ff8e19d0000 - 0x00007ff8e19f7000 	C:\WINDOWS\SYSTEM32\WINMM.dll
0x00007ff8e18d0000 - 0x00007ff8e18da000 	C:\WINDOWS\SYSTEM32\VERSION.dll
0x0000000076250000 - 0x000000007625f000 	C:\Program Files (x86)\Minecraft\runtime\jre-x64\bin\verify.dll
0x0000000076220000 - 0x0000000076249000 	C:\Program Files (x86)\Minecraft\runtime\jre-x64\bin\java.dll
0x00000000761f0000 - 0x0000000076213000 	C:\Program Files (x86)\Minecraft\runtime\jre-x64\bin\instrument.dll
0x00000000761d0000 - 0x00000000761e6000 	C:\Program Files (x86)\Minecraft\runtime\jre-x64\bin\zip.dll
0x00007ff8eb070000 - 0x00007ff8eb7b0000 	C:\WINDOWS\System32\SHELL32.dll
0x00007ff8e6ea0000 - 0x00007ff8e7634000 	C:\WINDOWS\SYSTEM32\windows.storage.dll
0x00007ff8ea0d0000 - 0x00007ff8ea425000 	C:\WINDOWS\System32\combase.dll
0x00007ff8e8850000 - 0x00007ff8e887c000 	C:\WINDOWS\SYSTEM32\Wldp.dll
0x00007ff8ea430000 - 0x00007ff8ea4de000 	C:\WINDOWS\System32\SHCORE.dll
0x00007ff8eaf40000 - 0x00007ff8eaf95000 	C:\WINDOWS\System32\shlwapi.dll
0x00007ff8e8eb0000 - 0x00007ff8e8ed6000 	C:\WINDOWS\SYSTEM32\profapi.dll
0x00007ff8e1990000 - 0x00007ff8e19aa000 	C:\Users\ervin_1nmnhvl\AppData\Local\JetBrains\Toolbox\apps\IDEA-U\ch-0\202.6397.94\bin\breakgen64.dll
0x00000000761b0000 - 0x00000000761ca000 	C:\Program Files (x86)\Minecraft\runtime\jre-x64\bin\net.dll
0x00007ff8e8640000 - 0x00007ff8e86aa000 	C:\WINDOWS\system32\mswsock.dll
0x0000000075030000 - 0x000000007503d000 	C:\Program Files (x86)\Minecraft\runtime\jre-x64\bin\management.dll
0x00007ff8b7e60000 - 0x00007ff8b7e77000 	C:\WINDOWS\system32\napinsp.dll
0x00007ff8b7e80000 - 0x00007ff8b7e9b000 	C:\WINDOWS\system32\pnrpnsp.dll
0x00007ff8e3aa0000 - 0x00007ff8e3ab5000 	C:\WINDOWS\system32\wshbth.dll
0x00007ff8e47b0000 - 0x00007ff8e47cd000 	C:\WINDOWS\system32\NLAapi.dll
0x00007ff8e8350000 - 0x00007ff8e838b000 	C:\WINDOWS\SYSTEM32\IPHLPAPI.DLL
0x00007ff8e8390000 - 0x00007ff8e845b000 	C:\WINDOWS\SYSTEM32\DNSAPI.dll
0x00007ff8ea8b0000 - 0x00007ff8ea8b9000 	C:\WINDOWS\System32\NSI.dll
0x00007ff8ba580000 - 0x00007ff8ba592000 	C:\WINDOWS\System32\winrnr.dll
0x00007ff8da350000 - 0x00007ff8da35a000 	C:\Windows\System32\rasadhlp.dll
0x00007ff8dccf0000 - 0x00007ff8dcd6f000 	C:\WINDOWS\System32\fwpuclnt.dll
0x00007ff8e9560000 - 0x00007ff8e9587000 	C:\WINDOWS\System32\bcrypt.dll
0x0000000075010000 - 0x0000000075021000 	C:\Program Files (x86)\Minecraft\runtime\jre-x64\bin\nio.dll
0x0000000074fe0000 - 0x0000000075004000 	C:\Program Files (x86)\Minecraft\runtime\jre-x64\bin\sunec.dll
0x00007ff8e8c00000 - 0x00007ff8e8c18000 	C:\WINDOWS\SYSTEM32\CRYPTSP.dll
0x00007ff8e7ef0000 - 0x00007ff8e7f24000 	C:\WINDOWS\system32\rsaenh.dll
0x00007ff8e8e70000 - 0x00007ff8e8e9e000 	C:\WINDOWS\SYSTEM32\USERENV.dll
0x00007ff8e9750000 - 0x00007ff8e97cf000 	C:\WINDOWS\System32\bcryptprimitives.dll
0x00007ff8e87c0000 - 0x00007ff8e87cc000 	C:\WINDOWS\SYSTEM32\CRYPTBASE.dll
0x00007ff8e1970000 - 0x00007ff8e1987000 	C:\WINDOWS\SYSTEM32\dhcpcsvc6.DLL
0x00007ff8e1950000 - 0x00007ff8e196d000 	C:\WINDOWS\SYSTEM32\dhcpcsvc.DLL
0x00007ff8cdc80000 - 0x00007ff8cdcf2000 	C:\Users\ervin_1nmnhvl\AppData\Local\Temp\lwjglervin_1nmnhvl\3.2.2-build-10\lwjgl.dll
0x00007ff8ad610000 - 0x00007ff8ad861000 	C:\Users\ERVIN_~1\AppData\Local\Temp\lwjglervin_1nmnhvl\3.2.2-build-10\jemalloc.dll
0x00007ff8c3d50000 - 0x00007ff8c3dae000 	C:\Users\ERVIN_~1\AppData\Local\Temp\lwjglervin_1nmnhvl\3.2.2-build-10\glfw.dll
0x00007ff8e6800000 - 0x00007ff8e689f000 	C:\WINDOWS\system32\uxtheme.dll
0x00007ff8d1f30000 - 0x00007ff8d1f75000 	C:\WINDOWS\SYSTEM32\dinput8.dll
0x00007ff8d6320000 - 0x00007ff8d6331000 	C:\WINDOWS\SYSTEM32\xinput1_4.dll
0x00007ff8e96a0000 - 0x00007ff8e96ee000 	C:\WINDOWS\System32\cfgmgr32.dll
0x00007ff8e8ce0000 - 0x00007ff8e8d0c000 	C:\WINDOWS\SYSTEM32\DEVOBJ.dll
0x00007ff8e6bb0000 - 0x00007ff8e6bdf000 	C:\WINDOWS\SYSTEM32\dwmapi.dll
0x00007ff8d8560000 - 0x00007ff8d86b2000 	C:\WINDOWS\SYSTEM32\inputhost.dll
0x00007ff8ea4e0000 - 0x00007ff8ea5ad000 	C:\WINDOWS\System32\OLEAUT32.dll
0x00007ff8e6320000 - 0x00007ff8e6412000 	C:\WINDOWS\SYSTEM32\CoreMessaging.dll
0x00007ff8e58f0000 - 0x00007ff8e5a46000 	C:\WINDOWS\SYSTEM32\wintypes.dll
0x00007ff8e4690000 - 0x00007ff8e4787000 	C:\WINDOWS\SYSTEM32\PROPSYS.dll
0x00007ff8e5fc0000 - 0x00007ff8e631e000 	C:\WINDOWS\SYSTEM32\CoreUIComponents.dll
0x00007ff8e7b80000 - 0x00007ff8e7bb3000 	C:\WINDOWS\SYSTEM32\ntmarta.dll
0x00007ff8e7720000 - 0x00007ff8e7732000 	C:\WINDOWS\SYSTEM32\kernel.appcore.dll
0x00007ff8e9bc0000 - 0x00007ff8e9cd5000 	C:\WINDOWS\System32\MSCTF.dll
0x00007ff8e7640000 - 0x00007ff8e764d000 	C:\WINDOWS\SYSTEM32\HID.DLL
0x00007ff8eaa70000 - 0x00007ff8eaed7000 	C:\WINDOWS\System32\SETUPAPI.DLL
0x00007ff8e96f0000 - 0x00007ff8e9750000 	C:\WINDOWS\System32\WINTRUST.dll
0x00007ff8e9250000 - 0x00007ff8e93ad000 	C:\WINDOWS\System32\CRYPT32.dll
0x00007ff8e8c50000 - 0x00007ff8e8c62000 	C:\WINDOWS\SYSTEM32\MSASN1.dll
0x00007ff8bd2a0000 - 0x00007ff8bd3c5000 	C:\WINDOWS\SYSTEM32\opengl32.dll
0x00007ff8d6340000 - 0x00007ff8d636c000 	C:\WINDOWS\SYSTEM32\GLU32.dll
0x00007ff8ea010000 - 0x00007ff8ea0b9000 	C:\WINDOWS\System32\clbcatq.dll
0x00007ff89fbe0000 - 0x00007ff8a0864000 	C:\WINDOWS\SYSTEM32\ig4icd64.dll
0x00007ff8e7790000 - 0x00007ff8e7883000 	C:\WINDOWS\SYSTEM32\dxgi.dll
0x00007ff8e4b30000 - 0x00007ff8e4d94000 	C:\WINDOWS\SYSTEM32\d3d11.dll
0x00007ff8de350000 - 0x00007ff8defa0000 	C:\WINDOWS\SYSTEM32\igd10umd64.dll
0x00007ff8df1f0000 - 0x00007ff8df22b000 	C:\WINDOWS\SYSTEM32\dxcore.dll
0x00007ff8bb460000 - 0x00007ff8bb4df000 	C:\Users\ervin_1nmnhvl\AppData\Local\Temp\lwjglervin_1nmnhvl\3.2.2-build-10\lwjgl_stb.dll
0x00007ff8e34d0000 - 0x00007ff8e357e000 	C:\WINDOWS\SYSTEM32\mscms.dll
0x00007ff8e33e0000 - 0x00007ff8e33f1000 	C:\WINDOWS\SYSTEM32\ColorAdapterClient.dll
0x00007ff8ceeb0000 - 0x00007ff8ceef3000 	C:\WINDOWS\SYSTEM32\icm32.dll
0x00007ff8d86c0000 - 0x00007ff8d87bc000 	C:\WINDOWS\SYSTEM32\textinputframework.dll
0x00007ff8bd3e0000 - 0x00007ff8bd438000 	C:\Users\ervin_1nmnhvl\AppData\Local\Temp\lwjglervin_1nmnhvl\3.2.2-build-10\lwjgl_opengl.dll
0x00007ff8dfae0000 - 0x00007ff8dfcc4000 	C:\WINDOWS\SYSTEM32\dbghelp.dll

VM Arguments:
jvm_args: -Dforge.logging.console.level=debug -Dforge.logging.markers=SCAN,REGISTRIES,REGISTRYDUMP -XX:HeapDumpPath=MojangTricksIntelDriversForPerformance_javaw.exe_minecraft.exe.heapdump -Dos.name=Windows 10 -Dos.version=10.0 -javaagent:C:\Users\ervin_1nmnhvl\AppData\Local\JetBrains\Toolbox\apps\IDEA-U\ch-0\202.6397.94\lib\idea_rt.jar=57947:C:\Users\ervin_1nmnhvl\AppData\Local\JetBrains\Toolbox\apps\IDEA-U\ch-0\202.6397.94\bin -Dfile.encoding=UTF-8 
java_command: net.minecraftforge.userdev.LaunchTesting
java_class_path (initial): C:\Program Files (x86)\Minecraft\runtime\jre-x64\lib\charsets.jar;C:\Program Files (x86)\Minecraft\runtime\jre-x64\lib\deploy.jar;C:\Program Files (x86)\Minecraft\runtime\jre-x64\lib\ext\access-bridge-64.jar;C:\Program Files (x86)\Minecraft\runtime\jre-x64\lib\ext\cldrdata.jar;C:\Program Files (x86)\Minecraft\runtime\jre-x64\lib\ext\dnsns.jar;C:\Program Files (x86)\Minecraft\runtime\jre-x64\lib\ext\jaccess.jar;C:\Program Files (x86)\Minecraft\runtime\jre-x64\lib\ext\jfxrt.jar;C:\Program Files (x86)\Minecraft\runtime\jre-x64\lib\ext\localedata.jar;C:\Program Files (x86)\Minecraft\runtime\jre-x64\lib\ext\nashorn.jar;C:\Program Files (x86)\Minecraft\runtime\jre-x64\lib\ext\sunec.jar;C:\Program Files (x86)\Minecraft\runtime\jre-x64\lib\ext\sunjce_provider.jar;C:\Program Files (x86)\Minecraft\runtime\jre-x64\lib\ext\sunmscapi.jar;C:\Program Files (x86)\Minecraft\runtime\jre-x64\lib\ext\sunpkcs11.jar;C:\Program Files (x86)\Minecraft\runtime\jre-x64\lib\ext\zipfs.jar;C:\Program Files (x86)\Minecraft\runtime\jre-x64\lib\javaws.jar;C:\Program Files (x86)\Minecraft\runtime\jre-x64\lib\jce.jar;C:\Program Files (x86)\Minecraft\runtime\jre-x64\lib\jfr.jar;C:\Program Files (x86)\Minecraft\runtime\jre-x64\lib\jfxswt.jar;C:\Program Files (x86)\Minecraft\runtime\jre-x64\lib\jsse.jar;C:\Program Files (x86)\Minecraft\runtime\jre-x64\lib\management-agent.jar;C:\Program Files (x86)\Minecraft\runtime\jre-x64\lib\plugin.jar;C:\Program Files (x86)\Minecraft\runtime\jre-x64\lib\resources.jar;C:\Program Files (x86)\Minecraft\runtime\jre-x64\lib\rt.jar;C:\save\modding\ervin_mod_1\build\classes\java\main;C:\save\modding\ervin_mod_1\build\resources\main;C:\Users\ervin_1nmnhvl\.gradle\caches\forge_gradle\minecraft_user_repo\net\minecraftforge\forge\1.16.1-32.0.75_mapped_snapshot_20200723-1.16.1\forge-1.16.1-32.0.75_mapped_snapshot_20200723-1.16.1-recomp.jar;C:\Users\ervin_1nmnhvl\.gradle\caches\forge_gradle\minecraft_user_repo\net\minecraftforge\forge\1.16.1-32.0.75_
Launcher Type: SUN_STANDARD

Environment Variables:
JAVA_HOME=C:\Program Files\Java\jdk-11.0.4
PATH=C:\Program Files\Docker\Docker\Resources\bin;C:\ProgramData\Oracle\Java\javapath;C:\WINDOWS\system32;C:\WINDOWS;C:\WINDOWS\System32\Wbem;C:\WINDOWS\System32\WindowsPowerShell\v1.0\;C:\Program Files (x86)\cloudControl;C:\Program Files\Git\cmd;C:\bin;C:\Program Files (x86)\Windows Kits\8.1\Windows Performance Toolkit\;C:\Program Files (x86)\PuTTY\;C:\Program Files (x86)\Nodist\bin;G:\save\sdk\android\tools;G:\save\sdk\android\platform-tools;C:\boxfuse;C:\Program Files (x86)\Skype\Phone\;C:\Program Files (x86)\GtkSharp\2.12\bin;C:\Program Files (x86)\IVI Foundation\VISA\WinNT\Bin;C:\WINDOWS\system32;C:\WINDOWS;C:\WINDOWS\System32\Wbem;C:\WINDOWS\System32\WindowsPowerShell\v1.0\;;C:\WINDOWS\System32\OpenSSH\;C:\Users\ervin_1nmnhvl\AppData\Local\Microsoft\WindowsApps;
USERNAME=ervin_1nmnhvl
OS=Windows_NT
PROCESSOR_IDENTIFIER=Intel64 Family 6 Model 42 Stepping 7, GenuineIntel



---------------  S Y S T E M  ---------------

OS: Windows 10.0 , 64 bit Build 19041 (10.0.19041.546)

CPU:total 4 (2 cores per cpu, 2 threads per core) family 6 model 42 stepping 7, cmov, cx8, fxsr, mmx, sse, sse2, sse3, ssse3, sse4.1, sse4.2, popcnt, avx, aes, clmul, ht, tsc, tscinvbit

Memory: 4k page, physical 8266764k(465664k free), swap 10363916k(2192k free)

vm_info: Java HotSpot(TM) 64-Bit Server VM (25.51-b03) for windows-amd64 JRE (1.8.0_51-b16), built on Jun  8 2015 18:03:07 by "java_re" with MS VC++ 10.0 (VS2010)

time: Sat Oct 17 17:10:56 2020
elapsed time: 32 seconds (0d 0h 0m 32s)

