#
# There is insufficient memory for the Java Runtime Environment to continue.
# Native memory allocation (malloc) failed to allocate 1119136 bytes for Chunk::new
# Possible reasons:
#   The system is out of physical RAM or swap space
#   In 32 bit mode, the process size limit was hit
# Possible solutions:
#   Reduce memory load on the system
#   Increase physical memory or swap space
#   Check if swap backing store is full
#   Use 64 bit Java on a 64 bit OS
#   Decrease Java heap size (-Xmx/-Xms)
#   Decrease number of Java threads
#   Decrease Java thread stack sizes (-Xss)
#   Set larger code cache with -XX:ReservedCodeCacheSize=
# This output file may be truncated or incomplete.
#
#  Out of Memory Error (allocation.cpp:390), pid=11744, tid=2804
#
# JRE version: Java(TM) SE Runtime Environment (8.0_51-b16) (build 1.8.0_51-b16)
# Java VM: Java HotSpot(TM) 64-Bit Server VM (25.51-b03 mixed mode windows-amd64 compressed oops)
# Failed to write core dump. Minidumps are not enabled by default on client versions of Windows
#

---------------  T H R E A D  ---------------

Current thread (0x0000000019203800):  JavaThread "C2 CompilerThread0" daemon [_thread_in_native, id=2804, stack(0x0000000019320000,0x0000000019420000)]

Stack: [0x0000000019320000,0x0000000019420000]
Native frames: (J=compiled Java code, j=interpreted, Vv=VM code, C=native code)
V  [jvm.dll+0x32b4ca]
V  [jvm.dll+0x2797e3]
V  [jvm.dll+0x27a479]
V  [jvm.dll+0x271765]
V  [jvm.dll+0xcba02]
V  [jvm.dll+0xcbecc]
V  [jvm.dll+0x476f72]
V  [jvm.dll+0x4b95ff]
V  [jvm.dll+0x46b745]
V  [jvm.dll+0x46cd4e]
V  [jvm.dll+0x4501a2]
V  [jvm.dll+0xa43a2]
V  [jvm.dll+0xa4cdf]
V  [jvm.dll+0x2418a4]
V  [jvm.dll+0x29846a]
C  [msvcr100.dll+0x21d9f]
C  [msvcr100.dll+0x21e3b]
C  [KERNEL32.DLL+0x17034]
C  [ntdll.dll+0x52651]


Current CompileTask:
C2:  65011 8789   !   4       java.lang.invoke.MethodHandleNatives::linkMethodHandleConstant (154 bytes)


---------------  P R O C E S S  ---------------

Java Threads: ( => current thread )
  0x0000000023478000 JavaThread "modloading-worker-0" daemon [_thread_blocked, id=10648, stack(0x0000000020ed0000,0x0000000020fd0000)]
  0x0000000023479800 JavaThread "modloading-worker-3" daemon [_thread_blocked, id=13684, stack(0x0000000020db0000,0x0000000020eb0000)]
  0x0000000021f82800 JavaThread "modloading-worker-2" daemon [_thread_blocked, id=2752, stack(0x000000001b1f0000,0x000000001b2f0000)]
  0x0000000021f84000 JavaThread "modloading-worker-1" daemon [_thread_in_Java, id=15020, stack(0x0000000000e30000,0x0000000000f30000)]
  0x0000000021f81000 JavaThread "Snooper Timer" daemon [_thread_blocked, id=14696, stack(0x00000000289e0000,0x0000000028ae0000)]
  0x0000000021f83800 JavaThread "Timer hack thread" daemon [_thread_blocked, id=6384, stack(0x00000000278c0000,0x00000000279c0000)]
  0x000000001c1d2800 JavaThread "Worker-Bootstrap-3" daemon [_thread_in_Java, id=8920, stack(0x0000000026dc0000,0x0000000026ec0000)]
  0x000000001a5c2000 JavaThread "Worker-Bootstrap-2" daemon [_thread_in_Java, id=3384, stack(0x00000000246f0000,0x00000000247f0000)]
  0x0000000022009000 JavaThread "Worker-Bootstrap-1" daemon [_thread_in_Java, id=14348, stack(0x0000000023030000,0x0000000023130000)]
  0x0000000023520800 JavaThread "pool-3-thread-1" [_thread_blocked, id=10148, stack(0x00000000241b0000,0x00000000242b0000)]
  0x000000001a86f800 JavaThread "Thread-2" daemon [_thread_in_native, id=10960, stack(0x000000001ce00000,0x000000001cf00000)]
  0x000000001ab2e800 JavaThread "Thread-1" daemon [_thread_blocked, id=13060, stack(0x000000001cd00000,0x000000001ce00000)]
  0x0000000019526800 JavaThread "Service Thread" daemon [_thread_blocked, id=7980, stack(0x0000000019e20000,0x0000000019f20000)]
  0x000000001921c000 JavaThread "C1 CompilerThread2" daemon [_thread_blocked, id=12584, stack(0x0000000019d20000,0x0000000019e20000)]
  0x000000001921b800 JavaThread "C2 CompilerThread1" daemon [_thread_in_native, id=12568, stack(0x0000000019c20000,0x0000000019d20000)]
=>0x0000000019203800 JavaThread "C2 CompilerThread0" daemon [_thread_in_native, id=2804, stack(0x0000000019320000,0x0000000019420000)]
  0x0000000019202000 JavaThread "Monitor Ctrl-Break" daemon [_thread_in_native, id=7340, stack(0x0000000019220000,0x0000000019320000)]
  0x00000000178d7800 JavaThread "Attach Listener" daemon [_thread_blocked, id=9976, stack(0x0000000018d20000,0x0000000018e20000)]
  0x00000000178d6800 JavaThread "Signal Dispatcher" daemon [_thread_blocked, id=15748, stack(0x0000000018c20000,0x0000000018d20000)]
  0x0000000002c9c800 JavaThread "Finalizer" daemon [_thread_blocked, id=3920, stack(0x0000000018b20000,0x0000000018c20000)]
  0x0000000002c99800 JavaThread "Reference Handler" daemon [_thread_blocked, id=7776, stack(0x0000000018a20000,0x0000000018b20000)]
  0x0000000002ba2800 JavaThread "Render thread" [_thread_in_Java, id=12832, stack(0x00000000029a0000,0x0000000002aa0000)]

Other Threads:
  0x0000000002c96000 VMThread [stack: 0x0000000018920000,0x0000000018a20000] [id=11268]
  0x0000000019529000 WatcherThread [stack: 0x0000000019f20000,0x000000001a020000] [id=12920]

VM state:not at safepoint (normal execution)

VM Mutex/Monitor currently owned by a thread: None

Heap:
 PSYoungGen      total 618496K, used 91946K [0x00000000d5f00000, 0x0000000100000000, 0x0000000100000000)
  eden space 546816K, 15% used [0x00000000d5f00000,0x00000000db2fc330,0x00000000f7500000)
  from space 71680K, 8% used [0x00000000fba00000,0x00000000fbfce600,0x0000000100000000)
  to   space 70656K, 0% used [0x00000000f7500000,0x00000000f7500000,0x00000000fba00000)
 ParOldGen       total 336896K, used 284598K [0x0000000081c00000, 0x0000000096500000, 0x00000000d5f00000)
  object space 336896K, 84% used [0x0000000081c00000,0x00000000931edad8,0x0000000096500000)
 Metaspace       used 67650K, capacity 74120K, committed 74240K, reserved 1110016K
  class space    used 10858K, capacity 13015K, committed 13056K, reserved 1048576K

Card table byte_map: [0x0000000012160000,0x0000000012560000] byte_map_base: 0x0000000011d52000

Marking Bits: (ParMarkBitMap*) 0x00000000613c4040
 Begin Bits: [0x0000000012c10000, 0x0000000014ba0000)
 End Bits:   [0x0000000014ba0000, 0x0000000016b30000)

Polling page: 0x00000000028d0000

CodeCache: size=245760Kb used=21093Kb max_used=21133Kb free=224666Kb
 bounds [0x0000000002da0000, 0x00000000042f0000, 0x0000000011da0000]
 total_blobs=7970 nmethods=6665 adapters=1216
 compilation: enabled

Compilation events (10 events):
Event: 64.587 Thread 0x0000000019203800 nmethod 8784 0x0000000003074950 code [0x0000000003074aa0, 0x0000000003074bd8]
Event: 64.635 Thread 0x0000000019203800 8785       4       net.minecraft.util.ResourceLocation::validateNamespaceChar (54 bytes)
Event: 64.636 Thread 0x0000000019203800 nmethod 8785 0x0000000003074050 code [0x0000000003074180, 0x0000000003074218]
Event: 64.641 Thread 0x000000001921c000 8786       3       net.minecraft.util.ResourceLocation::<init> (137 bytes)
Event: 64.644 Thread 0x000000001921c000 nmethod 8786 0x0000000003082810 code [0x0000000003082b40, 0x00000000030844f8]
Event: 64.650 Thread 0x0000000019203800 8787       4       java.lang.invoke.MethodHandleNatives::canBeCalledVirtual (132 bytes)
Event: 64.668 Thread 0x0000000019203800 nmethod 8787 0x000000000380b910 code [0x000000000380ba80, 0x000000000380be38]
Event: 64.770 Thread 0x0000000019203800 8788       4       java.lang.invoke.DirectMethodHandle::make (199 bytes)
Event: 64.811 Thread 0x0000000019203800 nmethod 8788 0x0000000003c39ad0 code [0x0000000003c39de0, 0x0000000003c3afe0]
Event: 64.904 Thread 0x0000000019203800 8789   !   4       java.lang.invoke.MethodHandleNatives::linkMethodHandleConstant (154 bytes)

GC Heap History (10 events):
Event: 61.463 GC heap before
{Heap before GC invocations=64 (full 4):
 PSYoungGen      total 610816K, used 575034K [0x00000000d5f00000, 0x00000000ffb80000, 0x0000000100000000)
  eden space 542720K, 100% used [0x00000000d5f00000,0x00000000f7100000,0x00000000f7100000)
  from space 68096K, 47% used [0x00000000f7100000,0x00000000f908eac0,0x00000000fb380000)
  to   space 65024K, 0% used [0x00000000fbc00000,0x00000000fbc00000,0x00000000ffb80000)
 ParOldGen       total 336896K, used 280176K [0x0000000081c00000, 0x0000000096500000, 0x00000000d5f00000)
  object space 336896K, 83% used [0x0000000081c00000,0x0000000092d9c2a8,0x0000000096500000)
 Metaspace       used 63485K, capacity 69306K, committed 69632K, reserved 1107968K
  class space    used 9625K, capacity 11396K, committed 11520K, reserved 1048576K
Event: 61.583 GC heap after
Heap after GC invocations=64 (full 4):
 PSYoungGen      total 617984K, used 46582K [0x00000000d5f00000, 0x0000000100000000, 0x0000000100000000)
  eden space 552960K, 0% used [0x00000000d5f00000,0x00000000d5f00000,0x00000000f7b00000)
  from space 65024K, 71% used [0x00000000fbc00000,0x00000000fe97da38,0x00000000ffb80000)
  to   space 66560K, 0% used [0x00000000f7b00000,0x00000000f7b00000,0x00000000fbc00000)
 ParOldGen       total 336896K, used 281112K [0x0000000081c00000, 0x0000000096500000, 0x00000000d5f00000)
  object space 336896K, 83% used [0x0000000081c00000,0x0000000092e86358,0x0000000096500000)
 Metaspace       used 63485K, capacity 69306K, committed 69632K, reserved 1107968K
  class space    used 9625K, capacity 11396K, committed 11520K, reserved 1048576K
}
Event: 62.632 GC heap before
{Heap before GC invocations=65 (full 4):
 PSYoungGen      total 617984K, used 599542K [0x00000000d5f00000, 0x0000000100000000, 0x0000000100000000)
  eden space 552960K, 100% used [0x00000000d5f00000,0x00000000f7b00000,0x00000000f7b00000)
  from space 65024K, 71% used [0x00000000fbc00000,0x00000000fe97da38,0x00000000ffb80000)
  to   space 66560K, 0% used [0x00000000f7b00000,0x00000000f7b00000,0x00000000fbc00000)
 ParOldGen       total 336896K, used 282739K [0x0000000081c00000, 0x0000000096500000, 0x00000000d5f00000)
  object space 336896K, 83% used [0x0000000081c00000,0x000000009301cef0,0x0000000096500000)
 Metaspace       used 64182K, capacity 70034K, committed 70144K, reserved 1107968K
  class space    used 9924K, capacity 11716K, committed 11776K, reserved 1048576K
Event: 62.639 GC heap after
Heap after GC invocations=65 (full 4):
 PSYoungGen      total 619520K, used 384K [0x00000000d5f00000, 0x0000000100000000, 0x0000000100000000)
  eden space 552960K, 0% used [0x00000000d5f00000,0x00000000d5f00000,0x00000000f7b00000)
  from space 66560K, 0% used [0x00000000f7b00000,0x00000000f7b60020,0x00000000fbc00000)
  to   space 69632K, 0% used [0x00000000fbc00000,0x00000000fbc00000,0x0000000100000000)
 ParOldGen       total 336896K, used 283299K [0x0000000081c00000, 0x0000000096500000, 0x00000000d5f00000)
  object space 336896K, 84% used [0x0000000081c00000,0x00000000930a8ef0,0x0000000096500000)
 Metaspace       used 64182K, capacity 70034K, committed 70144K, reserved 1107968K
  class space    used 9924K, capacity 11716K, committed 11776K, reserved 1048576K
}
Event: 63.334 GC heap before
{Heap before GC invocations=66 (full 4):
 PSYoungGen      total 619520K, used 553344K [0x00000000d5f00000, 0x0000000100000000, 0x0000000100000000)
  eden space 552960K, 100% used [0x00000000d5f00000,0x00000000f7b00000,0x00000000f7b00000)
  from space 66560K, 0% used [0x00000000f7b00000,0x00000000f7b60020,0x00000000fbc00000)
  to   space 69632K, 0% used [0x00000000fbc00000,0x00000000fbc00000,0x0000000100000000)
 ParOldGen       total 336896K, used 283395K [0x0000000081c00000, 0x0000000096500000, 0x00000000d5f00000)
  object space 336896K, 84% used [0x0000000081c00000,0x00000000930c0cb0,0x0000000096500000)
 Metaspace       used 65311K, capacity 71194K, committed 71424K, reserved 1107968K
  class space    used 10134K, capacity 11908K, committed 12032K, reserved 1048576K
Event: 63.341 GC heap after
Heap after GC invocations=66 (full 4):
 PSYoungGen      total 616448K, used 352K [0x00000000d5f00000, 0x0000000100000000, 0x0000000100000000)
  eden space 546816K, 0% used [0x00000000d5f00000,0x00000000d5f00000,0x00000000f7500000)
  from space 69632K, 0% used [0x00000000fbc00000,0x00000000fbc58000,0x0000000100000000)
  to   space 71168K, 0% used [0x00000000f7500000,0x00000000f7500000,0x00000000fba80000)
 ParOldGen       total 336896K, used 283750K [0x0000000081c00000, 0x0000000096500000, 0x00000000d5f00000)
  object space 336896K, 84% used [0x0000000081c00000,0x00000000931198e0,0x0000000096500000)
 Metaspace       used 65311K, capacity 71194K, committed 71424K, reserved 1107968K
  class space    used 10134K, capacity 11908K, committed 12032K, reserved 1048576K
}
Event: 64.286 GC heap before
{Heap before GC invocations=67 (full 4):
 PSYoungGen      total 616448K, used 547168K [0x00000000d5f00000, 0x0000000100000000, 0x0000000100000000)
  eden space 546816K, 100% used [0x00000000d5f00000,0x00000000f7500000,0x00000000f7500000)
  from space 69632K, 0% used [0x00000000fbc00000,0x00000000fbc58000,0x0000000100000000)
  to   space 71168K, 0% used [0x00000000f7500000,0x00000000f7500000,0x00000000fba80000)
 ParOldGen       total 336896K, used 283751K [0x0000000081c00000, 0x0000000096500000, 0x00000000d5f00000)
  object space 336896K, 84% used [0x0000000081c00000,0x0000000093119d90,0x0000000096500000)
 Metaspace       used 66733K, capacity 72960K, committed 73344K, reserved 1110016K
  class space    used 10589K, capacity 12567K, committed 12672K, reserved 1048576K
Event: 64.292 GC heap after
Heap after GC invocations=67 (full 4):
 PSYoungGen      total 547840K, used 704K [0x00000000d5f00000, 0x0000000100000000, 0x0000000100000000)
  eden space 546816K, 0% used [0x00000000d5f00000,0x00000000d5f00000,0x00000000f7500000)
  from space 1024K, 68% used [0x00000000f7500000,0x00000000f75b0000,0x00000000f7600000)
  to   space 71680K, 0% used [0x00000000fba00000,0x00000000fba00000,0x0000000100000000)
 ParOldGen       total 336896K, used 283999K [0x0000000081c00000, 0x0000000096500000, 0x00000000d5f00000)
  object space 336896K, 84% used [0x0000000081c00000,0x0000000093157d90,0x0000000096500000)
 Metaspace       used 66733K, capacity 72960K, committed 73344K, reserved 1110016K
  class space    used 10589K, capacity 12567K, committed 12672K, reserved 1048576K
}
Event: 64.857 GC heap before
{Heap before GC invocations=68 (full 4):
 PSYoungGen      total 547840K, used 547520K [0x00000000d5f00000, 0x0000000100000000, 0x0000000100000000)
  eden space 546816K, 100% used [0x00000000d5f00000,0x00000000f7500000,0x00000000f7500000)
  from space 1024K, 68% used [0x00000000f7500000,0x00000000f75b0000,0x00000000f7600000)
  to   space 71680K, 0% used [0x00000000fba00000,0x00000000fba00000,0x0000000100000000)
 ParOldGen       total 336896K, used 283999K [0x0000000081c00000, 0x0000000096500000, 0x00000000d5f00000)
  object space 336896K, 84% used [0x0000000081c00000,0x0000000093157d90,0x0000000096500000)
 Metaspace       used 67350K, capacity 73736K, committed 73856K, reserved 1110016K
  class space    used 10762K, capacity 12855K, committed 12928K, reserved 1048576K
Event: 64.875 GC heap after
Heap after GC invocations=68 (full 4):
 PSYoungGen      total 618496K, used 5945K [0x00000000d5f00000, 0x0000000100000000, 0x0000000100000000)
  eden space 546816K, 0% used [0x00000000d5f00000,0x00000000d5f00000,0x00000000f7500000)
  from space 71680K, 8% used [0x00000000fba00000,0x00000000fbfce600,0x0000000100000000)
  to   space 70656K, 0% used [0x00000000f7500000,0x00000000f7500000,0x00000000fba00000)
 ParOldGen       total 336896K, used 284598K [0x0000000081c00000, 0x0000000096500000, 0x00000000d5f00000)
  object space 336896K, 84% used [0x0000000081c00000,0x00000000931edad8,0x0000000096500000)
 Metaspace       used 67350K, capacity 73736K, committed 73856K, reserved 1110016K
  class space    used 10762K, capacity 12855K, committed 12928K, reserved 1048576K
}

Deoptimization events (10 events):
Event: 61.163 Thread 0x0000000021f82800 Uncommon trap: reason=class_check action=maybe_recompile pc=0x0000000003b3d4d8 method=org.objectweb.asm.ClassReader.readMethod(Lorg/objectweb/asm/ClassVisitor;Lorg/objectweb/asm/Context;I)I @ 654
Event: 61.229 Thread 0x0000000021f82800 Uncommon trap: reason=speculate_class_check action=maybe_recompile pc=0x000000000387dd10 method=java.util.RegularEnumSet.contains(Ljava/lang/Object;)Z @ 38
Event: 61.244 Thread 0x0000000021f82800 Uncommon trap: reason=bimorphic action=maybe_recompile pc=0x0000000003d6ef18 method=java.util.concurrent.ConcurrentHashMap.replaceNode(Ljava/lang/Object;Ljava/lang/Object;Ljava/lang/Object;)Ljava/lang/Object; @ 1
Event: 61.398 Thread 0x0000000021f84000 Uncommon trap: reason=class_check action=maybe_recompile pc=0x000000000394c688 method=org.objectweb.asm.Label.accept(Lorg/objectweb/asm/MethodVisitor;Z)V @ 2
Event: 61.415 Thread 0x0000000021f84000 Uncommon trap: reason=class_check action=maybe_recompile pc=0x000000000394c688 method=org.objectweb.asm.Label.accept(Lorg/objectweb/asm/MethodVisitor;Z)V @ 2
Event: 61.888 Thread 0x0000000021f84000 Uncommon trap: reason=class_check action=maybe_recompile pc=0x000000000394c688 method=org.objectweb.asm.Label.accept(Lorg/objectweb/asm/MethodVisitor;Z)V @ 2
Event: 62.622 Thread 0x0000000021f84000 Uncommon trap: reason=class_check action=maybe_recompile pc=0x0000000003ab3978 method=org.objectweb.asm.ClassReader.readCode(Lorg/objectweb/asm/MethodVisitor;Lorg/objectweb/asm/Context;I)V @ 3723
Event: 62.675 Thread 0x0000000021f84000 Uncommon trap: reason=class_check action=maybe_recompile pc=0x0000000003ab24b8 method=org.objectweb.asm.ClassReader.readCode(Lorg/objectweb/asm/MethodVisitor;Lorg/objectweb/asm/Context;I)V @ 3836
Event: 62.754 Thread 0x0000000021f84000 Uncommon trap: reason=class_check action=maybe_recompile pc=0x000000000394c688 method=org.objectweb.asm.Label.accept(Lorg/objectweb/asm/MethodVisitor;Z)V @ 2
Event: 63.144 Thread 0x0000000021f84000 Uncommon trap: reason=class_check action=maybe_recompile pc=0x0000000003ab3978 method=org.objectweb.asm.ClassReader.readCode(Lorg/objectweb/asm/MethodVisitor;Lorg/objectweb/asm/Context;I)V @ 3723

Internal exceptions (10 events):
Event: 64.832 Thread 0x0000000021f84000 Exception <a 'sun/nio/fs/WindowsException'> (0x00000000f70f07b0) thrown at [C:\re\workspace\8-2-build-windows-amd64-cygwin\jdk8u51\3951\hotspot\src\share\vm\prims\jni.cpp, line 709]
Event: 64.889 Thread 0x0000000021f84000 Exception <a 'java/lang/IllegalArgumentException': Wrong type at constant pool index> (0x00000000d69b7d20) thrown at [C:\re\workspace\8-2-build-windows-amd64-cygwin\jdk8u51\3951\hotspot\src\share\vm\prims\jvm.cpp, line 2143]
Event: 64.890 Thread 0x0000000021f84000 Exception <a 'sun/nio/fs/WindowsException'> (0x00000000d69b9bb8) thrown at [C:\re\workspace\8-2-build-windows-amd64-cygwin\jdk8u51\3951\hotspot\src\share\vm\prims\jni.cpp, line 709]
Event: 64.890 Thread 0x0000000021f84000 Exception <a 'sun/nio/fs/WindowsException'> (0x00000000d69ba188) thrown at [C:\re\workspace\8-2-build-windows-amd64-cygwin\jdk8u51\3951\hotspot\src\share\vm\prims\jni.cpp, line 709]
Event: 64.890 Thread 0x0000000021f84000 Exception <a 'sun/nio/fs/WindowsException'> (0x00000000d69bbc40) thrown at [C:\re\workspace\8-2-build-windows-amd64-cygwin\jdk8u51\3951\hotspot\src\share\vm\prims\jni.cpp, line 709]
Event: 64.890 Thread 0x0000000021f84000 Exception <a 'sun/nio/fs/WindowsException'> (0x00000000d69bc210) thrown at [C:\re\workspace\8-2-build-windows-amd64-cygwin\jdk8u51\3951\hotspot\src\share\vm\prims\jni.cpp, line 709]
Event: 64.896 Thread 0x0000000021f84000 Exception <a 'sun/nio/fs/WindowsException'> (0x00000000d69f7a08) thrown at [C:\re\workspace\8-2-build-windows-amd64-cygwin\jdk8u51\3951\hotspot\src\share\vm\prims\jni.cpp, line 709]
Event: 64.896 Thread 0x0000000021f84000 Exception <a 'sun/nio/fs/WindowsException'> (0x00000000d69f7fe8) thrown at [C:\re\workspace\8-2-build-windows-amd64-cygwin\jdk8u51\3951\hotspot\src\share\vm\prims\jni.cpp, line 709]
Event: 64.897 Thread 0x0000000021f84000 Exception <a 'sun/nio/fs/WindowsException'> (0x00000000d69f9aa8) thrown at [C:\re\workspace\8-2-build-windows-amd64-cygwin\jdk8u51\3951\hotspot\src\share\vm\prims\jni.cpp, line 709]
Event: 64.897 Thread 0x0000000021f84000 Exception <a 'sun/nio/fs/WindowsException'> (0x00000000d69fa088) thrown at [C:\re\workspace\8-2-build-windows-amd64-cygwin\jdk8u51\3951\hotspot\src\share\vm\prims\jni.cpp, line 709]

Events (10 events):
Event: 64.952 loading class net/minecraft/item/Item
Event: 64.952 loading class net/minecraft/item/Item done
Event: 64.952 loading class net/minecraft/item/Item
Event: 64.952 loading class net/minecraft/item/Item done
Event: 64.952 loading class net/minecraft/item/Item
Event: 64.952 loading class net/minecraft/item/Item done
Event: 64.953 loading class net/minecraft/item/Item
Event: 64.953 loading class net/minecraft/item/Item done
Event: 64.953 loading class net/minecraft/item/Item
Event: 64.953 loading class net/minecraft/item/Item done


Dynamic libraries:
0x00007ff6cfda0000 - 0x00007ff6cfdd7000 	C:\Program Files (x86)\Minecraft\runtime\jre-x64\bin\java.exe
0x00007ff975b10000 - 0x00007ff975d05000 	C:\WINDOWS\SYSTEM32\ntdll.dll
0x00007ff974d90000 - 0x00007ff974e4d000 	C:\WINDOWS\System32\KERNEL32.DLL
0x00007ff9737a0000 - 0x00007ff973a68000 	C:\WINDOWS\System32\KERNELBASE.dll
0x00007ff9748d0000 - 0x00007ff97497c000 	C:\WINDOWS\System32\ADVAPI32.dll
0x00007ff975010000 - 0x00007ff9750ae000 	C:\WINDOWS\System32\msvcrt.dll
0x00007ff974f60000 - 0x00007ff974ffb000 	C:\WINDOWS\System32\sechost.dll
0x00007ff974c60000 - 0x00007ff974d8b000 	C:\WINDOWS\System32\RPCRT4.dll
0x00007ff974370000 - 0x00007ff974510000 	C:\WINDOWS\System32\USER32.dll
0x00007ff9735f0000 - 0x00007ff973612000 	C:\WINDOWS\System32\win32u.dll
0x00007ff975120000 - 0x00007ff97514a000 	C:\WINDOWS\System32\GDI32.dll
0x00007ff973490000 - 0x00007ff97359b000 	C:\WINDOWS\System32\gdi32full.dll
0x00007ff973680000 - 0x00007ff97371d000 	C:\WINDOWS\System32\msvcp_win.dll
0x00007ff973a70000 - 0x00007ff973b70000 	C:\WINDOWS\System32\ucrtbase.dll
0x00007ff959500000 - 0x00007ff95979a000 	C:\WINDOWS\WinSxS\amd64_microsoft.windows.common-controls_6595b64144ccf1df_6.0.19041.844_none_ca00b6081b84eb1d\COMCTL32.dll
0x00007ff974f30000 - 0x00007ff974f60000 	C:\WINDOWS\System32\IMM32.DLL
0x0000000061450000 - 0x0000000061522000 	C:\Program Files (x86)\Minecraft\runtime\jre-x64\bin\msvcr100.dll
0x0000000060bc0000 - 0x0000000061443000 	C:\Program Files (x86)\Minecraft\runtime\jre-x64\bin\server\jvm.dll
0x00007ff975000000 - 0x00007ff975008000 	C:\WINDOWS\System32\PSAPI.DLL
0x00007ff94e560000 - 0x00007ff94e569000 	C:\WINDOWS\SYSTEM32\WSOCK32.dll
0x00007ff96c990000 - 0x00007ff96c9b7000 	C:\WINDOWS\SYSTEM32\WINMM.dll
0x00007ff9750b0000 - 0x00007ff97511b000 	C:\WINDOWS\System32\WS2_32.dll
0x00007ff96ca40000 - 0x00007ff96ca4a000 	C:\WINDOWS\SYSTEM32\VERSION.dll
0x0000000060bb0000 - 0x0000000060bbf000 	C:\Program Files (x86)\Minecraft\runtime\jre-x64\bin\verify.dll
0x0000000060b80000 - 0x0000000060ba9000 	C:\Program Files (x86)\Minecraft\runtime\jre-x64\bin\java.dll
0x0000000060b50000 - 0x0000000060b73000 	C:\Program Files (x86)\Minecraft\runtime\jre-x64\bin\instrument.dll
0x0000000060b30000 - 0x0000000060b46000 	C:\Program Files (x86)\Minecraft\runtime\jre-x64\bin\zip.dll
0x00007ff975150000 - 0x00007ff975892000 	C:\WINDOWS\System32\SHELL32.dll
0x00007ff971150000 - 0x00007ff9718e1000 	C:\WINDOWS\SYSTEM32\windows.storage.dll
0x00007ff974510000 - 0x00007ff974865000 	C:\WINDOWS\System32\combase.dll
0x00007ff972bf0000 - 0x00007ff972c1c000 	C:\WINDOWS\SYSTEM32\Wldp.dll
0x00007ff973fe0000 - 0x00007ff97408e000 	C:\WINDOWS\System32\SHCORE.dll
0x00007ff9758c0000 - 0x00007ff975915000 	C:\WINDOWS\System32\shlwapi.dll
0x00007ff973190000 - 0x00007ff9731af000 	C:\WINDOWS\SYSTEM32\profapi.dll
0x00007ff94dcf0000 - 0x00007ff94dd0a000 	C:\Users\ervin_1nmnhvl\AppData\Local\JetBrains\Toolbox\apps\IDEA-U\ch-0\211.6693.111\bin\breakgen64.dll
0x0000000060b10000 - 0x0000000060b2a000 	C:\Program Files (x86)\Minecraft\runtime\jre-x64\bin\net.dll
0x00007ff9729d0000 - 0x00007ff972a3a000 	C:\WINDOWS\system32\mswsock.dll
0x0000000060b00000 - 0x0000000060b0d000 	C:\Program Files (x86)\Minecraft\runtime\jre-x64\bin\management.dll
0x00007ff944330000 - 0x00007ff944347000 	C:\WINDOWS\system32\napinsp.dll
0x00007ff9446b0000 - 0x00007ff9446cb000 	C:\WINDOWS\system32\pnrpnsp.dll
0x00007ff96e1c0000 - 0x00007ff96e1d5000 	C:\WINDOWS\system32\wshbth.dll
0x00007ff96eab0000 - 0x00007ff96eacd000 	C:\WINDOWS\system32\NLAapi.dll
0x00007ff972690000 - 0x00007ff9726cb000 	C:\WINDOWS\SYSTEM32\IPHLPAPI.DLL
0x00007ff9726e0000 - 0x00007ff9727ac000 	C:\WINDOWS\SYSTEM32\DNSAPI.dll
0x00007ff974360000 - 0x00007ff974368000 	C:\WINDOWS\System32\NSI.dll
0x00007ff944a30000 - 0x00007ff944a42000 	C:\WINDOWS\System32\winrnr.dll
0x00007ff963510000 - 0x00007ff96351a000 	C:\Windows\System32\rasadhlp.dll
0x00007ff968f40000 - 0x00007ff968fbf000 	C:\WINDOWS\System32\fwpuclnt.dll
0x00007ff973300000 - 0x00007ff973327000 	C:\WINDOWS\System32\bcrypt.dll
0x0000000060ae0000 - 0x0000000060af1000 	C:\Program Files (x86)\Minecraft\runtime\jre-x64\bin\nio.dll
0x0000000060ab0000 - 0x0000000060ad4000 	C:\Program Files (x86)\Minecraft\runtime\jre-x64\bin\sunec.dll
0x00007ff972f20000 - 0x00007ff972f38000 	C:\WINDOWS\SYSTEM32\CRYPTSP.dll
0x00007ff972210000 - 0x00007ff972244000 	C:\WINDOWS\system32\rsaenh.dll
0x00007ff973150000 - 0x00007ff97317e000 	C:\WINDOWS\SYSTEM32\USERENV.dll
0x00007ff973720000 - 0x00007ff9737a0000 	C:\WINDOWS\System32\bcryptprimitives.dll
0x00007ff972b50000 - 0x00007ff972b5c000 	C:\WINDOWS\SYSTEM32\CRYPTBASE.dll
0x00007ff96a6e0000 - 0x00007ff96a6f7000 	C:\WINDOWS\SYSTEM32\dhcpcsvc6.DLL
0x00007ff96a6c0000 - 0x00007ff96a6dd000 	C:\WINDOWS\SYSTEM32\dhcpcsvc.DLL
0x00007ff941ba0000 - 0x00007ff941c12000 	C:\Users\ervin_1nmnhvl\AppData\Local\Temp\lwjglervin_1nmnhvl\3.2.2-build-10\lwjgl.dll
0x00007ff936940000 - 0x00007ff936b91000 	C:\Users\ERVIN_~1\AppData\Local\Temp\lwjglervin_1nmnhvl\3.2.2-build-10\jemalloc.dll
0x00007ff93ffc0000 - 0x00007ff94001e000 	C:\Users\ERVIN_~1\AppData\Local\Temp\lwjglervin_1nmnhvl\3.2.2-build-10\glfw.dll
0x00007ff970840000 - 0x00007ff9708de000 	C:\WINDOWS\system32\uxtheme.dll
0x00007ff943aa0000 - 0x00007ff943ae5000 	C:\WINDOWS\SYSTEM32\dinput8.dll
0x00007ff94c6c0000 - 0x00007ff94c6d1000 	C:\WINDOWS\SYSTEM32\xinput1_4.dll
0x00007ff9735a0000 - 0x00007ff9735ee000 	C:\WINDOWS\System32\cfgmgr32.dll
0x00007ff973000000 - 0x00007ff97302c000 	C:\WINDOWS\SYSTEM32\DEVOBJ.dll
0x00007ff970c80000 - 0x00007ff970caf000 	C:\WINDOWS\SYSTEM32\dwmapi.dll
0x00007ff95e440000 - 0x00007ff95e592000 	C:\WINDOWS\SYSTEM32\inputhost.dll
0x00007ff9749e0000 - 0x00007ff974aad000 	C:\WINDOWS\System32\OLEAUT32.dll
0x00007ff9706b0000 - 0x00007ff9707a2000 	C:\WINDOWS\SYSTEM32\CoreMessaging.dll
0x00007ff96ead0000 - 0x00007ff96ebc7000 	C:\WINDOWS\SYSTEM32\PROPSYS.dll
0x00007ff96fc80000 - 0x00007ff96fdd4000 	C:\WINDOWS\SYSTEM32\wintypes.dll
0x00007ff96ffd0000 - 0x00007ff97032e000 	C:\WINDOWS\SYSTEM32\CoreUIComponents.dll
0x00007ff971e40000 - 0x00007ff971e73000 	C:\WINDOWS\SYSTEM32\ntmarta.dll
0x00007ff9719d0000 - 0x00007ff9719e2000 	C:\WINDOWS\SYSTEM32\kernel.appcore.dll
0x00007ff9759b0000 - 0x00007ff975ac5000 	C:\WINDOWS\System32\MSCTF.dll
0x00007ff9718f0000 - 0x00007ff9718fd000 	C:\WINDOWS\SYSTEM32\HID.DLL
0x00007ff973b70000 - 0x00007ff973fd9000 	C:\WINDOWS\System32\SETUPAPI.DLL
0x00007ff973620000 - 0x00007ff973680000 	C:\WINDOWS\System32\WINTRUST.dll
0x00007ff973330000 - 0x00007ff97348f000 	C:\WINDOWS\System32\CRYPT32.dll
0x00007ff972fa0000 - 0x00007ff972fb2000 	C:\WINDOWS\SYSTEM32\MSASN1.dll
0x00007ff941c20000 - 0x00007ff941d46000 	C:\WINDOWS\SYSTEM32\opengl32.dll
0x00007ff9580a0000 - 0x00007ff9580cc000 	C:\WINDOWS\SYSTEM32\GLU32.dll
0x00007ff974090000 - 0x00007ff974139000 	C:\WINDOWS\System32\clbcatq.dll
0x00007ff92f730000 - 0x00007ff9303b4000 	C:\WINDOWS\SYSTEM32\ig4icd64.dll
0x00007ff971a40000 - 0x00007ff971b33000 	C:\WINDOWS\SYSTEM32\dxgi.dll
0x00007ff96eff0000 - 0x00007ff96f254000 	C:\WINDOWS\SYSTEM32\d3d11.dll
0x00007ff93f030000 - 0x00007ff93fc80000 	C:\WINDOWS\SYSTEM32\igd10umd64.dll
0x00007ff96ef00000 - 0x00007ff96ef3b000 	C:\WINDOWS\SYSTEM32\dxcore.dll
0x00007ff93ed30000 - 0x00007ff93edaf000 	C:\Users\ervin_1nmnhvl\AppData\Local\Temp\lwjglervin_1nmnhvl\3.2.2-build-10\lwjgl_stb.dll
0x00007ff96de60000 - 0x00007ff96df0e000 	C:\WINDOWS\SYSTEM32\mscms.dll
0x00007ff96de10000 - 0x00007ff96de21000 	C:\WINDOWS\SYSTEM32\ColorAdapterClient.dll
0x00007ff93ece0000 - 0x00007ff93ed23000 	C:\WINDOWS\SYSTEM32\icm32.dll
0x00007ff95e340000 - 0x00007ff95e439000 	C:\WINDOWS\SYSTEM32\textinputframework.dll
0x00007ff93ec80000 - 0x00007ff93ecd8000 	C:\Users\ervin_1nmnhvl\AppData\Local\Temp\lwjglervin_1nmnhvl\3.2.2-build-10\lwjgl_opengl.dll
0x00007ff93ec30000 - 0x00007ff93ec72000 	C:\Users\ervin_1nmnhvl\AppData\Local\Temp\jna-2118671535\jna4218752147535945025.dll
0x00007ff96b610000 - 0x00007ff96b7f4000 	C:\WINDOWS\SYSTEM32\dbghelp.dll

VM Arguments:
jvm_args: -Dforge.logging.console.level=debug -Dforge.logging.markers=SCAN,REGISTRIES,REGISTRYDUMP -XX:HeapDumpPath=MojangTricksIntelDriversForPerformance_javaw.exe_minecraft.exe.heapdump -Dos.name=Windows 10 -Dos.version=10.0 -javaagent:C:\Users\ervin_1nmnhvl\AppData\Local\JetBrains\Toolbox\apps\IDEA-U\ch-0\211.6693.111\lib\idea_rt.jar=59184:C:\Users\ervin_1nmnhvl\AppData\Local\JetBrains\Toolbox\apps\IDEA-U\ch-0\211.6693.111\bin -Dfile.encoding=windows-1250 
java_command: net.minecraftforge.userdev.LaunchTesting
java_class_path (initial): C:\Program Files (x86)\Minecraft\runtime\jre-x64\lib\charsets.jar;C:\Program Files (x86)\Minecraft\runtime\jre-x64\lib\deploy.jar;C:\Program Files (x86)\Minecraft\runtime\jre-x64\lib\ext\access-bridge-64.jar;C:\Program Files (x86)\Minecraft\runtime\jre-x64\lib\ext\cldrdata.jar;C:\Program Files (x86)\Minecraft\runtime\jre-x64\lib\ext\dnsns.jar;C:\Program Files (x86)\Minecraft\runtime\jre-x64\lib\ext\jaccess.jar;C:\Program Files (x86)\Minecraft\runtime\jre-x64\lib\ext\jfxrt.jar;C:\Program Files (x86)\Minecraft\runtime\jre-x64\lib\ext\localedata.jar;C:\Program Files (x86)\Minecraft\runtime\jre-x64\lib\ext\nashorn.jar;C:\Program Files (x86)\Minecraft\runtime\jre-x64\lib\ext\sunec.jar;C:\Program Files (x86)\Minecraft\runtime\jre-x64\lib\ext\sunjce_provider.jar;C:\Program Files (x86)\Minecraft\runtime\jre-x64\lib\ext\sunmscapi.jar;C:\Program Files (x86)\Minecraft\runtime\jre-x64\lib\ext\sunpkcs11.jar;C:\Program Files (x86)\Minecraft\runtime\jre-x64\lib\ext\zipfs.jar;C:\Program Files (x86)\Minecraft\runtime\jre-x64\lib\javaws.jar;C:\Program Files (x86)\Minecraft\runtime\jre-x64\lib\jce.jar;C:\Program Files (x86)\Minecraft\runtime\jre-x64\lib\jfr.jar;C:\Program Files (x86)\Minecraft\runtime\jre-x64\lib\jfxswt.jar;C:\Program Files (x86)\Minecraft\runtime\jre-x64\lib\jsse.jar;C:\Program Files (x86)\Minecraft\runtime\jre-x64\lib\management-agent.jar;C:\Program Files (x86)\Minecraft\runtime\jre-x64\lib\plugin.jar;C:\Program Files (x86)\Minecraft\runtime\jre-x64\lib\resources.jar;C:\Program Files (x86)\Minecraft\runtime\jre-x64\lib\rt.jar;C:\save\modding\ervin_mod_1\build\classes\java\main;C:\save\modding\ervin_mod_1\build\resources\main;C:\Users\ervin_1nmnhvl\.gradle\caches\forge_gradle\minecraft_user_repo\net\minecraftforge\forge\1.16.1-32.0.75_mapped_snapshot_20200723-1.16.1\forge-1.16.1-32.0.75_mapped_snapshot_20200723-1.16.1-recomp.jar;C:\Users\ervin_1nmnhvl\.gradle\caches\forge_gradle\minecraft_user_repo\net\minecraftforge\forge\1.16.1-32.0.75_
Launcher Type: SUN_STANDARD

Environment Variables:
JAVA_HOME=C:\Program Files\Java\jdk-11.0.4
PATH=C:\Program Files\Docker\Docker\Resources\bin;C:\ProgramData\Oracle\Java\javapath;C:\WINDOWS\system32;C:\WINDOWS;C:\WINDOWS\System32\Wbem;C:\WINDOWS\System32\WindowsPowerShell\v1.0\;C:\Program Files (x86)\cloudControl;C:\Program Files\Git\cmd;C:\bin;C:\Program Files (x86)\Windows Kits\8.1\Windows Performance Toolkit\;C:\Program Files (x86)\PuTTY\;C:\Program Files (x86)\Nodist\bin;G:\save\sdk\android\tools;G:\save\sdk\android\platform-tools;C:\boxfuse;C:\Program Files (x86)\Skype\Phone\;C:\Program Files (x86)\GtkSharp\2.12\bin;C:\Program Files (x86)\IVI Foundation\VISA\WinNT\Bin;C:\WINDOWS\system32;C:\WINDOWS;C:\WINDOWS\System32\Wbem;C:\WINDOWS\System32\WindowsPowerShell\v1.0\;;C:\WINDOWS\System32\OpenSSH\;C:\Users\ervin_1nmnhvl\AppData\Local\Microsoft\WindowsApps;
USERNAME=ervin_1nmnhvl
OS=Windows_NT
PROCESSOR_IDENTIFIER=Intel64 Family 6 Model 42 Stepping 7, GenuineIntel



---------------  S Y S T E M  ---------------

OS: Windows 10.0 , 64 bit Build 19041 (10.0.19041.928)

CPU:total 4 (2 cores per cpu, 2 threads per core) family 6 model 42 stepping 7, cmov, cx8, fxsr, mmx, sse, sse2, sse3, ssse3, sse4.1, sse4.2, popcnt, avx, aes, clmul, ht, tsc, tscinvbit

Memory: 4k page, physical 8266764k(334112k free), swap 10363916k(5136k free)

vm_info: Java HotSpot(TM) 64-Bit Server VM (25.51-b03) for windows-amd64 JRE (1.8.0_51-b16), built on Jun  8 2015 18:03:07 by "java_re" with MS VC++ 10.0 (VS2010)

time: Sat May 01 13:59:59 2021
elapsed time: 65 seconds (0d 0h 1m 5s)

