#
# There is insufficient memory for the Java Runtime Environment to continue.
# Native memory allocation (malloc) failed to allocate 1250096 bytes for Chunk::new
# Possible reasons:
#   The system is out of physical RAM or swap space
#   In 32 bit mode, the process size limit was hit
# Possible solutions:
#   Reduce memory load on the system
#   Increase physical memory or swap space
#   Check if swap backing store is full
#   Use 64 bit Java on a 64 bit OS
#   Decrease Java heap size (-Xmx/-Xms)
#   Decrease number of Java threads
#   Decrease Java thread stack sizes (-Xss)
#   Set larger code cache with -XX:ReservedCodeCacheSize=
# This output file may be truncated or incomplete.
#
#  Out of Memory Error (allocation.cpp:390), pid=1432, tid=14120
#
# JRE version: Java(TM) SE Runtime Environment (8.0_51-b16) (build 1.8.0_51-b16)
# Java VM: Java HotSpot(TM) 64-Bit Server VM (25.51-b03 mixed mode windows-amd64 compressed oops)
# Failed to write core dump. Minidumps are not enabled by default on client versions of Windows
#

---------------  T H R E A D  ---------------

Current thread (0x0000000018b8a800):  JavaThread "C2 CompilerThread0" daemon [_thread_in_native, id=14120, stack(0x0000000018cc0000,0x0000000018dc0000)]

Stack: [0x0000000018cc0000,0x0000000018dc0000]
[error occurred during error reporting (printing stack bounds), id 0xc0000005]

Native frames: (J=compiled Java code, j=interpreted, Vv=VM code, C=native code)
V  [jvm.dll+0x32b4ca]
V  [jvm.dll+0x2797e3]
V  [jvm.dll+0x27a479]
V  [jvm.dll+0x293446]
V  [jvm.dll+0x297d3c]
V  [jvm.dll+0x5ca9cf]
C  [msvcr100.dll+0x712e3]
V  [jvm.dll+0x5ca0cd]
C  [ntdll.dll+0xa111f]
C  [ntdll.dll+0x4b474]
C  [ntdll.dll+0x9fc4e]
V  [jvm.dll+0x21bbc1]


Current CompileTask:
C2:1068391 24830   !   4       net.minecraft.entity.Entity::handleFluidAcceleration (452 bytes)


---------------  P R O C E S S  ---------------

Java Threads: ( => current thread )
  0x0000000019036000 JavaThread "Server-Worker-77" daemon [_thread_blocked, id=17912, stack(0x000000002aaf0000,0x000000002abf0000)]
  0x0000000019034800 JavaThread "Server-Worker-76" daemon [_thread_blocked, id=19036, stack(0x0000000025e70000,0x0000000025f70000)]
  0x0000000019035000 JavaThread "Server-Worker-72" daemon [_thread_blocked, id=988, stack(0x0000000026d70000,0x0000000026e70000)]
  0x000000002387c800 JavaThread "LanServerPinger #1" daemon [_thread_blocked, id=10932, stack(0x0000000026c20000,0x0000000026d20000)]
  0x000000002387c000 JavaThread "Netty Server IO #2" daemon [_thread_in_native, id=14772, stack(0x0000000026b20000,0x0000000026c20000)]
  0x0000000023876000 JavaThread "Sound engine" daemon [_thread_blocked, id=9992, stack(0x000000003f9a0000,0x000000003faa0000)]
  0x0000000023874800 JavaThread "Netty Server IO #1" daemon [_thread_in_native, id=22196, stack(0x0000000042550000,0x0000000042650000)]
  0x0000000023878000 JavaThread "Netty Local Client IO #0" daemon [_thread_blocked, id=1120, stack(0x00000000421d0000,0x00000000422d0000)]
  0x0000000023879000 JavaThread "Netty Server IO #0" daemon [_thread_in_native, id=12748, stack(0x0000000040800000,0x0000000040900000)]
  0x0000000023875000 JavaThread "ObjectCleanerThread" daemon [_thread_blocked, id=16216, stack(0x000000003d920000,0x000000003da20000)]
  0x0000000023873800 JavaThread "Java2D Disposer" daemon [_thread_blocked, id=12648, stack(0x0000000044660000,0x0000000044760000)]
  0x000000001bb8f000 JavaThread "poi IO worker" [_thread_blocked, id=10724, stack(0x00000000355a0000,0x00000000356a0000)]
  0x000000001bb8f800 JavaThread "chunk IO worker" [_thread_blocked, id=15208, stack(0x000000002f730000,0x000000002f830000)]
  0x0000000019033800 JavaThread "Thread-11" daemon [_thread_in_native, id=17048, stack(0x000000002f630000,0x000000002f730000)]
  0x0000000019032000 JavaThread "Server thread" [_thread_in_Java, id=10980, stack(0x000000002f530000,0x000000002f630000)]
  0x0000000019030000 JavaThread "Snooper Timer" daemon [_thread_blocked, id=17736, stack(0x0000000027360000,0x0000000027460000)]
  0x000000001bb93800 JavaThread "Narrator" [_thread_blocked, id=20244, stack(0x0000000027460000,0x0000000027560000)]
  0x000000001bb91000 JavaThread "Timer hack thread" daemon [_thread_blocked, id=21552, stack(0x0000000026970000,0x0000000026a70000)]
  0x0000000022afe000 JavaThread "Snooper Timer" daemon [_thread_blocked, id=19760, stack(0x0000000021870000,0x0000000021970000)]
  0x000000001be72800 JavaThread "pool-2-thread-1" daemon [_thread_blocked, id=16020, stack(0x0000000020230000,0x0000000020330000)]
  0x000000001b1bd800 JavaThread "Thread-2" daemon [_thread_in_native, id=15944, stack(0x000000001c6d0000,0x000000001c7d0000)]
  0x000000001b1d7800 JavaThread "Thread-1" daemon [_thread_blocked, id=21320, stack(0x000000001c5d0000,0x000000001c6d0000)]
  0x000000001901a800 JavaThread "Service Thread" daemon [_thread_blocked, id=21908, stack(0x00000000197c0000,0x00000000198c0000)]
  0x0000000018a1d800 JavaThread "C1 CompilerThread2" daemon [_thread_blocked, id=20280, stack(0x0000000018ec0000,0x0000000018fc0000)]
  0x0000000018a1a800 JavaThread "C2 CompilerThread1" daemon [_thread_blocked, id=5136, stack(0x0000000018dc0000,0x0000000018ec0000)]
=>0x0000000018b8a800 JavaThread "C2 CompilerThread0" daemon [_thread_in_native, id=14120, stack(0x0000000018cc0000,0x0000000018dc0000)]
  0x0000000018b6a000 JavaThread "Monitor Ctrl-Break" daemon [_thread_in_native, id=21464, stack(0x0000000018bc0000,0x0000000018cc0000)]
  0x0000000017277800 JavaThread "Attach Listener" daemon [_thread_blocked, id=19244, stack(0x00000000186c0000,0x00000000187c0000)]
  0x0000000017276800 JavaThread "Signal Dispatcher" daemon [_thread_blocked, id=12732, stack(0x00000000185c0000,0x00000000186c0000)]
  0x000000000256b000 JavaThread "Finalizer" daemon [_thread_blocked, id=22488, stack(0x00000000184c0000,0x00000000185c0000)]
  0x0000000002567000 JavaThread "Reference Handler" daemon [_thread_blocked, id=20528, stack(0x00000000183c0000,0x00000000184c0000)]
  0x0000000002472800 JavaThread "Render thread" [_thread_in_native, id=9096, stack(0x0000000002370000,0x0000000002470000)]

Other Threads:
  0x0000000017239000 VMThread [stack: 0x00000000182c0000,0x00000000183c0000] [id=20136]
  0x0000000019023800 WatcherThread [stack: 0x00000000198c0000,0x00000000199c0000] [id=21224]

VM state:not at safepoint (normal execution)

VM Mutex/Monitor currently owned by a thread: None

Heap:
 PSYoungGen      total 666624K, used 450450K [0x00000000d5f00000, 0x0000000100000000, 0x0000000100000000)
  eden space 644096K, 69% used [0x00000000d5f00000,0x00000000f12851a8,0x00000000fd400000)
  from space 22528K, 19% used [0x00000000fd400000,0x00000000fd85f880,0x00000000fea00000)
  to   space 22528K, 0% used [0x00000000fea00000,0x00000000fea00000,0x0000000100000000)
 ParOldGen       total 601088K, used 497246K [0x0000000081c00000, 0x00000000a6700000, 0x00000000d5f00000)
  object space 601088K, 82% used [0x0000000081c00000,0x00000000a0197848,0x00000000a6700000)
 Metaspace       used 94091K, capacity 105587K, committed 105728K, reserved 1138688K
  class space    used 13918K, capacity 16834K, committed 16896K, reserved 1048576K

Card table byte_map: [0x0000000011b00000,0x0000000011f00000] byte_map_base: 0x00000000116f2000

Marking Bits: (ParMarkBitMap*) 0x000000006b604040
 Begin Bits: [0x00000000125b0000, 0x0000000014540000)
 End Bits:   [0x0000000014540000, 0x00000000164d0000)

Polling page: 0x0000000002570000

CodeCache: size=245760Kb used=56403Kb max_used=58703Kb free=189356Kb
 bounds [0x0000000002740000, 0x0000000006130000, 0x0000000011740000]
 total_blobs=17819 nmethods=16150 adapters=1576
 compilation: enabled

Compilation events (10 events):
Event: 1066.964 Thread 0x0000000018b8a800 nmethod 24825 0x0000000004aa8990 code [0x0000000004aa8b00, 0x0000000004aa8c48]
Event: 1067.003 Thread 0x0000000018b8a800 24826       4       net.minecraft.entity.Entity::getBrightness (50 bytes)
Event: 1067.011 Thread 0x0000000018b8a800 nmethod 24826 0x0000000005b62290 code [0x0000000005b62420, 0x0000000005b62818]
Event: 1067.343 Thread 0x0000000018a1d800 24827       3       net.minecraft.client.audio.SimpleSound::<init> (60 bytes)
Event: 1067.343 Thread 0x0000000018a1d800 nmethod 24827 0x0000000002ae8350 code [0x0000000002ae84c0, 0x0000000002ae8770]
Event: 1067.503 Thread 0x0000000018a1d800 24828       3       net.minecraft.entity.LivingEntity::baseTick (765 bytes)
Event: 1067.519 Thread 0x0000000018a1d800 nmethod 24828 0x00000000052ace90 code [0x00000000052ad960, 0x00000000052b70c8]
Event: 1068.198 Thread 0x0000000018a1a800 24829   !   4       net.minecraft.fluid.FlowingFluid::getFlow (447 bytes)
Event: 1068.251 Thread 0x0000000018b8a800 24830   !   4       net.minecraft.entity.Entity::handleFluidAcceleration (452 bytes)
Event: 1068.324 Thread 0x0000000018a1a800 nmethod 24829 0x0000000005c8da90 code [0x0000000005c8df00, 0x0000000005c91668]

GC Heap History (10 events):
Event: 1055.799 GC heap before
{Heap before GC invocations=385 (full 7):
 PSYoungGen      total 668672K, used 668642K [0x00000000d5f00000, 0x0000000100000000, 0x0000000100000000)
  eden space 649728K, 100% used [0x00000000d5f00000,0x00000000fd980000,0x00000000fd980000)
  from space 18944K, 99% used [0x00000000fd980000,0x00000000febf8ac0,0x00000000fec00000)
  to   space 20480K, 0% used [0x00000000fec00000,0x00000000fec00000,0x0000000100000000)
 ParOldGen       total 601088K, used 596820K [0x0000000081c00000, 0x00000000a6700000, 0x00000000d5f00000)
  object space 601088K, 99% used [0x0000000081c00000,0x00000000a62d5188,0x00000000a6700000)
 Metaspace       used 94090K, capacity 105593K, committed 105728K, reserved 1138688K
  class space    used 13918K, capacity 16835K, committed 16896K, reserved 1048576K
Event: 1055.812 GC heap after
Heap after GC invocations=385 (full 7):
 PSYoungGen      total 666624K, used 13082K [0x00000000d5f00000, 0x0000000100000000, 0x0000000100000000)
  eden space 646144K, 0% used [0x00000000d5f00000,0x00000000d5f00000,0x00000000fd600000)
  from space 20480K, 63% used [0x00000000fec00000,0x00000000ff8c6b50,0x0000000100000000)
  to   space 21504K, 0% used [0x00000000fd600000,0x00000000fd600000,0x00000000feb00000)
 ParOldGen       total 601088K, used 598001K [0x0000000081c00000, 0x00000000a6700000, 0x00000000d5f00000)
  object space 601088K, 99% used [0x0000000081c00000,0x00000000a63fc7a8,0x00000000a6700000)
 Metaspace       used 94090K, capacity 105593K, committed 105728K, reserved 1138688K
  class space    used 13918K, capacity 16835K, committed 16896K, reserved 1048576K
}
Event: 1055.812 GC heap before
{Heap before GC invocations=386 (full 8):
 PSYoungGen      total 666624K, used 13082K [0x00000000d5f00000, 0x0000000100000000, 0x0000000100000000)
  eden space 646144K, 0% used [0x00000000d5f00000,0x00000000d5f00000,0x00000000fd600000)
  from space 20480K, 63% used [0x00000000fec00000,0x00000000ff8c6b50,0x0000000100000000)
  to   space 21504K, 0% used [0x00000000fd600000,0x00000000fd600000,0x00000000feb00000)
 ParOldGen       total 601088K, used 598001K [0x0000000081c00000, 0x00000000a6700000, 0x00000000d5f00000)
  object space 601088K, 99% used [0x0000000081c00000,0x00000000a63fc7a8,0x00000000a6700000)
 Metaspace       used 94090K, capacity 105593K, committed 105728K, reserved 1138688K
  class space    used 13918K, capacity 16835K, committed 16896K, reserved 1048576K
Event: 1056.808 GC heap after
Heap after GC invocations=386 (full 8):
 PSYoungGen      total 666624K, used 0K [0x00000000d5f00000, 0x0000000100000000, 0x0000000100000000)
  eden space 646144K, 0% used [0x00000000d5f00000,0x00000000d5f00000,0x00000000fd600000)
  from space 20480K, 0% used [0x00000000fec00000,0x00000000fec00000,0x0000000100000000)
  to   space 21504K, 0% used [0x00000000fd600000,0x00000000fd600000,0x00000000feb00000)
 ParOldGen       total 601088K, used 497246K [0x0000000081c00000, 0x00000000a6700000, 0x00000000d5f00000)
  object space 601088K, 82% used [0x0000000081c00000,0x00000000a0197848,0x00000000a6700000)
 Metaspace       used 94088K, capacity 105587K, committed 105728K, reserved 1138688K
  class space    used 13918K, capacity 16834K, committed 16896K, reserved 1048576K
}
Event: 1059.865 GC heap before
{Heap before GC invocations=387 (full 8):
 PSYoungGen      total 666624K, used 646144K [0x00000000d5f00000, 0x0000000100000000, 0x0000000100000000)
  eden space 646144K, 100% used [0x00000000d5f00000,0x00000000fd600000,0x00000000fd600000)
  from space 20480K, 0% used [0x00000000fec00000,0x00000000fec00000,0x0000000100000000)
  to   space 21504K, 0% used [0x00000000fd600000,0x00000000fd600000,0x00000000feb00000)
 ParOldGen       total 601088K, used 497246K [0x0000000081c00000, 0x00000000a6700000, 0x00000000d5f00000)
  object space 601088K, 82% used [0x0000000081c00000,0x00000000a0197848,0x00000000a6700000)
 Metaspace       used 94088K, capacity 105587K, committed 105728K, reserved 1138688K
  class space    used 13918K, capacity 16834K, committed 16896K, reserved 1048576K
Event: 1059.871 GC heap after
Heap after GC invocations=387 (full 8):
 PSYoungGen      total 649216K, used 2969K [0x00000000d5f00000, 0x0000000100000000, 0x0000000100000000)
  eden space 646144K, 0% used [0x00000000d5f00000,0x00000000d5f00000,0x00000000fd600000)
  from space 3072K, 96% used [0x00000000fd600000,0x00000000fd8e6650,0x00000000fd900000)
  to   space 22016K, 0% used [0x00000000fea80000,0x00000000fea80000,0x0000000100000000)
 ParOldGen       total 601088K, used 497246K [0x0000000081c00000, 0x00000000a6700000, 0x00000000d5f00000)
  object space 601088K, 82% used [0x0000000081c00000,0x00000000a0197848,0x00000000a6700000)
 Metaspace       used 94088K, capacity 105587K, committed 105728K, reserved 1138688K
  class space    used 13918K, capacity 16834K, committed 16896K, reserved 1048576K
}
Event: 1063.291 GC heap before
{Heap before GC invocations=388 (full 8):
 PSYoungGen      total 649216K, used 649113K [0x00000000d5f00000, 0x0000000100000000, 0x0000000100000000)
  eden space 646144K, 100% used [0x00000000d5f00000,0x00000000fd600000,0x00000000fd600000)
  from space 3072K, 96% used [0x00000000fd600000,0x00000000fd8e6650,0x00000000fd900000)
  to   space 22016K, 0% used [0x00000000fea80000,0x00000000fea80000,0x0000000100000000)
 ParOldGen       total 601088K, used 497246K [0x0000000081c00000, 0x00000000a6700000, 0x00000000d5f00000)
  object space 601088K, 82% used [0x0000000081c00000,0x00000000a0197848,0x00000000a6700000)
 Metaspace       used 94089K, capacity 105587K, committed 105728K, reserved 1138688K
  class space    used 13918K, capacity 16834K, committed 16896K, reserved 1048576K
Event: 1063.299 GC heap after
Heap after GC invocations=388 (full 8):
 PSYoungGen      total 666112K, used 991K [0x00000000d5f00000, 0x0000000100000000, 0x0000000100000000)
  eden space 644096K, 0% used [0x00000000d5f00000,0x00000000d5f00000,0x00000000fd400000)
  from space 22016K, 4% used [0x00000000fea80000,0x00000000feb77c40,0x0000000100000000)
  to   space 22528K, 0% used [0x00000000fd400000,0x00000000fd400000,0x00000000fea00000)
 ParOldGen       total 601088K, used 497246K [0x0000000081c00000, 0x00000000a6700000, 0x00000000d5f00000)
  object space 601088K, 82% used [0x0000000081c00000,0x00000000a0197848,0x00000000a6700000)
 Metaspace       used 94089K, capacity 105587K, committed 105728K, reserved 1138688K
  class space    used 13918K, capacity 16834K, committed 16896K, reserved 1048576K
}
Event: 1065.743 GC heap before
{Heap before GC invocations=389 (full 8):
 PSYoungGen      total 666112K, used 645087K [0x00000000d5f00000, 0x0000000100000000, 0x0000000100000000)
  eden space 644096K, 100% used [0x00000000d5f00000,0x00000000fd400000,0x00000000fd400000)
  from space 22016K, 4% used [0x00000000fea80000,0x00000000feb77c40,0x0000000100000000)
  to   space 22528K, 0% used [0x00000000fd400000,0x00000000fd400000,0x00000000fea00000)
 ParOldGen       total 601088K, used 497246K [0x0000000081c00000, 0x00000000a6700000, 0x00000000d5f00000)
  object space 601088K, 82% used [0x0000000081c00000,0x00000000a0197848,0x00000000a6700000)
 Metaspace       used 94091K, capacity 105587K, committed 105728K, reserved 1138688K
  class space    used 13918K, capacity 16834K, committed 16896K, reserved 1048576K
Event: 1065.750 GC heap after
Heap after GC invocations=389 (full 8):
 PSYoungGen      total 666624K, used 4478K [0x00000000d5f00000, 0x0000000100000000, 0x0000000100000000)
  eden space 644096K, 0% used [0x00000000d5f00000,0x00000000d5f00000,0x00000000fd400000)
  from space 22528K, 19% used [0x00000000fd400000,0x00000000fd85f880,0x00000000fea00000)
  to   space 22528K, 0% used [0x00000000fea00000,0x00000000fea00000,0x0000000100000000)
 ParOldGen       total 601088K, used 497246K [0x0000000081c00000, 0x00000000a6700000, 0x00000000d5f00000)
  object space 601088K, 82% used [0x0000000081c00000,0x00000000a0197848,0x00000000a6700000)
 Metaspace       used 94091K, capacity 105587K, committed 105728K, reserved 1138688K
  class space    used 13918K, capacity 16834K, committed 16896K, reserved 1048576K
}

Deoptimization events (10 events):
Event: 1065.806 Thread 0x0000000019034800 Uncommon trap: reason=unstable_if action=reinterpret pc=0x00000000058dc998 method=net.minecraft.client.renderer.chunk.ChunkRenderDispatcher$ChunkRender$RebuildTask.execute(Lnet/minecraft/client/renderer/RegionRenderCacheBuilder;)Ljava/util/concurrent/Compl'(è∏9ßê@
Event: 1065.806 Thread 0x0000000019036000 Uncommon trap: reason=unstable_if action=reinterpret pc=0x00000000058dc998 method=net.minecraft.client.renderer.chunk.ChunkRenderDispatcher$ChunkRender$RebuildTask.execute(Lnet/minecraft/client/renderer/RegionRenderCacheBuilder;)Ljava/util/concurrent/Complá÷/}<ßê@
Event: 1065.809 Thread 0x0000000019035000 Uncommon trap: reason=unstable_if action=reinterpret pc=0x00000000058dc998 method=net.minecraft.client.renderer.chunk.ChunkRenderDispatcher$ChunkRender$RebuildTask.execute(Lnet/minecraft/client/renderer/RegionRenderCacheBuilder;)Ljava/util/concurrent/ComplÅÁÉ
£ßê@
Event: 1065.909 Thread 0x0000000019036000 Uncommon trap: reason=unstable_if action=reinterpret pc=0x00000000060611ac method=net.minecraft.client.renderer.chunk.ChunkRenderDispatcher$ChunkRender$RebuildTask.execute(Lnet/minecraft/client/renderer/RegionRenderCacheBuilder;)Ljava/util/concurrent/Compl0ÔÌñ©ê@
Event: 1066.397 Thread 0x0000000002472800 Uncommon trap: reason=unstable_if action=reinterpret pc=0x0000000005cfca28 method=net.minecraft.entity.Entity.handleFluidAcceleration(Lnet/minecraft/tags/Tag;)Z @ 390
Event: 1066.819 Thread 0x0000000019032000 Uncommon trap: reason=class_check action=maybe_recompile pc=0x0000000004a6219c method=net.minecraft.fluid.FlowingFluid.getFlow(Lnet/minecraft/world/IBlockReader;Lnet/minecraft/util/math/BlockPos;Lnet/minecraft/fluid/IFluidState;)Lnet/minecraft/util/math/Ve
Event: 1066.841 Thread 0x0000000002472800 Uncommon trap: reason=class_check action=maybe_recompile pc=0x0000000004a6219c method=net.minecraft.fluid.FlowingFluid.getFlow(Lnet/minecraft/world/IBlockReader;Lnet/minecraft/util/math/BlockPos;Lnet/minecraft/fluid/IFluidState;)Lnet/minecraft/util/math/Ve˚Îî´ê@
Event: 1066.895 Thread 0x0000000002472800 Uncommon trap: reason=class_check action=maybe_recompile pc=0x0000000004a6219c method=net.minecraft.fluid.FlowingFluid.getFlow(Lnet/minecraft/world/IBlockReader;Lnet/minecraft/util/math/BlockPos;Lnet/minecraft/fluid/IFluidState;)Lnet/minecraft/util/math/Ve'∞˚õ´ê@
Event: 1066.902 Thread 0x0000000019032000 Uncommon trap: reason=class_check action=maybe_recompile pc=0x0000000004a6219c method=net.minecraft.fluid.FlowingFluid.getFlow(Lnet/minecraft/world/IBlockReader;Lnet/minecraft/util/math/BlockPos;Lnet/minecraft/fluid/IFluidState;)Lnet/minecraft/util/math/Ve›êÎKK≠ê@
Event: 1067.324 Thread 0x0000000019032000 Uncommon trap: reason=unstable_if action=reinterpret pc=0x000000000571a0a8 method=net.minecraft.entity.LivingEntity.baseTick()V @ 484

Internal exceptions (10 events):
Event: 1054.823 Thread 0x000000001bb8f800 Exception <a 'sun/nio/fs/WindowsException'> (0x00000000eb092288) thrown at [C:\re\workspace\8-2-build-windows-amd64-cygwin\jdk8u51\3951\hotspot\src\share\vm\prims\jni.cpp, line 709]
Event: 1054.828 Thread 0x000000001bb8f800 Exception <a 'sun/nio/fs/WindowsException'> (0x00000000eb097cb8) thrown at [C:\re\workspace\8-2-build-windows-amd64-cygwin\jdk8u51\3951\hotspot\src\share\vm\prims\jni.cpp, line 709]
Event: 1054.832 Thread 0x000000001bb8f800 Exception <a 'sun/nio/fs/WindowsException'> (0x00000000eb4f8178) thrown at [C:\re\workspace\8-2-build-windows-amd64-cygwin\jdk8u51\3951\hotspot\src\share\vm\prims\jni.cpp, line 709]
Event: 1054.835 Thread 0x000000001bb8f800 Exception <a 'sun/nio/fs/WindowsException'> (0x00000000eb4fd568) thrown at [C:\re\workspace\8-2-build-windows-amd64-cygwin\jdk8u51\3951\hotspot\src\share\vm\prims\jni.cpp, line 709]
Event: 1054.852 Thread 0x000000001bb8f800 Exception <a 'sun/nio/fs/WindowsException'> (0x00000000eb5032b8) thrown at [C:\re\workspace\8-2-build-windows-amd64-cygwin\jdk8u51\3951\hotspot\src\share\vm\prims\jni.cpp, line 709]
Event: 1054.856 Thread 0x000000001bb8f800 Exception <a 'sun/nio/fs/WindowsException'> (0x00000000eb508508) thrown at [C:\re\workspace\8-2-build-windows-amd64-cygwin\jdk8u51\3951\hotspot\src\share\vm\prims\jni.cpp, line 709]
Event: 1054.861 Thread 0x000000001bb8f800 Exception <a 'sun/nio/fs/WindowsException'> (0x00000000ec297560) thrown at [C:\re\workspace\8-2-build-windows-amd64-cygwin\jdk8u51\3951\hotspot\src\share\vm\prims\jni.cpp, line 709]
Event: 1054.866 Thread 0x000000001bb8f800 Exception <a 'sun/nio/fs/WindowsException'> (0x00000000ec29c7c0) thrown at [C:\re\workspace\8-2-build-windows-amd64-cygwin\jdk8u51\3951\hotspot\src\share\vm\prims\jni.cpp, line 709]
Event: 1054.869 Thread 0x000000001bb8f800 Exception <a 'sun/nio/fs/WindowsException'> (0x00000000ec2a1b00) thrown at [C:\re\workspace\8-2-build-windows-amd64-cygwin\jdk8u51\3951\hotspot\src\share\vm\prims\jni.cpp, line 709]
Event: 1054.876 Thread 0x000000001bb8f800 Exception <a 'sun/nio/fs/WindowsException'> (0x00000000ec2ae5e0) thrown at [C:\re\workspace\8-2-build-windows-amd64-cygwin\jdk8u51\3951\hotspot\src\share\vm\prims\jni.cpp, line 709]

Events (10 events):
Event: 1066.965 Thread 0x0000000018a1a800 flushing nmethod 0x0000000003556750
Event: 1067.324 Thread 0x0000000019032000 Uncommon trap: trap_request=0xffffff65 fr.pc=0x000000000571a0a8
Event: 1067.324 Thread 0x0000000019032000 DEOPT PACKING pc=0x000000000571a0a8 sp=0x000000002f62eb80
Event: 1067.324 Thread 0x0000000019032000 DEOPT UNPACKING pc=0x000000000278582a sp=0x000000002f62eb00 mode 2
Event: 1067.519 Thread 0x0000000018a1d800 flushing nmethod 0x0000000003cc4550
Event: 1067.520 Thread 0x0000000018a1d800 flushing nmethod 0x0000000003e05f10
Event: 1067.520 Thread 0x0000000018a1d800 flushing nmethod 0x0000000003e18850
Event: 1068.325 Thread 0x0000000018a1a800 flushing nmethod 0x00000000040ab850
Event: 1068.327 Thread 0x0000000018a1a800 flushing nmethod 0x00000000042ab750
Event: 1068.327 Thread 0x0000000018a1a800 flushing nmethod 0x0000000004336490


Dynamic libraries:
0x00007ff6f1270000 - 0x00007ff6f12a7000 	C:\Program Files (x86)\Minecraft\runtime\jre-x64\bin\java.exe
0x00007ff8dfd70000 - 0x00007ff8dff65000 	C:\WINDOWS\SYSTEM32\ntdll.dll
0x00007ff8de750000 - 0x00007ff8de80d000 	C:\WINDOWS\System32\KERNEL32.DLL
0x00007ff8ddb10000 - 0x00007ff8dddd7000 	C:\WINDOWS\System32\KERNELBASE.dll
0x00007ff8decf0000 - 0x00007ff8ded9a000 	C:\WINDOWS\System32\ADVAPI32.dll
0x00007ff8de0b0000 - 0x00007ff8de14e000 	C:\WINDOWS\System32\msvcrt.dll
0x00007ff8df520000 - 0x00007ff8df5bb000 	C:\WINDOWS\System32\sechost.dll
0x00007ff8dfa50000 - 0x00007ff8dfb73000 	C:\WINDOWS\System32\RPCRT4.dll
0x00007ff8ddde0000 - 0x00007ff8ddf80000 	C:\WINDOWS\System32\USER32.dll
0x00007ff8dd510000 - 0x00007ff8dd532000 	C:\WINDOWS\System32\win32u.dll
0x00007ff8de600000 - 0x00007ff8de62a000 	C:\WINDOWS\System32\GDI32.dll
0x00007ff8dd6a0000 - 0x00007ff8dd7aa000 	C:\WINDOWS\System32\gdi32full.dll
0x00007ff8dd7e0000 - 0x00007ff8dd87d000 	C:\WINDOWS\System32\msvcp_win.dll
0x00007ff8dd8e0000 - 0x00007ff8dd9e0000 	C:\WINDOWS\System32\ucrtbase.dll
0x00007ff8c0380000 - 0x00007ff8c061a000 	C:\WINDOWS\WinSxS\amd64_microsoft.windows.common-controls_6595b64144ccf1df_6.0.19041.1_none_b555e41d4684ddec\COMCTL32.dll
0x00007ff8deda0000 - 0x00007ff8dedd0000 	C:\WINDOWS\System32\IMM32.DLL
0x000000006b690000 - 0x000000006b762000 	C:\Program Files (x86)\Minecraft\runtime\jre-x64\bin\msvcr100.dll
0x000000006ae00000 - 0x000000006b683000 	C:\Program Files (x86)\Minecraft\runtime\jre-x64\bin\server\jvm.dll
0x00007ff8de1d0000 - 0x00007ff8de1d8000 	C:\WINDOWS\System32\PSAPI.DLL
0x00007ff8d64a0000 - 0x00007ff8d64c7000 	C:\WINDOWS\SYSTEM32\WINMM.dll
0x00007ff8d6230000 - 0x00007ff8d623a000 	C:\WINDOWS\SYSTEM32\VERSION.dll
0x00007ff8b8050000 - 0x00007ff8b8059000 	C:\WINDOWS\SYSTEM32\WSOCK32.dll
0x00007ff8de810000 - 0x00007ff8de87b000 	C:\WINDOWS\System32\WS2_32.dll
0x000000006c010000 - 0x000000006c01f000 	C:\Program Files (x86)\Minecraft\runtime\jre-x64\bin\verify.dll
0x000000006bfe0000 - 0x000000006c009000 	C:\Program Files (x86)\Minecraft\runtime\jre-x64\bin\java.dll
0x000000006bfb0000 - 0x000000006bfd3000 	C:\Program Files (x86)\Minecraft\runtime\jre-x64\bin\instrument.dll
0x000000006bf90000 - 0x000000006bfa6000 	C:\Program Files (x86)\Minecraft\runtime\jre-x64\bin\zip.dll
0x00007ff8dedd0000 - 0x00007ff8df510000 	C:\WINDOWS\System32\SHELL32.dll
0x00007ff8db500000 - 0x00007ff8dbc91000 	C:\WINDOWS\SYSTEM32\windows.storage.dll
0x00007ff8de2a0000 - 0x00007ff8de5f3000 	C:\WINDOWS\System32\combase.dll
0x00007ff8dce70000 - 0x00007ff8dce9c000 	C:\WINDOWS\SYSTEM32\Wldp.dll
0x00007ff8ddfa0000 - 0x00007ff8de04e000 	C:\WINDOWS\System32\SHCORE.dll
0x00007ff8de050000 - 0x00007ff8de0a5000 	C:\WINDOWS\System32\shlwapi.dll
0x00007ff8dd400000 - 0x00007ff8dd41f000 	C:\WINDOWS\SYSTEM32\profapi.dll
0x00007ff8c2700000 - 0x00007ff8c271a000 	C:\Users\ervin_1nmnhvl\AppData\Local\JetBrains\Toolbox\apps\IDEA-U\ch-0\202.6397.94\bin\breakgen64.dll
0x000000006bf70000 - 0x000000006bf8a000 	C:\Program Files (x86)\Minecraft\runtime\jre-x64\bin\net.dll
0x00007ff8dcc60000 - 0x00007ff8dccca000 	C:\WINDOWS\system32\mswsock.dll
0x000000006adf0000 - 0x000000006adfd000 	C:\Program Files (x86)\Minecraft\runtime\jre-x64\bin\management.dll
0x00007ff8aa430000 - 0x00007ff8aa447000 	C:\WINDOWS\system32\napinsp.dll
0x00007ff8aa260000 - 0x00007ff8aa27b000 	C:\WINDOWS\system32\pnrpnsp.dll
0x00007ff8d8210000 - 0x00007ff8d8225000 	C:\WINDOWS\system32\wshbth.dll
0x00007ff8d8e80000 - 0x00007ff8d8e9d000 	C:\WINDOWS\system32\NLAapi.dll
0x00007ff8dc920000 - 0x00007ff8dc95b000 	C:\WINDOWS\SYSTEM32\IPHLPAPI.DLL
0x00007ff8dc970000 - 0x00007ff8dca3a000 	C:\WINDOWS\SYSTEM32\DNSAPI.dll
0x00007ff8df910000 - 0x00007ff8df919000 	C:\WINDOWS\System32\NSI.dll
0x00007ff8b4ae0000 - 0x00007ff8b4af2000 	C:\WINDOWS\System32\winrnr.dll
0x00007ff8cdbd0000 - 0x00007ff8cdbda000 	C:\Windows\System32\rasadhlp.dll
0x00007ff8d1e90000 - 0x00007ff8d1f0f000 	C:\WINDOWS\System32\fwpuclnt.dll
0x00007ff8dd7b0000 - 0x00007ff8dd7d7000 	C:\WINDOWS\System32\bcrypt.dll
0x00007ff8d4530000 - 0x00007ff8d4547000 	C:\WINDOWS\SYSTEM32\dhcpcsvc6.DLL
0x00007ff8d3d70000 - 0x00007ff8d3d8d000 	C:\WINDOWS\SYSTEM32\dhcpcsvc.DLL
0x00007ff8dd1c0000 - 0x00007ff8dd1d8000 	C:\WINDOWS\SYSTEM32\CRYPTSP.dll
0x00007ff8dc4a0000 - 0x00007ff8dc4d4000 	C:\WINDOWS\system32\rsaenh.dll
0x00007ff8dd3c0000 - 0x00007ff8dd3ee000 	C:\WINDOWS\SYSTEM32\USERENV.dll
0x00007ff8dda90000 - 0x00007ff8ddb0f000 	C:\WINDOWS\System32\bcryptprimitives.dll
0x00007ff8dcde0000 - 0x00007ff8dcdec000 	C:\WINDOWS\SYSTEM32\CRYPTBASE.dll
0x000000006add0000 - 0x000000006ade1000 	C:\Program Files (x86)\Minecraft\runtime\jre-x64\bin\nio.dll
0x000000006ada0000 - 0x000000006adc4000 	C:\Program Files (x86)\Minecraft\runtime\jre-x64\bin\sunec.dll
0x00007ff8a1590000 - 0x00007ff8a1602000 	C:\Users\ervin_1nmnhvl\AppData\Local\Temp\lwjglervin_1nmnhvl\3.2.2-build-10\lwjgl.dll
0x00007ff89ed40000 - 0x00007ff89ef91000 	C:\Users\ERVIN_~1\AppData\Local\Temp\lwjglervin_1nmnhvl\3.2.2-build-10\jemalloc.dll
0x00007ff8af1b0000 - 0x00007ff8af20e000 	C:\Users\ERVIN_~1\AppData\Local\Temp\lwjglervin_1nmnhvl\3.2.2-build-10\glfw.dll
0x00007ff8dacb0000 - 0x00007ff8dad4f000 	C:\WINDOWS\system32\uxtheme.dll
0x00007ff8abbb0000 - 0x00007ff8abbf5000 	C:\WINDOWS\SYSTEM32\dinput8.dll
0x00007ff8bab70000 - 0x00007ff8bab81000 	C:\WINDOWS\SYSTEM32\xinput1_4.dll
0x00007ff8dd4c0000 - 0x00007ff8dd50d000 	C:\WINDOWS\System32\cfgmgr32.dll
0x00007ff8dd280000 - 0x00007ff8dd2ac000 	C:\WINDOWS\SYSTEM32\DEVOBJ.dll
0x00007ff8db030000 - 0x00007ff8db05f000 	C:\WINDOWS\SYSTEM32\dwmapi.dll
0x00007ff8cce20000 - 0x00007ff8ccf72000 	C:\WINDOWS\SYSTEM32\inputhost.dll
0x00007ff8df840000 - 0x00007ff8df90d000 	C:\WINDOWS\System32\OLEAUT32.dll
0x00007ff8da5f0000 - 0x00007ff8da6e2000 	C:\WINDOWS\SYSTEM32\CoreMessaging.dll
0x00007ff8d8b80000 - 0x00007ff8d8c75000 	C:\WINDOWS\SYSTEM32\PROPSYS.dll
0x00007ff8da6f0000 - 0x00007ff8daa4a000 	C:\WINDOWS\SYSTEM32\CoreUIComponents.dll
0x00007ff8da110000 - 0x00007ff8da266000 	C:\WINDOWS\SYSTEM32\wintypes.dll
0x00007ff8dc0f0000 - 0x00007ff8dc123000 	C:\WINDOWS\SYSTEM32\ntmarta.dll
0x00007ff8db4e0000 - 0x00007ff8db4f3000 	C:\WINDOWS\SYSTEM32\kernel.appcore.dll
0x00007ff8de630000 - 0x00007ff8de745000 	C:\WINDOWS\System32\MSCTF.dll
0x00007ff8dbca0000 - 0x00007ff8dbcad000 	C:\WINDOWS\SYSTEM32\HID.DLL
0x00007ff8de880000 - 0x00007ff8dece7000 	C:\WINDOWS\System32\SETUPAPI.DLL
0x00007ff8dd880000 - 0x00007ff8dd8e0000 	C:\WINDOWS\System32\WINTRUST.dll
0x00007ff8dd540000 - 0x00007ff8dd69d000 	C:\WINDOWS\System32\CRYPT32.dll
0x00007ff8dd1f0000 - 0x00007ff8dd202000 	C:\WINDOWS\SYSTEM32\MSASN1.dll
0x00007ff89c4f0000 - 0x00007ff89c64c000 	C:\WINDOWS\SYSTEM32\opengl32.dll
0x00007ff89e7b0000 - 0x00007ff89e7dc000 	C:\WINDOWS\SYSTEM32\GLU32.dll
0x00007ff896020000 - 0x00007ff896ca4000 	C:\WINDOWS\SYSTEM32\ig4icd64.dll
0x00007ff8dbd00000 - 0x00007ff8dbdf3000 	C:\WINDOWS\SYSTEM32\dxgi.dll
0x00007ff8d9cb0000 - 0x00007ff8d9f13000 	C:\WINDOWS\SYSTEM32\d3d11.dll
0x00007ff8d25f0000 - 0x00007ff8d262b000 	C:\WINDOWS\SYSTEM32\dxcore.dll
0x00007ff8ccf80000 - 0x00007ff8cd07c000 	C:\WINDOWS\SYSTEM32\textinputframework.dll
0x00007ff8ab4e0000 - 0x00007ff8ab538000 	C:\Users\ervin_1nmnhvl\AppData\Local\Temp\lwjglervin_1nmnhvl\3.2.2-build-10\lwjgl_opengl.dll
0x00007ff8a1410000 - 0x00007ff8a148f000 	C:\Users\ervin_1nmnhvl\AppData\Local\Temp\lwjglervin_1nmnhvl\3.2.2-build-10\lwjgl_stb.dll
0x00007ff8df920000 - 0x00007ff8dfa49000 	C:\WINDOWS\System32\ole32.dll
0x00007ff8a8f40000 - 0x00007ff8a9b90000 	C:\WINDOWS\SYSTEM32\igd10umd64.dll
0x00007ff8d7e20000 - 0x00007ff8d7ece000 	C:\WINDOWS\SYSTEM32\mscms.dll
0x00007ff8d7b80000 - 0x00007ff8d7b91000 	C:\WINDOWS\SYSTEM32\ColorAdapterClient.dll
0x00007ff8a1ad0000 - 0x00007ff8a1b13000 	C:\WINDOWS\SYSTEM32\icm32.dll
0x00007ff89f2a0000 - 0x00007ff89f2e2000 	C:\Users\ervin_1nmnhvl\AppData\Local\Temp\jna-2118671535\jna7142350040747913663.dll
0x00007ff8d11e0000 - 0x00007ff8d11fa000 	C:\save\modding\ervin_mod_1\build\natives\SAPIWrapper_x64.dll
0x00007ff8df6a0000 - 0x00007ff8df748000 	C:\WINDOWS\System32\clbcatq.dll
0x00007ff89c650000 - 0x00007ff89c7d4000 	C:\WINDOWS\System32\Speech\Common\sapi.dll
0x00007ff8b4690000 - 0x00007ff8b46ae000 	C:\WINDOWS\SYSTEM32\MSACM32.dll
0x00007ff8bbbf0000 - 0x00007ff8bbbfb000 	C:\WINDOWS\SYSTEM32\msdmo.dll
0x00007ff8bcd60000 - 0x00007ff8bcd86000 	C:\WINDOWS\SYSTEM32\winmmbase.dll
0x00007ff8ce7c0000 - 0x00007ff8ce845000 	C:\WINDOWS\System32\MMDevApi.dll
0x00007ff89ec20000 - 0x00007ff89ed34000 	C:\Users\ERVIN_~1\AppData\Local\Temp\lwjglervin_1nmnhvl\3.2.2-build-10\OpenAL.dll
0x00007ff8c6810000 - 0x00007ff8c6990000 	C:\WINDOWS\SYSTEM32\AUDIOSES.DLL
0x00007ff8dca90000 - 0x00007ff8dcadb000 	C:\WINDOWS\SYSTEM32\powrprof.dll
0x00007ff8dc900000 - 0x00007ff8dc912000 	C:\WINDOWS\SYSTEM32\UMPDC.dll
0x00007ff8dae30000 - 0x00007ff8dae44000 	C:\WINDOWS\SYSTEM32\resourcepolicyclient.dll
0x000000006ac00000 - 0x000000006ad98000 	C:\Program Files (x86)\Minecraft\runtime\jre-x64\bin\awt.dll
0x00007ff8dab80000 - 0x00007ff8dac10000 	C:\WINDOWS\SYSTEM32\apphelp.dll
0x00007ff8d4670000 - 0x00007ff8d4854000 	C:\WINDOWS\SYSTEM32\dbghelp.dll

VM Arguments:
jvm_args: -Dforge.logging.console.level=debug -Dforge.logging.markers=SCAN,REGISTRIES,REGISTRYDUMP -XX:HeapDumpPath=MojangTricksIntelDriversForPerformance_javaw.exe_minecraft.exe.heapdump -Dos.name=Windows 10 -Dos.version=10.0 -javaagent:C:\Users\ervin_1nmnhvl\AppData\Local\JetBrains\Toolbox\apps\IDEA-U\ch-0\202.6397.94\lib\idea_rt.jar=51022:C:\Users\ervin_1nmnhvl\AppData\Local\JetBrains\Toolbox\apps\IDEA-U\ch-0\202.6397.94\bin -Dfile.encoding=UTF-8 
java_command: net.minecraftforge.userdev.LaunchTesting
java_class_path (initial): C:\Program Files (x86)\Minecraft\runtime\jre-x64\lib\charsets.jar;C:\Program Files (x86)\Minecraft\runtime\jre-x64\lib\deploy.jar;C:\Program Files (x86)\Minecraft\runtime\jre-x64\lib\ext\access-bridge-64.jar;C:\Program Files (x86)\Minecraft\runtime\jre-x64\lib\ext\cldrdata.jar;C:\Program Files (x86)\Minecraft\runtime\jre-x64\lib\ext\dnsns.jar;C:\Program Files (x86)\Minecraft\runtime\jre-x64\lib\ext\jaccess.jar;C:\Program Files (x86)\Minecraft\runtime\jre-x64\lib\ext\jfxrt.jar;C:\Program Files (x86)\Minecraft\runtime\jre-x64\lib\ext\localedata.jar;C:\Program Files (x86)\Minecraft\runtime\jre-x64\lib\ext\nashorn.jar;C:\Program Files (x86)\Minecraft\runtime\jre-x64\lib\ext\sunec.jar;C:\Program Files (x86)\Minecraft\runtime\jre-x64\lib\ext\sunjce_provider.jar;C:\Program Files (x86)\Minecraft\runtime\jre-x64\lib\ext\sunmscapi.jar;C:\Program Files (x86)\Minecraft\runtime\jre-x64\lib\ext\sunpkcs11.jar;C:\Program Files (x86)\Minecraft\runtime\jre-x64\lib\ext\zipfs.jar;C:\Program Files (x86)\Minecraft\runtime\jre-x64\lib\javaws.jar;C:\Program Files (x86)\Minecraft\runtime\jre-x64\lib\jce.jar;C:\Program Files (x86)\Minecraft\runtime\jre-x64\lib\jfr.jar;C:\Program Files (x86)\Minecraft\runtime\jre-x64\lib\jfxswt.jar;C:\Program Files (x86)\Minecraft\runtime\jre-x64\lib\jsse.jar;C:\Program Files (x86)\Minecraft\runtime\jre-x64\lib\management-agent.jar;C:\Program Files (x86)\Minecraft\runtime\jre-x64\lib\plugin.jar;C:\Program Files (x86)\Minecraft\runtime\jre-x64\lib\resources.jar;C:\Program Files (x86)\Minecraft\runtime\jre-x64\lib\rt.jar;C:\save\modding\ervin_mod_1\build\classes\java\main;C:\save\modding\ervin_mod_1\build\resources\main;C:\Users\ervin_1nmnhvl\.gradle\caches\forge_gradle\minecraft_user_repo\net\minecraftforge\forge\1.15.2-31.1.9_mapped_snapshot_20200427-1.15.1\forge-1.15.2-31.1.9_mapped_snapshot_20200427-1.15.1-recomp.jar;C:\Users\ervin_1nmnhvl\.gradle\caches\forge_gradle\minecraft_user_repo\net\minecraftforge\forge\1.15.2-31.1.9_map
Launcher Type: SUN_STANDARD

Environment Variables:
JAVA_HOME=C:\Program Files\Java\jdk-11.0.4
PATH=C:\Program Files\Docker\Docker\Resources\bin;C:\ProgramData\Oracle\Java\javapath;C:\WINDOWS\system32;C:\WINDOWS;C:\WINDOWS\System32\Wbem;C:\WINDOWS\System32\WindowsPowerShell\v1.0\;C:\Program Files (x86)\cloudControl;C:\Program Files\Git\cmd;C:\bin;C:\Program Files (x86)\Windows Kits\8.1\Windows Performance Toolkit\;C:\Program Files (x86)\PuTTY\;C:\Program Files (x86)\Nodist\bin;G:\save\sdk\android\tools;G:\save\sdk\android\platform-tools;C:\boxfuse;C:\Program Files (x86)\Skype\Phone\;C:\Program Files (x86)\GtkSharp\2.12\bin;C:\Program Files (x86)\IVI Foundation\VISA\WinNT\Bin;C:\WINDOWS\system32;C:\WINDOWS;C:\WINDOWS\System32\Wbem;C:\WINDOWS\System32\WindowsPowerShell\v1.0\;;C:\WINDOWS\System32\OpenSSH\;C:\Users\ervin_1nmnhvl\AppData\Local\Microsoft\WindowsApps;
USERNAME=ervin_1nmnhvl
OS=Windows_NT
PROCESSOR_IDENTIFIER=Intel64 Family 6 Model 42 Stepping 7, GenuineIntel



---------------  S Y S T E M  ---------------

OS: Windows 10.0 , 64 bit Build 19041 (10.0.19041.292)

CPU:total 4 (2 cores per cpu, 2 threads per core) family 6 model 42 stepping 7, cmov, cx8, fxsr, mmx, sse, sse2, sse3, ssse3, sse4.1, sse4.2, popcnt, avx, aes, clmul, ht, tsc, tscinvbit

Memory: 4k page, physical 8266764k(288012k free), swap 10363916k(4488k free)

vm_info: Java HotSpot(TM) 64-Bit Server VM (25.51-b03) for windows-amd64 JRE (1.8.0_51-b16), built on Jun  8 2015 18:03:07 by "java_re" with MS VC++ 10.0 (VS2010)

time: Wed Sep 02 13:16:49 2020
elapsed time: 1068 seconds (0d 0h 17m 48s)

