#
# There is insufficient memory for the Java Runtime Environment to continue.
# Native memory allocation (malloc) failed to allocate 1284736 bytes for Chunk::new
# Possible reasons:
#   The system is out of physical RAM or swap space
#   In 32 bit mode, the process size limit was hit
# Possible solutions:
#   Reduce memory load on the system
#   Increase physical memory or swap space
#   Check if swap backing store is full
#   Use 64 bit Java on a 64 bit OS
#   Decrease Java heap size (-Xmx/-Xms)
#   Decrease number of Java threads
#   Decrease Java thread stack sizes (-Xss)
#   Set larger code cache with -XX:ReservedCodeCacheSize=
# This output file may be truncated or incomplete.
#
#  Out of Memory Error (allocation.cpp:390), pid=13064, tid=15484
#
# JRE version: Java(TM) SE Runtime Environment (8.0_51-b16) (build 1.8.0_51-b16)
# Java VM: Java HotSpot(TM) 64-Bit Server VM (25.51-b03 mixed mode windows-amd64 compressed oops)
# Failed to write core dump. Minidumps are not enabled by default on client versions of Windows
#

---------------  T H R E A D  ---------------

Current thread (0x000000001916c800):  JavaThread "C2 CompilerThread1" daemon [_thread_in_native, id=15484, stack(0x0000000019a30000,0x0000000019b30000)]

Stack: [0x0000000019a30000,0x0000000019b30000]
Native frames: (J=compiled Java code, j=interpreted, Vv=VM code, C=native code)
V  [jvm.dll+0x32b4ca]


Current CompileTask:
C2: 194940 10065       4       com.google.gson.internal.bind.TypeAdapters$29::read (209 bytes)


---------------  P R O C E S S  ---------------

Java Threads: ( => current thread )
  0x000000001a2a4000 JavaThread "Keep-Alive-Timer" daemon [_thread_blocked, id=1252, stack(0x0000000031720000,0x0000000031820000)]
  0x000000001a2a2800 JavaThread "modloading-worker-3" daemon [_thread_blocked, id=2988, stack(0x000000002e4f0000,0x000000002e5f0000)]
  0x000000001a2a7000 JavaThread "Worker-Main-6" daemon [_thread_in_native, id=2088, stack(0x000000002e9f0000,0x000000002eaf0000)]
  0x000000001a2a8800 JavaThread "modloading-worker-0" daemon [_thread_blocked, id=2068, stack(0x000000002e8f0000,0x000000002e9f0000)]
  0x000000001a2a8000 JavaThread "modloading-worker-1" daemon [_thread_blocked, id=15764, stack(0x000000002e7f0000,0x000000002e8f0000)]
  0x000000001a2a6800 JavaThread "Worker-Main-5" daemon [_thread_blocked, id=2336, stack(0x000000002e6f0000,0x000000002e7f0000)]
  0x000000001ab48000 JavaThread "Worker-Main-4" daemon [_thread_in_Java, id=2796, stack(0x000000002e5f0000,0x000000002e6f0000)]
  0x000000001ab44000 JavaThread "Narrator" [_thread_blocked, id=4984, stack(0x000000002e150000,0x000000002e250000)]
  0x000000001ab46800 JavaThread "Sound engine" daemon [_thread_blocked, id=1932, stack(0x000000002d270000,0x000000002d370000)]
  0x000000001ab45800 JavaThread "Snooper Timer" daemon [_thread_blocked, id=6564, stack(0x0000000000be0000,0x0000000000ce0000)]
  0x000000001ab48800 JavaThread "Timer hack thread" daemon [_thread_blocked, id=10712, stack(0x00000000009d0000,0x0000000000ad0000)]
  0x000000001ab45000 JavaThread "Worker-Bootstrap-3" daemon [_thread_in_Java, id=8976, stack(0x0000000026990000,0x0000000026a90000)]
  0x000000002785c800 JavaThread "Worker-Bootstrap-2" daemon [_thread_in_Java, id=16264, stack(0x0000000025820000,0x0000000025920000)]
  0x0000000024bed800 JavaThread "Worker-Bootstrap-1" daemon [_thread_in_Java, id=11240, stack(0x0000000022ab0000,0x0000000022bb0000)]
  0x0000000026f68000 JavaThread "pool-3-thread-1" [_thread_blocked, id=13352, stack(0x00000000225b0000,0x00000000226b0000)]
  0x0000000019467800 JavaThread "Thread-2" daemon [_thread_in_native, id=5888, stack(0x000000001cd70000,0x000000001ce70000)]
  0x0000000019466800 JavaThread "Thread-1" daemon [_thread_blocked, id=15812, stack(0x000000001cc70000,0x000000001cd70000)]
  0x0000000019219000 JavaThread "Service Thread" daemon [_thread_blocked, id=6968, stack(0x0000000019c30000,0x0000000019d30000)]
  0x0000000019170000 JavaThread "C1 CompilerThread2" daemon [_thread_blocked, id=14420, stack(0x0000000019b30000,0x0000000019c30000)]
=>0x000000001916c800 JavaThread "C2 CompilerThread1" daemon [_thread_in_native, id=15484, stack(0x0000000019a30000,0x0000000019b30000)]
  0x0000000019139000 JavaThread "C2 CompilerThread0" daemon [_thread_in_native, id=11272, stack(0x0000000019930000,0x0000000019a30000)]
  0x00000000174ef800 JavaThread "JDWP Event Helper Thread" daemon [_thread_blocked, id=16036, stack(0x0000000018b30000,0x0000000018c30000)]
  0x00000000174d8000 JavaThread "Attach Listener" daemon [_thread_blocked, id=10328, stack(0x0000000018930000,0x0000000018a30000)]
  0x00000000174d7000 JavaThread "Signal Dispatcher" daemon [_thread_blocked, id=12296, stack(0x0000000018830000,0x0000000018930000)]
  0x0000000002859800 JavaThread "Finalizer" daemon [_thread_blocked, id=10716, stack(0x0000000018720000,0x0000000018820000)]
  0x0000000002856000 JavaThread "Reference Handler" daemon [_thread_blocked, id=5668, stack(0x0000000018620000,0x0000000018720000)]
  0x0000000002762800 JavaThread "Render thread" [_thread_in_native, id=3876, stack(0x0000000002630000,0x0000000002730000)]

Other Threads:
  0x0000000017499000 VMThread [stack: 0x0000000018520000,0x0000000018620000] [id=7704]
  0x000000001921a000 WatcherThread [stack: 0x0000000019d30000,0x0000000019e30000] [id=6608]

VM state:not at safepoint (normal execution)

VM Mutex/Monitor currently owned by a thread: None

Heap:
 PSYoungGen      total 634368K, used 255835K [0x00000000d5f00000, 0x00000000ffe80000, 0x0000000100000000)
  eden space 583168K, 40% used [0x00000000d5f00000,0x00000000e4437870,0x00000000f9880000)
  from space 51200K, 41% used [0x00000000f9880000,0x00000000fad1f600,0x00000000fca80000)
  to   space 50176K, 0% used [0x00000000fcd80000,0x00000000fcd80000,0x00000000ffe80000)
 ParOldGen       total 340992K, used 265204K [0x0000000081c00000, 0x0000000096900000, 0x00000000d5f00000)
  object space 340992K, 77% used [0x0000000081c00000,0x0000000091efd0d8,0x0000000096900000)
 Metaspace       used 79213K, capacity 87302K, committed 87552K, reserved 1122304K
  class space    used 12634K, capacity 15236K, committed 15360K, reserved 1048576K

Card table byte_map: [0x0000000011d60000,0x0000000012160000] byte_map_base: 0x0000000011952000

Marking Bits: (ParMarkBitMap*) 0x00000000555a4040
 Begin Bits: [0x0000000012810000, 0x00000000147a0000)
 End Bits:   [0x00000000147a0000, 0x0000000016730000)

Polling page: 0x0000000000e90000

CodeCache: size=245760Kb used=23942Kb max_used=24608Kb free=221817Kb
 bounds [0x00000000029a0000, 0x00000000041f0000, 0x00000000119a0000]
 total_blobs=8841 nmethods=7380 adapters=1380
 compilation: enabled

Compilation events (10 events):
Event: 194.881 Thread 0x0000000019170000 10061       3       com.google.gson.internal.bind.JsonTreeReader::peekStack (12 bytes)
Event: 194.881 Thread 0x0000000019170000 nmethod 10061 0x0000000002da4e10 code [0x0000000002da4f60, 0x0000000002da50d0]
Event: 194.881 Thread 0x0000000019170000 10062       3       com.google.gson.JsonArray::add (20 bytes)
Event: 194.881 Thread 0x000000001916c800 10065       4       com.google.gson.internal.bind.TypeAdapters$29::read (209 bytes)
Event: 194.881 Thread 0x0000000019170000 nmethod 10062 0x0000000002c64410 code [0x0000000002c64580, 0x0000000002c64868]
Event: 194.881 Thread 0x0000000019170000 10063       3       com.google.gson.internal.bind.JsonTreeReader::peek (200 bytes)
Event: 194.882 Thread 0x0000000019170000 nmethod 10063 0x00000000033eb850 code [0x00000000033ebb20, 0x00000000033ed308]
Event: 194.882 Thread 0x0000000019170000 10064       1       com.google.gson.reflect.TypeToken::hashCode (5 bytes)
Event: 194.883 Thread 0x0000000019170000 nmethod 10064 0x00000000032bb5d0 code [0x00000000032bb720, 0x00000000032bb830]
Event: 194.883 Thread 0x0000000019139000 nmethod 10053 0x00000000030e18d0 code [0x00000000030e25c0, 0x00000000030e3e68]

GC Heap History (10 events):
Event: 190.998 GC heap before
{Heap before GC invocations=119 (full 6):
 PSYoungGen      total 632832K, used 599106K [0x00000000d5f00000, 0x00000000ffe00000, 0x0000000100000000)
  eden space 580096K, 100% used [0x00000000d5f00000,0x00000000f9580000,0x00000000f9580000)
  from space 52736K, 36% used [0x00000000fc900000,0x00000000fdb90af0,0x00000000ffc80000)
  to   space 52736K, 0% used [0x00000000f9580000,0x00000000f9580000,0x00000000fc900000)
 ParOldGen       total 340992K, used 259601K [0x0000000081c00000, 0x0000000096900000, 0x00000000d5f00000)
  object space 340992K, 76% used [0x0000000081c00000,0x0000000091984450,0x0000000096900000)
 Metaspace       used 76200K, capacity 83850K, committed 84096K, reserved 1118208K
  class space    used 12183K, capacity 14700K, committed 14720K, reserved 1048576K
Event: 191.056 GC heap after
Heap after GC invocations=119 (full 6):
 PSYoungGen      total 632832K, used 42263K [0x00000000d5f00000, 0x0000000100000000, 0x0000000100000000)
  eden space 580096K, 0% used [0x00000000d5f00000,0x00000000d5f00000,0x00000000f9580000)
  from space 52736K, 80% used [0x00000000f9580000,0x00000000fbec5ff0,0x00000000fc900000)
  to   space 55296K, 0% used [0x00000000fca00000,0x00000000fca00000,0x0000000100000000)
 ParOldGen       total 340992K, used 259865K [0x0000000081c00000, 0x0000000096900000, 0x00000000d5f00000)
  object space 340992K, 76% used [0x0000000081c00000,0x00000000919c6460,0x0000000096900000)
 Metaspace       used 76200K, capacity 83850K, committed 84096K, reserved 1118208K
  class space    used 12183K, capacity 14700K, committed 14720K, reserved 1048576K
}
Event: 191.801 GC heap before
{Heap before GC invocations=120 (full 6):
 PSYoungGen      total 632832K, used 622359K [0x00000000d5f00000, 0x0000000100000000, 0x0000000100000000)
  eden space 580096K, 100% used [0x00000000d5f00000,0x00000000f9580000,0x00000000f9580000)
  from space 52736K, 80% used [0x00000000f9580000,0x00000000fbec5ff0,0x00000000fc900000)
  to   space 55296K, 0% used [0x00000000fca00000,0x00000000fca00000,0x0000000100000000)
 ParOldGen       total 340992K, used 259865K [0x0000000081c00000, 0x0000000096900000, 0x00000000d5f00000)
  object space 340992K, 76% used [0x0000000081c00000,0x00000000919c6460,0x0000000096900000)
 Metaspace       used 77229K, capacity 85024K, committed 85120K, reserved 1120256K
  class space    used 12319K, capacity 14885K, committed 14976K, reserved 1048576K
Event: 191.856 GC heap after
Heap after GC invocations=120 (full 6):
 PSYoungGen      total 633856K, used 30033K [0x00000000d5f00000, 0x00000000ffd80000, 0x0000000100000000)
  eden space 581120K, 0% used [0x00000000d5f00000,0x00000000d5f00000,0x00000000f9680000)
  from space 52736K, 56% used [0x00000000fca00000,0x00000000fe754448,0x00000000ffd80000)
  to   space 52736K, 0% used [0x00000000f9680000,0x00000000f9680000,0x00000000fca00000)
 ParOldGen       total 340992K, used 261242K [0x0000000081c00000, 0x0000000096900000, 0x00000000d5f00000)
  object space 340992K, 76% used [0x0000000081c00000,0x0000000091b1eb78,0x0000000096900000)
 Metaspace       used 77229K, capacity 85024K, committed 85120K, reserved 1120256K
  class space    used 12319K, capacity 14885K, committed 14976K, reserved 1048576K
}
Event: 193.032 GC heap before
{Heap before GC invocations=121 (full 6):
 PSYoungGen      total 633856K, used 611153K [0x00000000d5f00000, 0x00000000ffd80000, 0x0000000100000000)
  eden space 581120K, 100% used [0x00000000d5f00000,0x00000000f9680000,0x00000000f9680000)
  from space 52736K, 56% used [0x00000000fca00000,0x00000000fe754448,0x00000000ffd80000)
  to   space 52736K, 0% used [0x00000000f9680000,0x00000000f9680000,0x00000000fca00000)
 ParOldGen       total 340992K, used 261242K [0x0000000081c00000, 0x0000000096900000, 0x00000000d5f00000)
  object space 340992K, 76% used [0x0000000081c00000,0x0000000091b1eb78,0x0000000096900000)
 Metaspace       used 78599K, capacity 86568K, committed 86656K, reserved 1120256K
  class space    used 12519K, capacity 15147K, committed 15232K, reserved 1048576K
Event: 193.072 GC heap after
Heap after GC invocations=121 (full 6):
 PSYoungGen      total 633856K, used 29058K [0x00000000d5f00000, 0x00000000ffc00000, 0x0000000100000000)
  eden space 581120K, 0% used [0x00000000d5f00000,0x00000000d5f00000,0x00000000f9680000)
  from space 52736K, 55% used [0x00000000f9680000,0x00000000fb2e0980,0x00000000fca00000)
  to   space 50688K, 0% used [0x00000000fca80000,0x00000000fca80000,0x00000000ffc00000)
 ParOldGen       total 340992K, used 262674K [0x0000000081c00000, 0x0000000096900000, 0x00000000d5f00000)
  object space 340992K, 77% used [0x0000000081c00000,0x0000000091c84bf8,0x0000000096900000)
 Metaspace       used 78599K, capacity 86568K, committed 86656K, reserved 1120256K
  class space    used 12519K, capacity 15147K, committed 15232K, reserved 1048576K
}
Event: 193.479 GC heap before
{Heap before GC invocations=122 (full 6):
 PSYoungGen      total 633856K, used 610178K [0x00000000d5f00000, 0x00000000ffc00000, 0x0000000100000000)
  eden space 581120K, 100% used [0x00000000d5f00000,0x00000000f9680000,0x00000000f9680000)
  from space 52736K, 55% used [0x00000000f9680000,0x00000000fb2e0980,0x00000000fca00000)
  to   space 50688K, 0% used [0x00000000fca80000,0x00000000fca80000,0x00000000ffc00000)
 ParOldGen       total 340992K, used 262674K [0x0000000081c00000, 0x0000000096900000, 0x00000000d5f00000)
  object space 340992K, 77% used [0x0000000081c00000,0x0000000091c84bf8,0x0000000096900000)
 Metaspace       used 78877K, capacity 86854K, committed 87168K, reserved 1122304K
  class space    used 12569K, capacity 15158K, committed 15232K, reserved 1048576K
Event: 193.504 GC heap after
Heap after GC invocations=122 (full 6):
 PSYoungGen      total 633856K, used 15953K [0x00000000d5f00000, 0x00000000fff00000, 0x0000000100000000)
  eden space 583168K, 0% used [0x00000000d5f00000,0x00000000d5f00000,0x00000000f9880000)
  from space 50688K, 31% used [0x00000000fca80000,0x00000000fda14678,0x00000000ffc00000)
  to   space 51200K, 0% used [0x00000000f9880000,0x00000000f9880000,0x00000000fca80000)
 ParOldGen       total 340992K, used 264541K [0x0000000081c00000, 0x0000000096900000, 0x00000000d5f00000)
  object space 340992K, 77% used [0x0000000081c00000,0x0000000091e57600,0x0000000096900000)
 Metaspace       used 78877K, capacity 86854K, committed 87168K, reserved 1122304K
  class space    used 12569K, capacity 15158K, committed 15232K, reserved 1048576K
}
Event: 194.580 GC heap before
{Heap before GC invocations=123 (full 6):
 PSYoungGen      total 633856K, used 554521K [0x00000000d5f00000, 0x00000000fff00000, 0x0000000100000000)
  eden space 583168K, 92% used [0x00000000d5f00000,0x00000000f6cf1da8,0x00000000f9880000)
  from space 50688K, 31% used [0x00000000fca80000,0x00000000fda14678,0x00000000ffc00000)
  to   space 51200K, 0% used [0x00000000f9880000,0x00000000f9880000,0x00000000fca80000)
 ParOldGen       total 340992K, used 264541K [0x0000000081c00000, 0x0000000096900000, 0x00000000d5f00000)
  object space 340992K, 77% used [0x0000000081c00000,0x0000000091e57600,0x0000000096900000)
 Metaspace       used 79105K, capacity 87182K, committed 87424K, reserved 1122304K
  class space    used 12618K, capacity 15226K, committed 15232K, reserved 1048576K
Event: 194.630 GC heap after
Heap after GC invocations=123 (full 6):
 PSYoungGen      total 634368K, used 21117K [0x00000000d5f00000, 0x00000000ffe80000, 0x0000000100000000)
  eden space 583168K, 0% used [0x00000000d5f00000,0x00000000d5f00000,0x00000000f9880000)
  from space 51200K, 41% used [0x00000000f9880000,0x00000000fad1f600,0x00000000fca80000)
  to   space 50176K, 0% used [0x00000000fcd80000,0x00000000fcd80000,0x00000000ffe80000)
 ParOldGen       total 340992K, used 265204K [0x0000000081c00000, 0x0000000096900000, 0x00000000d5f00000)
  object space 340992K, 77% used [0x0000000081c00000,0x0000000091efd0d8,0x0000000096900000)
 Metaspace       used 79105K, capacity 87182K, committed 87424K, reserved 1122304K
  class space    used 12618K, capacity 15226K, committed 15232K, reserved 1048576K
}

Deoptimization events (10 events):
Event: 194.510 Thread 0x0000000002762800 Uncommon trap: reason=unstable_if action=reinterpret pc=0x000000000348977c method=java.lang.ClassLoader.checkName(Ljava/lang/String;)Z @ 20
Event: 194.531 Thread 0x0000000002762800 Uncommon trap: reason=unstable_if action=reinterpret pc=0x000000000391d950 method=org.apache.logging.log4j.core.impl.MutableLogEvent.getThrownProxy()Lorg/apache/logging/log4j/core/impl/ThrowableProxy; @ 4
Event: 194.531 Thread 0x0000000002762800 Uncommon trap: reason=unstable_if action=reinterpret pc=0x0000000003156d5c method=org.apache.logging.log4j.core.impl.MutableLogEvent.getThrownProxy()Lorg/apache/logging/log4j/core/impl/ThrowableProxy; @ 4
Event: 194.531 Thread 0x0000000002762800 Uncommon trap: reason=unstable_if action=reinterpret pc=0x0000000003a93650 method=org.apache.logging.log4j.core.layout.TextEncoderHelper.encodeText(Ljava/nio/charset/CharsetEncoder;Ljava/nio/CharBuffer;Ljava/nio/ByteBuffer;Ljava/lang/StringBuilder;Lorg/apaÅYFèQh@
Event: 194.532 Thread 0x0000000002762800 Uncommon trap: reason=unstable_if action=reinterpret pc=0x0000000003587e64 method=org.apache.logging.log4j.core.layout.TextEncoderHelper.encodeText(Ljava/nio/charset/CharsetEncoder;Ljava/nio/CharBuffer;Ljava/nio/ByteBuffer;Ljava/lang/StringBuilder;Lorg/apa˙khπ"\h@
Event: 194.879 Thread 0x000000001ab48000 Uncommon trap: reason=class_check action=maybe_recompile pc=0x00000000041d2fd8 method=com.google.gson.internal.bind.TypeAdapters$29.read(Lcom/google/gson/stream/JsonReader;)Lcom/google/gson/JsonElement; @ 167
Event: 194.879 Thread 0x000000001ab48000 Uncommon trap: reason=class_check action=maybe_recompile pc=0x00000000041d2ff4 method=com.google.gson.internal.bind.TypeAdapters$29.read(Lcom/google/gson/stream/JsonReader;)Lcom/google/gson/JsonElement; @ 129
Event: 194.879 Thread 0x000000001ab48000 Uncommon trap: reason=class_check action=maybe_recompile pc=0x00000000041d3710 method=com.google.gson.internal.bind.TypeAdapters$29.read(Lcom/google/gson/stream/JsonReader;)Lcom/google/gson/JsonElement; @ 77
Event: 194.879 Thread 0x000000001ab48000 Uncommon trap: reason=unstable_if action=reinterpret pc=0x000000000411b98c method=com.google.gson.JsonPrimitive.getAsString()Ljava/lang/String; @ 4
Event: 194.880 Thread 0x000000001ab48000 Uncommon trap: reason=class_check action=maybe_recompile pc=0x00000000041d3710 method=com.google.gson.internal.bind.TypeAdapters$29.read(Lcom/google/gson/stream/JsonReader;)Lcom/google/gson/JsonElement; @ 77

Internal exceptions (10 events):
Event: 194.924 Thread 0x000000001a2a7000 Exception <a 'sun/nio/fs/WindowsException'> (0x00000000e2ca38f0) thrown at [C:\re\workspace\8-2-build-windows-amd64-cygwin\jdk8u51\3951\hotspot\src\share\vm\prims\jni.cpp, line 709]
Event: 194.924 Thread 0x000000001a2a7000 Exception <a 'sun/nio/fs/WindowsException'> (0x00000000e2ca3e80) thrown at [C:\re\workspace\8-2-build-windows-amd64-cygwin\jdk8u51\3951\hotspot\src\share\vm\prims\jni.cpp, line 709]
Event: 194.925 Thread 0x000000001a2a7000 Exception <a 'sun/nio/fs/WindowsException'> (0x00000000e2ca4b68) thrown at [C:\re\workspace\8-2-build-windows-amd64-cygwin\jdk8u51\3951\hotspot\src\share\vm\prims\jni.cpp, line 709]
Event: 194.925 Thread 0x000000001a2a7000 Exception <a 'sun/nio/fs/WindowsException'> (0x00000000e2ca5038) thrown at [C:\re\workspace\8-2-build-windows-amd64-cygwin\jdk8u51\3951\hotspot\src\share\vm\prims\jni.cpp, line 709]
Event: 194.925 Thread 0x000000001a2a6800 Exception <a 'sun/nio/fs/WindowsException'> (0x00000000dfabc0e0) thrown at [C:\re\workspace\8-2-build-windows-amd64-cygwin\jdk8u51\3951\hotspot\src\share\vm\prims\jni.cpp, line 709]
Event: 194.925 Thread 0x000000001a2a6800 Exception <a 'sun/nio/fs/WindowsException'> (0x00000000dfabc4e0) thrown at [C:\re\workspace\8-2-build-windows-amd64-cygwin\jdk8u51\3951\hotspot\src\share\vm\prims\jni.cpp, line 709]
Event: 194.926 Thread 0x000000001a2a6800 Exception <a 'sun/nio/fs/WindowsException'> (0x00000000dfabcdb8) thrown at [C:\re\workspace\8-2-build-windows-amd64-cygwin\jdk8u51\3951\hotspot\src\share\vm\prims\jni.cpp, line 709]
Event: 194.926 Thread 0x000000001a2a6800 Exception <a 'sun/nio/fs/WindowsException'> (0x00000000dfabd358) thrown at [C:\re\workspace\8-2-build-windows-amd64-cygwin\jdk8u51\3951\hotspot\src\share\vm\prims\jni.cpp, line 709]
Event: 194.926 Thread 0x000000001a2a6800 Exception <a 'sun/nio/fs/WindowsException'> (0x00000000dfabe060) thrown at [C:\re\workspace\8-2-build-windows-amd64-cygwin\jdk8u51\3951\hotspot\src\share\vm\prims\jni.cpp, line 709]
Event: 194.926 Thread 0x000000001a2a6800 Exception <a 'sun/nio/fs/WindowsException'> (0x00000000dfabe550) thrown at [C:\re\workspace\8-2-build-windows-amd64-cygwin\jdk8u51\3951\hotspot\src\share\vm\prims\jni.cpp, line 709]

Events (10 events):
Event: 194.926 Thread 0x000000001a2a6800 DEOPT PACKING pc=0x0000000003f05d50 sp=0x000000002e7ee500
Event: 194.926 Thread 0x000000001a2a6800 DEOPT UNPACKING pc=0x00000000029e787f sp=0x000000002e7ee220 mode 1
Event: 194.926 Thread 0x000000001a2a6800 DEOPT PACKING pc=0x0000000003f169e4 sp=0x000000002e7ee760
Event: 194.926 Thread 0x000000001a2a6800 DEOPT UNPACKING pc=0x00000000029e787f sp=0x000000002e7ee4b8 mode 1
Event: 194.926 Thread 0x000000001a2a6800 DEOPT PACKING pc=0x00000000035eb8e4 sp=0x000000002e7ee820
Event: 194.926 Thread 0x000000001a2a6800 DEOPT UNPACKING pc=0x00000000029e787f sp=0x000000002e7ee5e0 mode 1
Event: 194.926 Thread 0x000000001a2a6800 DEOPT PACKING pc=0x0000000003c3eebc sp=0x000000002e7ee960
Event: 194.926 Thread 0x000000001a2a6800 DEOPT UNPACKING pc=0x00000000029e787f sp=0x000000002e7ee5d8 mode 1
Event: 194.926 Thread 0x000000001a2a6800 DEOPT PACKING pc=0x0000000003f05d50 sp=0x000000002e7ee830
Event: 194.926 Thread 0x000000001a2a6800 DEOPT UNPACKING pc=0x00000000029e787f sp=0x000000002e7ee550 mode 1


Dynamic libraries:
0x00007ff717880000 - 0x00007ff7178b7000 	C:\Program Files (x86)\Minecraft\runtime\jre-x64\bin\java.exe
0x00007ffbe8df0000 - 0x00007ffbe8fe5000 	C:\WINDOWS\SYSTEM32\ntdll.dll
0x00007ffbe6fc0000 - 0x00007ffbe707d000 	C:\WINDOWS\System32\KERNEL32.DLL
0x00007ffbe6b80000 - 0x00007ffbe6e49000 	C:\WINDOWS\System32\KERNELBASE.dll
0x00007ffbe7360000 - 0x00007ffbe740c000 	C:\WINDOWS\System32\ADVAPI32.dll
0x00007ffbe6f20000 - 0x00007ffbe6fbe000 	C:\WINDOWS\System32\msvcrt.dll
0x00007ffbe7090000 - 0x00007ffbe712c000 	C:\WINDOWS\System32\sechost.dll
0x00007ffbe7e80000 - 0x00007ffbe7fab000 	C:\WINDOWS\System32\RPCRT4.dll
0x00007ffbe8700000 - 0x00007ffbe88a0000 	C:\WINDOWS\System32\USER32.dll
0x00007ffbe6940000 - 0x00007ffbe6962000 	C:\WINDOWS\System32\win32u.dll
0x00007ffbe75f0000 - 0x00007ffbe761a000 	C:\WINDOWS\System32\GDI32.dll
0x00007ffbe66e0000 - 0x00007ffbe67eb000 	C:\WINDOWS\System32\gdi32full.dll
0x00007ffbe68a0000 - 0x00007ffbe693d000 	C:\WINDOWS\System32\msvcp_win.dll
0x00007ffbe69a0000 - 0x00007ffbe6aa0000 	C:\WINDOWS\System32\ucrtbase.dll
0x00007ffbcd5c0000 - 0x00007ffbcd85a000 	C:\WINDOWS\WinSxS\amd64_microsoft.windows.common-controls_6595b64144ccf1df_6.0.19041.844_none_ca00b6081b84eb1d\COMCTL32.dll
0x00007ffbe7b80000 - 0x00007ffbe7bb0000 	C:\WINDOWS\System32\IMM32.DLL
0x0000000055630000 - 0x0000000055702000 	C:\Program Files (x86)\Minecraft\runtime\jre-x64\bin\msvcr100.dll
0x0000000054da0000 - 0x0000000055623000 	C:\Program Files (x86)\Minecraft\runtime\jre-x64\bin\server\jvm.dll
0x00007ffbe7080000 - 0x00007ffbe7088000 	C:\WINDOWS\System32\PSAPI.DLL
0x00007ffbc1d60000 - 0x00007ffbc1d69000 	C:\WINDOWS\SYSTEM32\WSOCK32.dll
0x00007ffbdf9a0000 - 0x00007ffbdf9c7000 	C:\WINDOWS\SYSTEM32\WINMM.dll
0x00007ffbe7410000 - 0x00007ffbe747b000 	C:\WINDOWS\System32\WS2_32.dll
0x00007ffbdf7f0000 - 0x00007ffbdf7fa000 	C:\WINDOWS\SYSTEM32\VERSION.dll
0x0000000054d90000 - 0x0000000054d9f000 	C:\Program Files (x86)\Minecraft\runtime\jre-x64\bin\verify.dll
0x0000000054d60000 - 0x0000000054d89000 	C:\Program Files (x86)\Minecraft\runtime\jre-x64\bin\java.dll
0x0000000054d20000 - 0x0000000054d55000 	C:\Program Files (x86)\Minecraft\runtime\jre-x64\bin\jdwp.dll
0x0000000054d10000 - 0x0000000054d18000 	C:\Program Files (x86)\Minecraft\runtime\jre-x64\bin\npt.dll
0x0000000054ce0000 - 0x0000000054d03000 	C:\Program Files (x86)\Minecraft\runtime\jre-x64\bin\instrument.dll
0x0000000054cc0000 - 0x0000000054cd6000 	C:\Program Files (x86)\Minecraft\runtime\jre-x64\bin\zip.dll
0x00007ffbe7fb0000 - 0x00007ffbe86f2000 	C:\WINDOWS\System32\SHELL32.dll
0x00007ffbe4450000 - 0x00007ffbe4be0000 	C:\WINDOWS\SYSTEM32\windows.storage.dll
0x00007ffbe88a0000 - 0x00007ffbe8bf5000 	C:\WINDOWS\System32\combase.dll
0x00007ffbe5ed0000 - 0x00007ffbe5efc000 	C:\WINDOWS\SYSTEM32\Wldp.dll
0x00007ffbe7250000 - 0x00007ffbe72fe000 	C:\WINDOWS\System32\SHCORE.dll
0x00007ffbe6e50000 - 0x00007ffbe6ea5000 	C:\WINDOWS\System32\shlwapi.dll
0x00007ffbe6470000 - 0x00007ffbe648f000 	C:\WINDOWS\SYSTEM32\profapi.dll
0x0000000054cb0000 - 0x0000000054cb9000 	C:\Program Files (x86)\Minecraft\runtime\jre-x64\bin\dt_socket.dll
0x00007ffbe5cc0000 - 0x00007ffbe5d2a000 	C:\WINDOWS\system32\mswsock.dll
0x0000000054ca0000 - 0x0000000054cad000 	C:\Program Files (x86)\Minecraft\runtime\jre-x64\bin\management.dll
0x0000000054c80000 - 0x0000000054c9a000 	C:\Program Files (x86)\Minecraft\runtime\jre-x64\bin\net.dll
0x00007ffbdf5c0000 - 0x00007ffbdf5d7000 	C:\WINDOWS\system32\napinsp.dll
0x00007ffbe0b90000 - 0x00007ffbe0bab000 	C:\WINDOWS\system32\pnrpnsp.dll
0x00007ffbe1450000 - 0x00007ffbe1465000 	C:\WINDOWS\system32\wshbth.dll
0x00007ffbe1f30000 - 0x00007ffbe1f4d000 	C:\WINDOWS\system32\NLAapi.dll
0x00007ffbe5980000 - 0x00007ffbe59bb000 	C:\WINDOWS\SYSTEM32\IPHLPAPI.DLL
0x00007ffbe59c0000 - 0x00007ffbe5a8b000 	C:\WINDOWS\SYSTEM32\DNSAPI.dll
0x00007ffbe7b70000 - 0x00007ffbe7b78000 	C:\WINDOWS\System32\NSI.dll
0x00007ffbe0bb0000 - 0x00007ffbe0bc2000 	C:\WINDOWS\System32\winrnr.dll
0x00007ffbd6970000 - 0x00007ffbd697a000 	C:\Windows\System32\rasadhlp.dll
0x00007ffbdb830000 - 0x00007ffbdb8af000 	C:\WINDOWS\System32\fwpuclnt.dll
0x00007ffbe6970000 - 0x00007ffbe6997000 	C:\WINDOWS\System32\bcrypt.dll
0x0000000054c60000 - 0x0000000054c71000 	C:\Program Files (x86)\Minecraft\runtime\jre-x64\bin\nio.dll
0x0000000054c30000 - 0x0000000054c54000 	C:\Program Files (x86)\Minecraft\runtime\jre-x64\bin\sunec.dll
0x00007ffbe6200000 - 0x00007ffbe6218000 	C:\WINDOWS\SYSTEM32\CRYPTSP.dll
0x00007ffbe5500000 - 0x00007ffbe5534000 	C:\WINDOWS\system32\rsaenh.dll
0x00007ffbe6430000 - 0x00007ffbe645e000 	C:\WINDOWS\SYSTEM32\USERENV.dll
0x00007ffbe6b00000 - 0x00007ffbe6b80000 	C:\WINDOWS\System32\bcryptprimitives.dll
0x00007ffbe5e40000 - 0x00007ffbe5e4c000 	C:\WINDOWS\SYSTEM32\CRYPTBASE.dll
0x00007ffbdc290000 - 0x00007ffbdc2a7000 	C:\WINDOWS\SYSTEM32\dhcpcsvc6.DLL
0x00007ffbdc230000 - 0x00007ffbdc24d000 	C:\WINDOWS\SYSTEM32\dhcpcsvc.DLL
0x00007ffbc0f30000 - 0x00007ffbc0fa2000 	C:\Users\ervin_1nmnhvl\AppData\Local\Temp\lwjglervin_1nmnhvl\3.2.2-build-10\lwjgl.dll
0x00007ffb9cd50000 - 0x00007ffb9cfa1000 	C:\Users\ERVIN_~1\AppData\Local\Temp\lwjglervin_1nmnhvl\3.2.2-build-10\jemalloc.dll
0x00007ffbc6610000 - 0x00007ffbc666e000 	C:\Users\ERVIN_~1\AppData\Local\Temp\lwjglervin_1nmnhvl\3.2.2-build-10\glfw.dll
0x00007ffbe3d10000 - 0x00007ffbe3dae000 	C:\WINDOWS\system32\uxtheme.dll
0x00007ffbc0fe0000 - 0x00007ffbc1025000 	C:\WINDOWS\SYSTEM32\dinput8.dll
0x00007ffbcead0000 - 0x00007ffbceae1000 	C:\WINDOWS\SYSTEM32\xinput1_4.dll
0x00007ffbe6690000 - 0x00007ffbe66de000 	C:\WINDOWS\System32\cfgmgr32.dll
0x00007ffbe6300000 - 0x00007ffbe632c000 	C:\WINDOWS\SYSTEM32\DEVOBJ.dll
0x00007ffbe3f80000 - 0x00007ffbe3faf000 	C:\WINDOWS\SYSTEM32\dwmapi.dll
0x00007ffbd2c80000 - 0x00007ffbd2dd2000 	C:\WINDOWS\SYSTEM32\inputhost.dll
0x00007ffbe7520000 - 0x00007ffbe75ed000 	C:\WINDOWS\System32\OLEAUT32.dll
0x00007ffbe22f0000 - 0x00007ffbe2444000 	C:\WINDOWS\SYSTEM32\wintypes.dll
0x00007ffbe1b20000 - 0x00007ffbe1c17000 	C:\WINDOWS\SYSTEM32\PROPSYS.dll
0x00007ffbe32d0000 - 0x00007ffbe362e000 	C:\WINDOWS\SYSTEM32\CoreUIComponents.dll
0x00007ffbe5130000 - 0x00007ffbe5163000 	C:\WINDOWS\SYSTEM32\ntmarta.dll
0x00007ffbe39b0000 - 0x00007ffbe3aa2000 	C:\WINDOWS\SYSTEM32\CoreMessaging.dll
0x00007ffbe4cc0000 - 0x00007ffbe4cd2000 	C:\WINDOWS\SYSTEM32\kernel.appcore.dll
0x00007ffbe7130000 - 0x00007ffbe7245000 	C:\WINDOWS\System32\MSCTF.dll
0x00007ffbe4be0000 - 0x00007ffbe4bed000 	C:\WINDOWS\SYSTEM32\HID.DLL
0x00007ffbe7620000 - 0x00007ffbe7a89000 	C:\WINDOWS\System32\SETUPAPI.DLL
0x00007ffbe6aa0000 - 0x00007ffbe6b00000 	C:\WINDOWS\System32\WINTRUST.dll
0x00007ffbe6530000 - 0x00007ffbe668f000 	C:\WINDOWS\System32\CRYPT32.dll
0x00007ffbe62a0000 - 0x00007ffbe62b2000 	C:\WINDOWS\SYSTEM32\MSASN1.dll
0x00007ffba7810000 - 0x00007ffba7936000 	C:\WINDOWS\SYSTEM32\opengl32.dll
0x00007ffbcea80000 - 0x00007ffbceaac000 	C:\WINDOWS\SYSTEM32\GLU32.dll
0x00007ffbe7ca0000 - 0x00007ffbe7d49000 	C:\WINDOWS\System32\clbcatq.dll
0x00007ffb9c0c0000 - 0x00007ffb9cd44000 	C:\WINDOWS\SYSTEM32\ig4icd64.dll
0x00007ffbe4d30000 - 0x00007ffbe4e23000 	C:\WINDOWS\SYSTEM32\dxgi.dll
0x00007ffbe28b0000 - 0x00007ffbe2b14000 	C:\WINDOWS\SYSTEM32\d3d11.dll
0x00007ffbd9a50000 - 0x00007ffbda6a0000 	C:\WINDOWS\SYSTEM32\igd10umd64.dll
0x00007ffbda700000 - 0x00007ffbda73b000 	C:\WINDOWS\SYSTEM32\dxcore.dll
0x00007ffbbe310000 - 0x00007ffbbe38f000 	C:\Users\ervin_1nmnhvl\AppData\Local\Temp\lwjglervin_1nmnhvl\3.2.2-build-10\lwjgl_stb.dll
0x00007ffbe1190000 - 0x00007ffbe123e000 	C:\WINDOWS\SYSTEM32\mscms.dll
0x00007ffbe1040000 - 0x00007ffbe1051000 	C:\WINDOWS\SYSTEM32\ColorAdapterClient.dll
0x00007ffbb47d0000 - 0x00007ffbb4813000 	C:\WINDOWS\SYSTEM32\icm32.dll
0x00007ffbd2de0000 - 0x00007ffbd2edb000 	C:\WINDOWS\SYSTEM32\textinputframework.dll
0x00007ffbb43e0000 - 0x00007ffbb4438000 	C:\Users\ervin_1nmnhvl\AppData\Local\Temp\lwjglervin_1nmnhvl\3.2.2-build-10\lwjgl_opengl.dll
0x00007ffbb35e0000 - 0x00007ffbb3622000 	C:\Users\ervin_1nmnhvl\AppData\Local\Temp\jna-2118671535\jna4487701889121189294.dll
0x00007ffbceab0000 - 0x00007ffbceaca000 	C:\save\modding\ervin_mod_1\build\natives\SAPIWrapper_x64.dll
0x00007ffbe7d50000 - 0x00007ffbe7e7a000 	C:\WINDOWS\System32\ole32.dll
0x00007ffba7410000 - 0x00007ffba7596000 	C:\WINDOWS\System32\Speech\Common\sapi.dll
0x00007ffbde470000 - 0x00007ffbde48e000 	C:\WINDOWS\SYSTEM32\MSACM32.dll
0x00007ffbcd860000 - 0x00007ffbcd86b000 	C:\WINDOWS\SYSTEM32\msdmo.dll
0x00007ffbc1310000 - 0x00007ffbc1336000 	C:\WINDOWS\SYSTEM32\winmmbase.dll
0x00007ffbd7d20000 - 0x00007ffbd7da5000 	C:\WINDOWS\System32\MMDevApi.dll

VM Arguments:
jvm_args: -agentlib:jdwp=transport=dt_socket,address=127.0.0.1:62388,suspend=y,server=n -Dforge.logging.console.level=debug -Dforge.logging.markers=SCAN,REGISTRIES,REGISTRYDUMP -XX:HeapDumpPath=MojangTricksIntelDriversForPerformance_javaw.exe_minecraft.exe.heapdump -Dos.name=Windows 10 -Dos.version=10.0 -javaagent:C:\Users\ervin_1nmnhvl\AppData\Local\JetBrains\Toolbox\apps\IDEA-U\ch-0\203.7148.57\plugins\Groovy\lib\agent\gragent.jar -javaagent:C:\Users\ervin_1nmnhvl\AppData\Local\JetBrains\Toolbox\apps\IDEA-U\ch-0\203.7148.57\plugins\java\lib\rt\debugger-agent.jar -Dfile.encoding=windows-1250 
java_command: net.minecraftforge.userdev.LaunchTesting
java_class_path (initial): C:\Program Files (x86)\Minecraft\runtime\jre-x64\lib\charsets.jar;C:\Program Files (x86)\Minecraft\runtime\jre-x64\lib\deploy.jar;C:\Program Files (x86)\Minecraft\runtime\jre-x64\lib\ext\access-bridge-64.jar;C:\Program Files (x86)\Minecraft\runtime\jre-x64\lib\ext\cldrdata.jar;C:\Program Files (x86)\Minecraft\runtime\jre-x64\lib\ext\dnsns.jar;C:\Program Files (x86)\Minecraft\runtime\jre-x64\lib\ext\jaccess.jar;C:\Program Files (x86)\Minecraft\runtime\jre-x64\lib\ext\jfxrt.jar;C:\Program Files (x86)\Minecraft\runtime\jre-x64\lib\ext\localedata.jar;C:\Program Files (x86)\Minecraft\runtime\jre-x64\lib\ext\nashorn.jar;C:\Program Files (x86)\Minecraft\runtime\jre-x64\lib\ext\sunec.jar;C:\Program Files (x86)\Minecraft\runtime\jre-x64\lib\ext\sunjce_provider.jar;C:\Program Files (x86)\Minecraft\runtime\jre-x64\lib\ext\sunmscapi.jar;C:\Program Files (x86)\Minecraft\runtime\jre-x64\lib\ext\sunpkcs11.jar;C:\Program Files (x86)\Minecraft\runtime\jre-x64\lib\ext\zipfs.jar;C:\Program Files (x86)\Minecraft\runtime\jre-x64\lib\javaws.jar;C:\Program Files (x86)\Minecraft\runtime\jre-x64\lib\jce.jar;C:\Program Files (x86)\Minecraft\runtime\jre-x64\lib\jfr.jar;C:\Program Files (x86)\Minecraft\runtime\jre-x64\lib\jfxswt.jar;C:\Program Files (x86)\Minecraft\runtime\jre-x64\lib\jsse.jar;C:\Program Files (x86)\Minecraft\runtime\jre-x64\lib\management-agent.jar;C:\Program Files (x86)\Minecraft\runtime\jre-x64\lib\plugin.jar;C:\Program Files (x86)\Minecraft\runtime\jre-x64\lib\resources.jar;C:\Program Files (x86)\Minecraft\runtime\jre-x64\lib\rt.jar;C:\save\modding\ervin_mod_1\build\classes\java\main;C:\save\modding\ervin_mod_1\build\resources\main;C:\Users\ervin_1nmnhvl\.gradle\caches\forge_gradle\minecraft_user_repo\net\minecraftforge\forge\1.16.1-32.0.75_mapped_snapshot_20200723-1.16.1\forge-1.16.1-32.0.75_mapped_snapshot_20200723-1.16.1-recomp.jar;C:\Users\ervin_1nmnhvl\.gradle\caches\forge_gradle\minecraft_user_repo\net\minecraftforge\forge\1.16.1-32.0.75_
Launcher Type: SUN_STANDARD

Environment Variables:
JAVA_HOME=C:\Program Files\Java\jdk-11.0.4
PATH=C:\Program Files\Docker\Docker\Resources\bin;C:\ProgramData\Oracle\Java\javapath;C:\WINDOWS\system32;C:\WINDOWS;C:\WINDOWS\System32\Wbem;C:\WINDOWS\System32\WindowsPowerShell\v1.0\;C:\Program Files (x86)\cloudControl;C:\Program Files\Git\cmd;C:\bin;C:\Program Files (x86)\Windows Kits\8.1\Windows Performance Toolkit\;C:\Program Files (x86)\PuTTY\;C:\Program Files (x86)\Nodist\bin;G:\save\sdk\android\tools;G:\save\sdk\android\platform-tools;C:\boxfuse;C:\Program Files (x86)\Skype\Phone\;C:\Program Files (x86)\GtkSharp\2.12\bin;C:\Program Files (x86)\IVI Foundation\VISA\WinNT\Bin;C:\WINDOWS\system32;C:\WINDOWS;C:\WINDOWS\System32\Wbem;C:\WINDOWS\System32\WindowsPowerShell\v1.0\;;C:\WINDOWS\System32\OpenSSH\;C:\Users\ervin_1nmnhvl\AppData\Local\Microsoft\WindowsApps;
USERNAME=ervin_1nmnhvl
OS=Windows_NT
PROCESSOR_IDENTIFIER=Intel64 Family 6 Model 42 Stepping 7, GenuineIntel



---------------  S Y S T E M  ---------------

OS: Windows 10.0 , 64 bit Build 19041 (10.0.19041.804)

CPU:total 4 (2 cores per cpu, 2 threads per core) family 6 model 42 stepping 7, cmov, cx8, fxsr, mmx, sse, sse2, sse3, ssse3, sse4.1, sse4.2, popcnt, avx, aes, clmul, ht, tsc, tscinvbit

Memory: 4k page, physical 8266764k(611944k free), swap 10363916k(2316k free)

vm_info: Java HotSpot(TM) 64-Bit Server VM (25.51-b03) for windows-amd64 JRE (1.8.0_51-b16), built on Jun  8 2015 18:03:07 by "java_re" with MS VC++ 10.0 (VS2010)

time: Thu Apr 08 10:07:28 2021
elapsed time: 194 seconds (0d 0h 3m 14s)

