#
# There is insufficient memory for the Java Runtime Environment to continue.
# Native memory allocation (malloc) failed to allocate 2024976 bytes for Chunk::new
# Possible reasons:
#   The system is out of physical RAM or swap space
#   In 32 bit mode, the process size limit was hit
# Possible solutions:
#   Reduce memory load on the system
#   Increase physical memory or swap space
#   Check if swap backing store is full
#   Use 64 bit Java on a 64 bit OS
#   Decrease Java heap size (-Xmx/-Xms)
#   Decrease number of Java threads
#   Decrease Java thread stack sizes (-Xss)
#   Set larger code cache with -XX:ReservedCodeCacheSize=
# This output file may be truncated or incomplete.
#
#  Out of Memory Error (allocation.cpp:390), pid=21760, tid=14364
#
# JRE version: Java(TM) SE Runtime Environment (8.0_51-b16) (build 1.8.0_51-b16)
# Java VM: Java HotSpot(TM) 64-Bit Server VM (25.51-b03 mixed mode windows-amd64 compressed oops)
# Failed to write core dump. Minidumps are not enabled by default on client versions of Windows
#

---------------  T H R E A D  ---------------

Current thread (0x00000000198cb000):  JavaThread "C2 CompilerThread1" daemon [_thread_in_native, id=14364, stack(0x0000000019ae0000,0x0000000019be0000)]

Stack: [0x0000000019ae0000,0x0000000019be0000]
Native frames: (J=compiled Java code, j=interpreted, Vv=VM code, C=native code)
V  [jvm.dll+0x32b4ca]
V  [jvm.dll+0x2797e3]
V  [jvm.dll+0x27a479]
V  [jvm.dll+0x271765]
V  [jvm.dll+0xcba02]
V  [jvm.dll+0xcbecc]
V  [jvm.dll+0x476f72]
V  [jvm.dll+0x4b95ff]
V  [jvm.dll+0x46c011]
V  [jvm.dll+0x46cd4e]
V  [jvm.dll+0x4501a2]
V  [jvm.dll+0xa43a2]
V  [jvm.dll+0xa4cdf]
V  [jvm.dll+0x2418a4]
V  [jvm.dll+0x29846a]
C  [msvcr100.dll+0x21d9f]
C  [msvcr100.dll+0x21e3b]
C  [KERNEL32.DLL+0x17034]
C  [ntdll.dll+0x4cec1]


Current CompileTask:
C2: 213926 15706       4       java.util.concurrent.CompletableFuture$UniCompose::tryFire (59 bytes)


---------------  P R O C E S S  ---------------

Java Threads: ( => current thread )
  0x000000002560e000 JavaThread "IO-Worker-18" [_thread_blocked, id=23240, stack(0x0000000045bc0000,0x0000000045cc0000)]
  0x0000000025612800 JavaThread "Worker-Main-17" daemon [_thread_blocked, id=18264, stack(0x000000002b590000,0x000000002b690000)]
  0x0000000025614000 JavaThread "IO-Worker-16" [_thread_blocked, id=11892, stack(0x0000000046430000,0x0000000046530000)]
  0x0000000025611000 JavaThread "IO-Worker-15" [_thread_blocked, id=21156, stack(0x0000000046100000,0x0000000046200000)]
  0x000000001aa83000 JavaThread "Worker-Main-14" daemon [_thread_in_Java, id=15388, stack(0x000000002bc80000,0x000000002bd80000)]
  0x000000001aa81800 JavaThread "Worker-Main-13" daemon [_thread_in_Java, id=18912, stack(0x000000002b690000,0x000000002b790000)]
  0x000000001aa7f000 JavaThread "Thread-11" daemon [_thread_in_native, id=21244, stack(0x000000002b280000,0x000000002b380000)]
  0x000000001aa7e800 JavaThread "Server thread" [_thread_in_Java, id=6524, stack(0x0000000021350000,0x0000000021450000)]
  0x000000001aa83800 JavaThread "Snooper Timer" daemon [_thread_blocked, id=19644, stack(0x00000000191e0000,0x00000000192e0000)]
  0x000000001aa80800 JavaThread "Sound engine" daemon [_thread_blocked, id=352, stack(0x0000000021140000,0x0000000021240000)]
  0x000000002560f800 JavaThread "Narrator" [_thread_blocked, id=3164, stack(0x000000002b380000,0x000000002b480000)]
  0x0000000025613800 JavaThread "Snooper Timer" daemon [_thread_blocked, id=4672, stack(0x0000000026ec0000,0x0000000026fc0000)]
  0x0000000025610800 JavaThread "Timer hack thread" daemon [_thread_blocked, id=22204, stack(0x0000000026dc0000,0x0000000026ec0000)]
  0x000000001b485800 JavaThread "pool-3-thread-1" [_thread_blocked, id=7804, stack(0x0000000021aa0000,0x0000000021ba0000)]
  0x0000000019e6f000 JavaThread "Thread-2" daemon [_thread_in_native, id=7136, stack(0x000000001d3c0000,0x000000001d4c0000)]
  0x0000000019e6e000 JavaThread "Thread-1" daemon [_thread_blocked, id=9948, stack(0x000000001d2c0000,0x000000001d3c0000)]
  0x00000000198dd000 JavaThread "Service Thread" daemon [_thread_blocked, id=1904, stack(0x000000001a4e0000,0x000000001a5e0000)]
  0x00000000198cc800 JavaThread "C1 CompilerThread2" daemon [_thread_blocked, id=16612, stack(0x0000000019be0000,0x0000000019ce0000)]
=>0x00000000198cb000 JavaThread "C2 CompilerThread1" daemon [_thread_in_native, id=14364, stack(0x0000000019ae0000,0x0000000019be0000)]
  0x00000000198c8000 JavaThread "C2 CompilerThread0" daemon [_thread_in_native, id=1612, stack(0x00000000199e0000,0x0000000019ae0000)]
  0x00000000198c6800 JavaThread "Monitor Ctrl-Break" daemon [_thread_in_native, id=21576, stack(0x00000000198e0000,0x00000000199e0000)]
  0x0000000017e92800 JavaThread "Attach Listener" daemon [_thread_blocked, id=4008, stack(0x00000000193e0000,0x00000000194e0000)]
  0x0000000017e91000 JavaThread "Signal Dispatcher" daemon [_thread_blocked, id=8884, stack(0x00000000192e0000,0x00000000193e0000)]
  0x000000000314b000 JavaThread "Finalizer" daemon [_thread_blocked, id=17676, stack(0x00000000190e0000,0x00000000191e0000)]
  0x0000000003147000 JavaThread "Reference Handler" daemon [_thread_blocked, id=6688, stack(0x0000000018fe0000,0x00000000190e0000)]
  0x0000000003052800 JavaThread "Render thread" [_thread_in_native, id=11976, stack(0x0000000002f50000,0x0000000003050000)]

Other Threads:
  0x0000000017e49000 VMThread [stack: 0x0000000018ee0000,0x0000000018fe0000] [id=4488]
  0x00000000198de000 WatcherThread [stack: 0x000000001a5e0000,0x000000001a6e0000] [id=2524]

VM state:not at safepoint (normal execution)

VM Mutex/Monitor currently owned by a thread: None

Heap:
 PSYoungGen      total 608768K, used 182516K [0x00000000d5f00000, 0x0000000100000000, 0x0000000100000000)
  eden space 528384K, 34% used [0x00000000d5f00000,0x00000000e113d370,0x00000000f6300000)
  from space 80384K, 0% used [0x00000000f6300000,0x00000000f6300000,0x00000000fb180000)
  to   space 80384K, 0% used [0x00000000fb180000,0x00000000fb180000,0x0000000100000000)
 ParOldGen       total 465408K, used 465178K [0x0000000081c00000, 0x000000009e280000, 0x00000000d5f00000)
  object space 465408K, 99% used [0x0000000081c00000,0x000000009e2468d8,0x000000009e280000)
 Metaspace       used 86866K, capacity 98106K, committed 98304K, reserved 1130496K
  class space    used 13582K, capacity 16637K, committed 16640K, reserved 1048576K

Card table byte_map: [0x0000000012710000,0x0000000012b10000] byte_map_base: 0x0000000012302000

Marking Bits: (ParMarkBitMap*) 0x00000000662c4040
 Begin Bits: [0x00000000131c0000, 0x0000000015150000)
 End Bits:   [0x0000000015150000, 0x00000000170e0000)

Polling page: 0x0000000001750000

CodeCache: size=245760Kb used=37869Kb max_used=37869Kb free=207890Kb
 bounds [0x0000000003350000, 0x0000000005880000, 0x0000000012350000]
 total_blobs=13451 nmethods=11863 adapters=1499
 compilation: enabled

Compilation events (10 events):
Event: 213.867 Thread 0x00000000198cc800 nmethod 16007 0x000000000586d550 code [0x000000000586d6e0, 0x000000000586da08]
Event: 213.867 Thread 0x00000000198cc800 16005       2       net.minecraft.world.gen.surfacebuilders.DefaultSurfaceBuilder::buildSurface (37 bytes)
Event: 213.867 Thread 0x00000000198cc800 nmethod 16005 0x000000000586dc10 code [0x000000000586dd80, 0x000000000586df68]
Event: 213.867 Thread 0x00000000198cc800 16006       2       net.minecraft.world.biome.BiomeContainer::getNoiseBiome (50 bytes)
Event: 213.868 Thread 0x00000000198cc800 nmethod 16006 0x000000000586e090 code [0x000000000586e1e0, 0x000000000586e390]
Event: 213.868 Thread 0x00000000198cc800 16002       2       net.minecraft.util.math.BlockPos$3::computeNext (91 bytes)
Event: 213.868 Thread 0x00000000198cc800 nmethod 16002 0x000000000586e490 code [0x000000000586e600, 0x000000000586e870]
Event: 213.868 Thread 0x00000000198cc800 16008       2       it.unimi.dsi.fastutil.longs.Long2ObjectOpenHashMap::removeEntry (74 bytes)
Event: 213.869 Thread 0x00000000198cc800 nmethod 16008 0x000000000586e9d0 code [0x000000000586eb40, 0x000000000586edb8]
Event: 213.869 Thread 0x00000000198cc800 16009 %     3       net.minecraft.world.chunk.ChunkPrimer::setBlockState @ 326 (392 bytes)

GC Heap History (10 events):
Event: 180.516 GC heap before
{Heap before GC invocations=161 (full 8):
 PSYoungGen      total 608768K, used 528384K [0x00000000d5f00000, 0x0000000100000000, 0x0000000100000000)
  eden space 528384K, 100% used [0x00000000d5f00000,0x00000000f6300000,0x00000000f6300000)
  from space 80384K, 0% used [0x00000000f6300000,0x00000000f6300000,0x00000000fb180000)
  to   space 80384K, 0% used [0x00000000fb180000,0x00000000fb180000,0x0000000100000000)
 ParOldGen       total 420864K, used 405509K [0x0000000081c00000, 0x000000009b700000, 0x00000000d5f00000)
  object space 420864K, 96% used [0x0000000081c00000,0x000000009a801470,0x000000009b700000)
 Metaspace       used 81213K, capacity 90934K, committed 91136K, reserved 1124352K
  class space    used 12803K, capacity 15600K, committed 15616K, reserved 1048576K
Event: 184.149 GC heap after
Heap after GC invocations=161 (full 8):
 PSYoungGen      total 608768K, used 28380K [0x00000000d5f00000, 0x0000000100000000, 0x0000000100000000)
  eden space 528384K, 5% used [0x00000000d5f00000,0x00000000d7ab73b8,0x00000000f6300000)
  from space 80384K, 0% used [0x00000000f6300000,0x00000000f6300000,0x00000000fb180000)
  to   space 80384K, 0% used [0x00000000fb180000,0x00000000fb180000,0x0000000100000000)
 ParOldGen       total 420864K, used 420685K [0x0000000081c00000, 0x000000009b700000, 0x00000000d5f00000)
  object space 420864K, 99% used [0x0000000081c00000,0x000000009b6d3460,0x000000009b700000)
 Metaspace       used 81207K, capacity 90918K, committed 91136K, reserved 1124352K
  class space    used 12801K, capacity 15596K, committed 15616K, reserved 1048576K
}
Event: 190.109 GC heap before
{Heap before GC invocations=162 (full 9):
 PSYoungGen      total 608768K, used 528384K [0x00000000d5f00000, 0x0000000100000000, 0x0000000100000000)
  eden space 528384K, 100% used [0x00000000d5f00000,0x00000000f6300000,0x00000000f6300000)
  from space 80384K, 0% used [0x00000000f6300000,0x00000000f6300000,0x00000000fb180000)
  to   space 80384K, 0% used [0x00000000fb180000,0x00000000fb180000,0x0000000100000000)
 ParOldGen       total 420864K, used 420685K [0x0000000081c00000, 0x000000009b700000, 0x00000000d5f00000)
  object space 420864K, 99% used [0x0000000081c00000,0x000000009b6d3460,0x000000009b700000)
 Metaspace       used 81644K, capacity 91618K, committed 91776K, reserved 1126400K
  class space    used 12876K, capacity 15720K, committed 15744K, reserved 1048576K
Event: 191.438 GC heap after
Heap after GC invocations=162 (full 9):
 PSYoungGen      total 608768K, used 0K [0x00000000d5f00000, 0x0000000100000000, 0x0000000100000000)
  eden space 528384K, 0% used [0x00000000d5f00000,0x00000000d5f00000,0x00000000f6300000)
  from space 80384K, 0% used [0x00000000f6300000,0x00000000f6300000,0x00000000fb180000)
  to   space 80384K, 0% used [0x00000000fb180000,0x00000000fb180000,0x0000000100000000)
 ParOldGen       total 420864K, used 359174K [0x0000000081c00000, 0x000000009b700000, 0x00000000d5f00000)
  object space 420864K, 85% used [0x0000000081c00000,0x0000000097ac1a10,0x000000009b700000)
 Metaspace       used 81644K, capacity 91618K, committed 91776K, reserved 1126400K
  class space    used 12876K, capacity 15720K, committed 15744K, reserved 1048576K
}
Event: 200.650 GC heap before
{Heap before GC invocations=163 (full 9):
 PSYoungGen      total 608768K, used 528384K [0x00000000d5f00000, 0x0000000100000000, 0x0000000100000000)
  eden space 528384K, 100% used [0x00000000d5f00000,0x00000000f6300000,0x00000000f6300000)
  from space 80384K, 0% used [0x00000000f6300000,0x00000000f6300000,0x00000000fb180000)
  to   space 80384K, 0% used [0x00000000fb180000,0x00000000fb180000,0x0000000100000000)
 ParOldGen       total 420864K, used 359174K [0x0000000081c00000, 0x000000009b700000, 0x00000000d5f00000)
  object space 420864K, 85% used [0x0000000081c00000,0x0000000097ac1a10,0x000000009b700000)
 Metaspace       used 83434K, capacity 93882K, committed 93952K, reserved 1126400K
  class space    used 13154K, capacity 16066K, committed 16128K, reserved 1048576K
Event: 201.376 GC heap after
Heap after GC invocations=163 (full 9):
 PSYoungGen      total 608768K, used 528384K [0x00000000d5f00000, 0x0000000100000000, 0x0000000100000000)
  eden space 528384K, 100% used [0x00000000d5f00000,0x00000000f6300000,0x00000000f6300000)
  from space 80384K, 0% used [0x00000000f6300000,0x00000000f6300000,0x00000000fb180000)
  to   space 80384K, 99% used [0x00000000fb180000,0x00000000ffffeed0,0x0000000100000000)
 ParOldGen       total 465408K, used 465404K [0x0000000081c00000, 0x000000009e280000, 0x00000000d5f00000)
  object space 465408K, 99% used [0x0000000081c00000,0x000000009e27f3b8,0x000000009e280000)
 Metaspace       used 83434K, capacity 93882K, committed 93952K, reserved 1126400K
  class space    used 13154K, capacity 16066K, committed 16128K, reserved 1048576K
}
Event: 201.376 GC heap before
{Heap before GC invocations=164 (full 10):
 PSYoungGen      total 608768K, used 528384K [0x00000000d5f00000, 0x0000000100000000, 0x0000000100000000)
  eden space 528384K, 100% used [0x00000000d5f00000,0x00000000f6300000,0x00000000f6300000)
  from space 80384K, 0% used [0x00000000f6300000,0x00000000f6300000,0x00000000fb180000)
  to   space 80384K, 99% used [0x00000000fb180000,0x00000000ffffeed0,0x0000000100000000)
 ParOldGen       total 465408K, used 465404K [0x0000000081c00000, 0x000000009e280000, 0x00000000d5f00000)
  object space 465408K, 99% used [0x0000000081c00000,0x000000009e27f3b8,0x000000009e280000)
 Metaspace       used 83434K, capacity 93882K, committed 93952K, reserved 1126400K
  class space    used 13154K, capacity 16066K, committed 16128K, reserved 1048576K
Event: 204.782 GC heap after
Heap after GC invocations=164 (full 10):
 PSYoungGen      total 608768K, used 0K [0x00000000d5f00000, 0x0000000100000000, 0x0000000100000000)
  eden space 528384K, 0% used [0x00000000d5f00000,0x00000000d5f00000,0x00000000f6300000)
  from space 80384K, 0% used [0x00000000f6300000,0x00000000f6300000,0x00000000fb180000)
  to   space 80384K, 45% used [0x00000000fb180000,0x00000000fd4f4138,0x0000000100000000)
 ParOldGen       total 465408K, used 464964K [0x0000000081c00000, 0x000000009e280000, 0x00000000d5f00000)
  object space 465408K, 99% used [0x0000000081c00000,0x000000009e2112e8,0x000000009e280000)
 Metaspace       used 83434K, capacity 93882K, committed 93952K, reserved 1126400K
  class space    used 13154K, capacity 16066K, committed 16128K, reserved 1048576K
}
Event: 209.235 GC heap before
{Heap before GC invocations=165 (full 11):
 PSYoungGen      total 608768K, used 528384K [0x00000000d5f00000, 0x0000000100000000, 0x0000000100000000)
  eden space 528384K, 100% used [0x00000000d5f00000,0x00000000f6300000,0x00000000f6300000)
  from space 80384K, 0% used [0x00000000f6300000,0x00000000f6300000,0x00000000fb180000)
  to   space 80384K, 45% used [0x00000000fb180000,0x00000000fd4f4138,0x0000000100000000)
 ParOldGen       total 465408K, used 464964K [0x0000000081c00000, 0x000000009e280000, 0x00000000d5f00000)
  object space 465408K, 99% used [0x0000000081c00000,0x000000009e2112e8,0x000000009e280000)
 Metaspace       used 86474K, capacity 97526K, committed 97792K, reserved 1130496K
  class space    used 13534K, capacity 16555K, committed 16640K, reserved 1048576K
Event: 212.439 GC heap after
Heap after GC invocations=165 (full 11):
 PSYoungGen      total 608768K, used 68542K [0x00000000d5f00000, 0x0000000100000000, 0x0000000100000000)
  eden space 528384K, 12% used [0x00000000d5f00000,0x00000000da1efbe0,0x00000000f6300000)
  from space 80384K, 0% used [0x00000000f6300000,0x00000000f6300000,0x00000000fb180000)
  to   space 80384K, 0% used [0x00000000fb180000,0x00000000fb180000,0x0000000100000000)
 ParOldGen       total 465408K, used 465178K [0x0000000081c00000, 0x000000009e280000, 0x00000000d5f00000)
  object space 465408K, 99% used [0x0000000081c00000,0x000000009e2468d8,0x000000009e280000)
 Metaspace       used 86474K, capacity 97526K, committed 97792K, reserved 1130496K
  class space    used 13534K, capacity 16555K, committed 16640K, reserved 1048576K
}

Deoptimization events (10 events):
Event: 213.354 Thread 0x000000001aa7e800 Uncommon trap: reason=class_check action=maybe_recompile pc=0x0000000004a07d3c method=java.util.Comparator.lambda$comparingLong$6043328a$1(Ljava/util/function/ToLongFunction;Ljava/lang/Object;Ljava/lang/Object;)I @ 2
Event: 213.355 Thread 0x000000001aa7e800 Uncommon trap: reason=class_check action=maybe_recompile pc=0x0000000004f5bfac method=java.util.Comparators$NaturalOrderComparator.compare(Ljava/lang/Object;Ljava/lang/Object;)I @ 2
Event: 213.355 Thread 0x000000001aa7e800 Uncommon trap: reason=class_check action=maybe_recompile pc=0x0000000004a07d3c method=java.util.Comparator.lambda$comparingLong$6043328a$1(Ljava/util/function/ToLongFunction;Ljava/lang/Object;Ljava/lang/Object;)I @ 2
Event: 213.355 Thread 0x000000001aa7e800 Uncommon trap: reason=unstable_if action=reinterpret pc=0x00000000045b2fac method=it.unimi.dsi.fastutil.longs.LongOpenHashSet.contains(J)Z @ 3
Event: 213.355 Thread 0x000000001aa7e800 Uncommon trap: reason=unstable_if action=reinterpret pc=0x00000000042daf0c method=it.unimi.dsi.fastutil.longs.Long2ObjectLinkedOpenHashMap.get(J)Ljava/lang/Object; @ 3
Event: 213.355 Thread 0x000000001aa7e800 Uncommon trap: reason=class_check action=maybe_recompile pc=0x0000000004a07d3c method=java.util.Comparator.lambda$comparingLong$6043328a$1(Ljava/util/function/ToLongFunction;Ljava/lang/Object;Ljava/lang/Object;)I @ 2
Event: 213.355 Thread 0x000000001aa7e800 Uncommon trap: reason=unstable_if action=reinterpret pc=0x0000000003a86e50 method=it.unimi.dsi.fastutil.longs.LongOpenHashSet.contains(J)Z @ 3
Event: 213.382 Thread 0x000000001aa83000 Uncommon trap: reason=unstable_if action=reinterpret pc=0x00000000044612e4 method=java.lang.Math.min(DD)D @ 17
Event: 213.522 Thread 0x0000000025612800 Uncommon trap: reason=unstable_if action=reinterpret pc=0x0000000003582a0c method=net.minecraft.world.chunk.Chunk.getBlockState(Lnet/minecraft/util/math/BlockPos;)Lnet/minecraft/block/BlockState; @ 86
Event: 213.745 Thread 0x000000001aa81800 Uncommon trap: reason=null_check action=make_not_entrant pc=0x000000000582b1bc method=net.minecraft.world.lighting.SkyLightStorage.getOrCreateArray(J)Lnet/minecraft/world/chunk/NibbleArray; @ 10

Internal exceptions (10 events):
Event: 213.446 Thread 0x000000001aa7e800 Exception <a 'sun/nio/fs/WindowsException'> (0x00000000dfdc5178) thrown at [C:\re\workspace\8-2-build-windows-amd64-cygwin\jdk8u51\3951\hotspot\src\share\vm\prims\jni.cpp, line 709]
Event: 213.446 Thread 0x000000001aa7e800 Exception <a 'sun/nio/fs/WindowsException'> (0x00000000dfdc5de0) thrown at [C:\re\workspace\8-2-build-windows-amd64-cygwin\jdk8u51\3951\hotspot\src\share\vm\prims\jni.cpp, line 709]
Event: 213.446 Thread 0x000000001aa7e800 Exception <a 'sun/nio/fs/WindowsException'> (0x00000000dfdc63d0) thrown at [C:\re\workspace\8-2-build-windows-amd64-cygwin\jdk8u51\3951\hotspot\src\share\vm\prims\jni.cpp, line 709]
Event: 213.745 Thread 0x000000001aa81800 Implicit null exception at 0x0000000005829d5c to 0x000000000582b191
Event: 213.806 Thread 0x0000000025612800 Exception <a 'sun/nio/fs/WindowsException'> (0x00000000e054f4d8) thrown at [C:\re\workspace\8-2-build-windows-amd64-cygwin\jdk8u51\3951\hotspot\src\share\vm\prims\jni.cpp, line 709]
Event: 213.806 Thread 0x0000000025612800 Exception <a 'sun/nio/fs/WindowsException'> (0x00000000e054fa28) thrown at [C:\re\workspace\8-2-build-windows-amd64-cygwin\jdk8u51\3951\hotspot\src\share\vm\prims\jni.cpp, line 709]
Event: 213.806 Thread 0x0000000025612800 Exception <a 'sun/nio/fs/WindowsException'> (0x00000000e0550750) thrown at [C:\re\workspace\8-2-build-windows-amd64-cygwin\jdk8u51\3951\hotspot\src\share\vm\prims\jni.cpp, line 709]
Event: 213.842 Thread 0x0000000025612800 Exception <a 'sun/nio/fs/WindowsException'> (0x00000000e0550cb0) thrown at [C:\re\workspace\8-2-build-windows-amd64-cygwin\jdk8u51\3951\hotspot\src\share\vm\prims\jni.cpp, line 709]
Event: 213.842 Thread 0x0000000025612800 Exception <a 'sun/nio/fs/WindowsException'> (0x00000000e0551928) thrown at [C:\re\workspace\8-2-build-windows-amd64-cygwin\jdk8u51\3951\hotspot\src\share\vm\prims\jni.cpp, line 709]
Event: 213.842 Thread 0x0000000025612800 Exception <a 'sun/nio/fs/WindowsException'> (0x00000000e0551f18) thrown at [C:\re\workspace\8-2-build-windows-amd64-cygwin\jdk8u51\3951\hotspot\src\share\vm\prims\jni.cpp, line 709]

Events (10 events):
Event: 213.533 Thread 0x000000001aa81800 DEOPT UNPACKING pc=0x000000000339787f sp=0x000000002b78dff8 mode 0
Event: 213.707 Thread 0x000000001aa83000 DEOPT PACKING pc=0x000000000579cbe7 sp=0x000000002bd7e9f0
Event: 213.707 Thread 0x000000001aa83000 DEOPT UNPACKING pc=0x000000000339787f sp=0x000000002bd7e7c8 mode 0
Event: 213.745 Thread 0x000000001aa81800 Uncommon trap: trap_request=0xfffffff4 fr.pc=0x000000000582b1bc
Event: 213.745 Thread 0x000000001aa81800 DEOPT PACKING pc=0x000000000582b1bc sp=0x000000002b78eba0
Event: 213.745 Thread 0x000000001aa81800 DEOPT UNPACKING pc=0x000000000339582a sp=0x000000002b78eab0 mode 2
Event: 213.797 Thread 0x0000000025612800 DEOPT PACKING pc=0x0000000005856e14 sp=0x000000002b68e1f0
Event: 213.797 Thread 0x0000000025612800 DEOPT UNPACKING pc=0x000000000339787f sp=0x000000002b68dff8 mode 0
Event: 213.808 Executing VM operation: ForceSafepoint
Event: 213.842 Executing VM operation: ForceSafepoint done


Dynamic libraries:
0x00007ff7d3a30000 - 0x00007ff7d3a67000 	C:\Program Files (x86)\Minecraft\runtime\jre-x64\bin\java.exe
0x00007fff75890000 - 0x00007fff75a86000 	C:\WINDOWS\SYSTEM32\ntdll.dll
0x00007fff74f50000 - 0x00007fff7500d000 	C:\WINDOWS\System32\KERNEL32.DLL
0x00007fff73320000 - 0x00007fff735e8000 	C:\WINDOWS\System32\KERNELBASE.dll
0x00007fff74940000 - 0x00007fff749ea000 	C:\WINDOWS\System32\ADVAPI32.dll
0x00007fff748a0000 - 0x00007fff7493e000 	C:\WINDOWS\System32\msvcrt.dll
0x00007fff74100000 - 0x00007fff7419b000 	C:\WINDOWS\System32\sechost.dll
0x00007fff753f0000 - 0x00007fff75514000 	C:\WINDOWS\System32\RPCRT4.dll
0x00007fff75520000 - 0x00007fff756c0000 	C:\WINDOWS\System32\USER32.dll
0x00007fff732f0000 - 0x00007fff73312000 	C:\WINDOWS\System32\win32u.dll
0x00007fff749f0000 - 0x00007fff74a1a000 	C:\WINDOWS\System32\GDI32.dll
0x00007fff73110000 - 0x00007fff73219000 	C:\WINDOWS\System32\gdi32full.dll
0x00007fff73750000 - 0x00007fff737ed000 	C:\WINDOWS\System32\msvcp_win.dll
0x00007fff72fe0000 - 0x00007fff730e0000 	C:\WINDOWS\System32\ucrtbase.dll
0x00007fff58400000 - 0x00007fff5869b000 	C:\WINDOWS\WinSxS\amd64_microsoft.windows.common-controls_6595b64144ccf1df_6.0.19041.488_none_ca04af081b815d21\COMCTL32.dll
0x00007fff73960000 - 0x00007fff73990000 	C:\WINDOWS\System32\IMM32.DLL
0x0000000066350000 - 0x0000000066422000 	C:\Program Files (x86)\Minecraft\runtime\jre-x64\bin\msvcr100.dll
0x0000000065ac0000 - 0x0000000066343000 	C:\Program Files (x86)\Minecraft\runtime\jre-x64\bin\server\jvm.dll
0x00007fff75720000 - 0x00007fff75728000 	C:\WINDOWS\System32\PSAPI.DLL
0x00007fff4f150000 - 0x00007fff4f159000 	C:\WINDOWS\SYSTEM32\WSOCK32.dll
0x00007fff74830000 - 0x00007fff7489b000 	C:\WINDOWS\System32\WS2_32.dll
0x00007fff6bc80000 - 0x00007fff6bca7000 	C:\WINDOWS\SYSTEM32\WINMM.dll
0x00007fff6ba30000 - 0x00007fff6ba3a000 	C:\WINDOWS\SYSTEM32\VERSION.dll
0x0000000065ab0000 - 0x0000000065abf000 	C:\Program Files (x86)\Minecraft\runtime\jre-x64\bin\verify.dll
0x0000000065a80000 - 0x0000000065aa9000 	C:\Program Files (x86)\Minecraft\runtime\jre-x64\bin\java.dll
0x0000000065a50000 - 0x0000000065a73000 	C:\Program Files (x86)\Minecraft\runtime\jre-x64\bin\instrument.dll
0x0000000065a30000 - 0x0000000065a46000 	C:\Program Files (x86)\Minecraft\runtime\jre-x64\bin\zip.dll
0x00007fff739a0000 - 0x00007fff740e0000 	C:\WINDOWS\System32\SHELL32.dll
0x00007fff70f00000 - 0x00007fff71694000 	C:\WINDOWS\SYSTEM32\windows.storage.dll
0x00007fff75010000 - 0x00007fff75365000 	C:\WINDOWS\System32\combase.dll
0x00007fff728b0000 - 0x00007fff728dc000 	C:\WINDOWS\SYSTEM32\Wldp.dll
0x00007fff74ea0000 - 0x00007fff74f4e000 	C:\WINDOWS\System32\SHCORE.dll
0x00007fff744d0000 - 0x00007fff74525000 	C:\WINDOWS\System32\shlwapi.dll
0x00007fff72f10000 - 0x00007fff72f36000 	C:\WINDOWS\SYSTEM32\profapi.dll
0x00007fff6fb30000 - 0x00007fff6fb4a000 	C:\Users\ervin_1nmnhvl\AppData\Local\JetBrains\Toolbox\apps\IDEA-U\ch-0\202.6397.94\bin\breakgen64.dll
0x0000000065a10000 - 0x0000000065a2a000 	C:\Program Files (x86)\Minecraft\runtime\jre-x64\bin\net.dll
0x00007fff726a0000 - 0x00007fff7270a000 	C:\WINDOWS\system32\mswsock.dll
0x0000000065a00000 - 0x0000000065a0d000 	C:\Program Files (x86)\Minecraft\runtime\jre-x64\bin\management.dll
0x00007fff66e30000 - 0x00007fff66e47000 	C:\WINDOWS\system32\napinsp.dll
0x00007fff62b80000 - 0x00007fff62b9b000 	C:\WINDOWS\system32\pnrpnsp.dll
0x00007fff6dcc0000 - 0x00007fff6dcd5000 	C:\WINDOWS\system32\wshbth.dll
0x00007fff6e560000 - 0x00007fff6e57d000 	C:\WINDOWS\system32\NLAapi.dll
0x00007fff723b0000 - 0x00007fff723eb000 	C:\WINDOWS\SYSTEM32\IPHLPAPI.DLL
0x00007fff723f0000 - 0x00007fff724bb000 	C:\WINDOWS\SYSTEM32\DNSAPI.dll
0x00007fff73990000 - 0x00007fff73999000 	C:\WINDOWS\System32\NSI.dll
0x00007fff66e50000 - 0x00007fff66e62000 	C:\WINDOWS\System32\winrnr.dll
0x00007fff63da0000 - 0x00007fff63daa000 	C:\Windows\System32\rasadhlp.dll
0x00007fff66f40000 - 0x00007fff66fbf000 	C:\WINDOWS\System32\fwpuclnt.dll
0x00007fff730e0000 - 0x00007fff73107000 	C:\WINDOWS\System32\bcrypt.dll
0x00000000659e0000 - 0x00000000659f1000 	C:\Program Files (x86)\Minecraft\runtime\jre-x64\bin\nio.dll
0x00000000659b0000 - 0x00000000659d4000 	C:\Program Files (x86)\Minecraft\runtime\jre-x64\bin\sunec.dll
0x00007fff72c40000 - 0x00007fff72c58000 	C:\WINDOWS\SYSTEM32\CRYPTSP.dll
0x00007fff71f50000 - 0x00007fff71f84000 	C:\WINDOWS\system32\rsaenh.dll
0x00007fff72ed0000 - 0x00007fff72efe000 	C:\WINDOWS\SYSTEM32\USERENV.dll
0x00007fff73220000 - 0x00007fff7329f000 	C:\WINDOWS\System32\bcryptprimitives.dll
0x00007fff72820000 - 0x00007fff7282c000 	C:\WINDOWS\SYSTEM32\CRYPTBASE.dll
0x00007fff69fe0000 - 0x00007fff69ff7000 	C:\WINDOWS\SYSTEM32\dhcpcsvc6.DLL
0x00007fff69ec0000 - 0x00007fff69edd000 	C:\WINDOWS\SYSTEM32\dhcpcsvc.DLL
0x00007fff60aa0000 - 0x00007fff60b12000 	C:\Users\ervin_1nmnhvl\AppData\Local\Temp\lwjglervin_1nmnhvl\3.2.2-build-10\lwjgl.dll
0x00007fff36040000 - 0x00007fff36291000 	C:\Users\ERVIN_~1\AppData\Local\Temp\lwjglervin_1nmnhvl\3.2.2-build-10\jemalloc.dll
0x00007fff50720000 - 0x00007fff5077e000 	C:\Users\ERVIN_~1\AppData\Local\Temp\lwjglervin_1nmnhvl\3.2.2-build-10\glfw.dll
0x00007fff70860000 - 0x00007fff708ff000 	C:\WINDOWS\system32\uxtheme.dll
0x00007fff53880000 - 0x00007fff538c5000 	C:\WINDOWS\SYSTEM32\dinput8.dll
0x00007fff6d1d0000 - 0x00007fff6d1e1000 	C:\WINDOWS\SYSTEM32\xinput1_4.dll
0x00007fff732a0000 - 0x00007fff732ee000 	C:\WINDOWS\System32\cfgmgr32.dll
0x00007fff72d20000 - 0x00007fff72d4c000 	C:\WINDOWS\SYSTEM32\DEVOBJ.dll
0x00007fff70a30000 - 0x00007fff70a5f000 	C:\WINDOWS\SYSTEM32\dwmapi.dll
0x00007fff62f60000 - 0x00007fff630b2000 	C:\WINDOWS\SYSTEM32\inputhost.dll
0x00007fff74350000 - 0x00007fff7441d000 	C:\WINDOWS\System32\OLEAUT32.dll
0x00007fff6e620000 - 0x00007fff6e717000 	C:\WINDOWS\SYSTEM32\PROPSYS.dll
0x00007fff70380000 - 0x00007fff70472000 	C:\WINDOWS\SYSTEM32\CoreMessaging.dll
0x00007fff6f950000 - 0x00007fff6faa6000 	C:\WINDOWS\SYSTEM32\wintypes.dll
0x00007fff70020000 - 0x00007fff7037e000 	C:\WINDOWS\SYSTEM32\CoreUIComponents.dll
0x00007fff71780000 - 0x00007fff71792000 	C:\WINDOWS\SYSTEM32\kernel.appcore.dll
0x00007fff71be0000 - 0x00007fff71c13000 	C:\WINDOWS\SYSTEM32\ntmarta.dll
0x00007fff75730000 - 0x00007fff75845000 	C:\WINDOWS\System32\MSCTF.dll
0x00007fff716a0000 - 0x00007fff716ad000 	C:\WINDOWS\SYSTEM32\HID.DLL
0x00007fff74a20000 - 0x00007fff74e87000 	C:\WINDOWS\System32\SETUPAPI.DLL
0x00007fff738a0000 - 0x00007fff73900000 	C:\WINDOWS\System32\WINTRUST.dll
0x00007fff735f0000 - 0x00007fff7374d000 	C:\WINDOWS\System32\CRYPT32.dll
0x00007fff72d00000 - 0x00007fff72d12000 	C:\WINDOWS\SYSTEM32\MSASN1.dll
0x00007fff38710000 - 0x00007fff38835000 	C:\WINDOWS\SYSTEM32\opengl32.dll
0x00007fff68d90000 - 0x00007fff68dbc000 	C:\WINDOWS\SYSTEM32\GLU32.dll
0x00007fff74420000 - 0x00007fff744c9000 	C:\WINDOWS\System32\clbcatq.dll
0x00007fff2a240000 - 0x00007fff2aec4000 	C:\WINDOWS\SYSTEM32\ig4icd64.dll
0x00007fff717f0000 - 0x00007fff718e3000 	C:\WINDOWS\SYSTEM32\dxgi.dll
0x00007fff6eff0000 - 0x00007fff6f254000 	C:\WINDOWS\SYSTEM32\d3d11.dll
0x00007fff3fa20000 - 0x00007fff40670000 	C:\WINDOWS\SYSTEM32\igd10umd64.dll
0x00007fff69460000 - 0x00007fff6949b000 	C:\WINDOWS\SYSTEM32\dxcore.dll
0x00007fff506a0000 - 0x00007fff5071f000 	C:\Users\ervin_1nmnhvl\AppData\Local\Temp\lwjglervin_1nmnhvl\3.2.2-build-10\lwjgl_stb.dll
0x00007fff6d790000 - 0x00007fff6d83e000 	C:\WINDOWS\SYSTEM32\mscms.dll
0x00007fff6d3b0000 - 0x00007fff6d3c1000 	C:\WINDOWS\SYSTEM32\ColorAdapterClient.dll
0x00007fff50650000 - 0x00007fff50693000 	C:\WINDOWS\SYSTEM32\icm32.dll
0x00007fff630c0000 - 0x00007fff631bc000 	C:\WINDOWS\SYSTEM32\textinputframework.dll
0x00007fff4f7b0000 - 0x00007fff4f808000 	C:\Users\ervin_1nmnhvl\AppData\Local\Temp\lwjglervin_1nmnhvl\3.2.2-build-10\lwjgl_opengl.dll
0x00007fff4f700000 - 0x00007fff4f742000 	C:\Users\ervin_1nmnhvl\AppData\Local\Temp\jna-2118671535\jna3820992128896210469.dll
0x00007fff6cf40000 - 0x00007fff6cf5a000 	C:\save\modding\ervin_mod_1\build\natives\SAPIWrapper_x64.dll
0x00007fff74700000 - 0x00007fff7482a000 	C:\WINDOWS\System32\ole32.dll
0x00007fff36f40000 - 0x00007fff370c4000 	C:\WINDOWS\System32\Speech\Common\sapi.dll
0x00007fff5d8b0000 - 0x00007fff5d8ce000 	C:\WINDOWS\SYSTEM32\MSACM32.dll
0x00007fff68ed0000 - 0x00007fff68edb000 	C:\WINDOWS\SYSTEM32\msdmo.dll
0x00007fff68e10000 - 0x00007fff68e36000 	C:\WINDOWS\SYSTEM32\winmmbase.dll
0x00007fff646f0000 - 0x00007fff64775000 	C:\WINDOWS\System32\MMDevApi.dll
0x00007fff3ad40000 - 0x00007fff3ae54000 	C:\Users\ERVIN_~1\AppData\Local\Temp\lwjglervin_1nmnhvl\3.2.2-build-10\OpenAL.dll
0x00007fff5dbb0000 - 0x00007fff5dd31000 	C:\WINDOWS\SYSTEM32\AUDIOSES.DLL
0x00007fff72e40000 - 0x00007fff72e8b000 	C:\WINDOWS\SYSTEM32\powrprof.dll
0x00007fff72d70000 - 0x00007fff72d82000 	C:\WINDOWS\SYSTEM32\UMPDC.dll
0x00007fff70940000 - 0x00007fff70954000 	C:\WINDOWS\SYSTEM32\resourcepolicyclient.dll
0x00007fff69560000 - 0x00007fff69744000 	C:\WINDOWS\SYSTEM32\dbghelp.dll

VM Arguments:
jvm_args: -Dforge.logging.console.level=debug -Dforge.logging.markers=SCAN,REGISTRIES,REGISTRYDUMP -XX:HeapDumpPath=MojangTricksIntelDriversForPerformance_javaw.exe_minecraft.exe.heapdump -Dos.name=Windows 10 -Dos.version=10.0 -javaagent:C:\Users\ervin_1nmnhvl\AppData\Local\JetBrains\Toolbox\apps\IDEA-U\ch-0\202.6397.94\lib\idea_rt.jar=53520:C:\Users\ervin_1nmnhvl\AppData\Local\JetBrains\Toolbox\apps\IDEA-U\ch-0\202.6397.94\bin -Dfile.encoding=UTF-8 
java_command: net.minecraftforge.userdev.LaunchTesting
java_class_path (initial): C:\Program Files (x86)\Minecraft\runtime\jre-x64\lib\charsets.jar;C:\Program Files (x86)\Minecraft\runtime\jre-x64\lib\deploy.jar;C:\Program Files (x86)\Minecraft\runtime\jre-x64\lib\ext\access-bridge-64.jar;C:\Program Files (x86)\Minecraft\runtime\jre-x64\lib\ext\cldrdata.jar;C:\Program Files (x86)\Minecraft\runtime\jre-x64\lib\ext\dnsns.jar;C:\Program Files (x86)\Minecraft\runtime\jre-x64\lib\ext\jaccess.jar;C:\Program Files (x86)\Minecraft\runtime\jre-x64\lib\ext\jfxrt.jar;C:\Program Files (x86)\Minecraft\runtime\jre-x64\lib\ext\localedata.jar;C:\Program Files (x86)\Minecraft\runtime\jre-x64\lib\ext\nashorn.jar;C:\Program Files (x86)\Minecraft\runtime\jre-x64\lib\ext\sunec.jar;C:\Program Files (x86)\Minecraft\runtime\jre-x64\lib\ext\sunjce_provider.jar;C:\Program Files (x86)\Minecraft\runtime\jre-x64\lib\ext\sunmscapi.jar;C:\Program Files (x86)\Minecraft\runtime\jre-x64\lib\ext\sunpkcs11.jar;C:\Program Files (x86)\Minecraft\runtime\jre-x64\lib\ext\zipfs.jar;C:\Program Files (x86)\Minecraft\runtime\jre-x64\lib\javaws.jar;C:\Program Files (x86)\Minecraft\runtime\jre-x64\lib\jce.jar;C:\Program Files (x86)\Minecraft\runtime\jre-x64\lib\jfr.jar;C:\Program Files (x86)\Minecraft\runtime\jre-x64\lib\jfxswt.jar;C:\Program Files (x86)\Minecraft\runtime\jre-x64\lib\jsse.jar;C:\Program Files (x86)\Minecraft\runtime\jre-x64\lib\management-agent.jar;C:\Program Files (x86)\Minecraft\runtime\jre-x64\lib\plugin.jar;C:\Program Files (x86)\Minecraft\runtime\jre-x64\lib\resources.jar;C:\Program Files (x86)\Minecraft\runtime\jre-x64\lib\rt.jar;C:\save\modding\ervin_mod_1\build\classes\java\main;C:\save\modding\ervin_mod_1\build\resources\main;C:\Users\ervin_1nmnhvl\.gradle\caches\forge_gradle\minecraft_user_repo\net\minecraftforge\forge\1.16.1-32.0.75_mapped_snapshot_20200723-1.16.1\forge-1.16.1-32.0.75_mapped_snapshot_20200723-1.16.1-recomp.jar;C:\Users\ervin_1nmnhvl\.gradle\caches\forge_gradle\minecraft_user_repo\net\minecraftforge\forge\1.16.1-32.0.75_
Launcher Type: SUN_STANDARD

Environment Variables:
JAVA_HOME=C:\Program Files\Java\jdk-11.0.4
PATH=C:\Program Files\Docker\Docker\Resources\bin;C:\ProgramData\Oracle\Java\javapath;C:\WINDOWS\system32;C:\WINDOWS;C:\WINDOWS\System32\Wbem;C:\WINDOWS\System32\WindowsPowerShell\v1.0\;C:\Program Files (x86)\cloudControl;C:\Program Files\Git\cmd;C:\bin;C:\Program Files (x86)\Windows Kits\8.1\Windows Performance Toolkit\;C:\Program Files (x86)\PuTTY\;C:\Program Files (x86)\Nodist\bin;G:\save\sdk\android\tools;G:\save\sdk\android\platform-tools;C:\boxfuse;C:\Program Files (x86)\Skype\Phone\;C:\Program Files (x86)\GtkSharp\2.12\bin;C:\Program Files (x86)\IVI Foundation\VISA\WinNT\Bin;C:\WINDOWS\system32;C:\WINDOWS;C:\WINDOWS\System32\Wbem;C:\WINDOWS\System32\WindowsPowerShell\v1.0\;;C:\WINDOWS\System32\OpenSSH\;C:\Users\ervin_1nmnhvl\AppData\Local\Microsoft\WindowsApps;
USERNAME=ervin_1nmnhvl
OS=Windows_NT
PROCESSOR_IDENTIFIER=Intel64 Family 6 Model 42 Stepping 7, GenuineIntel



---------------  S Y S T E M  ---------------

OS: Windows 10.0 , 64 bit Build 19041 (10.0.19041.546)

CPU:total 4 (2 cores per cpu, 2 threads per core) family 6 model 42 stepping 7, cmov, cx8, fxsr, mmx, sse, sse2, sse3, ssse3, sse4.1, sse4.2, popcnt, avx, aes, clmul, ht, tsc, tscinvbit

Memory: 4k page, physical 8266764k(486200k free), swap 10363916k(4268k free)

vm_info: Java HotSpot(TM) 64-Bit Server VM (25.51-b03) for windows-amd64 JRE (1.8.0_51-b16), built on Jun  8 2015 18:03:07 by "java_re" with MS VC++ 10.0 (VS2010)

time: Wed Oct 28 12:15:56 2020
elapsed time: 213 seconds (0d 0h 3m 33s)

