#
# There is insufficient memory for the Java Runtime Environment to continue.
# Native memory allocation (malloc) failed to allocate 1308416 bytes for Chunk::new
# Possible reasons:
#   The system is out of physical RAM or swap space
#   In 32 bit mode, the process size limit was hit
# Possible solutions:
#   Reduce memory load on the system
#   Increase physical memory or swap space
#   Check if swap backing store is full
#   Use 64 bit Java on a 64 bit OS
#   Decrease Java heap size (-Xmx/-Xms)
#   Decrease number of Java threads
#   Decrease Java thread stack sizes (-Xss)
#   Set larger code cache with -XX:ReservedCodeCacheSize=
# This output file may be truncated or incomplete.
#
#  Out of Memory Error (allocation.cpp:390), pid=7348, tid=3600
#
# JRE version: Java(TM) SE Runtime Environment (8.0_51-b16) (build 1.8.0_51-b16)
# Java VM: Java HotSpot(TM) 64-Bit Server VM (25.51-b03 mixed mode windows-amd64 compressed oops)
# Failed to write core dump. Minidumps are not enabled by default on client versions of Windows
#

---------------  T H R E A D  ---------------

Current thread (0x00000000199c7000):  JavaThread "C2 CompilerThread1" daemon [_thread_in_native, id=3600, stack(0x0000000019be0000,0x0000000019ce0000)]

Stack: [0x0000000019be0000,0x0000000019ce0000]
Native frames: (J=compiled Java code, j=interpreted, Vv=VM code, C=native code)
V  [jvm.dll+0x32b4ca]
V  [jvm.dll+0x2797e3]
V  [jvm.dll+0x27a479]
V  [jvm.dll+0x271765]
V  [jvm.dll+0xcba02]
V  [jvm.dll+0xcbecc]
V  [jvm.dll+0x476f72]
V  [jvm.dll+0x4b95ff]
V  [jvm.dll+0x46b745]
V  [jvm.dll+0x46cd4e]
V  [jvm.dll+0x4501a2]
V  [jvm.dll+0xa43a2]
V  [jvm.dll+0xa4cdf]
V  [jvm.dll+0x2418a4]
V  [jvm.dll+0x29846a]
C  [msvcr100.dll+0x21d9f]
C  [msvcr100.dll+0x21e3b]
C  [KERNEL32.DLL+0x17034]
C  [ntdll.dll+0x52651]


Current CompileTask:
C2: 263425 21760       4       net.minecraft.world.server.ServerWorld::tick (1260 bytes)


---------------  P R O C E S S  ---------------

Java Threads: ( => current thread )
  0x000000001a957000 JavaThread "Sound engine" daemon [_thread_blocked, id=12320, stack(0x0000000049680000,0x0000000049780000)]
  0x000000001a95f800 JavaThread "Worker-Main-18" daemon [_thread_blocked, id=4092, stack(0x0000000047ec0000,0x0000000047fc0000)]
  0x000000001a95e800 JavaThread "Netty Server IO #1" daemon [_thread_in_native, id=14448, stack(0x000000004a420000,0x000000004a520000)]
  0x000000001a95e000 JavaThread "Netty Local Client IO #0" daemon [_thread_blocked, id=15356, stack(0x000000004a320000,0x000000004a420000)]
  0x000000001a956800 JavaThread "Netty Server IO #0" daemon [_thread_in_native, id=9380, stack(0x0000000049480000,0x0000000049580000)]
  0x000000001a952800 JavaThread "ObjectCleanerThread" daemon [_thread_blocked, id=15100, stack(0x0000000046710000,0x0000000046810000)]
  0x000000001a95c800 JavaThread "Java2D Disposer" daemon [_thread_blocked, id=14808, stack(0x0000000048a90000,0x0000000048b90000)]
  0x000000001a95b000 JavaThread "IO-Worker-17" [_thread_blocked, id=15316, stack(0x000000002fd40000,0x000000002fe40000)]
  0x000000001a959800 JavaThread "IO-Worker-16" [_thread_blocked, id=3064, stack(0x000000002fc40000,0x000000002fd40000)]
  0x000000001a958000 JavaThread "IO-Worker-15" [_thread_blocked, id=16176, stack(0x0000000048970000,0x0000000048a70000)]
  0x000000001a95b800 JavaThread "IO-Worker-14" [_thread_blocked, id=10788, stack(0x00000000487f0000,0x00000000488f0000)]
  0x000000001a951000 JavaThread "Worker-Main-12" daemon [_thread_blocked, id=12972, stack(0x0000000047dc0000,0x0000000047ec0000)]
  0x000000001a954800 JavaThread "Thread-11" daemon [_thread_in_native, id=11260, stack(0x0000000046db0000,0x0000000046eb0000)]
  0x000000001a951800 JavaThread "Server thread" [_thread_in_Java, id=6940, stack(0x000000002b1e0000,0x000000002b2e0000)]
  0x000000001a953000 JavaThread "Snooper Timer" daemon [_thread_blocked, id=14848, stack(0x0000000025d90000,0x0000000025e90000)]
  0x0000000019922000 JavaThread "Narrator" [_thread_blocked, id=6900, stack(0x000000002a900000,0x000000002aa00000)]
  0x0000000019923800 JavaThread "Snooper Timer" daemon [_thread_blocked, id=13976, stack(0x0000000002eb0000,0x0000000002fb0000)]
  0x0000000019925800 JavaThread "Timer hack thread" daemon [_thread_blocked, id=11964, stack(0x0000000001610000,0x0000000001710000)]
  0x000000001c9c4800 JavaThread "pool-3-thread-1" [_thread_blocked, id=13192, stack(0x0000000022030000,0x0000000022130000)]
  0x000000001ae0c000 JavaThread "Thread-2" daemon [_thread_in_native, id=14792, stack(0x000000001d5e0000,0x000000001d6e0000)]
  0x000000001a80e000 JavaThread "Thread-1" daemon [_thread_blocked, id=11152, stack(0x000000001c2f0000,0x000000001c3f0000)]
  0x0000000019e77800 JavaThread "Service Thread" daemon [_thread_blocked, id=1536, stack(0x000000001a5e0000,0x000000001a6e0000)]
  0x00000000199c9000 JavaThread "C1 CompilerThread2" daemon [_thread_blocked, id=13724, stack(0x0000000019ce0000,0x0000000019de0000)]
=>0x00000000199c7000 JavaThread "C2 CompilerThread1" daemon [_thread_in_native, id=3600, stack(0x0000000019be0000,0x0000000019ce0000)]
  0x0000000019974000 JavaThread "C2 CompilerThread0" daemon [_thread_in_native, id=15800, stack(0x0000000019ae0000,0x0000000019be0000)]
  0x00000000199b7000 JavaThread "Monitor Ctrl-Break" daemon [_thread_in_native, id=5852, stack(0x00000000199e0000,0x0000000019ae0000)]
  0x0000000018085800 JavaThread "Attach Listener" daemon [_thread_blocked, id=7072, stack(0x00000000194e0000,0x00000000195e0000)]
  0x0000000018084800 JavaThread "Signal Dispatcher" daemon [_thread_blocked, id=12752, stack(0x00000000193e0000,0x00000000194e0000)]
  0x000000000336a000 JavaThread "Finalizer" daemon [_thread_blocked, id=14376, stack(0x00000000192e0000,0x00000000193e0000)]
  0x0000000003367000 JavaThread "Reference Handler" daemon [_thread_blocked, id=13148, stack(0x00000000191e0000,0x00000000192e0000)]
  0x0000000003272800 JavaThread "Render thread" [_thread_in_native, id=12436, stack(0x0000000003170000,0x0000000003270000)]

Other Threads:
  0x0000000018049800 VMThread [stack: 0x00000000190e0000,0x00000000191e0000] [id=12056]
  0x0000000019e66000 WatcherThread [stack: 0x000000001a6e0000,0x000000001a7e0000] [id=10784]

VM state:not at safepoint (normal execution)

VM Mutex/Monitor currently owned by a thread: None

Heap:
 PSYoungGen      total 459776K, used 54847K [0x00000000d5f00000, 0x0000000100000000, 0x0000000100000000)
  eden space 230400K, 21% used [0x00000000d5f00000,0x00000000d8f17308,0x00000000e4000000)
  from space 229376K, 2% used [0x00000000f2000000,0x00000000f2578cf0,0x0000000100000000)
  to   space 229376K, 0% used [0x00000000e4000000,0x00000000e4000000,0x00000000f2000000)
 ParOldGen       total 690176K, used 579423K [0x0000000081c00000, 0x00000000abe00000, 0x00000000d5f00000)
  object space 690176K, 83% used [0x0000000081c00000,0x00000000a51d7cd0,0x00000000abe00000)
 Metaspace       used 102978K, capacity 116614K, committed 116864K, reserved 1146880K
  class space    used 16256K, capacity 19997K, committed 20096K, reserved 1048576K

Card table byte_map: [0x0000000012910000,0x0000000012d10000] byte_map_base: 0x0000000012502000

Marking Bits: (ParMarkBitMap*) 0x00000000614f4040
 Begin Bits: [0x00000000133c0000, 0x0000000015350000)
 End Bits:   [0x0000000015350000, 0x00000000172e0000)

Polling page: 0x00000000030b0000

CodeCache: size=245760Kb used=49590Kb max_used=50490Kb free=196169Kb
 bounds [0x0000000003550000, 0x00000000066f0000, 0x0000000012550000]
 total_blobs=17131 nmethods=15423 adapters=1615
 compilation: enabled

Compilation events (10 events):
Event: 263.331 Thread 0x00000000199c9000 21762       3       net.minecraft.world.chunk.IChunk::isEmptyBetween (50 bytes)
Event: 263.332 Thread 0x00000000199c9000 nmethod 21762 0x000000000617f490 code [0x000000000617f620, 0x000000000617fba8]
Event: 263.343 Thread 0x00000000199c9000 21763       3       net.minecraft.client.renderer.entity.model.AgeableModel::render (214 bytes)
Event: 263.346 Thread 0x00000000199c9000 nmethod 21763 0x000000000616ce90 code [0x000000000616d280, 0x000000000616f0d8]
Event: 263.347 Thread 0x00000000199c9000 21764       3       net.minecraft.client.renderer.model.ItemOverride::func_239289_a_ (100 bytes)
Event: 263.348 Thread 0x00000000199c9000 nmethod 21764 0x000000000594c510 code [0x000000000594c760, 0x000000000594d618]
Event: 263.348 Thread 0x00000000199c9000 21765       3       net.minecraft.item.ItemModelsProperties::func_239417_a_ (86 bytes)
Event: 263.350 Thread 0x00000000199c9000 nmethod 21765 0x00000000050c0c10 code [0x00000000050c0e60, 0x00000000050c1de8]
Event: 263.350 Thread 0x00000000199c9000 21766       3       net.minecraft.item.ItemModelsProperties$$Lambda$7501/580092262::call (7 bytes)
Event: 263.351 Thread 0x00000000199c9000 nmethod 21766 0x0000000005c7f310 code [0x0000000005c7f4c0, 0x0000000005c7f8a8]

GC Heap History (10 events):
Event: 245.505 GC heap before
{Heap before GC invocations=170 (full 8):
 PSYoungGen      total 459776K, used 396735K [0x00000000d5f00000, 0x0000000100000000, 0x0000000100000000)
  eden space 230400K, 100% used [0x00000000d5f00000,0x00000000e4000000,0x00000000e4000000)
  from space 229376K, 72% used [0x00000000e4000000,0x00000000ee26fe48,0x00000000f2000000)
  to   space 229376K, 0% used [0x00000000f2000000,0x00000000f2000000,0x0000000100000000)
 ParOldGen       total 690176K, used 490321K [0x0000000081c00000, 0x00000000abe00000, 0x00000000d5f00000)
  object space 690176K, 71% used [0x0000000081c00000,0x000000009fad4530,0x00000000abe00000)
 Metaspace       used 100086K, capacity 112992K, committed 113024K, reserved 1142784K
  class space    used 15936K, capacity 19558K, committed 19584K, reserved 1048576K
Event: 245.734 GC heap after
Heap after GC invocations=170 (full 8):
 PSYoungGen      total 459776K, used 143693K [0x00000000d5f00000, 0x0000000100000000, 0x0000000100000000)
  eden space 230400K, 0% used [0x00000000d5f00000,0x00000000d5f00000,0x00000000e4000000)
  from space 229376K, 62% used [0x00000000f2000000,0x00000000fac535d0,0x0000000100000000)
  to   space 229376K, 0% used [0x00000000e4000000,0x00000000e4000000,0x00000000f2000000)
 ParOldGen       total 690176K, used 507688K [0x0000000081c00000, 0x00000000abe00000, 0x00000000d5f00000)
  object space 690176K, 73% used [0x0000000081c00000,0x00000000a0bca188,0x00000000abe00000)
 Metaspace       used 100086K, capacity 112992K, committed 113024K, reserved 1142784K
  class space    used 15936K, capacity 19558K, committed 19584K, reserved 1048576K
}
Event: 247.901 GC heap before
{Heap before GC invocations=171 (full 8):
 PSYoungGen      total 459776K, used 374093K [0x00000000d5f00000, 0x0000000100000000, 0x0000000100000000)
  eden space 230400K, 100% used [0x00000000d5f00000,0x00000000e4000000,0x00000000e4000000)
  from space 229376K, 62% used [0x00000000f2000000,0x00000000fac535d0,0x0000000100000000)
  to   space 229376K, 0% used [0x00000000e4000000,0x00000000e4000000,0x00000000f2000000)
 ParOldGen       total 690176K, used 509140K [0x0000000081c00000, 0x00000000abe00000, 0x00000000d5f00000)
  object space 690176K, 73% used [0x0000000081c00000,0x00000000a0d35310,0x00000000abe00000)
 Metaspace       used 101377K, capacity 114646K, committed 114816K, reserved 1144832K
  class space    used 16093K, capacity 19745K, committed 19840K, reserved 1048576K
Event: 248.097 GC heap after
Heap after GC invocations=171 (full 8):
 PSYoungGen      total 459776K, used 120492K [0x00000000d5f00000, 0x0000000100000000, 0x0000000100000000)
  eden space 230400K, 0% used [0x00000000d5f00000,0x00000000d5f00000,0x00000000e4000000)
  from space 229376K, 52% used [0x00000000e4000000,0x00000000eb5ab3b0,0x00000000f2000000)
  to   space 229376K, 0% used [0x00000000f2000000,0x00000000f2000000,0x0000000100000000)
 ParOldGen       total 690176K, used 524236K [0x0000000081c00000, 0x00000000abe00000, 0x00000000d5f00000)
  object space 690176K, 75% used [0x0000000081c00000,0x00000000a1bf3308,0x00000000abe00000)
 Metaspace       used 101377K, capacity 114646K, committed 114816K, reserved 1144832K
  class space    used 16093K, capacity 19745K, committed 19840K, reserved 1048576K
}
Event: 251.925 GC heap before
{Heap before GC invocations=172 (full 8):
 PSYoungGen      total 459776K, used 350892K [0x00000000d5f00000, 0x0000000100000000, 0x0000000100000000)
  eden space 230400K, 100% used [0x00000000d5f00000,0x00000000e4000000,0x00000000e4000000)
  from space 229376K, 52% used [0x00000000e4000000,0x00000000eb5ab3b0,0x00000000f2000000)
  to   space 229376K, 0% used [0x00000000f2000000,0x00000000f2000000,0x0000000100000000)
 ParOldGen       total 690176K, used 524238K [0x0000000081c00000, 0x00000000abe00000, 0x00000000d5f00000)
  object space 690176K, 75% used [0x0000000081c00000,0x00000000a1bf3bd8,0x00000000abe00000)
 Metaspace       used 102466K, capacity 116002K, committed 116352K, reserved 1144832K
  class space    used 16249K, capacity 19991K, committed 20096K, reserved 1048576K
Event: 252.053 GC heap after
Heap after GC invocations=172 (full 8):
 PSYoungGen      total 459776K, used 55595K [0x00000000d5f00000, 0x0000000100000000, 0x0000000100000000)
  eden space 230400K, 0% used [0x00000000d5f00000,0x00000000d5f00000,0x00000000e4000000)
  from space 229376K, 24% used [0x00000000f2000000,0x00000000f564ad40,0x0000000100000000)
  to   space 229376K, 0% used [0x00000000e4000000,0x00000000e4000000,0x00000000f2000000)
 ParOldGen       total 690176K, used 564499K [0x0000000081c00000, 0x00000000abe00000, 0x00000000d5f00000)
  object space 690176K, 81% used [0x0000000081c00000,0x00000000a4344ec8,0x00000000abe00000)
 Metaspace       used 102466K, capacity 116002K, committed 116352K, reserved 1144832K
  class space    used 16249K, capacity 19991K, committed 20096K, reserved 1048576K
}
Event: 257.368 GC heap before
{Heap before GC invocations=173 (full 8):
 PSYoungGen      total 459776K, used 285995K [0x00000000d5f00000, 0x0000000100000000, 0x0000000100000000)
  eden space 230400K, 100% used [0x00000000d5f00000,0x00000000e4000000,0x00000000e4000000)
  from space 229376K, 24% used [0x00000000f2000000,0x00000000f564ad40,0x0000000100000000)
  to   space 229376K, 0% used [0x00000000e4000000,0x00000000e4000000,0x00000000f2000000)
 ParOldGen       total 690176K, used 564499K [0x0000000081c00000, 0x00000000abe00000, 0x00000000d5f00000)
  object space 690176K, 81% used [0x0000000081c00000,0x00000000a4344ec8,0x00000000abe00000)
 Metaspace       used 102768K, capacity 116338K, committed 116608K, reserved 1146880K
  class space    used 16256K, capacity 19997K, committed 20096K, reserved 1048576K
Event: 257.396 GC heap after
Heap after GC invocations=173 (full 8):
 PSYoungGen      total 459776K, used 20427K [0x00000000d5f00000, 0x0000000100000000, 0x0000000100000000)
  eden space 230400K, 0% used [0x00000000d5f00000,0x00000000d5f00000,0x00000000e4000000)
  from space 229376K, 8% used [0x00000000e4000000,0x00000000e53f2d08,0x00000000f2000000)
  to   space 229376K, 0% used [0x00000000f2000000,0x00000000f2000000,0x0000000100000000)
 ParOldGen       total 690176K, used 567088K [0x0000000081c00000, 0x00000000abe00000, 0x00000000d5f00000)
  object space 690176K, 82% used [0x0000000081c00000,0x00000000a45cc190,0x00000000abe00000)
 Metaspace       used 102768K, capacity 116338K, committed 116608K, reserved 1146880K
  class space    used 16256K, capacity 19997K, committed 20096K, reserved 1048576K
}
Event: 262.402 GC heap before
{Heap before GC invocations=174 (full 8):
 PSYoungGen      total 459776K, used 250827K [0x00000000d5f00000, 0x0000000100000000, 0x0000000100000000)
  eden space 230400K, 100% used [0x00000000d5f00000,0x00000000e4000000,0x00000000e4000000)
  from space 229376K, 8% used [0x00000000e4000000,0x00000000e53f2d08,0x00000000f2000000)
  to   space 229376K, 0% used [0x00000000f2000000,0x00000000f2000000,0x0000000100000000)
 ParOldGen       total 690176K, used 567088K [0x0000000081c00000, 0x00000000abe00000, 0x00000000d5f00000)
  object space 690176K, 82% used [0x0000000081c00000,0x00000000a45cc190,0x00000000abe00000)
 Metaspace       used 102957K, capacity 116538K, committed 116864K, reserved 1146880K
  class space    used 16256K, capacity 19997K, committed 20096K, reserved 1048576K
Event: 262.435 GC heap after
Heap after GC invocations=174 (full 8):
 PSYoungGen      total 459776K, used 5603K [0x00000000d5f00000, 0x0000000100000000, 0x0000000100000000)
  eden space 230400K, 0% used [0x00000000d5f00000,0x00000000d5f00000,0x00000000e4000000)
  from space 229376K, 2% used [0x00000000f2000000,0x00000000f2578cf0,0x0000000100000000)
  to   space 229376K, 0% used [0x00000000e4000000,0x00000000e4000000,0x00000000f2000000)
 ParOldGen       total 690176K, used 579423K [0x0000000081c00000, 0x00000000abe00000, 0x00000000d5f00000)
  object space 690176K, 83% used [0x0000000081c00000,0x00000000a51d7cd0,0x00000000abe00000)
 Metaspace       used 102957K, capacity 116538K, committed 116864K, reserved 1146880K
  class space    used 16256K, capacity 19997K, committed 20096K, reserved 1048576K
}

Deoptimization events (10 events):
Event: 257.412 Thread 0x000000001a951000 Uncommon trap: reason=null_check action=make_not_entrant pc=0x000000000648f4dc method=net.minecraft.client.renderer.RenderTypeLookup.canRenderInLayer(Lnet/minecraft/fluid/FluidState;Lnet/minecraft/client/renderer/RenderType;)Z @ 20
Event: 257.430 Thread 0x000000001a951000 Uncommon trap: reason=bimorphic action=maybe_recompile pc=0x00000000064caa8c method=net.minecraft.fluid.FluidState.getLevel()I @ 5
Event: 257.440 Thread 0x000000001a951000 Uncommon trap: reason=bimorphic action=maybe_recompile pc=0x00000000064caa8c method=net.minecraft.fluid.FluidState.getLevel()I @ 5
Event: 257.440 Thread 0x000000001a951000 Uncommon trap: reason=bimorphic action=maybe_recompile pc=0x00000000064caa8c method=net.minecraft.fluid.FluidState.getLevel()I @ 5
Event: 257.440 Thread 0x000000001a951000 Uncommon trap: reason=bimorphic action=maybe_recompile pc=0x00000000064caa8c method=net.minecraft.fluid.FluidState.getLevel()I @ 5
Event: 257.448 Thread 0x000000001a951000 Uncommon trap: reason=null_check action=make_not_entrant pc=0x0000000006054894 method=net.minecraft.client.renderer.RenderTypeLookup.canRenderInLayer(Lnet/minecraft/fluid/FluidState;Lnet/minecraft/client/renderer/RenderType;)Z @ 20
Event: 258.482 Thread 0x000000001a951800 Uncommon trap: reason=unstable_if action=reinterpret pc=0x000000000606ccc0 method=net.minecraft.pathfinding.SwimmerPathNavigator.pathFollow()V @ 174
Event: 259.924 Thread 0x000000001a951800 Uncommon trap: reason=unstable_if action=reinterpret pc=0x00000000064d0c28 method=net.minecraft.world.TrackedEntity.tick()V @ 494
Event: 260.161 Thread 0x000000001a95f800 Uncommon trap: reason=unstable_if action=reinterpret pc=0x0000000005c40b20 method=net.minecraft.block.Block.shouldSideBeRendered(Lnet/minecraft/block/BlockState;Lnet/minecraft/world/IBlockReader;Lnet/minecraft/util/math/BlockPos;Lnet/minecraft/util/DirectiÂUùùj]p@
Event: 261.839 Thread 0x000000001a951800 Uncommon trap: reason=unstable_if action=reinterpret pc=0x0000000005b89024 method=net.minecraft.entity.Entity.getAllowedMovement(Lnet/minecraft/util/math/vector/Vector3d;)Lnet/minecraft/util/math/vector/Vector3d; @ 371

Internal exceptions (10 events):
Event: 256.114 Thread 0x0000000003272800 Exception <a 'sun/nio/fs/WindowsException'> (0x00000000e15eaee8) thrown at [C:\re\workspace\8-2-build-windows-amd64-cygwin\jdk8u51\3951\hotspot\src\share\vm\prims\jni.cpp, line 709]
Event: 256.114 Thread 0x0000000003272800 Exception <a 'sun/nio/fs/WindowsException'> (0x00000000e15eb518) thrown at [C:\re\workspace\8-2-build-windows-amd64-cygwin\jdk8u51\3951\hotspot\src\share\vm\prims\jni.cpp, line 709]
Event: 256.114 Thread 0x0000000003272800 Exception <a 'sun/nio/fs/WindowsException'> (0x00000000e15ed1c8) thrown at [C:\re\workspace\8-2-build-windows-amd64-cygwin\jdk8u51\3951\hotspot\src\share\vm\prims\jni.cpp, line 709]
Event: 256.114 Thread 0x0000000003272800 Exception <a 'sun/nio/fs/WindowsException'> (0x00000000e15ed718) thrown at [C:\re\workspace\8-2-build-windows-amd64-cygwin\jdk8u51\3951\hotspot\src\share\vm\prims\jni.cpp, line 709]
Event: 256.114 Thread 0x0000000003272800 Exception <a 'sun/nio/fs/WindowsException'> (0x00000000e15ee450) thrown at [C:\re\workspace\8-2-build-windows-amd64-cygwin\jdk8u51\3951\hotspot\src\share\vm\prims\jni.cpp, line 709]
Event: 256.115 Thread 0x0000000003272800 Exception <a 'sun/nio/fs/WindowsException'> (0x00000000e15eeb40) thrown at [C:\re\workspace\8-2-build-windows-amd64-cygwin\jdk8u51\3951\hotspot\src\share\vm\prims\jni.cpp, line 709]
Event: 256.115 Thread 0x0000000003272800 Exception <a 'sun/nio/fs/WindowsException'> (0x00000000e15efc68) thrown at [C:\re\workspace\8-2-build-windows-amd64-cygwin\jdk8u51\3951\hotspot\src\share\vm\prims\jni.cpp, line 709]
Event: 256.115 Thread 0x0000000003272800 Exception <a 'sun/nio/fs/WindowsException'> (0x00000000e15f0268) thrown at [C:\re\workspace\8-2-build-windows-amd64-cygwin\jdk8u51\3951\hotspot\src\share\vm\prims\jni.cpp, line 709]
Event: 257.412 Thread 0x000000001a951000 Implicit null exception at 0x0000000006488903 to 0x000000000648f445
Event: 257.448 Thread 0x000000001a951000 Implicit null exception at 0x000000000604fa47 to 0x0000000006054845

Events (10 events):
Event: 262.492 Thread 0x00000000199c9000 flushing nmethod 0x00000000062c46d0
Event: 262.492 Thread 0x00000000199c9000 flushing nmethod 0x00000000062d2410
Event: 262.492 Thread 0x00000000199c9000 flushing nmethod 0x00000000062d2d10
Event: 262.492 Thread 0x00000000199c9000 flushing nmethod 0x00000000062d3050
Event: 262.492 Thread 0x00000000199c9000 flushing nmethod 0x00000000062d3590
Event: 262.492 Thread 0x00000000199c9000 flushing nmethod 0x00000000062f0150
Event: 262.492 Thread 0x00000000199c9000 flushing nmethod 0x00000000062f1010
Event: 262.492 Thread 0x00000000199c9000 flushing nmethod 0x00000000062f1b90
Event: 262.492 Thread 0x00000000199c9000 flushing nmethod 0x00000000063223d0
Event: 262.492 Thread 0x00000000199c9000 flushing nmethod 0x00000000063293d0


Dynamic libraries:
0x00007ff662570000 - 0x00007ff6625a7000 	C:\Program Files (x86)\Minecraft\runtime\jre-x64\bin\java.exe
0x00007ff975b10000 - 0x00007ff975d05000 	C:\WINDOWS\SYSTEM32\ntdll.dll
0x00007ff974d90000 - 0x00007ff974e4d000 	C:\WINDOWS\System32\KERNEL32.DLL
0x00007ff9737a0000 - 0x00007ff973a68000 	C:\WINDOWS\System32\KERNELBASE.dll
0x00007ff9748d0000 - 0x00007ff97497c000 	C:\WINDOWS\System32\ADVAPI32.dll
0x00007ff975010000 - 0x00007ff9750ae000 	C:\WINDOWS\System32\msvcrt.dll
0x00007ff974f60000 - 0x00007ff974ffb000 	C:\WINDOWS\System32\sechost.dll
0x00007ff974c60000 - 0x00007ff974d8b000 	C:\WINDOWS\System32\RPCRT4.dll
0x00007ff974370000 - 0x00007ff974510000 	C:\WINDOWS\System32\USER32.dll
0x00007ff9735f0000 - 0x00007ff973612000 	C:\WINDOWS\System32\win32u.dll
0x00007ff975120000 - 0x00007ff97514a000 	C:\WINDOWS\System32\GDI32.dll
0x00007ff973490000 - 0x00007ff97359b000 	C:\WINDOWS\System32\gdi32full.dll
0x00007ff973680000 - 0x00007ff97371d000 	C:\WINDOWS\System32\msvcp_win.dll
0x00007ff973a70000 - 0x00007ff973b70000 	C:\WINDOWS\System32\ucrtbase.dll
0x00007ff959500000 - 0x00007ff95979a000 	C:\WINDOWS\WinSxS\amd64_microsoft.windows.common-controls_6595b64144ccf1df_6.0.19041.844_none_ca00b6081b84eb1d\COMCTL32.dll
0x00007ff974f30000 - 0x00007ff974f60000 	C:\WINDOWS\System32\IMM32.DLL
0x0000000061580000 - 0x0000000061652000 	C:\Program Files (x86)\Minecraft\runtime\jre-x64\bin\msvcr100.dll
0x0000000060cf0000 - 0x0000000061573000 	C:\Program Files (x86)\Minecraft\runtime\jre-x64\bin\server\jvm.dll
0x00007ff975000000 - 0x00007ff975008000 	C:\WINDOWS\System32\PSAPI.DLL
0x00007ff94e560000 - 0x00007ff94e569000 	C:\WINDOWS\SYSTEM32\WSOCK32.dll
0x00007ff9750b0000 - 0x00007ff97511b000 	C:\WINDOWS\System32\WS2_32.dll
0x00007ff96c990000 - 0x00007ff96c9b7000 	C:\WINDOWS\SYSTEM32\WINMM.dll
0x00007ff96ca40000 - 0x00007ff96ca4a000 	C:\WINDOWS\SYSTEM32\VERSION.dll
0x0000000060ce0000 - 0x0000000060cef000 	C:\Program Files (x86)\Minecraft\runtime\jre-x64\bin\verify.dll
0x0000000060cb0000 - 0x0000000060cd9000 	C:\Program Files (x86)\Minecraft\runtime\jre-x64\bin\java.dll
0x0000000060c80000 - 0x0000000060ca3000 	C:\Program Files (x86)\Minecraft\runtime\jre-x64\bin\instrument.dll
0x0000000060c60000 - 0x0000000060c76000 	C:\Program Files (x86)\Minecraft\runtime\jre-x64\bin\zip.dll
0x00007ff975150000 - 0x00007ff975892000 	C:\WINDOWS\System32\SHELL32.dll
0x00007ff971150000 - 0x00007ff9718e1000 	C:\WINDOWS\SYSTEM32\windows.storage.dll
0x00007ff974510000 - 0x00007ff974865000 	C:\WINDOWS\System32\combase.dll
0x00007ff972bf0000 - 0x00007ff972c1c000 	C:\WINDOWS\SYSTEM32\Wldp.dll
0x00007ff973fe0000 - 0x00007ff97408e000 	C:\WINDOWS\System32\SHCORE.dll
0x00007ff9758c0000 - 0x00007ff975915000 	C:\WINDOWS\System32\shlwapi.dll
0x00007ff973190000 - 0x00007ff9731af000 	C:\WINDOWS\SYSTEM32\profapi.dll
0x00007ff96ff30000 - 0x00007ff96ff4a000 	C:\Users\ervin_1nmnhvl\AppData\Local\JetBrains\Toolbox\apps\IDEA-U\ch-0\211.6693.111\bin\breakgen64.dll
0x0000000060c40000 - 0x0000000060c5a000 	C:\Program Files (x86)\Minecraft\runtime\jre-x64\bin\net.dll
0x00007ff9729d0000 - 0x00007ff972a3a000 	C:\WINDOWS\system32\mswsock.dll
0x0000000060c30000 - 0x0000000060c3d000 	C:\Program Files (x86)\Minecraft\runtime\jre-x64\bin\management.dll
0x00007ff944330000 - 0x00007ff944347000 	C:\WINDOWS\system32\napinsp.dll
0x00007ff9446b0000 - 0x00007ff9446cb000 	C:\WINDOWS\system32\pnrpnsp.dll
0x00007ff96e1c0000 - 0x00007ff96e1d5000 	C:\WINDOWS\system32\wshbth.dll
0x00007ff96eab0000 - 0x00007ff96eacd000 	C:\WINDOWS\system32\NLAapi.dll
0x00007ff972690000 - 0x00007ff9726cb000 	C:\WINDOWS\SYSTEM32\IPHLPAPI.DLL
0x00007ff9726e0000 - 0x00007ff9727ac000 	C:\WINDOWS\SYSTEM32\DNSAPI.dll
0x00007ff974360000 - 0x00007ff974368000 	C:\WINDOWS\System32\NSI.dll
0x00007ff944a30000 - 0x00007ff944a42000 	C:\WINDOWS\System32\winrnr.dll
0x00007ff963510000 - 0x00007ff96351a000 	C:\Windows\System32\rasadhlp.dll
0x00007ff968f40000 - 0x00007ff968fbf000 	C:\WINDOWS\System32\fwpuclnt.dll
0x00007ff973300000 - 0x00007ff973327000 	C:\WINDOWS\System32\bcrypt.dll
0x0000000060c10000 - 0x0000000060c21000 	C:\Program Files (x86)\Minecraft\runtime\jre-x64\bin\nio.dll
0x0000000060be0000 - 0x0000000060c04000 	C:\Program Files (x86)\Minecraft\runtime\jre-x64\bin\sunec.dll
0x00007ff972f20000 - 0x00007ff972f38000 	C:\WINDOWS\SYSTEM32\CRYPTSP.dll
0x00007ff972210000 - 0x00007ff972244000 	C:\WINDOWS\system32\rsaenh.dll
0x00007ff973150000 - 0x00007ff97317e000 	C:\WINDOWS\SYSTEM32\USERENV.dll
0x00007ff973720000 - 0x00007ff9737a0000 	C:\WINDOWS\System32\bcryptprimitives.dll
0x00007ff972b50000 - 0x00007ff972b5c000 	C:\WINDOWS\SYSTEM32\CRYPTBASE.dll
0x00007ff96a6e0000 - 0x00007ff96a6f7000 	C:\WINDOWS\SYSTEM32\dhcpcsvc6.DLL
0x00007ff96a6c0000 - 0x00007ff96a6dd000 	C:\WINDOWS\SYSTEM32\dhcpcsvc.DLL
0x00007ff935eb0000 - 0x00007ff935f22000 	C:\Users\ervin_1nmnhvl\AppData\Local\Temp\lwjglervin_1nmnhvl\3.2.2-build-10\lwjgl.dll
0x00007ff935730000 - 0x00007ff935981000 	C:\Users\ERVIN_~1\AppData\Local\Temp\lwjglervin_1nmnhvl\3.2.2-build-10\jemalloc.dll
0x00007ff935e50000 - 0x00007ff935eae000 	C:\Users\ERVIN_~1\AppData\Local\Temp\lwjglervin_1nmnhvl\3.2.2-build-10\glfw.dll
0x00007ff970a10000 - 0x00007ff970aae000 	C:\WINDOWS\system32\uxtheme.dll
0x00007ff939bb0000 - 0x00007ff939bf5000 	C:\WINDOWS\SYSTEM32\dinput8.dll
0x00007ff95c210000 - 0x00007ff95c221000 	C:\WINDOWS\SYSTEM32\xinput1_4.dll
0x00007ff9735a0000 - 0x00007ff9735ee000 	C:\WINDOWS\System32\cfgmgr32.dll
0x00007ff973000000 - 0x00007ff97302c000 	C:\WINDOWS\SYSTEM32\DEVOBJ.dll
0x00007ff970c80000 - 0x00007ff970caf000 	C:\WINDOWS\SYSTEM32\dwmapi.dll
0x00007ff95e440000 - 0x00007ff95e592000 	C:\WINDOWS\SYSTEM32\inputhost.dll
0x00007ff9749e0000 - 0x00007ff974aad000 	C:\WINDOWS\System32\OLEAUT32.dll
0x00007ff9706b0000 - 0x00007ff9707a2000 	C:\WINDOWS\SYSTEM32\CoreMessaging.dll
0x00007ff96ead0000 - 0x00007ff96ebc7000 	C:\WINDOWS\SYSTEM32\PROPSYS.dll
0x00007ff96fc80000 - 0x00007ff96fdd4000 	C:\WINDOWS\SYSTEM32\wintypes.dll
0x00007ff96ffd0000 - 0x00007ff97032e000 	C:\WINDOWS\SYSTEM32\CoreUIComponents.dll
0x00007ff971e40000 - 0x00007ff971e73000 	C:\WINDOWS\SYSTEM32\ntmarta.dll
0x00007ff9719d0000 - 0x00007ff9719e2000 	C:\WINDOWS\SYSTEM32\kernel.appcore.dll
0x00007ff9759b0000 - 0x00007ff975ac5000 	C:\WINDOWS\System32\MSCTF.dll
0x00007ff9718f0000 - 0x00007ff9718fd000 	C:\WINDOWS\SYSTEM32\HID.DLL
0x00007ff973b70000 - 0x00007ff973fd9000 	C:\WINDOWS\System32\SETUPAPI.DLL
0x00007ff973620000 - 0x00007ff973680000 	C:\WINDOWS\System32\WINTRUST.dll
0x00007ff973330000 - 0x00007ff97348f000 	C:\WINDOWS\System32\CRYPT32.dll
0x00007ff972fa0000 - 0x00007ff972fb2000 	C:\WINDOWS\SYSTEM32\MSASN1.dll
0x00007ff9317d0000 - 0x00007ff9318f6000 	C:\WINDOWS\SYSTEM32\opengl32.dll
0x00007ff943060000 - 0x00007ff94308c000 	C:\WINDOWS\SYSTEM32\GLU32.dll
0x00007ff974090000 - 0x00007ff974139000 	C:\WINDOWS\System32\clbcatq.dll
0x00007ff91a470000 - 0x00007ff91b0f4000 	C:\WINDOWS\SYSTEM32\ig4icd64.dll
0x00007ff971a40000 - 0x00007ff971b33000 	C:\WINDOWS\SYSTEM32\dxgi.dll
0x00007ff96eff0000 - 0x00007ff96f254000 	C:\WINDOWS\SYSTEM32\d3d11.dll
0x00007ff93f030000 - 0x00007ff93fc80000 	C:\WINDOWS\SYSTEM32\igd10umd64.dll
0x00007ff96ef00000 - 0x00007ff96ef3b000 	C:\WINDOWS\SYSTEM32\dxcore.dll
0x00007ff935dd0000 - 0x00007ff935e4f000 	C:\Users\ervin_1nmnhvl\AppData\Local\Temp\lwjglervin_1nmnhvl\3.2.2-build-10\lwjgl_stb.dll
0x00007ff96de60000 - 0x00007ff96df0e000 	C:\WINDOWS\SYSTEM32\mscms.dll
0x00007ff96de10000 - 0x00007ff96de21000 	C:\WINDOWS\SYSTEM32\ColorAdapterClient.dll
0x00007ff935d80000 - 0x00007ff935dc3000 	C:\WINDOWS\SYSTEM32\icm32.dll
0x00007ff95e340000 - 0x00007ff95e439000 	C:\WINDOWS\SYSTEM32\textinputframework.dll
0x00007ff9356d0000 - 0x00007ff935728000 	C:\Users\ervin_1nmnhvl\AppData\Local\Temp\lwjglervin_1nmnhvl\3.2.2-build-10\lwjgl_opengl.dll
0x00007ff95ad70000 - 0x00007ff95adb2000 	C:\Users\ervin_1nmnhvl\AppData\Local\Temp\jna-2118671535\jna719185067828505751.dll
0x00007ff96ff60000 - 0x00007ff96ff7a000 	C:\save\modding\ervin_mod_1\build\natives\SAPIWrapper_x64.dll
0x00007ff974150000 - 0x00007ff97427a000 	C:\WINDOWS\System32\ole32.dll
0x00007ff938c40000 - 0x00007ff938dc6000 	C:\WINDOWS\System32\Speech\Common\sapi.dll
0x00007ff935d60000 - 0x00007ff935d7e000 	C:\WINDOWS\SYSTEM32\MSACM32.dll
0x00007ff957430000 - 0x00007ff95743b000 	C:\WINDOWS\SYSTEM32\msdmo.dll
0x00007ff958a80000 - 0x00007ff958aa6000 	C:\WINDOWS\SYSTEM32\winmmbase.dll
0x00007ff964300000 - 0x00007ff964385000 	C:\WINDOWS\System32\MMDevApi.dll
0x00007ff9390d0000 - 0x00007ff9391e4000 	C:\Users\ERVIN_~1\AppData\Local\Temp\lwjglervin_1nmnhvl\3.2.2-build-10\OpenAL.dll
0x00007ff95aef0000 - 0x00007ff95b071000 	C:\WINDOWS\SYSTEM32\AUDIOSES.DLL
0x00007ff972800000 - 0x00007ff97284b000 	C:\WINDOWS\SYSTEM32\powrprof.dll
0x00007ff972670000 - 0x00007ff972682000 	C:\WINDOWS\SYSTEM32\UMPDC.dll
0x00007ff970b90000 - 0x00007ff970ba4000 	C:\WINDOWS\SYSTEM32\resourcepolicyclient.dll
0x0000000060a40000 - 0x0000000060bd8000 	C:\Program Files (x86)\Minecraft\runtime\jre-x64\bin\awt.dll
0x00007ff9708e0000 - 0x00007ff970970000 	C:\WINDOWS\SYSTEM32\apphelp.dll
0x00007ff96b610000 - 0x00007ff96b7f4000 	C:\WINDOWS\SYSTEM32\dbghelp.dll

VM Arguments:
jvm_args: -Dforge.logging.console.level=debug -Dforge.logging.markers=SCAN,REGISTRIES,REGISTRYDUMP -XX:HeapDumpPath=MojangTricksIntelDriversForPerformance_javaw.exe_minecraft.exe.heapdump -Dos.name=Windows 10 -Dos.version=10.0 -javaagent:C:\Users\ervin_1nmnhvl\AppData\Local\JetBrains\Toolbox\apps\IDEA-U\ch-0\211.6693.111\lib\idea_rt.jar=55134:C:\Users\ervin_1nmnhvl\AppData\Local\JetBrains\Toolbox\apps\IDEA-U\ch-0\211.6693.111\bin -Dfile.encoding=windows-1250 
java_command: net.minecraftforge.userdev.LaunchTesting
java_class_path (initial): C:\Program Files (x86)\Minecraft\runtime\jre-x64\lib\charsets.jar;C:\Program Files (x86)\Minecraft\runtime\jre-x64\lib\deploy.jar;C:\Program Files (x86)\Minecraft\runtime\jre-x64\lib\ext\access-bridge-64.jar;C:\Program Files (x86)\Minecraft\runtime\jre-x64\lib\ext\cldrdata.jar;C:\Program Files (x86)\Minecraft\runtime\jre-x64\lib\ext\dnsns.jar;C:\Program Files (x86)\Minecraft\runtime\jre-x64\lib\ext\jaccess.jar;C:\Program Files (x86)\Minecraft\runtime\jre-x64\lib\ext\jfxrt.jar;C:\Program Files (x86)\Minecraft\runtime\jre-x64\lib\ext\localedata.jar;C:\Program Files (x86)\Minecraft\runtime\jre-x64\lib\ext\nashorn.jar;C:\Program Files (x86)\Minecraft\runtime\jre-x64\lib\ext\sunec.jar;C:\Program Files (x86)\Minecraft\runtime\jre-x64\lib\ext\sunjce_provider.jar;C:\Program Files (x86)\Minecraft\runtime\jre-x64\lib\ext\sunmscapi.jar;C:\Program Files (x86)\Minecraft\runtime\jre-x64\lib\ext\sunpkcs11.jar;C:\Program Files (x86)\Minecraft\runtime\jre-x64\lib\ext\zipfs.jar;C:\Program Files (x86)\Minecraft\runtime\jre-x64\lib\javaws.jar;C:\Program Files (x86)\Minecraft\runtime\jre-x64\lib\jce.jar;C:\Program Files (x86)\Minecraft\runtime\jre-x64\lib\jfr.jar;C:\Program Files (x86)\Minecraft\runtime\jre-x64\lib\jfxswt.jar;C:\Program Files (x86)\Minecraft\runtime\jre-x64\lib\jsse.jar;C:\Program Files (x86)\Minecraft\runtime\jre-x64\lib\management-agent.jar;C:\Program Files (x86)\Minecraft\runtime\jre-x64\lib\plugin.jar;C:\Program Files (x86)\Minecraft\runtime\jre-x64\lib\resources.jar;C:\Program Files (x86)\Minecraft\runtime\jre-x64\lib\rt.jar;C:\save\modding\ervin_mod_1\build\classes\java\main;C:\save\modding\ervin_mod_1\build\resources\main;C:\Users\ervin_1nmnhvl\.gradle\caches\forge_gradle\minecraft_user_repo\net\minecraftforge\forge\1.16.1-32.0.75_mapped_snapshot_20200723-1.16.1\forge-1.16.1-32.0.75_mapped_snapshot_20200723-1.16.1-recomp.jar;C:\Users\ervin_1nmnhvl\.gradle\caches\forge_gradle\minecraft_user_repo\net\minecraftforge\forge\1.16.1-32.0.75_
Launcher Type: SUN_STANDARD

Environment Variables:
JAVA_HOME=C:\Program Files\Java\jdk-11.0.4
PATH=C:\Program Files\Docker\Docker\Resources\bin;C:\ProgramData\Oracle\Java\javapath;C:\WINDOWS\system32;C:\WINDOWS;C:\WINDOWS\System32\Wbem;C:\WINDOWS\System32\WindowsPowerShell\v1.0\;C:\Program Files (x86)\cloudControl;C:\Program Files\Git\cmd;C:\bin;C:\Program Files (x86)\Windows Kits\8.1\Windows Performance Toolkit\;C:\Program Files (x86)\PuTTY\;C:\Program Files (x86)\Nodist\bin;G:\save\sdk\android\tools;G:\save\sdk\android\platform-tools;C:\boxfuse;C:\Program Files (x86)\Skype\Phone\;C:\Program Files (x86)\GtkSharp\2.12\bin;C:\Program Files (x86)\IVI Foundation\VISA\WinNT\Bin;C:\WINDOWS\system32;C:\WINDOWS;C:\WINDOWS\System32\Wbem;C:\WINDOWS\System32\WindowsPowerShell\v1.0\;;C:\WINDOWS\System32\OpenSSH\;C:\Users\ervin_1nmnhvl\AppData\Local\Microsoft\WindowsApps;
USERNAME=ervin_1nmnhvl
OS=Windows_NT
PROCESSOR_IDENTIFIER=Intel64 Family 6 Model 42 Stepping 7, GenuineIntel



---------------  S Y S T E M  ---------------

OS: Windows 10.0 , 64 bit Build 19041 (10.0.19041.928)

CPU:total 4 (2 cores per cpu, 2 threads per core) family 6 model 42 stepping 7, cmov, cx8, fxsr, mmx, sse, sse2, sse3, ssse3, sse4.1, sse4.2, popcnt, avx, aes, clmul, ht, tsc, tscinvbit

Memory: 4k page, physical 8266764k(327572k free), swap 10363916k(4196k free)

vm_info: Java HotSpot(TM) 64-Bit Server VM (25.51-b03) for windows-amd64 JRE (1.8.0_51-b16), built on Jun  8 2015 18:03:07 by "java_re" with MS VC++ 10.0 (VS2010)

time: Fri Apr 30 19:34:18 2021
elapsed time: 263 seconds (0d 0h 4m 23s)

