#
# There is insufficient memory for the Java Runtime Environment to continue.
# Native memory allocation (malloc) failed to allocate 1340336 bytes for Chunk::new
# Possible reasons:
#   The system is out of physical RAM or swap space
#   In 32 bit mode, the process size limit was hit
# Possible solutions:
#   Reduce memory load on the system
#   Increase physical memory or swap space
#   Check if swap backing store is full
#   Use 64 bit Java on a 64 bit OS
#   Decrease Java heap size (-Xmx/-Xms)
#   Decrease number of Java threads
#   Decrease Java thread stack sizes (-Xss)
#   Set larger code cache with -XX:ReservedCodeCacheSize=
# This output file may be truncated or incomplete.
#
#  Out of Memory Error (allocation.cpp:390), pid=25260, tid=23420
#
# JRE version: Java(TM) SE Runtime Environment (8.0_51-b16) (build 1.8.0_51-b16)
# Java VM: Java HotSpot(TM) 64-Bit Server VM (25.51-b03 mixed mode windows-amd64 compressed oops)
# Failed to write core dump. Minidumps are not enabled by default on client versions of Windows
#

---------------  T H R E A D  ---------------

Current thread (0x0000000019277000):  JavaThread "C2 CompilerThread0" daemon [_thread_in_native, id=23420, stack(0x0000000019390000,0x0000000019490000)]

Stack: [0x0000000019390000,0x0000000019490000]
Native frames: (J=compiled Java code, j=interpreted, Vv=VM code, C=native code)
V  [jvm.dll+0x32b4ca]
V  [jvm.dll+0x2797e3]
V  [jvm.dll+0x27a479]
V  [jvm.dll+0x271765]
V  [jvm.dll+0xcba02]
V  [jvm.dll+0xcbecc]
V  [jvm.dll+0x476f72]
V  [jvm.dll+0x4b95ff]
V  [jvm.dll+0x46c011]
V  [jvm.dll+0x46cd4e]
V  [jvm.dll+0x4501a2]
V  [jvm.dll+0xa43a2]
V  [jvm.dll+0xa4cdf]
V  [jvm.dll+0x2418a4]
V  [jvm.dll+0x29846a]
C  [msvcr100.dll+0x21d9f]
C  [msvcr100.dll+0x21e3b]
C  [KERNEL32.DLL+0x16fd4]
C  [ntdll.dll+0x4cec1]


Current CompileTask:
C2:   6347 2401   !   4       sun.misc.URLClassPath$JarLoader::getResource (349 bytes)


---------------  P R O C E S S  ---------------

Java Threads: ( => current thread )
  0x000000001aff5800 JavaThread "Thread-3" daemon [_thread_blocked, id=14232, stack(0x0000000020e00000,0x0000000020f00000)]
  0x000000001ab79800 JavaThread "Thread-2" daemon [_thread_in_native, id=17264, stack(0x000000001bdc0000,0x000000001bec0000)]
  0x000000001ab79000 JavaThread "Thread-1" daemon [_thread_blocked, id=6744, stack(0x000000001bcc0000,0x000000001bdc0000)]
  0x000000001abf8800 JavaThread "ForkJoinPool.commonPool-worker-1" daemon [_thread_blocked, id=14532, stack(0x000000001bbc0000,0x000000001bcc0000)]
  0x000000001928e800 JavaThread "Service Thread" daemon [_thread_blocked, id=18800, stack(0x0000000019e90000,0x0000000019f90000)]
  0x000000001927b800 JavaThread "C1 CompilerThread2" daemon [_thread_in_native, id=24428, stack(0x0000000019590000,0x0000000019690000)]
  0x000000001927a800 JavaThread "C2 CompilerThread1" daemon [_thread_in_native, id=24080, stack(0x0000000019490000,0x0000000019590000)]
=>0x0000000019277000 JavaThread "C2 CompilerThread0" daemon [_thread_in_native, id=23420, stack(0x0000000019390000,0x0000000019490000)]
  0x0000000019268800 JavaThread "Monitor Ctrl-Break" daemon [_thread_in_native, id=23476, stack(0x0000000019290000,0x0000000019390000)]
  0x0000000017942800 JavaThread "Attach Listener" daemon [_thread_blocked, id=18624, stack(0x0000000018d90000,0x0000000018e90000)]
  0x0000000017941000 JavaThread "Signal Dispatcher" daemon [_thread_blocked, id=20180, stack(0x0000000018c90000,0x0000000018d90000)]
  0x0000000002cfb000 JavaThread "Finalizer" daemon [_thread_blocked, id=17380, stack(0x0000000018b90000,0x0000000018c90000)]
  0x0000000002cf7000 JavaThread "Reference Handler" daemon [_thread_blocked, id=14056, stack(0x0000000018a90000,0x0000000018b90000)]
  0x0000000002c02800 JavaThread "main" [_thread_in_vm, id=18424, stack(0x0000000002b00000,0x0000000002c00000)]

Other Threads:
  0x00000000178f9000 VMThread [stack: 0x0000000018990000,0x0000000018a90000] [id=3564]
  0x000000001971a000 WatcherThread [stack: 0x0000000019f90000,0x000000001a090000] [id=16432]

VM state:not at safepoint (normal execution)

VM Mutex/Monitor currently owned by a thread: None

Heap:
 PSYoungGen      total 38400K, used 29287K [0x00000000d5f00000, 0x00000000dba00000, 0x0000000100000000)
  eden space 33280K, 88% used [0x00000000d5f00000,0x00000000d7b99d00,0x00000000d7f80000)
  from space 5120K, 0% used [0x00000000d7f80000,0x00000000d7f80000,0x00000000d8480000)
  to   space 13312K, 0% used [0x00000000dad00000,0x00000000dad00000,0x00000000dba00000)
 ParOldGen       total 65024K, used 18102K [0x0000000081c00000, 0x0000000085b80000, 0x00000000d5f00000)
  object space 65024K, 27% used [0x0000000081c00000,0x0000000082dadaa8,0x0000000085b80000)
 Metaspace       used 22463K, capacity 23417K, committed 23424K, reserved 1069056K
  class space    used 2663K, capacity 2940K, committed 2944K, reserved 1048576K

Card table byte_map: [0x00000000121c0000,0x00000000125c0000] byte_map_base: 0x0000000011db2000

Marking Bits: (ParMarkBitMap*) 0x0000000070b74040
 Begin Bits: [0x0000000012c70000, 0x0000000014c00000)
 End Bits:   [0x0000000014c00000, 0x0000000016b90000)

Polling page: 0x0000000000d80000

CodeCache: size=245760Kb used=7942Kb max_used=8024Kb free=237817Kb
 bounds [0x0000000002e00000, 0x00000000035e0000, 0x0000000011e00000]
 total_blobs=3358 nmethods=2397 adapters=873
 compilation: enabled

Compilation events (10 events):
Event: 6.250 Thread 0x000000001927b800 nmethod 2409 0x0000000002f60390 code [0x0000000002f60500, 0x0000000002f60828]
Event: 6.260 Thread 0x000000001927b800 2411       3       java.lang.invoke.MethodType::changeReturnType (20 bytes)
Event: 6.260 Thread 0x000000001927b800 nmethod 2411 0x0000000002f12150 code [0x0000000002f122c0, 0x0000000002f12548]
Event: 6.261 Thread 0x000000001927b800 2412       3       java.lang.Throwable::<init> (34 bytes)
Event: 6.262 Thread 0x000000001927b800 nmethod 2412 0x0000000002f06090 code [0x0000000002f06200, 0x0000000002f064e8]
Event: 6.267 Thread 0x000000001927b800 2413       3       sun.nio.fs.NativeBuffers::getNativeBufferFromCache (51 bytes)
Event: 6.268 Thread 0x000000001927b800 nmethod 2413 0x0000000002f13d50 code [0x0000000002f13f00, 0x0000000002f14508]
Event: 6.269 Thread 0x000000001927b800 2414       3       sun.nio.fs.WindowsNativeDispatcher::asNativeBuffer (84 bytes)
Event: 6.270 Thread 0x000000001927b800 nmethod 2414 0x0000000002f25650 code [0x0000000002f25840, 0x0000000002f26178]
Event: 6.280 Thread 0x000000001927b800 2415       3       com.electronwill.nightconfig.toml.Toml::isValidInBareKey (80 bytes)

GC Heap History (10 events):
Event: 2.515 GC heap before
{Heap before GC invocations=2 (full 0):
 PSYoungGen      total 38400K, used 37806K [0x00000000d5f00000, 0x00000000d8980000, 0x0000000100000000)
  eden space 33280K, 100% used [0x00000000d5f00000,0x00000000d7f80000,0x00000000d7f80000)
  from space 5120K, 88% used [0x00000000d7f80000,0x00000000d83ebb50,0x00000000d8480000)
  to   space 5120K, 0% used [0x00000000d8480000,0x00000000d8480000,0x00000000d8980000)
 ParOldGen       total 87552K, used 8K [0x0000000081c00000, 0x0000000087180000, 0x00000000d5f00000)
  object space 87552K, 0% used [0x0000000081c00000,0x0000000081c02000,0x0000000087180000)
 Metaspace       used 13918K, capacity 14204K, committed 14336K, reserved 1062912K
  class space    used 1639K, capacity 1716K, committed 1792K, reserved 1048576K
Event: 2.522 GC heap after
Heap after GC invocations=2 (full 0):
 PSYoungGen      total 38400K, used 5115K [0x00000000d5f00000, 0x00000000d8980000, 0x0000000100000000)
  eden space 33280K, 0% used [0x00000000d5f00000,0x00000000d5f00000,0x00000000d7f80000)
  from space 5120K, 99% used [0x00000000d8480000,0x00000000d897ec28,0x00000000d8980000)
  to   space 5120K, 0% used [0x00000000d7f80000,0x00000000d7f80000,0x00000000d8480000)
 ParOldGen       total 87552K, used 1026K [0x0000000081c00000, 0x0000000087180000, 0x00000000d5f00000)
  object space 87552K, 1% used [0x0000000081c00000,0x0000000081d00b98,0x0000000087180000)
 Metaspace       used 13918K, capacity 14204K, committed 14336K, reserved 1062912K
  class space    used 1639K, capacity 1716K, committed 1792K, reserved 1048576K
}
Event: 4.197 GC heap before
{Heap before GC invocations=3 (full 0):
 PSYoungGen      total 38400K, used 38395K [0x00000000d5f00000, 0x00000000d8980000, 0x0000000100000000)
  eden space 33280K, 100% used [0x00000000d5f00000,0x00000000d7f80000,0x00000000d7f80000)
  from space 5120K, 99% used [0x00000000d8480000,0x00000000d897ec28,0x00000000d8980000)
  to   space 5120K, 0% used [0x00000000d7f80000,0x00000000d7f80000,0x00000000d8480000)
 ParOldGen       total 87552K, used 1026K [0x0000000081c00000, 0x0000000087180000, 0x00000000d5f00000)
  object space 87552K, 1% used [0x0000000081c00000,0x0000000081d00b98,0x0000000087180000)
 Metaspace       used 17042K, capacity 17572K, committed 17664K, reserved 1064960K
  class space    used 2073K, capacity 2250K, committed 2304K, reserved 1048576K
Event: 4.206 GC heap after
Heap after GC invocations=3 (full 0):
 PSYoungGen      total 38400K, used 5104K [0x00000000d5f00000, 0x00000000d8980000, 0x0000000100000000)
  eden space 33280K, 0% used [0x00000000d5f00000,0x00000000d5f00000,0x00000000d7f80000)
  from space 5120K, 99% used [0x00000000d7f80000,0x00000000d847c050,0x00000000d8480000)
  to   space 5120K, 0% used [0x00000000d8480000,0x00000000d8480000,0x00000000d8980000)
 ParOldGen       total 87552K, used 4577K [0x0000000081c00000, 0x0000000087180000, 0x00000000d5f00000)
  object space 87552K, 5% used [0x0000000081c00000,0x00000000820787b8,0x0000000087180000)
 Metaspace       used 17042K, capacity 17572K, committed 17664K, reserved 1064960K
  class space    used 2073K, capacity 2250K, committed 2304K, reserved 1048576K
}
Event: 5.484 GC heap before
{Heap before GC invocations=4 (full 0):
 PSYoungGen      total 38400K, used 38384K [0x00000000d5f00000, 0x00000000d8980000, 0x0000000100000000)
  eden space 33280K, 100% used [0x00000000d5f00000,0x00000000d7f80000,0x00000000d7f80000)
  from space 5120K, 99% used [0x00000000d7f80000,0x00000000d847c050,0x00000000d8480000)
  to   space 5120K, 0% used [0x00000000d8480000,0x00000000d8480000,0x00000000d8980000)
 ParOldGen       total 87552K, used 4577K [0x0000000081c00000, 0x0000000087180000, 0x00000000d5f00000)
  object space 87552K, 5% used [0x0000000081c00000,0x00000000820787b8,0x0000000087180000)
 Metaspace       used 20269K, capacity 21017K, committed 21120K, reserved 1067008K
  class space    used 2376K, capacity 2594K, committed 2688K, reserved 1048576K
Event: 5.500 GC heap after
Heap after GC invocations=4 (full 0):
 PSYoungGen      total 38400K, used 5106K [0x00000000d5f00000, 0x00000000d8980000, 0x0000000100000000)
  eden space 33280K, 0% used [0x00000000d5f00000,0x00000000d5f00000,0x00000000d7f80000)
  from space 5120K, 99% used [0x00000000d8480000,0x00000000d897ca18,0x00000000d8980000)
  to   space 5120K, 0% used [0x00000000d7f80000,0x00000000d7f80000,0x00000000d8480000)
 ParOldGen       total 87552K, used 11971K [0x0000000081c00000, 0x0000000087180000, 0x00000000d5f00000)
  object space 87552K, 13% used [0x0000000081c00000,0x00000000827b0ff0,0x0000000087180000)
 Metaspace       used 20269K, capacity 21017K, committed 21120K, reserved 1067008K
  class space    used 2376K, capacity 2594K, committed 2688K, reserved 1048576K
}
Event: 5.531 GC heap before
{Heap before GC invocations=5 (full 0):
 PSYoungGen      total 38400K, used 10705K [0x00000000d5f00000, 0x00000000d8980000, 0x0000000100000000)
  eden space 33280K, 16% used [0x00000000d5f00000,0x00000000d6477a90,0x00000000d7f80000)
  from space 5120K, 99% used [0x00000000d8480000,0x00000000d897ca18,0x00000000d8980000)
  to   space 5120K, 0% used [0x00000000d7f80000,0x00000000d7f80000,0x00000000d8480000)
 ParOldGen       total 87552K, used 11971K [0x0000000081c00000, 0x0000000087180000, 0x00000000d5f00000)
  object space 87552K, 13% used [0x0000000081c00000,0x00000000827b0ff0,0x0000000087180000)
 Metaspace       used 20418K, capacity 21145K, committed 21296K, reserved 1069056K
  class space    used 2382K, capacity 2594K, committed 2688K, reserved 1048576K
Event: 5.549 GC heap after
Heap after GC invocations=5 (full 0):
 PSYoungGen      total 38400K, used 5097K [0x00000000d5f00000, 0x00000000dba00000, 0x0000000100000000)
  eden space 33280K, 0% used [0x00000000d5f00000,0x00000000d5f00000,0x00000000d7f80000)
  from space 5120K, 99% used [0x00000000d7f80000,0x00000000d847a7b0,0x00000000d8480000)
  to   space 13312K, 0% used [0x00000000dad00000,0x00000000dad00000,0x00000000dba00000)
 ParOldGen       total 87552K, used 15717K [0x0000000081c00000, 0x0000000087180000, 0x00000000d5f00000)
  object space 87552K, 17% used [0x0000000081c00000,0x0000000082b596d0,0x0000000087180000)
 Metaspace       used 20418K, capacity 21145K, committed 21296K, reserved 1069056K
  class space    used 2382K, capacity 2594K, committed 2688K, reserved 1048576K
}
Event: 5.549 GC heap before
{Heap before GC invocations=6 (full 1):
 PSYoungGen      total 38400K, used 5097K [0x00000000d5f00000, 0x00000000dba00000, 0x0000000100000000)
  eden space 33280K, 0% used [0x00000000d5f00000,0x00000000d5f00000,0x00000000d7f80000)
  from space 5120K, 99% used [0x00000000d7f80000,0x00000000d847a7b0,0x00000000d8480000)
  to   space 13312K, 0% used [0x00000000dad00000,0x00000000dad00000,0x00000000dba00000)
 ParOldGen       total 87552K, used 15717K [0x0000000081c00000, 0x0000000087180000, 0x00000000d5f00000)
  object space 87552K, 17% used [0x0000000081c00000,0x0000000082b596d0,0x0000000087180000)
 Metaspace       used 20418K, capacity 21145K, committed 21296K, reserved 1069056K
  class space    used 2382K, capacity 2594K, committed 2688K, reserved 1048576K
Event: 5.650 GC heap after
Heap after GC invocations=6 (full 1):
 PSYoungGen      total 38400K, used 0K [0x00000000d5f00000, 0x00000000dba00000, 0x0000000100000000)
  eden space 33280K, 0% used [0x00000000d5f00000,0x00000000d5f00000,0x00000000d7f80000)
  from space 5120K, 0% used [0x00000000d7f80000,0x00000000d7f80000,0x00000000d8480000)
  to   space 13312K, 0% used [0x00000000dad00000,0x00000000dad00000,0x00000000dba00000)
 ParOldGen       total 65024K, used 18102K [0x0000000081c00000, 0x0000000085b80000, 0x00000000d5f00000)
  object space 65024K, 27% used [0x0000000081c00000,0x0000000082dadaa8,0x0000000085b80000)
 Metaspace       used 20418K, capacity 21145K, committed 21296K, reserved 1069056K
  class space    used 2382K, capacity 2594K, committed 2688K, reserved 1048576K
}

Deoptimization events (10 events):
Event: 5.957 Thread 0x0000000002c02800 Uncommon trap: reason=bimorphic action=maybe_recompile pc=0x00000000031f7e58 method=java.util.zip.InflaterInputStream.read([BII)I @ 100
Event: 5.978 Thread 0x0000000002c02800 Uncommon trap: reason=bimorphic action=maybe_recompile pc=0x00000000032bdfa4 method=java.net.URL.<init>(Ljava/net/URL;Ljava/lang/String;Ljava/net/URLStreamHandler;)V @ 504
Event: 5.978 Thread 0x0000000002c02800 Uncommon trap: reason=unstable_if action=reinterpret pc=0x000000000350ac70 method=java.net.URLStreamHandler.parseURL(Ljava/net/URL;Ljava/lang/String;II)V @ 155
Event: 5.986 Thread 0x0000000002c02800 Uncommon trap: reason=bimorphic action=maybe_recompile pc=0x000000000323af64 method=java.util.regex.Matcher.match(II)Z @ 86
Event: 5.986 Thread 0x0000000002c02800 Uncommon trap: reason=bimorphic action=maybe_recompile pc=0x000000000323af64 method=java.util.regex.Matcher.match(II)Z @ 86
Event: 6.062 Thread 0x0000000002c02800 Uncommon trap: reason=bimorphic action=maybe_recompile pc=0x00000000032bdfa4 method=java.net.URL.<init>(Ljava/net/URL;Ljava/lang/String;Ljava/net/URLStreamHandler;)V @ 504
Event: 6.201 Thread 0x0000000002c02800 Uncommon trap: reason=bimorphic action=maybe_recompile pc=0x00000000031f7e58 method=java.util.zip.InflaterInputStream.read([BII)I @ 100
Event: 6.242 Thread 0x0000000002c02800 Uncommon trap: reason=bimorphic action=maybe_recompile pc=0x000000000323af64 method=java.util.regex.Matcher.match(II)Z @ 86
Event: 6.242 Thread 0x0000000002c02800 Uncommon trap: reason=bimorphic action=maybe_recompile pc=0x000000000323af64 method=java.util.regex.Matcher.match(II)Z @ 86
Event: 6.280 Thread 0x0000000002c02800 Uncommon trap: reason=bimorphic action=maybe_recompile pc=0x00000000031f7e58 method=java.util.zip.InflaterInputStream.read([BII)I @ 100

Internal exceptions (10 events):
Event: 6.251 Thread 0x0000000002c02800 Exception <a 'sun/nio/fs/WindowsException'> (0x00000000d79f5840) thrown at [C:\re\workspace\8-2-build-windows-amd64-cygwin\jdk8u51\3951\hotspot\src\share\vm\prims\jni.cpp, line 709]
Event: 6.252 Thread 0x0000000002c02800 Exception <a 'sun/nio/fs/WindowsException'> (0x00000000d79f5dd8) thrown at [C:\re\workspace\8-2-build-windows-amd64-cygwin\jdk8u51\3951\hotspot\src\share\vm\prims\jni.cpp, line 709]
Event: 6.261 Thread 0x0000000002c02800 Exception <a 'sun/nio/fs/WindowsException'> (0x00000000d7a06720) thrown at [C:\re\workspace\8-2-build-windows-amd64-cygwin\jdk8u51\3951\hotspot\src\share\vm\prims\jni.cpp, line 709]
Event: 6.261 Thread 0x0000000002c02800 Exception <a 'sun/nio/fs/WindowsException'> (0x00000000d7a06e60) thrown at [C:\re\workspace\8-2-build-windows-amd64-cygwin\jdk8u51\3951\hotspot\src\share\vm\prims\jni.cpp, line 709]
Event: 6.261 Thread 0x0000000002c02800 Exception <a 'sun/nio/fs/WindowsException'> (0x00000000d7a07c70) thrown at [C:\re\workspace\8-2-build-windows-amd64-cygwin\jdk8u51\3951\hotspot\src\share\vm\prims\jni.cpp, line 709]
Event: 6.262 Thread 0x0000000002c02800 Exception <a 'sun/nio/fs/WindowsException'> (0x00000000d7a082e8) thrown at [C:\re\workspace\8-2-build-windows-amd64-cygwin\jdk8u51\3951\hotspot\src\share\vm\prims\jni.cpp, line 709]
Event: 6.262 Thread 0x0000000002c02800 Exception <a 'sun/nio/fs/WindowsException'> (0x00000000d7a08dc8) thrown at [C:\re\workspace\8-2-build-windows-amd64-cygwin\jdk8u51\3951\hotspot\src\share\vm\prims\jni.cpp, line 709]
Event: 6.262 Thread 0x0000000002c02800 Exception <a 'sun/nio/fs/WindowsException'> (0x00000000d7a093b0) thrown at [C:\re\workspace\8-2-build-windows-amd64-cygwin\jdk8u51\3951\hotspot\src\share\vm\prims\jni.cpp, line 709]
Event: 6.262 Thread 0x0000000002c02800 Exception <a 'sun/nio/fs/WindowsException'> (0x00000000d7a09db8) thrown at [C:\re\workspace\8-2-build-windows-amd64-cygwin\jdk8u51\3951\hotspot\src\share\vm\prims\jni.cpp, line 709]
Event: 6.262 Thread 0x0000000002c02800 Exception <a 'sun/nio/fs/WindowsException'> (0x00000000d7a0a548) thrown at [C:\re\workspace\8-2-build-windows-amd64-cygwin\jdk8u51\3951\hotspot\src\share\vm\prims\jni.cpp, line 709]

Events (10 events):
Event: 6.254 loading class java/util/stream/FindOps done
Event: 6.254 loading class java/util/stream/FindOps$FindOp
Event: 6.255 loading class java/util/stream/FindOps$FindOp done
Event: 6.256 loading class java/util/stream/FindOps$FindSink$OfRef
Event: 6.257 loading class java/util/stream/FindOps$FindSink
Event: 6.257 loading class java/util/stream/FindOps$FindSink done
Event: 6.259 loading class java/util/stream/FindOps$FindSink$OfRef done
Event: 6.280 Thread 0x0000000002c02800 Uncommon trap: trap_request=0xffffffc6 fr.pc=0x00000000031f7e58
Event: 6.280 Thread 0x0000000002c02800 DEOPT PACKING pc=0x00000000031f7e58 sp=0x0000000002bfdf70
Event: 6.280 Thread 0x0000000002c02800 DEOPT UNPACKING pc=0x0000000002e4582a sp=0x0000000002bfdf78 mode 2


Dynamic libraries:
0x00007ff6af9e0000 - 0x00007ff6afa17000 	C:\Program Files (x86)\Minecraft\runtime\jre-x64\bin\java.exe
0x00007ffaa30d0000 - 0x00007ffaa32c5000 	C:\WINDOWS\SYSTEM32\ntdll.dll
0x00007ffaa20f0000 - 0x00007ffaa21ad000 	C:\WINDOWS\System32\KERNEL32.DLL
0x00007ffaa0a40000 - 0x00007ffaa0d07000 	C:\WINDOWS\System32\KERNELBASE.dll
0x00007ffaa2dd0000 - 0x00007ffaa2e7a000 	C:\WINDOWS\System32\ADVAPI32.dll
0x00007ffaa1210000 - 0x00007ffaa12ae000 	C:\WINDOWS\System32\msvcrt.dll
0x00007ffaa17a0000 - 0x00007ffaa183b000 	C:\WINDOWS\System32\sechost.dll
0x00007ffaa2f60000 - 0x00007ffaa3084000 	C:\WINDOWS\System32\RPCRT4.dll
0x00007ffaa1f50000 - 0x00007ffaa20f0000 	C:\WINDOWS\System32\USER32.dll
0x00007ffaa1100000 - 0x00007ffaa1122000 	C:\WINDOWS\System32\win32u.dll
0x00007ffaa1f00000 - 0x00007ffaa1f2a000 	C:\WINDOWS\System32\GDI32.dll
0x00007ffaa0de0000 - 0x00007ffaa0ee9000 	C:\WINDOWS\System32\gdi32full.dll
0x00007ffaa0840000 - 0x00007ffaa08dd000 	C:\WINDOWS\System32\msvcp_win.dll
0x00007ffaa08e0000 - 0x00007ffaa09e0000 	C:\WINDOWS\System32\ucrtbase.dll
0x00007ffa84450000 - 0x00007ffa846eb000 	C:\WINDOWS\WinSxS\amd64_microsoft.windows.common-controls_6595b64144ccf1df_6.0.19041.488_none_ca04af081b815d21\COMCTL32.dll
0x00007ffaa12b0000 - 0x00007ffaa12e0000 	C:\WINDOWS\System32\IMM32.DLL
0x0000000070c00000 - 0x0000000070cd2000 	C:\Program Files (x86)\Minecraft\runtime\jre-x64\bin\msvcr100.dll
0x0000000070370000 - 0x0000000070bf3000 	C:\Program Files (x86)\Minecraft\runtime\jre-x64\bin\server\jvm.dll
0x00007ffaa1ef0000 - 0x00007ffaa1ef8000 	C:\WINDOWS\System32\PSAPI.DLL
0x00007ffa990e0000 - 0x00007ffa990ea000 	C:\WINDOWS\SYSTEM32\VERSION.dll
0x00007ffa96bc0000 - 0x00007ffa96bc9000 	C:\WINDOWS\SYSTEM32\WSOCK32.dll
0x00007ffa998f0000 - 0x00007ffa99917000 	C:\WINDOWS\SYSTEM32\WINMM.dll
0x00007ffaa1650000 - 0x00007ffaa16bb000 	C:\WINDOWS\System32\WS2_32.dll
0x0000000070360000 - 0x000000007036f000 	C:\Program Files (x86)\Minecraft\runtime\jre-x64\bin\verify.dll
0x0000000070330000 - 0x0000000070359000 	C:\Program Files (x86)\Minecraft\runtime\jre-x64\bin\java.dll
0x0000000070300000 - 0x0000000070323000 	C:\Program Files (x86)\Minecraft\runtime\jre-x64\bin\instrument.dll
0x00000000702e0000 - 0x00000000702f6000 	C:\Program Files (x86)\Minecraft\runtime\jre-x64\bin\zip.dll
0x00007ffaa2680000 - 0x00007ffaa2dc1000 	C:\WINDOWS\System32\SHELL32.dll
0x00007ffa9e830000 - 0x00007ffa9efc3000 	C:\WINDOWS\SYSTEM32\windows.storage.dll
0x00007ffaa1b80000 - 0x00007ffaa1ed5000 	C:\WINDOWS\System32\combase.dll
0x00007ffaa00e0000 - 0x00007ffaa010c000 	C:\WINDOWS\SYSTEM32\Wldp.dll
0x00007ffaa1400000 - 0x00007ffaa14ae000 	C:\WINDOWS\System32\SHCORE.dll
0x00007ffaa19f0000 - 0x00007ffaa1a45000 	C:\WINDOWS\System32\shlwapi.dll
0x00007ffaa0740000 - 0x00007ffaa0766000 	C:\WINDOWS\SYSTEM32\profapi.dll
0x00007ffa962a0000 - 0x00007ffa962ba000 	C:\Users\ervin_1nmnhvl\AppData\Local\JetBrains\Toolbox\apps\IDEA-U\ch-0\202.6397.94\bin\breakgen64.dll
0x00000000702c0000 - 0x00000000702da000 	C:\Program Files (x86)\Minecraft\runtime\jre-x64\bin\net.dll
0x00007ffa9fed0000 - 0x00007ffa9ff3a000 	C:\WINDOWS\system32\mswsock.dll
0x00000000702b0000 - 0x00000000702bd000 	C:\Program Files (x86)\Minecraft\runtime\jre-x64\bin\management.dll
0x00007ffa6b200000 - 0x00007ffa6b217000 	C:\WINDOWS\system32\napinsp.dll
0x00007ffa6b220000 - 0x00007ffa6b23b000 	C:\WINDOWS\system32\pnrpnsp.dll
0x00007ffa9b5c0000 - 0x00007ffa9b5d5000 	C:\WINDOWS\system32\wshbth.dll
0x00007ffa9be80000 - 0x00007ffa9be9d000 	C:\WINDOWS\system32\NLAapi.dll
0x00007ffa9fbe0000 - 0x00007ffa9fc1b000 	C:\WINDOWS\SYSTEM32\IPHLPAPI.DLL
0x00007ffa9fc20000 - 0x00007ffa9fceb000 	C:\WINDOWS\SYSTEM32\DNSAPI.dll
0x00007ffaa2e80000 - 0x00007ffaa2e89000 	C:\WINDOWS\System32\NSI.dll
0x00007ffa6b240000 - 0x00007ffa6b252000 	C:\WINDOWS\System32\winrnr.dll
0x00007ffa913a0000 - 0x00007ffa913aa000 	C:\Windows\System32\rasadhlp.dll
0x00007ffa94450000 - 0x00007ffa944cf000 	C:\WINDOWS\System32\fwpuclnt.dll
0x00007ffaa0810000 - 0x00007ffaa0837000 	C:\WINDOWS\System32\bcrypt.dll
0x0000000070290000 - 0x00000000702a1000 	C:\Program Files (x86)\Minecraft\runtime\jre-x64\bin\nio.dll
0x0000000070260000 - 0x0000000070284000 	C:\Program Files (x86)\Minecraft\runtime\jre-x64\bin\sunec.dll
0x00007ffaa0410000 - 0x00007ffaa0428000 	C:\WINDOWS\SYSTEM32\CRYPTSP.dll
0x00007ffa9f780000 - 0x00007ffa9f7b4000 	C:\WINDOWS\system32\rsaenh.dll
0x00007ffaa0700000 - 0x00007ffaa072e000 	C:\WINDOWS\SYSTEM32\USERENV.dll
0x00007ffaa0d60000 - 0x00007ffaa0ddf000 	C:\WINDOWS\System32\bcryptprimitives.dll
0x00007ffaa0050000 - 0x00007ffaa005c000 	C:\WINDOWS\SYSTEM32\CRYPTBASE.dll
0x00007ffa96460000 - 0x00007ffa96477000 	C:\WINDOWS\SYSTEM32\dhcpcsvc6.DLL
0x00007ffa95b90000 - 0x00007ffa95bad000 	C:\WINDOWS\SYSTEM32\dhcpcsvc.DLL
0x00007ffa95390000 - 0x00007ffa95402000 	C:\Users\ervin_1nmnhvl\AppData\Local\Temp\lwjglervin_1nmnhvl\3.2.2-build-10\lwjgl.dll
0x00007ffa7f2d0000 - 0x00007ffa7f521000 	C:\Users\ERVIN_~1\AppData\Local\Temp\lwjglervin_1nmnhvl\3.2.2-build-10\jemalloc.dll
0x00007ffa95330000 - 0x00007ffa9538e000 	C:\Users\ERVIN_~1\AppData\Local\Temp\lwjglervin_1nmnhvl\3.2.2-build-10\glfw.dll
0x00007ffa9e060000 - 0x00007ffa9e0ff000 	C:\WINDOWS\system32\uxtheme.dll
0x00007ffa952e0000 - 0x00007ffa95325000 	C:\WINDOWS\SYSTEM32\dinput8.dll
0x00007ffa96280000 - 0x00007ffa96291000 	C:\WINDOWS\SYSTEM32\xinput1_4.dll
0x00007ffaa0d10000 - 0x00007ffaa0d5d000 	C:\WINDOWS\System32\cfgmgr32.dll
0x00007ffaa04f0000 - 0x00007ffaa051c000 	C:\WINDOWS\SYSTEM32\DEVOBJ.dll
0x00007ffa9e330000 - 0x00007ffa9e35f000 	C:\WINDOWS\SYSTEM32\dwmapi.dll
0x00007ffa90160000 - 0x00007ffa902b2000 	C:\WINDOWS\SYSTEM32\inputhost.dll
0x00007ffaa2e90000 - 0x00007ffaa2f5d000 	C:\WINDOWS\System32\OLEAUT32.dll
0x00007ffa9d840000 - 0x00007ffa9d932000 	C:\WINDOWS\SYSTEM32\CoreMessaging.dll
0x00007ffa9bc50000 - 0x00007ffa9bd47000 	C:\WINDOWS\SYSTEM32\PROPSYS.dll
0x00007ffa9d170000 - 0x00007ffa9d2c6000 	C:\WINDOWS\SYSTEM32\wintypes.dll
0x00007ffa9d940000 - 0x00007ffa9dc9a000 	C:\WINDOWS\SYSTEM32\CoreUIComponents.dll
0x00007ffa9f420000 - 0x00007ffa9f453000 	C:\WINDOWS\SYSTEM32\ntmarta.dll
0x00007ffa9e810000 - 0x00007ffa9e823000 	C:\WINDOWS\SYSTEM32\kernel.appcore.dll
0x00007ffaa12e0000 - 0x00007ffaa13f5000 	C:\WINDOWS\System32\MSCTF.dll
0x00007ffa9efd0000 - 0x00007ffa9efdd000 	C:\WINDOWS\SYSTEM32\HID.DLL
0x00007ffaa21b0000 - 0x00007ffaa2617000 	C:\WINDOWS\System32\SETUPAPI.DLL
0x00007ffaa09e0000 - 0x00007ffaa0a40000 	C:\WINDOWS\System32\WINTRUST.dll
0x00007ffaa0fa0000 - 0x00007ffaa10fd000 	C:\WINDOWS\System32\CRYPT32.dll
0x00007ffaa04d0000 - 0x00007ffaa04e2000 	C:\WINDOWS\SYSTEM32\MSASN1.dll
0x00007ffa79bf0000 - 0x00007ffa79d15000 	C:\WINDOWS\SYSTEM32\opengl32.dll
0x00007ffa96200000 - 0x00007ffa9622c000 	C:\WINDOWS\SYSTEM32\GLU32.dll
0x00007ffaa14b0000 - 0x00007ffaa1558000 	C:\WINDOWS\System32\clbcatq.dll
0x00007ffa65540000 - 0x00007ffa661c4000 	C:\WINDOWS\SYSTEM32\ig4icd64.dll
0x00007ffa9f030000 - 0x00007ffa9f123000 	C:\WINDOWS\SYSTEM32\dxgi.dll
0x00007ffa9c970000 - 0x00007ffa9cbd3000 	C:\WINDOWS\SYSTEM32\d3d11.dll
0x00007ffa6a5b0000 - 0x00007ffa6b200000 	C:\WINDOWS\SYSTEM32\igd10umd64.dll
0x00007ffa959c0000 - 0x00007ffa959fb000 	C:\WINDOWS\SYSTEM32\dxcore.dll
0x00007ffa805c0000 - 0x00007ffa8063f000 	C:\Users\ervin_1nmnhvl\AppData\Local\Temp\lwjglervin_1nmnhvl\3.2.2-build-10\lwjgl_stb.dll
0x00007ffa9aaa0000 - 0x00007ffa9ab4e000 	C:\WINDOWS\SYSTEM32\mscms.dll
0x00007ffa9a930000 - 0x00007ffa9a941000 	C:\WINDOWS\SYSTEM32\ColorAdapterClient.dll
0x00007ffa94b90000 - 0x00007ffa94bd3000 	C:\WINDOWS\SYSTEM32\icm32.dll
0x00007ffa90060000 - 0x00007ffa9015d000 	C:\WINDOWS\SYSTEM32\textinputframework.dll
0x00007ffa86e60000 - 0x00007ffa86eb8000 	C:\Users\ervin_1nmnhvl\AppData\Local\Temp\lwjglervin_1nmnhvl\3.2.2-build-10\lwjgl_opengl.dll
0x00007ffa97650000 - 0x00007ffa97834000 	C:\WINDOWS\SYSTEM32\dbghelp.dll

VM Arguments:
jvm_args: -Dforge.logging.console.level=debug -Dforge.logging.markers=SCAN,REGISTRIES,REGISTRYDUMP -XX:HeapDumpPath=MojangTricksIntelDriversForPerformance_javaw.exe_minecraft.exe.heapdump -Dos.name=Windows 10 -Dos.version=10.0 -javaagent:C:\Users\ervin_1nmnhvl\AppData\Local\JetBrains\Toolbox\apps\IDEA-U\ch-0\202.6397.94\lib\idea_rt.jar=49646:C:\Users\ervin_1nmnhvl\AppData\Local\JetBrains\Toolbox\apps\IDEA-U\ch-0\202.6397.94\bin -Dfile.encoding=UTF-8 
java_command: net.minecraftforge.userdev.LaunchTesting
java_class_path (initial): C:\Program Files (x86)\Minecraft\runtime\jre-x64\lib\charsets.jar;C:\Program Files (x86)\Minecraft\runtime\jre-x64\lib\deploy.jar;C:\Program Files (x86)\Minecraft\runtime\jre-x64\lib\ext\access-bridge-64.jar;C:\Program Files (x86)\Minecraft\runtime\jre-x64\lib\ext\cldrdata.jar;C:\Program Files (x86)\Minecraft\runtime\jre-x64\lib\ext\dnsns.jar;C:\Program Files (x86)\Minecraft\runtime\jre-x64\lib\ext\jaccess.jar;C:\Program Files (x86)\Minecraft\runtime\jre-x64\lib\ext\jfxrt.jar;C:\Program Files (x86)\Minecraft\runtime\jre-x64\lib\ext\localedata.jar;C:\Program Files (x86)\Minecraft\runtime\jre-x64\lib\ext\nashorn.jar;C:\Program Files (x86)\Minecraft\runtime\jre-x64\lib\ext\sunec.jar;C:\Program Files (x86)\Minecraft\runtime\jre-x64\lib\ext\sunjce_provider.jar;C:\Program Files (x86)\Minecraft\runtime\jre-x64\lib\ext\sunmscapi.jar;C:\Program Files (x86)\Minecraft\runtime\jre-x64\lib\ext\sunpkcs11.jar;C:\Program Files (x86)\Minecraft\runtime\jre-x64\lib\ext\zipfs.jar;C:\Program Files (x86)\Minecraft\runtime\jre-x64\lib\javaws.jar;C:\Program Files (x86)\Minecraft\runtime\jre-x64\lib\jce.jar;C:\Program Files (x86)\Minecraft\runtime\jre-x64\lib\jfr.jar;C:\Program Files (x86)\Minecraft\runtime\jre-x64\lib\jfxswt.jar;C:\Program Files (x86)\Minecraft\runtime\jre-x64\lib\jsse.jar;C:\Program Files (x86)\Minecraft\runtime\jre-x64\lib\management-agent.jar;C:\Program Files (x86)\Minecraft\runtime\jre-x64\lib\plugin.jar;C:\Program Files (x86)\Minecraft\runtime\jre-x64\lib\resources.jar;C:\Program Files (x86)\Minecraft\runtime\jre-x64\lib\rt.jar;C:\save\modding\ervin_mod_1\build\classes\java\main;C:\save\modding\ervin_mod_1\build\resources\main;C:\Users\ervin_1nmnhvl\.gradle\caches\forge_gradle\minecraft_user_repo\net\minecraftforge\forge\1.16.1-32.0.75_mapped_snapshot_20200723-1.16.1\forge-1.16.1-32.0.75_mapped_snapshot_20200723-1.16.1-recomp.jar;C:\Users\ervin_1nmnhvl\.gradle\caches\forge_gradle\minecraft_user_repo\net\minecraftforge\forge\1.16.1-32.0.75_
Launcher Type: SUN_STANDARD

Environment Variables:
JAVA_HOME=C:\Program Files\Java\jdk-11.0.4
PATH=C:\Program Files\Docker\Docker\Resources\bin;C:\ProgramData\Oracle\Java\javapath;C:\WINDOWS\system32;C:\WINDOWS;C:\WINDOWS\System32\Wbem;C:\WINDOWS\System32\WindowsPowerShell\v1.0\;C:\Program Files (x86)\cloudControl;C:\Program Files\Git\cmd;C:\bin;C:\Program Files (x86)\Windows Kits\8.1\Windows Performance Toolkit\;C:\Program Files (x86)\PuTTY\;C:\Program Files (x86)\Nodist\bin;G:\save\sdk\android\tools;G:\save\sdk\android\platform-tools;C:\boxfuse;C:\Program Files (x86)\Skype\Phone\;C:\Program Files (x86)\GtkSharp\2.12\bin;C:\Program Files (x86)\IVI Foundation\VISA\WinNT\Bin;C:\WINDOWS\system32;C:\WINDOWS;C:\WINDOWS\System32\Wbem;C:\WINDOWS\System32\WindowsPowerShell\v1.0\;;C:\WINDOWS\System32\OpenSSH\;C:\Users\ervin_1nmnhvl\AppData\Local\Microsoft\WindowsApps;
USERNAME=ervin_1nmnhvl
OS=Windows_NT
PROCESSOR_IDENTIFIER=Intel64 Family 6 Model 42 Stepping 7, GenuineIntel



---------------  S Y S T E M  ---------------

OS: Windows 10.0 , 64 bit Build 19041 (10.0.19041.292)

CPU:total 4 (2 cores per cpu, 2 threads per core) family 6 model 42 stepping 7, cmov, cx8, fxsr, mmx, sse, sse2, sse3, ssse3, sse4.1, sse4.2, popcnt, avx, aes, clmul, ht, tsc, tscinvbit

Memory: 4k page, physical 8266764k(428432k free), swap 10363916k(13136k free)

vm_info: Java HotSpot(TM) 64-Bit Server VM (25.51-b03) for windows-amd64 JRE (1.8.0_51-b16), built on Jun  8 2015 18:03:07 by "java_re" with MS VC++ 10.0 (VS2010)

time: Thu Oct 01 07:18:28 2020
elapsed time: 6 seconds (0d 0h 0m 6s)

