#
# There is insufficient memory for the Java Runtime Environment to continue.
# Native memory allocation (malloc) failed to allocate 1618816 bytes for Chunk::new
# Possible reasons:
#   The system is out of physical RAM or swap space
#   In 32 bit mode, the process size limit was hit
# Possible solutions:
#   Reduce memory load on the system
#   Increase physical memory or swap space
#   Check if swap backing store is full
#   Use 64 bit Java on a 64 bit OS
#   Decrease Java heap size (-Xmx/-Xms)
#   Decrease number of Java threads
#   Decrease Java thread stack sizes (-Xss)
#   Set larger code cache with -XX:ReservedCodeCacheSize=
# This output file may be truncated or incomplete.
#
#  Out of Memory Error (allocation.cpp:390), pid=17768, tid=14420
#
# JRE version: Java(TM) SE Runtime Environment (8.0_51-b16) (build 1.8.0_51-b16)
# Java VM: Java HotSpot(TM) 64-Bit Server VM (25.51-b03 mixed mode windows-amd64 compressed oops)
# Failed to write core dump. Minidumps are not enabled by default on client versions of Windows
#

---------------  T H R E A D  ---------------

Current thread (0x0000000019034000):  JavaThread "C2 CompilerThread0" daemon [_thread_in_native, id=14420, stack(0x0000000019150000,0x0000000019250000)]

Stack: [0x0000000019150000,0x0000000019250000]
[error occurred during error reporting (printing stack bounds), id 0xc0000005]

Native frames: (J=compiled Java code, j=interpreted, Vv=VM code, C=native code)
V  [jvm.dll+0x32b4ca]
V  [jvm.dll+0x2797e3]
V  [jvm.dll+0x27a479]
V  [jvm.dll+0x293446]
V  [jvm.dll+0x297d3c]
V  [jvm.dll+0x5ca9cf]
C  [msvcr100.dll+0x712e3]
V  [jvm.dll+0x5ca0cd]
C  [ntdll.dll+0xa111f]
C  [ntdll.dll+0x4b474]
C  [ntdll.dll+0x9fc4e]
V  [jvm.dll+0x21bbc1]


Current CompileTask:
C2:  33704 7096   !   4       java.net.URLClassLoader$1::run (63 bytes)


---------------  P R O C E S S  ---------------

Java Threads: ( => current thread )
  0x0000000021728800 JavaThread "Worker-Bootstrap-3" daemon [_thread_blocked, id=17120, stack(0x0000000025a90000,0x0000000025b90000)]
  0x0000000024503800 JavaThread "Worker-Bootstrap-2" daemon [_thread_in_Java, id=1572, stack(0x0000000025150000,0x0000000025250000)]
  0x000000001ac95800 JavaThread "Worker-Bootstrap-1" daemon [_thread_blocked, id=1988, stack(0x00000000221d0000,0x00000000222d0000)]
  0x0000000022c51800 JavaThread "pool-3-thread-1" [_thread_in_Java, id=17220, stack(0x0000000020c30000,0x0000000020d30000)]
  0x000000001bdbb000 JavaThread "pool-2-thread-1" daemon [_thread_blocked, id=9896, stack(0x0000000020950000,0x0000000020a50000)]
  0x000000001bc60800 JavaThread "Thread-3" daemon [_thread_blocked, id=16552, stack(0x0000000020b20000,0x0000000020c20000)]
  0x000000001aac0000 JavaThread "Thread-2" daemon [_thread_in_native, id=10848, stack(0x000000001bb60000,0x000000001bc60000)]
  0x000000001aabf800 JavaThread "Thread-1" daemon [_thread_blocked, id=14400, stack(0x000000001ba60000,0x000000001bb60000)]
  0x00000000193cb000 JavaThread "Service Thread" daemon [_thread_blocked, id=12072, stack(0x0000000019c50000,0x0000000019d50000)]
  0x0000000019368800 JavaThread "C1 CompilerThread2" daemon [_thread_blocked, id=1972, stack(0x0000000019b50000,0x0000000019c50000)]
  0x0000000019035000 JavaThread "C2 CompilerThread1" daemon [_thread_in_native, id=3296, stack(0x0000000019250000,0x0000000019350000)]
=>0x0000000019034000 JavaThread "C2 CompilerThread0" daemon [_thread_in_native, id=14420, stack(0x0000000019150000,0x0000000019250000)]
  0x000000001761b000 JavaThread "Monitor Ctrl-Break" daemon [_thread_in_native, id=3720, stack(0x0000000019050000,0x0000000019150000)]
  0x00000000175c6800 JavaThread "Attach Listener" daemon [_thread_blocked, id=4268, stack(0x0000000018b50000,0x0000000018c50000)]
  0x00000000175c5800 JavaThread "Signal Dispatcher" daemon [_thread_blocked, id=7848, stack(0x0000000018a50000,0x0000000018b50000)]
  0x00000000028db800 JavaThread "Finalizer" daemon [_thread_blocked, id=14452, stack(0x0000000018850000,0x0000000018950000)]
  0x00000000028d8000 JavaThread "Reference Handler" daemon [_thread_blocked, id=14308, stack(0x0000000018750000,0x0000000018850000)]
  0x00000000027e2800 JavaThread "main" [_thread_blocked, id=16932, stack(0x00000000026e0000,0x00000000027e0000)]

Other Threads:
  0x0000000017589000 VMThread [stack: 0x0000000018650000,0x0000000018750000] [id=4828]
  0x0000000019400000 WatcherThread [stack: 0x0000000019d50000,0x0000000019e50000] [id=3856]

VM state:at safepoint (normal execution)

VM Mutex/Monitor currently owned by a thread: None

Heap:
 PSYoungGen      total 524288K, used 116281K [0x00000000d5f00000, 0x00000000fea00000, 0x0000000100000000)
  eden space 383488K, 8% used [0x00000000d5f00000,0x00000000d80b0238,0x00000000ed580000)
  from space 140800K, 58% used [0x00000000ed700000,0x00000000f26de4f0,0x00000000f6080000)
  to   space 116736K, 0% used [0x00000000f7800000,0x00000000f7800000,0x00000000fea00000)
 ParOldGen       total 199168K, used 199165K [0x0000000081c00000, 0x000000008de80000, 0x00000000d5f00000)
  object space 199168K, 99% used [0x0000000081c00000,0x000000008de7f4b0,0x000000008de80000)
 Metaspace       used 46399K, capacity 50284K, committed 50560K, reserved 1093632K
  class space    used 6254K, capacity 7217K, committed 7296K, reserved 1048576K

Card table byte_map: [0x0000000011e50000,0x0000000012250000] byte_map_base: 0x0000000011a42000

Marking Bits: (ParMarkBitMap*) 0x0000000076824040
 Begin Bits: [0x0000000012900000, 0x0000000014890000)
 End Bits:   [0x0000000014890000, 0x0000000016820000)

Polling page: 0x0000000000990000

CodeCache: size=245760Kb used=19742Kb max_used=20555Kb free=226017Kb
 bounds [0x0000000002a90000, 0x0000000003ec0000, 0x0000000011a90000]
 total_blobs=7400 nmethods=6262 adapters=1050
 compilation: enabled

Compilation events (10 events):
Event: 33.598 Thread 0x0000000019368800 7186       3       com.mojang.datafixers.DataFixerUpper::lambda$null$0 (2 bytes)
Event: 33.598 Thread 0x0000000019368800 nmethod 7186 0x0000000003832450 code [0x00000000038325a0, 0x00000000038326d0]
Event: 33.598 Thread 0x0000000019368800 7187       3       com.mojang.datafixers.DataFixerUpper$$Lambda$949/1796662113::get (8 bytes)
Event: 33.599 Thread 0x0000000019368800 nmethod 7187 0x00000000031d4e10 code [0x00000000031d4f60, 0x00000000031d5110]
Event: 33.599 Thread 0x0000000019368800 7182       3       com.mojang.datafixers.TypeRewriteRule$All::rewrite (20 bytes)
Event: 33.599 Thread 0x0000000019368800 nmethod 7182 0x00000000034ecdd0 code [0x00000000034ecf80, 0x00000000034ed478]
Event: 33.599 Thread 0x0000000019368800 7181       3       com.mojang.datafixers.types.Type::ifSame (19 bytes)
Event: 33.600 Thread 0x0000000019368800 nmethod 7181 0x00000000035dd190 code [0x00000000035dd340, 0x00000000035dd8d8]
Event: 33.614 Thread 0x0000000019368800 7188       3       java.util.concurrent.ThreadLocalRandom::nextSecondarySeed (76 bytes)
Event: 33.615 Thread 0x0000000019368800 nmethod 7188 0x0000000002d17a90 code [0x0000000002d17c00, 0x0000000002d17e68]

GC Heap History (10 events):
Event: 23.500 GC heap before
{Heap before GC invocations=19 (full 4):
 PSYoungGen      total 388608K, used 300020K [0x00000000d5f00000, 0x00000000fef80000, 0x0000000100000000)
  eden space 292864K, 100% used [0x00000000d5f00000,0x00000000e7d00000,0x00000000e7d00000)
  from space 95744K, 7% used [0x00000000e7d00000,0x00000000e83fd0f0,0x00000000eda80000)
  to   space 122368K, 0% used [0x00000000f7800000,0x00000000f7800000,0x00000000fef80000)
 ParOldGen       total 157184K, used 157070K [0x0000000081c00000, 0x000000008b580000, 0x00000000d5f00000)
  object space 157184K, 99% used [0x0000000081c00000,0x000000008b563aa0,0x000000008b580000)
 Metaspace       used 40219K, capacity 42585K, committed 42880K, reserved 1085440K
  class space    used 5249K, capacity 5973K, committed 6016K, reserved 1048576K
Event: 24.177 GC heap after
Heap after GC invocations=19 (full 4):
 PSYoungGen      total 388608K, used 11911K [0x00000000d5f00000, 0x00000000fef80000, 0x0000000100000000)
  eden space 292864K, 4% used [0x00000000d5f00000,0x00000000d6aa1d08,0x00000000e7d00000)
  from space 95744K, 0% used [0x00000000e7d00000,0x00000000e7d00000,0x00000000eda80000)
  to   space 122368K, 0% used [0x00000000f7800000,0x00000000f7800000,0x00000000fef80000)
 ParOldGen       total 157184K, used 156816K [0x0000000081c00000, 0x000000008b580000, 0x00000000d5f00000)
  object space 157184K, 99% used [0x0000000081c00000,0x000000008b5241e0,0x000000008b580000)
 Metaspace       used 40219K, capacity 42585K, committed 42880K, reserved 1085440K
  class space    used 5249K, capacity 5973K, committed 6016K, reserved 1048576K
}
Event: 26.257 GC heap before
{Heap before GC invocations=20 (full 5):
 PSYoungGen      total 388608K, used 292864K [0x00000000d5f00000, 0x00000000fef80000, 0x0000000100000000)
  eden space 292864K, 100% used [0x00000000d5f00000,0x00000000e7d00000,0x00000000e7d00000)
  from space 95744K, 0% used [0x00000000e7d00000,0x00000000e7d00000,0x00000000eda80000)
  to   space 122368K, 0% used [0x00000000f7800000,0x00000000f7800000,0x00000000fef80000)
 ParOldGen       total 157184K, used 156816K [0x0000000081c00000, 0x000000008b580000, 0x00000000d5f00000)
  object space 157184K, 99% used [0x0000000081c00000,0x000000008b5241e0,0x000000008b580000)
 Metaspace       used 41363K, capacity 43749K, committed 43904K, reserved 1087488K
  class space    used 5443K, capacity 6191K, committed 6272K, reserved 1048576K
Event: 26.696 GC heap after
Heap after GC invocations=20 (full 5):
 PSYoungGen      total 388608K, used 0K [0x00000000d5f00000, 0x00000000fef80000, 0x0000000100000000)
  eden space 292864K, 0% used [0x00000000d5f00000,0x00000000d5f00000,0x00000000e7d00000)
  from space 95744K, 0% used [0x00000000e7d00000,0x00000000e7d00000,0x00000000eda80000)
  to   space 122368K, 0% used [0x00000000f7800000,0x00000000f7800000,0x00000000fef80000)
 ParOldGen       total 157184K, used 117714K [0x0000000081c00000, 0x000000008b580000, 0x00000000d5f00000)
  object space 157184K, 74% used [0x0000000081c00000,0x0000000088ef4a40,0x000000008b580000)
 Metaspace       used 41363K, capacity 43749K, committed 43904K, reserved 1087488K
  class space    used 5443K, capacity 6191K, committed 6272K, reserved 1048576K
}
Event: 28.129 GC heap before
{Heap before GC invocations=21 (full 5):
 PSYoungGen      total 388608K, used 292864K [0x00000000d5f00000, 0x00000000fef80000, 0x0000000100000000)
  eden space 292864K, 100% used [0x00000000d5f00000,0x00000000e7d00000,0x00000000e7d00000)
  from space 95744K, 0% used [0x00000000e7d00000,0x00000000e7d00000,0x00000000eda80000)
  to   space 122368K, 0% used [0x00000000f7800000,0x00000000f7800000,0x00000000fef80000)
 ParOldGen       total 157184K, used 117714K [0x0000000081c00000, 0x000000008b580000, 0x00000000d5f00000)
  object space 157184K, 74% used [0x0000000081c00000,0x0000000088ef4a40,0x000000008b580000)
 Metaspace       used 42150K, capacity 44589K, committed 44800K, reserved 1087488K
  class space    used 5569K, capacity 6333K, committed 6400K, reserved 1048576K
Event: 28.496 GC heap after
Heap after GC invocations=21 (full 5):
 PSYoungGen      total 500224K, used 116513K [0x00000000d5f00000, 0x00000000fea00000, 0x0000000100000000)
  eden space 383488K, 0% used [0x00000000d5f00000,0x00000000d5f00000,0x00000000ed580000)
  from space 116736K, 99% used [0x00000000f7800000,0x00000000fe9c8598,0x00000000fea00000)
  to   space 140800K, 0% used [0x00000000ed700000,0x00000000ed700000,0x00000000f6080000)
 ParOldGen       total 157184K, used 117722K [0x0000000081c00000, 0x000000008b580000, 0x00000000d5f00000)
  object space 157184K, 74% used [0x0000000081c00000,0x0000000088ef6a40,0x000000008b580000)
 Metaspace       used 42150K, capacity 44589K, committed 44800K, reserved 1087488K
  class space    used 5569K, capacity 6333K, committed 6400K, reserved 1048576K
}
Event: 31.675 GC heap before
{Heap before GC invocations=22 (full 5):
 PSYoungGen      total 500224K, used 500001K [0x00000000d5f00000, 0x00000000fea00000, 0x0000000100000000)
  eden space 383488K, 100% used [0x00000000d5f00000,0x00000000ed580000,0x00000000ed580000)
  from space 116736K, 99% used [0x00000000f7800000,0x00000000fe9c8598,0x00000000fea00000)
  to   space 140800K, 0% used [0x00000000ed700000,0x00000000ed700000,0x00000000f6080000)
 ParOldGen       total 157184K, used 117722K [0x0000000081c00000, 0x000000008b580000, 0x00000000d5f00000)
  object space 157184K, 74% used [0x0000000081c00000,0x0000000088ef6a40,0x000000008b580000)
 Metaspace       used 45957K, capacity 49840K, committed 49920K, reserved 1091584K
  class space    used 6169K, capacity 7143K, committed 7168K, reserved 1048576K
Event: 32.330 GC heap after
Heap after GC invocations=22 (full 5):
 PSYoungGen      total 524288K, used 140782K [0x00000000d5f00000, 0x00000000fea00000, 0x0000000100000000)
  eden space 383488K, 0% used [0x00000000d5f00000,0x00000000d5f00000,0x00000000ed580000)
  from space 140800K, 99% used [0x00000000ed700000,0x00000000f607b888,0x00000000f6080000)
  to   space 116736K, 0% used [0x00000000f7800000,0x00000000f7800000,0x00000000fea00000)
 ParOldGen       total 199168K, used 198960K [0x0000000081c00000, 0x000000008de80000, 0x00000000d5f00000)
  object space 199168K, 99% used [0x0000000081c00000,0x000000008de4c1e8,0x000000008de80000)
 Metaspace       used 45957K, capacity 49840K, committed 49920K, reserved 1091584K
  class space    used 6169K, capacity 7143K, committed 7168K, reserved 1048576K
}
Event: 32.330 GC heap before
{Heap before GC invocations=23 (full 6):
 PSYoungGen      total 524288K, used 140782K [0x00000000d5f00000, 0x00000000fea00000, 0x0000000100000000)
  eden space 383488K, 0% used [0x00000000d5f00000,0x00000000d5f00000,0x00000000ed580000)
  from space 140800K, 99% used [0x00000000ed700000,0x00000000f607b888,0x00000000f6080000)
  to   space 116736K, 0% used [0x00000000f7800000,0x00000000f7800000,0x00000000fea00000)
 ParOldGen       total 199168K, used 198960K [0x0000000081c00000, 0x000000008de80000, 0x00000000d5f00000)
  object space 199168K, 99% used [0x0000000081c00000,0x000000008de4c1e8,0x000000008de80000)
 Metaspace       used 45957K, capacity 49840K, committed 49920K, reserved 1091584K
  class space    used 6169K, capacity 7143K, committed 7168K, reserved 1048576K
Event: 33.432 GC heap after
Heap after GC invocations=23 (full 6):
 PSYoungGen      total 524288K, used 81785K [0x00000000d5f00000, 0x00000000fea00000, 0x0000000100000000)
  eden space 383488K, 0% used [0x00000000d5f00000,0x00000000d5f00000,0x00000000ed580000)
  from space 140800K, 58% used [0x00000000ed700000,0x00000000f26de4f0,0x00000000f6080000)
  to   space 116736K, 0% used [0x00000000f7800000,0x00000000f7800000,0x00000000fea00000)
 ParOldGen       total 199168K, used 199165K [0x0000000081c00000, 0x000000008de80000, 0x00000000d5f00000)
  object space 199168K, 99% used [0x0000000081c00000,0x000000008de7f4b0,0x000000008de80000)
 Metaspace       used 45957K, capacity 49840K, committed 49920K, reserved 1091584K
  class space    used 6169K, capacity 7143K, committed 7168K, reserved 1048576K
}

Deoptimization events (10 events):
Event: 33.459 Thread 0x0000000024503800 Uncommon trap: reason=unstable_if action=reinterpret pc=0x00000000033b7214 method=com.mojang.datafixers.types.constant.EmptyPartPassthrough.equals(Ljava/lang/Object;ZZ)Z @ 2
Event: 33.465 Thread 0x000000001ac95800 Uncommon trap: reason=class_check action=maybe_recompile pc=0x00000000035c423c method=com.mojang.datafixers.types.templates.Sum$SumType.equals(Ljava/lang/Object;ZZ)Z @ 1
Event: 33.465 Thread 0x000000001ac95800 Uncommon trap: reason=class_check action=maybe_recompile pc=0x00000000035c423c method=com.mojang.datafixers.types.templates.Sum$SumType.equals(Ljava/lang/Object;ZZ)Z @ 1
Event: 33.465 Thread 0x000000001ac95800 Uncommon trap: reason=class_check action=maybe_recompile pc=0x00000000035c423c method=com.mojang.datafixers.types.templates.Sum$SumType.equals(Ljava/lang/Object;ZZ)Z @ 1
Event: 33.465 Thread 0x000000001ac95800 Uncommon trap: reason=class_check action=maybe_recompile pc=0x00000000035c423c method=com.mojang.datafixers.types.templates.Sum$SumType.equals(Ljava/lang/Object;ZZ)Z @ 1
Event: 33.465 Thread 0x000000001ac95800 Uncommon trap: reason=class_check action=maybe_recompile pc=0x000000000396f9a0 method=com.mojang.datafixers.types.templates.Product$ProductType.equals(Ljava/lang/Object;ZZ)Z @ 1
Event: 33.551 Thread 0x0000000024503800 Uncommon trap: reason=unstable_if action=reinterpret pc=0x0000000003ea1464 method=java.util.concurrent.CompletableFuture.uniExceptionally(Ljava/util/concurrent/CompletableFuture;Ljava/util/function/Function;Ljava/util/concurrent/CompletableFuture$UniExceptRQ«ž‚Æ@@
Event: 33.551 Thread 0x0000000024503800 Uncommon trap: reason=class_check action=maybe_recompile pc=0x000000000396f9a0 method=com.mojang.datafixers.types.templates.Product$ProductType.equals(Ljava/lang/Object;ZZ)Z @ 1
Event: 33.556 Thread 0x000000001ac95800 Uncommon trap: reason=unstable_if action=reinterpret pc=0x0000000002bce914 method=com.mojang.datafixers.types.constant.EmptyPart.equals(Ljava/lang/Object;ZZ)Z @ 2
Event: 33.595 Thread 0x000000001ac95800 Uncommon trap: reason=unstable_if action=reinterpret pc=0x0000000002f51ce4 method=java.util.concurrent.ConcurrentHashMap.get(Ljava/lang/Object;)Ljava/lang/Object; @ 76

Internal exceptions (10 events):
Event: 33.593 Thread 0x0000000022c51800 Exception <a 'sun/nio/fs/WindowsException'> (0x00000000d6a79958) thrown at [C:\re\workspace\8-2-build-windows-amd64-cygwin\jdk8u51\3951\hotspot\src\share\vm\prims\jni.cpp, line 709]
Event: 33.598 Thread 0x0000000022c51800 Exception <a 'sun/nio/fs/WindowsException'> (0x00000000d6a79ec8) thrown at [C:\re\workspace\8-2-build-windows-amd64-cygwin\jdk8u51\3951\hotspot\src\share\vm\prims\jni.cpp, line 709]
Event: 33.598 Thread 0x0000000022c51800 Exception <a 'sun/nio/fs/WindowsException'> (0x00000000d6a7ae00) thrown at [C:\re\workspace\8-2-build-windows-amd64-cygwin\jdk8u51\3951\hotspot\src\share\vm\prims\jni.cpp, line 709]
Event: 33.598 Thread 0x0000000022c51800 Exception <a 'sun/nio/fs/WindowsException'> (0x00000000d6a7b410) thrown at [C:\re\workspace\8-2-build-windows-amd64-cygwin\jdk8u51\3951\hotspot\src\share\vm\prims\jni.cpp, line 709]
Event: 33.606 Thread 0x0000000022c51800 Exception <a 'sun/nio/fs/WindowsException'> (0x00000000d6c1fcf0) thrown at [C:\re\workspace\8-2-build-windows-amd64-cygwin\jdk8u51\3951\hotspot\src\share\vm\prims\jni.cpp, line 709]
Event: 33.606 Thread 0x0000000022c51800 Exception <a 'sun/nio/fs/WindowsException'> (0x00000000d6c20260) thrown at [C:\re\workspace\8-2-build-windows-amd64-cygwin\jdk8u51\3951\hotspot\src\share\vm\prims\jni.cpp, line 709]
Event: 33.606 Thread 0x0000000022c51800 Exception <a 'sun/nio/fs/WindowsException'> (0x00000000d6c21158) thrown at [C:\re\workspace\8-2-build-windows-amd64-cygwin\jdk8u51\3951\hotspot\src\share\vm\prims\jni.cpp, line 709]
Event: 33.607 Thread 0x0000000022c51800 Exception <a 'sun/nio/fs/WindowsException'> (0x00000000d6c216d8) thrown at [C:\re\workspace\8-2-build-windows-amd64-cygwin\jdk8u51\3951\hotspot\src\share\vm\prims\jni.cpp, line 709]
Event: 33.607 Thread 0x0000000022c51800 Exception <a 'sun/nio/fs/WindowsException'> (0x00000000d6c22650) thrown at [C:\re\workspace\8-2-build-windows-amd64-cygwin\jdk8u51\3951\hotspot\src\share\vm\prims\jni.cpp, line 709]
Event: 33.607 Thread 0x0000000022c51800 Exception <a 'sun/nio/fs/WindowsException'> (0x00000000d6c22c90) thrown at [C:\re\workspace\8-2-build-windows-amd64-cygwin\jdk8u51\3951\hotspot\src\share\vm\prims\jni.cpp, line 709]

Events (10 events):
Event: 33.621 loading class com/mojang/datafixers/optics/ReForgetEP
Event: 33.621 loading class com/mojang/datafixers/optics/ReForgetEP done
Event: 33.622 loading class com/mojang/datafixers/optics/PStore
Event: 33.622 loading class com/mojang/datafixers/optics/PStore done
Event: 33.623 loading class com/mojang/datafixers/optics/ReForgetP
Event: 33.623 loading class com/mojang/datafixers/optics/ReForgetP done
Event: 33.624 loading class com/mojang/datafixers/optics/ReForgetE
Event: 33.624 loading class com/mojang/datafixers/optics/ReForgetE done
Event: 33.626 loading class com/mojang/datafixers/optics/IdAdapter
Event: 33.626 loading class com/mojang/datafixers/optics/IdAdapter done


Dynamic libraries:
0x00007ff7e0db0000 - 0x00007ff7e0de7000 	C:\Program Files (x86)\Minecraft\runtime\jre-x64\bin\java.exe
0x00007ff90a4b0000 - 0x00007ff90a6a5000 	C:\WINDOWS\SYSTEM32\ntdll.dll
0x00007ff909900000 - 0x00007ff9099bd000 	C:\WINDOWS\System32\KERNEL32.DLL
0x00007ff908240000 - 0x00007ff908507000 	C:\WINDOWS\System32\KERNELBASE.dll
0x00007ff9093c0000 - 0x00007ff90946a000 	C:\WINDOWS\System32\ADVAPI32.dll
0x00007ff908810000 - 0x00007ff9088ae000 	C:\WINDOWS\System32\msvcrt.dll
0x00007ff90a030000 - 0x00007ff90a0cb000 	C:\WINDOWS\System32\sechost.dll
0x00007ff9086e0000 - 0x00007ff908804000 	C:\WINDOWS\System32\RPCRT4.dll
0x00007ff90a190000 - 0x00007ff90a330000 	C:\WINDOWS\System32\USER32.dll
0x00007ff907d50000 - 0x00007ff907d72000 	C:\WINDOWS\System32\win32u.dll
0x00007ff909540000 - 0x00007ff90956a000 	C:\WINDOWS\System32\GDI32.dll
0x00007ff908030000 - 0x00007ff908139000 	C:\WINDOWS\System32\gdi32full.dll
0x00007ff907ee0000 - 0x00007ff907f7d000 	C:\WINDOWS\System32\msvcp_win.dll
0x00007ff908140000 - 0x00007ff908240000 	C:\WINDOWS\System32\ucrtbase.dll
0x00007ff8eb8d0000 - 0x00007ff8ebb6b000 	C:\WINDOWS\WinSxS\amd64_microsoft.windows.common-controls_6595b64144ccf1df_6.0.19041.488_none_ca04af081b815d21\COMCTL32.dll
0x00007ff909aa0000 - 0x00007ff909ad0000 	C:\WINDOWS\System32\IMM32.DLL
0x00000000768b0000 - 0x0000000076982000 	C:\Program Files (x86)\Minecraft\runtime\jre-x64\bin\msvcr100.dll
0x0000000076020000 - 0x00000000768a3000 	C:\Program Files (x86)\Minecraft\runtime\jre-x64\bin\server\jvm.dll
0x00007ff909810000 - 0x00007ff909818000 	C:\WINDOWS\System32\PSAPI.DLL
0x00007ff8e1fd0000 - 0x00007ff8e1fd9000 	C:\WINDOWS\SYSTEM32\WSOCK32.dll
0x00007ff9094d0000 - 0x00007ff90953b000 	C:\WINDOWS\System32\WS2_32.dll
0x00007ff900ec0000 - 0x00007ff900ee7000 	C:\WINDOWS\SYSTEM32\WINMM.dll
0x00007ff900930000 - 0x00007ff90093a000 	C:\WINDOWS\SYSTEM32\VERSION.dll
0x0000000076010000 - 0x000000007601f000 	C:\Program Files (x86)\Minecraft\runtime\jre-x64\bin\verify.dll
0x0000000075fe0000 - 0x0000000076009000 	C:\Program Files (x86)\Minecraft\runtime\jre-x64\bin\java.dll
0x0000000075fb0000 - 0x0000000075fd3000 	C:\Program Files (x86)\Minecraft\runtime\jre-x64\bin\instrument.dll
0x0000000075f90000 - 0x0000000075fa6000 	C:\Program Files (x86)\Minecraft\runtime\jre-x64\bin\zip.dll
0x00007ff908c70000 - 0x00007ff9093b1000 	C:\WINDOWS\System32\SHELL32.dll
0x00007ff905bc0000 - 0x00007ff906353000 	C:\WINDOWS\SYSTEM32\windows.storage.dll
0x00007ff9088b0000 - 0x00007ff908c05000 	C:\WINDOWS\System32\combase.dll
0x00007ff9074c0000 - 0x00007ff9074ec000 	C:\WINDOWS\SYSTEM32\Wldp.dll
0x00007ff90a0e0000 - 0x00007ff90a18e000 	C:\WINDOWS\System32\SHCORE.dll
0x00007ff909fd0000 - 0x00007ff90a025000 	C:\WINDOWS\System32\shlwapi.dll
0x00007ff907b20000 - 0x00007ff907b46000 	C:\WINDOWS\SYSTEM32\profapi.dll
0x00007ff904170000 - 0x00007ff90418a000 	C:\Users\ervin_1nmnhvl\AppData\Local\JetBrains\Toolbox\apps\IDEA-U\ch-0\202.6397.94\bin\breakgen64.dll
0x0000000075f70000 - 0x0000000075f8a000 	C:\Program Files (x86)\Minecraft\runtime\jre-x64\bin\net.dll
0x00007ff9072b0000 - 0x00007ff90731a000 	C:\WINDOWS\system32\mswsock.dll
0x0000000075f60000 - 0x0000000075f6d000 	C:\Program Files (x86)\Minecraft\runtime\jre-x64\bin\management.dll
0x00007ff8d6850000 - 0x00007ff8d6867000 	C:\WINDOWS\system32\napinsp.dll
0x00007ff8d9b80000 - 0x00007ff8d9b9b000 	C:\WINDOWS\system32\pnrpnsp.dll
0x00007ff902980000 - 0x00007ff902995000 	C:\WINDOWS\system32\wshbth.dll
0x00007ff903320000 - 0x00007ff90333d000 	C:\WINDOWS\system32\NLAapi.dll
0x00007ff906fc0000 - 0x00007ff906ffb000 	C:\WINDOWS\SYSTEM32\IPHLPAPI.DLL
0x00007ff907000000 - 0x00007ff9070cb000 	C:\WINDOWS\SYSTEM32\DNSAPI.dll
0x00007ff90a460000 - 0x00007ff90a469000 	C:\WINDOWS\System32\NSI.dll
0x00007ff8d9ba0000 - 0x00007ff8d9bb2000 	C:\WINDOWS\System32\winrnr.dll
0x00007ff8f8de0000 - 0x00007ff8f8dea000 	C:\Windows\System32\rasadhlp.dll
0x00007ff8fce90000 - 0x00007ff8fcf0f000 	C:\WINDOWS\System32\fwpuclnt.dll
0x00007ff907f80000 - 0x00007ff907fa7000 	C:\WINDOWS\System32\bcrypt.dll
0x0000000075f40000 - 0x0000000075f51000 	C:\Program Files (x86)\Minecraft\runtime\jre-x64\bin\nio.dll
0x0000000075f10000 - 0x0000000075f34000 	C:\Program Files (x86)\Minecraft\runtime\jre-x64\bin\sunec.dll
0x00007ff9077f0000 - 0x00007ff907808000 	C:\WINDOWS\SYSTEM32\CRYPTSP.dll
0x00007ff906b60000 - 0x00007ff906b94000 	C:\WINDOWS\system32\rsaenh.dll
0x00007ff907ae0000 - 0x00007ff907b0e000 	C:\WINDOWS\SYSTEM32\USERENV.dll
0x00007ff907fb0000 - 0x00007ff90802f000 	C:\WINDOWS\System32\bcryptprimitives.dll
0x00007ff907430000 - 0x00007ff90743c000 	C:\WINDOWS\SYSTEM32\CRYPTBASE.dll
0x00007ff8fa5b0000 - 0x00007ff8fa5c7000 	C:\WINDOWS\SYSTEM32\dhcpcsvc6.DLL
0x00007ff8fa470000 - 0x00007ff8fa48d000 	C:\WINDOWS\SYSTEM32\dhcpcsvc.DLL
0x00007ff8d5230000 - 0x00007ff8d52a2000 	C:\Users\ervin_1nmnhvl\AppData\Local\Temp\lwjglervin_1nmnhvl\3.2.2-build-10\lwjgl.dll
0x00007ff8cecc0000 - 0x00007ff8cef11000 	C:\Users\ERVIN_~1\AppData\Local\Temp\lwjglervin_1nmnhvl\3.2.2-build-10\jemalloc.dll
0x00007ff8d1c70000 - 0x00007ff8d1cce000 	C:\Users\ERVIN_~1\AppData\Local\Temp\lwjglervin_1nmnhvl\3.2.2-build-10\glfw.dll
0x00007ff905480000 - 0x00007ff90551f000 	C:\WINDOWS\system32\uxtheme.dll
0x00007ff8d3020000 - 0x00007ff8d3065000 	C:\WINDOWS\SYSTEM32\dinput8.dll
0x00007ff8fb030000 - 0x00007ff8fb041000 	C:\WINDOWS\SYSTEM32\xinput1_4.dll
0x00007ff907e90000 - 0x00007ff907edd000 	C:\WINDOWS\System32\cfgmgr32.dll
0x00007ff9078d0000 - 0x00007ff9078fc000 	C:\WINDOWS\SYSTEM32\DEVOBJ.dll
0x00007ff905830000 - 0x00007ff90585f000 	C:\WINDOWS\SYSTEM32\dwmapi.dll
0x00007ff8f7440000 - 0x00007ff8f7592000 	C:\WINDOWS\SYSTEM32\inputhost.dll
0x00007ff909740000 - 0x00007ff90980d000 	C:\WINDOWS\System32\OLEAUT32.dll
0x00007ff904c40000 - 0x00007ff904d32000 	C:\WINDOWS\SYSTEM32\CoreMessaging.dll
0x00007ff904570000 - 0x00007ff9046c6000 	C:\WINDOWS\SYSTEM32\wintypes.dll
0x00007ff9031d0000 - 0x00007ff9032c7000 	C:\WINDOWS\SYSTEM32\PROPSYS.dll
0x00007ff904d40000 - 0x00007ff90509a000 	C:\WINDOWS\SYSTEM32\CoreUIComponents.dll
0x00007ff906800000 - 0x00007ff906833000 	C:\WINDOWS\SYSTEM32\ntmarta.dll
0x00007ff9063a0000 - 0x00007ff9063b3000 	C:\WINDOWS\SYSTEM32\kernel.appcore.dll
0x00007ff9085c0000 - 0x00007ff9086d5000 	C:\WINDOWS\System32\MSCTF.dll
0x00007ff906360000 - 0x00007ff90636d000 	C:\WINDOWS\SYSTEM32\HID.DLL
0x00007ff909ad0000 - 0x00007ff909f37000 	C:\WINDOWS\System32\SETUPAPI.DLL
0x00007ff907d80000 - 0x00007ff907de0000 	C:\WINDOWS\System32\WINTRUST.dll
0x00007ff907bf0000 - 0x00007ff907d4d000 	C:\WINDOWS\System32\CRYPT32.dll
0x00007ff9078b0000 - 0x00007ff9078c2000 	C:\WINDOWS\SYSTEM32\MSASN1.dll
0x00007ff8d1260000 - 0x00007ff8d1385000 	C:\WINDOWS\SYSTEM32\opengl32.dll
0x00007ff8fa0c0000 - 0x00007ff8fa0ec000 	C:\WINDOWS\SYSTEM32\GLU32.dll
0x00007ff908510000 - 0x00007ff9085b8000 	C:\WINDOWS\System32\clbcatq.dll
0x00007ff8bdef0000 - 0x00007ff8beb74000 	C:\WINDOWS\SYSTEM32\ig4icd64.dll
0x00007ff906410000 - 0x00007ff906503000 	C:\WINDOWS\SYSTEM32\dxgi.dll
0x00007ff903d70000 - 0x00007ff903fd3000 	C:\WINDOWS\SYSTEM32\d3d11.dll
0x00007ff8d3d90000 - 0x00007ff8d49e0000 	C:\WINDOWS\SYSTEM32\igd10umd64.dll
0x00007ff8fce40000 - 0x00007ff8fce7b000 	C:\WINDOWS\SYSTEM32\dxcore.dll
0x00007ff8d09b0000 - 0x00007ff8d0a2f000 	C:\Users\ervin_1nmnhvl\AppData\Local\Temp\lwjglervin_1nmnhvl\3.2.2-build-10\lwjgl_stb.dll
0x00007ff902690000 - 0x00007ff90273e000 	C:\WINDOWS\SYSTEM32\mscms.dll
0x00007ff9025e0000 - 0x00007ff9025f1000 	C:\WINDOWS\SYSTEM32\ColorAdapterClient.dll
0x00007ff8d1c20000 - 0x00007ff8d1c63000 	C:\WINDOWS\SYSTEM32\icm32.dll
0x00007ff8f75a0000 - 0x00007ff8f769d000 	C:\WINDOWS\SYSTEM32\textinputframework.dll
0x00007ff8d07f0000 - 0x00007ff8d0848000 	C:\Users\ervin_1nmnhvl\AppData\Local\Temp\lwjglervin_1nmnhvl\3.2.2-build-10\lwjgl_opengl.dll
0x00007ff8ff750000 - 0x00007ff8ff934000 	C:\WINDOWS\SYSTEM32\dbghelp.dll

VM Arguments:
jvm_args: -Dforge.logging.console.level=debug -Dforge.logging.markers=SCAN,REGISTRIES,REGISTRYDUMP -XX:HeapDumpPath=MojangTricksIntelDriversForPerformance_javaw.exe_minecraft.exe.heapdump -Dos.name=Windows 10 -Dos.version=10.0 -javaagent:C:\Users\ervin_1nmnhvl\AppData\Local\JetBrains\Toolbox\apps\IDEA-U\ch-0\202.6397.94\lib\idea_rt.jar=50952:C:\Users\ervin_1nmnhvl\AppData\Local\JetBrains\Toolbox\apps\IDEA-U\ch-0\202.6397.94\bin -Dfile.encoding=UTF-8 
java_command: net.minecraftforge.userdev.LaunchTesting
java_class_path (initial): C:\Program Files (x86)\Minecraft\runtime\jre-x64\lib\charsets.jar;C:\Program Files (x86)\Minecraft\runtime\jre-x64\lib\deploy.jar;C:\Program Files (x86)\Minecraft\runtime\jre-x64\lib\ext\access-bridge-64.jar;C:\Program Files (x86)\Minecraft\runtime\jre-x64\lib\ext\cldrdata.jar;C:\Program Files (x86)\Minecraft\runtime\jre-x64\lib\ext\dnsns.jar;C:\Program Files (x86)\Minecraft\runtime\jre-x64\lib\ext\jaccess.jar;C:\Program Files (x86)\Minecraft\runtime\jre-x64\lib\ext\jfxrt.jar;C:\Program Files (x86)\Minecraft\runtime\jre-x64\lib\ext\localedata.jar;C:\Program Files (x86)\Minecraft\runtime\jre-x64\lib\ext\nashorn.jar;C:\Program Files (x86)\Minecraft\runtime\jre-x64\lib\ext\sunec.jar;C:\Program Files (x86)\Minecraft\runtime\jre-x64\lib\ext\sunjce_provider.jar;C:\Program Files (x86)\Minecraft\runtime\jre-x64\lib\ext\sunmscapi.jar;C:\Program Files (x86)\Minecraft\runtime\jre-x64\lib\ext\sunpkcs11.jar;C:\Program Files (x86)\Minecraft\runtime\jre-x64\lib\ext\zipfs.jar;C:\Program Files (x86)\Minecraft\runtime\jre-x64\lib\javaws.jar;C:\Program Files (x86)\Minecraft\runtime\jre-x64\lib\jce.jar;C:\Program Files (x86)\Minecraft\runtime\jre-x64\lib\jfr.jar;C:\Program Files (x86)\Minecraft\runtime\jre-x64\lib\jfxswt.jar;C:\Program Files (x86)\Minecraft\runtime\jre-x64\lib\jsse.jar;C:\Program Files (x86)\Minecraft\runtime\jre-x64\lib\management-agent.jar;C:\Program Files (x86)\Minecraft\runtime\jre-x64\lib\plugin.jar;C:\Program Files (x86)\Minecraft\runtime\jre-x64\lib\resources.jar;C:\Program Files (x86)\Minecraft\runtime\jre-x64\lib\rt.jar;C:\save\modding\ervin_mod_1\build\classes\java\main;C:\save\modding\ervin_mod_1\build\resources\main;C:\Users\ervin_1nmnhvl\.gradle\caches\forge_gradle\minecraft_user_repo\net\minecraftforge\forge\1.16.1-32.0.75_mapped_snapshot_20200723-1.16.1\forge-1.16.1-32.0.75_mapped_snapshot_20200723-1.16.1-recomp.jar;C:\Users\ervin_1nmnhvl\.gradle\caches\forge_gradle\minecraft_user_repo\net\minecraftforge\forge\1.16.1-32.0.75_
Launcher Type: SUN_STANDARD

Environment Variables:
JAVA_HOME=C:\Program Files\Java\jdk-11.0.4
PATH=C:\Program Files\Docker\Docker\Resources\bin;C:\ProgramData\Oracle\Java\javapath;C:\WINDOWS\system32;C:\WINDOWS;C:\WINDOWS\System32\Wbem;C:\WINDOWS\System32\WindowsPowerShell\v1.0\;C:\Program Files (x86)\cloudControl;C:\Program Files\Git\cmd;C:\bin;C:\Program Files (x86)\Windows Kits\8.1\Windows Performance Toolkit\;C:\Program Files (x86)\PuTTY\;C:\Program Files (x86)\Nodist\bin;G:\save\sdk\android\tools;G:\save\sdk\android\platform-tools;C:\boxfuse;C:\Program Files (x86)\Skype\Phone\;C:\Program Files (x86)\GtkSharp\2.12\bin;C:\Program Files (x86)\IVI Foundation\VISA\WinNT\Bin;C:\WINDOWS\system32;C:\WINDOWS;C:\WINDOWS\System32\Wbem;C:\WINDOWS\System32\WindowsPowerShell\v1.0\;;C:\WINDOWS\System32\OpenSSH\;C:\Users\ervin_1nmnhvl\AppData\Local\Microsoft\WindowsApps;
USERNAME=ervin_1nmnhvl
OS=Windows_NT
PROCESSOR_IDENTIFIER=Intel64 Family 6 Model 42 Stepping 7, GenuineIntel



---------------  S Y S T E M  ---------------

OS: Windows 10.0 , 64 bit Build 19041 (10.0.19041.292)

CPU:total 4 (2 cores per cpu, 2 threads per core) family 6 model 42 stepping 7, cmov, cx8, fxsr, mmx, sse, sse2, sse3, ssse3, sse4.1, sse4.2, popcnt, avx, aes, clmul, ht, tsc, tscinvbit

Memory: 4k page, physical 8266764k(400912k free), swap 10363916k(1588k free)

vm_info: Java HotSpot(TM) 64-Bit Server VM (25.51-b03) for windows-amd64 JRE (1.8.0_51-b16), built on Jun  8 2015 18:03:07 by "java_re" with MS VC++ 10.0 (VS2010)

time: Mon Oct 05 20:07:54 2020
elapsed time: 33 seconds (0d 0h 0m 33s)

