#
# There is insufficient memory for the Java Runtime Environment to continue.
# Native memory allocation (malloc) failed to allocate 1338656 bytes for Chunk::new
# Possible reasons:
#   The system is out of physical RAM or swap space
#   In 32 bit mode, the process size limit was hit
# Possible solutions:
#   Reduce memory load on the system
#   Increase physical memory or swap space
#   Check if swap backing store is full
#   Use 64 bit Java on a 64 bit OS
#   Decrease Java heap size (-Xmx/-Xms)
#   Decrease number of Java threads
#   Decrease Java thread stack sizes (-Xss)
#   Set larger code cache with -XX:ReservedCodeCacheSize=
# This output file may be truncated or incomplete.
#
#  Out of Memory Error (allocation.cpp:390), pid=13088, tid=1984
#
# JRE version: Java(TM) SE Runtime Environment (8.0_51-b16) (build 1.8.0_51-b16)
# Java VM: Java HotSpot(TM) 64-Bit Server VM (25.51-b03 mixed mode windows-amd64 compressed oops)
# Failed to write core dump. Minidumps are not enabled by default on client versions of Windows
#

---------------  T H R E A D  ---------------

Current thread (0x0000000019919800):  JavaThread "C2 CompilerThread0" daemon [_thread_in_native, id=1984, stack(0x0000000019a50000,0x0000000019b50000)]

Stack: [0x0000000019a50000,0x0000000019b50000]
Native frames: (J=compiled Java code, j=interpreted, Vv=VM code, C=native code)
V  [jvm.dll+0x32b4ca]
V  [jvm.dll+0x2797e3]
V  [jvm.dll+0x27a479]
V  [jvm.dll+0x271765]
V  [jvm.dll+0xcba02]
V  [jvm.dll+0xcbecc]
V  [jvm.dll+0x476f72]
V  [jvm.dll+0x4b95ff]
V  [jvm.dll+0x46bca4]
V  [jvm.dll+0x46cd4e]
V  [jvm.dll+0x4501a2]
V  [jvm.dll+0xa43a2]
V  [jvm.dll+0xa4cdf]
V  [jvm.dll+0x2418a4]
V  [jvm.dll+0x29846a]
C  [msvcr100.dll+0x21d9f]
C  [msvcr100.dll+0x21e3b]
C  [KERNEL32.DLL+0x17034]
C  [ntdll.dll+0x4cec1]


Current CompileTask:
C2: 138576 13956       4       net.minecraft.nbt.JsonToNBT::readStruct (140 bytes)


---------------  P R O C E S S  ---------------

Java Threads: ( => current thread )
  0x000000001ab8d000 JavaThread "Worker-Main-11" daemon [_thread_blocked, id=19696, stack(0x000000002b400000,0x000000002b500000)]
  0x000000001ab8f800 JavaThread "Worker-Main-9" daemon [_thread_blocked, id=20856, stack(0x00000000234c0000,0x00000000235c0000)]
  0x00000000229b8000 JavaThread "Narrator" [_thread_blocked, id=1936, stack(0x0000000028e60000,0x0000000028f60000)]
  0x00000000229bc800 JavaThread "Sound engine" daemon [_thread_blocked, id=18524, stack(0x0000000029660000,0x0000000029760000)]
  0x00000000229bf000 JavaThread "Snooper Timer" daemon [_thread_blocked, id=12124, stack(0x0000000027e50000,0x0000000027f50000)]
  0x00000000229b9800 JavaThread "Timer hack thread" daemon [_thread_blocked, id=2528, stack(0x0000000026d30000,0x0000000026e30000)]
  0x000000001aa62000 JavaThread "pool-3-thread-1" [_thread_blocked, id=10564, stack(0x000000001be60000,0x000000001bf60000)]
  0x000000001b246800 JavaThread "Thread-2" daemon [_thread_in_native, id=21520, stack(0x000000001d430000,0x000000001d530000)]
  0x000000001b245800 JavaThread "Thread-1" daemon [_thread_blocked, id=18952, stack(0x000000001d330000,0x000000001d430000)]
  0x000000001994d000 JavaThread "Service Thread" daemon [_thread_blocked, id=18360, stack(0x000000001a550000,0x000000001a650000)]
  0x000000001991a800 JavaThread "C1 CompilerThread2" daemon [_thread_in_native, id=15080, stack(0x0000000019c50000,0x0000000019d50000)]
  0x000000001993a000 JavaThread "C2 CompilerThread1" daemon [_thread_in_native, id=11192, stack(0x0000000019b50000,0x0000000019c50000)]
=>0x0000000019919800 JavaThread "C2 CompilerThread0" daemon [_thread_in_native, id=1984, stack(0x0000000019a50000,0x0000000019b50000)]
  0x000000001804d000 JavaThread "Monitor Ctrl-Break" daemon [_thread_in_native, id=14392, stack(0x0000000019950000,0x0000000019a50000)]
  0x0000000018001800 JavaThread "Attach Listener" daemon [_thread_blocked, id=13348, stack(0x0000000019450000,0x0000000019550000)]
  0x0000000018000000 JavaThread "Signal Dispatcher" daemon [_thread_blocked, id=8216, stack(0x0000000019350000,0x0000000019450000)]
  0x0000000003329800 JavaThread "Finalizer" daemon [_thread_blocked, id=6688, stack(0x0000000019250000,0x0000000019350000)]
  0x0000000003326000 JavaThread "Reference Handler" daemon [_thread_blocked, id=13872, stack(0x0000000019150000,0x0000000019250000)]
  0x0000000003232800 JavaThread "Render thread" [_thread_in_Java, id=9292, stack(0x0000000003130000,0x0000000003230000)]

Other Threads:
  0x0000000017fb9000 VMThread [stack: 0x0000000019050000,0x0000000019150000] [id=19884]
  0x0000000019dcd800 WatcherThread [stack: 0x000000001a650000,0x000000001a750000] [id=10324]

VM state:not at safepoint (normal execution)

VM Mutex/Monitor currently owned by a thread: None

Heap:
 PSYoungGen      total 587776K, used 429398K [0x00000000d5f00000, 0x0000000100000000, 0x0000000100000000)
  eden space 486400K, 88% used [0x00000000d5f00000,0x00000000f0255980,0x00000000f3a00000)
  from space 101376K, 0% used [0x00000000f3a00000,0x00000000f3a00000,0x00000000f9d00000)
  to   space 101376K, 0% used [0x00000000f9d00000,0x00000000f9d00000,0x0000000100000000)
 ParOldGen       total 645120K, used 331972K [0x0000000081c00000, 0x00000000a9200000, 0x00000000d5f00000)
  object space 645120K, 51% used [0x0000000081c00000,0x0000000096031308,0x00000000a9200000)
 Metaspace       used 83285K, capacity 93364K, committed 93568K, reserved 1126400K
  class space    used 13068K, capacity 15937K, committed 16000K, reserved 1048576K

Card table byte_map: [0x0000000012880000,0x0000000012c80000] byte_map_base: 0x0000000012472000

Marking Bits: (ParMarkBitMap*) 0x0000000066214040
 Begin Bits: [0x0000000013330000, 0x00000000152c0000)
 End Bits:   [0x00000000152c0000, 0x0000000017250000)

Polling page: 0x0000000001730000

CodeCache: size=245760Kb used=33928Kb max_used=34668Kb free=211831Kb
 bounds [0x00000000034c0000, 0x00000000056e0000, 0x00000000124c0000]
 total_blobs=12044 nmethods=10484 adapters=1470
 compilation: enabled

Compilation events (10 events):
Event: 138.491 Thread 0x000000001991a800 13977       3       com.google.gson.Gson::atomicLongArrayAdapter (12 bytes)
Event: 138.491 Thread 0x000000001991a800 nmethod 13977 0x000000000514bb10 code [0x000000000514bca0, 0x000000000514c1b0]
Event: 138.491 Thread 0x000000001991a800 13978       3       com.google.gson.Gson$6::<init> (10 bytes)
Event: 138.491 Thread 0x000000001991a800 nmethod 13978 0x00000000044dd090 code [0x00000000044dd200, 0x00000000044dd430]
Event: 138.491 Thread 0x000000001991a800 13979       3       com.google.gson.internal.bind.CollectionTypeAdapterFactory::<init> (10 bytes)
Event: 138.492 Thread 0x000000001991a800 nmethod 13979 0x0000000004dbd690 code [0x0000000004dbd7e0, 0x0000000004dbd9b0]
Event: 138.492 Thread 0x000000001991a800 13980       3       com.google.gson.internal.bind.MapTypeAdapterFactory::<init> (15 bytes)
Event: 138.492 Thread 0x000000001991a800 nmethod 13980 0x0000000005080990 code [0x0000000005080ae0, 0x0000000005080cb0]
Event: 138.492 Thread 0x000000001991a800 13968       1       net.minecraft.loot.LootContext$EntityTarget::getParameter (5 bytes)
Event: 138.492 Thread 0x000000001991a800 nmethod 13968 0x0000000004f3db90 code [0x0000000004f3dce0, 0x0000000004f3ddf0]

GC Heap History (10 events):
Event: 122.975 GC heap before
{Heap before GC invocations=154 (full 6):
 PSYoungGen      total 656384K, used 625152K [0x00000000d5f00000, 0x0000000100000000, 0x0000000100000000)
  eden space 625152K, 100% used [0x00000000d5f00000,0x00000000fc180000,0x00000000fc180000)
  from space 31232K, 0% used [0x00000000fc180000,0x00000000fc180000,0x00000000fe000000)
  to   space 32768K, 0% used [0x00000000fe000000,0x00000000fe000000,0x0000000100000000)
 ParOldGen       total 513536K, used 356196K [0x0000000081c00000, 0x00000000a1180000, 0x00000000d5f00000)
  object space 513536K, 69% used [0x0000000081c00000,0x00000000977d9140,0x00000000a1180000)
 Metaspace       used 79712K, capacity 88766K, committed 89088K, reserved 1124352K
  class space    used 12425K, capacity 15018K, committed 15104K, reserved 1048576K
Event: 123.417 GC heap after
Heap after GC invocations=154 (full 6):
 PSYoungGen      total 519168K, used 32746K [0x00000000d5f00000, 0x0000000100000000, 0x0000000100000000)
  eden space 486400K, 0% used [0x00000000d5f00000,0x00000000d5f00000,0x00000000f3a00000)
  from space 32768K, 99% used [0x00000000fe000000,0x00000000ffffab50,0x0000000100000000)
  to   space 101376K, 0% used [0x00000000f3a00000,0x00000000f3a00000,0x00000000f9d00000)
 ParOldGen       total 513536K, used 472641K [0x0000000081c00000, 0x00000000a1180000, 0x00000000d5f00000)
  object space 513536K, 92% used [0x0000000081c00000,0x000000009e990660,0x00000000a1180000)
 Metaspace       used 79712K, capacity 88766K, committed 89088K, reserved 1124352K
  class space    used 12425K, capacity 15018K, committed 15104K, reserved 1048576K
}
Event: 123.417 GC heap before
{Heap before GC invocations=155 (full 7):
 PSYoungGen      total 519168K, used 32746K [0x00000000d5f00000, 0x0000000100000000, 0x0000000100000000)
  eden space 486400K, 0% used [0x00000000d5f00000,0x00000000d5f00000,0x00000000f3a00000)
  from space 32768K, 99% used [0x00000000fe000000,0x00000000ffffab50,0x0000000100000000)
  to   space 101376K, 0% used [0x00000000f3a00000,0x00000000f3a00000,0x00000000f9d00000)
 ParOldGen       total 513536K, used 472641K [0x0000000081c00000, 0x00000000a1180000, 0x00000000d5f00000)
  object space 513536K, 92% used [0x0000000081c00000,0x000000009e990660,0x00000000a1180000)
 Metaspace       used 79712K, capacity 88766K, committed 89088K, reserved 1124352K
  class space    used 12425K, capacity 15018K, committed 15104K, reserved 1048576K
Event: 125.161 GC heap after
Heap after GC invocations=155 (full 7):
 PSYoungGen      total 519168K, used 0K [0x00000000d5f00000, 0x0000000100000000, 0x0000000100000000)
  eden space 486400K, 0% used [0x00000000d5f00000,0x00000000d5f00000,0x00000000f3a00000)
  from space 32768K, 0% used [0x00000000fe000000,0x00000000fe000000,0x0000000100000000)
  to   space 101376K, 0% used [0x00000000f3a00000,0x00000000f3a00000,0x00000000f9d00000)
 ParOldGen       total 513536K, used 415760K [0x0000000081c00000, 0x00000000a1180000, 0x00000000d5f00000)
  object space 513536K, 80% used [0x0000000081c00000,0x000000009b204350,0x00000000a1180000)
 Metaspace       used 79712K, capacity 88766K, committed 89088K, reserved 1124352K
  class space    used 12425K, capacity 15018K, committed 15104K, reserved 1048576K
}
Event: 127.643 GC heap before
{Heap before GC invocations=156 (full 7):
 PSYoungGen      total 519168K, used 486400K [0x00000000d5f00000, 0x0000000100000000, 0x0000000100000000)
  eden space 486400K, 100% used [0x00000000d5f00000,0x00000000f3a00000,0x00000000f3a00000)
  from space 32768K, 0% used [0x00000000fe000000,0x00000000fe000000,0x0000000100000000)
  to   space 101376K, 0% used [0x00000000f3a00000,0x00000000f3a00000,0x00000000f9d00000)
 ParOldGen       total 513536K, used 415760K [0x0000000081c00000, 0x00000000a1180000, 0x00000000d5f00000)
  object space 513536K, 80% used [0x0000000081c00000,0x000000009b204350,0x00000000a1180000)
 Metaspace       used 81821K, capacity 91630K, committed 91776K, reserved 1126400K
  class space    used 12871K, capacity 15698K, committed 15744K, reserved 1048576K
Event: 127.855 GC heap after
Heap after GC invocations=156 (full 7):
 PSYoungGen      total 587776K, used 101350K [0x00000000d5f00000, 0x0000000100000000, 0x0000000100000000)
  eden space 486400K, 0% used [0x00000000d5f00000,0x00000000d5f00000,0x00000000f3a00000)
  from space 101376K, 99% used [0x00000000f3a00000,0x00000000f9cf99d8,0x00000000f9d00000)
  to   space 101376K, 0% used [0x00000000f9d00000,0x00000000f9d00000,0x0000000100000000)
 ParOldGen       total 513536K, used 456385K [0x0000000081c00000, 0x00000000a1180000, 0x00000000d5f00000)
  object space 513536K, 88% used [0x0000000081c00000,0x000000009d9b0400,0x00000000a1180000)
 Metaspace       used 81821K, capacity 91630K, committed 91776K, reserved 1126400K
  class space    used 12871K, capacity 15698K, committed 15744K, reserved 1048576K
}
Event: 127.855 GC heap before
{Heap before GC invocations=157 (full 8):
 PSYoungGen      total 587776K, used 101350K [0x00000000d5f00000, 0x0000000100000000, 0x0000000100000000)
  eden space 486400K, 0% used [0x00000000d5f00000,0x00000000d5f00000,0x00000000f3a00000)
  from space 101376K, 99% used [0x00000000f3a00000,0x00000000f9cf99d8,0x00000000f9d00000)
  to   space 101376K, 0% used [0x00000000f9d00000,0x00000000f9d00000,0x0000000100000000)
 ParOldGen       total 513536K, used 456385K [0x0000000081c00000, 0x00000000a1180000, 0x00000000d5f00000)
  object space 513536K, 88% used [0x0000000081c00000,0x000000009d9b0400,0x00000000a1180000)
 Metaspace       used 81821K, capacity 91630K, committed 91776K, reserved 1126400K
  class space    used 12871K, capacity 15698K, committed 15744K, reserved 1048576K
Event: 128.859 GC heap after
Heap after GC invocations=157 (full 8):
 PSYoungGen      total 587776K, used 0K [0x00000000d5f00000, 0x0000000100000000, 0x0000000100000000)
  eden space 486400K, 0% used [0x00000000d5f00000,0x00000000d5f00000,0x00000000f3a00000)
  from space 101376K, 0% used [0x00000000f3a00000,0x00000000f3a00000,0x00000000f9d00000)
  to   space 101376K, 0% used [0x00000000f9d00000,0x00000000f9d00000,0x0000000100000000)
 ParOldGen       total 513536K, used 449239K [0x0000000081c00000, 0x00000000a1180000, 0x00000000d5f00000)
  object space 513536K, 87% used [0x0000000081c00000,0x000000009d2b5d60,0x00000000a1180000)
 Metaspace       used 81821K, capacity 91630K, committed 91776K, reserved 1126400K
  class space    used 12871K, capacity 15698K, committed 15744K, reserved 1048576K
}
Event: 133.116 GC heap before
{Heap before GC invocations=158 (full 9):
 PSYoungGen      total 587776K, used 486400K [0x00000000d5f00000, 0x0000000100000000, 0x0000000100000000)
  eden space 486400K, 100% used [0x00000000d5f00000,0x00000000f3a00000,0x00000000f3a00000)
  from space 101376K, 0% used [0x00000000f3a00000,0x00000000f3a00000,0x00000000f9d00000)
  to   space 101376K, 0% used [0x00000000f9d00000,0x00000000f9d00000,0x0000000100000000)
 ParOldGen       total 513536K, used 449239K [0x0000000081c00000, 0x00000000a1180000, 0x00000000d5f00000)
  object space 513536K, 87% used [0x0000000081c00000,0x000000009d2b5d60,0x00000000a1180000)
 Metaspace       used 82039K, capacity 91894K, committed 92160K, reserved 1126400K
  class space    used 12910K, capacity 15772K, committed 15872K, reserved 1048576K
Event: 134.001 GC heap after
Heap after GC invocations=158 (full 9):
 PSYoungGen      total 587776K, used 0K [0x00000000d5f00000, 0x0000000100000000, 0x0000000100000000)
  eden space 486400K, 0% used [0x00000000d5f00000,0x00000000d5f00000,0x00000000f3a00000)
  from space 101376K, 0% used [0x00000000f3a00000,0x00000000f3a00000,0x00000000f9d00000)
  to   space 101376K, 0% used [0x00000000f9d00000,0x00000000f9d00000,0x0000000100000000)
 ParOldGen       total 645120K, used 331972K [0x0000000081c00000, 0x00000000a9200000, 0x00000000d5f00000)
  object space 645120K, 51% used [0x0000000081c00000,0x0000000096031308,0x00000000a9200000)
 Metaspace       used 82039K, capacity 91894K, committed 92160K, reserved 1126400K
  class space    used 12910K, capacity 15772K, committed 15872K, reserved 1048576K
}

Deoptimization events (10 events):
Event: 135.284 Thread 0x0000000003232800 Uncommon trap: reason=unstable_if action=reinterpret pc=0x00000000055c522c method=java.lang.CharacterDataLatin1.digit(II)I @ 60
Event: 135.287 Thread 0x0000000003232800 Uncommon trap: reason=unstable_if action=reinterpret pc=0x0000000005220670 method=java.lang.CharacterDataLatin1.digit(II)I @ 60
Event: 136.184 Thread 0x0000000003232800 Uncommon trap: reason=unstable_if action=reinterpret pc=0x0000000005282850 method=com.google.common.collect.RegularImmutableBiMap.get(Ljava/lang/Object;)Ljava/lang/Object; @ 4
Event: 137.878 Thread 0x0000000003232800 Uncommon trap: reason=class_check action=maybe_recompile pc=0x0000000004daa988 method=com.google.common.collect.AbstractMapBasedMultimap$WrappedCollection.refreshIfEmpty()V @ 40
Event: 137.878 Thread 0x0000000003232800 Uncommon trap: reason=class_check action=maybe_recompile pc=0x0000000004daa988 method=com.google.common.collect.AbstractMapBasedMultimap$WrappedCollection.refreshIfEmpty()V @ 40
Event: 137.878 Thread 0x0000000003232800 Uncommon trap: reason=class_check action=maybe_recompile pc=0x0000000004daa988 method=com.google.common.collect.AbstractMapBasedMultimap$WrappedCollection.refreshIfEmpty()V @ 40
Event: 138.393 Thread 0x0000000003232800 Uncommon trap: reason=unstable_if action=reinterpret pc=0x0000000005301c5c method=java.util.regex.Matcher.match(II)Z @ 91
Event: 138.434 Thread 0x0000000003232800 Uncommon trap: reason=unstable_if action=reinterpret pc=0x0000000005303f60 method=java.util.regex.Matcher.match(II)Z @ 91
Event: 138.459 Thread 0x0000000003232800 Uncommon trap: reason=unstable_if action=reinterpret pc=0x000000000382a9e4 method=java.util.regex.Pattern$CharProperty.match(Ljava/util/regex/Matcher;ILjava/lang/CharSequence;)Z @ 40
Event: 138.460 Thread 0x0000000003232800 Uncommon trap: reason=unstable_if action=reinterpret pc=0x00000000046e0300 method=com.mojang.brigadier.StringReader.isQuotedStringStart(C)Z @ 9

Internal exceptions (10 events):
Event: 138.498 Thread 0x0000000003232800 Exception <a 'sun/nio/fs/WindowsException'> (0x00000000ef862540) thrown at [C:\re\workspace\8-2-build-windows-amd64-cygwin\jdk8u51\3951\hotspot\src\share\vm\prims\jni.cpp, line 709]
Event: 138.498 Thread 0x0000000003232800 Exception <a 'sun/nio/fs/WindowsException'> (0x00000000ef862db0) thrown at [C:\re\workspace\8-2-build-windows-amd64-cygwin\jdk8u51\3951\hotspot\src\share\vm\prims\jni.cpp, line 709]
Event: 138.498 Thread 0x0000000003232800 Exception <a 'sun/nio/fs/WindowsException'> (0x00000000ef864378) thrown at [C:\re\workspace\8-2-build-windows-amd64-cygwin\jdk8u51\3951\hotspot\src\share\vm\prims\jni.cpp, line 709]
Event: 138.498 Thread 0x0000000003232800 Exception <a 'sun/nio/fs/WindowsException'> (0x00000000ef864ae8) thrown at [C:\re\workspace\8-2-build-windows-amd64-cygwin\jdk8u51\3951\hotspot\src\share\vm\prims\jni.cpp, line 709]
Event: 138.511 Thread 0x0000000003232800 Exception <a 'sun/nio/fs/WindowsException'> (0x00000000ef8f3cd0) thrown at [C:\re\workspace\8-2-build-windows-amd64-cygwin\jdk8u51\3951\hotspot\src\share\vm\prims\jni.cpp, line 709]
Event: 138.511 Thread 0x0000000003232800 Exception <a 'sun/nio/fs/WindowsException'> (0x00000000ef8f4420) thrown at [C:\re\workspace\8-2-build-windows-amd64-cygwin\jdk8u51\3951\hotspot\src\share\vm\prims\jni.cpp, line 709]
Event: 138.511 Thread 0x0000000003232800 Exception <a 'sun/nio/fs/WindowsException'> (0x00000000ef8f5678) thrown at [C:\re\workspace\8-2-build-windows-amd64-cygwin\jdk8u51\3951\hotspot\src\share\vm\prims\jni.cpp, line 709]
Event: 138.512 Thread 0x0000000003232800 Exception <a 'sun/nio/fs/WindowsException'> (0x00000000ef8f5dd8) thrown at [C:\re\workspace\8-2-build-windows-amd64-cygwin\jdk8u51\3951\hotspot\src\share\vm\prims\jni.cpp, line 709]
Event: 138.512 Thread 0x0000000003232800 Exception <a 'sun/nio/fs/WindowsException'> (0x00000000ef8f6fe0) thrown at [C:\re\workspace\8-2-build-windows-amd64-cygwin\jdk8u51\3951\hotspot\src\share\vm\prims\jni.cpp, line 709]
Event: 138.512 Thread 0x0000000003232800 Exception <a 'sun/nio/fs/WindowsException'> (0x00000000ef8f7850) thrown at [C:\re\workspace\8-2-build-windows-amd64-cygwin\jdk8u51\3951\hotspot\src\share\vm\prims\jni.cpp, line 709]

Events (10 events):
Event: 138.506 loading class net/minecraft/util/ResourceLocation
Event: 138.506 loading class net/minecraft/util/ResourceLocation done
Event: 138.506 loading class net/minecraft/util/ResourceLocation
Event: 138.506 loading class net/minecraft/util/ResourceLocation done
Event: 138.518 loading class net/minecraft/util/ResourceLocation
Event: 138.518 loading class net/minecraft/util/ResourceLocation done
Event: 138.518 loading class com/google/gson/JsonSyntaxException
Event: 138.518 loading class com/google/gson/JsonSyntaxException done
Event: 138.518 loading class net/minecraft/util/ResourceLocation
Event: 138.518 loading class net/minecraft/util/ResourceLocation done


Dynamic libraries:
0x00007ff6d34e0000 - 0x00007ff6d3517000 	C:\Program Files (x86)\Minecraft\runtime\jre-x64\bin\java.exe
0x00007fff75890000 - 0x00007fff75a86000 	C:\WINDOWS\SYSTEM32\ntdll.dll
0x00007fff74f50000 - 0x00007fff7500d000 	C:\WINDOWS\System32\KERNEL32.DLL
0x00007fff73320000 - 0x00007fff735e8000 	C:\WINDOWS\System32\KERNELBASE.dll
0x00007fff74940000 - 0x00007fff749ea000 	C:\WINDOWS\System32\ADVAPI32.dll
0x00007fff748a0000 - 0x00007fff7493e000 	C:\WINDOWS\System32\msvcrt.dll
0x00007fff74100000 - 0x00007fff7419b000 	C:\WINDOWS\System32\sechost.dll
0x00007fff753f0000 - 0x00007fff75514000 	C:\WINDOWS\System32\RPCRT4.dll
0x00007fff75520000 - 0x00007fff756c0000 	C:\WINDOWS\System32\USER32.dll
0x00007fff732f0000 - 0x00007fff73312000 	C:\WINDOWS\System32\win32u.dll
0x00007fff749f0000 - 0x00007fff74a1a000 	C:\WINDOWS\System32\GDI32.dll
0x00007fff73110000 - 0x00007fff73219000 	C:\WINDOWS\System32\gdi32full.dll
0x00007fff73750000 - 0x00007fff737ed000 	C:\WINDOWS\System32\msvcp_win.dll
0x00007fff72fe0000 - 0x00007fff730e0000 	C:\WINDOWS\System32\ucrtbase.dll
0x00007fff58400000 - 0x00007fff5869b000 	C:\WINDOWS\WinSxS\amd64_microsoft.windows.common-controls_6595b64144ccf1df_6.0.19041.488_none_ca04af081b815d21\COMCTL32.dll
0x00007fff73960000 - 0x00007fff73990000 	C:\WINDOWS\System32\IMM32.DLL
0x00000000662a0000 - 0x0000000066372000 	C:\Program Files (x86)\Minecraft\runtime\jre-x64\bin\msvcr100.dll
0x0000000065a10000 - 0x0000000066293000 	C:\Program Files (x86)\Minecraft\runtime\jre-x64\bin\server\jvm.dll
0x00007fff75720000 - 0x00007fff75728000 	C:\WINDOWS\System32\PSAPI.DLL
0x00007fff4f150000 - 0x00007fff4f159000 	C:\WINDOWS\SYSTEM32\WSOCK32.dll
0x00007fff74830000 - 0x00007fff7489b000 	C:\WINDOWS\System32\WS2_32.dll
0x00007fff6ba30000 - 0x00007fff6ba3a000 	C:\WINDOWS\SYSTEM32\VERSION.dll
0x00007fff6bc80000 - 0x00007fff6bca7000 	C:\WINDOWS\SYSTEM32\WINMM.dll
0x0000000065a00000 - 0x0000000065a0f000 	C:\Program Files (x86)\Minecraft\runtime\jre-x64\bin\verify.dll
0x00000000659d0000 - 0x00000000659f9000 	C:\Program Files (x86)\Minecraft\runtime\jre-x64\bin\java.dll
0x00000000659a0000 - 0x00000000659c3000 	C:\Program Files (x86)\Minecraft\runtime\jre-x64\bin\instrument.dll
0x0000000065980000 - 0x0000000065996000 	C:\Program Files (x86)\Minecraft\runtime\jre-x64\bin\zip.dll
0x00007fff739a0000 - 0x00007fff740e0000 	C:\WINDOWS\System32\SHELL32.dll
0x00007fff70f00000 - 0x00007fff71694000 	C:\WINDOWS\SYSTEM32\windows.storage.dll
0x00007fff75010000 - 0x00007fff75365000 	C:\WINDOWS\System32\combase.dll
0x00007fff728b0000 - 0x00007fff728dc000 	C:\WINDOWS\SYSTEM32\Wldp.dll
0x00007fff74ea0000 - 0x00007fff74f4e000 	C:\WINDOWS\System32\SHCORE.dll
0x00007fff744d0000 - 0x00007fff74525000 	C:\WINDOWS\System32\shlwapi.dll
0x00007fff72f10000 - 0x00007fff72f36000 	C:\WINDOWS\SYSTEM32\profapi.dll
0x00007fff638c0000 - 0x00007fff638da000 	C:\Users\ervin_1nmnhvl\AppData\Local\JetBrains\Toolbox\apps\IDEA-U\ch-0\202.6397.94\bin\breakgen64.dll
0x0000000065960000 - 0x000000006597a000 	C:\Program Files (x86)\Minecraft\runtime\jre-x64\bin\net.dll
0x00007fff726a0000 - 0x00007fff7270a000 	C:\WINDOWS\system32\mswsock.dll
0x0000000065950000 - 0x000000006595d000 	C:\Program Files (x86)\Minecraft\runtime\jre-x64\bin\management.dll
0x00007fff66e30000 - 0x00007fff66e47000 	C:\WINDOWS\system32\napinsp.dll
0x00007fff62b80000 - 0x00007fff62b9b000 	C:\WINDOWS\system32\pnrpnsp.dll
0x00007fff6dcc0000 - 0x00007fff6dcd5000 	C:\WINDOWS\system32\wshbth.dll
0x00007fff6e560000 - 0x00007fff6e57d000 	C:\WINDOWS\system32\NLAapi.dll
0x00007fff723b0000 - 0x00007fff723eb000 	C:\WINDOWS\SYSTEM32\IPHLPAPI.DLL
0x00007fff723f0000 - 0x00007fff724bb000 	C:\WINDOWS\SYSTEM32\DNSAPI.dll
0x00007fff73990000 - 0x00007fff73999000 	C:\WINDOWS\System32\NSI.dll
0x00007fff66e50000 - 0x00007fff66e62000 	C:\WINDOWS\System32\winrnr.dll
0x00007fff63da0000 - 0x00007fff63daa000 	C:\Windows\System32\rasadhlp.dll
0x00007fff66f40000 - 0x00007fff66fbf000 	C:\WINDOWS\System32\fwpuclnt.dll
0x00007fff730e0000 - 0x00007fff73107000 	C:\WINDOWS\System32\bcrypt.dll
0x0000000065930000 - 0x0000000065941000 	C:\Program Files (x86)\Minecraft\runtime\jre-x64\bin\nio.dll
0x0000000065900000 - 0x0000000065924000 	C:\Program Files (x86)\Minecraft\runtime\jre-x64\bin\sunec.dll
0x00007fff72c40000 - 0x00007fff72c58000 	C:\WINDOWS\SYSTEM32\CRYPTSP.dll
0x00007fff71f50000 - 0x00007fff71f84000 	C:\WINDOWS\system32\rsaenh.dll
0x00007fff72ed0000 - 0x00007fff72efe000 	C:\WINDOWS\SYSTEM32\USERENV.dll
0x00007fff73220000 - 0x00007fff7329f000 	C:\WINDOWS\System32\bcryptprimitives.dll
0x00007fff72820000 - 0x00007fff7282c000 	C:\WINDOWS\SYSTEM32\CRYPTBASE.dll
0x00007fff69fe0000 - 0x00007fff69ff7000 	C:\WINDOWS\SYSTEM32\dhcpcsvc6.DLL
0x00007fff69ec0000 - 0x00007fff69edd000 	C:\WINDOWS\SYSTEM32\dhcpcsvc.DLL
0x00007fff51460000 - 0x00007fff514d2000 	C:\Users\ervin_1nmnhvl\AppData\Local\Temp\lwjglervin_1nmnhvl\3.2.2-build-10\lwjgl.dll
0x00007fff369d0000 - 0x00007fff36c21000 	C:\Users\ERVIN_~1\AppData\Local\Temp\lwjglervin_1nmnhvl\3.2.2-build-10\jemalloc.dll
0x00007fff40b40000 - 0x00007fff40b9e000 	C:\Users\ERVIN_~1\AppData\Local\Temp\lwjglervin_1nmnhvl\3.2.2-build-10\glfw.dll
0x00007fff70860000 - 0x00007fff708ff000 	C:\WINDOWS\system32\uxtheme.dll
0x00007fff51410000 - 0x00007fff51455000 	C:\WINDOWS\SYSTEM32\dinput8.dll
0x00007fff61730000 - 0x00007fff61741000 	C:\WINDOWS\SYSTEM32\xinput1_4.dll
0x00007fff732a0000 - 0x00007fff732ee000 	C:\WINDOWS\System32\cfgmgr32.dll
0x00007fff72d20000 - 0x00007fff72d4c000 	C:\WINDOWS\SYSTEM32\DEVOBJ.dll
0x00007fff70a30000 - 0x00007fff70a5f000 	C:\WINDOWS\SYSTEM32\dwmapi.dll
0x00007fff62f60000 - 0x00007fff630b2000 	C:\WINDOWS\SYSTEM32\inputhost.dll
0x00007fff74350000 - 0x00007fff7441d000 	C:\WINDOWS\System32\OLEAUT32.dll
0x00007fff70380000 - 0x00007fff70472000 	C:\WINDOWS\SYSTEM32\CoreMessaging.dll
0x00007fff6e620000 - 0x00007fff6e717000 	C:\WINDOWS\SYSTEM32\PROPSYS.dll
0x00007fff6f950000 - 0x00007fff6faa6000 	C:\WINDOWS\SYSTEM32\wintypes.dll
0x00007fff70020000 - 0x00007fff7037e000 	C:\WINDOWS\SYSTEM32\CoreUIComponents.dll
0x00007fff71be0000 - 0x00007fff71c13000 	C:\WINDOWS\SYSTEM32\ntmarta.dll
0x00007fff71780000 - 0x00007fff71792000 	C:\WINDOWS\SYSTEM32\kernel.appcore.dll
0x00007fff75730000 - 0x00007fff75845000 	C:\WINDOWS\System32\MSCTF.dll
0x00007fff716a0000 - 0x00007fff716ad000 	C:\WINDOWS\SYSTEM32\HID.DLL
0x00007fff74a20000 - 0x00007fff74e87000 	C:\WINDOWS\System32\SETUPAPI.DLL
0x00007fff738a0000 - 0x00007fff73900000 	C:\WINDOWS\System32\WINTRUST.dll
0x00007fff735f0000 - 0x00007fff7374d000 	C:\WINDOWS\System32\CRYPT32.dll
0x00007fff72d00000 - 0x00007fff72d12000 	C:\WINDOWS\SYSTEM32\MSASN1.dll
0x00007fff37460000 - 0x00007fff37585000 	C:\WINDOWS\SYSTEM32\opengl32.dll
0x00007fff50810000 - 0x00007fff5083c000 	C:\WINDOWS\SYSTEM32\GLU32.dll
0x00007fff74420000 - 0x00007fff744c9000 	C:\WINDOWS\System32\clbcatq.dll
0x00007fff2b460000 - 0x00007fff2c0e4000 	C:\WINDOWS\SYSTEM32\ig4icd64.dll
0x00007fff717f0000 - 0x00007fff718e3000 	C:\WINDOWS\SYSTEM32\dxgi.dll
0x00007fff6eff0000 - 0x00007fff6f254000 	C:\WINDOWS\SYSTEM32\d3d11.dll
0x00007fff3fa20000 - 0x00007fff40670000 	C:\WINDOWS\SYSTEM32\igd10umd64.dll
0x00007fff69460000 - 0x00007fff6949b000 	C:\WINDOWS\SYSTEM32\dxcore.dll
0x00007fff39be0000 - 0x00007fff39c5f000 	C:\Users\ervin_1nmnhvl\AppData\Local\Temp\lwjglervin_1nmnhvl\3.2.2-build-10\lwjgl_stb.dll
0x00007fff6d790000 - 0x00007fff6d83e000 	C:\WINDOWS\SYSTEM32\mscms.dll
0x00007fff6d3b0000 - 0x00007fff6d3c1000 	C:\WINDOWS\SYSTEM32\ColorAdapterClient.dll
0x00007fff50890000 - 0x00007fff508d3000 	C:\WINDOWS\SYSTEM32\icm32.dll
0x00007fff630c0000 - 0x00007fff631bc000 	C:\WINDOWS\SYSTEM32\textinputframework.dll
0x00007fff40ae0000 - 0x00007fff40b38000 	C:\Users\ervin_1nmnhvl\AppData\Local\Temp\lwjglervin_1nmnhvl\3.2.2-build-10\lwjgl_opengl.dll
0x00007fff3c690000 - 0x00007fff3c6d2000 	C:\Users\ervin_1nmnhvl\AppData\Local\Temp\jna-2118671535\jna4009610525004988725.dll
0x00007fff4f780000 - 0x00007fff4f79a000 	C:\save\modding\ervin_mod_1\build\natives\SAPIWrapper_x64.dll
0x00007fff74700000 - 0x00007fff7482a000 	C:\WINDOWS\System32\ole32.dll
0x00007fff398d0000 - 0x00007fff39a54000 	C:\WINDOWS\System32\Speech\Common\sapi.dll
0x00007fff4b610000 - 0x00007fff4b62e000 	C:\WINDOWS\SYSTEM32\MSACM32.dll
0x00007fff637e0000 - 0x00007fff637eb000 	C:\WINDOWS\SYSTEM32\msdmo.dll
0x00007fff50a90000 - 0x00007fff50ab6000 	C:\WINDOWS\SYSTEM32\winmmbase.dll
0x00007fff646f0000 - 0x00007fff64775000 	C:\WINDOWS\System32\MMDevApi.dll
0x00007fff37b50000 - 0x00007fff37c64000 	C:\Users\ERVIN_~1\AppData\Local\Temp\lwjglervin_1nmnhvl\3.2.2-build-10\OpenAL.dll
0x00007fff5dbb0000 - 0x00007fff5dd31000 	C:\WINDOWS\SYSTEM32\AUDIOSES.DLL
0x00007fff72e40000 - 0x00007fff72e8b000 	C:\WINDOWS\SYSTEM32\powrprof.dll
0x00007fff72d70000 - 0x00007fff72d82000 	C:\WINDOWS\SYSTEM32\UMPDC.dll
0x00007fff70940000 - 0x00007fff70954000 	C:\WINDOWS\SYSTEM32\resourcepolicyclient.dll
0x00007fff69560000 - 0x00007fff69744000 	C:\WINDOWS\SYSTEM32\dbghelp.dll

VM Arguments:
jvm_args: -Dforge.logging.console.level=debug -Dforge.logging.markers=SCAN,REGISTRIES,REGISTRYDUMP -XX:HeapDumpPath=MojangTricksIntelDriversForPerformance_javaw.exe_minecraft.exe.heapdump -Dos.name=Windows 10 -Dos.version=10.0 -javaagent:C:\Users\ervin_1nmnhvl\AppData\Local\JetBrains\Toolbox\apps\IDEA-U\ch-0\202.6397.94\lib\idea_rt.jar=57537:C:\Users\ervin_1nmnhvl\AppData\Local\JetBrains\Toolbox\apps\IDEA-U\ch-0\202.6397.94\bin -Dfile.encoding=UTF-8 
java_command: net.minecraftforge.userdev.LaunchTesting
java_class_path (initial): C:\Program Files (x86)\Minecraft\runtime\jre-x64\lib\charsets.jar;C:\Program Files (x86)\Minecraft\runtime\jre-x64\lib\deploy.jar;C:\Program Files (x86)\Minecraft\runtime\jre-x64\lib\ext\access-bridge-64.jar;C:\Program Files (x86)\Minecraft\runtime\jre-x64\lib\ext\cldrdata.jar;C:\Program Files (x86)\Minecraft\runtime\jre-x64\lib\ext\dnsns.jar;C:\Program Files (x86)\Minecraft\runtime\jre-x64\lib\ext\jaccess.jar;C:\Program Files (x86)\Minecraft\runtime\jre-x64\lib\ext\jfxrt.jar;C:\Program Files (x86)\Minecraft\runtime\jre-x64\lib\ext\localedata.jar;C:\Program Files (x86)\Minecraft\runtime\jre-x64\lib\ext\nashorn.jar;C:\Program Files (x86)\Minecraft\runtime\jre-x64\lib\ext\sunec.jar;C:\Program Files (x86)\Minecraft\runtime\jre-x64\lib\ext\sunjce_provider.jar;C:\Program Files (x86)\Minecraft\runtime\jre-x64\lib\ext\sunmscapi.jar;C:\Program Files (x86)\Minecraft\runtime\jre-x64\lib\ext\sunpkcs11.jar;C:\Program Files (x86)\Minecraft\runtime\jre-x64\lib\ext\zipfs.jar;C:\Program Files (x86)\Minecraft\runtime\jre-x64\lib\javaws.jar;C:\Program Files (x86)\Minecraft\runtime\jre-x64\lib\jce.jar;C:\Program Files (x86)\Minecraft\runtime\jre-x64\lib\jfr.jar;C:\Program Files (x86)\Minecraft\runtime\jre-x64\lib\jfxswt.jar;C:\Program Files (x86)\Minecraft\runtime\jre-x64\lib\jsse.jar;C:\Program Files (x86)\Minecraft\runtime\jre-x64\lib\management-agent.jar;C:\Program Files (x86)\Minecraft\runtime\jre-x64\lib\plugin.jar;C:\Program Files (x86)\Minecraft\runtime\jre-x64\lib\resources.jar;C:\Program Files (x86)\Minecraft\runtime\jre-x64\lib\rt.jar;C:\save\modding\ervin_mod_1\build\classes\java\main;C:\save\modding\ervin_mod_1\build\resources\main;C:\Users\ervin_1nmnhvl\.gradle\caches\forge_gradle\minecraft_user_repo\net\minecraftforge\forge\1.16.1-32.0.75_mapped_snapshot_20200723-1.16.1\forge-1.16.1-32.0.75_mapped_snapshot_20200723-1.16.1-recomp.jar;C:\Users\ervin_1nmnhvl\.gradle\caches\forge_gradle\minecraft_user_repo\net\minecraftforge\forge\1.16.1-32.0.75_
Launcher Type: SUN_STANDARD

Environment Variables:
JAVA_HOME=C:\Program Files\Java\jdk-11.0.4
PATH=C:\Program Files\Docker\Docker\Resources\bin;C:\ProgramData\Oracle\Java\javapath;C:\WINDOWS\system32;C:\WINDOWS;C:\WINDOWS\System32\Wbem;C:\WINDOWS\System32\WindowsPowerShell\v1.0\;C:\Program Files (x86)\cloudControl;C:\Program Files\Git\cmd;C:\bin;C:\Program Files (x86)\Windows Kits\8.1\Windows Performance Toolkit\;C:\Program Files (x86)\PuTTY\;C:\Program Files (x86)\Nodist\bin;G:\save\sdk\android\tools;G:\save\sdk\android\platform-tools;C:\boxfuse;C:\Program Files (x86)\Skype\Phone\;C:\Program Files (x86)\GtkSharp\2.12\bin;C:\Program Files (x86)\IVI Foundation\VISA\WinNT\Bin;C:\WINDOWS\system32;C:\WINDOWS;C:\WINDOWS\System32\Wbem;C:\WINDOWS\System32\WindowsPowerShell\v1.0\;;C:\WINDOWS\System32\OpenSSH\;C:\Users\ervin_1nmnhvl\AppData\Local\Microsoft\WindowsApps;
USERNAME=ervin_1nmnhvl
OS=Windows_NT
PROCESSOR_IDENTIFIER=Intel64 Family 6 Model 42 Stepping 7, GenuineIntel



---------------  S Y S T E M  ---------------

OS: Windows 10.0 , 64 bit Build 19041 (10.0.19041.546)

CPU:total 4 (2 cores per cpu, 2 threads per core) family 6 model 42 stepping 7, cmov, cx8, fxsr, mmx, sse, sse2, sse3, ssse3, sse4.1, sse4.2, popcnt, avx, aes, clmul, ht, tsc, tscinvbit

Memory: 4k page, physical 8266764k(414032k free), swap 10363916k(6964k free)

vm_info: Java HotSpot(TM) 64-Bit Server VM (25.51-b03) for windows-amd64 JRE (1.8.0_51-b16), built on Jun  8 2015 18:03:07 by "java_re" with MS VC++ 10.0 (VS2010)

time: Mon Oct 26 18:39:04 2020
elapsed time: 138 seconds (0d 0h 2m 18s)

