#
# There is insufficient memory for the Java Runtime Environment to continue.
# Native memory allocation (malloc) failed to allocate 1265536 bytes for Chunk::new
# Possible reasons:
#   The system is out of physical RAM or swap space
#   In 32 bit mode, the process size limit was hit
# Possible solutions:
#   Reduce memory load on the system
#   Increase physical memory or swap space
#   Check if swap backing store is full
#   Use 64 bit Java on a 64 bit OS
#   Decrease Java heap size (-Xmx/-Xms)
#   Decrease number of Java threads
#   Decrease Java thread stack sizes (-Xss)
#   Set larger code cache with -XX:ReservedCodeCacheSize=
# This output file may be truncated or incomplete.
#
#  Out of Memory Error (allocation.cpp:390), pid=13324, tid=10984
#
# JRE version: Java(TM) SE Runtime Environment (8.0_51-b16) (build 1.8.0_51-b16)
# Java VM: Java HotSpot(TM) 64-Bit Server VM (25.51-b03 mixed mode windows-amd64 compressed oops)
# Failed to write core dump. Minidumps are not enabled by default on client versions of Windows
#

---------------  T H R E A D  ---------------

Current thread (0x0000000019412000):  JavaThread "C2 CompilerThread0" daemon [_thread_in_native, id=10984, stack(0x0000000019550000,0x0000000019650000)]

Stack: [0x0000000019550000,0x0000000019650000]
Native frames: (J=compiled Java code, j=interpreted, Vv=VM code, C=native code)
V  [jvm.dll+0x32b4ca]
V  [jvm.dll+0x2797e3]
V  [jvm.dll+0x27a479]
V  [jvm.dll+0x271765]
V  [jvm.dll+0xcba02]
V  [jvm.dll+0xcbecc]
V  [jvm.dll+0x476f72]
V  [jvm.dll+0x4b95ff]
V  [jvm.dll+0x46b745]
V  [jvm.dll+0x46cd4e]
V  [jvm.dll+0x4501a2]
V  [jvm.dll+0xa43a2]
V  [jvm.dll+0xa4cdf]
V  [jvm.dll+0x2418a4]
V  [jvm.dll+0x29846a]
C  [msvcr100.dll+0x21d9f]
C  [msvcr100.dll+0x21e3b]
C  [KERNEL32.DLL+0x16fd4]
C  [ntdll.dll+0x4cec1]


Current CompileTask:
C2: 231460 14035       4       net.minecraft.nbt.JsonToNBT::readValue (65 bytes)


---------------  P R O C E S S  ---------------

Java Threads: ( => current thread )
  0x00000000216ff800 JavaThread "Server-Worker-10" daemon [_thread_blocked, id=17308, stack(0x0000000041680000,0x0000000041780000)]
  0x0000000021704000 JavaThread "Thread-11" daemon [_thread_in_native, id=14828, stack(0x0000000030680000,0x0000000030780000)]
  0x0000000021704800 JavaThread "Server thread" [_thread_in_vm, id=22408, stack(0x000000002f600000,0x000000002f700000)]
  0x0000000021701800 JavaThread "Snooper Timer" daemon [_thread_blocked, id=17460, stack(0x0000000029710000,0x0000000029810000)]
  0x0000000021706000 JavaThread "Sound engine" daemon [_thread_blocked, id=20120, stack(0x0000000023680000,0x0000000023780000)]
  0x0000000021700000 JavaThread "Narrator" [_thread_blocked, id=9808, stack(0x000000002a330000,0x000000002a430000)]
  0x000000001afb8000 JavaThread "Timer hack thread" daemon [_thread_blocked, id=17620, stack(0x0000000025db0000,0x0000000025eb0000)]
  0x0000000023070800 JavaThread "Snooper Timer" daemon [_thread_blocked, id=11788, stack(0x000000001b220000,0x000000001b320000)]
  0x000000001ac2b000 JavaThread "pool-2-thread-1" daemon [_thread_blocked, id=12624, stack(0x0000000020bc0000,0x0000000020cc0000)]
  0x000000001a4d3000 JavaThread "Thread-2" daemon [_thread_in_native, id=12220, stack(0x000000001cf30000,0x000000001d030000)]
  0x000000001ab3d000 JavaThread "Thread-1" daemon [_thread_blocked, id=22060, stack(0x000000001ce30000,0x000000001cf30000)]
  0x000000001944e800 JavaThread "Service Thread" daemon [_thread_blocked, id=3484, stack(0x000000001a050000,0x000000001a150000)]
  0x000000001941f000 JavaThread "C1 CompilerThread2" daemon [_thread_blocked, id=11644, stack(0x0000000019750000,0x0000000019850000)]
  0x0000000019415000 JavaThread "C2 CompilerThread1" daemon [_thread_in_native, id=16604, stack(0x0000000019650000,0x0000000019750000)]
=>0x0000000019412000 JavaThread "C2 CompilerThread0" daemon [_thread_in_native, id=10984, stack(0x0000000019550000,0x0000000019650000)]
  0x000000001940f800 JavaThread "Monitor Ctrl-Break" daemon [_thread_in_native, id=16160, stack(0x0000000019450000,0x0000000019550000)]
  0x0000000017af2000 JavaThread "Attach Listener" daemon [_thread_blocked, id=19196, stack(0x0000000018f50000,0x0000000019050000)]
  0x0000000017b00000 JavaThread "Signal Dispatcher" daemon [_thread_blocked, id=18428, stack(0x0000000018e50000,0x0000000018f50000)]
  0x0000000002e09800 JavaThread "Finalizer" daemon [_thread_blocked, id=13116, stack(0x0000000018d50000,0x0000000018e50000)]
  0x0000000002e06000 JavaThread "Reference Handler" daemon [_thread_blocked, id=11436, stack(0x0000000018c50000,0x0000000018d50000)]
  0x0000000002d12800 JavaThread "Render thread" [_thread_in_native, id=19656, stack(0x0000000002c10000,0x0000000002d10000)]

Other Threads:
  0x0000000017ab9000 VMThread [stack: 0x0000000018b50000,0x0000000018c50000] [id=17232]
  0x00000000198b1000 WatcherThread [stack: 0x000000001a150000,0x000000001a250000] [id=18056]

VM state:not at safepoint (normal execution)

VM Mutex/Monitor currently owned by a thread: None

Heap:
 PSYoungGen      total 581632K, used 266841K [0x00000000d5f00000, 0x0000000100000000, 0x0000000100000000)
  eden space 474112K, 35% used [0x00000000d5f00000,0x00000000e02ad2f0,0x00000000f2e00000)
  from space 107520K, 92% used [0x00000000f2e00000,0x00000000f8ee9300,0x00000000f9700000)
  to   space 107520K, 0% used [0x00000000f9700000,0x00000000f9700000,0x0000000100000000)
 ParOldGen       total 306688K, used 306413K [0x0000000081c00000, 0x0000000094780000, 0x00000000d5f00000)
  object space 306688K, 99% used [0x0000000081c00000,0x000000009473b760,0x0000000094780000)
 Metaspace       used 78749K, capacity 87386K, committed 87424K, reserved 1122304K
  class space    used 12059K, capacity 14450K, committed 14464K, reserved 1048576K

Card table byte_map: [0x0000000012380000,0x0000000012780000] byte_map_base: 0x0000000011f72000

Marking Bits: (ParMarkBitMap*) 0x000000006b634040
 Begin Bits: [0x0000000012e30000, 0x0000000014dc0000)
 End Bits:   [0x0000000014dc0000, 0x0000000016d50000)

Polling page: 0x0000000001270000

CodeCache: size=245760Kb used=32962Kb max_used=33109Kb free=212797Kb
 bounds [0x0000000002fc0000, 0x0000000005050000, 0x0000000011fc0000]
 total_blobs=11570 nmethods=10058 adapters=1423
 compilation: enabled

Compilation events (10 events):
Event: 231.345 Thread 0x0000000019415000 nmethod 14033 0x00000000040f2590 code [0x00000000040f26e0, 0x00000000040f2878]
Event: 231.345 Thread 0x000000001941f000 14034       3       java.util.regex.Pattern$CharProperty::match (56 bytes)
Event: 231.345 Thread 0x0000000019412000 14035       4       net.minecraft.nbt.JsonToNBT::readValue (65 bytes)
Event: 231.346 Thread 0x0000000019415000 14036       4       net.minecraft.nbt.JsonToNBT::readKey (36 bytes)
Event: 231.346 Thread 0x000000001941f000 nmethod 14034 0x00000000040f1d90 code [0x00000000040f1f40, 0x00000000040f2428]
Event: 231.346 Thread 0x000000001941f000 14037       3       com.mojang.brigadier.StringReader::readString (37 bytes)
Event: 231.347 Thread 0x000000001941f000 nmethod 14037 0x000000000481d150 code [0x000000000481d340, 0x000000000481db88]
Event: 231.366 Thread 0x0000000019415000 nmethod 14036 0x0000000003e19290 code [0x0000000003e19420, 0x0000000003e19b38]
Event: 231.376 Thread 0x0000000019415000 14038       4       net.minecraft.nbt.ListNBT::size (10 bytes)
Event: 231.377 Thread 0x0000000019415000 nmethod 14038 0x00000000042f1f10 code [0x00000000042f2060, 0x00000000042f20f8]

GC Heap History (10 events):
Event: 211.879 GC heap before
{Heap before GC invocations=90 (full 8):
 PSYoungGen      total 549888K, used 474112K [0x00000000d5f00000, 0x0000000100000000, 0x0000000100000000)
  eden space 474112K, 100% used [0x00000000d5f00000,0x00000000f2e00000,0x00000000f2e00000)
  from space 75776K, 0% used [0x00000000fab00000,0x00000000fab00000,0x00000000ff500000)
  to   space 107520K, 0% used [0x00000000f2e00000,0x00000000f2e00000,0x00000000f9700000)
 ParOldGen       total 296448K, used 288693K [0x0000000081c00000, 0x0000000093d80000, 0x00000000d5f00000)
  object space 296448K, 97% used [0x0000000081c00000,0x00000000935ed7d8,0x0000000093d80000)
 Metaspace       used 76210K, capacity 84314K, committed 84480K, reserved 1120256K
  class space    used 11689K, capacity 13962K, committed 14080K, reserved 1048576K
Event: 213.754 GC heap after
Heap after GC invocations=90 (full 8):
 PSYoungGen      total 549888K, used 105273K [0x00000000d5f00000, 0x0000000100000000, 0x0000000100000000)
  eden space 474112K, 22% used [0x00000000d5f00000,0x00000000dc5ce608,0x00000000f2e00000)
  from space 75776K, 0% used [0x00000000fab00000,0x00000000fab00000,0x00000000ff500000)
  to   space 107520K, 0% used [0x00000000f2e00000,0x00000000f2e00000,0x00000000f9700000)
 ParOldGen       total 296448K, used 296387K [0x0000000081c00000, 0x0000000093d80000, 0x00000000d5f00000)
  object space 296448K, 99% used [0x0000000081c00000,0x0000000093d70cf0,0x0000000093d80000)
 Metaspace       used 76210K, capacity 84314K, committed 84480K, reserved 1120256K
  class space    used 11689K, capacity 13962K, committed 14080K, reserved 1048576K
}
Event: 216.091 GC heap before
{Heap before GC invocations=91 (full 9):
 PSYoungGen      total 549888K, used 474112K [0x00000000d5f00000, 0x0000000100000000, 0x0000000100000000)
  eden space 474112K, 100% used [0x00000000d5f00000,0x00000000f2e00000,0x00000000f2e00000)
  from space 75776K, 0% used [0x00000000fab00000,0x00000000fab00000,0x00000000ff500000)
  to   space 107520K, 0% used [0x00000000f2e00000,0x00000000f2e00000,0x00000000f9700000)
 ParOldGen       total 296448K, used 296387K [0x0000000081c00000, 0x0000000093d80000, 0x00000000d5f00000)
  object space 296448K, 99% used [0x0000000081c00000,0x0000000093d70cf0,0x0000000093d80000)
 Metaspace       used 77165K, capacity 85666K, committed 85888K, reserved 1120256K
  class space    used 11825K, capacity 14196K, committed 14208K, reserved 1048576K
Event: 218.064 GC heap after
Heap after GC invocations=91 (full 9):
 PSYoungGen      total 549888K, used 38472K [0x00000000d5f00000, 0x0000000100000000, 0x0000000100000000)
  eden space 474112K, 8% used [0x00000000d5f00000,0x00000000d8492290,0x00000000f2e00000)
  from space 75776K, 0% used [0x00000000fab00000,0x00000000fab00000,0x00000000ff500000)
  to   space 107520K, 0% used [0x00000000f2e00000,0x00000000f2e00000,0x00000000f9700000)
 ParOldGen       total 296448K, used 296335K [0x0000000081c00000, 0x0000000093d80000, 0x00000000d5f00000)
  object space 296448K, 99% used [0x0000000081c00000,0x0000000093d63f08,0x0000000093d80000)
 Metaspace       used 77158K, capacity 85642K, committed 85888K, reserved 1120256K
  class space    used 11823K, capacity 14192K, committed 14208K, reserved 1048576K
}
Event: 222.794 GC heap before
{Heap before GC invocations=92 (full 10):
 PSYoungGen      total 549888K, used 474112K [0x00000000d5f00000, 0x0000000100000000, 0x0000000100000000)
  eden space 474112K, 100% used [0x00000000d5f00000,0x00000000f2e00000,0x00000000f2e00000)
  from space 75776K, 0% used [0x00000000fab00000,0x00000000fab00000,0x00000000ff500000)
  to   space 107520K, 0% used [0x00000000f2e00000,0x00000000f2e00000,0x00000000f9700000)
 ParOldGen       total 296448K, used 296335K [0x0000000081c00000, 0x0000000093d80000, 0x00000000d5f00000)
  object space 296448K, 99% used [0x0000000081c00000,0x0000000093d63f08,0x0000000093d80000)
 Metaspace       used 77168K, capacity 85642K, committed 85888K, reserved 1120256K
  class space    used 11823K, capacity 14192K, committed 14208K, reserved 1048576K
Event: 223.818 GC heap after
Heap after GC invocations=92 (full 10):
 PSYoungGen      total 549888K, used 0K [0x00000000d5f00000, 0x0000000100000000, 0x0000000100000000)
  eden space 474112K, 0% used [0x00000000d5f00000,0x00000000d5f00000,0x00000000f2e00000)
  from space 75776K, 0% used [0x00000000fab00000,0x00000000fab00000,0x00000000ff500000)
  to   space 107520K, 0% used [0x00000000f2e00000,0x00000000f2e00000,0x00000000f9700000)
 ParOldGen       total 296448K, used 255974K [0x0000000081c00000, 0x0000000093d80000, 0x00000000d5f00000)
  object space 296448K, 86% used [0x0000000081c00000,0x00000000915f9bc0,0x0000000093d80000)
 Metaspace       used 77168K, capacity 85642K, committed 85888K, reserved 1120256K
  class space    used 11823K, capacity 14192K, committed 14208K, reserved 1048576K
}
Event: 228.867 GC heap before
{Heap before GC invocations=93 (full 10):
 PSYoungGen      total 549888K, used 474112K [0x00000000d5f00000, 0x0000000100000000, 0x0000000100000000)
  eden space 474112K, 100% used [0x00000000d5f00000,0x00000000f2e00000,0x00000000f2e00000)
  from space 75776K, 0% used [0x00000000fab00000,0x00000000fab00000,0x00000000ff500000)
  to   space 107520K, 0% used [0x00000000f2e00000,0x00000000f2e00000,0x00000000f9700000)
 ParOldGen       total 296448K, used 255974K [0x0000000081c00000, 0x0000000093d80000, 0x00000000d5f00000)
  object space 296448K, 86% used [0x0000000081c00000,0x00000000915f9bc0,0x0000000093d80000)
 Metaspace       used 78385K, capacity 86926K, committed 87168K, reserved 1122304K
  class space    used 12004K, capacity 14372K, committed 14464K, reserved 1048576K
Event: 229.094 GC heap after
Heap after GC invocations=93 (full 10):
 PSYoungGen      total 581632K, used 107518K [0x00000000d5f00000, 0x0000000100000000, 0x0000000100000000)
  eden space 474112K, 0% used [0x00000000d5f00000,0x00000000d5f00000,0x00000000f2e00000)
  from space 107520K, 99% used [0x00000000f2e00000,0x00000000f96ff960,0x00000000f9700000)
  to   space 107520K, 0% used [0x00000000f9700000,0x00000000f9700000,0x0000000100000000)
 ParOldGen       total 306688K, used 306671K [0x0000000081c00000, 0x0000000094780000, 0x00000000d5f00000)
  object space 306688K, 99% used [0x0000000081c00000,0x000000009477bcb8,0x0000000094780000)
 Metaspace       used 78385K, capacity 86926K, committed 87168K, reserved 1122304K
  class space    used 12004K, capacity 14372K, committed 14464K, reserved 1048576K
}
Event: 229.094 GC heap before
{Heap before GC invocations=94 (full 11):
 PSYoungGen      total 581632K, used 107518K [0x00000000d5f00000, 0x0000000100000000, 0x0000000100000000)
  eden space 474112K, 0% used [0x00000000d5f00000,0x00000000d5f00000,0x00000000f2e00000)
  from space 107520K, 99% used [0x00000000f2e00000,0x00000000f96ff960,0x00000000f9700000)
  to   space 107520K, 0% used [0x00000000f9700000,0x00000000f9700000,0x0000000100000000)
 ParOldGen       total 306688K, used 306671K [0x0000000081c00000, 0x0000000094780000, 0x00000000d5f00000)
  object space 306688K, 99% used [0x0000000081c00000,0x000000009477bcb8,0x0000000094780000)
 Metaspace       used 78385K, capacity 86926K, committed 87168K, reserved 1122304K
  class space    used 12004K, capacity 14372K, committed 14464K, reserved 1048576K
Event: 230.587 GC heap after
Heap after GC invocations=94 (full 11):
 PSYoungGen      total 581632K, used 99236K [0x00000000d5f00000, 0x0000000100000000, 0x0000000100000000)
  eden space 474112K, 0% used [0x00000000d5f00000,0x00000000d5f00000,0x00000000f2e00000)
  from space 107520K, 92% used [0x00000000f2e00000,0x00000000f8ee9300,0x00000000f9700000)
  to   space 107520K, 0% used [0x00000000f9700000,0x00000000f9700000,0x0000000100000000)
 ParOldGen       total 306688K, used 306413K [0x0000000081c00000, 0x0000000094780000, 0x00000000d5f00000)
  object space 306688K, 99% used [0x0000000081c00000,0x000000009473b760,0x0000000094780000)
 Metaspace       used 78385K, capacity 86926K, committed 87168K, reserved 1122304K
  class space    used 12004K, capacity 14372K, committed 14464K, reserved 1048576K
}

Deoptimization events (10 events):
Event: 225.455 Thread 0x0000000021704800 Uncommon trap: reason=class_check action=maybe_recompile pc=0x0000000004191490 method=java.lang.reflect.Array.newInstance(Ljava/lang/Class;I)Ljava/lang/Object; @ 2
Event: 225.456 Thread 0x0000000021704800 Uncommon trap: reason=class_check action=maybe_recompile pc=0x0000000004191490 method=java.lang.reflect.Array.newInstance(Ljava/lang/Class;I)Ljava/lang/Object; @ 2
Event: 226.000 Thread 0x0000000021704800 Uncommon trap: reason=class_check action=maybe_recompile pc=0x0000000005042c34 method=java.lang.reflect.Array.newInstance(Ljava/lang/Class;I)Ljava/lang/Object; @ 2
Event: 226.534 Thread 0x0000000021704800 Uncommon trap: reason=unstable_if action=reinterpret pc=0x000000000502ce34 method=java.lang.Integer.parseInt(Ljava/lang/String;I)I @ 197
Event: 226.537 Thread 0x0000000021704800 Uncommon trap: reason=unstable_if action=reinterpret pc=0x0000000004faeac0 method=java.lang.Integer.parseInt(Ljava/lang/String;I)I @ 197
Event: 226.663 Thread 0x0000000021704800 Uncommon trap: reason=unstable_if action=reinterpret pc=0x0000000003a70fd4 method=java.lang.CharacterDataLatin1.digit(II)I @ 60
Event: 228.856 Thread 0x0000000021704800 Uncommon trap: reason=class_check action=maybe_recompile pc=0x0000000003a9130c method=com.google.common.collect.AbstractMapBasedMultimap$WrappedCollection.refreshIfEmpty()V @ 40
Event: 228.856 Thread 0x0000000021704800 Uncommon trap: reason=class_check action=maybe_recompile pc=0x0000000003a9130c method=com.google.common.collect.AbstractMapBasedMultimap$WrappedCollection.refreshIfEmpty()V @ 40
Event: 228.856 Thread 0x0000000021704800 Uncommon trap: reason=class_check action=maybe_recompile pc=0x0000000003a9130c method=com.google.common.collect.AbstractMapBasedMultimap$WrappedCollection.refreshIfEmpty()V @ 40
Event: 231.341 Thread 0x0000000021704800 Uncommon trap: reason=unstable_if action=reinterpret pc=0x000000000374b370 method=java.util.regex.Pattern$CharProperty.match(Ljava/util/regex/Matcher;ILjava/lang/CharSequence;)Z @ 40

Internal exceptions (10 events):
Event: 231.379 Thread 0x0000000021704800 Exception <a 'sun/nio/fs/WindowsException'> (0x00000000def92f70) thrown at [C:\re\workspace\8-2-build-windows-amd64-cygwin\jdk8u51\3951\hotspot\src\share\vm\prims\jni.cpp, line 709]
Event: 231.379 Thread 0x0000000021704800 Exception <a 'sun/nio/fs/WindowsException'> (0x00000000def936d0) thrown at [C:\re\workspace\8-2-build-windows-amd64-cygwin\jdk8u51\3951\hotspot\src\share\vm\prims\jni.cpp, line 709]
Event: 231.379 Thread 0x0000000021704800 Exception <a 'sun/nio/fs/WindowsException'> (0x00000000def948f8) thrown at [C:\re\workspace\8-2-build-windows-amd64-cygwin\jdk8u51\3951\hotspot\src\share\vm\prims\jni.cpp, line 709]
Event: 231.379 Thread 0x0000000021704800 Exception <a 'sun/nio/fs/WindowsException'> (0x00000000def94fd8) thrown at [C:\re\workspace\8-2-build-windows-amd64-cygwin\jdk8u51\3951\hotspot\src\share\vm\prims\jni.cpp, line 709]
Event: 231.388 Thread 0x0000000021704800 Exception <a 'sun/nio/fs/WindowsException'> (0x00000000df12ae78) thrown at [C:\re\workspace\8-2-build-windows-amd64-cygwin\jdk8u51\3951\hotspot\src\share\vm\prims\jni.cpp, line 709]
Event: 231.388 Thread 0x0000000021704800 Exception <a 'sun/nio/fs/WindowsException'> (0x00000000df12b448) thrown at [C:\re\workspace\8-2-build-windows-amd64-cygwin\jdk8u51\3951\hotspot\src\share\vm\prims\jni.cpp, line 709]
Event: 231.388 Thread 0x0000000021704800 Exception <a 'sun/nio/fs/WindowsException'> (0x00000000df12c200) thrown at [C:\re\workspace\8-2-build-windows-amd64-cygwin\jdk8u51\3951\hotspot\src\share\vm\prims\jni.cpp, line 709]
Event: 231.388 Thread 0x0000000021704800 Exception <a 'sun/nio/fs/WindowsException'> (0x00000000df12c970) thrown at [C:\re\workspace\8-2-build-windows-amd64-cygwin\jdk8u51\3951\hotspot\src\share\vm\prims\jni.cpp, line 709]
Event: 231.388 Thread 0x0000000021704800 Exception <a 'sun/nio/fs/WindowsException'> (0x00000000df12db98) thrown at [C:\re\workspace\8-2-build-windows-amd64-cygwin\jdk8u51\3951\hotspot\src\share\vm\prims\jni.cpp, line 709]
Event: 231.389 Thread 0x0000000021704800 Exception <a 'sun/nio/fs/WindowsException'> (0x00000000df12e288) thrown at [C:\re\workspace\8-2-build-windows-amd64-cygwin\jdk8u51\3951\hotspot\src\share\vm\prims\jni.cpp, line 709]

Events (10 events):
Event: 231.360 loading class net/minecraft/util/ResourceLocation
Event: 231.360 loading class net/minecraft/util/ResourceLocation done
Event: 231.360 loading class com/google/gson/JsonSyntaxException
Event: 231.360 loading class com/google/gson/JsonSyntaxException done
Event: 231.360 loading class net/minecraft/util/ResourceLocation
Event: 231.360 loading class net/minecraft/util/ResourceLocation done
Event: 231.360 loading class net/minecraft/block/Block
Event: 231.360 loading class net/minecraft/block/Block done
Event: 231.360 loading class net/minecraft/block/Block
Event: 231.360 loading class net/minecraft/block/Block done


Dynamic libraries:
0x00007ff64db70000 - 0x00007ff64dba7000 	C:\Program Files (x86)\Minecraft\runtime\jre-x64\bin\java.exe
0x00007ff8dfd70000 - 0x00007ff8dff65000 	C:\WINDOWS\SYSTEM32\ntdll.dll
0x00007ff8de750000 - 0x00007ff8de80d000 	C:\WINDOWS\System32\KERNEL32.DLL
0x00007ff8ddb10000 - 0x00007ff8dddd7000 	C:\WINDOWS\System32\KERNELBASE.dll
0x00007ff8decf0000 - 0x00007ff8ded9a000 	C:\WINDOWS\System32\ADVAPI32.dll
0x00007ff8de0b0000 - 0x00007ff8de14e000 	C:\WINDOWS\System32\msvcrt.dll
0x00007ff8df520000 - 0x00007ff8df5bb000 	C:\WINDOWS\System32\sechost.dll
0x00007ff8dfa50000 - 0x00007ff8dfb73000 	C:\WINDOWS\System32\RPCRT4.dll
0x00007ff8ddde0000 - 0x00007ff8ddf80000 	C:\WINDOWS\System32\USER32.dll
0x00007ff8dd510000 - 0x00007ff8dd532000 	C:\WINDOWS\System32\win32u.dll
0x00007ff8de600000 - 0x00007ff8de62a000 	C:\WINDOWS\System32\GDI32.dll
0x00007ff8dd6a0000 - 0x00007ff8dd7aa000 	C:\WINDOWS\System32\gdi32full.dll
0x00007ff8dd7e0000 - 0x00007ff8dd87d000 	C:\WINDOWS\System32\msvcp_win.dll
0x00007ff8dd8e0000 - 0x00007ff8dd9e0000 	C:\WINDOWS\System32\ucrtbase.dll
0x00007ff8c0380000 - 0x00007ff8c061a000 	C:\WINDOWS\WinSxS\amd64_microsoft.windows.common-controls_6595b64144ccf1df_6.0.19041.1_none_b555e41d4684ddec\COMCTL32.dll
0x00007ff8deda0000 - 0x00007ff8dedd0000 	C:\WINDOWS\System32\IMM32.DLL
0x000000006b6c0000 - 0x000000006b792000 	C:\Program Files (x86)\Minecraft\runtime\jre-x64\bin\msvcr100.dll
0x000000006ae30000 - 0x000000006b6b3000 	C:\Program Files (x86)\Minecraft\runtime\jre-x64\bin\server\jvm.dll
0x00007ff8de1d0000 - 0x00007ff8de1d8000 	C:\WINDOWS\System32\PSAPI.DLL
0x00007ff8d64a0000 - 0x00007ff8d64c7000 	C:\WINDOWS\SYSTEM32\WINMM.dll
0x00007ff8b8050000 - 0x00007ff8b8059000 	C:\WINDOWS\SYSTEM32\WSOCK32.dll
0x00007ff8de810000 - 0x00007ff8de87b000 	C:\WINDOWS\System32\WS2_32.dll
0x00007ff8d6230000 - 0x00007ff8d623a000 	C:\WINDOWS\SYSTEM32\VERSION.dll
0x000000006ae20000 - 0x000000006ae2f000 	C:\Program Files (x86)\Minecraft\runtime\jre-x64\bin\verify.dll
0x000000006adf0000 - 0x000000006ae19000 	C:\Program Files (x86)\Minecraft\runtime\jre-x64\bin\java.dll
0x000000006adc0000 - 0x000000006ade3000 	C:\Program Files (x86)\Minecraft\runtime\jre-x64\bin\instrument.dll
0x000000006ada0000 - 0x000000006adb6000 	C:\Program Files (x86)\Minecraft\runtime\jre-x64\bin\zip.dll
0x00007ff8dedd0000 - 0x00007ff8df510000 	C:\WINDOWS\System32\SHELL32.dll
0x00007ff8db500000 - 0x00007ff8dbc91000 	C:\WINDOWS\SYSTEM32\windows.storage.dll
0x00007ff8de2a0000 - 0x00007ff8de5f3000 	C:\WINDOWS\System32\combase.dll
0x00007ff8dce70000 - 0x00007ff8dce9c000 	C:\WINDOWS\SYSTEM32\Wldp.dll
0x00007ff8ddfa0000 - 0x00007ff8de04e000 	C:\WINDOWS\System32\SHCORE.dll
0x00007ff8de050000 - 0x00007ff8de0a5000 	C:\WINDOWS\System32\shlwapi.dll
0x00007ff8dd400000 - 0x00007ff8dd41f000 	C:\WINDOWS\SYSTEM32\profapi.dll
0x00007ff8da040000 - 0x00007ff8da05a000 	C:\Users\ervin_1nmnhvl\AppData\Local\JetBrains\Toolbox\apps\IDEA-U\ch-0\202.6397.94\bin\breakgen64.dll
0x000000006ad80000 - 0x000000006ad9a000 	C:\Program Files (x86)\Minecraft\runtime\jre-x64\bin\net.dll
0x00007ff8dcc60000 - 0x00007ff8dccca000 	C:\WINDOWS\system32\mswsock.dll
0x000000006ad70000 - 0x000000006ad7d000 	C:\Program Files (x86)\Minecraft\runtime\jre-x64\bin\management.dll
0x00007ff8aa430000 - 0x00007ff8aa447000 	C:\WINDOWS\system32\napinsp.dll
0x00007ff8aa260000 - 0x00007ff8aa27b000 	C:\WINDOWS\system32\pnrpnsp.dll
0x00007ff8d8210000 - 0x00007ff8d8225000 	C:\WINDOWS\system32\wshbth.dll
0x00007ff8d8e80000 - 0x00007ff8d8e9d000 	C:\WINDOWS\system32\NLAapi.dll
0x00007ff8dc920000 - 0x00007ff8dc95b000 	C:\WINDOWS\SYSTEM32\IPHLPAPI.DLL
0x00007ff8dc970000 - 0x00007ff8dca3a000 	C:\WINDOWS\SYSTEM32\DNSAPI.dll
0x00007ff8df910000 - 0x00007ff8df919000 	C:\WINDOWS\System32\NSI.dll
0x00007ff8b4ae0000 - 0x00007ff8b4af2000 	C:\WINDOWS\System32\winrnr.dll
0x00007ff8cdbd0000 - 0x00007ff8cdbda000 	C:\Windows\System32\rasadhlp.dll
0x00007ff8d1e90000 - 0x00007ff8d1f0f000 	C:\WINDOWS\System32\fwpuclnt.dll
0x00007ff8dd7b0000 - 0x00007ff8dd7d7000 	C:\WINDOWS\System32\bcrypt.dll
0x00007ff8d4530000 - 0x00007ff8d4547000 	C:\WINDOWS\SYSTEM32\dhcpcsvc6.DLL
0x00007ff8d3d70000 - 0x00007ff8d3d8d000 	C:\WINDOWS\SYSTEM32\dhcpcsvc.DLL
0x00007ff8dd1c0000 - 0x00007ff8dd1d8000 	C:\WINDOWS\SYSTEM32\CRYPTSP.dll
0x00007ff8dc4a0000 - 0x00007ff8dc4d4000 	C:\WINDOWS\system32\rsaenh.dll
0x00007ff8dd3c0000 - 0x00007ff8dd3ee000 	C:\WINDOWS\SYSTEM32\USERENV.dll
0x00007ff8dda90000 - 0x00007ff8ddb0f000 	C:\WINDOWS\System32\bcryptprimitives.dll
0x00007ff8dcde0000 - 0x00007ff8dcdec000 	C:\WINDOWS\SYSTEM32\CRYPTBASE.dll
0x000000006ad50000 - 0x000000006ad61000 	C:\Program Files (x86)\Minecraft\runtime\jre-x64\bin\nio.dll
0x000000006ad20000 - 0x000000006ad44000 	C:\Program Files (x86)\Minecraft\runtime\jre-x64\bin\sunec.dll
0x00007ff8c2b20000 - 0x00007ff8c2b92000 	C:\Users\ervin_1nmnhvl\AppData\Local\Temp\lwjglervin_1nmnhvl\3.2.2-build-10\lwjgl.dll
0x00007ff8a31a0000 - 0x00007ff8a33f1000 	C:\Users\ERVIN_~1\AppData\Local\Temp\lwjglervin_1nmnhvl\3.2.2-build-10\jemalloc.dll
0x00007ff8bd7b0000 - 0x00007ff8bd80e000 	C:\Users\ERVIN_~1\AppData\Local\Temp\lwjglervin_1nmnhvl\3.2.2-build-10\glfw.dll
0x00007ff8dacb0000 - 0x00007ff8dad4f000 	C:\WINDOWS\system32\uxtheme.dll
0x00007ff8b6bc0000 - 0x00007ff8b6c05000 	C:\WINDOWS\SYSTEM32\dinput8.dll
0x00007ff8d65c0000 - 0x00007ff8d65d1000 	C:\WINDOWS\SYSTEM32\xinput1_4.dll
0x00007ff8dd4c0000 - 0x00007ff8dd50d000 	C:\WINDOWS\System32\cfgmgr32.dll
0x00007ff8dd280000 - 0x00007ff8dd2ac000 	C:\WINDOWS\SYSTEM32\DEVOBJ.dll
0x00007ff8db030000 - 0x00007ff8db05f000 	C:\WINDOWS\SYSTEM32\dwmapi.dll
0x00007ff8cce20000 - 0x00007ff8ccf72000 	C:\WINDOWS\SYSTEM32\inputhost.dll
0x00007ff8df840000 - 0x00007ff8df90d000 	C:\WINDOWS\System32\OLEAUT32.dll
0x00007ff8da5f0000 - 0x00007ff8da6e2000 	C:\WINDOWS\SYSTEM32\CoreMessaging.dll
0x00007ff8da110000 - 0x00007ff8da266000 	C:\WINDOWS\SYSTEM32\wintypes.dll
0x00007ff8d8b80000 - 0x00007ff8d8c75000 	C:\WINDOWS\SYSTEM32\PROPSYS.dll
0x00007ff8da6f0000 - 0x00007ff8daa4a000 	C:\WINDOWS\SYSTEM32\CoreUIComponents.dll
0x00007ff8dc0f0000 - 0x00007ff8dc123000 	C:\WINDOWS\SYSTEM32\ntmarta.dll
0x00007ff8db4e0000 - 0x00007ff8db4f3000 	C:\WINDOWS\SYSTEM32\kernel.appcore.dll
0x00007ff8de630000 - 0x00007ff8de745000 	C:\WINDOWS\System32\MSCTF.dll
0x00007ff8dbca0000 - 0x00007ff8dbcad000 	C:\WINDOWS\SYSTEM32\HID.DLL
0x00007ff8de880000 - 0x00007ff8dece7000 	C:\WINDOWS\System32\SETUPAPI.DLL
0x00007ff8dd880000 - 0x00007ff8dd8e0000 	C:\WINDOWS\System32\WINTRUST.dll
0x00007ff8dd540000 - 0x00007ff8dd69d000 	C:\WINDOWS\System32\CRYPT32.dll
0x00007ff8dd1f0000 - 0x00007ff8dd202000 	C:\WINDOWS\SYSTEM32\MSASN1.dll
0x00007ff87dfb0000 - 0x00007ff87e10c000 	C:\WINDOWS\SYSTEM32\opengl32.dll
0x00007ff893b40000 - 0x00007ff893b6c000 	C:\WINDOWS\SYSTEM32\GLU32.dll
0x00007ff89c450000 - 0x00007ff89d0d4000 	C:\WINDOWS\SYSTEM32\ig4icd64.dll
0x00007ff8dbd00000 - 0x00007ff8dbdf3000 	C:\WINDOWS\SYSTEM32\dxgi.dll
0x00007ff8d9cb0000 - 0x00007ff8d9f13000 	C:\WINDOWS\SYSTEM32\d3d11.dll
0x00007ff8d25f0000 - 0x00007ff8d262b000 	C:\WINDOWS\SYSTEM32\dxcore.dll
0x00007ff8ccf80000 - 0x00007ff8cd07c000 	C:\WINDOWS\SYSTEM32\textinputframework.dll
0x00007ff8afeb0000 - 0x00007ff8aff08000 	C:\Users\ervin_1nmnhvl\AppData\Local\Temp\lwjglervin_1nmnhvl\3.2.2-build-10\lwjgl_opengl.dll
0x00007ff8abe30000 - 0x00007ff8abeaf000 	C:\Users\ervin_1nmnhvl\AppData\Local\Temp\lwjglervin_1nmnhvl\3.2.2-build-10\lwjgl_stb.dll
0x00007ff8df920000 - 0x00007ff8dfa49000 	C:\WINDOWS\System32\ole32.dll
0x00007ff8a8fb0000 - 0x00007ff8a9c00000 	C:\WINDOWS\SYSTEM32\igd10umd64.dll
0x00007ff8d7e20000 - 0x00007ff8d7ece000 	C:\WINDOWS\SYSTEM32\mscms.dll
0x00007ff8d7b80000 - 0x00007ff8d7b91000 	C:\WINDOWS\SYSTEM32\ColorAdapterClient.dll
0x00007ff8cd4b0000 - 0x00007ff8cd4f3000 	C:\WINDOWS\SYSTEM32\icm32.dll
0x00007ff8c2bf0000 - 0x00007ff8c2c32000 	C:\Users\ervin_1nmnhvl\AppData\Local\Temp\jna-2118671535\jna5876045312352764339.dll
0x00007ff8d5750000 - 0x00007ff8d576a000 	C:\save\modding\ervin_mod_1\build\natives\SAPIWrapper_x64.dll
0x00007ff8df6a0000 - 0x00007ff8df748000 	C:\WINDOWS\System32\clbcatq.dll
0x00007ff8a2790000 - 0x00007ff8a2914000 	C:\WINDOWS\System32\Speech\Common\sapi.dll
0x00007ff8d0f50000 - 0x00007ff8d0f6e000 	C:\WINDOWS\SYSTEM32\MSACM32.dll
0x00007ff8da090000 - 0x00007ff8da09b000 	C:\WINDOWS\SYSTEM32\msdmo.dll
0x00007ff8c7820000 - 0x00007ff8c7846000 	C:\WINDOWS\SYSTEM32\winmmbase.dll
0x00007ff8ce7c0000 - 0x00007ff8ce845000 	C:\WINDOWS\System32\MMDevApi.dll
0x00007ff8a1e20000 - 0x00007ff8a1f34000 	C:\Users\ERVIN_~1\AppData\Local\Temp\lwjglervin_1nmnhvl\3.2.2-build-10\OpenAL.dll
0x00007ff8c6810000 - 0x00007ff8c6990000 	C:\WINDOWS\SYSTEM32\AUDIOSES.DLL
0x00007ff8dca90000 - 0x00007ff8dcadb000 	C:\WINDOWS\SYSTEM32\powrprof.dll
0x00007ff8dc900000 - 0x00007ff8dc912000 	C:\WINDOWS\SYSTEM32\UMPDC.dll
0x00007ff8dae30000 - 0x00007ff8dae44000 	C:\WINDOWS\SYSTEM32\resourcepolicyclient.dll
0x00007ff8d4670000 - 0x00007ff8d4854000 	C:\WINDOWS\SYSTEM32\dbghelp.dll

VM Arguments:
jvm_args: -Dforge.logging.console.level=debug -Dforge.logging.markers=SCAN,REGISTRIES,REGISTRYDUMP -XX:HeapDumpPath=MojangTricksIntelDriversForPerformance_javaw.exe_minecraft.exe.heapdump -Dos.name=Windows 10 -Dos.version=10.0 -javaagent:C:\Users\ervin_1nmnhvl\AppData\Local\JetBrains\Toolbox\apps\IDEA-U\ch-0\202.6397.94\lib\idea_rt.jar=52512:C:\Users\ervin_1nmnhvl\AppData\Local\JetBrains\Toolbox\apps\IDEA-U\ch-0\202.6397.94\bin -Dfile.encoding=UTF-8 
java_command: net.minecraftforge.userdev.LaunchTesting
java_class_path (initial): C:\Program Files (x86)\Minecraft\runtime\jre-x64\lib\charsets.jar;C:\Program Files (x86)\Minecraft\runtime\jre-x64\lib\deploy.jar;C:\Program Files (x86)\Minecraft\runtime\jre-x64\lib\ext\access-bridge-64.jar;C:\Program Files (x86)\Minecraft\runtime\jre-x64\lib\ext\cldrdata.jar;C:\Program Files (x86)\Minecraft\runtime\jre-x64\lib\ext\dnsns.jar;C:\Program Files (x86)\Minecraft\runtime\jre-x64\lib\ext\jaccess.jar;C:\Program Files (x86)\Minecraft\runtime\jre-x64\lib\ext\jfxrt.jar;C:\Program Files (x86)\Minecraft\runtime\jre-x64\lib\ext\localedata.jar;C:\Program Files (x86)\Minecraft\runtime\jre-x64\lib\ext\nashorn.jar;C:\Program Files (x86)\Minecraft\runtime\jre-x64\lib\ext\sunec.jar;C:\Program Files (x86)\Minecraft\runtime\jre-x64\lib\ext\sunjce_provider.jar;C:\Program Files (x86)\Minecraft\runtime\jre-x64\lib\ext\sunmscapi.jar;C:\Program Files (x86)\Minecraft\runtime\jre-x64\lib\ext\sunpkcs11.jar;C:\Program Files (x86)\Minecraft\runtime\jre-x64\lib\ext\zipfs.jar;C:\Program Files (x86)\Minecraft\runtime\jre-x64\lib\javaws.jar;C:\Program Files (x86)\Minecraft\runtime\jre-x64\lib\jce.jar;C:\Program Files (x86)\Minecraft\runtime\jre-x64\lib\jfr.jar;C:\Program Files (x86)\Minecraft\runtime\jre-x64\lib\jfxswt.jar;C:\Program Files (x86)\Minecraft\runtime\jre-x64\lib\jsse.jar;C:\Program Files (x86)\Minecraft\runtime\jre-x64\lib\management-agent.jar;C:\Program Files (x86)\Minecraft\runtime\jre-x64\lib\plugin.jar;C:\Program Files (x86)\Minecraft\runtime\jre-x64\lib\resources.jar;C:\Program Files (x86)\Minecraft\runtime\jre-x64\lib\rt.jar;C:\save\modding\ervin_mod_1\build\classes\java\main;C:\save\modding\ervin_mod_1\build\resources\main;C:\Users\ervin_1nmnhvl\.gradle\caches\forge_gradle\minecraft_user_repo\net\minecraftforge\forge\1.15.2-31.1.9_mapped_snapshot_20200427-1.15.1\forge-1.15.2-31.1.9_mapped_snapshot_20200427-1.15.1-recomp.jar;C:\Users\ervin_1nmnhvl\.gradle\caches\forge_gradle\minecraft_user_repo\net\minecraftforge\forge\1.15.2-31.1.9_map
Launcher Type: SUN_STANDARD

Environment Variables:
JAVA_HOME=C:\Program Files\Java\jdk-11.0.4
PATH=C:\Program Files\Docker\Docker\Resources\bin;C:\ProgramData\Oracle\Java\javapath;C:\WINDOWS\system32;C:\WINDOWS;C:\WINDOWS\System32\Wbem;C:\WINDOWS\System32\WindowsPowerShell\v1.0\;C:\Program Files (x86)\cloudControl;C:\Program Files\Git\cmd;C:\bin;C:\Program Files (x86)\Windows Kits\8.1\Windows Performance Toolkit\;C:\Program Files (x86)\PuTTY\;C:\Program Files (x86)\Nodist\bin;G:\save\sdk\android\tools;G:\save\sdk\android\platform-tools;C:\boxfuse;C:\Program Files (x86)\Skype\Phone\;C:\Program Files (x86)\GtkSharp\2.12\bin;C:\Program Files (x86)\IVI Foundation\VISA\WinNT\Bin;C:\WINDOWS\system32;C:\WINDOWS;C:\WINDOWS\System32\Wbem;C:\WINDOWS\System32\WindowsPowerShell\v1.0\;;C:\WINDOWS\System32\OpenSSH\;C:\Users\ervin_1nmnhvl\AppData\Local\Microsoft\WindowsApps;
USERNAME=ervin_1nmnhvl
OS=Windows_NT
PROCESSOR_IDENTIFIER=Intel64 Family 6 Model 42 Stepping 7, GenuineIntel



---------------  S Y S T E M  ---------------

OS: Windows 10.0 , 64 bit Build 19041 (10.0.19041.292)

CPU:total 4 (2 cores per cpu, 2 threads per core) family 6 model 42 stepping 7, cmov, cx8, fxsr, mmx, sse, sse2, sse3, ssse3, sse4.1, sse4.2, popcnt, avx, aes, clmul, ht, tsc, tscinvbit

Memory: 4k page, physical 8266764k(341996k free), swap 10363916k(960k free)

vm_info: Java HotSpot(TM) 64-Bit Server VM (25.51-b03) for windows-amd64 JRE (1.8.0_51-b16), built on Jun  8 2015 18:03:07 by "java_re" with MS VC++ 10.0 (VS2010)

time: Sat Sep 05 09:06:09 2020
elapsed time: 231 seconds (0d 0h 3m 51s)

