#
# There is insufficient memory for the Java Runtime Environment to continue.
# Native memory allocation (malloc) failed to allocate 32744 bytes for ChunkPool::allocate
# Possible reasons:
#   The system is out of physical RAM or swap space
#   In 32 bit mode, the process size limit was hit
# Possible solutions:
#   Reduce memory load on the system
#   Increase physical memory or swap space
#   Check if swap backing store is full
#   Use 64 bit Java on a 64 bit OS
#   Decrease Java heap size (-Xmx/-Xms)
#   Decrease number of Java threads
#   Decrease Java thread stack sizes (-Xss)
#   Set larger code cache with -XX:ReservedCodeCacheSize=
# This output file may be truncated or incomplete.
#
#  Out of Memory Error (allocation.cpp:273), pid=20028, tid=8320
#
# JRE version: Java(TM) SE Runtime Environment (8.0_51-b16) (build 1.8.0_51-b16)
# Java VM: Java HotSpot(TM) 64-Bit Server VM (25.51-b03 mixed mode windows-amd64 compressed oops)
# Failed to write core dump. Minidumps are not enabled by default on client versions of Windows
#

---------------  T H R E A D  ---------------

Current thread (0x0000000019074000):  JavaThread "C2 CompilerThread0" daemon [_thread_in_native, id=8320, stack(0x0000000019190000,0x0000000019290000)]

Stack: [0x0000000019190000,0x0000000019290000]
Native frames: (J=compiled Java code, j=interpreted, Vv=VM code, C=native code)
V  [jvm.dll+0x32b4ca]


Current CompileTask:
C2: 152301 13573   !   4       java.net.URLClassLoader$1::run (63 bytes)


---------------  P R O C E S S  ---------------

Java Threads: ( => current thread )
  0x000000002156d800 JavaThread "Worker-Main-8" daemon [_thread_blocked, id=15144, stack(0x000000003a140000,0x000000003a240000)]
  0x000000002156a800 JavaThread "Narrator" [_thread_blocked, id=6112, stack(0x000000002acd0000,0x000000002add0000)]
  0x0000000021569000 JavaThread "Sound engine" daemon [_thread_blocked, id=8160, stack(0x0000000029b00000,0x0000000029c00000)]
  0x0000000021564800 JavaThread "Snooper Timer" daemon [_thread_blocked, id=25408, stack(0x0000000028810000,0x0000000028910000)]
  0x0000000021566000 JavaThread "Timer hack thread" daemon [_thread_blocked, id=11448, stack(0x00000000276f0000,0x00000000277f0000)]
  0x000000001a847800 JavaThread "pool-3-thread-1" [_thread_blocked, id=6952, stack(0x0000000022880000,0x0000000022980000)]
  0x000000001a849800 JavaThread "Thread-2" daemon [_thread_in_native, id=1616, stack(0x000000001bba0000,0x000000001bca0000)]
  0x000000001a84d800 JavaThread "Thread-1" daemon [_thread_blocked, id=19020, stack(0x000000001baa0000,0x000000001bba0000)]
  0x00000000194fe000 JavaThread "Service Thread" daemon [_thread_blocked, id=24372, stack(0x0000000019c90000,0x0000000019d90000)]
  0x0000000019078000 JavaThread "C1 CompilerThread2" daemon [_thread_blocked, id=23364, stack(0x0000000019390000,0x0000000019490000)]
  0x0000000019077000 JavaThread "C2 CompilerThread1" daemon [_thread_in_native, id=7464, stack(0x0000000019290000,0x0000000019390000)]
=>0x0000000019074000 JavaThread "C2 CompilerThread0" daemon [_thread_in_native, id=8320, stack(0x0000000019190000,0x0000000019290000)]
  0x0000000019064800 JavaThread "Monitor Ctrl-Break" daemon [_thread_in_native, id=2920, stack(0x0000000019090000,0x0000000019190000)]
  0x0000000017731800 JavaThread "Attach Listener" daemon [_thread_blocked, id=20088, stack(0x0000000018b90000,0x0000000018c90000)]
  0x0000000017730000 JavaThread "Signal Dispatcher" daemon [_thread_blocked, id=20012, stack(0x0000000018a90000,0x0000000018b90000)]
  0x0000000002a89800 JavaThread "Finalizer" daemon [_thread_blocked, id=1484, stack(0x0000000018990000,0x0000000018a90000)]
  0x0000000002a86000 JavaThread "Reference Handler" daemon [_thread_blocked, id=22832, stack(0x0000000018890000,0x0000000018990000)]
  0x0000000002992800 JavaThread "Render thread" [_thread_in_vm, id=8640, stack(0x0000000002890000,0x0000000002990000)]

Other Threads:
  0x00000000176e9000 VMThread [stack: 0x0000000018790000,0x0000000018890000] [id=10352]
  0x000000001954e000 WatcherThread [stack: 0x0000000019d90000,0x0000000019e90000] [id=8288]

VM state:not at safepoint (normal execution)

VM Mutex/Monitor currently owned by a thread: None

Heap:
 PSYoungGen      total 648192K, used 545760K [0x00000000d5f00000, 0x0000000100000000, 0x0000000100000000)
  eden space 607232K, 89% used [0x00000000d5f00000,0x00000000f73f83e8,0x00000000fb000000)
  from space 40960K, 0% used [0x00000000fb000000,0x00000000fb000000,0x00000000fd800000)
  to   space 40960K, 0% used [0x00000000fd800000,0x00000000fd800000,0x0000000100000000)
 ParOldGen       total 413184K, used 361572K [0x0000000081c00000, 0x000000009af80000, 0x00000000d5f00000)
  object space 413184K, 87% used [0x0000000081c00000,0x0000000097d19030,0x000000009af80000)
 Metaspace       used 80761K, capacity 90108K, committed 90240K, reserved 1124352K
  class space    used 12569K, capacity 15211K, committed 15232K, reserved 1048576K

Card table byte_map: [0x0000000011fb0000,0x00000000123b0000] byte_map_base: 0x0000000011ba2000

Marking Bits: (ParMarkBitMap*) 0x0000000070b74040
 Begin Bits: [0x0000000012a60000, 0x00000000149f0000)
 End Bits:   [0x00000000149f0000, 0x0000000016980000)

Polling page: 0x00000000027a0000

CodeCache: size=245760Kb used=30811Kb max_used=30811Kb free=214948Kb
 bounds [0x0000000002bf0000, 0x0000000004a80000, 0x0000000011bf0000]
 total_blobs=11313 nmethods=9786 adapters=1438
 compilation: enabled

Compilation events (10 events):
Event: 152.119 Thread 0x0000000019078000 13619       3       com.mojang.brigadier.builder.LiteralArgumentBuilder::build (5 bytes)
Event: 152.119 Thread 0x0000000019078000 nmethod 13619 0x00000000039c8250 code [0x00000000039c83c0, 0x00000000039c8548]
Event: 152.120 Thread 0x0000000019078000 13622       3       com.mojang.brigadier.builder.RequiredArgumentBuilder::build (79 bytes)
Event: 152.121 Thread 0x0000000019078000 nmethod 13622 0x00000000039c6f50 code [0x00000000039c7160, 0x00000000039c7eb8]
Event: 152.121 Thread 0x0000000019078000 13621       3       com.mojang.brigadier.builder.RequiredArgumentBuilder::build (5 bytes)
Event: 152.121 Thread 0x0000000019078000 nmethod 13621 0x00000000039c6b90 code [0x00000000039c6d00, 0x00000000039c6ea8]
Event: 152.121 Thread 0x0000000019078000 13623       3       com.mojang.brigadier.tree.ArgumentCommandNode::<init> (30 bytes)
Event: 152.121 Thread 0x0000000019078000 nmethod 13623 0x00000000039c6750 code [0x00000000039c68c0, 0x00000000039c6ac8]
Event: 152.123 Thread 0x0000000019078000 13625       3       com.mojang.brigadier.builder.ArgumentBuilder::executes (10 bytes)
Event: 152.124 Thread 0x0000000019078000 nmethod 13625 0x00000000039c6310 code [0x00000000039c6480, 0x00000000039c66a8]

GC Heap History (10 events):
Event: 124.230 GC heap before
{Heap before GC invocations=150 (full 6):
 PSYoungGen      total 631296K, used 630992K [0x00000000d5f00000, 0x0000000100000000, 0x0000000100000000)
  eden space 625664K, 100% used [0x00000000d5f00000,0x00000000fc200000,0x00000000fc200000)
  from space 5632K, 94% used [0x00000000fc200000,0x00000000fc734070,0x00000000fc780000)
  to   space 32256K, 0% used [0x00000000fe080000,0x00000000fe080000,0x0000000100000000)
 ParOldGen       total 378880K, used 339328K [0x0000000081c00000, 0x0000000098e00000, 0x00000000d5f00000)
  object space 378880K, 89% used [0x0000000081c00000,0x0000000096760150,0x0000000098e00000)
 Metaspace       used 76153K, capacity 84126K, committed 84352K, reserved 1120256K
  class space    used 11821K, capacity 14182K, committed 14208K, reserved 1048576K
Event: 124.245 GC heap after
Heap after GC invocations=150 (full 6):
 PSYoungGen      total 655872K, used 5472K [0x00000000d5f00000, 0x0000000100000000, 0x0000000100000000)
  eden space 623616K, 0% used [0x00000000d5f00000,0x00000000d5f00000,0x00000000fc000000)
  from space 32256K, 16% used [0x00000000fe080000,0x00000000fe5d8080,0x0000000100000000)
  to   space 32768K, 0% used [0x00000000fc000000,0x00000000fc000000,0x00000000fe000000)
 ParOldGen       total 378880K, used 339608K [0x0000000081c00000, 0x0000000098e00000, 0x00000000d5f00000)
  object space 378880K, 89% used [0x0000000081c00000,0x00000000967a6150,0x0000000098e00000)
 Metaspace       used 76153K, capacity 84126K, committed 84352K, reserved 1120256K
  class space    used 11821K, capacity 14182K, committed 14208K, reserved 1048576K
}
Event: 125.444 GC heap before
{Heap before GC invocations=151 (full 6):
 PSYoungGen      total 655872K, used 629088K [0x00000000d5f00000, 0x0000000100000000, 0x0000000100000000)
  eden space 623616K, 100% used [0x00000000d5f00000,0x00000000fc000000,0x00000000fc000000)
  from space 32256K, 16% used [0x00000000fe080000,0x00000000fe5d8080,0x0000000100000000)
  to   space 32768K, 0% used [0x00000000fc000000,0x00000000fc000000,0x00000000fe000000)
 ParOldGen       total 378880K, used 339608K [0x0000000081c00000, 0x0000000098e00000, 0x00000000d5f00000)
  object space 378880K, 89% used [0x0000000081c00000,0x00000000967a6150,0x0000000098e00000)
 Metaspace       used 76160K, capacity 84126K, committed 84352K, reserved 1120256K
  class space    used 11822K, capacity 14182K, committed 14208K, reserved 1048576K
Event: 125.506 GC heap after
Heap after GC invocations=151 (full 6):
 PSYoungGen      total 656384K, used 6705K [0x00000000d5f00000, 0x00000000fff80000, 0x0000000100000000)
  eden space 623616K, 0% used [0x00000000d5f00000,0x00000000d5f00000,0x00000000fc000000)
  from space 32768K, 20% used [0x00000000fc000000,0x00000000fc68c6b8,0x00000000fe000000)
  to   space 32256K, 0% used [0x00000000fe000000,0x00000000fe000000,0x00000000fff80000)
 ParOldGen       total 378880K, used 339904K [0x0000000081c00000, 0x0000000098e00000, 0x00000000d5f00000)
  object space 378880K, 89% used [0x0000000081c00000,0x00000000967f0150,0x0000000098e00000)
 Metaspace       used 76160K, capacity 84126K, committed 84352K, reserved 1120256K
  class space    used 11822K, capacity 14182K, committed 14208K, reserved 1048576K
}
Event: 131.874 GC heap before
{Heap before GC invocations=152 (full 6):
 PSYoungGen      total 656384K, used 630321K [0x00000000d5f00000, 0x00000000fff80000, 0x0000000100000000)
  eden space 623616K, 100% used [0x00000000d5f00000,0x00000000fc000000,0x00000000fc000000)
  from space 32768K, 20% used [0x00000000fc000000,0x00000000fc68c6b8,0x00000000fe000000)
  to   space 32256K, 0% used [0x00000000fe000000,0x00000000fe000000,0x00000000fff80000)
 ParOldGen       total 378880K, used 339904K [0x0000000081c00000, 0x0000000098e00000, 0x00000000d5f00000)
  object space 378880K, 89% used [0x0000000081c00000,0x00000000967f0150,0x0000000098e00000)
 Metaspace       used 76712K, capacity 84764K, committed 84992K, reserved 1120256K
  class space    used 11907K, capacity 14283K, committed 14336K, reserved 1048576K
Event: 131.954 GC heap after
Heap after GC invocations=152 (full 6):
 PSYoungGen      total 639488K, used 32248K [0x00000000d5f00000, 0x0000000100000000, 0x0000000100000000)
  eden space 607232K, 0% used [0x00000000d5f00000,0x00000000d5f00000,0x00000000fb000000)
  from space 32256K, 99% used [0x00000000fe000000,0x00000000fff7e2a8,0x00000000fff80000)
  to   space 40960K, 0% used [0x00000000fb000000,0x00000000fb000000,0x00000000fd800000)
 ParOldGen       total 378880K, used 350314K [0x0000000081c00000, 0x0000000098e00000, 0x00000000d5f00000)
  object space 378880K, 92% used [0x0000000081c00000,0x000000009721ab98,0x0000000098e00000)
 Metaspace       used 76712K, capacity 84764K, committed 84992K, reserved 1120256K
  class space    used 11907K, capacity 14283K, committed 14336K, reserved 1048576K
}
Event: 138.011 GC heap before
{Heap before GC invocations=153 (full 6):
 PSYoungGen      total 639488K, used 639480K [0x00000000d5f00000, 0x0000000100000000, 0x0000000100000000)
  eden space 607232K, 100% used [0x00000000d5f00000,0x00000000fb000000,0x00000000fb000000)
  from space 32256K, 99% used [0x00000000fe000000,0x00000000fff7e2a8,0x00000000fff80000)
  to   space 40960K, 0% used [0x00000000fb000000,0x00000000fb000000,0x00000000fd800000)
 ParOldGen       total 378880K, used 350314K [0x0000000081c00000, 0x0000000098e00000, 0x00000000d5f00000)
  object space 378880K, 92% used [0x0000000081c00000,0x000000009721ab98,0x0000000098e00000)
 Metaspace       used 77741K, capacity 85930K, committed 86144K, reserved 1120256K
  class space    used 12043K, capacity 14450K, committed 14464K, reserved 1048576K
Event: 138.304 GC heap after
Heap after GC invocations=153 (full 6):
 PSYoungGen      total 648192K, used 40957K [0x00000000d5f00000, 0x0000000100000000, 0x0000000100000000)
  eden space 607232K, 0% used [0x00000000d5f00000,0x00000000d5f00000,0x00000000fb000000)
  from space 40960K, 99% used [0x00000000fb000000,0x00000000fd7ff5d0,0x00000000fd800000)
  to   space 40960K, 0% used [0x00000000fd800000,0x00000000fd800000,0x0000000100000000)
 ParOldGen       total 413184K, used 413088K [0x0000000081c00000, 0x000000009af80000, 0x00000000d5f00000)
  object space 413184K, 99% used [0x0000000081c00000,0x000000009af68220,0x000000009af80000)
 Metaspace       used 77741K, capacity 85930K, committed 86144K, reserved 1120256K
  class space    used 12043K, capacity 14450K, committed 14464K, reserved 1048576K
}
Event: 138.304 GC heap before
{Heap before GC invocations=154 (full 7):
 PSYoungGen      total 648192K, used 40957K [0x00000000d5f00000, 0x0000000100000000, 0x0000000100000000)
  eden space 607232K, 0% used [0x00000000d5f00000,0x00000000d5f00000,0x00000000fb000000)
  from space 40960K, 99% used [0x00000000fb000000,0x00000000fd7ff5d0,0x00000000fd800000)
  to   space 40960K, 0% used [0x00000000fd800000,0x00000000fd800000,0x0000000100000000)
 ParOldGen       total 413184K, used 413088K [0x0000000081c00000, 0x000000009af80000, 0x00000000d5f00000)
  object space 413184K, 99% used [0x0000000081c00000,0x000000009af68220,0x000000009af80000)
 Metaspace       used 77741K, capacity 85930K, committed 86144K, reserved 1120256K
  class space    used 12043K, capacity 14450K, committed 14464K, reserved 1048576K
Event: 140.148 GC heap after
Heap after GC invocations=154 (full 7):
 PSYoungGen      total 648192K, used 0K [0x00000000d5f00000, 0x0000000100000000, 0x0000000100000000)
  eden space 607232K, 0% used [0x00000000d5f00000,0x00000000d5f00000,0x00000000fb000000)
  from space 40960K, 0% used [0x00000000fb000000,0x00000000fb000000,0x00000000fd800000)
  to   space 40960K, 0% used [0x00000000fd800000,0x00000000fd800000,0x0000000100000000)
 ParOldGen       total 413184K, used 361572K [0x0000000081c00000, 0x000000009af80000, 0x00000000d5f00000)
  object space 413184K, 87% used [0x0000000081c00000,0x0000000097d19030,0x000000009af80000)
 Metaspace       used 77736K, capacity 85924K, committed 86144K, reserved 1120256K
  class space    used 12041K, capacity 14447K, committed 14464K, reserved 1048576K
}

Deoptimization events (10 events):
Event: 151.702 Thread 0x0000000002992800 Uncommon trap: reason=unstable_if action=reinterpret pc=0x00000000044518a4 method=com.google.gson.internal.bind.JsonTreeReader.nextString()Ljava/lang/String; @ 79
Event: 151.705 Thread 0x0000000002992800 Uncommon trap: reason=class_check action=maybe_recompile pc=0x00000000038edb40 method=com.google.common.collect.ImmutableList.iterator()Ljava/util/Iterator; @ 1
Event: 151.705 Thread 0x0000000002992800 Uncommon trap: reason=class_check action=maybe_recompile pc=0x00000000038edb40 method=com.google.common.collect.ImmutableList.iterator()Ljava/util/Iterator; @ 1
Event: 151.705 Thread 0x0000000002992800 Uncommon trap: reason=bimorphic action=maybe_recompile pc=0x000000000457514c method=com.google.common.collect.ImmutableList.copyOf(Ljava/util/Collection;)Lcom/google/common/collect/ImmutableList; @ 16
Event: 151.706 Thread 0x0000000002992800 Uncommon trap: reason=class_check action=maybe_recompile pc=0x00000000048a477c method=com.google.common.collect.ImmutableMap.keySet()Ljava/util/Set; @ 1
Event: 151.706 Thread 0x0000000002992800 Uncommon trap: reason=unstable_if action=reinterpret pc=0x000000000473de58 method=com.google.common.collect.ImmutableMap.keySet()Lcom/google/common/collect/ImmutableSet; @ 6
Event: 151.887 Thread 0x0000000002992800 Uncommon trap: reason=bimorphic action=maybe_recompile pc=0x00000000033f3364 method=java.util.TimSort.binarySort([Ljava/lang/Object;IIILjava/util/Comparator;)V @ 93
Event: 151.888 Thread 0x0000000002992800 Uncommon trap: reason=bimorphic action=maybe_recompile pc=0x00000000033f3364 method=java.util.TimSort.binarySort([Ljava/lang/Object;IIILjava/util/Comparator;)V @ 93
Event: 151.890 Thread 0x0000000002992800 Uncommon trap: reason=bimorphic action=maybe_recompile pc=0x00000000033f3364 method=java.util.TimSort.binarySort([Ljava/lang/Object;IIILjava/util/Comparator;)V @ 93
Event: 151.890 Thread 0x0000000002992800 Uncommon trap: reason=bimorphic action=maybe_recompile pc=0x00000000033f3364 method=java.util.TimSort.binarySort([Ljava/lang/Object;IIILjava/util/Comparator;)V @ 93

Internal exceptions (10 events):
Event: 152.278 Thread 0x0000000002992800 Exception <a 'sun/nio/fs/WindowsException'> (0x00000000f7075ee8) thrown at [C:\re\workspace\8-2-build-windows-amd64-cygwin\jdk8u51\3951\hotspot\src\share\vm\prims\jni.cpp, line 709]
Event: 152.278 Thread 0x0000000002992800 Exception <a 'sun/nio/fs/WindowsException'> (0x00000000f70765e8) thrown at [C:\re\workspace\8-2-build-windows-amd64-cygwin\jdk8u51\3951\hotspot\src\share\vm\prims\jni.cpp, line 709]
Event: 152.278 Thread 0x0000000002992800 Exception <a 'sun/nio/fs/WindowsException'> (0x00000000f7077730) thrown at [C:\re\workspace\8-2-build-windows-amd64-cygwin\jdk8u51\3951\hotspot\src\share\vm\prims\jni.cpp, line 709]
Event: 152.278 Thread 0x0000000002992800 Exception <a 'sun/nio/fs/WindowsException'> (0x00000000f7077d40) thrown at [C:\re\workspace\8-2-build-windows-amd64-cygwin\jdk8u51\3951\hotspot\src\share\vm\prims\jni.cpp, line 709]
Event: 152.285 Thread 0x0000000002992800 Exception <a 'sun/nio/fs/WindowsException'> (0x00000000f71ef3b0) thrown at [C:\re\workspace\8-2-build-windows-amd64-cygwin\jdk8u51\3951\hotspot\src\share\vm\prims\jni.cpp, line 709]
Event: 152.285 Thread 0x0000000002992800 Exception <a 'sun/nio/fs/WindowsException'> (0x00000000f71ef920) thrown at [C:\re\workspace\8-2-build-windows-amd64-cygwin\jdk8u51\3951\hotspot\src\share\vm\prims\jni.cpp, line 709]
Event: 152.286 Thread 0x0000000002992800 Exception <a 'sun/nio/fs/WindowsException'> (0x00000000f71f0668) thrown at [C:\re\workspace\8-2-build-windows-amd64-cygwin\jdk8u51\3951\hotspot\src\share\vm\prims\jni.cpp, line 709]
Event: 152.286 Thread 0x0000000002992800 Exception <a 'sun/nio/fs/WindowsException'> (0x00000000f71f0d68) thrown at [C:\re\workspace\8-2-build-windows-amd64-cygwin\jdk8u51\3951\hotspot\src\share\vm\prims\jni.cpp, line 709]
Event: 152.286 Thread 0x0000000002992800 Exception <a 'sun/nio/fs/WindowsException'> (0x00000000f71f1ec0) thrown at [C:\re\workspace\8-2-build-windows-amd64-cygwin\jdk8u51\3951\hotspot\src\share\vm\prims\jni.cpp, line 709]
Event: 152.286 Thread 0x0000000002992800 Exception <a 'sun/nio/fs/WindowsException'> (0x00000000f71f24e0) thrown at [C:\re\workspace\8-2-build-windows-amd64-cygwin\jdk8u51\3951\hotspot\src\share\vm\prims\jni.cpp, line 709]

Events (10 events):
Event: 152.292 loading class net/minecraft/command/CommandSource
Event: 152.292 loading class net/minecraft/command/CommandSource done
Event: 152.292 loading class net/minecraft/command/CommandSource
Event: 152.292 loading class net/minecraft/command/CommandSource done
Event: 152.293 loading class com/mojang/brigadier/context/CommandContext
Event: 152.293 loading class com/mojang/brigadier/context/CommandContext done
Event: 152.293 loading class net/minecraft/world/gen/feature/structure/Structure
Event: 152.293 loading class net/minecraft/world/gen/feature/structure/Structure done
Event: 152.293 loading class net/minecraft/world/gen/feature/structure/Structure
Event: 152.293 loading class net/minecraft/world/gen/feature/structure/Structure done


Dynamic libraries:
0x00007ff6af9e0000 - 0x00007ff6afa17000 	C:\Program Files (x86)\Minecraft\runtime\jre-x64\bin\java.exe
0x00007ffaa30d0000 - 0x00007ffaa32c5000 	C:\WINDOWS\SYSTEM32\ntdll.dll
0x00007ffaa20f0000 - 0x00007ffaa21ad000 	C:\WINDOWS\System32\KERNEL32.DLL
0x00007ffaa0a40000 - 0x00007ffaa0d07000 	C:\WINDOWS\System32\KERNELBASE.dll
0x00007ffaa2dd0000 - 0x00007ffaa2e7a000 	C:\WINDOWS\System32\ADVAPI32.dll
0x00007ffaa1210000 - 0x00007ffaa12ae000 	C:\WINDOWS\System32\msvcrt.dll
0x00007ffaa17a0000 - 0x00007ffaa183b000 	C:\WINDOWS\System32\sechost.dll
0x00007ffaa2f60000 - 0x00007ffaa3084000 	C:\WINDOWS\System32\RPCRT4.dll
0x00007ffaa1f50000 - 0x00007ffaa20f0000 	C:\WINDOWS\System32\USER32.dll
0x00007ffaa1100000 - 0x00007ffaa1122000 	C:\WINDOWS\System32\win32u.dll
0x00007ffaa1f00000 - 0x00007ffaa1f2a000 	C:\WINDOWS\System32\GDI32.dll
0x00007ffaa0de0000 - 0x00007ffaa0ee9000 	C:\WINDOWS\System32\gdi32full.dll
0x00007ffaa0840000 - 0x00007ffaa08dd000 	C:\WINDOWS\System32\msvcp_win.dll
0x00007ffaa08e0000 - 0x00007ffaa09e0000 	C:\WINDOWS\System32\ucrtbase.dll
0x00007ffa84450000 - 0x00007ffa846eb000 	C:\WINDOWS\WinSxS\amd64_microsoft.windows.common-controls_6595b64144ccf1df_6.0.19041.488_none_ca04af081b815d21\COMCTL32.dll
0x00007ffaa12b0000 - 0x00007ffaa12e0000 	C:\WINDOWS\System32\IMM32.DLL
0x0000000070c00000 - 0x0000000070cd2000 	C:\Program Files (x86)\Minecraft\runtime\jre-x64\bin\msvcr100.dll
0x0000000070370000 - 0x0000000070bf3000 	C:\Program Files (x86)\Minecraft\runtime\jre-x64\bin\server\jvm.dll
0x00007ffaa1ef0000 - 0x00007ffaa1ef8000 	C:\WINDOWS\System32\PSAPI.DLL
0x00007ffa990e0000 - 0x00007ffa990ea000 	C:\WINDOWS\SYSTEM32\VERSION.dll
0x00007ffa96bc0000 - 0x00007ffa96bc9000 	C:\WINDOWS\SYSTEM32\WSOCK32.dll
0x00007ffaa1650000 - 0x00007ffaa16bb000 	C:\WINDOWS\System32\WS2_32.dll
0x00007ffa998f0000 - 0x00007ffa99917000 	C:\WINDOWS\SYSTEM32\WINMM.dll
0x0000000070360000 - 0x000000007036f000 	C:\Program Files (x86)\Minecraft\runtime\jre-x64\bin\verify.dll
0x0000000070330000 - 0x0000000070359000 	C:\Program Files (x86)\Minecraft\runtime\jre-x64\bin\java.dll
0x0000000070300000 - 0x0000000070323000 	C:\Program Files (x86)\Minecraft\runtime\jre-x64\bin\instrument.dll
0x00000000702e0000 - 0x00000000702f6000 	C:\Program Files (x86)\Minecraft\runtime\jre-x64\bin\zip.dll
0x00007ffaa2680000 - 0x00007ffaa2dc1000 	C:\WINDOWS\System32\SHELL32.dll
0x00007ffa9e830000 - 0x00007ffa9efc3000 	C:\WINDOWS\SYSTEM32\windows.storage.dll
0x00007ffaa1b80000 - 0x00007ffaa1ed5000 	C:\WINDOWS\System32\combase.dll
0x00007ffaa00e0000 - 0x00007ffaa010c000 	C:\WINDOWS\SYSTEM32\Wldp.dll
0x00007ffaa1400000 - 0x00007ffaa14ae000 	C:\WINDOWS\System32\SHCORE.dll
0x00007ffaa19f0000 - 0x00007ffaa1a45000 	C:\WINDOWS\System32\shlwapi.dll
0x00007ffaa0740000 - 0x00007ffaa0766000 	C:\WINDOWS\SYSTEM32\profapi.dll
0x00007ffa9d710000 - 0x00007ffa9d72a000 	C:\Users\ervin_1nmnhvl\AppData\Local\JetBrains\Toolbox\apps\IDEA-U\ch-0\202.6397.94\bin\breakgen64.dll
0x00000000702c0000 - 0x00000000702da000 	C:\Program Files (x86)\Minecraft\runtime\jre-x64\bin\net.dll
0x00007ffa9fed0000 - 0x00007ffa9ff3a000 	C:\WINDOWS\system32\mswsock.dll
0x00000000702b0000 - 0x00000000702bd000 	C:\Program Files (x86)\Minecraft\runtime\jre-x64\bin\management.dll
0x00007ffa6b200000 - 0x00007ffa6b217000 	C:\WINDOWS\system32\napinsp.dll
0x00007ffa6b220000 - 0x00007ffa6b23b000 	C:\WINDOWS\system32\pnrpnsp.dll
0x00007ffa9b5c0000 - 0x00007ffa9b5d5000 	C:\WINDOWS\system32\wshbth.dll
0x00007ffa9be80000 - 0x00007ffa9be9d000 	C:\WINDOWS\system32\NLAapi.dll
0x00007ffa9fbe0000 - 0x00007ffa9fc1b000 	C:\WINDOWS\SYSTEM32\IPHLPAPI.DLL
0x00007ffa9fc20000 - 0x00007ffa9fceb000 	C:\WINDOWS\SYSTEM32\DNSAPI.dll
0x00007ffaa2e80000 - 0x00007ffaa2e89000 	C:\WINDOWS\System32\NSI.dll
0x00007ffa6b240000 - 0x00007ffa6b252000 	C:\WINDOWS\System32\winrnr.dll
0x00007ffa913a0000 - 0x00007ffa913aa000 	C:\Windows\System32\rasadhlp.dll
0x00007ffa94450000 - 0x00007ffa944cf000 	C:\WINDOWS\System32\fwpuclnt.dll
0x00007ffaa0810000 - 0x00007ffaa0837000 	C:\WINDOWS\System32\bcrypt.dll
0x0000000070290000 - 0x00000000702a1000 	C:\Program Files (x86)\Minecraft\runtime\jre-x64\bin\nio.dll
0x0000000070260000 - 0x0000000070284000 	C:\Program Files (x86)\Minecraft\runtime\jre-x64\bin\sunec.dll
0x00007ffaa0410000 - 0x00007ffaa0428000 	C:\WINDOWS\SYSTEM32\CRYPTSP.dll
0x00007ffa9f780000 - 0x00007ffa9f7b4000 	C:\WINDOWS\system32\rsaenh.dll
0x00007ffaa0700000 - 0x00007ffaa072e000 	C:\WINDOWS\SYSTEM32\USERENV.dll
0x00007ffaa0d60000 - 0x00007ffaa0ddf000 	C:\WINDOWS\System32\bcryptprimitives.dll
0x00007ffaa0050000 - 0x00007ffaa005c000 	C:\WINDOWS\SYSTEM32\CRYPTBASE.dll
0x00007ffa96460000 - 0x00007ffa96477000 	C:\WINDOWS\SYSTEM32\dhcpcsvc6.DLL
0x00007ffa95b90000 - 0x00007ffa95bad000 	C:\WINDOWS\SYSTEM32\dhcpcsvc.DLL
0x00007ffa8b6e0000 - 0x00007ffa8b752000 	C:\Users\ervin_1nmnhvl\AppData\Local\Temp\lwjglervin_1nmnhvl\3.2.2-build-10\lwjgl.dll
0x00007ffa6bb40000 - 0x00007ffa6bd91000 	C:\Users\ERVIN_~1\AppData\Local\Temp\lwjglervin_1nmnhvl\3.2.2-build-10\jemalloc.dll
0x00007ffa8b680000 - 0x00007ffa8b6de000 	C:\Users\ERVIN_~1\AppData\Local\Temp\lwjglervin_1nmnhvl\3.2.2-build-10\glfw.dll
0x00007ffa9e060000 - 0x00007ffa9e0ff000 	C:\WINDOWS\system32\uxtheme.dll
0x00007ffa805f0000 - 0x00007ffa80635000 	C:\WINDOWS\SYSTEM32\dinput8.dll
0x00007ffa86410000 - 0x00007ffa86421000 	C:\WINDOWS\SYSTEM32\xinput1_4.dll
0x00007ffaa0d10000 - 0x00007ffaa0d5d000 	C:\WINDOWS\System32\cfgmgr32.dll
0x00007ffaa04f0000 - 0x00007ffaa051c000 	C:\WINDOWS\SYSTEM32\DEVOBJ.dll
0x00007ffa9e330000 - 0x00007ffa9e35f000 	C:\WINDOWS\SYSTEM32\dwmapi.dll
0x00007ffa90160000 - 0x00007ffa902b2000 	C:\WINDOWS\SYSTEM32\inputhost.dll
0x00007ffaa2e90000 - 0x00007ffaa2f5d000 	C:\WINDOWS\System32\OLEAUT32.dll
0x00007ffa9bc50000 - 0x00007ffa9bd47000 	C:\WINDOWS\SYSTEM32\PROPSYS.dll
0x00007ffa9d840000 - 0x00007ffa9d932000 	C:\WINDOWS\SYSTEM32\CoreMessaging.dll
0x00007ffa9d170000 - 0x00007ffa9d2c6000 	C:\WINDOWS\SYSTEM32\wintypes.dll
0x00007ffa9d940000 - 0x00007ffa9dc9a000 	C:\WINDOWS\SYSTEM32\CoreUIComponents.dll
0x00007ffa9f420000 - 0x00007ffa9f453000 	C:\WINDOWS\SYSTEM32\ntmarta.dll
0x00007ffa9e810000 - 0x00007ffa9e823000 	C:\WINDOWS\SYSTEM32\kernel.appcore.dll
0x00007ffaa12e0000 - 0x00007ffaa13f5000 	C:\WINDOWS\System32\MSCTF.dll
0x00007ffa9efd0000 - 0x00007ffa9efdd000 	C:\WINDOWS\SYSTEM32\HID.DLL
0x00007ffaa21b0000 - 0x00007ffaa2617000 	C:\WINDOWS\System32\SETUPAPI.DLL
0x00007ffaa09e0000 - 0x00007ffaa0a40000 	C:\WINDOWS\System32\WINTRUST.dll
0x00007ffaa0fa0000 - 0x00007ffaa10fd000 	C:\WINDOWS\System32\CRYPT32.dll
0x00007ffaa04d0000 - 0x00007ffaa04e2000 	C:\WINDOWS\SYSTEM32\MSASN1.dll
0x00007ffa7e330000 - 0x00007ffa7e455000 	C:\WINDOWS\SYSTEM32\opengl32.dll
0x00007ffa84080000 - 0x00007ffa840ac000 	C:\WINDOWS\SYSTEM32\GLU32.dll
0x00007ffaa14b0000 - 0x00007ffaa1558000 	C:\WINDOWS\System32\clbcatq.dll
0x00007ffa554a0000 - 0x00007ffa56124000 	C:\WINDOWS\SYSTEM32\ig4icd64.dll
0x00007ffa9f030000 - 0x00007ffa9f123000 	C:\WINDOWS\SYSTEM32\dxgi.dll
0x00007ffa9c970000 - 0x00007ffa9cbd3000 	C:\WINDOWS\SYSTEM32\d3d11.dll
0x00007ffa6a5b0000 - 0x00007ffa6b200000 	C:\WINDOWS\SYSTEM32\igd10umd64.dll
0x00007ffa959c0000 - 0x00007ffa959fb000 	C:\WINDOWS\SYSTEM32\dxcore.dll
0x00007ffa7eab0000 - 0x00007ffa7eb2f000 	C:\Users\ervin_1nmnhvl\AppData\Local\Temp\lwjglervin_1nmnhvl\3.2.2-build-10\lwjgl_stb.dll
0x00007ffa9aaa0000 - 0x00007ffa9ab4e000 	C:\WINDOWS\SYSTEM32\mscms.dll
0x00007ffa9a930000 - 0x00007ffa9a941000 	C:\WINDOWS\SYSTEM32\ColorAdapterClient.dll
0x00007ffa805a0000 - 0x00007ffa805e3000 	C:\WINDOWS\SYSTEM32\icm32.dll
0x00007ffa90060000 - 0x00007ffa9015d000 	C:\WINDOWS\SYSTEM32\textinputframework.dll
0x00007ffa7dab0000 - 0x00007ffa7db08000 	C:\Users\ervin_1nmnhvl\AppData\Local\Temp\lwjglervin_1nmnhvl\3.2.2-build-10\lwjgl_opengl.dll
0x00007ffa95330000 - 0x00007ffa95372000 	C:\Users\ervin_1nmnhvl\AppData\Local\Temp\jna-2118671535\jna4642657739701106666.dll
0x00007ffa9c2a0000 - 0x00007ffa9c2ba000 	C:\save\modding\ervin_mod_1\build\natives\SAPIWrapper_x64.dll
0x00007ffaa1a50000 - 0x00007ffaa1b79000 	C:\WINDOWS\System32\ole32.dll
0x00007ffa8b4b0000 - 0x00007ffa8b634000 	C:\WINDOWS\System32\Speech\Common\sapi.dll
0x00007ffa75380000 - 0x00007ffa7539e000 	C:\WINDOWS\SYSTEM32\MSACM32.dll
0x00007ffa90810000 - 0x00007ffa9081b000 	C:\WINDOWS\SYSTEM32\msdmo.dll
0x00007ffa7d3c0000 - 0x00007ffa7d3e6000 	C:\WINDOWS\SYSTEM32\winmmbase.dll
0x00007ffa921e0000 - 0x00007ffa92265000 	C:\WINDOWS\System32\MMDevApi.dll
0x00007ffa799f0000 - 0x00007ffa79b04000 	C:\Users\ERVIN_~1\AppData\Local\Temp\lwjglervin_1nmnhvl\3.2.2-build-10\OpenAL.dll
0x00007ffa8abd0000 - 0x00007ffa8ad50000 	C:\WINDOWS\SYSTEM32\AUDIOSES.DLL
0x00007ffaa0670000 - 0x00007ffaa06bb000 	C:\WINDOWS\SYSTEM32\powrprof.dll
0x00007ffaa0650000 - 0x00007ffaa0662000 	C:\WINDOWS\SYSTEM32\UMPDC.dll
0x00007ffa9e160000 - 0x00007ffa9e174000 	C:\WINDOWS\SYSTEM32\resourcepolicyclient.dll

VM Arguments:
jvm_args: -Dforge.logging.console.level=debug -Dforge.logging.markers=SCAN,REGISTRIES,REGISTRYDUMP -XX:HeapDumpPath=MojangTricksIntelDriversForPerformance_javaw.exe_minecraft.exe.heapdump -Dos.name=Windows 10 -Dos.version=10.0 -javaagent:C:\Users\ervin_1nmnhvl\AppData\Local\JetBrains\Toolbox\apps\IDEA-U\ch-0\202.6397.94\lib\idea_rt.jar=50769:C:\Users\ervin_1nmnhvl\AppData\Local\JetBrains\Toolbox\apps\IDEA-U\ch-0\202.6397.94\bin -Dfile.encoding=UTF-8 
java_command: net.minecraftforge.userdev.LaunchTesting
java_class_path (initial): C:\Program Files (x86)\Minecraft\runtime\jre-x64\lib\charsets.jar;C:\Program Files (x86)\Minecraft\runtime\jre-x64\lib\deploy.jar;C:\Program Files (x86)\Minecraft\runtime\jre-x64\lib\ext\access-bridge-64.jar;C:\Program Files (x86)\Minecraft\runtime\jre-x64\lib\ext\cldrdata.jar;C:\Program Files (x86)\Minecraft\runtime\jre-x64\lib\ext\dnsns.jar;C:\Program Files (x86)\Minecraft\runtime\jre-x64\lib\ext\jaccess.jar;C:\Program Files (x86)\Minecraft\runtime\jre-x64\lib\ext\jfxrt.jar;C:\Program Files (x86)\Minecraft\runtime\jre-x64\lib\ext\localedata.jar;C:\Program Files (x86)\Minecraft\runtime\jre-x64\lib\ext\nashorn.jar;C:\Program Files (x86)\Minecraft\runtime\jre-x64\lib\ext\sunec.jar;C:\Program Files (x86)\Minecraft\runtime\jre-x64\lib\ext\sunjce_provider.jar;C:\Program Files (x86)\Minecraft\runtime\jre-x64\lib\ext\sunmscapi.jar;C:\Program Files (x86)\Minecraft\runtime\jre-x64\lib\ext\sunpkcs11.jar;C:\Program Files (x86)\Minecraft\runtime\jre-x64\lib\ext\zipfs.jar;C:\Program Files (x86)\Minecraft\runtime\jre-x64\lib\javaws.jar;C:\Program Files (x86)\Minecraft\runtime\jre-x64\lib\jce.jar;C:\Program Files (x86)\Minecraft\runtime\jre-x64\lib\jfr.jar;C:\Program Files (x86)\Minecraft\runtime\jre-x64\lib\jfxswt.jar;C:\Program Files (x86)\Minecraft\runtime\jre-x64\lib\jsse.jar;C:\Program Files (x86)\Minecraft\runtime\jre-x64\lib\management-agent.jar;C:\Program Files (x86)\Minecraft\runtime\jre-x64\lib\plugin.jar;C:\Program Files (x86)\Minecraft\runtime\jre-x64\lib\resources.jar;C:\Program Files (x86)\Minecraft\runtime\jre-x64\lib\rt.jar;C:\save\modding\ervin_mod_1\build\classes\java\main;C:\save\modding\ervin_mod_1\build\resources\main;C:\Users\ervin_1nmnhvl\.gradle\caches\forge_gradle\minecraft_user_repo\net\minecraftforge\forge\1.16.1-32.0.75_mapped_snapshot_20200723-1.16.1\forge-1.16.1-32.0.75_mapped_snapshot_20200723-1.16.1-recomp.jar;C:\Users\ervin_1nmnhvl\.gradle\caches\forge_gradle\minecraft_user_repo\net\minecraftforge\forge\1.16.1-32.0.75_
Launcher Type: SUN_STANDARD

Environment Variables:
JAVA_HOME=C:\Program Files\Java\jdk-11.0.4
PATH=C:\Program Files\Docker\Docker\Resources\bin;C:\ProgramData\Oracle\Java\javapath;C:\WINDOWS\system32;C:\WINDOWS;C:\WINDOWS\System32\Wbem;C:\WINDOWS\System32\WindowsPowerShell\v1.0\;C:\Program Files (x86)\cloudControl;C:\Program Files\Git\cmd;C:\bin;C:\Program Files (x86)\Windows Kits\8.1\Windows Performance Toolkit\;C:\Program Files (x86)\PuTTY\;C:\Program Files (x86)\Nodist\bin;G:\save\sdk\android\tools;G:\save\sdk\android\platform-tools;C:\boxfuse;C:\Program Files (x86)\Skype\Phone\;C:\Program Files (x86)\GtkSharp\2.12\bin;C:\Program Files (x86)\IVI Foundation\VISA\WinNT\Bin;C:\WINDOWS\system32;C:\WINDOWS;C:\WINDOWS\System32\Wbem;C:\WINDOWS\System32\WindowsPowerShell\v1.0\;;C:\WINDOWS\System32\OpenSSH\;C:\Users\ervin_1nmnhvl\AppData\Local\Microsoft\WindowsApps;
USERNAME=ervin_1nmnhvl
OS=Windows_NT
PROCESSOR_IDENTIFIER=Intel64 Family 6 Model 42 Stepping 7, GenuineIntel



---------------  S Y S T E M  ---------------

OS: Windows 10.0 , 64 bit Build 19041 (10.0.19041.292)

CPU:total 4 (2 cores per cpu, 2 threads per core) family 6 model 42 stepping 7, cmov, cx8, fxsr, mmx, sse, sse2, sse3, ssse3, sse4.1, sse4.2, popcnt, avx, aes, clmul, ht, tsc, tscinvbit

Memory: 4k page, physical 8266764k(417072k free), swap 10363916k(5128k free)

vm_info: Java HotSpot(TM) 64-Bit Server VM (25.51-b03) for windows-amd64 JRE (1.8.0_51-b16), built on Jun  8 2015 18:03:07 by "java_re" with MS VC++ 10.0 (VS2010)

time: Thu Oct 01 08:03:01 2020
elapsed time: 152 seconds (0d 0h 2m 32s)

