#
# There is insufficient memory for the Java Runtime Environment to continue.
# Native memory allocation (malloc) failed to allocate 816016 bytes for Chunk::new
# Possible reasons:
#   The system is out of physical RAM or swap space
#   In 32 bit mode, the process size limit was hit
# Possible solutions:
#   Reduce memory load on the system
#   Increase physical memory or swap space
#   Check if swap backing store is full
#   Use 64 bit Java on a 64 bit OS
#   Decrease Java heap size (-Xmx/-Xms)
#   Decrease number of Java threads
#   Decrease Java thread stack sizes (-Xss)
#   Set larger code cache with -XX:ReservedCodeCacheSize=
# This output file may be truncated or incomplete.
#
#  Out of Memory Error (allocation.cpp:390), pid=6104, tid=7464
#
# JRE version: Java(TM) SE Runtime Environment (8.0_51-b16) (build 1.8.0_51-b16)
# Java VM: Java HotSpot(TM) 64-Bit Server VM (25.51-b03 mixed mode windows-amd64 compressed oops)
# Failed to write core dump. Minidumps are not enabled by default on client versions of Windows
#

---------------  T H R E A D  ---------------

Current thread (0x0000000018b73000):  JavaThread "C2 CompilerThread0" daemon [_thread_in_native, id=7464, stack(0x0000000018c90000,0x0000000018d90000)]

Stack: [0x0000000018c90000,0x0000000018d90000]
Native frames: (J=compiled Java code, j=interpreted, Vv=VM code, C=native code)
V  [jvm.dll+0x32b4ca]


Current CompileTask:
C2: 106849 11544   !   4       java.nio.channels.Channels$ReadableByteChannelImpl::read (180 bytes)


---------------  P R O C E S S  ---------------

Java Threads: ( => current thread )
  0x00000000190a8800 JavaThread "Worker-Main-8" daemon [_thread_blocked, id=14108, stack(0x0000000039d20000,0x0000000039e20000)]
  0x00000000190a9000 JavaThread "Worker-Main-7" daemon [_thread_blocked, id=13064, stack(0x00000000280b0000,0x00000000281b0000)]
  0x00000000190ad800 JavaThread "Worker-Main-6" daemon [_thread_in_vm, id=12932, stack(0x000000002a0e0000,0x000000002a1e0000)]
  0x0000000019e26000 JavaThread "Worker-Main-5" daemon [_thread_blocked, id=9980, stack(0x0000000029de0000,0x0000000029ee0000)]
  0x0000000019e24000 JavaThread "Worker-Main-4" daemon [_thread_blocked, id=15924, stack(0x0000000029ce0000,0x0000000029de0000)]
  0x0000000019e27800 JavaThread "Narrator" [_thread_blocked, id=1332, stack(0x0000000029950000,0x0000000029a50000)]
  0x0000000019e25800 JavaThread "Sound engine" daemon [_thread_blocked, id=9812, stack(0x0000000027fb0000,0x00000000280b0000)]
  0x0000000019e28800 JavaThread "Snooper Timer" daemon [_thread_blocked, id=14304, stack(0x0000000027430000,0x0000000027530000)]
  0x0000000019e27000 JavaThread "Timer hack thread" daemon [_thread_blocked, id=14928, stack(0x0000000026310000,0x0000000026410000)]
  0x000000002372e800 JavaThread "Worker-Bootstrap-3" daemon [_thread_in_Java, id=11952, stack(0x0000000023d00000,0x0000000023e00000)]
  0x0000000021360800 JavaThread "Worker-Bootstrap-2" daemon [_thread_in_Java, id=3444, stack(0x0000000023940000,0x0000000023a40000)]
  0x0000000021ba7800 JavaThread "Worker-Bootstrap-1" daemon [_thread_in_Java, id=15316, stack(0x0000000020c00000,0x0000000020d00000)]
  0x000000001bc3a800 JavaThread "pool-3-thread-1" [_thread_blocked, id=7020, stack(0x0000000023840000,0x0000000023940000)]
  0x000000001a6b2800 JavaThread "Thread-2" daemon [_thread_in_native, id=8780, stack(0x000000001c690000,0x000000001c790000)]
  0x000000001ba0d000 JavaThread "Thread-1" daemon [_thread_blocked, id=10156, stack(0x000000001b5a0000,0x000000001b6a0000)]
  0x0000000019009800 JavaThread "Service Thread" daemon [_thread_blocked, id=18304, stack(0x0000000019790000,0x0000000019890000)]
  0x0000000018b79000 JavaThread "C1 CompilerThread2" daemon [_thread_blocked, id=1764, stack(0x0000000018e90000,0x0000000018f90000)]
  0x0000000018b73800 JavaThread "C2 CompilerThread1" daemon [_thread_blocked, id=16324, stack(0x0000000018d90000,0x0000000018e90000)]
=>0x0000000018b73000 JavaThread "C2 CompilerThread0" daemon [_thread_in_native, id=7464, stack(0x0000000018c90000,0x0000000018d90000)]
  0x0000000018b58000 JavaThread "Monitor Ctrl-Break" daemon [_thread_in_native, id=16360, stack(0x0000000018b90000,0x0000000018c90000)]
  0x0000000017245800 JavaThread "Attach Listener" daemon [_thread_blocked, id=6540, stack(0x0000000018690000,0x0000000018790000)]
  0x0000000017244000 JavaThread "Signal Dispatcher" daemon [_thread_blocked, id=17480, stack(0x0000000018590000,0x0000000018690000)]
  0x000000000250a800 JavaThread "Finalizer" daemon [_thread_blocked, id=13908, stack(0x0000000018490000,0x0000000018590000)]
  0x0000000002507000 JavaThread "Reference Handler" daemon [_thread_blocked, id=10836, stack(0x0000000018390000,0x0000000018490000)]
  0x0000000002412800 JavaThread "Render thread" [_thread_in_Java, id=14848, stack(0x0000000002310000,0x0000000002410000)]

Other Threads:
  0x0000000002503000 VMThread [stack: 0x0000000018290000,0x0000000018390000] [id=15956]
  0x0000000019016800 WatcherThread [stack: 0x0000000019890000,0x0000000019990000] [id=15580]

VM state:not at safepoint (normal execution)

VM Mutex/Monitor currently owned by a thread: None

Heap:
 PSYoungGen      total 655360K, used 274538K [0x00000000d5f00000, 0x0000000100000000, 0x0000000100000000)
  eden space 621056K, 43% used [0x00000000d5f00000,0x00000000e6436200,0x00000000fbd80000)
  from space 34304K, 20% used [0x00000000fde80000,0x00000000fe5646f8,0x0000000100000000)
  to   space 33792K, 0% used [0x00000000fbd80000,0x00000000fbd80000,0x00000000fde80000)
 ParOldGen       total 375808K, used 310422K [0x0000000081c00000, 0x0000000098b00000, 0x00000000d5f00000)
  object space 375808K, 82% used [0x0000000081c00000,0x0000000094b25b10,0x0000000098b00000)
 Metaspace       used 76884K, capacity 85076K, committed 85248K, reserved 1120256K
  class space    used 12074K, capacity 14539K, committed 14592K, reserved 1048576K

Card table byte_map: [0x0000000011ad0000,0x0000000011ed0000] byte_map_base: 0x00000000116c2000

Marking Bits: (ParMarkBitMap*) 0x0000000050ec4040
 Begin Bits: [0x0000000012580000, 0x0000000014510000)
 End Bits:   [0x0000000014510000, 0x00000000164a0000)

Polling page: 0x0000000000920000

CodeCache: size=245760Kb used=27133Kb max_used=27144Kb free=218626Kb
 bounds [0x0000000002710000, 0x00000000041c0000, 0x0000000011710000]
 total_blobs=10008 nmethods=8531 adapters=1388
 compilation: enabled

Compilation events (10 events):
Event: 105.892 Thread 0x0000000018b79000 nmethod 11540 0x0000000004199a10 code [0x0000000004199b80, 0x0000000004199d28]
Event: 106.186 Thread 0x0000000018b73000 11541       4       it.unimi.dsi.fastutil.HashCommon::mix (20 bytes)
Event: 106.186 Thread 0x0000000018b73000 nmethod 11541 0x00000000032c5610 code [0x00000000032c5740, 0x00000000032c5798]
Event: 106.445 Thread 0x0000000018b73800 11542  s    4       java.util.Vector::elementAt (48 bytes)
Event: 106.447 Thread 0x0000000018b73800 nmethod 11542 0x00000000041b0050 code [0x00000000041b01a0, 0x00000000041b0418]
Event: 106.685 Thread 0x0000000018b79000 11543       3       it.unimi.dsi.fastutil.ints.IntAVLTreeSet::locateKey (65 bytes)
Event: 106.686 Thread 0x0000000018b79000 nmethod 11543 0x00000000041b4cd0 code [0x00000000041b4e80, 0x00000000041b5728]
Event: 106.715 Thread 0x0000000018b73000 11544   !   4       java.nio.channels.Channels$ReadableByteChannelImpl::read (180 bytes)
Event: 106.725 Thread 0x0000000018b73800 11545   !   4       sun.nio.ch.ChannelInputStream::read (95 bytes)
Event: 106.726 Thread 0x0000000018b73800 nmethod 11545 0x00000000041afd50 code [0x00000000041afea0, 0x00000000041aff48]

GC Heap History (10 events):
Event: 101.694 GC heap before
{Heap before GC invocations=145 (full 5):
 PSYoungGen      total 652288K, used 632657K [0x00000000d5f00000, 0x00000000ffe80000, 0x0000000100000000)
  eden space 618496K, 100% used [0x00000000d5f00000,0x00000000fbb00000,0x00000000fbb00000)
  from space 33792K, 41% used [0x00000000fbb00000,0x00000000fc8d46c8,0x00000000fdc00000)
  to   space 33280K, 0% used [0x00000000fde00000,0x00000000fde00000,0x00000000ffe80000)
 ParOldGen       total 375808K, used 300030K [0x0000000081c00000, 0x0000000098b00000, 0x00000000d5f00000)
  object space 375808K, 79% used [0x0000000081c00000,0x00000000940ff848,0x0000000098b00000)
 Metaspace       used 76814K, capacity 84896K, committed 84992K, reserved 1120256K
  class space    used 12071K, capacity 14535K, committed 14592K, reserved 1048576K
Event: 101.722 GC heap after
Heap after GC invocations=145 (full 5):
 PSYoungGen      total 654336K, used 13136K [0x00000000d5f00000, 0x00000000fff80000, 0x0000000100000000)
  eden space 621056K, 0% used [0x00000000d5f00000,0x00000000d5f00000,0x00000000fbd80000)
  from space 33280K, 39% used [0x00000000fde00000,0x00000000fead4080,0x00000000ffe80000)
  to   space 33280K, 0% used [0x00000000fbd80000,0x00000000fbd80000,0x00000000fde00000)
 ParOldGen       total 375808K, used 300318K [0x0000000081c00000, 0x0000000098b00000, 0x00000000d5f00000)
  object space 375808K, 79% used [0x0000000081c00000,0x0000000094147848,0x0000000098b00000)
 Metaspace       used 76814K, capacity 84896K, committed 84992K, reserved 1120256K
  class space    used 12071K, capacity 14535K, committed 14592K, reserved 1048576K
}
Event: 102.719 GC heap before
{Heap before GC invocations=146 (full 5):
 PSYoungGen      total 654336K, used 634192K [0x00000000d5f00000, 0x00000000fff80000, 0x0000000100000000)
  eden space 621056K, 100% used [0x00000000d5f00000,0x00000000fbd80000,0x00000000fbd80000)
  from space 33280K, 39% used [0x00000000fde00000,0x00000000fead4080,0x00000000ffe80000)
  to   space 33280K, 0% used [0x00000000fbd80000,0x00000000fbd80000,0x00000000fde00000)
 ParOldGen       total 375808K, used 301150K [0x0000000081c00000, 0x0000000098b00000, 0x00000000d5f00000)
  object space 375808K, 80% used [0x0000000081c00000,0x0000000094217820,0x0000000098b00000)
 Metaspace       used 76819K, capacity 84968K, committed 85248K, reserved 1120256K
  class space    used 12071K, capacity 14535K, committed 14592K, reserved 1048576K
Event: 102.743 GC heap after
Heap after GC invocations=146 (full 5):
 PSYoungGen      total 654336K, used 11200K [0x00000000d5f00000, 0x0000000100000000, 0x0000000100000000)
  eden space 621056K, 0% used [0x00000000d5f00000,0x00000000d5f00000,0x00000000fbd80000)
  from space 33280K, 33% used [0x00000000fbd80000,0x00000000fc870070,0x00000000fde00000)
  to   space 33280K, 0% used [0x00000000fdf80000,0x00000000fdf80000,0x0000000100000000)
 ParOldGen       total 375808K, used 303454K [0x0000000081c00000, 0x0000000098b00000, 0x00000000d5f00000)
  object space 375808K, 80% used [0x0000000081c00000,0x0000000094457830,0x0000000098b00000)
 Metaspace       used 76819K, capacity 84968K, committed 85248K, reserved 1120256K
  class space    used 12071K, capacity 14535K, committed 14592K, reserved 1048576K
}
Event: 103.854 GC heap before
{Heap before GC invocations=147 (full 5):
 PSYoungGen      total 654336K, used 632256K [0x00000000d5f00000, 0x0000000100000000, 0x0000000100000000)
  eden space 621056K, 100% used [0x00000000d5f00000,0x00000000fbd80000,0x00000000fbd80000)
  from space 33280K, 33% used [0x00000000fbd80000,0x00000000fc870070,0x00000000fde00000)
  to   space 33280K, 0% used [0x00000000fdf80000,0x00000000fdf80000,0x0000000100000000)
 ParOldGen       total 375808K, used 303454K [0x0000000081c00000, 0x0000000098b00000, 0x00000000d5f00000)
  object space 375808K, 80% used [0x0000000081c00000,0x0000000094457b10,0x0000000098b00000)
 Metaspace       used 76820K, capacity 84968K, committed 85248K, reserved 1120256K
  class space    used 12071K, capacity 14535K, committed 14592K, reserved 1048576K
Event: 103.877 GC heap after
Heap after GC invocations=147 (full 5):
 PSYoungGen      total 654848K, used 5456K [0x00000000d5f00000, 0x0000000100000000, 0x0000000100000000)
  eden space 621568K, 0% used [0x00000000d5f00000,0x00000000d5f00000,0x00000000fbe00000)
  from space 33280K, 16% used [0x00000000fdf80000,0x00000000fe4d4080,0x0000000100000000)
  to   space 33792K, 0% used [0x00000000fbe00000,0x00000000fbe00000,0x00000000fdf00000)
 ParOldGen       total 375808K, used 309494K [0x0000000081c00000, 0x0000000098b00000, 0x00000000d5f00000)
  object space 375808K, 82% used [0x0000000081c00000,0x0000000094a3db10,0x0000000098b00000)
 Metaspace       used 76820K, capacity 84968K, committed 85248K, reserved 1120256K
  class space    used 12071K, capacity 14535K, committed 14592K, reserved 1048576K
}
Event: 105.028 GC heap before
{Heap before GC invocations=148 (full 5):
 PSYoungGen      total 654848K, used 627024K [0x00000000d5f00000, 0x0000000100000000, 0x0000000100000000)
  eden space 621568K, 100% used [0x00000000d5f00000,0x00000000fbe00000,0x00000000fbe00000)
  from space 33280K, 16% used [0x00000000fdf80000,0x00000000fe4d4080,0x0000000100000000)
  to   space 33792K, 0% used [0x00000000fbe00000,0x00000000fbe00000,0x00000000fdf00000)
 ParOldGen       total 375808K, used 309494K [0x0000000081c00000, 0x0000000098b00000, 0x00000000d5f00000)
  object space 375808K, 82% used [0x0000000081c00000,0x0000000094a3db10,0x0000000098b00000)
 Metaspace       used 76824K, capacity 84968K, committed 85248K, reserved 1120256K
  class space    used 12071K, capacity 14535K, committed 14592K, reserved 1048576K
Event: 105.040 GC heap after
Heap after GC invocations=148 (full 5):
 PSYoungGen      total 627200K, used 5264K [0x00000000d5f00000, 0x0000000100000000, 0x0000000100000000)
  eden space 621568K, 0% used [0x00000000d5f00000,0x00000000d5f00000,0x00000000fbe00000)
  from space 5632K, 93% used [0x00000000fbe00000,0x00000000fc3240a0,0x00000000fc380000)
  to   space 34304K, 0% used [0x00000000fde80000,0x00000000fde80000,0x0000000100000000)
 ParOldGen       total 375808K, used 310134K [0x0000000081c00000, 0x0000000098b00000, 0x00000000d5f00000)
  object space 375808K, 82% used [0x0000000081c00000,0x0000000094addb10,0x0000000098b00000)
 Metaspace       used 76824K, capacity 84968K, committed 85248K, reserved 1120256K
  class space    used 12071K, capacity 14535K, committed 14592K, reserved 1048576K
}
Event: 106.332 GC heap before
{Heap before GC invocations=149 (full 5):
 PSYoungGen      total 627200K, used 626832K [0x00000000d5f00000, 0x0000000100000000, 0x0000000100000000)
  eden space 621568K, 100% used [0x00000000d5f00000,0x00000000fbe00000,0x00000000fbe00000)
  from space 5632K, 93% used [0x00000000fbe00000,0x00000000fc3240a0,0x00000000fc380000)
  to   space 34304K, 0% used [0x00000000fde80000,0x00000000fde80000,0x0000000100000000)
 ParOldGen       total 375808K, used 310134K [0x0000000081c00000, 0x0000000098b00000, 0x00000000d5f00000)
  object space 375808K, 82% used [0x0000000081c00000,0x0000000094addb10,0x0000000098b00000)
 Metaspace       used 76884K, capacity 85076K, committed 85248K, reserved 1120256K
  class space    used 12074K, capacity 14539K, committed 14592K, reserved 1048576K
Event: 106.352 GC heap after
Heap after GC invocations=149 (full 5):
 PSYoungGen      total 655360K, used 7057K [0x00000000d5f00000, 0x0000000100000000, 0x0000000100000000)
  eden space 621056K, 0% used [0x00000000d5f00000,0x00000000d5f00000,0x00000000fbd80000)
  from space 34304K, 20% used [0x00000000fde80000,0x00000000fe5646f8,0x0000000100000000)
  to   space 33792K, 0% used [0x00000000fbd80000,0x00000000fbd80000,0x00000000fde80000)
 ParOldGen       total 375808K, used 310422K [0x0000000081c00000, 0x0000000098b00000, 0x00000000d5f00000)
  object space 375808K, 82% used [0x0000000081c00000,0x0000000094b25b10,0x0000000098b00000)
 Metaspace       used 76884K, capacity 85076K, committed 85248K, reserved 1120256K
  class space    used 12074K, capacity 14539K, committed 14592K, reserved 1048576K
}

Deoptimization events (10 events):
Event: 105.138 Thread 0x00000000190a9000 Uncommon trap: reason=intrinsic action=make_not_entrant pc=0x0000000002bb7fb8 method=net.minecraft.client.renderer.texture.MipmapGenerator.gammaBlend(IIIII)I @ 55
Event: 105.160 Thread 0x00000000190ad800 Uncommon trap: reason=intrinsic action=make_not_entrant pc=0x0000000003dfc3c0 method=net.minecraft.client.renderer.texture.MipmapGenerator.alphaBlend(IIIIZ)I @ 267
Event: 105.168 Thread 0x00000000190ad800 Uncommon trap: reason=intrinsic action=make_not_entrant pc=0x0000000003dfd5cc method=net.minecraft.client.renderer.texture.MipmapGenerator.alphaBlend(IIIIZ)I @ 283
Event: 105.180 Thread 0x00000000190ad800 Uncommon trap: reason=intrinsic action=make_not_entrant pc=0x0000000003ec912c method=net.minecraft.client.renderer.texture.MipmapGenerator.alphaBlend(IIIIZ)I @ 299
Event: 105.188 Thread 0x00000000190ad800 Uncommon trap: reason=intrinsic action=make_not_entrant pc=0x0000000003ec54b8 method=net.minecraft.client.renderer.texture.MipmapGenerator.alphaBlend(IIIIZ)I @ 315
Event: 105.227 Thread 0x00000000190a9000 Uncommon trap: reason=unstable_if action=reinterpret pc=0x0000000003ed32bc method=java.util.concurrent.CompletableFuture.biRelay(Ljava/util/concurrent/CompletableFuture;Ljava/util/concurrent/CompletableFuture;)Z @ 53
Event: 105.233 Thread 0x00000000190a9000 Uncommon trap: reason=unstable_if action=reinterpret pc=0x0000000003ec5ea0 method=net.minecraft.client.renderer.texture.MipmapGenerator.generateMipmaps(Lnet/minecraft/client/renderer/texture/NativeImage;I)[Lnet/minecraft/client/renderer/texture/NativeImage CÇOZ@
Event: 105.235 Thread 0x00000000190ad800 Uncommon trap: reason=unstable_if action=reinterpret pc=0x000000000414c6d0 method=java.util.concurrent.CompletableFuture.biRelay(Ljava/util/concurrent/CompletableFuture;Ljava/util/concurrent/CompletableFuture;)Z @ 53
Event: 105.263 Thread 0x00000000190a8800 Uncommon trap: reason=unstable_if action=reinterpret pc=0x0000000002bb8c7c method=net.minecraft.client.renderer.texture.NativeImage.checkImage()V @ 6
Event: 105.816 Thread 0x00000000190a8800 Uncommon trap: reason=unstable_if action=reinterpret pc=0x0000000003683ef4 method=org.apache.logging.log4j.message.ReusableParameterizedMessage.initThrowable([Ljava/lang/Object;II)V @ 2

Internal exceptions (10 events):
Event: 106.809 Thread 0x00000000190a8800 Exception <a 'sun/nio/fs/WindowsException'> (0x00000000e4d43b40) thrown at [C:\re\workspace\8-2-build-windows-amd64-cygwin\jdk8u51\3951\hotspot\src\share\vm\prims\jni.cpp, line 709]
Event: 106.809 Thread 0x00000000190a8800 Exception <a 'sun/nio/fs/WindowsException'> (0x00000000e4d44140) thrown at [C:\re\workspace\8-2-build-windows-amd64-cygwin\jdk8u51\3951\hotspot\src\share\vm\prims\jni.cpp, line 709]
Event: 106.810 Thread 0x00000000190a8800 Exception <a 'sun/nio/fs/WindowsException'> (0x00000000e4d44ef8) thrown at [C:\re\workspace\8-2-build-windows-amd64-cygwin\jdk8u51\3951\hotspot\src\share\vm\prims\jni.cpp, line 709]
Event: 106.810 Thread 0x00000000190a8800 Exception <a 'sun/nio/fs/WindowsException'> (0x00000000e4d454a8) thrown at [C:\re\workspace\8-2-build-windows-amd64-cygwin\jdk8u51\3951\hotspot\src\share\vm\prims\jni.cpp, line 709]
Event: 106.829 Thread 0x00000000190ad800 Exception <a 'sun/nio/fs/WindowsException'> (0x00000000e41eaac8) thrown at [C:\re\workspace\8-2-build-windows-amd64-cygwin\jdk8u51\3951\hotspot\src\share\vm\prims\jni.cpp, line 709]
Event: 106.829 Thread 0x00000000190ad800 Exception <a 'sun/nio/fs/WindowsException'> (0x00000000e41eaf18) thrown at [C:\re\workspace\8-2-build-windows-amd64-cygwin\jdk8u51\3951\hotspot\src\share\vm\prims\jni.cpp, line 709]
Event: 106.830 Thread 0x00000000190ad800 Exception <a 'sun/nio/fs/WindowsException'> (0x00000000e41eb820) thrown at [C:\re\workspace\8-2-build-windows-amd64-cygwin\jdk8u51\3951\hotspot\src\share\vm\prims\jni.cpp, line 709]
Event: 106.830 Thread 0x00000000190ad800 Exception <a 'sun/nio/fs/WindowsException'> (0x00000000e41ebe10) thrown at [C:\re\workspace\8-2-build-windows-amd64-cygwin\jdk8u51\3951\hotspot\src\share\vm\prims\jni.cpp, line 709]
Event: 106.830 Thread 0x00000000190ad800 Exception <a 'sun/nio/fs/WindowsException'> (0x00000000e41ecb98) thrown at [C:\re\workspace\8-2-build-windows-amd64-cygwin\jdk8u51\3951\hotspot\src\share\vm\prims\jni.cpp, line 709]
Event: 106.830 Thread 0x00000000190ad800 Exception <a 'sun/nio/fs/WindowsException'> (0x00000000e41ed118) thrown at [C:\re\workspace\8-2-build-windows-amd64-cygwin\jdk8u51\3951\hotspot\src\share\vm\prims\jni.cpp, line 709]

Events (10 events):
Event: 105.335 Thread 0x00000000190a8800 DEOPT UNPACKING pc=0x000000000275787f sp=0x0000000039e1ed08 mode 0
Event: 105.398 Thread 0x00000000190a8800 DEOPT PACKING pc=0x0000000003448d23 sp=0x0000000039e1ef90
Event: 105.398 Thread 0x00000000190a8800 DEOPT UNPACKING pc=0x000000000275787f sp=0x0000000039e1ed38 mode 0
Event: 105.488 Thread 0x00000000190a8800 DEOPT PACKING pc=0x0000000003448cc3 sp=0x0000000039e1ef90
Event: 105.488 Thread 0x00000000190a8800 DEOPT UNPACKING pc=0x000000000275787f sp=0x0000000039e1ed38 mode 0
Event: 105.816 Thread 0x00000000190a8800 Uncommon trap: trap_request=0xffffff65 fr.pc=0x0000000003683ef4
Event: 105.816 Thread 0x00000000190a8800 DEOPT PACKING pc=0x0000000003683ef4 sp=0x0000000039e1f010
Event: 105.816 Thread 0x00000000190a8800 DEOPT UNPACKING pc=0x000000000275582a sp=0x0000000039e1ee18 mode 2
Event: 106.331 Executing VM operation: ParallelGCFailedAllocation
Event: 106.352 Executing VM operation: ParallelGCFailedAllocation done


Dynamic libraries:
0x00007ff6256f0000 - 0x00007ff625727000 	C:\Program Files (x86)\Minecraft\runtime\jre-x64\bin\java.exe
0x00007ffa21ef0000 - 0x00007ffa220e6000 	C:\WINDOWS\SYSTEM32\ntdll.dll
0x00007ffa21a80000 - 0x00007ffa21b3d000 	C:\WINDOWS\System32\KERNEL32.DLL
0x00007ffa1f6e0000 - 0x00007ffa1f9a8000 	C:\WINDOWS\System32\KERNELBASE.dll
0x00007ffa21c00000 - 0x00007ffa21caa000 	C:\WINDOWS\System32\ADVAPI32.dll
0x00007ffa20620000 - 0x00007ffa206be000 	C:\WINDOWS\System32\msvcrt.dll
0x00007ffa21950000 - 0x00007ffa219eb000 	C:\WINDOWS\System32\sechost.dll
0x00007ffa204f0000 - 0x00007ffa20614000 	C:\WINDOWS\System32\RPCRT4.dll
0x00007ffa217b0000 - 0x00007ffa21950000 	C:\WINDOWS\System32\USER32.dll
0x00007ffa1fb50000 - 0x00007ffa1fb72000 	C:\WINDOWS\System32\win32u.dll
0x00007ffa21b40000 - 0x00007ffa21b6a000 	C:\WINDOWS\System32\GDI32.dll
0x00007ffa1f9b0000 - 0x00007ffa1fab9000 	C:\WINDOWS\System32\gdi32full.dll
0x00007ffa1f640000 - 0x00007ffa1f6dd000 	C:\WINDOWS\System32\msvcp_win.dll
0x00007ffa1fc30000 - 0x00007ffa1fd30000 	C:\WINDOWS\System32\ucrtbase.dll
0x00007ffa045d0000 - 0x00007ffa0486b000 	C:\WINDOWS\WinSxS\amd64_microsoft.windows.common-controls_6595b64144ccf1df_6.0.19041.488_none_ca04af081b815d21\COMCTL32.dll
0x00007ffa21b70000 - 0x00007ffa21ba0000 	C:\WINDOWS\System32\IMM32.DLL
0x0000000050f50000 - 0x0000000051022000 	C:\Program Files (x86)\Minecraft\runtime\jre-x64\bin\msvcr100.dll
0x00000000506c0000 - 0x0000000050f43000 	C:\Program Files (x86)\Minecraft\runtime\jre-x64\bin\server\jvm.dll
0x00007ffa20bd0000 - 0x00007ffa20bd8000 	C:\WINDOWS\System32\PSAPI.DLL
0x00007ffa18440000 - 0x00007ffa18467000 	C:\WINDOWS\SYSTEM32\WINMM.dll
0x00007ffa17fe0000 - 0x00007ffa17fea000 	C:\WINDOWS\SYSTEM32\VERSION.dll
0x00007ff9fba30000 - 0x00007ff9fba39000 	C:\WINDOWS\SYSTEM32\WSOCK32.dll
0x00007ffa219f0000 - 0x00007ffa21a5b000 	C:\WINDOWS\System32\WS2_32.dll
0x00000000506b0000 - 0x00000000506bf000 	C:\Program Files (x86)\Minecraft\runtime\jre-x64\bin\verify.dll
0x0000000050680000 - 0x00000000506a9000 	C:\Program Files (x86)\Minecraft\runtime\jre-x64\bin\java.dll
0x0000000050650000 - 0x0000000050673000 	C:\Program Files (x86)\Minecraft\runtime\jre-x64\bin\instrument.dll
0x0000000050630000 - 0x0000000050646000 	C:\Program Files (x86)\Minecraft\runtime\jre-x64\bin\zip.dll
0x00007ffa20c40000 - 0x00007ffa21380000 	C:\WINDOWS\System32\SHELL32.dll
0x00007ffa1d650000 - 0x00007ffa1dde4000 	C:\WINDOWS\SYSTEM32\windows.storage.dll
0x00007ffa20870000 - 0x00007ffa20bc5000 	C:\WINDOWS\System32\combase.dll
0x00007ffa1efe0000 - 0x00007ffa1f00c000 	C:\WINDOWS\SYSTEM32\Wldp.dll
0x00007ffa21430000 - 0x00007ffa214de000 	C:\WINDOWS\System32\SHCORE.dll
0x00007ffa20be0000 - 0x00007ffa20c35000 	C:\WINDOWS\System32\shlwapi.dll
0x00007ffa1f570000 - 0x00007ffa1f596000 	C:\WINDOWS\SYSTEM32\profapi.dll
0x00007ff9ee0e0000 - 0x00007ff9ee0fa000 	C:\Users\ervin_1nmnhvl\AppData\Local\JetBrains\Toolbox\apps\IDEA-U\ch-0\202.6397.94\bin\breakgen64.dll
0x0000000050610000 - 0x000000005062a000 	C:\Program Files (x86)\Minecraft\runtime\jre-x64\bin\net.dll
0x00007ffa1edd0000 - 0x00007ffa1ee3a000 	C:\WINDOWS\system32\mswsock.dll
0x0000000050600000 - 0x000000005060d000 	C:\Program Files (x86)\Minecraft\runtime\jre-x64\bin\management.dll
0x00007ffa17970000 - 0x00007ffa17987000 	C:\WINDOWS\system32\napinsp.dll
0x00007ffa17990000 - 0x00007ffa179ab000 	C:\WINDOWS\system32\pnrpnsp.dll
0x00007ffa1a3c0000 - 0x00007ffa1a3d5000 	C:\WINDOWS\system32\wshbth.dll
0x00007ffa1af60000 - 0x00007ffa1af7d000 	C:\WINDOWS\system32\NLAapi.dll
0x00007ffa1ea90000 - 0x00007ffa1eacb000 	C:\WINDOWS\SYSTEM32\IPHLPAPI.DLL
0x00007ffa1eae0000 - 0x00007ffa1ebab000 	C:\WINDOWS\SYSTEM32\DNSAPI.dll
0x00007ffa21d10000 - 0x00007ffa21d19000 	C:\WINDOWS\System32\NSI.dll
0x00007ffa19710000 - 0x00007ffa19722000 	C:\WINDOWS\System32\winrnr.dll
0x00007ffa0f640000 - 0x00007ffa0f64a000 	C:\Windows\System32\rasadhlp.dll
0x00007ffa12ce0000 - 0x00007ffa12d5f000 	C:\WINDOWS\System32\fwpuclnt.dll
0x00007ffa1fb20000 - 0x00007ffa1fb47000 	C:\WINDOWS\System32\bcrypt.dll
0x00000000505e0000 - 0x00000000505f1000 	C:\Program Files (x86)\Minecraft\runtime\jre-x64\bin\nio.dll
0x00000000505b0000 - 0x00000000505d4000 	C:\Program Files (x86)\Minecraft\runtime\jre-x64\bin\sunec.dll
0x00007ffa1f170000 - 0x00007ffa1f188000 	C:\WINDOWS\SYSTEM32\CRYPTSP.dll
0x00007ffa1e610000 - 0x00007ffa1e644000 	C:\WINDOWS\system32\rsaenh.dll
0x00007ffa1f530000 - 0x00007ffa1f55e000 	C:\WINDOWS\SYSTEM32\USERENV.dll
0x00007ffa1fd80000 - 0x00007ffa1fdff000 	C:\WINDOWS\System32\bcryptprimitives.dll
0x00007ffa1ef50000 - 0x00007ffa1ef5c000 	C:\WINDOWS\SYSTEM32\CRYPTBASE.dll
0x00007ffa15c50000 - 0x00007ffa15c67000 	C:\WINDOWS\SYSTEM32\dhcpcsvc6.DLL
0x00007ffa15c30000 - 0x00007ffa15c4d000 	C:\WINDOWS\SYSTEM32\dhcpcsvc.DLL
0x00007ff9ed530000 - 0x00007ff9ed5a2000 	C:\Users\ervin_1nmnhvl\AppData\Local\Temp\lwjglervin_1nmnhvl\3.2.2-build-10\lwjgl.dll
0x00007ff9bfaa0000 - 0x00007ff9bfcf1000 	C:\Users\ERVIN_~1\AppData\Local\Temp\lwjglervin_1nmnhvl\3.2.2-build-10\jemalloc.dll
0x00007ff9e4680000 - 0x00007ff9e46de000 	C:\Users\ERVIN_~1\AppData\Local\Temp\lwjglervin_1nmnhvl\3.2.2-build-10\glfw.dll
0x00007ffa1ce00000 - 0x00007ffa1ce9f000 	C:\WINDOWS\system32\uxtheme.dll
0x00007ff9e3410000 - 0x00007ff9e3455000 	C:\WINDOWS\SYSTEM32\dinput8.dll
0x00007ff9edf40000 - 0x00007ff9edf51000 	C:\WINDOWS\SYSTEM32\xinput1_4.dll
0x00007ffa1fd30000 - 0x00007ffa1fd7e000 	C:\WINDOWS\System32\cfgmgr32.dll
0x00007ffa1f3f0000 - 0x00007ffa1f41c000 	C:\WINDOWS\SYSTEM32\DEVOBJ.dll
0x00007ffa1d070000 - 0x00007ffa1d09f000 	C:\WINDOWS\SYSTEM32\dwmapi.dll
0x00007ffa0f290000 - 0x00007ffa0f3e2000 	C:\WINDOWS\SYSTEM32\inputhost.dll
0x00007ffa207a0000 - 0x00007ffa2086d000 	C:\WINDOWS\System32\OLEAUT32.dll
0x00007ffa1caa0000 - 0x00007ffa1cb92000 	C:\WINDOWS\SYSTEM32\CoreMessaging.dll
0x00007ffa1ae20000 - 0x00007ffa1af17000 	C:\WINDOWS\SYSTEM32\PROPSYS.dll
0x00007ffa1c070000 - 0x00007ffa1c1c6000 	C:\WINDOWS\SYSTEM32\wintypes.dll
0x00007ffa1c740000 - 0x00007ffa1ca9e000 	C:\WINDOWS\SYSTEM32\CoreUIComponents.dll
0x00007ffa1e240000 - 0x00007ffa1e273000 	C:\WINDOWS\SYSTEM32\ntmarta.dll
0x00007ffa1d630000 - 0x00007ffa1d642000 	C:\WINDOWS\SYSTEM32\kernel.appcore.dll
0x00007ffa203d0000 - 0x00007ffa204e5000 	C:\WINDOWS\System32\MSCTF.dll
0x00007ffa1ddf0000 - 0x00007ffa1ddfd000 	C:\WINDOWS\SYSTEM32\HID.DLL
0x00007ffa1ff60000 - 0x00007ffa203c7000 	C:\WINDOWS\System32\SETUPAPI.DLL
0x00007ffa1fac0000 - 0x00007ffa1fb20000 	C:\WINDOWS\System32\WINTRUST.dll
0x00007ffa1fe00000 - 0x00007ffa1ff5d000 	C:\WINDOWS\System32\CRYPT32.dll
0x00007ffa1f3d0000 - 0x00007ffa1f3e2000 	C:\WINDOWS\SYSTEM32\MSASN1.dll
0x00007ff9fc9f0000 - 0x00007ff9fcb15000 	C:\WINDOWS\SYSTEM32\opengl32.dll
0x00007ffa0f660000 - 0x00007ffa0f68c000 	C:\WINDOWS\SYSTEM32\GLU32.dll
0x00007ffa21380000 - 0x00007ffa21429000 	C:\WINDOWS\System32\clbcatq.dll
0x00007ff9b7fa0000 - 0x00007ff9b8c24000 	C:\WINDOWS\SYSTEM32\ig4icd64.dll
0x00007ffa1de50000 - 0x00007ffa1df43000 	C:\WINDOWS\SYSTEM32\dxgi.dll
0x00007ffa1b840000 - 0x00007ffa1baa4000 	C:\WINDOWS\SYSTEM32\d3d11.dll
0x00007ffa13bb0000 - 0x00007ffa14800000 	C:\WINDOWS\SYSTEM32\igd10umd64.dll
0x00007ffa14820000 - 0x00007ffa1485b000 	C:\WINDOWS\SYSTEM32\dxcore.dll
0x00007ff9cf840000 - 0x00007ff9cf8bf000 	C:\Users\ervin_1nmnhvl\AppData\Local\Temp\lwjglervin_1nmnhvl\3.2.2-build-10\lwjgl_stb.dll
0x00007ffa19c70000 - 0x00007ffa19d1e000 	C:\WINDOWS\SYSTEM32\mscms.dll
0x00007ffa19820000 - 0x00007ffa19831000 	C:\WINDOWS\SYSTEM32\ColorAdapterClient.dll
0x00007ff9e2710000 - 0x00007ff9e2753000 	C:\WINDOWS\SYSTEM32\icm32.dll
0x00007ffa0f190000 - 0x00007ffa0f28c000 	C:\WINDOWS\SYSTEM32\textinputframework.dll
0x00007ff9d2a50000 - 0x00007ff9d2aa8000 	C:\Users\ervin_1nmnhvl\AppData\Local\Temp\lwjglervin_1nmnhvl\3.2.2-build-10\lwjgl_opengl.dll
0x00007ff9fd100000 - 0x00007ff9fd142000 	C:\Users\ervin_1nmnhvl\AppData\Local\Temp\jna-2118671535\jna7125716977844715630.dll
0x00007ff9fd0e0000 - 0x00007ff9fd0fa000 	C:\save\modding\ervin_mod_1\build\natives\SAPIWrapper_x64.dll
0x00007ffa21d80000 - 0x00007ffa21eaa000 	C:\WINDOWS\System32\ole32.dll
0x00007ff9e0bd0000 - 0x00007ff9e0d54000 	C:\WINDOWS\System32\Speech\Common\sapi.dll
0x00007ff9ee2e0000 - 0x00007ff9ee2fe000 	C:\WINDOWS\SYSTEM32\MSACM32.dll
0x00007ffa1aa70000 - 0x00007ffa1aa7b000 	C:\WINDOWS\SYSTEM32\msdmo.dll
0x00007ff9f96b0000 - 0x00007ff9f96d6000 	C:\WINDOWS\SYSTEM32\winmmbase.dll
0x00007ffa10fe0000 - 0x00007ffa11065000 	C:\WINDOWS\System32\MMDevApi.dll

VM Arguments:
jvm_args: -Dforge.logging.console.level=debug -Dforge.logging.markers=SCAN,REGISTRIES,REGISTRYDUMP -XX:HeapDumpPath=MojangTricksIntelDriversForPerformance_javaw.exe_minecraft.exe.heapdump -Dos.name=Windows 10 -Dos.version=10.0 -javaagent:C:\Users\ervin_1nmnhvl\AppData\Local\JetBrains\Toolbox\apps\IDEA-U\ch-0\202.6397.94\lib\idea_rt.jar=53061:C:\Users\ervin_1nmnhvl\AppData\Local\JetBrains\Toolbox\apps\IDEA-U\ch-0\202.6397.94\bin -Dfile.encoding=windows-1250 
java_command: net.minecraftforge.userdev.LaunchTesting
java_class_path (initial): C:\Program Files (x86)\Minecraft\runtime\jre-x64\lib\charsets.jar;C:\Program Files (x86)\Minecraft\runtime\jre-x64\lib\deploy.jar;C:\Program Files (x86)\Minecraft\runtime\jre-x64\lib\ext\access-bridge-64.jar;C:\Program Files (x86)\Minecraft\runtime\jre-x64\lib\ext\cldrdata.jar;C:\Program Files (x86)\Minecraft\runtime\jre-x64\lib\ext\dnsns.jar;C:\Program Files (x86)\Minecraft\runtime\jre-x64\lib\ext\jaccess.jar;C:\Program Files (x86)\Minecraft\runtime\jre-x64\lib\ext\jfxrt.jar;C:\Program Files (x86)\Minecraft\runtime\jre-x64\lib\ext\localedata.jar;C:\Program Files (x86)\Minecraft\runtime\jre-x64\lib\ext\nashorn.jar;C:\Program Files (x86)\Minecraft\runtime\jre-x64\lib\ext\sunec.jar;C:\Program Files (x86)\Minecraft\runtime\jre-x64\lib\ext\sunjce_provider.jar;C:\Program Files (x86)\Minecraft\runtime\jre-x64\lib\ext\sunmscapi.jar;C:\Program Files (x86)\Minecraft\runtime\jre-x64\lib\ext\sunpkcs11.jar;C:\Program Files (x86)\Minecraft\runtime\jre-x64\lib\ext\zipfs.jar;C:\Program Files (x86)\Minecraft\runtime\jre-x64\lib\javaws.jar;C:\Program Files (x86)\Minecraft\runtime\jre-x64\lib\jce.jar;C:\Program Files (x86)\Minecraft\runtime\jre-x64\lib\jfr.jar;C:\Program Files (x86)\Minecraft\runtime\jre-x64\lib\jfxswt.jar;C:\Program Files (x86)\Minecraft\runtime\jre-x64\lib\jsse.jar;C:\Program Files (x86)\Minecraft\runtime\jre-x64\lib\management-agent.jar;C:\Program Files (x86)\Minecraft\runtime\jre-x64\lib\plugin.jar;C:\Program Files (x86)\Minecraft\runtime\jre-x64\lib\resources.jar;C:\Program Files (x86)\Minecraft\runtime\jre-x64\lib\rt.jar;C:\save\modding\ervin_mod_1\build\classes\java\main;C:\save\modding\ervin_mod_1\build\resources\main;C:\Users\ervin_1nmnhvl\.gradle\caches\forge_gradle\minecraft_user_repo\net\minecraftforge\forge\1.16.1-32.0.75_mapped_snapshot_20200723-1.16.1\forge-1.16.1-32.0.75_mapped_snapshot_20200723-1.16.1-recomp.jar;C:\Users\ervin_1nmnhvl\.gradle\caches\forge_gradle\minecraft_user_repo\net\minecraftforge\forge\1.16.1-32.0.75_
Launcher Type: SUN_STANDARD

Environment Variables:
JAVA_HOME=C:\Program Files\Java\jdk-11.0.4
PATH=C:\Program Files\Docker\Docker\Resources\bin;C:\ProgramData\Oracle\Java\javapath;C:\WINDOWS\system32;C:\WINDOWS;C:\WINDOWS\System32\Wbem;C:\WINDOWS\System32\WindowsPowerShell\v1.0\;C:\Program Files (x86)\cloudControl;C:\Program Files\Git\cmd;C:\bin;C:\Program Files (x86)\Windows Kits\8.1\Windows Performance Toolkit\;C:\Program Files (x86)\PuTTY\;C:\Program Files (x86)\Nodist\bin;G:\save\sdk\android\tools;G:\save\sdk\android\platform-tools;C:\boxfuse;C:\Program Files (x86)\Skype\Phone\;C:\Program Files (x86)\GtkSharp\2.12\bin;C:\Program Files (x86)\IVI Foundation\VISA\WinNT\Bin;C:\WINDOWS\system32;C:\WINDOWS;C:\WINDOWS\System32\Wbem;C:\WINDOWS\System32\WindowsPowerShell\v1.0\;;C:\WINDOWS\System32\OpenSSH\;C:\Users\ervin_1nmnhvl\AppData\Local\Microsoft\WindowsApps;
USERNAME=ervin_1nmnhvl
OS=Windows_NT
PROCESSOR_IDENTIFIER=Intel64 Family 6 Model 42 Stepping 7, GenuineIntel



---------------  S Y S T E M  ---------------

OS: Windows 10.0 , 64 bit Build 19041 (10.0.19041.546)

CPU:total 4 (2 cores per cpu, 2 threads per core) family 6 model 42 stepping 7, cmov, cx8, fxsr, mmx, sse, sse2, sse3, ssse3, sse4.1, sse4.2, popcnt, avx, aes, clmul, ht, tsc, tscinvbit

Memory: 4k page, physical 8266764k(301304k free), swap 10363916k(4k free)

vm_info: Java HotSpot(TM) 64-Bit Server VM (25.51-b03) for windows-amd64 JRE (1.8.0_51-b16), built on Jun  8 2015 18:03:07 by "java_re" with MS VC++ 10.0 (VS2010)

time: Sat Nov 07 15:17:58 2020
elapsed time: 106 seconds (0d 0h 1m 46s)

