#
# There is insufficient memory for the Java Runtime Environment to continue.
# Native memory allocation (malloc) failed to allocate 1859456 bytes for Chunk::new
# Possible reasons:
#   The system is out of physical RAM or swap space
#   In 32 bit mode, the process size limit was hit
# Possible solutions:
#   Reduce memory load on the system
#   Increase physical memory or swap space
#   Check if swap backing store is full
#   Use 64 bit Java on a 64 bit OS
#   Decrease Java heap size (-Xmx/-Xms)
#   Decrease number of Java threads
#   Decrease Java thread stack sizes (-Xss)
#   Set larger code cache with -XX:ReservedCodeCacheSize=
# This output file may be truncated or incomplete.
#
#  Out of Memory Error (allocation.cpp:390), pid=10408, tid=14052
#
# JRE version: Java(TM) SE Runtime Environment (8.0_51-b16) (build 1.8.0_51-b16)
# Java VM: Java HotSpot(TM) 64-Bit Server VM (25.51-b03 mixed mode windows-amd64 compressed oops)
# Failed to write core dump. Minidumps are not enabled by default on client versions of Windows
#

---------------  T H R E A D  ---------------

Current thread (0x00000000194be800):  JavaThread "C2 CompilerThread0" daemon [_thread_in_native, id=14052, stack(0x0000000019600000,0x0000000019700000)]

Stack: [0x0000000019600000,0x0000000019700000]
Native frames: (J=compiled Java code, j=interpreted, Vv=VM code, C=native code)
V  [jvm.dll+0x32b4ca]
V  [jvm.dll+0x2797e3]
V  [jvm.dll+0x27a479]
V  [jvm.dll+0x271765]
V  [jvm.dll+0xcba02]
V  [jvm.dll+0xcbecc]
V  [jvm.dll+0x476f72]
V  [jvm.dll+0x4b95ff]
V  [jvm.dll+0x46c011]
V  [jvm.dll+0x46cd4e]
V  [jvm.dll+0x4501a2]
V  [jvm.dll+0xa43a2]
V  [jvm.dll+0xa4cdf]
V  [jvm.dll+0x2418a4]
V  [jvm.dll+0x29846a]
C  [msvcr100.dll+0x21d9f]
C  [msvcr100.dll+0x21e3b]
C  [KERNEL32.DLL+0x16fd4]
C  [ntdll.dll+0x4cec1]


Current CompileTask:
C2: 871788 27225       4       net.minecraft.world.server.ServerWorld$$Lambda$4579/1452775247::accept (12 bytes)


---------------  P R O C E S S  ---------------

Java Threads: ( => current thread )
  0x000000001cd9d000 JavaThread "Server-Worker-88" daemon [_thread_blocked, id=4896, stack(0x0000000020500000,0x0000000020600000)]
  0x000000001cd9a800 JavaThread "Server-Worker-87" daemon [_thread_blocked, id=5044, stack(0x0000000020400000,0x0000000020500000)]
  0x000000001cd96000 JavaThread "Server-Worker-86" daemon [_thread_blocked, id=4192, stack(0x0000000027bb0000,0x0000000027cb0000)]
  0x000000001a376000 JavaThread "Sound engine" daemon [_thread_blocked, id=8052, stack(0x0000000001030000,0x0000000001130000)]
  0x000000001a37d000 JavaThread "Netty Server IO #1" daemon [_thread_in_native, id=12516, stack(0x0000000030ec0000,0x0000000030fc0000)]
  0x000000001a37c000 JavaThread "Netty Local Client IO #0" daemon [_thread_blocked, id=14668, stack(0x00000000307a0000,0x00000000308a0000)]
  0x000000001a37a800 JavaThread "Netty Server IO #0" daemon [_thread_in_native, id=8288, stack(0x0000000040e50000,0x0000000040f50000)]
  0x000000001a377800 JavaThread "ObjectCleanerThread" daemon [_thread_blocked, id=8344, stack(0x0000000031eb0000,0x0000000031fb0000)]
  0x000000001a37a000 JavaThread "Java2D Disposer" daemon [_thread_blocked, id=15004, stack(0x0000000041050000,0x0000000041150000)]
  0x000000001a378800 JavaThread "poi IO worker" [_thread_blocked, id=16284, stack(0x000000002f560000,0x000000002f660000)]
  0x000000002315e000 JavaThread "chunk IO worker" [_thread_blocked, id=4152, stack(0x000000002f330000,0x000000002f430000)]
  0x000000002315b800 JavaThread "Thread-11" daemon [_thread_in_native, id=6928, stack(0x000000002e6f0000,0x000000002e7f0000)]
  0x000000002315a800 JavaThread "Server thread" [_thread_in_Java, id=1772, stack(0x000000002dc80000,0x000000002dd80000)]
  0x0000000023159000 JavaThread "Snooper Timer" daemon [_thread_blocked, id=5736, stack(0x00000000299b0000,0x0000000029ab0000)]
  0x0000000023157800 JavaThread "Narrator" [_thread_blocked, id=1576, stack(0x0000000027f50000,0x0000000028050000)]
  0x000000002315a000 JavaThread "Timer hack thread" daemon [_thread_blocked, id=13588, stack(0x0000000025440000,0x0000000025540000)]
  0x0000000020f96000 JavaThread "Snooper Timer" daemon [_thread_blocked, id=12236, stack(0x0000000022240000,0x0000000022340000)]
  0x00000000211d8000 JavaThread "pool-2-thread-1" daemon [_thread_blocked, id=11992, stack(0x0000000020c90000,0x0000000020d90000)]
  0x0000000019f24800 JavaThread "Thread-2" daemon [_thread_in_native, id=2140, stack(0x000000001c010000,0x000000001c110000)]
  0x0000000019cbb800 JavaThread "Thread-1" daemon [_thread_blocked, id=11468, stack(0x000000001bf10000,0x000000001c010000)]
  0x0000000019857800 JavaThread "Service Thread" daemon [_thread_blocked, id=12976, stack(0x000000001a100000,0x000000001a200000)]
  0x0000000019823000 JavaThread "C1 CompilerThread2" daemon [_thread_blocked, id=13316, stack(0x000000001a000000,0x000000001a100000)]
  0x00000000194c1000 JavaThread "C2 CompilerThread1" daemon [_thread_in_native, id=6784, stack(0x0000000019700000,0x0000000019800000)]
=>0x00000000194be800 JavaThread "C2 CompilerThread0" daemon [_thread_in_native, id=14052, stack(0x0000000019600000,0x0000000019700000)]
  0x0000000019358000 JavaThread "Monitor Ctrl-Break" daemon [_thread_in_native, id=16192, stack(0x0000000019500000,0x0000000019600000)]
  0x0000000017ba5800 JavaThread "Attach Listener" daemon [_thread_blocked, id=15620, stack(0x0000000019000000,0x0000000019100000)]
  0x0000000017ba4800 JavaThread "Signal Dispatcher" daemon [_thread_blocked, id=6412, stack(0x0000000018f00000,0x0000000019000000)]
  0x0000000002f69800 JavaThread "Finalizer" daemon [_thread_blocked, id=13492, stack(0x0000000018e00000,0x0000000018f00000)]
  0x0000000002f66000 JavaThread "Reference Handler" daemon [_thread_blocked, id=11584, stack(0x0000000018d00000,0x0000000018e00000)]
  0x0000000002e72800 JavaThread "Render thread" [_thread_in_Java, id=6764, stack(0x0000000002d70000,0x0000000002e70000)]

Other Threads:
  0x0000000017b69000 VMThread [stack: 0x0000000018c00000,0x0000000018d00000] [id=11752]
  0x000000001988a800 WatcherThread [stack: 0x000000001a200000,0x000000001a300000] [id=12372]

VM state:not at safepoint (normal execution)

VM Mutex/Monitor currently owned by a thread: None

Heap:
 PSYoungGen      total 663040K, used 287286K [0x00000000d5f00000, 0x00000000fff80000, 0x0000000100000000)
  eden space 639488K, 43% used [0x00000000d5f00000,0x00000000e707e020,0x00000000fcf80000)
  from space 23552K, 30% used [0x00000000fcf80000,0x00000000fd68fb00,0x00000000fe680000)
  to   space 22528K, 0% used [0x00000000fe980000,0x00000000fe980000,0x00000000fff80000)
 ParOldGen       total 561664K, used 558670K [0x0000000081c00000, 0x00000000a4080000, 0x00000000d5f00000)
  object space 561664K, 99% used [0x0000000081c00000,0x00000000a3d93930,0x00000000a4080000)
 Metaspace       used 94719K, capacity 106268K, committed 106496K, reserved 1138688K
  class space    used 13935K, capacity 16788K, committed 16896K, reserved 1048576K

Card table byte_map: [0x0000000012430000,0x0000000012830000] byte_map_base: 0x0000000012022000

Marking Bits: (ParMarkBitMap*) 0x00000000694d4040
 Begin Bits: [0x0000000012ee0000, 0x0000000014e70000)
 End Bits:   [0x0000000014e70000, 0x0000000016e00000)

Polling page: 0x0000000002b50000

CodeCache: size=245760Kb used=61107Kb max_used=61107Kb free=184652Kb
 bounds [0x0000000003070000, 0x0000000006ca0000, 0x0000000012070000]
 total_blobs=18888 nmethods=17206 adapters=1586
 compilation: enabled

Compilation events (10 events):
Event: 870.687 Thread 0x0000000019823000 27223       3       net.minecraft.fluid.FlowingFluid::func_211760_a (45 bytes)
Event: 870.688 Thread 0x0000000019823000 nmethod 27223 0x00000000051c3250 code [0x00000000051c3400, 0x00000000051c3a48]
Event: 870.789 Thread 0x0000000019823000 27224       3       net.minecraft.fluid.FlowingFluid::doesSideHaveHoles (172 bytes)
Event: 870.792 Thread 0x0000000019823000 nmethod 27224 0x0000000006a5cc90 code [0x0000000006a5cf40, 0x0000000006a5e5a8]
Event: 870.859 Thread 0x00000000194be800 27225       4       net.minecraft.world.server.ServerWorld$$Lambda$4579/1452775247::accept (12 bytes)
Event: 870.860 Thread 0x00000000194c1000 27226       4       net.minecraft.fluid.IFluidState::tick (13 bytes)
Event: 871.059 Thread 0x0000000019823000 27228       3       net.minecraft.fluid.FlowingFluid::calculateCorrectFlowingState (283 bytes)
Event: 871.064 Thread 0x0000000019823000 nmethod 27228 0x00000000067b7990 code [0x00000000067b7ea0, 0x00000000067bb4a8]
Event: 871.423 Thread 0x0000000019823000 27229       3       net.minecraft.fluid.FlowingFluid::func_211759_a (52 bytes)
Event: 871.424 Thread 0x0000000019823000 nmethod 27229 0x00000000067b6dd0 code [0x00000000067b6fa0, 0x00000000067b7668]

GC Heap History (10 events):
Event: 861.138 GC heap before
{Heap before GC invocations=305 (full 8):
 PSYoungGen      total 657920K, used 639667K [0x00000000d5f00000, 0x00000000ffd80000, 0x0000000100000000)
  eden space 632320K, 100% used [0x00000000d5f00000,0x00000000fc880000,0x00000000fc880000)
  from space 25600K, 28% used [0x00000000fe480000,0x00000000febacfa8,0x00000000ffd80000)
  to   space 27136K, 0% used [0x00000000fc880000,0x00000000fc880000,0x00000000fe300000)
 ParOldGen       total 561664K, used 557101K [0x0000000081c00000, 0x00000000a4080000, 0x00000000d5f00000)
  object space 561664K, 99% used [0x0000000081c00000,0x00000000a3c0b730,0x00000000a4080000)
 Metaspace       used 94663K, capacity 106170K, committed 106496K, reserved 1138688K
  class space    used 13932K, capacity 16783K, committed 16896K, reserved 1048576K
Event: 861.149 GC heap after
Heap after GC invocations=305 (full 8):
 PSYoungGen      total 659456K, used 8072K [0x00000000d5f00000, 0x00000000fff80000, 0x0000000100000000)
  eden space 632320K, 0% used [0x00000000d5f00000,0x00000000d5f00000,0x00000000fc880000)
  from space 27136K, 29% used [0x00000000fc880000,0x00000000fd0620f8,0x00000000fe300000)
  to   space 26112K, 0% used [0x00000000fe600000,0x00000000fe600000,0x00000000fff80000)
 ParOldGen       total 561664K, used 557149K [0x0000000081c00000, 0x00000000a4080000, 0x00000000d5f00000)
  object space 561664K, 99% used [0x0000000081c00000,0x00000000a3c17730,0x00000000a4080000)
 Metaspace       used 94663K, capacity 106170K, committed 106496K, reserved 1138688K
  class space    used 13932K, capacity 16783K, committed 16896K, reserved 1048576K
}
Event: 864.163 GC heap before
{Heap before GC invocations=306 (full 8):
 PSYoungGen      total 659456K, used 640392K [0x00000000d5f00000, 0x00000000fff80000, 0x0000000100000000)
  eden space 632320K, 100% used [0x00000000d5f00000,0x00000000fc880000,0x00000000fc880000)
  from space 27136K, 29% used [0x00000000fc880000,0x00000000fd0620f8,0x00000000fe300000)
  to   space 26112K, 0% used [0x00000000fe600000,0x00000000fe600000,0x00000000fff80000)
 ParOldGen       total 561664K, used 557151K [0x0000000081c00000, 0x00000000a4080000, 0x00000000d5f00000)
  object space 561664K, 99% used [0x0000000081c00000,0x00000000a3c17ff0,0x00000000a4080000)
 Metaspace       used 94663K, capacity 106170K, committed 106496K, reserved 1138688K
  class space    used 13932K, capacity 16783K, committed 16896K, reserved 1048576K
Event: 864.179 GC heap after
Heap after GC invocations=306 (full 8):
 PSYoungGen      total 659456K, used 7761K [0x00000000d5f00000, 0x00000000ffd00000, 0x0000000100000000)
  eden space 635904K, 0% used [0x00000000d5f00000,0x00000000d5f00000,0x00000000fcc00000)
  from space 23552K, 32% used [0x00000000fe600000,0x00000000fed94770,0x00000000ffd00000)
  to   space 25088K, 0% used [0x00000000fcc00000,0x00000000fcc00000,0x00000000fe480000)
 ParOldGen       total 561664K, used 557319K [0x0000000081c00000, 0x00000000a4080000, 0x00000000d5f00000)
  object space 561664K, 99% used [0x0000000081c00000,0x00000000a3c41d10,0x00000000a4080000)
 Metaspace       used 94663K, capacity 106170K, committed 106496K, reserved 1138688K
  class space    used 13932K, capacity 16783K, committed 16896K, reserved 1048576K
}
Event: 866.982 GC heap before
{Heap before GC invocations=307 (full 8):
 PSYoungGen      total 659456K, used 643665K [0x00000000d5f00000, 0x00000000ffd00000, 0x0000000100000000)
  eden space 635904K, 100% used [0x00000000d5f00000,0x00000000fcc00000,0x00000000fcc00000)
  from space 23552K, 32% used [0x00000000fe600000,0x00000000fed94770,0x00000000ffd00000)
  to   space 25088K, 0% used [0x00000000fcc00000,0x00000000fcc00000,0x00000000fe480000)
 ParOldGen       total 561664K, used 557319K [0x0000000081c00000, 0x00000000a4080000, 0x00000000d5f00000)
  object space 561664K, 99% used [0x0000000081c00000,0x00000000a3c41d10,0x00000000a4080000)
 Metaspace       used 94666K, capacity 106178K, committed 106496K, reserved 1138688K
  class space    used 13932K, capacity 16783K, committed 16896K, reserved 1048576K
Event: 866.993 GC heap after
Heap after GC invocations=307 (full 8):
 PSYoungGen      total 660992K, used 7197K [0x00000000d5f00000, 0x0000000100000000, 0x0000000100000000)
  eden space 635904K, 0% used [0x00000000d5f00000,0x00000000d5f00000,0x00000000fcc00000)
  from space 25088K, 28% used [0x00000000fcc00000,0x00000000fd307508,0x00000000fe480000)
  to   space 24576K, 0% used [0x00000000fe800000,0x00000000fe800000,0x0000000100000000)
 ParOldGen       total 561664K, used 558390K [0x0000000081c00000, 0x00000000a4080000, 0x00000000d5f00000)
  object space 561664K, 99% used [0x0000000081c00000,0x00000000a3d4d930,0x00000000a4080000)
 Metaspace       used 94666K, capacity 106178K, committed 106496K, reserved 1138688K
  class space    used 13932K, capacity 16783K, committed 16896K, reserved 1048576K
}
Event: 869.051 GC heap before
{Heap before GC invocations=308 (full 8):
 PSYoungGen      total 660992K, used 643101K [0x00000000d5f00000, 0x0000000100000000, 0x0000000100000000)
  eden space 635904K, 100% used [0x00000000d5f00000,0x00000000fcc00000,0x00000000fcc00000)
  from space 25088K, 28% used [0x00000000fcc00000,0x00000000fd307508,0x00000000fe480000)
  to   space 24576K, 0% used [0x00000000fe800000,0x00000000fe800000,0x0000000100000000)
 ParOldGen       total 561664K, used 558390K [0x0000000081c00000, 0x00000000a4080000, 0x00000000d5f00000)
  object space 561664K, 99% used [0x0000000081c00000,0x00000000a3d4d930,0x00000000a4080000)
 Metaspace       used 94714K, capacity 106268K, committed 106496K, reserved 1138688K
  class space    used 13935K, capacity 16788K, committed 16896K, reserved 1048576K
Event: 869.061 GC heap after
Heap after GC invocations=308 (full 8):
 PSYoungGen      total 661504K, used 7181K [0x00000000d5f00000, 0x00000000ffd80000, 0x0000000100000000)
  eden space 639488K, 0% used [0x00000000d5f00000,0x00000000d5f00000,0x00000000fcf80000)
  from space 22016K, 32% used [0x00000000fe800000,0x00000000fef034f0,0x00000000ffd80000)
  to   space 23552K, 0% used [0x00000000fcf80000,0x00000000fcf80000,0x00000000fe680000)
 ParOldGen       total 561664K, used 558534K [0x0000000081c00000, 0x00000000a4080000, 0x00000000d5f00000)
  object space 561664K, 99% used [0x0000000081c00000,0x00000000a3d71930,0x00000000a4080000)
 Metaspace       used 94714K, capacity 106268K, committed 106496K, reserved 1138688K
  class space    used 13935K, capacity 16788K, committed 16896K, reserved 1048576K
}
Event: 870.839 GC heap before
{Heap before GC invocations=309 (full 8):
 PSYoungGen      total 661504K, used 646669K [0x00000000d5f00000, 0x00000000ffd80000, 0x0000000100000000)
  eden space 639488K, 100% used [0x00000000d5f00000,0x00000000fcf80000,0x00000000fcf80000)
  from space 22016K, 32% used [0x00000000fe800000,0x00000000fef034f0,0x00000000ffd80000)
  to   space 23552K, 0% used [0x00000000fcf80000,0x00000000fcf80000,0x00000000fe680000)
 ParOldGen       total 561664K, used 558534K [0x0000000081c00000, 0x00000000a4080000, 0x00000000d5f00000)
  object space 561664K, 99% used [0x0000000081c00000,0x00000000a3d71930,0x00000000a4080000)
 Metaspace       used 94719K, capacity 106268K, committed 106496K, reserved 1138688K
  class space    used 13935K, capacity 16788K, committed 16896K, reserved 1048576K
Event: 870.849 GC heap after
Heap after GC invocations=309 (full 8):
 PSYoungGen      total 663040K, used 7230K [0x00000000d5f00000, 0x00000000fff80000, 0x0000000100000000)
  eden space 639488K, 0% used [0x00000000d5f00000,0x00000000d5f00000,0x00000000fcf80000)
  from space 23552K, 30% used [0x00000000fcf80000,0x00000000fd68fb00,0x00000000fe680000)
  to   space 22528K, 0% used [0x00000000fe980000,0x00000000fe980000,0x00000000fff80000)
 ParOldGen       total 561664K, used 558670K [0x0000000081c00000, 0x00000000a4080000, 0x00000000d5f00000)
  object space 561664K, 99% used [0x0000000081c00000,0x00000000a3d93930,0x00000000a4080000)
 Metaspace       used 94719K, capacity 106268K, committed 106496K, reserved 1138688K
  class space    used 13935K, capacity 16788K, committed 16896K, reserved 1048576K
}

Deoptimization events (10 events):
Event: 868.820 Thread 0x000000001cd9a800 Uncommon trap: reason=unstable_if action=reinterpret pc=0x00000000053805e4 method=java.util.concurrent.CompletableFuture.orApply(Ljava/util/concurrent/CompletableFuture;Ljava/util/concurrent/CompletableFuture;Ljava/util/function/Function;Ljava/util/concurr
Event: 869.691 Thread 0x000000002315a800 Uncommon trap: reason=class_check action=maybe_recompile pc=0x0000000004467708 method=net.minecraft.fluid.FlowingFluid.getStillFluidState(Z)Lnet/minecraft/fluid/IFluidState; @ 1
Event: 869.730 Thread 0x000000002315a800 Uncommon trap: reason=class_check action=maybe_recompile pc=0x0000000004467708 method=net.minecraft.fluid.FlowingFluid.getStillFluidState(Z)Lnet/minecraft/fluid/IFluidState; @ 1
Event: 869.730 Thread 0x000000002315a800 Uncommon trap: reason=class_check action=maybe_recompile pc=0x0000000004467708 method=net.minecraft.fluid.FlowingFluid.getStillFluidState(Z)Lnet/minecraft/fluid/IFluidState; @ 1
Event: 869.731 Thread 0x000000002315a800 Uncommon trap: reason=class_check action=maybe_recompile pc=0x0000000004467708 method=net.minecraft.fluid.FlowingFluid.getStillFluidState(Z)Lnet/minecraft/fluid/IFluidState; @ 1
Event: 869.772 Thread 0x000000002315a800 Uncommon trap: reason=unstable_if action=reinterpret pc=0x0000000006960594 method=net.minecraft.world.server.ServerWorld.tickBlock(Lnet/minecraft/world/NextTickListEntry;)V @ 17
Event: 870.686 Thread 0x000000002315a800 Uncommon trap: reason=unstable_if action=reinterpret pc=0x0000000005132148 method=net.minecraft.fluid.FlowingFluid.doesSideHaveHoles(Lnet/minecraft/util/Direction;Lnet/minecraft/world/IBlockReader;Lnet/minecraft/util/math/BlockPos;Lnet/minecraft/block/Bloc∫Œ–âN6ã@
Event: 870.788 Thread 0x000000002315a800 Uncommon trap: reason=unstable_if action=reinterpret pc=0x0000000005d1ad78 method=net.minecraft.fluid.FlowingFluid.doesSideHaveHoles(Lnet/minecraft/util/Direction;Lnet/minecraft/world/IBlockReader;Lnet/minecraft/util/math/BlockPos;Lnet/minecraft/block/BlocÆ⁄ê⁄Ô7ã@
Event: 870.992 Thread 0x000000002315a800 Uncommon trap: reason=unstable_if action=reinterpret pc=0x00000000059ca9fc method=net.minecraft.fluid.FlowingFluid.doesSideHaveHoles(Lnet/minecraft/util/Direction;Lnet/minecraft/world/IBlockReader;Lnet/minecraft/util/math/BlockPos;Lnet/minecraft/block/BlocB≥Îﬁ:ã@
Event: 871.263 Thread 0x000000002315a800 Uncommon trap: reason=unstable_if action=reinterpret pc=0x0000000005959000 method=net.minecraft.fluid.FlowingFluid.doesSideHaveHoles(Lnet/minecraft/util/Direction;Lnet/minecraft/world/IBlockReader;Lnet/minecraft/util/math/BlockPos;Lnet/minecraft/block/Bloc≤•¢ê&ã@

Internal exceptions (10 events):
Event: 854.360 Thread 0x000000001cd9d000 Exception <a 'sun/nio/fs/WindowsException'> (0x00000000f01aceb8) thrown at [C:\re\workspace\8-2-build-windows-amd64-cygwin\jdk8u51\3951\hotspot\src\share\vm\prims\jni.cpp, line 709]
Event: 854.360 Thread 0x000000001cd9d000 Exception <a 'sun/nio/fs/WindowsException'> (0x00000000f01ad368) thrown at [C:\re\workspace\8-2-build-windows-amd64-cygwin\jdk8u51\3951\hotspot\src\share\vm\prims\jni.cpp, line 709]
Event: 854.361 Thread 0x000000001cd9d000 Exception <a 'sun/nio/fs/WindowsException'> (0x00000000f01b8f48) thrown at [C:\re\workspace\8-2-build-windows-amd64-cygwin\jdk8u51\3951\hotspot\src\share\vm\prims\jni.cpp, line 709]
Event: 854.362 Thread 0x000000001cd9d000 Exception <a 'sun/nio/fs/WindowsException'> (0x00000000f01b9348) thrown at [C:\re\workspace\8-2-build-windows-amd64-cygwin\jdk8u51\3951\hotspot\src\share\vm\prims\jni.cpp, line 709]
Event: 854.362 Thread 0x000000001cd9d000 Exception <a 'sun/nio/fs/WindowsException'> (0x00000000f01b9c20) thrown at [C:\re\workspace\8-2-build-windows-amd64-cygwin\jdk8u51\3951\hotspot\src\share\vm\prims\jni.cpp, line 709]
Event: 854.362 Thread 0x000000001cd9d000 Exception <a 'sun/nio/fs/WindowsException'> (0x00000000f01ba1c0) thrown at [C:\re\workspace\8-2-build-windows-amd64-cygwin\jdk8u51\3951\hotspot\src\share\vm\prims\jni.cpp, line 709]
Event: 854.362 Thread 0x000000001cd9d000 Exception <a 'sun/nio/fs/WindowsException'> (0x00000000f01baec8) thrown at [C:\re\workspace\8-2-build-windows-amd64-cygwin\jdk8u51\3951\hotspot\src\share\vm\prims\jni.cpp, line 709]
Event: 854.362 Thread 0x000000001cd9d000 Exception <a 'sun/nio/fs/WindowsException'> (0x00000000f01bb3b8) thrown at [C:\re\workspace\8-2-build-windows-amd64-cygwin\jdk8u51\3951\hotspot\src\share\vm\prims\jni.cpp, line 709]
Event: 854.399 Thread 0x000000001cd9d000 Implicit null exception at 0x00000000051ca324 to 0x00000000051ca6d1
Event: 868.820 Thread 0x000000001cd9a800 Implicit null exception at 0x000000000537d127 to 0x000000000538058d

Events (10 events):
Event: 870.788 Thread 0x000000002315a800 DEOPT PACKING pc=0x0000000005d1ad78 sp=0x000000002dd7e200
Event: 870.788 Thread 0x000000002315a800 DEOPT UNPACKING pc=0x00000000030b582a sp=0x000000002dd7e180 mode 2
Event: 870.839 Executing VM operation: ParallelGCFailedAllocation
Event: 870.849 Executing VM operation: ParallelGCFailedAllocation done
Event: 870.992 Thread 0x000000002315a800 Uncommon trap: trap_request=0xffffff65 fr.pc=0x00000000059ca9fc
Event: 870.992 Thread 0x000000002315a800 DEOPT PACKING pc=0x00000000059ca9fc sp=0x000000002dd7e530
Event: 870.992 Thread 0x000000002315a800 DEOPT UNPACKING pc=0x00000000030b582a sp=0x000000002dd7e458 mode 2
Event: 871.263 Thread 0x000000002315a800 Uncommon trap: trap_request=0xffffff65 fr.pc=0x0000000005959000
Event: 871.263 Thread 0x000000002315a800 DEOPT PACKING pc=0x0000000005959000 sp=0x000000002dd7e430
Event: 871.263 Thread 0x000000002315a800 DEOPT UNPACKING pc=0x00000000030b582a sp=0x000000002dd7e348 mode 2


Dynamic libraries:
0x00007ff700230000 - 0x00007ff700267000 	C:\Program Files (x86)\Minecraft\runtime\jre-x64\bin\java.exe
0x00007ff91e210000 - 0x00007ff91e405000 	C:\WINDOWS\SYSTEM32\ntdll.dll
0x00007ff91c640000 - 0x00007ff91c6fd000 	C:\WINDOWS\System32\KERNEL32.DLL
0x00007ff91bac0000 - 0x00007ff91bd87000 	C:\WINDOWS\System32\KERNELBASE.dll
0x00007ff91cf60000 - 0x00007ff91d00a000 	C:\WINDOWS\System32\ADVAPI32.dll
0x00007ff91d430000 - 0x00007ff91d4ce000 	C:\WINDOWS\System32\msvcrt.dll
0x00007ff91d4d0000 - 0x00007ff91d56b000 	C:\WINDOWS\System32\sechost.dll
0x00007ff91d070000 - 0x00007ff91d193000 	C:\WINDOWS\System32\RPCRT4.dll
0x00007ff91d7d0000 - 0x00007ff91d970000 	C:\WINDOWS\System32\USER32.dll
0x00007ff91bf80000 - 0x00007ff91bfa2000 	C:\WINDOWS\System32\win32u.dll
0x00007ff91c610000 - 0x00007ff91c63a000 	C:\WINDOWS\System32\GDI32.dll
0x00007ff91bfe0000 - 0x00007ff91c0ea000 	C:\WINDOWS\System32\gdi32full.dll
0x00007ff91bd90000 - 0x00007ff91be2d000 	C:\WINDOWS\System32\msvcp_win.dll
0x00007ff91be80000 - 0x00007ff91bf80000 	C:\WINDOWS\System32\ucrtbase.dll
0x00007ff905270000 - 0x00007ff90550a000 	C:\WINDOWS\WinSxS\amd64_microsoft.windows.common-controls_6595b64144ccf1df_6.0.19041.1_none_b555e41d4684ddec\COMCTL32.dll
0x00007ff91c280000 - 0x00007ff91c2b0000 	C:\WINDOWS\System32\IMM32.DLL
0x0000000069560000 - 0x0000000069632000 	C:\Program Files (x86)\Minecraft\runtime\jre-x64\bin\msvcr100.dll
0x0000000068cd0000 - 0x0000000069553000 	C:\Program Files (x86)\Minecraft\runtime\jre-x64\bin\server\jvm.dll
0x00007ff91d3c0000 - 0x00007ff91d3c8000 	C:\WINDOWS\System32\PSAPI.DLL
0x00007ff914430000 - 0x00007ff914457000 	C:\WINDOWS\SYSTEM32\WINMM.dll
0x00007ff9143c0000 - 0x00007ff9143ca000 	C:\WINDOWS\SYSTEM32\VERSION.dll
0x00007ff8f6790000 - 0x00007ff8f6799000 	C:\WINDOWS\SYSTEM32\WSOCK32.dll
0x00007ff91d350000 - 0x00007ff91d3bb000 	C:\WINDOWS\System32\WS2_32.dll
0x0000000068cc0000 - 0x0000000068ccf000 	C:\Program Files (x86)\Minecraft\runtime\jre-x64\bin\verify.dll
0x0000000068c90000 - 0x0000000068cb9000 	C:\Program Files (x86)\Minecraft\runtime\jre-x64\bin\java.dll
0x0000000068c60000 - 0x0000000068c83000 	C:\Program Files (x86)\Minecraft\runtime\jre-x64\bin\instrument.dll
0x0000000068c40000 - 0x0000000068c56000 	C:\Program Files (x86)\Minecraft\runtime\jre-x64\bin\zip.dll
0x00007ff91c7b0000 - 0x00007ff91cef0000 	C:\WINDOWS\System32\SHELL32.dll
0x00007ff9199a0000 - 0x00007ff91a131000 	C:\WINDOWS\SYSTEM32\windows.storage.dll
0x00007ff91c2b0000 - 0x00007ff91c603000 	C:\WINDOWS\System32\combase.dll
0x00007ff91b240000 - 0x00007ff91b26c000 	C:\WINDOWS\SYSTEM32\Wldp.dll
0x00007ff91dff0000 - 0x00007ff91e09e000 	C:\WINDOWS\System32\SHCORE.dll
0x00007ff91d3d0000 - 0x00007ff91d425000 	C:\WINDOWS\System32\shlwapi.dll
0x00007ff91b8a0000 - 0x00007ff91b8bf000 	C:\WINDOWS\SYSTEM32\profapi.dll
0x00007ff8fb7b0000 - 0x00007ff8fb7ca000 	C:\Users\ervin_1nmnhvl\AppData\Local\JetBrains\Toolbox\apps\IDEA-U\ch-0\202.6397.94\bin\breakgen64.dll
0x0000000068c20000 - 0x0000000068c3a000 	C:\Program Files (x86)\Minecraft\runtime\jre-x64\bin\net.dll
0x00007ff91b030000 - 0x00007ff91b09a000 	C:\WINDOWS\system32\mswsock.dll
0x0000000068c10000 - 0x0000000068c1d000 	C:\Program Files (x86)\Minecraft\runtime\jre-x64\bin\management.dll
0x00007ff8e7cc0000 - 0x00007ff8e7cd7000 	C:\WINDOWS\system32\napinsp.dll
0x00007ff8e7ce0000 - 0x00007ff8e7cfb000 	C:\WINDOWS\system32\pnrpnsp.dll
0x00007ff916450000 - 0x00007ff916465000 	C:\WINDOWS\system32\wshbth.dll
0x00007ff9171f0000 - 0x00007ff91720d000 	C:\WINDOWS\system32\NLAapi.dll
0x00007ff91ad40000 - 0x00007ff91ad7b000 	C:\WINDOWS\SYSTEM32\IPHLPAPI.DLL
0x00007ff91ad80000 - 0x00007ff91ae4a000 	C:\WINDOWS\SYSTEM32\DNSAPI.dll
0x00007ff91c700000 - 0x00007ff91c709000 	C:\WINDOWS\System32\NSI.dll
0x00007ff8e7e50000 - 0x00007ff8e7e62000 	C:\WINDOWS\System32\winrnr.dll
0x00007ff90c400000 - 0x00007ff90c40a000 	C:\Windows\System32\rasadhlp.dll
0x00007ff90eee0000 - 0x00007ff90ef5f000 	C:\WINDOWS\System32\fwpuclnt.dll
0x00007ff91bfb0000 - 0x00007ff91bfd7000 	C:\WINDOWS\System32\bcrypt.dll
0x00007ff911a70000 - 0x00007ff911a87000 	C:\WINDOWS\SYSTEM32\dhcpcsvc6.DLL
0x00007ff911990000 - 0x00007ff9119ad000 	C:\WINDOWS\SYSTEM32\dhcpcsvc.DLL
0x00007ff91b570000 - 0x00007ff91b588000 	C:\WINDOWS\SYSTEM32\CRYPTSP.dll
0x00007ff91a8e0000 - 0x00007ff91a914000 	C:\WINDOWS\system32\rsaenh.dll
0x00007ff91b860000 - 0x00007ff91b88e000 	C:\WINDOWS\SYSTEM32\USERENV.dll
0x00007ff91c200000 - 0x00007ff91c27f000 	C:\WINDOWS\System32\bcryptprimitives.dll
0x00007ff91b1b0000 - 0x00007ff91b1bc000 	C:\WINDOWS\SYSTEM32\CRYPTBASE.dll
0x0000000068bf0000 - 0x0000000068c01000 	C:\Program Files (x86)\Minecraft\runtime\jre-x64\bin\nio.dll
0x0000000068bc0000 - 0x0000000068be4000 	C:\Program Files (x86)\Minecraft\runtime\jre-x64\bin\sunec.dll
0x00007ff8e0b90000 - 0x00007ff8e0c02000 	C:\Users\ervin_1nmnhvl\AppData\Local\Temp\lwjglervin_1nmnhvl\3.2.2-build-10\lwjgl.dll
0x00007ff8d2f60000 - 0x00007ff8d31b1000 	C:\Users\ERVIN_~1\AppData\Local\Temp\lwjglervin_1nmnhvl\3.2.2-build-10\jemalloc.dll
0x00007ff8e1970000 - 0x00007ff8e19ce000 	C:\Users\ERVIN_~1\AppData\Local\Temp\lwjglervin_1nmnhvl\3.2.2-build-10\glfw.dll
0x00007ff9191d0000 - 0x00007ff91926f000 	C:\WINDOWS\system32\uxtheme.dll
0x00007ff8e08a0000 - 0x00007ff8e08e5000 	C:\WINDOWS\SYSTEM32\dinput8.dll
0x00007ff8fb790000 - 0x00007ff8fb7a1000 	C:\WINDOWS\SYSTEM32\xinput1_4.dll
0x00007ff91be30000 - 0x00007ff91be7d000 	C:\WINDOWS\System32\cfgmgr32.dll
0x00007ff91b650000 - 0x00007ff91b67c000 	C:\WINDOWS\SYSTEM32\DEVOBJ.dll
0x00007ff9193b0000 - 0x00007ff9193df000 	C:\WINDOWS\SYSTEM32\dwmapi.dll
0x00007ff91d570000 - 0x00007ff91d685000 	C:\WINDOWS\System32\MSCTF.dll
0x00007ff91da20000 - 0x00007ff91daed000 	C:\WINDOWS\System32\OLEAUT32.dll
0x00007ff90af60000 - 0x00007ff90b0b2000 	C:\WINDOWS\SYSTEM32\inputhost.dll
0x00007ff916fc0000 - 0x00007ff9170b5000 	C:\WINDOWS\SYSTEM32\PROPSYS.dll
0x00007ff9182e0000 - 0x00007ff918436000 	C:\WINDOWS\SYSTEM32\wintypes.dll
0x00007ff9189b0000 - 0x00007ff918d0a000 	C:\WINDOWS\SYSTEM32\CoreUIComponents.dll
0x00007ff91a590000 - 0x00007ff91a5c3000 	C:\WINDOWS\SYSTEM32\ntmarta.dll
0x00007ff919980000 - 0x00007ff919993000 	C:\WINDOWS\SYSTEM32\kernel.appcore.dll
0x00007ff918d10000 - 0x00007ff918e02000 	C:\WINDOWS\SYSTEM32\CoreMessaging.dll
0x00007ff91a140000 - 0x00007ff91a14d000 	C:\WINDOWS\SYSTEM32\HID.DLL
0x00007ff91db80000 - 0x00007ff91dfe7000 	C:\WINDOWS\System32\SETUPAPI.DLL
0x00007ff91c1a0000 - 0x00007ff91c200000 	C:\WINDOWS\System32\WINTRUST.dll
0x00007ff91b960000 - 0x00007ff91babd000 	C:\WINDOWS\System32\CRYPT32.dll
0x00007ff91b610000 - 0x00007ff91b622000 	C:\WINDOWS\SYSTEM32\MSASN1.dll
0x00007ff8dd8d0000 - 0x00007ff8dda2c000 	C:\WINDOWS\SYSTEM32\opengl32.dll
0x00007ff900d70000 - 0x00007ff900d9c000 	C:\WINDOWS\SYSTEM32\GLU32.dll
0x00007ff8d0b30000 - 0x00007ff8d17b4000 	C:\WINDOWS\SYSTEM32\ig4icd64.dll
0x00007ff91a1a0000 - 0x00007ff91a293000 	C:\WINDOWS\SYSTEM32\dxgi.dll
0x00007ff917ae0000 - 0x00007ff917d43000 	C:\WINDOWS\SYSTEM32\d3d11.dll
0x00007ff911500000 - 0x00007ff91153b000 	C:\WINDOWS\SYSTEM32\dxcore.dll
0x00007ff90b0c0000 - 0x00007ff90b1bc000 	C:\WINDOWS\SYSTEM32\textinputframework.dll
0x00007ff8e01f0000 - 0x00007ff8e0248000 	C:\Users\ervin_1nmnhvl\AppData\Local\Temp\lwjglervin_1nmnhvl\3.2.2-build-10\lwjgl_opengl.dll
0x00007ff8e0170000 - 0x00007ff8e01ef000 	C:\Users\ervin_1nmnhvl\AppData\Local\Temp\lwjglervin_1nmnhvl\3.2.2-build-10\lwjgl_stb.dll
0x00007ff91e0a0000 - 0x00007ff91e1c9000 	C:\WINDOWS\System32\ole32.dll
0x00007ff90fa50000 - 0x00007ff9106a0000 	C:\WINDOWS\SYSTEM32\igd10umd64.dll
0x00007ff916200000 - 0x00007ff9162ae000 	C:\WINDOWS\SYSTEM32\mscms.dll
0x00007ff916120000 - 0x00007ff916131000 	C:\WINDOWS\SYSTEM32\ColorAdapterClient.dll
0x00007ff8e1a10000 - 0x00007ff8e1a53000 	C:\WINDOWS\SYSTEM32\icm32.dll
0x00007ff8e0b40000 - 0x00007ff8e0b82000 	C:\Users\ervin_1nmnhvl\AppData\Local\Temp\jna-2118671535\jna1334139341934792995.dll
0x00007ff90ba80000 - 0x00007ff90ba9a000 	C:\save\modding\ervin_mod_1\build\natives\SAPIWrapper_x64.dll
0x00007ff91d970000 - 0x00007ff91da18000 	C:\WINDOWS\System32\clbcatq.dll
0x00007ff8d67e0000 - 0x00007ff8d6964000 	C:\WINDOWS\System32\Speech\Common\sapi.dll
0x00007ff8ecf20000 - 0x00007ff8ecf3e000 	C:\WINDOWS\SYSTEM32\MSACM32.dll
0x00007ff9174d0000 - 0x00007ff9174db000 	C:\WINDOWS\SYSTEM32\msdmo.dll
0x00007ff8e5d70000 - 0x00007ff8e5d96000 	C:\WINDOWS\SYSTEM32\winmmbase.dll
0x00007ff90c410000 - 0x00007ff90c495000 	C:\WINDOWS\System32\MMDevApi.dll
0x00007ff8e0960000 - 0x00007ff8e0a74000 	C:\Users\ERVIN_~1\AppData\Local\Temp\lwjglervin_1nmnhvl\3.2.2-build-10\OpenAL.dll
0x00007ff901270000 - 0x00007ff9013f0000 	C:\WINDOWS\SYSTEM32\AUDIOSES.DLL
0x00007ff91b7d0000 - 0x00007ff91b81b000 	C:\WINDOWS\SYSTEM32\powrprof.dll
0x00007ff91b7b0000 - 0x00007ff91b7c2000 	C:\WINDOWS\SYSTEM32\UMPDC.dll
0x00007ff9192c0000 - 0x00007ff9192d4000 	C:\WINDOWS\SYSTEM32\resourcepolicyclient.dll
0x0000000068a20000 - 0x0000000068bb8000 	C:\Program Files (x86)\Minecraft\runtime\jre-x64\bin\awt.dll
0x00007ff919020000 - 0x00007ff9190b0000 	C:\WINDOWS\SYSTEM32\apphelp.dll
0x00007ff912470000 - 0x00007ff912654000 	C:\WINDOWS\SYSTEM32\dbghelp.dll

VM Arguments:
jvm_args: -Dforge.logging.console.level=debug -Dforge.logging.markers=SCAN,REGISTRIES,REGISTRYDUMP -XX:HeapDumpPath=MojangTricksIntelDriversForPerformance_javaw.exe_minecraft.exe.heapdump -Dos.name=Windows 10 -Dos.version=10.0 -javaagent:C:\Users\ervin_1nmnhvl\AppData\Local\JetBrains\Toolbox\apps\IDEA-U\ch-0\202.6397.94\lib\idea_rt.jar=51661:C:\Users\ervin_1nmnhvl\AppData\Local\JetBrains\Toolbox\apps\IDEA-U\ch-0\202.6397.94\bin -Dfile.encoding=UTF-8 
java_command: net.minecraftforge.userdev.LaunchTesting
java_class_path (initial): C:\Program Files (x86)\Minecraft\runtime\jre-x64\lib\charsets.jar;C:\Program Files (x86)\Minecraft\runtime\jre-x64\lib\deploy.jar;C:\Program Files (x86)\Minecraft\runtime\jre-x64\lib\ext\access-bridge-64.jar;C:\Program Files (x86)\Minecraft\runtime\jre-x64\lib\ext\cldrdata.jar;C:\Program Files (x86)\Minecraft\runtime\jre-x64\lib\ext\dnsns.jar;C:\Program Files (x86)\Minecraft\runtime\jre-x64\lib\ext\jaccess.jar;C:\Program Files (x86)\Minecraft\runtime\jre-x64\lib\ext\jfxrt.jar;C:\Program Files (x86)\Minecraft\runtime\jre-x64\lib\ext\localedata.jar;C:\Program Files (x86)\Minecraft\runtime\jre-x64\lib\ext\nashorn.jar;C:\Program Files (x86)\Minecraft\runtime\jre-x64\lib\ext\sunec.jar;C:\Program Files (x86)\Minecraft\runtime\jre-x64\lib\ext\sunjce_provider.jar;C:\Program Files (x86)\Minecraft\runtime\jre-x64\lib\ext\sunmscapi.jar;C:\Program Files (x86)\Minecraft\runtime\jre-x64\lib\ext\sunpkcs11.jar;C:\Program Files (x86)\Minecraft\runtime\jre-x64\lib\ext\zipfs.jar;C:\Program Files (x86)\Minecraft\runtime\jre-x64\lib\javaws.jar;C:\Program Files (x86)\Minecraft\runtime\jre-x64\lib\jce.jar;C:\Program Files (x86)\Minecraft\runtime\jre-x64\lib\jfr.jar;C:\Program Files (x86)\Minecraft\runtime\jre-x64\lib\jfxswt.jar;C:\Program Files (x86)\Minecraft\runtime\jre-x64\lib\jsse.jar;C:\Program Files (x86)\Minecraft\runtime\jre-x64\lib\management-agent.jar;C:\Program Files (x86)\Minecraft\runtime\jre-x64\lib\plugin.jar;C:\Program Files (x86)\Minecraft\runtime\jre-x64\lib\resources.jar;C:\Program Files (x86)\Minecraft\runtime\jre-x64\lib\rt.jar;C:\save\modding\ervin_mod_1\build\classes\java\main;C:\save\modding\ervin_mod_1\build\resources\main;C:\Users\ervin_1nmnhvl\.gradle\caches\forge_gradle\minecraft_user_repo\net\minecraftforge\forge\1.15.2-31.1.9_mapped_snapshot_20200427-1.15.1\forge-1.15.2-31.1.9_mapped_snapshot_20200427-1.15.1-recomp.jar;C:\Users\ervin_1nmnhvl\.gradle\caches\forge_gradle\minecraft_user_repo\net\minecraftforge\forge\1.15.2-31.1.9_map
Launcher Type: SUN_STANDARD

Environment Variables:
JAVA_HOME=C:\Program Files\Java\jdk-11.0.4
PATH=C:\Program Files\Docker\Docker\Resources\bin;C:\ProgramData\Oracle\Java\javapath;C:\WINDOWS\system32;C:\WINDOWS;C:\WINDOWS\System32\Wbem;C:\WINDOWS\System32\WindowsPowerShell\v1.0\;C:\Program Files (x86)\cloudControl;C:\Program Files\Git\cmd;C:\bin;C:\Program Files (x86)\Windows Kits\8.1\Windows Performance Toolkit\;C:\Program Files (x86)\PuTTY\;C:\Program Files (x86)\Nodist\bin;G:\save\sdk\android\tools;G:\save\sdk\android\platform-tools;C:\boxfuse;C:\Program Files (x86)\Skype\Phone\;C:\Program Files (x86)\GtkSharp\2.12\bin;C:\Program Files (x86)\IVI Foundation\VISA\WinNT\Bin;C:\WINDOWS\system32;C:\WINDOWS;C:\WINDOWS\System32\Wbem;C:\WINDOWS\System32\WindowsPowerShell\v1.0\;;C:\WINDOWS\System32\OpenSSH\;C:\Users\ervin_1nmnhvl\AppData\Local\Microsoft\WindowsApps;
USERNAME=ervin_1nmnhvl
OS=Windows_NT
PROCESSOR_IDENTIFIER=Intel64 Family 6 Model 42 Stepping 7, GenuineIntel



---------------  S Y S T E M  ---------------

OS: Windows 10.0 , 64 bit Build 19041 (10.0.19041.292)

CPU:total 4 (2 cores per cpu, 2 threads per core) family 6 model 42 stepping 7, cmov, cx8, fxsr, mmx, sse, sse2, sse3, ssse3, sse4.1, sse4.2, popcnt, avx, aes, clmul, ht, tsc, tscinvbit

Memory: 4k page, physical 8266764k(366808k free), swap 10363916k(4188k free)

vm_info: Java HotSpot(TM) 64-Bit Server VM (25.51-b03) for windows-amd64 JRE (1.8.0_51-b16), built on Jun  8 2015 18:03:07 by "java_re" with MS VC++ 10.0 (VS2010)

time: Tue Sep 08 15:20:43 2020
elapsed time: 871 seconds (0d 0h 14m 31s)

