#
# There is insufficient memory for the Java Runtime Environment to continue.
# Native memory allocation (malloc) failed to allocate 1923456 bytes for Chunk::new
# Possible reasons:
#   The system is out of physical RAM or swap space
#   In 32 bit mode, the process size limit was hit
# Possible solutions:
#   Reduce memory load on the system
#   Increase physical memory or swap space
#   Check if swap backing store is full
#   Use 64 bit Java on a 64 bit OS
#   Decrease Java heap size (-Xmx/-Xms)
#   Decrease number of Java threads
#   Decrease Java thread stack sizes (-Xss)
#   Set larger code cache with -XX:ReservedCodeCacheSize=
# This output file may be truncated or incomplete.
#
#  Out of Memory Error (allocation.cpp:390), pid=10424, tid=13720
#
# JRE version: Java(TM) SE Runtime Environment (8.0_51-b16) (build 1.8.0_51-b16)
# Java VM: Java HotSpot(TM) 64-Bit Server VM (25.51-b03 mixed mode windows-amd64 compressed oops)
# Failed to write core dump. Minidumps are not enabled by default on client versions of Windows
#

---------------  T H R E A D  ---------------

Current thread (0x0000000019738800):  JavaThread "C2 CompilerThread1" daemon [_thread_in_native, id=13720, stack(0x0000000019950000,0x0000000019a50000)]

Stack: [0x0000000019950000,0x0000000019a50000]
Native frames: (J=compiled Java code, j=interpreted, Vv=VM code, C=native code)
V  [jvm.dll+0x32b4ca]
V  [jvm.dll+0x2797e3]
V  [jvm.dll+0x27a479]
V  [jvm.dll+0x271765]
V  [jvm.dll+0xcba02]
V  [jvm.dll+0xcbecc]
V  [jvm.dll+0x476f72]
V  [jvm.dll+0x4b95ff]
V  [jvm.dll+0x46c011]
V  [jvm.dll+0x46cd4e]
V  [jvm.dll+0x4501a2]
V  [jvm.dll+0xa43a2]
V  [jvm.dll+0xa4cdf]
V  [jvm.dll+0x2418a4]
V  [jvm.dll+0x29846a]
C  [msvcr100.dll+0x21d9f]
C  [msvcr100.dll+0x21e3b]
C  [KERNEL32.DLL+0x17034]
C  [ntdll.dll+0x4cec1]


Current CompileTask:
C2:  43022 8347       4       org.objectweb.asm.tree.ClassNode::accept (625 bytes)


---------------  P R O C E S S  ---------------

Java Threads: ( => current thread )
  0x0000000024369800 JavaThread "Snooper Timer" daemon [_thread_blocked, id=13100, stack(0x0000000028c80000,0x0000000028d80000)]
  0x000000002436f800 JavaThread "Timer hack thread" daemon [_thread_blocked, id=17588, stack(0x00000000264a0000,0x00000000265a0000)]
  0x0000000027004000 JavaThread "Worker-Bootstrap-3" daemon [_thread_in_Java, id=14628, stack(0x0000000025fa0000,0x00000000260a0000)]
  0x000000002500e800 JavaThread "Worker-Bootstrap-2" daemon [_thread_in_Java, id=18160, stack(0x00000000257b0000,0x00000000258b0000)]
  0x000000002711b800 JavaThread "Worker-Bootstrap-1" daemon [_thread_in_Java, id=9812, stack(0x0000000021600000,0x0000000021700000)]
  0x000000002343f000 JavaThread "pool-3-thread-1" [_thread_blocked, id=10140, stack(0x000000001bc60000,0x000000001bd60000)]
  0x0000000019d72000 JavaThread "pool-2-thread-1" daemon [_thread_blocked, id=14656, stack(0x0000000021240000,0x0000000021340000)]
  0x000000001b4a6000 JavaThread "Thread-3" daemon [_thread_in_Java, id=18768, stack(0x0000000021130000,0x0000000021230000)]
  0x000000001b0a3000 JavaThread "Thread-2" daemon [_thread_in_native, id=12012, stack(0x000000001c260000,0x000000001c360000)]
  0x000000001b0a2000 JavaThread "Thread-1" daemon [_thread_blocked, id=14824, stack(0x000000001c160000,0x000000001c260000)]
  0x0000000019c23000 JavaThread "Service Thread" daemon [_thread_blocked, id=21532, stack(0x000000001a350000,0x000000001a450000)]
  0x000000001973c000 JavaThread "C1 CompilerThread2" daemon [_thread_blocked, id=9744, stack(0x0000000019a50000,0x0000000019b50000)]
=>0x0000000019738800 JavaThread "C2 CompilerThread1" daemon [_thread_in_native, id=13720, stack(0x0000000019950000,0x0000000019a50000)]
  0x0000000019735800 JavaThread "C2 CompilerThread0" daemon [_thread_in_native, id=1436, stack(0x0000000019850000,0x0000000019950000)]
  0x00000000196ef800 JavaThread "Monitor Ctrl-Break" daemon [_thread_in_native, id=20536, stack(0x0000000019750000,0x0000000019850000)]
  0x0000000017e08800 JavaThread "Attach Listener" daemon [_thread_blocked, id=19076, stack(0x0000000019250000,0x0000000019350000)]
  0x0000000017e07800 JavaThread "Signal Dispatcher" daemon [_thread_blocked, id=12812, stack(0x0000000019150000,0x0000000019250000)]
  0x000000000310b000 JavaThread "Finalizer" daemon [_thread_blocked, id=21340, stack(0x0000000019050000,0x0000000019150000)]
  0x0000000003107000 JavaThread "Reference Handler" daemon [_thread_blocked, id=12092, stack(0x0000000018f50000,0x0000000019050000)]
  0x0000000003012800 JavaThread "Render thread" [_thread_in_vm, id=22312, stack(0x0000000002f10000,0x0000000003010000)]

Other Threads:
  0x0000000017dc9000 VMThread [stack: 0x0000000018e50000,0x0000000018f50000] [id=10044]
  0x0000000019c3f800 WatcherThread [stack: 0x000000001a450000,0x000000001a550000] [id=18028]

VM state:not at safepoint (normal execution)

VM Mutex/Monitor currently owned by a thread: None

Heap:
 PSYoungGen      total 599552K, used 122484K [0x00000000d5f00000, 0x00000000ff800000, 0x0000000100000000)
  eden space 523264K, 18% used [0x00000000d5f00000,0x00000000dbb958e8,0x00000000f5e00000)
  from space 76288K, 36% used [0x00000000fad80000,0x00000000fc887718,0x00000000ff800000)
  to   space 78848K, 0% used [0x00000000f5e00000,0x00000000f5e00000,0x00000000fab00000)
 ParOldGen       total 429568K, used 377421K [0x0000000081c00000, 0x000000009bf80000, 0x00000000d5f00000)
  object space 429568K, 87% used [0x0000000081c00000,0x0000000098c93688,0x000000009bf80000)
 Metaspace       used 58080K, capacity 63052K, committed 63104K, reserved 1101824K
  class space    used 8621K, capacity 10097K, committed 10112K, reserved 1048576K

Card table byte_map: [0x0000000012690000,0x0000000012a90000] byte_map_base: 0x0000000012282000

Marking Bits: (ParMarkBitMap*) 0x0000000065fb4040
 Begin Bits: [0x0000000013140000, 0x00000000150d0000)
 End Bits:   [0x00000000150d0000, 0x0000000017060000)

Polling page: 0x00000000013a0000

CodeCache: size=245760Kb used=20236Kb max_used=20321Kb free=225523Kb
 bounds [0x00000000032d0000, 0x00000000046d0000, 0x00000000122d0000]
 total_blobs=7817 nmethods=6547 adapters=1181
 compilation: enabled

Compilation events (10 events):
Event: 42.394 Thread 0x000000001973c000 nmethod 8344 0x00000000046c0d10 code [0x00000000046c1120, 0x00000000046c3968]
Event: 42.498 Thread 0x0000000019738800 8345   !   4       java.util.zip.Inflater::end (50 bytes)
Event: 42.501 Thread 0x0000000019738800 nmethod 8345 0x0000000003f9af90 code [0x0000000003f9b0e0, 0x0000000003f9b428]
Event: 42.530 Thread 0x0000000019735800 8346       4       sun.net.www.ParseUtil::canonizeString (195 bytes)
Event: 42.536 Thread 0x0000000019735800 nmethod 8346 0x0000000004696d50 code [0x0000000004696ea0, 0x0000000004697198]
Event: 42.538 Thread 0x0000000019738800 8347       4       org.objectweb.asm.tree.ClassNode::accept (625 bytes)
Event: 42.589 Thread 0x0000000019735800 8348       4       sun.nio.fs.AbstractPath::toFile (12 bytes)
Event: 42.594 Thread 0x0000000019735800 nmethod 8348 0x000000000345ec10 code [0x000000000345ed80, 0x000000000345f068]
Event: 42.761 Thread 0x0000000019735800 8349       4       java.util.stream.AbstractPipeline::sourceStageSpliterator (112 bytes)
Event: 42.762 Thread 0x0000000019735800 nmethod 8349 0x00000000045cdbd0 code [0x00000000045cdd20, 0x00000000045cddf8]

GC Heap History (10 events):
Event: 40.399 GC heap after
Heap after GC invocations=54 (full 5):
 PSYoungGen      total 599552K, used 59241K [0x00000000d5f00000, 0x0000000100000000, 0x0000000100000000)
  eden space 516096K, 0% used [0x00000000d5f00000,0x00000000d5f00000,0x00000000f5700000)
  from space 83456K, 70% used [0x00000000f5700000,0x00000000f90da798,0x00000000fa880000)
  to   space 86528K, 0% used [0x00000000fab80000,0x00000000fab80000,0x0000000100000000)
 ParOldGen       total 429568K, used 363720K [0x0000000081c00000, 0x000000009bf80000, 0x00000000d5f00000)
  object space 429568K, 84% used [0x0000000081c00000,0x0000000097f32158,0x000000009bf80000)
 Metaspace       used 56847K, capacity 61792K, committed 61952K, reserved 1101824K
  class space    used 8448K, capacity 9901K, committed 9984K, reserved 1048576K
}
Event: 40.793 GC heap before
{Heap before GC invocations=55 (full 5):
 PSYoungGen      total 599552K, used 575337K [0x00000000d5f00000, 0x0000000100000000, 0x0000000100000000)
  eden space 516096K, 100% used [0x00000000d5f00000,0x00000000f5700000,0x00000000f5700000)
  from space 83456K, 70% used [0x00000000f5700000,0x00000000f90da798,0x00000000fa880000)
  to   space 86528K, 0% used [0x00000000fab80000,0x00000000fab80000,0x0000000100000000)
 ParOldGen       total 429568K, used 363720K [0x0000000081c00000, 0x000000009bf80000, 0x00000000d5f00000)
  object space 429568K, 84% used [0x0000000081c00000,0x0000000097f32158,0x000000009bf80000)
 Metaspace       used 57131K, capacity 62106K, committed 62336K, reserved 1101824K
  class space    used 8494K, capacity 9994K, committed 10112K, reserved 1048576K
Event: 40.862 GC heap after
Heap after GC invocations=55 (full 5):
 PSYoungGen      total 602624K, used 45679K [0x00000000d5f00000, 0x00000000ffd00000, 0x0000000100000000)
  eden space 519168K, 0% used [0x00000000d5f00000,0x00000000d5f00000,0x00000000f5a00000)
  from space 83456K, 54% used [0x00000000fab80000,0x00000000fd81bc90,0x00000000ffd00000)
  to   space 83456K, 0% used [0x00000000f5a00000,0x00000000f5a00000,0x00000000fab80000)
 ParOldGen       total 429568K, used 364008K [0x0000000081c00000, 0x000000009bf80000, 0x00000000d5f00000)
  object space 429568K, 84% used [0x0000000081c00000,0x0000000097f7a390,0x000000009bf80000)
 Metaspace       used 57131K, capacity 62106K, committed 62336K, reserved 1101824K
  class space    used 8494K, capacity 9994K, committed 10112K, reserved 1048576K
}
Event: 41.123 GC heap before
{Heap before GC invocations=56 (full 5):
 PSYoungGen      total 602624K, used 564847K [0x00000000d5f00000, 0x00000000ffd00000, 0x0000000100000000)
  eden space 519168K, 100% used [0x00000000d5f00000,0x00000000f5a00000,0x00000000f5a00000)
  from space 83456K, 54% used [0x00000000fab80000,0x00000000fd81bc90,0x00000000ffd00000)
  to   space 83456K, 0% used [0x00000000f5a00000,0x00000000f5a00000,0x00000000fab80000)
 ParOldGen       total 429568K, used 364130K [0x0000000081c00000, 0x000000009bf80000, 0x00000000d5f00000)
  object space 429568K, 84% used [0x0000000081c00000,0x0000000097f988a8,0x000000009bf80000)
 Metaspace       used 57303K, capacity 62310K, committed 62592K, reserved 1101824K
  class space    used 8513K, capacity 10000K, committed 10112K, reserved 1048576K
Event: 41.159 GC heap after
Heap after GC invocations=56 (full 5):
 PSYoungGen      total 602624K, used 23527K [0x00000000d5f00000, 0x00000000ffe00000, 0x0000000100000000)
  eden space 519168K, 0% used [0x00000000d5f00000,0x00000000d5f00000,0x00000000f5a00000)
  from space 83456K, 28% used [0x00000000f5a00000,0x00000000f70f9e68,0x00000000fab80000)
  to   space 82432K, 0% used [0x00000000fad80000,0x00000000fad80000,0x00000000ffe00000)
 ParOldGen       total 429568K, used 365749K [0x0000000081c00000, 0x000000009bf80000, 0x00000000d5f00000)
  object space 429568K, 85% used [0x0000000081c00000,0x000000009812d548,0x000000009bf80000)
 Metaspace       used 57303K, capacity 62310K, committed 62592K, reserved 1101824K
  class space    used 8513K, capacity 10000K, committed 10112K, reserved 1048576K
}
Event: 41.825 GC heap before
{Heap before GC invocations=57 (full 5):
 PSYoungGen      total 602624K, used 542695K [0x00000000d5f00000, 0x00000000ffe00000, 0x0000000100000000)
  eden space 519168K, 100% used [0x00000000d5f00000,0x00000000f5a00000,0x00000000f5a00000)
  from space 83456K, 28% used [0x00000000f5a00000,0x00000000f70f9e68,0x00000000fab80000)
  to   space 82432K, 0% used [0x00000000fad80000,0x00000000fad80000,0x00000000ffe00000)
 ParOldGen       total 429568K, used 365750K [0x0000000081c00000, 0x000000009bf80000, 0x00000000d5f00000)
  object space 429568K, 85% used [0x0000000081c00000,0x000000009812da00,0x000000009bf80000)
 Metaspace       used 57688K, capacity 62726K, committed 62848K, reserved 1101824K
  class space    used 8545K, capacity 10032K, committed 10112K, reserved 1048576K
Event: 41.900 GC heap after
Heap after GC invocations=57 (full 5):
 PSYoungGen      total 599552K, used 36919K [0x00000000d5f00000, 0x00000000ff800000, 0x0000000100000000)
  eden space 523264K, 0% used [0x00000000d5f00000,0x00000000d5f00000,0x00000000f5e00000)
  from space 76288K, 48% used [0x00000000fad80000,0x00000000fd18dde8,0x00000000ff800000)
  to   space 78848K, 0% used [0x00000000f5e00000,0x00000000f5e00000,0x00000000fab00000)
 ParOldGen       total 429568K, used 366238K [0x0000000081c00000, 0x000000009bf80000, 0x00000000d5f00000)
  object space 429568K, 85% used [0x0000000081c00000,0x00000000981a7a10,0x000000009bf80000)
 Metaspace       used 57688K, capacity 62726K, committed 62848K, reserved 1101824K
  class space    used 8545K, capacity 10032K, committed 10112K, reserved 1048576K
}
Event: 42.418 GC heap before
{Heap before GC invocations=58 (full 5):
 PSYoungGen      total 599552K, used 560183K [0x00000000d5f00000, 0x00000000ff800000, 0x0000000100000000)
  eden space 523264K, 100% used [0x00000000d5f00000,0x00000000f5e00000,0x00000000f5e00000)
  from space 76288K, 48% used [0x00000000fad80000,0x00000000fd18dde8,0x00000000ff800000)
  to   space 78848K, 0% used [0x00000000f5e00000,0x00000000f5e00000,0x00000000fab00000)
 ParOldGen       total 429568K, used 366238K [0x0000000081c00000, 0x000000009bf80000, 0x00000000d5f00000)
  object space 429568K, 85% used [0x0000000081c00000,0x00000000981a7a30,0x000000009bf80000)
 Metaspace       used 58003K, capacity 62988K, committed 63104K, reserved 1101824K
  class space    used 8602K, capacity 10097K, committed 10112K, reserved 1048576K
Event: 42.497 GC heap after
Heap after GC invocations=58 (full 5):
 PSYoungGen      total 602112K, used 57036K [0x00000000d5f00000, 0x00000000ff800000, 0x0000000100000000)
  eden space 523264K, 0% used [0x00000000d5f00000,0x00000000d5f00000,0x00000000f5e00000)
  from space 78848K, 72% used [0x00000000f5e00000,0x00000000f95b32f8,0x00000000fab00000)
  to   space 76288K, 0% used [0x00000000fad80000,0x00000000fad80000,0x00000000ff800000)
 ParOldGen       total 429568K, used 366398K [0x0000000081c00000, 0x000000009bf80000, 0x00000000d5f00000)
  object space 429568K, 85% used [0x0000000081c00000,0x00000000981cfa30,0x000000009bf80000)
 Metaspace       used 58003K, capacity 62988K, committed 63104K, reserved 1101824K
  class space    used 8602K, capacity 10097K, committed 10112K, reserved 1048576K
}
Event: 42.824 GC heap before
{Heap before GC invocations=59 (full 5):
 PSYoungGen      total 602112K, used 580300K [0x00000000d5f00000, 0x00000000ff800000, 0x0000000100000000)
  eden space 523264K, 100% used [0x00000000d5f00000,0x00000000f5e00000,0x00000000f5e00000)
  from space 78848K, 72% used [0x00000000f5e00000,0x00000000f95b32f8,0x00000000fab00000)
  to   space 76288K, 0% used [0x00000000fad80000,0x00000000fad80000,0x00000000ff800000)
 ParOldGen       total 429568K, used 366780K [0x0000000081c00000, 0x000000009bf80000, 0x00000000d5f00000)
  object space 429568K, 85% used [0x0000000081c00000,0x000000009822f020,0x000000009bf80000)
 Metaspace       used 58078K, capacity 63052K, committed 63104K, reserved 1101824K
  class space    used 8620K, capacity 10097K, committed 10112K, reserved 1048576K

Deoptimization events (10 events):
Event: 38.939 Thread 0x000000002343f000 Uncommon trap: reason=class_check action=maybe_recompile pc=0x0000000003fca4f4 method=com.google.common.collect.AbstractIterator.tryToComputeNext()Z @ 9
Event: 38.939 Thread 0x000000002343f000 Uncommon trap: reason=class_check action=maybe_recompile pc=0x0000000003fca4f4 method=com.google.common.collect.AbstractIterator.tryToComputeNext()Z @ 9
Event: 38.939 Thread 0x000000002343f000 Uncommon trap: reason=class_check action=maybe_recompile pc=0x0000000003fca4f4 method=com.google.common.collect.AbstractIterator.tryToComputeNext()Z @ 9
Event: 38.939 Thread 0x000000002343f000 Uncommon trap: reason=class_check action=maybe_recompile pc=0x0000000003fca4f4 method=com.google.common.collect.AbstractIterator.tryToComputeNext()Z @ 9
Event: 38.939 Thread 0x000000002343f000 Uncommon trap: reason=class_check action=maybe_recompile pc=0x0000000003fc9b24 method=com.google.common.collect.AbstractIterator.tryToComputeNext()Z @ 9
Event: 41.214 Thread 0x0000000003012800 Uncommon trap: reason=unstable_if action=reinterpret pc=0x000000000423c230 method=org.objectweb.asm.Frame.merge(Lorg/objectweb/asm/SymbolTable;I[II)Z @ 287
Event: 41.638 Thread 0x0000000003012800 Uncommon trap: reason=unstable_if action=reinterpret pc=0x0000000004699c2c method=org.objectweb.asm.Frame.getInitializedType(Lorg/objectweb/asm/SymbolTable;I)I @ 23
Event: 41.677 Thread 0x0000000003012800 Uncommon trap: reason=unstable_if action=reinterpret pc=0x0000000003be0674 method=org.objectweb.asm.Frame.merge(Lorg/objectweb/asm/SymbolTable;I[II)Z @ 287
Event: 42.140 Thread 0x0000000003012800 Uncommon trap: reason=unstable_if action=reinterpret pc=0x0000000004256368 method=java.net.URLStreamHandler.parseURL(Ljava/net/URL;Ljava/lang/String;II)V @ 84
Event: 42.156 Thread 0x0000000003012800 Uncommon trap: reason=unstable_if action=reinterpret pc=0x00000000038ac5ec method=java.net.URL.set(Ljava/lang/String;Ljava/lang/String;ILjava/lang/String;Ljava/lang/String;Ljava/lang/String;Ljava/lang/String;Ljava/lang/String;)V @ 23

Internal exceptions (10 events):
Event: 42.806 Thread 0x0000000003012800 Exception <a 'sun/nio/fs/WindowsException'> (0x00000000f4229378) thrown at [C:\re\workspace\8-2-build-windows-amd64-cygwin\jdk8u51\3951\hotspot\src\share\vm\prims\jni.cpp, line 709]
Event: 42.806 Thread 0x0000000003012800 Exception <a 'sun/nio/fs/WindowsException'> (0x00000000f4229948) thrown at [C:\re\workspace\8-2-build-windows-amd64-cygwin\jdk8u51\3951\hotspot\src\share\vm\prims\jni.cpp, line 709]
Event: 42.807 Thread 0x0000000003012800 Exception <a 'sun/nio/fs/WindowsException'> (0x00000000f422a6a0) thrown at [C:\re\workspace\8-2-build-windows-amd64-cygwin\jdk8u51\3951\hotspot\src\share\vm\prims\jni.cpp, line 709]
Event: 42.807 Thread 0x0000000003012800 Exception <a 'sun/nio/fs/WindowsException'> (0x00000000f422ad80) thrown at [C:\re\workspace\8-2-build-windows-amd64-cygwin\jdk8u51\3951\hotspot\src\share\vm\prims\jni.cpp, line 709]
Event: 42.817 Thread 0x0000000003012800 Exception <a 'sun/nio/fs/WindowsException'> (0x00000000f43f1950) thrown at [C:\re\workspace\8-2-build-windows-amd64-cygwin\jdk8u51\3951\hotspot\src\share\vm\prims\jni.cpp, line 709]
Event: 42.818 Thread 0x0000000003012800 Exception <a 'sun/nio/fs/WindowsException'> (0x00000000f43f1f30) thrown at [C:\re\workspace\8-2-build-windows-amd64-cygwin\jdk8u51\3951\hotspot\src\share\vm\prims\jni.cpp, line 709]
Event: 42.818 Thread 0x0000000003012800 Exception <a 'sun/nio/fs/WindowsException'> (0x00000000f43f2ce8) thrown at [C:\re\workspace\8-2-build-windows-amd64-cygwin\jdk8u51\3951\hotspot\src\share\vm\prims\jni.cpp, line 709]
Event: 42.818 Thread 0x0000000003012800 Exception <a 'sun/nio/fs/WindowsException'> (0x00000000f43f32c8) thrown at [C:\re\workspace\8-2-build-windows-amd64-cygwin\jdk8u51\3951\hotspot\src\share\vm\prims\jni.cpp, line 709]
Event: 42.818 Thread 0x0000000003012800 Exception <a 'sun/nio/fs/WindowsException'> (0x00000000f43f4050) thrown at [C:\re\workspace\8-2-build-windows-amd64-cygwin\jdk8u51\3951\hotspot\src\share\vm\prims\jni.cpp, line 709]
Event: 42.818 Thread 0x0000000003012800 Exception <a 'sun/nio/fs/WindowsException'> (0x00000000f43f4750) thrown at [C:\re\workspace\8-2-build-windows-amd64-cygwin\jdk8u51\3951\hotspot\src\share\vm\prims\jni.cpp, line 709]

Events (10 events):
Event: 42.594 Thread 0x0000000019735800 flushing nmethod 0x00000000035ec5d0
Event: 42.594 Thread 0x0000000019735800 flushing nmethod 0x0000000003623c10
Event: 42.594 Thread 0x0000000019735800 flushing nmethod 0x000000000363fe50
Event: 42.762 Thread 0x0000000019735800 flushing nmethod 0x0000000003650d50
Event: 42.762 Thread 0x0000000019735800 flushing nmethod 0x00000000036545d0
Event: 42.763 Thread 0x0000000019735800 flushing nmethod 0x0000000003683dd0
Event: 42.763 Thread 0x0000000019735800 flushing nmethod 0x00000000037180d0
Event: 42.820 Executing VM operation: ParallelGCFailedAllocation
Event: 42.821 Executing VM operation: ParallelGCFailedAllocation done
Event: 42.824 Executing VM operation: ParallelGCSystemGC


Dynamic libraries:
0x00007ff7c9df0000 - 0x00007ff7c9e27000 	C:\Program Files (x86)\Minecraft\runtime\jre-x64\bin\java.exe
0x00007fff75890000 - 0x00007fff75a86000 	C:\WINDOWS\SYSTEM32\ntdll.dll
0x00007fff74f50000 - 0x00007fff7500d000 	C:\WINDOWS\System32\KERNEL32.DLL
0x00007fff73320000 - 0x00007fff735e8000 	C:\WINDOWS\System32\KERNELBASE.dll
0x00007fff74940000 - 0x00007fff749ea000 	C:\WINDOWS\System32\ADVAPI32.dll
0x00007fff748a0000 - 0x00007fff7493e000 	C:\WINDOWS\System32\msvcrt.dll
0x00007fff74100000 - 0x00007fff7419b000 	C:\WINDOWS\System32\sechost.dll
0x00007fff753f0000 - 0x00007fff75514000 	C:\WINDOWS\System32\RPCRT4.dll
0x00007fff75520000 - 0x00007fff756c0000 	C:\WINDOWS\System32\USER32.dll
0x00007fff732f0000 - 0x00007fff73312000 	C:\WINDOWS\System32\win32u.dll
0x00007fff749f0000 - 0x00007fff74a1a000 	C:\WINDOWS\System32\GDI32.dll
0x00007fff73110000 - 0x00007fff73219000 	C:\WINDOWS\System32\gdi32full.dll
0x00007fff73750000 - 0x00007fff737ed000 	C:\WINDOWS\System32\msvcp_win.dll
0x00007fff72fe0000 - 0x00007fff730e0000 	C:\WINDOWS\System32\ucrtbase.dll
0x00007fff58400000 - 0x00007fff5869b000 	C:\WINDOWS\WinSxS\amd64_microsoft.windows.common-controls_6595b64144ccf1df_6.0.19041.488_none_ca04af081b815d21\COMCTL32.dll
0x00007fff73960000 - 0x00007fff73990000 	C:\WINDOWS\System32\IMM32.DLL
0x00000000663d0000 - 0x00000000664a2000 	C:\Program Files (x86)\Minecraft\runtime\jre-x64\bin\msvcr100.dll
0x00000000657b0000 - 0x0000000066033000 	C:\Program Files (x86)\Minecraft\runtime\jre-x64\bin\server\jvm.dll
0x00007fff75720000 - 0x00007fff75728000 	C:\WINDOWS\System32\PSAPI.DLL
0x00007fff6bc80000 - 0x00007fff6bca7000 	C:\WINDOWS\SYSTEM32\WINMM.dll
0x00007fff6ba30000 - 0x00007fff6ba3a000 	C:\WINDOWS\SYSTEM32\VERSION.dll
0x00007fff4f150000 - 0x00007fff4f159000 	C:\WINDOWS\SYSTEM32\WSOCK32.dll
0x00007fff74830000 - 0x00007fff7489b000 	C:\WINDOWS\System32\WS2_32.dll
0x00000000663c0000 - 0x00000000663cf000 	C:\Program Files (x86)\Minecraft\runtime\jre-x64\bin\verify.dll
0x0000000066390000 - 0x00000000663b9000 	C:\Program Files (x86)\Minecraft\runtime\jre-x64\bin\java.dll
0x0000000066360000 - 0x0000000066383000 	C:\Program Files (x86)\Minecraft\runtime\jre-x64\bin\instrument.dll
0x0000000066340000 - 0x0000000066356000 	C:\Program Files (x86)\Minecraft\runtime\jre-x64\bin\zip.dll
0x00007fff739a0000 - 0x00007fff740e0000 	C:\WINDOWS\System32\SHELL32.dll
0x00007fff70f00000 - 0x00007fff71694000 	C:\WINDOWS\SYSTEM32\windows.storage.dll
0x00007fff75010000 - 0x00007fff75365000 	C:\WINDOWS\System32\combase.dll
0x00007fff728b0000 - 0x00007fff728dc000 	C:\WINDOWS\SYSTEM32\Wldp.dll
0x00007fff74ea0000 - 0x00007fff74f4e000 	C:\WINDOWS\System32\SHCORE.dll
0x00007fff744d0000 - 0x00007fff74525000 	C:\WINDOWS\System32\shlwapi.dll
0x00007fff72f10000 - 0x00007fff72f36000 	C:\WINDOWS\SYSTEM32\profapi.dll
0x00007fff690c0000 - 0x00007fff690da000 	C:\Users\ervin_1nmnhvl\AppData\Local\JetBrains\Toolbox\apps\IDEA-U\ch-0\202.6397.94\bin\breakgen64.dll
0x0000000066320000 - 0x000000006633a000 	C:\Program Files (x86)\Minecraft\runtime\jre-x64\bin\net.dll
0x00007fff726a0000 - 0x00007fff7270a000 	C:\WINDOWS\system32\mswsock.dll
0x0000000066310000 - 0x000000006631d000 	C:\Program Files (x86)\Minecraft\runtime\jre-x64\bin\management.dll
0x00007fff66e30000 - 0x00007fff66e47000 	C:\WINDOWS\system32\napinsp.dll
0x00007fff62b80000 - 0x00007fff62b9b000 	C:\WINDOWS\system32\pnrpnsp.dll
0x00007fff6dcc0000 - 0x00007fff6dcd5000 	C:\WINDOWS\system32\wshbth.dll
0x00007fff6e560000 - 0x00007fff6e57d000 	C:\WINDOWS\system32\NLAapi.dll
0x00007fff723b0000 - 0x00007fff723eb000 	C:\WINDOWS\SYSTEM32\IPHLPAPI.DLL
0x00007fff723f0000 - 0x00007fff724bb000 	C:\WINDOWS\SYSTEM32\DNSAPI.dll
0x00007fff73990000 - 0x00007fff73999000 	C:\WINDOWS\System32\NSI.dll
0x00007fff66e50000 - 0x00007fff66e62000 	C:\WINDOWS\System32\winrnr.dll
0x00007fff63da0000 - 0x00007fff63daa000 	C:\Windows\System32\rasadhlp.dll
0x00007fff66f40000 - 0x00007fff66fbf000 	C:\WINDOWS\System32\fwpuclnt.dll
0x00007fff730e0000 - 0x00007fff73107000 	C:\WINDOWS\System32\bcrypt.dll
0x00000000662f0000 - 0x0000000066301000 	C:\Program Files (x86)\Minecraft\runtime\jre-x64\bin\nio.dll
0x00000000662c0000 - 0x00000000662e4000 	C:\Program Files (x86)\Minecraft\runtime\jre-x64\bin\sunec.dll
0x00007fff72c40000 - 0x00007fff72c58000 	C:\WINDOWS\SYSTEM32\CRYPTSP.dll
0x00007fff71f50000 - 0x00007fff71f84000 	C:\WINDOWS\system32\rsaenh.dll
0x00007fff72ed0000 - 0x00007fff72efe000 	C:\WINDOWS\SYSTEM32\USERENV.dll
0x00007fff73220000 - 0x00007fff7329f000 	C:\WINDOWS\System32\bcryptprimitives.dll
0x00007fff72820000 - 0x00007fff7282c000 	C:\WINDOWS\SYSTEM32\CRYPTBASE.dll
0x00007fff69fe0000 - 0x00007fff69ff7000 	C:\WINDOWS\SYSTEM32\dhcpcsvc6.DLL
0x00007fff69ec0000 - 0x00007fff69edd000 	C:\WINDOWS\SYSTEM32\dhcpcsvc.DLL
0x00007fff4b2b0000 - 0x00007fff4b322000 	C:\Users\ervin_1nmnhvl\AppData\Local\Temp\lwjglervin_1nmnhvl\3.2.2-build-10\lwjgl.dll
0x00007fff2a970000 - 0x00007fff2abc1000 	C:\Users\ERVIN_~1\AppData\Local\Temp\lwjglervin_1nmnhvl\3.2.2-build-10\jemalloc.dll
0x00007fff39c80000 - 0x00007fff39cde000 	C:\Users\ERVIN_~1\AppData\Local\Temp\lwjglervin_1nmnhvl\3.2.2-build-10\glfw.dll
0x00007fff70860000 - 0x00007fff708ff000 	C:\WINDOWS\system32\uxtheme.dll
0x00007fff399d0000 - 0x00007fff39a15000 	C:\WINDOWS\SYSTEM32\dinput8.dll
0x00007fff5d7b0000 - 0x00007fff5d7c1000 	C:\WINDOWS\SYSTEM32\xinput1_4.dll
0x00007fff732a0000 - 0x00007fff732ee000 	C:\WINDOWS\System32\cfgmgr32.dll
0x00007fff72d20000 - 0x00007fff72d4c000 	C:\WINDOWS\SYSTEM32\DEVOBJ.dll
0x00007fff70a30000 - 0x00007fff70a5f000 	C:\WINDOWS\SYSTEM32\dwmapi.dll
0x00007fff62f60000 - 0x00007fff630b2000 	C:\WINDOWS\SYSTEM32\inputhost.dll
0x00007fff74350000 - 0x00007fff7441d000 	C:\WINDOWS\System32\OLEAUT32.dll
0x00007fff70380000 - 0x00007fff70472000 	C:\WINDOWS\SYSTEM32\CoreMessaging.dll
0x00007fff6f950000 - 0x00007fff6faa6000 	C:\WINDOWS\SYSTEM32\wintypes.dll
0x00007fff70020000 - 0x00007fff7037e000 	C:\WINDOWS\SYSTEM32\CoreUIComponents.dll
0x00007fff71780000 - 0x00007fff71792000 	C:\WINDOWS\SYSTEM32\kernel.appcore.dll
0x00007fff6e620000 - 0x00007fff6e717000 	C:\WINDOWS\SYSTEM32\PROPSYS.dll
0x00007fff71be0000 - 0x00007fff71c13000 	C:\WINDOWS\SYSTEM32\ntmarta.dll
0x00007fff75730000 - 0x00007fff75845000 	C:\WINDOWS\System32\MSCTF.dll
0x00007fff716a0000 - 0x00007fff716ad000 	C:\WINDOWS\SYSTEM32\HID.DLL
0x00007fff74a20000 - 0x00007fff74e87000 	C:\WINDOWS\System32\SETUPAPI.DLL
0x00007fff738a0000 - 0x00007fff73900000 	C:\WINDOWS\System32\WINTRUST.dll
0x00007fff735f0000 - 0x00007fff7374d000 	C:\WINDOWS\System32\CRYPT32.dll
0x00007fff72d00000 - 0x00007fff72d12000 	C:\WINDOWS\SYSTEM32\MSASN1.dll
0x00007fff38cb0000 - 0x00007fff38dd5000 	C:\WINDOWS\SYSTEM32\opengl32.dll
0x00007fff4b360000 - 0x00007fff4b38c000 	C:\WINDOWS\SYSTEM32\GLU32.dll
0x00007fff74420000 - 0x00007fff744c9000 	C:\WINDOWS\System32\clbcatq.dll
0x00007fff28540000 - 0x00007fff291c4000 	C:\WINDOWS\SYSTEM32\ig4icd64.dll
0x00007fff717f0000 - 0x00007fff718e3000 	C:\WINDOWS\SYSTEM32\dxgi.dll
0x00007fff6eff0000 - 0x00007fff6f254000 	C:\WINDOWS\SYSTEM32\d3d11.dll
0x00007fff3fa20000 - 0x00007fff40670000 	C:\WINDOWS\SYSTEM32\igd10umd64.dll
0x00007fff69460000 - 0x00007fff6949b000 	C:\WINDOWS\SYSTEM32\dxcore.dll
0x00007fff38970000 - 0x00007fff389ef000 	C:\Users\ervin_1nmnhvl\AppData\Local\Temp\lwjglervin_1nmnhvl\3.2.2-build-10\lwjgl_stb.dll
0x00007fff6d790000 - 0x00007fff6d83e000 	C:\WINDOWS\SYSTEM32\mscms.dll
0x00007fff6d3b0000 - 0x00007fff6d3c1000 	C:\WINDOWS\SYSTEM32\ColorAdapterClient.dll
0x00007fff38920000 - 0x00007fff38963000 	C:\WINDOWS\SYSTEM32\icm32.dll
0x00007fff630c0000 - 0x00007fff631bc000 	C:\WINDOWS\SYSTEM32\textinputframework.dll
0x00007fff388c0000 - 0x00007fff38918000 	C:\Users\ervin_1nmnhvl\AppData\Local\Temp\lwjglervin_1nmnhvl\3.2.2-build-10\lwjgl_opengl.dll
0x00007fff69560000 - 0x00007fff69744000 	C:\WINDOWS\SYSTEM32\dbghelp.dll

VM Arguments:
jvm_args: -Dforge.logging.console.level=debug -Dforge.logging.markers=SCAN,REGISTRIES,REGISTRYDUMP -XX:HeapDumpPath=MojangTricksIntelDriversForPerformance_javaw.exe_minecraft.exe.heapdump -Dos.name=Windows 10 -Dos.version=10.0 -javaagent:C:\Users\ervin_1nmnhvl\AppData\Local\JetBrains\Toolbox\apps\IDEA-U\ch-0\202.6397.94\lib\idea_rt.jar=53876:C:\Users\ervin_1nmnhvl\AppData\Local\JetBrains\Toolbox\apps\IDEA-U\ch-0\202.6397.94\bin -Dfile.encoding=UTF-8 
java_command: net.minecraftforge.userdev.LaunchTesting
java_class_path (initial): C:\Program Files (x86)\Minecraft\runtime\jre-x64\lib\charsets.jar;C:\Program Files (x86)\Minecraft\runtime\jre-x64\lib\deploy.jar;C:\Program Files (x86)\Minecraft\runtime\jre-x64\lib\ext\access-bridge-64.jar;C:\Program Files (x86)\Minecraft\runtime\jre-x64\lib\ext\cldrdata.jar;C:\Program Files (x86)\Minecraft\runtime\jre-x64\lib\ext\dnsns.jar;C:\Program Files (x86)\Minecraft\runtime\jre-x64\lib\ext\jaccess.jar;C:\Program Files (x86)\Minecraft\runtime\jre-x64\lib\ext\jfxrt.jar;C:\Program Files (x86)\Minecraft\runtime\jre-x64\lib\ext\localedata.jar;C:\Program Files (x86)\Minecraft\runtime\jre-x64\lib\ext\nashorn.jar;C:\Program Files (x86)\Minecraft\runtime\jre-x64\lib\ext\sunec.jar;C:\Program Files (x86)\Minecraft\runtime\jre-x64\lib\ext\sunjce_provider.jar;C:\Program Files (x86)\Minecraft\runtime\jre-x64\lib\ext\sunmscapi.jar;C:\Program Files (x86)\Minecraft\runtime\jre-x64\lib\ext\sunpkcs11.jar;C:\Program Files (x86)\Minecraft\runtime\jre-x64\lib\ext\zipfs.jar;C:\Program Files (x86)\Minecraft\runtime\jre-x64\lib\javaws.jar;C:\Program Files (x86)\Minecraft\runtime\jre-x64\lib\jce.jar;C:\Program Files (x86)\Minecraft\runtime\jre-x64\lib\jfr.jar;C:\Program Files (x86)\Minecraft\runtime\jre-x64\lib\jfxswt.jar;C:\Program Files (x86)\Minecraft\runtime\jre-x64\lib\jsse.jar;C:\Program Files (x86)\Minecraft\runtime\jre-x64\lib\management-agent.jar;C:\Program Files (x86)\Minecraft\runtime\jre-x64\lib\plugin.jar;C:\Program Files (x86)\Minecraft\runtime\jre-x64\lib\resources.jar;C:\Program Files (x86)\Minecraft\runtime\jre-x64\lib\rt.jar;C:\save\modding\ervin_mod_1\build\classes\java\main;C:\save\modding\ervin_mod_1\build\resources\main;C:\Users\ervin_1nmnhvl\.gradle\caches\forge_gradle\minecraft_user_repo\net\minecraftforge\forge\1.16.1-32.0.75_mapped_snapshot_20200723-1.16.1\forge-1.16.1-32.0.75_mapped_snapshot_20200723-1.16.1-recomp.jar;C:\Users\ervin_1nmnhvl\.gradle\caches\forge_gradle\minecraft_user_repo\net\minecraftforge\forge\1.16.1-32.0.75_
Launcher Type: SUN_STANDARD

Environment Variables:
JAVA_HOME=C:\Program Files\Java\jdk-11.0.4
PATH=C:\Program Files\Docker\Docker\Resources\bin;C:\ProgramData\Oracle\Java\javapath;C:\WINDOWS\system32;C:\WINDOWS;C:\WINDOWS\System32\Wbem;C:\WINDOWS\System32\WindowsPowerShell\v1.0\;C:\Program Files (x86)\cloudControl;C:\Program Files\Git\cmd;C:\bin;C:\Program Files (x86)\Windows Kits\8.1\Windows Performance Toolkit\;C:\Program Files (x86)\PuTTY\;C:\Program Files (x86)\Nodist\bin;G:\save\sdk\android\tools;G:\save\sdk\android\platform-tools;C:\boxfuse;C:\Program Files (x86)\Skype\Phone\;C:\Program Files (x86)\GtkSharp\2.12\bin;C:\Program Files (x86)\IVI Foundation\VISA\WinNT\Bin;C:\WINDOWS\system32;C:\WINDOWS;C:\WINDOWS\System32\Wbem;C:\WINDOWS\System32\WindowsPowerShell\v1.0\;;C:\WINDOWS\System32\OpenSSH\;C:\Users\ervin_1nmnhvl\AppData\Local\Microsoft\WindowsApps;
USERNAME=ervin_1nmnhvl
OS=Windows_NT
PROCESSOR_IDENTIFIER=Intel64 Family 6 Model 42 Stepping 7, GenuineIntel



---------------  S Y S T E M  ---------------

OS: Windows 10.0 , 64 bit Build 19041 (10.0.19041.546)

CPU:total 4 (2 cores per cpu, 2 threads per core) family 6 model 42 stepping 7, cmov, cx8, fxsr, mmx, sse, sse2, sse3, ssse3, sse4.1, sse4.2, popcnt, avx, aes, clmul, ht, tsc, tscinvbit

Memory: 4k page, physical 8266764k(342796k free), swap 10363916k(2788k free)

vm_info: Java HotSpot(TM) 64-Bit Server VM (25.51-b03) for windows-amd64 JRE (1.8.0_51-b16), built on Jun  8 2015 18:03:07 by "java_re" with MS VC++ 10.0 (VS2010)

time: Sat Oct 24 16:05:02 2020
elapsed time: 43 seconds (0d 0h 0m 43s)

