#
# There is insufficient memory for the Java Runtime Environment to continue.
# Native memory allocation (malloc) failed to allocate 1228656 bytes for Chunk::new
# Possible reasons:
#   The system is out of physical RAM or swap space
#   In 32 bit mode, the process size limit was hit
# Possible solutions:
#   Reduce memory load on the system
#   Increase physical memory or swap space
#   Check if swap backing store is full
#   Use 64 bit Java on a 64 bit OS
#   Decrease Java heap size (-Xmx/-Xms)
#   Decrease number of Java threads
#   Decrease Java thread stack sizes (-Xss)
#   Set larger code cache with -XX:ReservedCodeCacheSize=
# This output file may be truncated or incomplete.
#
#  Out of Memory Error (allocation.cpp:390), pid=7632, tid=7272
#
# JRE version: Java(TM) SE Runtime Environment (8.0_51-b16) (build 1.8.0_51-b16)
# Java VM: Java HotSpot(TM) 64-Bit Server VM (25.51-b03 mixed mode windows-amd64 compressed oops)
# Failed to write core dump. Minidumps are not enabled by default on client versions of Windows
#

---------------  T H R E A D  ---------------

Current thread (0x0000000019545800):  JavaThread "C2 CompilerThread0" daemon [_thread_in_native, id=7272, stack(0x0000000019660000,0x0000000019760000)]

Stack: [0x0000000019660000,0x0000000019760000]
Native frames: (J=compiled Java code, j=interpreted, Vv=VM code, C=native code)
V  [jvm.dll+0x32b4ca]
V  [jvm.dll+0x2797e3]
V  [jvm.dll+0x27a479]
V  [jvm.dll+0x271765]
V  [jvm.dll+0xcba02]
V  [jvm.dll+0xcbecc]
V  [jvm.dll+0x476f72]
V  [jvm.dll+0x4b95ff]
V  [jvm.dll+0x46b9bf]
V  [jvm.dll+0x46cd4e]
V  [jvm.dll+0x4501a2]
V  [jvm.dll+0xa43a2]
V  [jvm.dll+0xa4cdf]
V  [jvm.dll+0x2418a4]
V  [jvm.dll+0x29846a]
C  [msvcr100.dll+0x21d9f]
C  [msvcr100.dll+0x21e3b]
C  [KERNEL32.DLL+0x16fd4]
C  [ntdll.dll+0x4cec1]


Current CompileTask:
C2:2258928 30304       4       net.minecraft.entity.LivingEntity::travel (1349 bytes)


---------------  P R O C E S S  ---------------

Java Threads: ( => current thread )
  0x000000001cc9e000 JavaThread "IO-Worker-252" [_thread_blocked, id=10800, stack(0x0000000045960000,0x0000000045a60000)]
  0x000000001cc9d800 JavaThread "Worker-Main-251" daemon [_thread_blocked, id=11772, stack(0x0000000020940000,0x0000000020a40000)]
  0x000000001cc9c000 JavaThread "Worker-Main-250" daemon [_thread_blocked, id=2932, stack(0x0000000020580000,0x0000000020680000)]
  0x000000001cc9a800 JavaThread "IO-Worker-249" [_thread_blocked, id=2840, stack(0x000000002b170000,0x000000002b270000)]
  0x000000001cc99800 JavaThread "IO-Worker-248" [_thread_blocked, id=6560, stack(0x00000000362b0000,0x00000000363b0000)]
  0x000000001a7b6800 JavaThread "IO-Worker-246" [_thread_blocked, id=14368, stack(0x00000000296a0000,0x00000000297a0000)]
  0x000000001cc9b000 JavaThread "Worker-Main-241" daemon [_thread_in_Java, id=8452, stack(0x0000000001000000,0x0000000001100000)]
  0x000000001a7b5800 JavaThread "Sound engine" daemon [_thread_blocked, id=13368, stack(0x0000000028e00000,0x0000000028f00000)]
  0x0000000023de5000 JavaThread "Netty Server IO #1" daemon [_thread_in_native, id=832, stack(0x0000000048550000,0x0000000048650000)]
  0x000000001a7ba000 JavaThread "Netty Local Client IO #0" daemon [_thread_blocked, id=3448, stack(0x0000000048450000,0x0000000048550000)]
  0x000000001a7c0000 JavaThread "Netty Server IO #0" daemon [_thread_in_native, id=15148, stack(0x0000000045c60000,0x0000000045d60000)]
  0x000000001a7bf800 JavaThread "ObjectCleanerThread" daemon [_thread_blocked, id=13256, stack(0x0000000030a10000,0x0000000030b10000)]
  0x000000001a7be000 JavaThread "Java2D Disposer" daemon [_thread_blocked, id=12560, stack(0x00000000292d0000,0x00000000293d0000)]
  0x000000001a7b2000 JavaThread "Thread-11" daemon [_thread_in_native, id=6256, stack(0x0000000022630000,0x0000000022730000)]
  0x000000001a7b8000 JavaThread "Server thread" [_thread_in_Java, id=9616, stack(0x000000002b7b0000,0x000000002b8b0000)]
  0x000000001a7b8800 JavaThread "Snooper Timer" daemon [_thread_blocked, id=4476, stack(0x00000000257a0000,0x00000000258a0000)]
  0x0000000023de5800 JavaThread "Narrator" [_thread_blocked, id=2516, stack(0x000000002b270000,0x000000002b370000)]
  0x0000000023de3800 JavaThread "Snooper Timer" daemon [_thread_blocked, id=7036, stack(0x0000000028c00000,0x0000000028d00000)]
  0x0000000023de2800 JavaThread "Timer hack thread" daemon [_thread_blocked, id=12096, stack(0x0000000025aa0000,0x0000000025ba0000)]
  0x000000001c383800 JavaThread "pool-3-thread-1" [_thread_blocked, id=8352, stack(0x0000000022d80000,0x0000000022e80000)]
  0x000000001ab71800 JavaThread "Thread-2" daemon [_thread_in_native, id=10632, stack(0x000000001c090000,0x000000001c190000)]
  0x000000001adda800 JavaThread "Thread-1" daemon [_thread_blocked, id=9196, stack(0x000000001bf90000,0x000000001c090000)]
  0x00000000199d9800 JavaThread "Service Thread" daemon [_thread_blocked, id=2028, stack(0x000000001a160000,0x000000001a260000)]
  0x000000001954e000 JavaThread "C1 CompilerThread2" daemon [_thread_blocked, id=3124, stack(0x0000000019860000,0x0000000019960000)]
  0x000000001954a800 JavaThread "C2 CompilerThread1" daemon [_thread_blocked, id=4028, stack(0x0000000019760000,0x0000000019860000)]
=>0x0000000019545800 JavaThread "C2 CompilerThread0" daemon [_thread_in_native, id=7272, stack(0x0000000019660000,0x0000000019760000)]
  0x00000000194ff800 JavaThread "Monitor Ctrl-Break" daemon [_thread_in_native, id=12116, stack(0x0000000019560000,0x0000000019660000)]
  0x0000000017be8800 JavaThread "Attach Listener" daemon [_thread_blocked, id=13320, stack(0x0000000019060000,0x0000000019160000)]
  0x0000000017be7800 JavaThread "Signal Dispatcher" daemon [_thread_blocked, id=3316, stack(0x0000000018f60000,0x0000000019060000)]
  0x0000000002eeb000 JavaThread "Finalizer" daemon [_thread_blocked, id=14144, stack(0x0000000018e60000,0x0000000018f60000)]
  0x0000000002ee7000 JavaThread "Reference Handler" daemon [_thread_blocked, id=5056, stack(0x0000000018d60000,0x0000000018e60000)]
  0x0000000002df2800 JavaThread "Render thread" [_thread_in_native, id=14980, stack(0x0000000002bf0000,0x0000000002cf0000)]

Other Threads:
  0x0000000017ba9000 VMThread [stack: 0x0000000018c60000,0x0000000018d60000] [id=13868]
  0x0000000019a37800 WatcherThread [stack: 0x000000001a260000,0x000000001a360000] [id=9000]

VM state:not at safepoint (normal execution)

VM Mutex/Monitor currently owned by a thread: None

Heap:
 PSYoungGen      total 609280K, used 517685K [0x00000000d5f00000, 0x00000000ff900000, 0x0000000100000000)
  eden space 557056K, 86% used [0x00000000d5f00000,0x00000000f34b7078,0x00000000f7f00000)
  from space 52224K, 70% used [0x00000000f7f00000,0x00000000fa2d6648,0x00000000fb200000)
  to   space 53760K, 0% used [0x00000000fc480000,0x00000000fc480000,0x00000000ff900000)
 ParOldGen       total 677376K, used 615622K [0x0000000081c00000, 0x00000000ab180000, 0x00000000d5f00000)
  object space 677376K, 90% used [0x0000000081c00000,0x00000000a7531818,0x00000000ab180000)
 Metaspace       used 102036K, capacity 116306K, committed 116608K, reserved 1146880K
  class space    used 15255K, capacity 18681K, committed 18816K, reserved 1048576K

Card table byte_map: [0x0000000012470000,0x0000000012870000] byte_map_base: 0x0000000012062000

Marking Bits: (ParMarkBitMap*) 0x0000000076954040
 Begin Bits: [0x0000000012f20000, 0x0000000014eb0000)
 End Bits:   [0x0000000014eb0000, 0x0000000016e40000)

Polling page: 0x0000000001290000

CodeCache: size=245760Kb used=69321Kb max_used=69393Kb free=176438Kb
 bounds [0x00000000030b0000, 0x00000000075c0000, 0x00000000120b0000]
 total_blobs=21087 nmethods=19306 adapters=1686
 compilation: enabled

Compilation events (10 events):
Event: 2255.882 Thread 0x000000001954e000 nmethod 30299 0x000000000742be50 code [0x000000000742c0e0, 0x000000000742d408]
Event: 2255.884 Thread 0x000000001954e000 30300       1       net.minecraft.network.play.server.SUpdateChunkPositionPacket::func_218755_b (5 bytes)
Event: 2255.884 Thread 0x000000001954e000 nmethod 30300 0x00000000068c7b90 code [0x00000000068c7ce0, 0x00000000068c7df0]
Event: 2255.886 Thread 0x000000001954e000 30301       1       net.minecraft.network.play.server.SUpdateChunkPositionPacket::func_218754_c (5 bytes)
Event: 2255.887 Thread 0x000000001954e000 nmethod 30301 0x00000000068c78d0 code [0x00000000068c7a20, 0x00000000068c7b30]
Event: 2256.191 Thread 0x000000001954e000 30302       3       net.minecraft.entity.player.PlayerEntity::addStat (13 bytes)
Event: 2256.192 Thread 0x000000001954e000 nmethod 30302 0x00000000057db410 code [0x00000000057db600, 0x00000000057dbe38]
Event: 2257.549 Thread 0x000000001954e000 30303       3       net.minecraft.entity.player.PlayerEntity::addMovementStat (436 bytes)
Event: 2257.558 Thread 0x000000001954e000 nmethod 30303 0x0000000006e6c3d0 code [0x0000000006e6ce80, 0x0000000006e743e8]
Event: 2258.792 Thread 0x0000000019545800 30304       4       net.minecraft.entity.LivingEntity::travel (1349 bytes)

GC Heap History (10 events):
Event: 2243.484 GC heap before
{Heap before GC invocations=375 (full 10):
 PSYoungGen      total 579584K, used 551761K [0x00000000d5f00000, 0x00000000fc800000, 0x0000000100000000)
  eden space 532480K, 100% used [0x00000000d5f00000,0x00000000f6700000,0x00000000f6700000)
  from space 47104K, 40% used [0x00000000f9a00000,0x00000000facd4510,0x00000000fc800000)
  to   space 49664K, 0% used [0x00000000f6700000,0x00000000f6700000,0x00000000f9780000)
 ParOldGen       total 677376K, used 612379K [0x0000000081c00000, 0x00000000ab180000, 0x00000000d5f00000)
  object space 677376K, 90% used [0x0000000081c00000,0x00000000a7206f50,0x00000000ab180000)
 Metaspace       used 101929K, capacity 116154K, committed 116608K, reserved 1146880K
  class space    used 15241K, capacity 18663K, committed 18816K, reserved 1048576K
Event: 2243.501 GC heap after
Heap after GC invocations=375 (full 10):
 PSYoungGen      total 582144K, used 19872K [0x00000000d5f00000, 0x00000000fd000000, 0x0000000100000000)
  eden space 532480K, 0% used [0x00000000d5f00000,0x00000000d5f00000,0x00000000f6700000)
  from space 49664K, 40% used [0x00000000f6700000,0x00000000f7a68110,0x00000000f9780000)
  to   space 47616K, 0% used [0x00000000fa180000,0x00000000fa180000,0x00000000fd000000)
 ParOldGen       total 677376K, used 612614K [0x0000000081c00000, 0x00000000ab180000, 0x00000000d5f00000)
  object space 677376K, 90% used [0x0000000081c00000,0x00000000a7241ae0,0x00000000ab180000)
 Metaspace       used 101929K, capacity 116154K, committed 116608K, reserved 1146880K
  class space    used 15241K, capacity 18663K, committed 18816K, reserved 1048576K
}
Event: 2246.073 GC heap before
{Heap before GC invocations=376 (full 10):
 PSYoungGen      total 582144K, used 552352K [0x00000000d5f00000, 0x00000000fd000000, 0x0000000100000000)
  eden space 532480K, 100% used [0x00000000d5f00000,0x00000000f6700000,0x00000000f6700000)
  from space 49664K, 40% used [0x00000000f6700000,0x00000000f7a68110,0x00000000f9780000)
  to   space 47616K, 0% used [0x00000000fa180000,0x00000000fa180000,0x00000000fd000000)
 ParOldGen       total 677376K, used 612615K [0x0000000081c00000, 0x00000000ab180000, 0x00000000d5f00000)
  object space 677376K, 90% used [0x0000000081c00000,0x00000000a7241f30,0x00000000ab180000)
 Metaspace       used 101984K, capacity 116254K, committed 116608K, reserved 1146880K
  class space    used 15255K, capacity 18681K, committed 18816K, reserved 1048576K
Event: 2246.101 GC heap after
Heap after GC invocations=376 (full 10):
 PSYoungGen      total 590848K, used 33278K [0x00000000d5f00000, 0x00000000fd580000, 0x0000000100000000)
  eden space 543232K, 0% used [0x00000000d5f00000,0x00000000d5f00000,0x00000000f7180000)
  from space 47616K, 69% used [0x00000000fa180000,0x00000000fc1ff9b0,0x00000000fd000000)
  to   space 49152K, 0% used [0x00000000f7180000,0x00000000f7180000,0x00000000fa180000)
 ParOldGen       total 677376K, used 612735K [0x0000000081c00000, 0x00000000ab180000, 0x00000000d5f00000)
  object space 677376K, 90% used [0x0000000081c00000,0x00000000a725ff30,0x00000000ab180000)
 Metaspace       used 101984K, capacity 116254K, committed 116608K, reserved 1146880K
  class space    used 15255K, capacity 18681K, committed 18816K, reserved 1048576K
}
Event: 2249.207 GC heap before
{Heap before GC invocations=377 (full 10):
 PSYoungGen      total 590848K, used 576510K [0x00000000d5f00000, 0x00000000fd580000, 0x0000000100000000)
  eden space 543232K, 100% used [0x00000000d5f00000,0x00000000f7180000,0x00000000f7180000)
  from space 47616K, 69% used [0x00000000fa180000,0x00000000fc1ff9b0,0x00000000fd000000)
  to   space 49152K, 0% used [0x00000000f7180000,0x00000000f7180000,0x00000000fa180000)
 ParOldGen       total 677376K, used 612735K [0x0000000081c00000, 0x00000000ab180000, 0x00000000d5f00000)
  object space 677376K, 90% used [0x0000000081c00000,0x00000000a725ff30,0x00000000ab180000)
 Metaspace       used 102001K, capacity 116262K, committed 116608K, reserved 1146880K
  class space    used 15255K, capacity 18681K, committed 18816K, reserved 1048576K
Event: 2249.230 GC heap after
Heap after GC invocations=377 (full 10):
 PSYoungGen      total 592384K, used 33728K [0x00000000d5f00000, 0x00000000fe300000, 0x0000000100000000)
  eden space 543232K, 0% used [0x00000000d5f00000,0x00000000d5f00000,0x00000000f7180000)
  from space 49152K, 68% used [0x00000000f7180000,0x00000000f9270288,0x00000000fa180000)
  to   space 50176K, 0% used [0x00000000fb200000,0x00000000fb200000,0x00000000fe300000)
 ParOldGen       total 677376K, used 612799K [0x0000000081c00000, 0x00000000ab180000, 0x00000000d5f00000)
  object space 677376K, 90% used [0x0000000081c00000,0x00000000a726ff30,0x00000000ab180000)
 Metaspace       used 102001K, capacity 116262K, committed 116608K, reserved 1146880K
  class space    used 15255K, capacity 18681K, committed 18816K, reserved 1048576K
}
Event: 2253.760 GC heap before
{Heap before GC invocations=378 (full 10):
 PSYoungGen      total 592384K, used 576960K [0x00000000d5f00000, 0x00000000fe300000, 0x0000000100000000)
  eden space 543232K, 100% used [0x00000000d5f00000,0x00000000f7180000,0x00000000f7180000)
  from space 49152K, 68% used [0x00000000f7180000,0x00000000f9270288,0x00000000fa180000)
  to   space 50176K, 0% used [0x00000000fb200000,0x00000000fb200000,0x00000000fe300000)
 ParOldGen       total 677376K, used 612799K [0x0000000081c00000, 0x00000000ab180000, 0x00000000d5f00000)
  object space 677376K, 90% used [0x0000000081c00000,0x00000000a726ff30,0x00000000ab180000)
 Metaspace       used 102034K, capacity 116306K, committed 116608K, reserved 1146880K
  class space    used 15255K, capacity 18681K, committed 18816K, reserved 1048576K
Event: 2253.787 GC heap after
Heap after GC invocations=378 (full 10):
 PSYoungGen      total 607232K, used 36155K [0x00000000d5f00000, 0x00000000fe680000, 0x0000000100000000)
  eden space 557056K, 0% used [0x00000000d5f00000,0x00000000d5f00000,0x00000000f7f00000)
  from space 50176K, 72% used [0x00000000fb200000,0x00000000fd54ef78,0x00000000fe300000)
  to   space 52224K, 0% used [0x00000000f7f00000,0x00000000f7f00000,0x00000000fb200000)
 ParOldGen       total 677376K, used 612927K [0x0000000081c00000, 0x00000000ab180000, 0x00000000d5f00000)
  object space 677376K, 90% used [0x0000000081c00000,0x00000000a728ff30,0x00000000ab180000)
 Metaspace       used 102034K, capacity 116306K, committed 116608K, reserved 1146880K
  class space    used 15255K, capacity 18681K, committed 18816K, reserved 1048576K
}
Event: 2256.619 GC heap before
{Heap before GC invocations=379 (full 10):
 PSYoungGen      total 607232K, used 593211K [0x00000000d5f00000, 0x00000000fe680000, 0x0000000100000000)
  eden space 557056K, 100% used [0x00000000d5f00000,0x00000000f7f00000,0x00000000f7f00000)
  from space 50176K, 72% used [0x00000000fb200000,0x00000000fd54ef78,0x00000000fe300000)
  to   space 52224K, 0% used [0x00000000f7f00000,0x00000000f7f00000,0x00000000fb200000)
 ParOldGen       total 677376K, used 612927K [0x0000000081c00000, 0x00000000ab180000, 0x00000000d5f00000)
  object space 677376K, 90% used [0x0000000081c00000,0x00000000a728ff30,0x00000000ab180000)
 Metaspace       used 102036K, capacity 116306K, committed 116608K, reserved 1146880K
  class space    used 15255K, capacity 18681K, committed 18816K, reserved 1048576K
Event: 2256.646 GC heap after
Heap after GC invocations=379 (full 10):
 PSYoungGen      total 609280K, used 36697K [0x00000000d5f00000, 0x00000000ff900000, 0x0000000100000000)
  eden space 557056K, 0% used [0x00000000d5f00000,0x00000000d5f00000,0x00000000f7f00000)
  from space 52224K, 70% used [0x00000000f7f00000,0x00000000fa2d6648,0x00000000fb200000)
  to   space 53760K, 0% used [0x00000000fc480000,0x00000000fc480000,0x00000000ff900000)
 ParOldGen       total 677376K, used 615622K [0x0000000081c00000, 0x00000000ab180000, 0x00000000d5f00000)
  object space 677376K, 90% used [0x0000000081c00000,0x00000000a7531818,0x00000000ab180000)
 Metaspace       used 102036K, capacity 116306K, committed 116608K, reserved 1146880K
  class space    used 15255K, capacity 18681K, committed 18816K, reserved 1048576K
}

Deoptimization events (10 events):
Event: 2244.698 Thread 0x0000000002df2800 Uncommon trap: reason=unstable_if action=reinterpret pc=0x00000000055ee754 method=net.minecraft.client.renderer.model.ItemOverrideList.func_239290_a_(Lnet/minecraft/client/renderer/model/IBakedModel;Lnet/minecraft/item/ItemStack;Lnet/minecraft/client/world¢9ü¢“¡@
Event: 2249.817 Thread 0x000000001cc9d800 Uncommon trap: reason=unstable_if action=reinterpret pc=0x0000000006f729c0 method=net.minecraft.world.gen.feature.structure.BasaltDeltasStructure.func_236277_a_(Lnet/minecraft/world/IWorld;Lnet/minecraft/util/math/BlockPos;Lnet/minecraft/world/gen/feature/0²	Õ¢“¡@
Event: 2249.818 Thread 0x000000001cc9d800 Uncommon trap: reason=unstable_if action=reinterpret pc=0x00000000063152f0 method=net.minecraft.world.gen.feature.structure.BasaltDeltasStructure.func_236277_a_(Lnet/minecraft/world/IWorld;Lnet/minecraft/util/math/BlockPos;Lnet/minecraft/world/gen/feature/"ØŒÔž¡@
Event: 2255.415 Thread 0x0000000002df2800 Uncommon trap: reason=bimorphic action=maybe_recompile pc=0x00000000073ab57c method=net.minecraft.entity.Entity.isInvisibleToPlayer(Lnet/minecraft/entity/player/PlayerEntity;)Z @ 10
Event: 2255.506 Thread 0x0000000002df2800 Uncommon trap: reason=bimorphic action=maybe_recompile pc=0x00000000073ab57c method=net.minecraft.entity.Entity.isInvisibleToPlayer(Lnet/minecraft/entity/player/PlayerEntity;)Z @ 10
Event: 2255.541 Thread 0x0000000002df2800 Uncommon trap: reason=unstable_if action=reinterpret pc=0x00000000069e8e60 method=net.minecraft.entity.player.PlayerEntity.addMovementStat(DDD)V @ 202
Event: 2255.588 Thread 0x0000000002df2800 Uncommon trap: reason=bimorphic action=maybe_recompile pc=0x00000000073ab57c method=net.minecraft.entity.Entity.isInvisibleToPlayer(Lnet/minecraft/entity/player/PlayerEntity;)Z @ 10
Event: 2255.595 Thread 0x0000000002df2800 Uncommon trap: reason=bimorphic action=maybe_recompile pc=0x00000000073ab57c method=net.minecraft.entity.Entity.isInvisibleToPlayer(Lnet/minecraft/entity/player/PlayerEntity;)Z @ 10
Event: 2255.600 Thread 0x000000001a7b8000 Uncommon trap: reason=unstable_if action=reinterpret pc=0x0000000006f8fa80 method=net.minecraft.entity.LivingEntity.handleOnClimbable(Lnet/minecraft/util/math/vector/Vector3d;)Lnet/minecraft/util/math/vector/Vector3d; @ 61
Event: 2257.775 Thread 0x000000001a7b5800 Uncommon trap: reason=unstable_if action=reinterpret pc=0x000000000666b340 method=net.minecraft.client.audio.ALUtils.checkALError(Ljava/lang/String;)Z @ 5

Internal exceptions (10 events):
Event: 2257.652 Thread 0x000000001cc9b000 Exception <a 'sun/nio/fs/WindowsException'> (0x00000000e1a17010) thrown at [C:\re\workspace\8-2-build-windows-amd64-cygwin\jdk8u51\3951\hotspot\src\share\vm\prims\jni.cpp, line 709]
Event: 2257.653 Thread 0x000000001cc9b000 Exception <a 'sun/nio/fs/WindowsException'> (0x00000000e1a175e0) thrown at [C:\re\workspace\8-2-build-windows-amd64-cygwin\jdk8u51\3951\hotspot\src\share\vm\prims\jni.cpp, line 709]
Event: 2257.653 Thread 0x000000001cc9b000 Exception <a 'sun/nio/fs/WindowsException'> (0x00000000e1a18018) thrown at [C:\re\workspace\8-2-build-windows-amd64-cygwin\jdk8u51\3951\hotspot\src\share\vm\prims\jni.cpp, line 709]
Event: 2257.653 Thread 0x000000001cc9b000 Exception <a 'sun/nio/fs/WindowsException'> (0x00000000e1a18558) thrown at [C:\re\workspace\8-2-build-windows-amd64-cygwin\jdk8u51\3951\hotspot\src\share\vm\prims\jni.cpp, line 709]
Event: 2257.654 Thread 0x000000001cc9b000 Exception <a 'sun/nio/fs/WindowsException'> (0x00000000e1a27498) thrown at [C:\re\workspace\8-2-build-windows-amd64-cygwin\jdk8u51\3951\hotspot\src\share\vm\prims\jni.cpp, line 709]
Event: 2257.654 Thread 0x000000001cc9b000 Exception <a 'sun/nio/fs/WindowsException'> (0x00000000e1a27a78) thrown at [C:\re\workspace\8-2-build-windows-amd64-cygwin\jdk8u51\3951\hotspot\src\share\vm\prims\jni.cpp, line 709]
Event: 2257.655 Thread 0x000000001cc9b000 Exception <a 'sun/nio/fs/WindowsException'> (0x00000000e1a28830) thrown at [C:\re\workspace\8-2-build-windows-amd64-cygwin\jdk8u51\3951\hotspot\src\share\vm\prims\jni.cpp, line 709]
Event: 2257.655 Thread 0x000000001cc9b000 Exception <a 'sun/nio/fs/WindowsException'> (0x00000000e1a28e20) thrown at [C:\re\workspace\8-2-build-windows-amd64-cygwin\jdk8u51\3951\hotspot\src\share\vm\prims\jni.cpp, line 709]
Event: 2257.655 Thread 0x000000001cc9b000 Exception <a 'sun/nio/fs/WindowsException'> (0x00000000e1a29ba8) thrown at [C:\re\workspace\8-2-build-windows-amd64-cygwin\jdk8u51\3951\hotspot\src\share\vm\prims\jni.cpp, line 709]
Event: 2257.655 Thread 0x000000001cc9b000 Exception <a 'sun/nio/fs/WindowsException'> (0x00000000e1a2a128) thrown at [C:\re\workspace\8-2-build-windows-amd64-cygwin\jdk8u51\3951\hotspot\src\share\vm\prims\jni.cpp, line 709]

Events (10 events):
Event: 2255.595 Thread 0x0000000002df2800 DEOPT PACKING pc=0x00000000073ab57c sp=0x0000000002cedc20
Event: 2255.595 Thread 0x0000000002df2800 DEOPT UNPACKING pc=0x00000000030f582a sp=0x0000000002ceda98 mode 2
Event: 2255.600 Thread 0x000000001a7b8000 Uncommon trap: trap_request=0xffffff65 fr.pc=0x0000000006f8fa80
Event: 2255.600 Thread 0x000000001a7b8000 DEOPT PACKING pc=0x0000000006f8fa80 sp=0x000000002b8aeb00
Event: 2255.600 Thread 0x000000001a7b8000 DEOPT UNPACKING pc=0x00000000030f582a sp=0x000000002b8ae958 mode 2
Event: 2256.619 Executing VM operation: ParallelGCFailedAllocation
Event: 2256.646 Executing VM operation: ParallelGCFailedAllocation done
Event: 2257.775 Thread 0x000000001a7b5800 Uncommon trap: trap_request=0xffffff65 fr.pc=0x000000000666b340
Event: 2257.775 Thread 0x000000001a7b5800 DEOPT PACKING pc=0x000000000666b340 sp=0x0000000028efef60
Event: 2257.775 Thread 0x000000001a7b5800 DEOPT UNPACKING pc=0x00000000030f582a sp=0x0000000028efeeb0 mode 2


Dynamic libraries:
0x00007ff7452e0000 - 0x00007ff745317000 	C:\Program Files (x86)\Minecraft\runtime\jre-x64\bin\java.exe
0x00007ff90a4b0000 - 0x00007ff90a6a5000 	C:\WINDOWS\SYSTEM32\ntdll.dll
0x00007ff909900000 - 0x00007ff9099bd000 	C:\WINDOWS\System32\KERNEL32.DLL
0x00007ff908240000 - 0x00007ff908507000 	C:\WINDOWS\System32\KERNELBASE.dll
0x00007ff9093c0000 - 0x00007ff90946a000 	C:\WINDOWS\System32\ADVAPI32.dll
0x00007ff908810000 - 0x00007ff9088ae000 	C:\WINDOWS\System32\msvcrt.dll
0x00007ff90a030000 - 0x00007ff90a0cb000 	C:\WINDOWS\System32\sechost.dll
0x00007ff9086e0000 - 0x00007ff908804000 	C:\WINDOWS\System32\RPCRT4.dll
0x00007ff90a190000 - 0x00007ff90a330000 	C:\WINDOWS\System32\USER32.dll
0x00007ff907d50000 - 0x00007ff907d72000 	C:\WINDOWS\System32\win32u.dll
0x00007ff909540000 - 0x00007ff90956a000 	C:\WINDOWS\System32\GDI32.dll
0x00007ff908030000 - 0x00007ff908139000 	C:\WINDOWS\System32\gdi32full.dll
0x00007ff907ee0000 - 0x00007ff907f7d000 	C:\WINDOWS\System32\msvcp_win.dll
0x00007ff908140000 - 0x00007ff908240000 	C:\WINDOWS\System32\ucrtbase.dll
0x00007ff8eb8d0000 - 0x00007ff8ebb6b000 	C:\WINDOWS\WinSxS\amd64_microsoft.windows.common-controls_6595b64144ccf1df_6.0.19041.488_none_ca04af081b815d21\COMCTL32.dll
0x00007ff909aa0000 - 0x00007ff909ad0000 	C:\WINDOWS\System32\IMM32.DLL
0x00000000769e0000 - 0x0000000076ab2000 	C:\Program Files (x86)\Minecraft\runtime\jre-x64\bin\msvcr100.dll
0x0000000076150000 - 0x00000000769d3000 	C:\Program Files (x86)\Minecraft\runtime\jre-x64\bin\server\jvm.dll
0x00007ff909810000 - 0x00007ff909818000 	C:\WINDOWS\System32\PSAPI.DLL
0x00007ff900ec0000 - 0x00007ff900ee7000 	C:\WINDOWS\SYSTEM32\WINMM.dll
0x00007ff900930000 - 0x00007ff90093a000 	C:\WINDOWS\SYSTEM32\VERSION.dll
0x00007ff8e1fd0000 - 0x00007ff8e1fd9000 	C:\WINDOWS\SYSTEM32\WSOCK32.dll
0x00007ff9094d0000 - 0x00007ff90953b000 	C:\WINDOWS\System32\WS2_32.dll
0x0000000076140000 - 0x000000007614f000 	C:\Program Files (x86)\Minecraft\runtime\jre-x64\bin\verify.dll
0x0000000076110000 - 0x0000000076139000 	C:\Program Files (x86)\Minecraft\runtime\jre-x64\bin\java.dll
0x00000000760e0000 - 0x0000000076103000 	C:\Program Files (x86)\Minecraft\runtime\jre-x64\bin\instrument.dll
0x00000000760c0000 - 0x00000000760d6000 	C:\Program Files (x86)\Minecraft\runtime\jre-x64\bin\zip.dll
0x00007ff908c70000 - 0x00007ff9093b1000 	C:\WINDOWS\System32\SHELL32.dll
0x00007ff905bc0000 - 0x00007ff906353000 	C:\WINDOWS\SYSTEM32\windows.storage.dll
0x00007ff9088b0000 - 0x00007ff908c05000 	C:\WINDOWS\System32\combase.dll
0x00007ff9074c0000 - 0x00007ff9074ec000 	C:\WINDOWS\SYSTEM32\Wldp.dll
0x00007ff90a0e0000 - 0x00007ff90a18e000 	C:\WINDOWS\System32\SHCORE.dll
0x00007ff909fd0000 - 0x00007ff90a025000 	C:\WINDOWS\System32\shlwapi.dll
0x00007ff907b20000 - 0x00007ff907b46000 	C:\WINDOWS\SYSTEM32\profapi.dll
0x00007ff8f2600000 - 0x00007ff8f261a000 	C:\Users\ervin_1nmnhvl\AppData\Local\JetBrains\Toolbox\apps\IDEA-U\ch-0\202.6397.94\bin\breakgen64.dll
0x00000000760a0000 - 0x00000000760ba000 	C:\Program Files (x86)\Minecraft\runtime\jre-x64\bin\net.dll
0x00007ff9072b0000 - 0x00007ff90731a000 	C:\WINDOWS\system32\mswsock.dll
0x0000000076090000 - 0x000000007609d000 	C:\Program Files (x86)\Minecraft\runtime\jre-x64\bin\management.dll
0x00007ff8d6850000 - 0x00007ff8d6867000 	C:\WINDOWS\system32\napinsp.dll
0x00007ff8d9b80000 - 0x00007ff8d9b9b000 	C:\WINDOWS\system32\pnrpnsp.dll
0x00007ff902980000 - 0x00007ff902995000 	C:\WINDOWS\system32\wshbth.dll
0x00007ff903320000 - 0x00007ff90333d000 	C:\WINDOWS\system32\NLAapi.dll
0x00007ff906fc0000 - 0x00007ff906ffb000 	C:\WINDOWS\SYSTEM32\IPHLPAPI.DLL
0x00007ff907000000 - 0x00007ff9070cb000 	C:\WINDOWS\SYSTEM32\DNSAPI.dll
0x00007ff90a460000 - 0x00007ff90a469000 	C:\WINDOWS\System32\NSI.dll
0x00007ff8d9ba0000 - 0x00007ff8d9bb2000 	C:\WINDOWS\System32\winrnr.dll
0x00007ff8f8de0000 - 0x00007ff8f8dea000 	C:\Windows\System32\rasadhlp.dll
0x00007ff8fce90000 - 0x00007ff8fcf0f000 	C:\WINDOWS\System32\fwpuclnt.dll
0x00007ff907f80000 - 0x00007ff907fa7000 	C:\WINDOWS\System32\bcrypt.dll
0x0000000076070000 - 0x0000000076081000 	C:\Program Files (x86)\Minecraft\runtime\jre-x64\bin\nio.dll
0x0000000076040000 - 0x0000000076064000 	C:\Program Files (x86)\Minecraft\runtime\jre-x64\bin\sunec.dll
0x00007ff9077f0000 - 0x00007ff907808000 	C:\WINDOWS\SYSTEM32\CRYPTSP.dll
0x00007ff906b60000 - 0x00007ff906b94000 	C:\WINDOWS\system32\rsaenh.dll
0x00007ff907ae0000 - 0x00007ff907b0e000 	C:\WINDOWS\SYSTEM32\USERENV.dll
0x00007ff907fb0000 - 0x00007ff90802f000 	C:\WINDOWS\System32\bcryptprimitives.dll
0x00007ff907430000 - 0x00007ff90743c000 	C:\WINDOWS\SYSTEM32\CRYPTBASE.dll
0x00007ff8fa5b0000 - 0x00007ff8fa5c7000 	C:\WINDOWS\SYSTEM32\dhcpcsvc6.DLL
0x00007ff8fa470000 - 0x00007ff8fa48d000 	C:\WINDOWS\SYSTEM32\dhcpcsvc.DLL
0x00007ff8e2fb0000 - 0x00007ff8e3022000 	C:\Users\ervin_1nmnhvl\AppData\Local\Temp\lwjglervin_1nmnhvl\3.2.2-build-10\lwjgl.dll
0x00007ff8e19c0000 - 0x00007ff8e1c11000 	C:\Users\ERVIN_~1\AppData\Local\Temp\lwjglervin_1nmnhvl\3.2.2-build-10\jemalloc.dll
0x00007ff8e2170000 - 0x00007ff8e21ce000 	C:\Users\ERVIN_~1\AppData\Local\Temp\lwjglervin_1nmnhvl\3.2.2-build-10\glfw.dll
0x00007ff905480000 - 0x00007ff90551f000 	C:\WINDOWS\system32\uxtheme.dll
0x00007ff8e4380000 - 0x00007ff8e43c5000 	C:\WINDOWS\SYSTEM32\dinput8.dll
0x00007ff8f21a0000 - 0x00007ff8f21b1000 	C:\WINDOWS\SYSTEM32\xinput1_4.dll
0x00007ff907e90000 - 0x00007ff907edd000 	C:\WINDOWS\System32\cfgmgr32.dll
0x00007ff9078d0000 - 0x00007ff9078fc000 	C:\WINDOWS\SYSTEM32\DEVOBJ.dll
0x00007ff905830000 - 0x00007ff90585f000 	C:\WINDOWS\SYSTEM32\dwmapi.dll
0x00007ff8f7440000 - 0x00007ff8f7592000 	C:\WINDOWS\SYSTEM32\inputhost.dll
0x00007ff909740000 - 0x00007ff90980d000 	C:\WINDOWS\System32\OLEAUT32.dll
0x00007ff9031d0000 - 0x00007ff9032c7000 	C:\WINDOWS\SYSTEM32\PROPSYS.dll
0x00007ff904c40000 - 0x00007ff904d32000 	C:\WINDOWS\SYSTEM32\CoreMessaging.dll
0x00007ff904570000 - 0x00007ff9046c6000 	C:\WINDOWS\SYSTEM32\wintypes.dll
0x00007ff904d40000 - 0x00007ff90509a000 	C:\WINDOWS\SYSTEM32\CoreUIComponents.dll
0x00007ff906800000 - 0x00007ff906833000 	C:\WINDOWS\SYSTEM32\ntmarta.dll
0x00007ff9063a0000 - 0x00007ff9063b3000 	C:\WINDOWS\SYSTEM32\kernel.appcore.dll
0x00007ff9085c0000 - 0x00007ff9086d5000 	C:\WINDOWS\System32\MSCTF.dll
0x00007ff906360000 - 0x00007ff90636d000 	C:\WINDOWS\SYSTEM32\HID.DLL
0x00007ff909ad0000 - 0x00007ff909f37000 	C:\WINDOWS\System32\SETUPAPI.DLL
0x00007ff907d80000 - 0x00007ff907de0000 	C:\WINDOWS\System32\WINTRUST.dll
0x00007ff907bf0000 - 0x00007ff907d4d000 	C:\WINDOWS\System32\CRYPT32.dll
0x00007ff9078b0000 - 0x00007ff9078c2000 	C:\WINDOWS\SYSTEM32\MSASN1.dll
0x00007ff8b4a50000 - 0x00007ff8b4b75000 	C:\WINDOWS\SYSTEM32\opengl32.dll
0x00007ff8b7a80000 - 0x00007ff8b7aac000 	C:\WINDOWS\SYSTEM32\GLU32.dll
0x00007ff908510000 - 0x00007ff9085b8000 	C:\WINDOWS\System32\clbcatq.dll
0x00007ff8bd7a0000 - 0x00007ff8be424000 	C:\WINDOWS\SYSTEM32\ig4icd64.dll
0x00007ff906410000 - 0x00007ff906503000 	C:\WINDOWS\SYSTEM32\dxgi.dll
0x00007ff903d70000 - 0x00007ff903fd3000 	C:\WINDOWS\SYSTEM32\d3d11.dll
0x00007ff8fbe60000 - 0x00007ff8fcab0000 	C:\WINDOWS\SYSTEM32\igd10umd64.dll
0x00007ff8fce40000 - 0x00007ff8fce7b000 	C:\WINDOWS\SYSTEM32\dxcore.dll
0x00007ff8dc170000 - 0x00007ff8dc1ef000 	C:\Users\ervin_1nmnhvl\AppData\Local\Temp\lwjglervin_1nmnhvl\3.2.2-build-10\lwjgl_stb.dll
0x00007ff902690000 - 0x00007ff90273e000 	C:\WINDOWS\SYSTEM32\mscms.dll
0x00007ff9025e0000 - 0x00007ff9025f1000 	C:\WINDOWS\SYSTEM32\ColorAdapterClient.dll
0x00007ff8e37e0000 - 0x00007ff8e3823000 	C:\WINDOWS\SYSTEM32\icm32.dll
0x00007ff8f75a0000 - 0x00007ff8f769d000 	C:\WINDOWS\SYSTEM32\textinputframework.dll
0x00007ff8db520000 - 0x00007ff8db578000 	C:\Users\ervin_1nmnhvl\AppData\Local\Temp\lwjglervin_1nmnhvl\3.2.2-build-10\lwjgl_opengl.dll
0x00007ff8e2f60000 - 0x00007ff8e2fa2000 	C:\Users\ervin_1nmnhvl\AppData\Local\Temp\jna-2118671535\jna3860931041107616880.dll
0x00007ff8fa0d0000 - 0x00007ff8fa0ea000 	C:\save\modding\ervin_mod_1\build\natives\SAPIWrapper_x64.dll
0x00007ff90a330000 - 0x00007ff90a459000 	C:\WINDOWS\System32\ole32.dll
0x00007ff8d6680000 - 0x00007ff8d6804000 	C:\WINDOWS\System32\Speech\Common\sapi.dll
0x00007ff8bbfd0000 - 0x00007ff8bbfee000 	C:\WINDOWS\SYSTEM32\MSACM32.dll
0x00007ff8db470000 - 0x00007ff8db47b000 	C:\WINDOWS\SYSTEM32\msdmo.dll
0x00007ff8d07d0000 - 0x00007ff8d07f6000 	C:\WINDOWS\SYSTEM32\winmmbase.dll
0x00007ff8f87b0000 - 0x00007ff8f8835000 	C:\WINDOWS\System32\MMDevApi.dll
0x00007ff8f22d0000 - 0x00007ff8f23e4000 	C:\Users\ERVIN_~1\AppData\Local\Temp\lwjglervin_1nmnhvl\3.2.2-build-10\OpenAL.dll
0x00007ff8f1140000 - 0x00007ff8f12c0000 	C:\WINDOWS\SYSTEM32\AUDIOSES.DLL
0x00007ff907a50000 - 0x00007ff907a9b000 	C:\WINDOWS\SYSTEM32\powrprof.dll
0x00007ff907a30000 - 0x00007ff907a42000 	C:\WINDOWS\SYSTEM32\UMPDC.dll
0x00007ff905550000 - 0x00007ff905564000 	C:\WINDOWS\SYSTEM32\resourcepolicyclient.dll
0x0000000075ea0000 - 0x0000000076038000 	C:\Program Files (x86)\Minecraft\runtime\jre-x64\bin\awt.dll
0x00007ff9052b0000 - 0x00007ff905340000 	C:\WINDOWS\SYSTEM32\apphelp.dll
0x00007ff8ff750000 - 0x00007ff8ff934000 	C:\WINDOWS\SYSTEM32\dbghelp.dll

VM Arguments:
jvm_args: -Dforge.logging.console.level=debug -Dforge.logging.markers=SCAN,REGISTRIES,REGISTRYDUMP -XX:HeapDumpPath=MojangTricksIntelDriversForPerformance_javaw.exe_minecraft.exe.heapdump -Dos.name=Windows 10 -Dos.version=10.0 -javaagent:C:\Users\ervin_1nmnhvl\AppData\Local\JetBrains\Toolbox\apps\IDEA-U\ch-0\202.6397.94\lib\idea_rt.jar=50300:C:\Users\ervin_1nmnhvl\AppData\Local\JetBrains\Toolbox\apps\IDEA-U\ch-0\202.6397.94\bin -Dfile.encoding=UTF-8 
java_command: net.minecraftforge.userdev.LaunchTesting
java_class_path (initial): C:\Program Files (x86)\Minecraft\runtime\jre-x64\lib\charsets.jar;C:\Program Files (x86)\Minecraft\runtime\jre-x64\lib\deploy.jar;C:\Program Files (x86)\Minecraft\runtime\jre-x64\lib\ext\access-bridge-64.jar;C:\Program Files (x86)\Minecraft\runtime\jre-x64\lib\ext\cldrdata.jar;C:\Program Files (x86)\Minecraft\runtime\jre-x64\lib\ext\dnsns.jar;C:\Program Files (x86)\Minecraft\runtime\jre-x64\lib\ext\jaccess.jar;C:\Program Files (x86)\Minecraft\runtime\jre-x64\lib\ext\jfxrt.jar;C:\Program Files (x86)\Minecraft\runtime\jre-x64\lib\ext\localedata.jar;C:\Program Files (x86)\Minecraft\runtime\jre-x64\lib\ext\nashorn.jar;C:\Program Files (x86)\Minecraft\runtime\jre-x64\lib\ext\sunec.jar;C:\Program Files (x86)\Minecraft\runtime\jre-x64\lib\ext\sunjce_provider.jar;C:\Program Files (x86)\Minecraft\runtime\jre-x64\lib\ext\sunmscapi.jar;C:\Program Files (x86)\Minecraft\runtime\jre-x64\lib\ext\sunpkcs11.jar;C:\Program Files (x86)\Minecraft\runtime\jre-x64\lib\ext\zipfs.jar;C:\Program Files (x86)\Minecraft\runtime\jre-x64\lib\javaws.jar;C:\Program Files (x86)\Minecraft\runtime\jre-x64\lib\jce.jar;C:\Program Files (x86)\Minecraft\runtime\jre-x64\lib\jfr.jar;C:\Program Files (x86)\Minecraft\runtime\jre-x64\lib\jfxswt.jar;C:\Program Files (x86)\Minecraft\runtime\jre-x64\lib\jsse.jar;C:\Program Files (x86)\Minecraft\runtime\jre-x64\lib\management-agent.jar;C:\Program Files (x86)\Minecraft\runtime\jre-x64\lib\plugin.jar;C:\Program Files (x86)\Minecraft\runtime\jre-x64\lib\resources.jar;C:\Program Files (x86)\Minecraft\runtime\jre-x64\lib\rt.jar;C:\save\modding\ervin_mod_1\build\classes\java\main;C:\save\modding\ervin_mod_1\build\resources\main;C:\Users\ervin_1nmnhvl\.gradle\caches\forge_gradle\minecraft_user_repo\net\minecraftforge\forge\1.16.1-32.0.75_mapped_snapshot_20200723-1.16.1\forge-1.16.1-32.0.75_mapped_snapshot_20200723-1.16.1-recomp.jar;C:\Users\ervin_1nmnhvl\.gradle\caches\forge_gradle\minecraft_user_repo\net\minecraftforge\forge\1.16.1-32.0.75_
Launcher Type: SUN_STANDARD

Environment Variables:
JAVA_HOME=C:\Program Files\Java\jdk-11.0.4
PATH=C:\Program Files\Docker\Docker\Resources\bin;C:\ProgramData\Oracle\Java\javapath;C:\WINDOWS\system32;C:\WINDOWS;C:\WINDOWS\System32\Wbem;C:\WINDOWS\System32\WindowsPowerShell\v1.0\;C:\Program Files (x86)\cloudControl;C:\Program Files\Git\cmd;C:\bin;C:\Program Files (x86)\Windows Kits\8.1\Windows Performance Toolkit\;C:\Program Files (x86)\PuTTY\;C:\Program Files (x86)\Nodist\bin;G:\save\sdk\android\tools;G:\save\sdk\android\platform-tools;C:\boxfuse;C:\Program Files (x86)\Skype\Phone\;C:\Program Files (x86)\GtkSharp\2.12\bin;C:\Program Files (x86)\IVI Foundation\VISA\WinNT\Bin;C:\WINDOWS\system32;C:\WINDOWS;C:\WINDOWS\System32\Wbem;C:\WINDOWS\System32\WindowsPowerShell\v1.0\;;C:\WINDOWS\System32\OpenSSH\;C:\Users\ervin_1nmnhvl\AppData\Local\Microsoft\WindowsApps;
USERNAME=ervin_1nmnhvl
OS=Windows_NT
PROCESSOR_IDENTIFIER=Intel64 Family 6 Model 42 Stepping 7, GenuineIntel



---------------  S Y S T E M  ---------------

OS: Windows 10.0 , 64 bit Build 19041 (10.0.19041.292)

CPU:total 4 (2 cores per cpu, 2 threads per core) family 6 model 42 stepping 7, cmov, cx8, fxsr, mmx, sse, sse2, sse3, ssse3, sse4.1, sse4.2, popcnt, avx, aes, clmul, ht, tsc, tscinvbit

Memory: 4k page, physical 8266764k(1476396k free), swap 10363916k(368k free)

vm_info: Java HotSpot(TM) 64-Bit Server VM (25.51-b03) for windows-amd64 JRE (1.8.0_51-b16), built on Jun  8 2015 18:03:07 by "java_re" with MS VC++ 10.0 (VS2010)

time: Thu Oct 01 16:08:25 2020
elapsed time: 2258 seconds (0d 0h 37m 38s)

