#
# There is insufficient memory for the Java Runtime Environment to continue.
# Native memory allocation (malloc) failed to allocate 281376 bytes for Chunk::new
# Possible reasons:
#   The system is out of physical RAM or swap space
#   In 32 bit mode, the process size limit was hit
# Possible solutions:
#   Reduce memory load on the system
#   Increase physical memory or swap space
#   Check if swap backing store is full
#   Use 64 bit Java on a 64 bit OS
#   Decrease Java heap size (-Xmx/-Xms)
#   Decrease number of Java threads
#   Decrease Java thread stack sizes (-Xss)
#   Set larger code cache with -XX:ReservedCodeCacheSize=
# This output file may be truncated or incomplete.
#
#  Out of Memory Error (allocation.cpp:390), pid=16300, tid=9732
#
# JRE version: Java(TM) SE Runtime Environment (8.0_51-b16) (build 1.8.0_51-b16)
# Java VM: Java HotSpot(TM) 64-Bit Server VM (25.51-b03 mixed mode windows-amd64 compressed oops)
# Failed to write core dump. Minidumps are not enabled by default on client versions of Windows
#

---------------  T H R E A D  ---------------

Current thread (0x00000000196d3000):  JavaThread "C2 CompilerThread0" daemon [_thread_in_native, id=9732, stack(0x00000000197f0000,0x00000000198f0000)]

Stack: [0x00000000197f0000,0x00000000198f0000]
Native frames: (J=compiled Java code, j=interpreted, Vv=VM code, C=native code)
V  [jvm.dll+0x32b4ca]
V  [jvm.dll+0x2797e3]
V  [jvm.dll+0x27a479]
V  [jvm.dll+0x271765]
V  [jvm.dll+0xcba02]
V  [jvm.dll+0xcbecc]
V  [jvm.dll+0x476f72]
V  [jvm.dll+0x4b95ff]
V  [jvm.dll+0x46c011]
V  [jvm.dll+0x46cd4e]
V  [jvm.dll+0x4501a2]
V  [jvm.dll+0xa43a2]
V  [jvm.dll+0xa4cdf]
V  [jvm.dll+0x2418a4]
V  [jvm.dll+0x29846a]
C  [msvcr100.dll+0x21d9f]
C  [msvcr100.dll+0x21e3b]
C  [KERNEL32.DLL+0x16fd4]
C  [ntdll.dll+0x4cec1]


Current CompileTask:
C2:  54984 7833  s!   4       sun.net.www.protocol.file.Handler::openConnection (269 bytes)


---------------  P R O C E S S  ---------------

Java Threads: ( => current thread )
  0x000000001cae2800 JavaThread "Worker-Bootstrap-3" daemon [_thread_in_Java, id=6444, stack(0x0000000026160000,0x0000000026260000)]
  0x000000001b235000 JavaThread "Worker-Bootstrap-2" daemon [_thread_in_Java, id=16012, stack(0x0000000026060000,0x0000000026160000)]
  0x000000002366d000 JavaThread "Worker-Bootstrap-1" daemon [_thread_in_Java, id=15736, stack(0x0000000025f60000,0x0000000026060000)]
  0x000000001d01e000 JavaThread "pool-3-thread-1" [_thread_in_Java, id=14256, stack(0x0000000022b70000,0x0000000022c70000)]
  0x0000000019df2800 JavaThread "pool-2-thread-1" daemon [_thread_blocked, id=13208, stack(0x00000000210b0000,0x00000000211b0000)]
  0x000000001a0e7800 JavaThread "Thread-3" daemon [_thread_blocked, id=12236, stack(0x00000000212c0000,0x00000000213c0000)]
  0x000000001a7bf800 JavaThread "Thread-2" daemon [_thread_in_native, id=7612, stack(0x000000001c300000,0x000000001c400000)]
  0x0000000019fb8000 JavaThread "Thread-1" daemon [_thread_blocked, id=12176, stack(0x000000001c200000,0x000000001c300000)]
  0x00000000196ed800 JavaThread "Service Thread" daemon [_thread_blocked, id=15920, stack(0x000000001a2f0000,0x000000001a3f0000)]
  0x00000000196da800 JavaThread "C1 CompilerThread2" daemon [_thread_in_vm, id=5060, stack(0x00000000199f0000,0x0000000019af0000)]
  0x00000000196d3800 JavaThread "C2 CompilerThread1" daemon [_thread_in_native, id=9448, stack(0x00000000198f0000,0x00000000199f0000)]
=>0x00000000196d3000 JavaThread "C2 CompilerThread0" daemon [_thread_in_native, id=9732, stack(0x00000000197f0000,0x00000000198f0000)]
  0x00000000196d1800 JavaThread "Monitor Ctrl-Break" daemon [_thread_in_native, id=13172, stack(0x00000000196f0000,0x00000000197f0000)]
  0x0000000017d96800 JavaThread "Attach Listener" daemon [_thread_blocked, id=9264, stack(0x00000000191f0000,0x00000000192f0000)]
  0x0000000017d95000 JavaThread "Signal Dispatcher" daemon [_thread_blocked, id=9984, stack(0x00000000190f0000,0x00000000191f0000)]
  0x000000000305b000 JavaThread "Finalizer" daemon [_thread_blocked, id=6940, stack(0x0000000018ff0000,0x00000000190f0000)]
  0x0000000003058000 JavaThread "Reference Handler" daemon [_thread_blocked, id=9104, stack(0x0000000018ef0000,0x0000000018ff0000)]
  0x0000000002f62800 JavaThread "main" [_thread_blocked, id=16564, stack(0x0000000002e60000,0x0000000002f60000)]

Other Threads:
  0x0000000003054000 VMThread [stack: 0x0000000018df0000,0x0000000018ef0000] [id=17768]
  0x0000000019bb7800 WatcherThread [stack: 0x000000001a3f0000,0x000000001a4f0000] [id=17132]

VM state:not at safepoint (normal execution)

VM Mutex/Monitor currently owned by a thread:  ([mutex/lock_event])
[0x0000000002f61150] CompiledIC_lock - owner thread: 0x00000000196da800

Heap:
 PSYoungGen      total 478208K, used 242145K [0x00000000d5f00000, 0x00000000ffc80000, 0x0000000100000000)
  eden space 302080K, 72% used [0x00000000d5f00000,0x00000000e356b8f0,0x00000000e8600000)
  from space 176128K, 12% used [0x00000000e8600000,0x00000000e9c0cb60,0x00000000f3200000)
  to   space 171520K, 0% used [0x00000000f5500000,0x00000000f5500000,0x00000000ffc80000)
 ParOldGen       total 326144K, used 188152K [0x0000000081c00000, 0x0000000095a80000, 0x00000000d5f00000)
  object space 326144K, 57% used [0x0000000081c00000,0x000000008d3be170,0x0000000095a80000)
 Metaspace       used 49694K, capacity 53778K, committed 54016K, reserved 1095680K
  class space    used 7056K, capacity 8082K, committed 8192K, reserved 1048576K

Card table byte_map: [0x0000000012620000,0x0000000012a20000] byte_map_base: 0x0000000012212000

Marking Bits: (ParMarkBitMap*) 0x00000000768d4040
 Begin Bits: [0x00000000130d0000, 0x0000000015060000)
 End Bits:   [0x0000000015060000, 0x0000000016ff0000)

Polling page: 0x00000000013b0000

CodeCache: size=245760Kb used=19137Kb max_used=19608Kb free=226622Kb
 bounds [0x0000000003260000, 0x00000000045d0000, 0x0000000012260000]
 total_blobs=7346 nmethods=6198 adapters=1060
 compilation: enabled

Compilation events (10 events):
Event: 54.623 Thread 0x00000000196d3000 nmethod 7829 0x000000000408d1d0 code [0x000000000408d320, 0x000000000408d438]
Event: 54.623 Thread 0x00000000196d3000 7830       4       org.objectweb.asm.AnnotationWriter::computeAnnotationsSize (66 bytes)
Event: 54.625 Thread 0x00000000196d3000 nmethod 7830 0x0000000004178a10 code [0x0000000004178b60, 0x0000000004178ca8]
Event: 54.628 Thread 0x00000000196d3800 nmethod 7827 0x0000000004343ad0 code [0x0000000004343c80, 0x00000000043445c8]
Event: 54.893 Thread 0x00000000196d3000 7831       4       sun.net.www.protocol.jar.Handler::indexOfBangSlash (52 bytes)
Event: 54.893 Thread 0x00000000196d3800 7832       4       sun.net.www.protocol.jar.Handler::parseContextSpec (154 bytes)
Event: 54.898 Thread 0x00000000196d3000 nmethod 7831 0x0000000004394190 code [0x00000000043942e0, 0x00000000043944d8]
Event: 54.901 Thread 0x00000000196d3800 nmethod 7832 0x0000000004533a90 code [0x0000000004533c00, 0x0000000004533ef8]
Event: 54.901 Thread 0x00000000196d3000 7833  s!   4       sun.net.www.protocol.file.Handler::openConnection (269 bytes)
Event: 54.901 Thread 0x00000000196d3800 7834  s    4       sun.net.www.protocol.file.Handler::openConnection (7 bytes)

GC Heap History (10 events):
Event: 53.190 GC heap before
{Heap before GC invocations=28 (full 5):
 PSYoungGen      total 457216K, used 268288K [0x00000000d5f00000, 0x00000000fef00000, 0x0000000100000000)
  eden space 268288K, 100% used [0x00000000d5f00000,0x00000000e6500000,0x00000000e6500000)
  from space 188928K, 0% used [0x00000000f3680000,0x00000000f3680000,0x00000000fef00000)
  to   space 201728K, 0% used [0x00000000e6500000,0x00000000e6500000,0x00000000f2a00000)
 ParOldGen       total 326144K, used 170752K [0x0000000081c00000, 0x0000000095a80000, 0x00000000d5f00000)
  object space 326144K, 52% used [0x0000000081c00000,0x000000008c2c0338,0x0000000095a80000)
 Metaspace       used 48488K, capacity 52498K, committed 52608K, reserved 1093632K
  class space    used 6743K, capacity 7746K, committed 7808K, reserved 1048576K
Event: 53.317 GC heap after
Heap after GC invocations=28 (full 5):
 PSYoungGen      total 470016K, used 48872K [0x00000000d5f00000, 0x00000000fef00000, 0x0000000100000000)
  eden space 268288K, 0% used [0x00000000d5f00000,0x00000000d5f00000,0x00000000e6500000)
  from space 201728K, 24% used [0x00000000e6500000,0x00000000e94ba390,0x00000000f2a00000)
  to   space 188928K, 0% used [0x00000000f3680000,0x00000000f3680000,0x00000000fef00000)
 ParOldGen       total 326144K, used 170752K [0x0000000081c00000, 0x0000000095a80000, 0x00000000d5f00000)
  object space 326144K, 52% used [0x0000000081c00000,0x000000008c2c0338,0x0000000095a80000)
 Metaspace       used 48488K, capacity 52498K, committed 52608K, reserved 1093632K
  class space    used 6743K, capacity 7746K, committed 7808K, reserved 1048576K
}
Event: 53.478 GC heap before
{Heap before GC invocations=29 (full 5):
 PSYoungGen      total 470016K, used 317160K [0x00000000d5f00000, 0x00000000fef00000, 0x0000000100000000)
  eden space 268288K, 100% used [0x00000000d5f00000,0x00000000e6500000,0x00000000e6500000)
  from space 201728K, 24% used [0x00000000e6500000,0x00000000e94ba390,0x00000000f2a00000)
  to   space 188928K, 0% used [0x00000000f3680000,0x00000000f3680000,0x00000000fef00000)
 ParOldGen       total 326144K, used 170752K [0x0000000081c00000, 0x0000000095a80000, 0x00000000d5f00000)
  object space 326144K, 52% used [0x0000000081c00000,0x000000008c2c0338,0x0000000095a80000)
 Metaspace       used 48677K, capacity 52736K, committed 52864K, reserved 1093632K
  class space    used 6790K, capacity 7785K, committed 7808K, reserved 1048576K
Event: 53.531 GC heap after
Heap after GC invocations=29 (full 5):
 PSYoungGen      total 457216K, used 15722K [0x00000000d5f00000, 0x00000000fef00000, 0x0000000100000000)
  eden space 268288K, 0% used [0x00000000d5f00000,0x00000000d5f00000,0x00000000e6500000)
  from space 188928K, 8% used [0x00000000f3680000,0x00000000f45dab98,0x00000000fef00000)
  to   space 201728K, 0% used [0x00000000e6500000,0x00000000e6500000,0x00000000f2a00000)
 ParOldGen       total 326144K, used 177488K [0x0000000081c00000, 0x0000000095a80000, 0x00000000d5f00000)
  object space 326144K, 54% used [0x0000000081c00000,0x000000008c954348,0x0000000095a80000)
 Metaspace       used 48677K, capacity 52736K, committed 52864K, reserved 1093632K
  class space    used 6790K, capacity 7785K, committed 7808K, reserved 1048576K
}
Event: 53.908 GC heap before
{Heap before GC invocations=30 (full 5):
 PSYoungGen      total 457216K, used 284010K [0x00000000d5f00000, 0x00000000fef00000, 0x0000000100000000)
  eden space 268288K, 100% used [0x00000000d5f00000,0x00000000e6500000,0x00000000e6500000)
  from space 188928K, 8% used [0x00000000f3680000,0x00000000f45dab98,0x00000000fef00000)
  to   space 201728K, 0% used [0x00000000e6500000,0x00000000e6500000,0x00000000f2a00000)
 ParOldGen       total 326144K, used 177488K [0x0000000081c00000, 0x0000000095a80000, 0x00000000d5f00000)
  object space 326144K, 54% used [0x0000000081c00000,0x000000008c954348,0x0000000095a80000)
 Metaspace       used 48976K, capacity 53054K, committed 53248K, reserved 1095680K
  class space    used 6878K, capacity 7896K, committed 7936K, reserved 1048576K
Event: 53.993 GC heap after
Heap after GC invocations=30 (full 5):
 PSYoungGen      total 470016K, used 32933K [0x00000000d5f00000, 0x00000000fec80000, 0x0000000100000000)
  eden space 268288K, 0% used [0x00000000d5f00000,0x00000000d5f00000,0x00000000e6500000)
  from space 201728K, 16% used [0x00000000e6500000,0x00000000e8529780,0x00000000f2a00000)
  to   space 185344K, 0% used [0x00000000f3780000,0x00000000f3780000,0x00000000fec80000)
 ParOldGen       total 326144K, used 178434K [0x0000000081c00000, 0x0000000095a80000, 0x00000000d5f00000)
  object space 326144K, 54% used [0x0000000081c00000,0x000000008ca409a0,0x0000000095a80000)
 Metaspace       used 48976K, capacity 53054K, committed 53248K, reserved 1095680K
  class space    used 6878K, capacity 7896K, committed 7936K, reserved 1048576K
}
Event: 54.406 GC heap before
{Heap before GC invocations=31 (full 5):
 PSYoungGen      total 470016K, used 301221K [0x00000000d5f00000, 0x00000000fec80000, 0x0000000100000000)
  eden space 268288K, 100% used [0x00000000d5f00000,0x00000000e6500000,0x00000000e6500000)
  from space 201728K, 16% used [0x00000000e6500000,0x00000000e8529780,0x00000000f2a00000)
  to   space 185344K, 0% used [0x00000000f3780000,0x00000000f3780000,0x00000000fec80000)
 ParOldGen       total 326144K, used 178434K [0x0000000081c00000, 0x0000000095a80000, 0x00000000d5f00000)
  object space 326144K, 54% used [0x0000000081c00000,0x000000008ca409a0,0x0000000095a80000)
 Metaspace       used 49353K, capacity 53444K, committed 53632K, reserved 1095680K
  class space    used 6984K, capacity 8011K, committed 8064K, reserved 1048576K
Event: 54.519 GC heap after
Heap after GC invocations=31 (full 5):
 PSYoungGen      total 472576K, used 48683K [0x00000000d5f00000, 0x00000000fde00000, 0x0000000100000000)
  eden space 302080K, 0% used [0x00000000d5f00000,0x00000000d5f00000,0x00000000e8600000)
  from space 170496K, 28% used [0x00000000f3780000,0x00000000f670ada8,0x00000000fde00000)
  to   space 176128K, 0% used [0x00000000e8600000,0x00000000e8600000,0x00000000f3200000)
 ParOldGen       total 326144K, used 181022K [0x0000000081c00000, 0x0000000095a80000, 0x00000000d5f00000)
  object space 326144K, 55% used [0x0000000081c00000,0x000000008ccc7808,0x0000000095a80000)
 Metaspace       used 49353K, capacity 53444K, committed 53632K, reserved 1095680K
  class space    used 6984K, capacity 8011K, committed 8064K, reserved 1048576K
}
Event: 54.705 GC heap before
{Heap before GC invocations=32 (full 5):
 PSYoungGen      total 472576K, used 350763K [0x00000000d5f00000, 0x00000000fde00000, 0x0000000100000000)
  eden space 302080K, 100% used [0x00000000d5f00000,0x00000000e8600000,0x00000000e8600000)
  from space 170496K, 28% used [0x00000000f3780000,0x00000000f670ada8,0x00000000fde00000)
  to   space 176128K, 0% used [0x00000000e8600000,0x00000000e8600000,0x00000000f3200000)
 ParOldGen       total 326144K, used 181024K [0x0000000081c00000, 0x0000000095a80000, 0x00000000d5f00000)
  object space 326144K, 55% used [0x0000000081c00000,0x000000008ccc8160,0x0000000095a80000)
 Metaspace       used 49597K, capacity 53682K, committed 53888K, reserved 1095680K
  class space    used 7023K, capacity 8050K, committed 8064K, reserved 1048576K
Event: 54.763 GC heap after
Heap after GC invocations=32 (full 5):
 PSYoungGen      total 478208K, used 22578K [0x00000000d5f00000, 0x00000000ffc80000, 0x0000000100000000)
  eden space 302080K, 0% used [0x00000000d5f00000,0x00000000d5f00000,0x00000000e8600000)
  from space 176128K, 12% used [0x00000000e8600000,0x00000000e9c0cb60,0x00000000f3200000)
  to   space 171520K, 0% used [0x00000000f5500000,0x00000000f5500000,0x00000000ffc80000)
 ParOldGen       total 326144K, used 188152K [0x0000000081c00000, 0x0000000095a80000, 0x00000000d5f00000)
  object space 326144K, 57% used [0x0000000081c00000,0x000000008d3be170,0x0000000095a80000)
 Metaspace       used 49597K, capacity 53682K, committed 53888K, reserved 1095680K
  class space    used 7023K, capacity 8050K, committed 8064K, reserved 1048576K
}

Deoptimization events (10 events):
Event: 51.799 Thread 0x000000001cae2800 Uncommon trap: reason=class_check action=maybe_recompile pc=0x0000000003edccd8 method=com.mojang.datafixers.functions.Apply$$Lambda$1385/1412703277.apply(Ljava/lang/Object;)Ljava/lang/Object; @ 5
Event: 52.806 Thread 0x000000001cae2800 Uncommon trap: reason=class_check action=maybe_recompile pc=0x000000000410c0d4 method=com.mojang.datafixers.types.templates.Named.equals(Ljava/lang/Object;)Z @ 8
Event: 52.806 Thread 0x000000001cae2800 Uncommon trap: reason=class_check action=maybe_recompile pc=0x000000000410c0d4 method=com.mojang.datafixers.types.templates.Named.equals(Ljava/lang/Object;)Z @ 8
Event: 52.854 Thread 0x000000001cae2800 Uncommon trap: reason=class_check action=maybe_recompile pc=0x000000000410c0d4 method=com.mojang.datafixers.types.templates.Named.equals(Ljava/lang/Object;)Z @ 8
Event: 52.854 Thread 0x000000001cae2800 Uncommon trap: reason=class_check action=maybe_recompile pc=0x000000000410c0d4 method=com.mojang.datafixers.types.templates.Named.equals(Ljava/lang/Object;)Z @ 8
Event: 53.119 Thread 0x000000002366d000 Uncommon trap: reason=class_check action=maybe_recompile pc=0x0000000003edccd8 method=com.mojang.datafixers.functions.Apply$$Lambda$1385/1412703277.apply(Ljava/lang/Object;)Ljava/lang/Object; @ 5
Event: 53.119 Thread 0x000000002366d000 Uncommon trap: reason=class_check action=maybe_recompile pc=0x0000000003edccd8 method=com.mojang.datafixers.functions.Apply$$Lambda$1385/1412703277.apply(Ljava/lang/Object;)Ljava/lang/Object; @ 5
Event: 54.146 Thread 0x000000002366d000 Uncommon trap: reason=unstable_if action=reinterpret pc=0x00000000037812d8 method=com.mojang.datafixers.types.templates.Tag$TagType.equals(Ljava/lang/Object;ZZ)Z @ 42
Event: 54.383 Thread 0x000000002366d000 Uncommon trap: reason=null_check action=make_not_entrant pc=0x00000000034fda3c method=com.mojang.datafixers.types.templates.Product$ProductType.equals(Ljava/lang/Object;ZZ)Z @ 1
Event: 54.613 Thread 0x000000001d01e000 Uncommon trap: reason=unstable_if action=reinterpret pc=0x000000000397e57c method=org.objectweb.asm.SymbolTable.addConstantMemberReference(ILjava/lang/String;Ljava/lang/String;Ljava/lang/String;)Lorg/objectweb/asm/SymbolTable$Entry; @ 51

Internal exceptions (10 events):
Event: 54.886 Thread 0x000000001d01e000 Exception <a 'sun/nio/fs/WindowsException'> (0x00000000df9a11f0) thrown at [C:\re\workspace\8-2-build-windows-amd64-cygwin\jdk8u51\3951\hotspot\src\share\vm\prims\jni.cpp, line 709]
Event: 54.886 Thread 0x000000001d01e000 Exception <a 'sun/nio/fs/WindowsException'> (0x00000000df9a1730) thrown at [C:\re\workspace\8-2-build-windows-amd64-cygwin\jdk8u51\3951\hotspot\src\share\vm\prims\jni.cpp, line 709]
Event: 54.886 Thread 0x000000001d01e000 Exception <a 'sun/nio/fs/WindowsException'> (0x00000000df9a25c0) thrown at [C:\re\workspace\8-2-build-windows-amd64-cygwin\jdk8u51\3951\hotspot\src\share\vm\prims\jni.cpp, line 709]
Event: 54.886 Thread 0x000000001d01e000 Exception <a 'sun/nio/fs/WindowsException'> (0x00000000df9a2b70) thrown at [C:\re\workspace\8-2-build-windows-amd64-cygwin\jdk8u51\3951\hotspot\src\share\vm\prims\jni.cpp, line 709]
Event: 54.909 Thread 0x000000001d01e000 Exception <a 'sun/nio/fs/WindowsException'> (0x00000000e03420a8) thrown at [C:\re\workspace\8-2-build-windows-amd64-cygwin\jdk8u51\3951\hotspot\src\share\vm\prims\jni.cpp, line 709]
Event: 54.909 Thread 0x000000001d01e000 Exception <a 'sun/nio/fs/WindowsException'> (0x00000000e03425f8) thrown at [C:\re\workspace\8-2-build-windows-amd64-cygwin\jdk8u51\3951\hotspot\src\share\vm\prims\jni.cpp, line 709]
Event: 54.910 Thread 0x000000001d01e000 Exception <a 'sun/nio/fs/WindowsException'> (0x00000000e03434d0) thrown at [C:\re\workspace\8-2-build-windows-amd64-cygwin\jdk8u51\3951\hotspot\src\share\vm\prims\jni.cpp, line 709]
Event: 54.910 Thread 0x000000001d01e000 Exception <a 'sun/nio/fs/WindowsException'> (0x00000000e0343a30) thrown at [C:\re\workspace\8-2-build-windows-amd64-cygwin\jdk8u51\3951\hotspot\src\share\vm\prims\jni.cpp, line 709]
Event: 54.911 Thread 0x000000001d01e000 Exception <a 'sun/nio/fs/WindowsException'> (0x00000000e0344938) thrown at [C:\re\workspace\8-2-build-windows-amd64-cygwin\jdk8u51\3951\hotspot\src\share\vm\prims\jni.cpp, line 709]
Event: 54.911 Thread 0x000000001d01e000 Exception <a 'sun/nio/fs/WindowsException'> (0x00000000e0344f38) thrown at [C:\re\workspace\8-2-build-windows-amd64-cygwin\jdk8u51\3951\hotspot\src\share\vm\prims\jni.cpp, line 709]

Events (10 events):
Event: 54.613 Thread 0x000000001d01e000 DEOPT PACKING pc=0x000000000397e57c sp=0x0000000022c6c870
Event: 54.613 Thread 0x000000001d01e000 DEOPT UNPACKING pc=0x00000000032a582a sp=0x0000000022c6c880 mode 2
Event: 54.704 Executing VM operation: ParallelGCFailedAllocation
Event: 54.704 Executing VM operation: ParallelGCFailedAllocation done
Event: 54.704 Executing VM operation: ParallelGCSystemGC
Event: 54.763 Executing VM operation: ParallelGCSystemGC done
Event: 54.898 Thread 0x00000000196d3000 flushing nmethod 0x00000000033e3510
Event: 54.901 Thread 0x00000000196d3800 flushing nmethod 0x000000000347b8d0
Event: 54.901 Thread 0x00000000196d3800 flushing nmethod 0x000000000349c350
Event: 54.901 Thread 0x00000000196d3800 flushing nmethod 0x000000000349f990


Dynamic libraries:
0x00007ff650730000 - 0x00007ff650767000 	C:\Program Files (x86)\Minecraft\runtime\jre-x64\bin\java.exe
0x00007ff90a4b0000 - 0x00007ff90a6a5000 	C:\WINDOWS\SYSTEM32\ntdll.dll
0x00007ff909900000 - 0x00007ff9099bd000 	C:\WINDOWS\System32\KERNEL32.DLL
0x00007ff908240000 - 0x00007ff908507000 	C:\WINDOWS\System32\KERNELBASE.dll
0x00007ff9093c0000 - 0x00007ff90946a000 	C:\WINDOWS\System32\ADVAPI32.dll
0x00007ff908810000 - 0x00007ff9088ae000 	C:\WINDOWS\System32\msvcrt.dll
0x00007ff90a030000 - 0x00007ff90a0cb000 	C:\WINDOWS\System32\sechost.dll
0x00007ff9086e0000 - 0x00007ff908804000 	C:\WINDOWS\System32\RPCRT4.dll
0x00007ff90a190000 - 0x00007ff90a330000 	C:\WINDOWS\System32\USER32.dll
0x00007ff907d50000 - 0x00007ff907d72000 	C:\WINDOWS\System32\win32u.dll
0x00007ff909540000 - 0x00007ff90956a000 	C:\WINDOWS\System32\GDI32.dll
0x00007ff908030000 - 0x00007ff908139000 	C:\WINDOWS\System32\gdi32full.dll
0x00007ff907ee0000 - 0x00007ff907f7d000 	C:\WINDOWS\System32\msvcp_win.dll
0x00007ff908140000 - 0x00007ff908240000 	C:\WINDOWS\System32\ucrtbase.dll
0x00007ff8eb8d0000 - 0x00007ff8ebb6b000 	C:\WINDOWS\WinSxS\amd64_microsoft.windows.common-controls_6595b64144ccf1df_6.0.19041.488_none_ca04af081b815d21\COMCTL32.dll
0x00007ff909aa0000 - 0x00007ff909ad0000 	C:\WINDOWS\System32\IMM32.DLL
0x0000000076960000 - 0x0000000076a32000 	C:\Program Files (x86)\Minecraft\runtime\jre-x64\bin\msvcr100.dll
0x00000000760d0000 - 0x0000000076953000 	C:\Program Files (x86)\Minecraft\runtime\jre-x64\bin\server\jvm.dll
0x00007ff909810000 - 0x00007ff909818000 	C:\WINDOWS\System32\PSAPI.DLL
0x00007ff8e1fd0000 - 0x00007ff8e1fd9000 	C:\WINDOWS\SYSTEM32\WSOCK32.dll
0x00007ff9094d0000 - 0x00007ff90953b000 	C:\WINDOWS\System32\WS2_32.dll
0x00007ff900ec0000 - 0x00007ff900ee7000 	C:\WINDOWS\SYSTEM32\WINMM.dll
0x00007ff900930000 - 0x00007ff90093a000 	C:\WINDOWS\SYSTEM32\VERSION.dll
0x00000000760c0000 - 0x00000000760cf000 	C:\Program Files (x86)\Minecraft\runtime\jre-x64\bin\verify.dll
0x0000000076090000 - 0x00000000760b9000 	C:\Program Files (x86)\Minecraft\runtime\jre-x64\bin\java.dll
0x0000000076060000 - 0x0000000076083000 	C:\Program Files (x86)\Minecraft\runtime\jre-x64\bin\instrument.dll
0x0000000076040000 - 0x0000000076056000 	C:\Program Files (x86)\Minecraft\runtime\jre-x64\bin\zip.dll
0x00007ff908c70000 - 0x00007ff9093b1000 	C:\WINDOWS\System32\SHELL32.dll
0x00007ff905bc0000 - 0x00007ff906353000 	C:\WINDOWS\SYSTEM32\windows.storage.dll
0x00007ff9088b0000 - 0x00007ff908c05000 	C:\WINDOWS\System32\combase.dll
0x00007ff9074c0000 - 0x00007ff9074ec000 	C:\WINDOWS\SYSTEM32\Wldp.dll
0x00007ff90a0e0000 - 0x00007ff90a18e000 	C:\WINDOWS\System32\SHCORE.dll
0x00007ff909fd0000 - 0x00007ff90a025000 	C:\WINDOWS\System32\shlwapi.dll
0x00007ff907b20000 - 0x00007ff907b46000 	C:\WINDOWS\SYSTEM32\profapi.dll
0x00007ff8f7c70000 - 0x00007ff8f7c8a000 	C:\Users\ervin_1nmnhvl\AppData\Local\JetBrains\Toolbox\apps\IDEA-U\ch-0\202.6397.94\bin\breakgen64.dll
0x0000000076020000 - 0x000000007603a000 	C:\Program Files (x86)\Minecraft\runtime\jre-x64\bin\net.dll
0x00007ff9072b0000 - 0x00007ff90731a000 	C:\WINDOWS\system32\mswsock.dll
0x0000000076010000 - 0x000000007601d000 	C:\Program Files (x86)\Minecraft\runtime\jre-x64\bin\management.dll
0x00007ff8d6850000 - 0x00007ff8d6867000 	C:\WINDOWS\system32\napinsp.dll
0x00007ff8d9b80000 - 0x00007ff8d9b9b000 	C:\WINDOWS\system32\pnrpnsp.dll
0x00007ff902980000 - 0x00007ff902995000 	C:\WINDOWS\system32\wshbth.dll
0x00007ff903320000 - 0x00007ff90333d000 	C:\WINDOWS\system32\NLAapi.dll
0x00007ff906fc0000 - 0x00007ff906ffb000 	C:\WINDOWS\SYSTEM32\IPHLPAPI.DLL
0x00007ff907000000 - 0x00007ff9070cb000 	C:\WINDOWS\SYSTEM32\DNSAPI.dll
0x00007ff90a460000 - 0x00007ff90a469000 	C:\WINDOWS\System32\NSI.dll
0x00007ff8d9ba0000 - 0x00007ff8d9bb2000 	C:\WINDOWS\System32\winrnr.dll
0x00007ff8f8de0000 - 0x00007ff8f8dea000 	C:\Windows\System32\rasadhlp.dll
0x00007ff8fce90000 - 0x00007ff8fcf0f000 	C:\WINDOWS\System32\fwpuclnt.dll
0x00007ff907f80000 - 0x00007ff907fa7000 	C:\WINDOWS\System32\bcrypt.dll
0x0000000075ff0000 - 0x0000000076001000 	C:\Program Files (x86)\Minecraft\runtime\jre-x64\bin\nio.dll
0x0000000075fc0000 - 0x0000000075fe4000 	C:\Program Files (x86)\Minecraft\runtime\jre-x64\bin\sunec.dll
0x00007ff9077f0000 - 0x00007ff907808000 	C:\WINDOWS\SYSTEM32\CRYPTSP.dll
0x00007ff906b60000 - 0x00007ff906b94000 	C:\WINDOWS\system32\rsaenh.dll
0x00007ff907ae0000 - 0x00007ff907b0e000 	C:\WINDOWS\SYSTEM32\USERENV.dll
0x00007ff907fb0000 - 0x00007ff90802f000 	C:\WINDOWS\System32\bcryptprimitives.dll
0x00007ff907430000 - 0x00007ff90743c000 	C:\WINDOWS\SYSTEM32\CRYPTBASE.dll
0x00007ff8fa5b0000 - 0x00007ff8fa5c7000 	C:\WINDOWS\SYSTEM32\dhcpcsvc6.DLL
0x00007ff8fa470000 - 0x00007ff8fa48d000 	C:\WINDOWS\SYSTEM32\dhcpcsvc.DLL
0x00007ff8f7ac0000 - 0x00007ff8f7b32000 	C:\Users\ervin_1nmnhvl\AppData\Local\Temp\lwjglervin_1nmnhvl\3.2.2-build-10\lwjgl.dll
0x00007ff8cfa60000 - 0x00007ff8cfcb1000 	C:\Users\ERVIN_~1\AppData\Local\Temp\lwjglervin_1nmnhvl\3.2.2-build-10\jemalloc.dll
0x00007ff8f30a0000 - 0x00007ff8f30fe000 	C:\Users\ERVIN_~1\AppData\Local\Temp\lwjglervin_1nmnhvl\3.2.2-build-10\glfw.dll
0x00007ff905480000 - 0x00007ff90551f000 	C:\WINDOWS\system32\uxtheme.dll
0x00007ff8e42e0000 - 0x00007ff8e4325000 	C:\WINDOWS\SYSTEM32\dinput8.dll
0x00007ff8f4e00000 - 0x00007ff8f4e11000 	C:\WINDOWS\SYSTEM32\xinput1_4.dll
0x00007ff907e90000 - 0x00007ff907edd000 	C:\WINDOWS\System32\cfgmgr32.dll
0x00007ff9078d0000 - 0x00007ff9078fc000 	C:\WINDOWS\SYSTEM32\DEVOBJ.dll
0x00007ff905830000 - 0x00007ff90585f000 	C:\WINDOWS\SYSTEM32\dwmapi.dll
0x00007ff8f7440000 - 0x00007ff8f7592000 	C:\WINDOWS\SYSTEM32\inputhost.dll
0x00007ff909740000 - 0x00007ff90980d000 	C:\WINDOWS\System32\OLEAUT32.dll
0x00007ff904c40000 - 0x00007ff904d32000 	C:\WINDOWS\SYSTEM32\CoreMessaging.dll
0x00007ff9031d0000 - 0x00007ff9032c7000 	C:\WINDOWS\SYSTEM32\PROPSYS.dll
0x00007ff904570000 - 0x00007ff9046c6000 	C:\WINDOWS\SYSTEM32\wintypes.dll
0x00007ff904d40000 - 0x00007ff90509a000 	C:\WINDOWS\SYSTEM32\CoreUIComponents.dll
0x00007ff906800000 - 0x00007ff906833000 	C:\WINDOWS\SYSTEM32\ntmarta.dll
0x00007ff9063a0000 - 0x00007ff9063b3000 	C:\WINDOWS\SYSTEM32\kernel.appcore.dll
0x00007ff9085c0000 - 0x00007ff9086d5000 	C:\WINDOWS\System32\MSCTF.dll
0x00007ff906360000 - 0x00007ff90636d000 	C:\WINDOWS\SYSTEM32\HID.DLL
0x00007ff909ad0000 - 0x00007ff909f37000 	C:\WINDOWS\System32\SETUPAPI.DLL
0x00007ff907d80000 - 0x00007ff907de0000 	C:\WINDOWS\System32\WINTRUST.dll
0x00007ff907bf0000 - 0x00007ff907d4d000 	C:\WINDOWS\System32\CRYPT32.dll
0x00007ff9078b0000 - 0x00007ff9078c2000 	C:\WINDOWS\SYSTEM32\MSASN1.dll
0x00007ff8d09c0000 - 0x00007ff8d0ae5000 	C:\WINDOWS\SYSTEM32\opengl32.dll
0x00007ff8fb4e0000 - 0x00007ff8fb50c000 	C:\WINDOWS\SYSTEM32\GLU32.dll
0x00007ff908510000 - 0x00007ff9085b8000 	C:\WINDOWS\System32\clbcatq.dll
0x00007ff8cedd0000 - 0x00007ff8cfa54000 	C:\WINDOWS\SYSTEM32\ig4icd64.dll
0x00007ff906410000 - 0x00007ff906503000 	C:\WINDOWS\SYSTEM32\dxgi.dll
0x00007ff903d70000 - 0x00007ff903fd3000 	C:\WINDOWS\SYSTEM32\d3d11.dll
0x00007ff8d3d90000 - 0x00007ff8d49e0000 	C:\WINDOWS\SYSTEM32\igd10umd64.dll
0x00007ff8fce40000 - 0x00007ff8fce7b000 	C:\WINDOWS\SYSTEM32\dxcore.dll
0x00007ff8d6a90000 - 0x00007ff8d6b0f000 	C:\Users\ervin_1nmnhvl\AppData\Local\Temp\lwjglervin_1nmnhvl\3.2.2-build-10\lwjgl_stb.dll
0x00007ff902690000 - 0x00007ff90273e000 	C:\WINDOWS\SYSTEM32\mscms.dll
0x00007ff9025e0000 - 0x00007ff9025f1000 	C:\WINDOWS\SYSTEM32\ColorAdapterClient.dll
0x00007ff8d9ad0000 - 0x00007ff8d9b13000 	C:\WINDOWS\SYSTEM32\icm32.dll
0x00007ff8f75a0000 - 0x00007ff8f769d000 	C:\WINDOWS\SYSTEM32\textinputframework.dll
0x00007ff8d5e70000 - 0x00007ff8d5ec8000 	C:\Users\ervin_1nmnhvl\AppData\Local\Temp\lwjglervin_1nmnhvl\3.2.2-build-10\lwjgl_opengl.dll
0x00007ff8ff750000 - 0x00007ff8ff934000 	C:\WINDOWS\SYSTEM32\dbghelp.dll

VM Arguments:
jvm_args: -Dforge.logging.console.level=debug -Dforge.logging.markers=SCAN,REGISTRIES,REGISTRYDUMP -XX:HeapDumpPath=MojangTricksIntelDriversForPerformance_javaw.exe_minecraft.exe.heapdump -Dos.name=Windows 10 -Dos.version=10.0 -javaagent:C:\Users\ervin_1nmnhvl\AppData\Local\JetBrains\Toolbox\apps\IDEA-U\ch-0\202.6397.94\lib\idea_rt.jar=57467:C:\Users\ervin_1nmnhvl\AppData\Local\JetBrains\Toolbox\apps\IDEA-U\ch-0\202.6397.94\bin -Dfile.encoding=UTF-8 
java_command: net.minecraftforge.userdev.LaunchTesting
java_class_path (initial): C:\Program Files (x86)\Minecraft\runtime\jre-x64\lib\charsets.jar;C:\Program Files (x86)\Minecraft\runtime\jre-x64\lib\deploy.jar;C:\Program Files (x86)\Minecraft\runtime\jre-x64\lib\ext\access-bridge-64.jar;C:\Program Files (x86)\Minecraft\runtime\jre-x64\lib\ext\cldrdata.jar;C:\Program Files (x86)\Minecraft\runtime\jre-x64\lib\ext\dnsns.jar;C:\Program Files (x86)\Minecraft\runtime\jre-x64\lib\ext\jaccess.jar;C:\Program Files (x86)\Minecraft\runtime\jre-x64\lib\ext\jfxrt.jar;C:\Program Files (x86)\Minecraft\runtime\jre-x64\lib\ext\localedata.jar;C:\Program Files (x86)\Minecraft\runtime\jre-x64\lib\ext\nashorn.jar;C:\Program Files (x86)\Minecraft\runtime\jre-x64\lib\ext\sunec.jar;C:\Program Files (x86)\Minecraft\runtime\jre-x64\lib\ext\sunjce_provider.jar;C:\Program Files (x86)\Minecraft\runtime\jre-x64\lib\ext\sunmscapi.jar;C:\Program Files (x86)\Minecraft\runtime\jre-x64\lib\ext\sunpkcs11.jar;C:\Program Files (x86)\Minecraft\runtime\jre-x64\lib\ext\zipfs.jar;C:\Program Files (x86)\Minecraft\runtime\jre-x64\lib\javaws.jar;C:\Program Files (x86)\Minecraft\runtime\jre-x64\lib\jce.jar;C:\Program Files (x86)\Minecraft\runtime\jre-x64\lib\jfr.jar;C:\Program Files (x86)\Minecraft\runtime\jre-x64\lib\jfxswt.jar;C:\Program Files (x86)\Minecraft\runtime\jre-x64\lib\jsse.jar;C:\Program Files (x86)\Minecraft\runtime\jre-x64\lib\management-agent.jar;C:\Program Files (x86)\Minecraft\runtime\jre-x64\lib\plugin.jar;C:\Program Files (x86)\Minecraft\runtime\jre-x64\lib\resources.jar;C:\Program Files (x86)\Minecraft\runtime\jre-x64\lib\rt.jar;C:\save\modding\ervin_mod_1\build\classes\java\main;C:\save\modding\ervin_mod_1\build\resources\main;C:\Users\ervin_1nmnhvl\.gradle\caches\forge_gradle\minecraft_user_repo\net\minecraftforge\forge\1.16.1-32.0.75_mapped_snapshot_20200723-1.16.1\forge-1.16.1-32.0.75_mapped_snapshot_20200723-1.16.1-recomp.jar;C:\Users\ervin_1nmnhvl\.gradle\caches\forge_gradle\minecraft_user_repo\net\minecraftforge\forge\1.16.1-32.0.75_
Launcher Type: SUN_STANDARD

Environment Variables:
JAVA_HOME=C:\Program Files\Java\jdk-11.0.4
PATH=C:\Program Files\Docker\Docker\Resources\bin;C:\ProgramData\Oracle\Java\javapath;C:\WINDOWS\system32;C:\WINDOWS;C:\WINDOWS\System32\Wbem;C:\WINDOWS\System32\WindowsPowerShell\v1.0\;C:\Program Files (x86)\cloudControl;C:\Program Files\Git\cmd;C:\bin;C:\Program Files (x86)\Windows Kits\8.1\Windows Performance Toolkit\;C:\Program Files (x86)\PuTTY\;C:\Program Files (x86)\Nodist\bin;G:\save\sdk\android\tools;G:\save\sdk\android\platform-tools;C:\boxfuse;C:\Program Files (x86)\Skype\Phone\;C:\Program Files (x86)\GtkSharp\2.12\bin;C:\Program Files (x86)\IVI Foundation\VISA\WinNT\Bin;C:\WINDOWS\system32;C:\WINDOWS;C:\WINDOWS\System32\Wbem;C:\WINDOWS\System32\WindowsPowerShell\v1.0\;;C:\WINDOWS\System32\OpenSSH\;C:\Users\ervin_1nmnhvl\AppData\Local\Microsoft\WindowsApps;
USERNAME=ervin_1nmnhvl
OS=Windows_NT
PROCESSOR_IDENTIFIER=Intel64 Family 6 Model 42 Stepping 7, GenuineIntel



---------------  S Y S T E M  ---------------

OS: Windows 10.0 , 64 bit Build 19041 (10.0.19041.292)

CPU:total 4 (2 cores per cpu, 2 threads per core) family 6 model 42 stepping 7, cmov, cx8, fxsr, mmx, sse, sse2, sse3, ssse3, sse4.1, sse4.2, popcnt, avx, aes, clmul, ht, tsc, tscinvbit

Memory: 4k page, physical 8266764k(456392k free), swap 10363916k(1408k free)

vm_info: Java HotSpot(TM) 64-Bit Server VM (25.51-b03) for windows-amd64 JRE (1.8.0_51-b16), built on Jun  8 2015 18:03:07 by "java_re" with MS VC++ 10.0 (VS2010)

time: Mon Oct 05 12:44:22 2020
elapsed time: 55 seconds (0d 0h 0m 55s)

