#
# There is insufficient memory for the Java Runtime Environment to continue.
# Native memory allocation (malloc) failed to allocate 1414736 bytes for Chunk::new
# Possible reasons:
#   The system is out of physical RAM or swap space
#   In 32 bit mode, the process size limit was hit
# Possible solutions:
#   Reduce memory load on the system
#   Increase physical memory or swap space
#   Check if swap backing store is full
#   Use 64 bit Java on a 64 bit OS
#   Decrease Java heap size (-Xmx/-Xms)
#   Decrease number of Java threads
#   Decrease Java thread stack sizes (-Xss)
#   Set larger code cache with -XX:ReservedCodeCacheSize=
# This output file may be truncated or incomplete.
#
#  Out of Memory Error (allocation.cpp:390), pid=18408, tid=8332
#
# JRE version: Java(TM) SE Runtime Environment (8.0_51-b16) (build 1.8.0_51-b16)
# Java VM: Java HotSpot(TM) 64-Bit Server VM (25.51-b03 mixed mode windows-amd64 compressed oops)
# Failed to write core dump. Minidumps are not enabled by default on client versions of Windows
#

---------------  T H R E A D  ---------------

Current thread (0x0000000019304000):  JavaThread "C2 CompilerThread0" daemon [_thread_in_native, id=8332, stack(0x0000000019420000,0x0000000019520000)]

Stack: [0x0000000019420000,0x0000000019520000]
Native frames: (J=compiled Java code, j=interpreted, Vv=VM code, C=native code)
V  [jvm.dll+0x32b4ca]
V  [jvm.dll+0x2797e3]
V  [jvm.dll+0x27a479]
V  [jvm.dll+0x271765]
V  [jvm.dll+0xcba02]
V  [jvm.dll+0xcbecc]
V  [jvm.dll+0x476f72]
V  [jvm.dll+0x4b95ff]
V  [jvm.dll+0x46b745]
V  [jvm.dll+0x46cd4e]
V  [jvm.dll+0x4501a2]
V  [jvm.dll+0xa43a2]
V  [jvm.dll+0xa4cdf]
V  [jvm.dll+0x2418a4]
V  [jvm.dll+0x29846a]
C  [msvcr100.dll+0x21d9f]
C  [msvcr100.dll+0x21e3b]
C  [KERNEL32.DLL+0x16fd4]
C  [ntdll.dll+0x4cec1]


Current CompileTask:
C2: 122937 12485       4       net.minecraft.client.renderer.model.BlockModel::bakeVanilla (270 bytes)


---------------  P R O C E S S  ---------------

Java Threads: ( => current thread )
  0x0000000021156800 JavaThread "modloading-worker-2" daemon [_thread_blocked, id=10404, stack(0x00000000459a0000,0x0000000045aa0000)]
  0x0000000021159000 JavaThread "modloading-worker-1" daemon [_thread_blocked, id=17752, stack(0x00000000458a0000,0x00000000459a0000)]
  0x0000000023dd3800 JavaThread "modloading-worker-0" daemon [_thread_blocked, id=2744, stack(0x00000000457a0000,0x00000000458a0000)]
  0x0000000023dd1800 JavaThread "Worker-Main-8" daemon [_thread_blocked, id=13124, stack(0x0000000035f80000,0x0000000036080000)]
  0x0000000023dce800 JavaThread "Worker-Main-7" daemon [_thread_blocked, id=7052, stack(0x000000002b620000,0x000000002b720000)]
  0x0000000023dd0800 JavaThread "Worker-Main-6" daemon [_thread_blocked, id=19180, stack(0x000000002b830000,0x000000002b930000)]
  0x0000000023dd3000 JavaThread "Worker-Main-5" daemon [_thread_blocked, id=3412, stack(0x000000002b730000,0x000000002b830000)]
  0x0000000023dd4800 JavaThread "Narrator" [_thread_blocked, id=19304, stack(0x000000002ad90000,0x000000002ae90000)]
  0x0000000023dd0000 JavaThread "Sound engine" daemon [_thread_blocked, id=12596, stack(0x0000000029d60000,0x0000000029e60000)]
  0x0000000024a92000 JavaThread "Snooper Timer" daemon [_thread_blocked, id=10888, stack(0x0000000028870000,0x0000000028970000)]
  0x0000000025599000 JavaThread "Timer hack thread" daemon [_thread_blocked, id=9792, stack(0x00000000266a0000,0x00000000267a0000)]
  0x000000002229a800 JavaThread "Worker-Bootstrap-1" daemon [_thread_blocked, id=16076, stack(0x00000000213d0000,0x00000000214d0000)]
  0x0000000021f7d000 JavaThread "pool-3-thread-1" [_thread_blocked, id=4604, stack(0x000000001fef0000,0x000000001fff0000)]
  0x000000001ac4d000 JavaThread "Thread-2" daemon [_thread_in_native, id=16196, stack(0x000000001be30000,0x000000001bf30000)]
  0x000000001ac38800 JavaThread "Thread-1" daemon [_thread_blocked, id=12700, stack(0x000000001bd30000,0x000000001be30000)]
  0x000000001931e000 JavaThread "Service Thread" daemon [_thread_blocked, id=15768, stack(0x0000000019f20000,0x000000001a020000)]
  0x0000000019308800 JavaThread "C1 CompilerThread2" daemon [_thread_blocked, id=5076, stack(0x0000000019620000,0x0000000019720000)]
  0x0000000019307000 JavaThread "C2 CompilerThread1" daemon [_thread_in_native, id=13440, stack(0x0000000019520000,0x0000000019620000)]
=>0x0000000019304000 JavaThread "C2 CompilerThread0" daemon [_thread_in_native, id=8332, stack(0x0000000019420000,0x0000000019520000)]
  0x00000000192b5800 JavaThread "Monitor Ctrl-Break" daemon [_thread_in_native, id=14000, stack(0x0000000019320000,0x0000000019420000)]
  0x00000000179d1800 JavaThread "Attach Listener" daemon [_thread_blocked, id=12844, stack(0x0000000018e20000,0x0000000018f20000)]
  0x00000000179d0000 JavaThread "Signal Dispatcher" daemon [_thread_blocked, id=12652, stack(0x0000000018d20000,0x0000000018e20000)]
  0x0000000002ca9800 JavaThread "Finalizer" daemon [_thread_blocked, id=12692, stack(0x0000000018c20000,0x0000000018d20000)]
  0x0000000002ca6000 JavaThread "Reference Handler" daemon [_thread_blocked, id=12592, stack(0x0000000018b20000,0x0000000018c20000)]
  0x0000000002bb2800 JavaThread "Render thread" [_thread_in_Java, id=12688, stack(0x0000000002ab0000,0x0000000002bb0000)]

Other Threads:
  0x0000000017989000 VMThread [stack: 0x0000000018a20000,0x0000000018b20000] [id=4852]
  0x00000000197a8800 WatcherThread [stack: 0x000000001a020000,0x000000001a120000] [id=9992]

VM state:not at safepoint (normal execution)

VM Mutex/Monitor currently owned by a thread: None

Heap:
 PSYoungGen      total 652800K, used 399537K [0x00000000d5f00000, 0x0000000100000000, 0x0000000100000000)
  eden space 617472K, 64% used [0x00000000d5f00000,0x00000000ee52c640,0x00000000fba00000)
  from space 35328K, 0% used [0x00000000fba00000,0x00000000fba00000,0x00000000fdc80000)
  to   space 36352K, 0% used [0x00000000fdc80000,0x00000000fdc80000,0x0000000100000000)
 ParOldGen       total 372736K, used 344393K [0x0000000081c00000, 0x0000000098800000, 0x00000000d5f00000)
  object space 372736K, 92% used [0x0000000081c00000,0x0000000096c52428,0x0000000098800000)
 Metaspace       used 77494K, capacity 85712K, committed 86016K, reserved 1120256K
  class space    used 12048K, capacity 14491K, committed 14592K, reserved 1048576K

Card table byte_map: [0x0000000012250000,0x0000000012650000] byte_map_base: 0x0000000011e42000

Marking Bits: (ParMarkBitMap*) 0x0000000060df4040
 Begin Bits: [0x0000000012d00000, 0x0000000014c90000)
 End Bits:   [0x0000000014c90000, 0x0000000016c20000)

Polling page: 0x00000000029c0000

CodeCache: size=245760Kb used=29338Kb max_used=29338Kb free=216421Kb
 bounds [0x0000000002e90000, 0x0000000004b70000, 0x0000000011e90000]
 total_blobs=10824 nmethods=9336 adapters=1399
 compilation: enabled

Compilation events (10 events):
Event: 122.843 Thread 0x0000000019304000 nmethod 12483 0x0000000004b55250 code [0x0000000004b553a0, 0x0000000004b554f8]
Event: 122.843 Thread 0x0000000019304000 12485       4       net.minecraft.client.renderer.model.BlockModel::bakeVanilla (270 bytes)
Event: 122.850 Thread 0x0000000019307000 nmethod 12476 0x0000000004b5c490 code [0x0000000004b5c660, 0x0000000004b5cff0]
Event: 122.850 Thread 0x0000000019307000 12487       4       java.lang.Math::round (70 bytes)
Event: 122.851 Thread 0x0000000019307000 nmethod 12487 0x0000000004670990 code [0x0000000004670ac0, 0x0000000004670b78]
Event: 122.851 Thread 0x0000000019307000 12486       4       net.minecraft.client.renderer.model.ModelBakery::getBakedModel (164 bytes)
Event: 122.865 Thread 0x0000000019308800 12491       3       net.minecraft.client.renderer.model.BlockModel::isTexturePresent (23 bytes)
Event: 122.865 Thread 0x0000000019308800 nmethod 12491 0x0000000004b4ddd0 code [0x0000000004b4df60, 0x0000000004b4e298]
Event: 122.885 Thread 0x0000000019308800 12495       3       net.minecraft.client.renderer.model.ItemModelGenerator::getSpans (169 bytes)
Event: 122.887 Thread 0x0000000019308800 nmethod 12495 0x0000000004b5ad50 code [0x0000000004b5af80, 0x0000000004b5bde8]

GC Heap History (10 events):
Event: 112.710 GC heap before
{Heap before GC invocations=149 (full 5):
 PSYoungGen      total 623616K, used 623584K [0x00000000d5f00000, 0x0000000100000000, 0x0000000100000000)
  eden space 618496K, 100% used [0x00000000d5f00000,0x00000000fbb00000,0x00000000fbb00000)
  from space 5120K, 99% used [0x00000000fbb00000,0x00000000fbff8080,0x00000000fc000000)
  to   space 35840K, 0% used [0x00000000fdd00000,0x00000000fdd00000,0x0000000100000000)
 ParOldGen       total 356352K, used 322228K [0x0000000081c00000, 0x0000000097800000, 0x00000000d5f00000)
  object space 356352K, 90% used [0x0000000081c00000,0x00000000956ad090,0x0000000097800000)
 Metaspace       used 76183K, capacity 84146K, committed 84480K, reserved 1120256K
  class space    used 11856K, capacity 14222K, committed 14336K, reserved 1048576K
Event: 112.720 GC heap after
Heap after GC invocations=149 (full 5):
 PSYoungGen      total 653312K, used 5728K [0x00000000d5f00000, 0x0000000100000000, 0x0000000100000000)
  eden space 617472K, 0% used [0x00000000d5f00000,0x00000000d5f00000,0x00000000fba00000)
  from space 35840K, 15% used [0x00000000fdd00000,0x00000000fe298090,0x0000000100000000)
  to   space 35840K, 0% used [0x00000000fba00000,0x00000000fba00000,0x00000000fdd00000)
 ParOldGen       total 356352K, used 322484K [0x0000000081c00000, 0x0000000097800000, 0x00000000d5f00000)
  object space 356352K, 90% used [0x0000000081c00000,0x00000000956ed090,0x0000000097800000)
 Metaspace       used 76183K, capacity 84146K, committed 84480K, reserved 1120256K
  class space    used 11856K, capacity 14222K, committed 14336K, reserved 1048576K
}
Event: 113.959 GC heap before
{Heap before GC invocations=150 (full 5):
 PSYoungGen      total 653312K, used 623200K [0x00000000d5f00000, 0x0000000100000000, 0x0000000100000000)
  eden space 617472K, 100% used [0x00000000d5f00000,0x00000000fba00000,0x00000000fba00000)
  from space 35840K, 15% used [0x00000000fdd00000,0x00000000fe298090,0x0000000100000000)
  to   space 35840K, 0% used [0x00000000fba00000,0x00000000fba00000,0x00000000fdd00000)
 ParOldGen       total 356352K, used 322484K [0x0000000081c00000, 0x0000000097800000, 0x00000000d5f00000)
  object space 356352K, 90% used [0x0000000081c00000,0x00000000956ed090,0x0000000097800000)
 Metaspace       used 76186K, capacity 84146K, committed 84480K, reserved 1120256K
  class space    used 11856K, capacity 14222K, committed 14336K, reserved 1048576K
Event: 113.974 GC heap after
Heap after GC invocations=150 (full 5):
 PSYoungGen      total 653312K, used 5632K [0x00000000d5f00000, 0x0000000100000000, 0x0000000100000000)
  eden space 617472K, 0% used [0x00000000d5f00000,0x00000000d5f00000,0x00000000fba00000)
  from space 35840K, 15% used [0x00000000fba00000,0x00000000fbf80080,0x00000000fdd00000)
  to   space 35840K, 0% used [0x00000000fdd00000,0x00000000fdd00000,0x0000000100000000)
 ParOldGen       total 356352K, used 323012K [0x0000000081c00000, 0x0000000097800000, 0x00000000d5f00000)
  object space 356352K, 90% used [0x0000000081c00000,0x00000000957710a0,0x0000000097800000)
 Metaspace       used 76186K, capacity 84146K, committed 84480K, reserved 1120256K
  class space    used 11856K, capacity 14222K, committed 14336K, reserved 1048576K
}
Event: 115.090 GC heap before
{Heap before GC invocations=151 (full 5):
 PSYoungGen      total 653312K, used 623104K [0x00000000d5f00000, 0x0000000100000000, 0x0000000100000000)
  eden space 617472K, 100% used [0x00000000d5f00000,0x00000000fba00000,0x00000000fba00000)
  from space 35840K, 15% used [0x00000000fba00000,0x00000000fbf80080,0x00000000fdd00000)
  to   space 35840K, 0% used [0x00000000fdd00000,0x00000000fdd00000,0x0000000100000000)
 ParOldGen       total 356352K, used 323012K [0x0000000081c00000, 0x0000000097800000, 0x00000000d5f00000)
  object space 356352K, 90% used [0x0000000081c00000,0x00000000957710a0,0x0000000097800000)
 Metaspace       used 76195K, capacity 84210K, committed 84480K, reserved 1120256K
  class space    used 11856K, capacity 14222K, committed 14336K, reserved 1048576K
Event: 115.104 GC heap after
Heap after GC invocations=151 (full 5):
 PSYoungGen      total 652288K, used 6865K [0x00000000d5f00000, 0x00000000fff00000, 0x0000000100000000)
  eden space 617472K, 0% used [0x00000000d5f00000,0x00000000d5f00000,0x00000000fba00000)
  from space 34816K, 19% used [0x00000000fdd00000,0x00000000fe3b46d8,0x00000000fff00000)
  to   space 35328K, 0% used [0x00000000fba00000,0x00000000fba00000,0x00000000fdc80000)
 ParOldGen       total 356352K, used 323372K [0x0000000081c00000, 0x0000000097800000, 0x00000000d5f00000)
  object space 356352K, 90% used [0x0000000081c00000,0x00000000957cb0a0,0x0000000097800000)
 Metaspace       used 76195K, capacity 84210K, committed 84480K, reserved 1120256K
  class space    used 11856K, capacity 14222K, committed 14336K, reserved 1048576K
}
Event: 120.298 GC heap before
{Heap before GC invocations=152 (full 5):
 PSYoungGen      total 652288K, used 624337K [0x00000000d5f00000, 0x00000000fff00000, 0x0000000100000000)
  eden space 617472K, 100% used [0x00000000d5f00000,0x00000000fba00000,0x00000000fba00000)
  from space 34816K, 19% used [0x00000000fdd00000,0x00000000fe3b46d8,0x00000000fff00000)
  to   space 35328K, 0% used [0x00000000fba00000,0x00000000fba00000,0x00000000fdc80000)
 ParOldGen       total 356352K, used 323372K [0x0000000081c00000, 0x0000000097800000, 0x00000000d5f00000)
  object space 356352K, 90% used [0x0000000081c00000,0x00000000957cb0a0,0x0000000097800000)
 Metaspace       used 77192K, capacity 85284K, committed 85376K, reserved 1120256K
  class space    used 12010K, capacity 14409K, committed 14464K, reserved 1048576K
Event: 120.482 GC heap after
Heap after GC invocations=152 (full 5):
 PSYoungGen      total 652800K, used 35306K [0x00000000d5f00000, 0x0000000100000000, 0x0000000100000000)
  eden space 617472K, 0% used [0x00000000d5f00000,0x00000000d5f00000,0x00000000fba00000)
  from space 35328K, 99% used [0x00000000fba00000,0x00000000fdc7aa90,0x00000000fdc80000)
  to   space 36352K, 0% used [0x00000000fdc80000,0x00000000fdc80000,0x0000000100000000)
 ParOldGen       total 372736K, used 372679K [0x0000000081c00000, 0x0000000098800000, 0x00000000d5f00000)
  object space 372736K, 99% used [0x0000000081c00000,0x00000000987f1fd0,0x0000000098800000)
 Metaspace       used 77192K, capacity 85284K, committed 85376K, reserved 1120256K
  class space    used 12010K, capacity 14409K, committed 14464K, reserved 1048576K
}
Event: 120.482 GC heap before
{Heap before GC invocations=153 (full 6):
 PSYoungGen      total 652800K, used 35306K [0x00000000d5f00000, 0x0000000100000000, 0x0000000100000000)
  eden space 617472K, 0% used [0x00000000d5f00000,0x00000000d5f00000,0x00000000fba00000)
  from space 35328K, 99% used [0x00000000fba00000,0x00000000fdc7aa90,0x00000000fdc80000)
  to   space 36352K, 0% used [0x00000000fdc80000,0x00000000fdc80000,0x0000000100000000)
 ParOldGen       total 372736K, used 372679K [0x0000000081c00000, 0x0000000098800000, 0x00000000d5f00000)
  object space 372736K, 99% used [0x0000000081c00000,0x00000000987f1fd0,0x0000000098800000)
 Metaspace       used 77192K, capacity 85284K, committed 85376K, reserved 1120256K
  class space    used 12010K, capacity 14409K, committed 14464K, reserved 1048576K
Event: 121.732 GC heap after
Heap after GC invocations=153 (full 6):
 PSYoungGen      total 652800K, used 0K [0x00000000d5f00000, 0x0000000100000000, 0x0000000100000000)
  eden space 617472K, 0% used [0x00000000d5f00000,0x00000000d5f00000,0x00000000fba00000)
  from space 35328K, 0% used [0x00000000fba00000,0x00000000fba00000,0x00000000fdc80000)
  to   space 36352K, 0% used [0x00000000fdc80000,0x00000000fdc80000,0x0000000100000000)
 ParOldGen       total 372736K, used 344393K [0x0000000081c00000, 0x0000000098800000, 0x00000000d5f00000)
  object space 372736K, 92% used [0x0000000081c00000,0x0000000096c52428,0x0000000098800000)
 Metaspace       used 77187K, capacity 85274K, committed 85376K, reserved 1120256K
  class space    used 12008K, capacity 14406K, committed 14464K, reserved 1048576K
}

Deoptimization events (10 events):
Event: 122.131 Thread 0x0000000002bb2800 Uncommon trap: reason=bimorphic action=maybe_recompile pc=0x000000000470edb4 method=net.minecraft.client.gui.fonts.IGlyph.getAdvance(Z)F @ 1
Event: 122.131 Thread 0x0000000002bb2800 Uncommon trap: reason=bimorphic action=maybe_recompile pc=0x000000000470edb4 method=net.minecraft.client.gui.fonts.IGlyph.getAdvance(Z)F @ 1
Event: 122.399 Thread 0x0000000002bb2800 Uncommon trap: reason=class_check action=maybe_recompile pc=0x0000000003032f74 method=net.minecraft.client.gui.fonts.Font.lambda$setGlyphProviders$2(Ljava/util/List;Ljava/util/Set;I)V @ 25
Event: 122.520 Thread 0x0000000002bb2800 Uncommon trap: reason=class_check action=maybe_recompile pc=0x0000000003b05738 method=java.util.HashMap$ValueSpliterator.forEachRemaining(Ljava/util/function/Consumer;)V @ 145
Event: 122.521 Thread 0x0000000002bb2800 Uncommon trap: reason=bimorphic action=maybe_recompile pc=0x0000000003e64050 method=org.apache.commons.lang3.tuple.Triple.hashCode()I @ 33
Event: 122.527 Thread 0x0000000002bb2800 Uncommon trap: reason=bimorphic action=maybe_recompile pc=0x0000000003e64050 method=org.apache.commons.lang3.tuple.Triple.hashCode()I @ 33
Event: 122.570 Thread 0x0000000002bb2800 Uncommon trap: reason=bimorphic action=maybe_recompile pc=0x0000000003e64050 method=org.apache.commons.lang3.tuple.Triple.hashCode()I @ 33
Event: 122.575 Thread 0x0000000002bb2800 Uncommon trap: reason=bimorphic action=maybe_recompile pc=0x0000000003e64050 method=org.apache.commons.lang3.tuple.Triple.hashCode()I @ 33
Event: 122.587 Thread 0x0000000002bb2800 Uncommon trap: reason=unstable_if action=reinterpret pc=0x00000000040fc2fc method=java.lang.Math.round(D)J @ 48
Event: 122.588 Thread 0x0000000002bb2800 Uncommon trap: reason=unstable_if action=reinterpret pc=0x0000000003dcebf8 method=org.apache.commons.lang3.tuple.Triple.equals(Ljava/lang/Object;)Z @ 44

Internal exceptions (10 events):
Event: 122.690 Thread 0x0000000002bb2800 Exception <a 'sun/nio/fs/WindowsException'> (0x00000000eaeaa458) thrown at [C:\re\workspace\8-2-build-windows-amd64-cygwin\jdk8u51\3951\hotspot\src\share\vm\prims\jni.cpp, line 709]
Event: 122.690 Thread 0x0000000002bb2800 Exception <a 'sun/nio/fs/WindowsException'> (0x00000000eaeaaeb8) thrown at [C:\re\workspace\8-2-build-windows-amd64-cygwin\jdk8u51\3951\hotspot\src\share\vm\prims\jni.cpp, line 709]
Event: 122.691 Thread 0x0000000002bb2800 Exception <a 'sun/nio/fs/WindowsException'> (0x00000000eaeac9f0) thrown at [C:\re\workspace\8-2-build-windows-amd64-cygwin\jdk8u51\3951\hotspot\src\share\vm\prims\jni.cpp, line 709]
Event: 122.691 Thread 0x0000000002bb2800 Exception <a 'sun/nio/fs/WindowsException'> (0x00000000eaead3b0) thrown at [C:\re\workspace\8-2-build-windows-amd64-cygwin\jdk8u51\3951\hotspot\src\share\vm\prims\jni.cpp, line 709]
Event: 122.708 Thread 0x0000000002bb2800 Exception <a 'sun/nio/fs/WindowsException'> (0x00000000eb251f70) thrown at [C:\re\workspace\8-2-build-windows-amd64-cygwin\jdk8u51\3951\hotspot\src\share\vm\prims\jni.cpp, line 709]
Event: 122.708 Thread 0x0000000002bb2800 Exception <a 'sun/nio/fs/WindowsException'> (0x00000000eb2529b0) thrown at [C:\re\workspace\8-2-build-windows-amd64-cygwin\jdk8u51\3951\hotspot\src\share\vm\prims\jni.cpp, line 709]
Event: 122.709 Thread 0x0000000002bb2800 Exception <a 'sun/nio/fs/WindowsException'> (0x00000000eb254528) thrown at [C:\re\workspace\8-2-build-windows-amd64-cygwin\jdk8u51\3951\hotspot\src\share\vm\prims\jni.cpp, line 709]
Event: 122.709 Thread 0x0000000002bb2800 Exception <a 'sun/nio/fs/WindowsException'> (0x00000000eb254f68) thrown at [C:\re\workspace\8-2-build-windows-amd64-cygwin\jdk8u51\3951\hotspot\src\share\vm\prims\jni.cpp, line 709]
Event: 122.709 Thread 0x0000000002bb2800 Exception <a 'sun/nio/fs/WindowsException'> (0x00000000eb256a60) thrown at [C:\re\workspace\8-2-build-windows-amd64-cygwin\jdk8u51\3951\hotspot\src\share\vm\prims\jni.cpp, line 709]
Event: 122.709 Thread 0x0000000002bb2800 Exception <a 'sun/nio/fs/WindowsException'> (0x00000000eb2573e0) thrown at [C:\re\workspace\8-2-build-windows-amd64-cygwin\jdk8u51\3951\hotspot\src\share\vm\prims\jni.cpp, line 709]

Events (10 events):
Event: 122.762 loading class net/minecraft/client/renderer/model/ModelBakery
Event: 122.762 loading class net/minecraft/client/renderer/model/ModelBakery done
Event: 122.762 loading class net/minecraft/client/renderer/model/RenderMaterial
Event: 122.762 loading class net/minecraft/client/renderer/model/RenderMaterial done
Event: 122.762 loading class net/minecraft/client/renderer/model/RenderMaterial
Event: 122.763 loading class net/minecraft/client/renderer/model/RenderMaterial done
Event: 122.763 loading class net/minecraft/client/renderer/texture/SpriteMap
Event: 122.763 loading class net/minecraft/client/renderer/texture/SpriteMap done
Event: 122.763 loading class net/minecraft/client/renderer/model/ItemOverride
Event: 122.763 loading class net/minecraft/client/renderer/model/ItemOverride done


Dynamic libraries:
0x00007ff6b4270000 - 0x00007ff6b42a7000 	C:\Program Files (x86)\Minecraft\runtime\jre-x64\bin\java.exe
0x00007fff9e8f0000 - 0x00007fff9eae5000 	C:\WINDOWS\SYSTEM32\ntdll.dll
0x00007fff9c9c0000 - 0x00007fff9ca7d000 	C:\WINDOWS\System32\KERNEL32.DLL
0x00007fff9c3c0000 - 0x00007fff9c687000 	C:\WINDOWS\System32\KERNELBASE.dll
0x00007fff9d470000 - 0x00007fff9d51a000 	C:\WINDOWS\System32\ADVAPI32.dll
0x00007fff9ded0000 - 0x00007fff9df6e000 	C:\WINDOWS\System32\msvcrt.dll
0x00007fff9ca80000 - 0x00007fff9cb1b000 	C:\WINDOWS\System32\sechost.dll
0x00007fff9d8b0000 - 0x00007fff9d9d4000 	C:\WINDOWS\System32\RPCRT4.dll
0x00007fff9d530000 - 0x00007fff9d6d0000 	C:\WINDOWS\System32\USER32.dll
0x00007fff9c390000 - 0x00007fff9c3b2000 	C:\WINDOWS\System32\win32u.dll
0x00007fff9d6d0000 - 0x00007fff9d6fa000 	C:\WINDOWS\System32\GDI32.dll
0x00007fff9c840000 - 0x00007fff9c949000 	C:\WINDOWS\System32\gdi32full.dll
0x00007fff9c240000 - 0x00007fff9c2dd000 	C:\WINDOWS\System32\msvcp_win.dll
0x00007fff9c690000 - 0x00007fff9c790000 	C:\WINDOWS\System32\ucrtbase.dll
0x00007fff865a0000 - 0x00007fff8683b000 	C:\WINDOWS\WinSxS\amd64_microsoft.windows.common-controls_6595b64144ccf1df_6.0.19041.488_none_ca04af081b815d21\COMCTL32.dll
0x00007fff9d3d0000 - 0x00007fff9d400000 	C:\WINDOWS\System32\IMM32.DLL
0x0000000060e80000 - 0x0000000060f52000 	C:\Program Files (x86)\Minecraft\runtime\jre-x64\bin\msvcr100.dll
0x00000000605f0000 - 0x0000000060e73000 	C:\Program Files (x86)\Minecraft\runtime\jre-x64\bin\server\jvm.dll
0x00007fff9d520000 - 0x00007fff9d528000 	C:\WINDOWS\System32\PSAPI.DLL
0x00007fff77ee0000 - 0x00007fff77ee9000 	C:\WINDOWS\SYSTEM32\WSOCK32.dll
0x00007fff95a60000 - 0x00007fff95a87000 	C:\WINDOWS\SYSTEM32\WINMM.dll
0x00007fff9c950000 - 0x00007fff9c9bb000 	C:\WINDOWS\System32\WS2_32.dll
0x00007fff94f20000 - 0x00007fff94f2a000 	C:\WINDOWS\SYSTEM32\VERSION.dll
0x00000000605e0000 - 0x00000000605ef000 	C:\Program Files (x86)\Minecraft\runtime\jre-x64\bin\verify.dll
0x00000000605b0000 - 0x00000000605d9000 	C:\Program Files (x86)\Minecraft\runtime\jre-x64\bin\java.dll
0x0000000060580000 - 0x00000000605a3000 	C:\Program Files (x86)\Minecraft\runtime\jre-x64\bin\instrument.dll
0x0000000060560000 - 0x0000000060576000 	C:\Program Files (x86)\Minecraft\runtime\jre-x64\bin\zip.dll
0x00007fff9e160000 - 0x00007fff9e8a1000 	C:\WINDOWS\System32\SHELL32.dll
0x00007fff99f60000 - 0x00007fff9a6f3000 	C:\WINDOWS\SYSTEM32\windows.storage.dll
0x00007fff9db70000 - 0x00007fff9dec5000 	C:\WINDOWS\System32\combase.dll
0x00007fff9b900000 - 0x00007fff9b92c000 	C:\WINDOWS\SYSTEM32\Wldp.dll
0x00007fff9e050000 - 0x00007fff9e0fe000 	C:\WINDOWS\System32\SHCORE.dll
0x00007fff9cb20000 - 0x00007fff9cb75000 	C:\WINDOWS\System32\shlwapi.dll
0x00007fff9bf60000 - 0x00007fff9bf86000 	C:\WINDOWS\SYSTEM32\profapi.dll
0x00007fff8abd0000 - 0x00007fff8abea000 	C:\Users\ervin_1nmnhvl\AppData\Local\JetBrains\Toolbox\apps\IDEA-U\ch-0\202.6397.94\bin\breakgen64.dll
0x0000000060540000 - 0x000000006055a000 	C:\Program Files (x86)\Minecraft\runtime\jre-x64\bin\net.dll
0x00007fff9b6f0000 - 0x00007fff9b75a000 	C:\WINDOWS\system32\mswsock.dll
0x0000000060530000 - 0x000000006053d000 	C:\Program Files (x86)\Minecraft\runtime\jre-x64\bin\management.dll
0x00007fff69020000 - 0x00007fff69037000 	C:\WINDOWS\system32\napinsp.dll
0x00007fff69040000 - 0x00007fff6905b000 	C:\WINDOWS\system32\pnrpnsp.dll
0x00007fff96d60000 - 0x00007fff96d75000 	C:\WINDOWS\system32\wshbth.dll
0x00007fff977a0000 - 0x00007fff977bd000 	C:\WINDOWS\system32\NLAapi.dll
0x00007fff9b400000 - 0x00007fff9b43b000 	C:\WINDOWS\SYSTEM32\IPHLPAPI.DLL
0x00007fff9b440000 - 0x00007fff9b50b000 	C:\WINDOWS\SYSTEM32\DNSAPI.dll
0x00007fff9d460000 - 0x00007fff9d469000 	C:\WINDOWS\System32\NSI.dll
0x00007fff69270000 - 0x00007fff69282000 	C:\WINDOWS\System32\winrnr.dll
0x00007fff8d160000 - 0x00007fff8d16a000 	C:\Windows\System32\rasadhlp.dll
0x00007fff90600000 - 0x00007fff9067f000 	C:\WINDOWS\System32\fwpuclnt.dll
0x00007fff9c2e0000 - 0x00007fff9c307000 	C:\WINDOWS\System32\bcrypt.dll
0x0000000060510000 - 0x0000000060521000 	C:\Program Files (x86)\Minecraft\runtime\jre-x64\bin\nio.dll
0x00000000604e0000 - 0x0000000060504000 	C:\Program Files (x86)\Minecraft\runtime\jre-x64\bin\sunec.dll
0x00007fff9bc50000 - 0x00007fff9bc68000 	C:\WINDOWS\SYSTEM32\CRYPTSP.dll
0x00007fff9afa0000 - 0x00007fff9afd4000 	C:\WINDOWS\system32\rsaenh.dll
0x00007fff9bf20000 - 0x00007fff9bf4e000 	C:\WINDOWS\SYSTEM32\USERENV.dll
0x00007fff9c310000 - 0x00007fff9c38f000 	C:\WINDOWS\System32\bcryptprimitives.dll
0x00007fff9b870000 - 0x00007fff9b87c000 	C:\WINDOWS\SYSTEM32\CRYPTBASE.dll
0x00007fff8ecd0000 - 0x00007fff8ece7000 	C:\WINDOWS\SYSTEM32\dhcpcsvc6.DLL
0x00007fff8ecb0000 - 0x00007fff8eccd000 	C:\WINDOWS\SYSTEM32\dhcpcsvc.DLL
0x00007fff70870000 - 0x00007fff708e2000 	C:\Users\ervin_1nmnhvl\AppData\Local\Temp\lwjglervin_1nmnhvl\3.2.2-build-10\lwjgl.dll
0x00007fff62370000 - 0x00007fff625c1000 	C:\Users\ERVIN_~1\AppData\Local\Temp\lwjglervin_1nmnhvl\3.2.2-build-10\jemalloc.dll
0x00007fff77040000 - 0x00007fff7709e000 	C:\Users\ERVIN_~1\AppData\Local\Temp\lwjglervin_1nmnhvl\3.2.2-build-10\glfw.dll
0x00007fff998a0000 - 0x00007fff9993f000 	C:\WINDOWS\system32\uxtheme.dll
0x00007fff82f30000 - 0x00007fff82f75000 	C:\WINDOWS\SYSTEM32\dinput8.dll
0x00007fff8aac0000 - 0x00007fff8aad1000 	C:\WINDOWS\SYSTEM32\xinput1_4.dll
0x00007fff9c7f0000 - 0x00007fff9c83d000 	C:\WINDOWS\System32\cfgmgr32.dll
0x00007fff9bd10000 - 0x00007fff9bd3c000 	C:\WINDOWS\SYSTEM32\DEVOBJ.dll
0x00007fff99a90000 - 0x00007fff99abf000 	C:\WINDOWS\SYSTEM32\dwmapi.dll
0x00007fff8c410000 - 0x00007fff8c562000 	C:\WINDOWS\SYSTEM32\inputhost.dll
0x00007fff9d300000 - 0x00007fff9d3cd000 	C:\WINDOWS\System32\OLEAUT32.dll
0x00007fff99080000 - 0x00007fff99172000 	C:\WINDOWS\SYSTEM32\CoreMessaging.dll
0x00007fff989b0000 - 0x00007fff98b06000 	C:\WINDOWS\SYSTEM32\wintypes.dll
0x00007fff976a0000 - 0x00007fff97797000 	C:\WINDOWS\SYSTEM32\PROPSYS.dll
0x00007fff99180000 - 0x00007fff994da000 	C:\WINDOWS\SYSTEM32\CoreUIComponents.dll
0x00007fff9ac40000 - 0x00007fff9ac73000 	C:\WINDOWS\SYSTEM32\ntmarta.dll
0x00007fff9a810000 - 0x00007fff9a823000 	C:\WINDOWS\SYSTEM32\kernel.appcore.dll
0x00007fff9cb80000 - 0x00007fff9cc95000 	C:\WINDOWS\System32\MSCTF.dll
0x00007fff9a700000 - 0x00007fff9a70d000 	C:\WINDOWS\SYSTEM32\HID.DLL
0x00007fff9cd50000 - 0x00007fff9d1b7000 	C:\WINDOWS\System32\SETUPAPI.DLL
0x00007fff9c790000 - 0x00007fff9c7f0000 	C:\WINDOWS\System32\WINTRUST.dll
0x00007fff9c0e0000 - 0x00007fff9c23d000 	C:\WINDOWS\System32\CRYPT32.dll
0x00007fff9bcf0000 - 0x00007fff9bd02000 	C:\WINDOWS\SYSTEM32\MSASN1.dll
0x00007fff36fa0000 - 0x00007fff370c5000 	C:\WINDOWS\SYSTEM32\opengl32.dll
0x00007fff690c0000 - 0x00007fff690ec000 	C:\WINDOWS\SYSTEM32\GLU32.dll
0x00007fff9cca0000 - 0x00007fff9cd48000 	C:\WINDOWS\System32\clbcatq.dll
0x00007fff53a70000 - 0x00007fff546f4000 	C:\WINDOWS\SYSTEM32\ig4icd64.dll
0x00007fff9a850000 - 0x00007fff9a943000 	C:\WINDOWS\SYSTEM32\dxgi.dll
0x00007fff981b0000 - 0x00007fff98413000 	C:\WINDOWS\SYSTEM32\d3d11.dll
0x00007fff90f70000 - 0x00007fff91bc0000 	C:\WINDOWS\SYSTEM32\igd10umd64.dll
0x00007fff92330000 - 0x00007fff9236b000 	C:\WINDOWS\SYSTEM32\dxcore.dll
0x00007fff707f0000 - 0x00007fff7086f000 	C:\Users\ervin_1nmnhvl\AppData\Local\Temp\lwjglervin_1nmnhvl\3.2.2-build-10\lwjgl_stb.dll
0x00007fff96b80000 - 0x00007fff96c2e000 	C:\WINDOWS\SYSTEM32\mscms.dll
0x00007fff96a40000 - 0x00007fff96a51000 	C:\WINDOWS\SYSTEM32\ColorAdapterClient.dll
0x00007fff6e750000 - 0x00007fff6e793000 	C:\WINDOWS\SYSTEM32\icm32.dll
0x00007fff8c570000 - 0x00007fff8c66d000 	C:\WINDOWS\SYSTEM32\textinputframework.dll
0x00007fff6b710000 - 0x00007fff6b768000 	C:\Users\ervin_1nmnhvl\AppData\Local\Temp\lwjglervin_1nmnhvl\3.2.2-build-10\lwjgl_opengl.dll
0x00007fff77280000 - 0x00007fff772c2000 	C:\Users\ervin_1nmnhvl\AppData\Local\Temp\jna-2118671535\jna6842486867890147332.dll
0x00007fff94600000 - 0x00007fff9461a000 	C:\save\modding\ervin_mod_1\build\natives\SAPIWrapper_x64.dll
0x00007fff9d9e0000 - 0x00007fff9db09000 	C:\WINDOWS\System32\ole32.dll
0x00007fff60c70000 - 0x00007fff60df4000 	C:\WINDOWS\System32\Speech\Common\sapi.dll
0x00007fff6df40000 - 0x00007fff6df5e000 	C:\WINDOWS\SYSTEM32\MSACM32.dll
0x00007fff84890000 - 0x00007fff8489b000 	C:\WINDOWS\SYSTEM32\msdmo.dll
0x00007fff65d00000 - 0x00007fff65d26000 	C:\WINDOWS\SYSTEM32\winmmbase.dll
0x00007fff8d5e0000 - 0x00007fff8d665000 	C:\WINDOWS\System32\MMDevApi.dll
0x00007fff607e0000 - 0x00007fff608f4000 	C:\Users\ERVIN_~1\AppData\Local\Temp\lwjglervin_1nmnhvl\3.2.2-build-10\OpenAL.dll
0x00007fff82c10000 - 0x00007fff82d90000 	C:\WINDOWS\SYSTEM32\AUDIOSES.DLL
0x00007fff9be90000 - 0x00007fff9bedb000 	C:\WINDOWS\SYSTEM32\powrprof.dll
0x00007fff9be70000 - 0x00007fff9be82000 	C:\WINDOWS\SYSTEM32\UMPDC.dll
0x00007fff999a0000 - 0x00007fff999b4000 	C:\WINDOWS\SYSTEM32\resourcepolicyclient.dll
0x00007fff939f0000 - 0x00007fff93bd4000 	C:\WINDOWS\SYSTEM32\dbghelp.dll

VM Arguments:
jvm_args: -Dforge.logging.console.level=debug -Dforge.logging.markers=SCAN,REGISTRIES,REGISTRYDUMP -XX:HeapDumpPath=MojangTricksIntelDriversForPerformance_javaw.exe_minecraft.exe.heapdump -Dos.name=Windows 10 -Dos.version=10.0 -javaagent:C:\Users\ervin_1nmnhvl\AppData\Local\JetBrains\Toolbox\apps\IDEA-U\ch-0\202.6397.94\lib\idea_rt.jar=63268:C:\Users\ervin_1nmnhvl\AppData\Local\JetBrains\Toolbox\apps\IDEA-U\ch-0\202.6397.94\bin -Dfile.encoding=UTF-8 
java_command: net.minecraftforge.userdev.LaunchTesting
java_class_path (initial): C:\Program Files (x86)\Minecraft\runtime\jre-x64\lib\charsets.jar;C:\Program Files (x86)\Minecraft\runtime\jre-x64\lib\deploy.jar;C:\Program Files (x86)\Minecraft\runtime\jre-x64\lib\ext\access-bridge-64.jar;C:\Program Files (x86)\Minecraft\runtime\jre-x64\lib\ext\cldrdata.jar;C:\Program Files (x86)\Minecraft\runtime\jre-x64\lib\ext\dnsns.jar;C:\Program Files (x86)\Minecraft\runtime\jre-x64\lib\ext\jaccess.jar;C:\Program Files (x86)\Minecraft\runtime\jre-x64\lib\ext\jfxrt.jar;C:\Program Files (x86)\Minecraft\runtime\jre-x64\lib\ext\localedata.jar;C:\Program Files (x86)\Minecraft\runtime\jre-x64\lib\ext\nashorn.jar;C:\Program Files (x86)\Minecraft\runtime\jre-x64\lib\ext\sunec.jar;C:\Program Files (x86)\Minecraft\runtime\jre-x64\lib\ext\sunjce_provider.jar;C:\Program Files (x86)\Minecraft\runtime\jre-x64\lib\ext\sunmscapi.jar;C:\Program Files (x86)\Minecraft\runtime\jre-x64\lib\ext\sunpkcs11.jar;C:\Program Files (x86)\Minecraft\runtime\jre-x64\lib\ext\zipfs.jar;C:\Program Files (x86)\Minecraft\runtime\jre-x64\lib\javaws.jar;C:\Program Files (x86)\Minecraft\runtime\jre-x64\lib\jce.jar;C:\Program Files (x86)\Minecraft\runtime\jre-x64\lib\jfr.jar;C:\Program Files (x86)\Minecraft\runtime\jre-x64\lib\jfxswt.jar;C:\Program Files (x86)\Minecraft\runtime\jre-x64\lib\jsse.jar;C:\Program Files (x86)\Minecraft\runtime\jre-x64\lib\management-agent.jar;C:\Program Files (x86)\Minecraft\runtime\jre-x64\lib\plugin.jar;C:\Program Files (x86)\Minecraft\runtime\jre-x64\lib\resources.jar;C:\Program Files (x86)\Minecraft\runtime\jre-x64\lib\rt.jar;C:\save\modding\ervin_mod_1\build\classes\java\main;C:\save\modding\ervin_mod_1\build\resources\main;C:\Users\ervin_1nmnhvl\.gradle\caches\forge_gradle\minecraft_user_repo\net\minecraftforge\forge\1.16.1-32.0.75_mapped_snapshot_20200723-1.16.1\forge-1.16.1-32.0.75_mapped_snapshot_20200723-1.16.1-recomp.jar;C:\Users\ervin_1nmnhvl\.gradle\caches\forge_gradle\minecraft_user_repo\net\minecraftforge\forge\1.16.1-32.0.75_
Launcher Type: SUN_STANDARD

Environment Variables:
JAVA_HOME=C:\Program Files\Java\jdk-11.0.4
PATH=C:\Program Files\Docker\Docker\Resources\bin;C:\ProgramData\Oracle\Java\javapath;C:\WINDOWS\system32;C:\WINDOWS;C:\WINDOWS\System32\Wbem;C:\WINDOWS\System32\WindowsPowerShell\v1.0\;C:\Program Files (x86)\cloudControl;C:\Program Files\Git\cmd;C:\bin;C:\Program Files (x86)\Windows Kits\8.1\Windows Performance Toolkit\;C:\Program Files (x86)\PuTTY\;C:\Program Files (x86)\Nodist\bin;G:\save\sdk\android\tools;G:\save\sdk\android\platform-tools;C:\boxfuse;C:\Program Files (x86)\Skype\Phone\;C:\Program Files (x86)\GtkSharp\2.12\bin;C:\Program Files (x86)\IVI Foundation\VISA\WinNT\Bin;C:\WINDOWS\system32;C:\WINDOWS;C:\WINDOWS\System32\Wbem;C:\WINDOWS\System32\WindowsPowerShell\v1.0\;;C:\WINDOWS\System32\OpenSSH\;C:\Users\ervin_1nmnhvl\AppData\Local\Microsoft\WindowsApps;
USERNAME=ervin_1nmnhvl
OS=Windows_NT
PROCESSOR_IDENTIFIER=Intel64 Family 6 Model 42 Stepping 7, GenuineIntel



---------------  S Y S T E M  ---------------

OS: Windows 10.0 , 64 bit Build 19041 (10.0.19041.292)

CPU:total 4 (2 cores per cpu, 2 threads per core) family 6 model 42 stepping 7, cmov, cx8, fxsr, mmx, sse, sse2, sse3, ssse3, sse4.1, sse4.2, popcnt, avx, aes, clmul, ht, tsc, tscinvbit

Memory: 4k page, physical 8266764k(499484k free), swap 10363916k(320k free)

vm_info: Java HotSpot(TM) 64-Bit Server VM (25.51-b03) for windows-amd64 JRE (1.8.0_51-b16), built on Jun  8 2015 18:03:07 by "java_re" with MS VC++ 10.0 (VS2010)

time: Mon Oct 12 07:23:04 2020
elapsed time: 122 seconds (0d 0h 2m 2s)

