#
# There is insufficient memory for the Java Runtime Environment to continue.
# Native memory allocation (malloc) failed to allocate 262160 bytes for Chunk::new
# Possible reasons:
#   The system is out of physical RAM or swap space
#   In 32 bit mode, the process size limit was hit
# Possible solutions:
#   Reduce memory load on the system
#   Increase physical memory or swap space
#   Check if swap backing store is full
#   Use 64 bit Java on a 64 bit OS
#   Decrease Java heap size (-Xmx/-Xms)
#   Decrease number of Java threads
#   Decrease Java thread stack sizes (-Xss)
#   Set larger code cache with -XX:ReservedCodeCacheSize=
# This output file may be truncated or incomplete.
#
#  Out of Memory Error (allocation.cpp:390), pid=8004, tid=13144
#
# JRE version: Java(TM) SE Runtime Environment (8.0_51-b16) (build 1.8.0_51-b16)
# Java VM: Java HotSpot(TM) 64-Bit Server VM (25.51-b03 mixed mode windows-amd64 compressed oops)
# Failed to write core dump. Minidumps are not enabled by default on client versions of Windows
#

---------------  T H R E A D  ---------------

Current thread (0x0000000018c49800):  JavaThread "C2 CompilerThread1" daemon [_thread_in_native, id=13144, stack(0x0000000018e60000,0x0000000018f60000)]

Stack: [0x0000000018e60000,0x0000000018f60000]
Native frames: (J=compiled Java code, j=interpreted, Vv=VM code, C=native code)
V  [jvm.dll+0x32b4ca]


Current CompileTask:
C2:  47923 8241       4       com.google.common.reflect.TypeResolver$TypeMappingIntrospector::visitClass (24 bytes)


---------------  P R O C E S S  ---------------

Java Threads: ( => current thread )
  0x000000001c8a3800 JavaThread "Worker-Bootstrap-3" daemon [_thread_in_Java, id=10336, stack(0x00000000240e0000,0x00000000241e0000)]
  0x000000001c4e9800 JavaThread "Worker-Bootstrap-2" daemon [_thread_in_Java, id=2272, stack(0x0000000022110000,0x0000000022210000)]
  0x0000000024daf000 JavaThread "Worker-Bootstrap-1" daemon [_thread_in_Java, id=9200, stack(0x0000000020f80000,0x0000000021080000)]
  0x000000001c34f800 JavaThread "pool-3-thread-1" [_thread_in_Java, id=13836, stack(0x000000001b590000,0x000000001b690000)]
  0x000000001a531000 JavaThread "pool-2-thread-1" daemon [_thread_blocked, id=16876, stack(0x0000000020700000,0x0000000020800000)]
  0x000000001bfb5800 JavaThread "Thread-3" daemon [_thread_blocked, id=11664, stack(0x0000000020820000,0x0000000020920000)]
  0x000000001a5ec800 JavaThread "Thread-2" daemon [_thread_in_native, id=16796, stack(0x000000001b790000,0x000000001b890000)]
  0x000000001a7c6800 JavaThread "Thread-1" daemon [_thread_blocked, id=11248, stack(0x000000001b690000,0x000000001b790000)]
  0x00000000190ce800 JavaThread "Service Thread" daemon [_thread_blocked, id=11988, stack(0x0000000019860000,0x0000000019960000)]
  0x0000000018c55000 JavaThread "C1 CompilerThread2" daemon [_thread_blocked, id=15860, stack(0x0000000018f60000,0x0000000019060000)]
=>0x0000000018c49800 JavaThread "C2 CompilerThread1" daemon [_thread_in_native, id=13144, stack(0x0000000018e60000,0x0000000018f60000)]
  0x0000000018c46800 JavaThread "C2 CompilerThread0" daemon [_thread_blocked, id=6580, stack(0x0000000018d60000,0x0000000018e60000)]
  0x0000000018c44800 JavaThread "Monitor Ctrl-Break" daemon [_thread_in_native, id=15420, stack(0x0000000018c60000,0x0000000018d60000)]
  0x00000000172e2800 JavaThread "Attach Listener" daemon [_thread_blocked, id=15896, stack(0x0000000018760000,0x0000000018860000)]
  0x00000000172e1000 JavaThread "Signal Dispatcher" daemon [_thread_blocked, id=4916, stack(0x0000000018660000,0x0000000018760000)]
  0x000000000265a800 JavaThread "Finalizer" daemon [_thread_blocked, id=10524, stack(0x0000000018560000,0x0000000018660000)]
  0x0000000002656000 JavaThread "Reference Handler" daemon [_thread_blocked, id=852, stack(0x0000000018460000,0x0000000018560000)]
  0x0000000002562800 JavaThread "main" [_thread_blocked, id=16244, stack(0x00000000023d0000,0x00000000024d0000)]

Other Threads:
  0x0000000017299000 VMThread [stack: 0x0000000018360000,0x0000000018460000] [id=14568]
  0x00000000190cf800 WatcherThread [stack: 0x0000000019960000,0x0000000019a60000] [id=5540]

VM state:not at safepoint (normal execution)

VM Mutex/Monitor currently owned by a thread: None

Heap:
 PSYoungGen      total 476160K, used 298642K [0x00000000d5f00000, 0x00000000f9980000, 0x0000000100000000)
  eden space 400896K, 68% used [0x00000000d5f00000,0x00000000e6c96b08,0x00000000ee680000)
  from space 75264K, 30% used [0x00000000ee680000,0x00000000efc8de78,0x00000000f3000000)
  to   space 94720K, 0% used [0x00000000f3000000,0x00000000f3000000,0x00000000f8c80000)
 ParOldGen       total 306176K, used 249592K [0x0000000081c00000, 0x0000000094700000, 0x00000000d5f00000)
  object space 306176K, 81% used [0x0000000081c00000,0x0000000090fbe238,0x0000000094700000)
 Metaspace       used 55555K, capacity 60340K, committed 60672K, reserved 1099776K
  class space    used 8209K, capacity 9627K, committed 9728K, reserved 1048576K

Card table byte_map: [0x0000000011b60000,0x0000000011f60000] byte_map_base: 0x0000000011752000

Marking Bits: (ParMarkBitMap*) 0x0000000076824040
 Begin Bits: [0x0000000012610000, 0x00000000145a0000)
 End Bits:   [0x00000000145a0000, 0x0000000016530000)

Polling page: 0x0000000000a50000

CodeCache: size=245760Kb used=19974Kb max_used=20324Kb free=225785Kb
 bounds [0x00000000027a0000, 0x0000000003b90000, 0x00000000117a0000]
 total_blobs=7745 nmethods=6494 adapters=1163
 compilation: enabled

Compilation events (10 events):
Event: 47.770 Thread 0x0000000018c55000 nmethod 8238 0x0000000002a7fbd0 code [0x0000000002a7fd40, 0x0000000002a7ff88]
Event: 47.829 Thread 0x0000000018c46800 8240       4       java.lang.Class::getGenericInterfaces (21 bytes)
Event: 47.840 Thread 0x0000000018c49800 8241       4       com.google.common.reflect.TypeResolver$TypeMappingIntrospector::visitClass (24 bytes)
Event: 47.847 Thread 0x0000000018c55000 8242   !   3       com.google.common.reflect.TypeVisitor::visit (225 bytes)
Event: 47.849 Thread 0x0000000018c55000 nmethod 8242 0x0000000003550910 code [0x0000000003550be0, 0x0000000003552378]
Event: 47.849 Thread 0x0000000018c46800 nmethod 8240 0x0000000003433b90 code [0x0000000003433d60, 0x00000000034346a0]
Event: 47.854 Thread 0x0000000018c46800 8243       4       java.util.Iterator::forEachRemaining (30 bytes)
Event: 47.879 Thread 0x0000000018c46800 nmethod 8243 0x0000000002a4b9d0 code [0x0000000002a4bba0, 0x0000000002a4c258]
Event: 47.892 Thread 0x0000000018c46800 8244       4       it.unimi.dsi.fastutil.ints.AbstractIntCollection::<init> (5 bytes)
Event: 47.893 Thread 0x0000000018c46800 nmethod 8244 0x0000000002d4b090 code [0x0000000002d4b1c0, 0x0000000002d4b218]

GC Heap History (10 events):
Event: 45.895 GC heap before
{Heap before GC invocations=52 (full 5):
 PSYoungGen      total 473088K, used 398129K [0x00000000d5f00000, 0x00000000f8c80000, 0x0000000100000000)
  eden space 378368K, 100% used [0x00000000d5f00000,0x00000000ed080000,0x00000000ed080000)
  from space 94720K, 20% used [0x00000000f3000000,0x00000000f434c4f8,0x00000000f8c80000)
  to   space 96256K, 0% used [0x00000000ed080000,0x00000000ed080000,0x00000000f2e80000)
 ParOldGen       total 306176K, used 247306K [0x0000000081c00000, 0x0000000094700000, 0x00000000d5f00000)
  object space 306176K, 80% used [0x0000000081c00000,0x0000000090d828b8,0x0000000094700000)
 Metaspace       used 54196K, capacity 58792K, committed 59008K, reserved 1099776K
  class space    used 7952K, capacity 9259K, committed 9344K, reserved 1048576K
Event: 45.954 GC heap after
Heap after GC invocations=52 (full 5):
 PSYoungGen      total 474624K, used 24337K [0x00000000d5f00000, 0x00000000f8c80000, 0x0000000100000000)
  eden space 378368K, 0% used [0x00000000d5f00000,0x00000000d5f00000,0x00000000ed080000)
  from space 96256K, 25% used [0x00000000ed080000,0x00000000ee844610,0x00000000f2e80000)
  to   space 94720K, 0% used [0x00000000f3000000,0x00000000f3000000,0x00000000f8c80000)
 ParOldGen       total 306176K, used 247722K [0x0000000081c00000, 0x0000000094700000, 0x00000000d5f00000)
  object space 306176K, 80% used [0x0000000081c00000,0x0000000090dea8b8,0x0000000094700000)
 Metaspace       used 54196K, capacity 58792K, committed 59008K, reserved 1099776K
  class space    used 7952K, capacity 9259K, committed 9344K, reserved 1048576K
}
Event: 46.500 GC heap before
{Heap before GC invocations=53 (full 5):
 PSYoungGen      total 474624K, used 402705K [0x00000000d5f00000, 0x00000000f8c80000, 0x0000000100000000)
  eden space 378368K, 100% used [0x00000000d5f00000,0x00000000ed080000,0x00000000ed080000)
  from space 96256K, 25% used [0x00000000ed080000,0x00000000ee844610,0x00000000f2e80000)
  to   space 94720K, 0% used [0x00000000f3000000,0x00000000f3000000,0x00000000f8c80000)
 ParOldGen       total 306176K, used 247722K [0x0000000081c00000, 0x0000000094700000, 0x00000000d5f00000)
  object space 306176K, 80% used [0x0000000081c00000,0x0000000090deaa48,0x0000000094700000)
 Metaspace       used 54650K, capacity 59328K, committed 59648K, reserved 1099776K
  class space    used 8029K, capacity 9395K, committed 9472K, reserved 1048576K
Event: 46.612 GC heap after
Heap after GC invocations=53 (full 5):
 PSYoungGen      total 495616K, used 45308K [0x00000000d5f00000, 0x00000000f9980000, 0x0000000100000000)
  eden space 400896K, 0% used [0x00000000d5f00000,0x00000000d5f00000,0x00000000ee680000)
  from space 94720K, 47% used [0x00000000f3000000,0x00000000f5c3f2a8,0x00000000f8c80000)
  to   space 75264K, 0% used [0x00000000ee680000,0x00000000ee680000,0x00000000f3000000)
 ParOldGen       total 306176K, used 248133K [0x0000000081c00000, 0x0000000094700000, 0x00000000d5f00000)
  object space 306176K, 81% used [0x0000000081c00000,0x0000000090e51798,0x0000000094700000)
 Metaspace       used 54650K, capacity 59328K, committed 59648K, reserved 1099776K
  class space    used 8029K, capacity 9395K, committed 9472K, reserved 1048576K
}
Event: 46.922 GC heap before
{Heap before GC invocations=54 (full 5):
 PSYoungGen      total 495616K, used 446204K [0x00000000d5f00000, 0x00000000f9980000, 0x0000000100000000)
  eden space 400896K, 100% used [0x00000000d5f00000,0x00000000ee680000,0x00000000ee680000)
  from space 94720K, 47% used [0x00000000f3000000,0x00000000f5c3f2a8,0x00000000f8c80000)
  to   space 75264K, 0% used [0x00000000ee680000,0x00000000ee680000,0x00000000f3000000)
 ParOldGen       total 306176K, used 248134K [0x0000000081c00000, 0x0000000094700000, 0x00000000d5f00000)
  object space 306176K, 81% used [0x0000000081c00000,0x0000000090e51bd0,0x0000000094700000)
 Metaspace       used 54822K, capacity 59488K, committed 59648K, reserved 1099776K
  class space    used 8057K, capacity 9411K, committed 9472K, reserved 1048576K
Event: 46.975 GC heap after
Heap after GC invocations=54 (full 5):
 PSYoungGen      total 476160K, used 23961K [0x00000000d5f00000, 0x00000000f9980000, 0x0000000100000000)
  eden space 400896K, 0% used [0x00000000d5f00000,0x00000000d5f00000,0x00000000ee680000)
  from space 75264K, 31% used [0x00000000ee680000,0x00000000efde64c0,0x00000000f3000000)
  to   space 94720K, 0% used [0x00000000f3000000,0x00000000f3000000,0x00000000f8c80000)
 ParOldGen       total 306176K, used 248462K [0x0000000081c00000, 0x0000000094700000, 0x00000000d5f00000)
  object space 306176K, 81% used [0x0000000081c00000,0x0000000090ea3be0,0x0000000094700000)
 Metaspace       used 54822K, capacity 59488K, committed 59648K, reserved 1099776K
  class space    used 8057K, capacity 9411K, committed 9472K, reserved 1048576K
}
Event: 47.232 GC heap before
{Heap before GC invocations=55 (full 5):
 PSYoungGen      total 476160K, used 424857K [0x00000000d5f00000, 0x00000000f9980000, 0x0000000100000000)
  eden space 400896K, 100% used [0x00000000d5f00000,0x00000000ee680000,0x00000000ee680000)
  from space 75264K, 31% used [0x00000000ee680000,0x00000000efde64c0,0x00000000f3000000)
  to   space 94720K, 0% used [0x00000000f3000000,0x00000000f3000000,0x00000000f8c80000)
 ParOldGen       total 306176K, used 248462K [0x0000000081c00000, 0x0000000094700000, 0x00000000d5f00000)
  object space 306176K, 81% used [0x0000000081c00000,0x0000000090ea3be0,0x0000000094700000)
 Metaspace       used 55008K, capacity 59692K, committed 59904K, reserved 1099776K
  class space    used 8088K, capacity 9465K, committed 9472K, reserved 1048576K
Event: 47.281 GC heap after
Heap after GC invocations=55 (full 5):
 PSYoungGen      total 495616K, used 24009K [0x00000000d5f00000, 0x00000000f9980000, 0x0000000100000000)
  eden space 400896K, 0% used [0x00000000d5f00000,0x00000000d5f00000,0x00000000ee680000)
  from space 94720K, 25% used [0x00000000f3000000,0x00000000f47724b0,0x00000000f8c80000)
  to   space 75264K, 0% used [0x00000000ee680000,0x00000000ee680000,0x00000000f3000000)
 ParOldGen       total 306176K, used 249472K [0x0000000081c00000, 0x0000000094700000, 0x00000000d5f00000)
  object space 306176K, 81% used [0x0000000081c00000,0x0000000090fa0238,0x0000000094700000)
 Metaspace       used 55008K, capacity 59692K, committed 59904K, reserved 1099776K
  class space    used 8088K, capacity 9465K, committed 9472K, reserved 1048576K
}
Event: 47.553 GC heap before
{Heap before GC invocations=56 (full 5):
 PSYoungGen      total 495616K, used 424905K [0x00000000d5f00000, 0x00000000f9980000, 0x0000000100000000)
  eden space 400896K, 100% used [0x00000000d5f00000,0x00000000ee680000,0x00000000ee680000)
  from space 94720K, 25% used [0x00000000f3000000,0x00000000f47724b0,0x00000000f8c80000)
  to   space 75264K, 0% used [0x00000000ee680000,0x00000000ee680000,0x00000000f3000000)
 ParOldGen       total 306176K, used 249472K [0x0000000081c00000, 0x0000000094700000, 0x00000000d5f00000)
  object space 306176K, 81% used [0x0000000081c00000,0x0000000090fa0238,0x0000000094700000)
 Metaspace       used 55312K, capacity 60062K, committed 60288K, reserved 1099776K
  class space    used 8163K, capacity 9568K, committed 9600K, reserved 1048576K
Event: 47.598 GC heap after
Heap after GC invocations=56 (full 5):
 PSYoungGen      total 476160K, used 22583K [0x00000000d5f00000, 0x00000000f9980000, 0x0000000100000000)
  eden space 400896K, 0% used [0x00000000d5f00000,0x00000000d5f00000,0x00000000ee680000)
  from space 75264K, 30% used [0x00000000ee680000,0x00000000efc8de78,0x00000000f3000000)
  to   space 94720K, 0% used [0x00000000f3000000,0x00000000f3000000,0x00000000f8c80000)
 ParOldGen       total 306176K, used 249592K [0x0000000081c00000, 0x0000000094700000, 0x00000000d5f00000)
  object space 306176K, 81% used [0x0000000081c00000,0x0000000090fbe238,0x0000000094700000)
 Metaspace       used 55312K, capacity 60062K, committed 60288K, reserved 1099776K
  class space    used 8163K, capacity 9568K, committed 9600K, reserved 1048576K
}

Deoptimization events (10 events):
Event: 45.804 Thread 0x000000001c34f800 Uncommon trap: reason=bimorphic action=maybe_recompile pc=0x00000000039724f0 method=java.util.stream.ReferencePipeline$Head.forEach(Ljava/util/function/Consumer;)V @ 12
Event: 45.886 Thread 0x000000001c34f800 Uncommon trap: reason=predicate action=maybe_recompile pc=0x00000000034cfcfc method=com.google.common.collect.ImmutableSet.construct(I[Ljava/lang/Object;)Lcom/google/common/collect/ImmutableSet; @ 71
Event: 46.126 Thread 0x000000001c34f800 Uncommon trap: reason=class_check action=maybe_recompile pc=0x0000000003ae7d3c method=sun.reflect.generics.repository.ClassRepository.getSuperInterfaces()[Ljava/lang/reflect/Type; @ 61
Event: 47.377 Thread 0x000000001c34f800 Uncommon trap: reason=bimorphic action=maybe_recompile pc=0x000000000366efcc method=com.google.common.collect.ImmutableList.copyOf(Ljava/util/Collection;)Lcom/google/common/collect/ImmutableList; @ 11
Event: 47.377 Thread 0x000000001c34f800 Uncommon trap: reason=bimorphic action=maybe_recompile pc=0x000000000366efcc method=com.google.common.collect.ImmutableList.copyOf(Ljava/util/Collection;)Lcom/google/common/collect/ImmutableList; @ 11
Event: 47.497 Thread 0x000000001c34f800 Uncommon trap: reason=class_check action=maybe_recompile pc=0x0000000003ae7d3c method=sun.reflect.generics.repository.ClassRepository.getSuperInterfaces()[Ljava/lang/reflect/Type; @ 61
Event: 47.795 Thread 0x000000001c34f800 Uncommon trap: reason=class_check action=maybe_recompile pc=0x0000000003ae7d3c method=sun.reflect.generics.repository.ClassRepository.getSuperInterfaces()[Ljava/lang/reflect/Type; @ 61
Event: 47.795 Thread 0x000000001c34f800 Uncommon trap: reason=class_check action=maybe_recompile pc=0x0000000003ae7d3c method=sun.reflect.generics.repository.ClassRepository.getSuperInterfaces()[Ljava/lang/reflect/Type; @ 61
Event: 47.795 Thread 0x000000001c34f800 Uncommon trap: reason=unstable_if action=reinterpret pc=0x000000000384d508 method=com.google.common.reflect.TypeResolver$TypeMappingIntrospector.map(Lcom/google/common/reflect/TypeResolver$TypeVariableKey;Ljava/lang/reflect/Type;)V @ 10
Event: 47.809 Thread 0x000000001c34f800 Uncommon trap: reason=class_check action=maybe_recompile pc=0x0000000003574b9c method=sun.reflect.generics.repository.ClassRepository.getSuperInterfaces()[Ljava/lang/reflect/Type; @ 61

Internal exceptions (10 events):
Event: 47.901 Thread 0x000000001c34f800 Exception <a 'sun/nio/fs/WindowsException'> (0x00000000e5600ff8) thrown at [C:\re\workspace\8-2-build-windows-amd64-cygwin\jdk8u51\3951\hotspot\src\share\vm\prims\jni.cpp, line 709]
Event: 47.901 Thread 0x000000001c34f800 Exception <a 'sun/nio/fs/WindowsException'> (0x00000000e5601598) thrown at [C:\re\workspace\8-2-build-windows-amd64-cygwin\jdk8u51\3951\hotspot\src\share\vm\prims\jni.cpp, line 709]
Event: 47.901 Thread 0x000000001c34f800 Exception <a 'sun/nio/fs/WindowsException'> (0x00000000e5602590) thrown at [C:\re\workspace\8-2-build-windows-amd64-cygwin\jdk8u51\3951\hotspot\src\share\vm\prims\jni.cpp, line 709]
Event: 47.901 Thread 0x000000001c34f800 Exception <a 'sun/nio/fs/WindowsException'> (0x00000000e5602c10) thrown at [C:\re\workspace\8-2-build-windows-amd64-cygwin\jdk8u51\3951\hotspot\src\share\vm\prims\jni.cpp, line 709]
Event: 47.907 Thread 0x000000001c34f800 Exception <a 'sun/nio/fs/WindowsException'> (0x00000000e5c2c878) thrown at [C:\re\workspace\8-2-build-windows-amd64-cygwin\jdk8u51\3951\hotspot\src\share\vm\prims\jni.cpp, line 709]
Event: 47.908 Thread 0x000000001c34f800 Exception <a 'sun/nio/fs/WindowsException'> (0x00000000e5c2ce08) thrown at [C:\re\workspace\8-2-build-windows-amd64-cygwin\jdk8u51\3951\hotspot\src\share\vm\prims\jni.cpp, line 709]
Event: 47.908 Thread 0x000000001c34f800 Exception <a 'sun/nio/fs/WindowsException'> (0x00000000e5c2dec8) thrown at [C:\re\workspace\8-2-build-windows-amd64-cygwin\jdk8u51\3951\hotspot\src\share\vm\prims\jni.cpp, line 709]
Event: 47.908 Thread 0x000000001c34f800 Exception <a 'sun/nio/fs/WindowsException'> (0x00000000e5c2e458) thrown at [C:\re\workspace\8-2-build-windows-amd64-cygwin\jdk8u51\3951\hotspot\src\share\vm\prims\jni.cpp, line 709]
Event: 47.908 Thread 0x000000001c34f800 Exception <a 'sun/nio/fs/WindowsException'> (0x00000000e5c2f418) thrown at [C:\re\workspace\8-2-build-windows-amd64-cygwin\jdk8u51\3951\hotspot\src\share\vm\prims\jni.cpp, line 709]
Event: 47.908 Thread 0x000000001c34f800 Exception <a 'sun/nio/fs/WindowsException'> (0x00000000e5c2fa78) thrown at [C:\re\workspace\8-2-build-windows-amd64-cygwin\jdk8u51\3951\hotspot\src\share\vm\prims\jni.cpp, line 709]

Events (10 events):
Event: 47.899 loading class net/minecraft/util/ResourceLocation
Event: 47.899 loading class net/minecraft/util/ResourceLocation done
Event: 47.906 loading class net/minecraft/util/ResourceLocation
Event: 47.906 loading class net/minecraft/util/ResourceLocation done
Event: 47.906 loading class net/minecraft/util/ResourceLocation
Event: 47.906 loading class net/minecraft/util/ResourceLocation done
Event: 47.913 loading class net/minecraft/util/ResourceLocation
Event: 47.913 loading class net/minecraft/util/ResourceLocation done
Event: 47.914 loading class net/minecraft/util/ResourceLocation
Event: 47.914 loading class net/minecraft/util/ResourceLocation done


Dynamic libraries:
0x00007ff7e0db0000 - 0x00007ff7e0de7000 	C:\Program Files (x86)\Minecraft\runtime\jre-x64\bin\java.exe
0x00007ff90a4b0000 - 0x00007ff90a6a5000 	C:\WINDOWS\SYSTEM32\ntdll.dll
0x00007ff909900000 - 0x00007ff9099bd000 	C:\WINDOWS\System32\KERNEL32.DLL
0x00007ff908240000 - 0x00007ff908507000 	C:\WINDOWS\System32\KERNELBASE.dll
0x00007ff9093c0000 - 0x00007ff90946a000 	C:\WINDOWS\System32\ADVAPI32.dll
0x00007ff908810000 - 0x00007ff9088ae000 	C:\WINDOWS\System32\msvcrt.dll
0x00007ff90a030000 - 0x00007ff90a0cb000 	C:\WINDOWS\System32\sechost.dll
0x00007ff9086e0000 - 0x00007ff908804000 	C:\WINDOWS\System32\RPCRT4.dll
0x00007ff90a190000 - 0x00007ff90a330000 	C:\WINDOWS\System32\USER32.dll
0x00007ff907d50000 - 0x00007ff907d72000 	C:\WINDOWS\System32\win32u.dll
0x00007ff909540000 - 0x00007ff90956a000 	C:\WINDOWS\System32\GDI32.dll
0x00007ff908030000 - 0x00007ff908139000 	C:\WINDOWS\System32\gdi32full.dll
0x00007ff907ee0000 - 0x00007ff907f7d000 	C:\WINDOWS\System32\msvcp_win.dll
0x00007ff908140000 - 0x00007ff908240000 	C:\WINDOWS\System32\ucrtbase.dll
0x00007ff8eb8d0000 - 0x00007ff8ebb6b000 	C:\WINDOWS\WinSxS\amd64_microsoft.windows.common-controls_6595b64144ccf1df_6.0.19041.488_none_ca04af081b815d21\COMCTL32.dll
0x00007ff909aa0000 - 0x00007ff909ad0000 	C:\WINDOWS\System32\IMM32.DLL
0x00000000768b0000 - 0x0000000076982000 	C:\Program Files (x86)\Minecraft\runtime\jre-x64\bin\msvcr100.dll
0x0000000076020000 - 0x00000000768a3000 	C:\Program Files (x86)\Minecraft\runtime\jre-x64\bin\server\jvm.dll
0x00007ff909810000 - 0x00007ff909818000 	C:\WINDOWS\System32\PSAPI.DLL
0x00007ff900ec0000 - 0x00007ff900ee7000 	C:\WINDOWS\SYSTEM32\WINMM.dll
0x00007ff8e1fd0000 - 0x00007ff8e1fd9000 	C:\WINDOWS\SYSTEM32\WSOCK32.dll
0x00007ff9094d0000 - 0x00007ff90953b000 	C:\WINDOWS\System32\WS2_32.dll
0x00007ff900930000 - 0x00007ff90093a000 	C:\WINDOWS\SYSTEM32\VERSION.dll
0x0000000076010000 - 0x000000007601f000 	C:\Program Files (x86)\Minecraft\runtime\jre-x64\bin\verify.dll
0x0000000075fe0000 - 0x0000000076009000 	C:\Program Files (x86)\Minecraft\runtime\jre-x64\bin\java.dll
0x0000000075fb0000 - 0x0000000075fd3000 	C:\Program Files (x86)\Minecraft\runtime\jre-x64\bin\instrument.dll
0x0000000075f90000 - 0x0000000075fa6000 	C:\Program Files (x86)\Minecraft\runtime\jre-x64\bin\zip.dll
0x00007ff908c70000 - 0x00007ff9093b1000 	C:\WINDOWS\System32\SHELL32.dll
0x00007ff905bc0000 - 0x00007ff906353000 	C:\WINDOWS\SYSTEM32\windows.storage.dll
0x00007ff9088b0000 - 0x00007ff908c05000 	C:\WINDOWS\System32\combase.dll
0x00007ff9074c0000 - 0x00007ff9074ec000 	C:\WINDOWS\SYSTEM32\Wldp.dll
0x00007ff90a0e0000 - 0x00007ff90a18e000 	C:\WINDOWS\System32\SHCORE.dll
0x00007ff909fd0000 - 0x00007ff90a025000 	C:\WINDOWS\System32\shlwapi.dll
0x00007ff907b20000 - 0x00007ff907b46000 	C:\WINDOWS\SYSTEM32\profapi.dll
0x00007ff904170000 - 0x00007ff90418a000 	C:\Users\ervin_1nmnhvl\AppData\Local\JetBrains\Toolbox\apps\IDEA-U\ch-0\202.6397.94\bin\breakgen64.dll
0x0000000075f70000 - 0x0000000075f8a000 	C:\Program Files (x86)\Minecraft\runtime\jre-x64\bin\net.dll
0x00007ff9072b0000 - 0x00007ff90731a000 	C:\WINDOWS\system32\mswsock.dll
0x0000000075f60000 - 0x0000000075f6d000 	C:\Program Files (x86)\Minecraft\runtime\jre-x64\bin\management.dll
0x00007ff8d6850000 - 0x00007ff8d6867000 	C:\WINDOWS\system32\napinsp.dll
0x00007ff8d9b80000 - 0x00007ff8d9b9b000 	C:\WINDOWS\system32\pnrpnsp.dll
0x00007ff902980000 - 0x00007ff902995000 	C:\WINDOWS\system32\wshbth.dll
0x00007ff903320000 - 0x00007ff90333d000 	C:\WINDOWS\system32\NLAapi.dll
0x00007ff906fc0000 - 0x00007ff906ffb000 	C:\WINDOWS\SYSTEM32\IPHLPAPI.DLL
0x00007ff907000000 - 0x00007ff9070cb000 	C:\WINDOWS\SYSTEM32\DNSAPI.dll
0x00007ff90a460000 - 0x00007ff90a469000 	C:\WINDOWS\System32\NSI.dll
0x00007ff8d9ba0000 - 0x00007ff8d9bb2000 	C:\WINDOWS\System32\winrnr.dll
0x00007ff8f8de0000 - 0x00007ff8f8dea000 	C:\Windows\System32\rasadhlp.dll
0x00007ff8fce90000 - 0x00007ff8fcf0f000 	C:\WINDOWS\System32\fwpuclnt.dll
0x00007ff907f80000 - 0x00007ff907fa7000 	C:\WINDOWS\System32\bcrypt.dll
0x0000000075f40000 - 0x0000000075f51000 	C:\Program Files (x86)\Minecraft\runtime\jre-x64\bin\nio.dll
0x0000000075f10000 - 0x0000000075f34000 	C:\Program Files (x86)\Minecraft\runtime\jre-x64\bin\sunec.dll
0x00007ff9077f0000 - 0x00007ff907808000 	C:\WINDOWS\SYSTEM32\CRYPTSP.dll
0x00007ff906b60000 - 0x00007ff906b94000 	C:\WINDOWS\system32\rsaenh.dll
0x00007ff907ae0000 - 0x00007ff907b0e000 	C:\WINDOWS\SYSTEM32\USERENV.dll
0x00007ff907fb0000 - 0x00007ff90802f000 	C:\WINDOWS\System32\bcryptprimitives.dll
0x00007ff907430000 - 0x00007ff90743c000 	C:\WINDOWS\SYSTEM32\CRYPTBASE.dll
0x00007ff8fa5b0000 - 0x00007ff8fa5c7000 	C:\WINDOWS\SYSTEM32\dhcpcsvc6.DLL
0x00007ff8fa470000 - 0x00007ff8fa48d000 	C:\WINDOWS\SYSTEM32\dhcpcsvc.DLL
0x00007ff8d5230000 - 0x00007ff8d52a2000 	C:\Users\ervin_1nmnhvl\AppData\Local\Temp\lwjglervin_1nmnhvl\3.2.2-build-10\lwjgl.dll
0x00007ff8cecc0000 - 0x00007ff8cef11000 	C:\Users\ERVIN_~1\AppData\Local\Temp\lwjglervin_1nmnhvl\3.2.2-build-10\jemalloc.dll
0x00007ff8d09d0000 - 0x00007ff8d0a2e000 	C:\Users\ERVIN_~1\AppData\Local\Temp\lwjglervin_1nmnhvl\3.2.2-build-10\glfw.dll
0x00007ff905480000 - 0x00007ff90551f000 	C:\WINDOWS\system32\uxtheme.dll
0x00007ff8d3020000 - 0x00007ff8d3065000 	C:\WINDOWS\SYSTEM32\dinput8.dll
0x00007ff8fb030000 - 0x00007ff8fb041000 	C:\WINDOWS\SYSTEM32\xinput1_4.dll
0x00007ff907e90000 - 0x00007ff907edd000 	C:\WINDOWS\System32\cfgmgr32.dll
0x00007ff9078d0000 - 0x00007ff9078fc000 	C:\WINDOWS\SYSTEM32\DEVOBJ.dll
0x00007ff905830000 - 0x00007ff90585f000 	C:\WINDOWS\SYSTEM32\dwmapi.dll
0x00007ff8f7440000 - 0x00007ff8f7592000 	C:\WINDOWS\SYSTEM32\inputhost.dll
0x00007ff909740000 - 0x00007ff90980d000 	C:\WINDOWS\System32\OLEAUT32.dll
0x00007ff9031d0000 - 0x00007ff9032c7000 	C:\WINDOWS\SYSTEM32\PROPSYS.dll
0x00007ff904570000 - 0x00007ff9046c6000 	C:\WINDOWS\SYSTEM32\wintypes.dll
0x00007ff904c40000 - 0x00007ff904d32000 	C:\WINDOWS\SYSTEM32\CoreMessaging.dll
0x00007ff904d40000 - 0x00007ff90509a000 	C:\WINDOWS\SYSTEM32\CoreUIComponents.dll
0x00007ff9063a0000 - 0x00007ff9063b3000 	C:\WINDOWS\SYSTEM32\kernel.appcore.dll
0x00007ff906800000 - 0x00007ff906833000 	C:\WINDOWS\SYSTEM32\ntmarta.dll
0x00007ff9085c0000 - 0x00007ff9086d5000 	C:\WINDOWS\System32\MSCTF.dll
0x00007ff906360000 - 0x00007ff90636d000 	C:\WINDOWS\SYSTEM32\HID.DLL
0x00007ff909ad0000 - 0x00007ff909f37000 	C:\WINDOWS\System32\SETUPAPI.DLL
0x00007ff907d80000 - 0x00007ff907de0000 	C:\WINDOWS\System32\WINTRUST.dll
0x00007ff907bf0000 - 0x00007ff907d4d000 	C:\WINDOWS\System32\CRYPT32.dll
0x00007ff9078b0000 - 0x00007ff9078c2000 	C:\WINDOWS\SYSTEM32\MSASN1.dll
0x00007ff8d1260000 - 0x00007ff8d1385000 	C:\WINDOWS\SYSTEM32\opengl32.dll
0x00007ff8fa0c0000 - 0x00007ff8fa0ec000 	C:\WINDOWS\SYSTEM32\GLU32.dll
0x00007ff908510000 - 0x00007ff9085b8000 	C:\WINDOWS\System32\clbcatq.dll
0x00007ff8bdef0000 - 0x00007ff8beb74000 	C:\WINDOWS\SYSTEM32\ig4icd64.dll
0x00007ff906410000 - 0x00007ff906503000 	C:\WINDOWS\SYSTEM32\dxgi.dll
0x00007ff903d70000 - 0x00007ff903fd3000 	C:\WINDOWS\SYSTEM32\d3d11.dll
0x00007ff8d3d90000 - 0x00007ff8d49e0000 	C:\WINDOWS\SYSTEM32\igd10umd64.dll
0x00007ff8fce40000 - 0x00007ff8fce7b000 	C:\WINDOWS\SYSTEM32\dxcore.dll
0x00007ff8d07d0000 - 0x00007ff8d084f000 	C:\Users\ervin_1nmnhvl\AppData\Local\Temp\lwjglervin_1nmnhvl\3.2.2-build-10\lwjgl_stb.dll
0x00007ff902690000 - 0x00007ff90273e000 	C:\WINDOWS\SYSTEM32\mscms.dll
0x00007ff9025e0000 - 0x00007ff9025f1000 	C:\WINDOWS\SYSTEM32\ColorAdapterClient.dll
0x00007ff8d19d0000 - 0x00007ff8d1a13000 	C:\WINDOWS\SYSTEM32\icm32.dll
0x00007ff8f75a0000 - 0x00007ff8f769d000 	C:\WINDOWS\SYSTEM32\textinputframework.dll
0x00007ff8d0970000 - 0x00007ff8d09c8000 	C:\Users\ervin_1nmnhvl\AppData\Local\Temp\lwjglervin_1nmnhvl\3.2.2-build-10\lwjgl_opengl.dll

VM Arguments:
jvm_args: -Dforge.logging.console.level=debug -Dforge.logging.markers=SCAN,REGISTRIES,REGISTRYDUMP -XX:HeapDumpPath=MojangTricksIntelDriversForPerformance_javaw.exe_minecraft.exe.heapdump -Dos.name=Windows 10 -Dos.version=10.0 -javaagent:C:\Users\ervin_1nmnhvl\AppData\Local\JetBrains\Toolbox\apps\IDEA-U\ch-0\202.6397.94\lib\idea_rt.jar=50911:C:\Users\ervin_1nmnhvl\AppData\Local\JetBrains\Toolbox\apps\IDEA-U\ch-0\202.6397.94\bin -Dfile.encoding=UTF-8 
java_command: net.minecraftforge.userdev.LaunchTesting
java_class_path (initial): C:\Program Files (x86)\Minecraft\runtime\jre-x64\lib\charsets.jar;C:\Program Files (x86)\Minecraft\runtime\jre-x64\lib\deploy.jar;C:\Program Files (x86)\Minecraft\runtime\jre-x64\lib\ext\access-bridge-64.jar;C:\Program Files (x86)\Minecraft\runtime\jre-x64\lib\ext\cldrdata.jar;C:\Program Files (x86)\Minecraft\runtime\jre-x64\lib\ext\dnsns.jar;C:\Program Files (x86)\Minecraft\runtime\jre-x64\lib\ext\jaccess.jar;C:\Program Files (x86)\Minecraft\runtime\jre-x64\lib\ext\jfxrt.jar;C:\Program Files (x86)\Minecraft\runtime\jre-x64\lib\ext\localedata.jar;C:\Program Files (x86)\Minecraft\runtime\jre-x64\lib\ext\nashorn.jar;C:\Program Files (x86)\Minecraft\runtime\jre-x64\lib\ext\sunec.jar;C:\Program Files (x86)\Minecraft\runtime\jre-x64\lib\ext\sunjce_provider.jar;C:\Program Files (x86)\Minecraft\runtime\jre-x64\lib\ext\sunmscapi.jar;C:\Program Files (x86)\Minecraft\runtime\jre-x64\lib\ext\sunpkcs11.jar;C:\Program Files (x86)\Minecraft\runtime\jre-x64\lib\ext\zipfs.jar;C:\Program Files (x86)\Minecraft\runtime\jre-x64\lib\javaws.jar;C:\Program Files (x86)\Minecraft\runtime\jre-x64\lib\jce.jar;C:\Program Files (x86)\Minecraft\runtime\jre-x64\lib\jfr.jar;C:\Program Files (x86)\Minecraft\runtime\jre-x64\lib\jfxswt.jar;C:\Program Files (x86)\Minecraft\runtime\jre-x64\lib\jsse.jar;C:\Program Files (x86)\Minecraft\runtime\jre-x64\lib\management-agent.jar;C:\Program Files (x86)\Minecraft\runtime\jre-x64\lib\plugin.jar;C:\Program Files (x86)\Minecraft\runtime\jre-x64\lib\resources.jar;C:\Program Files (x86)\Minecraft\runtime\jre-x64\lib\rt.jar;C:\save\modding\ervin_mod_1\build\classes\java\main;C:\save\modding\ervin_mod_1\build\resources\main;C:\Users\ervin_1nmnhvl\.gradle\caches\forge_gradle\minecraft_user_repo\net\minecraftforge\forge\1.16.1-32.0.75_mapped_snapshot_20200723-1.16.1\forge-1.16.1-32.0.75_mapped_snapshot_20200723-1.16.1-recomp.jar;C:\Users\ervin_1nmnhvl\.gradle\caches\forge_gradle\minecraft_user_repo\net\minecraftforge\forge\1.16.1-32.0.75_
Launcher Type: SUN_STANDARD

Environment Variables:
JAVA_HOME=C:\Program Files\Java\jdk-11.0.4
PATH=C:\Program Files\Docker\Docker\Resources\bin;C:\ProgramData\Oracle\Java\javapath;C:\WINDOWS\system32;C:\WINDOWS;C:\WINDOWS\System32\Wbem;C:\WINDOWS\System32\WindowsPowerShell\v1.0\;C:\Program Files (x86)\cloudControl;C:\Program Files\Git\cmd;C:\bin;C:\Program Files (x86)\Windows Kits\8.1\Windows Performance Toolkit\;C:\Program Files (x86)\PuTTY\;C:\Program Files (x86)\Nodist\bin;G:\save\sdk\android\tools;G:\save\sdk\android\platform-tools;C:\boxfuse;C:\Program Files (x86)\Skype\Phone\;C:\Program Files (x86)\GtkSharp\2.12\bin;C:\Program Files (x86)\IVI Foundation\VISA\WinNT\Bin;C:\WINDOWS\system32;C:\WINDOWS;C:\WINDOWS\System32\Wbem;C:\WINDOWS\System32\WindowsPowerShell\v1.0\;;C:\WINDOWS\System32\OpenSSH\;C:\Users\ervin_1nmnhvl\AppData\Local\Microsoft\WindowsApps;
USERNAME=ervin_1nmnhvl
OS=Windows_NT
PROCESSOR_IDENTIFIER=Intel64 Family 6 Model 42 Stepping 7, GenuineIntel



---------------  S Y S T E M  ---------------

OS: Windows 10.0 , 64 bit Build 19041 (10.0.19041.292)

CPU:total 4 (2 cores per cpu, 2 threads per core) family 6 model 42 stepping 7, cmov, cx8, fxsr, mmx, sse, sse2, sse3, ssse3, sse4.1, sse4.2, popcnt, avx, aes, clmul, ht, tsc, tscinvbit

Memory: 4k page, physical 8266764k(372132k free), swap 10363916k(5192k free)

vm_info: Java HotSpot(TM) 64-Bit Server VM (25.51-b03) for windows-amd64 JRE (1.8.0_51-b16), built on Jun  8 2015 18:03:07 by "java_re" with MS VC++ 10.0 (VS2010)

time: Mon Oct 05 20:06:39 2020
elapsed time: 47 seconds (0d 0h 0m 47s)

