#
# There is insufficient memory for the Java Runtime Environment to continue.
# Native memory allocation (malloc) failed to allocate 4088 bytes for AllocateHeap
# Possible reasons:
#   The system is out of physical RAM or swap space
#   In 32 bit mode, the process size limit was hit
# Possible solutions:
#   Reduce memory load on the system
#   Increase physical memory or swap space
#   Check if swap backing store is full
#   Use 64 bit Java on a 64 bit OS
#   Decrease Java heap size (-Xmx/-Xms)
#   Decrease number of Java threads
#   Decrease Java thread stack sizes (-Xss)
#   Set larger code cache with -XX:ReservedCodeCacheSize=
# This output file may be truncated or incomplete.
#
#  Out of Memory Error (memory/allocation.inline.hpp:61), pid=14468, tid=16492
#
# JRE version: Java(TM) SE Runtime Environment (8.0_51-b16) (build 1.8.0_51-b16)
# Java VM: Java HotSpot(TM) 64-Bit Server VM (25.51-b03 mixed mode windows-amd64 compressed oops)
# Failed to write core dump. Minidumps are not enabled by default on client versions of Windows
#

---------------  T H R E A D  ---------------

Current thread (0x0000000017cb9000):  VMThread [stack: 0x0000000018d60000,0x0000000018e60000] [id=16492]

Stack: [0x0000000018d60000,0x0000000018e60000]
Native frames: (J=compiled Java code, j=interpreted, Vv=VM code, C=native code)
V  [jvm.dll+0x32b4ca]

VM_Operation (0x0000000002eeb270): ParallelGCFailedAllocation, mode: safepoint, requested by thread 0x0000000002f22800


---------------  P R O C E S S  ---------------

Java Threads: ( => current thread )
  0x000000001c70c800 JavaThread "Worker-Main-5" daemon [_thread_blocked, id=20704, stack(0x000000002a7a0000,0x000000002a8a0000)]
  0x000000001c70b800 JavaThread "Narrator" [_thread_blocked, id=19108, stack(0x00000000285e0000,0x00000000286e0000)]
  0x000000001c711000 JavaThread "Sound engine" daemon [_thread_blocked, id=20636, stack(0x00000000012f0000,0x00000000013f0000)]
  0x000000001cc98000 JavaThread "Snooper Timer" daemon [_thread_blocked, id=20632, stack(0x0000000027d40000,0x0000000027e40000)]
  0x000000001cc95000 JavaThread "Timer hack thread" daemon [_thread_blocked, id=10668, stack(0x00000000249b0000,0x0000000024ab0000)]
  0x000000001cc92800 JavaThread "pool-3-thread-1" [_thread_blocked, id=9656, stack(0x000000001c090000,0x000000001c190000)]
  0x000000001af6d000 JavaThread "Thread-2" daemon [_thread_in_native, id=1224, stack(0x000000001c290000,0x000000001c390000)]
  0x000000001b095000 JavaThread "Thread-1" daemon [_thread_blocked, id=4192, stack(0x000000001c190000,0x000000001c290000)]
  0x0000000019ad7000 JavaThread "Service Thread" daemon [_thread_blocked, id=17008, stack(0x000000001a260000,0x000000001a360000)]
  0x000000001964f800 JavaThread "C1 CompilerThread2" daemon [_thread_blocked, id=18804, stack(0x0000000019960000,0x0000000019a60000)]
  0x0000000019645800 JavaThread "C2 CompilerThread1" daemon [_thread_blocked, id=18256, stack(0x0000000019860000,0x0000000019960000)]
  0x0000000019642800 JavaThread "C2 CompilerThread0" daemon [_thread_blocked, id=16076, stack(0x0000000019760000,0x0000000019860000)]
  0x0000000019641000 JavaThread "Monitor Ctrl-Break" daemon [_thread_in_native, id=12364, stack(0x0000000019660000,0x0000000019760000)]
  0x0000000017cf5800 JavaThread "Attach Listener" daemon [_thread_blocked, id=3372, stack(0x0000000019160000,0x0000000019260000)]
  0x0000000017cf4000 JavaThread "Signal Dispatcher" daemon [_thread_blocked, id=12760, stack(0x0000000019060000,0x0000000019160000)]
  0x0000000003019800 JavaThread "Finalizer" daemon [_thread_blocked, id=4216, stack(0x0000000018f60000,0x0000000019060000)]
  0x0000000003016000 JavaThread "Reference Handler" daemon [_thread_blocked, id=15860, stack(0x0000000018e60000,0x0000000018f60000)]
  0x0000000002f22800 JavaThread "Render thread" [_thread_blocked, id=19192, stack(0x0000000002df0000,0x0000000002ef0000)]

Other Threads:
=>0x0000000017cb9000 VMThread [stack: 0x0000000018d60000,0x0000000018e60000] [id=16492]
  0x0000000019aeb800 WatcherThread [stack: 0x000000001a360000,0x000000001a460000] [id=16216]

VM state:at safepoint (normal execution)

VM Mutex/Monitor currently owned by a thread:  ([mutex/lock_event])
[0x0000000002f27db0] Threads_lock - owner thread: 0x0000000017cb9000
[0x0000000002f21d50] Heap_lock - owner thread: 0x0000000002f22800

Heap:
 PSYoungGen      total 651264K, used 613376K [0x00000000d5f00000, 0x0000000100000000, 0x0000000100000000)
  eden space 613376K, 100% used [0x00000000d5f00000,0x00000000fb600000,0x00000000fb600000)
  from space 37888K, 0% used [0x00000000fb600000,0x00000000fb600000,0x00000000fdb00000)
  to   space 37888K, 99% used [0x00000000fdb00000,0x00000000ffffc330,0x0000000100000000)
 ParOldGen       total 460288K, used 460222K [0x0000000081c00000, 0x000000009dd80000, 0x00000000d5f00000)
  object space 460288K, 99% used [0x0000000081c00000,0x000000009dd6fbf0,0x000000009dd80000)
 Metaspace       used 81148K, capacity 90616K, committed 90752K, reserved 1124352K
  class space    used 12695K, capacity 15419K, committed 15488K, reserved 1048576K

Card table byte_map: [0x0000000012580000,0x0000000012980000] byte_map_base: 0x0000000012172000

Marking Bits: (ParMarkBitMap*) 0x0000000076824040
 Begin Bits: [0x0000000013030000, 0x0000000014fc0000)
 End Bits:   [0x0000000014fc0000, 0x0000000016f50000)

Polling page: 0x0000000001480000

CodeCache: size=245760Kb used=31088Kb max_used=31099Kb free=214671Kb
 bounds [0x00000000031c0000, 0x0000000005050000, 0x00000000121c0000]
 total_blobs=11319 nmethods=9788 adapters=1442
 compilation: enabled

Compilation events (10 events):
Event: 144.477 Thread 0x000000001964f800 13536       3       sun.nio.fs.WindowsPathParser::parse (384 bytes)
Event: 144.482 Thread 0x000000001964f800 nmethod 13536 0x00000000050442d0 code [0x0000000005044820, 0x00000000050483b8]
Event: 144.496 Thread 0x000000001964f800 13537       3       com.mojang.brigadier.builder.RequiredArgumentBuilder::getThis (2 bytes)
Event: 144.496 Thread 0x000000001964f800 nmethod 13537 0x0000000005035650 code [0x00000000050357a0, 0x00000000050358f0]
Event: 144.511 Thread 0x0000000019645800 13538       4       java.util.Map$Entry$$Lambda$4802/130052131::compare (12 bytes)
Event: 144.515 Thread 0x0000000019645800 nmethod 13538 0x0000000005034dd0 code [0x0000000005034f40, 0x0000000005035258]
Event: 144.550 Thread 0x0000000019642800 13539       4       java.util.stream.SortedOps$OfRef::opWrapSink (60 bytes)
Event: 144.555 Thread 0x0000000019642800 nmethod 13539 0x0000000005034490 code [0x0000000005034600, 0x0000000005034938]
Event: 144.579 Thread 0x0000000019645800 13540       4       java.util.stream.SortedOps$OfRef::<init> (32 bytes)
Event: 144.581 Thread 0x0000000019645800 nmethod 13540 0x000000000504a550 code [0x000000000504a6a0, 0x000000000504a838]

GC Heap History (10 events):
Event: 119.179 GC heap after
Heap after GC invocations=148 (full 6):
 PSYoungGen      total 655872K, used 5472K [0x00000000d5f00000, 0x0000000100000000, 0x0000000100000000)
  eden space 622592K, 0% used [0x00000000d5f00000,0x00000000d5f00000,0x00000000fbf00000)
  from space 33280K, 16% used [0x00000000fdf80000,0x00000000fe4d8080,0x0000000100000000)
  to   space 33280K, 0% used [0x00000000fbf00000,0x00000000fbf00000,0x00000000fdf80000)
 ParOldGen       total 352768K, used 320271K [0x0000000081c00000, 0x0000000097480000, 0x00000000d5f00000)
  object space 352768K, 90% used [0x0000000081c00000,0x00000000954c3f48,0x0000000097480000)
 Metaspace       used 76142K, capacity 84034K, committed 84096K, reserved 1120256K
  class space    used 11860K, capacity 14188K, committed 14208K, reserved 1048576K
}
Event: 120.320 GC heap before
{Heap before GC invocations=149 (full 6):
 PSYoungGen      total 655872K, used 628064K [0x00000000d5f00000, 0x0000000100000000, 0x0000000100000000)
  eden space 622592K, 100% used [0x00000000d5f00000,0x00000000fbf00000,0x00000000fbf00000)
  from space 33280K, 16% used [0x00000000fdf80000,0x00000000fe4d8080,0x0000000100000000)
  to   space 33280K, 0% used [0x00000000fbf00000,0x00000000fbf00000,0x00000000fdf80000)
 ParOldGen       total 352768K, used 320319K [0x0000000081c00000, 0x0000000097480000, 0x00000000d5f00000)
  object space 352768K, 90% used [0x0000000081c00000,0x00000000954cfc50,0x0000000097480000)
 Metaspace       used 76142K, capacity 84034K, committed 84096K, reserved 1120256K
  class space    used 11860K, capacity 14188K, committed 14208K, reserved 1048576K
Event: 120.331 GC heap after
Heap after GC invocations=149 (full 6):
 PSYoungGen      total 628736K, used 5744K [0x00000000d5f00000, 0x00000000fff00000, 0x0000000100000000)
  eden space 622592K, 0% used [0x00000000d5f00000,0x00000000d5f00000,0x00000000fbf00000)
  from space 6144K, 93% used [0x00000000fbf00000,0x00000000fc49c070,0x00000000fc500000)
  to   space 32768K, 0% used [0x00000000fdf00000,0x00000000fdf00000,0x00000000fff00000)
 ParOldGen       total 352768K, used 320607K [0x0000000081c00000, 0x0000000097480000, 0x00000000d5f00000)
  object space 352768K, 90% used [0x0000000081c00000,0x0000000095517c50,0x0000000097480000)
 Metaspace       used 76142K, capacity 84034K, committed 84096K, reserved 1120256K
  class space    used 11860K, capacity 14188K, committed 14208K, reserved 1048576K
}
Event: 122.902 GC heap before
{Heap before GC invocations=150 (full 6):
 PSYoungGen      total 628736K, used 628336K [0x00000000d5f00000, 0x00000000fff00000, 0x0000000100000000)
  eden space 622592K, 100% used [0x00000000d5f00000,0x00000000fbf00000,0x00000000fbf00000)
  from space 6144K, 93% used [0x00000000fbf00000,0x00000000fc49c070,0x00000000fc500000)
  to   space 32768K, 0% used [0x00000000fdf00000,0x00000000fdf00000,0x00000000fff00000)
 ParOldGen       total 352768K, used 320929K [0x0000000081c00000, 0x0000000097480000, 0x00000000d5f00000)
  object space 352768K, 90% used [0x0000000081c00000,0x0000000095568640,0x0000000097480000)
 Metaspace       used 76627K, capacity 84690K, committed 84992K, reserved 1120256K
  class space    used 11923K, capacity 14264K, committed 14336K, reserved 1048576K
Event: 122.981 GC heap after
Heap after GC invocations=150 (full 6):
 PSYoungGen      total 646144K, used 32169K [0x00000000d5f00000, 0x0000000100000000, 0x0000000100000000)
  eden space 613376K, 0% used [0x00000000d5f00000,0x00000000d5f00000,0x00000000fb600000)
  from space 32768K, 98% used [0x00000000fdf00000,0x00000000ffe6a570,0x00000000fff00000)
  to   space 37888K, 0% used [0x00000000fb600000,0x00000000fb600000,0x00000000fdb00000)
 ParOldGen       total 352768K, used 321225K [0x0000000081c00000, 0x0000000097480000, 0x00000000d5f00000)
  object space 352768K, 91% used [0x0000000081c00000,0x00000000955b2640,0x0000000097480000)
 Metaspace       used 76627K, capacity 84690K, committed 84992K, reserved 1120256K
  class space    used 11923K, capacity 14264K, committed 14336K, reserved 1048576K
}
Event: 129.257 GC heap before
{Heap before GC invocations=151 (full 6):
 PSYoungGen      total 646144K, used 645545K [0x00000000d5f00000, 0x0000000100000000, 0x0000000100000000)
  eden space 613376K, 100% used [0x00000000d5f00000,0x00000000fb600000,0x00000000fb600000)
  from space 32768K, 98% used [0x00000000fdf00000,0x00000000ffe6a570,0x00000000fff00000)
  to   space 37888K, 0% used [0x00000000fb600000,0x00000000fb600000,0x00000000fdb00000)
 ParOldGen       total 352768K, used 321225K [0x0000000081c00000, 0x0000000097480000, 0x00000000d5f00000)
  object space 352768K, 91% used [0x0000000081c00000,0x00000000955b2640,0x0000000097480000)
 Metaspace       used 77664K, capacity 85888K, committed 86144K, reserved 1120256K
  class space    used 12062K, capacity 14463K, committed 14464K, reserved 1048576K
Event: 129.526 GC heap after
Heap after GC invocations=151 (full 6):
 PSYoungGen      total 651264K, used 37887K [0x00000000d5f00000, 0x0000000100000000, 0x0000000100000000)
  eden space 613376K, 0% used [0x00000000d5f00000,0x00000000d5f00000,0x00000000fb600000)
  from space 37888K, 99% used [0x00000000fb600000,0x00000000fdaffe80,0x00000000fdb00000)
  to   space 37888K, 0% used [0x00000000fdb00000,0x00000000fdb00000,0x0000000100000000)
 ParOldGen       total 384000K, used 383625K [0x0000000081c00000, 0x0000000099300000, 0x00000000d5f00000)
  object space 384000K, 99% used [0x0000000081c00000,0x00000000992a2418,0x0000000099300000)
 Metaspace       used 77664K, capacity 85888K, committed 86144K, reserved 1120256K
  class space    used 12062K, capacity 14463K, committed 14464K, reserved 1048576K
}
Event: 129.526 GC heap before
{Heap before GC invocations=152 (full 7):
 PSYoungGen      total 651264K, used 37887K [0x00000000d5f00000, 0x0000000100000000, 0x0000000100000000)
  eden space 613376K, 0% used [0x00000000d5f00000,0x00000000d5f00000,0x00000000fb600000)
  from space 37888K, 99% used [0x00000000fb600000,0x00000000fdaffe80,0x00000000fdb00000)
  to   space 37888K, 0% used [0x00000000fdb00000,0x00000000fdb00000,0x0000000100000000)
 ParOldGen       total 384000K, used 383625K [0x0000000081c00000, 0x0000000099300000, 0x00000000d5f00000)
  object space 384000K, 99% used [0x0000000081c00000,0x00000000992a2418,0x0000000099300000)
 Metaspace       used 77664K, capacity 85888K, committed 86144K, reserved 1120256K
  class space    used 12062K, capacity 14463K, committed 14464K, reserved 1048576K
Event: 131.411 GC heap after
Heap after GC invocations=152 (full 7):
 PSYoungGen      total 651264K, used 0K [0x00000000d5f00000, 0x0000000100000000, 0x0000000100000000)
  eden space 613376K, 0% used [0x00000000d5f00000,0x00000000d5f00000,0x00000000fb600000)
  from space 37888K, 0% used [0x00000000fb600000,0x00000000fb600000,0x00000000fdb00000)
  to   space 37888K, 0% used [0x00000000fdb00000,0x00000000fdb00000,0x0000000100000000)
 ParOldGen       total 384000K, used 356000K [0x0000000081c00000, 0x0000000099300000, 0x00000000d5f00000)
  object space 384000K, 92% used [0x0000000081c00000,0x00000000977a8298,0x0000000099300000)
 Metaspace       used 77661K, capacity 85884K, committed 86144K, reserved 1120256K
  class space    used 12060K, capacity 14461K, committed 14464K, reserved 1048576K
}
Event: 144.586 GC heap before
{Heap before GC invocations=153 (full 7):
 PSYoungGen      total 651264K, used 613376K [0x00000000d5f00000, 0x0000000100000000, 0x0000000100000000)
  eden space 613376K, 100% used [0x00000000d5f00000,0x00000000fb600000,0x00000000fb600000)
  from space 37888K, 0% used [0x00000000fb600000,0x00000000fb600000,0x00000000fdb00000)
  to   space 37888K, 0% used [0x00000000fdb00000,0x00000000fdb00000,0x0000000100000000)
 ParOldGen       total 384000K, used 356000K [0x0000000081c00000, 0x0000000099300000, 0x00000000d5f00000)
  object space 384000K, 92% used [0x0000000081c00000,0x00000000977a8298,0x0000000099300000)
 Metaspace       used 81148K, capacity 90616K, committed 90752K, reserved 1124352K
  class space    used 12695K, capacity 15419K, committed 15488K, reserved 1048576K

Deoptimization events (10 events):
Event: 141.339 Thread 0x0000000002f22800 Uncommon trap: reason=unstable_if action=reinterpret pc=0x000000000380520c method=net.minecraft.util.text.ITextComponent.func_230439_a_(Lnet/minecraft/util/text/ITextProperties$IStyledTextAcceptor;Lnet/minecraft/util/text/Style;)Ljava/util/Optional; @ 52
Event: 141.361 Thread 0x0000000002f22800 Uncommon trap: reason=unstable_if action=reinterpret pc=0x0000000004d7ce44 method=net.minecraft.util.math.MathHelper.clamp(III)I @ 2
Event: 141.804 Thread 0x0000000002f22800 Uncommon trap: reason=class_check action=maybe_recompile pc=0x00000000049430c8 method=com.google.common.collect.AbstractMapBasedMultimap$WrappedCollection.refreshIfEmpty()V @ 40
Event: 143.544 Thread 0x0000000002f22800 Uncommon trap: reason=unstable_if action=reinterpret pc=0x000000000443ba90 method=sun.nio.fs.WindowsPathParser.isLetter(C)Z @ 9
Event: 143.750 Thread 0x0000000002f22800 Uncommon trap: reason=unstable_if action=reinterpret pc=0x0000000004a6b224 method=com.google.gson.internal.bind.JsonTreeReader.nextString()Ljava/lang/String; @ 79
Event: 143.753 Thread 0x0000000002f22800 Uncommon trap: reason=class_check action=maybe_recompile pc=0x0000000003d51f00 method=com.google.common.collect.ImmutableList.iterator()Ljava/util/Iterator; @ 1
Event: 143.753 Thread 0x0000000002f22800 Uncommon trap: reason=class_check action=maybe_recompile pc=0x0000000003d51f00 method=com.google.common.collect.ImmutableList.iterator()Ljava/util/Iterator; @ 1
Event: 143.753 Thread 0x0000000002f22800 Uncommon trap: reason=bimorphic action=maybe_recompile pc=0x000000000369be4c method=com.google.common.collect.ImmutableList.copyOf(Ljava/util/Collection;)Lcom/google/common/collect/ImmutableList; @ 16
Event: 143.753 Thread 0x0000000002f22800 Uncommon trap: reason=class_check action=maybe_recompile pc=0x0000000004fdfb3c method=com.google.common.collect.ImmutableMap.keySet()Ljava/util/Set; @ 1
Event: 143.753 Thread 0x0000000002f22800 Uncommon trap: reason=unstable_if action=reinterpret pc=0x0000000004fdfdd8 method=com.google.common.collect.ImmutableMap.keySet()Lcom/google/common/collect/ImmutableSet; @ 6

Internal exceptions (10 events):
Event: 144.567 Thread 0x0000000002f22800 Exception <a 'sun/nio/fs/WindowsException'> (0x00000000fb3153a0) thrown at [C:\re\workspace\8-2-build-windows-amd64-cygwin\jdk8u51\3951\hotspot\src\share\vm\prims\jni.cpp, line 709]
Event: 144.567 Thread 0x0000000002f22800 Exception <a 'sun/nio/fs/WindowsException'> (0x00000000fb315aa0) thrown at [C:\re\workspace\8-2-build-windows-amd64-cygwin\jdk8u51\3951\hotspot\src\share\vm\prims\jni.cpp, line 709]
Event: 144.567 Thread 0x0000000002f22800 Exception <a 'sun/nio/fs/WindowsException'> (0x00000000fb316be8) thrown at [C:\re\workspace\8-2-build-windows-amd64-cygwin\jdk8u51\3951\hotspot\src\share\vm\prims\jni.cpp, line 709]
Event: 144.567 Thread 0x0000000002f22800 Exception <a 'sun/nio/fs/WindowsException'> (0x00000000fb3171f8) thrown at [C:\re\workspace\8-2-build-windows-amd64-cygwin\jdk8u51\3951\hotspot\src\share\vm\prims\jni.cpp, line 709]
Event: 144.582 Thread 0x0000000002f22800 Exception <a 'sun/nio/fs/WindowsException'> (0x00000000fb518df0) thrown at [C:\re\workspace\8-2-build-windows-amd64-cygwin\jdk8u51\3951\hotspot\src\share\vm\prims\jni.cpp, line 709]
Event: 144.583 Thread 0x0000000002f22800 Exception <a 'sun/nio/fs/WindowsException'> (0x00000000fb519360) thrown at [C:\re\workspace\8-2-build-windows-amd64-cygwin\jdk8u51\3951\hotspot\src\share\vm\prims\jni.cpp, line 709]
Event: 144.583 Thread 0x0000000002f22800 Exception <a 'sun/nio/fs/WindowsException'> (0x00000000fb51a0a8) thrown at [C:\re\workspace\8-2-build-windows-amd64-cygwin\jdk8u51\3951\hotspot\src\share\vm\prims\jni.cpp, line 709]
Event: 144.583 Thread 0x0000000002f22800 Exception <a 'sun/nio/fs/WindowsException'> (0x00000000fb51a7b8) thrown at [C:\re\workspace\8-2-build-windows-amd64-cygwin\jdk8u51\3951\hotspot\src\share\vm\prims\jni.cpp, line 709]
Event: 144.583 Thread 0x0000000002f22800 Exception <a 'sun/nio/fs/WindowsException'> (0x00000000fb51b910) thrown at [C:\re\workspace\8-2-build-windows-amd64-cygwin\jdk8u51\3951\hotspot\src\share\vm\prims\jni.cpp, line 709]
Event: 144.583 Thread 0x0000000002f22800 Exception <a 'sun/nio/fs/WindowsException'> (0x00000000fb51bf40) thrown at [C:\re\workspace\8-2-build-windows-amd64-cygwin\jdk8u51\3951\hotspot\src\share\vm\prims\jni.cpp, line 709]

Events (10 events):
Event: 144.581 loading class com/mojang/brigadier/Command done
Event: 144.581 loading class com/mojang/brigadier/context/CommandContext
Event: 144.581 loading class com/mojang/brigadier/context/CommandContext done
Event: 144.581 loading class com/mojang/brigadier/Command
Event: 144.581 loading class com/mojang/brigadier/Command done
Event: 144.582 loading class com/mojang/brigadier/context/CommandContext
Event: 144.582 loading class com/mojang/brigadier/context/CommandContext done
Event: 144.582 loading class com/mojang/brigadier/Command
Event: 144.582 loading class com/mojang/brigadier/Command done
Event: 144.586 Executing VM operation: ParallelGCFailedAllocation


Dynamic libraries:
0x00007ff69ff30000 - 0x00007ff69ff67000 	C:\Program Files (x86)\Minecraft\runtime\jre-x64\bin\java.exe
0x00007ff90a4b0000 - 0x00007ff90a6a5000 	C:\WINDOWS\SYSTEM32\ntdll.dll
0x00007ff909900000 - 0x00007ff9099bd000 	C:\WINDOWS\System32\KERNEL32.DLL
0x00007ff908240000 - 0x00007ff908507000 	C:\WINDOWS\System32\KERNELBASE.dll
0x00007ff9093c0000 - 0x00007ff90946a000 	C:\WINDOWS\System32\ADVAPI32.dll
0x00007ff908810000 - 0x00007ff9088ae000 	C:\WINDOWS\System32\msvcrt.dll
0x00007ff90a030000 - 0x00007ff90a0cb000 	C:\WINDOWS\System32\sechost.dll
0x00007ff9086e0000 - 0x00007ff908804000 	C:\WINDOWS\System32\RPCRT4.dll
0x00007ff90a190000 - 0x00007ff90a330000 	C:\WINDOWS\System32\USER32.dll
0x00007ff907d50000 - 0x00007ff907d72000 	C:\WINDOWS\System32\win32u.dll
0x00007ff909540000 - 0x00007ff90956a000 	C:\WINDOWS\System32\GDI32.dll
0x00007ff908030000 - 0x00007ff908139000 	C:\WINDOWS\System32\gdi32full.dll
0x00007ff907ee0000 - 0x00007ff907f7d000 	C:\WINDOWS\System32\msvcp_win.dll
0x00007ff908140000 - 0x00007ff908240000 	C:\WINDOWS\System32\ucrtbase.dll
0x00007ff8eb8d0000 - 0x00007ff8ebb6b000 	C:\WINDOWS\WinSxS\amd64_microsoft.windows.common-controls_6595b64144ccf1df_6.0.19041.488_none_ca04af081b815d21\COMCTL32.dll
0x00007ff909aa0000 - 0x00007ff909ad0000 	C:\WINDOWS\System32\IMM32.DLL
0x00000000768b0000 - 0x0000000076982000 	C:\Program Files (x86)\Minecraft\runtime\jre-x64\bin\msvcr100.dll
0x0000000076020000 - 0x00000000768a3000 	C:\Program Files (x86)\Minecraft\runtime\jre-x64\bin\server\jvm.dll
0x00007ff909810000 - 0x00007ff909818000 	C:\WINDOWS\System32\PSAPI.DLL
0x00007ff8e1fd0000 - 0x00007ff8e1fd9000 	C:\WINDOWS\SYSTEM32\WSOCK32.dll
0x00007ff9094d0000 - 0x00007ff90953b000 	C:\WINDOWS\System32\WS2_32.dll
0x00007ff900ec0000 - 0x00007ff900ee7000 	C:\WINDOWS\SYSTEM32\WINMM.dll
0x00007ff900930000 - 0x00007ff90093a000 	C:\WINDOWS\SYSTEM32\VERSION.dll
0x0000000076010000 - 0x000000007601f000 	C:\Program Files (x86)\Minecraft\runtime\jre-x64\bin\verify.dll
0x0000000075fe0000 - 0x0000000076009000 	C:\Program Files (x86)\Minecraft\runtime\jre-x64\bin\java.dll
0x0000000075fb0000 - 0x0000000075fd3000 	C:\Program Files (x86)\Minecraft\runtime\jre-x64\bin\instrument.dll
0x0000000075f90000 - 0x0000000075fa6000 	C:\Program Files (x86)\Minecraft\runtime\jre-x64\bin\zip.dll
0x00007ff908c70000 - 0x00007ff9093b1000 	C:\WINDOWS\System32\SHELL32.dll
0x00007ff905bc0000 - 0x00007ff906353000 	C:\WINDOWS\SYSTEM32\windows.storage.dll
0x00007ff9088b0000 - 0x00007ff908c05000 	C:\WINDOWS\System32\combase.dll
0x00007ff9074c0000 - 0x00007ff9074ec000 	C:\WINDOWS\SYSTEM32\Wldp.dll
0x00007ff90a0e0000 - 0x00007ff90a18e000 	C:\WINDOWS\System32\SHCORE.dll
0x00007ff909fd0000 - 0x00007ff90a025000 	C:\WINDOWS\System32\shlwapi.dll
0x00007ff907b20000 - 0x00007ff907b46000 	C:\WINDOWS\SYSTEM32\profapi.dll
0x00007ff8f6160000 - 0x00007ff8f617a000 	C:\Users\ervin_1nmnhvl\AppData\Local\JetBrains\Toolbox\apps\IDEA-U\ch-0\202.6397.94\bin\breakgen64.dll
0x0000000075f70000 - 0x0000000075f8a000 	C:\Program Files (x86)\Minecraft\runtime\jre-x64\bin\net.dll
0x00007ff9072b0000 - 0x00007ff90731a000 	C:\WINDOWS\system32\mswsock.dll
0x0000000075f60000 - 0x0000000075f6d000 	C:\Program Files (x86)\Minecraft\runtime\jre-x64\bin\management.dll
0x00007ff8d6850000 - 0x00007ff8d6867000 	C:\WINDOWS\system32\napinsp.dll
0x00007ff8d9b80000 - 0x00007ff8d9b9b000 	C:\WINDOWS\system32\pnrpnsp.dll
0x00007ff902980000 - 0x00007ff902995000 	C:\WINDOWS\system32\wshbth.dll
0x00007ff903320000 - 0x00007ff90333d000 	C:\WINDOWS\system32\NLAapi.dll
0x00007ff906fc0000 - 0x00007ff906ffb000 	C:\WINDOWS\SYSTEM32\IPHLPAPI.DLL
0x00007ff907000000 - 0x00007ff9070cb000 	C:\WINDOWS\SYSTEM32\DNSAPI.dll
0x00007ff90a460000 - 0x00007ff90a469000 	C:\WINDOWS\System32\NSI.dll
0x00007ff8d9ba0000 - 0x00007ff8d9bb2000 	C:\WINDOWS\System32\winrnr.dll
0x00007ff8f8de0000 - 0x00007ff8f8dea000 	C:\Windows\System32\rasadhlp.dll
0x00007ff8fce90000 - 0x00007ff8fcf0f000 	C:\WINDOWS\System32\fwpuclnt.dll
0x00007ff907f80000 - 0x00007ff907fa7000 	C:\WINDOWS\System32\bcrypt.dll
0x0000000075f40000 - 0x0000000075f51000 	C:\Program Files (x86)\Minecraft\runtime\jre-x64\bin\nio.dll
0x0000000075f10000 - 0x0000000075f34000 	C:\Program Files (x86)\Minecraft\runtime\jre-x64\bin\sunec.dll
0x00007ff9077f0000 - 0x00007ff907808000 	C:\WINDOWS\SYSTEM32\CRYPTSP.dll
0x00007ff906b60000 - 0x00007ff906b94000 	C:\WINDOWS\system32\rsaenh.dll
0x00007ff907ae0000 - 0x00007ff907b0e000 	C:\WINDOWS\SYSTEM32\USERENV.dll
0x00007ff907fb0000 - 0x00007ff90802f000 	C:\WINDOWS\System32\bcryptprimitives.dll
0x00007ff907430000 - 0x00007ff90743c000 	C:\WINDOWS\SYSTEM32\CRYPTBASE.dll
0x00007ff8fa5b0000 - 0x00007ff8fa5c7000 	C:\WINDOWS\SYSTEM32\dhcpcsvc6.DLL
0x00007ff8fa470000 - 0x00007ff8fa48d000 	C:\WINDOWS\SYSTEM32\dhcpcsvc.DLL
0x00007ff8d1d70000 - 0x00007ff8d1de2000 	C:\Users\ervin_1nmnhvl\AppData\Local\Temp\lwjglervin_1nmnhvl\3.2.2-build-10\lwjgl.dll
0x00007ff8d01a0000 - 0x00007ff8d03f1000 	C:\Users\ERVIN_~1\AppData\Local\Temp\lwjglervin_1nmnhvl\3.2.2-build-10\jemalloc.dll
0x00007ff8d0fd0000 - 0x00007ff8d102e000 	C:\Users\ERVIN_~1\AppData\Local\Temp\lwjglervin_1nmnhvl\3.2.2-build-10\glfw.dll
0x00007ff905480000 - 0x00007ff90551f000 	C:\WINDOWS\system32\uxtheme.dll
0x00007ff8d19d0000 - 0x00007ff8d1a15000 	C:\WINDOWS\SYSTEM32\dinput8.dll
0x00007ff8f4e00000 - 0x00007ff8f4e11000 	C:\WINDOWS\SYSTEM32\xinput1_4.dll
0x00007ff907e90000 - 0x00007ff907edd000 	C:\WINDOWS\System32\cfgmgr32.dll
0x00007ff9078d0000 - 0x00007ff9078fc000 	C:\WINDOWS\SYSTEM32\DEVOBJ.dll
0x00007ff905830000 - 0x00007ff90585f000 	C:\WINDOWS\SYSTEM32\dwmapi.dll
0x00007ff9085c0000 - 0x00007ff9086d5000 	C:\WINDOWS\System32\MSCTF.dll
0x00007ff909740000 - 0x00007ff90980d000 	C:\WINDOWS\System32\OLEAUT32.dll
0x00007ff906360000 - 0x00007ff90636d000 	C:\WINDOWS\SYSTEM32\HID.DLL
0x00007ff909ad0000 - 0x00007ff909f37000 	C:\WINDOWS\System32\SETUPAPI.DLL
0x00007ff907d80000 - 0x00007ff907de0000 	C:\WINDOWS\System32\WINTRUST.dll
0x00007ff907bf0000 - 0x00007ff907d4d000 	C:\WINDOWS\System32\CRYPT32.dll
0x00007ff9078b0000 - 0x00007ff9078c2000 	C:\WINDOWS\SYSTEM32\MSASN1.dll
0x00007ff8d0580000 - 0x00007ff8d06a5000 	C:\WINDOWS\SYSTEM32\opengl32.dll
0x00007ff8f9b50000 - 0x00007ff8f9b7c000 	C:\WINDOWS\SYSTEM32\GLU32.dll
0x00007ff8f7440000 - 0x00007ff8f7592000 	C:\WINDOWS\SYSTEM32\inputhost.dll
0x00007ff904c40000 - 0x00007ff904d32000 	C:\WINDOWS\SYSTEM32\CoreMessaging.dll
0x00007ff9031d0000 - 0x00007ff9032c7000 	C:\WINDOWS\SYSTEM32\PROPSYS.dll
0x00007ff904570000 - 0x00007ff9046c6000 	C:\WINDOWS\SYSTEM32\wintypes.dll
0x00007ff904d40000 - 0x00007ff90509a000 	C:\WINDOWS\SYSTEM32\CoreUIComponents.dll
0x00007ff906800000 - 0x00007ff906833000 	C:\WINDOWS\SYSTEM32\ntmarta.dll
0x00007ff9063a0000 - 0x00007ff9063b3000 	C:\WINDOWS\SYSTEM32\kernel.appcore.dll
0x00007ff908510000 - 0x00007ff9085b8000 	C:\WINDOWS\System32\clbcatq.dll
0x00007ff8b2ff0000 - 0x00007ff8b3c74000 	C:\WINDOWS\SYSTEM32\ig4icd64.dll
0x00007ff906410000 - 0x00007ff906503000 	C:\WINDOWS\SYSTEM32\dxgi.dll
0x00007ff903d70000 - 0x00007ff903fd3000 	C:\WINDOWS\SYSTEM32\d3d11.dll
0x00007ff8d3d90000 - 0x00007ff8d49e0000 	C:\WINDOWS\SYSTEM32\igd10umd64.dll
0x00007ff8fce40000 - 0x00007ff8fce7b000 	C:\WINDOWS\SYSTEM32\dxcore.dll
0x00007ff8d0f50000 - 0x00007ff8d0fcf000 	C:\Users\ervin_1nmnhvl\AppData\Local\Temp\lwjglervin_1nmnhvl\3.2.2-build-10\lwjgl_stb.dll
0x00007ff902690000 - 0x00007ff90273e000 	C:\WINDOWS\SYSTEM32\mscms.dll
0x00007ff9025e0000 - 0x00007ff9025f1000 	C:\WINDOWS\SYSTEM32\ColorAdapterClient.dll
0x00007ff8d0800000 - 0x00007ff8d0843000 	C:\WINDOWS\SYSTEM32\icm32.dll
0x00007ff8f75a0000 - 0x00007ff8f769d000 	C:\WINDOWS\SYSTEM32\textinputframework.dll
0x00007ff8d07a0000 - 0x00007ff8d07f8000 	C:\Users\ervin_1nmnhvl\AppData\Local\Temp\lwjglervin_1nmnhvl\3.2.2-build-10\lwjgl_opengl.dll
0x00007ff8d0530000 - 0x00007ff8d0572000 	C:\Users\ervin_1nmnhvl\AppData\Local\Temp\jna-2118671535\jna4128843135743714095.dll
0x00007ff8f2b50000 - 0x00007ff8f2b6a000 	C:\save\modding\ervin_mod_1\build\natives\SAPIWrapper_x64.dll
0x00007ff90a330000 - 0x00007ff90a459000 	C:\WINDOWS\System32\ole32.dll
0x00007ff8cef70000 - 0x00007ff8cf0f4000 	C:\WINDOWS\System32\Speech\Common\sapi.dll
0x00007ff8f2b70000 - 0x00007ff8f2b8e000 	C:\WINDOWS\SYSTEM32\MSACM32.dll
0x00007ff903640000 - 0x00007ff90364b000 	C:\WINDOWS\SYSTEM32\msdmo.dll
0x00007ff8e3ec0000 - 0x00007ff8e3ee6000 	C:\WINDOWS\SYSTEM32\winmmbase.dll
0x00007ff8f87b0000 - 0x00007ff8f8835000 	C:\WINDOWS\System32\MMDevApi.dll
0x00007ff8d10d0000 - 0x00007ff8d11e4000 	C:\Users\ERVIN_~1\AppData\Local\Temp\lwjglervin_1nmnhvl\3.2.2-build-10\OpenAL.dll
0x00007ff8f1140000 - 0x00007ff8f12c0000 	C:\WINDOWS\SYSTEM32\AUDIOSES.DLL
0x00007ff907a50000 - 0x00007ff907a9b000 	C:\WINDOWS\SYSTEM32\powrprof.dll
0x00007ff907a30000 - 0x00007ff907a42000 	C:\WINDOWS\SYSTEM32\UMPDC.dll
0x00007ff905550000 - 0x00007ff905564000 	C:\WINDOWS\SYSTEM32\resourcepolicyclient.dll

VM Arguments:
jvm_args: -Dforge.logging.console.level=debug -Dforge.logging.markers=SCAN,REGISTRIES,REGISTRYDUMP -XX:HeapDumpPath=MojangTricksIntelDriversForPerformance_javaw.exe_minecraft.exe.heapdump -Dos.name=Windows 10 -Dos.version=10.0 -javaagent:C:\Users\ervin_1nmnhvl\AppData\Local\JetBrains\Toolbox\apps\IDEA-U\ch-0\202.6397.94\lib\idea_rt.jar=60712:C:\Users\ervin_1nmnhvl\AppData\Local\JetBrains\Toolbox\apps\IDEA-U\ch-0\202.6397.94\bin -Dfile.encoding=UTF-8 
java_command: net.minecraftforge.userdev.LaunchTesting
java_class_path (initial): C:\Program Files (x86)\Minecraft\runtime\jre-x64\lib\charsets.jar;C:\Program Files (x86)\Minecraft\runtime\jre-x64\lib\deploy.jar;C:\Program Files (x86)\Minecraft\runtime\jre-x64\lib\ext\access-bridge-64.jar;C:\Program Files (x86)\Minecraft\runtime\jre-x64\lib\ext\cldrdata.jar;C:\Program Files (x86)\Minecraft\runtime\jre-x64\lib\ext\dnsns.jar;C:\Program Files (x86)\Minecraft\runtime\jre-x64\lib\ext\jaccess.jar;C:\Program Files (x86)\Minecraft\runtime\jre-x64\lib\ext\jfxrt.jar;C:\Program Files (x86)\Minecraft\runtime\jre-x64\lib\ext\localedata.jar;C:\Program Files (x86)\Minecraft\runtime\jre-x64\lib\ext\nashorn.jar;C:\Program Files (x86)\Minecraft\runtime\jre-x64\lib\ext\sunec.jar;C:\Program Files (x86)\Minecraft\runtime\jre-x64\lib\ext\sunjce_provider.jar;C:\Program Files (x86)\Minecraft\runtime\jre-x64\lib\ext\sunmscapi.jar;C:\Program Files (x86)\Minecraft\runtime\jre-x64\lib\ext\sunpkcs11.jar;C:\Program Files (x86)\Minecraft\runtime\jre-x64\lib\ext\zipfs.jar;C:\Program Files (x86)\Minecraft\runtime\jre-x64\lib\javaws.jar;C:\Program Files (x86)\Minecraft\runtime\jre-x64\lib\jce.jar;C:\Program Files (x86)\Minecraft\runtime\jre-x64\lib\jfr.jar;C:\Program Files (x86)\Minecraft\runtime\jre-x64\lib\jfxswt.jar;C:\Program Files (x86)\Minecraft\runtime\jre-x64\lib\jsse.jar;C:\Program Files (x86)\Minecraft\runtime\jre-x64\lib\management-agent.jar;C:\Program Files (x86)\Minecraft\runtime\jre-x64\lib\plugin.jar;C:\Program Files (x86)\Minecraft\runtime\jre-x64\lib\resources.jar;C:\Program Files (x86)\Minecraft\runtime\jre-x64\lib\rt.jar;C:\save\modding\ervin_mod_1\build\classes\java\main;C:\save\modding\ervin_mod_1\build\resources\main;C:\Users\ervin_1nmnhvl\.gradle\caches\forge_gradle\minecraft_user_repo\net\minecraftforge\forge\1.16.1-32.0.75_mapped_snapshot_20200723-1.16.1\forge-1.16.1-32.0.75_mapped_snapshot_20200723-1.16.1-recomp.jar;C:\Users\ervin_1nmnhvl\.gradle\caches\forge_gradle\minecraft_user_repo\net\minecraftforge\forge\1.16.1-32.0.75_
Launcher Type: SUN_STANDARD

Environment Variables:
JAVA_HOME=C:\Program Files\Java\jdk-11.0.4
PATH=C:\Program Files\Docker\Docker\Resources\bin;C:\ProgramData\Oracle\Java\javapath;C:\WINDOWS\system32;C:\WINDOWS;C:\WINDOWS\System32\Wbem;C:\WINDOWS\System32\WindowsPowerShell\v1.0\;C:\Program Files (x86)\cloudControl;C:\Program Files\Git\cmd;C:\bin;C:\Program Files (x86)\Windows Kits\8.1\Windows Performance Toolkit\;C:\Program Files (x86)\PuTTY\;C:\Program Files (x86)\Nodist\bin;G:\save\sdk\android\tools;G:\save\sdk\android\platform-tools;C:\boxfuse;C:\Program Files (x86)\Skype\Phone\;C:\Program Files (x86)\GtkSharp\2.12\bin;C:\Program Files (x86)\IVI Foundation\VISA\WinNT\Bin;C:\WINDOWS\system32;C:\WINDOWS;C:\WINDOWS\System32\Wbem;C:\WINDOWS\System32\WindowsPowerShell\v1.0\;;C:\WINDOWS\System32\OpenSSH\;C:\Users\ervin_1nmnhvl\AppData\Local\Microsoft\WindowsApps;
USERNAME=ervin_1nmnhvl
OS=Windows_NT
PROCESSOR_IDENTIFIER=Intel64 Family 6 Model 42 Stepping 7, GenuineIntel



---------------  S Y S T E M  ---------------

OS: Windows 10.0 , 64 bit Build 19041 (10.0.19041.292)

CPU:total 4 (2 cores per cpu, 2 threads per core) family 6 model 42 stepping 7, cmov, cx8, fxsr, mmx, sse, sse2, sse3, ssse3, sse4.1, sse4.2, popcnt, avx, aes, clmul, ht, tsc, tscinvbit

Memory: 4k page, physical 8266764k(662120k free), swap 10363916k(3088k free)

vm_info: Java HotSpot(TM) 64-Bit Server VM (25.51-b03) for windows-amd64 JRE (1.8.0_51-b16), built on Jun  8 2015 18:03:07 by "java_re" with MS VC++ 10.0 (VS2010)

time: Tue Oct 06 11:22:10 2020
elapsed time: 145 seconds (0d 0h 2m 25s)

