#
# There is insufficient memory for the Java Runtime Environment to continue.
# Native memory allocation (malloc) failed to allocate 1323616 bytes for Chunk::new
# Possible reasons:
#   The system is out of physical RAM or swap space
#   In 32 bit mode, the process size limit was hit
# Possible solutions:
#   Reduce memory load on the system
#   Increase physical memory or swap space
#   Check if swap backing store is full
#   Use 64 bit Java on a 64 bit OS
#   Decrease Java heap size (-Xmx/-Xms)
#   Decrease number of Java threads
#   Decrease Java thread stack sizes (-Xss)
#   Set larger code cache with -XX:ReservedCodeCacheSize=
# This output file may be truncated or incomplete.
#
#  Out of Memory Error (allocation.cpp:390), pid=19720, tid=16228
#
# JRE version: Java(TM) SE Runtime Environment (8.0_51-b16) (build 1.8.0_51-b16)
# Java VM: Java HotSpot(TM) 64-Bit Server VM (25.51-b03 mixed mode windows-amd64 compressed oops)
# Failed to write core dump. Minidumps are not enabled by default on client versions of Windows
#

---------------  T H R E A D  ---------------

Current thread (0x00000000191b5800):  JavaThread "C2 CompilerThread1" daemon [_thread_in_native, id=16228, stack(0x00000000193f0000,0x00000000194f0000)]

Stack: [0x00000000193f0000,0x00000000194f0000]
Native frames: (J=compiled Java code, j=interpreted, Vv=VM code, C=native code)
V  [jvm.dll+0x32b4ca]
V  [jvm.dll+0x2797e3]
V  [jvm.dll+0x27a479]
V  [jvm.dll+0x271765]
V  [jvm.dll+0xcba02]
V  [jvm.dll+0xcbecc]
V  [jvm.dll+0x476f72]
V  [jvm.dll+0x4b95ff]
V  [jvm.dll+0x46c011]
V  [jvm.dll+0x46cd4e]
V  [jvm.dll+0x4501a2]
V  [jvm.dll+0xa43a2]
V  [jvm.dll+0xa4cdf]
V  [jvm.dll+0x2418a4]
V  [jvm.dll+0x29846a]
C  [msvcr100.dll+0x21d9f]
C  [msvcr100.dll+0x21e3b]
C  [KERNEL32.DLL+0x16fd4]
C  [ntdll.dll+0x4cec1]


Current CompileTask:
C2:1737538 26406   !   4       com.mojang.blaze3d.vertex.IVertexBuilder::addQuad (490 bytes)


---------------  P R O C E S S  ---------------

Java Threads: ( => current thread )
  0x000000001c0bb000 JavaThread "Server-Worker-13" daemon [_thread_blocked, id=7216, stack(0x0000000040d10000,0x0000000040e10000)]
  0x0000000023a40000 JavaThread "LanServerPinger #1" daemon [_thread_blocked, id=14552, stack(0x0000000042230000,0x0000000042330000)]
  0x0000000023a3f000 JavaThread "Netty Server IO #2" daemon [_thread_in_native, id=11408, stack(0x000000002dc10000,0x000000002dd10000)]
  0x0000000023a3b800 JavaThread "Server-Worker-10" daemon [_thread_blocked, id=18456, stack(0x0000000042820000,0x0000000042920000)]
  0x0000000023a31800 JavaThread "Sound engine" daemon [_thread_blocked, id=18480, stack(0x0000000026350000,0x0000000026450000)]
  0x0000000023a3a800 JavaThread "Netty Server IO #1" daemon [_thread_in_native, id=15476, stack(0x000000003f310000,0x000000003f410000)]
  0x0000000023a33000 JavaThread "Netty Local Client IO #0" daemon [_thread_blocked, id=20676, stack(0x000000003ed10000,0x000000003ee10000)]
  0x0000000023a32800 JavaThread "Netty Server IO #0" daemon [_thread_in_native, id=19784, stack(0x000000002db10000,0x000000002dc10000)]
  0x00000000191bc000 JavaThread "ObjectCleanerThread" daemon [_thread_blocked, id=17720, stack(0x0000000000ed0000,0x0000000000fd0000)]
  0x00000000191be800 JavaThread "Java2D Disposer" daemon [_thread_blocked, id=1400, stack(0x0000000000cd0000,0x0000000000dd0000)]
  0x0000000023a37800 JavaThread "poi IO worker" [_thread_blocked, id=10100, stack(0x000000002b320000,0x000000002b420000)]
  0x0000000023a39000 JavaThread "chunk IO worker" [_thread_blocked, id=21788, stack(0x0000000026250000,0x0000000026350000)]
  0x0000000023a34800 JavaThread "Server-Worker-6" daemon [_thread_blocked, id=19724, stack(0x000000002de20000,0x000000002df20000)]
  0x0000000023a37000 JavaThread "Thread-11" daemon [_thread_in_native, id=14092, stack(0x000000003ea10000,0x000000003eb10000)]
  0x0000000023a36000 JavaThread "Server thread" [_thread_in_Java, id=18484, stack(0x00000000282b0000,0x00000000283b0000)]
  0x0000000023a35800 JavaThread "Snooper Timer" daemon [_thread_blocked, id=10800, stack(0x00000000214f0000,0x00000000215f0000)]
  0x00000000191b8000 JavaThread "Narrator" [_thread_blocked, id=17468, stack(0x0000000028fd0000,0x00000000290d0000)]
  0x00000000191ba800 JavaThread "Timer hack thread" daemon [_thread_blocked, id=17088, stack(0x0000000026c50000,0x0000000026d50000)]
  0x000000001bbab800 JavaThread "Snooper Timer" daemon [_thread_blocked, id=17984, stack(0x000000001c4d0000,0x000000001c5d0000)]
  0x000000001bc4f000 JavaThread "pool-2-thread-1" daemon [_thread_blocked, id=5608, stack(0x00000000206a0000,0x00000000207a0000)]
  0x000000001b7f2800 JavaThread "Thread-2" daemon [_thread_in_native, id=22400, stack(0x000000001cd00000,0x000000001ce00000)]
  0x000000001b7ed800 JavaThread "Thread-1" daemon [_thread_blocked, id=2740, stack(0x000000001cc00000,0x000000001cd00000)]
  0x0000000019653000 JavaThread "Service Thread" daemon [_thread_blocked, id=17792, stack(0x0000000019df0000,0x0000000019ef0000)]
  0x00000000191ba000 JavaThread "C1 CompilerThread2" daemon [_thread_blocked, id=1176, stack(0x00000000194f0000,0x00000000195f0000)]
=>0x00000000191b5800 JavaThread "C2 CompilerThread1" daemon [_thread_in_native, id=16228, stack(0x00000000193f0000,0x00000000194f0000)]
  0x00000000191b4800 JavaThread "C2 CompilerThread0" daemon [_thread_blocked, id=12496, stack(0x00000000192f0000,0x00000000193f0000)]
  0x0000000019159000 JavaThread "Monitor Ctrl-Break" daemon [_thread_in_native, id=19400, stack(0x00000000191f0000,0x00000000192f0000)]
  0x00000000178a7800 JavaThread "Attach Listener" daemon [_thread_blocked, id=11832, stack(0x0000000018cf0000,0x0000000018df0000)]
  0x00000000178a6800 JavaThread "Signal Dispatcher" daemon [_thread_blocked, id=2532, stack(0x0000000018bf0000,0x0000000018cf0000)]
  0x0000000002c6b000 JavaThread "Finalizer" daemon [_thread_blocked, id=7756, stack(0x0000000018af0000,0x0000000018bf0000)]
  0x0000000002c68000 JavaThread "Reference Handler" daemon [_thread_blocked, id=19068, stack(0x00000000189f0000,0x0000000018af0000)]
  0x0000000002b72800 JavaThread "Render thread" [_thread_in_native, id=1604, stack(0x0000000002a50000,0x0000000002b50000)]

Other Threads:
  0x0000000002c64000 VMThread [stack: 0x00000000188f0000,0x00000000189f0000] [id=14704]
  0x0000000019654000 WatcherThread [stack: 0x0000000019ef0000,0x0000000019ff0000] [id=19728]

VM state:not at safepoint (normal execution)

VM Mutex/Monitor currently owned by a thread: None

Heap:
 PSYoungGen      total 677888K, used 317921K [0x00000000d5f00000, 0x0000000100000000, 0x0000000100000000)
  eden space 666624K, 46% used [0x00000000d5f00000,0x00000000e8def180,0x00000000fea00000)
  from space 11264K, 68% used [0x00000000fea00000,0x00000000ff1894d0,0x00000000ff500000)
  to   space 11264K, 0% used [0x00000000ff500000,0x00000000ff500000,0x0000000100000000)
 ParOldGen       total 715264K, used 698580K [0x0000000081c00000, 0x00000000ad680000, 0x00000000d5f00000)
  object space 715264K, 97% used [0x0000000081c00000,0x00000000ac6351d0,0x00000000ad680000)
 Metaspace       used 94163K, capacity 105688K, committed 105984K, reserved 1138688K
  class space    used 13911K, capacity 16822K, committed 16896K, reserved 1048576K

Card table byte_map: [0x0000000012130000,0x0000000012530000] byte_map_base: 0x0000000011d22000

Marking Bits: (ParMarkBitMap*) 0x000000006b604040
 Begin Bits: [0x0000000012be0000, 0x0000000014b70000)
 End Bits:   [0x0000000014b70000, 0x0000000016b00000)

Polling page: 0x0000000000fe0000

CodeCache: size=245760Kb used=57220Kb max_used=57453Kb free=188539Kb
 bounds [0x0000000002d70000, 0x0000000006690000, 0x0000000011d70000]
 total_blobs=18212 nmethods=16543 adapters=1578
 compilation: enabled

Compilation events (10 events):
Event: 1737.336 Thread 0x00000000191ba000 nmethod 26408 0x000000000513d090 code [0x000000000513d200, 0x000000000513d478]
Event: 1737.336 Thread 0x00000000191b4800 nmethod 26407 0x0000000005e2f990 code [0x0000000005e2fae0, 0x0000000005e2fc38]
Event: 1737.338 Thread 0x00000000191ba000 26409       3       com.mojang.blaze3d.vertex.IVertexConsumer::lightmap (12 bytes)
Event: 1737.338 Thread 0x00000000191ba000 nmethod 26409 0x00000000064cb290 code [0x00000000064cb400, 0x00000000064cb628]
Event: 1737.340 Thread 0x00000000191ba000 26411       3       com.mojang.blaze3d.vertex.IVertexBuilder::color (28 bytes)
Event: 1737.341 Thread 0x00000000191ba000 nmethod 26411 0x00000000060bf5d0 code [0x00000000060bf7a0, 0x00000000060bfa88]
Event: 1737.343 Thread 0x00000000191ba000 26410       3       com.mojang.blaze3d.vertex.IVertexConsumer::color (85 bytes)
Event: 1737.343 Thread 0x00000000191ba000 nmethod 26410 0x00000000053ee690 code [0x00000000053ee860, 0x00000000053ef0e8]
Event: 1737.406 Thread 0x00000000191b4800 26412       4       net.minecraft.client.renderer.ItemRenderer::renderQuads (153 bytes)
Event: 1737.433 Thread 0x00000000191b4800 nmethod 26412 0x0000000005171690 code [0x00000000051718a0, 0x0000000005172508]

GC Heap History (10 events):
Event: 1726.106 GC heap before
{Heap before GC invocations=806 (full 9):
 PSYoungGen      total 676864K, used 673621K [0x00000000d5f00000, 0x0000000100000000, 0x0000000100000000)
  eden space 665600K, 100% used [0x00000000d5f00000,0x00000000fe900000,0x00000000fe900000)
  from space 11264K, 71% used [0x00000000ff500000,0x00000000ffcd54d8,0x0000000100000000)
  to   space 11776K, 0% used [0x00000000fe900000,0x00000000fe900000,0x00000000ff480000)
 ParOldGen       total 715264K, used 695638K [0x0000000081c00000, 0x00000000ad680000, 0x00000000d5f00000)
  object space 715264K, 97% used [0x0000000081c00000,0x00000000ac3559e0,0x00000000ad680000)
 Metaspace       used 94152K, capacity 105656K, committed 105984K, reserved 1138688K
  class space    used 13910K, capacity 16790K, committed 16896K, reserved 1048576K
Event: 1726.117 GC heap after
Heap after GC invocations=806 (full 9):
 PSYoungGen      total 677376K, used 8117K [0x00000000d5f00000, 0x0000000100000000, 0x0000000100000000)
  eden space 665600K, 0% used [0x00000000d5f00000,0x00000000d5f00000,0x00000000fe900000)
  from space 11776K, 68% used [0x00000000fe900000,0x00000000ff0ed508,0x00000000ff480000)
  to   space 11776K, 0% used [0x00000000ff480000,0x00000000ff480000,0x0000000100000000)
 ParOldGen       total 715264K, used 695694K [0x0000000081c00000, 0x00000000ad680000, 0x00000000d5f00000)
  object space 715264K, 97% used [0x0000000081c00000,0x00000000ac3639e0,0x00000000ad680000)
 Metaspace       used 94152K, capacity 105656K, committed 105984K, reserved 1138688K
  class space    used 13910K, capacity 16790K, committed 16896K, reserved 1048576K
}
Event: 1728.531 GC heap before
{Heap before GC invocations=807 (full 9):
 PSYoungGen      total 677376K, used 673717K [0x00000000d5f00000, 0x0000000100000000, 0x0000000100000000)
  eden space 665600K, 100% used [0x00000000d5f00000,0x00000000fe900000,0x00000000fe900000)
  from space 11776K, 68% used [0x00000000fe900000,0x00000000ff0ed508,0x00000000ff480000)
  to   space 11776K, 0% used [0x00000000ff480000,0x00000000ff480000,0x0000000100000000)
 ParOldGen       total 715264K, used 696593K [0x0000000081c00000, 0x00000000ad680000, 0x00000000d5f00000)
  object space 715264K, 97% used [0x0000000081c00000,0x00000000ac4444b0,0x00000000ad680000)
 Metaspace       used 94155K, capacity 105656K, committed 105984K, reserved 1138688K
  class space    used 13910K, capacity 16790K, committed 16896K, reserved 1048576K
Event: 1728.544 GC heap after
Heap after GC invocations=807 (full 9):
 PSYoungGen      total 676352K, used 6901K [0x00000000d5f00000, 0x00000000fff00000, 0x0000000100000000)
  eden space 665600K, 0% used [0x00000000d5f00000,0x00000000d5f00000,0x00000000fe900000)
  from space 10752K, 64% used [0x00000000ff480000,0x00000000ffb3d508,0x00000000fff00000)
  to   space 11264K, 0% used [0x00000000fe900000,0x00000000fe900000,0x00000000ff400000)
 ParOldGen       total 715264K, used 697957K [0x0000000081c00000, 0x00000000ad680000, 0x00000000d5f00000)
  object space 715264K, 97% used [0x0000000081c00000,0x00000000ac599678,0x00000000ad680000)
 Metaspace       used 94155K, capacity 105656K, committed 105984K, reserved 1138688K
  class space    used 13910K, capacity 16790K, committed 16896K, reserved 1048576K
}
Event: 1731.166 GC heap before
{Heap before GC invocations=808 (full 9):
 PSYoungGen      total 676352K, used 672501K [0x00000000d5f00000, 0x00000000fff00000, 0x0000000100000000)
  eden space 665600K, 100% used [0x00000000d5f00000,0x00000000fe900000,0x00000000fe900000)
  from space 10752K, 64% used [0x00000000ff480000,0x00000000ffb3d508,0x00000000fff00000)
  to   space 11264K, 0% used [0x00000000fe900000,0x00000000fe900000,0x00000000ff400000)
 ParOldGen       total 715264K, used 697958K [0x0000000081c00000, 0x00000000ad680000, 0x00000000d5f00000)
  object space 715264K, 97% used [0x0000000081c00000,0x00000000ac599b20,0x00000000ad680000)
 Metaspace       used 94157K, capacity 105656K, committed 105984K, reserved 1138688K
  class space    used 13910K, capacity 16790K, committed 16896K, reserved 1048576K
Event: 1731.179 GC heap after
Heap after GC invocations=808 (full 9):
 PSYoungGen      total 676864K, used 7892K [0x00000000d5f00000, 0x0000000100000000, 0x0000000100000000)
  eden space 665600K, 0% used [0x00000000d5f00000,0x00000000d5f00000,0x00000000fe900000)
  from space 11264K, 70% used [0x00000000fe900000,0x00000000ff0b5160,0x00000000ff400000)
  to   space 11264K, 0% used [0x00000000ff500000,0x00000000ff500000,0x0000000100000000)
 ParOldGen       total 715264K, used 698006K [0x0000000081c00000, 0x00000000ad680000, 0x00000000d5f00000)
  object space 715264K, 97% used [0x0000000081c00000,0x00000000ac5a5b20,0x00000000ad680000)
 Metaspace       used 94157K, capacity 105656K, committed 105984K, reserved 1138688K
  class space    used 13910K, capacity 16790K, committed 16896K, reserved 1048576K
}
Event: 1733.752 GC heap before
{Heap before GC invocations=809 (full 9):
 PSYoungGen      total 676864K, used 673492K [0x00000000d5f00000, 0x0000000100000000, 0x0000000100000000)
  eden space 665600K, 100% used [0x00000000d5f00000,0x00000000fe900000,0x00000000fe900000)
  from space 11264K, 70% used [0x00000000fe900000,0x00000000ff0b5160,0x00000000ff400000)
  to   space 11264K, 0% used [0x00000000ff500000,0x00000000ff500000,0x0000000100000000)
 ParOldGen       total 715264K, used 698012K [0x0000000081c00000, 0x00000000ad680000, 0x00000000d5f00000)
  object space 715264K, 97% used [0x0000000081c00000,0x00000000ac5a72d8,0x00000000ad680000)
 Metaspace       used 94157K, capacity 105656K, committed 105984K, reserved 1138688K
  class space    used 13910K, capacity 16790K, committed 16896K, reserved 1048576K
Event: 1733.763 GC heap after
Heap after GC invocations=809 (full 9):
 PSYoungGen      total 677888K, used 7781K [0x00000000d5f00000, 0x0000000100000000, 0x0000000100000000)
  eden space 666624K, 0% used [0x00000000d5f00000,0x00000000d5f00000,0x00000000fea00000)
  from space 11264K, 69% used [0x00000000ff500000,0x00000000ffc994c0,0x0000000100000000)
  to   space 11264K, 0% used [0x00000000fea00000,0x00000000fea00000,0x00000000ff500000)
 ParOldGen       total 715264K, used 698044K [0x0000000081c00000, 0x00000000ad680000, 0x00000000d5f00000)
  object space 715264K, 97% used [0x0000000081c00000,0x00000000ac5af2d8,0x00000000ad680000)
 Metaspace       used 94157K, capacity 105656K, committed 105984K, reserved 1138688K
  class space    used 13910K, capacity 16790K, committed 16896K, reserved 1048576K
}
Event: 1736.316 GC heap before
{Heap before GC invocations=810 (full 9):
 PSYoungGen      total 677888K, used 674405K [0x00000000d5f00000, 0x0000000100000000, 0x0000000100000000)
  eden space 666624K, 100% used [0x00000000d5f00000,0x00000000fea00000,0x00000000fea00000)
  from space 11264K, 69% used [0x00000000ff500000,0x00000000ffc994c0,0x0000000100000000)
  to   space 11264K, 0% used [0x00000000fea00000,0x00000000fea00000,0x00000000ff500000)
 ParOldGen       total 715264K, used 698516K [0x0000000081c00000, 0x00000000ad680000, 0x00000000d5f00000)
  object space 715264K, 97% used [0x0000000081c00000,0x00000000ac6251d0,0x00000000ad680000)
 Metaspace       used 94157K, capacity 105656K, committed 105984K, reserved 1138688K
  class space    used 13910K, capacity 16790K, committed 16896K, reserved 1048576K
Event: 1736.327 GC heap after
Heap after GC invocations=810 (full 9):
 PSYoungGen      total 677888K, used 7717K [0x00000000d5f00000, 0x0000000100000000, 0x0000000100000000)
  eden space 666624K, 0% used [0x00000000d5f00000,0x00000000d5f00000,0x00000000fea00000)
  from space 11264K, 68% used [0x00000000fea00000,0x00000000ff1894d0,0x00000000ff500000)
  to   space 11264K, 0% used [0x00000000ff500000,0x00000000ff500000,0x0000000100000000)
 ParOldGen       total 715264K, used 698580K [0x0000000081c00000, 0x00000000ad680000, 0x00000000d5f00000)
  object space 715264K, 97% used [0x0000000081c00000,0x00000000ac6351d0,0x00000000ad680000)
 Metaspace       used 94157K, capacity 105656K, committed 105984K, reserved 1138688K
  class space    used 13910K, capacity 16790K, committed 16896K, reserved 1048576K
}

Deoptimization events (10 events):
Event: 1737.306 Thread 0x0000000002b72800 Uncommon trap: reason=class_check action=maybe_recompile pc=0x000000000372a218 method=net.minecraftforge.client.extensions.IForgeVertexBuilder.getVertexBuilder()Lcom/mojang/blaze3d/vertex/IVertexBuilder; @ 1
Event: 1737.306 Thread 0x0000000002b72800 Uncommon trap: reason=class_check action=maybe_recompile pc=0x0000000005797334 method=net.minecraftforge.client.extensions.IForgeVertexBuilder.addVertexData(Lcom/mojang/blaze3d/matrix/MatrixStack$Entry;Lnet/minecraft/client/renderer/model/BakedQuad;FFFIIZ)u(ùÇ9%›@
Event: 1737.306 Thread 0x0000000002b72800 Uncommon trap: reason=class_check action=maybe_recompile pc=0x000000000372a218 method=net.minecraftforge.client.extensions.IForgeVertexBuilder.getVertexBuilder()Lcom/mojang/blaze3d/vertex/IVertexBuilder; @ 1
Event: 1737.315 Thread 0x0000000002b72800 Uncommon trap: reason=unstable_if action=reinterpret pc=0x0000000005ad93a8 method=net.minecraft.client.renderer.texture.Texture.setBlurMipmapDirect(ZZ)V @ 19
Event: 1737.315 Thread 0x0000000002b72800 Uncommon trap: reason=unstable_if action=reinterpret pc=0x00000000059e50e4 method=com.mojang.blaze3d.platform.GlStateManager.depthFunc(I)V @ 15
Event: 1737.321 Thread 0x0000000002b72800 Uncommon trap: reason=unstable_if action=reinterpret pc=0x0000000005a318e8 method=com.mojang.blaze3d.platform.GlStateManager.depthFunc(I)V @ 15
Event: 1737.339 Thread 0x0000000023a36000 Uncommon trap: reason=bimorphic action=maybe_recompile pc=0x00000000055437b4 method=net.minecraftforge.common.extensions.IForgeBlockState.isLadder(Lnet/minecraft/world/IWorldReader;Lnet/minecraft/util/math/BlockPos;Lnet/minecraft/entity/LivingEntity;)Z @ 1=KëZ%›@
Event: 1737.339 Thread 0x0000000023a36000 Uncommon trap: reason=bimorphic action=maybe_recompile pc=0x0000000005ef1ef4 method=net.minecraftforge.common.extensions.IForgeBlockState.isLadder(Lnet/minecraft/world/IWorldReader;Lnet/minecraft/util/math/BlockPos;Lnet/minecraft/entity/LivingEntity;)Z @ 1h!£[%›@
Event: 1737.339 Thread 0x0000000023a36000 Uncommon trap: reason=bimorphic action=maybe_recompile pc=0x00000000055437b4 method=net.minecraftforge.common.extensions.IForgeBlockState.isLadder(Lnet/minecraft/world/IWorldReader;Lnet/minecraft/util/math/BlockPos;Lnet/minecraft/entity/LivingEntity;)Z @ 18ÂýÛ€%›@
Event: 1737.376 Thread 0x0000000002b72800 Uncommon trap: reason=bimorphic action=maybe_recompile pc=0x000000000476c378 method=net.minecraftforge.common.extensions.IForgeBlockState.isLadder(Lnet/minecraft/world/IWorldReader;Lnet/minecraft/util/math/BlockPos;Lnet/minecraft/entity/LivingEntity;)Z @ 1¶Ch©9%›@

Internal exceptions (10 events):
Event: 1737.310 Thread 0x0000000002b72800 Exception <a 'sun/nio/fs/WindowsException'> (0x00000000e65fd968) thrown at [C:\re\workspace\8-2-build-windows-amd64-cygwin\jdk8u51\3951\hotspot\src\share\vm\prims\jni.cpp, line 709]
Event: 1737.310 Thread 0x0000000002b72800 Exception <a 'sun/nio/fs/WindowsException'> (0x00000000e65fdf18) thrown at [C:\re\workspace\8-2-build-windows-amd64-cygwin\jdk8u51\3951\hotspot\src\share\vm\prims\jni.cpp, line 709]
Event: 1737.310 Thread 0x0000000002b72800 Exception <a 'sun/nio/fs/WindowsException'> (0x00000000e65fec40) thrown at [C:\re\workspace\8-2-build-windows-amd64-cygwin\jdk8u51\3951\hotspot\src\share\vm\prims\jni.cpp, line 709]
Event: 1737.310 Thread 0x0000000002b72800 Exception <a 'sun/nio/fs/WindowsException'> (0x00000000e65ff2e0) thrown at [C:\re\workspace\8-2-build-windows-amd64-cygwin\jdk8u51\3951\hotspot\src\share\vm\prims\jni.cpp, line 709]
Event: 1737.310 Thread 0x0000000002b72800 Exception <a 'sun/nio/fs/WindowsException'> (0x00000000e6600fe0) thrown at [C:\re\workspace\8-2-build-windows-amd64-cygwin\jdk8u51\3951\hotspot\src\share\vm\prims\jni.cpp, line 709]
Event: 1737.311 Thread 0x0000000002b72800 Exception <a 'sun/nio/fs/WindowsException'> (0x00000000e6601570) thrown at [C:\re\workspace\8-2-build-windows-amd64-cygwin\jdk8u51\3951\hotspot\src\share\vm\prims\jni.cpp, line 709]
Event: 1737.311 Thread 0x0000000002b72800 Exception <a 'sun/nio/fs/WindowsException'> (0x00000000e66022d8) thrown at [C:\re\workspace\8-2-build-windows-amd64-cygwin\jdk8u51\3951\hotspot\src\share\vm\prims\jni.cpp, line 709]
Event: 1737.311 Thread 0x0000000002b72800 Exception <a 'sun/nio/fs/WindowsException'> (0x00000000e6602878) thrown at [C:\re\workspace\8-2-build-windows-amd64-cygwin\jdk8u51\3951\hotspot\src\share\vm\prims\jni.cpp, line 709]
Event: 1737.311 Thread 0x0000000002b72800 Exception <a 'sun/nio/fs/WindowsException'> (0x00000000e6603560) thrown at [C:\re\workspace\8-2-build-windows-amd64-cygwin\jdk8u51\3951\hotspot\src\share\vm\prims\jni.cpp, line 709]
Event: 1737.311 Thread 0x0000000002b72800 Exception <a 'sun/nio/fs/WindowsException'> (0x00000000e6603bd0) thrown at [C:\re\workspace\8-2-build-windows-amd64-cygwin\jdk8u51\3951\hotspot\src\share\vm\prims\jni.cpp, line 709]

Events (10 events):
Event: 1737.339 Thread 0x0000000023a36000 Uncommon trap: trap_request=0xffffffc6 fr.pc=0x00000000055437b4
Event: 1737.340 Thread 0x0000000023a36000 DEOPT PACKING pc=0x00000000055437b4 sp=0x00000000283af330
Event: 1737.340 Thread 0x0000000023a36000 DEOPT UNPACKING pc=0x0000000002db582a sp=0x00000000283af1a8 mode 2
Event: 1737.340 Thread 0x00000000191ba000 flushing nmethod 0x0000000004d25fd0
Event: 1737.341 Thread 0x00000000191ba000 flushing nmethod 0x0000000004da65d0
Event: 1737.342 Thread 0x00000000191ba000 flushing nmethod 0x0000000004f7a590
Event: 1737.342 Thread 0x00000000191ba000 flushing nmethod 0x000000000507ea50
Event: 1737.376 Thread 0x0000000002b72800 Uncommon trap: trap_request=0xffffffc6 fr.pc=0x000000000476c378
Event: 1737.376 Thread 0x0000000002b72800 DEOPT PACKING pc=0x000000000476c378 sp=0x0000000002b4da60
Event: 1737.376 Thread 0x0000000002b72800 DEOPT UNPACKING pc=0x0000000002db582a sp=0x0000000002b4d940 mode 2


Dynamic libraries:
0x00007ff6f1270000 - 0x00007ff6f12a7000 	C:\Program Files (x86)\Minecraft\runtime\jre-x64\bin\java.exe
0x00007ff8dfd70000 - 0x00007ff8dff65000 	C:\WINDOWS\SYSTEM32\ntdll.dll
0x00007ff8de750000 - 0x00007ff8de80d000 	C:\WINDOWS\System32\KERNEL32.DLL
0x00007ff8ddb10000 - 0x00007ff8dddd7000 	C:\WINDOWS\System32\KERNELBASE.dll
0x00007ff8decf0000 - 0x00007ff8ded9a000 	C:\WINDOWS\System32\ADVAPI32.dll
0x00007ff8de0b0000 - 0x00007ff8de14e000 	C:\WINDOWS\System32\msvcrt.dll
0x00007ff8df520000 - 0x00007ff8df5bb000 	C:\WINDOWS\System32\sechost.dll
0x00007ff8dfa50000 - 0x00007ff8dfb73000 	C:\WINDOWS\System32\RPCRT4.dll
0x00007ff8ddde0000 - 0x00007ff8ddf80000 	C:\WINDOWS\System32\USER32.dll
0x00007ff8dd510000 - 0x00007ff8dd532000 	C:\WINDOWS\System32\win32u.dll
0x00007ff8de600000 - 0x00007ff8de62a000 	C:\WINDOWS\System32\GDI32.dll
0x00007ff8dd6a0000 - 0x00007ff8dd7aa000 	C:\WINDOWS\System32\gdi32full.dll
0x00007ff8dd7e0000 - 0x00007ff8dd87d000 	C:\WINDOWS\System32\msvcp_win.dll
0x00007ff8dd8e0000 - 0x00007ff8dd9e0000 	C:\WINDOWS\System32\ucrtbase.dll
0x00007ff8c0380000 - 0x00007ff8c061a000 	C:\WINDOWS\WinSxS\amd64_microsoft.windows.common-controls_6595b64144ccf1df_6.0.19041.1_none_b555e41d4684ddec\COMCTL32.dll
0x00007ff8deda0000 - 0x00007ff8dedd0000 	C:\WINDOWS\System32\IMM32.DLL
0x000000006b690000 - 0x000000006b762000 	C:\Program Files (x86)\Minecraft\runtime\jre-x64\bin\msvcr100.dll
0x000000006ae00000 - 0x000000006b683000 	C:\Program Files (x86)\Minecraft\runtime\jre-x64\bin\server\jvm.dll
0x00007ff8de1d0000 - 0x00007ff8de1d8000 	C:\WINDOWS\System32\PSAPI.DLL
0x00007ff8d64a0000 - 0x00007ff8d64c7000 	C:\WINDOWS\SYSTEM32\WINMM.dll
0x00007ff8b8050000 - 0x00007ff8b8059000 	C:\WINDOWS\SYSTEM32\WSOCK32.dll
0x00007ff8de810000 - 0x00007ff8de87b000 	C:\WINDOWS\System32\WS2_32.dll
0x00007ff8d6230000 - 0x00007ff8d623a000 	C:\WINDOWS\SYSTEM32\VERSION.dll
0x000000006c010000 - 0x000000006c01f000 	C:\Program Files (x86)\Minecraft\runtime\jre-x64\bin\verify.dll
0x000000006bfe0000 - 0x000000006c009000 	C:\Program Files (x86)\Minecraft\runtime\jre-x64\bin\java.dll
0x000000006bfb0000 - 0x000000006bfd3000 	C:\Program Files (x86)\Minecraft\runtime\jre-x64\bin\instrument.dll
0x000000006bf90000 - 0x000000006bfa6000 	C:\Program Files (x86)\Minecraft\runtime\jre-x64\bin\zip.dll
0x00007ff8dedd0000 - 0x00007ff8df510000 	C:\WINDOWS\System32\SHELL32.dll
0x00007ff8db500000 - 0x00007ff8dbc91000 	C:\WINDOWS\SYSTEM32\windows.storage.dll
0x00007ff8de2a0000 - 0x00007ff8de5f3000 	C:\WINDOWS\System32\combase.dll
0x00007ff8dce70000 - 0x00007ff8dce9c000 	C:\WINDOWS\SYSTEM32\Wldp.dll
0x00007ff8ddfa0000 - 0x00007ff8de04e000 	C:\WINDOWS\System32\SHCORE.dll
0x00007ff8de050000 - 0x00007ff8de0a5000 	C:\WINDOWS\System32\shlwapi.dll
0x00007ff8dd400000 - 0x00007ff8dd41f000 	C:\WINDOWS\SYSTEM32\profapi.dll
0x00007ff8b6920000 - 0x00007ff8b693a000 	C:\Users\ervin_1nmnhvl\AppData\Local\JetBrains\Toolbox\apps\IDEA-U\ch-0\202.6397.94\bin\breakgen64.dll
0x000000006bf70000 - 0x000000006bf8a000 	C:\Program Files (x86)\Minecraft\runtime\jre-x64\bin\net.dll
0x00007ff8dcc60000 - 0x00007ff8dccca000 	C:\WINDOWS\system32\mswsock.dll
0x000000006adf0000 - 0x000000006adfd000 	C:\Program Files (x86)\Minecraft\runtime\jre-x64\bin\management.dll
0x00007ff8aa430000 - 0x00007ff8aa447000 	C:\WINDOWS\system32\napinsp.dll
0x00007ff8aa260000 - 0x00007ff8aa27b000 	C:\WINDOWS\system32\pnrpnsp.dll
0x00007ff8d8210000 - 0x00007ff8d8225000 	C:\WINDOWS\system32\wshbth.dll
0x00007ff8d8e80000 - 0x00007ff8d8e9d000 	C:\WINDOWS\system32\NLAapi.dll
0x00007ff8dc920000 - 0x00007ff8dc95b000 	C:\WINDOWS\SYSTEM32\IPHLPAPI.DLL
0x00007ff8dc970000 - 0x00007ff8dca3a000 	C:\WINDOWS\SYSTEM32\DNSAPI.dll
0x00007ff8df910000 - 0x00007ff8df919000 	C:\WINDOWS\System32\NSI.dll
0x00007ff8b4ae0000 - 0x00007ff8b4af2000 	C:\WINDOWS\System32\winrnr.dll
0x00007ff8cdbd0000 - 0x00007ff8cdbda000 	C:\Windows\System32\rasadhlp.dll
0x00007ff8d1e90000 - 0x00007ff8d1f0f000 	C:\WINDOWS\System32\fwpuclnt.dll
0x00007ff8dd7b0000 - 0x00007ff8dd7d7000 	C:\WINDOWS\System32\bcrypt.dll
0x00007ff8d4530000 - 0x00007ff8d4547000 	C:\WINDOWS\SYSTEM32\dhcpcsvc6.DLL
0x00007ff8d3d70000 - 0x00007ff8d3d8d000 	C:\WINDOWS\SYSTEM32\dhcpcsvc.DLL
0x00007ff8dd1c0000 - 0x00007ff8dd1d8000 	C:\WINDOWS\SYSTEM32\CRYPTSP.dll
0x00007ff8dc4a0000 - 0x00007ff8dc4d4000 	C:\WINDOWS\system32\rsaenh.dll
0x00007ff8dd3c0000 - 0x00007ff8dd3ee000 	C:\WINDOWS\SYSTEM32\USERENV.dll
0x00007ff8dda90000 - 0x00007ff8ddb0f000 	C:\WINDOWS\System32\bcryptprimitives.dll
0x00007ff8dcde0000 - 0x00007ff8dcdec000 	C:\WINDOWS\SYSTEM32\CRYPTBASE.dll
0x000000006add0000 - 0x000000006ade1000 	C:\Program Files (x86)\Minecraft\runtime\jre-x64\bin\nio.dll
0x000000006ada0000 - 0x000000006adc4000 	C:\Program Files (x86)\Minecraft\runtime\jre-x64\bin\sunec.dll
0x00007ff8a32d0000 - 0x00007ff8a3342000 	C:\Users\ervin_1nmnhvl\AppData\Local\Temp\lwjglervin_1nmnhvl\3.2.2-build-10\lwjgl.dll
0x00007ff89ed40000 - 0x00007ff89ef91000 	C:\Users\ERVIN_~1\AppData\Local\Temp\lwjglervin_1nmnhvl\3.2.2-build-10\jemalloc.dll
0x00007ff8b5190000 - 0x00007ff8b51ee000 	C:\Users\ERVIN_~1\AppData\Local\Temp\lwjglervin_1nmnhvl\3.2.2-build-10\glfw.dll
0x00007ff8dacb0000 - 0x00007ff8dad4f000 	C:\WINDOWS\system32\uxtheme.dll
0x00007ff8b5d00000 - 0x00007ff8b5d45000 	C:\WINDOWS\SYSTEM32\dinput8.dll
0x00007ff8b49a0000 - 0x00007ff8b49b1000 	C:\WINDOWS\SYSTEM32\xinput1_4.dll
0x00007ff8dd4c0000 - 0x00007ff8dd50d000 	C:\WINDOWS\System32\cfgmgr32.dll
0x00007ff8dd280000 - 0x00007ff8dd2ac000 	C:\WINDOWS\SYSTEM32\DEVOBJ.dll
0x00007ff8db030000 - 0x00007ff8db05f000 	C:\WINDOWS\SYSTEM32\dwmapi.dll
0x00007ff8de630000 - 0x00007ff8de745000 	C:\WINDOWS\System32\MSCTF.dll
0x00007ff8df840000 - 0x00007ff8df90d000 	C:\WINDOWS\System32\OLEAUT32.dll
0x00007ff8dbca0000 - 0x00007ff8dbcad000 	C:\WINDOWS\SYSTEM32\HID.DLL
0x00007ff8de880000 - 0x00007ff8dece7000 	C:\WINDOWS\System32\SETUPAPI.DLL
0x00007ff8dd880000 - 0x00007ff8dd8e0000 	C:\WINDOWS\System32\WINTRUST.dll
0x00007ff8dd540000 - 0x00007ff8dd69d000 	C:\WINDOWS\System32\CRYPT32.dll
0x00007ff8dd1f0000 - 0x00007ff8dd202000 	C:\WINDOWS\SYSTEM32\MSASN1.dll
0x00007ff8cce20000 - 0x00007ff8ccf72000 	C:\WINDOWS\SYSTEM32\inputhost.dll
0x00007ff8da5f0000 - 0x00007ff8da6e2000 	C:\WINDOWS\SYSTEM32\CoreMessaging.dll
0x00007ff8d8b80000 - 0x00007ff8d8c75000 	C:\WINDOWS\SYSTEM32\PROPSYS.dll
0x00007ff8da6f0000 - 0x00007ff8daa4a000 	C:\WINDOWS\SYSTEM32\CoreUIComponents.dll
0x00007ff8dc0f0000 - 0x00007ff8dc123000 	C:\WINDOWS\SYSTEM32\ntmarta.dll
0x00007ff8db4e0000 - 0x00007ff8db4f3000 	C:\WINDOWS\SYSTEM32\kernel.appcore.dll
0x00007ff8da110000 - 0x00007ff8da266000 	C:\WINDOWS\SYSTEM32\wintypes.dll
0x00007ff89c4f0000 - 0x00007ff89c64c000 	C:\WINDOWS\SYSTEM32\opengl32.dll
0x00007ff89e7b0000 - 0x00007ff89e7dc000 	C:\WINDOWS\SYSTEM32\GLU32.dll
0x00007ff897ed0000 - 0x00007ff898b54000 	C:\WINDOWS\SYSTEM32\ig4icd64.dll
0x00007ff8dbd00000 - 0x00007ff8dbdf3000 	C:\WINDOWS\SYSTEM32\dxgi.dll
0x00007ff8d9cb0000 - 0x00007ff8d9f13000 	C:\WINDOWS\SYSTEM32\d3d11.dll
0x00007ff8d25f0000 - 0x00007ff8d262b000 	C:\WINDOWS\SYSTEM32\dxcore.dll
0x00007ff8ccf80000 - 0x00007ff8cd07c000 	C:\WINDOWS\SYSTEM32\textinputframework.dll
0x00007ff8abba0000 - 0x00007ff8abbf8000 	C:\Users\ervin_1nmnhvl\AppData\Local\Temp\lwjglervin_1nmnhvl\3.2.2-build-10\lwjgl_opengl.dll
0x00007ff8a16c0000 - 0x00007ff8a173f000 	C:\Users\ervin_1nmnhvl\AppData\Local\Temp\lwjglervin_1nmnhvl\3.2.2-build-10\lwjgl_stb.dll
0x00007ff8df920000 - 0x00007ff8dfa49000 	C:\WINDOWS\System32\ole32.dll
0x00007ff8a8f40000 - 0x00007ff8a9b90000 	C:\WINDOWS\SYSTEM32\igd10umd64.dll
0x00007ff8d7e20000 - 0x00007ff8d7ece000 	C:\WINDOWS\SYSTEM32\mscms.dll
0x00007ff8d7b80000 - 0x00007ff8d7b91000 	C:\WINDOWS\SYSTEM32\ColorAdapterClient.dll
0x00007ff8d11e0000 - 0x00007ff8d1223000 	C:\WINDOWS\SYSTEM32\icm32.dll
0x00007ff8af1c0000 - 0x00007ff8af202000 	C:\Users\ervin_1nmnhvl\AppData\Local\Temp\jna-2118671535\jna7918186049632444516.dll
0x00007ff8d9f20000 - 0x00007ff8d9f3a000 	C:\save\modding\ervin_mod_1\build\natives\SAPIWrapper_x64.dll
0x00007ff8df6a0000 - 0x00007ff8df748000 	C:\WINDOWS\System32\clbcatq.dll
0x00007ff89c650000 - 0x00007ff89c7d4000 	C:\WINDOWS\System32\Speech\Common\sapi.dll
0x00007ff8b4690000 - 0x00007ff8b46ae000 	C:\WINDOWS\SYSTEM32\MSACM32.dll
0x00007ff8bbbf0000 - 0x00007ff8bbbfb000 	C:\WINDOWS\SYSTEM32\msdmo.dll
0x00007ff8bcd60000 - 0x00007ff8bcd86000 	C:\WINDOWS\SYSTEM32\winmmbase.dll
0x00007ff8ce7c0000 - 0x00007ff8ce845000 	C:\WINDOWS\System32\MMDevApi.dll
0x00007ff8a2430000 - 0x00007ff8a2544000 	C:\Users\ERVIN_~1\AppData\Local\Temp\lwjglervin_1nmnhvl\3.2.2-build-10\OpenAL.dll
0x00007ff8c6810000 - 0x00007ff8c6990000 	C:\WINDOWS\SYSTEM32\AUDIOSES.DLL
0x00007ff8dca90000 - 0x00007ff8dcadb000 	C:\WINDOWS\SYSTEM32\powrprof.dll
0x00007ff8dc900000 - 0x00007ff8dc912000 	C:\WINDOWS\SYSTEM32\UMPDC.dll
0x00007ff8dae30000 - 0x00007ff8dae44000 	C:\WINDOWS\SYSTEM32\resourcepolicyclient.dll
0x000000006ac00000 - 0x000000006ad98000 	C:\Program Files (x86)\Minecraft\runtime\jre-x64\bin\awt.dll
0x00007ff8dab80000 - 0x00007ff8dac10000 	C:\WINDOWS\SYSTEM32\apphelp.dll
0x00007ff8d4670000 - 0x00007ff8d4854000 	C:\WINDOWS\SYSTEM32\dbghelp.dll

VM Arguments:
jvm_args: -Dforge.logging.console.level=debug -Dforge.logging.markers=SCAN,REGISTRIES,REGISTRYDUMP -XX:HeapDumpPath=MojangTricksIntelDriversForPerformance_javaw.exe_minecraft.exe.heapdump -Dos.name=Windows 10 -Dos.version=10.0 -javaagent:C:\Users\ervin_1nmnhvl\AppData\Local\JetBrains\Toolbox\apps\IDEA-U\ch-0\202.6397.94\lib\idea_rt.jar=50609:C:\Users\ervin_1nmnhvl\AppData\Local\JetBrains\Toolbox\apps\IDEA-U\ch-0\202.6397.94\bin -Dfile.encoding=UTF-8 
java_command: net.minecraftforge.userdev.LaunchTesting
java_class_path (initial): C:\Program Files (x86)\Minecraft\runtime\jre-x64\lib\charsets.jar;C:\Program Files (x86)\Minecraft\runtime\jre-x64\lib\deploy.jar;C:\Program Files (x86)\Minecraft\runtime\jre-x64\lib\ext\access-bridge-64.jar;C:\Program Files (x86)\Minecraft\runtime\jre-x64\lib\ext\cldrdata.jar;C:\Program Files (x86)\Minecraft\runtime\jre-x64\lib\ext\dnsns.jar;C:\Program Files (x86)\Minecraft\runtime\jre-x64\lib\ext\jaccess.jar;C:\Program Files (x86)\Minecraft\runtime\jre-x64\lib\ext\jfxrt.jar;C:\Program Files (x86)\Minecraft\runtime\jre-x64\lib\ext\localedata.jar;C:\Program Files (x86)\Minecraft\runtime\jre-x64\lib\ext\nashorn.jar;C:\Program Files (x86)\Minecraft\runtime\jre-x64\lib\ext\sunec.jar;C:\Program Files (x86)\Minecraft\runtime\jre-x64\lib\ext\sunjce_provider.jar;C:\Program Files (x86)\Minecraft\runtime\jre-x64\lib\ext\sunmscapi.jar;C:\Program Files (x86)\Minecraft\runtime\jre-x64\lib\ext\sunpkcs11.jar;C:\Program Files (x86)\Minecraft\runtime\jre-x64\lib\ext\zipfs.jar;C:\Program Files (x86)\Minecraft\runtime\jre-x64\lib\javaws.jar;C:\Program Files (x86)\Minecraft\runtime\jre-x64\lib\jce.jar;C:\Program Files (x86)\Minecraft\runtime\jre-x64\lib\jfr.jar;C:\Program Files (x86)\Minecraft\runtime\jre-x64\lib\jfxswt.jar;C:\Program Files (x86)\Minecraft\runtime\jre-x64\lib\jsse.jar;C:\Program Files (x86)\Minecraft\runtime\jre-x64\lib\management-agent.jar;C:\Program Files (x86)\Minecraft\runtime\jre-x64\lib\plugin.jar;C:\Program Files (x86)\Minecraft\runtime\jre-x64\lib\resources.jar;C:\Program Files (x86)\Minecraft\runtime\jre-x64\lib\rt.jar;C:\save\modding\ervin_mod_1\build\classes\java\main;C:\save\modding\ervin_mod_1\build\resources\main;C:\Users\ervin_1nmnhvl\.gradle\caches\forge_gradle\minecraft_user_repo\net\minecraftforge\forge\1.15.2-31.1.9_mapped_snapshot_20200427-1.15.1\forge-1.15.2-31.1.9_mapped_snapshot_20200427-1.15.1-recomp.jar;C:\Users\ervin_1nmnhvl\.gradle\caches\forge_gradle\minecraft_user_repo\net\minecraftforge\forge\1.15.2-31.1.9_map
Launcher Type: SUN_STANDARD

Environment Variables:
JAVA_HOME=C:\Program Files\Java\jdk-11.0.4
PATH=C:\Program Files\Docker\Docker\Resources\bin;C:\ProgramData\Oracle\Java\javapath;C:\WINDOWS\system32;C:\WINDOWS;C:\WINDOWS\System32\Wbem;C:\WINDOWS\System32\WindowsPowerShell\v1.0\;C:\Program Files (x86)\cloudControl;C:\Program Files\Git\cmd;C:\bin;C:\Program Files (x86)\Windows Kits\8.1\Windows Performance Toolkit\;C:\Program Files (x86)\PuTTY\;C:\Program Files (x86)\Nodist\bin;G:\save\sdk\android\tools;G:\save\sdk\android\platform-tools;C:\boxfuse;C:\Program Files (x86)\Skype\Phone\;C:\Program Files (x86)\GtkSharp\2.12\bin;C:\Program Files (x86)\IVI Foundation\VISA\WinNT\Bin;C:\WINDOWS\system32;C:\WINDOWS;C:\WINDOWS\System32\Wbem;C:\WINDOWS\System32\WindowsPowerShell\v1.0\;;C:\WINDOWS\System32\OpenSSH\;C:\Users\ervin_1nmnhvl\AppData\Local\Microsoft\WindowsApps;
USERNAME=ervin_1nmnhvl
OS=Windows_NT
PROCESSOR_IDENTIFIER=Intel64 Family 6 Model 42 Stepping 7, GenuineIntel



---------------  S Y S T E M  ---------------

OS: Windows 10.0 , 64 bit Build 19041 (10.0.19041.292)

CPU:total 4 (2 cores per cpu, 2 threads per core) family 6 model 42 stepping 7, cmov, cx8, fxsr, mmx, sse, sse2, sse3, ssse3, sse4.1, sse4.2, popcnt, avx, aes, clmul, ht, tsc, tscinvbit

Memory: 4k page, physical 8266764k(945928k free), swap 10363916k(4144k free)

vm_info: Java HotSpot(TM) 64-Bit Server VM (25.51-b03) for windows-amd64 JRE (1.8.0_51-b16), built on Jun  8 2015 18:03:07 by "java_re" with MS VC++ 10.0 (VS2010)

time: Wed Sep 02 12:36:37 2020
elapsed time: 1737 seconds (0d 0h 28m 57s)

