#
# There is insufficient memory for the Java Runtime Environment to continue.
# Native memory allocation (malloc) failed to allocate 290496 bytes for Chunk::new
# Possible reasons:
#   The system is out of physical RAM or swap space
#   In 32 bit mode, the process size limit was hit
# Possible solutions:
#   Reduce memory load on the system
#   Increase physical memory or swap space
#   Check if swap backing store is full
#   Use 64 bit Java on a 64 bit OS
#   Decrease Java heap size (-Xmx/-Xms)
#   Decrease number of Java threads
#   Decrease Java thread stack sizes (-Xss)
#   Set larger code cache with -XX:ReservedCodeCacheSize=
# This output file may be truncated or incomplete.
#
#  Out of Memory Error (allocation.cpp:390), pid=16052, tid=11892
#
# JRE version: Java(TM) SE Runtime Environment (8.0_51-b16) (build 1.8.0_51-b16)
# Java VM: Java HotSpot(TM) 64-Bit Server VM (25.51-b03 mixed mode windows-amd64 compressed oops)
# Failed to write core dump. Minidumps are not enabled by default on client versions of Windows
#

---------------  T H R E A D  ---------------

Current thread (0x0000000018ef7000):  JavaThread "C2 CompilerThread0" daemon [_thread_in_native, id=11892, stack(0x0000000019010000,0x0000000019110000)]

Stack: [0x0000000019010000,0x0000000019110000]
Native frames: (J=compiled Java code, j=interpreted, Vv=VM code, C=native code)
V  [jvm.dll+0x32b4ca]


Current CompileTask:
C2:  50671 6750       4       com.mojang.datafixers.schemas.Schema::id (37 bytes)


---------------  P R O C E S S  ---------------

Java Threads: ( => current thread )
  0x0000000019566800 JavaThread "pool-3-thread-1" [_thread_blocked, id=10124, stack(0x0000000022380000,0x0000000022480000)]
  0x000000001c4b5800 JavaThread "pool-2-thread-1" daemon [_thread_blocked, id=4940, stack(0x0000000020c40000,0x0000000020d40000)]
  0x000000001be15800 JavaThread "Thread-3" daemon [_thread_blocked, id=2556, stack(0x0000000020900000,0x0000000020a00000)]
  0x000000001a1b7800 JavaThread "Thread-2" daemon [_thread_in_native, id=17388, stack(0x000000001ba20000,0x000000001bb20000)]
  0x000000001a1b7000 JavaThread "Thread-1" daemon [_thread_blocked, id=14092, stack(0x000000001b920000,0x000000001ba20000)]
  0x0000000019270800 JavaThread "Service Thread" daemon [_thread_blocked, id=13900, stack(0x0000000019b10000,0x0000000019c10000)]
  0x000000001926b800 JavaThread "C1 CompilerThread2" daemon [_thread_blocked, id=15688, stack(0x0000000019a10000,0x0000000019b10000)]
  0x00000000175f9000 JavaThread "C2 CompilerThread1" daemon [_thread_in_native, id=5420, stack(0x0000000019110000,0x0000000019210000)]
=>0x0000000018ef7000 JavaThread "C2 CompilerThread0" daemon [_thread_in_native, id=11892, stack(0x0000000019010000,0x0000000019110000)]
  0x0000000018ef5800 JavaThread "Monitor Ctrl-Break" daemon [_thread_in_native, id=1972, stack(0x0000000018f10000,0x0000000019010000)]
  0x00000000175a5800 JavaThread "Attach Listener" daemon [_thread_blocked, id=5072, stack(0x0000000018a10000,0x0000000018b10000)]
  0x00000000175a4800 JavaThread "Signal Dispatcher" daemon [_thread_blocked, id=9064, stack(0x0000000018910000,0x0000000018a10000)]
  0x0000000002899800 JavaThread "Finalizer" daemon [_thread_blocked, id=15800, stack(0x0000000018810000,0x0000000018910000)]
  0x0000000002896000 JavaThread "Reference Handler" daemon [_thread_blocked, id=12780, stack(0x0000000018710000,0x0000000018810000)]
  0x00000000027a2800 JavaThread "main" [_thread_blocked, id=12684, stack(0x00000000025a0000,0x00000000026a0000)]

Other Threads:
  0x0000000017569000 VMThread [stack: 0x0000000018610000,0x0000000018710000] [id=10216]
  0x00000000192fc000 WatcherThread [stack: 0x0000000019c10000,0x0000000019d10000] [id=724]

VM state:not at safepoint (normal execution)

VM Mutex/Monitor currently owned by a thread: None

Heap:
 PSYoungGen      total 352256K, used 36423K [0x00000000d5f00000, 0x00000000fda80000, 0x0000000100000000)
  eden space 280064K, 13% used [0x00000000d5f00000,0x00000000d8291ff8,0x00000000e7080000)
  from space 72192K, 0% used [0x00000000e7080000,0x00000000e7080000,0x00000000eb700000)
  to   space 112640K, 0% used [0x00000000f6c80000,0x00000000f6c80000,0x00000000fda80000)
 ParOldGen       total 280064K, used 235932K [0x0000000081c00000, 0x0000000092d80000, 0x00000000d5f00000)
  object space 280064K, 84% used [0x0000000081c00000,0x00000000902671b0,0x0000000092d80000)
 Metaspace       used 43925K, capacity 46955K, committed 47232K, reserved 1089536K
  class space    used 5821K, capacity 6680K, committed 6784K, reserved 1048576K

Card table byte_map: [0x0000000011e30000,0x0000000012230000] byte_map_base: 0x0000000011a22000

Marking Bits: (ParMarkBitMap*) 0x0000000076824040
 Begin Bits: [0x00000000128e0000, 0x0000000014870000)
 End Bits:   [0x0000000014870000, 0x0000000016800000)

Polling page: 0x0000000002500000

CodeCache: size=245760Kb used=18868Kb max_used=18870Kb free=226891Kb
 bounds [0x0000000002a70000, 0x0000000003d00000, 0x0000000011a70000]
 total_blobs=7083 nmethods=5948 adapters=1046
 compilation: enabled

Compilation events (10 events):
Event: 50.660 Thread 0x00000000175f9000 6758       4       com.mojang.datafixers.DSL::constType (9 bytes)
Event: 50.661 Thread 0x00000000175f9000 nmethod 6758 0x0000000003ceb9d0 code [0x0000000003cebb20, 0x0000000003cebbd8]
Event: 50.661 Thread 0x00000000175f9000 6753       4       it.unimi.dsi.fastutil.objects.Object2IntMap::getOrDefault (12 bytes)
Event: 50.663 Thread 0x000000001926b800 6760       3       it.unimi.dsi.fastutil.ints.Int2ObjectMaps$SynchronizedMap::computeIfAbsent (10 bytes)
Event: 50.664 Thread 0x000000001926b800 nmethod 6760 0x0000000003cec910 code [0x0000000003cecaa0, 0x0000000003cecfa8]
Event: 50.664 Thread 0x000000001926b800 6761   !   3       it.unimi.dsi.fastutil.ints.Int2ObjectMaps$SynchronizedMap::computeIfAbsent (28 bytes)
Event: 50.664 Thread 0x000000001926b800 nmethod 6761 0x0000000003cec290 code [0x0000000003cec400, 0x0000000003cec7a8]
Event: 50.664 Thread 0x000000001926b800 6762       3       it.unimi.dsi.fastutil.ints.Int2ObjectMap::computeIfAbsent (7 bytes)
Event: 50.665 Thread 0x000000001926b800 nmethod 6762 0x0000000003cebf10 code [0x0000000003cec080, 0x0000000003cec208]
Event: 50.665 Thread 0x000000001926b800 6763       3       it.unimi.dsi.fastutil.ints.Int2ObjectMap::get (6 bytes)

GC Heap History (10 events):
Event: 42.819 GC heap before
{Heap before GC invocations=20 (full 3):
 PSYoungGen      total 392704K, used 392683K [0x00000000d5f00000, 0x00000000fda80000, 0x0000000100000000)
  eden space 280064K, 100% used [0x00000000d5f00000,0x00000000e7080000,0x00000000e7080000)
  from space 112640K, 99% used [0x00000000f6c80000,0x00000000fda7af68,0x00000000fda80000)
  to   space 72192K, 0% used [0x00000000e7080000,0x00000000e7080000,0x00000000eb700000)
 ParOldGen       total 266240K, used 201800K [0x0000000081c00000, 0x0000000092000000, 0x00000000d5f00000)
  object space 266240K, 75% used [0x0000000081c00000,0x000000008e112090,0x0000000092000000)
 Metaspace       used 41081K, capacity 43541K, committed 43776K, reserved 1087488K
  class space    used 5387K, capacity 6139K, committed 6144K, reserved 1048576K
Event: 43.190 GC heap after
Heap after GC invocations=20 (full 3):
 PSYoungGen      total 352256K, used 72190K [0x00000000d5f00000, 0x00000000fda80000, 0x0000000100000000)
  eden space 280064K, 0% used [0x00000000d5f00000,0x00000000d5f00000,0x00000000e7080000)
  from space 72192K, 99% used [0x00000000e7080000,0x00000000eb6ff848,0x00000000eb700000)
  to   space 112640K, 0% used [0x00000000f6c80000,0x00000000f6c80000,0x00000000fda80000)
 ParOldGen       total 266240K, used 254701K [0x0000000081c00000, 0x0000000092000000, 0x00000000d5f00000)
  object space 266240K, 95% used [0x0000000081c00000,0x00000000914bb400,0x0000000092000000)
 Metaspace       used 41081K, capacity 43541K, committed 43776K, reserved 1087488K
  class space    used 5387K, capacity 6139K, committed 6144K, reserved 1048576K
}
Event: 43.190 GC heap before
{Heap before GC invocations=21 (full 4):
 PSYoungGen      total 352256K, used 72190K [0x00000000d5f00000, 0x00000000fda80000, 0x0000000100000000)
  eden space 280064K, 0% used [0x00000000d5f00000,0x00000000d5f00000,0x00000000e7080000)
  from space 72192K, 99% used [0x00000000e7080000,0x00000000eb6ff848,0x00000000eb700000)
  to   space 112640K, 0% used [0x00000000f6c80000,0x00000000f6c80000,0x00000000fda80000)
 ParOldGen       total 266240K, used 254701K [0x0000000081c00000, 0x0000000092000000, 0x00000000d5f00000)
  object space 266240K, 95% used [0x0000000081c00000,0x00000000914bb400,0x0000000092000000)
 Metaspace       used 41081K, capacity 43541K, committed 43776K, reserved 1087488K
  class space    used 5387K, capacity 6139K, committed 6144K, reserved 1048576K
Event: 43.920 GC heap after
Heap after GC invocations=21 (full 4):
 PSYoungGen      total 352256K, used 0K [0x00000000d5f00000, 0x00000000fda80000, 0x0000000100000000)
  eden space 280064K, 0% used [0x00000000d5f00000,0x00000000d5f00000,0x00000000e7080000)
  from space 72192K, 0% used [0x00000000e7080000,0x00000000e7080000,0x00000000eb700000)
  to   space 112640K, 0% used [0x00000000f6c80000,0x00000000f6c80000,0x00000000fda80000)
 ParOldGen       total 266240K, used 167511K [0x0000000081c00000, 0x0000000092000000, 0x00000000d5f00000)
  object space 266240K, 62% used [0x0000000081c00000,0x000000008bf95f00,0x0000000092000000)
 Metaspace       used 41081K, capacity 43541K, committed 43776K, reserved 1087488K
  class space    used 5387K, capacity 6139K, committed 6144K, reserved 1048576K
}
Event: 46.150 GC heap before
{Heap before GC invocations=22 (full 4):
 PSYoungGen      total 352256K, used 280064K [0x00000000d5f00000, 0x00000000fda80000, 0x0000000100000000)
  eden space 280064K, 100% used [0x00000000d5f00000,0x00000000e7080000,0x00000000e7080000)
  from space 72192K, 0% used [0x00000000e7080000,0x00000000e7080000,0x00000000eb700000)
  to   space 112640K, 0% used [0x00000000f6c80000,0x00000000f6c80000,0x00000000fda80000)
 ParOldGen       total 266240K, used 167514K [0x0000000081c00000, 0x0000000092000000, 0x00000000d5f00000)
  object space 266240K, 62% used [0x0000000081c00000,0x000000008bf96b40,0x0000000092000000)
 Metaspace       used 41757K, capacity 44261K, committed 44416K, reserved 1087488K
  class space    used 5491K, capacity 6233K, committed 6272K, reserved 1048576K
Event: 46.295 GC heap after
Heap after GC invocations=22 (full 4):
 PSYoungGen      total 392704K, used 69361K [0x00000000d5f00000, 0x00000000fda80000, 0x0000000100000000)
  eden space 280064K, 0% used [0x00000000d5f00000,0x00000000d5f00000,0x00000000e7080000)
  from space 112640K, 61% used [0x00000000f6c80000,0x00000000fb03c580,0x00000000fda80000)
  to   space 72192K, 0% used [0x00000000e7080000,0x00000000e7080000,0x00000000eb700000)
 ParOldGen       total 266240K, used 167522K [0x0000000081c00000, 0x0000000092000000, 0x00000000d5f00000)
  object space 266240K, 62% used [0x0000000081c00000,0x000000008bf98b40,0x0000000092000000)
 Metaspace       used 41757K, capacity 44261K, committed 44416K, reserved 1087488K
  class space    used 5491K, capacity 6233K, committed 6272K, reserved 1048576K
}
Event: 49.274 GC heap before
{Heap before GC invocations=23 (full 4):
 PSYoungGen      total 392704K, used 349425K [0x00000000d5f00000, 0x00000000fda80000, 0x0000000100000000)
  eden space 280064K, 100% used [0x00000000d5f00000,0x00000000e7080000,0x00000000e7080000)
  from space 112640K, 61% used [0x00000000f6c80000,0x00000000fb03c580,0x00000000fda80000)
  to   space 72192K, 0% used [0x00000000e7080000,0x00000000e7080000,0x00000000eb700000)
 ParOldGen       total 266240K, used 167522K [0x0000000081c00000, 0x0000000092000000, 0x00000000d5f00000)
  object space 266240K, 62% used [0x0000000081c00000,0x000000008bf98b40,0x0000000092000000)
 Metaspace       used 43641K, capacity 46413K, committed 46592K, reserved 1089536K
  class space    used 5762K, capacity 6573K, committed 6656K, reserved 1048576K
Event: 49.773 GC heap after
Heap after GC invocations=23 (full 4):
 PSYoungGen      total 352256K, used 72173K [0x00000000d5f00000, 0x00000000fda80000, 0x0000000100000000)
  eden space 280064K, 0% used [0x00000000d5f00000,0x00000000d5f00000,0x00000000e7080000)
  from space 72192K, 99% used [0x00000000e7080000,0x00000000eb6fb708,0x00000000eb700000)
  to   space 112640K, 0% used [0x00000000f6c80000,0x00000000f6c80000,0x00000000fda80000)
 ParOldGen       total 280064K, used 279746K [0x0000000081c00000, 0x0000000092d80000, 0x00000000d5f00000)
  object space 280064K, 99% used [0x0000000081c00000,0x0000000092d30a28,0x0000000092d80000)
 Metaspace       used 43641K, capacity 46413K, committed 46592K, reserved 1089536K
  class space    used 5762K, capacity 6573K, committed 6656K, reserved 1048576K
}
Event: 49.773 GC heap before
{Heap before GC invocations=24 (full 5):
 PSYoungGen      total 352256K, used 72173K [0x00000000d5f00000, 0x00000000fda80000, 0x0000000100000000)
  eden space 280064K, 0% used [0x00000000d5f00000,0x00000000d5f00000,0x00000000e7080000)
  from space 72192K, 99% used [0x00000000e7080000,0x00000000eb6fb708,0x00000000eb700000)
  to   space 112640K, 0% used [0x00000000f6c80000,0x00000000f6c80000,0x00000000fda80000)
 ParOldGen       total 280064K, used 279746K [0x0000000081c00000, 0x0000000092d80000, 0x00000000d5f00000)
  object space 280064K, 99% used [0x0000000081c00000,0x0000000092d30a28,0x0000000092d80000)
 Metaspace       used 43641K, capacity 46413K, committed 46592K, reserved 1089536K
  class space    used 5762K, capacity 6573K, committed 6656K, reserved 1048576K
Event: 50.427 GC heap after
Heap after GC invocations=24 (full 5):
 PSYoungGen      total 352256K, used 0K [0x00000000d5f00000, 0x00000000fda80000, 0x0000000100000000)
  eden space 280064K, 0% used [0x00000000d5f00000,0x00000000d5f00000,0x00000000e7080000)
  from space 72192K, 0% used [0x00000000e7080000,0x00000000e7080000,0x00000000eb700000)
  to   space 112640K, 0% used [0x00000000f6c80000,0x00000000f6c80000,0x00000000fda80000)
 ParOldGen       total 280064K, used 235932K [0x0000000081c00000, 0x0000000092d80000, 0x00000000d5f00000)
  object space 280064K, 84% used [0x0000000081c00000,0x00000000902671b0,0x0000000092d80000)
 Metaspace       used 43641K, capacity 46413K, committed 46592K, reserved 1089536K
  class space    used 5762K, capacity 6573K, committed 6656K, reserved 1048576K
}

Deoptimization events (10 events):
Event: 49.066 Thread 0x0000000019566800 Uncommon trap: reason=class_check action=maybe_recompile pc=0x0000000003ab6a74 method=java.util.HashMap$EntrySpliterator.forEachRemaining(Ljava/util/function/Consumer;)V @ 142
Event: 49.103 Thread 0x0000000019566800 Uncommon trap: reason=bimorphic action=maybe_recompile pc=0x0000000003ad2be0 method=java.util.stream.ReduceOps$ReduceOp.evaluateSequential(Ljava/util/stream/PipelineHelper;Ljava/util/Spliterator;)Ljava/lang/Object; @ 2
Event: 49.109 Thread 0x0000000019566800 Uncommon trap: reason=class_check action=maybe_recompile pc=0x0000000003ab6a74 method=java.util.HashMap$EntrySpliterator.forEachRemaining(Ljava/util/function/Consumer;)V @ 142
Event: 49.109 Thread 0x0000000019566800 Uncommon trap: reason=bimorphic action=maybe_recompile pc=0x0000000003ad2be0 method=java.util.stream.ReduceOps$ReduceOp.evaluateSequential(Ljava/util/stream/PipelineHelper;Ljava/util/Spliterator;)Ljava/lang/Object; @ 2
Event: 49.110 Thread 0x0000000019566800 Uncommon trap: reason=bimorphic action=maybe_recompile pc=0x0000000003ad2be0 method=java.util.stream.ReduceOps$ReduceOp.evaluateSequential(Ljava/util/stream/PipelineHelper;Ljava/util/Spliterator;)Ljava/lang/Object; @ 2
Event: 49.210 Thread 0x0000000019566800 Uncommon trap: reason=class_check action=maybe_recompile pc=0x0000000003ab6a74 method=java.util.HashMap$EntrySpliterator.forEachRemaining(Ljava/util/function/Consumer;)V @ 142
Event: 49.212 Thread 0x0000000019566800 Uncommon trap: reason=bimorphic action=maybe_recompile pc=0x0000000003ad2be0 method=java.util.stream.ReduceOps$ReduceOp.evaluateSequential(Ljava/util/stream/PipelineHelper;Ljava/util/Spliterator;)Ljava/lang/Object; @ 2
Event: 49.213 Thread 0x0000000019566800 Uncommon trap: reason=class_check action=maybe_recompile pc=0x0000000003ab6a74 method=java.util.HashMap$EntrySpliterator.forEachRemaining(Ljava/util/function/Consumer;)V @ 142
Event: 49.213 Thread 0x0000000019566800 Uncommon trap: reason=class_check action=maybe_recompile pc=0x00000000037b4270 method=java.util.HashMap$EntrySpliterator.forEachRemaining(Ljava/util/function/Consumer;)V @ 142
Event: 50.451 Thread 0x0000000019566800 Uncommon trap: reason=unstable_if action=reinterpret pc=0x0000000003b2f3b4 method=com.google.common.collect.Maps.capacity(I)I @ 2

Internal exceptions (10 events):
Event: 50.646 Thread 0x0000000019566800 Exception <a 'sun/nio/fs/WindowsException'> (0x00000000d7c72550) thrown at [C:\re\workspace\8-2-build-windows-amd64-cygwin\jdk8u51\3951\hotspot\src\share\vm\prims\jni.cpp, line 709]
Event: 50.646 Thread 0x0000000019566800 Exception <a 'sun/nio/fs/WindowsException'> (0x00000000d7c72ad0) thrown at [C:\re\workspace\8-2-build-windows-amd64-cygwin\jdk8u51\3951\hotspot\src\share\vm\prims\jni.cpp, line 709]
Event: 50.646 Thread 0x0000000019566800 Exception <a 'sun/nio/fs/WindowsException'> (0x00000000d7c73a28) thrown at [C:\re\workspace\8-2-build-windows-amd64-cygwin\jdk8u51\3951\hotspot\src\share\vm\prims\jni.cpp, line 709]
Event: 50.646 Thread 0x0000000019566800 Exception <a 'sun/nio/fs/WindowsException'> (0x00000000d7c74058) thrown at [C:\re\workspace\8-2-build-windows-amd64-cygwin\jdk8u51\3951\hotspot\src\share\vm\prims\jni.cpp, line 709]
Event: 50.655 Thread 0x0000000019566800 Exception <a 'sun/nio/fs/WindowsException'> (0x00000000d7dfdf40) thrown at [C:\re\workspace\8-2-build-windows-amd64-cygwin\jdk8u51\3951\hotspot\src\share\vm\prims\jni.cpp, line 709]
Event: 50.655 Thread 0x0000000019566800 Exception <a 'sun/nio/fs/WindowsException'> (0x00000000d7dfe4b0) thrown at [C:\re\workspace\8-2-build-windows-amd64-cygwin\jdk8u51\3951\hotspot\src\share\vm\prims\jni.cpp, line 709]
Event: 50.655 Thread 0x0000000019566800 Exception <a 'sun/nio/fs/WindowsException'> (0x00000000d7dff3a8) thrown at [C:\re\workspace\8-2-build-windows-amd64-cygwin\jdk8u51\3951\hotspot\src\share\vm\prims\jni.cpp, line 709]
Event: 50.655 Thread 0x0000000019566800 Exception <a 'sun/nio/fs/WindowsException'> (0x00000000d7dff928) thrown at [C:\re\workspace\8-2-build-windows-amd64-cygwin\jdk8u51\3951\hotspot\src\share\vm\prims\jni.cpp, line 709]
Event: 50.656 Thread 0x0000000019566800 Exception <a 'sun/nio/fs/WindowsException'> (0x00000000d7e008a0) thrown at [C:\re\workspace\8-2-build-windows-amd64-cygwin\jdk8u51\3951\hotspot\src\share\vm\prims\jni.cpp, line 709]
Event: 50.656 Thread 0x0000000019566800 Exception <a 'sun/nio/fs/WindowsException'> (0x00000000d7e00ee0) thrown at [C:\re\workspace\8-2-build-windows-amd64-cygwin\jdk8u51\3951\hotspot\src\share\vm\prims\jni.cpp, line 709]

Events (10 events):
Event: 50.652 loading class com/mojang/datafixers/schemas/Schema
Event: 50.652 loading class com/mojang/datafixers/schemas/Schema done
Event: 50.661 loading class com/mojang/datafixers/schemas/Schema
Event: 50.661 loading class com/mojang/datafixers/schemas/Schema done
Event: 50.662 loading class com/mojang/datafixers/schemas/Schema
Event: 50.662 loading class com/mojang/datafixers/schemas/Schema done
Event: 50.662 loading class com/mojang/datafixers/types/templates/TypeTemplate
Event: 50.662 loading class com/mojang/datafixers/types/templates/TypeTemplate done
Event: 50.662 loading class com/mojang/datafixers/schemas/Schema
Event: 50.662 loading class com/mojang/datafixers/schemas/Schema done


Dynamic libraries:
0x00007ff7c9b30000 - 0x00007ff7c9b67000 	C:\Program Files (x86)\Minecraft\runtime\jre-x64\bin\java.exe
0x00007ff90a4b0000 - 0x00007ff90a6a5000 	C:\WINDOWS\SYSTEM32\ntdll.dll
0x00007ff909900000 - 0x00007ff9099bd000 	C:\WINDOWS\System32\KERNEL32.DLL
0x00007ff908240000 - 0x00007ff908507000 	C:\WINDOWS\System32\KERNELBASE.dll
0x00007ff9093c0000 - 0x00007ff90946a000 	C:\WINDOWS\System32\ADVAPI32.dll
0x00007ff908810000 - 0x00007ff9088ae000 	C:\WINDOWS\System32\msvcrt.dll
0x00007ff90a030000 - 0x00007ff90a0cb000 	C:\WINDOWS\System32\sechost.dll
0x00007ff9086e0000 - 0x00007ff908804000 	C:\WINDOWS\System32\RPCRT4.dll
0x00007ff90a190000 - 0x00007ff90a330000 	C:\WINDOWS\System32\USER32.dll
0x00007ff907d50000 - 0x00007ff907d72000 	C:\WINDOWS\System32\win32u.dll
0x00007ff909540000 - 0x00007ff90956a000 	C:\WINDOWS\System32\GDI32.dll
0x00007ff908030000 - 0x00007ff908139000 	C:\WINDOWS\System32\gdi32full.dll
0x00007ff907ee0000 - 0x00007ff907f7d000 	C:\WINDOWS\System32\msvcp_win.dll
0x00007ff908140000 - 0x00007ff908240000 	C:\WINDOWS\System32\ucrtbase.dll
0x00007ff8eb8d0000 - 0x00007ff8ebb6b000 	C:\WINDOWS\WinSxS\amd64_microsoft.windows.common-controls_6595b64144ccf1df_6.0.19041.488_none_ca04af081b815d21\COMCTL32.dll
0x00007ff909aa0000 - 0x00007ff909ad0000 	C:\WINDOWS\System32\IMM32.DLL
0x00000000768b0000 - 0x0000000076982000 	C:\Program Files (x86)\Minecraft\runtime\jre-x64\bin\msvcr100.dll
0x0000000076020000 - 0x00000000768a3000 	C:\Program Files (x86)\Minecraft\runtime\jre-x64\bin\server\jvm.dll
0x00007ff909810000 - 0x00007ff909818000 	C:\WINDOWS\System32\PSAPI.DLL
0x00007ff8e1fd0000 - 0x00007ff8e1fd9000 	C:\WINDOWS\SYSTEM32\WSOCK32.dll
0x00007ff9094d0000 - 0x00007ff90953b000 	C:\WINDOWS\System32\WS2_32.dll
0x00007ff900ec0000 - 0x00007ff900ee7000 	C:\WINDOWS\SYSTEM32\WINMM.dll
0x00007ff900930000 - 0x00007ff90093a000 	C:\WINDOWS\SYSTEM32\VERSION.dll
0x0000000076010000 - 0x000000007601f000 	C:\Program Files (x86)\Minecraft\runtime\jre-x64\bin\verify.dll
0x0000000075fe0000 - 0x0000000076009000 	C:\Program Files (x86)\Minecraft\runtime\jre-x64\bin\java.dll
0x0000000075fb0000 - 0x0000000075fd3000 	C:\Program Files (x86)\Minecraft\runtime\jre-x64\bin\instrument.dll
0x0000000075f90000 - 0x0000000075fa6000 	C:\Program Files (x86)\Minecraft\runtime\jre-x64\bin\zip.dll
0x00007ff908c70000 - 0x00007ff9093b1000 	C:\WINDOWS\System32\SHELL32.dll
0x00007ff905bc0000 - 0x00007ff906353000 	C:\WINDOWS\SYSTEM32\windows.storage.dll
0x00007ff9088b0000 - 0x00007ff908c05000 	C:\WINDOWS\System32\combase.dll
0x00007ff9074c0000 - 0x00007ff9074ec000 	C:\WINDOWS\SYSTEM32\Wldp.dll
0x00007ff90a0e0000 - 0x00007ff90a18e000 	C:\WINDOWS\System32\SHCORE.dll
0x00007ff909fd0000 - 0x00007ff90a025000 	C:\WINDOWS\System32\shlwapi.dll
0x00007ff907b20000 - 0x00007ff907b46000 	C:\WINDOWS\SYSTEM32\profapi.dll
0x00007ff904170000 - 0x00007ff90418a000 	C:\Users\ervin_1nmnhvl\AppData\Local\JetBrains\Toolbox\apps\IDEA-U\ch-0\202.6397.94\bin\breakgen64.dll
0x0000000075f70000 - 0x0000000075f8a000 	C:\Program Files (x86)\Minecraft\runtime\jre-x64\bin\net.dll
0x00007ff9072b0000 - 0x00007ff90731a000 	C:\WINDOWS\system32\mswsock.dll
0x0000000075f60000 - 0x0000000075f6d000 	C:\Program Files (x86)\Minecraft\runtime\jre-x64\bin\management.dll
0x00007ff8d6850000 - 0x00007ff8d6867000 	C:\WINDOWS\system32\napinsp.dll
0x00007ff8d9b80000 - 0x00007ff8d9b9b000 	C:\WINDOWS\system32\pnrpnsp.dll
0x00007ff902980000 - 0x00007ff902995000 	C:\WINDOWS\system32\wshbth.dll
0x00007ff903320000 - 0x00007ff90333d000 	C:\WINDOWS\system32\NLAapi.dll
0x00007ff906fc0000 - 0x00007ff906ffb000 	C:\WINDOWS\SYSTEM32\IPHLPAPI.DLL
0x00007ff907000000 - 0x00007ff9070cb000 	C:\WINDOWS\SYSTEM32\DNSAPI.dll
0x00007ff90a460000 - 0x00007ff90a469000 	C:\WINDOWS\System32\NSI.dll
0x00007ff8d9ba0000 - 0x00007ff8d9bb2000 	C:\WINDOWS\System32\winrnr.dll
0x00007ff8f8de0000 - 0x00007ff8f8dea000 	C:\Windows\System32\rasadhlp.dll
0x00007ff8fce90000 - 0x00007ff8fcf0f000 	C:\WINDOWS\System32\fwpuclnt.dll
0x00007ff907f80000 - 0x00007ff907fa7000 	C:\WINDOWS\System32\bcrypt.dll
0x0000000075f40000 - 0x0000000075f51000 	C:\Program Files (x86)\Minecraft\runtime\jre-x64\bin\nio.dll
0x0000000075f10000 - 0x0000000075f34000 	C:\Program Files (x86)\Minecraft\runtime\jre-x64\bin\sunec.dll
0x00007ff9077f0000 - 0x00007ff907808000 	C:\WINDOWS\SYSTEM32\CRYPTSP.dll
0x00007ff906b60000 - 0x00007ff906b94000 	C:\WINDOWS\system32\rsaenh.dll
0x00007ff907ae0000 - 0x00007ff907b0e000 	C:\WINDOWS\SYSTEM32\USERENV.dll
0x00007ff907fb0000 - 0x00007ff90802f000 	C:\WINDOWS\System32\bcryptprimitives.dll
0x00007ff907430000 - 0x00007ff90743c000 	C:\WINDOWS\SYSTEM32\CRYPTBASE.dll
0x00007ff8fa5b0000 - 0x00007ff8fa5c7000 	C:\WINDOWS\SYSTEM32\dhcpcsvc6.DLL
0x00007ff8fa470000 - 0x00007ff8fa48d000 	C:\WINDOWS\SYSTEM32\dhcpcsvc.DLL
0x00007ff8d1cf0000 - 0x00007ff8d1d62000 	C:\Users\ervin_1nmnhvl\AppData\Local\Temp\lwjglervin_1nmnhvl\3.2.2-build-10\lwjgl.dll
0x00007ff8d0980000 - 0x00007ff8d0bd1000 	C:\Users\ERVIN_~1\AppData\Local\Temp\lwjglervin_1nmnhvl\3.2.2-build-10\jemalloc.dll
0x00007ff8d1330000 - 0x00007ff8d138e000 	C:\Users\ERVIN_~1\AppData\Local\Temp\lwjglervin_1nmnhvl\3.2.2-build-10\glfw.dll
0x00007ff905480000 - 0x00007ff90551f000 	C:\WINDOWS\system32\uxtheme.dll
0x00007ff8d3020000 - 0x00007ff8d3065000 	C:\WINDOWS\SYSTEM32\dinput8.dll
0x00007ff8fca50000 - 0x00007ff8fca61000 	C:\WINDOWS\SYSTEM32\xinput1_4.dll
0x00007ff907e90000 - 0x00007ff907edd000 	C:\WINDOWS\System32\cfgmgr32.dll
0x00007ff9078d0000 - 0x00007ff9078fc000 	C:\WINDOWS\SYSTEM32\DEVOBJ.dll
0x00007ff905830000 - 0x00007ff90585f000 	C:\WINDOWS\SYSTEM32\dwmapi.dll
0x00007ff9085c0000 - 0x00007ff9086d5000 	C:\WINDOWS\System32\MSCTF.dll
0x00007ff909740000 - 0x00007ff90980d000 	C:\WINDOWS\System32\OLEAUT32.dll
0x00007ff8f7440000 - 0x00007ff8f7592000 	C:\WINDOWS\SYSTEM32\inputhost.dll
0x00007ff904c40000 - 0x00007ff904d32000 	C:\WINDOWS\SYSTEM32\CoreMessaging.dll
0x00007ff9031d0000 - 0x00007ff9032c7000 	C:\WINDOWS\SYSTEM32\PROPSYS.dll
0x00007ff904570000 - 0x00007ff9046c6000 	C:\WINDOWS\SYSTEM32\wintypes.dll
0x00007ff904d40000 - 0x00007ff90509a000 	C:\WINDOWS\SYSTEM32\CoreUIComponents.dll
0x00007ff906800000 - 0x00007ff906833000 	C:\WINDOWS\SYSTEM32\ntmarta.dll
0x00007ff9063a0000 - 0x00007ff9063b3000 	C:\WINDOWS\SYSTEM32\kernel.appcore.dll
0x00007ff906360000 - 0x00007ff90636d000 	C:\WINDOWS\SYSTEM32\HID.DLL
0x00007ff909ad0000 - 0x00007ff909f37000 	C:\WINDOWS\System32\SETUPAPI.DLL
0x00007ff907d80000 - 0x00007ff907de0000 	C:\WINDOWS\System32\WINTRUST.dll
0x00007ff907bf0000 - 0x00007ff907d4d000 	C:\WINDOWS\System32\CRYPT32.dll
0x00007ff9078b0000 - 0x00007ff9078c2000 	C:\WINDOWS\SYSTEM32\MSASN1.dll
0x00007ff8d2e10000 - 0x00007ff8d2f35000 	C:\WINDOWS\SYSTEM32\opengl32.dll
0x00007ff8f9b50000 - 0x00007ff8f9b7c000 	C:\WINDOWS\SYSTEM32\GLU32.dll
0x00007ff908510000 - 0x00007ff9085b8000 	C:\WINDOWS\System32\clbcatq.dll
0x00007ff8b8170000 - 0x00007ff8b8df4000 	C:\WINDOWS\SYSTEM32\ig4icd64.dll
0x00007ff906410000 - 0x00007ff906503000 	C:\WINDOWS\SYSTEM32\dxgi.dll
0x00007ff903d70000 - 0x00007ff903fd3000 	C:\WINDOWS\SYSTEM32\d3d11.dll
0x00007ff8d3d90000 - 0x00007ff8d49e0000 	C:\WINDOWS\SYSTEM32\igd10umd64.dll
0x00007ff8fce40000 - 0x00007ff8fce7b000 	C:\WINDOWS\SYSTEM32\dxcore.dll
0x00007ff8d12b0000 - 0x00007ff8d132f000 	C:\Users\ervin_1nmnhvl\AppData\Local\Temp\lwjglervin_1nmnhvl\3.2.2-build-10\lwjgl_stb.dll
0x00007ff902690000 - 0x00007ff90273e000 	C:\WINDOWS\SYSTEM32\mscms.dll
0x00007ff9025e0000 - 0x00007ff9025f1000 	C:\WINDOWS\SYSTEM32\ColorAdapterClient.dll
0x00007ff8d19d0000 - 0x00007ff8d1a13000 	C:\WINDOWS\SYSTEM32\icm32.dll
0x00007ff8f75a0000 - 0x00007ff8f769d000 	C:\WINDOWS\SYSTEM32\textinputframework.dll
0x00007ff8d1250000 - 0x00007ff8d12a8000 	C:\Users\ervin_1nmnhvl\AppData\Local\Temp\lwjglervin_1nmnhvl\3.2.2-build-10\lwjgl_opengl.dll

VM Arguments:
jvm_args: -Dforge.logging.console.level=debug -Dforge.logging.markers=SCAN,REGISTRIES,REGISTRYDUMP -XX:HeapDumpPath=MojangTricksIntelDriversForPerformance_javaw.exe_minecraft.exe.heapdump -Dos.name=Windows 10 -Dos.version=10.0 -javaagent:C:\Users\ervin_1nmnhvl\AppData\Local\JetBrains\Toolbox\apps\IDEA-U\ch-0\202.6397.94\lib\idea_rt.jar=50639:C:\Users\ervin_1nmnhvl\AppData\Local\JetBrains\Toolbox\apps\IDEA-U\ch-0\202.6397.94\bin -Dfile.encoding=UTF-8 
java_command: net.minecraftforge.userdev.LaunchTesting
java_class_path (initial): C:\Program Files (x86)\Minecraft\runtime\jre-x64\lib\charsets.jar;C:\Program Files (x86)\Minecraft\runtime\jre-x64\lib\deploy.jar;C:\Program Files (x86)\Minecraft\runtime\jre-x64\lib\ext\access-bridge-64.jar;C:\Program Files (x86)\Minecraft\runtime\jre-x64\lib\ext\cldrdata.jar;C:\Program Files (x86)\Minecraft\runtime\jre-x64\lib\ext\dnsns.jar;C:\Program Files (x86)\Minecraft\runtime\jre-x64\lib\ext\jaccess.jar;C:\Program Files (x86)\Minecraft\runtime\jre-x64\lib\ext\jfxrt.jar;C:\Program Files (x86)\Minecraft\runtime\jre-x64\lib\ext\localedata.jar;C:\Program Files (x86)\Minecraft\runtime\jre-x64\lib\ext\nashorn.jar;C:\Program Files (x86)\Minecraft\runtime\jre-x64\lib\ext\sunec.jar;C:\Program Files (x86)\Minecraft\runtime\jre-x64\lib\ext\sunjce_provider.jar;C:\Program Files (x86)\Minecraft\runtime\jre-x64\lib\ext\sunmscapi.jar;C:\Program Files (x86)\Minecraft\runtime\jre-x64\lib\ext\sunpkcs11.jar;C:\Program Files (x86)\Minecraft\runtime\jre-x64\lib\ext\zipfs.jar;C:\Program Files (x86)\Minecraft\runtime\jre-x64\lib\javaws.jar;C:\Program Files (x86)\Minecraft\runtime\jre-x64\lib\jce.jar;C:\Program Files (x86)\Minecraft\runtime\jre-x64\lib\jfr.jar;C:\Program Files (x86)\Minecraft\runtime\jre-x64\lib\jfxswt.jar;C:\Program Files (x86)\Minecraft\runtime\jre-x64\lib\jsse.jar;C:\Program Files (x86)\Minecraft\runtime\jre-x64\lib\management-agent.jar;C:\Program Files (x86)\Minecraft\runtime\jre-x64\lib\plugin.jar;C:\Program Files (x86)\Minecraft\runtime\jre-x64\lib\resources.jar;C:\Program Files (x86)\Minecraft\runtime\jre-x64\lib\rt.jar;C:\save\modding\ervin_mod_1\build\classes\java\main;C:\save\modding\ervin_mod_1\build\resources\main;C:\Users\ervin_1nmnhvl\.gradle\caches\forge_gradle\minecraft_user_repo\net\minecraftforge\forge\1.16.1-32.0.75_mapped_snapshot_20200723-1.16.1\forge-1.16.1-32.0.75_mapped_snapshot_20200723-1.16.1-recomp.jar;C:\Users\ervin_1nmnhvl\.gradle\caches\forge_gradle\minecraft_user_repo\net\minecraftforge\forge\1.16.1-32.0.75_
Launcher Type: SUN_STANDARD

Environment Variables:
JAVA_HOME=C:\Program Files\Java\jdk-11.0.4
PATH=C:\Program Files\Docker\Docker\Resources\bin;C:\ProgramData\Oracle\Java\javapath;C:\WINDOWS\system32;C:\WINDOWS;C:\WINDOWS\System32\Wbem;C:\WINDOWS\System32\WindowsPowerShell\v1.0\;C:\Program Files (x86)\cloudControl;C:\Program Files\Git\cmd;C:\bin;C:\Program Files (x86)\Windows Kits\8.1\Windows Performance Toolkit\;C:\Program Files (x86)\PuTTY\;C:\Program Files (x86)\Nodist\bin;G:\save\sdk\android\tools;G:\save\sdk\android\platform-tools;C:\boxfuse;C:\Program Files (x86)\Skype\Phone\;C:\Program Files (x86)\GtkSharp\2.12\bin;C:\Program Files (x86)\IVI Foundation\VISA\WinNT\Bin;C:\WINDOWS\system32;C:\WINDOWS;C:\WINDOWS\System32\Wbem;C:\WINDOWS\System32\WindowsPowerShell\v1.0\;;C:\WINDOWS\System32\OpenSSH\;C:\Users\ervin_1nmnhvl\AppData\Local\Microsoft\WindowsApps;
USERNAME=ervin_1nmnhvl
OS=Windows_NT
PROCESSOR_IDENTIFIER=Intel64 Family 6 Model 42 Stepping 7, GenuineIntel



---------------  S Y S T E M  ---------------

OS: Windows 10.0 , 64 bit Build 19041 (10.0.19041.292)

CPU:total 4 (2 cores per cpu, 2 threads per core) family 6 model 42 stepping 7, cmov, cx8, fxsr, mmx, sse, sse2, sse3, ssse3, sse4.1, sse4.2, popcnt, avx, aes, clmul, ht, tsc, tscinvbit

Memory: 4k page, physical 8266764k(507016k free), swap 10363916k(3392k free)

vm_info: Java HotSpot(TM) 64-Bit Server VM (25.51-b03) for windows-amd64 JRE (1.8.0_51-b16), built on Jun  8 2015 18:03:07 by "java_re" with MS VC++ 10.0 (VS2010)

time: Mon Oct 05 19:56:39 2020
elapsed time: 50 seconds (0d 0h 0m 50s)

