#
# There is insufficient memory for the Java Runtime Environment to continue.
# Native memory allocation (malloc) failed to allocate 1687536 bytes for Chunk::new
# Possible reasons:
#   The system is out of physical RAM or swap space
#   In 32 bit mode, the process size limit was hit
# Possible solutions:
#   Reduce memory load on the system
#   Increase physical memory or swap space
#   Check if swap backing store is full
#   Use 64 bit Java on a 64 bit OS
#   Decrease Java heap size (-Xmx/-Xms)
#   Decrease number of Java threads
#   Decrease Java thread stack sizes (-Xss)
#   Set larger code cache with -XX:ReservedCodeCacheSize=
# This output file may be truncated or incomplete.
#
#  Out of Memory Error (allocation.cpp:390), pid=11948, tid=10956
#
# JRE version: Java(TM) SE Runtime Environment (8.0_51-b16) (build 1.8.0_51-b16)
# Java VM: Java HotSpot(TM) 64-Bit Server VM (25.51-b03 mixed mode windows-amd64 compressed oops)
# Failed to write core dump. Minidumps are not enabled by default on client versions of Windows
#

---------------  T H R E A D  ---------------

Current thread (0x0000000018a19000):  JavaThread "C2 CompilerThread0" daemon [_thread_in_native, id=10956, stack(0x0000000018b30000,0x0000000018c30000)]

Stack: [0x0000000018b30000,0x0000000018c30000]
Native frames: (J=compiled Java code, j=interpreted, Vv=VM code, C=native code)
V  [jvm.dll+0x32b4ca]
V  [jvm.dll+0x2797e3]
V  [jvm.dll+0x27a479]
V  [jvm.dll+0x271765]
V  [jvm.dll+0xcba02]
V  [jvm.dll+0xcbecc]
V  [jvm.dll+0x476f72]
V  [jvm.dll+0x4b95ff]
V  [jvm.dll+0x46b745]
V  [jvm.dll+0x46cd4e]
V  [jvm.dll+0x4501a2]
V  [jvm.dll+0xa43a2]
V  [jvm.dll+0xa4cdf]
V  [jvm.dll+0x2418a4]
V  [jvm.dll+0x29846a]
C  [msvcr100.dll+0x21d9f]
C  [msvcr100.dll+0x21e3b]
C  [KERNEL32.DLL+0x17034]
C  [ntdll.dll+0x4cec1]


Current CompileTask:
C2: 136336 12416       4       net.minecraft.client.renderer.model.ModelBakery::getBakedModel (164 bytes)


---------------  P R O C E S S  ---------------

Java Threads: ( => current thread )
  0x000000001a1e2000 JavaThread "modloading-worker-2" daemon [_thread_blocked, id=5524, stack(0x00000000454c0000,0x00000000455c0000)]
  0x000000001a1e2800 JavaThread "modloading-worker-1" daemon [_thread_blocked, id=6156, stack(0x00000000453c0000,0x00000000454c0000)]
  0x000000001a1db000 JavaThread "modloading-worker-0" daemon [_thread_blocked, id=7732, stack(0x00000000452c0000,0x00000000453c0000)]
  0x000000001a1d9800 JavaThread "Worker-Main-8" daemon [_thread_blocked, id=14236, stack(0x000000003a600000,0x000000003a700000)]
  0x000000001a1da800 JavaThread "Worker-Main-7" daemon [_thread_blocked, id=2656, stack(0x0000000025ac0000,0x0000000025bc0000)]
  0x000000001a1e0800 JavaThread "Worker-Main-6" daemon [_thread_blocked, id=15532, stack(0x000000002a570000,0x000000002a670000)]
  0x000000001a4f5000 JavaThread "Worker-Main-5" daemon [_thread_blocked, id=7104, stack(0x000000002a100000,0x000000002a200000)]
  0x000000001a4f4000 JavaThread "Narrator" [_thread_blocked, id=13176, stack(0x0000000029a00000,0x0000000029b00000)]
  0x000000001a4f6800 JavaThread "Sound engine" daemon [_thread_blocked, id=13960, stack(0x0000000020c10000,0x0000000020d10000)]
  0x0000000020ab8800 JavaThread "Snooper Timer" daemon [_thread_blocked, id=15540, stack(0x0000000002260000,0x0000000002360000)]
  0x0000000019c09000 JavaThread "Timer hack thread" daemon [_thread_blocked, id=15224, stack(0x00000000004d0000,0x00000000005d0000)]
  0x000000001900c000 JavaThread "Worker-Bootstrap-1" daemon [_thread_blocked, id=6708, stack(0x00000000224a0000,0x00000000225a0000)]
  0x0000000021cae800 JavaThread "pool-3-thread-1" [_thread_blocked, id=9748, stack(0x0000000020dc0000,0x0000000020ec0000)]
  0x000000001a21f000 JavaThread "Thread-2" daemon [_thread_in_native, id=7712, stack(0x000000001b640000,0x000000001b740000)]
  0x000000001a21e000 JavaThread "Thread-1" daemon [_thread_blocked, id=13264, stack(0x000000001b540000,0x000000001b640000)]
  0x0000000018cd3800 JavaThread "Service Thread" daemon [_thread_blocked, id=16068, stack(0x0000000019630000,0x0000000019730000)]
  0x0000000018c86800 JavaThread "C1 CompilerThread2" daemon [_thread_blocked, id=15408, stack(0x0000000019530000,0x0000000019630000)]
  0x0000000018a1a000 JavaThread "C2 CompilerThread1" daemon [_thread_in_native, id=12960, stack(0x0000000019430000,0x0000000019530000)]
=>0x0000000018a19000 JavaThread "C2 CompilerThread0" daemon [_thread_in_native, id=10956, stack(0x0000000018b30000,0x0000000018c30000)]
  0x00000000189f2000 JavaThread "Monitor Ctrl-Break" daemon [_thread_in_native, id=10592, stack(0x0000000018a30000,0x0000000018b30000)]
  0x00000000170d5800 JavaThread "Attach Listener" daemon [_thread_blocked, id=13516, stack(0x0000000018530000,0x0000000018630000)]
  0x00000000170d4800 JavaThread "Signal Dispatcher" daemon [_thread_blocked, id=2776, stack(0x0000000018430000,0x0000000018530000)]
  0x0000000002459800 JavaThread "Finalizer" daemon [_thread_blocked, id=10972, stack(0x0000000018330000,0x0000000018430000)]
  0x0000000002456000 JavaThread "Reference Handler" daemon [_thread_blocked, id=16084, stack(0x0000000018230000,0x0000000018330000)]
  0x0000000002362800 JavaThread "Render thread" [_thread_in_Java, id=14152, stack(0x00000000020a0000,0x00000000021a0000)]

Other Threads:
  0x0000000017099000 VMThread [stack: 0x0000000018130000,0x0000000018230000] [id=1912]
  0x0000000018cd4000 WatcherThread [stack: 0x0000000019730000,0x0000000019830000] [id=16024]

VM state:not at safepoint (normal execution)

VM Mutex/Monitor currently owned by a thread: None

Heap:
 PSYoungGen      total 606720K, used 442333K [0x00000000d5f00000, 0x0000000100000000, 0x0000000100000000)
  eden space 573440K, 76% used [0x00000000d5f00000,0x00000000f0bfe718,0x00000000f8f00000)
  from space 33280K, 9% used [0x00000000fde80000,0x00000000fe1790a0,0x00000000fff00000)
  to   space 57856K, 0% used [0x00000000f8f00000,0x00000000f8f00000,0x00000000fc780000)
 ParOldGen       total 453120K, used 326691K [0x0000000081c00000, 0x000000009d680000, 0x00000000d5f00000)
  object space 453120K, 72% used [0x0000000081c00000,0x0000000095b08e10,0x000000009d680000)
 Metaspace       used 77812K, capacity 86116K, committed 86272K, reserved 1120256K
  class space    used 12109K, capacity 14587K, committed 14592K, reserved 1048576K

Card table byte_map: [0x0000000011960000,0x0000000011d60000] byte_map_base: 0x0000000011552000

Marking Bits: (ParMarkBitMap*) 0x0000000053784040
 Begin Bits: [0x0000000012410000, 0x00000000143a0000)
 End Bits:   [0x00000000143a0000, 0x0000000016330000)

Polling page: 0x0000000002010000

CodeCache: size=245760Kb used=29686Kb max_used=29696Kb free=216073Kb
 bounds [0x00000000025a0000, 0x00000000042d0000, 0x00000000115a0000]
 total_blobs=10928 nmethods=9433 adapters=1406
 compilation: enabled

Compilation events (10 events):
Event: 136.242 Thread 0x0000000018a1a000 nmethod 12407 0x00000000041eb690 code [0x00000000041eb7c0, 0x00000000041eb838]
Event: 136.243 Thread 0x0000000018a1a000 12404       4       net.minecraft.util.math.vector.Matrix4f::makeTranslate (45 bytes)
Event: 136.244 Thread 0x0000000018a1a000 nmethod 12404 0x00000000042a71d0 code [0x00000000042a7320, 0x00000000042a7438]
Event: 136.244 Thread 0x0000000018a1a000 12423       4       java.lang.Math::round (70 bytes)
Event: 136.245 Thread 0x0000000018a1a000 nmethod 12423 0x00000000042a7890 code [0x00000000042a79c0, 0x00000000042a7a78]
Event: 136.245 Thread 0x0000000018a1a000 12413       4       java.util.EnumMap$KeyIterator::next (5 bytes)
Event: 136.248 Thread 0x0000000018a1a000 nmethod 12413 0x00000000042ac010 code [0x00000000042ac160, 0x00000000042ac2b8]
Event: 136.248 Thread 0x0000000018a1a000 12424       4       net.minecraft.client.renderer.model.VariantList::bakeModel (92 bytes)
Event: 136.266 Thread 0x0000000018c86800 12428       1       net.minecraft.client.renderer.model.BlockModel::getOverrides (5 bytes)
Event: 136.266 Thread 0x0000000018c86800 nmethod 12428 0x00000000042a0010 code [0x00000000042a0160, 0x00000000042a0270]

GC Heap History (10 events):
Event: 124.304 GC heap before
{Heap before GC invocations=145 (full 6):
 PSYoungGen      total 654848K, used 627744K [0x00000000d5f00000, 0x0000000100000000, 0x0000000100000000)
  eden space 622592K, 100% used [0x00000000d5f00000,0x00000000fbf00000,0x00000000fbf00000)
  from space 32256K, 15% used [0x00000000fe080000,0x00000000fe588060,0x0000000100000000)
  to   space 33280K, 0% used [0x00000000fbf00000,0x00000000fbf00000,0x00000000fdf80000)
 ParOldGen       total 320512K, used 273458K [0x0000000081c00000, 0x0000000095500000, 0x00000000d5f00000)
  object space 320512K, 85% used [0x0000000081c00000,0x000000009270c940,0x0000000095500000)
 Metaspace       used 76322K, capacity 84394K, committed 84480K, reserved 1120256K
  class space    used 11907K, capacity 14314K, committed 14336K, reserved 1048576K
Event: 124.316 GC heap after
Heap after GC invocations=145 (full 6):
 PSYoungGen      total 628224K, used 5312K [0x00000000d5f00000, 0x0000000100000000, 0x0000000100000000)
  eden space 622592K, 0% used [0x00000000d5f00000,0x00000000d5f00000,0x00000000fbf00000)
  from space 5632K, 94% used [0x00000000fbf00000,0x00000000fc430040,0x00000000fc480000)
  to   space 33792K, 0% used [0x00000000fdf00000,0x00000000fdf00000,0x0000000100000000)
 ParOldGen       total 320512K, used 273682K [0x0000000081c00000, 0x0000000095500000, 0x00000000d5f00000)
  object space 320512K, 85% used [0x0000000081c00000,0x0000000092744940,0x0000000095500000)
 Metaspace       used 76322K, capacity 84394K, committed 84480K, reserved 1120256K
  class space    used 11907K, capacity 14314K, committed 14336K, reserved 1048576K
}
Event: 125.399 GC heap before
{Heap before GC invocations=146 (full 6):
 PSYoungGen      total 628224K, used 627904K [0x00000000d5f00000, 0x0000000100000000, 0x0000000100000000)
  eden space 622592K, 100% used [0x00000000d5f00000,0x00000000fbf00000,0x00000000fbf00000)
  from space 5632K, 94% used [0x00000000fbf00000,0x00000000fc430040,0x00000000fc480000)
  to   space 33792K, 0% used [0x00000000fdf00000,0x00000000fdf00000,0x0000000100000000)
 ParOldGen       total 320512K, used 273683K [0x0000000081c00000, 0x0000000095500000, 0x00000000d5f00000)
  object space 320512K, 85% used [0x0000000081c00000,0x0000000092744c88,0x0000000095500000)
 Metaspace       used 76340K, capacity 84402K, committed 84480K, reserved 1120256K
  class space    used 11907K, capacity 14314K, committed 14336K, reserved 1048576K
Event: 125.410 GC heap after
Heap after GC invocations=146 (full 6):
 PSYoungGen      total 655360K, used 5696K [0x00000000d5f00000, 0x0000000100000000, 0x0000000100000000)
  eden space 621568K, 0% used [0x00000000d5f00000,0x00000000d5f00000,0x00000000fbe00000)
  from space 33792K, 16% used [0x00000000fdf00000,0x00000000fe490050,0x0000000100000000)
  to   space 33792K, 0% used [0x00000000fbe00000,0x00000000fbe00000,0x00000000fdf00000)
 ParOldGen       total 320512K, used 274211K [0x0000000081c00000, 0x0000000095500000, 0x00000000d5f00000)
  object space 320512K, 85% used [0x0000000081c00000,0x00000000927c8c98,0x0000000095500000)
 Metaspace       used 76340K, capacity 84402K, committed 84480K, reserved 1120256K
  class space    used 11907K, capacity 14314K, committed 14336K, reserved 1048576K
}
Event: 126.466 GC heap before
{Heap before GC invocations=147 (full 6):
 PSYoungGen      total 655360K, used 627264K [0x00000000d5f00000, 0x0000000100000000, 0x0000000100000000)
  eden space 621568K, 100% used [0x00000000d5f00000,0x00000000fbe00000,0x00000000fbe00000)
  from space 33792K, 16% used [0x00000000fdf00000,0x00000000fe490050,0x0000000100000000)
  to   space 33792K, 0% used [0x00000000fbe00000,0x00000000fbe00000,0x00000000fdf00000)
 ParOldGen       total 320512K, used 274211K [0x0000000081c00000, 0x0000000095500000, 0x00000000d5f00000)
  object space 320512K, 85% used [0x0000000081c00000,0x00000000927c8c98,0x0000000095500000)
 Metaspace       used 76340K, capacity 84402K, committed 84480K, reserved 1120256K
  class space    used 11907K, capacity 14314K, committed 14336K, reserved 1048576K
Event: 126.477 GC heap after
Heap after GC invocations=147 (full 6):
 PSYoungGen      total 627712K, used 5904K [0x00000000d5f00000, 0x00000000fff00000, 0x0000000100000000)
  eden space 621568K, 0% used [0x00000000d5f00000,0x00000000d5f00000,0x00000000fbe00000)
  from space 6144K, 96% used [0x00000000fbe00000,0x00000000fc3c4060,0x00000000fc400000)
  to   space 33280K, 0% used [0x00000000fde80000,0x00000000fde80000,0x00000000fff00000)
 ParOldGen       total 320512K, used 274547K [0x0000000081c00000, 0x0000000095500000, 0x00000000d5f00000)
  object space 320512K, 85% used [0x0000000081c00000,0x000000009281cc98,0x0000000095500000)
 Metaspace       used 76340K, capacity 84402K, committed 84480K, reserved 1120256K
  class space    used 11907K, capacity 14314K, committed 14336K, reserved 1048576K
}
Event: 132.789 GC heap before
{Heap before GC invocations=148 (full 6):
 PSYoungGen      total 627712K, used 627472K [0x00000000d5f00000, 0x00000000fff00000, 0x0000000100000000)
  eden space 621568K, 100% used [0x00000000d5f00000,0x00000000fbe00000,0x00000000fbe00000)
  from space 6144K, 96% used [0x00000000fbe00000,0x00000000fc3c4060,0x00000000fc400000)
  to   space 33280K, 0% used [0x00000000fde80000,0x00000000fde80000,0x00000000fff00000)
 ParOldGen       total 320512K, used 274547K [0x0000000081c00000, 0x0000000095500000, 0x00000000d5f00000)
  object space 320512K, 85% used [0x0000000081c00000,0x000000009281cc98,0x0000000095500000)
 Metaspace       used 77319K, capacity 85474K, committed 85760K, reserved 1120256K
  class space    used 12061K, capacity 14500K, committed 14592K, reserved 1048576K
Event: 132.947 GC heap after
Heap after GC invocations=148 (full 6):
 PSYoungGen      total 606720K, used 33261K [0x00000000d5f00000, 0x0000000100000000, 0x0000000100000000)
  eden space 573440K, 0% used [0x00000000d5f00000,0x00000000d5f00000,0x00000000f8f00000)
  from space 33280K, 99% used [0x00000000fde80000,0x00000000ffefb6e0,0x00000000fff00000)
  to   space 57856K, 0% used [0x00000000f8f00000,0x00000000f8f00000,0x00000000fc780000)
 ParOldGen       total 327168K, used 326791K [0x0000000081c00000, 0x0000000095b80000, 0x00000000d5f00000)
  object space 327168K, 99% used [0x0000000081c00000,0x0000000095b21e10,0x0000000095b80000)
 Metaspace       used 77319K, capacity 85474K, committed 85760K, reserved 1120256K
  class space    used 12061K, capacity 14500K, committed 14592K, reserved 1048576K
}
Event: 132.947 GC heap before
{Heap before GC invocations=149 (full 7):
 PSYoungGen      total 606720K, used 33261K [0x00000000d5f00000, 0x0000000100000000, 0x0000000100000000)
  eden space 573440K, 0% used [0x00000000d5f00000,0x00000000d5f00000,0x00000000f8f00000)
  from space 33280K, 99% used [0x00000000fde80000,0x00000000ffefb6e0,0x00000000fff00000)
  to   space 57856K, 0% used [0x00000000f8f00000,0x00000000f8f00000,0x00000000fc780000)
 ParOldGen       total 327168K, used 326791K [0x0000000081c00000, 0x0000000095b80000, 0x00000000d5f00000)
  object space 327168K, 99% used [0x0000000081c00000,0x0000000095b21e10,0x0000000095b80000)
 Metaspace       used 77319K, capacity 85474K, committed 85760K, reserved 1120256K
  class space    used 12061K, capacity 14500K, committed 14592K, reserved 1048576K
Event: 134.755 GC heap after
Heap after GC invocations=149 (full 7):
 PSYoungGen      total 606720K, used 3044K [0x00000000d5f00000, 0x0000000100000000, 0x0000000100000000)
  eden space 573440K, 0% used [0x00000000d5f00000,0x00000000d5f00000,0x00000000f8f00000)
  from space 33280K, 9% used [0x00000000fde80000,0x00000000fe1790a0,0x00000000fff00000)
  to   space 57856K, 0% used [0x00000000f8f00000,0x00000000f8f00000,0x00000000fc780000)
 ParOldGen       total 453120K, used 326691K [0x0000000081c00000, 0x000000009d680000, 0x00000000d5f00000)
  object space 453120K, 72% used [0x0000000081c00000,0x0000000095b08e10,0x000000009d680000)
 Metaspace       used 77316K, capacity 85470K, committed 85760K, reserved 1120256K
  class space    used 12060K, capacity 14498K, committed 14592K, reserved 1048576K
}

Deoptimization events (10 events):
Event: 135.432 Thread 0x0000000002362800 Uncommon trap: reason=bimorphic action=maybe_recompile pc=0x0000000004202874 method=net.minecraft.client.gui.fonts.IGlyph.getAdvance(Z)F @ 1
Event: 135.432 Thread 0x0000000002362800 Uncommon trap: reason=bimorphic action=maybe_recompile pc=0x0000000004202874 method=net.minecraft.client.gui.fonts.IGlyph.getAdvance(Z)F @ 1
Event: 135.625 Thread 0x0000000002362800 Uncommon trap: reason=class_check action=maybe_recompile pc=0x0000000004219a34 method=net.minecraft.client.gui.fonts.Font.lambda$setGlyphProviders$2(Ljava/util/List;Ljava/util/Set;I)V @ 25
Event: 135.854 Thread 0x0000000002362800 Uncommon trap: reason=bimorphic action=maybe_recompile pc=0x0000000003f737a8 method=java.util.HashMap$ValueSpliterator.forEachRemaining(Ljava/util/function/Consumer;)V @ 145
Event: 135.855 Thread 0x0000000002362800 Uncommon trap: reason=bimorphic action=maybe_recompile pc=0x000000000389ac04 method=org.apache.commons.lang3.tuple.Triple.hashCode()I @ 33
Event: 135.862 Thread 0x0000000002362800 Uncommon trap: reason=bimorphic action=maybe_recompile pc=0x000000000389ac04 method=org.apache.commons.lang3.tuple.Triple.hashCode()I @ 33
Event: 135.911 Thread 0x0000000002362800 Uncommon trap: reason=bimorphic action=maybe_recompile pc=0x000000000389ac04 method=org.apache.commons.lang3.tuple.Triple.hashCode()I @ 33
Event: 135.916 Thread 0x0000000002362800 Uncommon trap: reason=bimorphic action=maybe_recompile pc=0x000000000389ac04 method=org.apache.commons.lang3.tuple.Triple.hashCode()I @ 33
Event: 135.928 Thread 0x0000000002362800 Uncommon trap: reason=unstable_if action=reinterpret pc=0x00000000027deabc method=java.lang.Math.round(D)J @ 48
Event: 135.929 Thread 0x0000000002362800 Uncommon trap: reason=unstable_if action=reinterpret pc=0x000000000274b2f8 method=org.apache.commons.lang3.tuple.Triple.equals(Ljava/lang/Object;)Z @ 44

Internal exceptions (10 events):
Event: 136.024 Thread 0x0000000002362800 Exception <a 'sun/nio/fs/WindowsException'> (0x00000000ed49dad0) thrown at [C:\re\workspace\8-2-build-windows-amd64-cygwin\jdk8u51\3951\hotspot\src\share\vm\prims\jni.cpp, line 709]
Event: 136.024 Thread 0x0000000002362800 Exception <a 'sun/nio/fs/WindowsException'> (0x00000000ed49e530) thrown at [C:\re\workspace\8-2-build-windows-amd64-cygwin\jdk8u51\3951\hotspot\src\share\vm\prims\jni.cpp, line 709]
Event: 136.024 Thread 0x0000000002362800 Exception <a 'sun/nio/fs/WindowsException'> (0x00000000ed4a0068) thrown at [C:\re\workspace\8-2-build-windows-amd64-cygwin\jdk8u51\3951\hotspot\src\share\vm\prims\jni.cpp, line 709]
Event: 136.024 Thread 0x0000000002362800 Exception <a 'sun/nio/fs/WindowsException'> (0x00000000ed4a0a28) thrown at [C:\re\workspace\8-2-build-windows-amd64-cygwin\jdk8u51\3951\hotspot\src\share\vm\prims\jni.cpp, line 709]
Event: 136.048 Thread 0x0000000002362800 Exception <a 'sun/nio/fs/WindowsException'> (0x00000000ed807ce0) thrown at [C:\re\workspace\8-2-build-windows-amd64-cygwin\jdk8u51\3951\hotspot\src\share\vm\prims\jni.cpp, line 709]
Event: 136.048 Thread 0x0000000002362800 Exception <a 'sun/nio/fs/WindowsException'> (0x00000000ed808720) thrown at [C:\re\workspace\8-2-build-windows-amd64-cygwin\jdk8u51\3951\hotspot\src\share\vm\prims\jni.cpp, line 709]
Event: 136.049 Thread 0x0000000002362800 Exception <a 'sun/nio/fs/WindowsException'> (0x00000000ed80a298) thrown at [C:\re\workspace\8-2-build-windows-amd64-cygwin\jdk8u51\3951\hotspot\src\share\vm\prims\jni.cpp, line 709]
Event: 136.049 Thread 0x0000000002362800 Exception <a 'sun/nio/fs/WindowsException'> (0x00000000ed80acd8) thrown at [C:\re\workspace\8-2-build-windows-amd64-cygwin\jdk8u51\3951\hotspot\src\share\vm\prims\jni.cpp, line 709]
Event: 136.049 Thread 0x0000000002362800 Exception <a 'sun/nio/fs/WindowsException'> (0x00000000ed80c7d0) thrown at [C:\re\workspace\8-2-build-windows-amd64-cygwin\jdk8u51\3951\hotspot\src\share\vm\prims\jni.cpp, line 709]
Event: 136.049 Thread 0x0000000002362800 Exception <a 'sun/nio/fs/WindowsException'> (0x00000000ed80d150) thrown at [C:\re\workspace\8-2-build-windows-amd64-cygwin\jdk8u51\3951\hotspot\src\share\vm\prims\jni.cpp, line 709]

Events (10 events):
Event: 136.085 loading class net/minecraft/client/renderer/model/ModelBakery
Event: 136.085 loading class net/minecraft/client/renderer/model/ModelBakery done
Event: 136.086 loading class net/minecraft/client/renderer/model/RenderMaterial
Event: 136.086 loading class net/minecraft/client/renderer/model/RenderMaterial done
Event: 136.086 loading class net/minecraft/client/renderer/model/RenderMaterial
Event: 136.086 loading class net/minecraft/client/renderer/model/RenderMaterial done
Event: 136.086 loading class net/minecraft/client/renderer/texture/SpriteMap
Event: 136.086 loading class net/minecraft/client/renderer/texture/SpriteMap done
Event: 136.086 loading class net/minecraft/client/renderer/model/ItemOverride
Event: 136.086 loading class net/minecraft/client/renderer/model/ItemOverride done


Dynamic libraries:
0x00007ff749d80000 - 0x00007ff749db7000 	C:\Program Files (x86)\Minecraft\runtime\jre-x64\bin\java.exe
0x00007ffc405d0000 - 0x00007ffc407c6000 	C:\WINDOWS\SYSTEM32\ntdll.dll
0x00007ffc3e640000 - 0x00007ffc3e6fd000 	C:\WINDOWS\System32\KERNEL32.DLL
0x00007ffc3dda0000 - 0x00007ffc3e068000 	C:\WINDOWS\System32\KERNELBASE.dll
0x00007ffc40390000 - 0x00007ffc4043a000 	C:\WINDOWS\System32\ADVAPI32.dll
0x00007ffc3ebe0000 - 0x00007ffc3ec7e000 	C:\WINDOWS\System32\msvcrt.dll
0x00007ffc3ffc0000 - 0x00007ffc4005b000 	C:\WINDOWS\System32\sechost.dll
0x00007ffc3fe80000 - 0x00007ffc3ffa4000 	C:\WINDOWS\System32\RPCRT4.dll
0x00007ffc40070000 - 0x00007ffc40210000 	C:\WINDOWS\System32\USER32.dll
0x00007ffc3e2a0000 - 0x00007ffc3e2c2000 	C:\WINDOWS\System32\win32u.dll
0x00007ffc3e830000 - 0x00007ffc3e85a000 	C:\WINDOWS\System32\GDI32.dll
0x00007ffc3e430000 - 0x00007ffc3e539000 	C:\WINDOWS\System32\gdi32full.dll
0x00007ffc3e0d0000 - 0x00007ffc3e16d000 	C:\WINDOWS\System32\msvcp_win.dll
0x00007ffc3e170000 - 0x00007ffc3e270000 	C:\WINDOWS\System32\ucrtbase.dll
0x00007ffc29400000 - 0x00007ffc2969b000 	C:\WINDOWS\WinSxS\amd64_microsoft.windows.common-controls_6595b64144ccf1df_6.0.19041.488_none_ca04af081b815d21\COMCTL32.dll
0x00007ffc3ed10000 - 0x00007ffc3ed40000 	C:\WINDOWS\System32\IMM32.DLL
0x0000000053810000 - 0x00000000538e2000 	C:\Program Files (x86)\Minecraft\runtime\jre-x64\bin\msvcr100.dll
0x0000000052f80000 - 0x0000000053803000 	C:\Program Files (x86)\Minecraft\runtime\jre-x64\bin\server\jvm.dll
0x00007ffc40060000 - 0x00007ffc40068000 	C:\WINDOWS\System32\PSAPI.DLL
0x00007ffc19c00000 - 0x00007ffc19c09000 	C:\WINDOWS\SYSTEM32\WSOCK32.dll
0x00007ffc40440000 - 0x00007ffc404ab000 	C:\WINDOWS\System32\WS2_32.dll
0x00007ffc369b0000 - 0x00007ffc369d7000 	C:\WINDOWS\SYSTEM32\WINMM.dll
0x00007ffc369a0000 - 0x00007ffc369aa000 	C:\WINDOWS\SYSTEM32\VERSION.dll
0x0000000052f70000 - 0x0000000052f7f000 	C:\Program Files (x86)\Minecraft\runtime\jre-x64\bin\verify.dll
0x0000000052f40000 - 0x0000000052f69000 	C:\Program Files (x86)\Minecraft\runtime\jre-x64\bin\java.dll
0x0000000052e70000 - 0x0000000052e93000 	C:\Program Files (x86)\Minecraft\runtime\jre-x64\bin\instrument.dll
0x0000000052f20000 - 0x0000000052f36000 	C:\Program Files (x86)\Minecraft\runtime\jre-x64\bin\zip.dll
0x00007ffc3eda0000 - 0x00007ffc3f4e0000 	C:\WINDOWS\System32\SHELL32.dll
0x00007ffc3bc40000 - 0x00007ffc3c3d4000 	C:\WINDOWS\SYSTEM32\windows.storage.dll
0x00007ffc3fb20000 - 0x00007ffc3fe75000 	C:\WINDOWS\System32\combase.dll
0x00007ffc3d5f0000 - 0x00007ffc3d61c000 	C:\WINDOWS\SYSTEM32\Wldp.dll
0x00007ffc3f4e0000 - 0x00007ffc3f58e000 	C:\WINDOWS\System32\SHCORE.dll
0x00007ffc3eb00000 - 0x00007ffc3eb55000 	C:\WINDOWS\System32\shlwapi.dll
0x00007ffc3dc50000 - 0x00007ffc3dc76000 	C:\WINDOWS\SYSTEM32\profapi.dll
0x00007ffc18b60000 - 0x00007ffc18b7a000 	C:\Users\ervin_1nmnhvl\AppData\Local\JetBrains\Toolbox\apps\IDEA-U\ch-0\202.6397.94\bin\breakgen64.dll
0x0000000052ef0000 - 0x0000000052f0a000 	C:\Program Files (x86)\Minecraft\runtime\jre-x64\bin\net.dll
0x00007ffc3d3e0000 - 0x00007ffc3d44a000 	C:\WINDOWS\system32\mswsock.dll
0x0000000052f10000 - 0x0000000052f1d000 	C:\Program Files (x86)\Minecraft\runtime\jre-x64\bin\management.dll
0x00007ffc07f40000 - 0x00007ffc07f57000 	C:\WINDOWS\system32\napinsp.dll
0x00007ffc07f60000 - 0x00007ffc07f7b000 	C:\WINDOWS\system32\pnrpnsp.dll
0x00007ffc38a80000 - 0x00007ffc38a95000 	C:\WINDOWS\system32\wshbth.dll
0x00007ffc394d0000 - 0x00007ffc394ed000 	C:\WINDOWS\system32\NLAapi.dll
0x00007ffc3d0f0000 - 0x00007ffc3d12b000 	C:\WINDOWS\SYSTEM32\IPHLPAPI.DLL
0x00007ffc3d130000 - 0x00007ffc3d1fb000 	C:\WINDOWS\SYSTEM32\DNSAPI.dll
0x00007ffc3ffb0000 - 0x00007ffc3ffb9000 	C:\WINDOWS\System32\NSI.dll
0x00007ffc0e650000 - 0x00007ffc0e662000 	C:\WINDOWS\System32\winrnr.dll
0x00007ffc2f530000 - 0x00007ffc2f53a000 	C:\Windows\System32\rasadhlp.dll
0x00007ffc31d80000 - 0x00007ffc31dff000 	C:\WINDOWS\System32\fwpuclnt.dll
0x00007ffc3e270000 - 0x00007ffc3e297000 	C:\WINDOWS\System32\bcrypt.dll
0x0000000052ed0000 - 0x0000000052ee1000 	C:\Program Files (x86)\Minecraft\runtime\jre-x64\bin\nio.dll
0x0000000052ea0000 - 0x0000000052ec4000 	C:\Program Files (x86)\Minecraft\runtime\jre-x64\bin\sunec.dll
0x00007ffc3d980000 - 0x00007ffc3d998000 	C:\WINDOWS\SYSTEM32\CRYPTSP.dll
0x00007ffc3cc90000 - 0x00007ffc3ccc4000 	C:\WINDOWS\system32\rsaenh.dll
0x00007ffc3dc10000 - 0x00007ffc3dc3e000 	C:\WINDOWS\SYSTEM32\USERENV.dll
0x00007ffc3dd20000 - 0x00007ffc3dd9f000 	C:\WINDOWS\System32\bcryptprimitives.dll
0x00007ffc3d560000 - 0x00007ffc3d56c000 	C:\WINDOWS\SYSTEM32\CRYPTBASE.dll
0x00007ffc368d0000 - 0x00007ffc368e7000 	C:\WINDOWS\SYSTEM32\dhcpcsvc6.DLL
0x00007ffc34c30000 - 0x00007ffc34c4d000 	C:\WINDOWS\SYSTEM32\dhcpcsvc.DLL
0x00007ffc18be0000 - 0x00007ffc18c52000 	C:\Users\ervin_1nmnhvl\AppData\Local\Temp\lwjglervin_1nmnhvl\3.2.2-build-10\lwjgl.dll
0x00007ffbfeba0000 - 0x00007ffbfedf1000 	C:\Users\ERVIN_~1\AppData\Local\Temp\lwjglervin_1nmnhvl\3.2.2-build-10\jemalloc.dll
0x00007ffc39820000 - 0x00007ffc3987e000 	C:\Users\ERVIN_~1\AppData\Local\Temp\lwjglervin_1nmnhvl\3.2.2-build-10\glfw.dll
0x00007ffc3b560000 - 0x00007ffc3b5ff000 	C:\WINDOWS\system32\uxtheme.dll
0x00007ffc18d90000 - 0x00007ffc18dd5000 	C:\WINDOWS\SYSTEM32\dinput8.dll
0x00007ffc39770000 - 0x00007ffc39781000 	C:\WINDOWS\SYSTEM32\xinput1_4.dll
0x00007ffc3e540000 - 0x00007ffc3e58e000 	C:\WINDOWS\System32\cfgmgr32.dll
0x00007ffc3da80000 - 0x00007ffc3daac000 	C:\WINDOWS\SYSTEM32\DEVOBJ.dll
0x00007ffc3b770000 - 0x00007ffc3b79f000 	C:\WINDOWS\SYSTEM32\dwmapi.dll
0x00007ffc3f590000 - 0x00007ffc3f6a5000 	C:\WINDOWS\System32\MSCTF.dll
0x00007ffc402c0000 - 0x00007ffc4038d000 	C:\WINDOWS\System32\OLEAUT32.dll
0x00007ffc2d4b0000 - 0x00007ffc2d602000 	C:\WINDOWS\SYSTEM32\inputhost.dll
0x00007ffc3b0b0000 - 0x00007ffc3b1a2000 	C:\WINDOWS\SYSTEM32\CoreMessaging.dll
0x00007ffc38fb0000 - 0x00007ffc390a7000 	C:\WINDOWS\SYSTEM32\PROPSYS.dll
0x00007ffc3a550000 - 0x00007ffc3a6a6000 	C:\WINDOWS\SYSTEM32\wintypes.dll
0x00007ffc3ad50000 - 0x00007ffc3b0ae000 	C:\WINDOWS\SYSTEM32\CoreUIComponents.dll
0x00007ffc3c920000 - 0x00007ffc3c953000 	C:\WINDOWS\SYSTEM32\ntmarta.dll
0x00007ffc3c4c0000 - 0x00007ffc3c4d2000 	C:\WINDOWS\SYSTEM32\kernel.appcore.dll
0x00007ffc3c3e0000 - 0x00007ffc3c3ed000 	C:\WINDOWS\SYSTEM32\HID.DLL
0x00007ffc3f6b0000 - 0x00007ffc3fb17000 	C:\WINDOWS\System32\SETUPAPI.DLL
0x00007ffc3e070000 - 0x00007ffc3e0d0000 	C:\WINDOWS\System32\WINTRUST.dll
0x00007ffc3e2d0000 - 0x00007ffc3e42d000 	C:\WINDOWS\System32\CRYPT32.dll
0x00007ffc3d9d0000 - 0x00007ffc3d9e2000 	C:\WINDOWS\SYSTEM32\MSASN1.dll
0x00007ffbeae30000 - 0x00007ffbeaf55000 	C:\WINDOWS\SYSTEM32\opengl32.dll
0x00007ffc24e80000 - 0x00007ffc24eac000 	C:\WINDOWS\SYSTEM32\GLU32.dll
0x00007ffc40210000 - 0x00007ffc402b9000 	C:\WINDOWS\System32\clbcatq.dll
0x00007ffbee320000 - 0x00007ffbeefa4000 	C:\WINDOWS\SYSTEM32\ig4icd64.dll
0x00007ffc3c530000 - 0x00007ffc3c623000 	C:\WINDOWS\SYSTEM32\dxgi.dll
0x00007ffc39d20000 - 0x00007ffc39f84000 	C:\WINDOWS\SYSTEM32\d3d11.dll
0x00007ffc32a90000 - 0x00007ffc336e0000 	C:\WINDOWS\SYSTEM32\igd10umd64.dll
0x00007ffc346b0000 - 0x00007ffc346eb000 	C:\WINDOWS\SYSTEM32\dxcore.dll
0x00007ffc0f040000 - 0x00007ffc0f0bf000 	C:\Users\ervin_1nmnhvl\AppData\Local\Temp\lwjglervin_1nmnhvl\3.2.2-build-10\lwjgl_stb.dll
0x00007ffc38670000 - 0x00007ffc3871e000 	C:\WINDOWS\SYSTEM32\mscms.dll
0x00007ffc38500000 - 0x00007ffc38511000 	C:\WINDOWS\SYSTEM32\ColorAdapterClient.dll
0x00007ffc10370000 - 0x00007ffc103b3000 	C:\WINDOWS\SYSTEM32\icm32.dll
0x00007ffc2d610000 - 0x00007ffc2d70c000 	C:\WINDOWS\SYSTEM32\textinputframework.dll
0x00007ffc0b320000 - 0x00007ffc0b378000 	C:\Users\ervin_1nmnhvl\AppData\Local\Temp\lwjglervin_1nmnhvl\3.2.2-build-10\lwjgl_opengl.dll
0x00007ffc0a230000 - 0x00007ffc0a272000 	C:\Users\ervin_1nmnhvl\AppData\Local\Temp\jna-2118671535\jna3276843693217462654.dll
0x00007ffc24ef0000 - 0x00007ffc24f0a000 	C:\save\modding\ervin_mod_1\build\natives\SAPIWrapper_x64.dll
0x00007ffc3e700000 - 0x00007ffc3e82a000 	C:\WINDOWS\System32\ole32.dll
0x00007ffbfea10000 - 0x00007ffbfeb94000 	C:\WINDOWS\System32\Speech\Common\sapi.dll
0x00007ffc0e2c0000 - 0x00007ffc0e2de000 	C:\WINDOWS\SYSTEM32\MSACM32.dll
0x00007ffc38270000 - 0x00007ffc38296000 	C:\WINDOWS\SYSTEM32\winmmbase.dll
0x00007ffc25030000 - 0x00007ffc2503b000 	C:\WINDOWS\SYSTEM32\msdmo.dll
0x00007ffc2eeb0000 - 0x00007ffc2ef35000 	C:\WINDOWS\System32\MMDevApi.dll
0x00007ffbf4620000 - 0x00007ffbf4734000 	C:\Users\ERVIN_~1\AppData\Local\Temp\lwjglervin_1nmnhvl\3.2.2-build-10\OpenAL.dll
0x00007ffc250b0000 - 0x00007ffc25231000 	C:\WINDOWS\SYSTEM32\AUDIOSES.DLL
0x00007ffc3dad0000 - 0x00007ffc3db1b000 	C:\WINDOWS\SYSTEM32\powrprof.dll
0x00007ffc3dab0000 - 0x00007ffc3dac2000 	C:\WINDOWS\SYSTEM32\UMPDC.dll
0x00007ffc3b680000 - 0x00007ffc3b694000 	C:\WINDOWS\SYSTEM32\resourcepolicyclient.dll
0x00007ffc34ce0000 - 0x00007ffc34ec4000 	C:\WINDOWS\SYSTEM32\dbghelp.dll

VM Arguments:
jvm_args: -Dforge.logging.console.level=debug -Dforge.logging.markers=SCAN,REGISTRIES,REGISTRYDUMP -XX:HeapDumpPath=MojangTricksIntelDriversForPerformance_javaw.exe_minecraft.exe.heapdump -Dos.name=Windows 10 -Dos.version=10.0 -javaagent:C:\Users\ervin_1nmnhvl\AppData\Local\JetBrains\Toolbox\apps\IDEA-U\ch-0\202.6397.94\lib\idea_rt.jar=61892:C:\Users\ervin_1nmnhvl\AppData\Local\JetBrains\Toolbox\apps\IDEA-U\ch-0\202.6397.94\bin -Dfile.encoding=UTF-8 
java_command: net.minecraftforge.userdev.LaunchTesting
java_class_path (initial): C:\Program Files (x86)\Minecraft\runtime\jre-x64\lib\charsets.jar;C:\Program Files (x86)\Minecraft\runtime\jre-x64\lib\deploy.jar;C:\Program Files (x86)\Minecraft\runtime\jre-x64\lib\ext\access-bridge-64.jar;C:\Program Files (x86)\Minecraft\runtime\jre-x64\lib\ext\cldrdata.jar;C:\Program Files (x86)\Minecraft\runtime\jre-x64\lib\ext\dnsns.jar;C:\Program Files (x86)\Minecraft\runtime\jre-x64\lib\ext\jaccess.jar;C:\Program Files (x86)\Minecraft\runtime\jre-x64\lib\ext\jfxrt.jar;C:\Program Files (x86)\Minecraft\runtime\jre-x64\lib\ext\localedata.jar;C:\Program Files (x86)\Minecraft\runtime\jre-x64\lib\ext\nashorn.jar;C:\Program Files (x86)\Minecraft\runtime\jre-x64\lib\ext\sunec.jar;C:\Program Files (x86)\Minecraft\runtime\jre-x64\lib\ext\sunjce_provider.jar;C:\Program Files (x86)\Minecraft\runtime\jre-x64\lib\ext\sunmscapi.jar;C:\Program Files (x86)\Minecraft\runtime\jre-x64\lib\ext\sunpkcs11.jar;C:\Program Files (x86)\Minecraft\runtime\jre-x64\lib\ext\zipfs.jar;C:\Program Files (x86)\Minecraft\runtime\jre-x64\lib\javaws.jar;C:\Program Files (x86)\Minecraft\runtime\jre-x64\lib\jce.jar;C:\Program Files (x86)\Minecraft\runtime\jre-x64\lib\jfr.jar;C:\Program Files (x86)\Minecraft\runtime\jre-x64\lib\jfxswt.jar;C:\Program Files (x86)\Minecraft\runtime\jre-x64\lib\jsse.jar;C:\Program Files (x86)\Minecraft\runtime\jre-x64\lib\management-agent.jar;C:\Program Files (x86)\Minecraft\runtime\jre-x64\lib\plugin.jar;C:\Program Files (x86)\Minecraft\runtime\jre-x64\lib\resources.jar;C:\Program Files (x86)\Minecraft\runtime\jre-x64\lib\rt.jar;C:\save\modding\ervin_mod_1\build\classes\java\main;C:\save\modding\ervin_mod_1\build\resources\main;C:\Users\ervin_1nmnhvl\.gradle\caches\forge_gradle\minecraft_user_repo\net\minecraftforge\forge\1.16.1-32.0.75_mapped_snapshot_20200723-1.16.1\forge-1.16.1-32.0.75_mapped_snapshot_20200723-1.16.1-recomp.jar;C:\Users\ervin_1nmnhvl\.gradle\caches\forge_gradle\minecraft_user_repo\net\minecraftforge\forge\1.16.1-32.0.75_
Launcher Type: SUN_STANDARD

Environment Variables:
JAVA_HOME=C:\Program Files\Java\jdk-11.0.4
PATH=C:\Program Files\Docker\Docker\Resources\bin;C:\ProgramData\Oracle\Java\javapath;C:\WINDOWS\system32;C:\WINDOWS;C:\WINDOWS\System32\Wbem;C:\WINDOWS\System32\WindowsPowerShell\v1.0\;C:\Program Files (x86)\cloudControl;C:\Program Files\Git\cmd;C:\bin;C:\Program Files (x86)\Windows Kits\8.1\Windows Performance Toolkit\;C:\Program Files (x86)\PuTTY\;C:\Program Files (x86)\Nodist\bin;G:\save\sdk\android\tools;G:\save\sdk\android\platform-tools;C:\boxfuse;C:\Program Files (x86)\Skype\Phone\;C:\Program Files (x86)\GtkSharp\2.12\bin;C:\Program Files (x86)\IVI Foundation\VISA\WinNT\Bin;C:\WINDOWS\system32;C:\WINDOWS;C:\WINDOWS\System32\Wbem;C:\WINDOWS\System32\WindowsPowerShell\v1.0\;;C:\WINDOWS\System32\OpenSSH\;C:\Users\ervin_1nmnhvl\AppData\Local\Microsoft\WindowsApps;
USERNAME=ervin_1nmnhvl
OS=Windows_NT
PROCESSOR_IDENTIFIER=Intel64 Family 6 Model 42 Stepping 7, GenuineIntel



---------------  S Y S T E M  ---------------

OS: Windows 10.0 , 64 bit Build 19041 (10.0.19041.546)

CPU:total 4 (2 cores per cpu, 2 threads per core) family 6 model 42 stepping 7, cmov, cx8, fxsr, mmx, sse, sse2, sse3, ssse3, sse4.1, sse4.2, popcnt, avx, aes, clmul, ht, tsc, tscinvbit

Memory: 4k page, physical 8266764k(333728k free), swap 10363916k(3072k free)

vm_info: Java HotSpot(TM) 64-Bit Server VM (25.51-b03) for windows-amd64 JRE (1.8.0_51-b16), built on Jun  8 2015 18:03:07 by "java_re" with MS VC++ 10.0 (VS2010)

time: Mon Oct 19 10:11:48 2020
elapsed time: 136 seconds (0d 0h 2m 16s)

