#
# There is insufficient memory for the Java Runtime Environment to continue.
# Native memory allocation (malloc) failed to allocate 1025776 bytes for Chunk::new
# Possible reasons:
#   The system is out of physical RAM or swap space
#   In 32 bit mode, the process size limit was hit
# Possible solutions:
#   Reduce memory load on the system
#   Increase physical memory or swap space
#   Check if swap backing store is full
#   Use 64 bit Java on a 64 bit OS
#   Decrease Java heap size (-Xmx/-Xms)
#   Decrease number of Java threads
#   Decrease Java thread stack sizes (-Xss)
#   Set larger code cache with -XX:ReservedCodeCacheSize=
# This output file may be truncated or incomplete.
#
#  Out of Memory Error (allocation.cpp:390), pid=8460, tid=10476
#
# JRE version: Java(TM) SE Runtime Environment (8.0_51-b16) (build 1.8.0_51-b16)
# Java VM: Java HotSpot(TM) 64-Bit Server VM (25.51-b03 mixed mode windows-amd64 compressed oops)
# Failed to write core dump. Minidumps are not enabled by default on client versions of Windows
#

---------------  T H R E A D  ---------------

Current thread (0x0000000017d7b000):  JavaThread "C2 CompilerThread1" daemon [_thread_in_native, id=10476, stack(0x0000000019890000,0x0000000019990000)]

Stack: [0x0000000019890000,0x0000000019990000]
Native frames: (J=compiled Java code, j=interpreted, Vv=VM code, C=native code)
V  [jvm.dll+0x32b4ca]
V  [jvm.dll+0x2797e3]
V  [jvm.dll+0x27a479]
V  [jvm.dll+0x271765]
V  [jvm.dll+0xcba02]
V  [jvm.dll+0xcbecc]
V  [jvm.dll+0x476f72]
V  [jvm.dll+0x4b95ff]
V  [jvm.dll+0x46b9bf]
V  [jvm.dll+0x46cd4e]
V  [jvm.dll+0x4501a2]
V  [jvm.dll+0xa43a2]
V  [jvm.dll+0xa4cdf]
V  [jvm.dll+0x2418a4]
V  [jvm.dll+0x29846a]
C  [msvcr100.dll+0x21d9f]
C  [msvcr100.dll+0x21e3b]
C  [KERNEL32.DLL+0x16fd4]
C  [ntdll.dll+0x4cec1]


Current CompileTask:
C2:3329944 28716       4       net.minecraft.world.server.ServerWorld::addEntity (6 bytes)


---------------  P R O C E S S  ---------------

Java Threads: ( => current thread )
  0x0000000021f94800 JavaThread "LanServerPinger #1" daemon [_thread_blocked, id=21252, stack(0x0000000051bc0000,0x0000000051cc0000)]
  0x0000000021f8d000 JavaThread "Netty Server IO #2" daemon [_thread_in_native, id=18000, stack(0x0000000044d20000,0x0000000044e20000)]
  0x0000000021f94000 JavaThread "Server-Worker-238" daemon [_thread_blocked, id=18280, stack(0x00000000423d0000,0x00000000424d0000)]
  0x0000000021f8c800 JavaThread "Server-Worker-236" daemon [_thread_blocked, id=22188, stack(0x0000000040c00000,0x0000000040d00000)]
  0x0000000021f93000 JavaThread "Server-Worker-235" daemon [_thread_blocked, id=9072, stack(0x00000000308f0000,0x00000000309f0000)]
  0x0000000021f8e000 JavaThread "Sound engine" daemon [_thread_blocked, id=13604, stack(0x000000002aad0000,0x000000002abd0000)]
  0x0000000021f90000 JavaThread "Netty Server IO #1" daemon [_thread_in_native, id=14320, stack(0x0000000044000000,0x0000000044100000)]
  0x0000000021f91800 JavaThread "Netty Local Client IO #0" daemon [_thread_blocked, id=15748, stack(0x0000000043f00000,0x0000000044000000)]
  0x0000000021f8b800 JavaThread "Netty Server IO #0" daemon [_thread_in_native, id=17636, stack(0x000000003ff20000,0x0000000040020000)]
  0x0000000021f8a000 JavaThread "ObjectCleanerThread" daemon [_thread_blocked, id=21808, stack(0x0000000031670000,0x0000000031770000)]
  0x0000000021f96000 JavaThread "Java2D Disposer" daemon [_thread_blocked, id=11136, stack(0x0000000054f10000,0x0000000055010000)]
  0x000000001a76f000 JavaThread "poi IO worker" [_thread_blocked, id=11808, stack(0x00000000012d0000,0x00000000013d0000)]
  0x000000001a76c800 JavaThread "chunk IO worker" [_thread_blocked, id=5228, stack(0x000000002a970000,0x000000002aa70000)]
  0x000000001a771800 JavaThread "Thread-11" daemon [_thread_in_native, id=19080, stack(0x0000000030af0000,0x0000000030bf0000)]
  0x000000001a76b000 JavaThread "Server thread" [_thread_blocked, id=18348, stack(0x00000000309f0000,0x0000000030af0000)]
  0x000000001a76d800 JavaThread "Snooper Timer" daemon [_thread_blocked, id=21780, stack(0x0000000027cb0000,0x0000000027db0000)]
  0x000000001a770000 JavaThread "Narrator" [_thread_blocked, id=16500, stack(0x0000000027db0000,0x0000000027eb0000)]
  0x0000000019bf8800 JavaThread "Timer hack thread" daemon [_thread_blocked, id=13128, stack(0x00000000272a0000,0x00000000273a0000)]
  0x000000001c0c1800 JavaThread "Snooper Timer" daemon [_thread_blocked, id=19232, stack(0x000000001c990000,0x000000001ca90000)]
  0x000000001b11d000 JavaThread "pool-2-thread-1" daemon [_thread_blocked, id=17864, stack(0x0000000020e50000,0x0000000020f50000)]
  0x000000001a758800 JavaThread "Thread-2" daemon [_thread_in_native, id=20992, stack(0x000000001d1b0000,0x000000001d2b0000)]
  0x000000001ad5c800 JavaThread "Thread-1" daemon [_thread_blocked, id=5692, stack(0x000000001d0b0000,0x000000001d1b0000)]
  0x000000001968e000 JavaThread "Service Thread" daemon [_thread_blocked, id=16920, stack(0x000000001a290000,0x000000001a390000)]
  0x0000000017d7c000 JavaThread "C1 CompilerThread2" daemon [_thread_blocked, id=7084, stack(0x0000000019990000,0x0000000019a90000)]
=>0x0000000017d7b000 JavaThread "C2 CompilerThread1" daemon [_thread_in_native, id=10476, stack(0x0000000019890000,0x0000000019990000)]
  0x00000000194e8000 JavaThread "C2 CompilerThread0" daemon [_thread_blocked, id=14504, stack(0x0000000019790000,0x0000000019890000)]
  0x0000000019659800 JavaThread "Monitor Ctrl-Break" daemon [_thread_in_native, id=18056, stack(0x0000000019690000,0x0000000019790000)]
  0x0000000017d26800 JavaThread "Attach Listener" daemon [_thread_blocked, id=7200, stack(0x0000000019190000,0x0000000019290000)]
  0x0000000017d25800 JavaThread "Signal Dispatcher" daemon [_thread_blocked, id=19748, stack(0x0000000019090000,0x0000000019190000)]
  0x0000000003029800 JavaThread "Finalizer" daemon [_thread_blocked, id=13024, stack(0x0000000018f90000,0x0000000019090000)]
  0x0000000003026000 JavaThread "Reference Handler" daemon [_thread_blocked, id=14904, stack(0x0000000018e90000,0x0000000018f90000)]
  0x0000000002f32800 JavaThread "Render thread" [_thread_in_native, id=19176, stack(0x0000000002e30000,0x0000000002f30000)]

Other Threads:
  0x0000000017ce9000 VMThread [stack: 0x0000000018d90000,0x0000000018e90000] [id=13484]
  0x0000000017d7e800 WatcherThread [stack: 0x000000001a390000,0x000000001a490000] [id=10092]

VM state:not at safepoint (normal execution)

VM Mutex/Monitor currently owned by a thread: None

Heap:
 PSYoungGen      total 597504K, used 377641K [0x00000000d5f00000, 0x00000000ffc00000, 0x0000000100000000)
  eden space 509952K, 70% used [0x00000000d5f00000,0x00000000ebe63b70,0x00000000f5100000)
  from space 87552K, 20% used [0x00000000fa680000,0x00000000fb7e6988,0x00000000ffc00000)
  to   space 13824K, 0% used [0x00000000f5100000,0x00000000f5100000,0x00000000f5e80000)
 ParOldGen       total 640512K, used 440094K [0x0000000081c00000, 0x00000000a8d80000, 0x00000000d5f00000)
  object space 640512K, 68% used [0x0000000081c00000,0x000000009c9c78b8,0x00000000a8d80000)
 Metaspace       used 95137K, capacity 106896K, committed 107264K, reserved 1140736K
  class space    used 13926K, capacity 16790K, committed 16896K, reserved 1048576K

Card table byte_map: [0x00000000125b0000,0x00000000129b0000] byte_map_base: 0x00000000121a2000

Marking Bits: (ParMarkBitMap*) 0x000000006b584040
 Begin Bits: [0x0000000013060000, 0x0000000014ff0000)
 End Bits:   [0x0000000014ff0000, 0x0000000016f80000)

Polling page: 0x0000000003030000

CodeCache: size=245760Kb used=64440Kb max_used=65312Kb free=181319Kb
 bounds [0x00000000031f0000, 0x0000000007240000, 0x00000000121f0000]
 total_blobs=19522 nmethods=17825 adapters=1603
 compilation: enabled

Compilation events (10 events):
Event: 3325.482 Thread 0x0000000017d7b000 nmethod 28711 0x000000000701e7d0 code [0x000000000701ec40, 0x0000000007020ce0]
Event: 3325.499 Thread 0x0000000017d7c000 28712       1       net.minecraft.client.gui.screen.Screen::children (5 bytes)
Event: 3325.500 Thread 0x0000000017d7c000 nmethod 28712 0x000000000352f610 code [0x000000000352f760, 0x000000000352f870]
Event: 3326.621 Thread 0x0000000017d7c000 28713       3       net.minecraft.util.text.ITextComponent::applyTextStyle (127 bytes)
Event: 3326.622 Thread 0x0000000017d7c000 nmethod 28713 0x0000000005638110 code [0x0000000005638360, 0x00000000056390c8]
Event: 3327.466 Thread 0x0000000017d7c000 28714       1       net.minecraft.network.play.client.CClickWindowPacket::getWindowId (5 bytes)
Event: 3327.466 Thread 0x0000000017d7c000 nmethod 28714 0x0000000003a1b8d0 code [0x0000000003a1ba20, 0x0000000003a1bb30]
Event: 3327.840 Thread 0x00000000194e8000 28715       4       net.minecraft.client.renderer.chunk.ChunkRenderDispatcher$ChunkRender$RebuildTask::execute (193 bytes)
Event: 3327.869 Thread 0x00000000194e8000 nmethod 28715 0x00000000057c7b90 code [0x00000000057c7e60, 0x00000000057c8d00]
Event: 3329.780 Thread 0x0000000017d7b000 28716       4       net.minecraft.world.server.ServerWorld::addEntity (6 bytes)

GC Heap History (10 events):
Event: 3312.926 GC heap before
{Heap before GC invocations=411 (full 9):
 PSYoungGen      total 527360K, used 527223K [0x00000000d5f00000, 0x0000000100000000, 0x0000000100000000)
  eden space 519168K, 100% used [0x00000000d5f00000,0x00000000f5a00000,0x00000000f5a00000)
  from space 8192K, 98% used [0x00000000f5a00000,0x00000000f61dde10,0x00000000f6200000)
  to   space 88064K, 0% used [0x00000000faa00000,0x00000000faa00000,0x0000000100000000)
 ParOldGen       total 640512K, used 440083K [0x0000000081c00000, 0x00000000a8d80000, 0x00000000d5f00000)
  object space 640512K, 68% used [0x0000000081c00000,0x000000009c9c4d48,0x00000000a8d80000)
 Metaspace       used 95135K, capacity 106896K, committed 107264K, reserved 1140736K
  class space    used 13926K, capacity 16790K, committed 16896K, reserved 1048576K
Event: 3312.938 GC heap after
Heap after GC invocations=411 (full 9):
 PSYoungGen      total 598016K, used 11006K [0x00000000d5f00000, 0x0000000100000000, 0x0000000100000000)
  eden space 509952K, 0% used [0x00000000d5f00000,0x00000000d5f00000,0x00000000f5100000)
  from space 88064K, 12% used [0x00000000faa00000,0x00000000fb4bf9c0,0x0000000100000000)
  to   space 89600K, 0% used [0x00000000f5100000,0x00000000f5100000,0x00000000fa880000)
 ParOldGen       total 640512K, used 440091K [0x0000000081c00000, 0x00000000a8d80000, 0x00000000d5f00000)
  object space 640512K, 68% used [0x0000000081c00000,0x000000009c9c6d48,0x00000000a8d80000)
 Metaspace       used 95135K, capacity 106896K, committed 107264K, reserved 1140736K
  class space    used 13926K, capacity 16790K, committed 16896K, reserved 1048576K
}
Event: 3316.914 GC heap before
{Heap before GC invocations=412 (full 9):
 PSYoungGen      total 598016K, used 520958K [0x00000000d5f00000, 0x0000000100000000, 0x0000000100000000)
  eden space 509952K, 100% used [0x00000000d5f00000,0x00000000f5100000,0x00000000f5100000)
  from space 88064K, 12% used [0x00000000faa00000,0x00000000fb4bf9c0,0x0000000100000000)
  to   space 89600K, 0% used [0x00000000f5100000,0x00000000f5100000,0x00000000fa880000)
 ParOldGen       total 640512K, used 440094K [0x0000000081c00000, 0x00000000a8d80000, 0x00000000d5f00000)
  object space 640512K, 68% used [0x0000000081c00000,0x000000009c9c78b8,0x00000000a8d80000)
 Metaspace       used 95136K, capacity 106896K, committed 107264K, reserved 1140736K
  class space    used 13926K, capacity 16790K, committed 16896K, reserved 1048576K
Event: 3316.923 GC heap after
Heap after GC invocations=412 (full 9):
 PSYoungGen      total 521728K, used 11310K [0x00000000d5f00000, 0x0000000100000000, 0x0000000100000000)
  eden space 509952K, 0% used [0x00000000d5f00000,0x00000000d5f00000,0x00000000f5100000)
  from space 11776K, 96% used [0x00000000f5100000,0x00000000f5c0b9f0,0x00000000f5c80000)
  to   space 90112K, 0% used [0x00000000fa800000,0x00000000fa800000,0x0000000100000000)
 ParOldGen       total 640512K, used 440094K [0x0000000081c00000, 0x00000000a8d80000, 0x00000000d5f00000)
  object space 640512K, 68% used [0x0000000081c00000,0x000000009c9c78b8,0x00000000a8d80000)
 Metaspace       used 95136K, capacity 106896K, committed 107264K, reserved 1140736K
  class space    used 13926K, capacity 16790K, committed 16896K, reserved 1048576K
}
Event: 3321.134 GC heap before
{Heap before GC invocations=413 (full 9):
 PSYoungGen      total 521728K, used 521262K [0x00000000d5f00000, 0x0000000100000000, 0x0000000100000000)
  eden space 509952K, 100% used [0x00000000d5f00000,0x00000000f5100000,0x00000000f5100000)
  from space 11776K, 96% used [0x00000000f5100000,0x00000000f5c0b9f0,0x00000000f5c80000)
  to   space 90112K, 0% used [0x00000000fa800000,0x00000000fa800000,0x0000000100000000)
 ParOldGen       total 640512K, used 440094K [0x0000000081c00000, 0x00000000a8d80000, 0x00000000d5f00000)
  object space 640512K, 68% used [0x0000000081c00000,0x000000009c9c78b8,0x00000000a8d80000)
 Metaspace       used 95136K, capacity 106896K, committed 107264K, reserved 1140736K
  class space    used 13926K, capacity 16790K, committed 16896K, reserved 1048576K
Event: 3321.146 GC heap after
Heap after GC invocations=413 (full 9):
 PSYoungGen      total 600064K, used 12623K [0x00000000d5f00000, 0x0000000100000000, 0x0000000100000000)
  eden space 509952K, 0% used [0x00000000d5f00000,0x00000000d5f00000,0x00000000f5100000)
  from space 90112K, 14% used [0x00000000fa800000,0x00000000fb453dd0,0x0000000100000000)
  to   space 89088K, 0% used [0x00000000f5100000,0x00000000f5100000,0x00000000fa800000)
 ParOldGen       total 640512K, used 440094K [0x0000000081c00000, 0x00000000a8d80000, 0x00000000d5f00000)
  object space 640512K, 68% used [0x0000000081c00000,0x000000009c9c78b8,0x00000000a8d80000)
 Metaspace       used 95136K, capacity 106896K, committed 107264K, reserved 1140736K
  class space    used 13926K, capacity 16790K, committed 16896K, reserved 1048576K
}
Event: 3324.972 GC heap before
{Heap before GC invocations=414 (full 9):
 PSYoungGen      total 600064K, used 522575K [0x00000000d5f00000, 0x0000000100000000, 0x0000000100000000)
  eden space 509952K, 100% used [0x00000000d5f00000,0x00000000f5100000,0x00000000f5100000)
  from space 90112K, 14% used [0x00000000fa800000,0x00000000fb453dd0,0x0000000100000000)
  to   space 89088K, 0% used [0x00000000f5100000,0x00000000f5100000,0x00000000fa800000)
 ParOldGen       total 640512K, used 440094K [0x0000000081c00000, 0x00000000a8d80000, 0x00000000d5f00000)
  object space 640512K, 68% used [0x0000000081c00000,0x000000009c9c78b8,0x00000000a8d80000)
 Metaspace       used 95137K, capacity 106896K, committed 107264K, reserved 1140736K
  class space    used 13926K, capacity 16790K, committed 16896K, reserved 1048576K
Event: 3324.983 GC heap after
Heap after GC invocations=414 (full 9):
 PSYoungGen      total 523776K, used 13734K [0x00000000d5f00000, 0x00000000ffc00000, 0x0000000100000000)
  eden space 509952K, 0% used [0x00000000d5f00000,0x00000000d5f00000,0x00000000f5100000)
  from space 13824K, 99% used [0x00000000f5100000,0x00000000f5e69a40,0x00000000f5e80000)
  to   space 87552K, 0% used [0x00000000fa680000,0x00000000fa680000,0x00000000ffc00000)
 ParOldGen       total 640512K, used 440094K [0x0000000081c00000, 0x00000000a8d80000, 0x00000000d5f00000)
  object space 640512K, 68% used [0x0000000081c00000,0x000000009c9c78b8,0x00000000a8d80000)
 Metaspace       used 95137K, capacity 106896K, committed 107264K, reserved 1140736K
  class space    used 13926K, capacity 16790K, committed 16896K, reserved 1048576K
}
Event: 3328.086 GC heap before
{Heap before GC invocations=415 (full 9):
 PSYoungGen      total 523776K, used 523686K [0x00000000d5f00000, 0x00000000ffc00000, 0x0000000100000000)
  eden space 509952K, 100% used [0x00000000d5f00000,0x00000000f5100000,0x00000000f5100000)
  from space 13824K, 99% used [0x00000000f5100000,0x00000000f5e69a40,0x00000000f5e80000)
  to   space 87552K, 0% used [0x00000000fa680000,0x00000000fa680000,0x00000000ffc00000)
 ParOldGen       total 640512K, used 440094K [0x0000000081c00000, 0x00000000a8d80000, 0x00000000d5f00000)
  object space 640512K, 68% used [0x0000000081c00000,0x000000009c9c78b8,0x00000000a8d80000)
 Metaspace       used 95137K, capacity 106896K, committed 107264K, reserved 1140736K
  class space    used 13926K, capacity 16790K, committed 16896K, reserved 1048576K
Event: 3328.097 GC heap after
Heap after GC invocations=415 (full 9):
 PSYoungGen      total 597504K, used 17818K [0x00000000d5f00000, 0x00000000ffc00000, 0x0000000100000000)
  eden space 509952K, 0% used [0x00000000d5f00000,0x00000000d5f00000,0x00000000f5100000)
  from space 87552K, 20% used [0x00000000fa680000,0x00000000fb7e6988,0x00000000ffc00000)
  to   space 13824K, 0% used [0x00000000f5100000,0x00000000f5100000,0x00000000f5e80000)
 ParOldGen       total 640512K, used 440094K [0x0000000081c00000, 0x00000000a8d80000, 0x00000000d5f00000)
  object space 640512K, 68% used [0x0000000081c00000,0x000000009c9c78b8,0x00000000a8d80000)
 Metaspace       used 95137K, capacity 106896K, committed 107264K, reserved 1140736K
  class space    used 13926K, capacity 16790K, committed 16896K, reserved 1048576K
}

Deoptimization events (10 events):
Event: 3321.431 Thread 0x000000001a76b000 Uncommon trap: reason=speculate_class_check action=maybe_recompile pc=0x0000000006583bb8 method=net.minecraft.util.math.shapes.VoxelShape.getValueUnchecked(Lnet/minecraft/util/Direction$Axis;I)D @ 2
Event: 3321.433 Thread 0x000000001a76b000 Uncommon trap: reason=speculate_class_check action=maybe_recompile pc=0x0000000006bdc2e4 method=net.minecraft.util.math.shapes.VoxelShape.getValueUnchecked(Lnet/minecraft/util/Direction$Axis;I)D @ 2
Event: 3321.486 Thread 0x000000001a76b000 Uncommon trap: reason=speculate_class_check action=maybe_recompile pc=0x000000000592c448 method=net.minecraft.util.math.shapes.VoxelShape.getValueUnchecked(Lnet/minecraft/util/Direction$Axis;I)D @ 2
Event: 3322.669 Thread 0x0000000002f32800 Uncommon trap: reason=unstable_if action=reinterpret pc=0x0000000006c98688 method=net.minecraft.client.renderer.entity.EntityRendererManager.renderBlockShadow(Lcom/mojang/blaze3d/matrix/MatrixStack$Entry;Lcom/mojang/blaze3d/vertex/IVertexBuilder;Lnet/minec÷õf√ı©@
Event: 3322.882 Thread 0x000000001a76b000 Uncommon trap: reason=unstable_if action=reinterpret pc=0x00000000053aaeec method=net.minecraft.entity.ai.controller.MovementController.tick()V @ 523
Event: 3323.006 Thread 0x0000000002f32800 Uncommon trap: reason=class_check action=maybe_recompile pc=0x000000000615be54 method=net.minecraft.entity.Entity.canRenderOnFire()Z @ 8
Event: 3323.108 Thread 0x0000000002f32800 Uncommon trap: reason=class_check action=maybe_recompile pc=0x000000000615be54 method=net.minecraft.entity.Entity.canRenderOnFire()Z @ 8
Event: 3323.209 Thread 0x0000000002f32800 Uncommon trap: reason=class_check action=maybe_recompile pc=0x000000000615be54 method=net.minecraft.entity.Entity.canRenderOnFire()Z @ 8
Event: 3323.307 Thread 0x0000000002f32800 Uncommon trap: reason=class_check action=maybe_recompile pc=0x000000000615be54 method=net.minecraft.entity.Entity.canRenderOnFire()Z @ 8
Event: 3324.893 Thread 0x000000001a76b000 Uncommon trap: reason=bimorphic action=maybe_recompile pc=0x0000000006eb5670 method=net.minecraft.entity.LivingEntity.baseTick()V @ 705

Internal exceptions (10 events):
Event: 3310.500 Thread 0x0000000002f32800 Exception <a 'sun/nio/fs/WindowsException'> (0x00000000e9f32bc0) thrown at [C:\re\workspace\8-2-build-windows-amd64-cygwin\jdk8u51\3951\hotspot\src\share\vm\prims\jni.cpp, line 709]
Event: 3310.500 Thread 0x0000000002f32800 Exception <a 'sun/nio/fs/WindowsException'> (0x00000000e9f33150) thrown at [C:\re\workspace\8-2-build-windows-amd64-cygwin\jdk8u51\3951\hotspot\src\share\vm\prims\jni.cpp, line 709]
Event: 3310.500 Thread 0x0000000002f32800 Exception <a 'sun/nio/fs/WindowsException'> (0x00000000e9f33e38) thrown at [C:\re\workspace\8-2-build-windows-amd64-cygwin\jdk8u51\3951\hotspot\src\share\vm\prims\jni.cpp, line 709]
Event: 3310.500 Thread 0x0000000002f32800 Exception <a 'sun/nio/fs/WindowsException'> (0x00000000e9f34498) thrown at [C:\re\workspace\8-2-build-windows-amd64-cygwin\jdk8u51\3951\hotspot\src\share\vm\prims\jni.cpp, line 709]
Event: 3310.501 Thread 0x0000000002f32800 Exception <a 'sun/nio/fs/WindowsException'> (0x00000000e9f40cc8) thrown at [C:\re\workspace\8-2-build-windows-amd64-cygwin\jdk8u51\3951\hotspot\src\share\vm\prims\jni.cpp, line 709]
Event: 3310.501 Thread 0x0000000002f32800 Exception <a 'sun/nio/fs/WindowsException'> (0x00000000e9f41268) thrown at [C:\re\workspace\8-2-build-windows-amd64-cygwin\jdk8u51\3951\hotspot\src\share\vm\prims\jni.cpp, line 709]
Event: 3310.501 Thread 0x0000000002f32800 Exception <a 'sun/nio/fs/WindowsException'> (0x00000000e9f41ff0) thrown at [C:\re\workspace\8-2-build-windows-amd64-cygwin\jdk8u51\3951\hotspot\src\share\vm\prims\jni.cpp, line 709]
Event: 3310.501 Thread 0x0000000002f32800 Exception <a 'sun/nio/fs/WindowsException'> (0x00000000e9f425a0) thrown at [C:\re\workspace\8-2-build-windows-amd64-cygwin\jdk8u51\3951\hotspot\src\share\vm\prims\jni.cpp, line 709]
Event: 3310.501 Thread 0x0000000002f32800 Exception <a 'sun/nio/fs/WindowsException'> (0x00000000e9f432b8) thrown at [C:\re\workspace\8-2-build-windows-amd64-cygwin\jdk8u51\3951\hotspot\src\share\vm\prims\jni.cpp, line 709]
Event: 3310.502 Thread 0x0000000002f32800 Exception <a 'sun/nio/fs/WindowsException'> (0x00000000e9f43958) thrown at [C:\re\workspace\8-2-build-windows-amd64-cygwin\jdk8u51\3951\hotspot\src\share\vm\prims\jni.cpp, line 709]

Events (10 events):
Event: 3324.893 Thread 0x000000001a76b000 DEOPT UNPACKING pc=0x000000000323582a sp=0x0000000030aeeec0 mode 2
Event: 3324.972 Executing VM operation: ParallelGCFailedAllocation
Event: 3324.983 Executing VM operation: ParallelGCFailedAllocation done
Event: 3325.326 Thread 0x0000000017d7c000 flushing nmethod 0x0000000003653a90
Event: 3325.500 Thread 0x0000000017d7c000 flushing nmethod 0x0000000003a1b690
Event: 3325.500 Thread 0x0000000017d7c000 flushing nmethod 0x0000000003b590d0
Event: 3327.467 Thread 0x0000000017d7c000 flushing nmethod 0x000000000412fbd0
Event: 3327.870 Thread 0x00000000194e8000 flushing nmethod 0x000000000446f310
Event: 3328.085 Executing VM operation: ParallelGCFailedAllocation
Event: 3328.097 Executing VM operation: ParallelGCFailedAllocation done


Dynamic libraries:
0x00007ff627730000 - 0x00007ff627767000 	C:\Program Files (x86)\Minecraft\runtime\jre-x64\bin\java.exe
0x00007ff8dfd70000 - 0x00007ff8dff65000 	C:\WINDOWS\SYSTEM32\ntdll.dll
0x00007ff8de750000 - 0x00007ff8de80d000 	C:\WINDOWS\System32\KERNEL32.DLL
0x00007ff8ddb10000 - 0x00007ff8dddd7000 	C:\WINDOWS\System32\KERNELBASE.dll
0x00007ff8decf0000 - 0x00007ff8ded9a000 	C:\WINDOWS\System32\ADVAPI32.dll
0x00007ff8de0b0000 - 0x00007ff8de14e000 	C:\WINDOWS\System32\msvcrt.dll
0x00007ff8df520000 - 0x00007ff8df5bb000 	C:\WINDOWS\System32\sechost.dll
0x00007ff8dfa50000 - 0x00007ff8dfb73000 	C:\WINDOWS\System32\RPCRT4.dll
0x00007ff8ddde0000 - 0x00007ff8ddf80000 	C:\WINDOWS\System32\USER32.dll
0x00007ff8dd510000 - 0x00007ff8dd532000 	C:\WINDOWS\System32\win32u.dll
0x00007ff8de600000 - 0x00007ff8de62a000 	C:\WINDOWS\System32\GDI32.dll
0x00007ff8dd6a0000 - 0x00007ff8dd7aa000 	C:\WINDOWS\System32\gdi32full.dll
0x00007ff8dd7e0000 - 0x00007ff8dd87d000 	C:\WINDOWS\System32\msvcp_win.dll
0x00007ff8dd8e0000 - 0x00007ff8dd9e0000 	C:\WINDOWS\System32\ucrtbase.dll
0x00007ff8c0380000 - 0x00007ff8c061a000 	C:\WINDOWS\WinSxS\amd64_microsoft.windows.common-controls_6595b64144ccf1df_6.0.19041.1_none_b555e41d4684ddec\COMCTL32.dll
0x00007ff8deda0000 - 0x00007ff8dedd0000 	C:\WINDOWS\System32\IMM32.DLL
0x000000006b610000 - 0x000000006b6e2000 	C:\Program Files (x86)\Minecraft\runtime\jre-x64\bin\msvcr100.dll
0x000000006ad80000 - 0x000000006b603000 	C:\Program Files (x86)\Minecraft\runtime\jre-x64\bin\server\jvm.dll
0x00007ff8de1d0000 - 0x00007ff8de1d8000 	C:\WINDOWS\System32\PSAPI.DLL
0x00007ff8d64a0000 - 0x00007ff8d64c7000 	C:\WINDOWS\SYSTEM32\WINMM.dll
0x00007ff8b8050000 - 0x00007ff8b8059000 	C:\WINDOWS\SYSTEM32\WSOCK32.dll
0x00007ff8d6230000 - 0x00007ff8d623a000 	C:\WINDOWS\SYSTEM32\VERSION.dll
0x00007ff8de810000 - 0x00007ff8de87b000 	C:\WINDOWS\System32\WS2_32.dll
0x000000006b810000 - 0x000000006b81f000 	C:\Program Files (x86)\Minecraft\runtime\jre-x64\bin\verify.dll
0x000000006b7e0000 - 0x000000006b809000 	C:\Program Files (x86)\Minecraft\runtime\jre-x64\bin\java.dll
0x000000006b7b0000 - 0x000000006b7d3000 	C:\Program Files (x86)\Minecraft\runtime\jre-x64\bin\instrument.dll
0x000000006b790000 - 0x000000006b7a6000 	C:\Program Files (x86)\Minecraft\runtime\jre-x64\bin\zip.dll
0x00007ff8dedd0000 - 0x00007ff8df510000 	C:\WINDOWS\System32\SHELL32.dll
0x00007ff8db500000 - 0x00007ff8dbc91000 	C:\WINDOWS\SYSTEM32\windows.storage.dll
0x00007ff8de2a0000 - 0x00007ff8de5f3000 	C:\WINDOWS\System32\combase.dll
0x00007ff8dce70000 - 0x00007ff8dce9c000 	C:\WINDOWS\SYSTEM32\Wldp.dll
0x00007ff8ddfa0000 - 0x00007ff8de04e000 	C:\WINDOWS\System32\SHCORE.dll
0x00007ff8de050000 - 0x00007ff8de0a5000 	C:\WINDOWS\System32\shlwapi.dll
0x00007ff8dd400000 - 0x00007ff8dd41f000 	C:\WINDOWS\SYSTEM32\profapi.dll
0x00007ff8d9f50000 - 0x00007ff8d9f6a000 	C:\Users\ervin_1nmnhvl\AppData\Local\JetBrains\Toolbox\apps\IDEA-U\ch-0\202.6397.94\bin\breakgen64.dll
0x000000006b770000 - 0x000000006b78a000 	C:\Program Files (x86)\Minecraft\runtime\jre-x64\bin\net.dll
0x00007ff8dcc60000 - 0x00007ff8dccca000 	C:\WINDOWS\system32\mswsock.dll
0x000000006ad70000 - 0x000000006ad7d000 	C:\Program Files (x86)\Minecraft\runtime\jre-x64\bin\management.dll
0x00007ff8aa430000 - 0x00007ff8aa447000 	C:\WINDOWS\system32\napinsp.dll
0x00007ff8aa260000 - 0x00007ff8aa27b000 	C:\WINDOWS\system32\pnrpnsp.dll
0x00007ff8d8210000 - 0x00007ff8d8225000 	C:\WINDOWS\system32\wshbth.dll
0x00007ff8d8e80000 - 0x00007ff8d8e9d000 	C:\WINDOWS\system32\NLAapi.dll
0x00007ff8dc920000 - 0x00007ff8dc95b000 	C:\WINDOWS\SYSTEM32\IPHLPAPI.DLL
0x00007ff8dc970000 - 0x00007ff8dca3a000 	C:\WINDOWS\SYSTEM32\DNSAPI.dll
0x00007ff8df910000 - 0x00007ff8df919000 	C:\WINDOWS\System32\NSI.dll
0x00007ff8b4ae0000 - 0x00007ff8b4af2000 	C:\WINDOWS\System32\winrnr.dll
0x00007ff8cdbd0000 - 0x00007ff8cdbda000 	C:\Windows\System32\rasadhlp.dll
0x00007ff8d1e90000 - 0x00007ff8d1f0f000 	C:\WINDOWS\System32\fwpuclnt.dll
0x00007ff8dd7b0000 - 0x00007ff8dd7d7000 	C:\WINDOWS\System32\bcrypt.dll
0x00007ff8d4530000 - 0x00007ff8d4547000 	C:\WINDOWS\SYSTEM32\dhcpcsvc6.DLL
0x00007ff8d3d70000 - 0x00007ff8d3d8d000 	C:\WINDOWS\SYSTEM32\dhcpcsvc.DLL
0x00007ff8dd1c0000 - 0x00007ff8dd1d8000 	C:\WINDOWS\SYSTEM32\CRYPTSP.dll
0x00007ff8dc4a0000 - 0x00007ff8dc4d4000 	C:\WINDOWS\system32\rsaenh.dll
0x00007ff8dd3c0000 - 0x00007ff8dd3ee000 	C:\WINDOWS\SYSTEM32\USERENV.dll
0x00007ff8dda90000 - 0x00007ff8ddb0f000 	C:\WINDOWS\System32\bcryptprimitives.dll
0x00007ff8dcde0000 - 0x00007ff8dcdec000 	C:\WINDOWS\SYSTEM32\CRYPTBASE.dll
0x000000006ad50000 - 0x000000006ad61000 	C:\Program Files (x86)\Minecraft\runtime\jre-x64\bin\nio.dll
0x000000006ad20000 - 0x000000006ad44000 	C:\Program Files (x86)\Minecraft\runtime\jre-x64\bin\sunec.dll
0x00007ff8c6790000 - 0x00007ff8c6802000 	C:\Users\ervin_1nmnhvl\AppData\Local\Temp\lwjglervin_1nmnhvl\3.2.2-build-10\lwjgl.dll
0x00007ff8a24d0000 - 0x00007ff8a2721000 	C:\Users\ERVIN_~1\AppData\Local\Temp\lwjglervin_1nmnhvl\3.2.2-build-10\jemalloc.dll
0x00007ff8d0e00000 - 0x00007ff8d0e5e000 	C:\Users\ERVIN_~1\AppData\Local\Temp\lwjglervin_1nmnhvl\3.2.2-build-10\glfw.dll
0x00007ff8dacb0000 - 0x00007ff8dad4f000 	C:\WINDOWS\system32\uxtheme.dll
0x00007ff8d1190000 - 0x00007ff8d11d5000 	C:\WINDOWS\SYSTEM32\dinput8.dll
0x00007ff8d7a60000 - 0x00007ff8d7a71000 	C:\WINDOWS\SYSTEM32\xinput1_4.dll
0x00007ff8dd4c0000 - 0x00007ff8dd50d000 	C:\WINDOWS\System32\cfgmgr32.dll
0x00007ff8dd280000 - 0x00007ff8dd2ac000 	C:\WINDOWS\SYSTEM32\DEVOBJ.dll
0x00007ff8db030000 - 0x00007ff8db05f000 	C:\WINDOWS\SYSTEM32\dwmapi.dll
0x00007ff8de630000 - 0x00007ff8de745000 	C:\WINDOWS\System32\MSCTF.dll
0x00007ff8df840000 - 0x00007ff8df90d000 	C:\WINDOWS\System32\OLEAUT32.dll
0x00007ff8dbca0000 - 0x00007ff8dbcad000 	C:\WINDOWS\SYSTEM32\HID.DLL
0x00007ff8de880000 - 0x00007ff8dece7000 	C:\WINDOWS\System32\SETUPAPI.DLL
0x00007ff8dd880000 - 0x00007ff8dd8e0000 	C:\WINDOWS\System32\WINTRUST.dll
0x00007ff8dd540000 - 0x00007ff8dd69d000 	C:\WINDOWS\System32\CRYPT32.dll
0x00007ff8dd1f0000 - 0x00007ff8dd202000 	C:\WINDOWS\SYSTEM32\MSASN1.dll
0x00007ff89b850000 - 0x00007ff89b9ac000 	C:\WINDOWS\SYSTEM32\opengl32.dll
0x00007ff8c2b80000 - 0x00007ff8c2bac000 	C:\WINDOWS\SYSTEM32\GLU32.dll
0x00007ff89f490000 - 0x00007ff8a0114000 	C:\WINDOWS\SYSTEM32\ig4icd64.dll
0x00007ff8dbd00000 - 0x00007ff8dbdf3000 	C:\WINDOWS\SYSTEM32\dxgi.dll
0x00007ff8d9cb0000 - 0x00007ff8d9f13000 	C:\WINDOWS\SYSTEM32\d3d11.dll
0x00007ff8cce20000 - 0x00007ff8ccf72000 	C:\WINDOWS\SYSTEM32\inputhost.dll
0x00007ff8da5f0000 - 0x00007ff8da6e2000 	C:\WINDOWS\SYSTEM32\CoreMessaging.dll
0x00007ff8d8b80000 - 0x00007ff8d8c75000 	C:\WINDOWS\SYSTEM32\PROPSYS.dll
0x00007ff8da110000 - 0x00007ff8da266000 	C:\WINDOWS\SYSTEM32\wintypes.dll
0x00007ff8da6f0000 - 0x00007ff8daa4a000 	C:\WINDOWS\SYSTEM32\CoreUIComponents.dll
0x00007ff8dc0f0000 - 0x00007ff8dc123000 	C:\WINDOWS\SYSTEM32\ntmarta.dll
0x00007ff8db4e0000 - 0x00007ff8db4f3000 	C:\WINDOWS\SYSTEM32\kernel.appcore.dll
0x00007ff8d25f0000 - 0x00007ff8d262b000 	C:\WINDOWS\SYSTEM32\dxcore.dll
0x00007ff8ccf80000 - 0x00007ff8cd07c000 	C:\WINDOWS\SYSTEM32\textinputframework.dll
0x00007ff8d0640000 - 0x00007ff8d0698000 	C:\Users\ervin_1nmnhvl\AppData\Local\Temp\lwjglervin_1nmnhvl\3.2.2-build-10\lwjgl_opengl.dll
0x00007ff8c6710000 - 0x00007ff8c678f000 	C:\Users\ervin_1nmnhvl\AppData\Local\Temp\lwjglervin_1nmnhvl\3.2.2-build-10\lwjgl_stb.dll
0x00007ff8df920000 - 0x00007ff8dfa49000 	C:\WINDOWS\System32\ole32.dll
0x00007ff8a8f40000 - 0x00007ff8a9b90000 	C:\WINDOWS\SYSTEM32\igd10umd64.dll
0x00007ff8d7e20000 - 0x00007ff8d7ece000 	C:\WINDOWS\SYSTEM32\mscms.dll
0x00007ff8d7b80000 - 0x00007ff8d7b91000 	C:\WINDOWS\SYSTEM32\ColorAdapterClient.dll
0x00007ff8ac880000 - 0x00007ff8ac8c3000 	C:\WINDOWS\SYSTEM32\icm32.dll
0x00007ff8ac830000 - 0x00007ff8ac872000 	C:\Users\ervin_1nmnhvl\AppData\Local\Temp\jna-2118671535\jna5617697798987936825.dll
0x00007ff8cb050000 - 0x00007ff8cb06a000 	C:\save\modding\ervin_mod_1\build\natives\SAPIWrapper_x64.dll
0x00007ff8df6a0000 - 0x00007ff8df748000 	C:\WINDOWS\System32\clbcatq.dll
0x00007ff894d10000 - 0x00007ff894e94000 	C:\WINDOWS\System32\Speech\Common\sapi.dll
0x00007ff8cb0a0000 - 0x00007ff8cb0be000 	C:\WINDOWS\SYSTEM32\MSACM32.dll
0x00007ff8cde70000 - 0x00007ff8cde7b000 	C:\WINDOWS\SYSTEM32\msdmo.dll
0x00007ff8bea50000 - 0x00007ff8bea76000 	C:\WINDOWS\SYSTEM32\winmmbase.dll
0x00007ff8ce7c0000 - 0x00007ff8ce845000 	C:\WINDOWS\System32\MMDevApi.dll
0x00007ff8a0cd0000 - 0x00007ff8a0de4000 	C:\Users\ERVIN_~1\AppData\Local\Temp\lwjglervin_1nmnhvl\3.2.2-build-10\OpenAL.dll
0x00007ff8c6810000 - 0x00007ff8c6990000 	C:\WINDOWS\SYSTEM32\AUDIOSES.DLL
0x00007ff8dca90000 - 0x00007ff8dcadb000 	C:\WINDOWS\SYSTEM32\powrprof.dll
0x00007ff8dc900000 - 0x00007ff8dc912000 	C:\WINDOWS\SYSTEM32\UMPDC.dll
0x00007ff8dae30000 - 0x00007ff8dae44000 	C:\WINDOWS\SYSTEM32\resourcepolicyclient.dll
0x000000006ab80000 - 0x000000006ad18000 	C:\Program Files (x86)\Minecraft\runtime\jre-x64\bin\awt.dll
0x00007ff8dab80000 - 0x00007ff8dac10000 	C:\WINDOWS\SYSTEM32\apphelp.dll
0x00007ff8d4670000 - 0x00007ff8d4854000 	C:\WINDOWS\SYSTEM32\dbghelp.dll

VM Arguments:
jvm_args: -Dforge.logging.console.level=debug -Dforge.logging.markers=SCAN,REGISTRIES,REGISTRYDUMP -XX:HeapDumpPath=MojangTricksIntelDriversForPerformance_javaw.exe_minecraft.exe.heapdump -Dos.name=Windows 10 -Dos.version=10.0 -javaagent:C:\Users\ervin_1nmnhvl\AppData\Local\JetBrains\Toolbox\apps\IDEA-U\ch-0\202.6397.94\lib\idea_rt.jar=60958:C:\Users\ervin_1nmnhvl\AppData\Local\JetBrains\Toolbox\apps\IDEA-U\ch-0\202.6397.94\bin -Dfile.encoding=UTF-8 
java_command: net.minecraftforge.userdev.LaunchTesting
java_class_path (initial): C:\Program Files (x86)\Minecraft\runtime\jre-x64\lib\charsets.jar;C:\Program Files (x86)\Minecraft\runtime\jre-x64\lib\deploy.jar;C:\Program Files (x86)\Minecraft\runtime\jre-x64\lib\ext\access-bridge-64.jar;C:\Program Files (x86)\Minecraft\runtime\jre-x64\lib\ext\cldrdata.jar;C:\Program Files (x86)\Minecraft\runtime\jre-x64\lib\ext\dnsns.jar;C:\Program Files (x86)\Minecraft\runtime\jre-x64\lib\ext\jaccess.jar;C:\Program Files (x86)\Minecraft\runtime\jre-x64\lib\ext\jfxrt.jar;C:\Program Files (x86)\Minecraft\runtime\jre-x64\lib\ext\localedata.jar;C:\Program Files (x86)\Minecraft\runtime\jre-x64\lib\ext\nashorn.jar;C:\Program Files (x86)\Minecraft\runtime\jre-x64\lib\ext\sunec.jar;C:\Program Files (x86)\Minecraft\runtime\jre-x64\lib\ext\sunjce_provider.jar;C:\Program Files (x86)\Minecraft\runtime\jre-x64\lib\ext\sunmscapi.jar;C:\Program Files (x86)\Minecraft\runtime\jre-x64\lib\ext\sunpkcs11.jar;C:\Program Files (x86)\Minecraft\runtime\jre-x64\lib\ext\zipfs.jar;C:\Program Files (x86)\Minecraft\runtime\jre-x64\lib\javaws.jar;C:\Program Files (x86)\Minecraft\runtime\jre-x64\lib\jce.jar;C:\Program Files (x86)\Minecraft\runtime\jre-x64\lib\jfr.jar;C:\Program Files (x86)\Minecraft\runtime\jre-x64\lib\jfxswt.jar;C:\Program Files (x86)\Minecraft\runtime\jre-x64\lib\jsse.jar;C:\Program Files (x86)\Minecraft\runtime\jre-x64\lib\management-agent.jar;C:\Program Files (x86)\Minecraft\runtime\jre-x64\lib\plugin.jar;C:\Program Files (x86)\Minecraft\runtime\jre-x64\lib\resources.jar;C:\Program Files (x86)\Minecraft\runtime\jre-x64\lib\rt.jar;C:\save\modding\ervin_mod_1\build\classes\java\main;C:\save\modding\ervin_mod_1\build\resources\main;C:\Users\ervin_1nmnhvl\.gradle\caches\forge_gradle\minecraft_user_repo\net\minecraftforge\forge\1.15.2-31.1.9_mapped_snapshot_20200427-1.15.1\forge-1.15.2-31.1.9_mapped_snapshot_20200427-1.15.1-recomp.jar;C:\Users\ervin_1nmnhvl\.gradle\caches\forge_gradle\minecraft_user_repo\net\minecraftforge\forge\1.15.2-31.1.9_map
Launcher Type: SUN_STANDARD

Environment Variables:
JAVA_HOME=C:\Program Files\Java\jdk-11.0.4
PATH=C:\Program Files\Docker\Docker\Resources\bin;C:\ProgramData\Oracle\Java\javapath;C:\WINDOWS\system32;C:\WINDOWS;C:\WINDOWS\System32\Wbem;C:\WINDOWS\System32\WindowsPowerShell\v1.0\;C:\Program Files (x86)\cloudControl;C:\Program Files\Git\cmd;C:\bin;C:\Program Files (x86)\Windows Kits\8.1\Windows Performance Toolkit\;C:\Program Files (x86)\PuTTY\;C:\Program Files (x86)\Nodist\bin;G:\save\sdk\android\tools;G:\save\sdk\android\platform-tools;C:\boxfuse;C:\Program Files (x86)\Skype\Phone\;C:\Program Files (x86)\GtkSharp\2.12\bin;C:\Program Files (x86)\IVI Foundation\VISA\WinNT\Bin;C:\WINDOWS\system32;C:\WINDOWS;C:\WINDOWS\System32\Wbem;C:\WINDOWS\System32\WindowsPowerShell\v1.0\;;C:\WINDOWS\System32\OpenSSH\;C:\Users\ervin_1nmnhvl\AppData\Local\Microsoft\WindowsApps;
USERNAME=ervin_1nmnhvl
OS=Windows_NT
PROCESSOR_IDENTIFIER=Intel64 Family 6 Model 42 Stepping 7, GenuineIntel



---------------  S Y S T E M  ---------------

OS: Windows 10.0 , 64 bit Build 19041 (10.0.19041.292)

CPU:total 4 (2 cores per cpu, 2 threads per core) family 6 model 42 stepping 7, cmov, cx8, fxsr, mmx, sse, sse2, sse3, ssse3, sse4.1, sse4.2, popcnt, avx, aes, clmul, ht, tsc, tscinvbit

Memory: 4k page, physical 8266764k(953020k free), swap 10363916k(460k free)

vm_info: Java HotSpot(TM) 64-Bit Server VM (25.51-b03) for windows-amd64 JRE (1.8.0_51-b16), built on Jun  8 2015 18:03:07 by "java_re" with MS VC++ 10.0 (VS2010)

time: Fri Sep 04 12:34:27 2020
elapsed time: 3329 seconds (0d 0h 55m 29s)

