#
# There is insufficient memory for the Java Runtime Environment to continue.
# Native memory allocation (malloc) failed to allocate 680752 bytes for Chunk::new
# Possible reasons:
#   The system is out of physical RAM or swap space
#   In 32 bit mode, the process size limit was hit
# Possible solutions:
#   Reduce memory load on the system
#   Increase physical memory or swap space
#   Check if swap backing store is full
#   Use 64 bit Java on a 64 bit OS
#   Decrease Java heap size (-Xmx/-Xms)
#   Decrease number of Java threads
#   Decrease Java thread stack sizes (-Xss)
#   Set larger code cache with -XX:ReservedCodeCacheSize=
# This output file may be truncated or incomplete.
#
#  Out of Memory Error (allocation.cpp:390), pid=11576, tid=7352
#
# JRE version: Java(TM) SE Runtime Environment (8.0_51-b16) (build 1.8.0_51-b16)
# Java VM: Java HotSpot(TM) 64-Bit Server VM (25.51-b03 mixed mode windows-amd64 compressed oops)
# Failed to write core dump. Minidumps are not enabled by default on client versions of Windows
#

---------------  T H R E A D  ---------------

Current thread (0x0000000019454800):  JavaThread "C2 CompilerThread0" daemon [_thread_in_native, id=7352, stack(0x0000000019570000,0x0000000019670000)]

Stack: [0x0000000019570000,0x0000000019670000]
Native frames: (J=compiled Java code, j=interpreted, Vv=VM code, C=native code)
V  [jvm.dll+0x32b4ca]
V  [jvm.dll+0x2797e3]
V  [jvm.dll+0x27a479]
V  [jvm.dll+0x271765]
V  [jvm.dll+0xcba02]
V  [jvm.dll+0xcbecc]
V  [jvm.dll+0x492ad7]
V  [jvm.dll+0x45f98a]
V  [jvm.dll+0x46a7cb]
V  [jvm.dll+0x46cde2]
V  [jvm.dll+0x4501a2]
V  [jvm.dll+0xa43a2]
V  [jvm.dll+0xa4cdf]
V  [jvm.dll+0x2418a4]
V  [jvm.dll+0x29846a]
C  [msvcr100.dll+0x21d9f]
C  [msvcr100.dll+0x21e3b]
C  [KERNEL32.DLL+0x16fd4]
C  [ntdll.dll+0x4cec1]


Current CompileTask:
C2: 969205 19312       4       net.minecraft.client.renderer.BlockModelRenderer::renderModelSmooth (202 bytes)


---------------  P R O C E S S  ---------------

Java Threads: ( => current thread )
  0x000000001a50f000 JavaThread "Worker-Main-24" daemon [_thread_blocked, id=11064, stack(0x000000005c0f0000,0x000000005c1f0000)]
  0x000000001a647000 JavaThread "Worker-Main-22" daemon [_thread_blocked, id=1560, stack(0x000000002ab00000,0x000000002ac00000)]
  0x000000001a646000 JavaThread "Sound engine" daemon [_thread_blocked, id=14156, stack(0x00000000260b0000,0x00000000261b0000)]
  0x000000001a647800 JavaThread "Netty Server IO #1" daemon [_thread_in_native, id=6020, stack(0x000000005b1c0000,0x000000005b2c0000)]
  0x000000001a644000 JavaThread "Netty Local Client IO #0" daemon [_thread_blocked, id=12316, stack(0x000000005b0c0000,0x000000005b1c0000)]
  0x000000001a64a000 JavaThread "Keep-Alive-Timer" daemon [_thread_blocked, id=3460, stack(0x000000002a670000,0x000000002a770000)]
  0x000000001a645800 JavaThread "Netty Server IO #0" daemon [_thread_in_native, id=11148, stack(0x0000000055ab0000,0x0000000055bb0000)]
  0x000000001cbca800 JavaThread "ObjectCleanerThread" daemon [_thread_blocked, id=14356, stack(0x00000000482a0000,0x00000000483a0000)]
  0x000000001cbcd800 JavaThread "Java2D Disposer" daemon [_thread_blocked, id=12088, stack(0x00000000559b0000,0x0000000055ab0000)]
  0x000000001cbcc000 JavaThread "IO-Worker-21" [_thread_blocked, id=8280, stack(0x0000000047890000,0x0000000047990000)]
  0x000000001a515000 JavaThread "IO-Worker-20" [_thread_blocked, id=11856, stack(0x00000000451b0000,0x00000000452b0000)]
  0x000000001a513800 JavaThread "IO-Worker-19" [_thread_blocked, id=13504, stack(0x0000000044da0000,0x0000000044ea0000)]
  0x000000001a512800 JavaThread "IO-Worker-18" [_thread_blocked, id=4756, stack(0x0000000039610000,0x0000000039710000)]
  0x000000001a50a800 JavaThread "Worker-Main-17" daemon [_thread_blocked, id=4576, stack(0x000000002a800000,0x000000002a900000)]
  0x000000001a50f800 JavaThread "Thread-11" daemon [_thread_in_native, id=4940, stack(0x0000000028240000,0x0000000028340000)]
  0x000000001a50c800 JavaThread "Server thread" [_thread_blocked, id=6452, stack(0x0000000021030000,0x0000000021130000)]
  0x000000001a507800 JavaThread "Snooper Timer" daemon [_thread_blocked, id=5376, stack(0x00000000010c0000,0x00000000011c0000)]
  0x000000001a508000 JavaThread "Narrator" [_thread_blocked, id=14400, stack(0x000000002a100000,0x000000002a200000)]
  0x000000001a50c000 JavaThread "Snooper Timer" daemon [_thread_blocked, id=1372, stack(0x0000000027cd0000,0x0000000027dd0000)]
  0x000000001a506800 JavaThread "Timer hack thread" daemon [_thread_blocked, id=7092, stack(0x0000000026bb0000,0x0000000026cb0000)]
  0x000000001cbcc800 JavaThread "pool-3-thread-1" [_thread_blocked, id=128, stack(0x0000000023d70000,0x0000000023e70000)]
  0x000000001af59800 JavaThread "Thread-2" daemon [_thread_in_native, id=8644, stack(0x000000001bf80000,0x000000001c080000)]
  0x000000001adb8000 JavaThread "Thread-1" daemon [_thread_blocked, id=7508, stack(0x000000001be80000,0x000000001bf80000)]
  0x00000000198e8800 JavaThread "Service Thread" daemon [_thread_blocked, id=13704, stack(0x000000001a070000,0x000000001a170000)]
  0x0000000019458800 JavaThread "C1 CompilerThread2" daemon [_thread_blocked, id=4040, stack(0x0000000019770000,0x0000000019870000)]
  0x0000000019455800 JavaThread "C2 CompilerThread1" daemon [_thread_in_native, id=10056, stack(0x0000000019670000,0x0000000019770000)]
=>0x0000000019454800 JavaThread "C2 CompilerThread0" daemon [_thread_in_native, id=7352, stack(0x0000000019570000,0x0000000019670000)]
  0x0000000019452800 JavaThread "Monitor Ctrl-Break" daemon [_thread_in_native, id=2964, stack(0x0000000019470000,0x0000000019570000)]
  0x0000000017a05800 JavaThread "Attach Listener" daemon [_thread_blocked, id=7504, stack(0x0000000018f70000,0x0000000019070000)]
  0x0000000017a04800 JavaThread "Signal Dispatcher" daemon [_thread_blocked, id=14836, stack(0x0000000018e70000,0x0000000018f70000)]
  0x0000000002d59800 JavaThread "Finalizer" daemon [_thread_blocked, id=13140, stack(0x0000000018c70000,0x0000000018d70000)]
  0x0000000002d56000 JavaThread "Reference Handler" daemon [_thread_blocked, id=11996, stack(0x0000000018b70000,0x0000000018c70000)]
  0x0000000002c62800 JavaThread "Render thread" [_thread_blocked, id=568, stack(0x0000000002b20000,0x0000000002c20000)]

Other Threads:
  0x00000000179c9000 VMThread [stack: 0x0000000018a70000,0x0000000018b70000] [id=11516]
  0x00000000198fd800 WatcherThread [stack: 0x000000001a170000,0x000000001a270000] [id=15132]

VM state:not at safepoint (normal execution)

VM Mutex/Monitor currently owned by a thread: None

Heap:
 PSYoungGen      total 459776K, used 182657K [0x00000000d5f00000, 0x0000000100000000, 0x0000000100000000)
  eden space 230400K, 49% used [0x00000000d5f00000,0x00000000dcd55a20,0x00000000e4000000)
  from space 229376K, 30% used [0x00000000f2000000,0x00000000f640ab20,0x0000000100000000)
  to   space 229376K, 0% used [0x00000000e4000000,0x00000000e4000000,0x00000000f2000000)
 ParOldGen       total 703488K, used 380876K [0x0000000081c00000, 0x00000000acb00000, 0x00000000d5f00000)
  object space 703488K, 54% used [0x0000000081c00000,0x0000000098ff31f8,0x00000000acb00000)
 Metaspace       used 96447K, capacity 108810K, committed 108928K, reserved 1140736K
  class space    used 14787K, capacity 18017K, committed 18048K, reserved 1048576K

Card table byte_map: [0x0000000012290000,0x0000000012690000] byte_map_base: 0x0000000011e82000

Marking Bits: (ParMarkBitMap*) 0x0000000076954040
 Begin Bits: [0x0000000012d40000, 0x0000000014cd0000)
 End Bits:   [0x0000000014cd0000, 0x0000000016c60000)

Polling page: 0x0000000001060000

CodeCache: size=245760Kb used=45573Kb max_used=45587Kb free=200186Kb
 bounds [0x0000000002ed0000, 0x0000000005ba0000, 0x0000000011ed0000]
 total_blobs=15858 nmethods=14162 adapters=1604
 compilation: enabled

Compilation events (10 events):
Event: 969.138 Thread 0x0000000019458800 19344       3       net.minecraft.client.renderer.chunk.ChunkRenderCache::<init> (232 bytes)
Event: 969.140 Thread 0x0000000019458800 nmethod 19344 0x0000000005b80b90 code [0x0000000005b80de0, 0x0000000005b821e8]
Event: 969.140 Thread 0x0000000019458800 19345       2       com.mojang.blaze3d.platform.GlStateManager::alphaFunc (49 bytes)
Event: 969.141 Thread 0x0000000019458800 nmethod 19345 0x0000000005b3be50 code [0x0000000005b3bfe0, 0x0000000005b3c2d8]
Event: 969.143 Thread 0x0000000019458800 19347       2       net.minecraft.util.math.vector.Quaternion::sin (7 bytes)
Event: 969.144 Thread 0x0000000019458800 nmethod 19347 0x0000000005b3b7d0 code [0x0000000005b3b940, 0x0000000005b3bdd0]
Event: 969.144 Thread 0x0000000019458800 19348       2       net.minecraft.util.math.vector.Quaternion::cos (7 bytes)
Event: 969.144 Thread 0x0000000019458800 nmethod 19348 0x0000000005b82ad0 code [0x0000000005b82c40, 0x0000000005b830d0]
Event: 969.145 Thread 0x0000000019458800 19349       2       net.minecraft.util.text.TextComponent::deepCopy (30 bytes)
Event: 969.145 Thread 0x0000000019458800 nmethod 19349 0x0000000005b3b390 code [0x0000000005b3b500, 0x0000000005b3b6d8]

GC Heap History (10 events):
Event: 960.425 GC heap before
{Heap before GC invocations=168 (full 7):
 PSYoungGen      total 443904K, used 398971K [0x00000000d5f00000, 0x0000000100000000, 0x0000000100000000)
  eden space 236544K, 100% used [0x00000000d5f00000,0x00000000e4600000,0x00000000e4600000)
  from space 207360K, 78% used [0x00000000f3580000,0x00000000fd41ee38,0x0000000100000000)
  to   space 226304K, 0% used [0x00000000e4600000,0x00000000e4600000,0x00000000f2300000)
 ParOldGen       total 703488K, used 483476K [0x0000000081c00000, 0x00000000acb00000, 0x00000000d5f00000)
  object space 703488K, 68% used [0x0000000081c00000,0x000000009f4250f8,0x00000000acb00000)
 Metaspace       used 93020K, capacity 104500K, committed 104704K, reserved 1136640K
  class space    used 14291K, capacity 17380K, committed 17408K, reserved 1048576K
Event: 960.617 GC heap after
Heap after GC invocations=168 (full 7):
 PSYoungGen      total 414208K, used 177410K [0x00000000d5f00000, 0x0000000100000000, 0x0000000100000000)
  eden space 236544K, 0% used [0x00000000d5f00000,0x00000000d5f00000,0x00000000e4600000)
  from space 177664K, 99% used [0x00000000e4600000,0x00000000ef340ae8,0x00000000ef380000)
  to   space 229376K, 0% used [0x00000000f2000000,0x00000000f2000000,0x0000000100000000)
 ParOldGen       total 703488K, used 483484K [0x0000000081c00000, 0x00000000acb00000, 0x00000000d5f00000)
  object space 703488K, 68% used [0x0000000081c00000,0x000000009f4270f8,0x00000000acb00000)
 Metaspace       used 93020K, capacity 104500K, committed 104704K, reserved 1136640K
  class space    used 14291K, capacity 17380K, committed 17408K, reserved 1048576K
}
Event: 961.824 GC heap before
{Heap before GC invocations=169 (full 7):
 PSYoungGen      total 414208K, used 413954K [0x00000000d5f00000, 0x0000000100000000, 0x0000000100000000)
  eden space 236544K, 100% used [0x00000000d5f00000,0x00000000e4600000,0x00000000e4600000)
  from space 177664K, 99% used [0x00000000e4600000,0x00000000ef340ae8,0x00000000ef380000)
  to   space 229376K, 0% used [0x00000000f2000000,0x00000000f2000000,0x0000000100000000)
 ParOldGen       total 703488K, used 483484K [0x0000000081c00000, 0x00000000acb00000, 0x00000000d5f00000)
  object space 703488K, 68% used [0x0000000081c00000,0x000000009f4270f8,0x00000000acb00000)
 Metaspace       used 94532K, capacity 106404K, committed 106624K, reserved 1138688K
  class space    used 14541K, capacity 17696K, committed 17792K, reserved 1048576K
Event: 962.053 GC heap after
Heap after GC invocations=169 (full 7):
 PSYoungGen      total 459776K, used 197815K [0x00000000d5f00000, 0x0000000100000000, 0x0000000100000000)
  eden space 230400K, 0% used [0x00000000d5f00000,0x00000000d5f00000,0x00000000e4000000)
  from space 229376K, 86% used [0x00000000f2000000,0x00000000fe12dd68,0x0000000100000000)
  to   space 229376K, 0% used [0x00000000e4000000,0x00000000e4000000,0x00000000f2000000)
 ParOldGen       total 703488K, used 483500K [0x0000000081c00000, 0x00000000acb00000, 0x00000000d5f00000)
  object space 703488K, 68% used [0x0000000081c00000,0x000000009f42b0f8,0x00000000acb00000)
 Metaspace       used 94532K, capacity 106404K, committed 106624K, reserved 1138688K
  class space    used 14541K, capacity 17696K, committed 17792K, reserved 1048576K
}
Event: 962.363 GC heap before
{Heap before GC invocations=170 (full 7):
 PSYoungGen      total 459776K, used 251254K [0x00000000d5f00000, 0x0000000100000000, 0x0000000100000000)
  eden space 230400K, 23% used [0x00000000d5f00000,0x00000000d932fe60,0x00000000e4000000)
  from space 229376K, 86% used [0x00000000f2000000,0x00000000fe12dd68,0x0000000100000000)
  to   space 229376K, 0% used [0x00000000e4000000,0x00000000e4000000,0x00000000f2000000)
 ParOldGen       total 703488K, used 483500K [0x0000000081c00000, 0x00000000acb00000, 0x00000000d5f00000)
  object space 703488K, 68% used [0x0000000081c00000,0x000000009f42b0f8,0x00000000acb00000)
 Metaspace       used 94986K, capacity 106956K, committed 107136K, reserved 1138688K
  class space    used 14586K, capacity 17740K, committed 17792K, reserved 1048576K
Event: 962.457 GC heap after
Heap after GC invocations=170 (full 7):
 PSYoungGen      total 459776K, used 100781K [0x00000000d5f00000, 0x0000000100000000, 0x0000000100000000)
  eden space 230400K, 0% used [0x00000000d5f00000,0x00000000d5f00000,0x00000000e4000000)
  from space 229376K, 43% used [0x00000000e4000000,0x00000000ea26b678,0x00000000f2000000)
  to   space 229376K, 0% used [0x00000000f2000000,0x00000000f2000000,0x0000000100000000)
 ParOldGen       total 703488K, used 483508K [0x0000000081c00000, 0x00000000acb00000, 0x00000000d5f00000)
  object space 703488K, 68% used [0x0000000081c00000,0x000000009f42d0f8,0x00000000acb00000)
 Metaspace       used 94986K, capacity 106956K, committed 107136K, reserved 1138688K
  class space    used 14586K, capacity 17740K, committed 17792K, reserved 1048576K
}
Event: 962.457 GC heap before
{Heap before GC invocations=171 (full 8):
 PSYoungGen      total 459776K, used 100781K [0x00000000d5f00000, 0x0000000100000000, 0x0000000100000000)
  eden space 230400K, 0% used [0x00000000d5f00000,0x00000000d5f00000,0x00000000e4000000)
  from space 229376K, 43% used [0x00000000e4000000,0x00000000ea26b678,0x00000000f2000000)
  to   space 229376K, 0% used [0x00000000f2000000,0x00000000f2000000,0x0000000100000000)
 ParOldGen       total 703488K, used 483508K [0x0000000081c00000, 0x00000000acb00000, 0x00000000d5f00000)
  object space 703488K, 68% used [0x0000000081c00000,0x000000009f42d0f8,0x00000000acb00000)
 Metaspace       used 94986K, capacity 106956K, committed 107136K, reserved 1138688K
  class space    used 14586K, capacity 17740K, committed 17792K, reserved 1048576K
Event: 965.036 GC heap after
Heap after GC invocations=171 (full 8):
 PSYoungGen      total 459776K, used 0K [0x00000000d5f00000, 0x0000000100000000, 0x0000000100000000)
  eden space 230400K, 0% used [0x00000000d5f00000,0x00000000d5f00000,0x00000000e4000000)
  from space 229376K, 0% used [0x00000000e4000000,0x00000000e4000000,0x00000000f2000000)
  to   space 229376K, 0% used [0x00000000f2000000,0x00000000f2000000,0x0000000100000000)
 ParOldGen       total 703488K, used 380868K [0x0000000081c00000, 0x00000000acb00000, 0x00000000d5f00000)
  object space 703488K, 54% used [0x0000000081c00000,0x0000000098ff11f8,0x00000000acb00000)
 Metaspace       used 94986K, capacity 106956K, committed 107136K, reserved 1138688K
  class space    used 14586K, capacity 17740K, committed 17792K, reserved 1048576K
}
Event: 967.286 GC heap before
{Heap before GC invocations=172 (full 8):
 PSYoungGen      total 459776K, used 230400K [0x00000000d5f00000, 0x0000000100000000, 0x0000000100000000)
  eden space 230400K, 100% used [0x00000000d5f00000,0x00000000e4000000,0x00000000e4000000)
  from space 229376K, 0% used [0x00000000e4000000,0x00000000e4000000,0x00000000f2000000)
  to   space 229376K, 0% used [0x00000000f2000000,0x00000000f2000000,0x0000000100000000)
 ParOldGen       total 703488K, used 380868K [0x0000000081c00000, 0x00000000acb00000, 0x00000000d5f00000)
  object space 703488K, 54% used [0x0000000081c00000,0x0000000098ff11f8,0x00000000acb00000)
 Metaspace       used 95705K, capacity 107926K, committed 108032K, reserved 1138688K
  class space    used 14669K, capacity 17879K, committed 17920K, reserved 1048576K
Event: 967.377 GC heap after
Heap after GC invocations=172 (full 8):
 PSYoungGen      total 459776K, used 69674K [0x00000000d5f00000, 0x0000000100000000, 0x0000000100000000)
  eden space 230400K, 0% used [0x00000000d5f00000,0x00000000d5f00000,0x00000000e4000000)
  from space 229376K, 30% used [0x00000000f2000000,0x00000000f640ab20,0x0000000100000000)
  to   space 229376K, 0% used [0x00000000e4000000,0x00000000e4000000,0x00000000f2000000)
 ParOldGen       total 703488K, used 380876K [0x0000000081c00000, 0x00000000acb00000, 0x00000000d5f00000)
  object space 703488K, 54% used [0x0000000081c00000,0x0000000098ff31f8,0x00000000acb00000)
 Metaspace       used 95705K, capacity 107926K, committed 108032K, reserved 1138688K
  class space    used 14669K, capacity 17879K, committed 17920K, reserved 1048576K
}

Deoptimization events (10 events):
Event: 968.391 Thread 0x0000000002c62800 Uncommon trap: reason=bimorphic action=maybe_recompile pc=0x00000000059f9fc8 method=net.minecraft.fluid.FlowingFluid.isFullHeight(Lnet/minecraft/fluid/FluidState;Lnet/minecraft/world/IBlockReader;Lnet/minecraft/util/math/BlockPos;)Z @ 9
Event: 968.391 Thread 0x0000000002c62800 Uncommon trap: reason=bimorphic action=maybe_recompile pc=0x00000000059f9fc8 method=net.minecraft.fluid.FlowingFluid.isFullHeight(Lnet/minecraft/fluid/FluidState;Lnet/minecraft/world/IBlockReader;Lnet/minecraft/util/math/BlockPos;)Z @ 9
Event: 968.588 Thread 0x0000000002c62800 Uncommon trap: reason=unstable_if action=reinterpret pc=0x00000000057f5664 method=net.minecraft.client.renderer.BufferBuilder.growBuffer(I)V @ 13
Event: 968.613 Thread 0x0000000002c62800 Uncommon trap: reason=unstable_if action=reinterpret pc=0x0000000003f1df88 method=java.util.OptionalDouble.equals(Ljava/lang/Object;)Z @ 25
Event: 968.665 Thread 0x0000000002c62800 Uncommon trap: reason=class_check action=maybe_recompile pc=0x0000000003d0781c method=net.minecraft.util.text.TextProcessing.func_238343_a_(Lnet/minecraft/util/text/ITextProperties;Lnet/minecraft/util/text/Style;Lnet/minecraft/util/text/TextProcessing$ICha‹mRQEŽ@
Event: 968.665 Thread 0x0000000002c62800 Uncommon trap: reason=class_check action=maybe_recompile pc=0x00000000037b8700 method=net.minecraft.util.text.TextProcessing.func_238343_a_(Lnet/minecraft/util/text/ITextProperties;Lnet/minecraft/util/text/Style;Lnet/minecraft/util/text/TextProcessing$IChaja» §EŽ@
Event: 968.707 Thread 0x0000000002c62800 Uncommon trap: reason=bimorphic action=maybe_recompile pc=0x0000000005a70de0 method=net.minecraft.util.math.shapes.VoxelShapeSpliterator.func_234876_a_(II)Lnet/minecraft/world/IBlockReader; @ 16
Event: 968.707 Thread 0x0000000002c62800 Uncommon trap: reason=bimorphic action=maybe_recompile pc=0x0000000005a70de0 method=net.minecraft.util.math.shapes.VoxelShapeSpliterator.func_234876_a_(II)Lnet/minecraft/world/IBlockReader; @ 16
Event: 968.707 Thread 0x0000000002c62800 Uncommon trap: reason=bimorphic action=maybe_recompile pc=0x0000000005a70de0 method=net.minecraft.util.math.shapes.VoxelShapeSpliterator.func_234876_a_(II)Lnet/minecraft/world/IBlockReader; @ 16
Event: 968.707 Thread 0x0000000002c62800 Uncommon trap: reason=bimorphic action=maybe_recompile pc=0x0000000005a70de0 method=net.minecraft.util.math.shapes.VoxelShapeSpliterator.func_234876_a_(II)Lnet/minecraft/world/IBlockReader; @ 16

Internal exceptions (10 events):
Event: 968.818 Thread 0x000000001a50a800 Exception <a 'sun/nio/fs/WindowsException'> (0x00000000d9d7f8c0) thrown at [C:\re\workspace\8-2-build-windows-amd64-cygwin\jdk8u51\3951\hotspot\src\share\vm\prims\jni.cpp, line 709]
Event: 968.818 Thread 0x000000001a50a800 Exception <a 'sun/nio/fs/WindowsException'> (0x00000000d9d7fe20) thrown at [C:\re\workspace\8-2-build-windows-amd64-cygwin\jdk8u51\3951\hotspot\src\share\vm\prims\jni.cpp, line 709]
Event: 968.819 Thread 0x000000001a50a800 Exception <a 'sun/nio/fs/WindowsException'> (0x00000000d9d80768) thrown at [C:\re\workspace\8-2-build-windows-amd64-cygwin\jdk8u51\3951\hotspot\src\share\vm\prims\jni.cpp, line 709]
Event: 968.819 Thread 0x000000001a50a800 Exception <a 'sun/nio/fs/WindowsException'> (0x00000000d9d80bc8) thrown at [C:\re\workspace\8-2-build-windows-amd64-cygwin\jdk8u51\3951\hotspot\src\share\vm\prims\jni.cpp, line 709]
Event: 968.819 Thread 0x000000001a50a800 Exception <a 'sun/nio/fs/WindowsException'> (0x00000000d9d8b4b8) thrown at [C:\re\workspace\8-2-build-windows-amd64-cygwin\jdk8u51\3951\hotspot\src\share\vm\prims\jni.cpp, line 709]
Event: 968.819 Thread 0x000000001a50a800 Exception <a 'sun/nio/fs/WindowsException'> (0x00000000d9d8ba28) thrown at [C:\re\workspace\8-2-build-windows-amd64-cygwin\jdk8u51\3951\hotspot\src\share\vm\prims\jni.cpp, line 709]
Event: 968.820 Thread 0x000000001a50a800 Exception <a 'sun/nio/fs/WindowsException'> (0x00000000d9d8c770) thrown at [C:\re\workspace\8-2-build-windows-amd64-cygwin\jdk8u51\3951\hotspot\src\share\vm\prims\jni.cpp, line 709]
Event: 968.820 Thread 0x000000001a50a800 Exception <a 'sun/nio/fs/WindowsException'> (0x00000000d9d8cce0) thrown at [C:\re\workspace\8-2-build-windows-amd64-cygwin\jdk8u51\3951\hotspot\src\share\vm\prims\jni.cpp, line 709]
Event: 968.820 Thread 0x000000001a50a800 Exception <a 'sun/nio/fs/WindowsException'> (0x00000000d9d8d988) thrown at [C:\re\workspace\8-2-build-windows-amd64-cygwin\jdk8u51\3951\hotspot\src\share\vm\prims\jni.cpp, line 709]
Event: 968.820 Thread 0x000000001a50a800 Exception <a 'sun/nio/fs/WindowsException'> (0x00000000d9d8de18) thrown at [C:\re\workspace\8-2-build-windows-amd64-cygwin\jdk8u51\3951\hotspot\src\share\vm\prims\jni.cpp, line 709]

Events (10 events):
Event: 969.030 Thread 0x000000001a50c800 DEOPT PACKING pc=0x0000000005a8aa14 sp=0x000000002112d800
Event: 969.030 Thread 0x000000001a50c800 DEOPT UNPACKING pc=0x0000000002f1787f sp=0x000000002112d5c8 mode 0
Event: 969.139 loading class net/minecraft/client/renderer/chunk/ChunkRenderDispatcher$ChunkRender$ChunkRenderTask
Event: 969.139 loading class net/minecraft/client/renderer/chunk/ChunkRenderDispatcher$ChunkRender$ChunkRenderTask done
Event: 969.139 loading class net/minecraft/client/renderer/chunk/ChunkRenderDispatcher
Event: 969.139 loading class net/minecraft/client/renderer/chunk/ChunkRenderDispatcher done
Event: 969.140 loading class net/minecraft/client/renderer/chunk/ChunkRenderDispatcher$ChunkRender$ChunkRenderTask
Event: 969.140 loading class net/minecraft/client/renderer/chunk/ChunkRenderDispatcher$ChunkRender$ChunkRenderTask done
Event: 969.140 loading class net/minecraft/client/renderer/chunk/ChunkRenderDispatcher$ChunkRender$ChunkRenderTask
Event: 969.140 loading class net/minecraft/client/renderer/chunk/ChunkRenderDispatcher$ChunkRender$ChunkRenderTask done


Dynamic libraries:
0x00007ff7452e0000 - 0x00007ff745317000 	C:\Program Files (x86)\Minecraft\runtime\jre-x64\bin\java.exe
0x00007ff90a4b0000 - 0x00007ff90a6a5000 	C:\WINDOWS\SYSTEM32\ntdll.dll
0x00007ff909900000 - 0x00007ff9099bd000 	C:\WINDOWS\System32\KERNEL32.DLL
0x00007ff908240000 - 0x00007ff908507000 	C:\WINDOWS\System32\KERNELBASE.dll
0x00007ff9093c0000 - 0x00007ff90946a000 	C:\WINDOWS\System32\ADVAPI32.dll
0x00007ff908810000 - 0x00007ff9088ae000 	C:\WINDOWS\System32\msvcrt.dll
0x00007ff90a030000 - 0x00007ff90a0cb000 	C:\WINDOWS\System32\sechost.dll
0x00007ff9086e0000 - 0x00007ff908804000 	C:\WINDOWS\System32\RPCRT4.dll
0x00007ff90a190000 - 0x00007ff90a330000 	C:\WINDOWS\System32\USER32.dll
0x00007ff907d50000 - 0x00007ff907d72000 	C:\WINDOWS\System32\win32u.dll
0x00007ff909540000 - 0x00007ff90956a000 	C:\WINDOWS\System32\GDI32.dll
0x00007ff908030000 - 0x00007ff908139000 	C:\WINDOWS\System32\gdi32full.dll
0x00007ff907ee0000 - 0x00007ff907f7d000 	C:\WINDOWS\System32\msvcp_win.dll
0x00007ff908140000 - 0x00007ff908240000 	C:\WINDOWS\System32\ucrtbase.dll
0x00007ff8eb8d0000 - 0x00007ff8ebb6b000 	C:\WINDOWS\WinSxS\amd64_microsoft.windows.common-controls_6595b64144ccf1df_6.0.19041.488_none_ca04af081b815d21\COMCTL32.dll
0x00007ff909aa0000 - 0x00007ff909ad0000 	C:\WINDOWS\System32\IMM32.DLL
0x00000000769e0000 - 0x0000000076ab2000 	C:\Program Files (x86)\Minecraft\runtime\jre-x64\bin\msvcr100.dll
0x0000000076150000 - 0x00000000769d3000 	C:\Program Files (x86)\Minecraft\runtime\jre-x64\bin\server\jvm.dll
0x00007ff909810000 - 0x00007ff909818000 	C:\WINDOWS\System32\PSAPI.DLL
0x00007ff8e1fd0000 - 0x00007ff8e1fd9000 	C:\WINDOWS\SYSTEM32\WSOCK32.dll
0x00007ff9094d0000 - 0x00007ff90953b000 	C:\WINDOWS\System32\WS2_32.dll
0x00007ff900ec0000 - 0x00007ff900ee7000 	C:\WINDOWS\SYSTEM32\WINMM.dll
0x00007ff900930000 - 0x00007ff90093a000 	C:\WINDOWS\SYSTEM32\VERSION.dll
0x0000000076140000 - 0x000000007614f000 	C:\Program Files (x86)\Minecraft\runtime\jre-x64\bin\verify.dll
0x0000000076110000 - 0x0000000076139000 	C:\Program Files (x86)\Minecraft\runtime\jre-x64\bin\java.dll
0x00000000760e0000 - 0x0000000076103000 	C:\Program Files (x86)\Minecraft\runtime\jre-x64\bin\instrument.dll
0x00000000760c0000 - 0x00000000760d6000 	C:\Program Files (x86)\Minecraft\runtime\jre-x64\bin\zip.dll
0x00007ff908c70000 - 0x00007ff9093b1000 	C:\WINDOWS\System32\SHELL32.dll
0x00007ff905bc0000 - 0x00007ff906353000 	C:\WINDOWS\SYSTEM32\windows.storage.dll
0x00007ff9088b0000 - 0x00007ff908c05000 	C:\WINDOWS\System32\combase.dll
0x00007ff9074c0000 - 0x00007ff9074ec000 	C:\WINDOWS\SYSTEM32\Wldp.dll
0x00007ff90a0e0000 - 0x00007ff90a18e000 	C:\WINDOWS\System32\SHCORE.dll
0x00007ff909fd0000 - 0x00007ff90a025000 	C:\WINDOWS\System32\shlwapi.dll
0x00007ff907b20000 - 0x00007ff907b46000 	C:\WINDOWS\SYSTEM32\profapi.dll
0x00007ff9036c0000 - 0x00007ff9036da000 	C:\Users\ervin_1nmnhvl\AppData\Local\JetBrains\Toolbox\apps\IDEA-U\ch-0\202.6397.94\bin\breakgen64.dll
0x00000000760a0000 - 0x00000000760ba000 	C:\Program Files (x86)\Minecraft\runtime\jre-x64\bin\net.dll
0x00007ff9072b0000 - 0x00007ff90731a000 	C:\WINDOWS\system32\mswsock.dll
0x0000000076090000 - 0x000000007609d000 	C:\Program Files (x86)\Minecraft\runtime\jre-x64\bin\management.dll
0x00007ff8d6850000 - 0x00007ff8d6867000 	C:\WINDOWS\system32\napinsp.dll
0x00007ff8d9b80000 - 0x00007ff8d9b9b000 	C:\WINDOWS\system32\pnrpnsp.dll
0x00007ff902980000 - 0x00007ff902995000 	C:\WINDOWS\system32\wshbth.dll
0x00007ff903320000 - 0x00007ff90333d000 	C:\WINDOWS\system32\NLAapi.dll
0x00007ff906fc0000 - 0x00007ff906ffb000 	C:\WINDOWS\SYSTEM32\IPHLPAPI.DLL
0x00007ff907000000 - 0x00007ff9070cb000 	C:\WINDOWS\SYSTEM32\DNSAPI.dll
0x00007ff90a460000 - 0x00007ff90a469000 	C:\WINDOWS\System32\NSI.dll
0x00007ff8d9ba0000 - 0x00007ff8d9bb2000 	C:\WINDOWS\System32\winrnr.dll
0x00007ff8f8de0000 - 0x00007ff8f8dea000 	C:\Windows\System32\rasadhlp.dll
0x00007ff8fce90000 - 0x00007ff8fcf0f000 	C:\WINDOWS\System32\fwpuclnt.dll
0x00007ff907f80000 - 0x00007ff907fa7000 	C:\WINDOWS\System32\bcrypt.dll
0x0000000076070000 - 0x0000000076081000 	C:\Program Files (x86)\Minecraft\runtime\jre-x64\bin\nio.dll
0x0000000076040000 - 0x0000000076064000 	C:\Program Files (x86)\Minecraft\runtime\jre-x64\bin\sunec.dll
0x00007ff9077f0000 - 0x00007ff907808000 	C:\WINDOWS\SYSTEM32\CRYPTSP.dll
0x00007ff906b60000 - 0x00007ff906b94000 	C:\WINDOWS\system32\rsaenh.dll
0x00007ff907ae0000 - 0x00007ff907b0e000 	C:\WINDOWS\SYSTEM32\USERENV.dll
0x00007ff907fb0000 - 0x00007ff90802f000 	C:\WINDOWS\System32\bcryptprimitives.dll
0x00007ff907430000 - 0x00007ff90743c000 	C:\WINDOWS\SYSTEM32\CRYPTBASE.dll
0x00007ff8fa5b0000 - 0x00007ff8fa5c7000 	C:\WINDOWS\SYSTEM32\dhcpcsvc6.DLL
0x00007ff8fa470000 - 0x00007ff8fa48d000 	C:\WINDOWS\SYSTEM32\dhcpcsvc.DLL
0x00007ff8f9740000 - 0x00007ff8f97b2000 	C:\Users\ervin_1nmnhvl\AppData\Local\Temp\lwjglervin_1nmnhvl\3.2.2-build-10\lwjgl.dll
0x00007ff8e3070000 - 0x00007ff8e32c1000 	C:\Users\ERVIN_~1\AppData\Local\Temp\lwjglervin_1nmnhvl\3.2.2-build-10\jemalloc.dll
0x00007ff903660000 - 0x00007ff9036be000 	C:\Users\ERVIN_~1\AppData\Local\Temp\lwjglervin_1nmnhvl\3.2.2-build-10\glfw.dll
0x00007ff905480000 - 0x00007ff90551f000 	C:\WINDOWS\system32\uxtheme.dll
0x00007ff8f2770000 - 0x00007ff8f27b5000 	C:\WINDOWS\SYSTEM32\dinput8.dll
0x00007ff900ea0000 - 0x00007ff900eb1000 	C:\WINDOWS\SYSTEM32\xinput1_4.dll
0x00007ff907e90000 - 0x00007ff907edd000 	C:\WINDOWS\System32\cfgmgr32.dll
0x00007ff9078d0000 - 0x00007ff9078fc000 	C:\WINDOWS\SYSTEM32\DEVOBJ.dll
0x00007ff905830000 - 0x00007ff90585f000 	C:\WINDOWS\SYSTEM32\dwmapi.dll
0x00007ff8f7440000 - 0x00007ff8f7592000 	C:\WINDOWS\SYSTEM32\inputhost.dll
0x00007ff909740000 - 0x00007ff90980d000 	C:\WINDOWS\System32\OLEAUT32.dll
0x00007ff904c40000 - 0x00007ff904d32000 	C:\WINDOWS\SYSTEM32\CoreMessaging.dll
0x00007ff9031d0000 - 0x00007ff9032c7000 	C:\WINDOWS\SYSTEM32\PROPSYS.dll
0x00007ff904570000 - 0x00007ff9046c6000 	C:\WINDOWS\SYSTEM32\wintypes.dll
0x00007ff904d40000 - 0x00007ff90509a000 	C:\WINDOWS\SYSTEM32\CoreUIComponents.dll
0x00007ff9063a0000 - 0x00007ff9063b3000 	C:\WINDOWS\SYSTEM32\kernel.appcore.dll
0x00007ff906800000 - 0x00007ff906833000 	C:\WINDOWS\SYSTEM32\ntmarta.dll
0x00007ff9085c0000 - 0x00007ff9086d5000 	C:\WINDOWS\System32\MSCTF.dll
0x00007ff906360000 - 0x00007ff90636d000 	C:\WINDOWS\SYSTEM32\HID.DLL
0x00007ff909ad0000 - 0x00007ff909f37000 	C:\WINDOWS\System32\SETUPAPI.DLL
0x00007ff907d80000 - 0x00007ff907de0000 	C:\WINDOWS\System32\WINTRUST.dll
0x00007ff907bf0000 - 0x00007ff907d4d000 	C:\WINDOWS\System32\CRYPT32.dll
0x00007ff9078b0000 - 0x00007ff9078c2000 	C:\WINDOWS\SYSTEM32\MSASN1.dll
0x00007ff8b4a50000 - 0x00007ff8b4b75000 	C:\WINDOWS\SYSTEM32\opengl32.dll
0x00007ff8b7a80000 - 0x00007ff8b7aac000 	C:\WINDOWS\SYSTEM32\GLU32.dll
0x00007ff908510000 - 0x00007ff9085b8000 	C:\WINDOWS\System32\clbcatq.dll
0x00007ff8bd7a0000 - 0x00007ff8be424000 	C:\WINDOWS\SYSTEM32\ig4icd64.dll
0x00007ff906410000 - 0x00007ff906503000 	C:\WINDOWS\SYSTEM32\dxgi.dll
0x00007ff903d70000 - 0x00007ff903fd3000 	C:\WINDOWS\SYSTEM32\d3d11.dll
0x00007ff8fbe60000 - 0x00007ff8fcab0000 	C:\WINDOWS\SYSTEM32\igd10umd64.dll
0x00007ff8fce40000 - 0x00007ff8fce7b000 	C:\WINDOWS\SYSTEM32\dxcore.dll
0x00007ff8f21c0000 - 0x00007ff8f223f000 	C:\Users\ervin_1nmnhvl\AppData\Local\Temp\lwjglervin_1nmnhvl\3.2.2-build-10\lwjgl_stb.dll
0x00007ff902690000 - 0x00007ff90273e000 	C:\WINDOWS\SYSTEM32\mscms.dll
0x00007ff9025e0000 - 0x00007ff9025f1000 	C:\WINDOWS\SYSTEM32\ColorAdapterClient.dll
0x00007ff8f2720000 - 0x00007ff8f2763000 	C:\WINDOWS\SYSTEM32\icm32.dll
0x00007ff8f75a0000 - 0x00007ff8f769d000 	C:\WINDOWS\SYSTEM32\textinputframework.dll
0x00007ff8e8e20000 - 0x00007ff8e8e78000 	C:\Users\ervin_1nmnhvl\AppData\Local\Temp\lwjglervin_1nmnhvl\3.2.2-build-10\lwjgl_opengl.dll
0x00007ff903740000 - 0x00007ff903782000 	C:\Users\ervin_1nmnhvl\AppData\Local\Temp\jna-2118671535\jna7831247378171266281.dll
0x00007ff903720000 - 0x00007ff90373a000 	C:\save\modding\ervin_mod_1\build\natives\SAPIWrapper_x64.dll
0x00007ff90a330000 - 0x00007ff90a459000 	C:\WINDOWS\System32\ole32.dll
0x00007ff8f2260000 - 0x00007ff8f23e4000 	C:\WINDOWS\System32\Speech\Common\sapi.dll
0x00007ff8bbfd0000 - 0x00007ff8bbfee000 	C:\WINDOWS\SYSTEM32\MSACM32.dll
0x00007ff8d07d0000 - 0x00007ff8d07f6000 	C:\WINDOWS\SYSTEM32\winmmbase.dll
0x00007ff8db470000 - 0x00007ff8db47b000 	C:\WINDOWS\SYSTEM32\msdmo.dll
0x00007ff8f87b0000 - 0x00007ff8f8835000 	C:\WINDOWS\System32\MMDevApi.dll
0x00007ff8e4210000 - 0x00007ff8e4324000 	C:\Users\ERVIN_~1\AppData\Local\Temp\lwjglervin_1nmnhvl\3.2.2-build-10\OpenAL.dll
0x00007ff8f1140000 - 0x00007ff8f12c0000 	C:\WINDOWS\SYSTEM32\AUDIOSES.DLL
0x00007ff907a50000 - 0x00007ff907a9b000 	C:\WINDOWS\SYSTEM32\powrprof.dll
0x00007ff907a30000 - 0x00007ff907a42000 	C:\WINDOWS\SYSTEM32\UMPDC.dll
0x00007ff905550000 - 0x00007ff905564000 	C:\WINDOWS\SYSTEM32\resourcepolicyclient.dll
0x0000000075ea0000 - 0x0000000076038000 	C:\Program Files (x86)\Minecraft\runtime\jre-x64\bin\awt.dll
0x00007ff9052b0000 - 0x00007ff905340000 	C:\WINDOWS\SYSTEM32\apphelp.dll
0x00007ff8ff750000 - 0x00007ff8ff934000 	C:\WINDOWS\SYSTEM32\dbghelp.dll

VM Arguments:
jvm_args: -Dforge.logging.console.level=debug -Dforge.logging.markers=SCAN,REGISTRIES,REGISTRYDUMP -XX:HeapDumpPath=MojangTricksIntelDriversForPerformance_javaw.exe_minecraft.exe.heapdump -Dos.name=Windows 10 -Dos.version=10.0 -javaagent:C:\Users\ervin_1nmnhvl\AppData\Local\JetBrains\Toolbox\apps\IDEA-U\ch-0\202.6397.94\lib\idea_rt.jar=49957:C:\Users\ervin_1nmnhvl\AppData\Local\JetBrains\Toolbox\apps\IDEA-U\ch-0\202.6397.94\bin -Dfile.encoding=UTF-8 
java_command: net.minecraftforge.userdev.LaunchTesting
java_class_path (initial): C:\Program Files (x86)\Minecraft\runtime\jre-x64\lib\charsets.jar;C:\Program Files (x86)\Minecraft\runtime\jre-x64\lib\deploy.jar;C:\Program Files (x86)\Minecraft\runtime\jre-x64\lib\ext\access-bridge-64.jar;C:\Program Files (x86)\Minecraft\runtime\jre-x64\lib\ext\cldrdata.jar;C:\Program Files (x86)\Minecraft\runtime\jre-x64\lib\ext\dnsns.jar;C:\Program Files (x86)\Minecraft\runtime\jre-x64\lib\ext\jaccess.jar;C:\Program Files (x86)\Minecraft\runtime\jre-x64\lib\ext\jfxrt.jar;C:\Program Files (x86)\Minecraft\runtime\jre-x64\lib\ext\localedata.jar;C:\Program Files (x86)\Minecraft\runtime\jre-x64\lib\ext\nashorn.jar;C:\Program Files (x86)\Minecraft\runtime\jre-x64\lib\ext\sunec.jar;C:\Program Files (x86)\Minecraft\runtime\jre-x64\lib\ext\sunjce_provider.jar;C:\Program Files (x86)\Minecraft\runtime\jre-x64\lib\ext\sunmscapi.jar;C:\Program Files (x86)\Minecraft\runtime\jre-x64\lib\ext\sunpkcs11.jar;C:\Program Files (x86)\Minecraft\runtime\jre-x64\lib\ext\zipfs.jar;C:\Program Files (x86)\Minecraft\runtime\jre-x64\lib\javaws.jar;C:\Program Files (x86)\Minecraft\runtime\jre-x64\lib\jce.jar;C:\Program Files (x86)\Minecraft\runtime\jre-x64\lib\jfr.jar;C:\Program Files (x86)\Minecraft\runtime\jre-x64\lib\jfxswt.jar;C:\Program Files (x86)\Minecraft\runtime\jre-x64\lib\jsse.jar;C:\Program Files (x86)\Minecraft\runtime\jre-x64\lib\management-agent.jar;C:\Program Files (x86)\Minecraft\runtime\jre-x64\lib\plugin.jar;C:\Program Files (x86)\Minecraft\runtime\jre-x64\lib\resources.jar;C:\Program Files (x86)\Minecraft\runtime\jre-x64\lib\rt.jar;C:\save\modding\ervin_mod_1\build\classes\java\main;C:\save\modding\ervin_mod_1\build\resources\main;C:\Users\ervin_1nmnhvl\.gradle\caches\forge_gradle\minecraft_user_repo\net\minecraftforge\forge\1.16.1-32.0.75_mapped_snapshot_20200723-1.16.1\forge-1.16.1-32.0.75_mapped_snapshot_20200723-1.16.1-recomp.jar;C:\Users\ervin_1nmnhvl\.gradle\caches\forge_gradle\minecraft_user_repo\net\minecraftforge\forge\1.16.1-32.0.75_
Launcher Type: SUN_STANDARD

Environment Variables:
JAVA_HOME=C:\Program Files\Java\jdk-11.0.4
PATH=C:\Program Files\Docker\Docker\Resources\bin;C:\ProgramData\Oracle\Java\javapath;C:\WINDOWS\system32;C:\WINDOWS;C:\WINDOWS\System32\Wbem;C:\WINDOWS\System32\WindowsPowerShell\v1.0\;C:\Program Files (x86)\cloudControl;C:\Program Files\Git\cmd;C:\bin;C:\Program Files (x86)\Windows Kits\8.1\Windows Performance Toolkit\;C:\Program Files (x86)\PuTTY\;C:\Program Files (x86)\Nodist\bin;G:\save\sdk\android\tools;G:\save\sdk\android\platform-tools;C:\boxfuse;C:\Program Files (x86)\Skype\Phone\;C:\Program Files (x86)\GtkSharp\2.12\bin;C:\Program Files (x86)\IVI Foundation\VISA\WinNT\Bin;C:\WINDOWS\system32;C:\WINDOWS;C:\WINDOWS\System32\Wbem;C:\WINDOWS\System32\WindowsPowerShell\v1.0\;;C:\WINDOWS\System32\OpenSSH\;C:\Users\ervin_1nmnhvl\AppData\Local\Microsoft\WindowsApps;
USERNAME=ervin_1nmnhvl
OS=Windows_NT
PROCESSOR_IDENTIFIER=Intel64 Family 6 Model 42 Stepping 7, GenuineIntel



---------------  S Y S T E M  ---------------

OS: Windows 10.0 , 64 bit Build 19041 (10.0.19041.292)

CPU:total 4 (2 cores per cpu, 2 threads per core) family 6 model 42 stepping 7, cmov, cx8, fxsr, mmx, sse, sse2, sse3, ssse3, sse4.1, sse4.2, popcnt, avx, aes, clmul, ht, tsc, tscinvbit

Memory: 4k page, physical 8266764k(542568k free), swap 10363916k(948k free)

vm_info: Java HotSpot(TM) 64-Bit Server VM (25.51-b03) for windows-amd64 JRE (1.8.0_51-b16), built on Jun  8 2015 18:03:07 by "java_re" with MS VC++ 10.0 (VS2010)

time: Thu Oct 01 15:29:39 2020
elapsed time: 969 seconds (0d 0h 16m 9s)

