#
# There is insufficient memory for the Java Runtime Environment to continue.
# Native memory allocation (malloc) failed to allocate 1095136 bytes for Chunk::new
# Possible reasons:
#   The system is out of physical RAM or swap space
#   In 32 bit mode, the process size limit was hit
# Possible solutions:
#   Reduce memory load on the system
#   Increase physical memory or swap space
#   Check if swap backing store is full
#   Use 64 bit Java on a 64 bit OS
#   Decrease Java heap size (-Xmx/-Xms)
#   Decrease number of Java threads
#   Decrease Java thread stack sizes (-Xss)
#   Set larger code cache with -XX:ReservedCodeCacheSize=
# This output file may be truncated or incomplete.
#
#  Out of Memory Error (allocation.cpp:390), pid=15336, tid=7504
#
# JRE version: Java(TM) SE Runtime Environment (8.0_51-b16) (build 1.8.0_51-b16)
# Java VM: Java HotSpot(TM) 64-Bit Server VM (25.51-b03 mixed mode windows-amd64 compressed oops)
# Failed to write core dump. Minidumps are not enabled by default on client versions of Windows
#

---------------  T H R E A D  ---------------

Current thread (0x0000000019052000):  JavaThread "C2 CompilerThread0" daemon [_thread_in_native, id=7504, stack(0x0000000019190000,0x0000000019290000)]

Stack: [0x0000000019190000,0x0000000019290000]
Native frames: (J=compiled Java code, j=interpreted, Vv=VM code, C=native code)
V  [jvm.dll+0x32b4ca]
V  [jvm.dll+0x2797e3]
V  [jvm.dll+0x27a479]
V  [jvm.dll+0x271765]
V  [jvm.dll+0xcba02]
V  [jvm.dll+0xcbecc]
V  [jvm.dll+0x476f72]
V  [jvm.dll+0x4b95ff]
V  [jvm.dll+0x46c011]
V  [jvm.dll+0x46cd4e]
V  [jvm.dll+0x4501a2]
V  [jvm.dll+0xa43a2]
V  [jvm.dll+0xa4cdf]
V  [jvm.dll+0x2418a4]
V  [jvm.dll+0x29846a]
C  [msvcr100.dll+0x21d9f]
C  [msvcr100.dll+0x21e3b]
C  [KERNEL32.DLL+0x16fd4]
C  [ntdll.dll+0x4cec1]


Current CompileTask:
C2:  65084 9370   !   4       java.nio.file.FileTreeWalker::next (144 bytes)


---------------  P R O C E S S  ---------------

Java Threads: ( => current thread )
  0x0000000019947800 JavaThread "Narrator" [_thread_blocked, id=21864, stack(0x000000002a440000,0x000000002a540000)]
  0x000000001994d800 JavaThread "Sound engine" daemon [_thread_blocked, id=10160, stack(0x0000000029620000,0x0000000029720000)]
  0x000000001994d000 JavaThread "modloading-worker-0" daemon [_thread_blocked, id=1928, stack(0x0000000027dc0000,0x0000000027ec0000)]
  0x000000001994a000 JavaThread "Timer hack thread" daemon [_thread_blocked, id=14464, stack(0x0000000026f50000,0x0000000027050000)]
  0x00000000233c0000 JavaThread "Server-Worker-3" daemon [_thread_in_native, id=12584, stack(0x0000000026450000,0x0000000026550000)]
  0x000000001bc8f800 JavaThread "Server-Worker-2" daemon [_thread_blocked, id=15592, stack(0x0000000025ed0000,0x0000000025fd0000)]
  0x0000000023a00000 JavaThread "Server-Worker-1" daemon [_thread_in_vm, id=812, stack(0x0000000021eb0000,0x0000000021fb0000)]
  0x00000000234fa000 JavaThread "Snooper Timer" daemon [_thread_blocked, id=20904, stack(0x000000001c570000,0x000000001c670000)]
  0x000000001b5c3000 JavaThread "pool-2-thread-1" daemon [_thread_blocked, id=2700, stack(0x00000000208a0000,0x00000000209a0000)]
  0x000000001a134800 JavaThread "Thread-2" daemon [_thread_in_native, id=18132, stack(0x000000001cb70000,0x000000001cc70000)]
  0x000000001ac04800 JavaThread "Thread-1" daemon [_thread_blocked, id=16760, stack(0x000000001ca70000,0x000000001cb70000)]
  0x00000000193bc000 JavaThread "Service Thread" daemon [_thread_blocked, id=20128, stack(0x0000000019c90000,0x0000000019d90000)]
  0x000000001908c800 JavaThread "C1 CompilerThread2" daemon [_thread_in_vm, id=4296, stack(0x0000000019b90000,0x0000000019c90000)]
  0x0000000019054800 JavaThread "C2 CompilerThread1" daemon [_thread_in_native, id=2548, stack(0x0000000019290000,0x0000000019390000)]
=>0x0000000019052000 JavaThread "C2 CompilerThread0" daemon [_thread_in_native, id=7504, stack(0x0000000019190000,0x0000000019290000)]
  0x000000001904f800 JavaThread "Monitor Ctrl-Break" daemon [_thread_in_native, id=19032, stack(0x0000000019090000,0x0000000019190000)]
  0x0000000017728800 JavaThread "Attach Listener" daemon [_thread_blocked, id=18124, stack(0x0000000018b90000,0x0000000018c90000)]
  0x0000000017727800 JavaThread "Signal Dispatcher" daemon [_thread_blocked, id=4308, stack(0x0000000018a90000,0x0000000018b90000)]
  0x0000000002a3d800 JavaThread "Finalizer" daemon [_thread_blocked, id=13788, stack(0x0000000018990000,0x0000000018a90000)]
  0x0000000002a39000 JavaThread "Reference Handler" daemon [_thread_blocked, id=19100, stack(0x0000000018890000,0x0000000018990000)]
  0x0000000002942800 JavaThread "Render thread" [_thread_in_native, id=14312, stack(0x0000000002840000,0x0000000002940000)]

Other Threads:
  0x00000000176e9000 VMThread [stack: 0x0000000018790000,0x0000000018890000] [id=8736]
  0x0000000019418800 WatcherThread [stack: 0x0000000019d90000,0x0000000019e90000] [id=17564]

VM state:not at safepoint (normal execution)

VM Mutex/Monitor currently owned by a thread:  ([mutex/lock_event])
[0x0000000000f5ed50] CodeCache_lock - owner thread: 0x000000001908c800

Heap:
 PSYoungGen      total 619520K, used 57663K [0x00000000d5f00000, 0x0000000100000000, 0x0000000100000000)
  eden space 548864K, 9% used [0x00000000d5f00000,0x00000000d91024f0,0x00000000f7700000)
  from space 70656K, 9% used [0x00000000fbb00000,0x00000000fc14d9d8,0x0000000100000000)
  to   space 69632K, 0% used [0x00000000f7700000,0x00000000f7700000,0x00000000fbb00000)
 ParOldGen       total 413184K, used 385211K [0x0000000081c00000, 0x000000009af80000, 0x00000000d5f00000)
  object space 413184K, 93% used [0x0000000081c00000,0x000000009942ec08,0x000000009af80000)
 Metaspace       used 66570K, capacity 72714K, committed 72832K, reserved 1110016K
  class space    used 10278K, capacity 12120K, committed 12160K, reserved 1048576K

Card table byte_map: [0x0000000011fb0000,0x00000000123b0000] byte_map_base: 0x0000000011ba2000

Marking Bits: (ParMarkBitMap*) 0x000000006b634040
 Begin Bits: [0x0000000012a60000, 0x00000000149f0000)
 End Bits:   [0x00000000149f0000, 0x0000000016980000)

Polling page: 0x0000000000ee0000

CodeCache: size=245760Kb used=22370Kb max_used=22411Kb free=223389Kb
 bounds [0x0000000002bf0000, 0x0000000004200000, 0x0000000011bf0000]
 total_blobs=8494 nmethods=7106 adapters=1299
 compilation: enabled

Compilation events (10 events):
Event: 64.667 Thread 0x0000000019054800 nmethod 9360 0x00000000041bf4d0 code [0x00000000041bf620, 0x00000000041bf838]
Event: 64.675 Thread 0x0000000019054800 9365       4       sun.nio.fs.WindowsPath::subpath (155 bytes)
Event: 64.713 Thread 0x0000000019054800 nmethod 9365 0x00000000041c9e90 code [0x00000000041ca0a0, 0x00000000041cb1c8]
Event: 64.713 Thread 0x0000000019054800 9367 %     4       net.minecraft.client.renderer.texture.NativeImage::makePixelArray @ 49 (141 bytes)
Event: 64.720 Thread 0x0000000019054800 nmethod 9367% 0x00000000041c1cd0 code [0x00000000041c1e20, 0x00000000041c2178]
Event: 64.723 Thread 0x0000000019054800 9368       4       java.util.HashMap$KeySpliterator::forEachRemaining (186 bytes)
Event: 64.729 Thread 0x0000000019054800 nmethod 9368 0x00000000041c3410 code [0x00000000041c3560, 0x00000000041c37f8]
Event: 64.748 Thread 0x0000000019054800 9369   !   4       java.nio.file.FileTreeWalker::getAttributes (94 bytes)
Event: 64.893 Thread 0x0000000019052000 nmethod 9331 0x00000000041d39d0 code [0x00000000041d4440, 0x00000000041db410]
Event: 64.894 Thread 0x0000000019052000 9370   !   4       java.nio.file.FileTreeWalker::next (144 bytes)

GC Heap History (10 events):
Event: 61.198 GC heap before
{Heap before GC invocations=77 (full 5):
 PSYoungGen      total 603136K, used 602939K [0x00000000d5f00000, 0x00000000ffc80000, 0x0000000100000000)
  eden space 560640K, 100% used [0x00000000d5f00000,0x00000000f8280000,0x00000000f8280000)
  from space 42496K, 99% used [0x00000000f8280000,0x00000000fabcefe0,0x00000000fac00000)
  to   space 62464K, 0% used [0x00000000fbf80000,0x00000000fbf80000,0x00000000ffc80000)
 ParOldGen       total 413184K, used 376699K [0x0000000081c00000, 0x000000009af80000, 0x00000000d5f00000)
  object space 413184K, 91% used [0x0000000081c00000,0x0000000098bded68,0x000000009af80000)
 Metaspace       used 66324K, capacity 72238K, committed 72448K, reserved 1110016K
  class space    used 10248K, capacity 12022K, committed 12032K, reserved 1048576K
Event: 61.206 GC heap after
Heap after GC invocations=77 (full 5):
 PSYoungGen      total 618496K, used 1758K [0x00000000d5f00000, 0x0000000100000000, 0x0000000100000000)
  eden space 556032K, 0% used [0x00000000d5f00000,0x00000000d5f00000,0x00000000f7e00000)
  from space 62464K, 2% used [0x00000000fbf80000,0x00000000fc137928,0x00000000ffc80000)
  to   space 66560K, 0% used [0x00000000f7e00000,0x00000000f7e00000,0x00000000fbf00000)
 ParOldGen       total 413184K, used 378115K [0x0000000081c00000, 0x000000009af80000, 0x00000000d5f00000)
  object space 413184K, 91% used [0x0000000081c00000,0x0000000098d40d68,0x000000009af80000)
 Metaspace       used 66324K, capacity 72238K, committed 72448K, reserved 1110016K
  class space    used 10248K, capacity 12022K, committed 12032K, reserved 1048576K
}
Event: 61.885 GC heap before
{Heap before GC invocations=78 (full 5):
 PSYoungGen      total 618496K, used 557790K [0x00000000d5f00000, 0x0000000100000000, 0x0000000100000000)
  eden space 556032K, 100% used [0x00000000d5f00000,0x00000000f7e00000,0x00000000f7e00000)
  from space 62464K, 2% used [0x00000000fbf80000,0x00000000fc137928,0x00000000ffc80000)
  to   space 66560K, 0% used [0x00000000f7e00000,0x00000000f7e00000,0x00000000fbf00000)
 ParOldGen       total 413184K, used 378870K [0x0000000081c00000, 0x000000009af80000, 0x00000000d5f00000)
  object space 413184K, 91% used [0x0000000081c00000,0x0000000098dfda50,0x000000009af80000)
 Metaspace       used 66343K, capacity 72330K, committed 72448K, reserved 1110016K
  class space    used 10248K, capacity 12022K, committed 12032K, reserved 1048576K
Event: 61.898 GC heap after
Heap after GC invocations=78 (full 5):
 PSYoungGen      total 561152K, used 4960K [0x00000000d5f00000, 0x0000000100000000, 0x0000000100000000)
  eden space 556032K, 0% used [0x00000000d5f00000,0x00000000d5f00000,0x00000000f7e00000)
  from space 5120K, 96% used [0x00000000f7e00000,0x00000000f82d8000,0x00000000f8300000)
  to   space 68608K, 0% used [0x00000000fbd00000,0x00000000fbd00000,0x0000000100000000)
 ParOldGen       total 413184K, used 379710K [0x0000000081c00000, 0x000000009af80000, 0x00000000d5f00000)
  object space 413184K, 91% used [0x0000000081c00000,0x0000000098ecfa50,0x000000009af80000)
 Metaspace       used 66343K, capacity 72330K, committed 72448K, reserved 1110016K
  class space    used 10248K, capacity 12022K, committed 12032K, reserved 1048576K
}
Event: 62.470 GC heap before
{Heap before GC invocations=79 (full 5):
 PSYoungGen      total 561152K, used 560992K [0x00000000d5f00000, 0x0000000100000000, 0x0000000100000000)
  eden space 556032K, 100% used [0x00000000d5f00000,0x00000000f7e00000,0x00000000f7e00000)
  from space 5120K, 96% used [0x00000000f7e00000,0x00000000f82d8000,0x00000000f8300000)
  to   space 68608K, 0% used [0x00000000fbd00000,0x00000000fbd00000,0x0000000100000000)
 ParOldGen       total 413184K, used 380314K [0x0000000081c00000, 0x000000009af80000, 0x00000000d5f00000)
  object space 413184K, 92% used [0x0000000081c00000,0x0000000098f669b0,0x000000009af80000)
 Metaspace       used 66363K, capacity 72382K, committed 72448K, reserved 1110016K
  class space    used 10248K, capacity 12022K, committed 12032K, reserved 1048576K
Event: 62.482 GC heap after
Heap after GC invocations=79 (full 5):
 PSYoungGen      total 617472K, used 384K [0x00000000d5f00000, 0x0000000100000000, 0x0000000100000000)
  eden space 548864K, 0% used [0x00000000d5f00000,0x00000000d5f00000,0x00000000f7700000)
  from space 68608K, 0% used [0x00000000fbd00000,0x00000000fbd60000,0x0000000100000000)
  to   space 70144K, 0% used [0x00000000f7700000,0x00000000f7700000,0x00000000fbb80000)
 ParOldGen       total 413184K, used 385210K [0x0000000081c00000, 0x000000009af80000, 0x00000000d5f00000)
  object space 413184K, 93% used [0x0000000081c00000,0x000000009942e9b0,0x000000009af80000)
 Metaspace       used 66363K, capacity 72382K, committed 72448K, reserved 1110016K
  class space    used 10248K, capacity 12022K, committed 12032K, reserved 1048576K
}
Event: 63.124 GC heap before
{Heap before GC invocations=80 (full 5):
 PSYoungGen      total 617472K, used 549248K [0x00000000d5f00000, 0x0000000100000000, 0x0000000100000000)
  eden space 548864K, 100% used [0x00000000d5f00000,0x00000000f7700000,0x00000000f7700000)
  from space 68608K, 0% used [0x00000000fbd00000,0x00000000fbd60000,0x0000000100000000)
  to   space 70144K, 0% used [0x00000000f7700000,0x00000000f7700000,0x00000000fbb80000)
 ParOldGen       total 413184K, used 385211K [0x0000000081c00000, 0x000000009af80000, 0x00000000d5f00000)
  object space 413184K, 93% used [0x0000000081c00000,0x000000009942ec08,0x000000009af80000)
 Metaspace       used 66375K, capacity 72406K, committed 72448K, reserved 1110016K
  class space    used 10248K, capacity 12022K, committed 12032K, reserved 1048576K
Event: 63.128 GC heap after
Heap after GC invocations=80 (full 5):
 PSYoungGen      total 549888K, used 800K [0x00000000d5f00000, 0x0000000100000000, 0x0000000100000000)
  eden space 548864K, 0% used [0x00000000d5f00000,0x00000000d5f00000,0x00000000f7700000)
  from space 1024K, 78% used [0x00000000f7700000,0x00000000f77c8000,0x00000000f7800000)
  to   space 70656K, 0% used [0x00000000fbb00000,0x00000000fbb00000,0x0000000100000000)
 ParOldGen       total 413184K, used 385211K [0x0000000081c00000, 0x000000009af80000, 0x00000000d5f00000)
  object space 413184K, 93% used [0x0000000081c00000,0x000000009942ec08,0x000000009af80000)
 Metaspace       used 66375K, capacity 72406K, committed 72448K, reserved 1110016K
  class space    used 10248K, capacity 12022K, committed 12032K, reserved 1048576K
}
Event: 63.973 GC heap before
{Heap before GC invocations=81 (full 5):
 PSYoungGen      total 549888K, used 549664K [0x00000000d5f00000, 0x0000000100000000, 0x0000000100000000)
  eden space 548864K, 100% used [0x00000000d5f00000,0x00000000f7700000,0x00000000f7700000)
  from space 1024K, 78% used [0x00000000f7700000,0x00000000f77c8000,0x00000000f7800000)
  to   space 70656K, 0% used [0x00000000fbb00000,0x00000000fbb00000,0x0000000100000000)
 ParOldGen       total 413184K, used 385211K [0x0000000081c00000, 0x000000009af80000, 0x00000000d5f00000)
  object space 413184K, 93% used [0x0000000081c00000,0x000000009942ec08,0x000000009af80000)
 Metaspace       used 66446K, capacity 72626K, committed 72832K, reserved 1110016K
  class space    used 10263K, capacity 12102K, committed 12160K, reserved 1048576K
Event: 63.986 GC heap after
Heap after GC invocations=81 (full 5):
 PSYoungGen      total 619520K, used 6454K [0x00000000d5f00000, 0x0000000100000000, 0x0000000100000000)
  eden space 548864K, 0% used [0x00000000d5f00000,0x00000000d5f00000,0x00000000f7700000)
  from space 70656K, 9% used [0x00000000fbb00000,0x00000000fc14d9d8,0x0000000100000000)
  to   space 69632K, 0% used [0x00000000f7700000,0x00000000f7700000,0x00000000fbb00000)
 ParOldGen       total 413184K, used 385211K [0x0000000081c00000, 0x000000009af80000, 0x00000000d5f00000)
  object space 413184K, 93% used [0x0000000081c00000,0x000000009942ec08,0x000000009af80000)
 Metaspace       used 66446K, capacity 72626K, committed 72832K, reserved 1110016K
  class space    used 10263K, capacity 12102K, committed 12160K, reserved 1048576K
}

Deoptimization events (10 events):
Event: 63.967 Thread 0x00000000233c0000 Uncommon trap: reason=bimorphic action=maybe_recompile pc=0x0000000003c32664 method=java.lang.ClassLoader.getResource(Ljava/lang/String;)Ljava/net/URL; @ 30
Event: 63.969 Thread 0x000000001bc8f800 Uncommon trap: reason=bimorphic action=maybe_recompile pc=0x00000000032b2310 method=java.util.concurrent.CompletableFuture.postComplete()V @ 67
Event: 63.969 Thread 0x0000000023a00000 Uncommon trap: reason=bimorphic action=maybe_recompile pc=0x00000000032b2310 method=java.util.concurrent.CompletableFuture.postComplete()V @ 67
Event: 63.969 Thread 0x00000000233c0000 Uncommon trap: reason=bimorphic action=maybe_recompile pc=0x00000000032b2310 method=java.util.concurrent.CompletableFuture.postComplete()V @ 67
Event: 63.988 Thread 0x00000000233c0000 Uncommon trap: reason=bimorphic action=maybe_recompile pc=0x0000000003c32664 method=java.lang.ClassLoader.getResource(Ljava/lang/String;)Ljava/net/URL; @ 30
Event: 63.989 Thread 0x00000000233c0000 Uncommon trap: reason=class_check action=maybe_recompile pc=0x00000000039b5224 method=sun.nio.ch.IOUtil.read(Ljava/io/FileDescriptor;Ljava/nio/ByteBuffer;JLsun/nio/ch/NativeDispatcher;)I @ 1
Event: 64.059 Thread 0x00000000233c0000 Uncommon trap: reason=unstable_if action=reinterpret pc=0x0000000003d4c9a4 method=java.util.stream.AbstractPipeline.close()V @ 22
Event: 64.065 Thread 0x000000001bc8f800 Uncommon trap: reason=unloaded action=reinterpret pc=0x0000000003883898 method=com.google.gson.internal.bind.TypeAdapters$29.read(Lcom/google/gson/stream/JsonReader;)Lcom/google/gson/JsonElement; @ 120
Event: 64.067 Thread 0x000000001bc8f800 Uncommon trap: reason=unstable_if action=reinterpret pc=0x00000000032c037c method=com.google.gson.stream.JsonReader.nextString()Ljava/lang/String; @ 82
Event: 64.067 Thread 0x000000001bc8f800 Uncommon trap: reason=null_check action=make_not_entrant pc=0x00000000037dec74 method=com.google.gson.JsonPrimitive.isPrimitiveOrString(Ljava/lang/Object;)Z @ 39

Internal exceptions (10 events):
Event: 64.703 Thread 0x0000000023a00000 Exception <a 'sun/nio/fs/WindowsException'> (0x00000000d650ff78) thrown at [C:\re\workspace\8-2-build-windows-amd64-cygwin\jdk8u51\3951\hotspot\src\share\vm\prims\jni.cpp, line 709]
Event: 64.703 Thread 0x0000000023a00000 Exception <a 'sun/nio/fs/WindowsException'> (0x00000000d6510c50) thrown at [C:\re\workspace\8-2-build-windows-amd64-cygwin\jdk8u51\3951\hotspot\src\share\vm\prims\jni.cpp, line 709]
Event: 64.703 Thread 0x0000000023a00000 Exception <a 'sun/nio/fs/WindowsException'> (0x00000000d65112b0) thrown at [C:\re\workspace\8-2-build-windows-amd64-cygwin\jdk8u51\3951\hotspot\src\share\vm\prims\jni.cpp, line 709]
Event: 64.736 Thread 0x0000000023a00000 Exception <a 'sun/nio/fs/WindowsException'> (0x00000000d6564460) thrown at [C:\re\workspace\8-2-build-windows-amd64-cygwin\jdk8u51\3951\hotspot\src\share\vm\prims\jni.cpp, line 709]
Event: 64.736 Thread 0x0000000023a00000 Exception <a 'sun/nio/fs/WindowsException'> (0x00000000d65648c0) thrown at [C:\re\workspace\8-2-build-windows-amd64-cygwin\jdk8u51\3951\hotspot\src\share\vm\prims\jni.cpp, line 709]
Event: 64.736 Thread 0x0000000023a00000 Exception <a 'sun/nio/fs/WindowsException'> (0x00000000d65651d8) thrown at [C:\re\workspace\8-2-build-windows-amd64-cygwin\jdk8u51\3951\hotspot\src\share\vm\prims\jni.cpp, line 709]
Event: 64.736 Thread 0x0000000023a00000 Exception <a 'sun/nio/fs/WindowsException'> (0x00000000d65657c8) thrown at [C:\re\workspace\8-2-build-windows-amd64-cygwin\jdk8u51\3951\hotspot\src\share\vm\prims\jni.cpp, line 709]
Event: 64.736 Thread 0x0000000023a00000 Exception <a 'sun/nio/fs/WindowsException'> (0x00000000d6566570) thrown at [C:\re\workspace\8-2-build-windows-amd64-cygwin\jdk8u51\3951\hotspot\src\share\vm\prims\jni.cpp, line 709]
Event: 64.737 Thread 0x0000000023a00000 Exception <a 'sun/nio/fs/WindowsException'> (0x00000000d6566b00) thrown at [C:\re\workspace\8-2-build-windows-amd64-cygwin\jdk8u51\3951\hotspot\src\share\vm\prims\jni.cpp, line 709]
Event: 64.743 Thread 0x00000000233c0000 Exception <a 'sun/nio/fs/WindowsException'> (0x00000000d81d36e0) thrown at [C:\re\workspace\8-2-build-windows-amd64-cygwin\jdk8u51\3951\hotspot\src\share\vm\prims\jni.cpp, line 709]

Events (10 events):
Event: 64.076 Thread 0x000000001908c800 flushing nmethod 0x0000000003a22cd0
Event: 64.077 Thread 0x000000001908c800 flushing nmethod 0x0000000003ab8c50
Event: 64.082 Thread 0x000000001908c800 flushing nmethod 0x0000000003b546d0
Event: 64.083 Thread 0x000000001908c800 flushing nmethod 0x0000000003d0e650
Event: 64.085 Thread 0x000000001908c800 flushing nmethod 0x0000000003e59dd0
Event: 64.085 Thread 0x000000001908c800 flushing nmethod 0x0000000003f4a750
Event: 64.721 loading class net/minecraft/util/ResourceLocation
Event: 64.721 loading class net/minecraft/util/ResourceLocation done
Event: 64.723 loading class net/minecraft/util/ResourceLocation
Event: 64.723 loading class net/minecraft/util/ResourceLocation done


Dynamic libraries:
0x00007ff64db70000 - 0x00007ff64dba7000 	C:\Program Files (x86)\Minecraft\runtime\jre-x64\bin\java.exe
0x00007ff8dfd70000 - 0x00007ff8dff65000 	C:\WINDOWS\SYSTEM32\ntdll.dll
0x00007ff8de750000 - 0x00007ff8de80d000 	C:\WINDOWS\System32\KERNEL32.DLL
0x00007ff8ddb10000 - 0x00007ff8dddd7000 	C:\WINDOWS\System32\KERNELBASE.dll
0x00007ff8decf0000 - 0x00007ff8ded9a000 	C:\WINDOWS\System32\ADVAPI32.dll
0x00007ff8de0b0000 - 0x00007ff8de14e000 	C:\WINDOWS\System32\msvcrt.dll
0x00007ff8df520000 - 0x00007ff8df5bb000 	C:\WINDOWS\System32\sechost.dll
0x00007ff8dfa50000 - 0x00007ff8dfb73000 	C:\WINDOWS\System32\RPCRT4.dll
0x00007ff8ddde0000 - 0x00007ff8ddf80000 	C:\WINDOWS\System32\USER32.dll
0x00007ff8dd510000 - 0x00007ff8dd532000 	C:\WINDOWS\System32\win32u.dll
0x00007ff8de600000 - 0x00007ff8de62a000 	C:\WINDOWS\System32\GDI32.dll
0x00007ff8dd6a0000 - 0x00007ff8dd7aa000 	C:\WINDOWS\System32\gdi32full.dll
0x00007ff8dd7e0000 - 0x00007ff8dd87d000 	C:\WINDOWS\System32\msvcp_win.dll
0x00007ff8dd8e0000 - 0x00007ff8dd9e0000 	C:\WINDOWS\System32\ucrtbase.dll
0x00007ff8c0380000 - 0x00007ff8c061a000 	C:\WINDOWS\WinSxS\amd64_microsoft.windows.common-controls_6595b64144ccf1df_6.0.19041.1_none_b555e41d4684ddec\COMCTL32.dll
0x00007ff8deda0000 - 0x00007ff8dedd0000 	C:\WINDOWS\System32\IMM32.DLL
0x000000006b6c0000 - 0x000000006b792000 	C:\Program Files (x86)\Minecraft\runtime\jre-x64\bin\msvcr100.dll
0x000000006ae30000 - 0x000000006b6b3000 	C:\Program Files (x86)\Minecraft\runtime\jre-x64\bin\server\jvm.dll
0x00007ff8de1d0000 - 0x00007ff8de1d8000 	C:\WINDOWS\System32\PSAPI.DLL
0x00007ff8d64a0000 - 0x00007ff8d64c7000 	C:\WINDOWS\SYSTEM32\WINMM.dll
0x00007ff8b8050000 - 0x00007ff8b8059000 	C:\WINDOWS\SYSTEM32\WSOCK32.dll
0x00007ff8de810000 - 0x00007ff8de87b000 	C:\WINDOWS\System32\WS2_32.dll
0x00007ff8d6230000 - 0x00007ff8d623a000 	C:\WINDOWS\SYSTEM32\VERSION.dll
0x000000006ae20000 - 0x000000006ae2f000 	C:\Program Files (x86)\Minecraft\runtime\jre-x64\bin\verify.dll
0x000000006adf0000 - 0x000000006ae19000 	C:\Program Files (x86)\Minecraft\runtime\jre-x64\bin\java.dll
0x000000006adc0000 - 0x000000006ade3000 	C:\Program Files (x86)\Minecraft\runtime\jre-x64\bin\instrument.dll
0x000000006ada0000 - 0x000000006adb6000 	C:\Program Files (x86)\Minecraft\runtime\jre-x64\bin\zip.dll
0x00007ff8dedd0000 - 0x00007ff8df510000 	C:\WINDOWS\System32\SHELL32.dll
0x00007ff8db500000 - 0x00007ff8dbc91000 	C:\WINDOWS\SYSTEM32\windows.storage.dll
0x00007ff8de2a0000 - 0x00007ff8de5f3000 	C:\WINDOWS\System32\combase.dll
0x00007ff8dce70000 - 0x00007ff8dce9c000 	C:\WINDOWS\SYSTEM32\Wldp.dll
0x00007ff8ddfa0000 - 0x00007ff8de04e000 	C:\WINDOWS\System32\SHCORE.dll
0x00007ff8de050000 - 0x00007ff8de0a5000 	C:\WINDOWS\System32\shlwapi.dll
0x00007ff8dd400000 - 0x00007ff8dd41f000 	C:\WINDOWS\SYSTEM32\profapi.dll
0x00007ff8da040000 - 0x00007ff8da05a000 	C:\Users\ervin_1nmnhvl\AppData\Local\JetBrains\Toolbox\apps\IDEA-U\ch-0\202.6397.94\bin\breakgen64.dll
0x000000006ad80000 - 0x000000006ad9a000 	C:\Program Files (x86)\Minecraft\runtime\jre-x64\bin\net.dll
0x00007ff8dcc60000 - 0x00007ff8dccca000 	C:\WINDOWS\system32\mswsock.dll
0x000000006ad70000 - 0x000000006ad7d000 	C:\Program Files (x86)\Minecraft\runtime\jre-x64\bin\management.dll
0x00007ff8aa430000 - 0x00007ff8aa447000 	C:\WINDOWS\system32\napinsp.dll
0x00007ff8aa260000 - 0x00007ff8aa27b000 	C:\WINDOWS\system32\pnrpnsp.dll
0x00007ff8d8210000 - 0x00007ff8d8225000 	C:\WINDOWS\system32\wshbth.dll
0x00007ff8d8e80000 - 0x00007ff8d8e9d000 	C:\WINDOWS\system32\NLAapi.dll
0x00007ff8dc920000 - 0x00007ff8dc95b000 	C:\WINDOWS\SYSTEM32\IPHLPAPI.DLL
0x00007ff8dc970000 - 0x00007ff8dca3a000 	C:\WINDOWS\SYSTEM32\DNSAPI.dll
0x00007ff8df910000 - 0x00007ff8df919000 	C:\WINDOWS\System32\NSI.dll
0x00007ff8b4ae0000 - 0x00007ff8b4af2000 	C:\WINDOWS\System32\winrnr.dll
0x00007ff8cdbd0000 - 0x00007ff8cdbda000 	C:\Windows\System32\rasadhlp.dll
0x00007ff8d1e90000 - 0x00007ff8d1f0f000 	C:\WINDOWS\System32\fwpuclnt.dll
0x00007ff8dd7b0000 - 0x00007ff8dd7d7000 	C:\WINDOWS\System32\bcrypt.dll
0x00007ff8d4530000 - 0x00007ff8d4547000 	C:\WINDOWS\SYSTEM32\dhcpcsvc6.DLL
0x00007ff8d3d70000 - 0x00007ff8d3d8d000 	C:\WINDOWS\SYSTEM32\dhcpcsvc.DLL
0x00007ff8dd1c0000 - 0x00007ff8dd1d8000 	C:\WINDOWS\SYSTEM32\CRYPTSP.dll
0x00007ff8dc4a0000 - 0x00007ff8dc4d4000 	C:\WINDOWS\system32\rsaenh.dll
0x00007ff8dd3c0000 - 0x00007ff8dd3ee000 	C:\WINDOWS\SYSTEM32\USERENV.dll
0x00007ff8dda90000 - 0x00007ff8ddb0f000 	C:\WINDOWS\System32\bcryptprimitives.dll
0x00007ff8dcde0000 - 0x00007ff8dcdec000 	C:\WINDOWS\SYSTEM32\CRYPTBASE.dll
0x000000006ad50000 - 0x000000006ad61000 	C:\Program Files (x86)\Minecraft\runtime\jre-x64\bin\nio.dll
0x000000006ad20000 - 0x000000006ad44000 	C:\Program Files (x86)\Minecraft\runtime\jre-x64\bin\sunec.dll
0x00007ff8cd480000 - 0x00007ff8cd4f2000 	C:\Users\ervin_1nmnhvl\AppData\Local\Temp\lwjglervin_1nmnhvl\3.2.2-build-10\lwjgl.dll
0x00007ff8a31a0000 - 0x00007ff8a33f1000 	C:\Users\ERVIN_~1\AppData\Local\Temp\lwjglervin_1nmnhvl\3.2.2-build-10\jemalloc.dll
0x00007ff8c2b20000 - 0x00007ff8c2b7e000 	C:\Users\ERVIN_~1\AppData\Local\Temp\lwjglervin_1nmnhvl\3.2.2-build-10\glfw.dll
0x00007ff8dacb0000 - 0x00007ff8dad4f000 	C:\WINDOWS\system32\uxtheme.dll
0x00007ff8c2bf0000 - 0x00007ff8c2c35000 	C:\WINDOWS\SYSTEM32\dinput8.dll
0x00007ff8d5750000 - 0x00007ff8d5761000 	C:\WINDOWS\SYSTEM32\xinput1_4.dll
0x00007ff8dd4c0000 - 0x00007ff8dd50d000 	C:\WINDOWS\System32\cfgmgr32.dll
0x00007ff8dd280000 - 0x00007ff8dd2ac000 	C:\WINDOWS\SYSTEM32\DEVOBJ.dll
0x00007ff8db030000 - 0x00007ff8db05f000 	C:\WINDOWS\SYSTEM32\dwmapi.dll
0x00007ff8de630000 - 0x00007ff8de745000 	C:\WINDOWS\System32\MSCTF.dll
0x00007ff8df840000 - 0x00007ff8df90d000 	C:\WINDOWS\System32\OLEAUT32.dll
0x00007ff8dbca0000 - 0x00007ff8dbcad000 	C:\WINDOWS\SYSTEM32\HID.DLL
0x00007ff8de880000 - 0x00007ff8dece7000 	C:\WINDOWS\System32\SETUPAPI.DLL
0x00007ff8dd880000 - 0x00007ff8dd8e0000 	C:\WINDOWS\System32\WINTRUST.dll
0x00007ff8dd540000 - 0x00007ff8dd69d000 	C:\WINDOWS\System32\CRYPT32.dll
0x00007ff8dd1f0000 - 0x00007ff8dd202000 	C:\WINDOWS\SYSTEM32\MSASN1.dll
0x00007ff87dfb0000 - 0x00007ff87e10c000 	C:\WINDOWS\SYSTEM32\opengl32.dll
0x00007ff893b40000 - 0x00007ff893b6c000 	C:\WINDOWS\SYSTEM32\GLU32.dll
0x00007ff89d6f0000 - 0x00007ff89e374000 	C:\WINDOWS\SYSTEM32\ig4icd64.dll
0x00007ff8dbd00000 - 0x00007ff8dbdf3000 	C:\WINDOWS\SYSTEM32\dxgi.dll
0x00007ff8d9cb0000 - 0x00007ff8d9f13000 	C:\WINDOWS\SYSTEM32\d3d11.dll
0x00007ff8cce20000 - 0x00007ff8ccf72000 	C:\WINDOWS\SYSTEM32\inputhost.dll
0x00007ff8da5f0000 - 0x00007ff8da6e2000 	C:\WINDOWS\SYSTEM32\CoreMessaging.dll
0x00007ff8d8b80000 - 0x00007ff8d8c75000 	C:\WINDOWS\SYSTEM32\PROPSYS.dll
0x00007ff8da110000 - 0x00007ff8da266000 	C:\WINDOWS\SYSTEM32\wintypes.dll
0x00007ff8da6f0000 - 0x00007ff8daa4a000 	C:\WINDOWS\SYSTEM32\CoreUIComponents.dll
0x00007ff8dc0f0000 - 0x00007ff8dc123000 	C:\WINDOWS\SYSTEM32\ntmarta.dll
0x00007ff8db4e0000 - 0x00007ff8db4f3000 	C:\WINDOWS\SYSTEM32\kernel.appcore.dll
0x00007ff8d25f0000 - 0x00007ff8d262b000 	C:\WINDOWS\SYSTEM32\dxcore.dll
0x00007ff8ccf80000 - 0x00007ff8cd07c000 	C:\WINDOWS\SYSTEM32\textinputframework.dll
0x00007ff8b4ce0000 - 0x00007ff8b4d38000 	C:\Users\ervin_1nmnhvl\AppData\Local\Temp\lwjglervin_1nmnhvl\3.2.2-build-10\lwjgl_opengl.dll
0x00007ff8b4c60000 - 0x00007ff8b4cdf000 	C:\Users\ervin_1nmnhvl\AppData\Local\Temp\lwjglervin_1nmnhvl\3.2.2-build-10\lwjgl_stb.dll
0x00007ff8df920000 - 0x00007ff8dfa49000 	C:\WINDOWS\System32\ole32.dll
0x00007ff8a8fb0000 - 0x00007ff8a9c00000 	C:\WINDOWS\SYSTEM32\igd10umd64.dll
0x00007ff8d7e20000 - 0x00007ff8d7ece000 	C:\WINDOWS\SYSTEM32\mscms.dll
0x00007ff8d7b80000 - 0x00007ff8d7b91000 	C:\WINDOWS\SYSTEM32\ColorAdapterClient.dll
0x00007ff8aff00000 - 0x00007ff8aff43000 	C:\WINDOWS\SYSTEM32\icm32.dll
0x00007ff8abe10000 - 0x00007ff8abe52000 	C:\Users\ervin_1nmnhvl\AppData\Local\Temp\jna-2118671535\jna374824166242743489.dll
0x00007ff8d0cf0000 - 0x00007ff8d0d0a000 	C:\save\modding\ervin_mod_1\build\natives\SAPIWrapper_x64.dll
0x00007ff8df6a0000 - 0x00007ff8df748000 	C:\WINDOWS\System32\clbcatq.dll
0x00007ff8a2790000 - 0x00007ff8a2914000 	C:\WINDOWS\System32\Speech\Common\sapi.dll
0x00007ff8d0f50000 - 0x00007ff8d0f6e000 	C:\WINDOWS\SYSTEM32\MSACM32.dll
0x00007ff8c7820000 - 0x00007ff8c7846000 	C:\WINDOWS\SYSTEM32\winmmbase.dll
0x00007ff8c7770000 - 0x00007ff8c777b000 	C:\WINDOWS\SYSTEM32\msdmo.dll
0x00007ff8ce7c0000 - 0x00007ff8ce845000 	C:\WINDOWS\System32\MMDevApi.dll
0x00007ff8d4670000 - 0x00007ff8d4854000 	C:\WINDOWS\SYSTEM32\dbghelp.dll

VM Arguments:
jvm_args: -Dforge.logging.console.level=debug -Dforge.logging.markers=SCAN,REGISTRIES,REGISTRYDUMP -XX:HeapDumpPath=MojangTricksIntelDriversForPerformance_javaw.exe_minecraft.exe.heapdump -Dos.name=Windows 10 -Dos.version=10.0 -javaagent:C:\Users\ervin_1nmnhvl\AppData\Local\JetBrains\Toolbox\apps\IDEA-U\ch-0\202.6397.94\lib\idea_rt.jar=52372:C:\Users\ervin_1nmnhvl\AppData\Local\JetBrains\Toolbox\apps\IDEA-U\ch-0\202.6397.94\bin -Dfile.encoding=UTF-8 
java_command: net.minecraftforge.userdev.LaunchTesting
java_class_path (initial): C:\Program Files (x86)\Minecraft\runtime\jre-x64\lib\charsets.jar;C:\Program Files (x86)\Minecraft\runtime\jre-x64\lib\deploy.jar;C:\Program Files (x86)\Minecraft\runtime\jre-x64\lib\ext\access-bridge-64.jar;C:\Program Files (x86)\Minecraft\runtime\jre-x64\lib\ext\cldrdata.jar;C:\Program Files (x86)\Minecraft\runtime\jre-x64\lib\ext\dnsns.jar;C:\Program Files (x86)\Minecraft\runtime\jre-x64\lib\ext\jaccess.jar;C:\Program Files (x86)\Minecraft\runtime\jre-x64\lib\ext\jfxrt.jar;C:\Program Files (x86)\Minecraft\runtime\jre-x64\lib\ext\localedata.jar;C:\Program Files (x86)\Minecraft\runtime\jre-x64\lib\ext\nashorn.jar;C:\Program Files (x86)\Minecraft\runtime\jre-x64\lib\ext\sunec.jar;C:\Program Files (x86)\Minecraft\runtime\jre-x64\lib\ext\sunjce_provider.jar;C:\Program Files (x86)\Minecraft\runtime\jre-x64\lib\ext\sunmscapi.jar;C:\Program Files (x86)\Minecraft\runtime\jre-x64\lib\ext\sunpkcs11.jar;C:\Program Files (x86)\Minecraft\runtime\jre-x64\lib\ext\zipfs.jar;C:\Program Files (x86)\Minecraft\runtime\jre-x64\lib\javaws.jar;C:\Program Files (x86)\Minecraft\runtime\jre-x64\lib\jce.jar;C:\Program Files (x86)\Minecraft\runtime\jre-x64\lib\jfr.jar;C:\Program Files (x86)\Minecraft\runtime\jre-x64\lib\jfxswt.jar;C:\Program Files (x86)\Minecraft\runtime\jre-x64\lib\jsse.jar;C:\Program Files (x86)\Minecraft\runtime\jre-x64\lib\management-agent.jar;C:\Program Files (x86)\Minecraft\runtime\jre-x64\lib\plugin.jar;C:\Program Files (x86)\Minecraft\runtime\jre-x64\lib\resources.jar;C:\Program Files (x86)\Minecraft\runtime\jre-x64\lib\rt.jar;C:\save\modding\ervin_mod_1\build\classes\java\main;C:\save\modding\ervin_mod_1\build\resources\main;C:\Users\ervin_1nmnhvl\.gradle\caches\forge_gradle\minecraft_user_repo\net\minecraftforge\forge\1.15.2-31.1.9_mapped_snapshot_20200427-1.15.1\forge-1.15.2-31.1.9_mapped_snapshot_20200427-1.15.1-recomp.jar;C:\Users\ervin_1nmnhvl\.gradle\caches\forge_gradle\minecraft_user_repo\net\minecraftforge\forge\1.15.2-31.1.9_map
Launcher Type: SUN_STANDARD

Environment Variables:
JAVA_HOME=C:\Program Files\Java\jdk-11.0.4
PATH=C:\Program Files\Docker\Docker\Resources\bin;C:\ProgramData\Oracle\Java\javapath;C:\WINDOWS\system32;C:\WINDOWS;C:\WINDOWS\System32\Wbem;C:\WINDOWS\System32\WindowsPowerShell\v1.0\;C:\Program Files (x86)\cloudControl;C:\Program Files\Git\cmd;C:\bin;C:\Program Files (x86)\Windows Kits\8.1\Windows Performance Toolkit\;C:\Program Files (x86)\PuTTY\;C:\Program Files (x86)\Nodist\bin;G:\save\sdk\android\tools;G:\save\sdk\android\platform-tools;C:\boxfuse;C:\Program Files (x86)\Skype\Phone\;C:\Program Files (x86)\GtkSharp\2.12\bin;C:\Program Files (x86)\IVI Foundation\VISA\WinNT\Bin;C:\WINDOWS\system32;C:\WINDOWS;C:\WINDOWS\System32\Wbem;C:\WINDOWS\System32\WindowsPowerShell\v1.0\;;C:\WINDOWS\System32\OpenSSH\;C:\Users\ervin_1nmnhvl\AppData\Local\Microsoft\WindowsApps;
USERNAME=ervin_1nmnhvl
OS=Windows_NT
PROCESSOR_IDENTIFIER=Intel64 Family 6 Model 42 Stepping 7, GenuineIntel



---------------  S Y S T E M  ---------------

OS: Windows 10.0 , 64 bit Build 19041 (10.0.19041.292)

CPU:total 4 (2 cores per cpu, 2 threads per core) family 6 model 42 stepping 7, cmov, cx8, fxsr, mmx, sse, sse2, sse3, ssse3, sse4.1, sse4.2, popcnt, avx, aes, clmul, ht, tsc, tscinvbit

Memory: 4k page, physical 8266764k(403108k free), swap 10363916k(2540k free)

vm_info: Java HotSpot(TM) 64-Bit Server VM (25.51-b03) for windows-amd64 JRE (1.8.0_51-b16), built on Jun  8 2015 18:03:07 by "java_re" with MS VC++ 10.0 (VS2010)

time: Sat Sep 05 08:55:40 2020
elapsed time: 65 seconds (0d 0h 1m 5s)

