#
# There is insufficient memory for the Java Runtime Environment to continue.
# Native memory allocation (malloc) failed to allocate 1627152 bytes for Chunk::new
# Possible reasons:
#   The system is out of physical RAM or swap space
#   In 32 bit mode, the process size limit was hit
# Possible solutions:
#   Reduce memory load on the system
#   Increase physical memory or swap space
#   Check if swap backing store is full
#   Use 64 bit Java on a 64 bit OS
#   Decrease Java heap size (-Xmx/-Xms)
#   Decrease number of Java threads
#   Decrease Java thread stack sizes (-Xss)
#   Set larger code cache with -XX:ReservedCodeCacheSize=
# This output file may be truncated or incomplete.
#
#  Out of Memory Error (allocation.cpp:390), pid=11380, tid=10736
#
# JRE version: Java(TM) SE Runtime Environment (8.0_51-b16) (build 1.8.0_51-b16)
# Java VM: Java HotSpot(TM) 64-Bit Server VM (25.51-b03 mixed mode windows-amd64 compressed oops)
# Failed to write core dump. Minidumps are not enabled by default on client versions of Windows
#

---------------  T H R E A D  ---------------

Current thread (0x0000000019829000):  JavaThread "C2 CompilerThread1" daemon [_thread_in_native, id=10736, stack(0x0000000019a40000,0x0000000019b40000)]

Stack: [0x0000000019a40000,0x0000000019b40000]
Native frames: (J=compiled Java code, j=interpreted, Vv=VM code, C=native code)
V  [jvm.dll+0x32b4ca]
V  [jvm.dll+0x2797e3]
V  [jvm.dll+0x27a479]
V  [jvm.dll+0x271765]
V  [jvm.dll+0xcba02]
V  [jvm.dll+0xcbecc]
V  [jvm.dll+0x492ad7]
V  [jvm.dll+0x45f98a]
V  [jvm.dll+0x46a7cb]
V  [jvm.dll+0x46cde2]
V  [jvm.dll+0x4501a2]
V  [jvm.dll+0xa43a2]
V  [jvm.dll+0xa4cdf]
V  [jvm.dll+0x2418a4]
V  [jvm.dll+0x29846a]
C  [msvcr100.dll+0x21d9f]
C  [msvcr100.dll+0x21e3b]
C  [KERNEL32.DLL+0x17034]
C  [ntdll.dll+0x52651]


Current CompileTask:
C2: 137403 13801       4       java.net.URLClassLoader$1::run (5 bytes)


---------------  P R O C E S S  ---------------

Java Threads: ( => current thread )
  0x000000001aacc000 JavaThread "Worker-Main-11" daemon [_thread_in_native, id=6084, stack(0x000000003bda0000,0x000000003bea0000)]
  0x000000001aaca800 JavaThread "Worker-Main-10" daemon [_thread_in_Java, id=9260, stack(0x000000002b210000,0x000000002b310000)]
  0x000000001aacb000 JavaThread "Worker-Main-9" daemon [_thread_in_native, id=12848, stack(0x000000002b100000,0x000000002b200000)]
  0x000000001aac9000 JavaThread "Narrator" [_thread_blocked, id=13852, stack(0x0000000029fb0000,0x000000002a0b0000)]
  0x000000001aac8000 JavaThread "Sound engine" daemon [_thread_blocked, id=14324, stack(0x0000000028c80000,0x0000000028d80000)]
  0x000000001aac9800 JavaThread "Snooper Timer" daemon [_thread_blocked, id=2556, stack(0x0000000027e30000,0x0000000027f30000)]
  0x0000000023893000 JavaThread "Timer hack thread" daemon [_thread_blocked, id=7756, stack(0x0000000026d10000,0x0000000026e10000)]
  0x000000001a310000 JavaThread "pool-3-thread-1" [_thread_blocked, id=6080, stack(0x000000001d120000,0x000000001d220000)]
  0x000000001a9b0000 JavaThread "Thread-2" daemon [_thread_in_native, id=6592, stack(0x000000001d320000,0x000000001d420000)]
  0x000000001afb4000 JavaThread "Thread-1" daemon [_thread_blocked, id=7324, stack(0x000000001d220000,0x000000001d320000)]
  0x0000000019cbf000 JavaThread "Service Thread" daemon [_thread_blocked, id=4148, stack(0x000000001a440000,0x000000001a540000)]
  0x000000001982b000 JavaThread "C1 CompilerThread2" daemon [_thread_blocked, id=10092, stack(0x0000000019b40000,0x0000000019c40000)]
=>0x0000000019829000 JavaThread "C2 CompilerThread1" daemon [_thread_in_native, id=10736, stack(0x0000000019a40000,0x0000000019b40000)]
  0x0000000019815000 JavaThread "C2 CompilerThread0" daemon [_thread_in_native, id=14492, stack(0x0000000019940000,0x0000000019a40000)]
  0x0000000017f4e000 JavaThread "Monitor Ctrl-Break" daemon [_thread_in_native, id=14556, stack(0x0000000019840000,0x0000000019940000)]
  0x0000000017ef7800 JavaThread "Attach Listener" daemon [_thread_blocked, id=5380, stack(0x0000000019340000,0x0000000019440000)]
  0x0000000017ef6000 JavaThread "Signal Dispatcher" daemon [_thread_blocked, id=13396, stack(0x0000000019240000,0x0000000019340000)]
  0x000000000326a800 JavaThread "Finalizer" daemon [_thread_blocked, id=14220, stack(0x0000000019140000,0x0000000019240000)]
  0x0000000003267000 JavaThread "Reference Handler" daemon [_thread_blocked, id=13584, stack(0x0000000019040000,0x0000000019140000)]
  0x0000000003172800 JavaThread "Render thread" [_thread_in_vm, id=3220, stack(0x0000000003070000,0x0000000003170000)]

Other Threads:
  0x0000000003263000 VMThread [stack: 0x0000000018f40000,0x0000000019040000] [id=7216]
  0x0000000019cec000 WatcherThread [stack: 0x000000001a540000,0x000000001a640000] [id=11392]

VM state:not at safepoint (normal execution)

VM Mutex/Monitor currently owned by a thread: None

Heap:
 PSYoungGen      total 613376K, used 127402K [0x00000000d5f00000, 0x0000000100000000, 0x0000000100000000)
  eden space 537600K, 23% used [0x00000000d5f00000,0x00000000ddb6aa58,0x00000000f6c00000)
  from space 75776K, 0% used [0x00000000f6c00000,0x00000000f6c00000,0x00000000fb600000)
  to   space 75776K, 0% used [0x00000000fb600000,0x00000000fb600000,0x0000000100000000)
 ParOldGen       total 780800K, used 518273K [0x0000000081c00000, 0x00000000b1680000, 0x00000000d5f00000)
  object space 780800K, 66% used [0x0000000081c00000,0x00000000a16204f8,0x00000000b1680000)
 Metaspace       used 85831K, capacity 96230K, committed 96384K, reserved 1128448K
  class space    used 14016K, capacity 17202K, committed 17280K, reserved 1048576K

Card table byte_map: [0x0000000012780000,0x0000000012b80000] byte_map_base: 0x0000000012372000

Marking Bits: (ParMarkBitMap*) 0x000000005ab14040
 Begin Bits: [0x0000000013230000, 0x00000000151c0000)
 End Bits:   [0x00000000151c0000, 0x0000000017150000)

Polling page: 0x0000000001130000

CodeCache: size=245760Kb used=31603Kb max_used=32543Kb free=214156Kb
 bounds [0x00000000033c0000, 0x00000000053d0000, 0x00000000123c0000]
 total_blobs=11574 nmethods=10048 adapters=1436
 compilation: enabled

Compilation events (10 events):
Event: 137.262 Thread 0x000000001982b000 13862       2       java.util.concurrent.locks.AbstractQueuedSynchronizer::release (33 bytes)
Event: 137.263 Thread 0x000000001982b000 nmethod 13862 0x0000000004fa3310 code [0x0000000004fa3480, 0x0000000004fa3658]
Event: 137.289 Thread 0x000000001982b000 13863       2       sun.nio.fs.AbstractPath::iterator (9 bytes)
Event: 137.290 Thread 0x000000001982b000 nmethod 13863 0x0000000004c2c050 code [0x0000000004c2c1a0, 0x0000000004c2c350]
Event: 137.290 Thread 0x000000001982b000 13864       2       sun.nio.fs.AbstractPath$1::<init> (15 bytes)
Event: 137.291 Thread 0x000000001982b000 nmethod 13864 0x00000000037cab90 code [0x00000000037cace0, 0x00000000037cae50]
Event: 137.332 Thread 0x000000001982b000 13865       2       com.sun.nio.zipfs.ZipPath::getName (6 bytes)
Event: 137.333 Thread 0x000000001982b000 nmethod 13865 0x0000000004c2bcd0 code [0x0000000004c2be40, 0x0000000004c2bfa8]
Event: 137.333 Thread 0x000000001982b000 13866       2       com.sun.nio.zipfs.ZipPath::iterator (9 bytes)
Event: 137.333 Thread 0x000000001982b000 nmethod 13866 0x0000000004c2b950 code [0x0000000004c2baa0, 0x0000000004c2bc50]

GC Heap History (10 events):
Event: 117.098 GC heap before
{Heap before GC invocations=154 (full 5):
 PSYoungGen      total 651776K, used 623120K [0x00000000d5f00000, 0x00000000fff00000, 0x0000000100000000)
  eden space 616448K, 100% used [0x00000000d5f00000,0x00000000fb900000,0x00000000fb900000)
  from space 35328K, 18% used [0x00000000fdc80000,0x00000000fe304060,0x00000000fff00000)
  to   space 35840K, 0% used [0x00000000fb900000,0x00000000fb900000,0x00000000fdc00000)
 ParOldGen       total 362496K, used 344154K [0x0000000081c00000, 0x0000000097e00000, 0x00000000d5f00000)
  object space 362496K, 94% used [0x0000000081c00000,0x0000000096c168f0,0x0000000097e00000)
 Metaspace       used 81511K, capacity 90316K, committed 90624K, reserved 1124352K
  class space    used 13242K, capacity 16063K, committed 16128K, reserved 1048576K
Event: 117.240 GC heap after
Heap after GC invocations=154 (full 5):
 PSYoungGen      total 652288K, used 35831K [0x00000000d5f00000, 0x0000000100000000, 0x0000000100000000)
  eden space 616448K, 0% used [0x00000000d5f00000,0x00000000d5f00000,0x00000000fb900000)
  from space 35840K, 99% used [0x00000000fb900000,0x00000000fdbfdeb0,0x00000000fdc00000)
  to   space 36864K, 0% used [0x00000000fdc00000,0x00000000fdc00000,0x0000000100000000)
 ParOldGen       total 397824K, used 397772K [0x0000000081c00000, 0x000000009a080000, 0x00000000d5f00000)
  object space 397824K, 99% used [0x0000000081c00000,0x000000009a073360,0x000000009a080000)
 Metaspace       used 81511K, capacity 90316K, committed 90624K, reserved 1124352K
  class space    used 13242K, capacity 16063K, committed 16128K, reserved 1048576K
}
Event: 117.240 GC heap before
{Heap before GC invocations=155 (full 6):
 PSYoungGen      total 652288K, used 35831K [0x00000000d5f00000, 0x0000000100000000, 0x0000000100000000)
  eden space 616448K, 0% used [0x00000000d5f00000,0x00000000d5f00000,0x00000000fb900000)
  from space 35840K, 99% used [0x00000000fb900000,0x00000000fdbfdeb0,0x00000000fdc00000)
  to   space 36864K, 0% used [0x00000000fdc00000,0x00000000fdc00000,0x0000000100000000)
 ParOldGen       total 397824K, used 397772K [0x0000000081c00000, 0x000000009a080000, 0x00000000d5f00000)
  object space 397824K, 99% used [0x0000000081c00000,0x000000009a073360,0x000000009a080000)
 Metaspace       used 81511K, capacity 90316K, committed 90624K, reserved 1124352K
  class space    used 13242K, capacity 16063K, committed 16128K, reserved 1048576K
Event: 119.181 GC heap after
Heap after GC invocations=155 (full 6):
 PSYoungGen      total 652288K, used 0K [0x00000000d5f00000, 0x0000000100000000, 0x0000000100000000)
  eden space 616448K, 0% used [0x00000000d5f00000,0x00000000d5f00000,0x00000000fb900000)
  from space 35840K, 0% used [0x00000000fb900000,0x00000000fb900000,0x00000000fdc00000)
  to   space 36864K, 0% used [0x00000000fdc00000,0x00000000fdc00000,0x0000000100000000)
 ParOldGen       total 522752K, used 355701K [0x0000000081c00000, 0x00000000a1a80000, 0x00000000d5f00000)
  object space 522752K, 68% used [0x0000000081c00000,0x000000009775d710,0x00000000a1a80000)
 Metaspace       used 81508K, capacity 90312K, committed 90624K, reserved 1124352K
  class space    used 13241K, capacity 16061K, committed 16128K, reserved 1048576K
}
Event: 123.888 GC heap before
{Heap before GC invocations=156 (full 6):
 PSYoungGen      total 652288K, used 616448K [0x00000000d5f00000, 0x0000000100000000, 0x0000000100000000)
  eden space 616448K, 100% used [0x00000000d5f00000,0x00000000fb900000,0x00000000fb900000)
  from space 35840K, 0% used [0x00000000fb900000,0x00000000fb900000,0x00000000fdc00000)
  to   space 36864K, 0% used [0x00000000fdc00000,0x00000000fdc00000,0x0000000100000000)
 ParOldGen       total 522752K, used 355701K [0x0000000081c00000, 0x00000000a1a80000, 0x00000000d5f00000)
  object space 522752K, 68% used [0x0000000081c00000,0x000000009775d710,0x00000000a1a80000)
 Metaspace       used 81954K, capacity 91000K, committed 91136K, reserved 1124352K
  class space    used 13292K, capacity 16119K, committed 16128K, reserved 1048576K
Event: 123.985 GC heap after
Heap after GC invocations=156 (full 6):
 PSYoungGen      total 574464K, used 36863K [0x00000000d5f00000, 0x0000000100000000, 0x0000000100000000)
  eden space 537600K, 0% used [0x00000000d5f00000,0x00000000d5f00000,0x00000000f6c00000)
  from space 36864K, 99% used [0x00000000fdc00000,0x00000000fffffcd0,0x0000000100000000)
  to   space 75776K, 0% used [0x00000000f6c00000,0x00000000f6c00000,0x00000000fb600000)
 ParOldGen       total 522752K, used 390747K [0x0000000081c00000, 0x00000000a1a80000, 0x00000000d5f00000)
  object space 522752K, 74% used [0x0000000081c00000,0x0000000099996e28,0x00000000a1a80000)
 Metaspace       used 81954K, capacity 91000K, committed 91136K, reserved 1124352K
  class space    used 13292K, capacity 16119K, committed 16128K, reserved 1048576K
}
Event: 134.942 GC heap before
{Heap before GC invocations=157 (full 6):
 PSYoungGen      total 574464K, used 574463K [0x00000000d5f00000, 0x0000000100000000, 0x0000000100000000)
  eden space 537600K, 100% used [0x00000000d5f00000,0x00000000f6c00000,0x00000000f6c00000)
  from space 36864K, 99% used [0x00000000fdc00000,0x00000000fffffcd0,0x0000000100000000)
  to   space 75776K, 0% used [0x00000000f6c00000,0x00000000f6c00000,0x00000000fb600000)
 ParOldGen       total 522752K, used 390747K [0x0000000081c00000, 0x00000000a1a80000, 0x00000000d5f00000)
  object space 522752K, 74% used [0x0000000081c00000,0x0000000099996e28,0x00000000a1a80000)
 Metaspace       used 85505K, capacity 95786K, committed 96000K, reserved 1128448K
  class space    used 13954K, capacity 17126K, committed 17152K, reserved 1048576K
Event: 135.346 GC heap after
Heap after GC invocations=157 (full 6):
 PSYoungGen      total 613376K, used 75756K [0x00000000d5f00000, 0x0000000100000000, 0x0000000100000000)
  eden space 537600K, 0% used [0x00000000d5f00000,0x00000000d5f00000,0x00000000f6c00000)
  from space 75776K, 99% used [0x00000000f6c00000,0x00000000fb5fb018,0x00000000fb600000)
  to   space 75776K, 0% used [0x00000000fb600000,0x00000000fb600000,0x0000000100000000)
 ParOldGen       total 551424K, used 551116K [0x0000000081c00000, 0x00000000a3680000, 0x00000000d5f00000)
  object space 551424K, 99% used [0x0000000081c00000,0x00000000a3633048,0x00000000a3680000)
 Metaspace       used 85505K, capacity 95786K, committed 96000K, reserved 1128448K
  class space    used 13954K, capacity 17126K, committed 17152K, reserved 1048576K
}
Event: 135.346 GC heap before
{Heap before GC invocations=158 (full 7):
 PSYoungGen      total 613376K, used 75756K [0x00000000d5f00000, 0x0000000100000000, 0x0000000100000000)
  eden space 537600K, 0% used [0x00000000d5f00000,0x00000000d5f00000,0x00000000f6c00000)
  from space 75776K, 99% used [0x00000000f6c00000,0x00000000fb5fb018,0x00000000fb600000)
  to   space 75776K, 0% used [0x00000000fb600000,0x00000000fb600000,0x0000000100000000)
 ParOldGen       total 551424K, used 551116K [0x0000000081c00000, 0x00000000a3680000, 0x00000000d5f00000)
  object space 551424K, 99% used [0x0000000081c00000,0x00000000a3633048,0x00000000a3680000)
 Metaspace       used 85505K, capacity 95786K, committed 96000K, reserved 1128448K
  class space    used 13954K, capacity 17126K, committed 17152K, reserved 1048576K
Event: 136.680 GC heap after
Heap after GC invocations=158 (full 7):
 PSYoungGen      total 613376K, used 0K [0x00000000d5f00000, 0x0000000100000000, 0x0000000100000000)
  eden space 537600K, 0% used [0x00000000d5f00000,0x00000000d5f00000,0x00000000f6c00000)
  from space 75776K, 0% used [0x00000000f6c00000,0x00000000f6c00000,0x00000000fb600000)
  to   space 75776K, 0% used [0x00000000fb600000,0x00000000fb600000,0x0000000100000000)
 ParOldGen       total 780800K, used 518273K [0x0000000081c00000, 0x00000000b1680000, 0x00000000d5f00000)
  object space 780800K, 66% used [0x0000000081c00000,0x00000000a16204f8,0x00000000b1680000)
 Metaspace       used 85505K, capacity 95786K, committed 96000K, reserved 1128448K
  class space    used 13954K, capacity 17126K, committed 17152K, reserved 1048576K
}

Deoptimization events (10 events):
Event: 134.884 Thread 0x0000000003172800 Uncommon trap: reason=class_check action=maybe_recompile pc=0x0000000004505960 method=com.mojang.brigadier.tree.CommandNode.compareTo(Lcom/mojang/brigadier/tree/CommandNode;)I @ 16
Event: 134.884 Thread 0x0000000003172800 Uncommon trap: reason=class_check action=maybe_recompile pc=0x0000000004505960 method=com.mojang.brigadier.tree.CommandNode.compareTo(Lcom/mojang/brigadier/tree/CommandNode;)I @ 16
Event: 134.884 Thread 0x0000000003172800 Uncommon trap: reason=class_check action=maybe_recompile pc=0x0000000004505960 method=com.mojang.brigadier.tree.CommandNode.compareTo(Lcom/mojang/brigadier/tree/CommandNode;)I @ 16
Event: 134.884 Thread 0x0000000003172800 Uncommon trap: reason=class_check action=maybe_recompile pc=0x0000000004505960 method=com.mojang.brigadier.tree.CommandNode.compareTo(Lcom/mojang/brigadier/tree/CommandNode;)I @ 16
Event: 136.897 Thread 0x0000000003172800 Uncommon trap: reason=unstable_if action=reinterpret pc=0x00000000044f8200 method=com.mojang.brigadier.StringReader.readUnquotedString()Ljava/lang/String; @ 9
Event: 136.935 Thread 0x0000000003172800 Uncommon trap: reason=unstable_if action=reinterpret pc=0x00000000044f90a4 method=com.mojang.brigadier.StringReader.readUnquotedString()Ljava/lang/String; @ 9
Event: 136.956 Thread 0x0000000003172800 Uncommon trap: reason=unstable_if action=reinterpret pc=0x00000000044e9f04 method=com.mojang.brigadier.StringReader.isAllowedInUnquotedString(C)Z @ 3
Event: 136.990 Thread 0x000000001aacb000 Uncommon trap: reason=class_check action=maybe_recompile pc=0x000000000442945c method=java.util.stream.AbstractPipeline.close()V @ 42
Event: 136.995 Thread 0x000000001aaca800 Uncommon trap: reason=class_check action=maybe_recompile pc=0x000000000442945c method=java.util.stream.AbstractPipeline.close()V @ 42
Event: 137.143 Thread 0x000000001aacb000 Uncommon trap: reason=unstable_if action=reinterpret pc=0x0000000004fb4184 method=java.util.concurrent.locks.AbstractQueuedSynchronizer.release(I)Z @ 21

Internal exceptions (10 events):
Event: 136.973 Thread 0x0000000003172800 Exception <a 'sun/nio/fs/WindowsException'> (0x00000000d8a8fab0) thrown at [C:\re\workspace\8-2-build-windows-amd64-cygwin\jdk8u51\3951\hotspot\src\share\vm\prims\jni.cpp, line 709]
Event: 136.973 Thread 0x0000000003172800 Exception <a 'sun/nio/fs/WindowsException'> (0x00000000d8a90c08) thrown at [C:\re\workspace\8-2-build-windows-amd64-cygwin\jdk8u51\3951\hotspot\src\share\vm\prims\jni.cpp, line 709]
Event: 136.973 Thread 0x0000000003172800 Exception <a 'sun/nio/fs/WindowsException'> (0x00000000d8a91228) thrown at [C:\re\workspace\8-2-build-windows-amd64-cygwin\jdk8u51\3951\hotspot\src\share\vm\prims\jni.cpp, line 709]
Event: 136.984 Thread 0x0000000003172800 Exception <a 'sun/nio/fs/WindowsException'> (0x00000000d8c23008) thrown at [C:\re\workspace\8-2-build-windows-amd64-cygwin\jdk8u51\3951\hotspot\src\share\vm\prims\jni.cpp, line 709]
Event: 136.990 Thread 0x000000001aacb000 Exception <a 'sun/nio/fs/WindowsException'> (0x00000000d90913c0) thrown at [C:\re\workspace\8-2-build-windows-amd64-cygwin\jdk8u51\3951\hotspot\src\share\vm\prims\jni.cpp, line 709]
Event: 136.995 Thread 0x000000001aaca800 Exception <a 'sun/nio/fs/WindowsException'> (0x00000000d9203eb8) thrown at [C:\re\workspace\8-2-build-windows-amd64-cygwin\jdk8u51\3951\hotspot\src\share\vm\prims\jni.cpp, line 709]
Event: 137.083 Thread 0x000000001aacc000 Exception <a 'sun/nio/fs/WindowsException'> (0x00000000da26c8b8) thrown at [C:\re\workspace\8-2-build-windows-amd64-cygwin\jdk8u51\3951\hotspot\src\share\vm\prims\jni.cpp, line 709]
Event: 137.161 Thread 0x000000001aacb000 Exception <a 'sun/nio/fs/WindowsException'> (0x00000000da847058) thrown at [C:\re\workspace\8-2-build-windows-amd64-cygwin\jdk8u51\3951\hotspot\src\share\vm\prims\jni.cpp, line 709]
Event: 137.172 Thread 0x000000001aaca800 Exception <a 'sun/nio/fs/WindowsException'> (0x00000000daecb6c0) thrown at [C:\re\workspace\8-2-build-windows-amd64-cygwin\jdk8u51\3951\hotspot\src\share\vm\prims\jni.cpp, line 709]
Event: 137.275 Thread 0x000000001aacc000 Exception <a 'sun/nio/fs/WindowsException'> (0x00000000dbe4fe80) thrown at [C:\re\workspace\8-2-build-windows-amd64-cygwin\jdk8u51\3951\hotspot\src\share\vm\prims\jni.cpp, line 709]

Events (10 events):
Event: 136.995 Thread 0x000000001aaca800 Uncommon trap: trap_request=0xffffffde fr.pc=0x000000000442945c
Event: 136.995 Thread 0x000000001aaca800 DEOPT PACKING pc=0x000000000442945c sp=0x000000002b30ea30
Event: 136.995 Thread 0x000000001aaca800 DEOPT UNPACKING pc=0x000000000340582a sp=0x000000002b30e9c0 mode 2
Event: 137.091 loading class sun/nio/fs/AbstractPath$1
Event: 137.092 loading class sun/nio/fs/AbstractPath$1 done
Event: 137.139 loading class com/sun/nio/zipfs/ZipPath$1
Event: 137.139 loading class com/sun/nio/zipfs/ZipPath$1 done
Event: 137.143 Thread 0x000000001aacb000 Uncommon trap: trap_request=0xffffff65 fr.pc=0x0000000004fb4184
Event: 137.143 Thread 0x000000001aacb000 DEOPT PACKING pc=0x0000000004fb4184 sp=0x000000002b1feb50
Event: 137.143 Thread 0x000000001aacb000 DEOPT UNPACKING pc=0x000000000340582a sp=0x000000002b1feaf0 mode 2


Dynamic libraries:
0x00007ff769d00000 - 0x00007ff769d37000 	C:\Program Files (x86)\Minecraft\runtime\jre-x64\bin\java.exe
0x00007ffcce710000 - 0x00007ffcce905000 	C:\WINDOWS\SYSTEM32\ntdll.dll
0x00007ffccd630000 - 0x00007ffccd6ed000 	C:\WINDOWS\System32\KERNEL32.DLL
0x00007ffccc3a0000 - 0x00007ffccc668000 	C:\WINDOWS\System32\KERNELBASE.dll
0x00007ffccc770000 - 0x00007ffccc81c000 	C:\WINDOWS\System32\ADVAPI32.dll
0x00007ffccd760000 - 0x00007ffccd7fe000 	C:\WINDOWS\System32\msvcrt.dll
0x00007ffccdb70000 - 0x00007ffccdc0b000 	C:\WINDOWS\System32\sechost.dll
0x00007ffccca50000 - 0x00007ffcccb7b000 	C:\WINDOWS\System32\RPCRT4.dll
0x00007ffccc820000 - 0x00007ffccc9c0000 	C:\WINDOWS\System32\USER32.dll
0x00007ffccc740000 - 0x00007ffccc762000 	C:\WINDOWS\System32\win32u.dll
0x00007ffccdd50000 - 0x00007ffccdd7a000 	C:\WINDOWS\System32\GDI32.dll
0x00007ffccc080000 - 0x00007ffccc18b000 	C:\WINDOWS\System32\gdi32full.dll
0x00007ffccc670000 - 0x00007ffccc70d000 	C:\WINDOWS\System32\msvcp_win.dll
0x00007ffccbed0000 - 0x00007ffccbfd0000 	C:\WINDOWS\System32\ucrtbase.dll
0x00007ffcb36f0000 - 0x00007ffcb398a000 	C:\WINDOWS\WinSxS\amd64_microsoft.windows.common-controls_6595b64144ccf1df_6.0.19041.844_none_ca00b6081b84eb1d\COMCTL32.dll
0x00007ffccdae0000 - 0x00007ffccdb10000 	C:\WINDOWS\System32\IMM32.DLL
0x000000005aba0000 - 0x000000005ac72000 	C:\Program Files (x86)\Minecraft\runtime\jre-x64\bin\msvcr100.dll
0x000000005a310000 - 0x000000005ab93000 	C:\Program Files (x86)\Minecraft\runtime\jre-x64\bin\server\jvm.dll
0x00007ffccdc10000 - 0x00007ffccdc18000 	C:\WINDOWS\System32\PSAPI.DLL
0x00007ffcc4690000 - 0x00007ffcc46b7000 	C:\WINDOWS\SYSTEM32\WINMM.dll
0x00007ffcc3da0000 - 0x00007ffcc3daa000 	C:\WINDOWS\SYSTEM32\VERSION.dll
0x00007ffca7820000 - 0x00007ffca7829000 	C:\WINDOWS\SYSTEM32\WSOCK32.dll
0x00007ffcce530000 - 0x00007ffcce59b000 	C:\WINDOWS\System32\WS2_32.dll
0x000000005a300000 - 0x000000005a30f000 	C:\Program Files (x86)\Minecraft\runtime\jre-x64\bin\verify.dll
0x000000005a2d0000 - 0x000000005a2f9000 	C:\Program Files (x86)\Minecraft\runtime\jre-x64\bin\java.dll
0x000000005a2a0000 - 0x000000005a2c3000 	C:\Program Files (x86)\Minecraft\runtime\jre-x64\bin\instrument.dll
0x000000005a280000 - 0x000000005a296000 	C:\Program Files (x86)\Minecraft\runtime\jre-x64\bin\zip.dll
0x00007ffcccee0000 - 0x00007ffccd622000 	C:\WINDOWS\System32\SHELL32.dll
0x00007ffcc9d50000 - 0x00007ffcca4e1000 	C:\WINDOWS\SYSTEM32\windows.storage.dll
0x00007ffcccb80000 - 0x00007ffccced5000 	C:\WINDOWS\System32\combase.dll
0x00007ffccb7f0000 - 0x00007ffccb81c000 	C:\WINDOWS\SYSTEM32\Wldp.dll
0x00007ffcce480000 - 0x00007ffcce52e000 	C:\WINDOWS\System32\SHCORE.dll
0x00007ffccda20000 - 0x00007ffccda75000 	C:\WINDOWS\System32\shlwapi.dll
0x00007ffccbd90000 - 0x00007ffccbdaf000 	C:\WINDOWS\SYSTEM32\profapi.dll
0x00007ffcc94c0000 - 0x00007ffcc94da000 	C:\Users\ervin_1nmnhvl\AppData\Local\JetBrains\Toolbox\apps\IDEA-U\ch-0\203.7148.57\bin\breakgen64.dll
0x000000005a260000 - 0x000000005a27a000 	C:\Program Files (x86)\Minecraft\runtime\jre-x64\bin\net.dll
0x00007ffccb5d0000 - 0x00007ffccb63a000 	C:\WINDOWS\system32\mswsock.dll
0x000000005a250000 - 0x000000005a25d000 	C:\Program Files (x86)\Minecraft\runtime\jre-x64\bin\management.dll
0x00007ffc9d380000 - 0x00007ffc9d397000 	C:\WINDOWS\system32\napinsp.dll
0x00007ffc9d3a0000 - 0x00007ffc9d3bb000 	C:\WINDOWS\system32\pnrpnsp.dll
0x00007ffcc6da0000 - 0x00007ffcc6db5000 	C:\WINDOWS\system32\wshbth.dll
0x00007ffcc7910000 - 0x00007ffcc792d000 	C:\WINDOWS\system32\NLAapi.dll
0x00007ffccb290000 - 0x00007ffccb2cb000 	C:\WINDOWS\SYSTEM32\IPHLPAPI.DLL
0x00007ffccb2e0000 - 0x00007ffccb3ac000 	C:\WINDOWS\SYSTEM32\DNSAPI.dll
0x00007ffccdf30000 - 0x00007ffccdf38000 	C:\WINDOWS\System32\NSI.dll
0x00007ffc9fb00000 - 0x00007ffc9fb12000 	C:\WINDOWS\System32\winrnr.dll
0x00007ffcbc970000 - 0x00007ffcbc97a000 	C:\Windows\System32\rasadhlp.dll
0x00007ffcc0750000 - 0x00007ffcc07cf000 	C:\WINDOWS\System32\fwpuclnt.dll
0x00007ffccc710000 - 0x00007ffccc737000 	C:\WINDOWS\System32\bcrypt.dll
0x000000005a230000 - 0x000000005a241000 	C:\Program Files (x86)\Minecraft\runtime\jre-x64\bin\nio.dll
0x000000005a200000 - 0x000000005a224000 	C:\Program Files (x86)\Minecraft\runtime\jre-x64\bin\sunec.dll
0x00007ffccbb40000 - 0x00007ffccbb58000 	C:\WINDOWS\SYSTEM32\CRYPTSP.dll
0x00007ffccae10000 - 0x00007ffccae44000 	C:\WINDOWS\system32\rsaenh.dll
0x00007ffccbd10000 - 0x00007ffccbd3e000 	C:\WINDOWS\SYSTEM32\USERENV.dll
0x00007ffccbe50000 - 0x00007ffccbed0000 	C:\WINDOWS\System32\bcryptprimitives.dll
0x00007ffccb750000 - 0x00007ffccb75c000 	C:\WINDOWS\SYSTEM32\CRYPTBASE.dll
0x00007ffcc2860000 - 0x00007ffcc2877000 	C:\WINDOWS\SYSTEM32\dhcpcsvc6.DLL
0x00007ffcc2660000 - 0x00007ffcc267d000 	C:\WINDOWS\SYSTEM32\dhcpcsvc.DLL
0x00007ffcc5070000 - 0x00007ffcc50e2000 	C:\Users\ervin_1nmnhvl\AppData\Local\Temp\lwjglervin_1nmnhvl\3.2.2-build-10\lwjgl.dll
0x00007ffc936a0000 - 0x00007ffc938f1000 	C:\Users\ERVIN_~1\AppData\Local\Temp\lwjglervin_1nmnhvl\3.2.2-build-10\jemalloc.dll
0x00007ffcb65a0000 - 0x00007ffcb65fe000 	C:\Users\ERVIN_~1\AppData\Local\Temp\lwjglervin_1nmnhvl\3.2.2-build-10\glfw.dll
0x00007ffcc95d0000 - 0x00007ffcc966e000 	C:\WINDOWS\system32\uxtheme.dll
0x00007ffcc5100000 - 0x00007ffcc5145000 	C:\WINDOWS\SYSTEM32\dinput8.dll
0x00007ffcc5050000 - 0x00007ffcc5061000 	C:\WINDOWS\SYSTEM32\xinput1_4.dll
0x00007ffccc190000 - 0x00007ffccc1de000 	C:\WINDOWS\System32\cfgmgr32.dll
0x00007ffccbc00000 - 0x00007ffccbc2c000 	C:\WINDOWS\SYSTEM32\DEVOBJ.dll
0x00007ffcc9880000 - 0x00007ffcc98af000 	C:\WINDOWS\SYSTEM32\dwmapi.dll
0x00007ffcb8a00000 - 0x00007ffcb8b52000 	C:\WINDOWS\SYSTEM32\inputhost.dll
0x00007ffccdf40000 - 0x00007ffcce00d000 	C:\WINDOWS\System32\OLEAUT32.dll
0x00007ffcc92b0000 - 0x00007ffcc93a2000 	C:\WINDOWS\SYSTEM32\CoreMessaging.dll
0x00007ffcc7480000 - 0x00007ffcc7577000 	C:\WINDOWS\SYSTEM32\PROPSYS.dll
0x00007ffcc7bf0000 - 0x00007ffcc7d44000 	C:\WINDOWS\SYSTEM32\wintypes.dll
0x00007ffcc8bd0000 - 0x00007ffcc8f2e000 	C:\WINDOWS\SYSTEM32\CoreUIComponents.dll
0x00007ffcca5d0000 - 0x00007ffcca5e2000 	C:\WINDOWS\SYSTEM32\kernel.appcore.dll
0x00007ffccaa40000 - 0x00007ffccaa73000 	C:\WINDOWS\SYSTEM32\ntmarta.dll
0x00007ffccd820000 - 0x00007ffccd935000 	C:\WINDOWS\System32\MSCTF.dll
0x00007ffcca4f0000 - 0x00007ffcca4fd000 	C:\WINDOWS\SYSTEM32\HID.DLL
0x00007ffcce010000 - 0x00007ffcce479000 	C:\WINDOWS\System32\SETUPAPI.DLL
0x00007ffccc1e0000 - 0x00007ffccc240000 	C:\WINDOWS\System32\WINTRUST.dll
0x00007ffccc240000 - 0x00007ffccc39f000 	C:\WINDOWS\System32\CRYPT32.dll
0x00007ffccbbe0000 - 0x00007ffccbbf2000 	C:\WINDOWS\SYSTEM32\MSASN1.dll
0x00007ffc93900000 - 0x00007ffc93a26000 	C:\WINDOWS\SYSTEM32\opengl32.dll
0x00007ffcb7360000 - 0x00007ffcb738c000 	C:\WINDOWS\SYSTEM32\GLU32.dll
0x00007ffcce620000 - 0x00007ffcce6c9000 	C:\WINDOWS\System32\clbcatq.dll
0x00007ffc92650000 - 0x00007ffc932d4000 	C:\WINDOWS\SYSTEM32\ig4icd64.dll
0x00007ffcca640000 - 0x00007ffcca733000 	C:\WINDOWS\SYSTEM32\dxgi.dll
0x00007ffcc81b0000 - 0x00007ffcc8414000 	C:\WINDOWS\SYSTEM32\d3d11.dll
0x00007ffc9c730000 - 0x00007ffc9d380000 	C:\WINDOWS\SYSTEM32\igd10umd64.dll
0x00007ffcc6970000 - 0x00007ffcc69ab000 	C:\WINDOWS\SYSTEM32\dxcore.dll
0x00007ffcb64c0000 - 0x00007ffcb653f000 	C:\Users\ervin_1nmnhvl\AppData\Local\Temp\lwjglervin_1nmnhvl\3.2.2-build-10\lwjgl_stb.dll
0x00007ffcc6a20000 - 0x00007ffcc6ace000 	C:\WINDOWS\SYSTEM32\mscms.dll
0x00007ffcc69b0000 - 0x00007ffcc69c1000 	C:\WINDOWS\SYSTEM32\ColorAdapterClient.dll
0x00007ffcc3560000 - 0x00007ffcc35a3000 	C:\WINDOWS\SYSTEM32\icm32.dll
0x00007ffcb8900000 - 0x00007ffcb89f9000 	C:\WINDOWS\SYSTEM32\textinputframework.dll
0x00007ffca3070000 - 0x00007ffca30c8000 	C:\Users\ervin_1nmnhvl\AppData\Local\Temp\lwjglervin_1nmnhvl\3.2.2-build-10\lwjgl_opengl.dll
0x00007ffcb2e60000 - 0x00007ffcb2ea2000 	C:\Users\ervin_1nmnhvl\AppData\Local\Temp\jna-2118671535\jna48476791693328478.dll
0x00007ffcb9140000 - 0x00007ffcb915a000 	C:\save\modding\ervin_mod_1\build\natives\SAPIWrapper_x64.dll
0x00007ffccdc20000 - 0x00007ffccdd4a000 	C:\WINDOWS\System32\ole32.dll
0x00007ffc9a650000 - 0x00007ffc9a7d6000 	C:\WINDOWS\System32\Speech\Common\sapi.dll
0x00007ffcb2eb0000 - 0x00007ffcb2ebb000 	C:\WINDOWS\SYSTEM32\msdmo.dll
0x00007ffcc6790000 - 0x00007ffcc67ae000 	C:\WINDOWS\SYSTEM32\MSACM32.dll
0x00007ffca57e0000 - 0x00007ffca5806000 	C:\WINDOWS\SYSTEM32\winmmbase.dll
0x00007ffcbd1b0000 - 0x00007ffcbd235000 	C:\WINDOWS\System32\MMDevApi.dll
0x00007ffc92370000 - 0x00007ffc92484000 	C:\Users\ERVIN_~1\AppData\Local\Temp\lwjglervin_1nmnhvl\3.2.2-build-10\OpenAL.dll
0x00007ffcb3480000 - 0x00007ffcb3601000 	C:\WINDOWS\SYSTEM32\AUDIOSES.DLL
0x00007ffccb400000 - 0x00007ffccb44b000 	C:\WINDOWS\SYSTEM32\powrprof.dll
0x00007ffccb270000 - 0x00007ffccb282000 	C:\WINDOWS\SYSTEM32\UMPDC.dll
0x00007ffcc9790000 - 0x00007ffcc97a4000 	C:\WINDOWS\SYSTEM32\resourcepolicyclient.dll
0x00007ffcc3020000 - 0x00007ffcc3204000 	C:\WINDOWS\SYSTEM32\dbghelp.dll

VM Arguments:
jvm_args: -Dforge.logging.console.level=debug -Dforge.logging.markers=SCAN,REGISTRIES,REGISTRYDUMP -XX:HeapDumpPath=MojangTricksIntelDriversForPerformance_javaw.exe_minecraft.exe.heapdump -Dos.name=Windows 10 -Dos.version=10.0 -javaagent:C:\Users\ervin_1nmnhvl\AppData\Local\JetBrains\Toolbox\apps\IDEA-U\ch-0\203.7148.57\lib\idea_rt.jar=54529:C:\Users\ervin_1nmnhvl\AppData\Local\JetBrains\Toolbox\apps\IDEA-U\ch-0\203.7148.57\bin -Dfile.encoding=windows-1250 
java_command: net.minecraftforge.userdev.LaunchTesting
java_class_path (initial): C:\Program Files (x86)\Minecraft\runtime\jre-x64\lib\charsets.jar;C:\Program Files (x86)\Minecraft\runtime\jre-x64\lib\deploy.jar;C:\Program Files (x86)\Minecraft\runtime\jre-x64\lib\ext\access-bridge-64.jar;C:\Program Files (x86)\Minecraft\runtime\jre-x64\lib\ext\cldrdata.jar;C:\Program Files (x86)\Minecraft\runtime\jre-x64\lib\ext\dnsns.jar;C:\Program Files (x86)\Minecraft\runtime\jre-x64\lib\ext\jaccess.jar;C:\Program Files (x86)\Minecraft\runtime\jre-x64\lib\ext\jfxrt.jar;C:\Program Files (x86)\Minecraft\runtime\jre-x64\lib\ext\localedata.jar;C:\Program Files (x86)\Minecraft\runtime\jre-x64\lib\ext\nashorn.jar;C:\Program Files (x86)\Minecraft\runtime\jre-x64\lib\ext\sunec.jar;C:\Program Files (x86)\Minecraft\runtime\jre-x64\lib\ext\sunjce_provider.jar;C:\Program Files (x86)\Minecraft\runtime\jre-x64\lib\ext\sunmscapi.jar;C:\Program Files (x86)\Minecraft\runtime\jre-x64\lib\ext\sunpkcs11.jar;C:\Program Files (x86)\Minecraft\runtime\jre-x64\lib\ext\zipfs.jar;C:\Program Files (x86)\Minecraft\runtime\jre-x64\lib\javaws.jar;C:\Program Files (x86)\Minecraft\runtime\jre-x64\lib\jce.jar;C:\Program Files (x86)\Minecraft\runtime\jre-x64\lib\jfr.jar;C:\Program Files (x86)\Minecraft\runtime\jre-x64\lib\jfxswt.jar;C:\Program Files (x86)\Minecraft\runtime\jre-x64\lib\jsse.jar;C:\Program Files (x86)\Minecraft\runtime\jre-x64\lib\management-agent.jar;C:\Program Files (x86)\Minecraft\runtime\jre-x64\lib\plugin.jar;C:\Program Files (x86)\Minecraft\runtime\jre-x64\lib\resources.jar;C:\Program Files (x86)\Minecraft\runtime\jre-x64\lib\rt.jar;C:\save\modding\ervin_mod_1\build\classes\java\main;C:\save\modding\ervin_mod_1\build\resources\main;C:\Users\ervin_1nmnhvl\.gradle\caches\forge_gradle\minecraft_user_repo\net\minecraftforge\forge\1.16.1-32.0.75_mapped_snapshot_20200723-1.16.1\forge-1.16.1-32.0.75_mapped_snapshot_20200723-1.16.1-recomp.jar;C:\Users\ervin_1nmnhvl\.gradle\caches\forge_gradle\minecraft_user_repo\net\minecraftforge\forge\1.16.1-32.0.75_
Launcher Type: SUN_STANDARD

Environment Variables:
JAVA_HOME=C:\Program Files\Java\jdk-11.0.4
PATH=C:\Program Files\Docker\Docker\Resources\bin;C:\ProgramData\Oracle\Java\javapath;C:\WINDOWS\system32;C:\WINDOWS;C:\WINDOWS\System32\Wbem;C:\WINDOWS\System32\WindowsPowerShell\v1.0\;C:\Program Files (x86)\cloudControl;C:\Program Files\Git\cmd;C:\bin;C:\Program Files (x86)\Windows Kits\8.1\Windows Performance Toolkit\;C:\Program Files (x86)\PuTTY\;C:\Program Files (x86)\Nodist\bin;G:\save\sdk\android\tools;G:\save\sdk\android\platform-tools;C:\boxfuse;C:\Program Files (x86)\Skype\Phone\;C:\Program Files (x86)\GtkSharp\2.12\bin;C:\Program Files (x86)\IVI Foundation\VISA\WinNT\Bin;C:\WINDOWS\system32;C:\WINDOWS;C:\WINDOWS\System32\Wbem;C:\WINDOWS\System32\WindowsPowerShell\v1.0\;;C:\WINDOWS\System32\OpenSSH\;C:\Users\ervin_1nmnhvl\AppData\Local\Microsoft\WindowsApps;
USERNAME=ervin_1nmnhvl
OS=Windows_NT
PROCESSOR_IDENTIFIER=Intel64 Family 6 Model 42 Stepping 7, GenuineIntel



---------------  S Y S T E M  ---------------

OS: Windows 10.0 , 64 bit Build 19041 (10.0.19041.928)

CPU:total 4 (2 cores per cpu, 2 threads per core) family 6 model 42 stepping 7, cmov, cx8, fxsr, mmx, sse, sse2, sse3, ssse3, sse4.1, sse4.2, popcnt, avx, aes, clmul, ht, tsc, tscinvbit

Memory: 4k page, physical 8266764k(561632k free), swap 10363916k(5124k free)

vm_info: Java HotSpot(TM) 64-Bit Server VM (25.51-b03) for windows-amd64 JRE (1.8.0_51-b16), built on Jun  8 2015 18:03:07 by "java_re" with MS VC++ 10.0 (VS2010)

time: Tue Apr 20 11:00:02 2021
elapsed time: 137 seconds (0d 0h 2m 17s)

