#
# There is insufficient memory for the Java Runtime Environment to continue.
# Native memory allocation (malloc) failed to allocate 1058016 bytes for Chunk::new
# Possible reasons:
#   The system is out of physical RAM or swap space
#   In 32 bit mode, the process size limit was hit
# Possible solutions:
#   Reduce memory load on the system
#   Increase physical memory or swap space
#   Check if swap backing store is full
#   Use 64 bit Java on a 64 bit OS
#   Decrease Java heap size (-Xmx/-Xms)
#   Decrease number of Java threads
#   Decrease Java thread stack sizes (-Xss)
#   Set larger code cache with -XX:ReservedCodeCacheSize=
# This output file may be truncated or incomplete.
#
#  Out of Memory Error (allocation.cpp:390), pid=1608, tid=14292
#
# JRE version: Java(TM) SE Runtime Environment (8.0_51-b16) (build 1.8.0_51-b16)
# Java VM: Java HotSpot(TM) 64-Bit Server VM (25.51-b03 mixed mode windows-amd64 compressed oops)
# Failed to write core dump. Minidumps are not enabled by default on client versions of Windows
#

---------------  T H R E A D  ---------------

Current thread (0x00000000197cb000):  JavaThread "C2 CompilerThread1" daemon [_thread_in_native, id=14292, stack(0x00000000199e0000,0x0000000019ae0000)]

Stack: [0x00000000199e0000,0x0000000019ae0000]
Native frames: (J=compiled Java code, j=interpreted, Vv=VM code, C=native code)
V  [jvm.dll+0x32b4ca]
V  [jvm.dll+0x2797e3]
V  [jvm.dll+0x27a479]
V  [jvm.dll+0x271765]
V  [jvm.dll+0xcba02]
V  [jvm.dll+0xcbecc]
V  [jvm.dll+0x476f72]
V  [jvm.dll+0x4b95ff]
V  [jvm.dll+0x46bca4]
V  [jvm.dll+0x46cd4e]
V  [jvm.dll+0x4501a2]
V  [jvm.dll+0xa43a2]
V  [jvm.dll+0xa4cdf]
V  [jvm.dll+0x2418a4]
V  [jvm.dll+0x29846a]
C  [msvcr100.dll+0x21d9f]
C  [msvcr100.dll+0x21e3b]
C  [KERNEL32.DLL+0x17034]
C  [ntdll.dll+0x4cec1]


Current CompileTask:
C2: 254406 18917       4       net.minecraft.world.server.ChunkManager::sendChunkData (346 bytes)


---------------  P R O C E S S  ---------------

Java Threads: ( => current thread )
  0x000000001aba7800 JavaThread "Sound engine" daemon [_thread_blocked, id=3000, stack(0x0000000024580000,0x0000000024680000)]
  0x000000001abaa000 JavaThread "Netty Server IO #1" daemon [_thread_in_native, id=15500, stack(0x0000000055b70000,0x0000000055c70000)]
  0x000000001aba6000 JavaThread "Netty Local Client IO #0" daemon [_thread_blocked, id=7768, stack(0x0000000048310000,0x0000000048410000)]
  0x000000001abaa800 JavaThread "Keep-Alive-Timer" daemon [_thread_blocked, id=10848, stack(0x00000000478c0000,0x00000000479c0000)]
  0x000000001aba4800 JavaThread "Netty Server IO #0" daemon [_thread_in_native, id=15596, stack(0x0000000047390000,0x0000000047490000)]
  0x000000001aba3000 JavaThread "ObjectCleanerThread" daemon [_thread_blocked, id=11196, stack(0x0000000047020000,0x0000000047120000)]
  0x000000002216f000 JavaThread "Java2D Disposer" daemon [_thread_blocked, id=9196, stack(0x00000000466f0000,0x00000000467f0000)]
  0x000000002216d800 JavaThread "IO-Worker-18" [_thread_blocked, id=7352, stack(0x00000000465f0000,0x00000000466f0000)]
  0x0000000022172000 JavaThread "IO-Worker-17" [_thread_blocked, id=252, stack(0x00000000454f0000,0x00000000455f0000)]
  0x0000000022171800 JavaThread "IO-Worker-16" [_thread_blocked, id=6552, stack(0x0000000045040000,0x0000000045140000)]
  0x000000001ad49000 JavaThread "Worker-Main-14" daemon [_thread_blocked, id=11160, stack(0x0000000039c60000,0x0000000039d60000)]
  0x000000001ad47800 JavaThread "Thread-11" daemon [_thread_in_native, id=3668, stack(0x0000000028010000,0x0000000028110000)]
  0x000000001ad46800 JavaThread "Server thread" [_thread_in_Java, id=14380, stack(0x0000000027d60000,0x0000000027e60000)]
  0x000000001ad45000 JavaThread "Snooper Timer" daemon [_thread_blocked, id=1344, stack(0x0000000001260000,0x0000000001360000)]
  0x000000001ad44800 JavaThread "Worker-Main-13" daemon [_thread_blocked, id=14664, stack(0x000000002abe0000,0x000000002ace0000)]
  0x0000000022173800 JavaThread "Narrator" [_thread_blocked, id=14564, stack(0x000000002a440000,0x000000002a540000)]
  0x0000000022173000 JavaThread "Snooper Timer" daemon [_thread_blocked, id=10436, stack(0x0000000027c20000,0x0000000027d20000)]
  0x000000002216d000 JavaThread "Timer hack thread" daemon [_thread_blocked, id=14860, stack(0x0000000025a50000,0x0000000025b50000)]
  0x000000002410b800 JavaThread "pool-3-thread-1" [_thread_blocked, id=15408, stack(0x000000001c110000,0x000000001c210000)]
  0x000000001a3aa000 JavaThread "Thread-2" daemon [_thread_in_native, id=2948, stack(0x000000001c310000,0x000000001c410000)]
  0x0000000019c54000 JavaThread "Thread-1" daemon [_thread_blocked, id=3712, stack(0x000000001c210000,0x000000001c310000)]
  0x00000000197de800 JavaThread "Service Thread" daemon [_thread_blocked, id=5312, stack(0x000000001a3e0000,0x000000001a4e0000)]
  0x00000000197cc000 JavaThread "C1 CompilerThread2" daemon [_thread_blocked, id=16156, stack(0x0000000019ae0000,0x0000000019be0000)]
=>0x00000000197cb000 JavaThread "C2 CompilerThread1" daemon [_thread_in_native, id=14292, stack(0x00000000199e0000,0x0000000019ae0000)]
  0x00000000197c8000 JavaThread "C2 CompilerThread0" daemon [_thread_in_native, id=16036, stack(0x00000000198e0000,0x00000000199e0000)]
  0x00000000197c6000 JavaThread "Monitor Ctrl-Break" daemon [_thread_in_native, id=2488, stack(0x00000000197e0000,0x00000000198e0000)]
  0x0000000017e83000 JavaThread "Attach Listener" daemon [_thread_blocked, id=11332, stack(0x00000000192e0000,0x00000000193e0000)]
  0x0000000017e81800 JavaThread "Signal Dispatcher" daemon [_thread_blocked, id=11688, stack(0x00000000191e0000,0x00000000192e0000)]
  0x00000000031cb800 JavaThread "Finalizer" daemon [_thread_blocked, id=2764, stack(0x00000000190e0000,0x00000000191e0000)]
  0x00000000031c8800 JavaThread "Reference Handler" daemon [_thread_blocked, id=1200, stack(0x0000000018fe0000,0x00000000190e0000)]
  0x00000000030d2800 JavaThread "Render thread" [_thread_in_Java, id=4760, stack(0x0000000002f00000,0x0000000003000000)]

Other Threads:
  0x0000000017e39000 VMThread [stack: 0x0000000018ee0000,0x0000000018fe0000] [id=5488]
  0x0000000019c8c000 WatcherThread [stack: 0x000000001a4e0000,0x000000001a5e0000] [id=12772]

VM state:not at safepoint (normal execution)

VM Mutex/Monitor currently owned by a thread: None

Heap:
 PSYoungGen      total 459776K, used 169089K [0x00000000d5f00000, 0x0000000100000000, 0x0000000100000000)
  eden space 230400K, 11% used [0x00000000d5f00000,0x00000000d78ee0e8,0x00000000e4000000)
  from space 229376K, 62% used [0x00000000f2000000,0x00000000fab32418,0x0000000100000000)
  to   space 229376K, 0% used [0x00000000e4000000,0x00000000e4000000,0x00000000f2000000)
 ParOldGen       total 674304K, used 564353K [0x0000000081c00000, 0x00000000aae80000, 0x00000000d5f00000)
  object space 674304K, 83% used [0x0000000081c00000,0x00000000a43206c0,0x00000000aae80000)
 Metaspace       used 95474K, capacity 107654K, committed 107776K, reserved 1138688K
  class space    used 14645K, capacity 17873K, committed 17920K, reserved 1048576K

Card table byte_map: [0x0000000012700000,0x0000000012b00000] byte_map_base: 0x00000000122f2000

Marking Bits: (ParMarkBitMap*) 0x0000000075844040
 Begin Bits: [0x00000000131b0000, 0x0000000015140000)
 End Bits:   [0x0000000015140000, 0x00000000170d0000)

Polling page: 0x00000000016a0000

CodeCache: size=245760Kb used=42907Kb max_used=44781Kb free=202852Kb
 bounds [0x0000000003340000, 0x0000000005f70000, 0x0000000012340000]
 total_blobs=15061 nmethods=13385 adapters=1584
 compilation: enabled

Compilation events (10 events):
Event: 254.327 Thread 0x00000000197cc000 19034       3       it.unimi.dsi.fastutil.objects.AbstractObjectList::iterator (5 bytes)
Event: 254.328 Thread 0x00000000197cc000 nmethod 19034 0x0000000003db44d0 code [0x0000000003db4640, 0x0000000003db4a08]
Event: 254.329 Thread 0x00000000197cc000 19035       3       net.minecraft.entity.player.PlayerInventory::getSizeInventory (24 bytes)
Event: 254.329 Thread 0x00000000197cc000 nmethod 19035 0x0000000005313bd0 code [0x0000000005313d80, 0x0000000005314288]
Event: 254.331 Thread 0x00000000197cc000 19037  s    3       net.minecraft.client.renderer.GLAllocation::createDirectByteBuffer (11 bytes)
Event: 254.332 Thread 0x00000000197cc000 nmethod 19037 0x0000000005313350 code [0x00000000053134e0, 0x0000000005313a18]
Event: 254.338 Thread 0x00000000197c8000 nmethod 19026 0x000000000560ab90 code [0x000000000560ad60, 0x000000000560b468]
Event: 254.338 Thread 0x00000000197c8000 19028       4       net.minecraft.item.ItemStack::isEmpty (41 bytes)
Event: 254.340 Thread 0x00000000197c8000 nmethod 19028 0x0000000004a9ef90 code [0x0000000004a9f0c0, 0x0000000004a9f158]
Event: 254.340 Thread 0x00000000197c8000 19040       4       net.minecraft.advancements.criterion.InventoryChangeTrigger$Instance::test (173 bytes)

GC Heap History (10 events):
Event: 243.333 GC heap before
{Heap before GC invocations=158 (full 8):
 PSYoungGen      total 458240K, used 458224K [0x00000000d5f00000, 0x0000000100000000, 0x0000000100000000)
  eden space 282624K, 100% used [0x00000000d5f00000,0x00000000e7300000,0x00000000e7300000)
  from space 175616K, 99% used [0x00000000e7300000,0x00000000f1e7c3d8,0x00000000f1e80000)
  to   space 229376K, 0% used [0x00000000f2000000,0x00000000f2000000,0x0000000100000000)
 ParOldGen       total 674304K, used 536681K [0x0000000081c00000, 0x00000000aae80000, 0x00000000d5f00000)
  object space 674304K, 79% used [0x0000000081c00000,0x00000000a281a4a0,0x00000000aae80000)
 Metaspace       used 90402K, capacity 101886K, committed 102144K, reserved 1134592K
  class space    used 13965K, capacity 17057K, committed 17152K, reserved 1048576K
Event: 243.554 GC heap after
Heap after GC invocations=158 (full 8):
 PSYoungGen      total 459776K, used 151740K [0x00000000d5f00000, 0x0000000100000000, 0x0000000100000000)
  eden space 230400K, 0% used [0x00000000d5f00000,0x00000000d5f00000,0x00000000e4000000)
  from space 229376K, 66% used [0x00000000f2000000,0x00000000fb42f168,0x0000000100000000)
  to   space 229376K, 0% used [0x00000000e4000000,0x00000000e4000000,0x00000000f2000000)
 ParOldGen       total 674304K, used 536689K [0x0000000081c00000, 0x00000000aae80000, 0x00000000d5f00000)
  object space 674304K, 79% used [0x0000000081c00000,0x00000000a281c4a0,0x00000000aae80000)
 Metaspace       used 90402K, capacity 101886K, committed 102144K, reserved 1134592K
  class space    used 13965K, capacity 17057K, committed 17152K, reserved 1048576K
}
Event: 248.465 GC heap before
{Heap before GC invocations=159 (full 8):
 PSYoungGen      total 459776K, used 382140K [0x00000000d5f00000, 0x0000000100000000, 0x0000000100000000)
  eden space 230400K, 100% used [0x00000000d5f00000,0x00000000e4000000,0x00000000e4000000)
  from space 229376K, 66% used [0x00000000f2000000,0x00000000fb42f168,0x0000000100000000)
  to   space 229376K, 0% used [0x00000000e4000000,0x00000000e4000000,0x00000000f2000000)
 ParOldGen       total 674304K, used 536689K [0x0000000081c00000, 0x00000000aae80000, 0x00000000d5f00000)
  object space 674304K, 79% used [0x0000000081c00000,0x00000000a281c4a0,0x00000000aae80000)
 Metaspace       used 92082K, capacity 103678K, committed 103808K, reserved 1136640K
  class space    used 14141K, capacity 17249K, committed 17280K, reserved 1048576K
Event: 248.582 GC heap after
Heap after GC invocations=159 (full 8):
 PSYoungGen      total 459776K, used 103149K [0x00000000d5f00000, 0x0000000100000000, 0x0000000100000000)
  eden space 230400K, 0% used [0x00000000d5f00000,0x00000000d5f00000,0x00000000e4000000)
  from space 229376K, 44% used [0x00000000e4000000,0x00000000ea4bb550,0x00000000f2000000)
  to   space 229376K, 0% used [0x00000000f2000000,0x00000000f2000000,0x0000000100000000)
 ParOldGen       total 674304K, used 536697K [0x0000000081c00000, 0x00000000aae80000, 0x00000000d5f00000)
  object space 674304K, 79% used [0x0000000081c00000,0x00000000a281e4a0,0x00000000aae80000)
 Metaspace       used 92082K, capacity 103678K, committed 103808K, reserved 1136640K
  class space    used 14141K, capacity 17249K, committed 17280K, reserved 1048576K
}
Event: 250.543 GC heap before
{Heap before GC invocations=160 (full 8):
 PSYoungGen      total 459776K, used 333549K [0x00000000d5f00000, 0x0000000100000000, 0x0000000100000000)
  eden space 230400K, 100% used [0x00000000d5f00000,0x00000000e4000000,0x00000000e4000000)
  from space 229376K, 44% used [0x00000000e4000000,0x00000000ea4bb550,0x00000000f2000000)
  to   space 229376K, 0% used [0x00000000f2000000,0x00000000f2000000,0x0000000100000000)
 ParOldGen       total 674304K, used 536697K [0x0000000081c00000, 0x00000000aae80000, 0x00000000d5f00000)
  object space 674304K, 79% used [0x0000000081c00000,0x00000000a281e4a0,0x00000000aae80000)
 Metaspace       used 93296K, capacity 105018K, committed 105344K, reserved 1136640K
  class space    used 14320K, capacity 17427K, committed 17536K, reserved 1048576K
Event: 250.766 GC heap after
Heap after GC invocations=160 (full 8):
 PSYoungGen      total 459776K, used 147392K [0x00000000d5f00000, 0x0000000100000000, 0x0000000100000000)
  eden space 230400K, 0% used [0x00000000d5f00000,0x00000000d5f00000,0x00000000e4000000)
  from space 229376K, 64% used [0x00000000f2000000,0x00000000faff0340,0x0000000100000000)
  to   space 229376K, 0% used [0x00000000e4000000,0x00000000e4000000,0x00000000f2000000)
 ParOldGen       total 674304K, used 536705K [0x0000000081c00000, 0x00000000aae80000, 0x00000000d5f00000)
  object space 674304K, 79% used [0x0000000081c00000,0x00000000a28204a0,0x00000000aae80000)
 Metaspace       used 93296K, capacity 105018K, committed 105344K, reserved 1136640K
  class space    used 14320K, capacity 17427K, committed 17536K, reserved 1048576K
}
Event: 251.788 GC heap before
{Heap before GC invocations=161 (full 8):
 PSYoungGen      total 459776K, used 377792K [0x00000000d5f00000, 0x0000000100000000, 0x0000000100000000)
  eden space 230400K, 100% used [0x00000000d5f00000,0x00000000e4000000,0x00000000e4000000)
  from space 229376K, 64% used [0x00000000f2000000,0x00000000faff0340,0x0000000100000000)
  to   space 229376K, 0% used [0x00000000e4000000,0x00000000e4000000,0x00000000f2000000)
 ParOldGen       total 674304K, used 536705K [0x0000000081c00000, 0x00000000aae80000, 0x00000000d5f00000)
  object space 674304K, 79% used [0x0000000081c00000,0x00000000a28204a0,0x00000000aae80000)
 Metaspace       used 93847K, capacity 105620K, committed 105728K, reserved 1136640K
  class space    used 14442K, capacity 17596K, committed 17664K, reserved 1048576K
Event: 252.097 GC heap after
Heap after GC invocations=161 (full 8):
 PSYoungGen      total 459776K, used 175985K [0x00000000d5f00000, 0x0000000100000000, 0x0000000100000000)
  eden space 230400K, 0% used [0x00000000d5f00000,0x00000000d5f00000,0x00000000e4000000)
  from space 229376K, 76% used [0x00000000e4000000,0x00000000eebdc668,0x00000000f2000000)
  to   space 229376K, 0% used [0x00000000f2000000,0x00000000f2000000,0x0000000100000000)
 ParOldGen       total 674304K, used 549902K [0x0000000081c00000, 0x00000000aae80000, 0x00000000d5f00000)
  object space 674304K, 81% used [0x0000000081c00000,0x00000000a3503ac8,0x00000000aae80000)
 Metaspace       used 93847K, capacity 105620K, committed 105728K, reserved 1136640K
  class space    used 14442K, capacity 17596K, committed 17664K, reserved 1048576K
}
Event: 253.994 GC heap before
{Heap before GC invocations=162 (full 8):
 PSYoungGen      total 459776K, used 406385K [0x00000000d5f00000, 0x0000000100000000, 0x0000000100000000)
  eden space 230400K, 100% used [0x00000000d5f00000,0x00000000e4000000,0x00000000e4000000)
  from space 229376K, 76% used [0x00000000e4000000,0x00000000eebdc668,0x00000000f2000000)
  to   space 229376K, 0% used [0x00000000f2000000,0x00000000f2000000,0x0000000100000000)
 ParOldGen       total 674304K, used 549902K [0x0000000081c00000, 0x00000000aae80000, 0x00000000d5f00000)
  object space 674304K, 81% used [0x0000000081c00000,0x00000000a3503ac8,0x00000000aae80000)
 Metaspace       used 95295K, capacity 107332K, committed 107520K, reserved 1138688K
  class space    used 14621K, capacity 17844K, committed 17920K, reserved 1048576K
Event: 254.202 GC heap after
Heap after GC invocations=162 (full 8):
 PSYoungGen      total 459776K, used 142537K [0x00000000d5f00000, 0x0000000100000000, 0x0000000100000000)
  eden space 230400K, 0% used [0x00000000d5f00000,0x00000000d5f00000,0x00000000e4000000)
  from space 229376K, 62% used [0x00000000f2000000,0x00000000fab32418,0x0000000100000000)
  to   space 229376K, 0% used [0x00000000e4000000,0x00000000e4000000,0x00000000f2000000)
 ParOldGen       total 674304K, used 564353K [0x0000000081c00000, 0x00000000aae80000, 0x00000000d5f00000)
  object space 674304K, 83% used [0x0000000081c00000,0x00000000a43206c0,0x00000000aae80000)
 Metaspace       used 95295K, capacity 107332K, committed 107520K, reserved 1138688K
  class space    used 14621K, capacity 17844K, committed 17920K, reserved 1048576K
}

Deoptimization events (10 events):
Event: 254.308 Thread 0x000000001ad46800 Uncommon trap: reason=class_check action=maybe_recompile pc=0x00000000058f3fe0 method=net.minecraft.util.NonNullList.set(ILjava/lang/Object;)Ljava/lang/Object; @ 11
Event: 254.313 Thread 0x000000001ad46800 Uncommon trap: reason=bimorphic action=maybe_recompile pc=0x000000000547f678 method=java.util.AbstractCollection.containsAll(Ljava/util/Collection;)Z @ 25
Event: 254.313 Thread 0x000000001ad46800 Uncommon trap: reason=bimorphic action=maybe_recompile pc=0x00000000059964fc method=java.util.Collection.removeIf(Ljava/util/function/Predicate;)Z @ 8
Event: 254.314 Thread 0x000000001ad46800 Uncommon trap: reason=bimorphic action=maybe_recompile pc=0x00000000059964fc method=java.util.Collection.removeIf(Ljava/util/function/Predicate;)Z @ 8
Event: 254.314 Thread 0x000000001ad46800 Uncommon trap: reason=bimorphic action=maybe_recompile pc=0x00000000059964fc method=java.util.Collection.removeIf(Ljava/util/function/Predicate;)Z @ 8
Event: 254.314 Thread 0x000000001ad46800 Uncommon trap: reason=bimorphic action=maybe_recompile pc=0x00000000059964fc method=java.util.Collection.removeIf(Ljava/util/function/Predicate;)Z @ 8
Event: 254.316 Thread 0x000000001ad46800 Uncommon trap: reason=class_check action=maybe_recompile pc=0x00000000058f3fe0 method=net.minecraft.util.NonNullList.set(ILjava/lang/Object;)Ljava/lang/Object; @ 11
Event: 254.316 Thread 0x000000001ad46800 Uncommon trap: reason=bimorphic action=maybe_recompile pc=0x000000000547f678 method=java.util.AbstractCollection.containsAll(Ljava/util/Collection;)Z @ 25
Event: 254.318 Thread 0x000000001ad46800 Uncommon trap: reason=class_check action=maybe_recompile pc=0x00000000058f3fe0 method=net.minecraft.util.NonNullList.set(ILjava/lang/Object;)Ljava/lang/Object; @ 11
Event: 254.320 Thread 0x000000001ad46800 Uncommon trap: reason=class_check action=maybe_recompile pc=0x00000000058f3fe0 method=net.minecraft.util.NonNullList.set(ILjava/lang/Object;)Ljava/lang/Object; @ 11

Internal exceptions (10 events):
Event: 254.208 Thread 0x00000000030d2800 Exception <a 'sun/nio/fs/WindowsException'> (0x00000000d5f54ff8) thrown at [C:\re\workspace\8-2-build-windows-amd64-cygwin\jdk8u51\3951\hotspot\src\share\vm\prims\jni.cpp, line 709]
Event: 254.208 Thread 0x00000000030d2800 Exception <a 'sun/nio/fs/WindowsException'> (0x00000000d5f55d00) thrown at [C:\re\workspace\8-2-build-windows-amd64-cygwin\jdk8u51\3951\hotspot\src\share\vm\prims\jni.cpp, line 709]
Event: 254.208 Thread 0x00000000030d2800 Exception <a 'sun/nio/fs/WindowsException'> (0x00000000d5f567b0) thrown at [C:\re\workspace\8-2-build-windows-amd64-cygwin\jdk8u51\3951\hotspot\src\share\vm\prims\jni.cpp, line 709]
Event: 254.271 Thread 0x00000000030d2800 Exception <a 'sun/nio/fs/WindowsException'> (0x00000000d6502570) thrown at [C:\re\workspace\8-2-build-windows-amd64-cygwin\jdk8u51\3951\hotspot\src\share\vm\prims\jni.cpp, line 709]
Event: 254.271 Thread 0x00000000030d2800 Exception <a 'sun/nio/fs/WindowsException'> (0x00000000d6502e30) thrown at [C:\re\workspace\8-2-build-windows-amd64-cygwin\jdk8u51\3951\hotspot\src\share\vm\prims\jni.cpp, line 709]
Event: 254.271 Thread 0x00000000030d2800 Exception <a 'sun/nio/fs/WindowsException'> (0x00000000d6503bc8) thrown at [C:\re\workspace\8-2-build-windows-amd64-cygwin\jdk8u51\3951\hotspot\src\share\vm\prims\jni.cpp, line 709]
Event: 254.271 Thread 0x00000000030d2800 Exception <a 'sun/nio/fs/WindowsException'> (0x00000000d65044a8) thrown at [C:\re\workspace\8-2-build-windows-amd64-cygwin\jdk8u51\3951\hotspot\src\share\vm\prims\jni.cpp, line 709]
Event: 254.271 Thread 0x00000000030d2800 Exception <a 'sun/nio/fs/WindowsException'> (0x00000000d65051e0) thrown at [C:\re\workspace\8-2-build-windows-amd64-cygwin\jdk8u51\3951\hotspot\src\share\vm\prims\jni.cpp, line 709]
Event: 254.271 Thread 0x00000000030d2800 Exception <a 'sun/nio/fs/WindowsException'> (0x00000000d6505d20) thrown at [C:\re\workspace\8-2-build-windows-amd64-cygwin\jdk8u51\3951\hotspot\src\share\vm\prims\jni.cpp, line 709]
Event: 254.350 Thread 0x00000000030d2800 Exception <a 'sun/nio/fs/WindowsException'> (0x00000000d6b11728) thrown at [C:\re\workspace\8-2-build-windows-amd64-cygwin\jdk8u51\3951\hotspot\src\share\vm\prims\jni.cpp, line 709]

Events (10 events):
Event: 254.316 Thread 0x000000001ad46800 DEOPT PACKING pc=0x000000000547f678 sp=0x0000000027e5ea50
Event: 254.316 Thread 0x000000001ad46800 DEOPT UNPACKING pc=0x000000000338582a sp=0x0000000027e5ea10 mode 2
Event: 254.318 Thread 0x000000001ad46800 Uncommon trap: trap_request=0xffffffde fr.pc=0x00000000058f3fe0
Event: 254.318 Thread 0x000000001ad46800 DEOPT PACKING pc=0x00000000058f3fe0 sp=0x0000000027e5edc0
Event: 254.318 Thread 0x000000001ad46800 DEOPT UNPACKING pc=0x000000000338582a sp=0x0000000027e5ed68 mode 2
Event: 254.320 Thread 0x000000001ad46800 Uncommon trap: trap_request=0xffffffde fr.pc=0x00000000058f3fe0
Event: 254.320 Thread 0x000000001ad46800 DEOPT PACKING pc=0x00000000058f3fe0 sp=0x0000000027e5edc0
Event: 254.320 Thread 0x000000001ad46800 DEOPT UNPACKING pc=0x000000000338582a sp=0x0000000027e5ed68 mode 2
Event: 254.349 loading class net/minecraft/client/renderer/chunk/ChunkRenderDispatcher
Event: 254.349 loading class net/minecraft/client/renderer/chunk/ChunkRenderDispatcher done


Dynamic libraries:
0x00007ff7ca400000 - 0x00007ff7ca437000 	C:\Program Files (x86)\Minecraft\runtime\jre-x64\bin\java.exe
0x00007ff8eb830000 - 0x00007ff8eba26000 	C:\WINDOWS\SYSTEM32\ntdll.dll
0x00007ff8ea5b0000 - 0x00007ff8ea66d000 	C:\WINDOWS\System32\KERNEL32.DLL
0x00007ff8e8f80000 - 0x00007ff8e9248000 	C:\WINDOWS\System32\KERNELBASE.dll
0x00007ff8e9e80000 - 0x00007ff8e9f2a000 	C:\WINDOWS\System32\ADVAPI32.dll
0x00007ff8eafa0000 - 0x00007ff8eb03e000 	C:\WINDOWS\System32\msvcrt.dll
0x00007ff8e98a0000 - 0x00007ff8e993b000 	C:\WINDOWS\System32\sechost.dll
0x00007ff8ea6f0000 - 0x00007ff8ea814000 	C:\WINDOWS\System32\RPCRT4.dll
0x00007ff8e9a20000 - 0x00007ff8e9bc0000 	C:\WINDOWS\System32\USER32.dll
0x00007ff8e97d0000 - 0x00007ff8e97f2000 	C:\WINDOWS\System32\win32u.dll
0x00007ff8eb7b0000 - 0x00007ff8eb7da000 	C:\WINDOWS\System32\GDI32.dll
0x00007ff8e9590000 - 0x00007ff8e9699000 	C:\WINDOWS\System32\gdi32full.dll
0x00007ff8e9800000 - 0x00007ff8e989d000 	C:\WINDOWS\System32\msvcp_win.dll
0x00007ff8e9460000 - 0x00007ff8e9560000 	C:\WINDOWS\System32\ucrtbase.dll
0x00007ff8d5a90000 - 0x00007ff8d5d2b000 	C:\WINDOWS\WinSxS\amd64_microsoft.windows.common-controls_6595b64144ccf1df_6.0.19041.488_none_ca04af081b815d21\COMCTL32.dll
0x00007ff8eb040000 - 0x00007ff8eb070000 	C:\WINDOWS\System32\IMM32.DLL
0x00000000758d0000 - 0x00000000759a2000 	C:\Program Files (x86)\Minecraft\runtime\jre-x64\bin\msvcr100.dll
0x0000000075040000 - 0x00000000758c3000 	C:\Program Files (x86)\Minecraft\runtime\jre-x64\bin\server\jvm.dll
0x00007ff8ea0c0000 - 0x00007ff8ea0c8000 	C:\WINDOWS\System32\PSAPI.DLL
0x00007ff8c4710000 - 0x00007ff8c4719000 	C:\WINDOWS\SYSTEM32\WSOCK32.dll
0x00007ff8e9e10000 - 0x00007ff8e9e7b000 	C:\WINDOWS\System32\WS2_32.dll
0x00007ff8e19d0000 - 0x00007ff8e19f7000 	C:\WINDOWS\SYSTEM32\WINMM.dll
0x00007ff8e18d0000 - 0x00007ff8e18da000 	C:\WINDOWS\SYSTEM32\VERSION.dll
0x0000000076250000 - 0x000000007625f000 	C:\Program Files (x86)\Minecraft\runtime\jre-x64\bin\verify.dll
0x0000000076220000 - 0x0000000076249000 	C:\Program Files (x86)\Minecraft\runtime\jre-x64\bin\java.dll
0x00000000761f0000 - 0x0000000076213000 	C:\Program Files (x86)\Minecraft\runtime\jre-x64\bin\instrument.dll
0x00000000761d0000 - 0x00000000761e6000 	C:\Program Files (x86)\Minecraft\runtime\jre-x64\bin\zip.dll
0x00007ff8eb070000 - 0x00007ff8eb7b0000 	C:\WINDOWS\System32\SHELL32.dll
0x00007ff8e6ea0000 - 0x00007ff8e7634000 	C:\WINDOWS\SYSTEM32\windows.storage.dll
0x00007ff8ea0d0000 - 0x00007ff8ea425000 	C:\WINDOWS\System32\combase.dll
0x00007ff8e8850000 - 0x00007ff8e887c000 	C:\WINDOWS\SYSTEM32\Wldp.dll
0x00007ff8ea430000 - 0x00007ff8ea4de000 	C:\WINDOWS\System32\SHCORE.dll
0x00007ff8eaf40000 - 0x00007ff8eaf95000 	C:\WINDOWS\System32\shlwapi.dll
0x00007ff8e8eb0000 - 0x00007ff8e8ed6000 	C:\WINDOWS\SYSTEM32\profapi.dll
0x00007ff8e1990000 - 0x00007ff8e19aa000 	C:\Users\ervin_1nmnhvl\AppData\Local\JetBrains\Toolbox\apps\IDEA-U\ch-0\202.6397.94\bin\breakgen64.dll
0x00000000761b0000 - 0x00000000761ca000 	C:\Program Files (x86)\Minecraft\runtime\jre-x64\bin\net.dll
0x00007ff8e8640000 - 0x00007ff8e86aa000 	C:\WINDOWS\system32\mswsock.dll
0x0000000075030000 - 0x000000007503d000 	C:\Program Files (x86)\Minecraft\runtime\jre-x64\bin\management.dll
0x00007ff8b7e60000 - 0x00007ff8b7e77000 	C:\WINDOWS\system32\napinsp.dll
0x00007ff8b7e80000 - 0x00007ff8b7e9b000 	C:\WINDOWS\system32\pnrpnsp.dll
0x00007ff8e3aa0000 - 0x00007ff8e3ab5000 	C:\WINDOWS\system32\wshbth.dll
0x00007ff8e47b0000 - 0x00007ff8e47cd000 	C:\WINDOWS\system32\NLAapi.dll
0x00007ff8e8350000 - 0x00007ff8e838b000 	C:\WINDOWS\SYSTEM32\IPHLPAPI.DLL
0x00007ff8e8390000 - 0x00007ff8e845b000 	C:\WINDOWS\SYSTEM32\DNSAPI.dll
0x00007ff8ea8b0000 - 0x00007ff8ea8b9000 	C:\WINDOWS\System32\NSI.dll
0x00007ff8ba580000 - 0x00007ff8ba592000 	C:\WINDOWS\System32\winrnr.dll
0x00007ff8da350000 - 0x00007ff8da35a000 	C:\Windows\System32\rasadhlp.dll
0x00007ff8dccf0000 - 0x00007ff8dcd6f000 	C:\WINDOWS\System32\fwpuclnt.dll
0x00007ff8e9560000 - 0x00007ff8e9587000 	C:\WINDOWS\System32\bcrypt.dll
0x0000000075010000 - 0x0000000075021000 	C:\Program Files (x86)\Minecraft\runtime\jre-x64\bin\nio.dll
0x0000000074fe0000 - 0x0000000075004000 	C:\Program Files (x86)\Minecraft\runtime\jre-x64\bin\sunec.dll
0x00007ff8e8c00000 - 0x00007ff8e8c18000 	C:\WINDOWS\SYSTEM32\CRYPTSP.dll
0x00007ff8e7ef0000 - 0x00007ff8e7f24000 	C:\WINDOWS\system32\rsaenh.dll
0x00007ff8e8e70000 - 0x00007ff8e8e9e000 	C:\WINDOWS\SYSTEM32\USERENV.dll
0x00007ff8e9750000 - 0x00007ff8e97cf000 	C:\WINDOWS\System32\bcryptprimitives.dll
0x00007ff8e87c0000 - 0x00007ff8e87cc000 	C:\WINDOWS\SYSTEM32\CRYPTBASE.dll
0x00007ff8e1970000 - 0x00007ff8e1987000 	C:\WINDOWS\SYSTEM32\dhcpcsvc6.DLL
0x00007ff8e1950000 - 0x00007ff8e196d000 	C:\WINDOWS\SYSTEM32\dhcpcsvc.DLL
0x00007ff8c9030000 - 0x00007ff8c90a2000 	C:\Users\ervin_1nmnhvl\AppData\Local\Temp\lwjglervin_1nmnhvl\3.2.2-build-10\lwjgl.dll
0x00007ff8ace20000 - 0x00007ff8ad071000 	C:\Users\ERVIN_~1\AppData\Local\Temp\lwjglervin_1nmnhvl\3.2.2-build-10\jemalloc.dll
0x00007ff8c9110000 - 0x00007ff8c916e000 	C:\Users\ERVIN_~1\AppData\Local\Temp\lwjglervin_1nmnhvl\3.2.2-build-10\glfw.dll
0x00007ff8e6800000 - 0x00007ff8e689f000 	C:\WINDOWS\system32\uxtheme.dll
0x00007ff8c3cb0000 - 0x00007ff8c3cf5000 	C:\WINDOWS\SYSTEM32\dinput8.dll
0x00007ff8d6320000 - 0x00007ff8d6331000 	C:\WINDOWS\SYSTEM32\xinput1_4.dll
0x00007ff8e96a0000 - 0x00007ff8e96ee000 	C:\WINDOWS\System32\cfgmgr32.dll
0x00007ff8e8ce0000 - 0x00007ff8e8d0c000 	C:\WINDOWS\SYSTEM32\DEVOBJ.dll
0x00007ff8e6bb0000 - 0x00007ff8e6bdf000 	C:\WINDOWS\SYSTEM32\dwmapi.dll
0x00007ff8d8560000 - 0x00007ff8d86b2000 	C:\WINDOWS\SYSTEM32\inputhost.dll
0x00007ff8ea4e0000 - 0x00007ff8ea5ad000 	C:\WINDOWS\System32\OLEAUT32.dll
0x00007ff8e6320000 - 0x00007ff8e6412000 	C:\WINDOWS\SYSTEM32\CoreMessaging.dll
0x00007ff8e4690000 - 0x00007ff8e4787000 	C:\WINDOWS\SYSTEM32\PROPSYS.dll
0x00007ff8e58f0000 - 0x00007ff8e5a46000 	C:\WINDOWS\SYSTEM32\wintypes.dll
0x00007ff8e5fc0000 - 0x00007ff8e631e000 	C:\WINDOWS\SYSTEM32\CoreUIComponents.dll
0x00007ff8e7b80000 - 0x00007ff8e7bb3000 	C:\WINDOWS\SYSTEM32\ntmarta.dll
0x00007ff8e7720000 - 0x00007ff8e7732000 	C:\WINDOWS\SYSTEM32\kernel.appcore.dll
0x00007ff8e9bc0000 - 0x00007ff8e9cd5000 	C:\WINDOWS\System32\MSCTF.dll
0x00007ff8e7640000 - 0x00007ff8e764d000 	C:\WINDOWS\SYSTEM32\HID.DLL
0x00007ff8eaa70000 - 0x00007ff8eaed7000 	C:\WINDOWS\System32\SETUPAPI.DLL
0x00007ff8e96f0000 - 0x00007ff8e9750000 	C:\WINDOWS\System32\WINTRUST.dll
0x00007ff8e9250000 - 0x00007ff8e93ad000 	C:\WINDOWS\System32\CRYPT32.dll
0x00007ff8e8c50000 - 0x00007ff8e8c62000 	C:\WINDOWS\SYSTEM32\MSASN1.dll
0x00007ff8bd2a0000 - 0x00007ff8bd3c5000 	C:\WINDOWS\SYSTEM32\opengl32.dll
0x00007ff8d6340000 - 0x00007ff8d636c000 	C:\WINDOWS\SYSTEM32\GLU32.dll
0x00007ff8ea010000 - 0x00007ff8ea0b9000 	C:\WINDOWS\System32\clbcatq.dll
0x00007ff895280000 - 0x00007ff895f04000 	C:\WINDOWS\SYSTEM32\ig4icd64.dll
0x00007ff8e7790000 - 0x00007ff8e7883000 	C:\WINDOWS\SYSTEM32\dxgi.dll
0x00007ff8e4b30000 - 0x00007ff8e4d94000 	C:\WINDOWS\SYSTEM32\d3d11.dll
0x00007ff8de350000 - 0x00007ff8defa0000 	C:\WINDOWS\SYSTEM32\igd10umd64.dll
0x00007ff8df1f0000 - 0x00007ff8df22b000 	C:\WINDOWS\SYSTEM32\dxcore.dll
0x00007ff8c3c30000 - 0x00007ff8c3caf000 	C:\Users\ervin_1nmnhvl\AppData\Local\Temp\lwjglervin_1nmnhvl\3.2.2-build-10\lwjgl_stb.dll
0x00007ff8e34d0000 - 0x00007ff8e357e000 	C:\WINDOWS\SYSTEM32\mscms.dll
0x00007ff8e33e0000 - 0x00007ff8e33f1000 	C:\WINDOWS\SYSTEM32\ColorAdapterClient.dll
0x00007ff8c3670000 - 0x00007ff8c36b3000 	C:\WINDOWS\SYSTEM32\icm32.dll
0x00007ff8d86c0000 - 0x00007ff8d87bc000 	C:\WINDOWS\SYSTEM32\textinputframework.dll
0x00007ff8bd430000 - 0x00007ff8bd488000 	C:\Users\ervin_1nmnhvl\AppData\Local\Temp\lwjglervin_1nmnhvl\3.2.2-build-10\lwjgl_opengl.dll
0x00007ff8bd3e0000 - 0x00007ff8bd422000 	C:\Users\ervin_1nmnhvl\AppData\Local\Temp\jna-2118671535\jna6692652852078107238.dll
0x00007ff8d4d40000 - 0x00007ff8d4d5a000 	C:\save\modding\ervin_mod_1\build\natives\SAPIWrapper_x64.dll
0x00007ff8e9ce0000 - 0x00007ff8e9e0a000 	C:\WINDOWS\System32\ole32.dll
0x00007ff8abe80000 - 0x00007ff8ac004000 	C:\WINDOWS\System32\Speech\Common\sapi.dll
0x00007ff8dae60000 - 0x00007ff8dae6b000 	C:\WINDOWS\SYSTEM32\msdmo.dll
0x00007ff89f370000 - 0x00007ff89f38e000 	C:\WINDOWS\SYSTEM32\MSACM32.dll
0x00007ff8b25a0000 - 0x00007ff8b25c6000 	C:\WINDOWS\SYSTEM32\winmmbase.dll
0x00007ff8d99c0000 - 0x00007ff8d9a45000 	C:\WINDOWS\System32\MMDevApi.dll
0x00007ff8aee70000 - 0x00007ff8aef84000 	C:\Users\ERVIN_~1\AppData\Local\Temp\lwjglervin_1nmnhvl\3.2.2-build-10\OpenAL.dll
0x00007ff8cf010000 - 0x00007ff8cf191000 	C:\WINDOWS\SYSTEM32\AUDIOSES.DLL
0x00007ff8e8d30000 - 0x00007ff8e8d7b000 	C:\WINDOWS\SYSTEM32\powrprof.dll
0x00007ff8e8d10000 - 0x00007ff8e8d22000 	C:\WINDOWS\SYSTEM32\UMPDC.dll
0x00007ff8e68e0000 - 0x00007ff8e68f4000 	C:\WINDOWS\SYSTEM32\resourcepolicyclient.dll
0x0000000074e40000 - 0x0000000074fd8000 	C:\Program Files (x86)\Minecraft\runtime\jre-x64\bin\awt.dll
0x00007ff8e6630000 - 0x00007ff8e66c0000 	C:\WINDOWS\SYSTEM32\apphelp.dll
0x00007ff8dfae0000 - 0x00007ff8dfcc4000 	C:\WINDOWS\SYSTEM32\dbghelp.dll

VM Arguments:
jvm_args: -Dforge.logging.console.level=debug -Dforge.logging.markers=SCAN,REGISTRIES,REGISTRYDUMP -XX:HeapDumpPath=MojangTricksIntelDriversForPerformance_javaw.exe_minecraft.exe.heapdump -Dos.name=Windows 10 -Dos.version=10.0 -javaagent:C:\Users\ervin_1nmnhvl\AppData\Local\JetBrains\Toolbox\apps\IDEA-U\ch-0\202.6397.94\lib\idea_rt.jar=56995:C:\Users\ervin_1nmnhvl\AppData\Local\JetBrains\Toolbox\apps\IDEA-U\ch-0\202.6397.94\bin -Dfile.encoding=UTF-8 
java_command: net.minecraftforge.userdev.LaunchTesting
java_class_path (initial): C:\Program Files (x86)\Minecraft\runtime\jre-x64\lib\charsets.jar;C:\Program Files (x86)\Minecraft\runtime\jre-x64\lib\deploy.jar;C:\Program Files (x86)\Minecraft\runtime\jre-x64\lib\ext\access-bridge-64.jar;C:\Program Files (x86)\Minecraft\runtime\jre-x64\lib\ext\cldrdata.jar;C:\Program Files (x86)\Minecraft\runtime\jre-x64\lib\ext\dnsns.jar;C:\Program Files (x86)\Minecraft\runtime\jre-x64\lib\ext\jaccess.jar;C:\Program Files (x86)\Minecraft\runtime\jre-x64\lib\ext\jfxrt.jar;C:\Program Files (x86)\Minecraft\runtime\jre-x64\lib\ext\localedata.jar;C:\Program Files (x86)\Minecraft\runtime\jre-x64\lib\ext\nashorn.jar;C:\Program Files (x86)\Minecraft\runtime\jre-x64\lib\ext\sunec.jar;C:\Program Files (x86)\Minecraft\runtime\jre-x64\lib\ext\sunjce_provider.jar;C:\Program Files (x86)\Minecraft\runtime\jre-x64\lib\ext\sunmscapi.jar;C:\Program Files (x86)\Minecraft\runtime\jre-x64\lib\ext\sunpkcs11.jar;C:\Program Files (x86)\Minecraft\runtime\jre-x64\lib\ext\zipfs.jar;C:\Program Files (x86)\Minecraft\runtime\jre-x64\lib\javaws.jar;C:\Program Files (x86)\Minecraft\runtime\jre-x64\lib\jce.jar;C:\Program Files (x86)\Minecraft\runtime\jre-x64\lib\jfr.jar;C:\Program Files (x86)\Minecraft\runtime\jre-x64\lib\jfxswt.jar;C:\Program Files (x86)\Minecraft\runtime\jre-x64\lib\jsse.jar;C:\Program Files (x86)\Minecraft\runtime\jre-x64\lib\management-agent.jar;C:\Program Files (x86)\Minecraft\runtime\jre-x64\lib\plugin.jar;C:\Program Files (x86)\Minecraft\runtime\jre-x64\lib\resources.jar;C:\Program Files (x86)\Minecraft\runtime\jre-x64\lib\rt.jar;C:\save\modding\ervin_mod_1\build\classes\java\main;C:\save\modding\ervin_mod_1\build\resources\main;C:\Users\ervin_1nmnhvl\.gradle\caches\forge_gradle\minecraft_user_repo\net\minecraftforge\forge\1.16.1-32.0.75_mapped_snapshot_20200723-1.16.1\forge-1.16.1-32.0.75_mapped_snapshot_20200723-1.16.1-recomp.jar;C:\Users\ervin_1nmnhvl\.gradle\caches\forge_gradle\minecraft_user_repo\net\minecraftforge\forge\1.16.1-32.0.75_
Launcher Type: SUN_STANDARD

Environment Variables:
JAVA_HOME=C:\Program Files\Java\jdk-11.0.4
PATH=C:\Program Files\Docker\Docker\Resources\bin;C:\ProgramData\Oracle\Java\javapath;C:\WINDOWS\system32;C:\WINDOWS;C:\WINDOWS\System32\Wbem;C:\WINDOWS\System32\WindowsPowerShell\v1.0\;C:\Program Files (x86)\cloudControl;C:\Program Files\Git\cmd;C:\bin;C:\Program Files (x86)\Windows Kits\8.1\Windows Performance Toolkit\;C:\Program Files (x86)\PuTTY\;C:\Program Files (x86)\Nodist\bin;G:\save\sdk\android\tools;G:\save\sdk\android\platform-tools;C:\boxfuse;C:\Program Files (x86)\Skype\Phone\;C:\Program Files (x86)\GtkSharp\2.12\bin;C:\Program Files (x86)\IVI Foundation\VISA\WinNT\Bin;C:\WINDOWS\system32;C:\WINDOWS;C:\WINDOWS\System32\Wbem;C:\WINDOWS\System32\WindowsPowerShell\v1.0\;;C:\WINDOWS\System32\OpenSSH\;C:\Users\ervin_1nmnhvl\AppData\Local\Microsoft\WindowsApps;
USERNAME=ervin_1nmnhvl
OS=Windows_NT
PROCESSOR_IDENTIFIER=Intel64 Family 6 Model 42 Stepping 7, GenuineIntel



---------------  S Y S T E M  ---------------

OS: Windows 10.0 , 64 bit Build 19041 (10.0.19041.546)

CPU:total 4 (2 cores per cpu, 2 threads per core) family 6 model 42 stepping 7, cmov, cx8, fxsr, mmx, sse, sse2, sse3, ssse3, sse4.1, sse4.2, popcnt, avx, aes, clmul, ht, tsc, tscinvbit

Memory: 4k page, physical 8266764k(490940k free), swap 10363916k(5136k free)

vm_info: Java HotSpot(TM) 64-Bit Server VM (25.51-b03) for windows-amd64 JRE (1.8.0_51-b16), built on Jun  8 2015 18:03:07 by "java_re" with MS VC++ 10.0 (VS2010)

time: Sat Oct 17 15:23:35 2020
elapsed time: 254 seconds (0d 0h 4m 14s)

