#
# There is insufficient memory for the Java Runtime Environment to continue.
# Native memory allocation (malloc) failed to allocate 524304 bytes for Chunk::new
# Possible reasons:
#   The system is out of physical RAM or swap space
#   In 32 bit mode, the process size limit was hit
# Possible solutions:
#   Reduce memory load on the system
#   Increase physical memory or swap space
#   Check if swap backing store is full
#   Use 64 bit Java on a 64 bit OS
#   Decrease Java heap size (-Xmx/-Xms)
#   Decrease number of Java threads
#   Decrease Java thread stack sizes (-Xss)
#   Set larger code cache with -XX:ReservedCodeCacheSize=
# This output file may be truncated or incomplete.
#
#  Out of Memory Error (allocation.cpp:390), pid=11392, tid=11984
#
# JRE version: Java(TM) SE Runtime Environment (8.0_51-b16) (build 1.8.0_51-b16)
# Java VM: Java HotSpot(TM) 64-Bit Server VM (25.51-b03 mixed mode windows-amd64 compressed oops)
# Failed to write core dump. Minidumps are not enabled by default on client versions of Windows
#

---------------  T H R E A D  ---------------

Current thread (0x000000001764d000):  JavaThread "C2 CompilerThread0" daemon [_thread_in_native, id=11984, stack(0x0000000019070000,0x0000000019170000)]

Stack: [0x0000000019070000,0x0000000019170000]
Native frames: (J=compiled Java code, j=interpreted, Vv=VM code, C=native code)
V  [jvm.dll+0x32b4ca]
V  [jvm.dll+0x2797e3]
V  [jvm.dll+0x27a479]
V  [jvm.dll+0x271765]
V  [jvm.dll+0xcba02]
V  [jvm.dll+0xcbecc]
V  [jvm.dll+0xcc224]
V  [jvm.dll+0x4ea0c8]
V  [jvm.dll+0x447897]
V  [jvm.dll+0x4dbb87]
V  [jvm.dll+0x4dc257]
V  [jvm.dll+0x46a5e1]
V  [jvm.dll+0x46cde2]
V  [jvm.dll+0x4501a2]
V  [jvm.dll+0xa43a2]
V  [jvm.dll+0xa4cdf]
V  [jvm.dll+0x2418a4]
V  [jvm.dll+0x29846a]
C  [msvcr100.dll+0x21d9f]
C  [msvcr100.dll+0x21e3b]
C  [KERNEL32.DLL+0x16fd4]
C  [ntdll.dll+0x4cec1]


Current CompileTask:
C2:4680561 19605       4       net.minecraft.client.renderer.BlockModelRenderer$AmbientOcclusionFace::func_239285_a_ (1960 bytes)


---------------  P R O C E S S  ---------------

Java Threads: ( => current thread )
  0x00000000233e2800 JavaThread "IO-Worker-38" [_thread_blocked, id=12824, stack(0x000000005a7e0000,0x000000005a8e0000)]
  0x000000001bc9c800 JavaThread "Worker-Main-37" daemon [_thread_blocked, id=1320, stack(0x000000001ce50000,0x000000001cf50000)]
  0x000000001bc93800 JavaThread "Sound engine" daemon [_thread_blocked, id=13276, stack(0x0000000047fe0000,0x00000000480e0000)]
  0x000000001bc9e800 JavaThread "Netty Server IO #1" daemon [_thread_in_native, id=13532, stack(0x0000000047ac0000,0x0000000047bc0000)]
  0x000000001bc9b000 JavaThread "Netty Local Client IO #0" daemon [_thread_blocked, id=9084, stack(0x0000000047400000,0x0000000047500000)]
  0x000000001bc97000 JavaThread "Keep-Alive-Timer" daemon [_thread_blocked, id=252, stack(0x000000002a580000,0x000000002a680000)]
  0x000000001bc9f800 JavaThread "Netty Server IO #0" daemon [_thread_in_native, id=10652, stack(0x0000000046000000,0x0000000046100000)]
  0x000000001bc9e000 JavaThread "ObjectCleanerThread" daemon [_thread_blocked, id=12392, stack(0x0000000045930000,0x0000000045a30000)]
  0x000000001bc95800 JavaThread "Java2D Disposer" daemon [_thread_blocked, id=15008, stack(0x0000000045830000,0x0000000045930000)]
  0x000000001bc95000 JavaThread "IO-Worker-36" [_thread_blocked, id=13248, stack(0x00000000448d0000,0x00000000449d0000)]
  0x000000001bc9a000 JavaThread "IO-Worker-35" [_thread_blocked, id=6660, stack(0x00000000302b0000,0x00000000303b0000)]
  0x000000001bc96800 JavaThread "IO-Worker-34" [_thread_blocked, id=7364, stack(0x00000000301b0000,0x00000000302b0000)]
  0x000000001bc98000 JavaThread "Worker-Main-32" daemon [_thread_in_native, id=12756, stack(0x000000002ffb0000,0x00000000300b0000)]
  0x000000001bc90800 JavaThread "Thread-11" daemon [_thread_in_native, id=11020, stack(0x000000002a080000,0x000000002a180000)]
  0x000000001bc91000 JavaThread "Server thread" [_thread_in_vm, id=15160, stack(0x0000000028aa0000,0x0000000028ba0000)]
  0x000000001bc92000 JavaThread "Snooper Timer" daemon [_thread_blocked, id=13644, stack(0x0000000023f90000,0x0000000024090000)]
  0x000000001bc99800 JavaThread "Narrator" [_thread_blocked, id=14856, stack(0x00000000299e0000,0x0000000029ae0000)]
  0x000000001a1bf000 JavaThread "Snooper Timer" daemon [_thread_blocked, id=10472, stack(0x0000000000c50000,0x0000000000d50000)]
  0x000000001a1c0800 JavaThread "Timer hack thread" daemon [_thread_blocked, id=12264, stack(0x0000000000b50000,0x0000000000c50000)]
  0x000000001a76a800 JavaThread "pool-3-thread-1" [_thread_blocked, id=15628, stack(0x00000000227f0000,0x00000000228f0000)]
  0x000000001a8ce000 JavaThread "Thread-2" daemon [_thread_in_native, id=4612, stack(0x000000001bb80000,0x000000001bc80000)]
  0x000000001a8cd000 JavaThread "Thread-1" daemon [_thread_blocked, id=3572, stack(0x000000001ba80000,0x000000001bb80000)]
  0x00000000193e7000 JavaThread "Service Thread" daemon [_thread_blocked, id=9340, stack(0x0000000019b70000,0x0000000019c70000)]
  0x0000000018f56800 JavaThread "C1 CompilerThread2" daemon [_thread_blocked, id=4416, stack(0x0000000019270000,0x0000000019370000)]
  0x000000001764d800 JavaThread "C2 CompilerThread1" daemon [_thread_in_native, id=6444, stack(0x0000000019170000,0x0000000019270000)]
=>0x000000001764d000 JavaThread "C2 CompilerThread0" daemon [_thread_in_native, id=11984, stack(0x0000000019070000,0x0000000019170000)]
  0x000000001764b800 JavaThread "Monitor Ctrl-Break" daemon [_thread_in_native, id=9104, stack(0x0000000018f70000,0x0000000019070000)]
  0x00000000175f5800 JavaThread "Attach Listener" daemon [_thread_blocked, id=5404, stack(0x0000000018a70000,0x0000000018b70000)]
  0x00000000175f4000 JavaThread "Signal Dispatcher" daemon [_thread_blocked, id=11872, stack(0x0000000018970000,0x0000000018a70000)]
  0x0000000002909800 JavaThread "Finalizer" daemon [_thread_blocked, id=13812, stack(0x0000000018870000,0x0000000018970000)]
  0x0000000002906000 JavaThread "Reference Handler" daemon [_thread_blocked, id=6780, stack(0x0000000018770000,0x0000000018870000)]
  0x0000000002812800 JavaThread "Render thread" [_thread_in_vm, id=13084, stack(0x0000000002710000,0x0000000002810000)]

Other Threads:
  0x00000000175b9000 VMThread [stack: 0x0000000018670000,0x0000000018770000] [id=8316]
  0x0000000018f6d800 WatcherThread [stack: 0x0000000019c70000,0x0000000019d70000] [id=6992]

VM state:not at safepoint (normal execution)

VM Mutex/Monitor currently owned by a thread:  ([mutex/lock_event])
[0x0000000002818530] AdapterHandlerLibrary_lock - owner thread: 0x0000000002812800

Heap:
 PSYoungGen      total 463360K, used 345127K [0x00000000d5f00000, 0x0000000100000000, 0x0000000100000000)
  eden space 255488K, 86% used [0x00000000d5f00000,0x00000000e3735170,0x00000000e5880000)
  from space 207872K, 59% used [0x00000000e5880000,0x00000000ed154c90,0x00000000f2380000)
  to   space 212480K, 0% used [0x00000000f3080000,0x00000000f3080000,0x0000000100000000)
 ParOldGen       total 634880K, used 442608K [0x0000000081c00000, 0x00000000a8800000, 0x00000000d5f00000)
  object space 634880K, 69% used [0x0000000081c00000,0x000000009cc3c0f0,0x00000000a8800000)
 Metaspace       used 96473K, capacity 108784K, committed 109056K, reserved 1140736K
  class space    used 14725K, capacity 17884K, committed 17920K, reserved 1048576K

Card table byte_map: [0x0000000011e80000,0x0000000012280000] byte_map_base: 0x0000000011a72000

Marking Bits: (ParMarkBitMap*) 0x00000000768d4040
 Begin Bits: [0x0000000012930000, 0x00000000148c0000)
 End Bits:   [0x00000000148c0000, 0x0000000016850000)

Polling page: 0x0000000002650000

CodeCache: size=245760Kb used=46295Kb max_used=46295Kb free=199464Kb
 bounds [0x0000000002ac0000, 0x0000000005830000, 0x0000000011ac0000]
 total_blobs=16179 nmethods=14491 adapters=1597
 compilation: enabled

Compilation events (10 events):
Event: 4680.450 Thread 0x0000000018f56800 nmethod 19633 0x00000000058295d0 code [0x0000000005829720, 0x0000000005829910]
Event: 4680.450 Thread 0x0000000018f56800 19634       2       it.unimi.dsi.fastutil.ints.Int2ObjectLinkedOpenHashMap$MapEntrySet::iterator (5 bytes)
Event: 4680.450 Thread 0x0000000018f56800 nmethod 19634 0x00000000058299d0 code [0x0000000005829b40, 0x0000000005829d28]
Event: 4680.450 Thread 0x0000000018f56800 19635       2       it.unimi.dsi.fastutil.ints.Int2ObjectLinkedOpenHashMap$MapEntrySet::iterator (12 bytes)
Event: 4680.451 Thread 0x0000000018f56800 nmethod 19635 0x0000000005829e10 code [0x0000000005829f80, 0x000000000582a168]
Event: 4680.451 Thread 0x0000000018f56800 19636       2       it.unimi.dsi.fastutil.ints.Int2ObjectLinkedOpenHashMap$EntryIterator::<init> (11 bytes)
Event: 4680.451 Thread 0x0000000018f56800 nmethod 19636 0x000000000582a250 code [0x000000000582a3c0, 0x000000000582a548]
Event: 4680.463 Thread 0x0000000018f56800 19637       2       net.minecraft.entity.LivingEntity::setPositionAndRotationDirect (37 bytes)
Event: 4680.464 Thread 0x0000000018f56800 nmethod 19637 0x000000000582a5d0 code [0x000000000582a720, 0x000000000582a8b0]
Event: 4680.500 Thread 0x0000000018f56800 19638       2       net.minecraft.entity.Entity::applyEntityCollision (177 bytes)

GC Heap History (10 events):
Event: 4661.458 GC heap before
{Heap before GC invocations=214 (full 9):
 PSYoungGen      total 346112K, used 115184K [0x00000000d5f00000, 0x00000000f7d80000, 0x0000000100000000)
  eden space 230912K, 0% used [0x00000000d5f00000,0x00000000d5f00000,0x00000000e4080000)
  from space 115200K, 99% used [0x00000000e4080000,0x00000000eb0fc3d8,0x00000000eb100000)
  to   space 146944K, 0% used [0x00000000eee00000,0x00000000eee00000,0x00000000f7d80000)
 ParOldGen       total 525824K, used 488034K [0x0000000081c00000, 0x00000000a1d80000, 0x00000000d5f00000)
  object space 525824K, 92% used [0x0000000081c00000,0x000000009f898898,0x00000000a1d80000)
 Metaspace       used 85984K, capacity 96704K, committed 96896K, reserved 1130496K
  class space    used 13344K, capacity 16222K, committed 16256K, reserved 1048576K
Event: 4662.587 GC heap after
Heap after GC invocations=214 (full 9):
 PSYoungGen      total 346112K, used 0K [0x00000000d5f00000, 0x00000000f7d80000, 0x0000000100000000)
  eden space 230912K, 0% used [0x00000000d5f00000,0x00000000d5f00000,0x00000000e4080000)
  from space 115200K, 0% used [0x00000000e4080000,0x00000000e4080000,0x00000000eb100000)
  to   space 146944K, 0% used [0x00000000eee00000,0x00000000eee00000,0x00000000f7d80000)
 ParOldGen       total 634880K, used 441581K [0x0000000081c00000, 0x00000000a8800000, 0x00000000d5f00000)
  object space 634880K, 69% used [0x0000000081c00000,0x000000009cb3b450,0x00000000a8800000)
 Metaspace       used 85979K, capacity 96690K, committed 96896K, reserved 1130496K
  class space    used 13342K, capacity 16219K, committed 16256K, reserved 1048576K
}
Event: 4664.678 GC heap before
{Heap before GC invocations=215 (full 9):
 PSYoungGen      total 346112K, used 230912K [0x00000000d5f00000, 0x00000000f7d80000, 0x0000000100000000)
  eden space 230912K, 100% used [0x00000000d5f00000,0x00000000e4080000,0x00000000e4080000)
  from space 115200K, 0% used [0x00000000e4080000,0x00000000e4080000,0x00000000eb100000)
  to   space 146944K, 0% used [0x00000000eee00000,0x00000000eee00000,0x00000000f7d80000)
 ParOldGen       total 634880K, used 441581K [0x0000000081c00000, 0x00000000a8800000, 0x00000000d5f00000)
  object space 634880K, 69% used [0x0000000081c00000,0x000000009cb3b450,0x00000000a8800000)
 Metaspace       used 87402K, capacity 98418K, committed 98688K, reserved 1132544K
  class space    used 13511K, capacity 16447K, committed 16512K, reserved 1048576K
Event: 4664.812 GC heap after
Heap after GC invocations=215 (full 9):
 PSYoungGen      total 403968K, used 88560K [0x00000000d5f00000, 0x00000000f8400000, 0x0000000100000000)
  eden space 257024K, 0% used [0x00000000d5f00000,0x00000000d5f00000,0x00000000e5a00000)
  from space 146944K, 60% used [0x00000000eee00000,0x00000000f447c0d0,0x00000000f7d80000)
  to   space 151552K, 0% used [0x00000000e5a00000,0x00000000e5a00000,0x00000000eee00000)
 ParOldGen       total 634880K, used 441589K [0x0000000081c00000, 0x00000000a8800000, 0x00000000d5f00000)
  object space 634880K, 69% used [0x0000000081c00000,0x000000009cb3d450,0x00000000a8800000)
 Metaspace       used 87402K, capacity 98418K, committed 98688K, reserved 1132544K
  class space    used 13511K, capacity 16447K, committed 16512K, reserved 1048576K
}
Event: 4669.068 GC heap before
{Heap before GC invocations=216 (full 9):
 PSYoungGen      total 403968K, used 345584K [0x00000000d5f00000, 0x00000000f8400000, 0x0000000100000000)
  eden space 257024K, 100% used [0x00000000d5f00000,0x00000000e5a00000,0x00000000e5a00000)
  from space 146944K, 60% used [0x00000000eee00000,0x00000000f447c0d0,0x00000000f7d80000)
  to   space 151552K, 0% used [0x00000000e5a00000,0x00000000e5a00000,0x00000000eee00000)
 ParOldGen       total 634880K, used 441589K [0x0000000081c00000, 0x00000000a8800000, 0x00000000d5f00000)
  object space 634880K, 69% used [0x0000000081c00000,0x000000009cb3d450,0x00000000a8800000)
 Metaspace       used 92754K, capacity 104218K, committed 104320K, reserved 1136640K
  class space    used 14205K, capacity 17229K, committed 17280K, reserved 1048576K
Event: 4669.267 GC heap after
Heap after GC invocations=216 (full 9):
 PSYoungGen      total 408576K, used 147665K [0x00000000d5f00000, 0x00000000fd000000, 0x0000000100000000)
  eden space 257024K, 0% used [0x00000000d5f00000,0x00000000d5f00000,0x00000000e5a00000)
  from space 151552K, 97% used [0x00000000e5a00000,0x00000000eea34610,0x00000000eee00000)
  to   space 176640K, 0% used [0x00000000f2380000,0x00000000f2380000,0x00000000fd000000)
 ParOldGen       total 634880K, used 441597K [0x0000000081c00000, 0x00000000a8800000, 0x00000000d5f00000)
  object space 634880K, 69% used [0x0000000081c00000,0x000000009cb3f450,0x00000000a8800000)
 Metaspace       used 92754K, capacity 104218K, committed 104320K, reserved 1136640K
  class space    used 14205K, capacity 17229K, committed 17280K, reserved 1048576K
}
Event: 4670.602 GC heap before
{Heap before GC invocations=217 (full 9):
 PSYoungGen      total 408576K, used 404689K [0x00000000d5f00000, 0x00000000fd000000, 0x0000000100000000)
  eden space 257024K, 100% used [0x00000000d5f00000,0x00000000e5a00000,0x00000000e5a00000)
  from space 151552K, 97% used [0x00000000e5a00000,0x00000000eea34610,0x00000000eee00000)
  to   space 176640K, 0% used [0x00000000f2380000,0x00000000f2380000,0x00000000fd000000)
 ParOldGen       total 634880K, used 441597K [0x0000000081c00000, 0x00000000a8800000, 0x00000000d5f00000)
  object space 634880K, 69% used [0x0000000081c00000,0x000000009cb3f450,0x00000000a8800000)
 Metaspace       used 94263K, capacity 105992K, committed 106240K, reserved 1138688K
  class space    used 14465K, capacity 17552K, committed 17664K, reserved 1048576K
Event: 4670.886 GC heap after
Heap after GC invocations=217 (full 9):
 PSYoungGen      total 432128K, used 176611K [0x00000000d5f00000, 0x0000000100000000, 0x0000000100000000)
  eden space 255488K, 0% used [0x00000000d5f00000,0x00000000d5f00000,0x00000000e5880000)
  from space 176640K, 99% used [0x00000000f2380000,0x00000000fcff8fb8,0x00000000fd000000)
  to   space 207872K, 0% used [0x00000000e5880000,0x00000000e5880000,0x00000000f2380000)
 ParOldGen       total 634880K, used 442600K [0x0000000081c00000, 0x00000000a8800000, 0x00000000d5f00000)
  object space 634880K, 69% used [0x0000000081c00000,0x000000009cc3a0f0,0x00000000a8800000)
 Metaspace       used 94263K, capacity 105992K, committed 106240K, reserved 1138688K
  class space    used 14465K, capacity 17552K, committed 17664K, reserved 1048576K
}
Event: 4673.201 GC heap before
{Heap before GC invocations=218 (full 9):
 PSYoungGen      total 432128K, used 432099K [0x00000000d5f00000, 0x0000000100000000, 0x0000000100000000)
  eden space 255488K, 100% used [0x00000000d5f00000,0x00000000e5880000,0x00000000e5880000)
  from space 176640K, 99% used [0x00000000f2380000,0x00000000fcff8fb8,0x00000000fd000000)
  to   space 207872K, 0% used [0x00000000e5880000,0x00000000e5880000,0x00000000f2380000)
 ParOldGen       total 634880K, used 442600K [0x0000000081c00000, 0x00000000a8800000, 0x00000000d5f00000)
  object space 634880K, 69% used [0x0000000081c00000,0x000000009cc3a0f0,0x00000000a8800000)
 Metaspace       used 95521K, capacity 107584K, committed 107904K, reserved 1138688K
  class space    used 14595K, capacity 17712K, committed 17792K, reserved 1048576K
Event: 4673.387 GC heap after
Heap after GC invocations=218 (full 9):
 PSYoungGen      total 463360K, used 123731K [0x00000000d5f00000, 0x0000000100000000, 0x0000000100000000)
  eden space 255488K, 0% used [0x00000000d5f00000,0x00000000d5f00000,0x00000000e5880000)
  from space 207872K, 59% used [0x00000000e5880000,0x00000000ed154c90,0x00000000f2380000)
  to   space 212480K, 0% used [0x00000000f3080000,0x00000000f3080000,0x0000000100000000)
 ParOldGen       total 634880K, used 442608K [0x0000000081c00000, 0x00000000a8800000, 0x00000000d5f00000)
  object space 634880K, 69% used [0x0000000081c00000,0x000000009cc3c0f0,0x00000000a8800000)
 Metaspace       used 95521K, capacity 107584K, committed 107904K, reserved 1138688K
  class space    used 14595K, capacity 17712K, committed 17792K, reserved 1048576K
}

Deoptimization events (10 events):
Event: 4679.030 Thread 0x0000000002812800 Uncommon trap: reason=class_check action=maybe_recompile pc=0x0000000005749100 method=net.minecraft.entity.Entity.doBlockCollisions()V @ 84
Event: 4679.030 Thread 0x0000000002812800 Uncommon trap: reason=class_check action=maybe_recompile pc=0x0000000005749100 method=net.minecraft.entity.Entity.doBlockCollisions()V @ 84
Event: 4679.075 Thread 0x0000000002812800 Uncommon trap: reason=speculate_class_check action=maybe_recompile pc=0x00000000056f71ec method=net.minecraft.world.World.getChunk(II)Lnet/minecraft/world/chunk/Chunk; @ 6
Event: 4679.222 Thread 0x0000000002812800 Uncommon trap: reason=class_check action=maybe_recompile pc=0x0000000005776710 method=net.minecraft.util.math.shapes.VoxelShapes.getAllowedOffset(Lnet/minecraft/util/math/AxisAlignedBB;Lnet/minecraft/world/IWorldReader;DLnet/minecraft/util/math/shapes/ISel‰žïpG²@
Event: 4679.438 Thread 0x0000000002812800 Uncommon trap: reason=class_check action=maybe_recompile pc=0x0000000005776710 method=net.minecraft.util.math.shapes.VoxelShapes.getAllowedOffset(Lnet/minecraft/util/math/AxisAlignedBB;Lnet/minecraft/world/IWorldReader;DLnet/minecraft/util/math/shapes/ISel
Event: 4679.537 Thread 0x0000000002812800 Uncommon trap: reason=class_check action=maybe_recompile pc=0x0000000005776710 method=net.minecraft.util.math.shapes.VoxelShapes.getAllowedOffset(Lnet/minecraft/util/math/AxisAlignedBB;Lnet/minecraft/world/IWorldReader;DLnet/minecraft/util/math/shapes/ISelgI-¦G²@
Event: 4679.649 Thread 0x000000001bc93800 Uncommon trap: reason=class_check action=maybe_recompile pc=0x000000000471700c method=net.minecraft.client.audio.SoundSource.func_216421_a(I)V @ 22
Event: 4679.707 Thread 0x0000000002812800 Uncommon trap: reason=class_check action=maybe_recompile pc=0x0000000005776710 method=net.minecraft.util.math.shapes.VoxelShapes.getAllowedOffset(Lnet/minecraft/util/math/AxisAlignedBB;Lnet/minecraft/world/IWorldReader;DLnet/minecraft/util/math/shapes/ISelvÌ/9ºG²@
Event: 4679.727 Thread 0x0000000002812800 Uncommon trap: reason=predicate action=maybe_recompile pc=0x00000000057c1b54 method=net.minecraft.world.World.getEntitiesInAABBexcluding(Lnet/minecraft/entity/Entity;Lnet/minecraft/util/math/AxisAlignedBB;Ljava/util/function/Predicate;)Ljava/util/List; @ 1»úgÎG²@
Event: 4679.806 Thread 0x000000001bc98000 Uncommon trap: reason=unstable_if action=reinterpret pc=0x0000000005695a04 method=it.unimi.dsi.fastutil.longs.Long2FloatLinkedOpenHashMap.shiftKeys(I)V @ 59

Internal exceptions (10 events):
Event: 4680.486 Thread 0x000000001bc98000 Exception <a 'sun/nio/fs/WindowsException'> (0x00000000e32c4960) thrown at [C:\re\workspace\8-2-build-windows-amd64-cygwin\jdk8u51\3951\hotspot\src\share\vm\prims\jni.cpp, line 709]
Event: 4680.486 Thread 0x000000001bc98000 Exception <a 'sun/nio/fs/WindowsException'> (0x00000000e32c4ec0) thrown at [C:\re\workspace\8-2-build-windows-amd64-cygwin\jdk8u51\3951\hotspot\src\share\vm\prims\jni.cpp, line 709]
Event: 4680.486 Thread 0x000000001bc98000 Exception <a 'sun/nio/fs/WindowsException'> (0x00000000e34816d0) thrown at [C:\re\workspace\8-2-build-windows-amd64-cygwin\jdk8u51\3951\hotspot\src\share\vm\prims\jni.cpp, line 709]
Event: 4680.486 Thread 0x000000001bc98000 Exception <a 'sun/nio/fs/WindowsException'> (0x00000000e3481b30) thrown at [C:\re\workspace\8-2-build-windows-amd64-cygwin\jdk8u51\3951\hotspot\src\share\vm\prims\jni.cpp, line 709]
Event: 4680.487 Thread 0x000000001bc98000 Exception <a 'sun/nio/fs/WindowsException'> (0x00000000e348c378) thrown at [C:\re\workspace\8-2-build-windows-amd64-cygwin\jdk8u51\3951\hotspot\src\share\vm\prims\jni.cpp, line 709]
Event: 4680.487 Thread 0x000000001bc98000 Exception <a 'sun/nio/fs/WindowsException'> (0x00000000e348c8e8) thrown at [C:\re\workspace\8-2-build-windows-amd64-cygwin\jdk8u51\3951\hotspot\src\share\vm\prims\jni.cpp, line 709]
Event: 4680.487 Thread 0x000000001bc98000 Exception <a 'sun/nio/fs/WindowsException'> (0x00000000e348d630) thrown at [C:\re\workspace\8-2-build-windows-amd64-cygwin\jdk8u51\3951\hotspot\src\share\vm\prims\jni.cpp, line 709]
Event: 4680.487 Thread 0x000000001bc98000 Exception <a 'sun/nio/fs/WindowsException'> (0x00000000e348dbb0) thrown at [C:\re\workspace\8-2-build-windows-amd64-cygwin\jdk8u51\3951\hotspot\src\share\vm\prims\jni.cpp, line 709]
Event: 4680.488 Thread 0x000000001bc98000 Exception <a 'sun/nio/fs/WindowsException'> (0x00000000e348e858) thrown at [C:\re\workspace\8-2-build-windows-amd64-cygwin\jdk8u51\3951\hotspot\src\share\vm\prims\jni.cpp, line 709]
Event: 4680.488 Thread 0x000000001bc98000 Exception <a 'sun/nio/fs/WindowsException'> (0x00000000e348ecf8) thrown at [C:\re\workspace\8-2-build-windows-amd64-cygwin\jdk8u51\3951\hotspot\src\share\vm\prims\jni.cpp, line 709]

Events (10 events):
Event: 4679.649 Thread 0x000000001bc93800 DEOPT UNPACKING pc=0x0000000002b0582a sp=0x00000000480df060 mode 2
Event: 4679.707 Thread 0x0000000002812800 Uncommon trap: trap_request=0xffffffde fr.pc=0x0000000005776710
Event: 4679.707 Thread 0x0000000002812800 DEOPT PACKING pc=0x0000000005776710 sp=0x000000000280d830
Event: 4679.707 Thread 0x0000000002812800 DEOPT UNPACKING pc=0x0000000002b0582a sp=0x000000000280d7a8 mode 2
Event: 4679.727 Thread 0x0000000002812800 Uncommon trap: trap_request=0xffffff86 fr.pc=0x00000000057c1b54
Event: 4679.727 Thread 0x0000000002812800 DEOPT PACKING pc=0x00000000057c1b54 sp=0x000000000280d8b0
Event: 4679.727 Thread 0x0000000002812800 DEOPT UNPACKING pc=0x0000000002b0582a sp=0x000000000280d838 mode 2
Event: 4679.806 Thread 0x000000001bc98000 Uncommon trap: trap_request=0xffffff65 fr.pc=0x0000000005695a04
Event: 4679.806 Thread 0x000000001bc98000 DEOPT PACKING pc=0x0000000005695a04 sp=0x00000000300ae560
Event: 4679.806 Thread 0x000000001bc98000 DEOPT UNPACKING pc=0x0000000002b0582a sp=0x00000000300ae418 mode 2


Dynamic libraries:
0x00007ff717560000 - 0x00007ff717597000 	C:\Program Files (x86)\Minecraft\runtime\jre-x64\bin\java.exe
0x00007ff90a4b0000 - 0x00007ff90a6a5000 	C:\WINDOWS\SYSTEM32\ntdll.dll
0x00007ff909900000 - 0x00007ff9099bd000 	C:\WINDOWS\System32\KERNEL32.DLL
0x00007ff908240000 - 0x00007ff908507000 	C:\WINDOWS\System32\KERNELBASE.dll
0x00007ff9093c0000 - 0x00007ff90946a000 	C:\WINDOWS\System32\ADVAPI32.dll
0x00007ff908810000 - 0x00007ff9088ae000 	C:\WINDOWS\System32\msvcrt.dll
0x00007ff90a030000 - 0x00007ff90a0cb000 	C:\WINDOWS\SYSTEM32\kernel.appcore.dll
0x00007ff9086e0000 - 0x00007ff908804000 	C:\WINDOWS\System32\RPCRT4.dll
0x00007ff90a190000 - 0x00007ff90a330000 	C:\WINDOWS\System32\USER32.dll
0x00007ff907d50000 - 0x00007ff907d72000 	C:\WINDOWS\System32\win32u.dll
0x00007ff909540000 - 0x00007ff90956a000 	C:\WINDOWS\System32\MSCTF.dll
0x00007ff908030000 - 0x00007ff908139000 	C:\WINDOWS\System32\gdi32full.dll
0x00007ff907ee0000 - 0x00007ff907f7d000 	C:\WINDOWS\System32\msvcp_win.dll
0x00007ff908140000 - 0x00007ff908240000 	C:\WINDOWS\System32\ucrtbase.dll
0x00007ff8eb8d0000 - 0x00007ff8ebb6b000 	C:\WINDOWS\WinSxS\amd64_microsoft.windows.common-controls_6595b64144ccf1df_6.0.19041.488_none_ca04af081b815d21\COMCTL32.dll
0x00007ff909aa0000 - 0x00007ff909ad0000 	C:\WINDOWS\System32\IMM32.DLL
0x0000000076960000 - 0x0000000076a32000 	C:\Program Files (x86)\Minecraft\runtime\jre-x64\bin\msvcr100.dll
0x00000000760d0000 - 0x0000000076953000 	C:\Program Files (x86)\Minecraft\runtime\jre-x64\bin\server\jvm.dll
0x00007ff909810000 - 0x00007ff909818000 	C:\WINDOWS\System32\PSAPI.DLL
0x00007ff8e1fd0000 - 0x00007ff8e1fd9000 	C:\WINDOWS\SYSTEM32\WSOCK32.dll
0x00007ff9094d0000 - 0x00007ff90953b000 	C:\WINDOWS\System32\WS2_32.dll
0x00007ff900ec0000 - 0x00007ff900ee7000 	C:\WINDOWS\System32\CRYPT32.dll
0x00007ff900930000 - 0x00007ff90093a000 	C:\WINDOWS\SYSTEM32\VERSION.dll
0x00000000760c0000 - 0x00000000760cf000 	C:\Program Files (x86)\Minecraft\runtime\jre-x64\bin\verify.dll
0x0000000076090000 - 0x00000000760b9000 	C:\Program Files (x86)\Minecraft\runtime\jre-x64\bin\java.dll
0x0000000076060000 - 0x0000000076083000 	C:\Program Files (x86)\Minecraft\runtime\jre-x64\bin\instrument.dll
0x0000000076040000 - 0x0000000076056000 	C:\WINDOWS\SYSTEM32\opengl32.dll
0x00007ff908c70000 - 0x00007ff9093b1000 	C:\WINDOWS\System32\SHELL32.dll
0x00007ff905bc0000 - 0x00007ff906353000 	C:\WINDOWS\SYSTEM32\windows.storage.dll
0x00007ff9088b0000 - 0x00007ff908c05000 	C:\WINDOWS\System32\combase.dll
0x00007ff9074c0000 - 0x00007ff9074ec000 	C:\WINDOWS\SYSTEM32\Wldp.dll
0x00007ff90a0e0000 - 0x00007ff90a18e000 	C:\WINDOWS\System32\SHCORE.dll
0x00007ff909fd0000 - 0x00007ff90a025000 	C:\WINDOWS\System32\shlwapi.dll
0x00007ff907b20000 - 0x00007ff907b46000 	C:\WINDOWS\SYSTEM32\profapi.dll
0x00007ff9049a0000 - 0x00007ff9049ba000 	C:\Users\ervin_1nmnhvl\AppData\Local\JetBrains\Toolbox\apps\IDEA-U\ch-0\202.6397.94\bin\breakgen64.dll
0x0000000076020000 - 0x000000007603a000 	C:\WINDOWS\SYSTEM32\dxgi.dll
0x00007ff9072b0000 - 0x00007ff90731a000 	C:\WINDOWS\system32\mswsock.dll
0x0000000076010000 - 0x000000007601d000 	C:\WINDOWS\SYSTEM32\d3d11.dll
0x00007ff8d6850000 - 0x00007ff8d6867000 	C:\WINDOWS\system32\napinsp.dll
0x00007ff8d9b80000 - 0x00007ff8d9b9b000 	C:\WINDOWS\SYSTEM32\igd10umd64.dll
0x00007ff902980000 - 0x00007ff902995000 	C:\WINDOWS\system32\wshbth.dll
0x00007ff903320000 - 0x00007ff90333d000 	C:\WINDOWS\SYSTEM32\dxcore.dll
0x00007ff906fc0000 - 0x00007ff906ffb000 	C:\WINDOWS\SYSTEM32\IPHLPAPI.DLL
0x00007ff907000000 - 0x00007ff9070cb000 	C:\Users\ervin_1nmnhvl\AppData\Local\Temp\lwjglervin_1nmnhvl\3.2.2-build-10\lwjgl_stb.dll
0x00007ff90a460000 - 0x00007ff90a469000 	C:\WINDOWS\System32\NSI.dll
0x00007ff8d9ba0000 - 0x00007ff8d9bb2000 	C:\WINDOWS\SYSTEM32\mscms.dll
0x00007ff8f8de0000 - 0x00007ff8f8dea000 	C:\Windows\System32\rasadhlp.dll
0x00007ff8fce90000 - 0x00007ff8fcf0f000 	C:\WINDOWS\SYSTEM32\ColorAdapterClient.dll
0x00007ff907f80000 - 0x00007ff907fa7000 	C:\WINDOWS\System32\bcrypt.dll
0x0000000075ff0000 - 0x0000000076001000 	C:\WINDOWS\SYSTEM32\icm32.dll
0x0000000075fc0000 - 0x0000000075fe4000 	C:\Program Files (x86)\Minecraft\runtime\jre-x64\bin\sunec.dll
0x00007ff9077f0000 - 0x00007ff907808000 	C:\WINDOWS\SYSTEM32\CRYPTSP.dll
0x00007ff906b60000 - 0x00007ff906b94000 	C:\WINDOWS\system32\rsaenh.dll
0x00007ff907ae0000 - 0x00007ff907b0e000 	C:\WINDOWS\SYSTEM32\USERENV.dll
0x00007ff907fb0000 - 0x00007ff90802f000 	C:\WINDOWS\System32\bcryptprimitives.dll
0x00007ff907430000 - 0x00007ff90743c000 	C:\WINDOWS\System32\KERNELBASE.dll
0x00007ff8fa5b0000 - 0x00007ff8fa5c7000 	C:\WINDOWS\System32\USER32.dll
0x00007ff8fa470000 - 0x00007ff8fa48d000 	C:\WINDOWS\System32\msvcp_win.dll
0x00007ff8f30a0000 - 0x00007ff8f3112000 	C:\WINDOWS\System32\IMM32.DLL
0x00007ff8cb550000 - 0x00007ff8cb7a1000 	C:\WINDOWS\System32\PSAPI.DLL
0x00007ff8f4eb0000 - 0x00007ff8f4f0e000 	C:\WINDOWS\System32\WS2_32.dll
0x00007ff905480000 - 0x00007ff90551f000 	C:\Program Files (x86)\Minecraft\runtime\jre-x64\bin\verify.dll
0x00007ff8f4e30000 - 0x00007ff8f4e75000 	C:\Program Files (x86)\Minecraft\runtime\jre-x64\bin\instrument.dll
0x00007ff8fddd0000 - 0x00007ff8fdde1000 	C:\WINDOWS\System32\SHELL32.dll
0x00007ff907e90000 - 0x00007ff907edd000 	C:\WINDOWS\System32\cfgmgr32.dll
0x00007ff9078d0000 - 0x00007ff9078fc000 	C:\WINDOWS\SYSTEM32\Wldp.dll
0x00007ff905830000 - 0x00007ff90585f000 	C:\WINDOWS\System32\shlwapi.dll
0x00007ff8f7440000 - 0x00007ff8f7592000 	C:\Users\ervin_1nmnhvl\AppData\Local\JetBrains\Toolbox\apps\IDEA-U\ch-0\202.6397.94\bin\breakgen64.dll
0x00007ff909740000 - 0x00007ff90980d000 	C:\WINDOWS\System32\OLEAUT32.dll
0x00007ff904c40000 - 0x00007ff904d32000 	C:\Program Files (x86)\Minecraft\runtime\jre-x64\bin\management.dll
0x00007ff9031d0000 - 0x00007ff9032c7000 	C:\WINDOWS\system32\pnrpnsp.dll
0x00007ff904570000 - 0x00007ff9046c6000 	C:\WINDOWS\system32\wshbth.dll
0x00007ff904d40000 - 0x00007ff90509a000 	C:\WINDOWS\SYSTEM32\IPHLPAPI.DLL
0x00007ff906800000 - 0x00007ff906833000 	C:\WINDOWS\SYSTEM32\DNSAPI.dll
0x00007ff9063a0000 - 0x00007ff9063b3000 	C:\WINDOWS\System32\winrnr.dll
0x00007ff9085c0000 - 0x00007ff9086d5000 	C:\WINDOWS\System32\fwpuclnt.dll
0x00007ff906360000 - 0x00007ff90636d000 	C:\Program Files (x86)\Minecraft\runtime\jre-x64\bin\nio.dll
0x00007ff909ad0000 - 0x00007ff909f37000 	C:\WINDOWS\System32\SETUPSP.dll0x00007ff907d80000 - 0x00007ff907de0000 	C:\WINDOWS\system32\rsaenh.dll
0x00007ff907bf0000 - 0x00007ff907d4d000 	C:\WINDOWS\System32\bcryptprimitives.dll
0x00007ff9078b0000 - 0x00007ff9078c2000 	C:\WINDOWS\SYSTEM32\MSASN1.dll
0x00007ff8d5280000 - 0x00007ff8d53a5000 	C:\WINDOWS\SYSTEM32\dhcpcsvc.DLL
0x00007ff8f9b30000 - 0x00007ff8f9b5c000 	C:\Users\ERVIN_~1\AppData\Local\Temp\lwjglervin_1nmnhvl\3.2.2-build-10\jemalloc.dll
0x00007ff908510000 - 0x00007ff9085b8000 	C:\WINDOWS\System32\clbcatq.dll
0x00007ff8bd7f0000 - 0x00007ff8be474000 	C:\WINDOWS\SYSTEM32\dinput8.dll
0x00007ff906410000 - 0x00007ff906503000 	C:\WINDOWS\SYSTEM32\dxgi.dll
0x00007ff903d70000 - 0x00007ff903fd3000 	C:\WINDOWS\SYSTEM32\DEVOBJ.dll
0x00007ff8d3d90000 - 0x00007ff8d49e0000 	C:\WINDOWS\SYSTEM32\igd10umd64.dll
0x00007ff8fce40000 - 0x00007ff8fce7b000 	C:\WINDOWS\SYSTEM32\dxcore.dll
0x00007ff8f2f60000 - 0x00007ff8f2fdf000 	C:\Users\ervin_1nmnhvl\AppData\Local\Temp\lwjglervin_1nmnhvl\3.2.2-build-10\lwjgl_stb.dll
0x00007ff902690000 - 0x00007ff90273e000 	C:\WINDOWS\SYSTEM32\mscms.dll
0x00007ff9025e0000 - 0x00007ff9025f1000 	C:\WINDOWS\SYSTEM32\ColorAdapterClient.dll
0x00007ff8f2f10000 - 0x00007ff8f2f53000 	C:\WINDOWS\SYSTEM32\icm32.dll
0x00007ff8f75a0000 - 0x00007ff8f769d000 	C:\WINDOWS\SYSTEM32\CoreMessaging.dll
0x00007ff8d7500000 - 0x00007ff8d7558000 	C:\Users\erviSTEnmnhvl\AppData\Local\Temp\lwjglervin_1nmnhvl\3.2.2-build-10\lwjgl_opengl.dll
0x00007ff8e42e0000 - 0x00007ff8e4322000 	C:\WINDOWS\SYSTEM32\CoreUIComponents.dll
0x00007ff8fc800000 - 0x00007ff8fc81a000 	C:\save\modding\ervin_mod_1\build\natives\SAPIWrapper_x64.dll
0x00007ff90a330000 - 0x00007ff90a459000 	C:\WINDOWS\System32\MSCTF.dll
0x00007ff8d5e50000 - 0x00007ff8d5fd4000 	C:\WINDOWS\System32\Speech\Common\sapi.dll
0x00007ff8f2b70000 - 0x00007ff8f2b8e000 	C:\WINDOWS\SYSTEM32\MSACM32.dll
0x00007ff903640000 - 0x00007ff90364b000 	C:\WINDOWS\SYSTEM32\msdmo.dll
0x00007ff8e3ec0000 - 0x00007ff8e3ee6000 	C:\WINDOWS\SYSTEM32\winmmbase.dll
0x00007ff8f87b0000 - 0x00007ff8f8835000 	C:\WINDOWS\System32\MMDevApi.dll
0x00007ff8d0bc0000 - 0x00007ff8d0cd4000 	C:\WINDOWS\System32\WINTRUST.dll
0x00007ff8f1140000 - 0x00007ff8f12c0000 	C:\WINDOWS\SYSTEM32\AUDIOSES.DLL
0x00007ff907a50000 - 0x00007ff907a9b000 	C:\WINDOWS\SYSTEM32\powrprof.dll
0x00007ff907a30000 - 0x00007ff907a42000 	C:\WINDOWS\SYSTEM32\UMPDC.dll
0x00007ff905550000 - 0x00007ff905564000 	C:\WINDOWS\SYSTEM32\resourcepolicyclient.dll
0x0000000075e20000 - 0x0000000075fb8000 	C:\WINDOWS\SYSTEM32\opengl32.dll
0x00007ff9052b0000 - 0x00007ff905340000 	C:\WINDOWS\SYSTEM32\apphelp.dll
0x00007ff8ff750000 - 0x00007ff8ff934000 	C:\WINDOWS\SYSTEM32\dbghelp.dll

VM Arguments:
jvm_args: -Dforge.logging.console.level=debug -Dforge.logging.markers=SCAN,REGISTRIES,REGISTRYDUMP -XX:HeapDumpPath=MojangTricksIntelDriversForPerformance_javaw.exe_minecraft.exe.heapdump -Dos.name=Windows 10 -Dos.version=10.0 -javaagent:C:\Users\ervin_1nmnhvl\AppData\Local\JetBrains\Toolbox\apps\IDEA-U\ch-0\202.6397.94\lib\idea_rt.jar=50217:C:\Users\ervin_1nmnhvl\AppData\Local\JetBrains\Toolbox\apps\IDEA-U\ch-0\202.6397.94\bin -Dfile.encoding=UTF-8 
java_command: net.minecraftforge.userdev.LaunchTesting
java_class_path (initial): C:\Program Files (x86)\Minecraft\runtime\jre-x64\lib\charsets.jar;C:\Program Files (x86)\Minecraft\runtime\jre-x64\lib\deploy.jar;C:\Program Files (x86)\Minecraft\runtime\jre-x64\lib\ext\access-bridge-64.jar;C:\Program Files (x86)\Minecraft\runtime\jre-x64\lib\ext\cldrdata.jar;C:\Program Files (x86)\Minecraft\runtime\jre-x64\lib\ext\dnsns.jar;C:\Program Files (x86)\Minecraft\runtime\jre-x64\lib\ext\jaccess.jar;C:\Program Files (x86)\Minecraft\runtime\jre-x64\lib\ext\jfxrt.jar;C:\Program Files (x86)\Minecraft\runtime\jre-x64\lib\ext\localedata.jar;C:\Program Files (x86)\Minecraft\runtime\jre-x64\lib\ext\nashorn.jar;C:\Program Files (x86)\Minecraft\runtime\jre-x64\lib\ext\sunec.jar;C:\Program Files (x86)\Minecraft\runtime\jre-x64\lib\ext\sunjce_provider.jar;C:\Program Files (x86)\Minecraft\runtime\jre-x64\lib\ext\sunmscapi.jar;C:\Program Files (x86)\Minecraft\runtime\jre-x64\lib\ext\sunpkcs11.jar;C:\Program Files (x86)\Minecraft\runtime\jre-x64\lib\ext\zipfs.jar;C:\Program Files (x86)\Minecraft\runtime\jre-x64\lib\javaws.jar;C:\Program Files (x86)\Minecraft\runtime\jre-x64\lib\jce.jar;C:\Program Files (x86)\Minecraft\runtime\jre-x64\lib\jfr.jar;C:\Program Files (x86)\Minecraft\runtime\jre-x64\lib\jfxswt.jar;C:\Program Files (x86)\Minecraft\runtime\jre-x64\lib\jsse.jar;C:\Program Files (x86)\Minecraft\runtime\jre-x64\lib\management-agent.jar;C:\Program Files (x86)\Minecraft\runtime\jre-x64\lib\plugin.jar;C:\Program Files (x86)\Minecraft\runtime\jre-x64\lib\resources.jar;C:\Program Files (x86)\Minecraft\runtime\jre-x64\lib\rt.jar;C:\save\modding\ervin_mod_1\build\classes\java\main;C:\save\modding\ervin_mod_1\build\resources\main;C:\Users\ervin_1nmnhvl\.gradle\caches\forge_gradle\minecraft_user_repo\net\minecraftforge\forge\1.16.1-32.0.75_mapped_snapshot_20200723-1.16.1\forge-1.16.1-32.0.75_mapped_snapshot_20200723-1.16.1-recomp.jar;C:\Users\ervin_1nmnhvl\.gradle\caches\forge_gradle\minecraft_user_repo\net\minecraftforge\forge\1.16.1-32.0.75_
Launcher Type: SUN_STANDARD

Environment Variables:
JAVA_HOME=C:\Program Files\Java\jdk-11.0.4
PATH=C:\Program Files\Docker\Docker\Resources\bin;C:\ProgramData\Oracle\Java\javapath;C:\WINDOWS\system32;C:\WINDOWS;C:\WINDOWS\System32\Wbem;C:\WINDOWS\System32\WindowsPowerShell\v1.0\;C:\Program Files (x86)\cloudControl;C:\Program Files\Git\cmd;C:\bin;C:\Program Files (x86)\Windows Kits\8.1\Windows Performance Toolkit\;C:\Program Files (x86)\PuTTY\;C:\Program Files (x86)\Nodist\bin;G:\save\sdk\android\tools;G:\save\sdk\android\platform-tools;C:\boxfuse;C:\Program Files (x86)\Skype\Phone\;C:\Program Files (x86)\GtkSharp\2.12\bin;C:\Program Files (x86)\IVI Foundation\VISA\WinNT\Bin;C:\WINDOWS\system32;C:\WINDOWS;C:\WINDOWS\System32\Wbem;C:\WINDOWS\System32\WindowsPowerShell\v1.0\;;C:\WINDOWS\System32\OpenSSH\;C:\Users\ervin_1nmnhvl\AppData\Local\Microsoft\WindowsApps;
USERNAME=ervin_1nmnhvl
OS=Windows_NT
PROCESSOR_IDENTIFIER=Intel64 Family 6 Model 42 Stepping 7, GenuineIntel



---------------  S Y S T E M  ---------------

OS: Windows 10.0 , 64 bit Build 19041 (10.0.19041.292)

CPU:total 4 (2 cores per cpu, 2 threads per core) family 6 model 42 stepping 7, cmov, cx8, fxsr, mmx, sse, sse2, sse3, ssse3, sse4.1, sse4.2, popcnt, avx, aes, clmul, ht, tsc, tscinvbit

Memory: 4k page, physical 8266764k(1041316k free), swap 10363916k(1100k free)

vm_info: Java HotSpot(TM) 64-Bit Server VM (25.51-b03) for windows-amd64 JRE (1.8.0_51-b16), built on Jun  8 2015 18:03:07 by "java_re" with MS VC++ 10.0 (VS2010)

time: Sat Oct 03 17:36:26 2020
elapsed time: 4680 seconds (0d 1h 18m 0s)

