#
# A fatal error has been detected by the Java Runtime Environment:
#
#  EXCEPTION_ACCESS_VIOLATION (0xc0000005) at pc=0x00007ffa63815bf0, pid=10304, tid=10996
#
# JRE version: Java(TM) SE Runtime Environment (8.0_51-b16) (build 1.8.0_51-b16)
# Java VM: Java HotSpot(TM) 64-Bit Server VM (25.51-b03 mixed mode windows-amd64 compressed oops)
# Problematic frame:
# C  [OpenAL.dll+0x15bf0]
#
# Failed to write core dump. Minidumps are not enabled by default on client versions of Windows
#
# If you would like to submit a bug report, please visit:
#   http://bugreport.java.com/bugreport/crash.jsp
# The crash happened outside the Java Virtual Machine in native code.
# See problematic frame for where to report the bug.
#

---------------  T H R E A D  ---------------

Current thread (0x00000000023b2800):  JavaThread "Render thread" [_thread_in_native, id=10996, stack(0x00000000022b0000,0x00000000023b0000)]

siginfo: ExceptionCode=0xc0000005, writing address 0x0000000000000800

Registers:
RAX=0x0000000000000000, RBX=0x0000000000000002, RCX=0x0000000000000000, RDX=0x0000000000000000
RSP=0x00000000023ad570, RBP=0x000000001f52b580, RSI=0x0000000000000002, RDI=0x0000000000000800
R8 =0x0000000000000100, R9 =0x00000000023ad488, R10=0x000000000000002d, R11=0x0000000000000246
R12=0x0000000000008160, R13=0x0000000000000000, R14=0x0000000000008960, R15=0x0000000000000100
RIP=0x00007ffa63815bf0, EFLAGS=0x0000000000010246

Top of Stack: (sp=0x00000000023ad570)
0x00000000023ad570:   0000000000000002 0000000000000257
0x00000000023ad580:   00000000000000a1 0000000000000000
0x00000000023ad590:   0000000000000000 0000000000000000
0x00000000023ad5a0:   0000000000000100 0000000000000000
0x00000000023ad5b0:   0000000000008160 0000000000000100
0x00000000023ad5c0:   0000000000000000 0000000000000000
0x00000000023ad5d0:   0000000000000000 000000001c6b8630
0x00000000023ad5e0:   000000001f4b6f20 000000001f4bfa30
0x00000000023ad5f0:   000000001f52b580 00007ffa63812a7f
0x00000000023ad600:   0000000000000000 0000000000000100
0x00000000023ad610:   000000001f4b6f20 0000000000000000
0x00000000023ad620:   0000000000000000 0000000000000001
0x00000000023ad630:   000000003907ad48 00000000023b2800
0x00000000023ad640:   00000000023b2800 000000002763e2a8
0x00000000023ad650:   00000000023ad708 00000000023ad750
0x00000000023ad660:   0000000000000002 0000000002615e34 

Instructions: (pc=0x00007ffa63815bf0)
0x00007ffa63815bd0:   48 8b 8c 24 a8 00 00 00 4c 8b 44 24 48 49 63 c5
0x00007ffa63815be0:   49 3b c0 7d 26 33 d2 66 0f 1f 84 00 00 00 00 00
0x00007ffa63815bf0:   4c 89 37 48 89 57 08 48 89 3c c1 48 ff c0 4b 8d
0x00007ffa63815c00:   3c 3e 4e 8d 34 27 49 3b c0 7c e5 48 8b 8d 00 01 


Register to memory mapping:

RAX=0x0000000000000000 is an unknown value
RBX=0x0000000000000002 is an unknown value
RCX=0x0000000000000000 is an unknown value
RDX=0x0000000000000000 is an unknown value
RSP=0x00000000023ad570 is pointing into the stack for thread: 0x00000000023b2800
RBP=0x000000001f52b580 is an unknown value
RSI=0x0000000000000002 is an unknown value
RDI=0x0000000000000800 is an unknown value
R8 =0x0000000000000100 is an unknown value
R9 =0x00000000023ad488 is pointing into the stack for thread: 0x00000000023b2800
R10=0x000000000000002d is an unknown value
R11=0x0000000000000246 is an unknown value
R12=0x0000000000008160 is an unknown value
R13=0x0000000000000000 is an unknown value
R14=0x0000000000008960 is an unknown value
R15=0x0000000000000100 is an unknown value


Stack: [0x00000000022b0000,0x00000000023b0000],  sp=0x00000000023ad570,  free space=1013k
Native frames: (J=compiled Java code, j=interpreted, Vv=VM code, C=native code)
C  [OpenAL.dll+0x15bf0]

Java frames: (J=compiled Java code, j=interpreted, Vv=VM code)
j  org.lwjgl.system.JNI.invokePPP(JJJ)J+0
j  org.lwjgl.openal.ALC10.nalcCreateContext(JJ)J+23
j  org.lwjgl.openal.ALC10.alcCreateContext(JLjava/nio/IntBuffer;)J+15
j  net.minecraft.client.audio.SoundSystem.init()V+63
j  net.minecraft.client.audio.SoundEngine.load()V+11
j  net.minecraft.client.audio.SoundEngine.reload()V+85
j  net.minecraft.client.audio.SoundHandler.apply(Lnet/minecraft/client/audio/SoundHandler$Loader;Lnet/minecraft/resources/IResourceManager;Lnet/minecraft/profiler/IProfiler;)V+196
j  net.minecraft.client.audio.SoundHandler.apply(Ljava/lang/Object;Lnet/minecraft/resources/IResourceManager;Lnet/minecraft/profiler/IProfiler;)V+7
j  net.minecraft.client.resources.ReloadListener.lambda$reload$1(Lnet/minecraft/resources/IResourceManager;Lnet/minecraft/profiler/IProfiler;Ljava/lang/Object;)V+4
j  net.minecraft.client.resources.ReloadListener$$Lambda$4786.accept(Ljava/lang/Object;)V+13
j  java.util.concurrent.CompletableFuture.uniAccept(Ljava/util/concurrent/CompletableFuture;Ljava/util/function/Consumer;Ljava/util/concurrent/CompletableFuture$UniAccept;)Z+84
j  java.util.concurrent.CompletableFuture$UniAccept.tryFire(I)Ljava/util/concurrent/CompletableFuture;+29
j  java.util.concurrent.CompletableFuture$Completion.run()V+2
j  net.minecraft.resources.AsyncReloader.lambda$null$3(Ljava/lang/Runnable;)V+1
j  net.minecraft.resources.AsyncReloader$$Lambda$4803.run()V+8
J 10791 C1 net.minecraft.util.concurrent.ThreadTaskExecutor.execute(Ljava/lang/Runnable;)V (26 bytes) @ 0x0000000003ef10b4 [0x0000000003ef0aa0+0x614]
j  net.minecraft.resources.AsyncReloader.lambda$new$4(Ljava/util/concurrent/Executor;Ljava/lang/Runnable;)V+18
j  net.minecraft.resources.AsyncReloader$$Lambda$4748.execute(Ljava/lang/Runnable;)V+9
j  java.util.concurrent.CompletableFuture$UniCompletion.claim()Z+27
j  java.util.concurrent.CompletableFuture.uniAccept(Ljava/util/concurrent/CompletableFuture;Ljava/util/function/Consumer;Ljava/util/concurrent/CompletableFuture$UniAccept;)Z+69
j  java.util.concurrent.CompletableFuture$UniAccept.tryFire(I)Ljava/util/concurrent/CompletableFuture;+29
J 11503 C1 java.util.concurrent.CompletableFuture.postComplete()V (85 bytes) @ 0x00000000037810c4 [0x0000000003780a60+0x664]
J 8844 C1 java.util.concurrent.CompletableFuture.postFire(Ljava/util/concurrent/CompletableFuture;I)Ljava/util/concurrent/CompletableFuture; (59 bytes) @ 0x000000000329180c [0x00000000032913e0+0x42c]
j  java.util.concurrent.CompletableFuture$UniAccept.tryFire(I)Ljava/util/concurrent/CompletableFuture;+55
j  java.util.concurrent.CompletableFuture$Completion.run()V+2
j  net.minecraft.client.renderer.texture.TextureManager$$Lambda$5102.execute()V+4
j  com.mojang.blaze3d.systems.RenderSystem.replayQueue()V+24
J 11068 C1 net.minecraft.client.Minecraft.runGameLoop(Z)V (966 bytes) @ 0x0000000003ff86e4 [0x0000000003ff0860+0x7e84]
j  net.minecraft.client.Minecraft.run()V+68
j  net.minecraft.client.main.Main.main([Ljava/lang/String;)V+1379
v  ~StubRoutines::call_stub
j  sun.reflect.NativeMethodAccessorImpl.invoke0(Ljava/lang/reflect/Method;Ljava/lang/Object;[Ljava/lang/Object;)Ljava/lang/Object;+0
j  sun.reflect.NativeMethodAccessorImpl.invoke(Ljava/lang/Object;[Ljava/lang/Object;)Ljava/lang/Object;+100
J 1877 C1 sun.reflect.DelegatingMethodAccessorImpl.invoke(Ljava/lang/Object;[Ljava/lang/Object;)Ljava/lang/Object; (10 bytes) @ 0x0000000002be8304 [0x0000000002be8200+0x104]
J 1876 C1 java.lang.reflect.Method.invoke(Ljava/lang/Object;[Ljava/lang/Object;)Ljava/lang/Object; (62 bytes) @ 0x0000000002be7d24 [0x0000000002be7940+0x3e4]
j  net.minecraftforge.userdev.FMLUserdevClientLaunchProvider.lambda$launchService$0(Lcpw/mods/modlauncher/api/ITransformingClassLoader;[Ljava/lang/String;)Ljava/lang/Void;+65
j  net.minecraftforge.userdev.FMLUserdevClientLaunchProvider$$Lambda$434.call()Ljava/lang/Object;+12
j  cpw.mods.modlauncher.LaunchServiceHandlerDecorator.launch([Ljava/lang/String;Lcpw/mods/modlauncher/api/ITransformingClassLoader;)V+11
j  cpw.mods.modlauncher.LaunchServiceHandler.launch(Ljava/lang/String;[Ljava/lang/String;Lcpw/mods/modlauncher/TransformingClassLoader;Lcpw/mods/modlauncher/LaunchPluginHandler;)V+57
j  cpw.mods.modlauncher.LaunchServiceHandler.launch(Lcpw/mods/modlauncher/ArgumentHandler;Lcpw/mods/modlauncher/TransformingClassLoader;Lcpw/mods/modlauncher/LaunchPluginHandler;)V+19
j  cpw.mods.modlauncher.Launcher.run([Ljava/lang/String;)V+116
j  cpw.mods.modlauncher.Launcher.main([Ljava/lang/String;)V+37
j  net.minecraftforge.userdev.LaunchTesting.main([Ljava/lang/String;)V+422
v  ~StubRoutines::call_stub

---------------  P R O C E S S  ---------------

Java Threads: ( => current thread )
  0x00000000215df000 JavaThread "modloading-worker-2" daemon [_thread_blocked, id=11068, stack(0x0000000044880000,0x0000000044980000)]
  0x00000000215d0000 JavaThread "modloading-worker-1" daemon [_thread_blocked, id=5364, stack(0x0000000044780000,0x0000000044880000)]
  0x00000000215d4800 JavaThread "modloading-worker-0" daemon [_thread_blocked, id=17508, stack(0x0000000044680000,0x0000000044780000)]
  0x00000000215d3800 JavaThread "Worker-Main-8" daemon [_thread_blocked, id=14132, stack(0x0000000038e90000,0x0000000038f90000)]
  0x00000000215d3000 JavaThread "Worker-Main-7" daemon [_thread_blocked, id=4360, stack(0x000000002a270000,0x000000002a370000)]
  0x00000000215d1800 JavaThread "Worker-Main-6" daemon [_thread_blocked, id=12668, stack(0x000000002a470000,0x000000002a570000)]
  0x00000000215d0800 JavaThread "Worker-Main-5" daemon [_thread_blocked, id=11732, stack(0x000000002a170000,0x000000002a270000)]
  0x00000000215d7800 JavaThread "Worker-Main-4" daemon [_thread_blocked, id=14728, stack(0x000000002a070000,0x000000002a170000)]
  0x00000000215d6800 JavaThread "Narrator" [_thread_blocked, id=1772, stack(0x0000000029b20000,0x0000000029c20000)]
  0x00000000215d5000 JavaThread "Sound engine" daemon [_thread_blocked, id=18644, stack(0x00000000007a0000,0x00000000008a0000)]
  0x0000000019977800 JavaThread "Snooper Timer" daemon [_thread_blocked, id=14844, stack(0x0000000025e60000,0x0000000025f60000)]
  0x0000000019976800 JavaThread "Timer hack thread" daemon [_thread_blocked, id=16460, stack(0x0000000025d60000,0x0000000025e60000)]
  0x0000000019976000 JavaThread "Worker-Bootstrap-1" daemon [_thread_blocked, id=18068, stack(0x0000000022050000,0x0000000022150000)]
  0x0000000019979000 JavaThread "pool-3-thread-1" [_thread_blocked, id=2208, stack(0x0000000020f10000,0x0000000021010000)]
  0x000000001997d800 JavaThread "Thread-2" daemon [_thread_in_native, id=16244, stack(0x000000001c560000,0x000000001c660000)]
  0x000000001a317800 JavaThread "Thread-1" daemon [_thread_blocked, id=20092, stack(0x000000001c460000,0x000000001c560000)]
  0x0000000018d08800 JavaThread "Service Thread" daemon [_thread_blocked, id=17640, stack(0x0000000019680000,0x0000000019780000)]
  0x0000000018ccd800 JavaThread "C1 CompilerThread2" daemon [_thread_blocked, id=14456, stack(0x0000000019580000,0x0000000019680000)]
  0x0000000018ccc800 JavaThread "C2 CompilerThread1" daemon [_thread_blocked, id=7148, stack(0x0000000019480000,0x0000000019580000)]
  0x0000000018a60000 JavaThread "C2 CompilerThread0" daemon [_thread_blocked, id=18656, stack(0x0000000018b80000,0x0000000018c80000)]
  0x0000000018a59000 JavaThread "Monitor Ctrl-Break" daemon [_thread_in_native, id=18276, stack(0x0000000018a80000,0x0000000018b80000)]
  0x0000000017135800 JavaThread "Attach Listener" daemon [_thread_blocked, id=2772, stack(0x0000000018580000,0x0000000018680000)]
  0x0000000017134000 JavaThread "Signal Dispatcher" daemon [_thread_blocked, id=13648, stack(0x0000000018480000,0x0000000018580000)]
  0x00000000024aa000 JavaThread "Finalizer" daemon [_thread_blocked, id=9348, stack(0x0000000018380000,0x0000000018480000)]
  0x00000000024a7000 JavaThread "Reference Handler" daemon [_thread_blocked, id=17364, stack(0x0000000018280000,0x0000000018380000)]
=>0x00000000023b2800 JavaThread "Render thread" [_thread_in_native, id=10996, stack(0x00000000022b0000,0x00000000023b0000)]

Other Threads:
  0x00000000024a3000 VMThread [stack: 0x0000000018180000,0x0000000018280000] [id=10468]
  0x0000000018d9b000 WatcherThread [stack: 0x0000000019780000,0x0000000019880000] [id=19076]

VM state:not at safepoint (normal execution)

VM Mutex/Monitor currently owned by a thread: None

Heap:
 PSYoungGen      total 651264K, used 244119K [0x00000000d5f00000, 0x0000000100000000, 0x0000000100000000)
  eden space 614400K, 33% used [0x00000000d5f00000,0x00000000e296dab8,0x00000000fb700000)
  from space 36864K, 99% used [0x00000000fb700000,0x00000000fdaf82a0,0x00000000fdb00000)
  to   space 37888K, 0% used [0x00000000fdb00000,0x00000000fdb00000,0x0000000100000000)
 ParOldGen       total 347136K, used 309171K [0x0000000081c00000, 0x0000000096f00000, 0x00000000d5f00000)
  object space 347136K, 89% used [0x0000000081c00000,0x00000000949ecf68,0x0000000096f00000)
 Metaspace       used 79937K, capacity 88672K, committed 88960K, reserved 1122304K
  class space    used 12709K, capacity 15411K, committed 15488K, reserved 1048576K

Card table byte_map: [0x00000000119c0000,0x0000000011dc0000] byte_map_base: 0x00000000115b2000

Marking Bits: (ParMarkBitMap*) 0x0000000076354040
 Begin Bits: [0x0000000012470000, 0x0000000014400000)
 End Bits:   [0x0000000014400000, 0x0000000016390000)

Polling page: 0x00000000001f0000

CodeCache: size=245760Kb used=29365Kb max_used=29376Kb free=216395Kb
 bounds [0x0000000002600000, 0x00000000042e0000, 0x0000000011600000]
 total_blobs=10783 nmethods=9294 adapters=1400
 compilation: enabled

Compilation events (10 events):
Event: 123.103 Thread 0x0000000018ccd800 12428       3       sun.security.jca.Providers::getProviderList (14 bytes)
Event: 123.104 Thread 0x0000000018ccd800 nmethod 12428 0x00000000042c78d0 code [0x00000000042c7a60, 0x00000000042c7e88]
Event: 123.104 Thread 0x0000000018ccd800 12429       3       sun.security.jca.Providers::getThreadProviderList (18 bytes)
Event: 123.104 Thread 0x0000000018ccd800 nmethod 12429 0x00000000042c7390 code [0x00000000042c7500, 0x00000000042c7828]
Event: 123.104 Thread 0x0000000018ccd800 12426       3       java.io.FilterInputStream::read (8 bytes)
Event: 123.104 Thread 0x0000000018ccd800 nmethod 12426 0x00000000042c6f50 code [0x00000000042c70c0, 0x00000000042c72e8]
Event: 123.104 Thread 0x0000000018ccd800 12427       3       java.util.zip.InflaterInputStream::read (32 bytes)
Event: 123.104 Thread 0x0000000018ccd800 nmethod 12427 0x00000000042c6790 code [0x00000000042c6920, 0x00000000042c6d98]
Event: 123.138 Thread 0x0000000018a60000 12430       4       org.apache.logging.log4j.message.ReusableParameterizedMessage::formatTo (49 bytes)
Event: 123.139 Thread 0x0000000018a60000 nmethod 12430 0x00000000042c3750 code [0x00000000042c38a0, 0x00000000042c3988]

GC Heap History (10 events):
Event: 110.578 GC heap before
{Heap before GC invocations=143 (full 6):
 PSYoungGen      total 649728K, used 633630K [0x00000000d5f00000, 0x00000000ffd80000, 0x0000000100000000)
  eden space 614912K, 100% used [0x00000000d5f00000,0x00000000fb780000,0x00000000fb780000)
  from space 34816K, 53% used [0x00000000fdb80000,0x00000000fedc7958,0x00000000ffd80000)
  to   space 35840K, 0% used [0x00000000fb780000,0x00000000fb780000,0x00000000fda80000)
 ParOldGen       total 347136K, used 290476K [0x0000000081c00000, 0x0000000096f00000, 0x00000000d5f00000)
  object space 347136K, 83% used [0x0000000081c00000,0x00000000937ab070,0x0000000096f00000)
 Metaspace       used 78747K, capacity 87330K, committed 87424K, reserved 1122304K
  class space    used 12537K, capacity 15186K, committed 15232K, reserved 1048576K
Event: 110.598 GC heap after
Heap after GC invocations=143 (full 6):
 PSYoungGen      total 650752K, used 5904K [0x00000000d5f00000, 0x0000000100000000, 0x0000000100000000)
  eden space 614912K, 0% used [0x00000000d5f00000,0x00000000d5f00000,0x00000000fb780000)
  from space 35840K, 16% used [0x00000000fb780000,0x00000000fbd44080,0x00000000fda80000)
  to   space 36864K, 0% used [0x00000000fdc00000,0x00000000fdc00000,0x0000000100000000)
 ParOldGen       total 347136K, used 295284K [0x0000000081c00000, 0x0000000096f00000, 0x00000000d5f00000)
  object space 347136K, 85% used [0x0000000081c00000,0x0000000093c5d070,0x0000000096f00000)
 Metaspace       used 78747K, capacity 87330K, committed 87424K, reserved 1122304K
  class space    used 12537K, capacity 15186K, committed 15232K, reserved 1048576K
}
Event: 111.568 GC heap before
{Heap before GC invocations=144 (full 6):
 PSYoungGen      total 650752K, used 620816K [0x00000000d5f00000, 0x0000000100000000, 0x0000000100000000)
  eden space 614912K, 100% used [0x00000000d5f00000,0x00000000fb780000,0x00000000fb780000)
  from space 35840K, 16% used [0x00000000fb780000,0x00000000fbd44080,0x00000000fda80000)
  to   space 36864K, 0% used [0x00000000fdc00000,0x00000000fdc00000,0x0000000100000000)
 ParOldGen       total 347136K, used 295284K [0x0000000081c00000, 0x0000000096f00000, 0x00000000d5f00000)
  object space 347136K, 85% used [0x0000000081c00000,0x0000000093c5d070,0x0000000096f00000)
 Metaspace       used 78764K, capacity 87338K, committed 87424K, reserved 1122304K
  class space    used 12537K, capacity 15186K, committed 15232K, reserved 1048576K
Event: 111.581 GC heap after
Heap after GC invocations=144 (full 6):
 PSYoungGen      total 651264K, used 6032K [0x00000000d5f00000, 0x0000000100000000, 0x0000000100000000)
  eden space 614400K, 0% used [0x00000000d5f00000,0x00000000d5f00000,0x00000000fb700000)
  from space 36864K, 16% used [0x00000000fdc00000,0x00000000fe1e4080,0x0000000100000000)
  to   space 37376K, 0% used [0x00000000fb700000,0x00000000fb700000,0x00000000fdb80000)
 ParOldGen       total 347136K, used 295580K [0x0000000081c00000, 0x0000000096f00000, 0x00000000d5f00000)
  object space 347136K, 85% used [0x0000000081c00000,0x0000000093ca7070,0x0000000096f00000)
 Metaspace       used 78764K, capacity 87338K, committed 87424K, reserved 1122304K
  class space    used 12537K, capacity 15186K, committed 15232K, reserved 1048576K
}
Event: 112.694 GC heap before
{Heap before GC invocations=145 (full 6):
 PSYoungGen      total 651264K, used 620432K [0x00000000d5f00000, 0x0000000100000000, 0x0000000100000000)
  eden space 614400K, 100% used [0x00000000d5f00000,0x00000000fb700000,0x00000000fb700000)
  from space 36864K, 16% used [0x00000000fdc00000,0x00000000fe1e4080,0x0000000100000000)
  to   space 37376K, 0% used [0x00000000fb700000,0x00000000fb700000,0x00000000fdb80000)
 ParOldGen       total 347136K, used 295580K [0x0000000081c00000, 0x0000000096f00000, 0x00000000d5f00000)
  object space 347136K, 85% used [0x0000000081c00000,0x0000000093ca7070,0x0000000096f00000)
 Metaspace       used 78764K, capacity 87338K, committed 87424K, reserved 1122304K
  class space    used 12537K, capacity 15186K, committed 15232K, reserved 1048576K
Event: 112.718 GC heap after
Heap after GC invocations=145 (full 6):
 PSYoungGen      total 651776K, used 6112K [0x00000000d5f00000, 0x0000000100000000, 0x0000000100000000)
  eden space 614400K, 0% used [0x00000000d5f00000,0x00000000d5f00000,0x00000000fb700000)
  from space 37376K, 16% used [0x00000000fb700000,0x00000000fbcf8090,0x00000000fdb80000)
  to   space 37376K, 0% used [0x00000000fdb80000,0x00000000fdb80000,0x0000000100000000)
 ParOldGen       total 347136K, used 295852K [0x0000000081c00000, 0x0000000096f00000, 0x00000000d5f00000)
  object space 347136K, 85% used [0x0000000081c00000,0x0000000093ceb070,0x0000000096f00000)
 Metaspace       used 78764K, capacity 87338K, committed 87424K, reserved 1122304K
  class space    used 12537K, capacity 15186K, committed 15232K, reserved 1048576K
}
Event: 113.865 GC heap before
{Heap before GC invocations=146 (full 6):
 PSYoungGen      total 651776K, used 620512K [0x00000000d5f00000, 0x0000000100000000, 0x0000000100000000)
  eden space 614400K, 100% used [0x00000000d5f00000,0x00000000fb700000,0x00000000fb700000)
  from space 37376K, 16% used [0x00000000fb700000,0x00000000fbcf8090,0x00000000fdb80000)
  to   space 37376K, 0% used [0x00000000fdb80000,0x00000000fdb80000,0x0000000100000000)
 ParOldGen       total 347136K, used 295852K [0x0000000081c00000, 0x0000000096f00000, 0x00000000d5f00000)
  object space 347136K, 85% used [0x0000000081c00000,0x0000000093ceb070,0x0000000096f00000)
 Metaspace       used 78764K, capacity 87338K, committed 87424K, reserved 1122304K
  class space    used 12537K, capacity 15186K, committed 15232K, reserved 1048576K
Event: 113.878 GC heap after
Heap after GC invocations=146 (full 6):
 PSYoungGen      total 650752K, used 6304K [0x00000000d5f00000, 0x00000000fff00000, 0x0000000100000000)
  eden space 614400K, 0% used [0x00000000d5f00000,0x00000000d5f00000,0x00000000fb700000)
  from space 36352K, 17% used [0x00000000fdb80000,0x00000000fe1a8090,0x00000000fff00000)
  to   space 36864K, 0% used [0x00000000fb700000,0x00000000fb700000,0x00000000fdb00000)
 ParOldGen       total 347136K, used 296140K [0x0000000081c00000, 0x0000000096f00000, 0x00000000d5f00000)
  object space 347136K, 85% used [0x0000000081c00000,0x0000000093d33070,0x0000000096f00000)
 Metaspace       used 78764K, capacity 87338K, committed 87424K, reserved 1122304K
  class space    used 12537K, capacity 15186K, committed 15232K, reserved 1048576K
}
Event: 121.485 GC heap before
{Heap before GC invocations=147 (full 6):
 PSYoungGen      total 650752K, used 620704K [0x00000000d5f00000, 0x00000000fff00000, 0x0000000100000000)
  eden space 614400K, 100% used [0x00000000d5f00000,0x00000000fb700000,0x00000000fb700000)
  from space 36352K, 17% used [0x00000000fdb80000,0x00000000fe1a8090,0x00000000fff00000)
  to   space 36864K, 0% used [0x00000000fb700000,0x00000000fb700000,0x00000000fdb00000)
 ParOldGen       total 347136K, used 296627K [0x0000000081c00000, 0x0000000096f00000, 0x00000000d5f00000)
  object space 347136K, 85% used [0x0000000081c00000,0x0000000093dace58,0x0000000096f00000)
 Metaspace       used 79284K, capacity 87852K, committed 88064K, reserved 1122304K
  class space    used 12609K, capacity 15233K, committed 15360K, reserved 1048576K
Event: 121.573 GC heap after
Heap after GC invocations=147 (full 6):
 PSYoungGen      total 651264K, used 36832K [0x00000000d5f00000, 0x0000000100000000, 0x0000000100000000)
  eden space 614400K, 0% used [0x00000000d5f00000,0x00000000d5f00000,0x00000000fb700000)
  from space 36864K, 99% used [0x00000000fb700000,0x00000000fdaf82a0,0x00000000fdb00000)
  to   space 37888K, 0% used [0x00000000fdb00000,0x00000000fdb00000,0x0000000100000000)
 ParOldGen       total 347136K, used 309171K [0x0000000081c00000, 0x0000000096f00000, 0x00000000d5f00000)
  object space 347136K, 89% used [0x0000000081c00000,0x00000000949ecf68,0x0000000096f00000)
 Metaspace       used 79284K, capacity 87852K, committed 88064K, reserved 1122304K
  class space    used 12609K, capacity 15233K, committed 15360K, reserved 1048576K
}

Deoptimization events (10 events):
Event: 123.064 Thread 0x00000000215d7800 Uncommon trap: reason=bimorphic action=maybe_recompile pc=0x0000000003540b98 method=net.minecraft.resources.SimpleResource.close()V @ 4
Event: 123.071 Thread 0x00000000215d1800 Uncommon trap: reason=bimorphic action=maybe_recompile pc=0x0000000003540b98 method=net.minecraft.resources.SimpleResource.close()V @ 4
Event: 123.076 Thread 0x00000000215d1800 Uncommon trap: reason=bimorphic action=maybe_recompile pc=0x0000000003540b98 method=net.minecraft.resources.SimpleResource.close()V @ 4
Event: 123.077 Thread 0x00000000215d0800 Uncommon trap: reason=bimorphic action=maybe_recompile pc=0x0000000003540b98 method=net.minecraft.resources.SimpleResource.close()V @ 4
Event: 123.095 Thread 0x00000000023b2800 Uncommon trap: reason=unstable_if action=reinterpret pc=0x0000000003cfe470 method=sun.nio.fs.WindowsFileSystem.getPath(Ljava/lang/String;[Ljava/lang/String;)Ljava/nio/file/Path; @ 2
Event: 123.115 Thread 0x00000000023b2800 Uncommon trap: reason=unstable_if action=reinterpret pc=0x0000000003cc7350 method=sun.nio.ch.FileChannelImpl.implCloseChannel()V @ 4
Event: 123.116 Thread 0x00000000023b2800 Uncommon trap: reason=class_check action=maybe_recompile pc=0x000000000300dc64 method=org.lwjgl.system.FunctionProvider.getFunctionAddress(Ljava/lang/CharSequence;)J @ 12
Event: 123.118 Thread 0x00000000023b2800 Uncommon trap: reason=class_check action=maybe_recompile pc=0x000000000300dc64 method=org.lwjgl.system.FunctionProvider.getFunctionAddress(Ljava/lang/CharSequence;)J @ 12
Event: 123.118 Thread 0x00000000023b2800 Uncommon trap: reason=class_check action=maybe_recompile pc=0x000000000300dc64 method=org.lwjgl.system.FunctionProvider.getFunctionAddress(Ljava/lang/CharSequence;)J @ 12
Event: 123.118 Thread 0x00000000023b2800 Uncommon trap: reason=class_check action=maybe_recompile pc=0x000000000300dc64 method=org.lwjgl.system.FunctionProvider.getFunctionAddress(Ljava/lang/CharSequence;)J @ 12

Internal exceptions (10 events):
Event: 123.093 Thread 0x00000000215d0800 Exception <a 'sun/nio/fs/WindowsException'> (0x00000000e25fae28) thrown at [C:\re\workspace\8-2-build-windows-amd64-cygwin\jdk8u51\3951\hotspot\src\share\vm\prims\jni.cpp, line 709]
Event: 123.093 Thread 0x00000000215d0800 Exception <a 'sun/nio/fs/WindowsException'> (0x00000000e25fb3f8) thrown at [C:\re\workspace\8-2-build-windows-amd64-cygwin\jdk8u51\3951\hotspot\src\share\vm\prims\jni.cpp, line 709]
Event: 123.093 Thread 0x00000000215d0800 Exception <a 'sun/nio/fs/WindowsException'> (0x00000000e25fc150) thrown at [C:\re\workspace\8-2-build-windows-amd64-cygwin\jdk8u51\3951\hotspot\src\share\vm\prims\jni.cpp, line 709]
Event: 123.094 Thread 0x00000000215d0800 Exception <a 'sun/nio/fs/WindowsException'> (0x00000000e25fc820) thrown at [C:\re\workspace\8-2-build-windows-amd64-cygwin\jdk8u51\3951\hotspot\src\share\vm\prims\jni.cpp, line 709]
Event: 123.135 Thread 0x00000000023b2800 Exception <a 'sun/nio/fs/WindowsException'> (0x00000000e2799c90) thrown at [C:\re\workspace\8-2-build-windows-amd64-cygwin\jdk8u51\3951\hotspot\src\share\vm\prims\jni.cpp, line 709]
Event: 123.135 Thread 0x00000000023b2800 Exception <a 'sun/nio/fs/WindowsException'> (0x00000000e279a1e0) thrown at [C:\re\workspace\8-2-build-windows-amd64-cygwin\jdk8u51\3951\hotspot\src\share\vm\prims\jni.cpp, line 709]
Event: 123.135 Thread 0x00000000023b2800 Exception <a 'sun/nio/fs/WindowsException'> (0x00000000e279af08) thrown at [C:\re\workspace\8-2-build-windows-amd64-cygwin\jdk8u51\3951\hotspot\src\share\vm\prims\jni.cpp, line 709]
Event: 123.135 Thread 0x00000000023b2800 Exception <a 'sun/nio/fs/WindowsException'> (0x00000000e279b5f8) thrown at [C:\re\workspace\8-2-build-windows-amd64-cygwin\jdk8u51\3951\hotspot\src\share\vm\prims\jni.cpp, line 709]
Event: 123.135 Thread 0x00000000023b2800 Exception <a 'sun/nio/fs/WindowsException'> (0x00000000e279c720) thrown at [C:\re\workspace\8-2-build-windows-amd64-cygwin\jdk8u51\3951\hotspot\src\share\vm\prims\jni.cpp, line 709]
Event: 123.135 Thread 0x00000000023b2800 Exception <a 'sun/nio/fs/WindowsException'> (0x00000000e279cd10) thrown at [C:\re\workspace\8-2-build-windows-amd64-cygwin\jdk8u51\3951\hotspot\src\share\vm\prims\jni.cpp, line 709]

Events (10 events):
Event: 123.142 loading class org/lwjgl/openal/EXTThreadLocalContext
Event: 123.142 loading class org/lwjgl/openal/EXTThreadLocalContext done
Event: 123.143 loading class org/lwjgl/openal/SOFTDeviceClock
Event: 123.143 loading class org/lwjgl/openal/SOFTDeviceClock done
Event: 123.144 loading class org/lwjgl/openal/SOFTHRTF
Event: 123.144 loading class org/lwjgl/openal/SOFTHRTF done
Event: 123.144 loading class org/lwjgl/openal/SOFTLoopback
Event: 123.144 loading class org/lwjgl/openal/SOFTLoopback done
Event: 123.145 loading class org/lwjgl/openal/SOFTPauseDevice
Event: 123.145 loading class org/lwjgl/openal/SOFTPauseDevice done


Dynamic libraries:
0x00007ff615e80000 - 0x00007ff615eb7000 	C:\Program Files (x86)\Minecraft\runtime\jre-x64\bin\java.exe
0x00007ffaa1f50000 - 0x00007ffaa2145000 	C:\WINDOWS\SYSTEM32\ntdll.dll
0x00007ffaa0db0000 - 0x00007ffaa0e6d000 	C:\WINDOWS\System32\KERNEL32.DLL
0x00007ffa9fce0000 - 0x00007ffa9ffa9000 	C:\WINDOWS\System32\KERNELBASE.dll
0x00007ffaa0c20000 - 0x00007ffaa0ccc000 	C:\WINDOWS\System32\ADVAPI32.dll
0x00007ffa9ffc0000 - 0x00007ffaa005e000 	C:\WINDOWS\System32\msvcrt.dll
0x00007ffaa1700000 - 0x00007ffaa179c000 	C:\WINDOWS\System32\sechost.dll
0x00007ffaa0a10000 - 0x00007ffaa0b3b000 	C:\WINDOWS\System32\RPCRT4.dll
0x00007ffaa0870000 - 0x00007ffaa0a10000 	C:\WINDOWS\System32\USER32.dll
0x00007ffa9fb70000 - 0x00007ffa9fb92000 	C:\WINDOWS\System32\win32u.dll
0x00007ffaa0840000 - 0x00007ffaa086a000 	C:\WINDOWS\System32\GDI32.dll
0x00007ffa9fbd0000 - 0x00007ffa9fcdb000 	C:\WINDOWS\System32\gdi32full.dll
0x00007ffa9fa20000 - 0x00007ffa9fabd000 	C:\WINDOWS\System32\msvcp_win.dll
0x00007ffa9f920000 - 0x00007ffa9fa20000 	C:\WINDOWS\System32\ucrtbase.dll
0x00007ffa83ae0000 - 0x00007ffa83d7a000 	C:\WINDOWS\WinSxS\amd64_microsoft.windows.common-controls_6595b64144ccf1df_6.0.19041.844_none_ca00b6081b84eb1d\COMCTL32.dll
0x00007ffaa1a80000 - 0x00007ffaa1ab0000 	C:\WINDOWS\System32\IMM32.DLL
0x00000000763e0000 - 0x00000000764b2000 	C:\Program Files (x86)\Minecraft\runtime\jre-x64\bin\msvcr100.dll
0x0000000075b50000 - 0x00000000763d3000 	C:\Program Files (x86)\Minecraft\runtime\jre-x64\bin\server\jvm.dll
0x00007ffa9ffb0000 - 0x00007ffa9ffb8000 	C:\WINDOWS\System32\PSAPI.DLL
0x00007ffa7b5f0000 - 0x00007ffa7b5f9000 	C:\WINDOWS\SYSTEM32\WSOCK32.dll
0x00007ffa98a20000 - 0x00007ffa98a47000 	C:\WINDOWS\SYSTEM32\WINMM.dll
0x00007ffaa1b20000 - 0x00007ffaa1b8b000 	C:\WINDOWS\System32\WS2_32.dll
0x00007ffa98210000 - 0x00007ffa9821a000 	C:\WINDOWS\SYSTEM32\VERSION.dll
0x0000000075b40000 - 0x0000000075b4f000 	C:\Program Files (x86)\Minecraft\runtime\jre-x64\bin\verify.dll
0x0000000075b10000 - 0x0000000075b39000 	C:\Program Files (x86)\Minecraft\runtime\jre-x64\bin\java.dll
0x0000000075ae0000 - 0x0000000075b03000 	C:\Program Files (x86)\Minecraft\runtime\jre-x64\bin\instrument.dll
0x0000000075ac0000 - 0x0000000075ad6000 	C:\Program Files (x86)\Minecraft\runtime\jre-x64\bin\zip.dll
0x00007ffaa0fb0000 - 0x00007ffaa16f2000 	C:\WINDOWS\System32\SHELL32.dll
0x00007ffa9d6a0000 - 0x00007ffa9de30000 	C:\WINDOWS\SYSTEM32\windows.storage.dll
0x00007ffaa1bb0000 - 0x00007ffaa1f05000 	C:\WINDOWS\System32\combase.dll
0x00007ffa9f030000 - 0x00007ffa9f05c000 	C:\WINDOWS\SYSTEM32\Wldp.dll
0x00007ffaa0060000 - 0x00007ffaa010e000 	C:\WINDOWS\System32\SHCORE.dll
0x00007ffaa0f50000 - 0x00007ffaa0fa5000 	C:\WINDOWS\System32\shlwapi.dll
0x00007ffa9f5d0000 - 0x00007ffa9f5ef000 	C:\WINDOWS\SYSTEM32\profapi.dll
0x00007ffa794f0000 - 0x00007ffa7950a000 	C:\Users\ervin_1nmnhvl\AppData\Local\JetBrains\Toolbox\apps\IDEA-U\ch-0\203.7148.57\bin\breakgen64.dll
0x0000000075aa0000 - 0x0000000075aba000 	C:\Program Files (x86)\Minecraft\runtime\jre-x64\bin\net.dll
0x00007ffa9ee20000 - 0x00007ffa9ee8a000 	C:\WINDOWS\system32\mswsock.dll
0x0000000075a90000 - 0x0000000075a9d000 	C:\Program Files (x86)\Minecraft\runtime\jre-x64\bin\management.dll
0x00007ffa792d0000 - 0x00007ffa792e7000 	C:\WINDOWS\system32\napinsp.dll
0x00007ffa78540000 - 0x00007ffa7855b000 	C:\WINDOWS\system32\pnrpnsp.dll
0x00007ffa9a4b0000 - 0x00007ffa9a4c5000 	C:\WINDOWS\system32\wshbth.dll
0x00007ffa9b170000 - 0x00007ffa9b18d000 	C:\WINDOWS\system32\NLAapi.dll
0x00007ffa9eae0000 - 0x00007ffa9eb1b000 	C:\WINDOWS\SYSTEM32\IPHLPAPI.DLL
0x00007ffa9eb20000 - 0x00007ffa9ebeb000 	C:\WINDOWS\SYSTEM32\DNSAPI.dll
0x00007ffaa1ab0000 - 0x00007ffaa1ab8000 	C:\WINDOWS\System32\NSI.dll
0x00007ffa79410000 - 0x00007ffa79422000 	C:\WINDOWS\System32\winrnr.dll
0x00007ffa8b4c0000 - 0x00007ffa8b4ca000 	C:\Windows\System32\rasadhlp.dll
0x00007ffa94050000 - 0x00007ffa940cf000 	C:\WINDOWS\System32\fwpuclnt.dll
0x00007ffa9fba0000 - 0x00007ffa9fbc7000 	C:\WINDOWS\System32\bcrypt.dll
0x0000000075a70000 - 0x0000000075a81000 	C:\Program Files (x86)\Minecraft\runtime\jre-x64\bin\nio.dll
0x0000000075a40000 - 0x0000000075a64000 	C:\Program Files (x86)\Minecraft\runtime\jre-x64\bin\sunec.dll
0x00007ffa9f360000 - 0x00007ffa9f378000 	C:\WINDOWS\SYSTEM32\CRYPTSP.dll
0x00007ffa9e660000 - 0x00007ffa9e694000 	C:\WINDOWS\system32\rsaenh.dll
0x00007ffa9f590000 - 0x00007ffa9f5be000 	C:\WINDOWS\SYSTEM32\USERENV.dll
0x00007ffa9f840000 - 0x00007ffa9f8c0000 	C:\WINDOWS\System32\bcryptprimitives.dll
0x00007ffa9efa0000 - 0x00007ffa9efac000 	C:\WINDOWS\SYSTEM32\CRYPTBASE.dll
0x00007ffa96500000 - 0x00007ffa96517000 	C:\WINDOWS\SYSTEM32\dhcpcsvc6.DLL
0x00007ffa964e0000 - 0x00007ffa964fd000 	C:\WINDOWS\SYSTEM32\dhcpcsvc.DLL
0x00007ffa65220000 - 0x00007ffa65292000 	C:\Users\ervin_1nmnhvl\AppData\Local\Temp\lwjglervin_1nmnhvl\3.2.2-build-10\lwjgl.dll
0x00007ffa63af0000 - 0x00007ffa63d41000 	C:\Users\ERVIN_~1\AppData\Local\Temp\lwjglervin_1nmnhvl\3.2.2-build-10\jemalloc.dll
0x00007ffa651c0000 - 0x00007ffa6521e000 	C:\Users\ERVIN_~1\AppData\Local\Temp\lwjglervin_1nmnhvl\3.2.2-build-10\glfw.dll
0x00007ffa9ce50000 - 0x00007ffa9ceee000 	C:\WINDOWS\system32\uxtheme.dll
0x00007ffa6d550000 - 0x00007ffa6d595000 	C:\WINDOWS\SYSTEM32\dinput8.dll
0x00007ffa6e930000 - 0x00007ffa6e941000 	C:\WINDOWS\SYSTEM32\xinput1_4.dll
0x00007ffa9f7f0000 - 0x00007ffa9f83e000 	C:\WINDOWS\System32\cfgmgr32.dll
0x00007ffa9f440000 - 0x00007ffa9f46c000 	C:\WINDOWS\SYSTEM32\DEVOBJ.dll
0x00007ffa9d2c0000 - 0x00007ffa9d2ef000 	C:\WINDOWS\SYSTEM32\dwmapi.dll
0x00007ffa8de00000 - 0x00007ffa8df52000 	C:\WINDOWS\SYSTEM32\inputhost.dll
0x00007ffaa0b40000 - 0x00007ffaa0c0d000 	C:\WINDOWS\System32\OLEAUT32.dll
0x00007ffa9caf0000 - 0x00007ffa9cbe2000 	C:\WINDOWS\SYSTEM32\CoreMessaging.dll
0x00007ffa9acf0000 - 0x00007ffa9ade7000 	C:\WINDOWS\SYSTEM32\PROPSYS.dll
0x00007ffa9c0c0000 - 0x00007ffa9c214000 	C:\WINDOWS\SYSTEM32\wintypes.dll
0x00007ffa9c790000 - 0x00007ffa9caee000 	C:\WINDOWS\SYSTEM32\CoreUIComponents.dll
0x00007ffa9d680000 - 0x00007ffa9d692000 	C:\WINDOWS\SYSTEM32\kernel.appcore.dll
0x00007ffa9e290000 - 0x00007ffa9e2c3000 	C:\WINDOWS\SYSTEM32\ntmarta.dll
0x00007ffaa0110000 - 0x00007ffaa0225000 	C:\WINDOWS\System32\MSCTF.dll
0x00007ffa9de30000 - 0x00007ffa9de3d000 	C:\WINDOWS\SYSTEM32\HID.DLL
0x00007ffaa03d0000 - 0x00007ffaa0839000 	C:\WINDOWS\System32\SETUPAPI.DLL
0x00007ffa9f8c0000 - 0x00007ffa9f920000 	C:\WINDOWS\System32\WINTRUST.dll
0x00007ffa9f690000 - 0x00007ffa9f7ef000 	C:\WINDOWS\System32\CRYPT32.dll
0x00007ffa9f400000 - 0x00007ffa9f412000 	C:\WINDOWS\SYSTEM32\MSASN1.dll
0x00007ffa66800000 - 0x00007ffa66926000 	C:\WINDOWS\SYSTEM32\opengl32.dll
0x00007ffa8a6a0000 - 0x00007ffa8a6cc000 	C:\WINDOWS\SYSTEM32\GLU32.dll
0x00007ffaa0290000 - 0x00007ffaa0339000 	C:\WINDOWS\System32\clbcatq.dll
0x00007ffa5b840000 - 0x00007ffa5c4c4000 	C:\WINDOWS\SYSTEM32\ig4icd64.dll
0x00007ffa9de90000 - 0x00007ffa9df83000 	C:\WINDOWS\SYSTEM32\dxgi.dll
0x00007ffa9b430000 - 0x00007ffa9b694000 	C:\WINDOWS\SYSTEM32\d3d11.dll
0x00007ffa8b960000 - 0x00007ffa8c5b0000 	C:\WINDOWS\SYSTEM32\igd10umd64.dll
0x00007ffa94800000 - 0x00007ffa9483b000 	C:\WINDOWS\SYSTEM32\dxcore.dll
0x00007ffa64300000 - 0x00007ffa6437f000 	C:\Users\ervin_1nmnhvl\AppData\Local\Temp\lwjglervin_1nmnhvl\3.2.2-build-10\lwjgl_stb.dll
0x00007ffa99f10000 - 0x00007ffa99fbe000 	C:\WINDOWS\SYSTEM32\mscms.dll
0x00007ffa99ea0000 - 0x00007ffa99eb1000 	C:\WINDOWS\SYSTEM32\ColorAdapterClient.dll
0x00007ffa642b0000 - 0x00007ffa642f3000 	C:\WINDOWS\SYSTEM32\icm32.dll
0x00007ffa8df60000 - 0x00007ffa8e05b000 	C:\WINDOWS\SYSTEM32\textinputframework.dll
0x00007ffa64250000 - 0x00007ffa642a8000 	C:\Users\ervin_1nmnhvl\AppData\Local\Temp\lwjglervin_1nmnhvl\3.2.2-build-10\lwjgl_opengl.dll
0x00007ffa63920000 - 0x00007ffa63962000 	C:\Users\ervin_1nmnhvl\AppData\Local\Temp\jna-2118671535\jna5157983175267837760.dll
0x00007ffa6d250000 - 0x00007ffa6d26a000 	C:\save\modding\ervin_mod_1\build\natives\SAPIWrapper_x64.dll
0x00007ffaa17a0000 - 0x00007ffaa18ca000 	C:\WINDOWS\System32\ole32.dll
0x00007ffa624d0000 - 0x00007ffa62656000 	C:\WINDOWS\System32\Speech\Common\sapi.dll
0x00007ffa7a060000 - 0x00007ffa7a07e000 	C:\WINDOWS\SYSTEM32\MSACM32.dll
0x00007ffa8a1d0000 - 0x00007ffa8a1db000 	C:\WINDOWS\SYSTEM32\msdmo.dll
0x00007ffa7a820000 - 0x00007ffa7a846000 	C:\WINDOWS\SYSTEM32\winmmbase.dll
0x00007ffa90cd0000 - 0x00007ffa90d55000 	C:\WINDOWS\System32\MMDevApi.dll
0x00007ffa63800000 - 0x00007ffa63914000 	C:\Users\ERVIN_~1\AppData\Local\Temp\lwjglervin_1nmnhvl\3.2.2-build-10\OpenAL.dll
0x00007ffa88e50000 - 0x00007ffa88fd5000 	C:\WINDOWS\SYSTEM32\AUDIOSES.DLL
0x00007ffa9ec50000 - 0x00007ffa9ec9b000 	C:\WINDOWS\SYSTEM32\powrprof.dll
0x00007ffa9eac0000 - 0x00007ffa9ead2000 	C:\WINDOWS\SYSTEM32\UMPDC.dll
0x00007ffa9cfc0000 - 0x00007ffa9cfd4000 	C:\WINDOWS\SYSTEM32\resourcepolicyclient.dll
0x00007ffa968d0000 - 0x00007ffa96ab4000 	C:\WINDOWS\SYSTEM32\dbghelp.dll

VM Arguments:
jvm_args: -Dforge.logging.console.level=debug -Dforge.logging.markers=SCAN,REGISTRIES,REGISTRYDUMP -XX:HeapDumpPath=MojangTricksIntelDriversForPerformance_javaw.exe_minecraft.exe.heapdump -Dos.name=Windows 10 -Dos.version=10.0 -javaagent:C:\Users\ervin_1nmnhvl\AppData\Local\JetBrains\Toolbox\apps\IDEA-U\ch-0\203.7148.57\lib\idea_rt.jar=51951:C:\Users\ervin_1nmnhvl\AppData\Local\JetBrains\Toolbox\apps\IDEA-U\ch-0\203.7148.57\bin -Dfile.encoding=windows-1250 
java_command: net.minecraftforge.userdev.LaunchTesting
java_class_path (initial): C:\Program Files (x86)\Minecraft\runtime\jre-x64\lib\charsets.jar;C:\Program Files (x86)\Minecraft\runtime\jre-x64\lib\deploy.jar;C:\Program Files (x86)\Minecraft\runtime\jre-x64\lib\ext\access-bridge-64.jar;C:\Program Files (x86)\Minecraft\runtime\jre-x64\lib\ext\cldrdata.jar;C:\Program Files (x86)\Minecraft\runtime\jre-x64\lib\ext\dnsns.jar;C:\Program Files (x86)\Minecraft\runtime\jre-x64\lib\ext\jaccess.jar;C:\Program Files (x86)\Minecraft\runtime\jre-x64\lib\ext\jfxrt.jar;C:\Program Files (x86)\Minecraft\runtime\jre-x64\lib\ext\localedata.jar;C:\Program Files (x86)\Minecraft\runtime\jre-x64\lib\ext\nashorn.jar;C:\Program Files (x86)\Minecraft\runtime\jre-x64\lib\ext\sunec.jar;C:\Program Files (x86)\Minecraft\runtime\jre-x64\lib\ext\sunjce_provider.jar;C:\Program Files (x86)\Minecraft\runtime\jre-x64\lib\ext\sunmscapi.jar;C:\Program Files (x86)\Minecraft\runtime\jre-x64\lib\ext\sunpkcs11.jar;C:\Program Files (x86)\Minecraft\runtime\jre-x64\lib\ext\zipfs.jar;C:\Program Files (x86)\Minecraft\runtime\jre-x64\lib\javaws.jar;C:\Program Files (x86)\Minecraft\runtime\jre-x64\lib\jce.jar;C:\Program Files (x86)\Minecraft\runtime\jre-x64\lib\jfr.jar;C:\Program Files (x86)\Minecraft\runtime\jre-x64\lib\jfxswt.jar;C:\Program Files (x86)\Minecraft\runtime\jre-x64\lib\jsse.jar;C:\Program Files (x86)\Minecraft\runtime\jre-x64\lib\management-agent.jar;C:\Program Files (x86)\Minecraft\runtime\jre-x64\lib\plugin.jar;C:\Program Files (x86)\Minecraft\runtime\jre-x64\lib\resources.jar;C:\Program Files (x86)\Minecraft\runtime\jre-x64\lib\rt.jar;C:\save\modding\ervin_mod_1\build\classes\java\main;C:\save\modding\ervin_mod_1\build\resources\main;C:\Users\ervin_1nmnhvl\.gradle\caches\forge_gradle\minecraft_user_repo\net\minecraftforge\forge\1.16.1-32.0.75_mapped_snapshot_20200723-1.16.1\forge-1.16.1-32.0.75_mapped_snapshot_20200723-1.16.1-recomp.jar;C:\Users\ervin_1nmnhvl\.gradle\caches\forge_gradle\minecraft_user_repo\net\minecraftforge\forge\1.16.1-32.0.75_
Launcher Type: SUN_STANDARD

Environment Variables:
JAVA_HOME=C:\Program Files\Java\jdk-11.0.4
PATH=C:\Program Files\Docker\Docker\Resources\bin;C:\ProgramData\Oracle\Java\javapath;C:\WINDOWS\system32;C:\WINDOWS;C:\WINDOWS\System32\Wbem;C:\WINDOWS\System32\WindowsPowerShell\v1.0\;C:\Program Files (x86)\cloudControl;C:\Program Files\Git\cmd;C:\bin;C:\Program Files (x86)\Windows Kits\8.1\Windows Performance Toolkit\;C:\Program Files (x86)\PuTTY\;C:\Program Files (x86)\Nodist\bin;G:\save\sdk\android\tools;G:\save\sdk\android\platform-tools;C:\boxfuse;C:\Program Files (x86)\Skype\Phone\;C:\Program Files (x86)\GtkSharp\2.12\bin;C:\Program Files (x86)\IVI Foundation\VISA\WinNT\Bin;C:\WINDOWS\system32;C:\WINDOWS;C:\WINDOWS\System32\Wbem;C:\WINDOWS\System32\WindowsPowerShell\v1.0\;;C:\WINDOWS\System32\OpenSSH\;C:\Users\ervin_1nmnhvl\AppData\Local\Microsoft\WindowsApps;
USERNAME=ervin_1nmnhvl
OS=Windows_NT
PROCESSOR_IDENTIFIER=Intel64 Family 6 Model 42 Stepping 7, GenuineIntel



---------------  S Y S T E M  ---------------

OS: Windows 10.0 , 64 bit Build 19041 (10.0.19041.804)

CPU:total 4 (2 cores per cpu, 2 threads per core) family 6 model 42 stepping 7, cmov, cx8, fxsr, mmx, sse, sse2, sse3, ssse3, sse4.1, sse4.2, popcnt, avx, aes, clmul, ht, tsc, tscinvbit

Memory: 4k page, physical 8266764k(834000k free), swap 10363916k(4124k free)

vm_info: Java HotSpot(TM) 64-Bit Server VM (25.51-b03) for windows-amd64 JRE (1.8.0_51-b16), built on Jun  8 2015 18:03:07 by "java_re" with MS VC++ 10.0 (VS2010)

time: Sat Apr 03 11:05:18 2021
elapsed time: 123 seconds (0d 0h 2m 3s)

