#
# There is insufficient memory for the Java Runtime Environment to continue.
# Native memory allocation (malloc) failed to allocate 1942896 bytes for Chunk::new
# Possible reasons:
#   The system is out of physical RAM or swap space
#   In 32 bit mode, the process size limit was hit
# Possible solutions:
#   Reduce memory load on the system
#   Increase physical memory or swap space
#   Check if swap backing store is full
#   Use 64 bit Java on a 64 bit OS
#   Decrease Java heap size (-Xmx/-Xms)
#   Decrease number of Java threads
#   Decrease Java thread stack sizes (-Xss)
#   Set larger code cache with -XX:ReservedCodeCacheSize=
# This output file may be truncated or incomplete.
#
#  Out of Memory Error (allocation.cpp:390), pid=11324, tid=12896
#
# JRE version: Java(TM) SE Runtime Environment (8.0_51-b16) (build 1.8.0_51-b16)
# Java VM: Java HotSpot(TM) 64-Bit Server VM (25.51-b03 mixed mode windows-amd64 compressed oops)
# Failed to write core dump. Minidumps are not enabled by default on client versions of Windows
#

---------------  T H R E A D  ---------------

Current thread (0x00000000177fc000):  JavaThread "C2 CompilerThread0" daemon [_thread_in_native, id=12896, stack(0x0000000019210000,0x0000000019310000)]

Stack: [0x0000000019210000,0x0000000019310000]
Native frames: (J=compiled Java code, j=interpreted, Vv=VM code, C=native code)
V  [jvm.dll+0x32b4ca]
V  [jvm.dll+0x2797e3]
V  [jvm.dll+0x27a479]
V  [jvm.dll+0x271765]
V  [jvm.dll+0xcba02]
V  [jvm.dll+0xcbecc]
V  [jvm.dll+0x476f72]
V  [jvm.dll+0x4b95ff]
V  [jvm.dll+0x46bb38]
V  [jvm.dll+0x46cd4e]
V  [jvm.dll+0x4501a2]
V  [jvm.dll+0xa43a2]
V  [jvm.dll+0xa4cdf]
V  [jvm.dll+0x2418a4]
V  [jvm.dll+0x29846a]
C  [msvcr100.dll+0x21d9f]
C  [msvcr100.dll+0x21e3b]
C  [KERNEL32.DLL+0x17034]
C  [ntdll.dll+0x4cec1]


Current CompileTask:
C2: 128101 12446       4       net.minecraft.client.renderer.model.VariantList::bakeModel (92 bytes)


---------------  P R O C E S S  ---------------

Java Threads: ( => current thread )
  0x000000001c742800 JavaThread "modloading-worker-2" daemon [_thread_blocked, id=14412, stack(0x0000000044ad0000,0x0000000044bd0000)]
  0x000000001c73b000 JavaThread "modloading-worker-1" daemon [_thread_blocked, id=12280, stack(0x00000000449d0000,0x0000000044ad0000)]
  0x000000001c73f000 JavaThread "modloading-worker-0" daemon [_thread_blocked, id=13720, stack(0x00000000448d0000,0x00000000449d0000)]
  0x000000001c742000 JavaThread "Worker-Main-8" daemon [_thread_blocked, id=21264, stack(0x0000000034e90000,0x0000000034f90000)]
  0x000000001c73e000 JavaThread "Worker-Main-7" daemon [_thread_blocked, id=12340, stack(0x000000002a4d0000,0x000000002a5d0000)]
  0x000000001c739800 JavaThread "Worker-Main-6" daemon [_thread_blocked, id=17280, stack(0x000000002a5e0000,0x000000002a6e0000)]
  0x000000001c73c800 JavaThread "Worker-Main-5" daemon [_thread_blocked, id=11140, stack(0x000000002a2e0000,0x000000002a3e0000)]
  0x0000000019aee800 JavaThread "Worker-Main-4" daemon [_thread_blocked, id=12584, stack(0x000000002a1e0000,0x000000002a2e0000)]
  0x0000000019aed000 JavaThread "Narrator" [_thread_blocked, id=6236, stack(0x0000000029d40000,0x0000000029e40000)]
  0x0000000019aeb000 JavaThread "Sound engine" daemon [_thread_blocked, id=12992, stack(0x0000000023b20000,0x0000000023c20000)]
  0x0000000019aec800 JavaThread "Snooper Timer" daemon [_thread_blocked, id=14040, stack(0x0000000026840000,0x0000000026940000)]
  0x0000000019ae9800 JavaThread "Timer hack thread" daemon [_thread_blocked, id=8052, stack(0x0000000026740000,0x0000000026840000)]
  0x000000001967d000 JavaThread "Worker-Bootstrap-2" daemon [_thread_blocked, id=3948, stack(0x0000000025d40000,0x0000000025e40000)]
  0x00000000228e0000 JavaThread "pool-3-thread-1" [_thread_blocked, id=8744, stack(0x0000000020950000,0x0000000020a50000)]
  0x000000001a785000 JavaThread "Thread-2" daemon [_thread_in_native, id=18364, stack(0x000000001cc00000,0x000000001cd00000)]
  0x0000000019f4d000 JavaThread "Thread-1" daemon [_thread_blocked, id=10052, stack(0x000000001b920000,0x000000001ba20000)]
  0x000000001958e000 JavaThread "Service Thread" daemon [_thread_blocked, id=18992, stack(0x0000000019d10000,0x0000000019e10000)]
  0x00000000190fe800 JavaThread "C1 CompilerThread2" daemon [_thread_blocked, id=17936, stack(0x0000000019410000,0x0000000019510000)]
  0x00000000190fd800 JavaThread "C2 CompilerThread1" daemon [_thread_in_native, id=11188, stack(0x0000000019310000,0x0000000019410000)]
=>0x00000000177fc000 JavaThread "C2 CompilerThread0" daemon [_thread_in_native, id=12896, stack(0x0000000019210000,0x0000000019310000)]
  0x00000000190f9000 JavaThread "Monitor Ctrl-Break" daemon [_thread_in_native, id=8396, stack(0x0000000019110000,0x0000000019210000)]
  0x00000000177b1800 JavaThread "Attach Listener" daemon [_thread_blocked, id=8376, stack(0x0000000018c10000,0x0000000018d10000)]
  0x00000000177b0000 JavaThread "Signal Dispatcher" daemon [_thread_blocked, id=9324, stack(0x0000000018b10000,0x0000000018c10000)]
  0x0000000002b0a800 JavaThread "Finalizer" daemon [_thread_blocked, id=17228, stack(0x0000000018a10000,0x0000000018b10000)]
  0x0000000002b07000 JavaThread "Reference Handler" daemon [_thread_blocked, id=16828, stack(0x0000000018910000,0x0000000018a10000)]
  0x0000000002a12800 JavaThread "Render thread" [_thread_in_Java, id=14512, stack(0x0000000002910000,0x0000000002a10000)]

Other Threads:
  0x0000000002b03000 VMThread [stack: 0x0000000018810000,0x0000000018910000] [id=18528]
  0x000000001959b000 WatcherThread [stack: 0x0000000019e10000,0x0000000019f10000] [id=13840]

VM state:not at safepoint (normal execution)

VM Mutex/Monitor currently owned by a thread: None

Heap:
 PSYoungGen      total 654848K, used 545541K [0x00000000d5f00000, 0x0000000100000000, 0x0000000100000000)
  eden space 620544K, 87% used [0x00000000d5f00000,0x00000000f73c1700,0x00000000fbd00000)
  from space 34304K, 0% used [0x00000000fbd00000,0x00000000fbd00000,0x00000000fde80000)
  to   space 34304K, 0% used [0x00000000fde80000,0x00000000fde80000,0x0000000100000000)
 ParOldGen       total 438784K, used 315989K [0x0000000081c00000, 0x000000009c880000, 0x00000000d5f00000)
  object space 438784K, 72% used [0x0000000081c00000,0x0000000095095500,0x000000009c880000)
 Metaspace       used 78384K, capacity 86800K, committed 87040K, reserved 1122304K
  class space    used 12274K, capacity 14779K, committed 14848K, reserved 1048576K

Card table byte_map: [0x0000000012030000,0x0000000012430000] byte_map_base: 0x0000000011c22000

Marking Bits: (ParMarkBitMap*) 0x0000000050e14040
 Begin Bits: [0x0000000012ae0000, 0x0000000014a70000)
 End Bits:   [0x0000000014a70000, 0x0000000016a00000)

Polling page: 0x0000000000e80000

CodeCache: size=245760Kb used=29311Kb max_used=29311Kb free=216448Kb
 bounds [0x0000000002c70000, 0x0000000004940000, 0x0000000011c70000]
 total_blobs=10882 nmethods=9390 adapters=1402
 compilation: enabled

Compilation events (10 events):
Event: 127.952 Thread 0x00000000190fe800 12449       3       net.minecraft.util.WeightedRandom::getTotalWeight (44 bytes)
Event: 127.953 Thread 0x00000000190fe800 nmethod 12449 0x0000000004925d50 code [0x0000000004925ee0, 0x0000000004926378]
Event: 127.989 Thread 0x00000000190fe800 12452       3       net.minecraft.client.renderer.model.BlockModel::isTexturePresent (23 bytes)
Event: 127.989 Thread 0x00000000190fe800 nmethod 12452 0x0000000004930990 code [0x0000000004930b20, 0x0000000004930e58]
Event: 128.003 Thread 0x00000000190fe800 12454       3       net.minecraft.client.renderer.model.ItemModelGenerator::getSpans (169 bytes)
Event: 128.005 Thread 0x00000000190fe800 nmethod 12454 0x0000000004929510 code [0x0000000004929740, 0x000000000492a5a8]
Event: 128.017 Thread 0x00000000190fe800 12455       3       net.minecraft.client.renderer.model.ItemModelGenerator::getBlockParts (695 bytes)
Event: 128.022 Thread 0x00000000190fe800 nmethod 12455 0x00000000049331d0 code [0x0000000004933720, 0x0000000004936d18]
Event: 128.053 Thread 0x00000000190fe800 12456       1       net.minecraft.client.renderer.model.BlockModel::getOverrides (5 bytes)
Event: 128.053 Thread 0x00000000190fe800 nmethod 12456 0x0000000004929250 code [0x00000000049293a0, 0x00000000049294b0]

GC Heap History (10 events):
Event: 116.588 GC heap before
{Heap before GC invocations=146 (full 6):
 PSYoungGen      total 629248K, used 628784K [0x00000000d5f00000, 0x0000000100000000, 0x0000000100000000)
  eden space 623616K, 100% used [0x00000000d5f00000,0x00000000fc000000,0x00000000fc000000)
  from space 5632K, 91% used [0x00000000fc000000,0x00000000fc50c080,0x00000000fc580000)
  to   space 33792K, 0% used [0x00000000fdf00000,0x00000000fdf00000,0x0000000100000000)
 ParOldGen       total 335872K, used 326214K [0x0000000081c00000, 0x0000000096400000, 0x00000000d5f00000)
  object space 335872K, 97% used [0x0000000081c00000,0x0000000095a91b40,0x0000000096400000)
 Metaspace       used 76936K, capacity 85042K, committed 85248K, reserved 1120256K
  class space    used 12071K, capacity 14538K, committed 14592K, reserved 1048576K
Event: 116.599 GC heap after
Heap after GC invocations=146 (full 6):
 PSYoungGen      total 654336K, used 5312K [0x00000000d5f00000, 0x0000000100000000, 0x0000000100000000)
  eden space 620544K, 0% used [0x00000000d5f00000,0x00000000d5f00000,0x00000000fbd00000)
  from space 33792K, 15% used [0x00000000fdf00000,0x00000000fe430090,0x0000000100000000)
  to   space 34304K, 0% used [0x00000000fbd00000,0x00000000fbd00000,0x00000000fde80000)
 ParOldGen       total 335872K, used 326430K [0x0000000081c00000, 0x0000000096400000, 0x00000000d5f00000)
  object space 335872K, 97% used [0x0000000081c00000,0x0000000095ac7b40,0x0000000096400000)
 Metaspace       used 76936K, capacity 85042K, committed 85248K, reserved 1120256K
  class space    used 12071K, capacity 14538K, committed 14592K, reserved 1048576K
}
Event: 117.658 GC heap before
{Heap before GC invocations=147 (full 6):
 PSYoungGen      total 654336K, used 625856K [0x00000000d5f00000, 0x0000000100000000, 0x0000000100000000)
  eden space 620544K, 100% used [0x00000000d5f00000,0x00000000fbd00000,0x00000000fbd00000)
  from space 33792K, 15% used [0x00000000fdf00000,0x00000000fe430090,0x0000000100000000)
  to   space 34304K, 0% used [0x00000000fbd00000,0x00000000fbd00000,0x00000000fde80000)
 ParOldGen       total 335872K, used 326430K [0x0000000081c00000, 0x0000000096400000, 0x00000000d5f00000)
  object space 335872K, 97% used [0x0000000081c00000,0x0000000095ac7b40,0x0000000096400000)
 Metaspace       used 76938K, capacity 85042K, committed 85248K, reserved 1120256K
  class space    used 12071K, capacity 14538K, committed 14592K, reserved 1048576K
Event: 117.669 GC heap after
Heap after GC invocations=147 (full 6):
 PSYoungGen      total 654848K, used 5376K [0x00000000d5f00000, 0x0000000100000000, 0x0000000100000000)
  eden space 620544K, 0% used [0x00000000d5f00000,0x00000000d5f00000,0x00000000fbd00000)
  from space 34304K, 15% used [0x00000000fbd00000,0x00000000fc240090,0x00000000fde80000)
  to   space 34304K, 0% used [0x00000000fde80000,0x00000000fde80000,0x0000000100000000)
 ParOldGen       total 335872K, used 326702K [0x0000000081c00000, 0x0000000096400000, 0x00000000d5f00000)
  object space 335872K, 97% used [0x0000000081c00000,0x0000000095b0bb40,0x0000000096400000)
 Metaspace       used 76938K, capacity 85042K, committed 85248K, reserved 1120256K
  class space    used 12071K, capacity 14538K, committed 14592K, reserved 1048576K
}
Event: 118.818 GC heap before
{Heap before GC invocations=148 (full 6):
 PSYoungGen      total 654848K, used 625920K [0x00000000d5f00000, 0x0000000100000000, 0x0000000100000000)
  eden space 620544K, 100% used [0x00000000d5f00000,0x00000000fbd00000,0x00000000fbd00000)
  from space 34304K, 15% used [0x00000000fbd00000,0x00000000fc240090,0x00000000fde80000)
  to   space 34304K, 0% used [0x00000000fde80000,0x00000000fde80000,0x0000000100000000)
 ParOldGen       total 335872K, used 326702K [0x0000000081c00000, 0x0000000096400000, 0x00000000d5f00000)
  object space 335872K, 97% used [0x0000000081c00000,0x0000000095b0bb40,0x0000000096400000)
 Metaspace       used 76956K, capacity 85114K, committed 85248K, reserved 1120256K
  class space    used 12071K, capacity 14538K, committed 14592K, reserved 1048576K
Event: 118.830 GC heap after
Heap after GC invocations=148 (full 6):
 PSYoungGen      total 654848K, used 6224K [0x00000000d5f00000, 0x0000000100000000, 0x0000000100000000)
  eden space 620544K, 0% used [0x00000000d5f00000,0x00000000d5f00000,0x00000000fbd00000)
  from space 34304K, 18% used [0x00000000fde80000,0x00000000fe4940b0,0x0000000100000000)
  to   space 34304K, 0% used [0x00000000fbd00000,0x00000000fbd00000,0x00000000fde80000)
 ParOldGen       total 335872K, used 327006K [0x0000000081c00000, 0x0000000096400000, 0x00000000d5f00000)
  object space 335872K, 97% used [0x0000000081c00000,0x0000000095b57b40,0x0000000096400000)
 Metaspace       used 76956K, capacity 85114K, committed 85248K, reserved 1120256K
  class space    used 12071K, capacity 14538K, committed 14592K, reserved 1048576K
}
Event: 124.419 GC heap before
{Heap before GC invocations=149 (full 6):
 PSYoungGen      total 654848K, used 626768K [0x00000000d5f00000, 0x0000000100000000, 0x0000000100000000)
  eden space 620544K, 100% used [0x00000000d5f00000,0x00000000fbd00000,0x00000000fbd00000)
  from space 34304K, 18% used [0x00000000fde80000,0x00000000fe4940b0,0x0000000100000000)
  to   space 34304K, 0% used [0x00000000fbd00000,0x00000000fbd00000,0x00000000fde80000)
 ParOldGen       total 335872K, used 327006K [0x0000000081c00000, 0x0000000096400000, 0x00000000d5f00000)
  object space 335872K, 97% used [0x0000000081c00000,0x0000000095b57b40,0x0000000096400000)
 Metaspace       used 77467K, capacity 85648K, committed 85888K, reserved 1120256K
  class space    used 12143K, capacity 14615K, committed 14720K, reserved 1048576K
Event: 124.499 GC heap after
Heap after GC invocations=149 (full 6):
 PSYoungGen      total 654848K, used 34277K [0x00000000d5f00000, 0x0000000100000000, 0x0000000100000000)
  eden space 620544K, 0% used [0x00000000d5f00000,0x00000000d5f00000,0x00000000fbd00000)
  from space 34304K, 99% used [0x00000000fbd00000,0x00000000fde794d8,0x00000000fde80000)
  to   space 34304K, 0% used [0x00000000fde80000,0x00000000fde80000,0x0000000100000000)
 ParOldGen       total 346624K, used 346258K [0x0000000081c00000, 0x0000000096e80000, 0x00000000d5f00000)
  object space 346624K, 99% used [0x0000000081c00000,0x0000000096e24928,0x0000000096e80000)
 Metaspace       used 77467K, capacity 85648K, committed 85888K, reserved 1120256K
  class space    used 12143K, capacity 14615K, committed 14720K, reserved 1048576K
}
Event: 124.499 GC heap before
{Heap before GC invocations=150 (full 7):
 PSYoungGen      total 654848K, used 34277K [0x00000000d5f00000, 0x0000000100000000, 0x0000000100000000)
  eden space 620544K, 0% used [0x00000000d5f00000,0x00000000d5f00000,0x00000000fbd00000)
  from space 34304K, 99% used [0x00000000fbd00000,0x00000000fde794d8,0x00000000fde80000)
  to   space 34304K, 0% used [0x00000000fde80000,0x00000000fde80000,0x0000000100000000)
 ParOldGen       total 346624K, used 346258K [0x0000000081c00000, 0x0000000096e80000, 0x00000000d5f00000)
  object space 346624K, 99% used [0x0000000081c00000,0x0000000096e24928,0x0000000096e80000)
 Metaspace       used 77467K, capacity 85648K, committed 85888K, reserved 1120256K
  class space    used 12143K, capacity 14615K, committed 14720K, reserved 1048576K
Event: 125.712 GC heap after
Heap after GC invocations=150 (full 7):
 PSYoungGen      total 654848K, used 0K [0x00000000d5f00000, 0x0000000100000000, 0x0000000100000000)
  eden space 620544K, 0% used [0x00000000d5f00000,0x00000000d5f00000,0x00000000fbd00000)
  from space 34304K, 0% used [0x00000000fbd00000,0x00000000fbd00000,0x00000000fde80000)
  to   space 34304K, 0% used [0x00000000fde80000,0x00000000fde80000,0x0000000100000000)
 ParOldGen       total 438784K, used 315989K [0x0000000081c00000, 0x000000009c880000, 0x00000000d5f00000)
  object space 438784K, 72% used [0x0000000081c00000,0x0000000095095500,0x000000009c880000)
 Metaspace       used 77464K, capacity 85644K, committed 85888K, reserved 1120256K
  class space    used 12142K, capacity 14613K, committed 14720K, reserved 1048576K
}

Deoptimization events (10 events):
Event: 127.172 Thread 0x0000000002a12800 Uncommon trap: reason=bimorphic action=maybe_recompile pc=0x00000000037ab0b4 method=net.minecraft.client.gui.fonts.IGlyph.getAdvance(Z)F @ 1
Event: 127.388 Thread 0x0000000002a12800 Uncommon trap: reason=class_check action=maybe_recompile pc=0x000000000488ed68 method=net.minecraft.client.gui.fonts.Font.lambda$setGlyphProviders$2(Ljava/util/List;Ljava/util/Set;I)V @ 25
Event: 127.656 Thread 0x0000000002a12800 Uncommon trap: reason=class_check action=maybe_recompile pc=0x0000000002f2dab8 method=java.util.HashMap$ValueSpliterator.forEachRemaining(Ljava/util/function/Consumer;)V @ 145
Event: 127.657 Thread 0x0000000002a12800 Uncommon trap: reason=bimorphic action=maybe_recompile pc=0x0000000003861270 method=org.apache.commons.lang3.tuple.Triple.hashCode()I @ 33
Event: 127.663 Thread 0x0000000002a12800 Uncommon trap: reason=bimorphic action=maybe_recompile pc=0x0000000003861270 method=org.apache.commons.lang3.tuple.Triple.hashCode()I @ 33
Event: 127.709 Thread 0x0000000002a12800 Uncommon trap: reason=bimorphic action=maybe_recompile pc=0x0000000003861270 method=org.apache.commons.lang3.tuple.Triple.hashCode()I @ 33
Event: 127.714 Thread 0x0000000002a12800 Uncommon trap: reason=bimorphic action=maybe_recompile pc=0x0000000003861270 method=org.apache.commons.lang3.tuple.Triple.hashCode()I @ 33
Event: 127.726 Thread 0x0000000002a12800 Uncommon trap: reason=unstable_if action=reinterpret pc=0x00000000033764bc method=java.lang.Math.round(D)J @ 48
Event: 127.727 Thread 0x0000000002a12800 Uncommon trap: reason=unstable_if action=reinterpret pc=0x000000000342c0b8 method=org.apache.commons.lang3.tuple.Triple.equals(Ljava/lang/Object;)Z @ 44
Event: 127.979 Thread 0x0000000002a12800 Uncommon trap: reason=null_check action=make_not_entrant pc=0x0000000004927b40 method=net.minecraft.client.renderer.texture.AtlasTexture.getSprite(Lnet/minecraft/util/ResourceLocation;)Lnet/minecraft/client/renderer/texture/TextureAtlasSprite; @ 10

Internal exceptions (10 events):
Event: 127.818 Thread 0x0000000002a12800 Exception <a 'sun/nio/fs/WindowsException'> (0x00000000f3be5a40) thrown at [C:\re\workspace\8-2-build-windows-amd64-cygwin\jdk8u51\3951\hotspot\src\share\vm\prims\jni.cpp, line 709]
Event: 127.818 Thread 0x0000000002a12800 Exception <a 'sun/nio/fs/WindowsException'> (0x00000000f3be7578) thrown at [C:\re\workspace\8-2-build-windows-amd64-cygwin\jdk8u51\3951\hotspot\src\share\vm\prims\jni.cpp, line 709]
Event: 127.818 Thread 0x0000000002a12800 Exception <a 'sun/nio/fs/WindowsException'> (0x00000000f3be7f38) thrown at [C:\re\workspace\8-2-build-windows-amd64-cygwin\jdk8u51\3951\hotspot\src\share\vm\prims\jni.cpp, line 709]
Event: 127.842 Thread 0x0000000002a12800 Exception <a 'sun/nio/fs/WindowsException'> (0x00000000f3ff11b0) thrown at [C:\re\workspace\8-2-build-windows-amd64-cygwin\jdk8u51\3951\hotspot\src\share\vm\prims\jni.cpp, line 709]
Event: 127.842 Thread 0x0000000002a12800 Exception <a 'sun/nio/fs/WindowsException'> (0x00000000f3ff1bf0) thrown at [C:\re\workspace\8-2-build-windows-amd64-cygwin\jdk8u51\3951\hotspot\src\share\vm\prims\jni.cpp, line 709]
Event: 127.843 Thread 0x0000000002a12800 Exception <a 'sun/nio/fs/WindowsException'> (0x00000000f3ff37b8) thrown at [C:\re\workspace\8-2-build-windows-amd64-cygwin\jdk8u51\3951\hotspot\src\share\vm\prims\jni.cpp, line 709]
Event: 127.843 Thread 0x0000000002a12800 Exception <a 'sun/nio/fs/WindowsException'> (0x00000000f3ff41f8) thrown at [C:\re\workspace\8-2-build-windows-amd64-cygwin\jdk8u51\3951\hotspot\src\share\vm\prims\jni.cpp, line 709]
Event: 127.843 Thread 0x0000000002a12800 Exception <a 'sun/nio/fs/WindowsException'> (0x00000000f3ff5cf0) thrown at [C:\re\workspace\8-2-build-windows-amd64-cygwin\jdk8u51\3951\hotspot\src\share\vm\prims\jni.cpp, line 709]
Event: 127.843 Thread 0x0000000002a12800 Exception <a 'sun/nio/fs/WindowsException'> (0x00000000f3ff6670) thrown at [C:\re\workspace\8-2-build-windows-amd64-cygwin\jdk8u51\3951\hotspot\src\share\vm\prims\jni.cpp, line 709]
Event: 127.979 Thread 0x0000000002a12800 Implicit null exception at 0x0000000004927602 to 0x0000000004927b35

Events (10 events):
Event: 127.887 loading class net/minecraft/client/renderer/model/RenderMaterial done
Event: 127.887 loading class net/minecraft/client/renderer/model/RenderMaterial
Event: 127.887 loading class net/minecraft/client/renderer/model/RenderMaterial done
Event: 127.887 loading class net/minecraft/client/renderer/texture/SpriteMap
Event: 127.887 loading class net/minecraft/client/renderer/texture/SpriteMap done
Event: 127.887 loading class net/minecraft/client/renderer/model/ItemOverride
Event: 127.887 loading class net/minecraft/client/renderer/model/ItemOverride done
Event: 127.979 Thread 0x0000000002a12800 Uncommon trap: trap_request=0xfffffff4 fr.pc=0x0000000004927b40
Event: 127.979 Thread 0x0000000002a12800 DEOPT PACKING pc=0x0000000004927b40 sp=0x0000000002a0b520
Event: 127.979 Thread 0x0000000002a12800 DEOPT UNPACKING pc=0x0000000002cb582a sp=0x0000000002a0b510 mode 2


Dynamic libraries:
0x00007ff7be980000 - 0x00007ff7be9b7000 	C:\Program Files (x86)\Minecraft\runtime\jre-x64\bin\java.exe
0x00007ffa21ef0000 - 0x00007ffa220e6000 	C:\WINDOWS\SYSTEM32\ntdll.dll
0x00007ffa21a80000 - 0x00007ffa21b3d000 	C:\WINDOWS\System32\KERNEL32.DLL
0x00007ffa1f6e0000 - 0x00007ffa1f9a8000 	C:\WINDOWS\System32\KERNELBASE.dll
0x00007ffa21c00000 - 0x00007ffa21caa000 	C:\WINDOWS\System32\ADVAPI32.dll
0x00007ffa20620000 - 0x00007ffa206be000 	C:\WINDOWS\System32\msvcrt.dll
0x00007ffa21950000 - 0x00007ffa219eb000 	C:\WINDOWS\System32\sechost.dll
0x00007ffa204f0000 - 0x00007ffa20614000 	C:\WINDOWS\System32\RPCRT4.dll
0x00007ffa217b0000 - 0x00007ffa21950000 	C:\WINDOWS\System32\USER32.dll
0x00007ffa1fb50000 - 0x00007ffa1fb72000 	C:\WINDOWS\System32\win32u.dll
0x00007ffa21b40000 - 0x00007ffa21b6a000 	C:\WINDOWS\System32\GDI32.dll
0x00007ffa1f9b0000 - 0x00007ffa1fab9000 	C:\WINDOWS\System32\gdi32full.dll
0x00007ffa1f640000 - 0x00007ffa1f6dd000 	C:\WINDOWS\System32\msvcp_win.dll
0x00007ffa1fc30000 - 0x00007ffa1fd30000 	C:\WINDOWS\System32\ucrtbase.dll
0x00007ffa045d0000 - 0x00007ffa0486b000 	C:\WINDOWS\WinSxS\amd64_microsoft.windows.common-controls_6595b64144ccf1df_6.0.19041.488_none_ca04af081b815d21\COMCTL32.dll
0x00007ffa21b70000 - 0x00007ffa21ba0000 	C:\WINDOWS\System32\IMM32.DLL
0x0000000050ea0000 - 0x0000000050f72000 	C:\Program Files (x86)\Minecraft\runtime\jre-x64\bin\msvcr100.dll
0x0000000050610000 - 0x0000000050e93000 	C:\Program Files (x86)\Minecraft\runtime\jre-x64\bin\server\jvm.dll
0x00007ffa20bd0000 - 0x00007ffa20bd8000 	C:\WINDOWS\System32\PSAPI.DLL
0x00007ff9fba30000 - 0x00007ff9fba39000 	C:\WINDOWS\SYSTEM32\WSOCK32.dll
0x00007ffa18440000 - 0x00007ffa18467000 	C:\WINDOWS\SYSTEM32\WINMM.dll
0x00007ffa219f0000 - 0x00007ffa21a5b000 	C:\WINDOWS\System32\WS2_32.dll
0x00007ffa17fe0000 - 0x00007ffa17fea000 	C:\WINDOWS\SYSTEM32\VERSION.dll
0x0000000050600000 - 0x000000005060f000 	C:\Program Files (x86)\Minecraft\runtime\jre-x64\bin\verify.dll
0x00000000505d0000 - 0x00000000505f9000 	C:\Program Files (x86)\Minecraft\runtime\jre-x64\bin\java.dll
0x00000000505a0000 - 0x00000000505c3000 	C:\Program Files (x86)\Minecraft\runtime\jre-x64\bin\instrument.dll
0x0000000050580000 - 0x0000000050596000 	C:\Program Files (x86)\Minecraft\runtime\jre-x64\bin\zip.dll
0x00007ffa20c40000 - 0x00007ffa21380000 	C:\WINDOWS\System32\SHELL32.dll
0x00007ffa1d650000 - 0x00007ffa1dde4000 	C:\WINDOWS\SYSTEM32\windows.storage.dll
0x00007ffa20870000 - 0x00007ffa20bc5000 	C:\WINDOWS\System32\combase.dll
0x00007ffa1efe0000 - 0x00007ffa1f00c000 	C:\WINDOWS\SYSTEM32\Wldp.dll
0x00007ffa21430000 - 0x00007ffa214de000 	C:\WINDOWS\System32\SHCORE.dll
0x00007ffa20be0000 - 0x00007ffa20c35000 	C:\WINDOWS\System32\shlwapi.dll
0x00007ffa1f570000 - 0x00007ffa1f596000 	C:\WINDOWS\SYSTEM32\profapi.dll
0x00007ffa181c0000 - 0x00007ffa181da000 	C:\Users\ervin_1nmnhvl\AppData\Local\JetBrains\Toolbox\apps\IDEA-U\ch-0\202.6397.94\bin\breakgen64.dll
0x0000000050560000 - 0x000000005057a000 	C:\Program Files (x86)\Minecraft\runtime\jre-x64\bin\net.dll
0x00007ffa1edd0000 - 0x00007ffa1ee3a000 	C:\WINDOWS\system32\mswsock.dll
0x0000000050550000 - 0x000000005055d000 	C:\Program Files (x86)\Minecraft\runtime\jre-x64\bin\management.dll
0x00007ffa17970000 - 0x00007ffa17987000 	C:\WINDOWS\system32\napinsp.dll
0x00007ffa17990000 - 0x00007ffa179ab000 	C:\WINDOWS\system32\pnrpnsp.dll
0x00007ffa1a3c0000 - 0x00007ffa1a3d5000 	C:\WINDOWS\system32\wshbth.dll
0x00007ffa1af60000 - 0x00007ffa1af7d000 	C:\WINDOWS\system32\NLAapi.dll
0x00007ffa1ea90000 - 0x00007ffa1eacb000 	C:\WINDOWS\SYSTEM32\IPHLPAPI.DLL
0x00007ffa1eae0000 - 0x00007ffa1ebab000 	C:\WINDOWS\SYSTEM32\DNSAPI.dll
0x00007ffa21d10000 - 0x00007ffa21d19000 	C:\WINDOWS\System32\NSI.dll
0x00007ffa19710000 - 0x00007ffa19722000 	C:\WINDOWS\System32\winrnr.dll
0x00007ffa0f640000 - 0x00007ffa0f64a000 	C:\Windows\System32\rasadhlp.dll
0x00007ffa12ce0000 - 0x00007ffa12d5f000 	C:\WINDOWS\System32\fwpuclnt.dll
0x00007ffa1fb20000 - 0x00007ffa1fb47000 	C:\WINDOWS\System32\bcrypt.dll
0x0000000050530000 - 0x0000000050541000 	C:\Program Files (x86)\Minecraft\runtime\jre-x64\bin\nio.dll
0x0000000050500000 - 0x0000000050524000 	C:\Program Files (x86)\Minecraft\runtime\jre-x64\bin\sunec.dll
0x00007ffa1f170000 - 0x00007ffa1f188000 	C:\WINDOWS\SYSTEM32\CRYPTSP.dll
0x00007ffa1e610000 - 0x00007ffa1e644000 	C:\WINDOWS\system32\rsaenh.dll
0x00007ffa1f530000 - 0x00007ffa1f55e000 	C:\WINDOWS\SYSTEM32\USERENV.dll
0x00007ffa1fd80000 - 0x00007ffa1fdff000 	C:\WINDOWS\System32\bcryptprimitives.dll
0x00007ffa1ef50000 - 0x00007ffa1ef5c000 	C:\WINDOWS\SYSTEM32\CRYPTBASE.dll
0x00007ffa15c50000 - 0x00007ffa15c67000 	C:\WINDOWS\SYSTEM32\dhcpcsvc6.DLL
0x00007ffa15c30000 - 0x00007ffa15c4d000 	C:\WINDOWS\SYSTEM32\dhcpcsvc.DLL
0x00007ff9f77e0000 - 0x00007ff9f7852000 	C:\Users\ervin_1nmnhvl\AppData\Local\Temp\lwjglervin_1nmnhvl\3.2.2-build-10\lwjgl.dll
0x00007ff9e3640000 - 0x00007ff9e3891000 	C:\Users\ERVIN_~1\AppData\Local\Temp\lwjglervin_1nmnhvl\3.2.2-build-10\jemalloc.dll
0x00007ff9f8f20000 - 0x00007ff9f8f7e000 	C:\Users\ERVIN_~1\AppData\Local\Temp\lwjglervin_1nmnhvl\3.2.2-build-10\glfw.dll
0x00007ffa1ce00000 - 0x00007ffa1ce9f000 	C:\WINDOWS\system32\uxtheme.dll
0x00007ff9f7790000 - 0x00007ff9f77d5000 	C:\WINDOWS\SYSTEM32\dinput8.dll
0x00007ffa17a10000 - 0x00007ffa17a21000 	C:\WINDOWS\SYSTEM32\xinput1_4.dll
0x00007ffa1fd30000 - 0x00007ffa1fd7e000 	C:\WINDOWS\System32\cfgmgr32.dll
0x00007ffa1f3f0000 - 0x00007ffa1f41c000 	C:\WINDOWS\SYSTEM32\DEVOBJ.dll
0x00007ffa1d070000 - 0x00007ffa1d09f000 	C:\WINDOWS\SYSTEM32\dwmapi.dll
0x00007ffa0f290000 - 0x00007ffa0f3e2000 	C:\WINDOWS\SYSTEM32\inputhost.dll
0x00007ffa207a0000 - 0x00007ffa2086d000 	C:\WINDOWS\System32\OLEAUT32.dll
0x00007ffa1caa0000 - 0x00007ffa1cb92000 	C:\WINDOWS\SYSTEM32\CoreMessaging.dll
0x00007ffa1ae20000 - 0x00007ffa1af17000 	C:\WINDOWS\SYSTEM32\PROPSYS.dll
0x00007ffa1c070000 - 0x00007ffa1c1c6000 	C:\WINDOWS\SYSTEM32\wintypes.dll
0x00007ffa1c740000 - 0x00007ffa1ca9e000 	C:\WINDOWS\SYSTEM32\CoreUIComponents.dll
0x00007ffa1e240000 - 0x00007ffa1e273000 	C:\WINDOWS\SYSTEM32\ntmarta.dll
0x00007ffa1d630000 - 0x00007ffa1d642000 	C:\WINDOWS\SYSTEM32\kernel.appcore.dll
0x00007ffa203d0000 - 0x00007ffa204e5000 	C:\WINDOWS\System32\MSCTF.dll
0x00007ffa1ddf0000 - 0x00007ffa1ddfd000 	C:\WINDOWS\SYSTEM32\HID.DLL
0x00007ffa1ff60000 - 0x00007ffa203c7000 	C:\WINDOWS\System32\SETUPAPI.DLL
0x00007ffa1fac0000 - 0x00007ffa1fb20000 	C:\WINDOWS\System32\WINTRUST.dll
0x00007ffa1fe00000 - 0x00007ffa1ff5d000 	C:\WINDOWS\System32\CRYPT32.dll
0x00007ffa1f3d0000 - 0x00007ffa1f3e2000 	C:\WINDOWS\SYSTEM32\MSASN1.dll
0x00007ff9cfac0000 - 0x00007ff9cfbe5000 	C:\WINDOWS\SYSTEM32\opengl32.dll
0x00007ffa0dce0000 - 0x00007ffa0dd0c000 	C:\WINDOWS\SYSTEM32\GLU32.dll
0x00007ffa21380000 - 0x00007ffa21429000 	C:\WINDOWS\System32\clbcatq.dll
0x00007ff9cb780000 - 0x00007ff9cc404000 	C:\WINDOWS\SYSTEM32\ig4icd64.dll
0x00007ffa1de50000 - 0x00007ffa1df43000 	C:\WINDOWS\SYSTEM32\dxgi.dll
0x00007ffa1b840000 - 0x00007ffa1baa4000 	C:\WINDOWS\SYSTEM32\d3d11.dll
0x00007ff9f7930000 - 0x00007ff9f8580000 	C:\WINDOWS\SYSTEM32\igd10umd64.dll
0x00007ffa14820000 - 0x00007ffa1485b000 	C:\WINDOWS\SYSTEM32\dxcore.dll
0x00007ff9f74a0000 - 0x00007ff9f751f000 	C:\Users\ervin_1nmnhvl\AppData\Local\Temp\lwjglervin_1nmnhvl\3.2.2-build-10\lwjgl_stb.dll
0x00007ffa19c70000 - 0x00007ffa19d1e000 	C:\WINDOWS\SYSTEM32\mscms.dll
0x00007ffa19820000 - 0x00007ffa19831000 	C:\WINDOWS\SYSTEM32\ColorAdapterClient.dll
0x00007ff9f7450000 - 0x00007ff9f7493000 	C:\WINDOWS\SYSTEM32\icm32.dll
0x00007ffa0f190000 - 0x00007ffa0f28c000 	C:\WINDOWS\SYSTEM32\textinputframework.dll
0x00007ff9f69b0000 - 0x00007ff9f6a08000 	C:\Users\ervin_1nmnhvl\AppData\Local\Temp\lwjglervin_1nmnhvl\3.2.2-build-10\lwjgl_opengl.dll
0x00007ffa14f00000 - 0x00007ffa14f42000 	C:\Users\ervin_1nmnhvl\AppData\Local\Temp\jna-2118671535\jna4095303072838596691.dll
0x00007ffa11670000 - 0x00007ffa1168a000 	C:\save\modding\ervin_mod_1\build\natives\SAPIWrapper_x64.dll
0x00007ffa21d80000 - 0x00007ffa21eaa000 	C:\WINDOWS\System32\ole32.dll
0x00007ff9e34b0000 - 0x00007ff9e3634000 	C:\WINDOWS\System32\Speech\Common\sapi.dll
0x00007ff9f9670000 - 0x00007ff9f968e000 	C:\WINDOWS\SYSTEM32\MSACM32.dll
0x00007ffa14f50000 - 0x00007ffa14f5b000 	C:\WINDOWS\SYSTEM32\msdmo.dll
0x00007ffa181e0000 - 0x00007ffa18206000 	C:\WINDOWS\SYSTEM32\winmmbase.dll
0x00007ffa10fe0000 - 0x00007ffa11065000 	C:\WINDOWS\System32\MMDevApi.dll
0x00007ff9f8f90000 - 0x00007ff9f90a4000 	C:\Users\ERVIN_~1\AppData\Local\Temp\lwjglervin_1nmnhvl\3.2.2-build-10\OpenAL.dll
0x00007ffa0b6d0000 - 0x00007ffa0b851000 	C:\WINDOWS\SYSTEM32\AUDIOSES.DLL
0x00007ffa1ec00000 - 0x00007ffa1ec4b000 	C:\WINDOWS\SYSTEM32\powrprof.dll
0x00007ffa1ea70000 - 0x00007ffa1ea82000 	C:\WINDOWS\SYSTEM32\UMPDC.dll
0x00007ffa1cf80000 - 0x00007ffa1cf94000 	C:\WINDOWS\SYSTEM32\resourcepolicyclient.dll
0x00007ffa16090000 - 0x00007ffa16274000 	C:\WINDOWS\SYSTEM32\dbghelp.dll

VM Arguments:
jvm_args: -Dforge.logging.console.level=debug -Dforge.logging.markers=SCAN,REGISTRIES,REGISTRYDUMP -XX:HeapDumpPath=MojangTricksIntelDriversForPerformance_javaw.exe_minecraft.exe.heapdump -Dos.name=Windows 10 -Dos.version=10.0 -javaagent:C:\Users\ervin_1nmnhvl\AppData\Local\JetBrains\Toolbox\apps\IDEA-U\ch-0\202.6397.94\lib\idea_rt.jar=58588:C:\Users\ervin_1nmnhvl\AppData\Local\JetBrains\Toolbox\apps\IDEA-U\ch-0\202.6397.94\bin -Dfile.encoding=windows-1250 
java_command: net.minecraftforge.userdev.LaunchTesting
java_class_path (initial): C:\Program Files (x86)\Minecraft\runtime\jre-x64\lib\charsets.jar;C:\Program Files (x86)\Minecraft\runtime\jre-x64\lib\deploy.jar;C:\Program Files (x86)\Minecraft\runtime\jre-x64\lib\ext\access-bridge-64.jar;C:\Program Files (x86)\Minecraft\runtime\jre-x64\lib\ext\cldrdata.jar;C:\Program Files (x86)\Minecraft\runtime\jre-x64\lib\ext\dnsns.jar;C:\Program Files (x86)\Minecraft\runtime\jre-x64\lib\ext\jaccess.jar;C:\Program Files (x86)\Minecraft\runtime\jre-x64\lib\ext\jfxrt.jar;C:\Program Files (x86)\Minecraft\runtime\jre-x64\lib\ext\localedata.jar;C:\Program Files (x86)\Minecraft\runtime\jre-x64\lib\ext\nashorn.jar;C:\Program Files (x86)\Minecraft\runtime\jre-x64\lib\ext\sunec.jar;C:\Program Files (x86)\Minecraft\runtime\jre-x64\lib\ext\sunjce_provider.jar;C:\Program Files (x86)\Minecraft\runtime\jre-x64\lib\ext\sunmscapi.jar;C:\Program Files (x86)\Minecraft\runtime\jre-x64\lib\ext\sunpkcs11.jar;C:\Program Files (x86)\Minecraft\runtime\jre-x64\lib\ext\zipfs.jar;C:\Program Files (x86)\Minecraft\runtime\jre-x64\lib\javaws.jar;C:\Program Files (x86)\Minecraft\runtime\jre-x64\lib\jce.jar;C:\Program Files (x86)\Minecraft\runtime\jre-x64\lib\jfr.jar;C:\Program Files (x86)\Minecraft\runtime\jre-x64\lib\jfxswt.jar;C:\Program Files (x86)\Minecraft\runtime\jre-x64\lib\jsse.jar;C:\Program Files (x86)\Minecraft\runtime\jre-x64\lib\management-agent.jar;C:\Program Files (x86)\Minecraft\runtime\jre-x64\lib\plugin.jar;C:\Program Files (x86)\Minecraft\runtime\jre-x64\lib\resources.jar;C:\Program Files (x86)\Minecraft\runtime\jre-x64\lib\rt.jar;C:\save\modding\ervin_mod_1\build\classes\java\main;C:\save\modding\ervin_mod_1\build\resources\main;C:\Users\ervin_1nmnhvl\.gradle\caches\forge_gradle\minecraft_user_repo\net\minecraftforge\forge\1.16.1-32.0.75_mapped_snapshot_20200723-1.16.1\forge-1.16.1-32.0.75_mapped_snapshot_20200723-1.16.1-recomp.jar;C:\Users\ervin_1nmnhvl\.gradle\caches\forge_gradle\minecraft_user_repo\net\minecraftforge\forge\1.16.1-32.0.75_
Launcher Type: SUN_STANDARD

Environment Variables:
JAVA_HOME=C:\Program Files\Java\jdk-11.0.4
PATH=C:\Program Files\Docker\Docker\Resources\bin;C:\ProgramData\Oracle\Java\javapath;C:\WINDOWS\system32;C:\WINDOWS;C:\WINDOWS\System32\Wbem;C:\WINDOWS\System32\WindowsPowerShell\v1.0\;C:\Program Files (x86)\cloudControl;C:\Program Files\Git\cmd;C:\bin;C:\Program Files (x86)\Windows Kits\8.1\Windows Performance Toolkit\;C:\Program Files (x86)\PuTTY\;C:\Program Files (x86)\Nodist\bin;G:\save\sdk\android\tools;G:\save\sdk\android\platform-tools;C:\boxfuse;C:\Program Files (x86)\Skype\Phone\;C:\Program Files (x86)\GtkSharp\2.12\bin;C:\Program Files (x86)\IVI Foundation\VISA\WinNT\Bin;C:\WINDOWS\system32;C:\WINDOWS;C:\WINDOWS\System32\Wbem;C:\WINDOWS\System32\WindowsPowerShell\v1.0\;;C:\WINDOWS\System32\OpenSSH\;C:\Users\ervin_1nmnhvl\AppData\Local\Microsoft\WindowsApps;
USERNAME=ervin_1nmnhvl
OS=Windows_NT
PROCESSOR_IDENTIFIER=Intel64 Family 6 Model 42 Stepping 7, GenuineIntel



---------------  S Y S T E M  ---------------

OS: Windows 10.0 , 64 bit Build 19041 (10.0.19041.546)

CPU:total 4 (2 cores per cpu, 2 threads per core) family 6 model 42 stepping 7, cmov, cx8, fxsr, mmx, sse, sse2, sse3, ssse3, sse4.1, sse4.2, popcnt, avx, aes, clmul, ht, tsc, tscinvbit

Memory: 4k page, physical 8266764k(374660k free), swap 10363916k(4100k free)

vm_info: Java HotSpot(TM) 64-Bit Server VM (25.51-b03) for windows-amd64 JRE (1.8.0_51-b16), built on Jun  8 2015 18:03:07 by "java_re" with MS VC++ 10.0 (VS2010)

time: Tue Nov 10 13:03:41 2020
elapsed time: 128 seconds (0d 0h 2m 8s)

