#
# There is insufficient memory for the Java Runtime Environment to continue.
# Native memory allocation (malloc) failed to allocate 710976 bytes for Chunk::new
# Possible reasons:
#   The system is out of physical RAM or swap space
#   In 32 bit mode, the process size limit was hit
# Possible solutions:
#   Reduce memory load on the system
#   Increase physical memory or swap space
#   Check if swap backing store is full
#   Use 64 bit Java on a 64 bit OS
#   Decrease Java heap size (-Xmx/-Xms)
#   Decrease number of Java threads
#   Decrease Java thread stack sizes (-Xss)
#   Set larger code cache with -XX:ReservedCodeCacheSize=
# This output file may be truncated or incomplete.
#
#  Out of Memory Error (allocation.cpp:390), pid=2532, tid=6588
#
# JRE version: Java(TM) SE Runtime Environment (8.0_51-b16) (build 1.8.0_51-b16)
# Java VM: Java HotSpot(TM) 64-Bit Server VM (25.51-b03 mixed mode windows-amd64 compressed oops)
# Failed to write core dump. Minidumps are not enabled by default on client versions of Windows
#

---------------  T H R E A D  ---------------

Current thread (0x0000000019390800):  JavaThread "C2 CompilerThread1" daemon [_thread_in_native, id=6588, stack(0x0000000019b70000,0x0000000019c70000)]

Stack: [0x0000000019b70000,0x0000000019c70000]
Native frames: (J=compiled Java code, j=interpreted, Vv=VM code, C=native code)
V  [jvm.dll+0x32b4ca]
V  [jvm.dll+0x2797e3]
V  [jvm.dll+0x27a479]
V  [jvm.dll+0x271765]
V  [jvm.dll+0xcba02]
V  [jvm.dll+0xcbecc]
V  [jvm.dll+0x476f72]
V  [jvm.dll+0x4b95ff]
V  [jvm.dll+0x46b745]
V  [jvm.dll+0x46cd4e]
V  [jvm.dll+0x4501a2]
V  [jvm.dll+0xa43a2]
V  [jvm.dll+0xa4cdf]
V  [jvm.dll+0x2418a4]
V  [jvm.dll+0x29846a]
C  [msvcr100.dll+0x21d9f]
C  [msvcr100.dll+0x21e3b]
C  [KERNEL32.DLL+0x16fd4]
C  [ntdll.dll+0x4cec1]


Current CompileTask:
C2:  75516 9442   !   4      
[error occurred during error reporting (printing current compile task), id 0xe0000001]


---------------  P R O C E S S  ---------------

Java Threads: ( => current thread )
  0x000000001c59f000 JavaThread "modloading-worker-0" daemon [_thread_blocked, id=17396, stack(0x000000002a7b0000,0x000000002a8b0000)]
  0x000000001c59e000 JavaThread "modloading-worker-1" daemon [_thread_blocked, id=12108, stack(0x000000002a6b0000,0x000000002a7b0000)]
  0x000000001c59d800 JavaThread "Narrator" [_thread_blocked, id=11300, stack(0x0000000027910000,0x0000000027a10000)]
  0x000000001c59a800 JavaThread "Sound engine" daemon [_thread_blocked, id=12968, stack(0x0000000027630000,0x0000000027730000)]
  0x000000001c599800 JavaThread "modloading-worker-2" daemon [_thread_in_vm, id=15592, stack(0x0000000027730000,0x0000000027830000)]
  0x000000001c598000 JavaThread "Timer hack thread" daemon [_thread_blocked, id=11476, stack(0x0000000026d00000,0x0000000026e00000)]
  0x000000001c59c800 JavaThread "Server-Worker-3" daemon [_thread_blocked, id=15860, stack(0x0000000026400000,0x0000000026500000)]
  0x000000001c59c000 JavaThread "Server-Worker-2" daemon [_thread_blocked, id=17748, stack(0x0000000024880000,0x0000000024980000)]
  0x000000001c59b000 JavaThread "Server-Worker-1" daemon [_thread_blocked, id=7968, stack(0x0000000021af0000,0x0000000021bf0000)]
  0x000000002306f800 JavaThread "Snooper Timer" daemon [_thread_blocked, id=16324, stack(0x000000001b680000,0x000000001b780000)]
  0x000000001c855000 JavaThread "pool-2-thread-1" daemon [_thread_blocked, id=12012, stack(0x00000000205d0000,0x00000000206d0000)]
  0x000000001a577800 JavaThread "Thread-2" daemon [_thread_in_native, id=7488, stack(0x000000001bc80000,0x000000001bd80000)]
  0x000000001a572800 JavaThread "Thread-1" daemon [_thread_blocked, id=11528, stack(0x000000001bb80000,0x000000001bc80000)]
  0x00000000193b1800 JavaThread "Service Thread" daemon [_thread_blocked, id=17524, stack(0x0000000019d70000,0x0000000019e70000)]
  0x0000000019169800 JavaThread "C1 CompilerThread2" daemon [_thread_in_native, id=13388, stack(0x0000000019c70000,0x0000000019d70000)]
=>0x0000000019390800 JavaThread "C2 CompilerThread1" daemon [_thread_in_native, id=6588, stack(0x0000000019b70000,0x0000000019c70000)]
  0x000000001912f000 JavaThread "C2 CompilerThread0" daemon [_thread_blocked, id=9548, stack(0x0000000019270000,0x0000000019370000)]
  0x00000000190fc000 JavaThread "Monitor Ctrl-Break" daemon [_thread_in_native, id=17312, stack(0x0000000019170000,0x0000000019270000)]
  0x0000000017805800 JavaThread "Attach Listener" daemon [_thread_blocked, id=10932, stack(0x0000000018c70000,0x0000000018d70000)]
  0x0000000017804800 JavaThread "Signal Dispatcher" daemon [_thread_blocked, id=17916, stack(0x0000000018b70000,0x0000000018c70000)]
  0x0000000002b29800 JavaThread "Finalizer" daemon [_thread_blocked, id=8584, stack(0x0000000018a70000,0x0000000018b70000)]
  0x0000000002b26000 JavaThread "Reference Handler" daemon [_thread_blocked, id=8772, stack(0x0000000018970000,0x0000000018a70000)]
  0x0000000002a32800 JavaThread "Render thread" [_thread_blocked, id=18312, stack(0x0000000002840000,0x0000000002940000)]

Other Threads:
  0x00000000177c9000 VMThread [stack: 0x0000000018870000,0x0000000018970000] [id=5244]
  0x0000000019397800 WatcherThread [stack: 0x0000000019e70000,0x0000000019f70000] [id=16256]

VM state:synchronizing (normal execution)

VM Mutex/Monitor currently owned by a thread:  ([mutex/lock_event])
[0x0000000002a38310] Threads_lock - owner thread: 0x00000000177c9000

Heap:
 PSYoungGen      total 613376K, used 492556K [0x00000000d5f00000, 0x00000000ffd80000, 0x0000000100000000)
  eden space 542208K, 89% used [0x00000000d5f00000,0x00000000f375c618,0x00000000f7080000)
  from space 71168K, 12% used [0x00000000fb800000,0x00000000fc0a6b78,0x00000000ffd80000)
  to   space 72192K, 0% used [0x00000000f7080000,0x00000000f7080000,0x00000000fb700000)
 ParOldGen       total 282624K, used 216340K [0x0000000081c00000, 0x0000000093000000, 0x00000000d5f00000)
  object space 282624K, 76% used [0x0000000081c00000,0x000000008ef45268,0x0000000093000000)
 Metaspace       used 66836K, capacity 73102K, committed 73344K, reserved 1110016K
  class space    used 10273K, capacity 12108K, committed 12160K, reserved 1048576K

Card table byte_map: [0x0000000012090000,0x0000000012490000] byte_map_base: 0x0000000011c82000

Marking Bits: (ParMarkBitMap*) 0x000000006fca4040
 Begin Bits: [0x0000000012b40000, 0x0000000014ad0000)
 End Bits:   [0x0000000014ad0000, 0x0000000016a60000)

Polling page: 0x0000000000e70000

CodeCache: size=245760Kb used=21230Kb max_used=22296Kb free=224529Kb
 bounds [0x0000000002cd0000, 0x00000000042c0000, 0x0000000011cd0000]
 total_blobs=8357 nmethods=6962 adapters=1303
 compilation: enabled

Compilation events (10 events):
Event: 75.443 Thread 0x0000000019169800 nmethod 9447 0x000000000370f5d0 code [0x000000000370f760, 0x000000000370fb18]
Event: 75.445 Thread 0x0000000019169800 9448       3       net.minecraft.client.resources.ResourceIndex$$Lambda$3357/1074796510::test (20 bytes)
Event: 75.445 Thread 0x0000000019169800 nmethod 9448 0x0000000002f1ae10 code [0x0000000002f1af80, 0x0000000002f1b208]
Event: 75.446 Thread 0x0000000019169800 9449       3       net.minecraft.client.resources.ResourceIndex::lambda$getFiles$0 (72 bytes)
Event: 75.448 Thread 0x0000000019169800 nmethod 9449 0x0000000003219350 code [0x0000000003219580, 0x000000000321a3a8]
Event: 75.458 Thread 0x000000001912f000 nmethod 9439 0x0000000003877d90 code [0x0000000003877fe0, 0x00000000038790a0]
Event: 75.459 Thread 0x000000001912f000 9443       4       java.lang.reflect.AccessibleObject::setAccessible (21 bytes)
Event: 75.461 Thread 0x000000001912f000 nmethod 9443 0x000000000324a350 code [0x000000000324a4a0, 0x000000000324a578]
Event: 75.463 Thread 0x000000001912f000 9450       4       sun.nio.fs.AbstractWatchService::checkOpen (16 bytes)
Event: 75.464 Thread 0x000000001912f000 nmethod 9450 0x0000000003219110 code [0x0000000003219240, 0x00000000032192b8]

GC Heap History (10 events):
Event: 71.159 GC heap before
{Heap before GC invocations=77 (full 5):
 PSYoungGen      total 617472K, used 574451K [0x00000000d5f00000, 0x0000000100000000, 0x0000000100000000)
  eden space 549888K, 100% used [0x00000000d5f00000,0x00000000f7800000,0x00000000f7800000)
  from space 67584K, 36% used [0x00000000f7800000,0x00000000f8ffce10,0x00000000fba00000)
  to   space 67584K, 0% used [0x00000000fbe00000,0x00000000fbe00000,0x0000000100000000)
 ParOldGen       total 282624K, used 212275K [0x0000000081c00000, 0x0000000093000000, 0x00000000d5f00000)
  object space 282624K, 75% used [0x0000000081c00000,0x000000008eb4ce38,0x0000000093000000)
 Metaspace       used 66622K, capacity 72746K, committed 72832K, reserved 1110016K
  class space    used 10239K, capacity 12076K, committed 12160K, reserved 1048576K
Event: 71.170 GC heap after
Heap after GC invocations=77 (full 5):
 PSYoungGen      total 614400K, used 1472K [0x00000000d5f00000, 0x0000000100000000, 0x0000000100000000)
  eden space 546816K, 0% used [0x00000000d5f00000,0x00000000d5f00000,0x00000000f7500000)
  from space 67584K, 2% used [0x00000000fbe00000,0x00000000fbf70000,0x0000000100000000)
  to   space 71168K, 0% used [0x00000000f7500000,0x00000000f7500000,0x00000000fba80000)
 ParOldGen       total 282624K, used 213451K [0x0000000081c00000, 0x0000000093000000, 0x00000000d5f00000)
  object space 282624K, 75% used [0x0000000081c00000,0x000000008ec72e38,0x0000000093000000)
 Metaspace       used 66622K, capacity 72746K, committed 72832K, reserved 1110016K
  class space    used 10239K, capacity 12076K, committed 12160K, reserved 1048576K
}
Event: 71.938 GC heap before
{Heap before GC invocations=78 (full 5):
 PSYoungGen      total 614400K, used 548288K [0x00000000d5f00000, 0x0000000100000000, 0x0000000100000000)
  eden space 546816K, 100% used [0x00000000d5f00000,0x00000000f7500000,0x00000000f7500000)
  from space 67584K, 2% used [0x00000000fbe00000,0x00000000fbf70000,0x0000000100000000)
  to   space 71168K, 0% used [0x00000000f7500000,0x00000000f7500000,0x00000000fba80000)
 ParOldGen       total 282624K, used 214038K [0x0000000081c00000, 0x0000000093000000, 0x00000000d5f00000)
  object space 282624K, 75% used [0x0000000081c00000,0x000000008ed05a70,0x0000000093000000)
 Metaspace       used 66634K, capacity 72834K, committed 73088K, reserved 1110016K
  class space    used 10239K, capacity 12076K, committed 12160K, reserved 1048576K
Event: 71.951 GC heap after
Heap after GC invocations=78 (full 5):
 PSYoungGen      total 550912K, used 3968K [0x00000000d5f00000, 0x0000000100000000, 0x0000000100000000)
  eden space 546816K, 0% used [0x00000000d5f00000,0x00000000d5f00000,0x00000000f7500000)
  from space 4096K, 96% used [0x00000000f7500000,0x00000000f78e0000,0x00000000f7900000)
  to   space 73216K, 0% used [0x00000000fb880000,0x00000000fb880000,0x0000000100000000)
 ParOldGen       total 282624K, used 215470K [0x0000000081c00000, 0x0000000093000000, 0x00000000d5f00000)
  object space 282624K, 76% used [0x0000000081c00000,0x000000008ee6ba70,0x0000000093000000)
 Metaspace       used 66634K, capacity 72834K, committed 73088K, reserved 1110016K
  class space    used 10239K, capacity 12076K, committed 12160K, reserved 1048576K
}
Event: 72.666 GC heap before
{Heap before GC invocations=79 (full 5):
 PSYoungGen      total 550912K, used 550784K [0x00000000d5f00000, 0x0000000100000000, 0x0000000100000000)
  eden space 546816K, 100% used [0x00000000d5f00000,0x00000000f7500000,0x00000000f7500000)
  from space 4096K, 96% used [0x00000000f7500000,0x00000000f78e0000,0x00000000f7900000)
  to   space 73216K, 0% used [0x00000000fb880000,0x00000000fb880000,0x0000000100000000)
 ParOldGen       total 282624K, used 216339K [0x0000000081c00000, 0x0000000093000000, 0x00000000d5f00000)
  object space 282624K, 76% used [0x0000000081c00000,0x000000008ef44fa0,0x0000000093000000)
 Metaspace       used 66651K, capacity 72858K, committed 73088K, reserved 1110016K
  class space    used 10239K, capacity 12076K, committed 12160K, reserved 1048576K
Event: 72.678 GC heap after
Heap after GC invocations=79 (full 5):
 PSYoungGen      total 614912K, used 5376K [0x00000000d5f00000, 0x0000000100000000, 0x0000000100000000)
  eden space 541696K, 0% used [0x00000000d5f00000,0x00000000d5f00000,0x00000000f7000000)
  from space 73216K, 7% used [0x00000000fb880000,0x00000000fbdc0000,0x0000000100000000)
  to   space 73728K, 0% used [0x00000000f7000000,0x00000000f7000000,0x00000000fb800000)
 ParOldGen       total 282624K, used 216339K [0x0000000081c00000, 0x0000000093000000, 0x00000000d5f00000)
  object space 282624K, 76% used [0x0000000081c00000,0x000000008ef44fa0,0x0000000093000000)
 Metaspace       used 66651K, capacity 72858K, committed 73088K, reserved 1110016K
  class space    used 10239K, capacity 12076K, committed 12160K, reserved 1048576K
}
Event: 73.445 GC heap before
{Heap before GC invocations=80 (full 5):
 PSYoungGen      total 614912K, used 547072K [0x00000000d5f00000, 0x0000000100000000, 0x0000000100000000)
  eden space 541696K, 100% used [0x00000000d5f00000,0x00000000f7000000,0x00000000f7000000)
  from space 73216K, 7% used [0x00000000fb880000,0x00000000fbdc0000,0x0000000100000000)
  to   space 73728K, 0% used [0x00000000f7000000,0x00000000f7000000,0x00000000fb800000)
 ParOldGen       total 282624K, used 216340K [0x0000000081c00000, 0x0000000093000000, 0x00000000d5f00000)
  object space 282624K, 76% used [0x0000000081c00000,0x000000008ef45268,0x0000000093000000)
 Metaspace       used 66665K, capacity 72890K, committed 73088K, reserved 1110016K
  class space    used 10239K, capacity 12076K, committed 12160K, reserved 1048576K
Event: 73.457 GC heap after
Heap after GC invocations=80 (full 5):
 PSYoungGen      total 615424K, used 5664K [0x00000000d5f00000, 0x00000000fff80000, 0x0000000100000000)
  eden space 541696K, 0% used [0x00000000d5f00000,0x00000000d5f00000,0x00000000f7000000)
  from space 73728K, 7% used [0x00000000f7000000,0x00000000f7588000,0x00000000fb800000)
  to   space 73216K, 0% used [0x00000000fb800000,0x00000000fb800000,0x00000000fff80000)
 ParOldGen       total 282624K, used 216340K [0x0000000081c00000, 0x0000000093000000, 0x00000000d5f00000)
  object space 282624K, 76% used [0x0000000081c00000,0x000000008ef45268,0x0000000093000000)
 Metaspace       used 66665K, capacity 72890K, committed 73088K, reserved 1110016K
  class space    used 10239K, capacity 12076K, committed 12160K, reserved 1048576K
}
Event: 74.304 GC heap before
{Heap before GC invocations=81 (full 5):
 PSYoungGen      total 615424K, used 547360K [0x00000000d5f00000, 0x00000000fff80000, 0x0000000100000000)
  eden space 541696K, 100% used [0x00000000d5f00000,0x00000000f7000000,0x00000000f7000000)
  from space 73728K, 7% used [0x00000000f7000000,0x00000000f7588000,0x00000000fb800000)
  to   space 73216K, 0% used [0x00000000fb800000,0x00000000fb800000,0x00000000fff80000)
 ParOldGen       total 282624K, used 216340K [0x0000000081c00000, 0x0000000093000000, 0x00000000d5f00000)
  object space 282624K, 76% used [0x0000000081c00000,0x000000008ef45268,0x0000000093000000)
 Metaspace       used 66687K, capacity 72914K, committed 73088K, reserved 1110016K
  class space    used 10241K, capacity 12076K, committed 12160K, reserved 1048576K
Event: 74.323 GC heap after
Heap after GC invocations=81 (full 5):
 PSYoungGen      total 613376K, used 8858K [0x00000000d5f00000, 0x00000000ffd80000, 0x0000000100000000)
  eden space 542208K, 0% used [0x00000000d5f00000,0x00000000d5f00000,0x00000000f7080000)
  from space 71168K, 12% used [0x00000000fb800000,0x00000000fc0a6b78,0x00000000ffd80000)
  to   space 72192K, 0% used [0x00000000f7080000,0x00000000f7080000,0x00000000fb700000)
 ParOldGen       total 282624K, used 216340K [0x0000000081c00000, 0x0000000093000000, 0x00000000d5f00000)
  object space 282624K, 76% used [0x0000000081c00000,0x000000008ef45268,0x0000000093000000)
 Metaspace       used 66687K, capacity 72914K, committed 73088K, reserved 1110016K
  class space    used 10241K, capacity 12076K, committed 12160K, reserved 1048576K
}

Deoptimization events (10 events):
Event: 75.330 Thread 0x000000001c59b000 Uncommon trap: reason=bimorphic action=maybe_recompile pc=0x00000000039531c0 method=java.lang.ClassLoader.getResource(Ljava/lang/String;)Ljava/net/URL; @ 30
Event: 75.332 Thread 0x000000001c59b000 Uncommon trap: reason=class_check action=maybe_recompile pc=0x0000000003c475c4 method=sun.nio.ch.IOUtil.read(Ljava/io/FileDescriptor;Ljava/nio/ByteBuffer;JLsun/nio/ch/NativeDispatcher;)I @ 1
Event: 75.346 Thread 0x000000001a572800 Uncommon trap: reason=unstable_if action=reinterpret pc=0x00000000039c6944 method=java.util.concurrent.LinkedBlockingDeque.unlinkFirst()Ljava/lang/Object; @ 6
Event: 75.362 Thread 0x0000000002a32800 Uncommon trap: reason=bimorphic action=maybe_recompile pc=0x000000000379d30c method=java.util.concurrent.CompletableFuture.postComplete()V @ 67
Event: 75.444 Thread 0x000000001c59c800 Uncommon trap: reason=unstable_if action=reinterpret pc=0x0000000003eb2824 method=java.util.stream.AbstractPipeline.close()V @ 22
Event: 75.465 Thread 0x0000000002a32800 Uncommon trap: reason=unstable_if action=reinterpret pc=0x0000000003b11f20 method=org.apache.logging.log4j.Level.isMoreSpecificThan(Lorg/apache/logging/log4j/Level;)Z @ 8
Event: 75.465 Thread 0x0000000002a32800 Uncommon trap: reason=unstable_if action=reinterpret pc=0x0000000003dae874 method=org.apache.logging.log4j.message.ReusableParameterizedMessage.initThrowable([Ljava/lang/Object;II)V @ 2
Event: 75.465 Thread 0x0000000002a32800 Uncommon trap: reason=unstable_if action=reinterpret pc=0x000000000304ecc8 method=org.apache.logging.log4j.core.impl.MutableLogEvent.getThrownProxy()Lorg/apache/logging/log4j/core/impl/ThrowableProxy; @ 11
Event: 75.465 Thread 0x000000001c59b000 Uncommon trap: reason=unstable_if action=reinterpret pc=0x0000000002f43084 method=com.google.gson.stream.JsonReader.doPeek()I @ 14
Event: 75.465 Thread 0x000000001c59b000 Uncommon trap: reason=unstable_if action=reinterpret pc=0x000000000334a420 method=com.google.gson.stream.JsonReader.hasNext()Z @ 21

Internal exceptions (10 events):
Event: 75.446 Thread 0x000000001c599800 Exception <a 'sun/nio/fs/WindowsException'> (0x00000000f3485610) thrown at [C:\re\workspace\8-2-build-windows-amd64-cygwin\jdk8u51\3951\hotspot\src\share\vm\prims\jni.cpp, line 709]
Event: 75.447 Thread 0x000000001c599800 Exception <a 'sun/nio/fs/WindowsException'> (0x00000000f3485c30) thrown at [C:\re\workspace\8-2-build-windows-amd64-cygwin\jdk8u51\3951\hotspot\src\share\vm\prims\jni.cpp, line 709]
Event: 75.455 Thread 0x000000001c599800 Exception <a 'sun/nio/fs/WindowsException'> (0x00000000f35e74d0) thrown at [C:\re\workspace\8-2-build-windows-amd64-cygwin\jdk8u51\3951\hotspot\src\share\vm\prims\jni.cpp, line 709]
Event: 75.455 Thread 0x000000001c599800 Exception <a 'sun/nio/fs/WindowsException'> (0x00000000f35e7a50) thrown at [C:\re\workspace\8-2-build-windows-amd64-cygwin\jdk8u51\3951\hotspot\src\share\vm\prims\jni.cpp, line 709]
Event: 75.455 Thread 0x000000001c599800 Exception <a 'sun/nio/fs/WindowsException'> (0x00000000f35e87a8) thrown at [C:\re\workspace\8-2-build-windows-amd64-cygwin\jdk8u51\3951\hotspot\src\share\vm\prims\jni.cpp, line 709]
Event: 75.455 Thread 0x000000001c599800 Exception <a 'sun/nio/fs/WindowsException'> (0x00000000f35e8eb8) thrown at [C:\re\workspace\8-2-build-windows-amd64-cygwin\jdk8u51\3951\hotspot\src\share\vm\prims\jni.cpp, line 709]
Event: 75.456 Thread 0x000000001c599800 Exception <a 'sun/nio/fs/WindowsException'> (0x00000000f35ea030) thrown at [C:\re\workspace\8-2-build-windows-amd64-cygwin\jdk8u51\3951\hotspot\src\share\vm\prims\jni.cpp, line 709]
Event: 75.456 Thread 0x000000001c599800 Exception <a 'sun/nio/fs/WindowsException'> (0x00000000f35ea670) thrown at [C:\re\workspace\8-2-build-windows-amd64-cygwin\jdk8u51\3951\hotspot\src\share\vm\prims\jni.cpp, line 709]
Event: 75.462 Thread 0x000000001c59b000 Exception <a 'sun/nio/fs/WindowsException'> (0x00000000f304d9c0) thrown at [C:\re\workspace\8-2-build-windows-amd64-cygwin\jdk8u51\3951\hotspot\src\share\vm\prims\jni.cpp, line 709]
Event: 75.462 Thread 0x000000001c59b000 Exception <a 'sun/nio/fs/WindowsException'> (0x00000000f304ddc0) thrown at [C:\re\workspace\8-2-build-windows-amd64-cygwin\jdk8u51\3951\hotspot\src\share\vm\prims\jni.cpp, line 709]

Events (10 events):
Event: 75.465 Thread 0x0000000002a32800 Uncommon trap: trap_request=0xffffff65 fr.pc=0x000000000304ecc8
Event: 75.465 Thread 0x0000000002a32800 DEOPT PACKING pc=0x000000000304ecc8 sp=0x000000000293d450
Event: 75.465 Thread 0x0000000002a32800 DEOPT UNPACKING pc=0x0000000002d1582a sp=0x000000000293d378 mode 2
Event: 75.465 Thread 0x000000001c59b000 Uncommon trap: trap_request=0xffffff65 fr.pc=0x0000000002f43084
Event: 75.465 Thread 0x000000001c59b000 DEOPT PACKING pc=0x0000000002f43084 sp=0x0000000021beec00
Event: 75.465 Thread 0x000000001c59b000 DEOPT UNPACKING pc=0x0000000002d1582a sp=0x0000000021beeb90 mode 2
Event: 75.465 Thread 0x000000001c59b000 Uncommon trap: trap_request=0xffffff65 fr.pc=0x000000000334a420
Event: 75.465 Thread 0x000000001c59b000 DEOPT PACKING pc=0x000000000334a420 sp=0x0000000021beec40
Event: 75.465 Thread 0x000000001c59b000 DEOPT UNPACKING pc=0x0000000002d1582a sp=0x0000000021beebd0 mode 2
Event: 75.465 Executing VM operation: RevokeBias


Dynamic libraries:
0x00007ff7b6110000 - 0x00007ff7b6147000 	C:\Program Files (x86)\Minecraft\runtime\jre-x64\bin\java.exe
0x00007ffe60d90000 - 0x00007ffe60f84000 	C:\WINDOWS\SYSTEM32\ntdll.dll
0x00007ffe5f060000 - 0x00007ffe5f11d000 	C:\WINDOWS\System32\KERNEL32.DLL
0x00007ffe5ea30000 - 0x00007ffe5ecf7000 	C:\WINDOWS\System32\KERNELBASE.dll
0x00007ffe5fb10000 - 0x00007ffe5fbba000 	C:\WINDOWS\System32\ADVAPI32.dll
0x00007ffe606f0000 - 0x00007ffe6078e000 	C:\WINDOWS\System32\msvcrt.dll
0x00007ffe60cb0000 - 0x00007ffe60d4b000 	C:\WINDOWS\System32\sechost.dll
0x00007ffe5ee00000 - 0x00007ffe5ef23000 	C:\WINDOWS\System32\RPCRT4.dll
0x00007ffe600b0000 - 0x00007ffe60250000 	C:\WINDOWS\System32\USER32.dll
0x00007ffe5ea00000 - 0x00007ffe5ea22000 	C:\WINDOWS\System32\win32u.dll
0x00007ffe60790000 - 0x00007ffe607ba000 	C:\WINDOWS\System32\GDI32.dll
0x00007ffe5e4e0000 - 0x00007ffe5e5ea000 	C:\WINDOWS\System32\gdi32full.dll
0x00007ffe5ed00000 - 0x00007ffe5ed9d000 	C:\WINDOWS\System32\msvcp_win.dll
0x00007ffe5e6a0000 - 0x00007ffe5e7a0000 	C:\WINDOWS\System32\ucrtbase.dll
0x00007ffe43c40000 - 0x00007ffe43eda000 	C:\WINDOWS\WinSxS\amd64_microsoft.windows.common-controls_6595b64144ccf1df_6.0.19041.1_none_b555e41d4684ddec\COMCTL32.dll
0x00007ffe5f210000 - 0x00007ffe5f240000 	C:\WINDOWS\System32\IMM32.DLL
0x0000000070d00000 - 0x0000000070dd2000 	C:\Program Files (x86)\Minecraft\runtime\jre-x64\bin\msvcr100.dll
0x000000006f4a0000 - 0x000000006fd23000 	C:\Program Files (x86)\Minecraft\runtime\jre-x64\bin\server\jvm.dll
0x00007ffe5f050000 - 0x00007ffe5f058000 	C:\WINDOWS\System32\PSAPI.DLL
0x00007ffe56e10000 - 0x00007ffe56e37000 	C:\WINDOWS\SYSTEM32\WINMM.dll
0x00007ffe3eb30000 - 0x00007ffe3eb39000 	C:\WINDOWS\SYSTEM32\WSOCK32.dll
0x00007ffe55860000 - 0x00007ffe5586a000 	C:\WINDOWS\SYSTEM32\VERSION.dll
0x00007ffe60870000 - 0x00007ffe608db000 	C:\WINDOWS\System32\WS2_32.dll
0x0000000070cf0000 - 0x0000000070cff000 	C:\Program Files (x86)\Minecraft\runtime\jre-x64\bin\verify.dll
0x0000000070cc0000 - 0x0000000070ce9000 	C:\Program Files (x86)\Minecraft\runtime\jre-x64\bin\java.dll
0x0000000070c90000 - 0x0000000070cb3000 	C:\Program Files (x86)\Minecraft\runtime\jre-x64\bin\instrument.dll
0x0000000070c70000 - 0x0000000070c86000 	C:\Program Files (x86)\Minecraft\runtime\jre-x64\bin\zip.dll
0x00007ffe5f240000 - 0x00007ffe5f975000 	C:\WINDOWS\System32\SHELL32.dll
0x00007ffe5c440000 - 0x00007ffe5cbcf000 	C:\WINDOWS\SYSTEM32\windows.storage.dll
0x00007ffe602b0000 - 0x00007ffe60603000 	C:\WINDOWS\System32\combase.dll
0x00007ffe5de90000 - 0x00007ffe5debb000 	C:\WINDOWS\SYSTEM32\Wldp.dll
0x00007ffe607c0000 - 0x00007ffe6086e000 	C:\WINDOWS\System32\SHCORE.dll
0x00007ffe5fab0000 - 0x00007ffe5fb05000 	C:\WINDOWS\System32\shlwapi.dll
0x00007ffe5e420000 - 0x00007ffe5e43f000 	C:\WINDOWS\SYSTEM32\profapi.dll
0x00007ffe51d60000 - 0x00007ffe51d7a000 	C:\Users\ervin_1nmnhvl\AppData\Local\JetBrains\Toolbox\apps\IDEA-U\ch-0\202.6397.94\bin\breakgen64.dll
0x0000000070c50000 - 0x0000000070c6a000 	C:\Program Files (x86)\Minecraft\runtime\jre-x64\bin\net.dll
0x00007ffe5dc80000 - 0x00007ffe5dcea000 	C:\WINDOWS\system32\mswsock.dll
0x0000000070c40000 - 0x0000000070c4d000 	C:\Program Files (x86)\Minecraft\runtime\jre-x64\bin\management.dll
0x00007ffe2edc0000 - 0x00007ffe2edd7000 	C:\WINDOWS\system32\napinsp.dll
0x00007ffe2ede0000 - 0x00007ffe2edfb000 	C:\WINDOWS\system32\pnrpnsp.dll
0x00007ffe59280000 - 0x00007ffe59295000 	C:\WINDOWS\system32\wshbth.dll
0x00007ffe5a000000 - 0x00007ffe5a01d000 	C:\WINDOWS\system32\NLAapi.dll
0x00007ffe5d940000 - 0x00007ffe5d97b000 	C:\WINDOWS\SYSTEM32\IPHLPAPI.DLL
0x00007ffe5d990000 - 0x00007ffe5da5a000 	C:\WINDOWS\SYSTEM32\DNSAPI.dll
0x00007ffe60be0000 - 0x00007ffe60be9000 	C:\WINDOWS\System32\NSI.dll
0x00007ffe31a80000 - 0x00007ffe31a92000 	C:\WINDOWS\System32\winrnr.dll
0x00007ffe4d270000 - 0x00007ffe4d27a000 	C:\Windows\System32\rasadhlp.dll
0x00007ffe51060000 - 0x00007ffe510df000 	C:\WINDOWS\System32\fwpuclnt.dll
0x00007ffe5e950000 - 0x00007ffe5e977000 	C:\WINDOWS\System32\bcrypt.dll
0x00007ffe528f0000 - 0x00007ffe52907000 	C:\WINDOWS\SYSTEM32\dhcpcsvc6.DLL
0x00007ffe52840000 - 0x00007ffe5285d000 	C:\WINDOWS\SYSTEM32\dhcpcsvc.DLL
0x00007ffe5e1b0000 - 0x00007ffe5e1c8000 	C:\WINDOWS\SYSTEM32\CRYPTSP.dll
0x00007ffe5d4c0000 - 0x00007ffe5d4f4000 	C:\WINDOWS\system32\rsaenh.dll
0x00007ffe5e3e0000 - 0x00007ffe5e40e000 	C:\WINDOWS\SYSTEM32\USERENV.dll
0x00007ffe5e980000 - 0x00007ffe5e9ff000 	C:\WINDOWS\System32\bcryptprimitives.dll
0x00007ffe5de00000 - 0x00007ffe5de0c000 	C:\WINDOWS\SYSTEM32\CRYPTBASE.dll
0x0000000070c20000 - 0x0000000070c31000 	C:\Program Files (x86)\Minecraft\runtime\jre-x64\bin\nio.dll
0x0000000070bf0000 - 0x0000000070c14000 	C:\Program Files (x86)\Minecraft\runtime\jre-x64\bin\sunec.dll
0x00007ffe24ed0000 - 0x00007ffe24f42000 	C:\Users\ervin_1nmnhvl\AppData\Local\Temp\lwjglervin_1nmnhvl\3.2.2-build-10\lwjgl.dll
0x00007ffe249e0000 - 0x00007ffe24c31000 	C:\Users\ERVIN_~1\AppData\Local\Temp\lwjglervin_1nmnhvl\3.2.2-build-10\jemalloc.dll
0x00007ffe32df0000 - 0x00007ffe32e4e000 	C:\Users\ERVIN_~1\AppData\Local\Temp\lwjglervin_1nmnhvl\3.2.2-build-10\glfw.dll
0x00007ffe5bd00000 - 0x00007ffe5bd9f000 	C:\WINDOWS\system32\uxtheme.dll
0x00007ffe44bc0000 - 0x00007ffe44c05000 	C:\WINDOWS\SYSTEM32\dinput8.dll
0x00007ffe45530000 - 0x00007ffe45541000 	C:\WINDOWS\SYSTEM32\xinput1_4.dll
0x00007ffe5e900000 - 0x00007ffe5e94d000 	C:\WINDOWS\System32\cfgmgr32.dll
0x00007ffe5e2a0000 - 0x00007ffe5e2cc000 	C:\WINDOWS\SYSTEM32\DEVOBJ.dll
0x00007ffe5bea0000 - 0x00007ffe5bece000 	C:\WINDOWS\SYSTEM32\dwmapi.dll
0x00007ffe51570000 - 0x00007ffe516c2000 	C:\WINDOWS\SYSTEM32\inputhost.dll
0x00007ffe5f9e0000 - 0x00007ffe5faad000 	C:\WINDOWS\System32\OLEAUT32.dll
0x00007ffe59c80000 - 0x00007ffe59d75000 	C:\WINDOWS\SYSTEM32\PROPSYS.dll
0x00007ffe5af70000 - 0x00007ffe5b0c6000 	C:\WINDOWS\SYSTEM32\wintypes.dll
0x00007ffe5b640000 - 0x00007ffe5b99a000 	C:\WINDOWS\SYSTEM32\CoreUIComponents.dll
0x00007ffe5d110000 - 0x00007ffe5d143000 	C:\WINDOWS\SYSTEM32\ntmarta.dll
0x00007ffe5b9a0000 - 0x00007ffe5ba92000 	C:\WINDOWS\SYSTEM32\CoreMessaging.dll
0x00007ffe5ccb0000 - 0x00007ffe5ccc3000 	C:\WINDOWS\SYSTEM32\kernel.appcore.dll
0x00007ffe5ef30000 - 0x00007ffe5f045000 	C:\WINDOWS\System32\MSCTF.dll
0x00007ffe5cbd0000 - 0x00007ffe5cbdd000 	C:\WINDOWS\SYSTEM32\HID.DLL
0x00007ffe5fc40000 - 0x00007ffe600a7000 	C:\WINDOWS\System32\SETUPAPI.DLL
0x00007ffe5eda0000 - 0x00007ffe5ee00000 	C:\WINDOWS\System32\WINTRUST.dll
0x00007ffe5e7a0000 - 0x00007ffe5e8fd000 	C:\WINDOWS\System32\CRYPT32.dll
0x00007ffe5e200000 - 0x00007ffe5e212000 	C:\WINDOWS\SYSTEM32\MSASN1.dll
0x00007ffe32eb0000 - 0x00007ffe3300c000 	C:\WINDOWS\SYSTEM32\opengl32.dll
0x00007ffe44830000 - 0x00007ffe4485c000 	C:\WINDOWS\SYSTEM32\GLU32.dll
0x00007ffe08520000 - 0x00007ffe091a4000 	C:\WINDOWS\SYSTEM32\ig4icd64.dll
0x00007ffe5ce40000 - 0x00007ffe5cf33000 	C:\WINDOWS\SYSTEM32\dxgi.dll
0x00007ffe5a2e0000 - 0x00007ffe5a543000 	C:\WINDOWS\SYSTEM32\d3d11.dll
0x00007ffe53890000 - 0x00007ffe538cb000 	C:\WINDOWS\SYSTEM32\dxcore.dll
0x00007ffe516d0000 - 0x00007ffe517cc000 	C:\WINDOWS\SYSTEM32\textinputframework.dll
0x00007ffe24e70000 - 0x00007ffe24ec8000 	C:\Users\ervin_1nmnhvl\AppData\Local\Temp\lwjglervin_1nmnhvl\3.2.2-build-10\lwjgl_opengl.dll
0x00007ffe24960000 - 0x00007ffe249df000 	C:\Users\ervin_1nmnhvl\AppData\Local\Temp\lwjglervin_1nmnhvl\3.2.2-build-10\lwjgl_stb.dll
0x00007ffe608e0000 - 0x00007ffe60a09000 	C:\WINDOWS\System32\ole32.dll
0x00007ffe52c40000 - 0x00007ffe53890000 	C:\WINDOWS\SYSTEM32\igd10umd64.dll
0x00007ffe58800000 - 0x00007ffe588ae000 	C:\WINDOWS\SYSTEM32\mscms.dll
0x00007ffe58760000 - 0x00007ffe58771000 	C:\WINDOWS\SYSTEM32\ColorAdapterClient.dll
0x00007ffe45680000 - 0x00007ffe456c3000 	C:\WINDOWS\SYSTEM32\icm32.dll
0x00007ffe45550000 - 0x00007ffe45592000 	C:\Users\ervin_1nmnhvl\AppData\Local\Temp\jna-2118671535\jna7935405404158606686.dll
0x00007ffe44cd0000 - 0x00007ffe44cea000 	C:\save\modding\ervin_mod_1\build\natives\SAPIWrapper_x64.dll
0x00007ffe60c00000 - 0x00007ffe60ca8000 	C:\WINDOWS\System32\clbcatq.dll
0x00007ffe23520000 - 0x00007ffe236a4000 	C:\WINDOWS\System32\Speech\Common\sapi.dll
0x00007ffe2eda0000 - 0x00007ffe2edbe000 	C:\WINDOWS\SYSTEM32\MSACM32.dll
0x00007ffe15180000 - 0x00007ffe1518b000 	C:\WINDOWS\SYSTEM32\msdmo.dll
0x00007ffe27990000 - 0x00007ffe279b6000 	C:\WINDOWS\SYSTEM32\winmmbase.dll
0x00007ffe4c520000 - 0x00007ffe4c5a5000 	C:\WINDOWS\System32\MMDevApi.dll
0x00007ffe54db0000 - 0x00007ffe54f94000 	C:\WINDOWS\SYSTEM32\dbghelp.dll

VM Arguments:
jvm_args: -Dforge.logging.console.level=debug -Dforge.logging.markers=SCAN,REGISTRIES,REGISTRYDUMP -XX:HeapDumpPath=MojangTricksIntelDriversForPerformance_javaw.exe_minecraft.exe.heapdump -Dos.name=Windows 10 -Dos.version=10.0 -javaagent:C:\Users\ervin_1nmnhvl\AppData\Local\JetBrains\Toolbox\apps\IDEA-U\ch-0\202.6397.94\lib\idea_rt.jar=63851:C:\Users\ervin_1nmnhvl\AppData\Local\JetBrains\Toolbox\apps\IDEA-U\ch-0\202.6397.94\bin -Dfile.encoding=UTF-8 
java_command: net.minecraftforge.userdev.LaunchTesting
java_class_path (initial): C:\Program Files (x86)\Minecraft\runtime\jre-x64\lib\charsets.jar;C:\Program Files (x86)\Minecraft\runtime\jre-x64\lib\deploy.jar;C:\Program Files (x86)\Minecraft\runtime\jre-x64\lib\ext\access-bridge-64.jar;C:\Program Files (x86)\Minecraft\runtime\jre-x64\lib\ext\cldrdata.jar;C:\Program Files (x86)\Minecraft\runtime\jre-x64\lib\ext\dnsns.jar;C:\Program Files (x86)\Minecraft\runtime\jre-x64\lib\ext\jaccess.jar;C:\Program Files (x86)\Minecraft\runtime\jre-x64\lib\ext\jfxrt.jar;C:\Program Files (x86)\Minecraft\runtime\jre-x64\lib\ext\localedata.jar;C:\Program Files (x86)\Minecraft\runtime\jre-x64\lib\ext\nashorn.jar;C:\Program Files (x86)\Minecraft\runtime\jre-x64\lib\ext\sunec.jar;C:\Program Files (x86)\Minecraft\runtime\jre-x64\lib\ext\sunjce_provider.jar;C:\Program Files (x86)\Minecraft\runtime\jre-x64\lib\ext\sunmscapi.jar;C:\Program Files (x86)\Minecraft\runtime\jre-x64\lib\ext\sunpkcs11.jar;C:\Program Files (x86)\Minecraft\runtime\jre-x64\lib\ext\zipfs.jar;C:\Program Files (x86)\Minecraft\runtime\jre-x64\lib\javaws.jar;C:\Program Files (x86)\Minecraft\runtime\jre-x64\lib\jce.jar;C:\Program Files (x86)\Minecraft\runtime\jre-x64\lib\jfr.jar;C:\Program Files (x86)\Minecraft\runtime\jre-x64\lib\jfxswt.jar;C:\Program Files (x86)\Minecraft\runtime\jre-x64\lib\jsse.jar;C:\Program Files (x86)\Minecraft\runtime\jre-x64\lib\management-agent.jar;C:\Program Files (x86)\Minecraft\runtime\jre-x64\lib\plugin.jar;C:\Program Files (x86)\Minecraft\runtime\jre-x64\lib\resources.jar;C:\Program Files (x86)\Minecraft\runtime\jre-x64\lib\rt.jar;C:\save\modding\ervin_mod_1\build\classes\java\main;C:\save\modding\ervin_mod_1\build\resources\main;C:\Users\ervin_1nmnhvl\.gradle\caches\forge_gradle\minecraft_user_repo\net\minecraftforge\forge\1.15.2-31.1.9_mapped_snapshot_20200427-1.15.1\forge-1.15.2-31.1.9_mapped_snapshot_20200427-1.15.1-recomp.jar;C:\Users\ervin_1nmnhvl\.gradle\caches\forge_gradle\minecraft_user_repo\net\minecraftforge\forge\1.15.2-31.1.9_map
Launcher Type: SUN_STANDARD

Environment Variables:
JAVA_HOME=C:\Program Files\Java\jdk-11.0.4
PATH=C:\Program Files\Docker\Docker\Resources\bin;C:\ProgramData\Oracle\Java\javapath;C:\WINDOWS\system32;C:\WINDOWS;C:\WINDOWS\System32\Wbem;C:\WINDOWS\System32\WindowsPowerShell\v1.0\;C:\Program Files (x86)\cloudControl;C:\Program Files\Git\cmd;C:\bin;C:\Program Files (x86)\Windows Kits\8.1\Windows Performance Toolkit\;C:\Program Files (x86)\PuTTY\;C:\Program Files (x86)\Nodist\bin;G:\save\sdk\android\tools;G:\save\sdk\android\platform-tools;C:\boxfuse;C:\Program Files (x86)\Skype\Phone\;C:\Program Files (x86)\GtkSharp\2.12\bin;C:\Program Files (x86)\IVI Foundation\VISA\WinNT\Bin;C:\WINDOWS\system32;C:\WINDOWS;C:\WINDOWS\System32\Wbem;C:\WINDOWS\System32\WindowsPowerShell\v1.0\;;C:\WINDOWS\System32\OpenSSH\;C:\Users\ervin_1nmnhvl\AppData\Local\Microsoft\WindowsApps;
USERNAME=ervin_1nmnhvl
OS=Windows_NT
PROCESSOR_IDENTIFIER=Intel64 Family 6 Model 42 Stepping 7, GenuineIntel



---------------  S Y S T E M  ---------------

OS: Windows 10.0 , 64 bit Build 19041 (10.0.19041.292)

CPU:total 4 (2 cores per cpu, 2 threads per core) family 6 model 42 stepping 7, cmov, cx8, fxsr, mmx, sse, sse2, sse3, ssse3, sse4.1, sse4.2, popcnt, avx, aes, clmul, ht, tsc, tscinvbit

Memory: 4k page, physical 8266764k(428244k free), swap 10363916k(1528k free)

vm_info: Java HotSpot(TM) 64-Bit Server VM (25.51-b03) for windows-amd64 JRE (1.8.0_51-b16), built on Jun  8 2015 18:03:07 by "java_re" with MS VC++ 10.0 (VS2010)

time: Sat Aug 08 11:36:32 2020
elapsed time: 75 seconds (0d 0h 1m 15s)

