#
# There is insufficient memory for the Java Runtime Environment to continue.
# Native memory allocation (malloc) failed to allocate 805536 bytes for Chunk::new
# Possible reasons:
#   The system is out of physical RAM or swap space
#   In 32 bit mode, the process size limit was hit
# Possible solutions:
#   Reduce memory load on the system
#   Increase physical memory or swap space
#   Check if swap backing store is full
#   Use 64 bit Java on a 64 bit OS
#   Decrease Java heap size (-Xmx/-Xms)
#   Decrease number of Java threads
#   Decrease Java thread stack sizes (-Xss)
#   Set larger code cache with -XX:ReservedCodeCacheSize=
# This output file may be truncated or incomplete.
#
#  Out of Memory Error (allocation.cpp:390), pid=23548, tid=9036
#
# JRE version: Java(TM) SE Runtime Environment (8.0_51-b16) (build 1.8.0_51-b16)
# Java VM: Java HotSpot(TM) 64-Bit Server VM (25.51-b03 mixed mode windows-amd64 compressed oops)
# Failed to write core dump. Minidumps are not enabled by default on client versions of Windows
#

---------------  T H R E A D  ---------------

Current thread (0x0000000019005000):  JavaThread "C2 CompilerThread0" daemon [_thread_in_native, id=9036, stack(0x0000000019120000,0x0000000019220000)]

Stack: [0x0000000019120000,0x0000000019220000]
Native frames: (J=compiled Java code, j=interpreted, Vv=VM code, C=native code)
V  [jvm.dll+0x32b4ca]


Current CompileTask:
C2:  71571 9526   !   4       java.nio.file.FileTreeWalker::getAttributes (94 bytes)


---------------  P R O C E S S  ---------------

Java Threads: ( => current thread )
  0x000000001a3b0800 JavaThread "Forge Version Check" daemon [_thread_in_native, id=15424, stack(0x000000002baa0000,0x000000002bba0000)]
  0x000000001a3b0000 JavaThread "Worker-Main-6" daemon [_thread_in_native, id=7936, stack(0x000000002b9a0000,0x000000002baa0000)]
  0x000000001a3af000 JavaThread "modloading-worker-2" daemon [_thread_blocked, id=14924, stack(0x000000002b8a0000,0x000000002b9a0000)]
  0x000000001c99c800 JavaThread "modloading-worker-1" daemon [_thread_blocked, id=17036, stack(0x000000002b7a0000,0x000000002b8a0000)]
  0x000000001c99f000 JavaThread "Worker-Main-5" daemon [_thread_in_Java, id=19416, stack(0x000000002b6a0000,0x000000002b7a0000)]
  0x000000001c99c000 JavaThread "Worker-Main-4" daemon [_thread_blocked, id=16396, stack(0x000000002b5a0000,0x000000002b6a0000)]
  0x000000001c99e000 JavaThread "Narrator" [_thread_blocked, id=17868, stack(0x000000002b0d0000,0x000000002b1d0000)]
  0x000000001c99b000 JavaThread "Sound engine" daemon [_thread_blocked, id=20056, stack(0x0000000000cd0000,0x0000000000dd0000)]
  0x000000001c999800 JavaThread "modloading-worker-0" daemon [_thread_blocked, id=9780, stack(0x0000000028810000,0x0000000028910000)]
  0x000000001c999000 JavaThread "modloading-worker-3" daemon [_thread_blocked, id=10540, stack(0x0000000028710000,0x0000000028810000)]
  0x000000001c99d800 JavaThread "Snooper Timer" daemon [_thread_blocked, id=18572, stack(0x0000000024010000,0x0000000024110000)]
  0x000000001c99f800 JavaThread "Timer hack thread" daemon [_thread_blocked, id=13580, stack(0x0000000022f00000,0x0000000023000000)]
  0x00000000220e5800 JavaThread "Worker-Bootstrap-3" daemon [_thread_in_Java, id=19872, stack(0x0000000022350000,0x0000000022450000)]
  0x000000001a0e4800 JavaThread "Worker-Bootstrap-2" daemon [_thread_in_Java, id=17028, stack(0x0000000021200000,0x0000000021300000)]
  0x000000001cc3e000 JavaThread "Worker-Bootstrap-1" daemon [_thread_in_Java, id=11916, stack(0x0000000020cd0000,0x0000000020dd0000)]
  0x00000000221a2800 JavaThread "pool-3-thread-1" [_thread_blocked, id=15180, stack(0x000000001b530000,0x000000001b630000)]
  0x000000001a9b2000 JavaThread "Thread-2" daemon [_thread_in_native, id=13088, stack(0x000000001bb30000,0x000000001bc30000)]
  0x000000001a9b1000 JavaThread "Thread-1" daemon [_thread_blocked, id=904, stack(0x000000001ba30000,0x000000001bb30000)]
  0x000000001901e000 JavaThread "Service Thread" daemon [_thread_blocked, id=2920, stack(0x0000000019c20000,0x0000000019d20000)]
  0x0000000019009800 JavaThread "C1 CompilerThread2" daemon [_thread_blocked, id=16228, stack(0x0000000019320000,0x0000000019420000)]
  0x0000000019008000 JavaThread "C2 CompilerThread1" daemon [_thread_in_native, id=10328, stack(0x0000000019220000,0x0000000019320000)]
=>0x0000000019005000 JavaThread "C2 CompilerThread0" daemon [_thread_in_native, id=9036, stack(0x0000000019120000,0x0000000019220000)]
  0x0000000019003800 JavaThread "Monitor Ctrl-Break" daemon [_thread_in_native, id=23220, stack(0x0000000019020000,0x0000000019120000)]
  0x00000000176c2800 JavaThread "Attach Listener" daemon [_thread_blocked, id=22032, stack(0x0000000018b20000,0x0000000018c20000)]
  0x00000000176c1000 JavaThread "Signal Dispatcher" daemon [_thread_blocked, id=3840, stack(0x0000000018a20000,0x0000000018b20000)]
  0x0000000002a7b000 JavaThread "Finalizer" daemon [_thread_blocked, id=12660, stack(0x0000000018920000,0x0000000018a20000)]
  0x0000000002a77800 JavaThread "Reference Handler" daemon [_thread_blocked, id=8384, stack(0x0000000018820000,0x0000000018920000)]
  0x0000000002982800 JavaThread "Render thread" [_thread_in_vm, id=17236, stack(0x0000000002880000,0x0000000002980000)]

Other Threads:
  0x0000000017679000 VMThread [stack: 0x0000000018720000,0x0000000018820000] [id=4200]
  0x0000000019494000 WatcherThread [stack: 0x0000000019d20000,0x0000000019e20000] [id=23064]

VM state:not at safepoint (normal execution)

VM Mutex/Monitor currently owned by a thread: None

Heap:
 PSYoungGen      total 624640K, used 156960K [0x00000000d5f00000, 0x0000000100000000, 0x0000000100000000)
  eden space 564736K, 19% used [0x00000000d5f00000,0x00000000dccc8e28,0x00000000f8680000)
  from space 59904K, 74% used [0x00000000f8680000,0x00000000fb1ff2b8,0x00000000fc100000)
  to   space 60928K, 0% used [0x00000000fc480000,0x00000000fc480000,0x0000000100000000)
 ParOldGen       total 321536K, used 285027K [0x0000000081c00000, 0x0000000095600000, 0x00000000d5f00000)
  object space 321536K, 88% used [0x0000000081c00000,0x0000000093258ef8,0x0000000095600000)
 Metaspace       used 73582K, capacity 81024K, committed 81280K, reserved 1116160K
  class space    used 11558K, capacity 13919K, committed 13952K, reserved 1048576K

Card table byte_map: [0x0000000011f40000,0x0000000012340000] byte_map_base: 0x0000000011b32000

Marking Bits: (ParMarkBitMap*) 0x0000000065fb4040
 Begin Bits: [0x00000000129f0000, 0x0000000014980000)
 End Bits:   [0x0000000014980000, 0x0000000016910000)

Polling page: 0x0000000000ed0000

CodeCache: size=245760Kb used=22122Kb max_used=22615Kb free=223637Kb
 bounds [0x0000000002b80000, 0x00000000041c0000, 0x0000000011b80000]
 total_blobs=8642 nmethods=7192 adapters=1358
 compilation: enabled

Compilation events (10 events):
Event: 71.545 Thread 0x0000000019009800 nmethod 9555 0x0000000003ef3b10 code [0x0000000003ef3c80, 0x0000000003ef3ef8]
Event: 71.545 Thread 0x0000000019009800 9556       3       sun.misc.FloatingDecimal::parseFloat (10 bytes)
Event: 71.545 Thread 0x0000000019009800 nmethod 9556 0x0000000003925d50 code [0x0000000003925ec0, 0x00000000039260f8]
Event: 71.545 Thread 0x0000000019009800 9539       1       com.google.gson.reflect.TypeToken::getType (5 bytes)
Event: 71.545 Thread 0x0000000019009800 nmethod 9539 0x0000000003925a90 code [0x0000000003925be0, 0x0000000003925cf0]
Event: 71.547 Thread 0x0000000019009800 9557   !   3       java.lang.ClassLoader::findNative (86 bytes)
Event: 71.548 Thread 0x0000000019009800 nmethod 9557 0x0000000003d89d10 code [0x0000000003d89ec0, 0x0000000003d8a778]
Event: 71.549 Thread 0x0000000019009800 9558       3       sun.nio.fs.WindowsPath::equals (30 bytes)
Event: 71.550 Thread 0x0000000019009800 nmethod 9558 0x0000000003da9a90 code [0x0000000003da9c20, 0x0000000003daa108]
Event: 71.550 Thread 0x0000000019009800 9559   !   3       java.nio.file.FileTreeWalker::visit (204 bytes)

GC Heap History (10 events):
Event: 69.313 GC heap before
{Heap before GC invocations=88 (full 5):
 PSYoungGen      total 625664K, used 589065K [0x00000000d5f00000, 0x00000000ffe00000, 0x0000000100000000)
  eden space 566272K, 100% used [0x00000000d5f00000,0x00000000f8800000,0x00000000f8800000)
  from space 59392K, 38% used [0x00000000fc400000,0x00000000fda427d8,0x00000000ffe00000)
  to   space 60416K, 0% used [0x00000000f8800000,0x00000000f8800000,0x00000000fc300000)
 ParOldGen       total 321536K, used 280857K [0x0000000081c00000, 0x0000000095600000, 0x00000000d5f00000)
  object space 321536K, 87% used [0x0000000081c00000,0x0000000092e46700,0x0000000095600000)
 Metaspace       used 71783K, capacity 78902K, committed 79104K, reserved 1114112K
  class space    used 11267K, capacity 13510K, committed 13568K, reserved 1048576K
Event: 69.396 GC heap after
Heap after GC invocations=88 (full 5):
 PSYoungGen      total 618496K, used 52104K [0x00000000d5f00000, 0x0000000100000000, 0x0000000100000000)
  eden space 566272K, 0% used [0x00000000d5f00000,0x00000000d5f00000,0x00000000f8800000)
  from space 52224K, 99% used [0x00000000f8800000,0x00000000fbae2210,0x00000000fbb00000)
  to   space 64512K, 0% used [0x00000000fc100000,0x00000000fc100000,0x0000000100000000)
 ParOldGen       total 321536K, used 283266K [0x0000000081c00000, 0x0000000095600000, 0x00000000d5f00000)
  object space 321536K, 88% used [0x0000000081c00000,0x00000000930a0880,0x0000000095600000)
 Metaspace       used 71783K, capacity 78902K, committed 79104K, reserved 1114112K
  class space    used 11267K, capacity 13510K, committed 13568K, reserved 1048576K
}
Event: 69.718 GC heap before
{Heap before GC invocations=89 (full 5):
 PSYoungGen      total 618496K, used 618376K [0x00000000d5f00000, 0x0000000100000000, 0x0000000100000000)
  eden space 566272K, 100% used [0x00000000d5f00000,0x00000000f8800000,0x00000000f8800000)
  from space 52224K, 99% used [0x00000000f8800000,0x00000000fbae2210,0x00000000fbb00000)
  to   space 64512K, 0% used [0x00000000fc100000,0x00000000fc100000,0x0000000100000000)
 ParOldGen       total 321536K, used 283266K [0x0000000081c00000, 0x0000000095600000, 0x00000000d5f00000)
  object space 321536K, 88% used [0x0000000081c00000,0x00000000930a0880,0x0000000095600000)
 Metaspace       used 71905K, capacity 79040K, committed 79104K, reserved 1114112K
  class space    used 11302K, capacity 13563K, committed 13568K, reserved 1048576K
Event: 69.779 GC heap after
Heap after GC invocations=89 (full 5):
 PSYoungGen      total 627200K, used 35419K [0x00000000d5f00000, 0x0000000100000000, 0x0000000100000000)
  eden space 562688K, 0% used [0x00000000d5f00000,0x00000000d5f00000,0x00000000f8480000)
  from space 64512K, 54% used [0x00000000fc100000,0x00000000fe396c00,0x0000000100000000)
  to   space 61952K, 0% used [0x00000000f8480000,0x00000000f8480000,0x00000000fc100000)
 ParOldGen       total 321536K, used 283546K [0x0000000081c00000, 0x0000000095600000, 0x00000000d5f00000)
  object space 321536K, 88% used [0x0000000081c00000,0x00000000930e6890,0x0000000095600000)
 Metaspace       used 71905K, capacity 79040K, committed 79104K, reserved 1114112K
  class space    used 11302K, capacity 13563K, committed 13568K, reserved 1048576K
}
Event: 70.236 GC heap before
{Heap before GC invocations=90 (full 5):
 PSYoungGen      total 627200K, used 598107K [0x00000000d5f00000, 0x0000000100000000, 0x0000000100000000)
  eden space 562688K, 100% used [0x00000000d5f00000,0x00000000f8480000,0x00000000f8480000)
  from space 64512K, 54% used [0x00000000fc100000,0x00000000fe396c00,0x0000000100000000)
  to   space 61952K, 0% used [0x00000000f8480000,0x00000000f8480000,0x00000000fc100000)
 ParOldGen       total 321536K, used 283546K [0x0000000081c00000, 0x0000000095600000, 0x00000000d5f00000)
  object space 321536K, 88% used [0x0000000081c00000,0x00000000930e6890,0x0000000095600000)
 Metaspace       used 72175K, capacity 79300K, committed 79488K, reserved 1116160K
  class space    used 11344K, capacity 13613K, committed 13696K, reserved 1048576K
Event: 70.320 GC heap after
Heap after GC invocations=90 (full 5):
 PSYoungGen      total 624640K, used 41926K [0x00000000d5f00000, 0x00000000ffd80000, 0x0000000100000000)
  eden space 562688K, 0% used [0x00000000d5f00000,0x00000000d5f00000,0x00000000f8480000)
  from space 61952K, 67% used [0x00000000f8480000,0x00000000fad71be8,0x00000000fc100000)
  to   space 61952K, 0% used [0x00000000fc100000,0x00000000fc100000,0x00000000ffd80000)
 ParOldGen       total 321536K, used 283714K [0x0000000081c00000, 0x0000000095600000, 0x00000000d5f00000)
  object space 321536K, 88% used [0x0000000081c00000,0x00000000931108a0,0x0000000095600000)
 Metaspace       used 72175K, capacity 79300K, committed 79488K, reserved 1116160K
  class space    used 11344K, capacity 13613K, committed 13696K, reserved 1048576K
}
Event: 70.710 GC heap before
{Heap before GC invocations=91 (full 5):
 PSYoungGen      total 624640K, used 604614K [0x00000000d5f00000, 0x00000000ffd80000, 0x0000000100000000)
  eden space 562688K, 100% used [0x00000000d5f00000,0x00000000f8480000,0x00000000f8480000)
  from space 61952K, 67% used [0x00000000f8480000,0x00000000fad71be8,0x00000000fc100000)
  to   space 61952K, 0% used [0x00000000fc100000,0x00000000fc100000,0x00000000ffd80000)
 ParOldGen       total 321536K, used 283714K [0x0000000081c00000, 0x0000000095600000, 0x00000000d5f00000)
  object space 321536K, 88% used [0x0000000081c00000,0x00000000931108a0,0x0000000095600000)
 Metaspace       used 72451K, capacity 79580K, committed 79744K, reserved 1116160K
  class space    used 11385K, capacity 13637K, committed 13696K, reserved 1048576K
Event: 70.758 GC heap after
Heap after GC invocations=91 (full 5):
 PSYoungGen      total 625152K, used 31541K [0x00000000d5f00000, 0x00000000ffc00000, 0x0000000100000000)
  eden space 564736K, 0% used [0x00000000d5f00000,0x00000000d5f00000,0x00000000f8680000)
  from space 60416K, 52% used [0x00000000fc100000,0x00000000fdfcd730,0x00000000ffc00000)
  to   space 59904K, 0% used [0x00000000f8680000,0x00000000f8680000,0x00000000fc100000)
 ParOldGen       total 321536K, used 284851K [0x0000000081c00000, 0x0000000095600000, 0x00000000d5f00000)
  object space 321536K, 88% used [0x0000000081c00000,0x000000009322cef8,0x0000000095600000)
 Metaspace       used 72451K, capacity 79580K, committed 79744K, reserved 1116160K
  class space    used 11385K, capacity 13637K, committed 13696K, reserved 1048576K
}
Event: 71.244 GC heap before
{Heap before GC invocations=92 (full 5):
 PSYoungGen      total 625152K, used 596277K [0x00000000d5f00000, 0x00000000ffc00000, 0x0000000100000000)
  eden space 564736K, 100% used [0x00000000d5f00000,0x00000000f8680000,0x00000000f8680000)
  from space 60416K, 52% used [0x00000000fc100000,0x00000000fdfcd730,0x00000000ffc00000)
  to   space 59904K, 0% used [0x00000000f8680000,0x00000000f8680000,0x00000000fc100000)
 ParOldGen       total 321536K, used 284851K [0x0000000081c00000, 0x0000000095600000, 0x00000000d5f00000)
  object space 321536K, 88% used [0x0000000081c00000,0x000000009322cef8,0x0000000095600000)
 Metaspace       used 73199K, capacity 80552K, committed 80768K, reserved 1116160K
  class space    used 11501K, capacity 13825K, committed 13952K, reserved 1048576K
Event: 71.317 GC heap after
Heap after GC invocations=92 (full 5):
 PSYoungGen      total 624640K, used 44540K [0x00000000d5f00000, 0x0000000100000000, 0x0000000100000000)
  eden space 564736K, 0% used [0x00000000d5f00000,0x00000000d5f00000,0x00000000f8680000)
  from space 59904K, 74% used [0x00000000f8680000,0x00000000fb1ff2b8,0x00000000fc100000)
  to   space 60928K, 0% used [0x00000000fc480000,0x00000000fc480000,0x0000000100000000)
 ParOldGen       total 321536K, used 285027K [0x0000000081c00000, 0x0000000095600000, 0x00000000d5f00000)
  object space 321536K, 88% used [0x0000000081c00000,0x0000000093258ef8,0x0000000095600000)
 Metaspace       used 73199K, capacity 80552K, committed 80768K, reserved 1116160K
  class space    used 11501K, capacity 13825K, committed 13952K, reserved 1048576K
}

Deoptimization events (10 events):
Event: 71.154 Thread 0x000000001c99f000 Uncommon trap: reason=bimorphic action=maybe_recompile pc=0x00000000037e9624 method=java.lang.ClassLoader.getResource(Ljava/lang/String;)Ljava/net/URL; @ 30
Event: 71.184 Thread 0x000000001a3b0000 Uncommon trap: reason=bimorphic action=maybe_recompile pc=0x00000000037e9624 method=java.lang.ClassLoader.getResource(Ljava/lang/String;)Ljava/net/URL; @ 30
Event: 71.193 Thread 0x000000001c99f000 Uncommon trap: reason=bimorphic action=maybe_recompile pc=0x00000000037e9624 method=java.lang.ClassLoader.getResource(Ljava/lang/String;)Ljava/net/URL; @ 30
Event: 71.200 Thread 0x000000001a3b0000 Uncommon trap: reason=bimorphic action=maybe_recompile pc=0x00000000037e9624 method=java.lang.ClassLoader.getResource(Ljava/lang/String;)Ljava/net/URL; @ 30
Event: 71.201 Thread 0x000000001c99f000 Uncommon trap: reason=bimorphic action=maybe_recompile pc=0x00000000037e9624 method=java.lang.ClassLoader.getResource(Ljava/lang/String;)Ljava/net/URL; @ 30
Event: 71.380 Thread 0x000000001a3b0800 Uncommon trap: reason=class_check action=maybe_recompile pc=0x0000000003d15974 method=java.util.jar.JarFile.maybeInstantiateVerifier()V @ 79
Event: 71.394 Thread 0x000000001a3b0800 Uncommon trap: reason=unstable_if action=reinterpret pc=0x00000000030becd0 method=java.io.ByteArrayInputStream.read()I @ 8
Event: 71.483 Thread 0x000000001c99f000 Uncommon trap: reason=unloaded action=reinterpret pc=0x000000000414b21c method=com.google.gson.internal.bind.TypeAdapters$29.read(Lcom/google/gson/stream/JsonReader;)Lcom/google/gson/JsonElement; @ 120
Event: 71.484 Thread 0x000000001c99f000 Uncommon trap: reason=null_check action=make_not_entrant pc=0x0000000002d6d174 method=com.google.gson.JsonPrimitive.isPrimitiveOrString(Ljava/lang/Object;)Z @ 39
Event: 71.484 Thread 0x000000001c99f000 Uncommon trap: reason=unstable_if action=reinterpret pc=0x000000000357c86c method=com.google.gson.stream.JsonReader.nextString()Ljava/lang/String; @ 82

Internal exceptions (10 events):
Event: 71.467 Thread 0x000000001a3b0000 Exception <a 'sun/nio/fs/WindowsException'> (0x00000000d5f37770) thrown at [C:\re\workspace\8-2-build-windows-amd64-cygwin\jdk8u51\3951\hotspot\src\share\vm\prims\jni.cpp, line 709]
Event: 71.468 Thread 0x000000001a3b0000 Exception <a 'sun/nio/fs/WindowsException'> (0x00000000d5f383b8) thrown at [C:\re\workspace\8-2-build-windows-amd64-cygwin\jdk8u51\3951\hotspot\src\share\vm\prims\jni.cpp, line 709]
Event: 71.468 Thread 0x000000001a3b0000 Exception <a 'sun/nio/fs/WindowsException'> (0x00000000d5f387f8) thrown at [C:\re\workspace\8-2-build-windows-amd64-cygwin\jdk8u51\3951\hotspot\src\share\vm\prims\jni.cpp, line 709]
Event: 71.469 Thread 0x000000001a3b0000 Exception <a 'sun/nio/fs/WindowsException'> (0x00000000d5f426e8) thrown at [C:\re\workspace\8-2-build-windows-amd64-cygwin\jdk8u51\3951\hotspot\src\share\vm\prims\jni.cpp, line 709]
Event: 71.469 Thread 0x000000001a3b0000 Exception <a 'sun/nio/fs/WindowsException'> (0x00000000d5f42c48) thrown at [C:\re\workspace\8-2-build-windows-amd64-cygwin\jdk8u51\3951\hotspot\src\share\vm\prims\jni.cpp, line 709]
Event: 71.469 Thread 0x000000001a3b0000 Exception <a 'sun/nio/fs/WindowsException'> (0x00000000d5f43980) thrown at [C:\re\workspace\8-2-build-windows-amd64-cygwin\jdk8u51\3951\hotspot\src\share\vm\prims\jni.cpp, line 709]
Event: 71.469 Thread 0x000000001a3b0000 Exception <a 'sun/nio/fs/WindowsException'> (0x00000000d5f43ee0) thrown at [C:\re\workspace\8-2-build-windows-amd64-cygwin\jdk8u51\3951\hotspot\src\share\vm\prims\jni.cpp, line 709]
Event: 71.470 Thread 0x000000001a3b0000 Exception <a 'sun/nio/fs/WindowsException'> (0x00000000d5f44b68) thrown at [C:\re\workspace\8-2-build-windows-amd64-cygwin\jdk8u51\3951\hotspot\src\share\vm\prims\jni.cpp, line 709]
Event: 71.470 Thread 0x000000001a3b0000 Exception <a 'sun/nio/fs/WindowsException'> (0x00000000d5f45168) thrown at [C:\re\workspace\8-2-build-windows-amd64-cygwin\jdk8u51\3951\hotspot\src\share\vm\prims\jni.cpp, line 709]
Event: 71.484 Thread 0x000000001a3b0000 Exception <a 'sun/nio/fs/WindowsException'> (0x00000000d5fd5cb0) thrown at [C:\re\workspace\8-2-build-windows-amd64-cygwin\jdk8u51\3951\hotspot\src\share\vm\prims\jni.cpp, line 709]

Events (10 events):
Event: 71.499 Thread 0x000000001c99f000 DEOPT PACKING pc=0x000000000312dd34 sp=0x000000002b79e630
Event: 71.499 Thread 0x000000001c99f000 DEOPT UNPACKING pc=0x0000000002bc787f sp=0x000000002b79e3e0 mode 0
Event: 71.506 Thread 0x000000001c99f000 DEOPT PACKING pc=0x000000000312dd34 sp=0x000000002b79e830
Event: 71.506 Thread 0x000000001c99f000 DEOPT UNPACKING pc=0x0000000002bc787f sp=0x000000002b79e5e0 mode 0
Event: 71.511 Thread 0x000000001c99f000 DEOPT PACKING pc=0x000000000312dd34 sp=0x000000002b79e6b0
Event: 71.511 Thread 0x000000001c99f000 DEOPT UNPACKING pc=0x0000000002bc787f sp=0x000000002b79e460 mode 0
Event: 71.516 Thread 0x000000001c99f000 DEOPT PACKING pc=0x000000000312dd34 sp=0x000000002b79e5b0
Event: 71.517 Thread 0x000000001c99f000 DEOPT UNPACKING pc=0x0000000002bc787f sp=0x000000002b79e360 mode 0
Event: 71.523 Thread 0x000000001c99f000 DEOPT PACKING pc=0x000000000312dd34 sp=0x000000002b79e5b0
Event: 71.523 Thread 0x000000001c99f000 DEOPT UNPACKING pc=0x0000000002bc787f sp=0x000000002b79e360 mode 0


Dynamic libraries:
0x00007ff7c9df0000 - 0x00007ff7c9e27000 	C:\Program Files (x86)\Minecraft\runtime\jre-x64\bin\java.exe
0x00007fff75890000 - 0x00007fff75a86000 	C:\WINDOWS\SYSTEM32\ntdll.dll
0x00007fff74f50000 - 0x00007fff7500d000 	C:\WINDOWS\System32\KERNEL32.DLL
0x00007fff73320000 - 0x00007fff735e8000 	C:\WINDOWS\System32\KERNELBASE.dll
0x00007fff74940000 - 0x00007fff749ea000 	C:\WINDOWS\System32\ADVAPI32.dll
0x00007fff748a0000 - 0x00007fff7493e000 	C:\WINDOWS\System32\msvcrt.dll
0x00007fff74100000 - 0x00007fff7419b000 	C:\WINDOWS\System32\sechost.dll
0x00007fff753f0000 - 0x00007fff75514000 	C:\WINDOWS\System32\RPCRT4.dll
0x00007fff75520000 - 0x00007fff756c0000 	C:\WINDOWS\System32\USER32.dll
0x00007fff732f0000 - 0x00007fff73312000 	C:\WINDOWS\System32\win32u.dll
0x00007fff749f0000 - 0x00007fff74a1a000 	C:\WINDOWS\System32\GDI32.dll
0x00007fff73110000 - 0x00007fff73219000 	C:\WINDOWS\System32\gdi32full.dll
0x00007fff73750000 - 0x00007fff737ed000 	C:\WINDOWS\System32\msvcp_win.dll
0x00007fff72fe0000 - 0x00007fff730e0000 	C:\WINDOWS\System32\ucrtbase.dll
0x00007fff58400000 - 0x00007fff5869b000 	C:\WINDOWS\WinSxS\amd64_microsoft.windows.common-controls_6595b64144ccf1df_6.0.19041.488_none_ca04af081b815d21\COMCTL32.dll
0x00007fff73960000 - 0x00007fff73990000 	C:\WINDOWS\System32\IMM32.DLL
0x00000000663d0000 - 0x00000000664a2000 	C:\Program Files (x86)\Minecraft\runtime\jre-x64\bin\msvcr100.dll
0x00000000657b0000 - 0x0000000066033000 	C:\Program Files (x86)\Minecraft\runtime\jre-x64\bin\server\jvm.dll
0x00007fff75720000 - 0x00007fff75728000 	C:\WINDOWS\System32\PSAPI.DLL
0x00007fff6bc80000 - 0x00007fff6bca7000 	C:\WINDOWS\SYSTEM32\WINMM.dll
0x00007fff4f150000 - 0x00007fff4f159000 	C:\WINDOWS\SYSTEM32\WSOCK32.dll
0x00007fff6ba30000 - 0x00007fff6ba3a000 	C:\WINDOWS\SYSTEM32\VERSION.dll
0x00007fff74830000 - 0x00007fff7489b000 	C:\WINDOWS\System32\WS2_32.dll
0x00000000663c0000 - 0x00000000663cf000 	C:\Program Files (x86)\Minecraft\runtime\jre-x64\bin\verify.dll
0x0000000066390000 - 0x00000000663b9000 	C:\Program Files (x86)\Minecraft\runtime\jre-x64\bin\java.dll
0x0000000066360000 - 0x0000000066383000 	C:\Program Files (x86)\Minecraft\runtime\jre-x64\bin\instrument.dll
0x0000000066340000 - 0x0000000066356000 	C:\Program Files (x86)\Minecraft\runtime\jre-x64\bin\zip.dll
0x00007fff739a0000 - 0x00007fff740e0000 	C:\WINDOWS\System32\SHELL32.dll
0x00007fff70f00000 - 0x00007fff71694000 	C:\WINDOWS\SYSTEM32\windows.storage.dll
0x00007fff75010000 - 0x00007fff75365000 	C:\WINDOWS\System32\combase.dll
0x00007fff728b0000 - 0x00007fff728dc000 	C:\WINDOWS\SYSTEM32\Wldp.dll
0x00007fff74ea0000 - 0x00007fff74f4e000 	C:\WINDOWS\System32\SHCORE.dll
0x00007fff744d0000 - 0x00007fff74525000 	C:\WINDOWS\System32\shlwapi.dll
0x00007fff72f10000 - 0x00007fff72f36000 	C:\WINDOWS\SYSTEM32\profapi.dll
0x00007fff690c0000 - 0x00007fff690da000 	C:\Users\ervin_1nmnhvl\AppData\Local\JetBrains\Toolbox\apps\IDEA-U\ch-0\202.6397.94\bin\breakgen64.dll
0x0000000066320000 - 0x000000006633a000 	C:\Program Files (x86)\Minecraft\runtime\jre-x64\bin\net.dll
0x00007fff726a0000 - 0x00007fff7270a000 	C:\WINDOWS\system32\mswsock.dll
0x0000000066310000 - 0x000000006631d000 	C:\Program Files (x86)\Minecraft\runtime\jre-x64\bin\management.dll
0x00007fff66e30000 - 0x00007fff66e47000 	C:\WINDOWS\system32\napinsp.dll
0x00007fff62b80000 - 0x00007fff62b9b000 	C:\WINDOWS\system32\pnrpnsp.dll
0x00007fff6dcc0000 - 0x00007fff6dcd5000 	C:\WINDOWS\system32\wshbth.dll
0x00007fff6e560000 - 0x00007fff6e57d000 	C:\WINDOWS\system32\NLAapi.dll
0x00007fff723b0000 - 0x00007fff723eb000 	C:\WINDOWS\SYSTEM32\IPHLPAPI.DLL
0x00007fff723f0000 - 0x00007fff724bb000 	C:\WINDOWS\SYSTEM32\DNSAPI.dll
0x00007fff73990000 - 0x00007fff73999000 	C:\WINDOWS\System32\NSI.dll
0x00007fff66e50000 - 0x00007fff66e62000 	C:\WINDOWS\System32\winrnr.dll
0x00007fff63da0000 - 0x00007fff63daa000 	C:\Windows\System32\rasadhlp.dll
0x00007fff66f40000 - 0x00007fff66fbf000 	C:\WINDOWS\System32\fwpuclnt.dll
0x00007fff730e0000 - 0x00007fff73107000 	C:\WINDOWS\System32\bcrypt.dll
0x00000000662f0000 - 0x0000000066301000 	C:\Program Files (x86)\Minecraft\runtime\jre-x64\bin\nio.dll
0x00000000662c0000 - 0x00000000662e4000 	C:\Program Files (x86)\Minecraft\runtime\jre-x64\bin\sunec.dll
0x00007fff72c40000 - 0x00007fff72c58000 	C:\WINDOWS\SYSTEM32\CRYPTSP.dll
0x00007fff71f50000 - 0x00007fff71f84000 	C:\WINDOWS\system32\rsaenh.dll
0x00007fff72ed0000 - 0x00007fff72efe000 	C:\WINDOWS\SYSTEM32\USERENV.dll
0x00007fff73220000 - 0x00007fff7329f000 	C:\WINDOWS\System32\bcryptprimitives.dll
0x00007fff72820000 - 0x00007fff7282c000 	C:\WINDOWS\SYSTEM32\CRYPTBASE.dll
0x00007fff69fe0000 - 0x00007fff69ff7000 	C:\WINDOWS\SYSTEM32\dhcpcsvc6.DLL
0x00007fff69ec0000 - 0x00007fff69edd000 	C:\WINDOWS\SYSTEM32\dhcpcsvc.DLL
0x00007fff38970000 - 0x00007fff389e2000 	C:\Users\ervin_1nmnhvl\AppData\Local\Temp\lwjglervin_1nmnhvl\3.2.2-build-10\lwjgl.dll
0x00007fff2a970000 - 0x00007fff2abc1000 	C:\Users\ERVIN_~1\AppData\Local\Temp\lwjglervin_1nmnhvl\3.2.2-build-10\jemalloc.dll
0x00007fff38910000 - 0x00007fff3896e000 	C:\Users\ERVIN_~1\AppData\Local\Temp\lwjglervin_1nmnhvl\3.2.2-build-10\glfw.dll
0x00007fff70860000 - 0x00007fff708ff000 	C:\WINDOWS\system32\uxtheme.dll
0x00007fff399d0000 - 0x00007fff39a15000 	C:\WINDOWS\SYSTEM32\dinput8.dll
0x00007fff5d7b0000 - 0x00007fff5d7c1000 	C:\WINDOWS\SYSTEM32\xinput1_4.dll
0x00007fff732a0000 - 0x00007fff732ee000 	C:\WINDOWS\System32\cfgmgr32.dll
0x00007fff72d20000 - 0x00007fff72d4c000 	C:\WINDOWS\SYSTEM32\DEVOBJ.dll
0x00007fff70a30000 - 0x00007fff70a5f000 	C:\WINDOWS\SYSTEM32\dwmapi.dll
0x00007fff62f60000 - 0x00007fff630b2000 	C:\WINDOWS\SYSTEM32\inputhost.dll
0x00007fff74350000 - 0x00007fff7441d000 	C:\WINDOWS\System32\OLEAUT32.dll
0x00007fff70380000 - 0x00007fff70472000 	C:\WINDOWS\SYSTEM32\CoreMessaging.dll
0x00007fff6e620000 - 0x00007fff6e717000 	C:\WINDOWS\SYSTEM32\PROPSYS.dll
0x00007fff6f950000 - 0x00007fff6faa6000 	C:\WINDOWS\SYSTEM32\wintypes.dll
0x00007fff70020000 - 0x00007fff7037e000 	C:\WINDOWS\SYSTEM32\CoreUIComponents.dll
0x00007fff71be0000 - 0x00007fff71c13000 	C:\WINDOWS\SYSTEM32\ntmarta.dll
0x00007fff71780000 - 0x00007fff71792000 	C:\WINDOWS\SYSTEM32\kernel.appcore.dll
0x00007fff75730000 - 0x00007fff75845000 	C:\WINDOWS\System32\MSCTF.dll
0x00007fff716a0000 - 0x00007fff716ad000 	C:\WINDOWS\SYSTEM32\HID.DLL
0x00007fff74a20000 - 0x00007fff74e87000 	C:\WINDOWS\System32\SETUPAPI.DLL
0x00007fff738a0000 - 0x00007fff73900000 	C:\WINDOWS\System32\WINTRUST.dll
0x00007fff735f0000 - 0x00007fff7374d000 	C:\WINDOWS\System32\CRYPT32.dll
0x00007fff72d00000 - 0x00007fff72d12000 	C:\WINDOWS\SYSTEM32\MSASN1.dll
0x00007fff38cb0000 - 0x00007fff38dd5000 	C:\WINDOWS\SYSTEM32\opengl32.dll
0x00007fff4b360000 - 0x00007fff4b38c000 	C:\WINDOWS\SYSTEM32\GLU32.dll
0x00007fff74420000 - 0x00007fff744c9000 	C:\WINDOWS\System32\clbcatq.dll
0x00007fff28540000 - 0x00007fff291c4000 	C:\WINDOWS\SYSTEM32\ig4icd64.dll
0x00007fff717f0000 - 0x00007fff718e3000 	C:\WINDOWS\SYSTEM32\dxgi.dll
0x00007fff6eff0000 - 0x00007fff6f254000 	C:\WINDOWS\SYSTEM32\d3d11.dll
0x00007fff3fa20000 - 0x00007fff40670000 	C:\WINDOWS\SYSTEM32\igd10umd64.dll
0x00007fff69460000 - 0x00007fff6949b000 	C:\WINDOWS\SYSTEM32\dxcore.dll
0x00007fff38360000 - 0x00007fff383df000 	C:\Users\ervin_1nmnhvl\AppData\Local\Temp\lwjglervin_1nmnhvl\3.2.2-build-10\lwjgl_stb.dll
0x00007fff6d790000 - 0x00007fff6d83e000 	C:\WINDOWS\SYSTEM32\mscms.dll
0x00007fff6d3b0000 - 0x00007fff6d3c1000 	C:\WINDOWS\SYSTEM32\ColorAdapterClient.dll
0x00007fff388c0000 - 0x00007fff38903000 	C:\WINDOWS\SYSTEM32\icm32.dll
0x00007fff630c0000 - 0x00007fff631bc000 	C:\WINDOWS\SYSTEM32\textinputframework.dll
0x00007fff38300000 - 0x00007fff38358000 	C:\Users\ervin_1nmnhvl\AppData\Local\Temp\lwjglervin_1nmnhvl\3.2.2-build-10\lwjgl_opengl.dll
0x00007fff36b90000 - 0x00007fff36bd2000 	C:\Users\ervin_1nmnhvl\AppData\Local\Temp\jna-2118671535\jna5925376514461552388.dll
0x00007fff45a60000 - 0x00007fff45a7a000 	C:\save\modding\ervin_mod_1\build\natives\SAPIWrapper_x64.dll
0x00007fff74700000 - 0x00007fff7482a000 	C:\WINDOWS\System32\ole32.dll
0x00007fff35ef0000 - 0x00007fff36074000 	C:\WINDOWS\System32\Speech\Common\sapi.dll
0x00007fff61550000 - 0x00007fff6155b000 	C:\WINDOWS\SYSTEM32\msdmo.dll
0x00007fff358a0000 - 0x00007fff358be000 	C:\WINDOWS\SYSTEM32\MSACM32.dll
0x00007fff4ca60000 - 0x00007fff4ca86000 	C:\WINDOWS\SYSTEM32\winmmbase.dll
0x00007fff646f0000 - 0x00007fff64775000 	C:\WINDOWS\System32\MMDevApi.dll

VM Arguments:
jvm_args: -Dforge.logging.console.level=debug -Dforge.logging.markers=SCAN,REGISTRIES,REGISTRYDUMP -XX:HeapDumpPath=MojangTricksIntelDriversForPerformance_javaw.exe_minecraft.exe.heapdump -Dos.name=Windows 10 -Dos.version=10.0 -javaagent:C:\Users\ervin_1nmnhvl\AppData\Local\JetBrains\Toolbox\apps\IDEA-U\ch-0\202.6397.94\lib\idea_rt.jar=53820:C:\Users\ervin_1nmnhvl\AppData\Local\JetBrains\Toolbox\apps\IDEA-U\ch-0\202.6397.94\bin -Dfile.encoding=UTF-8 
java_command: net.minecraftforge.userdev.LaunchTesting
java_class_path (initial): C:\Program Files (x86)\Minecraft\runtime\jre-x64\lib\charsets.jar;C:\Program Files (x86)\Minecraft\runtime\jre-x64\lib\deploy.jar;C:\Program Files (x86)\Minecraft\runtime\jre-x64\lib\ext\access-bridge-64.jar;C:\Program Files (x86)\Minecraft\runtime\jre-x64\lib\ext\cldrdata.jar;C:\Program Files (x86)\Minecraft\runtime\jre-x64\lib\ext\dnsns.jar;C:\Program Files (x86)\Minecraft\runtime\jre-x64\lib\ext\jaccess.jar;C:\Program Files (x86)\Minecraft\runtime\jre-x64\lib\ext\jfxrt.jar;C:\Program Files (x86)\Minecraft\runtime\jre-x64\lib\ext\localedata.jar;C:\Program Files (x86)\Minecraft\runtime\jre-x64\lib\ext\nashorn.jar;C:\Program Files (x86)\Minecraft\runtime\jre-x64\lib\ext\sunec.jar;C:\Program Files (x86)\Minecraft\runtime\jre-x64\lib\ext\sunjce_provider.jar;C:\Program Files (x86)\Minecraft\runtime\jre-x64\lib\ext\sunmscapi.jar;C:\Program Files (x86)\Minecraft\runtime\jre-x64\lib\ext\sunpkcs11.jar;C:\Program Files (x86)\Minecraft\runtime\jre-x64\lib\ext\zipfs.jar;C:\Program Files (x86)\Minecraft\runtime\jre-x64\lib\javaws.jar;C:\Program Files (x86)\Minecraft\runtime\jre-x64\lib\jce.jar;C:\Program Files (x86)\Minecraft\runtime\jre-x64\lib\jfr.jar;C:\Program Files (x86)\Minecraft\runtime\jre-x64\lib\jfxswt.jar;C:\Program Files (x86)\Minecraft\runtime\jre-x64\lib\jsse.jar;C:\Program Files (x86)\Minecraft\runtime\jre-x64\lib\management-agent.jar;C:\Program Files (x86)\Minecraft\runtime\jre-x64\lib\plugin.jar;C:\Program Files (x86)\Minecraft\runtime\jre-x64\lib\resources.jar;C:\Program Files (x86)\Minecraft\runtime\jre-x64\lib\rt.jar;C:\save\modding\ervin_mod_1\build\classes\java\main;C:\save\modding\ervin_mod_1\build\resources\main;C:\Users\ervin_1nmnhvl\.gradle\caches\forge_gradle\minecraft_user_repo\net\minecraftforge\forge\1.16.1-32.0.75_mapped_snapshot_20200723-1.16.1\forge-1.16.1-32.0.75_mapped_snapshot_20200723-1.16.1-recomp.jar;C:\Users\ervin_1nmnhvl\.gradle\caches\forge_gradle\minecraft_user_repo\net\minecraftforge\forge\1.16.1-32.0.75_
Launcher Type: SUN_STANDARD

Environment Variables:
JAVA_HOME=C:\Program Files\Java\jdk-11.0.4
PATH=C:\Program Files\Docker\Docker\Resources\bin;C:\ProgramData\Oracle\Java\javapath;C:\WINDOWS\system32;C:\WINDOWS;C:\WINDOWS\System32\Wbem;C:\WINDOWS\System32\WindowsPowerShell\v1.0\;C:\Program Files (x86)\cloudControl;C:\Program Files\Git\cmd;C:\bin;C:\Program Files (x86)\Windows Kits\8.1\Windows Performance Toolkit\;C:\Program Files (x86)\PuTTY\;C:\Program Files (x86)\Nodist\bin;G:\save\sdk\android\tools;G:\save\sdk\android\platform-tools;C:\boxfuse;C:\Program Files (x86)\Skype\Phone\;C:\Program Files (x86)\GtkSharp\2.12\bin;C:\Program Files (x86)\IVI Foundation\VISA\WinNT\Bin;C:\WINDOWS\system32;C:\WINDOWS;C:\WINDOWS\System32\Wbem;C:\WINDOWS\System32\WindowsPowerShell\v1.0\;;C:\WINDOWS\System32\OpenSSH\;C:\Users\ervin_1nmnhvl\AppData\Local\Microsoft\WindowsApps;
USERNAME=ervin_1nmnhvl
OS=Windows_NT
PROCESSOR_IDENTIFIER=Intel64 Family 6 Model 42 Stepping 7, GenuineIntel



---------------  S Y S T E M  ---------------

OS: Windows 10.0 , 64 bit Build 19041 (10.0.19041.546)

CPU:total 4 (2 cores per cpu, 2 threads per core) family 6 model 42 stepping 7, cmov, cx8, fxsr, mmx, sse, sse2, sse3, ssse3, sse4.1, sse4.2, popcnt, avx, aes, clmul, ht, tsc, tscinvbit

Memory: 4k page, physical 8266764k(230464k free), swap 10363916k(4104k free)

vm_info: Java HotSpot(TM) 64-Bit Server VM (25.51-b03) for windows-amd64 JRE (1.8.0_51-b16), built on Jun  8 2015 18:03:07 by "java_re" with MS VC++ 10.0 (VS2010)

time: Sat Oct 24 16:02:14 2020
elapsed time: 71 seconds (0d 0h 1m 11s)

