#
# There is insufficient memory for the Java Runtime Environment to continue.
# Native memory allocation (malloc) failed to allocate 1518576 bytes for Chunk::new
# Possible reasons:
#   The system is out of physical RAM or swap space
#   In 32 bit mode, the process size limit was hit
# Possible solutions:
#   Reduce memory load on the system
#   Increase physical memory or swap space
#   Check if swap backing store is full
#   Use 64 bit Java on a 64 bit OS
#   Decrease Java heap size (-Xmx/-Xms)
#   Decrease number of Java threads
#   Decrease Java thread stack sizes (-Xss)
#   Set larger code cache with -XX:ReservedCodeCacheSize=
# This output file may be truncated or incomplete.
#
#  Out of Memory Error (allocation.cpp:390), pid=10608, tid=20444
#
# JRE version: Java(TM) SE Runtime Environment (8.0_51-b16) (build 1.8.0_51-b16)
# Java VM: Java HotSpot(TM) 64-Bit Server VM (25.51-b03 mixed mode windows-amd64 compressed oops)
# Failed to write core dump. Minidumps are not enabled by default on client versions of Windows
#

---------------  T H R E A D  ---------------

Current thread (0x0000000019323000):  JavaThread "C2 CompilerThread1" daemon [_thread_in_native, id=20444, stack(0x0000000019560000,0x0000000019660000)]

Stack: [0x0000000019560000,0x0000000019660000]
Native frames: (J=compiled Java code, j=interpreted, Vv=VM code, C=native code)
V  [jvm.dll+0x32b4ca]
V  [jvm.dll+0x2797e3]
V  [jvm.dll+0x27a479]
V  [jvm.dll+0x271765]
V  [jvm.dll+0xcba02]
V  [jvm.dll+0xcbecc]
V  [jvm.dll+0x476f72]
V  [jvm.dll+0x4b95ff]
V  [jvm.dll+0x46c011]
V  [jvm.dll+0x46cd4e]
V  [jvm.dll+0x4501a2]
V  [jvm.dll+0xa43a2]
V  [jvm.dll+0xa4cdf]
V  [jvm.dll+0x2418a4]
V  [jvm.dll+0x29846a]
C  [msvcr100.dll+0x21d9f]
C  [msvcr100.dll+0x21e3b]
C  [KERNEL32.DLL+0x16fd4]
C  [ntdll.dll+0x4cec1]


Current CompileTask:
C2:  76264 9348       4       com.google.gson.internal.bind.TypeAdapters$29::read (209 bytes)


---------------  P R O C E S S  ---------------

Java Threads: ( => current thread )
  0x0000000019e6f800 JavaThread "modloading-worker-0" daemon [_thread_blocked, id=11512, stack(0x000000002b400000,0x000000002b500000)]
  0x0000000019e76800 JavaThread "modloading-worker-3" daemon [_thread_blocked, id=15516, stack(0x000000002b300000,0x000000002b400000)]
  0x0000000019e71000 JavaThread "modloading-worker-2" daemon [_thread_blocked, id=18300, stack(0x000000002b200000,0x000000002b300000)]
  0x0000000019e75800 JavaThread "modloading-worker-1" daemon [_thread_in_vm, id=12812, stack(0x0000000029780000,0x0000000029880000)]
  0x0000000019e73800 JavaThread "Narrator" [_thread_blocked, id=18224, stack(0x0000000027a70000,0x0000000027b70000)]
  0x0000000019e72800 JavaThread "Sound engine" daemon [_thread_blocked, id=22028, stack(0x0000000027530000,0x0000000027630000)]
  0x0000000021d60800 JavaThread "Timer hack thread" daemon [_thread_blocked, id=14324, stack(0x0000000001030000,0x0000000001130000)]
  0x000000001a3be800 JavaThread "Server-Worker-3" daemon [_thread_in_native, id=17824, stack(0x0000000026640000,0x0000000026740000)]
  0x000000001a3be000 JavaThread "Server-Worker-2" daemon [_thread_blocked, id=15612, stack(0x0000000025e70000,0x0000000025f70000)]
  0x00000000231ac800 JavaThread "Server-Worker-1" daemon [_thread_blocked, id=20180, stack(0x0000000022620000,0x0000000022720000)]
  0x0000000025065800 JavaThread "Snooper Timer" daemon [_thread_blocked, id=14000, stack(0x000000001b130000,0x000000001b230000)]
  0x000000001c4f6800 JavaThread "pool-2-thread-1" daemon [_thread_blocked, id=18384, stack(0x00000000209a0000,0x0000000020aa0000)]
  0x000000001a44e000 JavaThread "Thread-2" daemon [_thread_in_native, id=18736, stack(0x000000001ce40000,0x000000001cf40000)]
  0x000000001a44d800 JavaThread "Thread-1" daemon [_thread_blocked, id=12128, stack(0x000000001cd40000,0x000000001ce40000)]
  0x00000000197c7000 JavaThread "Service Thread" daemon [_thread_blocked, id=1664, stack(0x0000000019f60000,0x000000001a060000)]
  0x0000000019325800 JavaThread "C1 CompilerThread2" daemon [_thread_blocked, id=19584, stack(0x0000000019660000,0x0000000019760000)]
=>0x0000000019323000 JavaThread "C2 CompilerThread1" daemon [_thread_in_native, id=20444, stack(0x0000000019560000,0x0000000019660000)]
  0x0000000019322000 JavaThread "C2 CompilerThread0" daemon [_thread_blocked, id=1172, stack(0x0000000019460000,0x0000000019560000)]
  0x00000000192c4000 JavaThread "Monitor Ctrl-Break" daemon [_thread_in_native, id=3800, stack(0x0000000019360000,0x0000000019460000)]
  0x0000000017a06800 JavaThread "Attach Listener" daemon [_thread_blocked, id=17664, stack(0x0000000018e60000,0x0000000018f60000)]
  0x0000000017a05000 JavaThread "Signal Dispatcher" daemon [_thread_blocked, id=4488, stack(0x0000000018d60000,0x0000000018e60000)]
  0x0000000002d3a800 JavaThread "Finalizer" daemon [_thread_blocked, id=3688, stack(0x0000000018c60000,0x0000000018d60000)]
  0x0000000002d37000 JavaThread "Reference Handler" daemon [_thread_blocked, id=14464, stack(0x0000000018b60000,0x0000000018c60000)]
  0x0000000002c42800 JavaThread "Render thread" [_thread_in_native, id=3888, stack(0x0000000002b40000,0x0000000002c40000)]

Other Threads:
  0x0000000002d33000 VMThread [stack: 0x0000000018a60000,0x0000000018b60000] [id=21996]
  0x00000000197cc000 WatcherThread [stack: 0x000000001a060000,0x000000001a160000] [id=5292]

VM state:not at safepoint (normal execution)

VM Mutex/Monitor currently owned by a thread: None

Heap:
 PSYoungGen      total 612864K, used 149418K [0x00000000d5f00000, 0x0000000100000000, 0x0000000100000000)
  eden space 536064K, 27% used [0x00000000d5f00000,0x00000000ded83f90,0x00000000f6a80000)
  from space 76800K, 4% used [0x00000000fb500000,0x00000000fb866b78,0x0000000100000000)
  to   space 76288K, 0% used [0x00000000f6a80000,0x00000000f6a80000,0x00000000fb500000)
 ParOldGen       total 318976K, used 246561K [0x0000000081c00000, 0x0000000095380000, 0x00000000d5f00000)
  object space 318976K, 77% used [0x0000000081c00000,0x0000000090cc8770,0x0000000095380000)
 Metaspace       used 67932K, capacity 74298K, committed 74368K, reserved 1112064K
  class space    used 10486K, capacity 12402K, committed 12416K, reserved 1048576K

Card table byte_map: [0x0000000012290000,0x0000000012690000] byte_map_base: 0x0000000011e82000

Marking Bits: (ParMarkBitMap*) 0x000000006b604040
 Begin Bits: [0x0000000012d40000, 0x0000000014cd0000)
 End Bits:   [0x0000000014cd0000, 0x0000000016c60000)

Polling page: 0x0000000001140000

CodeCache: size=245760Kb used=22018Kb max_used=22430Kb free=223741Kb
 bounds [0x0000000002ed0000, 0x00000000044e0000, 0x0000000011ed0000]
 total_blobs=8496 nmethods=7104 adapters=1303
 compilation: enabled

Compilation events (10 events):
Event: 76.169 Thread 0x0000000019325800 9396       3       net.minecraftforge.fml.packs.ModFileResourcePack::lambda$getAllResourceLocations$3 (20 bytes)
Event: 76.169 Thread 0x0000000019325800 nmethod 9396 0x0000000003987fd0 code [0x0000000003988160, 0x00000000039884e8]
Event: 76.172 Thread 0x0000000019325800 9397       3       sun.nio.fs.WindowsPath::relativize (223 bytes)
Event: 76.177 Thread 0x0000000019325800 nmethod 9397 0x00000000039df5d0 code [0x00000000039df980, 0x00000000039e1e38]
Event: 76.179 Thread 0x0000000019325800 9399       3       sun.nio.fs.WindowsPath$WindowsPathWithAttributes::toAbsolutePath (5 bytes)
Event: 76.180 Thread 0x0000000019322000 nmethod 9391 0x00000000040535d0 code [0x0000000004053760, 0x0000000004053f48]
Event: 76.180 Thread 0x0000000019325800 nmethod 9399 0x0000000003e21810 code [0x0000000003e21980, 0x0000000003e21b08]
Event: 76.180 Thread 0x0000000019322000 9398       4       sun.nio.fs.WindowsPath::getName (47 bytes)
Event: 76.180 Thread 0x0000000019325800 9400       3       sun.nio.fs.WindowsPath::subpath (155 bytes)
Event: 76.182 Thread 0x0000000019325800 nmethod 9400 0x0000000004094350 code [0x0000000004094600, 0x0000000004095ac8]

GC Heap History (10 events):
Event: 70.828 GC heap before
{Heap before GC invocations=81 (full 5):
 PSYoungGen      total 579584K, used 579112K [0x00000000d5f00000, 0x0000000100000000, 0x0000000100000000)
  eden space 531456K, 100% used [0x00000000d5f00000,0x00000000f6600000,0x00000000f6600000)
  from space 48128K, 99% used [0x00000000f6600000,0x00000000f948a2f8,0x00000000f9500000)
  to   space 79360K, 0% used [0x00000000fb280000,0x00000000fb280000,0x0000000100000000)
 ParOldGen       total 318976K, used 237056K [0x0000000081c00000, 0x0000000095380000, 0x00000000d5f00000)
  object space 318976K, 74% used [0x0000000081c00000,0x0000000090380368,0x0000000095380000)
 Metaspace       used 67456K, capacity 73592K, committed 73728K, reserved 1110016K
  class space    used 10401K, capacity 12251K, committed 12288K, reserved 1048576K
Event: 70.922 GC heap after
Heap after GC invocations=81 (full 5):
 PSYoungGen      total 613888K, used 35536K [0x00000000d5f00000, 0x0000000100000000, 0x0000000100000000)
  eden space 534528K, 0% used [0x00000000d5f00000,0x00000000d5f00000,0x00000000f6900000)
  from space 79360K, 44% used [0x00000000fb280000,0x00000000fd5340e0,0x0000000100000000)
  to   space 75264K, 0% used [0x00000000f6900000,0x00000000f6900000,0x00000000fb280000)
 ParOldGen       total 318976K, used 238712K [0x0000000081c00000, 0x0000000095380000, 0x00000000d5f00000)
  object space 318976K, 74% used [0x0000000081c00000,0x000000009051e378,0x0000000095380000)
 Metaspace       used 67456K, capacity 73592K, committed 73728K, reserved 1110016K
  class space    used 10401K, capacity 12251K, committed 12288K, reserved 1048576K
}
Event: 72.367 GC heap before
{Heap before GC invocations=82 (full 5):
 PSYoungGen      total 613888K, used 570064K [0x00000000d5f00000, 0x0000000100000000, 0x0000000100000000)
  eden space 534528K, 100% used [0x00000000d5f00000,0x00000000f6900000,0x00000000f6900000)
  from space 79360K, 44% used [0x00000000fb280000,0x00000000fd5340e0,0x0000000100000000)
  to   space 75264K, 0% used [0x00000000f6900000,0x00000000f6900000,0x00000000fb280000)
 ParOldGen       total 318976K, used 238712K [0x0000000081c00000, 0x0000000095380000, 0x00000000d5f00000)
  object space 318976K, 74% used [0x0000000081c00000,0x000000009051e378,0x0000000095380000)
 Metaspace       used 67610K, capacity 73758K, committed 74112K, reserved 1112064K
  class space    used 10439K, capacity 12298K, committed 12416K, reserved 1048576K
Event: 72.416 GC heap after
Heap after GC invocations=82 (full 5):
 PSYoungGen      total 555520K, used 20866K [0x00000000d5f00000, 0x00000000ff900000, 0x0000000100000000)
  eden space 534528K, 0% used [0x00000000d5f00000,0x00000000d5f00000,0x00000000f6900000)
  from space 20992K, 99% used [0x00000000f6900000,0x00000000f7d60ba8,0x00000000f7d80000)
  to   space 73728K, 0% used [0x00000000fb100000,0x00000000fb100000,0x00000000ff900000)
 ParOldGen       total 318976K, used 239575K [0x0000000081c00000, 0x0000000095380000, 0x00000000d5f00000)
  object space 318976K, 75% used [0x0000000081c00000,0x00000000905f5ca0,0x0000000095380000)
 Metaspace       used 67610K, capacity 73758K, committed 74112K, reserved 1112064K
  class space    used 10439K, capacity 12298K, committed 12416K, reserved 1048576K
}
Event: 73.483 GC heap before
{Heap before GC invocations=83 (full 5):
 PSYoungGen      total 555520K, used 555394K [0x00000000d5f00000, 0x00000000ff900000, 0x0000000100000000)
  eden space 534528K, 100% used [0x00000000d5f00000,0x00000000f6900000,0x00000000f6900000)
  from space 20992K, 99% used [0x00000000f6900000,0x00000000f7d60ba8,0x00000000f7d80000)
  to   space 73728K, 0% used [0x00000000fb100000,0x00000000fb100000,0x00000000ff900000)
 ParOldGen       total 318976K, used 239828K [0x0000000081c00000, 0x0000000095380000, 0x00000000d5f00000)
  object space 318976K, 75% used [0x0000000081c00000,0x00000000906351b0,0x0000000095380000)
 Metaspace       used 67638K, capacity 73806K, committed 74112K, reserved 1112064K
  class space    used 10439K, capacity 12298K, committed 12416K, reserved 1048576K
Event: 73.498 GC heap after
Heap after GC invocations=83 (full 5):
 PSYoungGen      total 606208K, used 384K [0x00000000d5f00000, 0x0000000100000000, 0x0000000100000000)
  eden space 532480K, 0% used [0x00000000d5f00000,0x00000000d5f00000,0x00000000f6700000)
  from space 73728K, 0% used [0x00000000fb100000,0x00000000fb160000,0x00000000ff900000)
  to   space 75776K, 0% used [0x00000000f6700000,0x00000000f6700000,0x00000000fb100000)
 ParOldGen       total 318976K, used 245380K [0x0000000081c00000, 0x0000000095380000, 0x00000000d5f00000)
  object space 318976K, 76% used [0x0000000081c00000,0x0000000090ba11c0,0x0000000095380000)
 Metaspace       used 67638K, capacity 73806K, committed 74112K, reserved 1112064K
  class space    used 10439K, capacity 12298K, committed 12416K, reserved 1048576K
}
Event: 74.383 GC heap before
{Heap before GC invocations=84 (full 5):
 PSYoungGen      total 606208K, used 532864K [0x00000000d5f00000, 0x0000000100000000, 0x0000000100000000)
  eden space 532480K, 100% used [0x00000000d5f00000,0x00000000f6700000,0x00000000f6700000)
  from space 73728K, 0% used [0x00000000fb100000,0x00000000fb160000,0x00000000ff900000)
  to   space 75776K, 0% used [0x00000000f6700000,0x00000000f6700000,0x00000000fb100000)
 ParOldGen       total 318976K, used 245416K [0x0000000081c00000, 0x0000000095380000, 0x00000000d5f00000)
  object space 318976K, 76% used [0x0000000081c00000,0x0000000090baa078,0x0000000095380000)
 Metaspace       used 67660K, capacity 73906K, committed 74112K, reserved 1112064K
  class space    used 10439K, capacity 12298K, committed 12416K, reserved 1048576K
Event: 74.387 GC heap after
Heap after GC invocations=84 (full 5):
 PSYoungGen      total 608256K, used 448K [0x00000000d5f00000, 0x0000000100000000, 0x0000000100000000)
  eden space 532480K, 0% used [0x00000000d5f00000,0x00000000d5f00000,0x00000000f6700000)
  from space 75776K, 0% used [0x00000000f6700000,0x00000000f6770000,0x00000000fb100000)
  to   space 76800K, 0% used [0x00000000fb500000,0x00000000fb500000,0x0000000100000000)
 ParOldGen       total 318976K, used 245720K [0x0000000081c00000, 0x0000000095380000, 0x00000000d5f00000)
  object space 318976K, 77% used [0x0000000081c00000,0x0000000090bf6078,0x0000000095380000)
 Metaspace       used 67660K, capacity 73906K, committed 74112K, reserved 1112064K
  class space    used 10439K, capacity 12298K, committed 12416K, reserved 1048576K
}
Event: 75.454 GC heap before
{Heap before GC invocations=85 (full 5):
 PSYoungGen      total 608256K, used 532928K [0x00000000d5f00000, 0x0000000100000000, 0x0000000100000000)
  eden space 532480K, 100% used [0x00000000d5f00000,0x00000000f6700000,0x00000000f6700000)
  from space 75776K, 0% used [0x00000000f6700000,0x00000000f6770000,0x00000000fb100000)
  to   space 76800K, 0% used [0x00000000fb500000,0x00000000fb500000,0x0000000100000000)
 ParOldGen       total 318976K, used 246169K [0x0000000081c00000, 0x0000000095380000, 0x00000000d5f00000)
  object space 318976K, 77% used [0x0000000081c00000,0x0000000090c66770,0x0000000095380000)
 Metaspace       used 67683K, capacity 73934K, committed 74112K, reserved 1112064K
  class space    used 10442K, capacity 12298K, committed 12416K, reserved 1048576K
Event: 75.463 GC heap after
Heap after GC invocations=85 (full 5):
 PSYoungGen      total 612864K, used 3482K [0x00000000d5f00000, 0x0000000100000000, 0x0000000100000000)
  eden space 536064K, 0% used [0x00000000d5f00000,0x00000000d5f00000,0x00000000f6a80000)
  from space 76800K, 4% used [0x00000000fb500000,0x00000000fb866b78,0x0000000100000000)
  to   space 76288K, 0% used [0x00000000f6a80000,0x00000000f6a80000,0x00000000fb500000)
 ParOldGen       total 318976K, used 246561K [0x0000000081c00000, 0x0000000095380000, 0x00000000d5f00000)
  object space 318976K, 77% used [0x0000000081c00000,0x0000000090cc8770,0x0000000095380000)
 Metaspace       used 67683K, capacity 73934K, committed 74112K, reserved 1112064K
  class space    used 10442K, capacity 12298K, committed 12416K, reserved 1048576K
}

Deoptimization events (10 events):
Event: 75.826 Thread 0x000000001a3be000 Uncommon trap: reason=bimorphic action=maybe_recompile pc=0x00000000037534cc method=java.util.concurrent.CompletableFuture.postComplete()V @ 67
Event: 75.829 Thread 0x000000001a3be000 Uncommon trap: reason=bimorphic action=maybe_recompile pc=0x0000000003f1937c method=java.lang.ClassLoader.getResource(Ljava/lang/String;)Ljava/net/URL; @ 30
Event: 75.830 Thread 0x000000001a3be000 Uncommon trap: reason=class_check action=maybe_recompile pc=0x0000000003eaa224 method=sun.nio.ch.IOUtil.read(Ljava/io/FileDescriptor;Ljava/nio/ByteBuffer;JLsun/nio/ch/NativeDispatcher;)I @ 1
Event: 75.831 Thread 0x000000001a3be800 Uncommon trap: reason=bimorphic action=maybe_recompile pc=0x0000000003f1937c method=java.lang.ClassLoader.getResource(Ljava/lang/String;)Ljava/net/URL; @ 30
Event: 75.834 Thread 0x000000001a3be800 Uncommon trap: reason=bimorphic action=maybe_recompile pc=0x00000000037534cc method=java.util.concurrent.CompletableFuture.postComplete()V @ 67
Event: 75.860 Thread 0x0000000002c42800 Uncommon trap: reason=bimorphic action=maybe_recompile pc=0x00000000037534cc method=java.util.concurrent.CompletableFuture.postComplete()V @ 67
Event: 75.953 Thread 0x000000001a3be000 Uncommon trap: reason=bimorphic action=maybe_recompile pc=0x0000000003e9dfc4 method=org.objectweb.asm.ClassReader.accept(Lorg/objectweb/asm/ClassVisitor;[Lorg/objectweb/asm/Attribute;I)V @ 743
Event: 75.960 Thread 0x000000001a3be000 Uncommon trap: reason=unloaded action=reinterpret pc=0x0000000003858cc8 method=com.google.gson.internal.bind.TypeAdapters$29.read(Lcom/google/gson/stream/JsonReader;)Lcom/google/gson/JsonElement; @ 120
Event: 75.960 Thread 0x000000001a3be000 Uncommon trap: reason=unstable_if action=reinterpret pc=0x00000000035899b8 method=com.google.gson.stream.JsonReader.nextString()Ljava/lang/String; @ 82
Event: 76.075 Thread 0x000000001a3be800 Uncommon trap: reason=unstable_if action=reinterpret pc=0x00000000043d4be4 method=java.util.stream.AbstractPipeline.close()V @ 22

Internal exceptions (10 events):
Event: 76.110 Thread 0x0000000019e75800 Exception <a 'sun/nio/fs/WindowsException'> (0x00000000ddc96b68) thrown at [C:\re\workspace\8-2-build-windows-amd64-cygwin\jdk8u51\3951\hotspot\src\share\vm\prims\jni.cpp, line 709]
Event: 76.110 Thread 0x0000000019e75800 Exception <a 'sun/nio/fs/WindowsException'> (0x00000000ddc97d70) thrown at [C:\re\workspace\8-2-build-windows-amd64-cygwin\jdk8u51\3951\hotspot\src\share\vm\prims\jni.cpp, line 709]
Event: 76.111 Thread 0x0000000019e75800 Exception <a 'sun/nio/fs/WindowsException'> (0x00000000ddc98440) thrown at [C:\re\workspace\8-2-build-windows-amd64-cygwin\jdk8u51\3951\hotspot\src\share\vm\prims\jni.cpp, line 709]
Event: 76.118 Thread 0x0000000019e75800 Exception <a 'sun/nio/fs/WindowsException'> (0x00000000dde15d40) thrown at [C:\re\workspace\8-2-build-windows-amd64-cygwin\jdk8u51\3951\hotspot\src\share\vm\prims\jni.cpp, line 709]
Event: 76.118 Thread 0x0000000019e75800 Exception <a 'sun/nio/fs/WindowsException'> (0x00000000dde162e0) thrown at [C:\re\workspace\8-2-build-windows-amd64-cygwin\jdk8u51\3951\hotspot\src\share\vm\prims\jni.cpp, line 709]
Event: 76.118 Thread 0x0000000019e75800 Exception <a 'sun/nio/fs/WindowsException'> (0x00000000dde17058) thrown at [C:\re\workspace\8-2-build-windows-amd64-cygwin\jdk8u51\3951\hotspot\src\share\vm\prims\jni.cpp, line 709]
Event: 76.118 Thread 0x0000000019e75800 Exception <a 'sun/nio/fs/WindowsException'> (0x00000000dde17788) thrown at [C:\re\workspace\8-2-build-windows-amd64-cygwin\jdk8u51\3951\hotspot\src\share\vm\prims\jni.cpp, line 709]
Event: 76.118 Thread 0x0000000019e75800 Exception <a 'sun/nio/fs/WindowsException'> (0x00000000dde18940) thrown at [C:\re\workspace\8-2-build-windows-amd64-cygwin\jdk8u51\3951\hotspot\src\share\vm\prims\jni.cpp, line 709]
Event: 76.118 Thread 0x0000000019e75800 Exception <a 'sun/nio/fs/WindowsException'> (0x00000000dde18fc0) thrown at [C:\re\workspace\8-2-build-windows-amd64-cygwin\jdk8u51\3951\hotspot\src\share\vm\prims\jni.cpp, line 709]
Event: 76.168 Thread 0x0000000019e75800 Exception <a 'sun/nio/fs/WindowsException'> (0x00000000ddf920c8) thrown at [C:\re\workspace\8-2-build-windows-amd64-cygwin\jdk8u51\3951\hotspot\src\share\vm\prims\jni.cpp, line 709]

Events (10 events):
Event: 76.079 Executing VM operation: RevokeBias
Event: 76.080 Executing VM operation: RevokeBias done
Event: 76.083 Executing VM operation: RevokeBias
Event: 76.084 Executing VM operation: RevokeBias done
Event: 76.092 loading class net/minecraftforge/energy/IEnergyStorage
Event: 76.092 loading class net/minecraftforge/energy/IEnergyStorage done
Event: 76.092 loading class net/minecraftforge/energy/IEnergyStorage
Event: 76.092 loading class net/minecraftforge/energy/IEnergyStorage done
Event: 76.109 loading class net/minecraftforge/fml/event/server/FMLServerAboutToStartEvent
Event: 76.109 loading class net/minecraftforge/fml/event/server/FMLServerAboutToStartEvent done


Dynamic libraries:
0x00007ff7371d0000 - 0x00007ff737207000 	C:\Program Files (x86)\Minecraft\runtime\jre-x64\bin\java.exe
0x00007ff8dfd70000 - 0x00007ff8dff65000 	C:\WINDOWS\SYSTEM32\ntdll.dll
0x00007ff8de750000 - 0x00007ff8de80d000 	C:\WINDOWS\System32\KERNEL32.DLL
0x00007ff8ddb10000 - 0x00007ff8dddd7000 	C:\WINDOWS\System32\KERNELBASE.dll
0x00007ff8decf0000 - 0x00007ff8ded9a000 	C:\WINDOWS\System32\ADVAPI32.dll
0x00007ff8de0b0000 - 0x00007ff8de14e000 	C:\WINDOWS\System32\msvcrt.dll
0x00007ff8df520000 - 0x00007ff8df5bb000 	C:\WINDOWS\System32\sechost.dll
0x00007ff8dfa50000 - 0x00007ff8dfb73000 	C:\WINDOWS\System32\RPCRT4.dll
0x00007ff8ddde0000 - 0x00007ff8ddf80000 	C:\WINDOWS\System32\USER32.dll
0x00007ff8dd510000 - 0x00007ff8dd532000 	C:\WINDOWS\System32\win32u.dll
0x00007ff8de600000 - 0x00007ff8de62a000 	C:\WINDOWS\System32\GDI32.dll
0x00007ff8dd6a0000 - 0x00007ff8dd7aa000 	C:\WINDOWS\System32\gdi32full.dll
0x00007ff8dd7e0000 - 0x00007ff8dd87d000 	C:\WINDOWS\System32\msvcp_win.dll
0x00007ff8dd8e0000 - 0x00007ff8dd9e0000 	C:\WINDOWS\System32\ucrtbase.dll
0x00007ff8c0380000 - 0x00007ff8c061a000 	C:\WINDOWS\WinSxS\amd64_microsoft.windows.common-controls_6595b64144ccf1df_6.0.19041.1_none_b555e41d4684ddec\COMCTL32.dll
0x00007ff8deda0000 - 0x00007ff8dedd0000 	C:\WINDOWS\System32\IMM32.DLL
0x000000006b690000 - 0x000000006b762000 	C:\Program Files (x86)\Minecraft\runtime\jre-x64\bin\msvcr100.dll
0x000000006ae00000 - 0x000000006b683000 	C:\Program Files (x86)\Minecraft\runtime\jre-x64\bin\server\jvm.dll
0x00007ff8de1d0000 - 0x00007ff8de1d8000 	C:\WINDOWS\System32\PSAPI.DLL
0x00007ff8b8050000 - 0x00007ff8b8059000 	C:\WINDOWS\SYSTEM32\WSOCK32.dll
0x00007ff8d64a0000 - 0x00007ff8d64c7000 	C:\WINDOWS\SYSTEM32\WINMM.dll
0x00007ff8de810000 - 0x00007ff8de87b000 	C:\WINDOWS\System32\WS2_32.dll
0x00007ff8d6230000 - 0x00007ff8d623a000 	C:\WINDOWS\SYSTEM32\VERSION.dll
0x000000006adf0000 - 0x000000006adff000 	C:\Program Files (x86)\Minecraft\runtime\jre-x64\bin\verify.dll
0x000000006adc0000 - 0x000000006ade9000 	C:\Program Files (x86)\Minecraft\runtime\jre-x64\bin\java.dll
0x000000006ad90000 - 0x000000006adb3000 	C:\Program Files (x86)\Minecraft\runtime\jre-x64\bin\instrument.dll
0x000000006ad70000 - 0x000000006ad86000 	C:\Program Files (x86)\Minecraft\runtime\jre-x64\bin\zip.dll
0x00007ff8dedd0000 - 0x00007ff8df510000 	C:\WINDOWS\System32\SHELL32.dll
0x00007ff8db500000 - 0x00007ff8dbc91000 	C:\WINDOWS\SYSTEM32\windows.storage.dll
0x00007ff8de2a0000 - 0x00007ff8de5f3000 	C:\WINDOWS\System32\combase.dll
0x00007ff8dce70000 - 0x00007ff8dce9c000 	C:\WINDOWS\SYSTEM32\Wldp.dll
0x00007ff8ddfa0000 - 0x00007ff8de04e000 	C:\WINDOWS\System32\SHCORE.dll
0x00007ff8de050000 - 0x00007ff8de0a5000 	C:\WINDOWS\System32\shlwapi.dll
0x00007ff8dd400000 - 0x00007ff8dd41f000 	C:\WINDOWS\SYSTEM32\profapi.dll
0x00007ff8d3160000 - 0x00007ff8d317a000 	C:\Users\ervin_1nmnhvl\AppData\Local\JetBrains\Toolbox\apps\IDEA-U\ch-0\202.6397.94\bin\breakgen64.dll
0x000000006ad50000 - 0x000000006ad6a000 	C:\Program Files (x86)\Minecraft\runtime\jre-x64\bin\net.dll
0x00007ff8dcc60000 - 0x00007ff8dccca000 	C:\WINDOWS\system32\mswsock.dll
0x000000006ad40000 - 0x000000006ad4d000 	C:\Program Files (x86)\Minecraft\runtime\jre-x64\bin\management.dll
0x00007ff8aa430000 - 0x00007ff8aa447000 	C:\WINDOWS\system32\napinsp.dll
0x00007ff8aa260000 - 0x00007ff8aa27b000 	C:\WINDOWS\system32\pnrpnsp.dll
0x00007ff8d8210000 - 0x00007ff8d8225000 	C:\WINDOWS\system32\wshbth.dll
0x00007ff8d8e80000 - 0x00007ff8d8e9d000 	C:\WINDOWS\system32\NLAapi.dll
0x00007ff8dc920000 - 0x00007ff8dc95b000 	C:\WINDOWS\SYSTEM32\IPHLPAPI.DLL
0x00007ff8dc970000 - 0x00007ff8dca3a000 	C:\WINDOWS\SYSTEM32\DNSAPI.dll
0x00007ff8df910000 - 0x00007ff8df919000 	C:\WINDOWS\System32\NSI.dll
0x00007ff8b4ae0000 - 0x00007ff8b4af2000 	C:\WINDOWS\System32\winrnr.dll
0x00007ff8cdbd0000 - 0x00007ff8cdbda000 	C:\Windows\System32\rasadhlp.dll
0x00007ff8d1e90000 - 0x00007ff8d1f0f000 	C:\WINDOWS\System32\fwpuclnt.dll
0x00007ff8dd7b0000 - 0x00007ff8dd7d7000 	C:\WINDOWS\System32\bcrypt.dll
0x00007ff8d4530000 - 0x00007ff8d4547000 	C:\WINDOWS\SYSTEM32\dhcpcsvc6.DLL
0x00007ff8d3d70000 - 0x00007ff8d3d8d000 	C:\WINDOWS\SYSTEM32\dhcpcsvc.DLL
0x00007ff8dd1c0000 - 0x00007ff8dd1d8000 	C:\WINDOWS\SYSTEM32\CRYPTSP.dll
0x00007ff8dc4a0000 - 0x00007ff8dc4d4000 	C:\WINDOWS\system32\rsaenh.dll
0x00007ff8dd3c0000 - 0x00007ff8dd3ee000 	C:\WINDOWS\SYSTEM32\USERENV.dll
0x00007ff8dda90000 - 0x00007ff8ddb0f000 	C:\WINDOWS\System32\bcryptprimitives.dll
0x00007ff8dcde0000 - 0x00007ff8dcdec000 	C:\WINDOWS\SYSTEM32\CRYPTBASE.dll
0x000000006ad20000 - 0x000000006ad31000 	C:\Program Files (x86)\Minecraft\runtime\jre-x64\bin\nio.dll
0x000000006acf0000 - 0x000000006ad14000 	C:\Program Files (x86)\Minecraft\runtime\jre-x64\bin\sunec.dll
0x00007ff8a38d0000 - 0x00007ff8a3942000 	C:\Users\ervin_1nmnhvl\AppData\Local\Temp\lwjglervin_1nmnhvl\3.2.2-build-10\lwjgl.dll
0x00007ff8a2500000 - 0x00007ff8a2751000 	C:\Users\ERVIN_~1\AppData\Local\Temp\lwjglervin_1nmnhvl\3.2.2-build-10\jemalloc.dll
0x00007ff8b5190000 - 0x00007ff8b51ee000 	C:\Users\ERVIN_~1\AppData\Local\Temp\lwjglervin_1nmnhvl\3.2.2-build-10\glfw.dll
0x00007ff8dacb0000 - 0x00007ff8dad4f000 	C:\WINDOWS\system32\uxtheme.dll
0x00007ff8b5d00000 - 0x00007ff8b5d45000 	C:\WINDOWS\SYSTEM32\dinput8.dll
0x00007ff8d1130000 - 0x00007ff8d1141000 	C:\WINDOWS\SYSTEM32\xinput1_4.dll
0x00007ff8dd4c0000 - 0x00007ff8dd50d000 	C:\WINDOWS\System32\cfgmgr32.dll
0x00007ff8dd280000 - 0x00007ff8dd2ac000 	C:\WINDOWS\SYSTEM32\DEVOBJ.dll
0x00007ff8db030000 - 0x00007ff8db05f000 	C:\WINDOWS\SYSTEM32\dwmapi.dll
0x00007ff8cce20000 - 0x00007ff8ccf72000 	C:\WINDOWS\SYSTEM32\inputhost.dll
0x00007ff8df840000 - 0x00007ff8df90d000 	C:\WINDOWS\System32\OLEAUT32.dll
0x00007ff8da5f0000 - 0x00007ff8da6e2000 	C:\WINDOWS\SYSTEM32\CoreMessaging.dll
0x00007ff8da110000 - 0x00007ff8da266000 	C:\WINDOWS\SYSTEM32\wintypes.dll
0x00007ff8da6f0000 - 0x00007ff8daa4a000 	C:\WINDOWS\SYSTEM32\CoreUIComponents.dll
0x00007ff8d8b80000 - 0x00007ff8d8c75000 	C:\WINDOWS\SYSTEM32\PROPSYS.dll
0x00007ff8dc0f0000 - 0x00007ff8dc123000 	C:\WINDOWS\SYSTEM32\ntmarta.dll
0x00007ff8db4e0000 - 0x00007ff8db4f3000 	C:\WINDOWS\SYSTEM32\kernel.appcore.dll
0x00007ff8de630000 - 0x00007ff8de745000 	C:\WINDOWS\System32\MSCTF.dll
0x00007ff8dbca0000 - 0x00007ff8dbcad000 	C:\WINDOWS\SYSTEM32\HID.DLL
0x00007ff8de880000 - 0x00007ff8dece7000 	C:\WINDOWS\System32\SETUPAPI.DLL
0x00007ff8dd880000 - 0x00007ff8dd8e0000 	C:\WINDOWS\System32\WINTRUST.dll
0x00007ff8dd540000 - 0x00007ff8dd69d000 	C:\WINDOWS\System32\CRYPT32.dll
0x00007ff8dd1f0000 - 0x00007ff8dd202000 	C:\WINDOWS\SYSTEM32\MSASN1.dll
0x00007ff8a4340000 - 0x00007ff8a449c000 	C:\WINDOWS\SYSTEM32\opengl32.dll
0x00007ff8d10e0000 - 0x00007ff8d110c000 	C:\WINDOWS\SYSTEM32\GLU32.dll
0x00007ff897ed0000 - 0x00007ff898b54000 	C:\WINDOWS\SYSTEM32\ig4icd64.dll
0x00007ff8dbd00000 - 0x00007ff8dbdf3000 	C:\WINDOWS\SYSTEM32\dxgi.dll
0x00007ff8d9cb0000 - 0x00007ff8d9f13000 	C:\WINDOWS\SYSTEM32\d3d11.dll
0x00007ff8d25f0000 - 0x00007ff8d262b000 	C:\WINDOWS\SYSTEM32\dxcore.dll
0x00007ff8ccf80000 - 0x00007ff8cd07c000 	C:\WINDOWS\SYSTEM32\textinputframework.dll
0x00007ff8abba0000 - 0x00007ff8abbf8000 	C:\Users\ervin_1nmnhvl\AppData\Local\Temp\lwjglervin_1nmnhvl\3.2.2-build-10\lwjgl_opengl.dll
0x00007ff8a4550000 - 0x00007ff8a45cf000 	C:\Users\ervin_1nmnhvl\AppData\Local\Temp\lwjglervin_1nmnhvl\3.2.2-build-10\lwjgl_stb.dll
0x00007ff8df920000 - 0x00007ff8dfa49000 	C:\WINDOWS\System32\ole32.dll
0x00007ff8a8f40000 - 0x00007ff8a9b90000 	C:\WINDOWS\SYSTEM32\igd10umd64.dll
0x00007ff8d7e20000 - 0x00007ff8d7ece000 	C:\WINDOWS\SYSTEM32\mscms.dll
0x00007ff8d7b80000 - 0x00007ff8d7b91000 	C:\WINDOWS\SYSTEM32\ColorAdapterClient.dll
0x00007ff8ab4f0000 - 0x00007ff8ab533000 	C:\WINDOWS\SYSTEM32\icm32.dll
0x00007ff8a3880000 - 0x00007ff8a38c2000 	C:\Users\ervin_1nmnhvl\AppData\Local\Temp\jna-2118671535\jna7719314679499683294.dll
0x00007ff8d1110000 - 0x00007ff8d112a000 	C:\save\modding\ervin_mod_1\build\natives\SAPIWrapper_x64.dll
0x00007ff8df6a0000 - 0x00007ff8df748000 	C:\WINDOWS\System32\clbcatq.dll
0x00007ff89c650000 - 0x00007ff89c7d4000 	C:\WINDOWS\System32\Speech\Common\sapi.dll
0x00007ff8b4690000 - 0x00007ff8b46ae000 	C:\WINDOWS\SYSTEM32\MSACM32.dll
0x00007ff8bbbf0000 - 0x00007ff8bbbfb000 	C:\WINDOWS\SYSTEM32\msdmo.dll
0x00007ff8bcd60000 - 0x00007ff8bcd86000 	C:\WINDOWS\SYSTEM32\winmmbase.dll
0x00007ff8ce7c0000 - 0x00007ff8ce845000 	C:\WINDOWS\System32\MMDevApi.dll
0x00007ff8d4670000 - 0x00007ff8d4854000 	C:\WINDOWS\SYSTEM32\dbghelp.dll

VM Arguments:
jvm_args: -Dforge.logging.console.level=debug -Dforge.logging.markers=SCAN,REGISTRIES,REGISTRYDUMP -XX:HeapDumpPath=MojangTricksIntelDriversForPerformance_javaw.exe_minecraft.exe.heapdump -Dos.name=Windows 10 -Dos.version=10.0 -javaagent:C:\Users\ervin_1nmnhvl\AppData\Local\JetBrains\Toolbox\apps\IDEA-U\ch-0\202.6397.94\lib\idea_rt.jar=53444:C:\Users\ervin_1nmnhvl\AppData\Local\JetBrains\Toolbox\apps\IDEA-U\ch-0\202.6397.94\bin -Dfile.encoding=UTF-8 
java_command: net.minecraftforge.userdev.LaunchTesting
java_class_path (initial): C:\Program Files (x86)\Minecraft\runtime\jre-x64\lib\charsets.jar;C:\Program Files (x86)\Minecraft\runtime\jre-x64\lib\deploy.jar;C:\Program Files (x86)\Minecraft\runtime\jre-x64\lib\ext\access-bridge-64.jar;C:\Program Files (x86)\Minecraft\runtime\jre-x64\lib\ext\cldrdata.jar;C:\Program Files (x86)\Minecraft\runtime\jre-x64\lib\ext\dnsns.jar;C:\Program Files (x86)\Minecraft\runtime\jre-x64\lib\ext\jaccess.jar;C:\Program Files (x86)\Minecraft\runtime\jre-x64\lib\ext\jfxrt.jar;C:\Program Files (x86)\Minecraft\runtime\jre-x64\lib\ext\localedata.jar;C:\Program Files (x86)\Minecraft\runtime\jre-x64\lib\ext\nashorn.jar;C:\Program Files (x86)\Minecraft\runtime\jre-x64\lib\ext\sunec.jar;C:\Program Files (x86)\Minecraft\runtime\jre-x64\lib\ext\sunjce_provider.jar;C:\Program Files (x86)\Minecraft\runtime\jre-x64\lib\ext\sunmscapi.jar;C:\Program Files (x86)\Minecraft\runtime\jre-x64\lib\ext\sunpkcs11.jar;C:\Program Files (x86)\Minecraft\runtime\jre-x64\lib\ext\zipfs.jar;C:\Program Files (x86)\Minecraft\runtime\jre-x64\lib\javaws.jar;C:\Program Files (x86)\Minecraft\runtime\jre-x64\lib\jce.jar;C:\Program Files (x86)\Minecraft\runtime\jre-x64\lib\jfr.jar;C:\Program Files (x86)\Minecraft\runtime\jre-x64\lib\jfxswt.jar;C:\Program Files (x86)\Minecraft\runtime\jre-x64\lib\jsse.jar;C:\Program Files (x86)\Minecraft\runtime\jre-x64\lib\management-agent.jar;C:\Program Files (x86)\Minecraft\runtime\jre-x64\lib\plugin.jar;C:\Program Files (x86)\Minecraft\runtime\jre-x64\lib\resources.jar;C:\Program Files (x86)\Minecraft\runtime\jre-x64\lib\rt.jar;C:\save\modding\ervin_mod_1\build\classes\java\main;C:\save\modding\ervin_mod_1\build\resources\main;C:\Users\ervin_1nmnhvl\.gradle\caches\forge_gradle\minecraft_user_repo\net\minecraftforge\forge\1.15.2-31.1.9_mapped_snapshot_20200427-1.15.1\forge-1.15.2-31.1.9_mapped_snapshot_20200427-1.15.1-recomp.jar;C:\Users\ervin_1nmnhvl\.gradle\caches\forge_gradle\minecraft_user_repo\net\minecraftforge\forge\1.15.2-31.1.9_map
Launcher Type: SUN_STANDARD

Environment Variables:
JAVA_HOME=C:\Program Files\Java\jdk-11.0.4
PATH=C:\Program Files\Docker\Docker\Resources\bin;C:\ProgramData\Oracle\Java\javapath;C:\WINDOWS\system32;C:\WINDOWS;C:\WINDOWS\System32\Wbem;C:\WINDOWS\System32\WindowsPowerShell\v1.0\;C:\Program Files (x86)\cloudControl;C:\Program Files\Git\cmd;C:\bin;C:\Program Files (x86)\Windows Kits\8.1\Windows Performance Toolkit\;C:\Program Files (x86)\PuTTY\;C:\Program Files (x86)\Nodist\bin;G:\save\sdk\android\tools;G:\save\sdk\android\platform-tools;C:\boxfuse;C:\Program Files (x86)\Skype\Phone\;C:\Program Files (x86)\GtkSharp\2.12\bin;C:\Program Files (x86)\IVI Foundation\VISA\WinNT\Bin;C:\WINDOWS\system32;C:\WINDOWS;C:\WINDOWS\System32\Wbem;C:\WINDOWS\System32\WindowsPowerShell\v1.0\;;C:\WINDOWS\System32\OpenSSH\;C:\Users\ervin_1nmnhvl\AppData\Local\Microsoft\WindowsApps;
USERNAME=ervin_1nmnhvl
OS=Windows_NT
PROCESSOR_IDENTIFIER=Intel64 Family 6 Model 42 Stepping 7, GenuineIntel



---------------  S Y S T E M  ---------------

OS: Windows 10.0 , 64 bit Build 19041 (10.0.19041.292)

CPU:total 4 (2 cores per cpu, 2 threads per core) family 6 model 42 stepping 7, cmov, cx8, fxsr, mmx, sse, sse2, sse3, ssse3, sse4.1, sse4.2, popcnt, avx, aes, clmul, ht, tsc, tscinvbit

Memory: 4k page, physical 8266764k(515160k free), swap 10363916k(5128k free)

vm_info: Java HotSpot(TM) 64-Bit Server VM (25.51-b03) for windows-amd64 JRE (1.8.0_51-b16), built on Jun  8 2015 18:03:07 by "java_re" with MS VC++ 10.0 (VS2010)

time: Wed Sep 02 17:28:42 2020
elapsed time: 76 seconds (0d 0h 1m 16s)

