#
# There is insufficient memory for the Java Runtime Environment to continue.
# Native memory allocation (malloc) failed to allocate 228720 bytes for Chunk::new
# Possible reasons:
#   The system is out of physical RAM or swap space
#   In 32 bit mode, the process size limit was hit
# Possible solutions:
#   Reduce memory load on the system
#   Increase physical memory or swap space
#   Check if swap backing store is full
#   Use 64 bit Java on a 64 bit OS
#   Decrease Java heap size (-Xmx/-Xms)
#   Decrease number of Java threads
#   Decrease Java thread stack sizes (-Xss)
#   Set larger code cache with -XX:ReservedCodeCacheSize=
# This output file may be truncated or incomplete.
#
#  Out of Memory Error (allocation.cpp:390), pid=3716, tid=12536
#
# JRE version: Java(TM) SE Runtime Environment (8.0_51-b16) (build 1.8.0_51-b16)
# Java VM: Java HotSpot(TM) 64-Bit Server VM (25.51-b03 mixed mode windows-amd64 compressed oops)
# Failed to write core dump. Minidumps are not enabled by default on client versions of Windows
#

---------------  T H R E A D  ---------------

Current thread (0x0000000018a58800):  JavaThread "C2 CompilerThread1" daemon [_thread_in_native, id=12536, stack(0x0000000018c80000,0x0000000018d80000)]

Stack: [0x0000000018c80000,0x0000000018d80000]
Native frames: (J=compiled Java code, j=interpreted, Vv=VM code, C=native code)
V  [jvm.dll+0x32b4ca]
V  [jvm.dll+0x2797e3]
V  [jvm.dll+0x27a479]
V  [jvm.dll+0x271765]
V  [jvm.dll+0xcba02]
V  [jvm.dll+0xcbecc]
V  [jvm.dll+0x492ad7]
V  [jvm.dll+0x45f679]
V  [jvm.dll+0x46a7cb]
V  [jvm.dll+0x46cde2]
V  [jvm.dll+0x4501a2]
V  [jvm.dll+0xa43a2]
V  [jvm.dll+0xa4cdf]
V  [jvm.dll+0x2418a4]
V  [jvm.dll+0x29846a]
C  [msvcr100.dll+0x21d9f]
C  [msvcr100.dll+0x21e3b]
C  [KERNEL32.DLL+0x17034]
C  [ntdll.dll+0x52651]


Current CompileTask:
C2: 152379 11503   !   4       java.nio.channels.Channels$ReadableByteChannelImpl::read (180 bytes)


---------------  P R O C E S S  ---------------

Java Threads: ( => current thread )
  0x00000000200b9800 JavaThread "Worker-Main-8" daemon [_thread_in_native, id=12392, stack(0x0000000036250000,0x0000000036350000)]
  0x00000000200bb000 JavaThread "Worker-Main-7" daemon [_thread_blocked, id=7988, stack(0x000000002b460000,0x000000002b560000)]
  0x00000000200bd800 JavaThread "Worker-Main-6" daemon [_thread_blocked, id=4180, stack(0x000000002b860000,0x000000002b960000)]
  0x00000000200ba800 JavaThread "Worker-Main-5" daemon [_thread_blocked, id=10484, stack(0x000000002b360000,0x000000002b460000)]
  0x00000000200b5000 JavaThread "Worker-Main-4" daemon [_thread_blocked, id=16312, stack(0x000000002b260000,0x000000002b360000)]
  0x000000001a7c4000 JavaThread "Narrator" [_thread_blocked, id=3164, stack(0x000000002ad70000,0x000000002ae70000)]
  0x000000001a7cb000 JavaThread "Sound engine" daemon [_thread_blocked, id=9300, stack(0x0000000029d60000,0x0000000029e60000)]
  0x000000001a7c5000 JavaThread "Snooper Timer" daemon [_thread_blocked, id=14868, stack(0x0000000027fa0000,0x00000000280a0000)]
  0x000000001a7ca000 JavaThread "Timer hack thread" daemon [_thread_blocked, id=2500, stack(0x0000000026e80000,0x0000000026f80000)]
  0x0000000021c8a800 JavaThread "Worker-Bootstrap-2" daemon [_thread_blocked, id=3588, stack(0x0000000021e70000,0x0000000021f70000)]
  0x000000001a50b000 JavaThread "pool-3-thread-1" [_thread_blocked, id=12804, stack(0x000000001b490000,0x000000001b590000)]
  0x0000000019b9d800 JavaThread "Thread-2" daemon [_thread_in_native, id=13484, stack(0x000000001b690000,0x000000001b790000)]
  0x0000000019f78000 JavaThread "Thread-1" daemon [_thread_blocked, id=1128, stack(0x000000001b590000,0x000000001b690000)]
  0x0000000018df6000 JavaThread "Service Thread" daemon [_thread_blocked, id=12692, stack(0x0000000019680000,0x0000000019780000)]
  0x0000000018dd1000 JavaThread "C1 CompilerThread2" daemon [_thread_blocked, id=11284, stack(0x0000000019580000,0x0000000019680000)]
=>0x0000000018a58800 JavaThread "C2 CompilerThread1" daemon [_thread_in_native, id=12536, stack(0x0000000018c80000,0x0000000018d80000)]
  0x0000000018a56000 JavaThread "C2 CompilerThread0" daemon [_thread_in_native, id=15144, stack(0x0000000018b80000,0x0000000018c80000)]
  0x0000000018a54000 JavaThread "Monitor Ctrl-Break" daemon [_thread_in_native, id=2504, stack(0x0000000018a80000,0x0000000018b80000)]
  0x0000000017111800 JavaThread "Attach Listener" daemon [_thread_blocked, id=13952, stack(0x0000000018570000,0x0000000018670000)]
  0x0000000017110000 JavaThread "Signal Dispatcher" daemon [_thread_blocked, id=3720, stack(0x0000000018470000,0x0000000018570000)]
  0x000000000245a800 JavaThread "Finalizer" daemon [_thread_blocked, id=10248, stack(0x0000000018360000,0x0000000018460000)]
  0x0000000002457000 JavaThread "Reference Handler" daemon [_thread_blocked, id=1648, stack(0x0000000018260000,0x0000000018360000)]
  0x0000000002362800 JavaThread "Render thread" [_thread_in_native, id=10092, stack(0x0000000002230000,0x0000000002330000)]

Other Threads:
  0x0000000002453000 VMThread [stack: 0x0000000018160000,0x0000000018260000] [id=15764]
  0x0000000018e11000 WatcherThread [stack: 0x0000000019780000,0x0000000019880000] [id=11020]

VM state:not at safepoint (normal execution)

VM Mutex/Monitor currently owned by a thread: None

Heap:
 PSYoungGen      total 650752K, used 107132K [0x00000000d5f00000, 0x00000000fff80000, 0x0000000100000000)
  eden space 613888K, 16% used [0x00000000d5f00000,0x00000000dc4df360,0x00000000fb680000)
  from space 36864K, 7% used [0x00000000fdb80000,0x00000000fde40030,0x00000000fff80000)
  to   space 37376K, 0% used [0x00000000fb680000,0x00000000fb680000,0x00000000fdb00000)
 ParOldGen       total 401408K, used 269604K [0x0000000081c00000, 0x000000009a400000, 0x00000000d5f00000)
  object space 401408K, 67% used [0x0000000081c00000,0x00000000923492e8,0x000000009a400000)
 Metaspace       used 80633K, capacity 89380K, committed 89472K, reserved 1122304K
  class space    used 13118K, capacity 15911K, committed 16000K, reserved 1048576K

Card table byte_map: [0x0000000011960000,0x0000000011d60000] byte_map_base: 0x0000000011552000

Marking Bits: (ParMarkBitMap*) 0x00000000614f4040
 Begin Bits: [0x0000000012410000, 0x00000000143a0000)
 End Bits:   [0x00000000143a0000, 0x0000000016330000)

Polling page: 0x0000000002330000

CodeCache: size=245760Kb used=26457Kb max_used=26459Kb free=219302Kb
 bounds [0x00000000025a0000, 0x0000000004000000, 0x00000000115a0000]
 total_blobs=9925 nmethods=8444 adapters=1391
 compilation: enabled

Compilation events (10 events):
Event: 152.130 Thread 0x0000000018dd1000 nmethod 11500 0x00000000027909d0 code [0x0000000002790b20, 0x0000000002790c30]
Event: 152.132 Thread 0x0000000018dd1000 11501  s    3       java.util.Stack::pop (19 bytes)
Event: 152.133 Thread 0x0000000018dd1000 nmethod 11501 0x0000000002fba390 code [0x0000000002fba560, 0x0000000002fbb188]
Event: 152.220 Thread 0x0000000018a56000 11502       4       org.lwjgl.system.MemoryUtil::nmemAllocChecked (37 bytes)
Event: 152.222 Thread 0x0000000018a56000 nmethod 11502 0x0000000003bfce90 code [0x0000000003bfcfe0, 0x0000000003bfd0a8]
Event: 152.222 Thread 0x0000000018a58800 11503   !   4       java.nio.channels.Channels$ReadableByteChannelImpl::read (180 bytes)
Event: 152.294 Thread 0x0000000018dd1000 11504       3       java.util.concurrent.CompletableFuture$BiRelay::tryFire (55 bytes)
Event: 152.295 Thread 0x0000000018dd1000 nmethod 11504 0x00000000026b9450 code [0x00000000026b95c0, 0x00000000026b9918]
Event: 152.306 Thread 0x0000000018dd1000 11505       3       java.util.concurrent.CompletableFuture::biRelay (108 bytes)
Event: 152.307 Thread 0x0000000018dd1000 nmethod 11505 0x0000000003bfd9d0 code [0x0000000003bfdba0, 0x0000000003bfe6d8]

GC Heap History (10 events):
Event: 139.429 GC heap before
{Heap before GC invocations=142 (full 6):
 PSYoungGen      total 652288K, used 7392K [0x00000000d5f00000, 0x0000000100000000, 0x0000000100000000)
  eden space 617472K, 0% used [0x00000000d5f00000,0x00000000d5f00000,0x00000000fba00000)
  from space 34816K, 21% used [0x00000000fdd80000,0x00000000fe4b8000,0x00000000fff80000)
  to   space 35840K, 0% used [0x00000000fba00000,0x00000000fba00000,0x00000000fdd00000)
 ParOldGen       total 320512K, used 316389K [0x0000000081c00000, 0x0000000095500000, 0x00000000d5f00000)
  object space 320512K, 98% used [0x0000000081c00000,0x00000000950f96d8,0x0000000095500000)
 Metaspace       used 80405K, capacity 89078K, committed 89344K, reserved 1122304K
  class space    used 13081K, capacity 15844K, committed 15872K, reserved 1048576K
Event: 141.380 GC heap after
Heap after GC invocations=142 (full 6):
 PSYoungGen      total 652288K, used 0K [0x00000000d5f00000, 0x0000000100000000, 0x0000000100000000)
  eden space 617472K, 0% used [0x00000000d5f00000,0x00000000d5f00000,0x00000000fba00000)
  from space 34816K, 0% used [0x00000000fdd80000,0x00000000fdd80000,0x00000000fff80000)
  to   space 35840K, 0% used [0x00000000fba00000,0x00000000fba00000,0x00000000fdd00000)
 ParOldGen       total 401408K, used 267409K [0x0000000081c00000, 0x000000009a400000, 0x00000000d5f00000)
  object space 401408K, 66% used [0x0000000081c00000,0x00000000921246f0,0x000000009a400000)
 Metaspace       used 80405K, capacity 89078K, committed 89344K, reserved 1122304K
  class space    used 13081K, capacity 15844K, committed 15872K, reserved 1048576K
}
Event: 142.566 GC heap before
{Heap before GC invocations=143 (full 6):
 PSYoungGen      total 652288K, used 617472K [0x00000000d5f00000, 0x0000000100000000, 0x0000000100000000)
  eden space 617472K, 100% used [0x00000000d5f00000,0x00000000fba00000,0x00000000fba00000)
  from space 34816K, 0% used [0x00000000fdd80000,0x00000000fdd80000,0x00000000fff80000)
  to   space 35840K, 0% used [0x00000000fba00000,0x00000000fba00000,0x00000000fdd00000)
 ParOldGen       total 401408K, used 268887K [0x0000000081c00000, 0x000000009a400000, 0x00000000d5f00000)
  object space 401408K, 66% used [0x0000000081c00000,0x0000000092295c00,0x000000009a400000)
 Metaspace       used 80502K, capacity 89304K, committed 89472K, reserved 1122304K
  class space    used 13105K, capacity 15893K, committed 16000K, reserved 1048576K
Event: 142.590 GC heap after
Heap after GC invocations=143 (full 6):
 PSYoungGen      total 624640K, used 6681K [0x00000000d5f00000, 0x0000000100000000, 0x0000000100000000)
  eden space 617472K, 0% used [0x00000000d5f00000,0x00000000d5f00000,0x00000000fba00000)
  from space 7168K, 93% used [0x00000000fba00000,0x00000000fc086630,0x00000000fc100000)
  to   space 36352K, 0% used [0x00000000fdc80000,0x00000000fdc80000,0x0000000100000000)
 ParOldGen       total 401408K, used 268895K [0x0000000081c00000, 0x000000009a400000, 0x00000000d5f00000)
  object space 401408K, 66% used [0x0000000081c00000,0x0000000092297c00,0x000000009a400000)
 Metaspace       used 80502K, capacity 89304K, committed 89472K, reserved 1122304K
  class space    used 13105K, capacity 15893K, committed 16000K, reserved 1048576K
}
Event: 143.695 GC heap before
{Heap before GC invocations=144 (full 6):
 PSYoungGen      total 624640K, used 624153K [0x00000000d5f00000, 0x0000000100000000, 0x0000000100000000)
  eden space 617472K, 100% used [0x00000000d5f00000,0x00000000fba00000,0x00000000fba00000)
  from space 7168K, 93% used [0x00000000fba00000,0x00000000fc086630,0x00000000fc100000)
  to   space 36352K, 0% used [0x00000000fdc80000,0x00000000fdc80000,0x0000000100000000)
 ParOldGen       total 401408K, used 269551K [0x0000000081c00000, 0x000000009a400000, 0x00000000d5f00000)
  object space 401408K, 67% used [0x0000000081c00000,0x000000009233bd20,0x000000009a400000)
 Metaspace       used 80510K, capacity 89304K, committed 89472K, reserved 1122304K
  class space    used 13105K, capacity 15893K, committed 16000K, reserved 1048576K
Event: 143.701 GC heap after
Heap after GC invocations=144 (full 6):
 PSYoungGen      total 649728K, used 1440K [0x00000000d5f00000, 0x0000000100000000, 0x0000000100000000)
  eden space 613376K, 0% used [0x00000000d5f00000,0x00000000d5f00000,0x00000000fb600000)
  from space 36352K, 3% used [0x00000000fdc80000,0x00000000fdde8030,0x0000000100000000)
  to   space 37888K, 0% used [0x00000000fb600000,0x00000000fb600000,0x00000000fdb00000)
 ParOldGen       total 401408K, used 269559K [0x0000000081c00000, 0x000000009a400000, 0x00000000d5f00000)
  object space 401408K, 67% used [0x0000000081c00000,0x000000009233dd20,0x000000009a400000)
 Metaspace       used 80510K, capacity 89304K, committed 89472K, reserved 1122304K
  class space    used 13105K, capacity 15893K, committed 16000K, reserved 1048576K
}
Event: 144.737 GC heap before
{Heap before GC invocations=145 (full 6):
 PSYoungGen      total 649728K, used 614816K [0x00000000d5f00000, 0x0000000100000000, 0x0000000100000000)
  eden space 613376K, 100% used [0x00000000d5f00000,0x00000000fb600000,0x00000000fb600000)
  from space 36352K, 3% used [0x00000000fdc80000,0x00000000fdde8030,0x0000000100000000)
  to   space 37888K, 0% used [0x00000000fb600000,0x00000000fb600000,0x00000000fdb00000)
 ParOldGen       total 401408K, used 269559K [0x0000000081c00000, 0x000000009a400000, 0x00000000d5f00000)
  object space 401408K, 67% used [0x0000000081c00000,0x000000009233de58,0x000000009a400000)
 Metaspace       used 80579K, capacity 89356K, committed 89472K, reserved 1122304K
  class space    used 13115K, capacity 15907K, committed 16000K, reserved 1048576K
Event: 144.752 GC heap after
Heap after GC invocations=145 (full 6):
 PSYoungGen      total 651264K, used 4676K [0x00000000d5f00000, 0x0000000100000000, 0x0000000100000000)
  eden space 613376K, 0% used [0x00000000d5f00000,0x00000000d5f00000,0x00000000fb600000)
  from space 37888K, 12% used [0x00000000fb600000,0x00000000fba91348,0x00000000fdb00000)
  to   space 37376K, 0% used [0x00000000fdb80000,0x00000000fdb80000,0x0000000100000000)
 ParOldGen       total 401408K, used 269567K [0x0000000081c00000, 0x000000009a400000, 0x00000000d5f00000)
  object space 401408K, 67% used [0x0000000081c00000,0x000000009233fe58,0x000000009a400000)
 Metaspace       used 80579K, capacity 89356K, committed 89472K, reserved 1122304K
  class space    used 13115K, capacity 15907K, committed 16000K, reserved 1048576K
}
Event: 148.940 GC heap before
{Heap before GC invocations=146 (full 6):
 PSYoungGen      total 651264K, used 618052K [0x00000000d5f00000, 0x0000000100000000, 0x0000000100000000)
  eden space 613376K, 100% used [0x00000000d5f00000,0x00000000fb600000,0x00000000fb600000)
  from space 37888K, 12% used [0x00000000fb600000,0x00000000fba91348,0x00000000fdb00000)
  to   space 37376K, 0% used [0x00000000fdb80000,0x00000000fdb80000,0x0000000100000000)
 ParOldGen       total 401408K, used 269604K [0x0000000081c00000, 0x000000009a400000, 0x00000000d5f00000)
  object space 401408K, 67% used [0x0000000081c00000,0x00000000923492e8,0x000000009a400000)
 Metaspace       used 80595K, capacity 89372K, committed 89472K, reserved 1122304K
  class space    used 13118K, capacity 15911K, committed 16000K, reserved 1048576K
Event: 148.949 GC heap after
Heap after GC invocations=146 (full 6):
 PSYoungGen      total 650752K, used 2816K [0x00000000d5f00000, 0x00000000fff80000, 0x0000000100000000)
  eden space 613888K, 0% used [0x00000000d5f00000,0x00000000d5f00000,0x00000000fb680000)
  from space 36864K, 7% used [0x00000000fdb80000,0x00000000fde40030,0x00000000fff80000)
  to   space 37376K, 0% used [0x00000000fb680000,0x00000000fb680000,0x00000000fdb00000)
 ParOldGen       total 401408K, used 269604K [0x0000000081c00000, 0x000000009a400000, 0x00000000d5f00000)
  object space 401408K, 67% used [0x0000000081c00000,0x00000000923492e8,0x000000009a400000)
 Metaspace       used 80595K, capacity 89372K, committed 89472K, reserved 1122304K
  class space    used 13118K, capacity 15911K, committed 16000K, reserved 1048576K
}

Deoptimization events (10 events):
Event: 151.093 Thread 0x00000000200bd800 Uncommon trap: reason=intrinsic action=make_not_entrant pc=0x000000000335e870 method=net.minecraft.client.renderer.texture.MipmapGenerator.alphaBlend(IIIIZ)I @ 267
Event: 151.101 Thread 0x00000000200bd800 Uncommon trap: reason=intrinsic action=make_not_entrant pc=0x0000000003549f40 method=net.minecraft.client.renderer.texture.MipmapGenerator.alphaBlend(IIIIZ)I @ 299
Event: 151.108 Thread 0x00000000200bd800 Uncommon trap: reason=intrinsic action=make_not_entrant pc=0x0000000003d0df50 method=net.minecraft.client.renderer.texture.MipmapGenerator.alphaBlend(IIIIZ)I @ 315
Event: 151.132 Thread 0x00000000200bd800 Uncommon trap: reason=unstable_if action=reinterpret pc=0x0000000003bf9778 method=net.minecraft.client.renderer.texture.MipmapGenerator.alphaBlend(IIIIZ)I @ 2
Event: 151.139 Thread 0x00000000200bd800 Uncommon trap: reason=intrinsic action=make_not_entrant pc=0x000000000290e138 method=net.minecraft.client.renderer.texture.MipmapGenerator.gammaBlend(IIIII)I @ 55
Event: 151.173 Thread 0x00000000200bd800 Uncommon trap: reason=unstable_if action=reinterpret pc=0x000000000290ec98 method=net.minecraft.client.renderer.texture.MipmapGenerator.generateMipmaps(Lnet/minecraft/client/renderer/texture/NativeImage;I)[Lnet/minecraft/client/renderer/texture/NativeImageüOâêﬂ˙b@
Event: 151.840 Thread 0x00000000200bb000 Uncommon trap: reason=unstable_if action=reinterpret pc=0x0000000003804b9c method=net.minecraft.client.renderer.texture.TextureAtlasSprite.<init>(Lnet/minecraft/client/renderer/texture/AtlasTexture;Lnet/minecraft/client/renderer/texture/TextureAtlasSprite$bŸÃ!˝b@
Event: 151.910 Thread 0x00000000200bb000 Uncommon trap: reason=unstable_if action=reinterpret pc=0x00000000037b5258 method=org.apache.logging.log4j.message.ReusableParameterizedMessage.initThrowable([Ljava/lang/Object;II)V @ 2
Event: 152.126 Thread 0x00000000200bb000 Uncommon trap: reason=unstable_if action=reinterpret pc=0x0000000003e1fdd4 method=java.util.concurrent.CompletableFuture.biRelay(Ljava/util/concurrent/CompletableFuture;Ljava/util/concurrent/CompletableFuture;)Z @ 53
Event: 152.140 Thread 0x00000000200bd800 Uncommon trap: reason=unstable_if action=reinterpret pc=0x0000000002f3f414 method=java.util.concurrent.CompletableFuture.biRelay(Ljava/util/concurrent/CompletableFuture;Ljava/util/concurrent/CompletableFuture;)Z @ 53

Internal exceptions (10 events):
Event: 152.316 Thread 0x00000000200bd800 Exception <a 'sun/nio/fs/WindowsException'> (0x00000000dbf65ae0) thrown at [C:\re\workspace\8-2-build-windows-amd64-cygwin\jdk8u51\3951\hotspot\src\share\vm\prims\jni.cpp, line 709]
Event: 152.316 Thread 0x00000000200bd800 Exception <a 'sun/nio/fs/WindowsException'> (0x00000000dbf66398) thrown at [C:\re\workspace\8-2-build-windows-amd64-cygwin\jdk8u51\3951\hotspot\src\share\vm\prims\jni.cpp, line 709]
Event: 152.317 Thread 0x00000000200bd800 Exception <a 'sun/nio/fs/WindowsException'> (0x00000000dbf66928) thrown at [C:\re\workspace\8-2-build-windows-amd64-cygwin\jdk8u51\3951\hotspot\src\share\vm\prims\jni.cpp, line 709]
Event: 152.317 Thread 0x00000000200bd800 Exception <a 'sun/nio/fs/WindowsException'> (0x00000000dbf67600) thrown at [C:\re\workspace\8-2-build-windows-amd64-cygwin\jdk8u51\3951\hotspot\src\share\vm\prims\jni.cpp, line 709]
Event: 152.317 Thread 0x00000000200bb000 Exception <a 'sun/nio/fs/WindowsException'> (0x00000000dc1017f8) thrown at [C:\re\workspace\8-2-build-windows-amd64-cygwin\jdk8u51\3951\hotspot\src\share\vm\prims\jni.cpp, line 709]
Event: 152.317 Thread 0x00000000200bd800 Exception <a 'sun/nio/fs/WindowsException'> (0x00000000dbf67ad0) thrown at [C:\re\workspace\8-2-build-windows-amd64-cygwin\jdk8u51\3951\hotspot\src\share\vm\prims\jni.cpp, line 709]
Event: 152.317 Thread 0x00000000200bb000 Exception <a 'sun/nio/fs/WindowsException'> (0x00000000dc101d88) thrown at [C:\re\workspace\8-2-build-windows-amd64-cygwin\jdk8u51\3951\hotspot\src\share\vm\prims\jni.cpp, line 709]
Event: 152.317 Thread 0x00000000200bb000 Exception <a 'sun/nio/fs/WindowsException'> (0x00000000dc102af0) thrown at [C:\re\workspace\8-2-build-windows-amd64-cygwin\jdk8u51\3951\hotspot\src\share\vm\prims\jni.cpp, line 709]
Event: 152.317 Thread 0x00000000200bb000 Exception <a 'sun/nio/fs/WindowsException'> (0x00000000dc103090) thrown at [C:\re\workspace\8-2-build-windows-amd64-cygwin\jdk8u51\3951\hotspot\src\share\vm\prims\jni.cpp, line 709]
Event: 152.318 Thread 0x00000000200bb000 Exception <a 'sun/nio/fs/WindowsException'> (0x00000000dc103d88) thrown at [C:\re\workspace\8-2-build-windows-amd64-cygwin\jdk8u51\3951\hotspot\src\share\vm\prims\jni.cpp, line 709]

Events (10 events):
Event: 152.126 Thread 0x00000000200bb000 Uncommon trap: trap_request=0xffffff65 fr.pc=0x0000000003e1fdd4
Event: 152.126 Thread 0x00000000200bb000 DEOPT PACKING pc=0x0000000003e1fdd4 sp=0x000000002b55f030
Event: 152.126 Thread 0x00000000200bb000 DEOPT UNPACKING pc=0x00000000025e582a sp=0x000000002b55ef50 mode 2
Event: 152.139 Thread 0x00000000200bd800 Uncommon trap: trap_request=0xffffff65 fr.pc=0x0000000002f3f414
Event: 152.140 Thread 0x00000000200bd800 DEOPT PACKING pc=0x0000000002f3f414 sp=0x000000002b95f100
Event: 152.140 Thread 0x00000000200bd800 DEOPT UNPACKING pc=0x00000000025e582a sp=0x000000002b95f0a0 mode 2
Event: 152.202 Executing VM operation: RevokeBias
Event: 152.203 Executing VM operation: RevokeBias done
Event: 152.204 Thread 0x0000000020fff800 Thread exited: 0x0000000020fff800
Event: 152.222 Thread 0x0000000018a56000 flushing nmethod 0x00000000026b92d0


Dynamic libraries:
0x00007ff662570000 - 0x00007ff6625a7000 	C:\Program Files (x86)\Minecraft\runtime\jre-x64\bin\java.exe
0x00007ff975b10000 - 0x00007ff975d05000 	C:\WINDOWS\SYSTEM32\ntdll.dll
0x00007ff974d90000 - 0x00007ff974e4d000 	C:\WINDOWS\System32\KERNEL32.DLL
0x00007ff9737a0000 - 0x00007ff973a68000 	C:\WINDOWS\System32\KERNELBASE.dll
0x00007ff9748d0000 - 0x00007ff97497c000 	C:\WINDOWS\System32\ADVAPI32.dll
0x00007ff975010000 - 0x00007ff9750ae000 	C:\WINDOWS\System32\msvcrt.dll
0x00007ff974f60000 - 0x00007ff974ffb000 	C:\WINDOWS\System32\sechost.dll
0x00007ff974c60000 - 0x00007ff974d8b000 	C:\WINDOWS\System32\RPCRT4.dll
0x00007ff974370000 - 0x00007ff974510000 	C:\WINDOWS\System32\USER32.dll
0x00007ff9735f0000 - 0x00007ff973612000 	C:\WINDOWS\System32\win32u.dll
0x00007ff975120000 - 0x00007ff97514a000 	C:\WINDOWS\System32\GDI32.dll
0x00007ff973490000 - 0x00007ff97359b000 	C:\WINDOWS\System32\gdi32full.dll
0x00007ff973680000 - 0x00007ff97371d000 	C:\WINDOWS\System32\msvcp_win.dll
0x00007ff973a70000 - 0x00007ff973b70000 	C:\WINDOWS\System32\ucrtbase.dll
0x00007ff959500000 - 0x00007ff95979a000 	C:\WINDOWS\WinSxS\amd64_microsoft.windows.common-controls_6595b64144ccf1df_6.0.19041.844_none_ca00b6081b84eb1d\COMCTL32.dll
0x00007ff974f30000 - 0x00007ff974f60000 	C:\WINDOWS\System32\IMM32.DLL
0x0000000061580000 - 0x0000000061652000 	C:\Program Files (x86)\Minecraft\runtime\jre-x64\bin\msvcr100.dll
0x0000000060cf0000 - 0x0000000061573000 	C:\Program Files (x86)\Minecraft\runtime\jre-x64\bin\server\jvm.dll
0x00007ff975000000 - 0x00007ff975008000 	C:\WINDOWS\System32\PSAPI.DLL
0x00007ff94e560000 - 0x00007ff94e569000 	C:\WINDOWS\SYSTEM32\WSOCK32.dll
0x00007ff9750b0000 - 0x00007ff97511b000 	C:\WINDOWS\System32\WS2_32.dll
0x00007ff96c990000 - 0x00007ff96c9b7000 	C:\WINDOWS\SYSTEM32\WINMM.dll
0x00007ff96ca40000 - 0x00007ff96ca4a000 	C:\WINDOWS\SYSTEM32\VERSION.dll
0x0000000060ce0000 - 0x0000000060cef000 	C:\Program Files (x86)\Minecraft\runtime\jre-x64\bin\verify.dll
0x0000000060cb0000 - 0x0000000060cd9000 	C:\Program Files (x86)\Minecraft\runtime\jre-x64\bin\java.dll
0x0000000060c80000 - 0x0000000060ca3000 	C:\Program Files (x86)\Minecraft\runtime\jre-x64\bin\instrument.dll
0x0000000060c60000 - 0x0000000060c76000 	C:\Program Files (x86)\Minecraft\runtime\jre-x64\bin\zip.dll
0x00007ff975150000 - 0x00007ff975892000 	C:\WINDOWS\System32\SHELL32.dll
0x00007ff971150000 - 0x00007ff9718e1000 	C:\WINDOWS\SYSTEM32\windows.storage.dll
0x00007ff974510000 - 0x00007ff974865000 	C:\WINDOWS\System32\combase.dll
0x00007ff972bf0000 - 0x00007ff972c1c000 	C:\WINDOWS\SYSTEM32\Wldp.dll
0x00007ff973fe0000 - 0x00007ff97408e000 	C:\WINDOWS\System32\SHCORE.dll
0x00007ff9758c0000 - 0x00007ff975915000 	C:\WINDOWS\System32\shlwapi.dll
0x00007ff973190000 - 0x00007ff9731af000 	C:\WINDOWS\SYSTEM32\profapi.dll
0x00007ff943aa0000 - 0x00007ff943aba000 	C:\Users\ervin_1nmnhvl\AppData\Local\JetBrains\Toolbox\apps\IDEA-U\ch-0\211.6693.111\bin\breakgen64.dll
0x0000000060c40000 - 0x0000000060c5a000 	C:\Program Files (x86)\Minecraft\runtime\jre-x64\bin\net.dll
0x00007ff9729d0000 - 0x00007ff972a3a000 	C:\WINDOWS\system32\mswsock.dll
0x0000000060c30000 - 0x0000000060c3d000 	C:\Program Files (x86)\Minecraft\runtime\jre-x64\bin\management.dll
0x00007ff944330000 - 0x00007ff944347000 	C:\WINDOWS\system32\napinsp.dll
0x00007ff9446b0000 - 0x00007ff9446cb000 	C:\WINDOWS\system32\pnrpnsp.dll
0x00007ff96e1c0000 - 0x00007ff96e1d5000 	C:\WINDOWS\system32\wshbth.dll
0x00007ff96eab0000 - 0x00007ff96eacd000 	C:\WINDOWS\system32\NLAapi.dll
0x00007ff972690000 - 0x00007ff9726cb000 	C:\WINDOWS\SYSTEM32\IPHLPAPI.DLL
0x00007ff9726e0000 - 0x00007ff9727ac000 	C:\WINDOWS\SYSTEM32\DNSAPI.dll
0x00007ff974360000 - 0x00007ff974368000 	C:\WINDOWS\System32\NSI.dll
0x00007ff944a30000 - 0x00007ff944a42000 	C:\WINDOWS\System32\winrnr.dll
0x00007ff963510000 - 0x00007ff96351a000 	C:\Windows\System32\rasadhlp.dll
0x00007ff968f40000 - 0x00007ff968fbf000 	C:\WINDOWS\System32\fwpuclnt.dll
0x00007ff973300000 - 0x00007ff973327000 	C:\WINDOWS\System32\bcrypt.dll
0x0000000060c10000 - 0x0000000060c21000 	C:\Program Files (x86)\Minecraft\runtime\jre-x64\bin\nio.dll
0x0000000060be0000 - 0x0000000060c04000 	C:\Program Files (x86)\Minecraft\runtime\jre-x64\bin\sunec.dll
0x00007ff972f20000 - 0x00007ff972f38000 	C:\WINDOWS\SYSTEM32\CRYPTSP.dll
0x00007ff972210000 - 0x00007ff972244000 	C:\WINDOWS\system32\rsaenh.dll
0x00007ff973150000 - 0x00007ff97317e000 	C:\WINDOWS\SYSTEM32\USERENV.dll
0x00007ff973720000 - 0x00007ff9737a0000 	C:\WINDOWS\System32\bcryptprimitives.dll
0x00007ff972b50000 - 0x00007ff972b5c000 	C:\WINDOWS\SYSTEM32\CRYPTBASE.dll
0x00007ff96a6e0000 - 0x00007ff96a6f7000 	C:\WINDOWS\SYSTEM32\dhcpcsvc6.DLL
0x00007ff96a6c0000 - 0x00007ff96a6dd000 	C:\WINDOWS\SYSTEM32\dhcpcsvc.DLL
0x00007ff9419b0000 - 0x00007ff941a22000 	C:\Users\ervin_1nmnhvl\AppData\Local\Temp\lwjglervin_1nmnhvl\3.2.2-build-10\lwjgl.dll
0x00007ff936640000 - 0x00007ff936891000 	C:\Users\ERVIN_~1\AppData\Local\Temp\lwjglervin_1nmnhvl\3.2.2-build-10\jemalloc.dll
0x00007ff93fdb0000 - 0x00007ff93fe0e000 	C:\Users\ERVIN_~1\AppData\Local\Temp\lwjglervin_1nmnhvl\3.2.2-build-10\glfw.dll
0x00007ff970a10000 - 0x00007ff970aae000 	C:\WINDOWS\system32\uxtheme.dll
0x00007ff93d270000 - 0x00007ff93d2b5000 	C:\WINDOWS\SYSTEM32\dinput8.dll
0x00007ff943740000 - 0x00007ff943751000 	C:\WINDOWS\SYSTEM32\xinput1_4.dll
0x00007ff9735a0000 - 0x00007ff9735ee000 	C:\WINDOWS\System32\cfgmgr32.dll
0x00007ff973000000 - 0x00007ff97302c000 	C:\WINDOWS\SYSTEM32\DEVOBJ.dll
0x00007ff970c80000 - 0x00007ff970caf000 	C:\WINDOWS\SYSTEM32\dwmapi.dll
0x00007ff9759b0000 - 0x00007ff975ac5000 	C:\WINDOWS\System32\MSCTF.dll
0x00007ff9749e0000 - 0x00007ff974aad000 	C:\WINDOWS\System32\OLEAUT32.dll
0x00007ff9718f0000 - 0x00007ff9718fd000 	C:\WINDOWS\SYSTEM32\HID.DLL
0x00007ff973b70000 - 0x00007ff973fd9000 	C:\WINDOWS\System32\SETUPAPI.DLL
0x00007ff973620000 - 0x00007ff973680000 	C:\WINDOWS\System32\WINTRUST.dll
0x00007ff973330000 - 0x00007ff97348f000 	C:\WINDOWS\System32\CRYPT32.dll
0x00007ff972fa0000 - 0x00007ff972fb2000 	C:\WINDOWS\SYSTEM32\MSASN1.dll
0x00007ff95e440000 - 0x00007ff95e592000 	C:\WINDOWS\SYSTEM32\inputhost.dll
0x00007ff9706b0000 - 0x00007ff9707a2000 	C:\WINDOWS\SYSTEM32\CoreMessaging.dll
0x00007ff96ead0000 - 0x00007ff96ebc7000 	C:\WINDOWS\SYSTEM32\PROPSYS.dll
0x00007ff96fc80000 - 0x00007ff96fdd4000 	C:\WINDOWS\SYSTEM32\wintypes.dll
0x00007ff96ffd0000 - 0x00007ff97032e000 	C:\WINDOWS\SYSTEM32\CoreUIComponents.dll
0x00007ff971e40000 - 0x00007ff971e73000 	C:\WINDOWS\SYSTEM32\ntmarta.dll
0x00007ff9719d0000 - 0x00007ff9719e2000 	C:\WINDOWS\SYSTEM32\kernel.appcore.dll
0x00007ff93d360000 - 0x00007ff93d486000 	C:\WINDOWS\SYSTEM32\opengl32.dll
0x00007ff94de20000 - 0x00007ff94de4c000 	C:\WINDOWS\SYSTEM32\GLU32.dll
0x00007ff974090000 - 0x00007ff974139000 	C:\WINDOWS\System32\clbcatq.dll
0x00007ff924680000 - 0x00007ff925304000 	C:\WINDOWS\SYSTEM32\ig4icd64.dll
0x00007ff971a40000 - 0x00007ff971b33000 	C:\WINDOWS\SYSTEM32\dxgi.dll
0x00007ff96eff0000 - 0x00007ff96f254000 	C:\WINDOWS\SYSTEM32\d3d11.dll
0x00007ff93f030000 - 0x00007ff93fc80000 	C:\WINDOWS\SYSTEM32\igd10umd64.dll
0x00007ff96fe10000 - 0x00007ff96fe4b000 	C:\WINDOWS\SYSTEM32\dxcore.dll
0x00007ff93a380000 - 0x00007ff93a3ff000 	C:\Users\ervin_1nmnhvl\AppData\Local\Temp\lwjglervin_1nmnhvl\3.2.2-build-10\lwjgl_stb.dll
0x00007ff96de60000 - 0x00007ff96df0e000 	C:\WINDOWS\SYSTEM32\mscms.dll
0x00007ff96de10000 - 0x00007ff96de21000 	C:\WINDOWS\SYSTEM32\ColorAdapterClient.dll
0x00007ff93d080000 - 0x00007ff93d0c3000 	C:\WINDOWS\SYSTEM32\icm32.dll
0x00007ff95e340000 - 0x00007ff95e439000 	C:\WINDOWS\SYSTEM32\textinputframework.dll
0x00007ff938330000 - 0x00007ff938388000 	C:\Users\ervin_1nmnhvl\AppData\Local\Temp\lwjglervin_1nmnhvl\3.2.2-build-10\lwjgl_opengl.dll
0x00007ff94db10000 - 0x00007ff94db52000 	C:\Users\ervin_1nmnhvl\AppData\Local\Temp\jna-2118671535\jna6426858083495127859.dll
0x00007ff952b70000 - 0x00007ff952b8a000 	C:\save\modding\ervin_mod_1\build\natives\SAPIWrapper_x64.dll
0x00007ff974150000 - 0x00007ff97427a000 	C:\WINDOWS\System32\ole32.dll
0x00007ff938530000 - 0x00007ff9386b6000 	C:\WINDOWS\System32\Speech\Common\sapi.dll
0x00007ff959810000 - 0x00007ff95981b000 	C:\WINDOWS\SYSTEM32\msdmo.dll
0x00007ff92f9b0000 - 0x00007ff92f9ce000 	C:\WINDOWS\SYSTEM32\MSACM32.dll
0x00007ff94c3f0000 - 0x00007ff94c416000 	C:\WINDOWS\SYSTEM32\winmmbase.dll
0x00007ff964300000 - 0x00007ff964385000 	C:\WINDOWS\System32\MMDevApi.dll
0x00007ff96b610000 - 0x00007ff96b7f4000 	C:\WINDOWS\SYSTEM32\dbghelp.dll

VM Arguments:
jvm_args: -Dforge.logging.console.level=debug -Dforge.logging.markers=SCAN,REGISTRIES,REGISTRYDUMP -XX:HeapDumpPath=MojangTricksIntelDriversForPerformance_javaw.exe_minecraft.exe.heapdump -Dos.name=Windows 10 -Dos.version=10.0 -javaagent:C:\Users\ervin_1nmnhvl\AppData\Local\JetBrains\Toolbox\apps\IDEA-U\ch-0\211.6693.111\lib\idea_rt.jar=54756:C:\Users\ervin_1nmnhvl\AppData\Local\JetBrains\Toolbox\apps\IDEA-U\ch-0\211.6693.111\bin -Dfile.encoding=windows-1250 
java_command: net.minecraftforge.userdev.LaunchTesting
java_class_path (initial): C:\Program Files (x86)\Minecraft\runtime\jre-x64\lib\charsets.jar;C:\Program Files (x86)\Minecraft\runtime\jre-x64\lib\deploy.jar;C:\Program Files (x86)\Minecraft\runtime\jre-x64\lib\ext\access-bridge-64.jar;C:\Program Files (x86)\Minecraft\runtime\jre-x64\lib\ext\cldrdata.jar;C:\Program Files (x86)\Minecraft\runtime\jre-x64\lib\ext\dnsns.jar;C:\Program Files (x86)\Minecraft\runtime\jre-x64\lib\ext\jaccess.jar;C:\Program Files (x86)\Minecraft\runtime\jre-x64\lib\ext\jfxrt.jar;C:\Program Files (x86)\Minecraft\runtime\jre-x64\lib\ext\localedata.jar;C:\Program Files (x86)\Minecraft\runtime\jre-x64\lib\ext\nashorn.jar;C:\Program Files (x86)\Minecraft\runtime\jre-x64\lib\ext\sunec.jar;C:\Program Files (x86)\Minecraft\runtime\jre-x64\lib\ext\sunjce_provider.jar;C:\Program Files (x86)\Minecraft\runtime\jre-x64\lib\ext\sunmscapi.jar;C:\Program Files (x86)\Minecraft\runtime\jre-x64\lib\ext\sunpkcs11.jar;C:\Program Files (x86)\Minecraft\runtime\jre-x64\lib\ext\zipfs.jar;C:\Program Files (x86)\Minecraft\runtime\jre-x64\lib\javaws.jar;C:\Program Files (x86)\Minecraft\runtime\jre-x64\lib\jce.jar;C:\Program Files (x86)\Minecraft\runtime\jre-x64\lib\jfr.jar;C:\Program Files (x86)\Minecraft\runtime\jre-x64\lib\jfxswt.jar;C:\Program Files (x86)\Minecraft\runtime\jre-x64\lib\jsse.jar;C:\Program Files (x86)\Minecraft\runtime\jre-x64\lib\management-agent.jar;C:\Program Files (x86)\Minecraft\runtime\jre-x64\lib\plugin.jar;C:\Program Files (x86)\Minecraft\runtime\jre-x64\lib\resources.jar;C:\Program Files (x86)\Minecraft\runtime\jre-x64\lib\rt.jar;C:\save\modding\ervin_mod_1\build\classes\java\main;C:\save\modding\ervin_mod_1\build\resources\main;C:\Users\ervin_1nmnhvl\.gradle\caches\forge_gradle\minecraft_user_repo\net\minecraftforge\forge\1.16.1-32.0.75_mapped_snapshot_20200723-1.16.1\forge-1.16.1-32.0.75_mapped_snapshot_20200723-1.16.1-recomp.jar;C:\Users\ervin_1nmnhvl\.gradle\caches\forge_gradle\minecraft_user_repo\net\minecraftforge\forge\1.16.1-32.0.75_
Launcher Type: SUN_STANDARD

Environment Variables:
JAVA_HOME=C:\Program Files\Java\jdk-11.0.4
PATH=C:\Program Files\Docker\Docker\Resources\bin;C:\ProgramData\Oracle\Java\javapath;C:\WINDOWS\system32;C:\WINDOWS;C:\WINDOWS\System32\Wbem;C:\WINDOWS\System32\WindowsPowerShell\v1.0\;C:\Program Files (x86)\cloudControl;C:\Program Files\Git\cmd;C:\bin;C:\Program Files (x86)\Windows Kits\8.1\Windows Performance Toolkit\;C:\Program Files (x86)\PuTTY\;C:\Program Files (x86)\Nodist\bin;G:\save\sdk\android\tools;G:\save\sdk\android\platform-tools;C:\boxfuse;C:\Program Files (x86)\Skype\Phone\;C:\Program Files (x86)\GtkSharp\2.12\bin;C:\Program Files (x86)\IVI Foundation\VISA\WinNT\Bin;C:\WINDOWS\system32;C:\WINDOWS;C:\WINDOWS\System32\Wbem;C:\WINDOWS\System32\WindowsPowerShell\v1.0\;;C:\WINDOWS\System32\OpenSSH\;C:\Users\ervin_1nmnhvl\AppData\Local\Microsoft\WindowsApps;
USERNAME=ervin_1nmnhvl
OS=Windows_NT
PROCESSOR_IDENTIFIER=Intel64 Family 6 Model 42 Stepping 7, GenuineIntel



---------------  S Y S T E M  ---------------

OS: Windows 10.0 , 64 bit Build 19041 (10.0.19041.928)

CPU:total 4 (2 cores per cpu, 2 threads per core) family 6 model 42 stepping 7, cmov, cx8, fxsr, mmx, sse, sse2, sse3, ssse3, sse4.1, sse4.2, popcnt, avx, aes, clmul, ht, tsc, tscinvbit

Memory: 4k page, physical 8266764k(382236k free), swap 10363916k(0k free)

vm_info: Java HotSpot(TM) 64-Bit Server VM (25.51-b03) for windows-amd64 JRE (1.8.0_51-b16), built on Jun  8 2015 18:03:07 by "java_re" with MS VC++ 10.0 (VS2010)

time: Fri Apr 30 19:24:42 2021
elapsed time: 152 seconds (0d 0h 2m 32s)

