#
# There is insufficient memory for the Java Runtime Environment to continue.
# Native memory allocation (malloc) failed to allocate 1553216 bytes for Chunk::new
# Possible reasons:
#   The system is out of physical RAM or swap space
#   In 32 bit mode, the process size limit was hit
# Possible solutions:
#   Reduce memory load on the system
#   Increase physical memory or swap space
#   Check if swap backing store is full
#   Use 64 bit Java on a 64 bit OS
#   Decrease Java heap size (-Xmx/-Xms)
#   Decrease number of Java threads
#   Decrease Java thread stack sizes (-Xss)
#   Set larger code cache with -XX:ReservedCodeCacheSize=
# This output file may be truncated or incomplete.
#
#  Out of Memory Error (allocation.cpp:390), pid=20548, tid=11304
#
# JRE version: Java(TM) SE Runtime Environment (8.0_51-b16) (build 1.8.0_51-b16)
# Java VM: Java HotSpot(TM) 64-Bit Server VM (25.51-b03 mixed mode windows-amd64 compressed oops)
# Failed to write core dump. Minidumps are not enabled by default on client versions of Windows
#

---------------  T H R E A D  ---------------

Current thread (0x000000001950e800):  JavaThread "C2 CompilerThread1" daemon [_thread_in_native, id=11304, stack(0x0000000019740000,0x0000000019840000)]

Stack: [0x0000000019740000,0x0000000019840000]
Native frames: (J=compiled Java code, j=interpreted, Vv=VM code, C=native code)
V  [jvm.dll+0x32b4ca]


Current CompileTask:
C2: 152953 12684       4       net.minecraft.client.gui.FontRenderer$CharacterRenderer::onChar (451 bytes)


---------------  P R O C E S S  ---------------

Java Threads: ( => current thread )
  0x00000000240d0800 JavaThread "modloading-worker-2" daemon [_thread_blocked, id=17968, stack(0x0000000044610000,0x0000000044710000)]
  0x00000000240d0000 JavaThread "modloading-worker-1" daemon [_thread_blocked, id=27816, stack(0x0000000044510000,0x0000000044610000)]
  0x00000000240cd800 JavaThread "Worker-Main-9" daemon [_thread_blocked, id=22480, stack(0x0000000024960000,0x0000000024a60000)]
  0x00000000240cd000 JavaThread "Worker-Main-7" daemon [_thread_blocked, id=30032, stack(0x000000002aab0000,0x000000002abb0000)]
  0x00000000240d1800 JavaThread "Narrator" [_thread_blocked, id=1408, stack(0x000000002a0a0000,0x000000002a1a0000)]
  0x00000000240cc000 JavaThread "Sound engine" daemon [_thread_blocked, id=27560, stack(0x0000000028220000,0x0000000028320000)]
  0x0000000020ed7000 JavaThread "Snooper Timer" daemon [_thread_blocked, id=4276, stack(0x0000000027eb0000,0x0000000027fb0000)]
  0x0000000020ed4000 JavaThread "Timer hack thread" daemon [_thread_blocked, id=2788, stack(0x0000000026d90000,0x0000000026e90000)]
  0x0000000023741000 JavaThread "pool-3-thread-1" [_thread_blocked, id=27524, stack(0x0000000024660000,0x0000000024760000)]
  0x000000001a993000 JavaThread "Thread-2" daemon [_thread_in_native, id=20120, stack(0x000000001c150000,0x000000001c250000)]
  0x000000001abbc800 JavaThread "Thread-1" daemon [_thread_blocked, id=17572, stack(0x000000001c050000,0x000000001c150000)]
  0x00000000198ab800 JavaThread "Service Thread" daemon [_thread_blocked, id=732, stack(0x000000001a140000,0x000000001a240000)]
  0x000000001953e000 JavaThread "C1 CompilerThread2" daemon [_thread_blocked, id=12316, stack(0x000000001a040000,0x000000001a140000)]
=>0x000000001950e800 JavaThread "C2 CompilerThread1" daemon [_thread_in_native, id=11304, stack(0x0000000019740000,0x0000000019840000)]
  0x000000001952d000 JavaThread "C2 CompilerThread0" daemon [_thread_in_native, id=12488, stack(0x0000000019640000,0x0000000019740000)]
  0x000000001951a800 JavaThread "Monitor Ctrl-Break" daemon [_thread_in_native, id=32224, stack(0x0000000019540000,0x0000000019640000)]
  0x0000000017bd5800 JavaThread "Attach Listener" daemon [_thread_blocked, id=10300, stack(0x0000000019040000,0x0000000019140000)]
  0x0000000017bd4800 JavaThread "Signal Dispatcher" daemon [_thread_blocked, id=7004, stack(0x0000000018f40000,0x0000000019040000)]
  0x0000000002ed9800 JavaThread "Finalizer" daemon [_thread_blocked, id=12248, stack(0x0000000018e40000,0x0000000018f40000)]
  0x0000000002ed6000 JavaThread "Reference Handler" daemon [_thread_blocked, id=27292, stack(0x0000000018d40000,0x0000000018e40000)]
  0x0000000002de2800 JavaThread "Render thread" [_thread_in_native, id=10288, stack(0x0000000002c30000,0x0000000002d30000)]

Other Threads:
  0x0000000017b99000 VMThread [stack: 0x0000000018c40000,0x0000000018d40000] [id=19904]
  0x00000000198b4800 WatcherThread [stack: 0x000000001a240000,0x000000001a340000] [id=24468]

VM state:not at safepoint (normal execution)

VM Mutex/Monitor currently owned by a thread: None

Heap:
 PSYoungGen      total 592896K, used 428476K [0x00000000d5f00000, 0x0000000100000000, 0x0000000100000000)
  eden space 562176K, 76% used [0x00000000d5f00000,0x00000000f016f020,0x00000000f8400000)
  from space 30720K, 0% used [0x00000000fe200000,0x00000000fe200000,0x0000000100000000)
  to   space 63488K, 0% used [0x00000000f8400000,0x00000000f8400000,0x00000000fc200000)
 ParOldGen       total 384512K, used 345848K [0x0000000081c00000, 0x0000000099380000, 0x00000000d5f00000)
  object space 384512K, 89% used [0x0000000081c00000,0x0000000096dbe3b8,0x0000000099380000)
 Metaspace       used 78598K, capacity 87080K, committed 87296K, reserved 1122304K
  class space    used 12269K, capacity 14775K, committed 14848K, reserved 1048576K

Card table byte_map: [0x0000000012460000,0x0000000012860000] byte_map_base: 0x0000000012052000

Marking Bits: (ParMarkBitMap*) 0x0000000070e74040
 Begin Bits: [0x0000000012f10000, 0x0000000014ea0000)
 End Bits:   [0x0000000014ea0000, 0x0000000016e30000)

Polling page: 0x00000000011c0000

CodeCache: size=245760Kb used=31118Kb max_used=31130Kb free=214641Kb
 bounds [0x00000000030a0000, 0x0000000004f40000, 0x00000000120a0000]
 total_blobs=11103 nmethods=9606 adapters=1408
 compilation: enabled

Compilation events (10 events):
Event: 152.917 Thread 0x000000001953e000 12695   !   3       java.nio.DirectByteBuffer::<init> (146 bytes)
Event: 152.919 Thread 0x000000001953e000 nmethod 12695 0x0000000004f2c090 code [0x0000000004f2c300, 0x0000000004f2d358]
Event: 152.919 Thread 0x000000001953e000 12696       3       com.mojang.blaze3d.systems.RenderSystem::enableDepthTest (12 bytes)
Event: 152.921 Thread 0x000000001953e000 nmethod 12696 0x0000000004f2db50 code [0x0000000004f2ddc0, 0x0000000004f2ece8]
Event: 152.921 Thread 0x000000001953e000 12697       3       com.mojang.blaze3d.systems.RenderSystem$$Lambda$4753/511029093::get (7 bytes)
Event: 152.921 Thread 0x000000001953e000 nmethod 12697 0x0000000004f29550 code [0x0000000004f296c0, 0x0000000004f299b0]
Event: 152.923 Thread 0x000000001952d000 nmethod 12688 0x0000000004f32350 code [0x0000000004f324e0, 0x0000000004f32938]
Event: 152.923 Thread 0x000000001952d000 12693       4       net.minecraft.client.gui.fonts.TexturedGlyph::render (304 bytes)
Event: 152.936 Thread 0x000000001953e000 12698       1       net.minecraft.util.text.TextComponent::setStyle (7 bytes)
Event: 152.936 Thread 0x000000001953e000 nmethod 12698 0x0000000004f29250 code [0x0000000004f293a0, 0x0000000004f294d0]

GC Heap History (10 events):
Event: 123.361 GC heap before
{Heap before GC invocations=147 (full 6):
 PSYoungGen      total 658432K, used 643520K [0x00000000d5f00000, 0x00000000ffe80000, 0x0000000100000000)
  eden space 628736K, 100% used [0x00000000d5f00000,0x00000000fc500000,0x00000000fc500000)
  from space 29696K, 49% used [0x00000000fe180000,0x00000000feff0060,0x00000000ffe80000)
  to   space 29184K, 0% used [0x00000000fc500000,0x00000000fc500000,0x00000000fe180000)
 ParOldGen       total 337920K, used 302493K [0x0000000081c00000, 0x0000000096600000, 0x00000000d5f00000)
  object space 337920K, 89% used [0x0000000081c00000,0x00000000943675d8,0x0000000096600000)
 Metaspace       used 76413K, capacity 84404K, committed 84608K, reserved 1120256K
  class space    used 11958K, capacity 14381K, committed 14464K, reserved 1048576K
Event: 123.383 GC heap after
Heap after GC invocations=147 (full 6):
 PSYoungGen      total 657920K, used 17696K [0x00000000d5f00000, 0x00000000ffd80000, 0x0000000100000000)
  eden space 628736K, 0% used [0x00000000d5f00000,0x00000000d5f00000,0x00000000fc500000)
  from space 29184K, 60% used [0x00000000fc500000,0x00000000fd648060,0x00000000fe180000)
  to   space 28160K, 0% used [0x00000000fe200000,0x00000000fe200000,0x00000000ffd80000)
 ParOldGen       total 337920K, used 302845K [0x0000000081c00000, 0x0000000096600000, 0x00000000d5f00000)
  object space 337920K, 89% used [0x0000000081c00000,0x00000000943bf5d8,0x0000000096600000)
 Metaspace       used 76413K, capacity 84404K, committed 84608K, reserved 1120256K
  class space    used 11958K, capacity 14381K, committed 14464K, reserved 1048576K
}
Event: 125.257 GC heap before
{Heap before GC invocations=148 (full 6):
 PSYoungGen      total 657920K, used 646432K [0x00000000d5f00000, 0x00000000ffd80000, 0x0000000100000000)
  eden space 628736K, 100% used [0x00000000d5f00000,0x00000000fc500000,0x00000000fc500000)
  from space 29184K, 60% used [0x00000000fc500000,0x00000000fd648060,0x00000000fe180000)
  to   space 28160K, 0% used [0x00000000fe200000,0x00000000fe200000,0x00000000ffd80000)
 ParOldGen       total 337920K, used 302845K [0x0000000081c00000, 0x0000000096600000, 0x00000000d5f00000)
  object space 337920K, 89% used [0x0000000081c00000,0x00000000943bf5d8,0x0000000096600000)
 Metaspace       used 76427K, capacity 84428K, committed 84608K, reserved 1120256K
  class space    used 11961K, capacity 14387K, committed 14464K, reserved 1048576K
Event: 125.283 GC heap after
Heap after GC invocations=148 (full 6):
 PSYoungGen      total 658432K, used 20608K [0x00000000d5f00000, 0x00000000fff00000, 0x0000000100000000)
  eden space 630272K, 0% used [0x00000000d5f00000,0x00000000d5f00000,0x00000000fc680000)
  from space 28160K, 73% used [0x00000000fe200000,0x00000000ff620050,0x00000000ffd80000)
  to   space 28160K, 0% used [0x00000000fc680000,0x00000000fc680000,0x00000000fe200000)
 ParOldGen       total 337920K, used 303685K [0x0000000081c00000, 0x0000000096600000, 0x00000000d5f00000)
  object space 337920K, 89% used [0x0000000081c00000,0x00000000944915e8,0x0000000096600000)
 Metaspace       used 76427K, capacity 84428K, committed 84608K, reserved 1120256K
  class space    used 11961K, capacity 14387K, committed 14464K, reserved 1048576K
}
Event: 140.637 GC heap before
{Heap before GC invocations=149 (full 6):
 PSYoungGen      total 658432K, used 650880K [0x00000000d5f00000, 0x00000000fff00000, 0x0000000100000000)
  eden space 630272K, 100% used [0x00000000d5f00000,0x00000000fc680000,0x00000000fc680000)
  from space 28160K, 73% used [0x00000000fe200000,0x00000000ff620050,0x00000000ffd80000)
  to   space 28160K, 0% used [0x00000000fc680000,0x00000000fc680000,0x00000000fe200000)
 ParOldGen       total 337920K, used 303702K [0x0000000081c00000, 0x0000000096600000, 0x00000000d5f00000)
  object space 337920K, 89% used [0x0000000081c00000,0x00000000944958e0,0x0000000096600000)
 Metaspace       used 76679K, capacity 84786K, committed 84864K, reserved 1120256K
  class space    used 11999K, capacity 14424K, committed 14464K, reserved 1048576K
Event: 140.677 GC heap after
Heap after GC invocations=149 (full 6):
 PSYoungGen      total 658432K, used 28152K [0x00000000d5f00000, 0x0000000100000000, 0x0000000100000000)
  eden space 630272K, 0% used [0x00000000d5f00000,0x00000000d5f00000,0x00000000fc680000)
  from space 28160K, 99% used [0x00000000fc680000,0x00000000fe1fe058,0x00000000fe200000)
  to   space 30720K, 0% used [0x00000000fe200000,0x00000000fe200000,0x0000000100000000)
 ParOldGen       total 337920K, used 309804K [0x0000000081c00000, 0x0000000096600000, 0x00000000d5f00000)
  object space 337920K, 91% used [0x0000000081c00000,0x0000000094a8b1c8,0x0000000096600000)
 Metaspace       used 76679K, capacity 84786K, committed 84864K, reserved 1120256K
  class space    used 11999K, capacity 14424K, committed 14464K, reserved 1048576K
}
Event: 146.767 GC heap before
{Heap before GC invocations=150 (full 6):
 PSYoungGen      total 658432K, used 658424K [0x00000000d5f00000, 0x0000000100000000, 0x0000000100000000)
  eden space 630272K, 100% used [0x00000000d5f00000,0x00000000fc680000,0x00000000fc680000)
  from space 28160K, 99% used [0x00000000fc680000,0x00000000fe1fe058,0x00000000fe200000)
  to   space 30720K, 0% used [0x00000000fe200000,0x00000000fe200000,0x0000000100000000)
 ParOldGen       total 337920K, used 309806K [0x0000000081c00000, 0x0000000096600000, 0x00000000d5f00000)
  object space 337920K, 91% used [0x0000000081c00000,0x0000000094a8bb08,0x0000000096600000)
 Metaspace       used 77964K, capacity 86262K, committed 86400K, reserved 1120256K
  class space    used 12175K, capacity 14654K, committed 14720K, reserved 1048576K
Event: 146.942 GC heap after
Heap after GC invocations=150 (full 6):
 PSYoungGen      total 592896K, used 30698K [0x00000000d5f00000, 0x0000000100000000, 0x0000000100000000)
  eden space 562176K, 0% used [0x00000000d5f00000,0x00000000d5f00000,0x00000000f8400000)
  from space 30720K, 99% used [0x00000000fe200000,0x00000000ffffa9a8,0x0000000100000000)
  to   space 63488K, 0% used [0x00000000f8400000,0x00000000f8400000,0x00000000fc200000)
 ParOldGen       total 384512K, used 384111K [0x0000000081c00000, 0x0000000099380000, 0x00000000d5f00000)
  object space 384512K, 99% used [0x0000000081c00000,0x000000009931bd70,0x0000000099380000)
 Metaspace       used 77964K, capacity 86262K, committed 86400K, reserved 1120256K
  class space    used 12175K, capacity 14654K, committed 14720K, reserved 1048576K
}
Event: 146.942 GC heap before
{Heap before GC invocations=151 (full 7):
 PSYoungGen      total 592896K, used 30698K [0x00000000d5f00000, 0x0000000100000000, 0x0000000100000000)
  eden space 562176K, 0% used [0x00000000d5f00000,0x00000000d5f00000,0x00000000f8400000)
  from space 30720K, 99% used [0x00000000fe200000,0x00000000ffffa9a8,0x0000000100000000)
  to   space 63488K, 0% used [0x00000000f8400000,0x00000000f8400000,0x00000000fc200000)
 ParOldGen       total 384512K, used 384111K [0x0000000081c00000, 0x0000000099380000, 0x00000000d5f00000)
  object space 384512K, 99% used [0x0000000081c00000,0x000000009931bd70,0x0000000099380000)
 Metaspace       used 77964K, capacity 86262K, committed 86400K, reserved 1120256K
  class space    used 12175K, capacity 14654K, committed 14720K, reserved 1048576K
Event: 148.224 GC heap after
Heap after GC invocations=151 (full 7):
 PSYoungGen      total 592896K, used 0K [0x00000000d5f00000, 0x0000000100000000, 0x0000000100000000)
  eden space 562176K, 0% used [0x00000000d5f00000,0x00000000d5f00000,0x00000000f8400000)
  from space 30720K, 0% used [0x00000000fe200000,0x00000000fe200000,0x0000000100000000)
  to   space 63488K, 0% used [0x00000000f8400000,0x00000000f8400000,0x00000000fc200000)
 ParOldGen       total 384512K, used 345848K [0x0000000081c00000, 0x0000000099380000, 0x00000000d5f00000)
  object space 384512K, 89% used [0x0000000081c00000,0x0000000096dbe3b8,0x0000000099380000)
 Metaspace       used 77960K, capacity 86256K, committed 86400K, reserved 1120256K
  class space    used 12173K, capacity 14651K, committed 14720K, reserved 1048576K
}

Deoptimization events (10 events):
Event: 152.545 Thread 0x0000000002de2800 Uncommon trap: reason=bimorphic action=maybe_recompile pc=0x0000000003a6e940 method=it.unimi.dsi.fastutil.ints.Int2ObjectOpenHashMap.computeIfAbsent(ILjava/util/function/IntFunction;)Ljava/lang/Object; @ 24
Event: 152.546 Thread 0x0000000002de2800 Uncommon trap: reason=bimorphic action=maybe_recompile pc=0x0000000003a6e940 method=it.unimi.dsi.fastutil.ints.Int2ObjectOpenHashMap.computeIfAbsent(ILjava/util/function/IntFunction;)Ljava/lang/Object; @ 24
Event: 152.546 Thread 0x0000000002de2800 Uncommon trap: reason=bimorphic action=maybe_recompile pc=0x0000000003a6e940 method=it.unimi.dsi.fastutil.ints.Int2ObjectOpenHashMap.computeIfAbsent(ILjava/util/function/IntFunction;)Ljava/lang/Object; @ 24
Event: 152.546 Thread 0x0000000002de2800 Uncommon trap: reason=bimorphic action=maybe_recompile pc=0x0000000003a6e940 method=it.unimi.dsi.fastutil.ints.Int2ObjectOpenHashMap.computeIfAbsent(ILjava/util/function/IntFunction;)Ljava/lang/Object; @ 24
Event: 152.554 Thread 0x0000000002de2800 Uncommon trap: reason=unstable_if action=reinterpret pc=0x0000000004adb300 method=com.mojang.blaze3d.platform.GlStateManager.blendFuncSeparate(IIII)V @ 35
Event: 152.590 Thread 0x0000000002de2800 Uncommon trap: reason=unstable_if action=reinterpret pc=0x0000000004797d64 method=java.text.MessageFormat.applyPattern(Ljava/lang/String;)V @ 120
Event: 152.592 Thread 0x0000000002de2800 Uncommon trap: reason=unstable_if action=reinterpret pc=0x000000000329d120 method=java.lang.StringBuffer.toString()Ljava/lang/String; @ 4
Event: 152.592 Thread 0x0000000002de2800 Uncommon trap: reason=unstable_if action=reinterpret pc=0x0000000003d54334 method=java.text.MessageFormat.toPattern()Ljava/lang/String; @ 17
Event: 152.592 Thread 0x0000000002de2800 Uncommon trap: reason=unstable_if action=reinterpret pc=0x000000000478c938 method=org.apache.commons.lang3.text.ExtendedMessageFormat.containsElements(Ljava/util/Collection;)Z @ 10
Event: 152.596 Thread 0x0000000002de2800 Uncommon trap: reason=unstable_if action=reinterpret pc=0x0000000004263e14 method=java.util.stream.ForEachOps$ForEachOp.getOpFlags()I @ 4

Internal exceptions (10 events):
Event: 152.620 Thread 0x0000000002de2800 Exception <a 'sun/nio/fs/WindowsException'> (0x00000000effd9228) thrown at [C:\re\workspace\8-2-build-windows-amd64-cygwin\jdk8u51\3951\hotspot\src\share\vm\prims\jni.cpp, line 709]
Event: 152.620 Thread 0x0000000002de2800 Exception <a 'sun/nio/fs/WindowsException'> (0x00000000effd97a8) thrown at [C:\re\workspace\8-2-build-windows-amd64-cygwin\jdk8u51\3951\hotspot\src\share\vm\prims\jni.cpp, line 709]
Event: 152.620 Thread 0x0000000002de2800 Exception <a 'sun/nio/fs/WindowsException'> (0x00000000effda450) thrown at [C:\re\workspace\8-2-build-windows-amd64-cygwin\jdk8u51\3951\hotspot\src\share\vm\prims\jni.cpp, line 709]
Event: 152.620 Thread 0x0000000002de2800 Exception <a 'sun/nio/fs/WindowsException'> (0x00000000effdaa80) thrown at [C:\re\workspace\8-2-build-windows-amd64-cygwin\jdk8u51\3951\hotspot\src\share\vm\prims\jni.cpp, line 709]
Event: 152.621 Thread 0x0000000002de2800 Exception <a 'sun/nio/fs/WindowsException'> (0x00000000effe6ce0) thrown at [C:\re\workspace\8-2-build-windows-amd64-cygwin\jdk8u51\3951\hotspot\src\share\vm\prims\jni.cpp, line 709]
Event: 152.621 Thread 0x0000000002de2800 Exception <a 'sun/nio/fs/WindowsException'> (0x00000000effe7270) thrown at [C:\re\workspace\8-2-build-windows-amd64-cygwin\jdk8u51\3951\hotspot\src\share\vm\prims\jni.cpp, line 709]
Event: 152.621 Thread 0x0000000002de2800 Exception <a 'sun/nio/fs/WindowsException'> (0x00000000effe7fd8) thrown at [C:\re\workspace\8-2-build-windows-amd64-cygwin\jdk8u51\3951\hotspot\src\share\vm\prims\jni.cpp, line 709]
Event: 152.621 Thread 0x0000000002de2800 Exception <a 'sun/nio/fs/WindowsException'> (0x00000000effe86f8) thrown at [C:\re\workspace\8-2-build-windows-amd64-cygwin\jdk8u51\3951\hotspot\src\share\vm\prims\jni.cpp, line 709]
Event: 152.622 Thread 0x0000000002de2800 Exception <a 'sun/nio/fs/WindowsException'> (0x00000000effe9890) thrown at [C:\re\workspace\8-2-build-windows-amd64-cygwin\jdk8u51\3951\hotspot\src\share\vm\prims\jni.cpp, line 709]
Event: 152.622 Thread 0x0000000002de2800 Exception <a 'sun/nio/fs/WindowsException'> (0x00000000effe9ef0) thrown at [C:\re\workspace\8-2-build-windows-amd64-cygwin\jdk8u51\3951\hotspot\src\share\vm\prims\jni.cpp, line 709]

Events (10 events):
Event: 152.595 Executing VM operation: Deoptimize done
Event: 152.595 loading class java/text/MessageFormat$Field
Event: 152.595 loading class java/text/MessageFormat$Field done
Event: 152.596 Thread 0x0000000002de2800 Uncommon trap: trap_request=0xffffff65 fr.pc=0x0000000004263e14
Event: 152.596 Thread 0x0000000002de2800 DEOPT PACKING pc=0x0000000004263e14 sp=0x0000000002d2df80
Event: 152.596 Thread 0x0000000002de2800 DEOPT UNPACKING pc=0x00000000030e582a sp=0x0000000002d2df10 mode 2
Event: 152.601 loading class com/mojang/blaze3d/matrix/MatrixStack
Event: 152.601 loading class com/mojang/blaze3d/matrix/MatrixStack done
Event: 152.602 loading class net/minecraft/client/gui/screen/MainMenuScreen
Event: 152.602 loading class net/minecraft/client/gui/screen/MainMenuScreen done


Dynamic libraries:
0x00007ff60db10000 - 0x00007ff60db47000 	C:\Program Files (x86)\Minecraft\runtime\jre-x64\bin\java.exe
0x00007ffee6bd0000 - 0x00007ffee6dc6000 	C:\WINDOWS\SYSTEM32\ntdll.dll
0x00007ffee5e70000 - 0x00007ffee5f2d000 	C:\WINDOWS\System32\KERNEL32.DLL
0x00007ffee46e0000 - 0x00007ffee49a8000 	C:\WINDOWS\System32\KERNELBASE.dll
0x00007ffee6ae0000 - 0x00007ffee6b8a000 	C:\WINDOWS\System32\ADVAPI32.dll
0x00007ffee5890000 - 0x00007ffee592e000 	C:\WINDOWS\System32\msvcrt.dll
0x00007ffee5930000 - 0x00007ffee59cb000 	C:\WINDOWS\System32\sechost.dll
0x00007ffee5760000 - 0x00007ffee5884000 	C:\WINDOWS\System32\RPCRT4.dll
0x00007ffee4ee0000 - 0x00007ffee5080000 	C:\WINDOWS\System32\USER32.dll
0x00007ffee4480000 - 0x00007ffee44a2000 	C:\WINDOWS\System32\win32u.dll
0x00007ffee5660000 - 0x00007ffee568a000 	C:\WINDOWS\System32\GDI32.dll
0x00007ffee4b30000 - 0x00007ffee4c39000 	C:\WINDOWS\System32\gdi32full.dll
0x00007ffee4a60000 - 0x00007ffee4afd000 	C:\WINDOWS\System32\msvcp_win.dll
0x00007ffee4530000 - 0x00007ffee4630000 	C:\WINDOWS\System32\ucrtbase.dll
0x00007ffec87a0000 - 0x00007ffec8a3b000 	C:\WINDOWS\WinSxS\amd64_microsoft.windows.common-controls_6595b64144ccf1df_6.0.19041.488_none_ca04af081b815d21\COMCTL32.dll
0x00007ffee4d10000 - 0x00007ffee4d40000 	C:\WINDOWS\System32\IMM32.DLL
0x00000000711e0000 - 0x00000000712b2000 	C:\Program Files (x86)\Minecraft\runtime\jre-x64\bin\msvcr100.dll
0x0000000070670000 - 0x0000000070ef3000 	C:\Program Files (x86)\Minecraft\runtime\jre-x64\bin\server\jvm.dll
0x00007ffee59e0000 - 0x00007ffee59e8000 	C:\WINDOWS\System32\PSAPI.DLL
0x00007ffec05b0000 - 0x00007ffec05b9000 	C:\WINDOWS\SYSTEM32\WSOCK32.dll
0x00007ffee4ca0000 - 0x00007ffee4d0b000 	C:\WINDOWS\System32\WS2_32.dll
0x00007ffedcba0000 - 0x00007ffedcbc7000 	C:\WINDOWS\SYSTEM32\WINMM.dll
0x00007ffee0f10000 - 0x00007ffee0f1a000 	C:\WINDOWS\SYSTEM32\VERSION.dll
0x00000000711d0000 - 0x00000000711df000 	C:\Program Files (x86)\Minecraft\runtime\jre-x64\bin\verify.dll
0x00000000711a0000 - 0x00000000711c9000 	C:\Program Files (x86)\Minecraft\runtime\jre-x64\bin\java.dll
0x0000000071170000 - 0x0000000071193000 	C:\Program Files (x86)\Minecraft\runtime\jre-x64\bin\instrument.dll
0x0000000071150000 - 0x0000000071166000 	C:\Program Files (x86)\Minecraft\runtime\jre-x64\bin\zip.dll
0x00007ffee5f30000 - 0x00007ffee6670000 	C:\WINDOWS\System32\SHELL32.dll
0x00007ffee1630000 - 0x00007ffee1dc4000 	C:\WINDOWS\SYSTEM32\windows.storage.dll
0x00007ffee59f0000 - 0x00007ffee5d45000 	C:\WINDOWS\System32\combase.dll
0x00007ffee35f0000 - 0x00007ffee361c000 	C:\WINDOWS\SYSTEM32\Wldp.dll
0x00007ffee5550000 - 0x00007ffee55fe000 	C:\WINDOWS\System32\SHCORE.dll
0x00007ffee5080000 - 0x00007ffee50d5000 	C:\WINDOWS\System32\shlwapi.dll
0x00007ffee4250000 - 0x00007ffee4276000 	C:\WINDOWS\SYSTEM32\profapi.dll
0x00007ffed9780000 - 0x00007ffed979a000 	C:\Users\ervin_1nmnhvl\AppData\Local\JetBrains\Toolbox\apps\IDEA-U\ch-0\202.6397.94\bin\breakgen64.dll
0x0000000071130000 - 0x000000007114a000 	C:\Program Files (x86)\Minecraft\runtime\jre-x64\bin\net.dll
0x00007ffee3560000 - 0x00007ffee35ca000 	C:\WINDOWS\system32\mswsock.dll
0x0000000071120000 - 0x000000007112d000 	C:\Program Files (x86)\Minecraft\runtime\jre-x64\bin\management.dll
0x00007ffec13b0000 - 0x00007ffec13c7000 	C:\WINDOWS\system32\napinsp.dll
0x00007ffec1390000 - 0x00007ffec13ab000 	C:\WINDOWS\system32\pnrpnsp.dll
0x00007ffedeac0000 - 0x00007ffedead5000 	C:\WINDOWS\system32\wshbth.dll
0x00007ffee13a0000 - 0x00007ffee13bd000 	C:\WINDOWS\system32\NLAapi.dll
0x00007ffee30d0000 - 0x00007ffee310b000 	C:\WINDOWS\SYSTEM32\IPHLPAPI.DLL
0x00007ffee3110000 - 0x00007ffee31db000 	C:\WINDOWS\SYSTEM32\DNSAPI.dll
0x00007ffee4d40000 - 0x00007ffee4d49000 	C:\WINDOWS\System32\NSI.dll
0x00007ffed0700000 - 0x00007ffed0712000 	C:\WINDOWS\System32\winrnr.dll
0x00007ffed8040000 - 0x00007ffed804a000 	C:\Windows\System32\rasadhlp.dll
0x00007ffed8600000 - 0x00007ffed867f000 	C:\WINDOWS\System32\fwpuclnt.dll
0x00007ffee4b00000 - 0x00007ffee4b27000 	C:\WINDOWS\System32\bcrypt.dll
0x0000000071100000 - 0x0000000071111000 	C:\Program Files (x86)\Minecraft\runtime\jre-x64\bin\nio.dll
0x00000000710d0000 - 0x00000000710f4000 	C:\Program Files (x86)\Minecraft\runtime\jre-x64\bin\sunec.dll
0x00007ffee40b0000 - 0x00007ffee40c8000 	C:\WINDOWS\SYSTEM32\CRYPTSP.dll
0x00007ffee2c90000 - 0x00007ffee2cc4000 	C:\WINDOWS\system32\rsaenh.dll
0x00007ffee4210000 - 0x00007ffee423e000 	C:\WINDOWS\SYSTEM32\USERENV.dll
0x00007ffee44b0000 - 0x00007ffee452f000 	C:\WINDOWS\System32\bcryptprimitives.dll
0x00007ffee3430000 - 0x00007ffee343c000 	C:\WINDOWS\SYSTEM32\CRYPTBASE.dll
0x00007ffeda060000 - 0x00007ffeda077000 	C:\WINDOWS\SYSTEM32\dhcpcsvc6.DLL
0x00007ffed9fb0000 - 0x00007ffed9fcd000 	C:\WINDOWS\SYSTEM32\dhcpcsvc.DLL
0x00007ffeaf250000 - 0x00007ffeaf2c2000 	C:\Users\ervin_1nmnhvl\AppData\Local\Temp\lwjglervin_1nmnhvl\3.2.2-build-10\lwjgl.dll
0x00007ffea6ee0000 - 0x00007ffea7131000 	C:\Users\ERVIN_~1\AppData\Local\Temp\lwjglervin_1nmnhvl\3.2.2-build-10\jemalloc.dll
0x00007ffeacbc0000 - 0x00007ffeacc1e000 	C:\Users\ERVIN_~1\AppData\Local\Temp\lwjglervin_1nmnhvl\3.2.2-build-10\glfw.dll
0x00007ffee2350000 - 0x00007ffee23ef000 	C:\WINDOWS\system32\uxtheme.dll
0x00007ffeac7a0000 - 0x00007ffeac7e5000 	C:\WINDOWS\SYSTEM32\dinput8.dll
0x00007ffed1be0000 - 0x00007ffed1bf1000 	C:\WINDOWS\SYSTEM32\xinput1_4.dll
0x00007ffee4630000 - 0x00007ffee467e000 	C:\WINDOWS\System32\cfgmgr32.dll
0x00007ffee40d0000 - 0x00007ffee40fc000 	C:\WINDOWS\SYSTEM32\DEVOBJ.dll
0x00007ffee10c0000 - 0x00007ffee10ef000 	C:\WINDOWS\SYSTEM32\dwmapi.dll
0x00007ffed42e0000 - 0x00007ffed4432000 	C:\WINDOWS\SYSTEM32\inputhost.dll
0x00007ffee5690000 - 0x00007ffee575d000 	C:\WINDOWS\System32\OLEAUT32.dll
0x00007ffee1ff0000 - 0x00007ffee20e2000 	C:\WINDOWS\SYSTEM32\CoreMessaging.dll
0x00007ffedf550000 - 0x00007ffedf647000 	C:\WINDOWS\SYSTEM32\PROPSYS.dll
0x00007ffedfa40000 - 0x00007ffedfb96000 	C:\WINDOWS\SYSTEM32\wintypes.dll
0x00007ffee0830000 - 0x00007ffee0b8e000 	C:\WINDOWS\SYSTEM32\CoreUIComponents.dll
0x00007ffee3f90000 - 0x00007ffee3fc3000 	C:\WINDOWS\SYSTEM32\ntmarta.dll
0x00007ffee2470000 - 0x00007ffee2482000 	C:\WINDOWS\SYSTEM32\kernel.appcore.dll
0x00007ffee5d50000 - 0x00007ffee5e65000 	C:\WINDOWS\System32\MSCTF.dll
0x00007ffee1de0000 - 0x00007ffee1ded000 	C:\WINDOWS\SYSTEM32\HID.DLL
0x00007ffee6670000 - 0x00007ffee6ad7000 	C:\WINDOWS\System32\SETUPAPI.DLL
0x00007ffee4680000 - 0x00007ffee46e0000 	C:\WINDOWS\System32\WINTRUST.dll
0x00007ffee4320000 - 0x00007ffee447d000 	C:\WINDOWS\System32\CRYPT32.dll
0x00007ffee3d60000 - 0x00007ffee3d72000 	C:\WINDOWS\SYSTEM32\MSASN1.dll
0x00007ffeabdb0000 - 0x00007ffeabed5000 	C:\WINDOWS\SYSTEM32\opengl32.dll
0x00007ffec4ea0000 - 0x00007ffec4ecc000 	C:\WINDOWS\SYSTEM32\GLU32.dll
0x00007ffee4e30000 - 0x00007ffee4ed9000 	C:\WINDOWS\System32\clbcatq.dll
0x00007ffe93710000 - 0x00007ffe94394000 	C:\WINDOWS\SYSTEM32\ig4icd64.dll
0x00007ffee24e0000 - 0x00007ffee25d3000 	C:\WINDOWS\SYSTEM32\dxgi.dll
0x00007ffedfba0000 - 0x00007ffedfe04000 	C:\WINDOWS\SYSTEM32\d3d11.dll
0x00007ffeae570000 - 0x00007ffeaf1c0000 	C:\WINDOWS\SYSTEM32\igd10umd64.dll
0x00007ffed9060000 - 0x00007ffed909b000 	C:\WINDOWS\SYSTEM32\dxcore.dll
0x00007ffeac560000 - 0x00007ffeac5df000 	C:\Users\ervin_1nmnhvl\AppData\Local\Temp\lwjglervin_1nmnhvl\3.2.2-build-10\lwjgl_stb.dll
0x00007ffede340000 - 0x00007ffede3ee000 	C:\WINDOWS\SYSTEM32\mscms.dll
0x00007ffede080000 - 0x00007ffede091000 	C:\WINDOWS\SYSTEM32\ColorAdapterClient.dll
0x00007ffeabf60000 - 0x00007ffeabfa3000 	C:\WINDOWS\SYSTEM32\icm32.dll
0x00007ffed41e0000 - 0x00007ffed42dc000 	C:\WINDOWS\SYSTEM32\textinputframework.dll
0x00007ffeabf00000 - 0x00007ffeabf58000 	C:\Users\ervin_1nmnhvl\AppData\Local\Temp\lwjglervin_1nmnhvl\3.2.2-build-10\lwjgl_opengl.dll
0x00007ffeb4fb0000 - 0x00007ffeb4ff2000 	C:\Users\ervin_1nmnhvl\AppData\Local\Temp\jna-2118671535\jna7475312102075557042.dll
0x00007ffed9510000 - 0x00007ffed952a000 	C:\save\modding\ervin_mod_1\build\natives\SAPIWrapper_x64.dll
0x00007ffee50e0000 - 0x00007ffee520a000 	C:\WINDOWS\System32\ole32.dll
0x00007ffeabc20000 - 0x00007ffeabda4000 	C:\WINDOWS\System32\Speech\Common\sapi.dll
0x00007ffeded60000 - 0x00007ffeded7e000 	C:\WINDOWS\SYSTEM32\MSACM32.dll
0x00007ffec65b0000 - 0x00007ffec65bb000 	C:\WINDOWS\SYSTEM32\msdmo.dll
0x00007ffec19b0000 - 0x00007ffec19d6000 	C:\WINDOWS\SYSTEM32\winmmbase.dll
0x00007ffed5620000 - 0x00007ffed56a5000 	C:\WINDOWS\System32\MMDevApi.dll
0x00007ffeab1a0000 - 0x00007ffeab2b4000 	C:\Users\ERVIN_~1\AppData\Local\Temp\lwjglervin_1nmnhvl\3.2.2-build-10\OpenAL.dll
0x00007ffed15a0000 - 0x00007ffed1721000 	C:\WINDOWS\SYSTEM32\AUDIOSES.DLL
0x00007ffee3d00000 - 0x00007ffee3d4b000 	C:\WINDOWS\SYSTEM32\powrprof.dll
0x00007ffee3930000 - 0x00007ffee3942000 	C:\WINDOWS\SYSTEM32\UMPDC.dll
0x00007ffee0fd0000 - 0x00007ffee0fe4000 	C:\WINDOWS\SYSTEM32\resourcepolicyclient.dll

VM Arguments:
jvm_args: -Dforge.logging.console.level=debug -Dforge.logging.markers=SCAN,REGISTRIES,REGISTRYDUMP -XX:HeapDumpPath=MojangTricksIntelDriversForPerformance_javaw.exe_minecraft.exe.heapdump -Dos.name=Windows 10 -Dos.version=10.0 -javaagent:C:\Users\ervin_1nmnhvl\AppData\Local\JetBrains\Toolbox\apps\IDEA-U\ch-0\202.6397.94\lib\idea_rt.jar=58117:C:\Users\ervin_1nmnhvl\AppData\Local\JetBrains\Toolbox\apps\IDEA-U\ch-0\202.6397.94\bin -Dfile.encoding=UTF-8 
java_command: net.minecraftforge.userdev.LaunchTesting
java_class_path (initial): C:\Program Files (x86)\Minecraft\runtime\jre-x64\lib\charsets.jar;C:\Program Files (x86)\Minecraft\runtime\jre-x64\lib\deploy.jar;C:\Program Files (x86)\Minecraft\runtime\jre-x64\lib\ext\access-bridge-64.jar;C:\Program Files (x86)\Minecraft\runtime\jre-x64\lib\ext\cldrdata.jar;C:\Program Files (x86)\Minecraft\runtime\jre-x64\lib\ext\dnsns.jar;C:\Program Files (x86)\Minecraft\runtime\jre-x64\lib\ext\jaccess.jar;C:\Program Files (x86)\Minecraft\runtime\jre-x64\lib\ext\jfxrt.jar;C:\Program Files (x86)\Minecraft\runtime\jre-x64\lib\ext\localedata.jar;C:\Program Files (x86)\Minecraft\runtime\jre-x64\lib\ext\nashorn.jar;C:\Program Files (x86)\Minecraft\runtime\jre-x64\lib\ext\sunec.jar;C:\Program Files (x86)\Minecraft\runtime\jre-x64\lib\ext\sunjce_provider.jar;C:\Program Files (x86)\Minecraft\runtime\jre-x64\lib\ext\sunmscapi.jar;C:\Program Files (x86)\Minecraft\runtime\jre-x64\lib\ext\sunpkcs11.jar;C:\Program Files (x86)\Minecraft\runtime\jre-x64\lib\ext\zipfs.jar;C:\Program Files (x86)\Minecraft\runtime\jre-x64\lib\javaws.jar;C:\Program Files (x86)\Minecraft\runtime\jre-x64\lib\jce.jar;C:\Program Files (x86)\Minecraft\runtime\jre-x64\lib\jfr.jar;C:\Program Files (x86)\Minecraft\runtime\jre-x64\lib\jfxswt.jar;C:\Program Files (x86)\Minecraft\runtime\jre-x64\lib\jsse.jar;C:\Program Files (x86)\Minecraft\runtime\jre-x64\lib\management-agent.jar;C:\Program Files (x86)\Minecraft\runtime\jre-x64\lib\plugin.jar;C:\Program Files (x86)\Minecraft\runtime\jre-x64\lib\resources.jar;C:\Program Files (x86)\Minecraft\runtime\jre-x64\lib\rt.jar;C:\save\modding\ervin_mod_1\build\classes\java\main;C:\save\modding\ervin_mod_1\build\resources\main;C:\Users\ervin_1nmnhvl\.gradle\caches\forge_gradle\minecraft_user_repo\net\minecraftforge\forge\1.16.1-32.0.75_mapped_snapshot_20200723-1.16.1\forge-1.16.1-32.0.75_mapped_snapshot_20200723-1.16.1-recomp.jar;C:\Users\ervin_1nmnhvl\.gradle\caches\forge_gradle\minecraft_user_repo\net\minecraftforge\forge\1.16.1-32.0.75_
Launcher Type: SUN_STANDARD

Environment Variables:
JAVA_HOME=C:\Program Files\Java\jdk-11.0.4
PATH=C:\Program Files\Docker\Docker\Resources\bin;C:\ProgramData\Oracle\Java\javapath;C:\WINDOWS\system32;C:\WINDOWS;C:\WINDOWS\System32\Wbem;C:\WINDOWS\System32\WindowsPowerShell\v1.0\;C:\Program Files (x86)\cloudControl;C:\Program Files\Git\cmd;C:\bin;C:\Program Files (x86)\Windows Kits\8.1\Windows Performance Toolkit\;C:\Program Files (x86)\PuTTY\;C:\Program Files (x86)\Nodist\bin;G:\save\sdk\android\tools;G:\save\sdk\android\platform-tools;C:\boxfuse;C:\Program Files (x86)\Skype\Phone\;C:\Program Files (x86)\GtkSharp\2.12\bin;C:\Program Files (x86)\IVI Foundation\VISA\WinNT\Bin;C:\WINDOWS\system32;C:\WINDOWS;C:\WINDOWS\System32\Wbem;C:\WINDOWS\System32\WindowsPowerShell\v1.0\;;C:\WINDOWS\System32\OpenSSH\;C:\Users\ervin_1nmnhvl\AppData\Local\Microsoft\WindowsApps;
USERNAME=ervin_1nmnhvl
OS=Windows_NT
PROCESSOR_IDENTIFIER=Intel64 Family 6 Model 42 Stepping 7, GenuineIntel



---------------  S Y S T E M  ---------------

OS: Windows 10.0 , 64 bit Build 19041 (10.0.19041.546)

CPU:total 4 (2 cores per cpu, 2 threads per core) family 6 model 42 stepping 7, cmov, cx8, fxsr, mmx, sse, sse2, sse3, ssse3, sse4.1, sse4.2, popcnt, avx, aes, clmul, ht, tsc, tscinvbit

Memory: 4k page, physical 8266764k(540756k free), swap 10363916k(1288k free)

vm_info: Java HotSpot(TM) 64-Bit Server VM (25.51-b03) for windows-amd64 JRE (1.8.0_51-b16), built on Jun  8 2015 18:03:07 by "java_re" with MS VC++ 10.0 (VS2010)

time: Tue Nov 03 07:11:10 2020
elapsed time: 152 seconds (0d 0h 2m 32s)

