#
# There is insufficient memory for the Java Runtime Environment to continue.
# Native memory allocation (malloc) failed to allocate 1166176 bytes for Chunk::new
# Possible reasons:
#   The system is out of physical RAM or swap space
#   In 32 bit mode, the process size limit was hit
# Possible solutions:
#   Reduce memory load on the system
#   Increase physical memory or swap space
#   Check if swap backing store is full
#   Use 64 bit Java on a 64 bit OS
#   Decrease Java heap size (-Xmx/-Xms)
#   Decrease number of Java threads
#   Decrease Java thread stack sizes (-Xss)
#   Set larger code cache with -XX:ReservedCodeCacheSize=
# This output file may be truncated or incomplete.
#
#  Out of Memory Error (allocation.cpp:390), pid=18952, tid=7056
#
# JRE version: Java(TM) SE Runtime Environment (8.0_51-b16) (build 1.8.0_51-b16)
# Java VM: Java HotSpot(TM) 64-Bit Server VM (25.51-b03 mixed mode windows-amd64 compressed oops)
# Failed to write core dump. Minidumps are not enabled by default on client versions of Windows
#

---------------  T H R E A D  ---------------

Current thread (0x0000000018b9a800):  JavaThread "C2 CompilerThread1" daemon [_thread_in_native, id=7056, stack(0x0000000018f40000,0x0000000019040000)]

Stack: [0x0000000018f40000,0x0000000019040000]
Native frames: (J=compiled Java code, j=interpreted, Vv=VM code, C=native code)
V  [jvm.dll+0x32b4ca]
V  [jvm.dll+0x2797e3]
V  [jvm.dll+0x27a479]
V  [jvm.dll+0x271765]
V  [jvm.dll+0xcba02]
V  [jvm.dll+0xcbecc]
V  [jvm.dll+0x476f72]
V  [jvm.dll+0x4b95ff]
V  [jvm.dll+0x46bb38]
V  [jvm.dll+0x46cd4e]
V  [jvm.dll+0x4501a2]
V  [jvm.dll+0xa43a2]
V  [jvm.dll+0xa4cdf]
V  [jvm.dll+0x2418a4]
V  [jvm.dll+0x29846a]
C  [msvcr100.dll+0x21d9f]
C  [msvcr100.dll+0x21e3b]
C  [KERNEL32.DLL+0x16fd4]
C  [ntdll.dll+0x4cec1]


Current CompileTask:
C2:1720349 30610       4       net.minecraft.entity.player.PlayerEntity::livingTick (458 bytes)


---------------  P R O C E S S  ---------------

Java Threads: ( => current thread )
  0x0000000053fdb800 JavaThread "Server-Worker-126" daemon [_thread_blocked, id=13228, stack(0x000000002f2c0000,0x000000002f3c0000)]
  0x0000000053fea000 JavaThread "Server-Worker-125" daemon [_thread_blocked, id=10320, stack(0x0000000054af0000,0x0000000054bf0000)]
  0x0000000053fdf800 JavaThread "Server-Worker-121" daemon [_thread_blocked, id=15148, stack(0x0000000054bf0000,0x0000000054cf0000)]
  0x0000000053fdc800 JavaThread "LanServerPinger #1" daemon [_thread_blocked, id=17128, stack(0x0000000042490000,0x0000000042590000)]
  0x0000000053fe1800 JavaThread "Netty Server IO #2" daemon [_thread_in_native, id=8500, stack(0x000000003e890000,0x000000003e990000)]
  0x0000000022078800 JavaThread "Sound engine" daemon [_thread_blocked, id=4452, stack(0x000000002df60000,0x000000002e060000)]
  0x0000000022083000 JavaThread "Netty Server IO #1" daemon [_thread_in_native, id=14636, stack(0x0000000040290000,0x0000000040390000)]
  0x0000000022080000 JavaThread "Netty Local Client IO #0" daemon [_thread_blocked, id=8400, stack(0x000000003fd40000,0x000000003fe40000)]
  0x000000001ba1c800 JavaThread "Netty Server IO #0" daemon [_thread_in_native, id=1560, stack(0x000000002f1c0000,0x000000002f2c0000)]
  0x000000001ba1b800 JavaThread "ObjectCleanerThread" daemon [_thread_blocked, id=11176, stack(0x00000000021d0000,0x00000000022d0000)]
  0x000000001ba1d000 JavaThread "Java2D Disposer" daemon [_thread_blocked, id=20344, stack(0x0000000000910000,0x0000000000a10000)]
  0x000000002207b000 JavaThread "poi IO worker" [_thread_blocked, id=636, stack(0x000000002fdc0000,0x000000002fec0000)]
  0x000000002207b800 JavaThread "chunk IO worker" [_thread_blocked, id=16504, stack(0x000000002f690000,0x000000002f790000)]
  0x000000002207e000 JavaThread "Thread-11" daemon [_thread_in_native, id=11748, stack(0x000000002f590000,0x000000002f690000)]
  0x0000000022081000 JavaThread "Server thread" [_thread_in_vm, id=15344, stack(0x000000002f490000,0x000000002f590000)]
  0x0000000022081800 JavaThread "Snooper Timer" daemon [_thread_blocked, id=4496, stack(0x0000000027620000,0x0000000027720000)]
  0x000000001ba1a000 JavaThread "Narrator" [_thread_blocked, id=17996, stack(0x0000000027ae0000,0x0000000027be0000)]
  0x000000001ba1f800 JavaThread "Timer hack thread" daemon [_thread_blocked, id=13080, stack(0x00000000239c0000,0x0000000023ac0000)]
  0x000000001bbd7000 JavaThread "Snooper Timer" daemon [_thread_blocked, id=15596, stack(0x000000001c020000,0x000000001c120000)]
  0x0000000019636800 JavaThread "pool-2-thread-1" daemon [_thread_blocked, id=13264, stack(0x0000000020540000,0x0000000020640000)]
  0x000000001a4fa800 JavaThread "Thread-2" daemon [_thread_in_native, id=3044, stack(0x000000001c840000,0x000000001c940000)]
  0x000000001a4f9800 JavaThread "Thread-1" daemon [_thread_blocked, id=18288, stack(0x000000001c740000,0x000000001c840000)]
  0x0000000018d3d000 JavaThread "Service Thread" daemon [_thread_blocked, id=17324, stack(0x0000000019940000,0x0000000019a40000)]
  0x0000000018b9e000 JavaThread "C1 CompilerThread2" daemon [_thread_blocked, id=3524, stack(0x0000000019040000,0x0000000019140000)]
=>0x0000000018b9a800 JavaThread "C2 CompilerThread1" daemon [_thread_in_native, id=7056, stack(0x0000000018f40000,0x0000000019040000)]
  0x0000000018d0a800 JavaThread "C2 CompilerThread0" daemon [_thread_in_native, id=13452, stack(0x0000000018e40000,0x0000000018f40000)]
  0x0000000018cea000 JavaThread "Monitor Ctrl-Break" daemon [_thread_in_native, id=7980, stack(0x0000000018d40000,0x0000000018e40000)]
  0x00000000173f7800 JavaThread "Attach Listener" daemon [_thread_blocked, id=15016, stack(0x0000000018840000,0x0000000018940000)]
  0x00000000173f6800 JavaThread "Signal Dispatcher" daemon [_thread_blocked, id=10548, stack(0x0000000018740000,0x0000000018840000)]
  0x00000000027bb000 JavaThread "Finalizer" daemon [_thread_blocked, id=6964, stack(0x0000000018640000,0x0000000018740000)]
  0x00000000027b7000 JavaThread "Reference Handler" daemon [_thread_blocked, id=16212, stack(0x0000000018540000,0x0000000018640000)]
  0x00000000026c2800 JavaThread "Render thread" [_thread_in_native, id=14628, stack(0x00000000025c0000,0x00000000026c0000)]

Other Threads:
  0x00000000173b9000 VMThread [stack: 0x0000000018440000,0x0000000018540000] [id=16596]
  0x0000000018d3e000 WatcherThread [stack: 0x0000000019a40000,0x0000000019b40000] [id=18184]

VM state:not at safepoint (normal execution)

VM Mutex/Monitor currently owned by a thread: None

Heap:
 PSYoungGen      total 624640K, used 104898K [0x00000000d5f00000, 0x0000000100000000, 0x0000000100000000)
  eden space 559616K, 10% used [0x00000000d5f00000,0x00000000d96fc368,0x00000000f8180000)
  from space 65024K, 73% used [0x00000000fc080000,0x00000000feef44c8,0x0000000100000000)
  to   space 64512K, 0% used [0x00000000f8180000,0x00000000f8180000,0x00000000fc080000)
 ParOldGen       total 680448K, used 572605K [0x0000000081c00000, 0x00000000ab480000, 0x00000000d5f00000)
  object space 680448K, 84% used [0x0000000081c00000,0x00000000a4b2f7c8,0x00000000ab480000)
 Metaspace       used 96491K, capacity 108742K, committed 109056K, reserved 1140736K
  class space    used 14125K, capacity 17045K, committed 17152K, reserved 1048576K

Card table byte_map: [0x0000000011c80000,0x0000000012080000] byte_map_base: 0x0000000011872000

Marking Bits: (ParMarkBitMap*) 0x0000000073214040
 Begin Bits: [0x0000000012730000, 0x00000000146c0000)
 End Bits:   [0x00000000146c0000, 0x0000000016650000)

Polling page: 0x0000000000800000

CodeCache: size=245760Kb used=68471Kb max_used=69066Kb free=177288Kb
 bounds [0x00000000028c0000, 0x0000000006d40000, 0x00000000118c0000]
 total_blobs=20303 nmethods=18605 adapters=1603
 compilation: enabled

Compilation events (10 events):
Event: 1715.200 Thread 0x0000000018b9e000 30605       3       net.minecraft.client.renderer.entity.ChickenRenderer::handleRotationFloat (37 bytes)
Event: 1715.200 Thread 0x0000000018b9e000 nmethod 30605 0x0000000003983ed0 code [0x0000000003984080, 0x0000000003984390]
Event: 1715.203 Thread 0x0000000018b9e000 30606       3       net.minecraft.client.renderer.entity.model.ChickenModel::getHeadParts (16 bytes)
Event: 1715.204 Thread 0x0000000018b9e000 nmethod 30606 0x0000000006572c90 code [0x0000000006572e40, 0x0000000006573598]
Event: 1715.738 Thread 0x0000000018d0a800 30607       4       net.minecraft.client.renderer.tileentity.ItemStackTileEntityRenderer::render (612 bytes)
Event: 1715.778 Thread 0x0000000018d0a800 nmethod 30607 0x0000000006422ad0 code [0x0000000006422d80, 0x0000000006424040]
Event: 1716.534 Thread 0x0000000018b9a800 30608       4       net.minecraftforge.client.ForgeHooksClient::shouldCauseReequipAnimation (71 bytes)
Event: 1716.538 Thread 0x0000000018b9a800 nmethod 30608 0x00000000065b94d0 code [0x00000000065b9620, 0x00000000065b9898]
Event: 1720.168 Thread 0x0000000018d0a800 30609       4       net.minecraft.entity.player.PlayerEntity::tick (411 bytes)
Event: 1720.222 Thread 0x0000000018b9a800 30610       4       net.minecraft.entity.player.PlayerEntity::livingTick (458 bytes)

GC Heap History (10 events):
Event: 1696.334 GC heap before
{Heap before GC invocations=379 (full 9):
 PSYoungGen      total 625152K, used 600026K [0x00000000d5f00000, 0x00000000ffd80000, 0x0000000100000000)
  eden space 565760K, 100% used [0x00000000d5f00000,0x00000000f8780000,0x00000000f8780000)
  from space 59392K, 57% used [0x00000000f8780000,0x00000000fa8f6af8,0x00000000fc180000)
  to   space 57856K, 0% used [0x00000000fc500000,0x00000000fc500000,0x00000000ffd80000)
 ParOldGen       total 680448K, used 559084K [0x0000000081c00000, 0x00000000ab480000, 0x00000000d5f00000)
  object space 680448K, 82% used [0x0000000081c00000,0x00000000a3dfb2d8,0x00000000ab480000)
 Metaspace       used 96480K, capacity 108726K, committed 109056K, reserved 1140736K
  class space    used 14124K, capacity 17043K, committed 17152K, reserved 1048576K
Event: 1696.350 GC heap after
Heap after GC invocations=379 (full 9):
 PSYoungGen      total 628736K, used 34508K [0x00000000d5f00000, 0x00000000ffc80000, 0x0000000100000000)
  eden space 571904K, 0% used [0x00000000d5f00000,0x00000000d5f00000,0x00000000f8d80000)
  from space 56832K, 60% used [0x00000000fc500000,0x00000000fe6b30e0,0x00000000ffc80000)
  to   space 56832K, 0% used [0x00000000f8d80000,0x00000000f8d80000,0x00000000fc500000)
 ParOldGen       total 680448K, used 561021K [0x0000000081c00000, 0x00000000ab480000, 0x00000000d5f00000)
  object space 680448K, 82% used [0x0000000081c00000,0x00000000a3fdf440,0x00000000ab480000)
 Metaspace       used 96480K, capacity 108726K, committed 109056K, reserved 1140736K
  class space    used 14124K, capacity 17043K, committed 17152K, reserved 1048576K
}
Event: 1701.572 GC heap before
{Heap before GC invocations=380 (full 9):
 PSYoungGen      total 628736K, used 606412K [0x00000000d5f00000, 0x00000000ffc80000, 0x0000000100000000)
  eden space 571904K, 100% used [0x00000000d5f00000,0x00000000f8d80000,0x00000000f8d80000)
  from space 56832K, 60% used [0x00000000fc500000,0x00000000fe6b30e0,0x00000000ffc80000)
  to   space 56832K, 0% used [0x00000000f8d80000,0x00000000f8d80000,0x00000000fc500000)
 ParOldGen       total 680448K, used 561021K [0x0000000081c00000, 0x00000000ab480000, 0x00000000d5f00000)
  object space 680448K, 82% used [0x0000000081c00000,0x00000000a3fdf440,0x00000000ab480000)
 Metaspace       used 96486K, capacity 108738K, committed 109056K, reserved 1140736K
  class space    used 14125K, capacity 17045K, committed 17152K, reserved 1048576K
Event: 1701.602 GC heap after
Heap after GC invocations=380 (full 9):
 PSYoungGen      total 628736K, used 56806K [0x00000000d5f00000, 0x0000000100000000, 0x0000000100000000)
  eden space 571904K, 0% used [0x00000000d5f00000,0x00000000d5f00000,0x00000000f8d80000)
  from space 56832K, 99% used [0x00000000f8d80000,0x00000000fc4f9a08,0x00000000fc500000)
  to   space 60416K, 0% used [0x00000000fc500000,0x00000000fc500000,0x0000000100000000)
 ParOldGen       total 680448K, used 564174K [0x0000000081c00000, 0x00000000ab480000, 0x00000000d5f00000)
  object space 680448K, 82% used [0x0000000081c00000,0x00000000a42f3a18,0x00000000ab480000)
 Metaspace       used 96486K, capacity 108738K, committed 109056K, reserved 1140736K
  class space    used 14125K, capacity 17045K, committed 17152K, reserved 1048576K
}
Event: 1706.458 GC heap before
{Heap before GC invocations=381 (full 9):
 PSYoungGen      total 628736K, used 628710K [0x00000000d5f00000, 0x0000000100000000, 0x0000000100000000)
  eden space 571904K, 100% used [0x00000000d5f00000,0x00000000f8d80000,0x00000000f8d80000)
  from space 56832K, 99% used [0x00000000f8d80000,0x00000000fc4f9a08,0x00000000fc500000)
  to   space 60416K, 0% used [0x00000000fc500000,0x00000000fc500000,0x0000000100000000)
 ParOldGen       total 680448K, used 564174K [0x0000000081c00000, 0x00000000ab480000, 0x00000000d5f00000)
  object space 680448K, 82% used [0x0000000081c00000,0x00000000a42f3a18,0x00000000ab480000)
 Metaspace       used 96489K, capacity 108742K, committed 109056K, reserved 1140736K
  class space    used 14125K, capacity 17045K, committed 17152K, reserved 1048576K
Event: 1706.492 GC heap after
Heap after GC invocations=381 (full 9):
 PSYoungGen      total 621568K, used 48297K [0x00000000d5f00000, 0x0000000100000000, 0x0000000100000000)
  eden space 561152K, 0% used [0x00000000d5f00000,0x00000000d5f00000,0x00000000f8300000)
  from space 60416K, 79% used [0x00000000fc500000,0x00000000ff42a5c0,0x0000000100000000)
  to   space 64000K, 0% used [0x00000000f8300000,0x00000000f8300000,0x00000000fc180000)
 ParOldGen       total 680448K, used 569957K [0x0000000081c00000, 0x00000000ab480000, 0x00000000d5f00000)
  object space 680448K, 83% used [0x0000000081c00000,0x00000000a4899698,0x00000000ab480000)
 Metaspace       used 96489K, capacity 108742K, committed 109056K, reserved 1140736K
  class space    used 14125K, capacity 17045K, committed 17152K, reserved 1048576K
}
Event: 1710.316 GC heap before
{Heap before GC invocations=382 (full 9):
 PSYoungGen      total 621568K, used 609449K [0x00000000d5f00000, 0x0000000100000000, 0x0000000100000000)
  eden space 561152K, 100% used [0x00000000d5f00000,0x00000000f8300000,0x00000000f8300000)
  from space 60416K, 79% used [0x00000000fc500000,0x00000000ff42a5c0,0x0000000100000000)
  to   space 64000K, 0% used [0x00000000f8300000,0x00000000f8300000,0x00000000fc180000)
 ParOldGen       total 680448K, used 569957K [0x0000000081c00000, 0x00000000ab480000, 0x00000000d5f00000)
  object space 680448K, 83% used [0x0000000081c00000,0x00000000a4899698,0x00000000ab480000)
 Metaspace       used 96489K, capacity 108742K, committed 109056K, reserved 1140736K
  class space    used 14125K, capacity 17045K, committed 17152K, reserved 1048576K
Event: 1710.334 GC heap after
Heap after GC invocations=382 (full 9):
 PSYoungGen      total 610816K, used 49369K [0x00000000d5f00000, 0x0000000100000000, 0x0000000100000000)
  eden space 561152K, 0% used [0x00000000d5f00000,0x00000000d5f00000,0x00000000f8300000)
  from space 49664K, 99% used [0x00000000f8300000,0x00000000fb3367f8,0x00000000fb380000)
  to   space 65024K, 0% used [0x00000000fc080000,0x00000000fc080000,0x0000000100000000)
 ParOldGen       total 680448K, used 569957K [0x0000000081c00000, 0x00000000ab480000, 0x00000000d5f00000)
  object space 680448K, 83% used [0x0000000081c00000,0x00000000a4899698,0x00000000ab480000)
 Metaspace       used 96489K, capacity 108742K, committed 109056K, reserved 1140736K
  class space    used 14125K, capacity 17045K, committed 17152K, reserved 1048576K
}
Event: 1718.387 GC heap before
{Heap before GC invocations=383 (full 9):
 PSYoungGen      total 610816K, used 610521K [0x00000000d5f00000, 0x0000000100000000, 0x0000000100000000)
  eden space 561152K, 100% used [0x00000000d5f00000,0x00000000f8300000,0x00000000f8300000)
  from space 49664K, 99% used [0x00000000f8300000,0x00000000fb3367f8,0x00000000fb380000)
  to   space 65024K, 0% used [0x00000000fc080000,0x00000000fc080000,0x0000000100000000)
 ParOldGen       total 680448K, used 569957K [0x0000000081c00000, 0x00000000ab480000, 0x00000000d5f00000)
  object space 680448K, 83% used [0x0000000081c00000,0x00000000a4899698,0x00000000ab480000)
 Metaspace       used 96491K, capacity 108742K, committed 109056K, reserved 1140736K
  class space    used 14125K, capacity 17045K, committed 17152K, reserved 1048576K
Event: 1718.417 GC heap after
Heap after GC invocations=383 (full 9):
 PSYoungGen      total 624640K, used 47569K [0x00000000d5f00000, 0x0000000100000000, 0x0000000100000000)
  eden space 559616K, 0% used [0x00000000d5f00000,0x00000000d5f00000,0x00000000f8180000)
  from space 65024K, 73% used [0x00000000fc080000,0x00000000feef44c8,0x0000000100000000)
  to   space 64512K, 0% used [0x00000000f8180000,0x00000000f8180000,0x00000000fc080000)
 ParOldGen       total 680448K, used 572605K [0x0000000081c00000, 0x00000000ab480000, 0x00000000d5f00000)
  object space 680448K, 84% used [0x0000000081c00000,0x00000000a4b2f7c8,0x00000000ab480000)
 Metaspace       used 96491K, capacity 108742K, committed 109056K, reserved 1140736K
  class space    used 14125K, capacity 17045K, committed 17152K, reserved 1048576K
}

Deoptimization events (10 events):
Event: 1688.833 Thread 0x0000000022081000 Uncommon trap: reason=speculate_class_check action=maybe_recompile pc=0x00000000046225c0 method=net.minecraft.entity.Entity.remove()V @ 2
Event: 1698.530 Thread 0x0000000022081000 Uncommon trap: reason=unstable_if action=reinterpret pc=0x0000000005311fe0 method=net.minecraft.entity.player.PlayerEntity.shouldHeal()Z @ 6
Event: 1698.748 Thread 0x00000000026c2800 Uncommon trap: reason=unstable_if action=reinterpret pc=0x0000000002abe0ec method=java.util.ArrayList.indexOf(Ljava/lang/Object;)I @ 1
Event: 1699.630 Thread 0x0000000022081000 Uncommon trap: reason=unstable_if action=reinterpret pc=0x000000000349ddd8 method=it.unimi.dsi.fastutil.objects.Object2BooleanOpenHashMap.getBoolean(Ljava/lang/Object;)Z @ 52
Event: 1700.820 Thread 0x0000000022081000 Uncommon trap: reason=bimorphic action=maybe_recompile pc=0x0000000004215318 method=java.util.stream.DistinctOps$1$2.begin(J)V @ 18
Event: 1700.820 Thread 0x0000000022081000 Uncommon trap: reason=bimorphic action=maybe_recompile pc=0x00000000042053f4 method=java.util.stream.DistinctOps$1$2.accept(Ljava/lang/Object;)V @ 29
Event: 1700.820 Thread 0x0000000022081000 Uncommon trap: reason=bimorphic action=maybe_recompile pc=0x00000000042062b8 method=java.util.stream.DistinctOps$1$2.end()V @ 9
Event: 1700.846 Thread 0x0000000022081000 Uncommon trap: reason=unstable_if action=reinterpret pc=0x0000000004c8612c method=java.util.concurrent.ConcurrentLinkedQueue.offer(Ljava/lang/Object;)Z @ 72
Event: 1700.849 Thread 0x0000000053fea000 Uncommon trap: reason=unstable_if action=reinterpret pc=0x0000000004356274 method=java.util.concurrent.ConcurrentLinkedQueue.offer(Ljava/lang/Object;)Z @ 72
Event: 1718.434 Thread 0x00000000026c2800 Uncommon trap: reason=unstable_if action=reinterpret pc=0x0000000005c10934 method=net.minecraft.client.MouseHelper.updatePlayerLook()V @ 30

Internal exceptions (10 events):
Event: 1700.040 Thread 0x000000002207b800 Exception <a 'sun/nio/fs/WindowsException'> (0x00000000edd06a60) thrown at [C:\re\workspace\8-2-build-windows-amd64-cygwin\jdk8u51\3951\hotspot\src\share\vm\prims\jni.cpp, line 709]
Event: 1700.041 Thread 0x000000002207b800 Exception <a 'sun/nio/fs/WindowsException'> (0x00000000edd10fd8) thrown at [C:\re\workspace\8-2-build-windows-amd64-cygwin\jdk8u51\3951\hotspot\src\share\vm\prims\jni.cpp, line 709]
Event: 1700.041 Thread 0x000000002207b800 Exception <a 'sun/nio/fs/WindowsException'> (0x00000000edd11b48) thrown at [C:\re\workspace\8-2-build-windows-amd64-cygwin\jdk8u51\3951\hotspot\src\share\vm\prims\jni.cpp, line 709]
Event: 1700.042 Thread 0x000000002207b800 Exception <a 'sun/nio/fs/WindowsException'> (0x00000000edd9fa20) thrown at [C:\re\workspace\8-2-build-windows-amd64-cygwin\jdk8u51\3951\hotspot\src\share\vm\prims\jni.cpp, line 709]
Event: 1700.043 Thread 0x000000002207b800 Exception <a 'sun/nio/fs/WindowsException'> (0x00000000edda44a8) thrown at [C:\re\workspace\8-2-build-windows-amd64-cygwin\jdk8u51\3951\hotspot\src\share\vm\prims\jni.cpp, line 709]
Event: 1700.044 Thread 0x000000002207b800 Exception <a 'sun/nio/fs/WindowsException'> (0x00000000edda8fd8) thrown at [C:\re\workspace\8-2-build-windows-amd64-cygwin\jdk8u51\3951\hotspot\src\share\vm\prims\jni.cpp, line 709]
Event: 1700.046 Thread 0x000000002207b800 Exception <a 'sun/nio/fs/WindowsException'> (0x00000000eddb5a68) thrown at [C:\re\workspace\8-2-build-windows-amd64-cygwin\jdk8u51\3951\hotspot\src\share\vm\prims\jni.cpp, line 709]
Event: 1700.047 Thread 0x000000002207b800 Exception <a 'sun/nio/fs/WindowsException'> (0x00000000edec94b0) thrown at [C:\re\workspace\8-2-build-windows-amd64-cygwin\jdk8u51\3951\hotspot\src\share\vm\prims\jni.cpp, line 709]
Event: 1700.048 Thread 0x000000002207b800 Exception <a 'sun/nio/fs/WindowsException'> (0x00000000eded5a20) thrown at [C:\re\workspace\8-2-build-windows-amd64-cygwin\jdk8u51\3951\hotspot\src\share\vm\prims\jni.cpp, line 709]
Event: 1700.049 Thread 0x000000002207b800 Exception <a 'sun/nio/fs/WindowsException'> (0x00000000ededa550) thrown at [C:\re\workspace\8-2-build-windows-amd64-cygwin\jdk8u51\3951\hotspot\src\share\vm\prims\jni.cpp, line 709]

Events (10 events):
Event: 1706.492 Executing VM operation: ParallelGCFailedAllocation done
Event: 1710.315 Executing VM operation: ParallelGCFailedAllocation
Event: 1710.334 Executing VM operation: ParallelGCFailedAllocation done
Event: 1711.669 Thread 0x0000000018b9e000 flushing nmethod 0x0000000003983dd0
Event: 1715.201 Thread 0x0000000018b9e000 flushing nmethod 0x0000000003fc8a10
Event: 1718.387 Executing VM operation: ParallelGCFailedAllocation
Event: 1718.417 Executing VM operation: ParallelGCFailedAllocation done
Event: 1718.434 Thread 0x00000000026c2800 Uncommon trap: trap_request=0xffffff65 fr.pc=0x0000000005c10934
Event: 1718.434 Thread 0x00000000026c2800 DEOPT PACKING pc=0x0000000005c10934 sp=0x00000000026be480
Event: 1718.434 Thread 0x00000000026c2800 DEOPT UNPACKING pc=0x000000000290582a sp=0x00000000026be388 mode 2


Dynamic libraries:
0x00007ff788cd0000 - 0x00007ff788d07000 	C:\Program Files (x86)\Minecraft\runtime\jre-x64\bin\java.exe
0x00007fff9ac30000 - 0x00007fff9ae25000 	C:\WINDOWS\SYSTEM32\ntdll.dll
0x00007fff99660000 - 0x00007fff9971d000 	C:\WINDOWS\System32\KERNEL32.DLL
0x00007fff98660000 - 0x00007fff98927000 	C:\WINDOWS\System32\KERNELBASE.dll
0x00007fff994e0000 - 0x00007fff9958a000 	C:\WINDOWS\System32\ADVAPI32.dll
0x00007fff992a0000 - 0x00007fff9933e000 	C:\WINDOWS\System32\msvcrt.dll
0x00007fff99ee0000 - 0x00007fff99f7b000 	C:\WINDOWS\System32\sechost.dll
0x00007fff99780000 - 0x00007fff998a3000 	C:\WINDOWS\System32\RPCRT4.dll
0x00007fff98d00000 - 0x00007fff98ea0000 	C:\WINDOWS\System32\USER32.dll
0x00007fff98c70000 - 0x00007fff98c92000 	C:\WINDOWS\System32\win32u.dll
0x00007fff9abc0000 - 0x00007fff9abea000 	C:\WINDOWS\System32\GDI32.dll
0x00007fff98380000 - 0x00007fff9848a000 	C:\WINDOWS\System32\gdi32full.dll
0x00007fff984c0000 - 0x00007fff9855d000 	C:\WINDOWS\System32\msvcp_win.dll
0x00007fff98560000 - 0x00007fff98660000 	C:\WINDOWS\System32\ucrtbase.dll
0x00007fff84400000 - 0x00007fff8469a000 	C:\WINDOWS\WinSxS\amd64_microsoft.windows.common-controls_6595b64144ccf1df_6.0.19041.1_none_b555e41d4684ddec\COMCTL32.dll
0x00007fff99d10000 - 0x00007fff99d40000 	C:\WINDOWS\System32\IMM32.DLL
0x00000000741f0000 - 0x00000000742c2000 	C:\Program Files (x86)\Minecraft\runtime\jre-x64\bin\msvcr100.dll
0x0000000072a10000 - 0x0000000073293000 	C:\Program Files (x86)\Minecraft\runtime\jre-x64\bin\server\jvm.dll
0x00007fff98f30000 - 0x00007fff98f38000 	C:\WINDOWS\System32\PSAPI.DLL
0x00007fff8e130000 - 0x00007fff8e139000 	C:\WINDOWS\SYSTEM32\WSOCK32.dll
0x00007fff90600000 - 0x00007fff90627000 	C:\WINDOWS\SYSTEM32\WINMM.dll
0x00007fff99960000 - 0x00007fff999cb000 	C:\WINDOWS\System32\WS2_32.dll
0x00007fff90430000 - 0x00007fff9043a000 	C:\WINDOWS\SYSTEM32\VERSION.dll
0x00000000741e0000 - 0x00000000741ef000 	C:\Program Files (x86)\Minecraft\runtime\jre-x64\bin\verify.dll
0x00000000741b0000 - 0x00000000741d9000 	C:\Program Files (x86)\Minecraft\runtime\jre-x64\bin\java.dll
0x0000000074180000 - 0x00000000741a3000 	C:\Program Files (x86)\Minecraft\runtime\jre-x64\bin\instrument.dll
0x0000000074160000 - 0x0000000074176000 	C:\Program Files (x86)\Minecraft\runtime\jre-x64\bin\zip.dll
0x00007fff9a480000 - 0x00007fff9abc0000 	C:\WINDOWS\System32\SHELL32.dll
0x00007fff963a0000 - 0x00007fff96b31000 	C:\WINDOWS\SYSTEM32\windows.storage.dll
0x00007fff98f40000 - 0x00007fff99293000 	C:\WINDOWS\System32\combase.dll
0x00007fff97d30000 - 0x00007fff97d5c000 	C:\WINDOWS\SYSTEM32\Wldp.dll
0x00007fff99e20000 - 0x00007fff99ece000 	C:\WINDOWS\System32\SHCORE.dll
0x00007fff98ca0000 - 0x00007fff98cf5000 	C:\WINDOWS\System32\shlwapi.dll
0x00007fff982c0000 - 0x00007fff982df000 	C:\WINDOWS\SYSTEM32\profapi.dll
0x00007fff85730000 - 0x00007fff8574a000 	C:\Users\ervin_1nmnhvl\AppData\Local\JetBrains\Toolbox\apps\IDEA-U\ch-0\202.6397.94\bin\breakgen64.dll
0x0000000074140000 - 0x000000007415a000 	C:\Program Files (x86)\Minecraft\runtime\jre-x64\bin\net.dll
0x00007fff97b20000 - 0x00007fff97b8a000 	C:\WINDOWS\system32\mswsock.dll
0x0000000074130000 - 0x000000007413d000 	C:\Program Files (x86)\Minecraft\runtime\jre-x64\bin\management.dll
0x00007fff5c610000 - 0x00007fff5c627000 	C:\WINDOWS\system32\napinsp.dll
0x00007fff643e0000 - 0x00007fff643fb000 	C:\WINDOWS\system32\pnrpnsp.dll
0x00007fff930f0000 - 0x00007fff93105000 	C:\WINDOWS\system32\wshbth.dll
0x00007fff93e90000 - 0x00007fff93ead000 	C:\WINDOWS\system32\NLAapi.dll
0x00007fff977e0000 - 0x00007fff9781b000 	C:\WINDOWS\SYSTEM32\IPHLPAPI.DLL
0x00007fff97830000 - 0x00007fff978fa000 	C:\WINDOWS\SYSTEM32\DNSAPI.dll
0x00007fff99f80000 - 0x00007fff99f89000 	C:\WINDOWS\System32\NSI.dll
0x00007fff64430000 - 0x00007fff64442000 	C:\WINDOWS\System32\winrnr.dll
0x00007fff86cf0000 - 0x00007fff86cfa000 	C:\Windows\System32\rasadhlp.dll
0x00007fff8c8a0000 - 0x00007fff8c91f000 	C:\WINDOWS\System32\fwpuclnt.dll
0x00007fff98490000 - 0x00007fff984b7000 	C:\WINDOWS\System32\bcrypt.dll
0x00007fff8b1f0000 - 0x00007fff8b207000 	C:\WINDOWS\SYSTEM32\dhcpcsvc6.DLL
0x00007fff8b1d0000 - 0x00007fff8b1ed000 	C:\WINDOWS\SYSTEM32\dhcpcsvc.DLL
0x00007fff98080000 - 0x00007fff98098000 	C:\WINDOWS\SYSTEM32\CRYPTSP.dll
0x00007fff97360000 - 0x00007fff97394000 	C:\WINDOWS\system32\rsaenh.dll
0x00007fff98280000 - 0x00007fff982ae000 	C:\WINDOWS\SYSTEM32\USERENV.dll
0x00007fff98ba0000 - 0x00007fff98c1f000 	C:\WINDOWS\System32\bcryptprimitives.dll
0x00007fff97ca0000 - 0x00007fff97cac000 	C:\WINDOWS\SYSTEM32\CRYPTBASE.dll
0x0000000074110000 - 0x0000000074121000 	C:\Program Files (x86)\Minecraft\runtime\jre-x64\bin\nio.dll
0x00000000740e0000 - 0x0000000074104000 	C:\Program Files (x86)\Minecraft\runtime\jre-x64\bin\sunec.dll
0x00007fff67540000 - 0x00007fff675b2000 	C:\Users\ervin_1nmnhvl\AppData\Local\Temp\lwjglervin_1nmnhvl\3.2.2-build-10\lwjgl.dll
0x00007fff60340000 - 0x00007fff60591000 	C:\Users\ERVIN_~1\AppData\Local\Temp\lwjglervin_1nmnhvl\3.2.2-build-10\jemalloc.dll
0x00007fff654d0000 - 0x00007fff6552e000 	C:\Users\ERVIN_~1\AppData\Local\Temp\lwjglervin_1nmnhvl\3.2.2-build-10\glfw.dll
0x00007fff95bf0000 - 0x00007fff95c8f000 	C:\WINDOWS\system32\uxtheme.dll
0x00007fff6c7f0000 - 0x00007fff6c835000 	C:\WINDOWS\SYSTEM32\dinput8.dll
0x00007fff83e80000 - 0x00007fff83e91000 	C:\WINDOWS\SYSTEM32\xinput1_4.dll
0x00007fff98c20000 - 0x00007fff98c6d000 	C:\WINDOWS\System32\cfgmgr32.dll
0x00007fff98160000 - 0x00007fff9818c000 	C:\WINDOWS\SYSTEM32\DEVOBJ.dll
0x00007fff95de0000 - 0x00007fff95e0f000 	C:\WINDOWS\SYSTEM32\dwmapi.dll
0x00007fff993c0000 - 0x00007fff994d5000 	C:\WINDOWS\System32\MSCTF.dll
0x00007fff99590000 - 0x00007fff9965d000 	C:\WINDOWS\System32\OLEAUT32.dll
0x00007fff8b210000 - 0x00007fff8b362000 	C:\WINDOWS\SYSTEM32\inputhost.dll
0x00007fff937a0000 - 0x00007fff93895000 	C:\WINDOWS\SYSTEM32\PROPSYS.dll
0x00007fff94de0000 - 0x00007fff94f36000 	C:\WINDOWS\SYSTEM32\wintypes.dll
0x00007fff95810000 - 0x00007fff95902000 	C:\WINDOWS\SYSTEM32\CoreMessaging.dll
0x00007fff954b0000 - 0x00007fff9580a000 	C:\WINDOWS\SYSTEM32\CoreUIComponents.dll
0x00007fff96fb0000 - 0x00007fff96fe3000 	C:\WINDOWS\SYSTEM32\ntmarta.dll
0x00007fff96b50000 - 0x00007fff96b63000 	C:\WINDOWS\SYSTEM32\kernel.appcore.dll
0x00007fff96b40000 - 0x00007fff96b4d000 	C:\WINDOWS\SYSTEM32\HID.DLL
0x00007fff99f90000 - 0x00007fff9a3f7000 	C:\WINDOWS\System32\SETUPAPI.DLL
0x00007fff989e0000 - 0x00007fff98a40000 	C:\WINDOWS\System32\WINTRUST.dll
0x00007fff98a40000 - 0x00007fff98b9d000 	C:\WINDOWS\System32\CRYPT32.dll
0x00007fff98100000 - 0x00007fff98112000 	C:\WINDOWS\SYSTEM32\MSASN1.dll
0x00007fff5e0f0000 - 0x00007fff5e24c000 	C:\WINDOWS\SYSTEM32\opengl32.dll
0x00007fff8bce0000 - 0x00007fff8bd0c000 	C:\WINDOWS\SYSTEM32\GLU32.dll
0x00007fff50580000 - 0x00007fff51204000 	C:\WINDOWS\SYSTEM32\ig4icd64.dll
0x00007fff96bc0000 - 0x00007fff96cb3000 	C:\WINDOWS\SYSTEM32\dxgi.dll
0x00007fff94150000 - 0x00007fff943b3000 	C:\WINDOWS\SYSTEM32\d3d11.dll
0x00007fff8ca80000 - 0x00007fff8cabb000 	C:\WINDOWS\SYSTEM32\dxcore.dll
0x00007fff8b370000 - 0x00007fff8b46c000 	C:\WINDOWS\SYSTEM32\textinputframework.dll
0x00007fff65090000 - 0x00007fff650e8000 	C:\Users\ervin_1nmnhvl\AppData\Local\Temp\lwjglervin_1nmnhvl\3.2.2-build-10\lwjgl_opengl.dll
0x00007fff630c0000 - 0x00007fff6313f000 	C:\Users\ervin_1nmnhvl\AppData\Local\Temp\lwjglervin_1nmnhvl\3.2.2-build-10\lwjgl_stb.dll
0x00007fff999d0000 - 0x00007fff99af9000 	C:\WINDOWS\System32\ole32.dll
0x00007fff92590000 - 0x00007fff9263e000 	C:\WINDOWS\SYSTEM32\mscms.dll
0x00007fff92440000 - 0x00007fff92451000 	C:\WINDOWS\SYSTEM32\ColorAdapterClient.dll
0x00007fff64390000 - 0x00007fff643d3000 	C:\WINDOWS\SYSTEM32\icm32.dll
0x00007fff640e0000 - 0x00007fff64122000 	C:\Users\ervin_1nmnhvl\AppData\Local\Temp\jna-2118671535\jna5837291488256825021.dll
0x00007fff828b0000 - 0x00007fff828ca000 	C:\save\modding\ervin_mod_1\build\natives\SAPIWrapper_x64.dll
0x00007fff998b0000 - 0x00007fff99958000 	C:\WINDOWS\System32\clbcatq.dll
0x00007fff5e850000 - 0x00007fff5e9d4000 	C:\WINDOWS\System32\Speech\Common\sapi.dll
0x00007fff6bae0000 - 0x00007fff6bafe000 	C:\WINDOWS\SYSTEM32\MSACM32.dll
0x00007fff945a0000 - 0x00007fff945ab000 	C:\WINDOWS\SYSTEM32\msdmo.dll
0x00007fff841f0000 - 0x00007fff84216000 	C:\WINDOWS\SYSTEM32\winmmbase.dll
0x00007fff86080000 - 0x00007fff86105000 	C:\WINDOWS\System32\MMDevApi.dll
0x00007fff5d620000 - 0x00007fff5d734000 	C:\Users\ERVIN_~1\AppData\Local\Temp\lwjglervin_1nmnhvl\3.2.2-build-10\OpenAL.dll
0x00007fff7cca0000 - 0x00007fff7ce20000 	C:\WINDOWS\SYSTEM32\AUDIOSES.DLL
0x00007fff97950000 - 0x00007fff9799b000 	C:\WINDOWS\SYSTEM32\powrprof.dll
0x00007fff977c0000 - 0x00007fff977d2000 	C:\WINDOWS\SYSTEM32\UMPDC.dll
0x00007fff95cf0000 - 0x00007fff95d04000 	C:\WINDOWS\SYSTEM32\resourcepolicyclient.dll
0x0000000073f40000 - 0x00000000740d8000 	C:\Program Files (x86)\Minecraft\runtime\jre-x64\bin\awt.dll
0x00007fff95a40000 - 0x00007fff95ad0000 	C:\WINDOWS\SYSTEM32\apphelp.dll
0x00007fff8f3a0000 - 0x00007fff8f584000 	C:\WINDOWS\SYSTEM32\dbghelp.dll

VM Arguments:
jvm_args: -Dforge.logging.console.level=debug -Dforge.logging.markers=SCAN,REGISTRIES,REGISTRYDUMP -XX:HeapDumpPath=MojangTricksIntelDriversForPerformance_javaw.exe_minecraft.exe.heapdump -Dos.name=Windows 10 -Dos.version=10.0 -javaagent:C:\Users\ervin_1nmnhvl\AppData\Local\JetBrains\Toolbox\apps\IDEA-U\ch-0\202.6397.94\lib\idea_rt.jar=58895:C:\Users\ervin_1nmnhvl\AppData\Local\JetBrains\Toolbox\apps\IDEA-U\ch-0\202.6397.94\bin -Dfile.encoding=UTF-8 
java_command: net.minecraftforge.userdev.LaunchTesting
java_class_path (initial): C:\Program Files (x86)\Minecraft\runtime\jre-x64\lib\charsets.jar;C:\Program Files (x86)\Minecraft\runtime\jre-x64\lib\deploy.jar;C:\Program Files (x86)\Minecraft\runtime\jre-x64\lib\ext\access-bridge-64.jar;C:\Program Files (x86)\Minecraft\runtime\jre-x64\lib\ext\cldrdata.jar;C:\Program Files (x86)\Minecraft\runtime\jre-x64\lib\ext\dnsns.jar;C:\Program Files (x86)\Minecraft\runtime\jre-x64\lib\ext\jaccess.jar;C:\Program Files (x86)\Minecraft\runtime\jre-x64\lib\ext\jfxrt.jar;C:\Program Files (x86)\Minecraft\runtime\jre-x64\lib\ext\localedata.jar;C:\Program Files (x86)\Minecraft\runtime\jre-x64\lib\ext\nashorn.jar;C:\Program Files (x86)\Minecraft\runtime\jre-x64\lib\ext\sunec.jar;C:\Program Files (x86)\Minecraft\runtime\jre-x64\lib\ext\sunjce_provider.jar;C:\Program Files (x86)\Minecraft\runtime\jre-x64\lib\ext\sunmscapi.jar;C:\Program Files (x86)\Minecraft\runtime\jre-x64\lib\ext\sunpkcs11.jar;C:\Program Files (x86)\Minecraft\runtime\jre-x64\lib\ext\zipfs.jar;C:\Program Files (x86)\Minecraft\runtime\jre-x64\lib\javaws.jar;C:\Program Files (x86)\Minecraft\runtime\jre-x64\lib\jce.jar;C:\Program Files (x86)\Minecraft\runtime\jre-x64\lib\jfr.jar;C:\Program Files (x86)\Minecraft\runtime\jre-x64\lib\jfxswt.jar;C:\Program Files (x86)\Minecraft\runtime\jre-x64\lib\jsse.jar;C:\Program Files (x86)\Minecraft\runtime\jre-x64\lib\management-agent.jar;C:\Program Files (x86)\Minecraft\runtime\jre-x64\lib\plugin.jar;C:\Program Files (x86)\Minecraft\runtime\jre-x64\lib\resources.jar;C:\Program Files (x86)\Minecraft\runtime\jre-x64\lib\rt.jar;C:\save\modding\ervin_mod_1\build\classes\java\main;C:\save\modding\ervin_mod_1\build\resources\main;C:\Users\ervin_1nmnhvl\.gradle\caches\forge_gradle\minecraft_user_repo\net\minecraftforge\forge\1.15.2-31.1.9_mapped_snapshot_20200427-1.15.1\forge-1.15.2-31.1.9_mapped_snapshot_20200427-1.15.1-recomp.jar;C:\Users\ervin_1nmnhvl\.gradle\caches\forge_gradle\minecraft_user_repo\net\minecraftforge\forge\1.15.2-31.1.9_map
Launcher Type: SUN_STANDARD

Environment Variables:
JAVA_HOME=C:\Program Files\Java\jdk-11.0.4
PATH=C:\Program Files\Docker\Docker\Resources\bin;C:\ProgramData\Oracle\Java\javapath;C:\WINDOWS\system32;C:\WINDOWS;C:\WINDOWS\System32\Wbem;C:\WINDOWS\System32\WindowsPowerShell\v1.0\;C:\Program Files (x86)\cloudControl;C:\Program Files\Git\cmd;C:\bin;C:\Program Files (x86)\Windows Kits\8.1\Windows Performance Toolkit\;C:\Program Files (x86)\PuTTY\;C:\Program Files (x86)\Nodist\bin;G:\save\sdk\android\tools;G:\save\sdk\android\platform-tools;C:\boxfuse;C:\Program Files (x86)\Skype\Phone\;C:\Program Files (x86)\GtkSharp\2.12\bin;C:\Program Files (x86)\IVI Foundation\VISA\WinNT\Bin;C:\WINDOWS\system32;C:\WINDOWS;C:\WINDOWS\System32\Wbem;C:\WINDOWS\System32\WindowsPowerShell\v1.0\;;C:\WINDOWS\System32\OpenSSH\;C:\Users\ervin_1nmnhvl\AppData\Local\Microsoft\WindowsApps;
USERNAME=ervin_1nmnhvl
OS=Windows_NT
PROCESSOR_IDENTIFIER=Intel64 Family 6 Model 42 Stepping 7, GenuineIntel



---------------  S Y S T E M  ---------------

OS: Windows 10.0 , 64 bit Build 19041 (10.0.19041.292)

CPU:total 4 (2 cores per cpu, 2 threads per core) family 6 model 42 stepping 7, cmov, cx8, fxsr, mmx, sse, sse2, sse3, ssse3, sse4.1, sse4.2, popcnt, avx, aes, clmul, ht, tsc, tscinvbit

Memory: 4k page, physical 8266764k(546644k free), swap 10363916k(5540k free)

vm_info: Java HotSpot(TM) 64-Bit Server VM (25.51-b03) for windows-amd64 JRE (1.8.0_51-b16), built on Jun  8 2015 18:03:07 by "java_re" with MS VC++ 10.0 (VS2010)

time: Thu Aug 27 17:48:04 2020
elapsed time: 1720 seconds (0d 0h 28m 40s)

