#
# A fatal error has been detected by the Java Runtime Environment:
#
#  EXCEPTION_ACCESS_VIOLATION (0xc0000005) at pc=0x000000005d0d90bf, pid=17492, tid=0x0000000000003740
#
# JRE version: OpenJDK Runtime Environment (8.0_302-b08) (build 1.8.0_302-b08)
# Java VM: OpenJDK 64-Bit Server VM (25.302-b08 mixed mode windows-amd64 compressed oops)
# Problematic frame:
# C  [atio6axx.dll+0x17a90bf]
#
# Failed to write core dump. Minidumps are not enabled by default on client versions of Windows
#
# If you would like to submit a bug report, please visit:
#   https://github.com/corretto/corretto-8/issues/
# The crash happened outside the Java Virtual Machine in native code.
# See problematic frame for where to report the bug.
#

---------------  T H R E A D  ---------------

Current thread (0x0000021f1c34c000):  JavaThread "Render thread" [_thread_in_native, id=14144, stack(0x00000034e6b00000,0x00000034e6c00000)]

siginfo: ExceptionCode=0xc0000005, reading address 0xffffffffffffffff

Registers:
RAX=0x0000000000000000, RBX=0x0000021f79eca950, RCX=0x000000000000012c, RDX=0x0000000000000000
RSP=0x00000034e6bfa410, RBP=0x00000034e6bfa520, RSI=0x0000021f45019d80, RDI=0x8c0023002f99852a
R8 =0x000000000000012c, R9 =0x0000000000001800, R10=0x0000021f798fad50, R11=0x8c0023002f99852a
R12=0x0000021f45619910, R13=0x0000000000001800, R14=0x0000021f4d1e6f90, R15=0x0000000000000008
RIP=0x000000005d0d90bf, EFLAGS=0x0000000000010207

Top of Stack: (sp=0x00000034e6bfa410)
0x00000034e6bfa410:   0000000041fbc0ef 000000005c96c9c8
0x00000034e6bfa420:   0000021f79eca900 0000000000000000
0x00000034e6bfa430:   0000021f00000200 0000000000000000
0x00000034e6bfa440:   00000034e6bfa500 0000003400000002
0x00000034e6bfa450:   0000000000000000 00007fff00000000
0x00000034e6bfa460:   000000340000000b 0000021f00000001
0x00000034e6bfa470:   0000000000000000 0000000100000000
0x00000034e6bfa480:   0000000000000200 0000000000000000
0x00000034e6bfa490:   0000000100000001 00007fff00000000
0x00000034e6bfa4a0:   0000021f4d1e7088 0000021f4eab3748
0x00000034e6bfa4b0:   0000021f56a329c0 00007fff1437b86b
0x00000034e6bfa4c0:   0000000000180009 000000000000005e
0x00000034e6bfa4d0:   0000021f00000000 0000021f1c256d80
0x00000034e6bfa4e0:   0000000000000000 0000021f1c250000
0x00000034e6bfa4f0:   0000021f1c2502a4 00007fff1437b86b
0x00000034e6bfa500:   0000000200000001 0000021f45619910 

Instructions: (pc=0x000000005d0d90bf)
0x000000005d0d909f:   00 4c 8b d9 49 83 f8 08 72 6b 0f b6 d2 0f ba 25
0x000000005d0d90af:   f8 77 47 00 01 73 0e 57 48 8b f9 8b c2 49 8b c8
0x000000005d0d90bf:   f3 aa 5f eb 5f 49 b9 01 01 01 01 01 01 01 01 49
0x000000005d0d90cf:   0f af d1 49 83 f8 40 72 1e 48 f7 d9 83 e1 07 74 


Register to memory mapping:

RAX=0x0000000000000000 is an unknown value
RBX=0x0000021f79eca950 is an unknown value
RCX=0x000000000000012c is an unknown value
RDX=0x0000000000000000 is an unknown value
RSP=0x00000034e6bfa410 is pointing into the stack for thread: 0x0000021f1c34c000
RBP=0x00000034e6bfa520 is pointing into the stack for thread: 0x0000021f1c34c000
RSI=0x0000021f45019d80 is an unknown value
RDI=0x8c0023002f99852a is an unknown value
R8 =0x000000000000012c is an unknown value
R9 =0x0000000000001800 is an unknown value
R10=0x0000021f798fad50 is an unknown value
R11=0x8c0023002f99852a is an unknown value
R12=0x0000021f45619910 is an unknown value
R13=0x0000000000001800 is an unknown value
R14=0x0000021f4d1e6f90 is an unknown value
R15=0x0000000000000008 is an unknown value


Stack: [0x00000034e6b00000,0x00000034e6c00000],  sp=0x00000034e6bfa410,  free space=1001k
Native frames: (J=compiled Java code, j=interpreted, Vv=VM code, C=native code)
C  [atio6axx.dll+0x17a90bf]
C  0x0000000041fbc0ef

Java frames: (J=compiled Java code, j=interpreted, Vv=VM code)
j  org.lwjgl.opengl.GL30C.glCheckFramebufferStatus(I)I+0
j  org.lwjgl.opengl.GL30.glCheckFramebufferStatus(I)I+1
j  com.mojang.blaze3d.platform.GlStateManager.checkFramebufferStatus(I)I+45
j  net.minecraft.client.shader.Framebuffer.checkFramebufferComplete()V+11
J 29866 C1 net.minecraft.client.shader.Framebuffer.createBuffers(IIZ)V (368 bytes) @ 0x0000021f22d10f84 [0x0000021f22d0b360+0x5c24]
j  net.minecraft.client.shader.Framebuffer.resizeRaw(IIZ)V+26
J 29865 C1 net.minecraft.client.shader.Framebuffer.resize(IIZ)V (29 bytes) @ 0x0000021f203b138c [0x0000021f203b0f80+0x40c]
j  net.minecraft.client.Minecraft.updateWindowSize()V+80
j  net.minecraft.client.MainWindow.onFramebufferSizeUpdate(JII)V+63
j  net.minecraft.client.MainWindow$$Lambda$2697.invoke(JII)V+8
j  org.lwjgl.glfw.GLFWFramebufferSizeCallbackI.callback(J)V+13
v  ~StubRoutines::call_stub
J 8583  org.lwjgl.system.JNI.invokeV(J)V (0 bytes) @ 0x0000021f1f6d0603 [0x0000021f1f6d0560+0xa3]
J 29439 C2 net.minecraft.client.Minecraft.runGameLoop(Z)V (994 bytes) @ 0x0000021f22c70bc0 [0x0000021f22c6eae0+0x20e0]
j  net.minecraft.client.Minecraft.run()V+68
j  net.minecraft.client.main.Main.main([Ljava/lang/String;)V+1379
v  ~StubRoutines::call_stub
j  sun.reflect.NativeMethodAccessorImpl.invoke0(Ljava/lang/reflect/Method;Ljava/lang/Object;[Ljava/lang/Object;)Ljava/lang/Object;+0
j  sun.reflect.NativeMethodAccessorImpl.invoke(Ljava/lang/Object;[Ljava/lang/Object;)Ljava/lang/Object;+100
J 1869 C1 sun.reflect.DelegatingMethodAccessorImpl.invoke(Ljava/lang/Object;[Ljava/lang/Object;)Ljava/lang/Object; (10 bytes) @ 0x0000021f1f00d2cc [0x0000021f1f00d1c0+0x10c]
J 1868 C1 java.lang.reflect.Method.invoke(Ljava/lang/Object;[Ljava/lang/Object;)Ljava/lang/Object; (62 bytes) @ 0x0000021f1f00ccf4 [0x0000021f1f00c900+0x3f4]
j  net.minecraftforge.userdev.FMLUserdevClientLaunchProvider.lambda$launchService$0(Lcpw/mods/modlauncher/api/ITransformingClassLoader;[Ljava/lang/String;)Ljava/lang/Void;+65
j  net.minecraftforge.userdev.FMLUserdevClientLaunchProvider$$Lambda$433.call()Ljava/lang/Object;+12
j  cpw.mods.modlauncher.LaunchServiceHandlerDecorator.launch([Ljava/lang/String;Lcpw/mods/modlauncher/api/ITransformingClassLoader;)V+11
j  cpw.mods.modlauncher.LaunchServiceHandler.launch(Ljava/lang/String;[Ljava/lang/String;Lcpw/mods/modlauncher/TransformingClassLoader;Lcpw/mods/modlauncher/LaunchPluginHandler;)V+57
j  cpw.mods.modlauncher.LaunchServiceHandler.launch(Lcpw/mods/modlauncher/ArgumentHandler;Lcpw/mods/modlauncher/TransformingClassLoader;Lcpw/mods/modlauncher/LaunchPluginHandler;)V+19
j  cpw.mods.modlauncher.Launcher.run([Ljava/lang/String;)V+116
j  cpw.mods.modlauncher.Launcher.main([Ljava/lang/String;)V+37
j  net.minecraftforge.userdev.LaunchTesting.main([Ljava/lang/String;)V+423
v  ~StubRoutines::call_stub

---------------  P R O C E S S  ---------------

Java Threads: ( => current thread )
  0x0000021f4304b000 JavaThread "Sound engine" daemon [_thread_blocked, id=24356, stack(0x00000034e8400000,0x00000034e8500000)]
  0x0000021f43051800 JavaThread "Netty Server IO #1" daemon [_thread_in_native, id=5396, stack(0x00000034e9a00000,0x00000034e9b00000)]
  0x0000021f4304d800 JavaThread "Netty Local Client IO #0" daemon [_thread_blocked, id=12612, stack(0x00000034e9900000,0x00000034e9a00000)]
  0x0000021f43050000 JavaThread "Netty Server IO #0" daemon [_thread_in_native, id=22604, stack(0x00000034e9800000,0x00000034e9900000)]
  0x0000021f4c147000 JavaThread "ObjectCleanerThread" daemon [_thread_blocked, id=12744, stack(0x00000034e9700000,0x00000034e9800000)]
  0x0000021f4c146800 JavaThread "Java2D Disposer" daemon [_thread_blocked, id=21532, stack(0x00000034e9600000,0x00000034e9700000)]
  0x0000021f4c13d800 JavaThread "Thread-11" daemon [_thread_in_native, id=3424, stack(0x00000034e8b00000,0x00000034e8c00000)]
  0x0000021f4c144000 JavaThread "Server thread" [_thread_blocked, id=20340, stack(0x00000034e8a00000,0x00000034e8b00000)]
  0x0000021f4c145000 JavaThread "Snooper Timer" daemon [_thread_blocked, id=2736, stack(0x00000034e8300000,0x00000034e8400000)]
  0x0000021f4c140000 JavaThread "Narrator" [_thread_blocked, id=13444, stack(0x00000034e8c00000,0x00000034e8d00000)]
  0x0000021f4c141800 JavaThread "Snooper Timer" daemon [_thread_blocked, id=132, stack(0x00000034e8900000,0x00000034e8a00000)]
  0x0000021f4c13a000 JavaThread "Timer hack thread" daemon [_thread_blocked, id=1196, stack(0x00000034e8800000,0x00000034e8900000)]
  0x0000021f43050800 JavaThread "pool-3-thread-1" [_thread_blocked, id=23956, stack(0x00000034e7b00000,0x00000034e7c00000)]
  0x0000021f43d0c000 JavaThread "Thread-2" daemon [_thread_in_native, id=13280, stack(0x00000034e7d00000,0x00000034e7e00000)]
  0x0000021f42fb7000 JavaThread "Thread-1" daemon [_thread_blocked, id=21524, stack(0x00000034e7c00000,0x00000034e7d00000)]
  0x0000021f42908800 JavaThread "Service Thread" daemon [_thread_blocked, id=18456, stack(0x00000034e7900000,0x00000034e7a00000)]
  0x0000021f42873000 JavaThread "C1 CompilerThread2" daemon [_thread_blocked, id=20240, stack(0x00000034e7800000,0x00000034e7900000)]
  0x0000021f42871800 JavaThread "C2 CompilerThread1" daemon [_thread_blocked, id=21832, stack(0x00000034e7700000,0x00000034e7800000)]
  0x0000021f42870000 JavaThread "C2 CompilerThread0" daemon [_thread_blocked, id=20472, stack(0x00000034e7600000,0x00000034e7700000)]
  0x0000021f42842800 JavaThread "Monitor Ctrl-Break" daemon [_thread_in_native, id=10996, stack(0x00000034e7500000,0x00000034e7600000)]
  0x0000021f41415800 JavaThread "Attach Listener" daemon [_thread_blocked, id=18632, stack(0x00000034e7400000,0x00000034e7500000)]
  0x0000021f41414800 JavaThread "Signal Dispatcher" daemon [_thread_blocked, id=6672, stack(0x00000034e7300000,0x00000034e7400000)]
  0x0000021f1c3f9000 JavaThread "Finalizer" daemon [_thread_blocked, id=21536, stack(0x00000034e7200000,0x00000034e7300000)]
  0x0000021f413f1800 JavaThread "Reference Handler" daemon [_thread_blocked, id=17800, stack(0x00000034e7100000,0x00000034e7200000)]
=>0x0000021f1c34c000 JavaThread "Render thread" [_thread_in_native, id=14144, stack(0x00000034e6b00000,0x00000034e6c00000)]

Other Threads:
  0x0000021f1c3e9800 VMThread [stack: 0x00000034e7000000,0x00000034e7100000] [id=3428]
  0x0000021f4290c000 WatcherThread [stack: 0x00000034e7a00000,0x00000034e7b00000] [id=20896]

VM state:not at safepoint (normal execution)

VM Mutex/Monitor currently owned by a thread: None

heap address: 0x00000005c0a00000, size: 8182 MB, Compressed Oops mode: Zero based, Oop shift amount: 3
Narrow klass base: 0x0000000000000000, Narrow klass shift: 3
Compressed class space size: 1073741824 Address: 0x00000007c0000000

Heap:
 PSYoungGen      total 1017856K, used 794783K [0x0000000715900000, 0x0000000764800000, 0x00000007c0000000)
  eden space 983040K, 77% used [0x0000000715900000,0x0000000743f57ea8,0x0000000751900000)
  from space 34816K, 99% used [0x0000000753b80000,0x0000000755d4ffe0,0x0000000755d80000)
  to   space 155136K, 0% used [0x000000075b080000,0x000000075b080000,0x0000000764800000)
 ParOldGen       total 1796096K, used 1228369K [0x00000005c0a00000, 0x000000062e400000, 0x0000000715900000)
  object space 1796096K, 68% used [0x00000005c0a00000,0x000000060b994588,0x000000062e400000)
 Metaspace       used 110858K, capacity 126002K, committed 126200K, reserved 1155072K
  class space    used 16699K, capacity 20649K, committed 20728K, reserved 1048576K

Card table byte_map: [0x0000021f2ddc0000,0x0000021f2edc0000] byte_map_base: 0x0000021f2afbb000

Marking Bits: (ParMarkBitMap*) 0x000000005b711820
 Begin Bits: [0x0000021f2f870000, 0x0000021f37848000)
 End Bits:   [0x0000021f37848000, 0x0000021f3f820000)

Polling page: 0x0000021f1c5c0000

CodeCache: size=245760Kb used=67972Kb max_used=68250Kb free=177787Kb
 bounds [0x0000021f1ea00000, 0x0000021f22d20000, 0x0000021f2da00000]
 total_blobs=21099 nmethods=19295 adapters=1713
 compilation: enabled

Compilation events (10 events):
Event: 2204.486 Thread 0x0000021f42873000 29867       3       net.minecraft.client.shader.Framebuffer::deleteFramebuffer (84 bytes)
Event: 2204.488 Thread 0x0000021f42873000 nmethod 29867 0x0000021f211c79d0 code [0x0000021f211c7e00, 0x0000021f211ca3a0]
Event: 2204.489 Thread 0x0000021f42873000 29868       3       net.minecraft.client.shader.Framebuffer$$Lambda$5273/1554540309::get (7 bytes)
Event: 2204.489 Thread 0x0000021f42873000 nmethod 29868 0x0000021f212b5850 code [0x0000021f212b59e0, 0x0000021f212b5dd8]
Event: 2204.490 Thread 0x0000021f42873000 29869       3       com.mojang.blaze3d.platform.GlStateManager::deleteFramebuffers (63 bytes)
Event: 2204.491 Thread 0x0000021f42873000 nmethod 29869 0x0000021f20a9ffd0 code [0x0000021f20aa0200, 0x0000021f20aa0cc0]
Event: 2205.070 Thread 0x0000021f42873000 29870       1       net.minecraft.entity.player.PlayerInventory::getTimesChanged (5 bytes)
Event: 2205.070 Thread 0x0000021f42873000 nmethod 29870 0x0000021f21b40510 code [0x0000021f21b40660, 0x0000021f21b40778]
Event: 2205.073 Thread 0x0000021f42873000 29871       1       net.minecraft.client.gui.recipebook.RecipeBookGui::changeFocus (2 bytes)
Event: 2205.073 Thread 0x0000021f42873000 nmethod 29871 0x0000021f22b68690 code [0x0000021f22b687e0, 0x0000021f22b688f8]

GC Heap History (10 events):
Event: 2100.848 GC heap before
{Heap before GC invocations=84 (full 7):
 PSYoungGen      total 1310208K, used 1230603K [0x0000000715900000, 0x0000000774380000, 0x00000007c0000000)
  eden space 1177088K, 100% used [0x0000000715900000,0x000000075d680000,0x000000075d680000)
  from space 133120K, 40% used [0x000000076c180000,0x000000076f5c2d10,0x0000000774380000)
  to   space 186880K, 0% used [0x000000075d680000,0x000000075d680000,0x0000000768d00000)
 ParOldGen       total 1796096K, used 1208824K [0x00000005c0a00000, 0x000000062e400000, 0x0000000715900000)
  object space 1796096K, 67% used [0x00000005c0a00000,0x000000060a67e3c8,0x000000062e400000)
 Metaspace       used 110679K, capacity 125766K, committed 125944K, reserved 1155072K
  class space    used 16688K, capacity 20639K, committed 20728K, reserved 1048576K
Event: 2100.870 GC heap after
Heap after GC invocations=84 (full 7):
 PSYoungGen      total 1179136K, used 44369K [0x0000000715900000, 0x0000000770c00000, 0x00000007c0000000)
  eden space 1134592K, 0% used [0x0000000715900000,0x0000000715900000,0x000000075ad00000)
  from space 44544K, 99% used [0x000000075d680000,0x00000007601d45f8,0x0000000760200000)
  to   space 179712K, 0% used [0x0000000765c80000,0x0000000765c80000,0x0000000770c00000)
 ParOldGen       total 1796096K, used 1218389K [0x00000005c0a00000, 0x000000062e400000, 0x0000000715900000)
  object space 1796096K, 67% used [0x00000005c0a00000,0x000000060afd54e8,0x000000062e400000)
 Metaspace       used 110679K, capacity 125766K, committed 125944K, reserved 1155072K
  class space    used 16688K, capacity 20639K, committed 20728K, reserved 1048576K
}
Event: 2120.461 GC heap before
{Heap before GC invocations=85 (full 7):
 PSYoungGen      total 1179136K, used 1178961K [0x0000000715900000, 0x0000000770c00000, 0x00000007c0000000)
  eden space 1134592K, 100% used [0x0000000715900000,0x000000075ad00000,0x000000075ad00000)
  from space 44544K, 99% used [0x000000075d680000,0x00000007601d45f8,0x0000000760200000)
  to   space 179712K, 0% used [0x0000000765c80000,0x0000000765c80000,0x0000000770c00000)
 ParOldGen       total 1796096K, used 1218389K [0x00000005c0a00000, 0x000000062e400000, 0x0000000715900000)
  object space 1796096K, 67% used [0x00000005c0a00000,0x000000060afd54e8,0x000000062e400000)
 Metaspace       used 110787K, capacity 125868K, committed 126200K, reserved 1155072K
  class space    used 16695K, capacity 20644K, committed 20728K, reserved 1048576K
Event: 2120.490 GC heap after
Heap after GC invocations=85 (full 7):
 PSYoungGen      total 1221120K, used 38372K [0x0000000715900000, 0x000000076d880000, 0x00000007c0000000)
  eden space 1094144K, 0% used [0x0000000715900000,0x0000000715900000,0x0000000758580000)
  from space 126976K, 30% used [0x0000000765c80000,0x00000007681f9340,0x000000076d880000)
  to   space 173568K, 0% used [0x0000000758580000,0x0000000758580000,0x0000000762f00000)
 ParOldGen       total 1796096K, used 1227182K [0x00000005c0a00000, 0x000000062e400000, 0x0000000715900000)
  object space 1796096K, 68% used [0x00000005c0a00000,0x000000060b86b800,0x000000062e400000)
 Metaspace       used 110787K, capacity 125868K, committed 126200K, reserved 1155072K
  class space    used 16695K, capacity 20644K, committed 20728K, reserved 1048576K
}
Event: 2142.713 GC heap before
{Heap before GC invocations=86 (full 7):
 PSYoungGen      total 1221120K, used 1132516K [0x0000000715900000, 0x000000076d880000, 0x00000007c0000000)
  eden space 1094144K, 100% used [0x0000000715900000,0x0000000758580000,0x0000000758580000)
  from space 126976K, 30% used [0x0000000765c80000,0x00000007681f9340,0x000000076d880000)
  to   space 173568K, 0% used [0x0000000758580000,0x0000000758580000,0x0000000762f00000)
 ParOldGen       total 1796096K, used 1227182K [0x00000005c0a00000, 0x000000062e400000, 0x0000000715900000)
  object space 1796096K, 68% used [0x00000005c0a00000,0x000000060b86b800,0x000000062e400000)
 Metaspace       used 110807K, capacity 125878K, committed 126200K, reserved 1155072K
  class space    used 16696K, capacity 20645K, committed 20728K, reserved 1048576K
Event: 2142.743 GC heap after
Heap after GC invocations=86 (full 7):
 PSYoungGen      total 1090048K, used 34802K [0x0000000715900000, 0x000000076a680000, 0x00000007c0000000)
  eden space 1055232K, 0% used [0x0000000715900000,0x0000000715900000,0x0000000755f80000)
  from space 34816K, 99% used [0x0000000758580000,0x000000075a77c9b0,0x000000075a780000)
  to   space 167424K, 0% used [0x0000000760300000,0x0000000760300000,0x000000076a680000)
 ParOldGen       total 1796096K, used 1227366K [0x00000005c0a00000, 0x000000062e400000, 0x0000000715900000)
  object space 1796096K, 68% used [0x00000005c0a00000,0x000000060b899800,0x000000062e400000)
 Metaspace       used 110807K, capacity 125878K, committed 126200K, reserved 1155072K
  class space    used 16696K, capacity 20645K, committed 20728K, reserved 1048576K
}
Event: 2167.613 GC heap before
{Heap before GC invocations=87 (full 7):
 PSYoungGen      total 1090048K, used 1090034K [0x0000000715900000, 0x000000076a680000, 0x00000007c0000000)
  eden space 1055232K, 100% used [0x0000000715900000,0x0000000755f80000,0x0000000755f80000)
  from space 34816K, 99% used [0x0000000758580000,0x000000075a77c9b0,0x000000075a780000)
  to   space 167424K, 0% used [0x0000000760300000,0x0000000760300000,0x000000076a680000)
 ParOldGen       total 1796096K, used 1227366K [0x00000005c0a00000, 0x000000062e400000, 0x0000000715900000)
  object space 1796096K, 68% used [0x00000005c0a00000,0x000000060b899800,0x000000062e400000)
 Metaspace       used 110827K, capacity 125904K, committed 126200K, reserved 1155072K
  class space    used 16698K, capacity 20648K, committed 20728K, reserved 1048576K
Event: 2167.628 GC heap after
Heap after GC invocations=87 (full 7):
 PSYoungGen      total 1136640K, used 35239K [0x0000000715900000, 0x0000000767680000, 0x00000007c0000000)
  eden space 1018368K, 0% used [0x0000000715900000,0x0000000715900000,0x0000000753b80000)
  from space 118272K, 29% used [0x0000000760300000,0x0000000762569ed8,0x0000000767680000)
  to   space 161280K, 0% used [0x0000000753b80000,0x0000000753b80000,0x000000075d900000)
 ParOldGen       total 1796096K, used 1227406K [0x00000005c0a00000, 0x000000062e400000, 0x0000000715900000)
  object space 1796096K, 68% used [0x00000005c0a00000,0x000000060b8a3800,0x000000062e400000)
 Metaspace       used 110827K, capacity 125904K, committed 126200K, reserved 1155072K
  class space    used 16698K, capacity 20648K, committed 20728K, reserved 1048576K
}
Event: 2189.559 GC heap before
{Heap before GC invocations=88 (full 7):
 PSYoungGen      total 1136640K, used 1053607K [0x0000000715900000, 0x0000000767680000, 0x00000007c0000000)
  eden space 1018368K, 100% used [0x0000000715900000,0x0000000753b80000,0x0000000753b80000)
  from space 118272K, 29% used [0x0000000760300000,0x0000000762569ed8,0x0000000767680000)
  to   space 161280K, 0% used [0x0000000753b80000,0x0000000753b80000,0x000000075d900000)
 ParOldGen       total 1796096K, used 1227406K [0x00000005c0a00000, 0x000000062e400000, 0x0000000715900000)
  object space 1796096K, 68% used [0x00000005c0a00000,0x000000060b8a3800,0x000000062e400000)
 Metaspace       used 110848K, capacity 125926K, committed 126200K, reserved 1155072K
  class space    used 16699K, capacity 20649K, committed 20728K, reserved 1048576K
Event: 2189.580 GC heap after
Heap after GC invocations=88 (full 7):
 PSYoungGen      total 1017856K, used 34623K [0x0000000715900000, 0x0000000764800000, 0x00000007c0000000)
  eden space 983040K, 0% used [0x0000000715900000,0x0000000715900000,0x0000000751900000)
  from space 34816K, 99% used [0x0000000753b80000,0x0000000755d4ffe0,0x0000000755d80000)
  to   space 155136K, 0% used [0x000000075b080000,0x000000075b080000,0x0000000764800000)
 ParOldGen       total 1796096K, used 1228369K [0x00000005c0a00000, 0x000000062e400000, 0x0000000715900000)
  object space 1796096K, 68% used [0x00000005c0a00000,0x000000060b994588,0x000000062e400000)
 Metaspace       used 110848K, capacity 125926K, committed 126200K, reserved 1155072K
  class space    used 16699K, capacity 20649K, committed 20728K, reserved 1048576K
}

Deoptimization events (10 events):
Event: 2178.503 Thread 0x0000021f4c144000 Uncommon trap: reason=bimorphic action=maybe_recompile pc=0x0000021f21048840 method=net.minecraft.entity.ai.goal.RandomWalkingGoal.shouldExecute()Z @ 60
Event: 2178.503 Thread 0x0000021f4c144000 Uncommon trap: reason=unstable_if action=reinterpret pc=0x0000021f22247800 method=net.minecraft.pathfinding.SwimmerPathNavigator.canNavigate()Z @ 4
Event: 2178.503 Thread 0x0000021f4c144000 Uncommon trap: reason=unstable_if action=reinterpret pc=0x0000021f1f6d81f4 method=net.minecraft.pathfinding.SwimNodeProcessor.getWaterNode(III)Lnet/minecraft/pathfinding/PathPoint; @ 13
Event: 2178.503 Thread 0x0000021f4c144000 Uncommon trap: reason=unstable_if action=reinterpret pc=0x0000021f21a41ffc method=net.minecraft.pathfinding.SwimNodeProcessor.getWaterNode(III)Lnet/minecraft/pathfinding/PathPoint; @ 13
Event: 2178.504 Thread 0x0000021f4c144000 Uncommon trap: reason=unstable_if action=reinterpret pc=0x0000021f217a90d8 method=net.minecraft.pathfinding.SwimmerPathNavigator.canNavigate()Z @ 4
Event: 2178.504 Thread 0x0000021f4c144000 Uncommon trap: reason=unstable_if action=reinterpret pc=0x0000021f220b3dc4 method=net.minecraft.entity.Entity.getAbsoluteMotion(Lnet/minecraft/util/math/vector/Vector3d;FF)Lnet/minecraft/util/math/vector/Vector3d; @ 20
Event: 2178.564 Thread 0x0000021f4c144000 Uncommon trap: reason=unstable_if action=reinterpret pc=0x0000021f21ef72b0 method=net.minecraft.pathfinding.SwimmerPathNavigator.canNavigate()Z @ 4
Event: 2178.610 Thread 0x0000021f4c144000 Uncommon trap: reason=unstable_if action=reinterpret pc=0x0000021f214435a4 method=net.minecraft.entity.LivingEntity.tick()V @ 611
Event: 2181.035 Thread 0x0000021f4c144000 Uncommon trap: reason=bimorphic action=maybe_recompile pc=0x0000021f21048840 method=net.minecraft.entity.ai.goal.RandomWalkingGoal.shouldExecute()Z @ 60
Event: 2181.158 Thread 0x0000021f4c144000 Uncommon trap: reason=unstable_if action=reinterpret pc=0x0000021f22b86cd0 method=net.minecraft.entity.LivingEntity.tick()V @ 580

Classes redefined (0 events):
No events

Internal exceptions (10 events):
Event: 2155.543 Thread 0x0000021f4c144000 Exception <a 'sun/nio/fs/WindowsException'> (0x00000007362cd3a0) thrown at [C:\wsjdk\Corretto8Src\installers\windows\zip\corretto-build\buildRoot\src\hotspot\src\share\vm\prims\jni.cpp, line 711]
Event: 2155.543 Thread 0x0000021f4c144000 Exception <a 'sun/nio/fs/WindowsException'> (0x00000007362cda70) thrown at [C:\wsjdk\Corretto8Src\installers\windows\zip\corretto-build\buildRoot\src\hotspot\src\share\vm\prims\jni.cpp, line 711]
Event: 2155.543 Thread 0x0000021f4c144000 Exception <a 'sun/nio/fs/WindowsException'> (0x00000007362cf888) thrown at [C:\wsjdk\Corretto8Src\installers\windows\zip\corretto-build\buildRoot\src\hotspot\src\share\vm\prims\jni.cpp, line 711]
Event: 2155.543 Thread 0x0000021f4c144000 Exception <a 'sun/nio/fs/WindowsException'> (0x00000007362cff58) thrown at [C:\wsjdk\Corretto8Src\installers\windows\zip\corretto-build\buildRoot\src\hotspot\src\share\vm\prims\jni.cpp, line 711]
Event: 2156.765 Thread 0x0000021f1c34c000 Exception <a 'sun/nio/fs/WindowsException'> (0x00000007386f2af8) thrown at [C:\wsjdk\Corretto8Src\installers\windows\zip\corretto-build\buildRoot\src\hotspot\src\share\vm\prims\jni.cpp, line 711]
Event: 2156.766 Thread 0x0000021f1c34c000 Exception <a 'sun/nio/fs/WindowsException'> (0x00000007386f31e8) thrown at [C:\wsjdk\Corretto8Src\installers\windows\zip\corretto-build\buildRoot\src\hotspot\src\share\vm\prims\jni.cpp, line 711]
Event: 2156.766 Thread 0x0000021f1c34c000 Exception <a 'sun/nio/fs/WindowsException'> (0x00000007386f4230) thrown at [C:\wsjdk\Corretto8Src\installers\windows\zip\corretto-build\buildRoot\src\hotspot\src\share\vm\prims\jni.cpp, line 711]
Event: 2156.766 Thread 0x0000021f1c34c000 Exception <a 'sun/nio/fs/WindowsException'> (0x00000007386f4930) thrown at [C:\wsjdk\Corretto8Src\installers\windows\zip\corretto-build\buildRoot\src\hotspot\src\share\vm\prims\jni.cpp, line 711]
Event: 2156.766 Thread 0x0000021f1c34c000 Exception <a 'sun/nio/fs/WindowsException'> (0x00000007386f5998) thrown at [C:\wsjdk\Corretto8Src\installers\windows\zip\corretto-build\buildRoot\src\hotspot\src\share\vm\prims\jni.cpp, line 711]
Event: 2156.766 Thread 0x0000021f1c34c000 Exception <a 'sun/nio/fs/WindowsException'> (0x00000007386f6208) thrown at [C:\wsjdk\Corretto8Src\installers\windows\zip\corretto-build\buildRoot\src\hotspot\src\share\vm\prims\jni.cpp, line 711]

Events (10 events):
Event: 2204.473 Thread 0x0000021f42873000 flushing nmethod 0x0000021f212b5750
Event: 2204.488 Thread 0x0000021f42873000 flushing nmethod 0x0000021f21366550
Event: 2204.489 Thread 0x0000021f42873000 flushing nmethod 0x0000021f2172dd90
Event: 2204.490 Thread 0x0000021f42873000 flushing nmethod 0x0000021f21b04f50
Event: 2204.491 Thread 0x0000021f42873000 flushing nmethod 0x0000021f21bf8dd0
Event: 2204.492 Thread 0x0000021f42873000 flushing nmethod 0x0000021f2203a390
Event: 2205.070 Thread 0x0000021f42873000 flushing nmethod 0x0000021f222bc7d0
Event: 2205.072 Thread 0x0000021f42873000 flushing nmethod 0x0000021f22b120d0
Event: 2205.072 Thread 0x0000021f42873000 flushing nmethod 0x0000021f22c336d0
Event: 2205.073 Thread 0x0000021f42873000 flushing nmethod 0x0000021f22c8ed10


Dynamic libraries:
0x00007ff6ec9a0000 - 0x00007ff6ec9da000 	C:\Users\ervin\.jdks\corretto-1.8.0_302\bin\java.exe
0x00007fff14350000 - 0x00007fff14548000 	C:\WINDOWS\SYSTEM32\ntdll.dll
0x00007fff12c40000 - 0x00007fff12cfd000 	C:\WINDOWS\System32\KERNEL32.DLL
0x00007fff11f70000 - 0x00007fff12266000 	C:\WINDOWS\System32\KERNELBASE.dll
0x00007fff0a8e0000 - 0x00007fff0a9b5000 	C:\Program Files\Bitdefender\Bitdefender Security\bdhkm\dlls_266819581836443259\bdhkm64.dll
0x00007ffed0f80000 - 0x00007ffed10d9000 	C:\Program Files\Bitdefender\Bitdefender Security\atcuf\dlls_266819581801600216\atcuf64.dll
0x00007fff13720000 - 0x00007fff137d3000 	C:\WINDOWS\System32\ADVAPI32.dll
0x00007fff13810000 - 0x00007fff138ae000 	C:\WINDOWS\System32\msvcrt.dll
0x00007fff138b0000 - 0x00007fff1394f000 	C:\WINDOWS\System32\sechost.dll
0x00007fff13c10000 - 0x00007fff13d36000 	C:\WINDOWS\System32\RPCRT4.dll
0x00007fff11dd0000 - 0x00007fff11df7000 	C:\WINDOWS\System32\bcrypt.dll
0x00007fff13060000 - 0x00007fff131fe000 	C:\WINDOWS\System32\USER32.dll
0x00007fff11da0000 - 0x00007fff11dc2000 	C:\WINDOWS\System32\win32u.dll
0x00007fff12d00000 - 0x00007fff12d2c000 	C:\WINDOWS\System32\GDI32.dll
0x00007fff11c80000 - 0x00007fff11d9a000 	C:\WINDOWS\System32\gdi32full.dll
0x00007fff12270000 - 0x00007fff1230d000 	C:\WINDOWS\System32\msvcp_win.dll
0x00007fff11a20000 - 0x00007fff11b20000 	C:\WINDOWS\System32\ucrtbase.dll
0x00007ffeed050000 - 0x00007ffeed2ea000 	C:\WINDOWS\WinSxS\amd64_microsoft.windows.common-controls_6595b64144ccf1df_6.0.19041.3636_none_60b6a03d71f818d5\COMCTL32.dll
0x00007fff137e0000 - 0x00007fff13810000 	C:\WINDOWS\System32\IMM32.DLL
0x00007ffe9aee0000 - 0x00007ffe9afcf000 	C:\Users\ervin\.jdks\corretto-1.8.0_302\jre\bin\msvcr120.dll
0x00007ffe9ffb0000 - 0x00007ffea0056000 	C:\Users\ervin\.jdks\corretto-1.8.0_302\jre\bin\msvcp120.dll
0x000000005af20000 - 0x000000005b790000 	C:\Users\ervin\.jdks\corretto-1.8.0_302\jre\bin\server\jvm.dll
0x00007fff12e40000 - 0x00007fff12e48000 	C:\WINDOWS\System32\PSAPI.DLL
0x00007fff0a8a0000 - 0x00007fff0a8a9000 	C:\WINDOWS\SYSTEM32\WSOCK32.dll
0x00007fff13d40000 - 0x00007fff13dab000 	C:\WINDOWS\System32\WS2_32.dll
0x00007fff0aad0000 - 0x00007fff0aaf7000 	C:\WINDOWS\SYSTEM32\WINMM.dll
0x00007fff0aff0000 - 0x00007fff0affa000 	C:\WINDOWS\SYSTEM32\VERSION.dll
0x00007fff02980000 - 0x00007fff0298f000 	C:\Users\ervin\.jdks\corretto-1.8.0_302\jre\bin\verify.dll
0x00007ffeea590000 - 0x00007ffeea5b9000 	C:\Users\ervin\.jdks\corretto-1.8.0_302\jre\bin\java.dll
0x00007ffef2bf0000 - 0x00007ffef2c1a000 	C:\Users\ervin\.jdks\corretto-1.8.0_302\jre\bin\instrument.dll
0x00007ffeea460000 - 0x00007ffeea476000 	C:\Users\ervin\.jdks\corretto-1.8.0_302\jre\bin\zip.dll
0x00007fff123a0000 - 0x00007fff12ae5000 	C:\WINDOWS\System32\SHELL32.dll
0x00007fff0fa70000 - 0x00007fff1020b000 	C:\WINDOWS\SYSTEM32\windows.storage.dll
0x00007fff133b0000 - 0x00007fff13704000 	C:\WINDOWS\System32\combase.dll
0x00007fff11300000 - 0x00007fff1132d000 	C:\WINDOWS\SYSTEM32\Wldp.dll
0x00007fff12d90000 - 0x00007fff12e3d000 	C:\WINDOWS\System32\SHCORE.dll
0x00007fff13b30000 - 0x00007fff13b85000 	C:\WINDOWS\System32\shlwapi.dll
0x00007fff11950000 - 0x00007fff11975000 	C:\WINDOWS\SYSTEM32\profapi.dll
0x00007ffef2a40000 - 0x00007ffef2a5a000 	C:\Users\ervin\AppData\Local\JetBrains\Toolbox\apps\IDEA-C\ch-0\233.13135.103\bin\breakgen64.dll
0x00007ffeea210000 - 0x00007ffeea22a000 	C:\Users\ervin\.jdks\corretto-1.8.0_302\jre\bin\net.dll
0x00007fff110e0000 - 0x00007fff1114a000 	C:\WINDOWS\system32\mswsock.dll
0x00007ffef2be0000 - 0x00007ffef2bed000 	C:\Users\ervin\.jdks\corretto-1.8.0_302\jre\bin\management.dll
0x00007ffed61c0000 - 0x00007ffed61d7000 	C:\WINDOWS\system32\napinsp.dll
0x00007ffec55d0000 - 0x00007ffec55eb000 	C:\WINDOWS\system32\pnrpnsp.dll
0x00007ffeefe50000 - 0x00007ffeefe65000 	C:\WINDOWS\system32\wshbth.dll
0x00007fff0cf90000 - 0x00007fff0cfad000 	C:\WINDOWS\system32\NLAapi.dll
0x00007fff10d90000 - 0x00007fff10dcb000 	C:\WINDOWS\SYSTEM32\IPHLPAPI.DLL
0x00007fff10e30000 - 0x00007fff10efa000 	C:\WINDOWS\SYSTEM32\DNSAPI.dll
0x00007fff13710000 - 0x00007fff13718000 	C:\WINDOWS\System32\NSI.dll
0x00007ffec55b0000 - 0x00007ffec55c2000 	C:\WINDOWS\System32\winrnr.dll
0x00007fff029b0000 - 0x00007fff029ba000 	C:\Windows\System32\rasadhlp.dll
0x00007fff036c0000 - 0x00007fff03740000 	C:\WINDOWS\System32\fwpuclnt.dll
0x00007ffeea1f0000 - 0x00007ffeea202000 	C:\Users\ervin\.jdks\corretto-1.8.0_302\jre\bin\nio.dll
0x00007ffee00a0000 - 0x00007ffee00c3000 	C:\Users\ervin\.jdks\corretto-1.8.0_302\jre\bin\sunec.dll
0x00007fff11650000 - 0x00007fff11668000 	C:\WINDOWS\SYSTEM32\CRYPTSP.dll
0x00007fff109d0000 - 0x00007fff10a04000 	C:\WINDOWS\system32\rsaenh.dll
0x00007fff11910000 - 0x00007fff1193e000 	C:\WINDOWS\SYSTEM32\USERENV.dll
0x00007fff12310000 - 0x00007fff12392000 	C:\WINDOWS\System32\bcryptprimitives.dll
0x00007fff11270000 - 0x00007fff1127c000 	C:\WINDOWS\SYSTEM32\CRYPTBASE.dll
0x00007fff0a450000 - 0x00007fff0a467000 	C:\WINDOWS\SYSTEM32\dhcpcsvc6.DLL
0x00007fff0a3f0000 - 0x00007fff0a40d000 	C:\WINDOWS\SYSTEM32\dhcpcsvc.DLL
0x00007ffe9b330000 - 0x00007ffe9b3a2000 	C:\Users\ervin\AppData\Local\Temp\lwjglervin\3.2.2-build-10\lwjgl.dll
0x00007ffe96660000 - 0x00007ffe968b1000 	C:\Users\ervin\AppData\Local\Temp\lwjglervin\3.2.2-build-10\jemalloc.dll
0x00007ffedfeb0000 - 0x00007ffedff0e000 	C:\Users\ervin\AppData\Local\Temp\lwjglervin\3.2.2-build-10\glfw.dll
0x00007fff0f020000 - 0x00007fff0f0be000 	C:\WINDOWS\system32\uxtheme.dll
0x00007ffed6a50000 - 0x00007ffed6a95000 	C:\WINDOWS\SYSTEM32\dinput8.dll
0x00007ffeef7a0000 - 0x00007ffeef7b1000 	C:\WINDOWS\SYSTEM32\xinput1_4.dll
0x00007fff11e00000 - 0x00007fff11e4e000 	C:\WINDOWS\System32\cfgmgr32.dll
0x00007fff11760000 - 0x00007fff11793000 	C:\WINDOWS\SYSTEM32\DEVOBJ.dll
0x00007fff0f350000 - 0x00007fff0f37f000 	C:\WINDOWS\SYSTEM32\dwmapi.dll
0x00007ffee7af0000 - 0x00007ffee7c42000 	C:\WINDOWS\SYSTEM32\inputhost.dll
0x00007fff12f90000 - 0x00007fff1305d000 	C:\WINDOWS\System32\OLEAUT32.dll
0x00007fff0eb20000 - 0x00007fff0ec12000 	C:\WINDOWS\SYSTEM32\CoreMessaging.dll
0x00007fff0f690000 - 0x00007fff0f786000 	C:\WINDOWS\SYSTEM32\PROPSYS.dll
0x00007fff0d310000 - 0x00007fff0d465000 	C:\WINDOWS\SYSTEM32\wintypes.dll
0x00007fff0e440000 - 0x00007fff0e79b000 	C:\WINDOWS\SYSTEM32\CoreUIComponents.dll
0x00007fff10af0000 - 0x00007fff10b23000 	C:\WINDOWS\SYSTEM32\ntmarta.dll
0x00007fff10220000 - 0x00007fff10232000 	C:\WINDOWS\SYSTEM32\kernel.appcore.dll
0x00007fff12e70000 - 0x00007fff12f84000 	C:\WINDOWS\System32\MSCTF.dll
0x00007fff10210000 - 0x00007fff1021d000 	C:\WINDOWS\SYSTEM32\HID.DLL
0x00007fff13db0000 - 0x00007fff1421e000 	C:\WINDOWS\System32\SETUPAPI.DLL
0x00007fff11e50000 - 0x00007fff11eb7000 	C:\WINDOWS\System32\WINTRUST.dll
0x00007fff11b20000 - 0x00007fff11c7d000 	C:\WINDOWS\System32\CRYPT32.dll
0x00007fff11720000 - 0x00007fff11732000 	C:\WINDOWS\SYSTEM32\MSASN1.dll
0x00007ffeac3c0000 - 0x00007ffeac4e5000 	C:\WINDOWS\SYSTEM32\opengl32.dll
0x00007ffedff10000 - 0x00007ffedff3c000 	C:\WINDOWS\SYSTEM32\GLU32.dll
0x00007fff13a80000 - 0x00007fff13b29000 	C:\WINDOWS\System32\clbcatq.dll
0x00007ffeab1b0000 - 0x00007ffeab1c8000 	C:\WINDOWS\SYSTEM32\atig6pxx.dll
0x000000005b930000 - 0x000000005d730000 	C:\WINDOWS\SYSTEM32\atio6axx.dll
0x00007ffea27c0000 - 0x00007ffea2901000 	C:\WINDOWS\SYSTEM32\atiadlxx.dll
0x00007fff13950000 - 0x00007fff13a7b000 	C:\WINDOWS\System32\ole32.dll
0x00007fff0d2f0000 - 0x00007fff0d304000 	C:\WINDOWS\SYSTEM32\WTSAPI32.dll
0x00007ffeab180000 - 0x00007ffeab1ac000 	C:\WINDOWS\SYSTEM32\atig6txx.dll
0x00007fff10270000 - 0x00007fff10363000 	C:\WINDOWS\SYSTEM32\dxgi.dll
0x00007fff0d5c0000 - 0x00007fff0d823000 	C:\WINDOWS\SYSTEM32\d3d11.dll
0x00007fff065a0000 - 0x00007fff06707000 	C:\WINDOWS\SYSTEM32\aticfx64.dll
0x00007fff063f0000 - 0x00007fff06418000 	C:\WINDOWS\SYSTEM32\atiuxp64.dll
0x00007fff05780000 - 0x00007fff062df000 	C:\WINDOWS\SYSTEM32\atidxx64.dll
0x00007fff0ee40000 - 0x00007fff0eed0000 	C:\WINDOWS\SYSTEM32\apphelp.dll
0x00007fff0ccb0000 - 0x00007fff0cceb000 	C:\WINDOWS\SYSTEM32\dxcore.dll
0x00007ffe98100000 - 0x00007ffe9817f000 	C:\Users\ervin\AppData\Local\Temp\lwjglervin\3.2.2-build-10\lwjgl_stb.dll
0x00007fff0ab70000 - 0x00007fff0ac1e000 	C:\WINDOWS\SYSTEM32\mscms.dll
0x00007fff0af00000 - 0x00007fff0af11000 	C:\WINDOWS\SYSTEM32\ColorAdapterClient.dll
0x00007ffeab520000 - 0x00007ffeab563000 	C:\WINDOWS\SYSTEM32\icm32.dll
0x00007ffee7da0000 - 0x00007ffee7e99000 	C:\WINDOWS\SYSTEM32\textinputframework.dll
0x00007ffe9ac40000 - 0x00007ffe9ac98000 	C:\Users\ervin\AppData\Local\Temp\lwjglervin\3.2.2-build-10\lwjgl_opengl.dll
0x00007ffee1e70000 - 0x00007ffee1eb2000 	C:\Users\ervin\AppData\Local\Temp\jna-96788558\jna1249051225560053802.dll
0x00007ffeea490000 - 0x00007ffeea4aa000 	C:\save\ervin\projects\ervin_mod_1\build\natives\SAPIWrapper_x64.dll
0x00007ffe9a3f0000 - 0x00007ffe9a576000 	C:\WINDOWS\System32\Speech\Common\sapi.dll
0x00007ffeeabd0000 - 0x00007ffeeabee000 	C:\WINDOWS\SYSTEM32\MSACM32.dll
0x00007fff0a850000 - 0x00007fff0a85b000 	C:\WINDOWS\SYSTEM32\msdmo.dll
0x00007ffede570000 - 0x00007ffede596000 	C:\WINDOWS\SYSTEM32\winmmbase.dll
0x00007ffefc7f0000 - 0x00007ffefc875000 	C:\WINDOWS\System32\MMDevApi.dll
0x00007ffef2970000 - 0x00007ffef297c000 	C:\Users\ervin\.jdks\corretto-1.8.0_302\jre\bin\sunmscapi.dll
0x00007fff11370000 - 0x00007fff11398000 	C:\WINDOWS\SYSTEM32\ncrypt.dll
0x00007fff11330000 - 0x00007fff1136b000 	C:\WINDOWS\SYSTEM32\NTASN1.dll
0x00007ffe974a0000 - 0x00007ffe975b4000 	C:\Users\ervin\AppData\Local\Temp\lwjglervin\3.2.2-build-10\OpenAL.dll
0x00007ffef9f70000 - 0x00007ffefa0f2000 	C:\WINDOWS\SYSTEM32\AUDIOSES.DLL
0x00007fff117d0000 - 0x00007fff1181b000 	C:\WINDOWS\SYSTEM32\powrprof.dll
0x00007fff117b0000 - 0x00007fff117c2000 	C:\WINDOWS\SYSTEM32\UMPDC.dll
0x00007fff0f1e0000 - 0x00007fff0f1f4000 	C:\WINDOWS\SYSTEM32\resourcepolicyclient.dll
0x00007fff02e40000 - 0x00007fff0302d000 	C:\WINDOWS\system32\urlmon.dll
0x00007fff02b80000 - 0x00007fff02e3c000 	C:\WINDOWS\SYSTEM32\iertutil.dll
0x00007fff03a80000 - 0x00007fff03aa8000 	C:\WINDOWS\SYSTEM32\srvcli.dll
0x00007fff10f50000 - 0x00007fff10f5c000 	C:\WINDOWS\SYSTEM32\netutils.dll
0x00007ffe96220000 - 0x00007ffe963b5000 	C:\Users\ervin\.jdks\corretto-1.8.0_302\jre\bin\awt.dll
0x00007ffefeab0000 - 0x00007ffefec94000 	C:\WINDOWS\SYSTEM32\dbghelp.dll
0x00007ffee7fc0000 - 0x00007ffee7ff4000 	C:\WINDOWS\SYSTEM32\dbgcore.DLL

VM Arguments:
jvm_args: -Dforge.logging.console.level=debug -Dforge.logging.markers=SCAN,REGISTRIES,REGISTRYDUMP -XX:HeapDumpPath=MojangTricksIntelDriversForPerformance_javaw.exe_minecraft.exe.heapdump -Dos.name=Windows 10 -Dos.version=10.0 -javaagent:C:\Users\ervin\AppData\Local\JetBrains\Toolbox\apps\IDEA-C\ch-0\233.13135.103\lib\idea_rt.jar=51729:C:\Users\ervin\AppData\Local\JetBrains\Toolbox\apps\IDEA-C\ch-0\233.13135.103\bin -Dfile.encoding=windows-1250 
java_command: net.minecraftforge.userdev.LaunchTesting
java_class_path (initial): C:\Users\ervin\.jdks\corretto-1.8.0_302\jre\lib\charsets.jar;C:\Users\ervin\.jdks\corretto-1.8.0_302\jre\lib\ext\access-bridge-64.jar;C:\Users\ervin\.jdks\corretto-1.8.0_302\jre\lib\ext\cldrdata.jar;C:\Users\ervin\.jdks\corretto-1.8.0_302\jre\lib\ext\dnsns.jar;C:\Users\ervin\.jdks\corretto-1.8.0_302\jre\lib\ext\jaccess.jar;C:\Users\ervin\.jdks\corretto-1.8.0_302\jre\lib\ext\jfxrt.jar;C:\Users\ervin\.jdks\corretto-1.8.0_302\jre\lib\ext\localedata.jar;C:\Users\ervin\.jdks\corretto-1.8.0_302\jre\lib\ext\nashorn.jar;C:\Users\ervin\.jdks\corretto-1.8.0_302\jre\lib\ext\sunec.jar;C:\Users\ervin\.jdks\corretto-1.8.0_302\jre\lib\ext\sunjce_provider.jar;C:\Users\ervin\.jdks\corretto-1.8.0_302\jre\lib\ext\sunmscapi.jar;C:\Users\ervin\.jdks\corretto-1.8.0_302\jre\lib\ext\sunpkcs11.jar;C:\Users\ervin\.jdks\corretto-1.8.0_302\jre\lib\ext\zipfs.jar;C:\Users\ervin\.jdks\corretto-1.8.0_302\jre\lib\jce.jar;C:\Users\ervin\.jdks\corretto-1.8.0_302\jre\lib\jfr.jar;C:\Users\ervin\.jdks\corretto-1.8.0_302\jre\lib\jfxswt.jar;C:\Users\ervin\.jdks\corretto-1.8.0_302\jre\lib\jsse.jar;C:\Users\ervin\.jdks\corretto-1.8.0_302\jre\lib\management-agent.jar;C:\Users\ervin\.jdks\corretto-1.8.0_302\jre\lib\resources.jar;C:\Users\ervin\.jdks\corretto-1.8.0_302\jre\lib\rt.jar;C:\save\ervin\projects\ervin_mod_1\build\classes\java\main;C:\save\ervin\projects\ervin_mod_1\build\resources\main;C:\Users\ervin\.gradle\caches\forge_gradle\minecraft_user_repo\net\minecraftforge\forge\1.16.1-32.0.108_mapped_snapshot_20200723-1.16.1\forge-1.16.1-32.0.108_mapped_snapshot_20200723-1.16.1.jar;C:\Users\ervin\.gradle\caches\forge_gradle\minecraft_user_repo\net\minecraftforge\forge\1.16.1-32.0.108_mapped_snapshot_20200723-1.16.1\forge-1.16.1-32.0.108_mapped_snapshot_20200723-1.16.1-launcher.jar;C:\Users\ervin\.gradle\caches\forge_gradle\minecraft_repo\versions\1.16.1\client-extra.jar;C:\Users\ervin\.gradle\caches\modules-2\files-2.1\net.minecraftforge\eventbus\3.0.3\e5dedecd71479bbb49844855
Launcher Type: SUN_STANDARD

Environment Variables:
JAVA_HOME=C:\Java\graalvm\graalvm-ce-java17-22.1.0
PATH=C:\Python311\Scripts\;C:\Python311\;C:\Java\graalvm\graalvm-ce-java17-22.1.0\bin;C:\app\pbabcsany\product\18.0.0\dbhomeXE\bin;C:\Python39\Scripts\;C:\Python39\;C:\Program Files\Common Files\Oracle\Java\javapath;C:\Users\pbabcsany\.jdks\corretto-11.0.10\bin;C:\VW\apache-maven-3.6.3-bin\apache-maven-3.6.3\bin;C:\Program Files (x86)\Common Files\Oracle\Java\javapath;C:\Program Files\Microsoft MPI\Bin\;C:\WINDOWS\system32;C:\WINDOWS;C:\WINDOWS\System32\Wbem;C:\WINDOWS\System32\WindowsPowerShell\v1.0\;C:\WINDOWS\System32\OpenSSH\;C:\Program Files\TortoiseSVN\bin;C:\Program Files (x86)\Yarn\bin\;C:\Program Files\Git\cmd;C:\Windows\Microsoft.NET\Framework64\v4.0.30319;C:\Program Files (x86)\ATI Technologies\ATI.ACE\Core-Static;C:\Program Files\dotnet\;C:\ant\bin;C:\Program Files (x86)\Bitvise SSH Client;C:\ProgramData\chocolatey\bin;C:\Program Files (x86)\Gpg4win\..\GnuPG\bin;C:\Program Files (x86)\Brackets\command;C:\Program Files\Cloudflare\Cloudflare WARP\;C:\Program Files\Docker\Docker\resources\bin;C:\ProgramData\DockerDesktop\version-bin;C:\Program Files\nodejs\;C:\Users\ervin\AppData\Local\Microsoft\WindowsApps;C:\Users\ervin\AppData\Local\Programs\Microsoft VS Code\bin;C:\Users\ervin\AppData\Local\JetBrains\IntelliJ IDEA Educational Edition 2021.3.4\bin;C:\Users\ervin\AppData\Local\JetBrains\Toolbox\scripts;C:\Users\ervin\AppData\Roaming\npm
USERNAME=ervin
OS=Windows_NT
PROCESSOR_IDENTIFIER=Intel64 Family 6 Model 94 Stepping 3, GenuineIntel



---------------  S Y S T E M  ---------------

OS: Windows 10.0 , 64 bit Build 19041 (10.0.19041.3636)

CPU:total 4 (initial active 4) (4 cores per cpu, 1 threads per core) family 6 model 94 stepping 3, cmov, cx8, fxsr, mmx, sse, sse2, sse3, ssse3, sse4.1, sse4.2, popcnt, avx, avx2, aes, clmul, erms, 3dnowpref, lzcnt, tsc, tscinvbit, bmi1, bmi2, adx

Memory: 4k page, physical 33505744k(12955140k free), swap 38221044k(12559036k free)

vm_info: OpenJDK 64-Bit Server VM (25.302-b08) for windows-amd64 JRE (1.8.0_302-b08), built on Jul 15 2021 19:37:21 by "Administrator" with MS VC++ 12.0 (VS2013)

time: Sat Jan 27 16:33:29 2024
timezone: Közép-európai téli ido 
elapsed time: 2205.284457 seconds (0d 0h 36m 45s)

