#
# There is insufficient memory for the Java Runtime Environment to continue.
# Native memory allocation (malloc) failed to allocate 32744 bytes for ChunkPool::allocate
# Possible reasons:
#   The system is out of physical RAM or swap space
#   In 32 bit mode, the process size limit was hit
# Possible solutions:
#   Reduce memory load on the system
#   Increase physical memory or swap space
#   Check if swap backing store is full
#   Use 64 bit Java on a 64 bit OS
#   Decrease Java heap size (-Xmx/-Xms)
#   Decrease number of Java threads
#   Decrease Java thread stack sizes (-Xss)
#   Set larger code cache with -XX:ReservedCodeCacheSize=
# This output file may be truncated or incomplete.
#
#  Out of Memory Error (allocation.cpp:273), pid=3204, tid=17256
#
# JRE version: Java(TM) SE Runtime Environment (8.0_51-b16) (build 1.8.0_51-b16)
# Java VM: Java HotSpot(TM) 64-Bit Server VM (25.51-b03 mixed mode windows-amd64 compressed oops)
# Failed to write core dump. Minidumps are not enabled by default on client versions of Windows
#

---------------  T H R E A D  ---------------

Current thread (0x0000000017538000):  JavaThread "C2 CompilerThread0" daemon [_thread_in_native, id=17256, stack(0x0000000019050000,0x0000000019150000)]

Stack: [0x0000000019050000,0x0000000019150000],  sp=0x000000001914f780,  free space=1021k
Native frames: (J=compiled Java code, j=interpreted, Vv=VM code, C=native code)
V  [jvm.dll+0x32b4ca]


Current CompileTask:
C2:2266926 26245       4       net.minecraft.client.gui.IngameGui::tick (218 bytes)


---------------  P R O C E S S  ---------------

Java Threads: ( => current thread )
  0x0000000019441800 JavaThread "Worker-Main-179" daemon [_thread_in_Java, id=9484, stack(0x0000000045770000,0x0000000045870000)]
  0x000000001943f000 JavaThread "Worker-Main-178" daemon [_thread_in_Java, id=9908, stack(0x0000000045570000,0x0000000045670000)]
  0x0000000019440800 JavaThread "Worker-Main-177" daemon [_thread_in_Java, id=2728, stack(0x000000002b710000,0x000000002b810000)]
  0x0000000023394800 JavaThread "Sound engine" daemon [_thread_blocked, id=14236, stack(0x0000000020fd0000,0x00000000210d0000)]
  0x000000002339a800 JavaThread "Netty Server IO #1" daemon [_thread_in_native, id=4232, stack(0x00000000596a0000,0x00000000597a0000)]
  0x0000000023397800 JavaThread "Netty Local Client IO #0" daemon [_thread_blocked, id=16280, stack(0x00000000561d0000,0x00000000562d0000)]
  0x0000000023391800 JavaThread "Netty Server IO #0" daemon [_thread_in_native, id=14364, stack(0x0000000048360000,0x0000000048460000)]
  0x0000000023396800 JavaThread "ObjectCleanerThread" daemon [_thread_blocked, id=11976, stack(0x0000000048260000,0x0000000048360000)]
  0x0000000023396000 JavaThread "Java2D Disposer" daemon [_thread_blocked, id=10328, stack(0x0000000045670000,0x0000000045770000)]
  0x0000000023392000 JavaThread "Thread-11" daemon [_thread_in_native, id=3832, stack(0x000000002b390000,0x000000002b490000)]
  0x0000000023390000 JavaThread "Server thread" [_thread_blocked, id=18316, stack(0x0000000028dc0000,0x0000000028ec0000)]
  0x0000000023393000 JavaThread "Snooper Timer" daemon [_thread_blocked, id=7836, stack(0x0000000028cb0000,0x0000000028db0000)]
  0x0000000023393800 JavaThread "Narrator" [_thread_blocked, id=2392, stack(0x0000000029ba0000,0x0000000029ca0000)]
  0x0000000020793800 JavaThread "Snooper Timer" daemon [_thread_blocked, id=15536, stack(0x00000000287f0000,0x00000000288f0000)]
  0x0000000020796800 JavaThread "Timer hack thread" daemon [_thread_blocked, id=12896, stack(0x00000000276d0000,0x00000000277d0000)]
  0x0000000019e47800 JavaThread "pool-3-thread-1" [_thread_blocked, id=16588, stack(0x000000001f8f0000,0x000000001f9f0000)]
  0x000000001a61a000 JavaThread "Thread-2" daemon [_thread_in_native, id=1540, stack(0x000000001ba60000,0x000000001bb60000)]
  0x000000001a5a0800 JavaThread "Thread-1" daemon [_thread_blocked, id=17684, stack(0x000000001b960000,0x000000001ba60000)]
  0x0000000018f4e000 JavaThread "Service Thread" daemon [_thread_blocked, id=12324, stack(0x0000000019b50000,0x0000000019c50000)]
  0x000000001753e000 JavaThread "C1 CompilerThread2" daemon [_thread_blocked, id=7820, stack(0x0000000019250000,0x0000000019350000)]
  0x000000001753b000 JavaThread "C2 CompilerThread1" daemon [_thread_blocked, id=1352, stack(0x0000000019150000,0x0000000019250000)]
=>0x0000000017538000 JavaThread "C2 CompilerThread0" daemon [_thread_in_native, id=17256, stack(0x0000000019050000,0x0000000019150000)]
  0x0000000018f12000 JavaThread "Monitor Ctrl-Break" daemon [_thread_in_native, id=17272, stack(0x0000000018f50000,0x0000000019050000)]
  0x00000000174e5800 JavaThread "Attach Listener" daemon [_thread_blocked, id=13636, stack(0x0000000018a50000,0x0000000018b50000)]
  0x00000000174e4000 JavaThread "Signal Dispatcher" daemon [_thread_blocked, id=12268, stack(0x0000000018950000,0x0000000018a50000)]
  0x00000000027e9800 JavaThread "Finalizer" daemon [_thread_blocked, id=5452, stack(0x0000000018750000,0x0000000018850000)]
  0x00000000027e6000 JavaThread "Reference Handler" daemon [_thread_blocked, id=3644, stack(0x0000000018650000,0x0000000018750000)]
  0x00000000026f2800 JavaThread "Render thread" [_thread_in_native, id=12700, stack(0x0000000002550000,0x0000000002650000)]

Other Threads:
  0x00000000174a9000 VMThread [stack: 0x0000000018550000,0x0000000018650000] [id=13472]
  0x00000000193e7000 WatcherThread [stack: 0x0000000019c50000,0x0000000019d50000] [id=2084]

VM state:not at safepoint (normal execution)

VM Mutex/Monitor currently owned by a thread: None

Heap:
 PSYoungGen      total 457728K, used 89036K [0x00000000d5f00000, 0x00000000f8800000, 0x0000000100000000)
  eden space 371712K, 11% used [0x00000000d5f00000,0x00000000d87a9bf8,0x00000000eca00000)
  from space 86016K, 55% used [0x00000000f3400000,0x00000000f6249760,0x00000000f8800000)
  to   space 76288K, 0% used [0x00000000eca00000,0x00000000eca00000,0x00000000f1480000)
 ParOldGen       total 819712K, used 790554K [0x0000000081c00000, 0x00000000b3c80000, 0x00000000d5f00000)
  object space 819712K, 96% used [0x0000000081c00000,0x00000000b2006b30,0x00000000b3c80000)
 Metaspace       used 100242K, capacity 113708K, committed 113920K, reserved 1144832K
  class space    used 15231K, capacity 18652K, committed 18688K, reserved 1048576K

Card table byte_map: [0x0000000011d70000,0x0000000012170000] byte_map_base: 0x0000000011962000

Marking Bits: (ParMarkBitMap*) 0x000000005ac64040
 Begin Bits: [0x0000000012820000, 0x00000000147b0000)
 End Bits:   [0x00000000147b0000, 0x0000000016740000)

Polling page: 0x0000000002650000

CodeCache: size=245760Kb used=58393Kb max_used=58399Kb free=187366Kb
 bounds [0x00000000029b0000, 0x00000000063c0000, 0x00000000119b0000]
 total_blobs=18876 nmethods=17127 adapters=1655
 compilation: enabled

Compilation events (10 events):
Event: 2262.130 Thread 0x000000001753b000 nmethod 26240 0x0000000005ed76d0 code [0x0000000005ed7900, 0x0000000005ed7f70]
Event: 2262.430 Thread 0x0000000017538000 26241       4       net.minecraft.world.ICollisionReader::func_241457_a_ (16 bytes)
Event: 2262.449 Thread 0x0000000017538000 nmethod 26241 0x0000000004ed5550 code [0x0000000004ed5740, 0x0000000004ed6078]
Event: 2265.116 Thread 0x000000001753b000 26242       4       net.minecraft.util.EntityPredicates$$Lambda$1545/992889830::test (8 bytes)
Event: 2265.119 Thread 0x000000001753b000 nmethod 26242 0x0000000005b77b50 code [0x0000000005b77ca0, 0x0000000005b77d98]
Event: 2265.367 Thread 0x0000000017538000 26243       4       net.minecraft.world.IEntityReader::getClosestPlayer (120 bytes)
Event: 2265.380 Thread 0x0000000017538000 nmethod 26243 0x000000000584ec50 code [0x000000000584ee00, 0x000000000584f398]
Event: 2265.568 Thread 0x000000001753b000 26244       4       net.minecraft.world.IEntityReader::getClosestPlayer (31 bytes)
Event: 2265.591 Thread 0x000000001753b000 nmethod 26244 0x0000000005c3c110 code [0x0000000005c3c2e0, 0x0000000005c3cc58]
Event: 2266.909 Thread 0x0000000017538000 26245       4       net.minecraft.client.gui.IngameGui::tick (218 bytes)

GC Heap History (10 events):
Event: 2262.542 GC heap before
{Heap before GC invocations=351 (full 7):
 PSYoungGen      total 448000K, used 433436K [0x00000000d5f00000, 0x00000000f8800000, 0x0000000100000000)
  eden space 371712K, 100% used [0x00000000d5f00000,0x00000000eca00000,0x00000000eca00000)
  from space 76288K, 80% used [0x00000000eca00000,0x00000000f06471b0,0x00000000f1480000)
  to   space 86016K, 0% used [0x00000000f3400000,0x00000000f3400000,0x00000000f8800000)
 ParOldGen       total 819712K, used 787221K [0x0000000081c00000, 0x00000000b3c80000, 0x00000000d5f00000)
  object space 819712K, 96% used [0x0000000081c00000,0x00000000b1cc5528,0x00000000b3c80000)
 Metaspace       used 100242K, capacity 113708K, committed 113920K, reserved 1144832K
  class space    used 15231K, capacity 18652K, committed 18688K, reserved 1048576K
Event: 2262.563 GC heap after
Heap after GC invocations=351 (full 7):
 PSYoungGen      total 457728K, used 58760K [0x00000000d5f00000, 0x00000000f8800000, 0x0000000100000000)
  eden space 371712K, 0% used [0x00000000d5f00000,0x00000000d5f00000,0x00000000eca00000)
  from space 86016K, 68% used [0x00000000f3400000,0x00000000f6d621f0,0x00000000f8800000)
  to   space 76288K, 0% used [0x00000000eca00000,0x00000000eca00000,0x00000000f1480000)
 ParOldGen       total 819712K, used 787221K [0x0000000081c00000, 0x00000000b3c80000, 0x00000000d5f00000)
  object space 819712K, 96% used [0x0000000081c00000,0x00000000b1cc5528,0x00000000b3c80000)
 Metaspace       used 100242K, capacity 113708K, committed 113920K, reserved 1144832K
  class space    used 15231K, capacity 18652K, committed 18688K, reserved 1048576K
}
Event: 2263.596 GC heap before
{Heap before GC invocations=352 (full 7):
 PSYoungGen      total 457728K, used 430472K [0x00000000d5f00000, 0x00000000f8800000, 0x0000000100000000)
  eden space 371712K, 100% used [0x00000000d5f00000,0x00000000eca00000,0x00000000eca00000)
  from space 86016K, 68% used [0x00000000f3400000,0x00000000f6d621f0,0x00000000f8800000)
  to   space 76288K, 0% used [0x00000000eca00000,0x00000000eca00000,0x00000000f1480000)
 ParOldGen       total 819712K, used 787241K [0x0000000081c00000, 0x00000000b3c80000, 0x00000000d5f00000)
  object space 819712K, 96% used [0x0000000081c00000,0x00000000b1cca458,0x00000000b3c80000)
 Metaspace       used 100242K, capacity 113708K, committed 113920K, reserved 1144832K
  class space    used 15231K, capacity 18652K, committed 18688K, reserved 1048576K
Event: 2263.616 GC heap after
Heap after GC invocations=352 (full 7):
 PSYoungGen      total 448000K, used 56092K [0x00000000d5f00000, 0x00000000f8800000, 0x0000000100000000)
  eden space 371712K, 0% used [0x00000000d5f00000,0x00000000d5f00000,0x00000000eca00000)
  from space 76288K, 73% used [0x00000000eca00000,0x00000000f00c7280,0x00000000f1480000)
  to   space 86016K, 0% used [0x00000000f3400000,0x00000000f3400000,0x00000000f8800000)
 ParOldGen       total 819712K, used 787265K [0x0000000081c00000, 0x00000000b3c80000, 0x00000000d5f00000)
  object space 819712K, 96% used [0x0000000081c00000,0x00000000b1cd0458,0x00000000b3c80000)
 Metaspace       used 100242K, capacity 113708K, committed 113920K, reserved 1144832K
  class space    used 15231K, capacity 18652K, committed 18688K, reserved 1048576K
}
Event: 2264.720 GC heap before
{Heap before GC invocations=353 (full 7):
 PSYoungGen      total 448000K, used 427804K [0x00000000d5f00000, 0x00000000f8800000, 0x0000000100000000)
  eden space 371712K, 100% used [0x00000000d5f00000,0x00000000eca00000,0x00000000eca00000)
  from space 76288K, 73% used [0x00000000eca00000,0x00000000f00c7280,0x00000000f1480000)
  to   space 86016K, 0% used [0x00000000f3400000,0x00000000f3400000,0x00000000f8800000)
 ParOldGen       total 819712K, used 787267K [0x0000000081c00000, 0x00000000b3c80000, 0x00000000d5f00000)
  object space 819712K, 96% used [0x0000000081c00000,0x00000000b1cd0d68,0x00000000b3c80000)
 Metaspace       used 100242K, capacity 113708K, committed 113920K, reserved 1144832K
  class space    used 15231K, capacity 18652K, committed 18688K, reserved 1048576K
Event: 2264.741 GC heap after
Heap after GC invocations=353 (full 7):
 PSYoungGen      total 457728K, used 53248K [0x00000000d5f00000, 0x00000000f8800000, 0x0000000100000000)
  eden space 371712K, 0% used [0x00000000d5f00000,0x00000000d5f00000,0x00000000eca00000)
  from space 86016K, 61% used [0x00000000f3400000,0x00000000f68000c0,0x00000000f8800000)
  to   space 76288K, 0% used [0x00000000eca00000,0x00000000eca00000,0x00000000f1480000)
 ParOldGen       total 819712K, used 787291K [0x0000000081c00000, 0x00000000b3c80000, 0x00000000d5f00000)
  object space 819712K, 96% used [0x0000000081c00000,0x00000000b1cd6d68,0x00000000b3c80000)
 Metaspace       used 100242K, capacity 113708K, committed 113920K, reserved 1144832K
  class space    used 15231K, capacity 18652K, committed 18688K, reserved 1048576K
}
Event: 2265.855 GC heap before
{Heap before GC invocations=354 (full 7):
 PSYoungGen      total 457728K, used 424960K [0x00000000d5f00000, 0x00000000f8800000, 0x0000000100000000)
  eden space 371712K, 100% used [0x00000000d5f00000,0x00000000eca00000,0x00000000eca00000)
  from space 86016K, 61% used [0x00000000f3400000,0x00000000f68000c0,0x00000000f8800000)
  to   space 76288K, 0% used [0x00000000eca00000,0x00000000eca00000,0x00000000f1480000)
 ParOldGen       total 819712K, used 790396K [0x0000000081c00000, 0x00000000b3c80000, 0x00000000d5f00000)
  object space 819712K, 96% used [0x0000000081c00000,0x00000000b1fdf000,0x00000000b3c80000)
 Metaspace       used 100242K, capacity 113708K, committed 113920K, reserved 1144832K
  class space    used 15231K, capacity 18652K, committed 18688K, reserved 1048576K
Event: 2265.874 GC heap after
Heap after GC invocations=354 (full 7):
 PSYoungGen      total 448000K, used 50051K [0x00000000d5f00000, 0x00000000f8800000, 0x0000000100000000)
  eden space 371712K, 0% used [0x00000000d5f00000,0x00000000d5f00000,0x00000000eca00000)
  from space 76288K, 65% used [0x00000000eca00000,0x00000000efae0c10,0x00000000f1480000)
  to   space 86016K, 0% used [0x00000000f3400000,0x00000000f3400000,0x00000000f8800000)
 ParOldGen       total 819712K, used 790420K [0x0000000081c00000, 0x00000000b3c80000, 0x00000000d5f00000)
  object space 819712K, 96% used [0x0000000081c00000,0x00000000b1fe5000,0x00000000b3c80000)
 Metaspace       used 100242K, capacity 113708K, committed 113920K, reserved 1144832K
  class space    used 15231K, capacity 18652K, committed 18688K, reserved 1048576K
}
Event: 2266.834 GC heap before
{Heap before GC invocations=355 (full 7):
 PSYoungGen      total 448000K, used 421763K [0x00000000d5f00000, 0x00000000f8800000, 0x0000000100000000)
  eden space 371712K, 100% used [0x00000000d5f00000,0x00000000eca00000,0x00000000eca00000)
  from space 76288K, 65% used [0x00000000eca00000,0x00000000efae0c10,0x00000000f1480000)
  to   space 86016K, 0% used [0x00000000f3400000,0x00000000f3400000,0x00000000f8800000)
 ParOldGen       total 819712K, used 790530K [0x0000000081c00000, 0x00000000b3c80000, 0x00000000d5f00000)
  object space 819712K, 96% used [0x0000000081c00000,0x00000000b2000b30,0x00000000b3c80000)
 Metaspace       used 100242K, capacity 113708K, committed 113920K, reserved 1144832K
  class space    used 15231K, capacity 18652K, committed 18688K, reserved 1048576K
Event: 2266.852 GC heap after
Heap after GC invocations=355 (full 7):
 PSYoungGen      total 457728K, used 47397K [0x00000000d5f00000, 0x00000000f8800000, 0x0000000100000000)
  eden space 371712K, 0% used [0x00000000d5f00000,0x00000000d5f00000,0x00000000eca00000)
  from space 86016K, 55% used [0x00000000f3400000,0x00000000f6249760,0x00000000f8800000)
  to   space 76288K, 0% used [0x00000000eca00000,0x00000000eca00000,0x00000000f1480000)
 ParOldGen       total 819712K, used 790554K [0x0000000081c00000, 0x00000000b3c80000, 0x00000000d5f00000)
  object space 819712K, 96% used [0x0000000081c00000,0x00000000b2006b30,0x00000000b3c80000)
 Metaspace       used 100242K, capacity 113708K, committed 113920K, reserved 1144832K
  class space    used 15231K, capacity 18652K, committed 18688K, reserved 1048576K
}

Deoptimization events (10 events):
Event: 2249.142 Thread 0x0000000019441800 Uncommon trap: reason=class_check action=maybe_recompile pc=0x00000000053482f0 method=net.minecraft.util.math.BlockPos$Mutable.add(III)Lnet/minecraft/util/math/BlockPos; @ 7
Event: 2249.146 Thread 0x0000000019441800 Uncommon trap: reason=unstable_if action=reinterpret pc=0x0000000005d1360c method=net.minecraft.client.renderer.chunk.ChunkRenderDispatcher$ChunkRender$RebuildTask.compile(FFFLnet/minecraft/client/renderer/chunk/ChunkRenderDispatcher$CompiledChunk;Lnet/minï‘ÍU7š¡@
Event: 2253.108 Thread 0x00000000026f2800 Uncommon trap: reason=bimorphic action=maybe_recompile pc=0x00000000058bda34 method=net.minecraft.entity.LivingEntity.baseTick()V @ 81
Event: 2253.117 Thread 0x0000000023390000 Uncommon trap: reason=bimorphic action=maybe_recompile pc=0x00000000058bda34 method=net.minecraft.entity.LivingEntity.baseTick()V @ 81
Event: 2253.118 Thread 0x0000000023390000 Uncommon trap: reason=unstable_if action=reinterpret pc=0x000000000607ef38 method=net.minecraft.entity.Entity.applyEntityCollision(Lnet/minecraft/entity/Entity;)V @ 12
Event: 2253.148 Thread 0x00000000026f2800 Uncommon trap: reason=unstable_if action=reinterpret pc=0x000000000421548c method=net.minecraft.client.entity.player.AbstractClientPlayerEntity.isSpectator()Z @ 28
Event: 2253.149 Thread 0x00000000026f2800 Uncommon trap: reason=unstable_if action=reinterpret pc=0x00000000058823bc method=net.minecraft.client.entity.player.AbstractClientPlayerEntity.isSpectator()Z @ 28
Event: 2253.149 Thread 0x00000000026f2800 Uncommon trap: reason=unstable_if action=reinterpret pc=0x0000000005e8af68 method=net.minecraft.client.entity.player.AbstractClientPlayerEntity.isSpectator()Z @ 28
Event: 2260.622 Thread 0x0000000023390000 Uncommon trap: reason=speculate_class_check action=maybe_recompile pc=0x0000000005ae66b8 method=net.minecraft.util.math.shapes.VoxelShape.getValueUnchecked(Lnet/minecraft/util/Direction$Axis;I)D @ 2
Event: 2261.868 Thread 0x0000000023390000 Uncommon trap: reason=unstable_if action=reinterpret pc=0x00000000056de2b4 method=net.minecraft.entity.player.ServerPlayerEntity.getSpectatingEntity()Lnet/minecraft/entity/Entity; @ 4

Internal exceptions (10 events):
Event: 2261.214 Thread 0x0000000019440800 Exception <a 'sun/nio/fs/WindowsException'> (0x00000000e4d4c248) thrown at [C:\re\workspace\8-2-build-windows-amd64-cygwin\jdk8u51\3951\hotspot\src\share\vm\prims\jni.cpp, line 709]
Event: 2261.214 Thread 0x0000000019440800 Exception <a 'sun/nio/fs/WindowsException'> (0x00000000e4d4c7a8) thrown at [C:\re\workspace\8-2-build-windows-amd64-cygwin\jdk8u51\3951\hotspot\src\share\vm\prims\jni.cpp, line 709]
Event: 2261.214 Thread 0x0000000019440800 Exception <a 'sun/nio/fs/WindowsException'> (0x00000000e4d4d110) thrown at [C:\re\workspace\8-2-build-windows-amd64-cygwin\jdk8u51\3951\hotspot\src\share\vm\prims\jni.cpp, line 709]
Event: 2261.214 Thread 0x0000000019440800 Exception <a 'sun/nio/fs/WindowsException'> (0x00000000e4d4d580) thrown at [C:\re\workspace\8-2-build-windows-amd64-cygwin\jdk8u51\3951\hotspot\src\share\vm\prims\jni.cpp, line 709]
Event: 2261.215 Thread 0x0000000019440800 Exception <a 'sun/nio/fs/WindowsException'> (0x00000000e4d587c8) thrown at [C:\re\workspace\8-2-build-windows-amd64-cygwin\jdk8u51\3951\hotspot\src\share\vm\prims\jni.cpp, line 709]
Event: 2261.215 Thread 0x0000000019440800 Exception <a 'sun/nio/fs/WindowsException'> (0x00000000e4d58d38) thrown at [C:\re\workspace\8-2-build-windows-amd64-cygwin\jdk8u51\3951\hotspot\src\share\vm\prims\jni.cpp, line 709]
Event: 2261.215 Thread 0x0000000019440800 Exception <a 'sun/nio/fs/WindowsException'> (0x00000000e4d59a90) thrown at [C:\re\workspace\8-2-build-windows-amd64-cygwin\jdk8u51\3951\hotspot\src\share\vm\prims\jni.cpp, line 709]
Event: 2261.216 Thread 0x0000000019440800 Exception <a 'sun/nio/fs/WindowsException'> (0x00000000e4d5a010) thrown at [C:\re\workspace\8-2-build-windows-amd64-cygwin\jdk8u51\3951\hotspot\src\share\vm\prims\jni.cpp, line 709]
Event: 2261.216 Thread 0x0000000019440800 Exception <a 'sun/nio/fs/WindowsException'> (0x00000000e4d5acc8) thrown at [C:\re\workspace\8-2-build-windows-amd64-cygwin\jdk8u51\3951\hotspot\src\share\vm\prims\jni.cpp, line 709]
Event: 2261.216 Thread 0x0000000019440800 Exception <a 'sun/nio/fs/WindowsException'> (0x00000000e4d5b178) thrown at [C:\re\workspace\8-2-build-windows-amd64-cygwin\jdk8u51\3951\hotspot\src\share\vm\prims\jni.cpp, line 709]

Events (10 events):
Event: 2265.765 Thread 0x0000000020792800 Thread exited: 0x0000000020792800
Event: 2265.765 Thread 0x0000000020794000 Thread exited: 0x0000000020794000
Event: 2265.831 Executing VM operation: ParallelGCFailedAllocation
Event: 2265.832 Executing VM operation: ParallelGCFailedAllocation done
Event: 2265.855 Executing VM operation: ParallelGCSystemGC
Event: 2265.874 Executing VM operation: ParallelGCSystemGC done
Event: 2266.832 Executing VM operation: ParallelGCFailedAllocation
Event: 2266.833 Executing VM operation: ParallelGCFailedAllocation done
Event: 2266.834 Executing VM operation: ParallelGCSystemGC
Event: 2266.852 Executing VM operation: ParallelGCSystemGC done


Dynamic libraries:
0x00007ff7d3610000 - 0x00007ff7d3647000 	C:\Program Files (x86)\Minecraft\runtime\jre-x64\bin\java.exe
0x00007ffa00410000 - 0x00007ffa00606000 	C:\WINDOWS\SYSTEM32\ntdll.dll
0x00007ff9ffb50000 - 0x00007ff9ffc0d000 	C:\WINDOWS\System32\KERNEL32.DLL
0x00007ff9fe1b0000 - 0x00007ff9fe478000 	C:\WINDOWS\System32\KERNELBASE.dll
0x00007ffa00320000 - 0x00007ffa003ca000 	C:\WINDOWS\System32\ADVAPI32.dll
0x00007ff9ff850000 - 0x00007ff9ff8ee000 	C:\WINDOWS\System32\msvcrt.dll
0x00007ff9feee0000 - 0x00007ff9fef7b000 	C:\WINDOWS\System32\sechost.dll
0x00007ff9ffdc0000 - 0x00007ff9ffee4000 	C:\WINDOWS\System32\RPCRT4.dll
0x00007ff9fff20000 - 0x00007ffa000c0000 	C:\WINDOWS\System32\USER32.dll
0x00007ff9fe0d0000 - 0x00007ff9fe0f2000 	C:\WINDOWS\System32\win32u.dll
0x00007ff9fe480000 - 0x00007ff9fe4aa000 	C:\WINDOWS\System32\GDI32.dll
0x00007ff9fdfc0000 - 0x00007ff9fe0c9000 	C:\WINDOWS\System32\gdi32full.dll
0x00007ff9fdec0000 - 0x00007ff9fdf5d000 	C:\WINDOWS\System32\msvcp_win.dll
0x00007ff9fdd70000 - 0x00007ff9fde70000 	C:\WINDOWS\System32\ucrtbase.dll
0x00007ff9fce70000 - 0x00007ff9fd10b000 	C:\WINDOWS\WinSxS\amd64_microsoft.windows.common-controls_6595b64144ccf1df_6.0.19041.488_none_ca04af081b815d21\COMCTL32.dll
0x00007ff9feb50000 - 0x00007ff9feb80000 	C:\WINDOWS\System32\IMM32.DLL
0x000000005acf0000 - 0x000000005adc2000 	C:\Program Files (x86)\Minecraft\runtime\jre-x64\bin\msvcr100.dll
0x000000005a460000 - 0x000000005ace3000 	C:\Program Files (x86)\Minecraft\runtime\jre-x64\bin\server\jvm.dll
0x00007ff9ffc10000 - 0x00007ff9ffc18000 	C:\WINDOWS\System32\PSAPI.DLL
0x00007ff9d9510000 - 0x00007ff9d9519000 	C:\WINDOWS\SYSTEM32\WSOCK32.dll
0x00007ff9f6380000 - 0x00007ff9f63a7000 	C:\WINDOWS\SYSTEM32\WINMM.dll
0x00007ff9ffc20000 - 0x00007ff9ffc8b000 	C:\WINDOWS\System32\WS2_32.dll
0x00007ff9f5d10000 - 0x00007ff9f5d1a000 	C:\WINDOWS\SYSTEM32\VERSION.dll
0x000000005a450000 - 0x000000005a45f000 	C:\Program Files (x86)\Minecraft\runtime\jre-x64\bin\verify.dll
0x000000005a420000 - 0x000000005a449000 	C:\Program Files (x86)\Minecraft\runtime\jre-x64\bin\java.dll
0x000000005a3f0000 - 0x000000005a413000 	C:\Program Files (x86)\Minecraft\runtime\jre-x64\bin\instrument.dll
0x000000005a3d0000 - 0x000000005a3e6000 	C:\Program Files (x86)\Minecraft\runtime\jre-x64\bin\zip.dll
0x00007ff9ff110000 - 0x00007ff9ff850000 	C:\WINDOWS\System32\SHELL32.dll
0x00007ff9fadb0000 - 0x00007ff9fb544000 	C:\WINDOWS\SYSTEM32\windows.storage.dll
0x00007ff9feb80000 - 0x00007ff9feed5000 	C:\WINDOWS\System32\combase.dll
0x00007ff9fcdd0000 - 0x00007ff9fcdfc000 	C:\WINDOWS\SYSTEM32\Wldp.dll
0x00007ff9ffd10000 - 0x00007ff9ffdbe000 	C:\WINDOWS\System32\SHCORE.dll
0x00007ff9ff8f0000 - 0x00007ff9ff945000 	C:\WINDOWS\System32\shlwapi.dll
0x00007ff9fda90000 - 0x00007ff9fdab6000 	C:\WINDOWS\SYSTEM32\profapi.dll
0x00007ff9f4da0000 - 0x00007ff9f4dba000 	C:\Users\ervin_1nmnhvl\AppData\Local\JetBrains\Toolbox\apps\IDEA-U\ch-0\202.6397.94\bin\breakgen64.dll
0x000000005a3b0000 - 0x000000005a3ca000 	C:\Program Files (x86)\Minecraft\runtime\jre-x64\bin\net.dll
0x00007ff9fcd00000 - 0x00007ff9fcd6a000 	C:\WINDOWS\system32\mswsock.dll
0x000000005a3a0000 - 0x000000005a3ad000 	C:\Program Files (x86)\Minecraft\runtime\jre-x64\bin\management.dll
0x00007ff9d8b50000 - 0x00007ff9d8b67000 	C:\WINDOWS\system32\napinsp.dll
0x00007ff9e4780000 - 0x00007ff9e479b000 	C:\WINDOWS\system32\pnrpnsp.dll
0x00007ff9f7b70000 - 0x00007ff9f7b85000 	C:\WINDOWS\system32\wshbth.dll
0x00007ff9f8770000 - 0x00007ff9f878d000 	C:\WINDOWS\system32\NLAapi.dll
0x00007ff9fc8b0000 - 0x00007ff9fc8eb000 	C:\WINDOWS\SYSTEM32\IPHLPAPI.DLL
0x00007ff9fc8f0000 - 0x00007ff9fc9bb000 	C:\WINDOWS\SYSTEM32\DNSAPI.dll
0x00007ff9fff10000 - 0x00007ff9fff19000 	C:\WINDOWS\System32\NSI.dll
0x00007ff9e8190000 - 0x00007ff9e81a2000 	C:\WINDOWS\System32\winrnr.dll
0x00007ff9ed5c0000 - 0x00007ff9ed5ca000 	C:\Windows\System32\rasadhlp.dll
0x00007ff9f0c90000 - 0x00007ff9f0d0f000 	C:\WINDOWS\System32\fwpuclnt.dll
0x00007ff9fdcc0000 - 0x00007ff9fdce7000 	C:\WINDOWS\System32\bcrypt.dll
0x000000005a380000 - 0x000000005a391000 	C:\Program Files (x86)\Minecraft\runtime\jre-x64\bin\nio.dll
0x000000005a350000 - 0x000000005a374000 	C:\Program Files (x86)\Minecraft\runtime\jre-x64\bin\sunec.dll
0x00007ff9fd820000 - 0x00007ff9fd838000 	C:\WINDOWS\SYSTEM32\CRYPTSP.dll
0x00007ff9fc470000 - 0x00007ff9fc4a4000 	C:\WINDOWS\system32\rsaenh.dll
0x00007ff9fda50000 - 0x00007ff9fda7e000 	C:\WINDOWS\SYSTEM32\USERENV.dll
0x00007ff9fdcf0000 - 0x00007ff9fdd6f000 	C:\WINDOWS\System32\bcryptprimitives.dll
0x00007ff9fcd90000 - 0x00007ff9fcd9c000 	C:\WINDOWS\SYSTEM32\CRYPTBASE.dll
0x00007ff9f3d30000 - 0x00007ff9f3d47000 	C:\WINDOWS\SYSTEM32\dhcpcsvc6.DLL
0x00007ff9f3d10000 - 0x00007ff9f3d2d000 	C:\WINDOWS\SYSTEM32\dhcpcsvc.DLL
0x00007ff9f4a40000 - 0x00007ff9f4ab2000 	C:\Users\ervin_1nmnhvl\AppData\Local\Temp\lwjglervin_1nmnhvl\3.2.2-build-10\lwjgl.dll
0x00007ff9c3c20000 - 0x00007ff9c3e71000 	C:\Users\ERVIN_~1\AppData\Local\Temp\lwjglervin_1nmnhvl\3.2.2-build-10\jemalloc.dll
0x00007ff9e5270000 - 0x00007ff9e52ce000 	C:\Users\ERVIN_~1\AppData\Local\Temp\lwjglervin_1nmnhvl\3.2.2-build-10\glfw.dll
0x00007ff9fa6d0000 - 0x00007ff9fa76f000 	C:\WINDOWS\system32\uxtheme.dll
0x00007ff9e5220000 - 0x00007ff9e5265000 	C:\WINDOWS\SYSTEM32\dinput8.dll
0x00007ff9edae0000 - 0x00007ff9edaf1000 	C:\WINDOWS\SYSTEM32\xinput1_4.dll
0x00007ff9fde70000 - 0x00007ff9fdebe000 	C:\WINDOWS\System32\cfgmgr32.dll
0x00007ff9fd840000 - 0x00007ff9fd86c000 	C:\WINDOWS\SYSTEM32\DEVOBJ.dll
0x00007ff9fa8c0000 - 0x00007ff9fa8ef000 	C:\WINDOWS\SYSTEM32\dwmapi.dll
0x00007ff9ed160000 - 0x00007ff9ed2b2000 	C:\WINDOWS\SYSTEM32\inputhost.dll
0x00007ff9ffa80000 - 0x00007ff9ffb4d000 	C:\WINDOWS\System32\OLEAUT32.dll
0x00007ff9fa210000 - 0x00007ff9fa302000 	C:\WINDOWS\SYSTEM32\CoreMessaging.dll
0x00007ff9f8190000 - 0x00007ff9f8287000 	C:\WINDOWS\SYSTEM32\PROPSYS.dll
0x00007ff9f97e0000 - 0x00007ff9f9936000 	C:\WINDOWS\SYSTEM32\wintypes.dll
0x00007ff9f9eb0000 - 0x00007ff9fa20e000 	C:\WINDOWS\SYSTEM32\CoreUIComponents.dll
0x00007ff9fd7e0000 - 0x00007ff9fd813000 	C:\WINDOWS\SYSTEM32\ntmarta.dll
0x00007ff9fb630000 - 0x00007ff9fb642000 	C:\WINDOWS\SYSTEM32\kernel.appcore.dll
0x00007ff9ff960000 - 0x00007ff9ffa75000 	C:\WINDOWS\System32\MSCTF.dll
0x00007ff9fb550000 - 0x00007ff9fb55d000 	C:\WINDOWS\SYSTEM32\HID.DLL
0x00007ff9fe620000 - 0x00007ff9fea87000 	C:\WINDOWS\System32\SETUPAPI.DLL
0x00007ff9fdf60000 - 0x00007ff9fdfc0000 	C:\WINDOWS\System32\WINTRUST.dll
0x00007ff9fdb60000 - 0x00007ff9fdcbd000 	C:\WINDOWS\System32\CRYPT32.dll
0x00007ff9fd5f0000 - 0x00007ff9fd602000 	C:\WINDOWS\SYSTEM32\MSASN1.dll
0x00007ff9dc020000 - 0x00007ff9dc145000 	C:\WINDOWS\SYSTEM32\opengl32.dll
0x00007ff9f7420000 - 0x00007ff9f744c000 	C:\WINDOWS\SYSTEM32\GLU32.dll
0x00007ffa000c0000 - 0x00007ffa00169000 	C:\WINDOWS\System32\clbcatq.dll
0x00007ff9bfde0000 - 0x00007ff9c0a64000 	C:\WINDOWS\SYSTEM32\ig4icd64.dll
0x00007ff9fbd20000 - 0x00007ff9fbe13000 	C:\WINDOWS\SYSTEM32\dxgi.dll
0x00007ff9f8a20000 - 0x00007ff9f8c84000 	C:\WINDOWS\SYSTEM32\d3d11.dll
0x00007ff9f1950000 - 0x00007ff9f25a0000 	C:\WINDOWS\SYSTEM32\igd10umd64.dll
0x00007ff9f2a70000 - 0x00007ff9f2aab000 	C:\WINDOWS\SYSTEM32\dxcore.dll
0x00007ff9e51a0000 - 0x00007ff9e521f000 	C:\Users\ervin_1nmnhvl\AppData\Local\Temp\lwjglervin_1nmnhvl\3.2.2-build-10\lwjgl_stb.dll
0x00007ff9f5b90000 - 0x00007ff9f5c3e000 	C:\WINDOWS\SYSTEM32\mscms.dll
0x00007ff9f5b70000 - 0x00007ff9f5b81000 	C:\WINDOWS\SYSTEM32\ColorAdapterClient.dll
0x00007ff9dbc30000 - 0x00007ff9dbc73000 	C:\WINDOWS\SYSTEM32\icm32.dll
0x00007ff9ed2c0000 - 0x00007ff9ed3bc000 	C:\WINDOWS\SYSTEM32\textinputframework.dll
0x00007ff9dbbd0000 - 0x00007ff9dbc28000 	C:\Users\ervin_1nmnhvl\AppData\Local\Temp\lwjglervin_1nmnhvl\3.2.2-build-10\lwjgl_opengl.dll
0x00007ff9d6220000 - 0x00007ff9d6262000 	C:\Users\ervin_1nmnhvl\AppData\Local\Temp\jna-2118671535\jna6883941236668497312.dll
0x00007ff9dc530000 - 0x00007ff9dc54a000 	C:\save\modding\ervin_mod_1\build\natives\SAPIWrapper_x64.dll
0x00007ff9fef80000 - 0x00007ff9ff0aa000 	C:\WINDOWS\System32\ole32.dll
0x00007ff9c3940000 - 0x00007ff9c3ac4000 	C:\WINDOWS\System32\Speech\Common\sapi.dll
0x00007ff9c4690000 - 0x00007ff9c46ae000 	C:\WINDOWS\SYSTEM32\MSACM32.dll
0x00007ff9f6ff0000 - 0x00007ff9f6ffb000 	C:\WINDOWS\SYSTEM32\msdmo.dll
0x00007ff9c73a0000 - 0x00007ff9c73c6000 	C:\WINDOWS\SYSTEM32\winmmbase.dll
0x00007ff9ee3c0000 - 0x00007ff9ee445000 	C:\WINDOWS\System32\MMDevApi.dll
0x00007ff9cd030000 - 0x00007ff9cd144000 	C:\Users\ERVIN_~1\AppData\Local\Temp\lwjglervin_1nmnhvl\3.2.2-build-10\OpenAL.dll
0x00007ff9e8350000 - 0x00007ff9e84d1000 	C:\WINDOWS\SYSTEM32\AUDIOSES.DLL
0x00007ff9fd9c0000 - 0x00007ff9fda0b000 	C:\WINDOWS\SYSTEM32\powrprof.dll
0x00007ff9fd9a0000 - 0x00007ff9fd9b2000 	C:\WINDOWS\SYSTEM32\UMPDC.dll
0x00007ff9fa7d0000 - 0x00007ff9fa7e4000 	C:\WINDOWS\SYSTEM32\resourcepolicyclient.dll
0x000000005a1b0000 - 0x000000005a348000 	C:\Program Files (x86)\Minecraft\runtime\jre-x64\bin\awt.dll
0x00007ff9fa520000 - 0x00007ff9fa5b0000 	C:\WINDOWS\SYSTEM32\apphelp.dll

VM Arguments:
jvm_args: -Dforge.logging.console.level=debug -Dforge.logging.markers=SCAN,REGISTRIES,REGISTRYDUMP -XX:HeapDumpPath=MojangTricksIntelDriversForPerformance_javaw.exe_minecraft.exe.heapdump -Dos.name=Windows 10 -Dos.version=10.0 -javaagent:C:\Users\ervin_1nmnhvl\AppData\Local\JetBrains\Toolbox\apps\IDEA-U\ch-0\202.6397.94\lib\idea_rt.jar=53190:C:\Users\ervin_1nmnhvl\AppData\Local\JetBrains\Toolbox\apps\IDEA-U\ch-0\202.6397.94\bin -Dfile.encoding=UTF-8 
java_command: net.minecraftforge.userdev.LaunchTesting
java_class_path (initial): C:\Program Files (x86)\Minecraft\runtime\jre-x64\lib\charsets.jar;C:\Program Files (x86)\Minecraft\runtime\jre-x64\lib\deploy.jar;C:\Program Files (x86)\Minecraft\runtime\jre-x64\lib\ext\access-bridge-64.jar;C:\Program Files (x86)\Minecraft\runtime\jre-x64\lib\ext\cldrdata.jar;C:\Program Files (x86)\Minecraft\runtime\jre-x64\lib\ext\dnsns.jar;C:\Program Files (x86)\Minecraft\runtime\jre-x64\lib\ext\jaccess.jar;C:\Program Files (x86)\Minecraft\runtime\jre-x64\lib\ext\jfxrt.jar;C:\Program Files (x86)\Minecraft\runtime\jre-x64\lib\ext\localedata.jar;C:\Program Files (x86)\Minecraft\runtime\jre-x64\lib\ext\nashorn.jar;C:\Program Files (x86)\Minecraft\runtime\jre-x64\lib\ext\sunec.jar;C:\Program Files (x86)\Minecraft\runtime\jre-x64\lib\ext\sunjce_provider.jar;C:\Program Files (x86)\Minecraft\runtime\jre-x64\lib\ext\sunmscapi.jar;C:\Program Files (x86)\Minecraft\runtime\jre-x64\lib\ext\sunpkcs11.jar;C:\Program Files (x86)\Minecraft\runtime\jre-x64\lib\ext\zipfs.jar;C:\Program Files (x86)\Minecraft\runtime\jre-x64\lib\javaws.jar;C:\Program Files (x86)\Minecraft\runtime\jre-x64\lib\jce.jar;C:\Program Files (x86)\Minecraft\runtime\jre-x64\lib\jfr.jar;C:\Program Files (x86)\Minecraft\runtime\jre-x64\lib\jfxswt.jar;C:\Program Files (x86)\Minecraft\runtime\jre-x64\lib\jsse.jar;C:\Program Files (x86)\Minecraft\runtime\jre-x64\lib\management-agent.jar;C:\Program Files (x86)\Minecraft\runtime\jre-x64\lib\plugin.jar;C:\Program Files (x86)\Minecraft\runtime\jre-x64\lib\resources.jar;C:\Program Files (x86)\Minecraft\runtime\jre-x64\lib\rt.jar;C:\save\modding\ervin_mod_1\build\classes\java\main;C:\save\modding\ervin_mod_1\build\resources\main;C:\Users\ervin_1nmnhvl\.gradle\caches\forge_gradle\minecraft_user_repo\net\minecraftforge\forge\1.16.1-32.0.75_mapped_snapshot_20200723-1.16.1\forge-1.16.1-32.0.75_mapped_snapshot_20200723-1.16.1-recomp.jar;C:\Users\ervin_1nmnhvl\.gradle\caches\forge_gradle\minecraft_user_repo\net\minecraftforge\forge\1.16.1-32.0.75_
Launcher Type: SUN_STANDARD

Environment Variables:
JAVA_HOME=C:\Program Files\Java\jdk-11.0.4
PATH=C:\Program Files\Docker\Docker\Resources\bin;C:\ProgramData\Oracle\Java\javapath;C:\WINDOWS\system32;C:\WINDOWS;C:\WINDOWS\System32\Wbem;C:\WINDOWS\System32\WindowsPowerShell\v1.0\;C:\Program Files (x86)\cloudControl;C:\Program Files\Git\cmd;C:\bin;C:\Program Files (x86)\Windows Kits\8.1\Windows Performance Toolkit\;C:\Program Files (x86)\PuTTY\;C:\Program Files (x86)\Nodist\bin;G:\save\sdk\android\tools;G:\save\sdk\android\platform-tools;C:\boxfuse;C:\Program Files (x86)\Skype\Phone\;C:\Program Files (x86)\GtkSharp\2.12\bin;C:\Program Files (x86)\IVI Foundation\VISA\WinNT\Bin;C:\WINDOWS\system32;C:\WINDOWS;C:\WINDOWS\System32\Wbem;C:\WINDOWS\System32\WindowsPowerShell\v1.0\;;C:\WINDOWS\System32\OpenSSH\;C:\Users\ervin_1nmnhvl\AppData\Local\Microsoft\WindowsApps;
USERNAME=ervin_1nmnhvl
OS=Windows_NT
PROCESSOR_IDENTIFIER=Intel64 Family 6 Model 42 Stepping 7, GenuineIntel



---------------  S Y S T E M  ---------------

OS: Windows 10.0 , 64 bit Build 19041 (10.0.19041.546)

CPU:total 4 (2 cores per cpu, 2 threads per core) family 6 model 42 stepping 7, cmov, cx8, fxsr, mmx, sse, sse2, sse3, ssse3, sse4.1, sse4.2, popcnt, avx, aes, clmul, ht, tsc, tscinvbit

Memory: 4k page, physical 8266764k(1340372k free), swap 10363916k(0k free)

vm_info: Java HotSpot(TM) 64-Bit Server VM (25.51-b03) for windows-amd64 JRE (1.8.0_51-b16), built on Jun  8 2015 18:03:07 by "java_re" with MS VC++ 10.0 (VS2010)

time: Thu Nov 05 17:11:46 2020
elapsed time: 2266 seconds (0d 0h 37m 46s)

