#
# There is insufficient memory for the Java Runtime Environment to continue.
# Native memory allocation (malloc) failed to allocate 1154256 bytes for Chunk::new
# Possible reasons:
#   The system is out of physical RAM or swap space
#   In 32 bit mode, the process size limit was hit
# Possible solutions:
#   Reduce memory load on the system
#   Increase physical memory or swap space
#   Check if swap backing store is full
#   Use 64 bit Java on a 64 bit OS
#   Decrease Java heap size (-Xmx/-Xms)
#   Decrease number of Java threads
#   Decrease Java thread stack sizes (-Xss)
#   Set larger code cache with -XX:ReservedCodeCacheSize=
# This output file may be truncated or incomplete.
#
#  Out of Memory Error (allocation.cpp:390), pid=19860, tid=2724
#
# JRE version: Java(TM) SE Runtime Environment (8.0_51-b16) (build 1.8.0_51-b16)
# Java VM: Java HotSpot(TM) 64-Bit Server VM (25.51-b03 mixed mode windows-amd64 compressed oops)
# Failed to write core dump. Minidumps are not enabled by default on client versions of Windows
#

---------------  T H R E A D  ---------------

Current thread (0x00000000195e0800):  JavaThread "C2 CompilerThread0" daemon [_thread_in_native, id=2724, stack(0x0000000019700000,0x0000000019800000)]

Stack: [0x0000000019700000,0x0000000019800000]
Native frames: (J=compiled Java code, j=interpreted, Vv=VM code, C=native code)
V  [jvm.dll+0x32b4ca]
V  [jvm.dll+0x2797e3]
V  [jvm.dll+0x27a479]
V  [jvm.dll+0x271765]
V  [jvm.dll+0xcba02]
V  [jvm.dll+0xcbecc]
V  [jvm.dll+0x476f72]
V  [jvm.dll+0x4b95ff]
V  [jvm.dll+0x46b745]
V  [jvm.dll+0x46cd4e]
V  [jvm.dll+0x4501a2]
V  [jvm.dll+0xa43a2]
V  [jvm.dll+0xa4cdf]
V  [jvm.dll+0x2418a4]
V  [jvm.dll+0x29846a]
C  [msvcr100.dll+0x21d9f]
C  [msvcr100.dll+0x21e3b]
C  [KERNEL32.DLL+0x17034]
C  [ntdll.dll+0x4cec1]


Current CompileTask:
C2:  64384 9741   !   4       sun.misc.URLClassPath$JarLoader::getResource (349 bytes)


---------------  P R O C E S S  ---------------

Java Threads: ( => current thread )
  0x000000001c947800 JavaThread "Keep-Alive-Timer" daemon [_thread_blocked, id=11808, stack(0x000000002e320000,0x000000002e420000)]
  0x000000001c949800 JavaThread "Worker-Main-6" daemon [_thread_in_native, id=10852, stack(0x000000002ae90000,0x000000002af90000)]
  0x000000001c94a800 JavaThread "modloading-worker-3" daemon [_thread_blocked, id=11052, stack(0x000000002ad90000,0x000000002ae90000)]
  0x000000001c94b000 JavaThread "modloading-worker-1" daemon [_thread_blocked, id=17468, stack(0x000000002ac90000,0x000000002ad90000)]
  0x000000001cc46800 JavaThread "Worker-Main-5" daemon [_thread_in_native, id=13084, stack(0x000000002ab90000,0x000000002ac90000)]
  0x000000001cc43800 JavaThread "Worker-Main-4" daemon [_thread_in_native, id=9768, stack(0x000000002aa90000,0x000000002ab90000)]
  0x000000001cc49000 JavaThread "Narrator" [_thread_blocked, id=2596, stack(0x0000000029970000,0x0000000029a70000)]
  0x000000001cc43000 JavaThread "Sound engine" daemon [_thread_blocked, id=21116, stack(0x0000000022850000,0x0000000022950000)]
  0x000000001cc42000 JavaThread "modloading-worker-0" daemon [_thread_blocked, id=9856, stack(0x0000000028f70000,0x0000000029070000)]
  0x000000001cc44800 JavaThread "modloading-worker-2" daemon [_thread_blocked, id=16636, stack(0x0000000027f50000,0x0000000028050000)]
  0x000000001cc46000 JavaThread "Snooper Timer" daemon [_thread_blocked, id=18608, stack(0x0000000027c50000,0x0000000027d50000)]
  0x000000001cc48000 JavaThread "Timer hack thread" daemon [_thread_blocked, id=22268, stack(0x0000000026060000,0x0000000026160000)]
  0x000000002228a800 JavaThread "Worker-Bootstrap-3" daemon [_thread_in_Java, id=2732, stack(0x0000000025d00000,0x0000000025e00000)]
  0x000000001ccea800 JavaThread "Worker-Bootstrap-2" daemon [_thread_in_Java, id=14720, stack(0x00000000243e0000,0x00000000244e0000)]
  0x0000000023b95800 JavaThread "Worker-Bootstrap-1" daemon [_thread_in_Java, id=19616, stack(0x0000000022ea0000,0x0000000022fa0000)]
  0x0000000023f40000 JavaThread "pool-3-thread-1" [_thread_blocked, id=1872, stack(0x000000001bb10000,0x000000001bc10000)]
  0x000000001ad93000 JavaThread "Thread-2" daemon [_thread_in_native, id=11572, stack(0x000000001c110000,0x000000001c210000)]
  0x000000001ae7f800 JavaThread "Thread-1" daemon [_thread_blocked, id=19460, stack(0x000000001c010000,0x000000001c110000)]
  0x00000000195fe000 JavaThread "Service Thread" daemon [_thread_blocked, id=22040, stack(0x000000001a200000,0x000000001a300000)]
  0x00000000195e7000 JavaThread "C1 CompilerThread2" daemon [_thread_blocked, id=13152, stack(0x0000000019900000,0x0000000019a00000)]
  0x00000000195e3800 JavaThread "C2 CompilerThread1" daemon [_thread_blocked, id=17672, stack(0x0000000019800000,0x0000000019900000)]
=>0x00000000195e0800 JavaThread "C2 CompilerThread0" daemon [_thread_in_native, id=2724, stack(0x0000000019700000,0x0000000019800000)]
  0x00000000195df000 JavaThread "Monitor Ctrl-Break" daemon [_thread_in_native, id=14932, stack(0x0000000019600000,0x0000000019700000)]
  0x0000000017cb5800 JavaThread "Attach Listener" daemon [_thread_blocked, id=12084, stack(0x0000000019100000,0x0000000019200000)]
  0x0000000017cb4000 JavaThread "Signal Dispatcher" daemon [_thread_blocked, id=10064, stack(0x0000000019000000,0x0000000019100000)]
  0x0000000002fa9800 JavaThread "Finalizer" daemon [_thread_blocked, id=5084, stack(0x0000000018f00000,0x0000000019000000)]
  0x0000000002fa6000 JavaThread "Reference Handler" daemon [_thread_blocked, id=16476, stack(0x0000000018e00000,0x0000000018f00000)]
  0x0000000002eb2800 JavaThread "Render thread" [_thread_in_vm, id=14420, stack(0x0000000002db0000,0x0000000002eb0000)]

Other Threads:
  0x0000000017c79000 VMThread [stack: 0x0000000018d00000,0x0000000018e00000] [id=16468]
  0x0000000019ad0800 WatcherThread [stack: 0x000000001a300000,0x000000001a400000] [id=4172]

VM state:not at safepoint (normal execution)

VM Mutex/Monitor currently owned by a thread: None

Heap:
 PSYoungGen      total 620032K, used 259069K [0x00000000d5f00000, 0x0000000100000000, 0x0000000100000000)
  eden space 552448K, 38% used [0x00000000d5f00000,0x00000000e2f10008,0x00000000f7a80000)
  from space 67584K, 68% used [0x00000000f7a80000,0x00000000fa76f428,0x00000000fbc80000)
  to   space 68608K, 0% used [0x00000000fbd00000,0x00000000fbd00000,0x0000000100000000)
 ParOldGen       total 308736K, used 268618K [0x0000000081c00000, 0x0000000094980000, 0x00000000d5f00000)
  object space 308736K, 87% used [0x0000000081c00000,0x0000000092252ab0,0x0000000094980000)
 Metaspace       used 75421K, capacity 82998K, committed 83200K, reserved 1118208K
  class space    used 11842K, capacity 14224K, committed 14336K, reserved 1048576K

Card table byte_map: [0x0000000012540000,0x0000000012940000] byte_map_base: 0x0000000012132000

Marking Bits: (ParMarkBitMap*) 0x0000000065fb4040
 Begin Bits: [0x0000000012ff0000, 0x0000000014f80000)
 End Bits:   [0x0000000014f80000, 0x0000000016f10000)

Polling page: 0x0000000001410000

CodeCache: size=245760Kb used=22986Kb max_used=23047Kb free=222773Kb
 bounds [0x0000000003180000, 0x0000000004830000, 0x0000000012180000]
 total_blobs=8828 nmethods=7358 adapters=1380
 compilation: enabled

Compilation events (10 events):
Event: 64.258 Thread 0x00000000195e0800 nmethod 9737% 0x0000000003f79490 code [0x0000000003f795e0, 0x0000000003f79c38]
Event: 64.272 Thread 0x00000000195e3800 nmethod 9739 0x0000000003f74810 code [0x0000000003f74a40, 0x0000000003f75da0]
Event: 64.277 Thread 0x00000000195e0800 9741   !   4       sun.misc.URLClassPath$JarLoader::getResource (349 bytes)
Event: 64.315 Thread 0x00000000195e7000 9742   !   3       org.apache.logging.log4j.spi.AbstractLogger::logMessageTrackRecursion (29 bytes)
Event: 64.315 Thread 0x00000000195e3800 9743       4       org.apache.logging.log4j.spi.AbstractLogger::incrementRecursionDepth (10 bytes)
Event: 64.316 Thread 0x00000000195e7000 nmethod 9742 0x0000000003f78510 code [0x0000000003f78700, 0x0000000003f78f18]
Event: 64.316 Thread 0x00000000195e7000 9744   !   3       org.apache.logging.log4j.spi.AbstractLogger::tryLogMessage (26 bytes)
Event: 64.316 Thread 0x00000000195e7000 nmethod 9744 0x0000000003f78010 code [0x0000000003f78180, 0x0000000003f78438]
Event: 64.322 Thread 0x00000000195e7000 9746       2       sun.misc.JarIndex::get (49 bytes)
Event: 64.322 Thread 0x00000000195e7000 nmethod 9746 0x0000000003f77910 code [0x0000000003f77aa0, 0x0000000003f77d98]

GC Heap History (10 events):
Event: 61.291 GC heap before
{Heap before GC invocations=92 (full 5):
 PSYoungGen      total 617472K, used 603043K [0x00000000d5f00000, 0x0000000100000000, 0x0000000100000000)
  eden space 553984K, 100% used [0x00000000d5f00000,0x00000000f7c00000,0x00000000f7c00000)
  from space 63488K, 77% used [0x00000000fbc00000,0x00000000febe8f58,0x00000000ffa00000)
  to   space 65536K, 0% used [0x00000000f7c00000,0x00000000f7c00000,0x00000000fbc00000)
 ParOldGen       total 308736K, used 262074K [0x0000000081c00000, 0x0000000094980000, 0x00000000d5f00000)
  object space 308736K, 84% used [0x0000000081c00000,0x0000000091beebe0,0x0000000094980000)
 Metaspace       used 72226K, capacity 79366K, committed 79744K, reserved 1116160K
  class space    used 11350K, capacity 13614K, committed 13696K, reserved 1048576K
Event: 61.324 GC heap after
Heap after GC invocations=92 (full 5):
 PSYoungGen      total 619520K, used 23189K [0x00000000d5f00000, 0x0000000100000000, 0x0000000100000000)
  eden space 553984K, 0% used [0x00000000d5f00000,0x00000000d5f00000,0x00000000f7c00000)
  from space 65536K, 35% used [0x00000000f7c00000,0x00000000f92a5770,0x00000000fbc00000)
  to   space 65536K, 0% used [0x00000000fc000000,0x00000000fc000000,0x0000000100000000)
 ParOldGen       total 308736K, used 263068K [0x0000000081c00000, 0x0000000094980000, 0x00000000d5f00000)
  object space 308736K, 85% used [0x0000000081c00000,0x0000000091ce7248,0x0000000094980000)
 Metaspace       used 72226K, capacity 79366K, committed 79744K, reserved 1116160K
  class space    used 11350K, capacity 13614K, committed 13696K, reserved 1048576K
}
Event: 61.878 GC heap before
{Heap before GC invocations=93 (full 5):
 PSYoungGen      total 619520K, used 577173K [0x00000000d5f00000, 0x0000000100000000, 0x0000000100000000)
  eden space 553984K, 100% used [0x00000000d5f00000,0x00000000f7c00000,0x00000000f7c00000)
  from space 65536K, 35% used [0x00000000f7c00000,0x00000000f92a5770,0x00000000fbc00000)
  to   space 65536K, 0% used [0x00000000fc000000,0x00000000fc000000,0x0000000100000000)
 ParOldGen       total 308736K, used 263453K [0x0000000081c00000, 0x0000000094980000, 0x00000000d5f00000)
  object space 308736K, 85% used [0x0000000081c00000,0x0000000091d474e8,0x0000000094980000)
 Metaspace       used 72711K, capacity 80016K, committed 80128K, reserved 1116160K
  class space    used 11433K, capacity 13729K, committed 13824K, reserved 1048576K
Event: 61.967 GC heap after
Heap after GC invocations=93 (full 5):
 PSYoungGen      total 616448K, used 54627K [0x00000000d5f00000, 0x0000000100000000, 0x0000000100000000)
  eden space 550912K, 0% used [0x00000000d5f00000,0x00000000d5f00000,0x00000000f7900000)
  from space 65536K, 83% used [0x00000000fc000000,0x00000000ff558f30,0x0000000100000000)
  to   space 69120K, 0% used [0x00000000f7900000,0x00000000f7900000,0x00000000fbc80000)
 ParOldGen       total 308736K, used 264309K [0x0000000081c00000, 0x0000000094980000, 0x00000000d5f00000)
  object space 308736K, 85% used [0x0000000081c00000,0x0000000091e1d4f8,0x0000000094980000)
 Metaspace       used 72711K, capacity 80016K, committed 80128K, reserved 1116160K
  class space    used 11433K, capacity 13729K, committed 13824K, reserved 1048576K
}
Event: 62.529 GC heap before
{Heap before GC invocations=94 (full 5):
 PSYoungGen      total 616448K, used 605539K [0x00000000d5f00000, 0x0000000100000000, 0x0000000100000000)
  eden space 550912K, 100% used [0x00000000d5f00000,0x00000000f7900000,0x00000000f7900000)
  from space 65536K, 83% used [0x00000000fc000000,0x00000000ff558f30,0x0000000100000000)
  to   space 69120K, 0% used [0x00000000f7900000,0x00000000f7900000,0x00000000fbc80000)
 ParOldGen       total 308736K, used 264310K [0x0000000081c00000, 0x0000000094980000, 0x00000000d5f00000)
  object space 308736K, 85% used [0x0000000081c00000,0x0000000091e1d850,0x0000000094980000)
 Metaspace       used 73452K, capacity 80964K, committed 81024K, reserved 1116160K
  class space    used 11540K, capacity 13903K, committed 13952K, reserved 1048576K
Event: 62.576 GC heap after
Heap after GC invocations=94 (full 5):
 PSYoungGen      total 620032K, used 30245K [0x00000000d5f00000, 0x0000000100000000, 0x0000000100000000)
  eden space 550912K, 0% used [0x00000000d5f00000,0x00000000d5f00000,0x00000000f7900000)
  from space 69120K, 43% used [0x00000000f7900000,0x00000000f9689730,0x00000000fbc80000)
  to   space 67584K, 0% used [0x00000000fbe00000,0x00000000fbe00000,0x0000000100000000)
 ParOldGen       total 308736K, used 265279K [0x0000000081c00000, 0x0000000094980000, 0x00000000d5f00000)
  object space 308736K, 85% used [0x0000000081c00000,0x0000000091f0ff78,0x0000000094980000)
 Metaspace       used 73452K, capacity 80964K, committed 81024K, reserved 1116160K
  class space    used 11540K, capacity 13903K, committed 13952K, reserved 1048576K
}
Event: 63.468 GC heap before
{Heap before GC invocations=95 (full 5):
 PSYoungGen      total 620032K, used 581157K [0x00000000d5f00000, 0x0000000100000000, 0x0000000100000000)
  eden space 550912K, 100% used [0x00000000d5f00000,0x00000000f7900000,0x00000000f7900000)
  from space 69120K, 43% used [0x00000000f7900000,0x00000000f9689730,0x00000000fbc80000)
  to   space 67584K, 0% used [0x00000000fbe00000,0x00000000fbe00000,0x0000000100000000)
 ParOldGen       total 308736K, used 265279K [0x0000000081c00000, 0x0000000094980000, 0x00000000d5f00000)
  object space 308736K, 85% used [0x0000000081c00000,0x0000000091f0ff78,0x0000000094980000)
 Metaspace       used 74226K, capacity 81676K, committed 81920K, reserved 1118208K
  class space    used 11665K, capacity 14037K, committed 14080K, reserved 1048576K
Event: 63.494 GC heap after
Heap after GC invocations=95 (full 5):
 PSYoungGen      total 618496K, used 17633K [0x00000000d5f00000, 0x00000000ffe80000, 0x0000000100000000)
  eden space 552448K, 0% used [0x00000000d5f00000,0x00000000d5f00000,0x00000000f7a80000)
  from space 66048K, 26% used [0x00000000fbe00000,0x00000000fcf38710,0x00000000ffe80000)
  to   space 67584K, 0% used [0x00000000f7a80000,0x00000000f7a80000,0x00000000fbc80000)
 ParOldGen       total 308736K, used 267737K [0x0000000081c00000, 0x0000000094980000, 0x00000000d5f00000)
  object space 308736K, 86% used [0x0000000081c00000,0x0000000092176650,0x0000000094980000)
 Metaspace       used 74226K, capacity 81676K, committed 81920K, reserved 1118208K
  class space    used 11665K, capacity 14037K, committed 14080K, reserved 1048576K
}
Event: 64.164 GC heap before
{Heap before GC invocations=96 (full 5):
 PSYoungGen      total 618496K, used 570081K [0x00000000d5f00000, 0x00000000ffe80000, 0x0000000100000000)
  eden space 552448K, 100% used [0x00000000d5f00000,0x00000000f7a80000,0x00000000f7a80000)
  from space 66048K, 26% used [0x00000000fbe00000,0x00000000fcf38710,0x00000000ffe80000)
  to   space 67584K, 0% used [0x00000000f7a80000,0x00000000f7a80000,0x00000000fbc80000)
 ParOldGen       total 308736K, used 267737K [0x0000000081c00000, 0x0000000094980000, 0x00000000d5f00000)
  object space 308736K, 86% used [0x0000000081c00000,0x0000000092176650,0x0000000094980000)
 Metaspace       used 75317K, capacity 82814K, committed 82816K, reserved 1118208K
  class space    used 11820K, capacity 14206K, committed 14208K, reserved 1048576K
Event: 64.230 GC heap after
Heap after GC invocations=96 (full 5):
 PSYoungGen      total 620032K, used 46013K [0x00000000d5f00000, 0x0000000100000000, 0x0000000100000000)
  eden space 552448K, 0% used [0x00000000d5f00000,0x00000000d5f00000,0x00000000f7a80000)
  from space 67584K, 68% used [0x00000000f7a80000,0x00000000fa76f428,0x00000000fbc80000)
  to   space 68608K, 0% used [0x00000000fbd00000,0x00000000fbd00000,0x0000000100000000)
 ParOldGen       total 308736K, used 268618K [0x0000000081c00000, 0x0000000094980000, 0x00000000d5f00000)
  object space 308736K, 87% used [0x0000000081c00000,0x0000000092252ab0,0x0000000094980000)
 Metaspace       used 75317K, capacity 82814K, committed 82816K, reserved 1118208K
  class space    used 11820K, capacity 14206K, committed 14208K, reserved 1048576K
}

Deoptimization events (10 events):
Event: 63.856 Thread 0x000000001c945000 Uncommon trap: reason=unstable_if action=reinterpret pc=0x00000000040965dc method=java.util.ArrayList.toArray([Ljava/lang/Object;)[Ljava/lang/Object; @ 48
Event: 63.856 Thread 0x000000001c945000 Uncommon trap: reason=bimorphic action=maybe_recompile pc=0x0000000003eebd1c method=java.util.Collections$UnmodifiableCollection.contains(Ljava/lang/Object;)Z @ 5
Event: 63.859 Thread 0x000000001c945000 Uncommon trap: reason=predicate action=maybe_recompile pc=0x00000000040e5e88 method=java.util.TreeMap.getEntry(Ljava/lang/Object;)Ljava/util/TreeMap$Entry; @ 39
Event: 64.052 Thread 0x000000001c945000 Uncommon trap: reason=bimorphic action=maybe_recompile pc=0x000000000381a798 method=java.io.InputStream.read([B)I @ 5
Event: 64.248 Thread 0x000000001c945000 Uncommon trap: reason=unstable_if action=reinterpret pc=0x0000000003e97334 method=java.lang.AbstractStringBuilder.setLength(I)V @ 23
Event: 64.249 Thread 0x000000001c945000 Uncommon trap: reason=unstable_if action=reinterpret pc=0x0000000003c232a4 method=org.apache.logging.log4j.util.StringBuilders.trimToMaxSize(Ljava/lang/StringBuilder;I)V @ 9
Event: 64.315 Thread 0x0000000002eb2800 Uncommon trap: reason=unstable_if action=reinterpret pc=0x0000000003c47050 method=org.apache.logging.log4j.message.ReusableParameterizedMessage.initThrowable([Ljava/lang/Object;II)V @ 2
Event: 64.316 Thread 0x0000000002eb2800 Uncommon trap: reason=unstable_if action=reinterpret pc=0x000000000375dbec method=org.apache.logging.log4j.core.impl.MutableLogEvent.getThrownProxy()Lorg/apache/logging/log4j/core/impl/ThrowableProxy; @ 11
Event: 64.317 Thread 0x0000000002eb2800 Uncommon trap: reason=unstable_if action=reinterpret pc=0x00000000037918b8 method=java.lang.ClassLoader.checkName(Ljava/lang/String;)Z @ 20
Event: 64.318 Thread 0x0000000002eb2800 Uncommon trap: reason=unstable_if action=reinterpret pc=0x0000000003cd076c method=java.lang.ClassLoader.checkName(Ljava/lang/String;)Z @ 20

Internal exceptions (10 events):
Event: 64.325 Thread 0x0000000002eb2800 Exception <a 'sun/nio/fs/WindowsException'> (0x00000000d60090d8) thrown at [C:\re\workspace\8-2-build-windows-amd64-cygwin\jdk8u51\3951\hotspot\src\share\vm\prims\jni.cpp, line 709]
Event: 64.325 Thread 0x0000000002eb2800 Exception <a 'sun/nio/fs/WindowsException'> (0x00000000d600a310) thrown at [C:\re\workspace\8-2-build-windows-amd64-cygwin\jdk8u51\3951\hotspot\src\share\vm\prims\jni.cpp, line 709]
Event: 64.325 Thread 0x0000000002eb2800 Exception <a 'sun/nio/fs/WindowsException'> (0x00000000d600aa50) thrown at [C:\re\workspace\8-2-build-windows-amd64-cygwin\jdk8u51\3951\hotspot\src\share\vm\prims\jni.cpp, line 709]
Event: 64.325 Thread 0x0000000002eb2800 Exception <a 'sun/nio/fs/WindowsException'> (0x00000000d600bc28) thrown at [C:\re\workspace\8-2-build-windows-amd64-cygwin\jdk8u51\3951\hotspot\src\share\vm\prims\jni.cpp, line 709]
Event: 64.325 Thread 0x0000000002eb2800 Exception <a 'sun/nio/fs/WindowsException'> (0x00000000d600c458) thrown at [C:\re\workspace\8-2-build-windows-amd64-cygwin\jdk8u51\3951\hotspot\src\share\vm\prims\jni.cpp, line 709]
Event: 64.326 Thread 0x0000000002eb2800 Exception <a 'java/lang/ClassNotFoundException': net.minecraftforge.fml.ModLoader$$Lambda$4502/1588672829> (0x00000000d601b3d8) thrown at [C:\re\workspace\8-2-build-windows-amd64-cygwin\jdk8u51\3951\hotspot\src\share\vm\prims\jni.cpp, line 735]
Event: 64.327 Thread 0x0000000002eb2800 Exception <a 'sun/nio/fs/WindowsException'> (0x00000000debc9758) thrown at [C:\re\workspace\8-2-build-windows-amd64-cygwin\jdk8u51\3951\hotspot\src\share\vm\prims\jni.cpp, line 709]
Event: 64.327 Thread 0x0000000002eb2800 Exception <a 'sun/nio/fs/WindowsException'> (0x00000000debc9ec8) thrown at [C:\re\workspace\8-2-build-windows-amd64-cygwin\jdk8u51\3951\hotspot\src\share\vm\prims\jni.cpp, line 709]
Event: 64.328 Thread 0x0000000002eb2800 Exception <a 'sun/nio/fs/WindowsException'> (0x00000000debcb130) thrown at [C:\re\workspace\8-2-build-windows-amd64-cygwin\jdk8u51\3951\hotspot\src\share\vm\prims\jni.cpp, line 709]
Event: 64.328 Thread 0x0000000002eb2800 Exception <a 'sun/nio/fs/WindowsException'> (0x00000000debcb8a0) thrown at [C:\re\workspace\8-2-build-windows-amd64-cygwin\jdk8u51\3951\hotspot\src\share\vm\prims\jni.cpp, line 709]

Events (10 events):
Event: 64.315 Thread 0x0000000002eb2800 DEOPT UNPACKING pc=0x00000000031c582a sp=0x0000000002eae028 mode 2
Event: 64.316 Thread 0x0000000002eb2800 Uncommon trap: trap_request=0xffffff65 fr.pc=0x000000000375dbec
Event: 64.316 Thread 0x0000000002eb2800 DEOPT PACKING pc=0x000000000375dbec sp=0x0000000002ead870
Event: 64.316 Thread 0x0000000002eb2800 DEOPT UNPACKING pc=0x00000000031c582a sp=0x0000000002ead810 mode 2
Event: 64.316 Thread 0x0000000002eb2800 Uncommon trap: trap_request=0xffffff65 fr.pc=0x00000000037918b8
Event: 64.317 Thread 0x0000000002eb2800 DEOPT PACKING pc=0x00000000037918b8 sp=0x0000000002ead340
Event: 64.317 Thread 0x0000000002eb2800 DEOPT UNPACKING pc=0x00000000031c582a sp=0x0000000002ead2d0 mode 2
Event: 64.318 Thread 0x0000000002eb2800 Uncommon trap: trap_request=0xffffff65 fr.pc=0x0000000003cd076c
Event: 64.318 Thread 0x0000000002eb2800 DEOPT PACKING pc=0x0000000003cd076c sp=0x0000000002ead390
Event: 64.318 Thread 0x0000000002eb2800 DEOPT UNPACKING pc=0x00000000031c582a sp=0x0000000002ead2d0 mode 2


Dynamic libraries:
0x00007ff7c9df0000 - 0x00007ff7c9e27000 	C:\Program Files (x86)\Minecraft\runtime\jre-x64\bin\java.exe
0x00007fff75890000 - 0x00007fff75a86000 	C:\WINDOWS\SYSTEM32\ntdll.dll
0x00007fff74f50000 - 0x00007fff7500d000 	C:\WINDOWS\System32\KERNEL32.DLL
0x00007fff73320000 - 0x00007fff735e8000 	C:\WINDOWS\System32\KERNELBASE.dll
0x00007fff74940000 - 0x00007fff749ea000 	C:\WINDOWS\System32\ADVAPI32.dll
0x00007fff748a0000 - 0x00007fff7493e000 	C:\WINDOWS\System32\msvcrt.dll
0x00007fff74100000 - 0x00007fff7419b000 	C:\WINDOWS\System32\sechost.dll
0x00007fff753f0000 - 0x00007fff75514000 	C:\WINDOWS\System32\RPCRT4.dll
0x00007fff75520000 - 0x00007fff756c0000 	C:\WINDOWS\System32\USER32.dll
0x00007fff732f0000 - 0x00007fff73312000 	C:\WINDOWS\System32\win32u.dll
0x00007fff749f0000 - 0x00007fff74a1a000 	C:\WINDOWS\System32\GDI32.dll
0x00007fff73110000 - 0x00007fff73219000 	C:\WINDOWS\System32\gdi32full.dll
0x00007fff73750000 - 0x00007fff737ed000 	C:\WINDOWS\System32\msvcp_win.dll
0x00007fff72fe0000 - 0x00007fff730e0000 	C:\WINDOWS\System32\ucrtbase.dll
0x00007fff58400000 - 0x00007fff5869b000 	C:\WINDOWS\WinSxS\amd64_microsoft.windows.common-controls_6595b64144ccf1df_6.0.19041.488_none_ca04af081b815d21\COMCTL32.dll
0x00007fff73960000 - 0x00007fff73990000 	C:\WINDOWS\System32\IMM32.DLL
0x00000000663d0000 - 0x00000000664a2000 	C:\Program Files (x86)\Minecraft\runtime\jre-x64\bin\msvcr100.dll
0x00000000657b0000 - 0x0000000066033000 	C:\Program Files (x86)\Minecraft\runtime\jre-x64\bin\server\jvm.dll
0x00007fff75720000 - 0x00007fff75728000 	C:\WINDOWS\System32\PSAPI.DLL
0x00007fff6ba30000 - 0x00007fff6ba3a000 	C:\WINDOWS\SYSTEM32\VERSION.dll
0x00007fff6bc80000 - 0x00007fff6bca7000 	C:\WINDOWS\SYSTEM32\WINMM.dll
0x00007fff4f150000 - 0x00007fff4f159000 	C:\WINDOWS\SYSTEM32\WSOCK32.dll
0x00007fff74830000 - 0x00007fff7489b000 	C:\WINDOWS\System32\WS2_32.dll
0x00000000663c0000 - 0x00000000663cf000 	C:\Program Files (x86)\Minecraft\runtime\jre-x64\bin\verify.dll
0x0000000066390000 - 0x00000000663b9000 	C:\Program Files (x86)\Minecraft\runtime\jre-x64\bin\java.dll
0x0000000066360000 - 0x0000000066383000 	C:\Program Files (x86)\Minecraft\runtime\jre-x64\bin\instrument.dll
0x0000000066340000 - 0x0000000066356000 	C:\Program Files (x86)\Minecraft\runtime\jre-x64\bin\zip.dll
0x00007fff739a0000 - 0x00007fff740e0000 	C:\WINDOWS\System32\SHELL32.dll
0x00007fff70f00000 - 0x00007fff71694000 	C:\WINDOWS\SYSTEM32\windows.storage.dll
0x00007fff75010000 - 0x00007fff75365000 	C:\WINDOWS\System32\combase.dll
0x00007fff728b0000 - 0x00007fff728dc000 	C:\WINDOWS\SYSTEM32\Wldp.dll
0x00007fff74ea0000 - 0x00007fff74f4e000 	C:\WINDOWS\System32\SHCORE.dll
0x00007fff744d0000 - 0x00007fff74525000 	C:\WINDOWS\System32\shlwapi.dll
0x00007fff72f10000 - 0x00007fff72f36000 	C:\WINDOWS\SYSTEM32\profapi.dll
0x00007fff690c0000 - 0x00007fff690da000 	C:\Users\ervin_1nmnhvl\AppData\Local\JetBrains\Toolbox\apps\IDEA-U\ch-0\202.6397.94\bin\breakgen64.dll
0x0000000066320000 - 0x000000006633a000 	C:\Program Files (x86)\Minecraft\runtime\jre-x64\bin\net.dll
0x00007fff726a0000 - 0x00007fff7270a000 	C:\WINDOWS\system32\mswsock.dll
0x0000000066310000 - 0x000000006631d000 	C:\Program Files (x86)\Minecraft\runtime\jre-x64\bin\management.dll
0x00007fff66e30000 - 0x00007fff66e47000 	C:\WINDOWS\system32\napinsp.dll
0x00007fff62b80000 - 0x00007fff62b9b000 	C:\WINDOWS\system32\pnrpnsp.dll
0x00007fff6dcc0000 - 0x00007fff6dcd5000 	C:\WINDOWS\system32\wshbth.dll
0x00007fff6e560000 - 0x00007fff6e57d000 	C:\WINDOWS\system32\NLAapi.dll
0x00007fff723b0000 - 0x00007fff723eb000 	C:\WINDOWS\SYSTEM32\IPHLPAPI.DLL
0x00007fff723f0000 - 0x00007fff724bb000 	C:\WINDOWS\SYSTEM32\DNSAPI.dll
0x00007fff73990000 - 0x00007fff73999000 	C:\WINDOWS\System32\NSI.dll
0x00007fff66e50000 - 0x00007fff66e62000 	C:\WINDOWS\System32\winrnr.dll
0x00007fff63da0000 - 0x00007fff63daa000 	C:\Windows\System32\rasadhlp.dll
0x00007fff66f40000 - 0x00007fff66fbf000 	C:\WINDOWS\System32\fwpuclnt.dll
0x00007fff730e0000 - 0x00007fff73107000 	C:\WINDOWS\System32\bcrypt.dll
0x00000000662f0000 - 0x0000000066301000 	C:\Program Files (x86)\Minecraft\runtime\jre-x64\bin\nio.dll
0x00000000662c0000 - 0x00000000662e4000 	C:\Program Files (x86)\Minecraft\runtime\jre-x64\bin\sunec.dll
0x00007fff72c40000 - 0x00007fff72c58000 	C:\WINDOWS\SYSTEM32\CRYPTSP.dll
0x00007fff71f50000 - 0x00007fff71f84000 	C:\WINDOWS\system32\rsaenh.dll
0x00007fff72ed0000 - 0x00007fff72efe000 	C:\WINDOWS\SYSTEM32\USERENV.dll
0x00007fff73220000 - 0x00007fff7329f000 	C:\WINDOWS\System32\bcryptprimitives.dll
0x00007fff72820000 - 0x00007fff7282c000 	C:\WINDOWS\SYSTEM32\CRYPTBASE.dll
0x00007fff69fe0000 - 0x00007fff69ff7000 	C:\WINDOWS\SYSTEM32\dhcpcsvc6.DLL
0x00007fff69ec0000 - 0x00007fff69edd000 	C:\WINDOWS\SYSTEM32\dhcpcsvc.DLL
0x00007fff45a00000 - 0x00007fff45a72000 	C:\Users\ervin_1nmnhvl\AppData\Local\Temp\lwjglervin_1nmnhvl\3.2.2-build-10\lwjgl.dll
0x00007fff2a760000 - 0x00007fff2a9b1000 	C:\Users\ERVIN_~1\AppData\Local\Temp\lwjglervin_1nmnhvl\3.2.2-build-10\jemalloc.dll
0x00007fff3a770000 - 0x00007fff3a7ce000 	C:\Users\ERVIN_~1\AppData\Local\Temp\lwjglervin_1nmnhvl\3.2.2-build-10\glfw.dll
0x00007fff70860000 - 0x00007fff708ff000 	C:\WINDOWS\system32\uxtheme.dll
0x00007fff3a720000 - 0x00007fff3a765000 	C:\WINDOWS\SYSTEM32\dinput8.dll
0x00007fff5d7b0000 - 0x00007fff5d7c1000 	C:\WINDOWS\SYSTEM32\xinput1_4.dll
0x00007fff732a0000 - 0x00007fff732ee000 	C:\WINDOWS\System32\cfgmgr32.dll
0x00007fff72d20000 - 0x00007fff72d4c000 	C:\WINDOWS\SYSTEM32\DEVOBJ.dll
0x00007fff70a30000 - 0x00007fff70a5f000 	C:\WINDOWS\SYSTEM32\dwmapi.dll
0x00007fff62f60000 - 0x00007fff630b2000 	C:\WINDOWS\SYSTEM32\inputhost.dll
0x00007fff74350000 - 0x00007fff7441d000 	C:\WINDOWS\System32\OLEAUT32.dll
0x00007fff70380000 - 0x00007fff70472000 	C:\WINDOWS\SYSTEM32\CoreMessaging.dll
0x00007fff6e620000 - 0x00007fff6e717000 	C:\WINDOWS\SYSTEM32\PROPSYS.dll
0x00007fff6f950000 - 0x00007fff6faa6000 	C:\WINDOWS\SYSTEM32\wintypes.dll
0x00007fff70020000 - 0x00007fff7037e000 	C:\WINDOWS\SYSTEM32\CoreUIComponents.dll
0x00007fff71be0000 - 0x00007fff71c13000 	C:\WINDOWS\SYSTEM32\ntmarta.dll
0x00007fff71780000 - 0x00007fff71792000 	C:\WINDOWS\SYSTEM32\kernel.appcore.dll
0x00007fff75730000 - 0x00007fff75845000 	C:\WINDOWS\System32\MSCTF.dll
0x00007fff716a0000 - 0x00007fff716ad000 	C:\WINDOWS\SYSTEM32\HID.DLL
0x00007fff74a20000 - 0x00007fff74e87000 	C:\WINDOWS\System32\SETUPAPI.DLL
0x00007fff738a0000 - 0x00007fff73900000 	C:\WINDOWS\System32\WINTRUST.dll
0x00007fff735f0000 - 0x00007fff7374d000 	C:\WINDOWS\System32\CRYPT32.dll
0x00007fff72d00000 - 0x00007fff72d12000 	C:\WINDOWS\SYSTEM32\MSASN1.dll
0x00007fff38cb0000 - 0x00007fff38dd5000 	C:\WINDOWS\SYSTEM32\opengl32.dll
0x00007fff4b360000 - 0x00007fff4b38c000 	C:\WINDOWS\SYSTEM32\GLU32.dll
0x00007fff74420000 - 0x00007fff744c9000 	C:\WINDOWS\System32\clbcatq.dll
0x00007fff28540000 - 0x00007fff291c4000 	C:\WINDOWS\SYSTEM32\ig4icd64.dll
0x00007fff717f0000 - 0x00007fff718e3000 	C:\WINDOWS\SYSTEM32\dxgi.dll
0x00007fff6eff0000 - 0x00007fff6f254000 	C:\WINDOWS\SYSTEM32\d3d11.dll
0x00007fff3fa20000 - 0x00007fff40670000 	C:\WINDOWS\SYSTEM32\igd10umd64.dll
0x00007fff69460000 - 0x00007fff6949b000 	C:\WINDOWS\SYSTEM32\dxcore.dll
0x00007fff38970000 - 0x00007fff389ef000 	C:\Users\ervin_1nmnhvl\AppData\Local\Temp\lwjglervin_1nmnhvl\3.2.2-build-10\lwjgl_stb.dll
0x00007fff6d790000 - 0x00007fff6d83e000 	C:\WINDOWS\SYSTEM32\mscms.dll
0x00007fff6d3b0000 - 0x00007fff6d3c1000 	C:\WINDOWS\SYSTEM32\ColorAdapterClient.dll
0x00007fff39c90000 - 0x00007fff39cd3000 	C:\WINDOWS\SYSTEM32\icm32.dll
0x00007fff630c0000 - 0x00007fff631bc000 	C:\WINDOWS\SYSTEM32\textinputframework.dll
0x00007fff38910000 - 0x00007fff38968000 	C:\Users\ervin_1nmnhvl\AppData\Local\Temp\lwjglervin_1nmnhvl\3.2.2-build-10\lwjgl_opengl.dll
0x00007fff399d0000 - 0x00007fff39a12000 	C:\Users\ervin_1nmnhvl\AppData\Local\Temp\jna-2118671535\jna554134233070103526.dll
0x00007fff51450000 - 0x00007fff5146a000 	C:\save\modding\ervin_mod_1\build\natives\SAPIWrapper_x64.dll
0x00007fff74700000 - 0x00007fff7482a000 	C:\WINDOWS\System32\ole32.dll
0x00007fff296c0000 - 0x00007fff29844000 	C:\WINDOWS\System32\Speech\Common\sapi.dll
0x00007fff358a0000 - 0x00007fff358be000 	C:\WINDOWS\SYSTEM32\MSACM32.dll
0x00007fff61550000 - 0x00007fff6155b000 	C:\WINDOWS\SYSTEM32\msdmo.dll
0x00007fff4ca60000 - 0x00007fff4ca86000 	C:\WINDOWS\SYSTEM32\winmmbase.dll
0x00007fff646f0000 - 0x00007fff64775000 	C:\WINDOWS\System32\MMDevApi.dll
0x00007fff69560000 - 0x00007fff69744000 	C:\WINDOWS\SYSTEM32\dbghelp.dll

VM Arguments:
jvm_args: -Dforge.logging.console.level=debug -Dforge.logging.markers=SCAN,REGISTRIES,REGISTRYDUMP -XX:HeapDumpPath=MojangTricksIntelDriversForPerformance_javaw.exe_minecraft.exe.heapdump -Dos.name=Windows 10 -Dos.version=10.0 -javaagent:C:\Users\ervin_1nmnhvl\AppData\Local\JetBrains\Toolbox\apps\IDEA-U\ch-0\202.6397.94\lib\idea_rt.jar=53919:C:\Users\ervin_1nmnhvl\AppData\Local\JetBrains\Toolbox\apps\IDEA-U\ch-0\202.6397.94\bin -Dfile.encoding=UTF-8 
java_command: net.minecraftforge.userdev.LaunchTesting
java_class_path (initial): C:\Program Files (x86)\Minecraft\runtime\jre-x64\lib\charsets.jar;C:\Program Files (x86)\Minecraft\runtime\jre-x64\lib\deploy.jar;C:\Program Files (x86)\Minecraft\runtime\jre-x64\lib\ext\access-bridge-64.jar;C:\Program Files (x86)\Minecraft\runtime\jre-x64\lib\ext\cldrdata.jar;C:\Program Files (x86)\Minecraft\runtime\jre-x64\lib\ext\dnsns.jar;C:\Program Files (x86)\Minecraft\runtime\jre-x64\lib\ext\jaccess.jar;C:\Program Files (x86)\Minecraft\runtime\jre-x64\lib\ext\jfxrt.jar;C:\Program Files (x86)\Minecraft\runtime\jre-x64\lib\ext\localedata.jar;C:\Program Files (x86)\Minecraft\runtime\jre-x64\lib\ext\nashorn.jar;C:\Program Files (x86)\Minecraft\runtime\jre-x64\lib\ext\sunec.jar;C:\Program Files (x86)\Minecraft\runtime\jre-x64\lib\ext\sunjce_provider.jar;C:\Program Files (x86)\Minecraft\runtime\jre-x64\lib\ext\sunmscapi.jar;C:\Program Files (x86)\Minecraft\runtime\jre-x64\lib\ext\sunpkcs11.jar;C:\Program Files (x86)\Minecraft\runtime\jre-x64\lib\ext\zipfs.jar;C:\Program Files (x86)\Minecraft\runtime\jre-x64\lib\javaws.jar;C:\Program Files (x86)\Minecraft\runtime\jre-x64\lib\jce.jar;C:\Program Files (x86)\Minecraft\runtime\jre-x64\lib\jfr.jar;C:\Program Files (x86)\Minecraft\runtime\jre-x64\lib\jfxswt.jar;C:\Program Files (x86)\Minecraft\runtime\jre-x64\lib\jsse.jar;C:\Program Files (x86)\Minecraft\runtime\jre-x64\lib\management-agent.jar;C:\Program Files (x86)\Minecraft\runtime\jre-x64\lib\plugin.jar;C:\Program Files (x86)\Minecraft\runtime\jre-x64\lib\resources.jar;C:\Program Files (x86)\Minecraft\runtime\jre-x64\lib\rt.jar;C:\save\modding\ervin_mod_1\build\classes\java\main;C:\save\modding\ervin_mod_1\build\resources\main;C:\Users\ervin_1nmnhvl\.gradle\caches\forge_gradle\minecraft_user_repo\net\minecraftforge\forge\1.16.1-32.0.75_mapped_snapshot_20200723-1.16.1\forge-1.16.1-32.0.75_mapped_snapshot_20200723-1.16.1-recomp.jar;C:\Users\ervin_1nmnhvl\.gradle\caches\forge_gradle\minecraft_user_repo\net\minecraftforge\forge\1.16.1-32.0.75_
Launcher Type: SUN_STANDARD

Environment Variables:
JAVA_HOME=C:\Program Files\Java\jdk-11.0.4
PATH=C:\Program Files\Docker\Docker\Resources\bin;C:\ProgramData\Oracle\Java\javapath;C:\WINDOWS\system32;C:\WINDOWS;C:\WINDOWS\System32\Wbem;C:\WINDOWS\System32\WindowsPowerShell\v1.0\;C:\Program Files (x86)\cloudControl;C:\Program Files\Git\cmd;C:\bin;C:\Program Files (x86)\Windows Kits\8.1\Windows Performance Toolkit\;C:\Program Files (x86)\PuTTY\;C:\Program Files (x86)\Nodist\bin;G:\save\sdk\android\tools;G:\save\sdk\android\platform-tools;C:\boxfuse;C:\Program Files (x86)\Skype\Phone\;C:\Program Files (x86)\GtkSharp\2.12\bin;C:\Program Files (x86)\IVI Foundation\VISA\WinNT\Bin;C:\WINDOWS\system32;C:\WINDOWS;C:\WINDOWS\System32\Wbem;C:\WINDOWS\System32\WindowsPowerShell\v1.0\;;C:\WINDOWS\System32\OpenSSH\;C:\Users\ervin_1nmnhvl\AppData\Local\Microsoft\WindowsApps;
USERNAME=ervin_1nmnhvl
OS=Windows_NT
PROCESSOR_IDENTIFIER=Intel64 Family 6 Model 42 Stepping 7, GenuineIntel



---------------  S Y S T E M  ---------------

OS: Windows 10.0 , 64 bit Build 19041 (10.0.19041.546)

CPU:total 4 (2 cores per cpu, 2 threads per core) family 6 model 42 stepping 7, cmov, cx8, fxsr, mmx, sse, sse2, sse3, ssse3, sse4.1, sse4.2, popcnt, avx, aes, clmul, ht, tsc, tscinvbit

Memory: 4k page, physical 8266764k(472476k free), swap 10363916k(2080k free)

vm_info: Java HotSpot(TM) 64-Bit Server VM (25.51-b03) for windows-amd64 JRE (1.8.0_51-b16), built on Jun  8 2015 18:03:07 by "java_re" with MS VC++ 10.0 (VS2010)

time: Sat Oct 24 16:06:47 2020
elapsed time: 64 seconds (0d 0h 1m 4s)

