#
# There is insufficient memory for the Java Runtime Environment to continue.
# Native memory allocation (malloc) failed to allocate 1403616 bytes for Chunk::new
# Possible reasons:
#   The system is out of physical RAM or swap space
#   In 32 bit mode, the process size limit was hit
# Possible solutions:
#   Reduce memory load on the system
#   Increase physical memory or swap space
#   Check if swap backing store is full
#   Use 64 bit Java on a 64 bit OS
#   Decrease Java heap size (-Xmx/-Xms)
#   Decrease number of Java threads
#   Decrease Java thread stack sizes (-Xss)
#   Set larger code cache with -XX:ReservedCodeCacheSize=
# This output file may be truncated or incomplete.
#
#  Out of Memory Error (allocation.cpp:390), pid=12284, tid=10680
#
# JRE version: Java(TM) SE Runtime Environment (8.0_51-b16) (build 1.8.0_51-b16)
# Java VM: Java HotSpot(TM) 64-Bit Server VM (25.51-b03 mixed mode windows-amd64 compressed oops)
# Failed to write core dump. Minidumps are not enabled by default on client versions of Windows
#

---------------  T H R E A D  ---------------

Current thread (0x0000000018b34000):  JavaThread "C2 CompilerThread0" daemon [_thread_in_native, id=10680, stack(0x0000000018c50000,0x0000000018d50000)]

Stack: [0x0000000018c50000,0x0000000018d50000],  sp=0x0000000018d4f260,  free space=1020k
Native frames: (J=compiled Java code, j=interpreted, Vv=VM code, C=native code)
V  [jvm.dll+0x32b4ca]
V  [jvm.dll+0x2797e3]
V  [jvm.dll+0x27a479]
V  [jvm.dll+0x271765]
V  [jvm.dll+0xcba02]
V  [jvm.dll+0xcbecc]
V  [jvm.dll+0x476f72]
V  [jvm.dll+0x4b95ff]
V  [jvm.dll+0x46b9bf]
V  [jvm.dll+0x46cd4e]
V  [jvm.dll+0x4501a2]
V  [jvm.dll+0xa43a2]
V  [jvm.dll+0xa4cdf]
V  [jvm.dll+0x2418a4]
V  [jvm.dll+0x29846a]
C  [msvcr100.dll+0x21d9f]
C  [msvcr100.dll+0x21e3b]
C  [KERNEL32.DLL+0x17034]
C  [ntdll.dll+0x4cec1]


Current CompileTask:
C2: 166090 14553       4       net.minecraft.client.gui.AbstractGui::fill (18 bytes)


---------------  P R O C E S S  ---------------

Java Threads: ( => current thread )
  0x000000001a846800 JavaThread "Thread-11" daemon [_thread_in_native, id=12604, stack(0x000000002fc20000,0x000000002fd20000)]
  0x000000001b8d8800 JavaThread "Server thread" [_thread_in_Java, id=16840, stack(0x000000002b150000,0x000000002b250000)]
  0x000000001b8dd000 JavaThread "Snooper Timer" daemon [_thread_blocked, id=14952, stack(0x000000002ab20000,0x000000002ac20000)]
  0x000000001b8db800 JavaThread "Sound engine" daemon [_thread_blocked, id=12400, stack(0x00000000006c0000,0x00000000007c0000)]
  0x000000001b8db000 JavaThread "Worker-Main-9" daemon [_thread_blocked, id=2220, stack(0x00000000286b0000,0x00000000287b0000)]
  0x000000001b8d9800 JavaThread "Narrator" [_thread_blocked, id=17020, stack(0x000000002a870000,0x000000002a970000)]
  0x000000001b8d8000 JavaThread "Snooper Timer" daemon [_thread_blocked, id=14720, stack(0x00000000260d0000,0x00000000261d0000)]
  0x000000001b8da000 JavaThread "Timer hack thread" daemon [_thread_blocked, id=14152, stack(0x0000000025fd0000,0x00000000260d0000)]
  0x000000001bd79000 JavaThread "pool-3-thread-1" [_thread_blocked, id=3420, stack(0x00000000205b0000,0x00000000206b0000)]
  0x00000000199cf000 JavaThread "Thread-2" daemon [_thread_in_native, id=12564, stack(0x000000001c660000,0x000000001c760000)]
  0x000000001997f800 JavaThread "Thread-1" daemon [_thread_blocked, id=12900, stack(0x000000001b560000,0x000000001b660000)]
  0x0000000018eae800 JavaThread "Service Thread" daemon [_thread_blocked, id=4896, stack(0x0000000019750000,0x0000000019850000)]
  0x0000000018ea2800 JavaThread "C1 CompilerThread2" daemon [_thread_blocked, id=7692, stack(0x0000000019650000,0x0000000019750000)]
  0x0000000018b37000 JavaThread "C2 CompilerThread1" daemon [_thread_blocked, id=14592, stack(0x0000000018d50000,0x0000000018e50000)]
=>0x0000000018b34000 JavaThread "C2 CompilerThread0" daemon [_thread_in_native, id=10680, stack(0x0000000018c50000,0x0000000018d50000)]
  0x0000000018ae5800 JavaThread "Monitor Ctrl-Break" daemon [_thread_in_native, id=1508, stack(0x0000000018b50000,0x0000000018c50000)]
  0x0000000017211800 JavaThread "Attach Listener" daemon [_thread_blocked, id=15428, stack(0x0000000018650000,0x0000000018750000)]
  0x0000000017210000 JavaThread "Signal Dispatcher" daemon [_thread_blocked, id=9252, stack(0x0000000018550000,0x0000000018650000)]
  0x0000000002559800 JavaThread "Finalizer" daemon [_thread_blocked, id=5516, stack(0x0000000018450000,0x0000000018550000)]
  0x0000000002556000 JavaThread "Reference Handler" daemon [_thread_blocked, id=9116, stack(0x0000000018350000,0x0000000018450000)]
  0x0000000002462800 JavaThread "Render thread" [_thread_in_native, id=4660, stack(0x0000000002290000,0x0000000002390000)]

Other Threads:
  0x00000000171c9000 VMThread [stack: 0x0000000018250000,0x0000000018350000] [id=12540]
  0x0000000018eea800 WatcherThread [stack: 0x0000000019850000,0x0000000019950000] [id=9436]

VM state:not at safepoint (normal execution)

VM Mutex/Monitor currently owned by a thread: None

Heap:
 PSYoungGen      total 529408K, used 310462K [0x00000000d5f00000, 0x0000000100000000, 0x0000000100000000)
  eden space 369664K, 40% used [0x00000000d5f00000,0x00000000df2367a8,0x00000000ec800000)
  from space 159744K, 99% used [0x00000000ec800000,0x00000000f63f91c0,0x00000000f6400000)
  to   space 159744K, 0% used [0x00000000f6400000,0x00000000f6400000,0x0000000100000000)
 ParOldGen       total 634880K, used 362197K [0x0000000081c00000, 0x00000000a8800000, 0x00000000d5f00000)
  object space 634880K, 57% used [0x0000000081c00000,0x0000000097db5538,0x00000000a8800000)
 Metaspace       used 85064K, capacity 95730K, committed 96000K, reserved 1128448K
  class space    used 13373K, capacity 16352K, committed 16384K, reserved 1048576K

Card table byte_map: [0x0000000011a90000,0x0000000011e90000] byte_map_base: 0x0000000011682000

Marking Bits: (ParMarkBitMap*) 0x00000000511a4040
 Begin Bits: [0x0000000012540000, 0x00000000144d0000)
 End Bits:   [0x00000000144d0000, 0x0000000016460000)

Polling page: 0x0000000002210000

CodeCache: size=245760Kb used=35176Kb max_used=35227Kb free=210583Kb
 bounds [0x00000000026d0000, 0x0000000004980000, 0x00000000116d0000]
 total_blobs=12329 nmethods=10744 adapters=1496
 compilation: enabled

Compilation events (10 events):
Event: 165.932 Thread 0x0000000018ea2800 nmethod 14551 0x00000000037eb310 code [0x00000000037eb4a0, 0x00000000037eb838]
Event: 165.934 Thread 0x0000000018ea2800 14552       3       net.minecraftforge.common.VillagerTradingManager$$Lambda$5828/1093944616::accept (14 bytes)
Event: 165.935 Thread 0x0000000018ea2800 nmethod 14552 0x0000000002c20cd0 code [0x0000000002c20e40, 0x0000000002c21168]
Event: 165.956 Thread 0x0000000018b34000 14553       4       net.minecraft.client.gui.AbstractGui::fill (18 bytes)
Event: 165.961 Thread 0x0000000018ea2800 14554       3       net.minecraft.util.math.ChunkPos::asLong (17 bytes)
Event: 165.961 Thread 0x0000000018ea2800 nmethod 14554 0x0000000003ee9150 code [0x0000000003ee92a0, 0x0000000003ee93f0]
Event: 165.962 Thread 0x0000000018ea2800 14555       3       net.minecraft.world.chunk.listener.TrackingChunkStatusListener::getStatus (42 bytes)
Event: 165.963 Thread 0x0000000018ea2800 nmethod 14555 0x0000000003908cd0 code [0x0000000003908e40, 0x0000000003909168]
Event: 165.965 Thread 0x0000000018b37000 14556       4       it.unimi.dsi.fastutil.objects.Object2IntOpenHashMap::getInt (116 bytes)
Event: 165.972 Thread 0x0000000018b37000 nmethod 14556 0x00000000029f08d0 code [0x00000000029f0a20, 0x00000000029f0d98]

GC Heap History (10 events):
Event: 144.888 GC heap before
{Heap before GC invocations=158 (full 7):
 PSYoungGen      total 558592K, used 523264K [0x00000000d5f00000, 0x0000000100000000, 0x0000000100000000)
  eden space 523264K, 100% used [0x00000000d5f00000,0x00000000f5e00000,0x00000000f5e00000)
  from space 35328K, 0% used [0x00000000fdd80000,0x00000000fdd80000,0x0000000100000000)
  to   space 82944K, 0% used [0x00000000f5e00000,0x00000000f5e00000,0x00000000faf00000)
 ParOldGen       total 537088K, used 343976K [0x0000000081c00000, 0x00000000a2880000, 0x00000000d5f00000)
  object space 537088K, 64% used [0x0000000081c00000,0x0000000096bea000,0x00000000a2880000)
 Metaspace       used 81831K, capacity 91596K, committed 91776K, reserved 1126400K
  class space    used 12880K, capacity 15693K, committed 15744K, reserved 1048576K
Event: 145.231 GC heap after
Heap after GC invocations=158 (full 7):
 PSYoungGen      total 606208K, used 82921K [0x00000000d5f00000, 0x0000000100000000, 0x0000000100000000)
  eden space 523264K, 0% used [0x00000000d5f00000,0x00000000d5f00000,0x00000000f5e00000)
  from space 82944K, 99% used [0x00000000f5e00000,0x00000000faefa7e8,0x00000000faf00000)
  to   space 82944K, 0% used [0x00000000faf00000,0x00000000faf00000,0x0000000100000000)
 ParOldGen       total 537088K, used 468233K [0x0000000081c00000, 0x00000000a2880000, 0x00000000d5f00000)
  object space 537088K, 87% used [0x0000000081c00000,0x000000009e5424c0,0x00000000a2880000)
 Metaspace       used 81831K, capacity 91596K, committed 91776K, reserved 1126400K
  class space    used 12880K, capacity 15693K, committed 15744K, reserved 1048576K
}
Event: 145.231 GC heap before
{Heap before GC invocations=159 (full 8):
 PSYoungGen      total 606208K, used 82921K [0x00000000d5f00000, 0x0000000100000000, 0x0000000100000000)
  eden space 523264K, 0% used [0x00000000d5f00000,0x00000000d5f00000,0x00000000f5e00000)
  from space 82944K, 99% used [0x00000000f5e00000,0x00000000faefa7e8,0x00000000faf00000)
  to   space 82944K, 0% used [0x00000000faf00000,0x00000000faf00000,0x0000000100000000)
 ParOldGen       total 537088K, used 468233K [0x0000000081c00000, 0x00000000a2880000, 0x00000000d5f00000)
  object space 537088K, 87% used [0x0000000081c00000,0x000000009e5424c0,0x00000000a2880000)
 Metaspace       used 81831K, capacity 91596K, committed 91776K, reserved 1126400K
  class space    used 12880K, capacity 15693K, committed 15744K, reserved 1048576K
Event: 146.436 GC heap after
Heap after GC invocations=159 (full 8):
 PSYoungGen      total 606208K, used 0K [0x00000000d5f00000, 0x0000000100000000, 0x0000000100000000)
  eden space 523264K, 0% used [0x00000000d5f00000,0x00000000d5f00000,0x00000000f5e00000)
  from space 82944K, 0% used [0x00000000f5e00000,0x00000000f5e00000,0x00000000faf00000)
  to   space 82944K, 0% used [0x00000000faf00000,0x00000000faf00000,0x0000000100000000)
 ParOldGen       total 537088K, used 514277K [0x0000000081c00000, 0x00000000a2880000, 0x00000000d5f00000)
  object space 537088K, 95% used [0x0000000081c00000,0x00000000a1239408,0x00000000a2880000)
 Metaspace       used 81830K, capacity 91594K, committed 91776K, reserved 1126400K
  class space    used 12879K, capacity 15692K, committed 15744K, reserved 1048576K
}
Event: 152.442 GC heap before
{Heap before GC invocations=160 (full 9):
 PSYoungGen      total 606208K, used 523264K [0x00000000d5f00000, 0x0000000100000000, 0x0000000100000000)
  eden space 523264K, 100% used [0x00000000d5f00000,0x00000000f5e00000,0x00000000f5e00000)
  from space 82944K, 0% used [0x00000000f5e00000,0x00000000f5e00000,0x00000000faf00000)
  to   space 82944K, 0% used [0x00000000faf00000,0x00000000faf00000,0x0000000100000000)
 ParOldGen       total 537088K, used 514277K [0x0000000081c00000, 0x00000000a2880000, 0x00000000d5f00000)
  object space 537088K, 95% used [0x0000000081c00000,0x00000000a1239408,0x00000000a2880000)
 Metaspace       used 81925K, capacity 91792K, committed 92032K, reserved 1126400K
  class space    used 12890K, capacity 15733K, committed 15744K, reserved 1048576K
Event: 153.913 GC heap after
Heap after GC invocations=160 (full 9):
 PSYoungGen      total 606208K, used 0K [0x00000000d5f00000, 0x0000000100000000, 0x0000000100000000)
  eden space 523264K, 0% used [0x00000000d5f00000,0x00000000d5f00000,0x00000000f5e00000)
  from space 82944K, 0% used [0x00000000f5e00000,0x00000000f5e00000,0x00000000faf00000)
  to   space 82944K, 0% used [0x00000000faf00000,0x00000000faf00000,0x0000000100000000)
 ParOldGen       total 634880K, used 325566K [0x0000000081c00000, 0x00000000a8800000, 0x00000000d5f00000)
  object space 634880K, 51% used [0x0000000081c00000,0x00000000959ef8c8,0x00000000a8800000)
 Metaspace       used 81925K, capacity 91792K, committed 92032K, reserved 1126400K
  class space    used 12890K, capacity 15733K, committed 15744K, reserved 1048576K
}
Event: 162.239 GC heap before
{Heap before GC invocations=161 (full 9):
 PSYoungGen      total 606208K, used 523264K [0x00000000d5f00000, 0x0000000100000000, 0x0000000100000000)
  eden space 523264K, 100% used [0x00000000d5f00000,0x00000000f5e00000,0x00000000f5e00000)
  from space 82944K, 0% used [0x00000000f5e00000,0x00000000f5e00000,0x00000000faf00000)
  to   space 82944K, 0% used [0x00000000faf00000,0x00000000faf00000,0x0000000100000000)
 ParOldGen       total 634880K, used 325566K [0x0000000081c00000, 0x00000000a8800000, 0x00000000d5f00000)
  object space 634880K, 51% used [0x0000000081c00000,0x00000000959ef8c8,0x00000000a8800000)
 Metaspace       used 82925K, capacity 92980K, committed 93312K, reserved 1126400K
  class space    used 13028K, capacity 15913K, committed 16000K, reserved 1048576K
Event: 162.449 GC heap after
Heap after GC invocations=161 (full 9):
 PSYoungGen      total 452608K, used 82929K [0x00000000d5f00000, 0x0000000100000000, 0x0000000100000000)
  eden space 369664K, 0% used [0x00000000d5f00000,0x00000000d5f00000,0x00000000ec800000)
  from space 82944K, 99% used [0x00000000faf00000,0x00000000ffffc568,0x0000000100000000)
  to   space 159744K, 0% used [0x00000000ec800000,0x00000000ec800000,0x00000000f6400000)
 ParOldGen       total 634880K, used 353695K [0x0000000081c00000, 0x00000000a8800000, 0x00000000d5f00000)
  object space 634880K, 55% used [0x0000000081c00000,0x0000000097567f50,0x00000000a8800000)
 Metaspace       used 82925K, capacity 92980K, committed 93312K, reserved 1126400K
  class space    used 13028K, capacity 15913K, committed 16000K, reserved 1048576K
}
Event: 164.740 GC heap before
{Heap before GC invocations=162 (full 9):
 PSYoungGen      total 452608K, used 452593K [0x00000000d5f00000, 0x0000000100000000, 0x0000000100000000)
  eden space 369664K, 100% used [0x00000000d5f00000,0x00000000ec800000,0x00000000ec800000)
  from space 82944K, 99% used [0x00000000faf00000,0x00000000ffffc568,0x0000000100000000)
  to   space 159744K, 0% used [0x00000000ec800000,0x00000000ec800000,0x00000000f6400000)
 ParOldGen       total 634880K, used 353695K [0x0000000081c00000, 0x00000000a8800000, 0x00000000d5f00000)
  object space 634880K, 55% used [0x0000000081c00000,0x0000000097567f50,0x00000000a8800000)
 Metaspace       used 84460K, capacity 95070K, committed 95104K, reserved 1128448K
  class space    used 13300K, capacity 16252K, committed 16256K, reserved 1048576K
Event: 165.073 GC heap after
Heap after GC invocations=162 (full 9):
 PSYoungGen      total 529408K, used 159716K [0x00000000d5f00000, 0x0000000100000000, 0x0000000100000000)
  eden space 369664K, 0% used [0x00000000d5f00000,0x00000000d5f00000,0x00000000ec800000)
  from space 159744K, 99% used [0x00000000ec800000,0x00000000f63f91c0,0x00000000f6400000)
  to   space 159744K, 0% used [0x00000000f6400000,0x00000000f6400000,0x0000000100000000)
 ParOldGen       total 634880K, used 362197K [0x0000000081c00000, 0x00000000a8800000, 0x00000000d5f00000)
  object space 634880K, 57% used [0x0000000081c00000,0x0000000097db5538,0x00000000a8800000)
 Metaspace       used 84460K, capacity 95070K, committed 95104K, reserved 1128448K
  class space    used 13300K, capacity 16252K, committed 16256K, reserved 1048576K
}

Deoptimization events (10 events):
Event: 165.357 Thread 0x0000000002462800 Uncommon trap: reason=class_check action=maybe_recompile pc=0x00000000039ddcd4 method=com.google.gson.reflect.TypeToken.<init>(Ljava/lang/reflect/Type;)V @ 9
Event: 165.357 Thread 0x0000000002462800 Uncommon trap: reason=class_check action=maybe_recompile pc=0x0000000003a01ea4 method=com.google.gson.internal.$Gson$Types.canonicalize(Ljava/lang/reflect/Type;)Ljava/lang/reflect/Type; @ 1
Event: 165.359 Thread 0x0000000002462800 Uncommon trap: reason=unstable_if action=reinterpret pc=0x00000000045dbc58 method=java.text.SimpleDateFormat.zeroPaddingNumber(IIILjava/lang/StringBuffer;)V @ 4
Event: 165.620 Thread 0x000000001b8d8800 Uncommon trap: reason=unstable_if action=reinterpret pc=0x000000000493110c method=java.math.MutableBigInteger.divideOneWord(ILjava/math/MutableBigInteger;)I @ 88
Event: 165.701 Thread 0x000000001b8d8800 Uncommon trap: reason=unstable_if action=reinterpret pc=0x000000000494693c method=java.math.MutableBigInteger.normalize()V @ 40
Event: 165.740 Thread 0x000000001b8d8800 Uncommon trap: reason=unstable_if action=reinterpret pc=0x0000000003c63074 method=sun.nio.fs.WindowsPath.toAbsolutePath()Lsun/nio/fs/WindowsPath; @ 4
Event: 165.741 Thread 0x000000001997f800 Uncommon trap: reason=unstable_if action=reinterpret pc=0x00000000046791e8 method=java.util.concurrent.ConcurrentHashMap$Traverser.advance()Ljava/util/concurrent/ConcurrentHashMap$Node; @ 84
Event: 165.744 Thread 0x000000001a846800 Uncommon trap: reason=unstable_if action=reinterpret pc=0x00000000035bdcb0 method=sun.nio.fs.NativeBuffers.getNativeBufferFromCache(I)Lsun/nio/fs/NativeBuffer; @ 34
Event: 165.747 Thread 0x000000001b8d8800 Uncommon trap: reason=class_check action=maybe_recompile pc=0x000000000285330c method=sun.nio.cs.StreamEncoder.writeBytes()V @ 120
Event: 165.930 Thread 0x000000001b8d8800 Uncommon trap: reason=unstable_if action=reinterpret pc=0x000000000366c22c method=it.unimi.dsi.fastutil.ints.Int2ObjectOpenHashMap.find(I)I @ 58

Internal exceptions (10 events):
Event: 165.984 Thread 0x000000001b8d8800 Exception <a 'sun/nio/fs/WindowsException'> (0x00000000dddbc848) thrown at [C:\re\workspace\8-2-build-windows-amd64-cygwin\jdk8u51\3951\hotspot\src\share\vm\prims\jni.cpp, line 709]
Event: 165.984 Thread 0x000000001b8d8800 Exception <a 'sun/nio/fs/WindowsException'> (0x00000000dddbcdd8) thrown at [C:\re\workspace\8-2-build-windows-amd64-cygwin\jdk8u51\3951\hotspot\src\share\vm\prims\jni.cpp, line 709]
Event: 165.984 Thread 0x000000001b8d8800 Exception <a 'sun/nio/fs/WindowsException'> (0x00000000dddbdab0) thrown at [C:\re\workspace\8-2-build-windows-amd64-cygwin\jdk8u51\3951\hotspot\src\share\vm\prims\jni.cpp, line 709]
Event: 165.984 Thread 0x000000001b8d8800 Exception <a 'sun/nio/fs/WindowsException'> (0x00000000dddbdf80) thrown at [C:\re\workspace\8-2-build-windows-amd64-cygwin\jdk8u51\3951\hotspot\src\share\vm\prims\jni.cpp, line 709]
Event: 165.991 Thread 0x000000001b8d8800 Exception <a 'sun/nio/fs/WindowsException'> (0x00000000ddf296e8) thrown at [C:\re\workspace\8-2-build-windows-amd64-cygwin\jdk8u51\3951\hotspot\src\share\vm\prims\jni.cpp, line 709]
Event: 165.991 Thread 0x000000001b8d8800 Exception <a 'sun/nio/fs/WindowsException'> (0x00000000ddf29ab8) thrown at [C:\re\workspace\8-2-build-windows-amd64-cygwin\jdk8u51\3951\hotspot\src\share\vm\prims\jni.cpp, line 709]
Event: 165.992 Thread 0x000000001b8d8800 Exception <a 'sun/nio/fs/WindowsException'> (0x00000000ddf2a340) thrown at [C:\re\workspace\8-2-build-windows-amd64-cygwin\jdk8u51\3951\hotspot\src\share\vm\prims\jni.cpp, line 709]
Event: 165.992 Thread 0x000000001b8d8800 Exception <a 'sun/nio/fs/WindowsException'> (0x00000000ddf2a8b0) thrown at [C:\re\workspace\8-2-build-windows-amd64-cygwin\jdk8u51\3951\hotspot\src\share\vm\prims\jni.cpp, line 709]
Event: 166.007 Thread 0x000000001b8d8800 Exception <a 'sun/nio/fs/WindowsException'> (0x00000000ddf2b548) thrown at [C:\re\workspace\8-2-build-windows-amd64-cygwin\jdk8u51\3951\hotspot\src\share\vm\prims\jni.cpp, line 709]
Event: 166.008 Thread 0x000000001b8d8800 Exception <a 'sun/nio/fs/WindowsException'> (0x00000000ddf2b9c8) thrown at [C:\re\workspace\8-2-build-windows-amd64-cygwin\jdk8u51\3951\hotspot\src\share\vm\prims\jni.cpp, line 709]

Events (10 events):
Event: 165.935 Thread 0x0000000018ea2800 flushing nmethod 0x0000000003ee9150
Event: 165.949 loading class it/unimi/dsi/fastutil/objects/Object2IntOpenHashMap
Event: 165.949 loading class it/unimi/dsi/fastutil/objects/Object2IntOpenHashMap done
Event: 165.949 loading class it/unimi/dsi/fastutil/objects/Object2IntOpenHashMap
Event: 165.949 loading class it/unimi/dsi/fastutil/objects/Object2IntOpenHashMap done
Event: 165.962 Thread 0x0000000018ea2800 flushing nmethod 0x00000000040a9690
Event: 165.962 Thread 0x0000000018ea2800 flushing nmethod 0x0000000004273510
Event: 165.964 Thread 0x0000000018ea2800 flushing nmethod 0x000000000446bc10
Event: 165.982 loading class java/util/concurrent/RejectedExecutionException
Event: 165.982 loading class java/util/concurrent/RejectedExecutionException done


Dynamic libraries:
0x00007ff77c9d0000 - 0x00007ff77ca07000 	C:\Program Files (x86)\Minecraft\runtime\jre-x64\bin\java.exe
0x00007ffc47390000 - 0x00007ffc47586000 	C:\WINDOWS\SYSTEM32\ntdll.dll
0x00007ffc46810000 - 0x00007ffc468cd000 	C:\WINDOWS\System32\KERNEL32.DLL
0x00007ffc44ae0000 - 0x00007ffc44da8000 	C:\WINDOWS\System32\KERNELBASE.dll
0x00007ffc45ab0000 - 0x00007ffc45b5a000 	C:\WINDOWS\System32\ADVAPI32.dll
0x00007ffc45d50000 - 0x00007ffc45dee000 	C:\WINDOWS\System32\msvcrt.dll
0x00007ffc45680000 - 0x00007ffc4571b000 	C:\WINDOWS\System32\sechost.dll
0x00007ffc45df0000 - 0x00007ffc45f14000 	C:\WINDOWS\System32\RPCRT4.dll
0x00007ffc454e0000 - 0x00007ffc45680000 	C:\WINDOWS\System32\USER32.dll
0x00007ffc450c0000 - 0x00007ffc450e2000 	C:\WINDOWS\System32\win32u.dll
0x00007ffc46d40000 - 0x00007ffc46d6a000 	C:\WINDOWS\System32\GDI32.dll
0x00007ffc450f0000 - 0x00007ffc451f9000 	C:\WINDOWS\System32\gdi32full.dll
0x00007ffc45200000 - 0x00007ffc4529d000 	C:\WINDOWS\System32\msvcp_win.dll
0x00007ffc44f30000 - 0x00007ffc45030000 	C:\WINDOWS\System32\ucrtbase.dll
0x00007ffc31050000 - 0x00007ffc312eb000 	C:\WINDOWS\WinSxS\amd64_microsoft.windows.common-controls_6595b64144ccf1df_6.0.19041.488_none_ca04af081b815d21\COMCTL32.dll
0x00007ffc45a80000 - 0x00007ffc45ab0000 	C:\WINDOWS\System32\IMM32.DLL
0x0000000051370000 - 0x0000000051442000 	C:\Program Files (x86)\Minecraft\runtime\jre-x64\bin\msvcr100.dll
0x00000000509a0000 - 0x0000000051223000 	C:\Program Files (x86)\Minecraft\runtime\jre-x64\bin\server\jvm.dll
0x00007ffc45720000 - 0x00007ffc45728000 	C:\WINDOWS\System32\PSAPI.DLL
0x00007ffc20920000 - 0x00007ffc20929000 	C:\WINDOWS\SYSTEM32\WSOCK32.dll
0x00007ffc3dd00000 - 0x00007ffc3dd27000 	C:\WINDOWS\SYSTEM32\WINMM.dll
0x00007ffc458e0000 - 0x00007ffc4594b000 	C:\WINDOWS\System32\WS2_32.dll
0x00007ffc3d650000 - 0x00007ffc3d65a000 	C:\WINDOWS\SYSTEM32\VERSION.dll
0x0000000051360000 - 0x000000005136f000 	C:\Program Files (x86)\Minecraft\runtime\jre-x64\bin\verify.dll
0x0000000051330000 - 0x0000000051359000 	C:\Program Files (x86)\Minecraft\runtime\jre-x64\bin\java.dll
0x0000000051300000 - 0x0000000051323000 	C:\Program Files (x86)\Minecraft\runtime\jre-x64\bin\instrument.dll
0x00000000512e0000 - 0x00000000512f6000 	C:\Program Files (x86)\Minecraft\runtime\jre-x64\bin\zip.dll
0x00007ffc45f30000 - 0x00007ffc46670000 	C:\WINDOWS\System32\SHELL32.dll
0x00007ffc42af0000 - 0x00007ffc43284000 	C:\WINDOWS\SYSTEM32\windows.storage.dll
0x00007ffc46f40000 - 0x00007ffc47295000 	C:\WINDOWS\System32\combase.dll
0x00007ffc443b0000 - 0x00007ffc443dc000 	C:\WINDOWS\SYSTEM32\Wldp.dll
0x00007ffc46de0000 - 0x00007ffc46e8e000 	C:\WINDOWS\System32\SHCORE.dll
0x00007ffc466f0000 - 0x00007ffc46745000 	C:\WINDOWS\System32\shlwapi.dll
0x00007ffc44a10000 - 0x00007ffc44a36000 	C:\WINDOWS\SYSTEM32\profapi.dll
0x00007ffc11840000 - 0x00007ffc1185a000 	C:\Users\ervin_1nmnhvl\AppData\Local\JetBrains\Toolbox\apps\IDEA-U\ch-0\202.6397.94\bin\breakgen64.dll
0x00000000512c0000 - 0x00000000512da000 	C:\Program Files (x86)\Minecraft\runtime\jre-x64\bin\net.dll
0x00007ffc441a0000 - 0x00007ffc4420a000 	C:\WINDOWS\system32\mswsock.dll
0x00000000512b0000 - 0x00000000512bd000 	C:\Program Files (x86)\Minecraft\runtime\jre-x64\bin\management.dll
0x00007ffc0fdd0000 - 0x00007ffc0fde7000 	C:\WINDOWS\system32\napinsp.dll
0x00007ffc0fdf0000 - 0x00007ffc0fe0b000 	C:\WINDOWS\system32\pnrpnsp.dll
0x00007ffc3f510000 - 0x00007ffc3f525000 	C:\WINDOWS\system32\wshbth.dll
0x00007ffc3ffa0000 - 0x00007ffc3ffbd000 	C:\WINDOWS\system32\NLAapi.dll
0x00007ffc43eb0000 - 0x00007ffc43eeb000 	C:\WINDOWS\SYSTEM32\IPHLPAPI.DLL
0x00007ffc43ef0000 - 0x00007ffc43fbb000 	C:\WINDOWS\SYSTEM32\DNSAPI.dll
0x00007ffc46d70000 - 0x00007ffc46d79000 	C:\WINDOWS\System32\NSI.dll
0x00007ffc0fe30000 - 0x00007ffc0fe42000 	C:\WINDOWS\System32\winrnr.dll
0x00007ffc35df0000 - 0x00007ffc35dfa000 	C:\Windows\System32\rasadhlp.dll
0x00007ffc39530000 - 0x00007ffc395af000 	C:\WINDOWS\System32\fwpuclnt.dll
0x00007ffc45030000 - 0x00007ffc45057000 	C:\WINDOWS\System32\bcrypt.dll
0x0000000050980000 - 0x0000000050991000 	C:\Program Files (x86)\Minecraft\runtime\jre-x64\bin\nio.dll
0x0000000050950000 - 0x0000000050974000 	C:\Program Files (x86)\Minecraft\runtime\jre-x64\bin\sunec.dll
0x00007ffc446e0000 - 0x00007ffc446f8000 	C:\WINDOWS\SYSTEM32\CRYPTSP.dll
0x00007ffc43a50000 - 0x00007ffc43a84000 	C:\WINDOWS\system32\rsaenh.dll
0x00007ffc44960000 - 0x00007ffc4498e000 	C:\WINDOWS\SYSTEM32\USERENV.dll
0x00007ffc44eb0000 - 0x00007ffc44f2f000 	C:\WINDOWS\System32\bcryptprimitives.dll
0x00007ffc44320000 - 0x00007ffc4432c000 	C:\WINDOWS\SYSTEM32\CRYPTBASE.dll
0x00007ffc3a7b0000 - 0x00007ffc3a7c7000 	C:\WINDOWS\SYSTEM32\dhcpcsvc6.DLL
0x00007ffc3a5a0000 - 0x00007ffc3a5bd000 	C:\WINDOWS\SYSTEM32\dhcpcsvc.DLL
0x00007ffc0c5b0000 - 0x00007ffc0c622000 	C:\Users\ervin_1nmnhvl\AppData\Local\Temp\lwjglervin_1nmnhvl\3.2.2-build-10\lwjgl.dll
0x00007ffc03ca0000 - 0x00007ffc03ef1000 	C:\Users\ERVIN_~1\AppData\Local\Temp\lwjglervin_1nmnhvl\3.2.2-build-10\jemalloc.dll
0x00007ffc0b910000 - 0x00007ffc0b96e000 	C:\Users\ERVIN_~1\AppData\Local\Temp\lwjglervin_1nmnhvl\3.2.2-build-10\glfw.dll
0x00007ffc42320000 - 0x00007ffc423bf000 	C:\WINDOWS\system32\uxtheme.dll
0x00007ffc0b8c0000 - 0x00007ffc0b905000 	C:\WINDOWS\SYSTEM32\dinput8.dll
0x00007ffc10110000 - 0x00007ffc10121000 	C:\WINDOWS\SYSTEM32\xinput1_4.dll
0x00007ffc44db0000 - 0x00007ffc44dfe000 	C:\WINDOWS\System32\cfgmgr32.dll
0x00007ffc447c0000 - 0x00007ffc447ec000 	C:\WINDOWS\SYSTEM32\DEVOBJ.dll
0x00007ffc42620000 - 0x00007ffc4264f000 	C:\WINDOWS\SYSTEM32\dwmapi.dll
0x00007ffc45b60000 - 0x00007ffc45c75000 	C:\WINDOWS\System32\MSCTF.dll
0x00007ffc45c80000 - 0x00007ffc45d4d000 	C:\WINDOWS\System32\OLEAUT32.dll
0x00007ffc34800000 - 0x00007ffc34952000 	C:\WINDOWS\SYSTEM32\inputhost.dll
0x00007ffc3ffc0000 - 0x00007ffc400b7000 	C:\WINDOWS\SYSTEM32\PROPSYS.dll
0x00007ffc41e60000 - 0x00007ffc41f52000 	C:\WINDOWS\SYSTEM32\CoreMessaging.dll
0x00007ffc41430000 - 0x00007ffc41586000 	C:\WINDOWS\SYSTEM32\wintypes.dll
0x00007ffc41b00000 - 0x00007ffc41e5e000 	C:\WINDOWS\SYSTEM32\CoreUIComponents.dll
0x00007ffc436e0000 - 0x00007ffc43713000 	C:\WINDOWS\SYSTEM32\ntmarta.dll
0x00007ffc42ad0000 - 0x00007ffc42ae2000 	C:\WINDOWS\SYSTEM32\kernel.appcore.dll
0x00007ffc43290000 - 0x00007ffc4329d000 	C:\WINDOWS\SYSTEM32\HID.DLL
0x00007ffc468d0000 - 0x00007ffc46d37000 	C:\WINDOWS\System32\SETUPAPI.DLL
0x00007ffc45060000 - 0x00007ffc450c0000 	C:\WINDOWS\System32\WINTRUST.dll
0x00007ffc452a0000 - 0x00007ffc453fd000 	C:\WINDOWS\System32\CRYPT32.dll
0x00007ffc44780000 - 0x00007ffc44792000 	C:\WINDOWS\SYSTEM32\MSASN1.dll
0x00007ffc0af10000 - 0x00007ffc0b035000 	C:\WINDOWS\SYSTEM32\opengl32.dll
0x00007ffc19160000 - 0x00007ffc1918c000 	C:\WINDOWS\SYSTEM32\GLU32.dll
0x00007ffc472a0000 - 0x00007ffc47349000 	C:\WINDOWS\System32\clbcatq.dll
0x00007ffbf4c00000 - 0x00007ffbf5884000 	C:\WINDOWS\SYSTEM32\ig4icd64.dll
0x00007ffc432f0000 - 0x00007ffc433e3000 	C:\WINDOWS\SYSTEM32\dxgi.dll
0x00007ffc40670000 - 0x00007ffc408d4000 	C:\WINDOWS\SYSTEM32\d3d11.dll
0x00007ffc15c10000 - 0x00007ffc16860000 	C:\WINDOWS\SYSTEM32\igd10umd64.dll
0x00007ffc3a4c0000 - 0x00007ffc3a4fb000 	C:\WINDOWS\SYSTEM32\dxcore.dll
0x00007ffc0b840000 - 0x00007ffc0b8bf000 	C:\Users\ervin_1nmnhvl\AppData\Local\Temp\lwjglervin_1nmnhvl\3.2.2-build-10\lwjgl_stb.dll
0x00007ffc3f5f0000 - 0x00007ffc3f69e000 	C:\WINDOWS\SYSTEM32\mscms.dll
0x00007ffc3f560000 - 0x00007ffc3f571000 	C:\WINDOWS\SYSTEM32\ColorAdapterClient.dll
0x00007ffc0b7f0000 - 0x00007ffc0b833000 	C:\WINDOWS\SYSTEM32\icm32.dll
0x00007ffc34960000 - 0x00007ffc34a5c000 	C:\WINDOWS\SYSTEM32\textinputframework.dll
0x00007ffc0b790000 - 0x00007ffc0b7e8000 	C:\Users\ervin_1nmnhvl\AppData\Local\Temp\lwjglervin_1nmnhvl\3.2.2-build-10\lwjgl_opengl.dll
0x00007ffc192b0000 - 0x00007ffc192f2000 	C:\Users\ervin_1nmnhvl\AppData\Local\Temp\jna-2118671535\jna7705324912873506032.dll
0x00007ffc3f7f0000 - 0x00007ffc3f80a000 	C:\save\modding\ervin_mod_1\build\natives\SAPIWrapper_x64.dll
0x00007ffc45950000 - 0x00007ffc45a7a000 	C:\WINDOWS\System32\ole32.dll
0x00007ffc06fd0000 - 0x00007ffc07154000 	C:\WINDOWS\System32\Speech\Common\sapi.dll
0x00007ffc14f60000 - 0x00007ffc14f7e000 	C:\WINDOWS\SYSTEM32\MSACM32.dll
0x00007ffc2fb60000 - 0x00007ffc2fb86000 	C:\WINDOWS\SYSTEM32\winmmbase.dll
0x00007ffc38860000 - 0x00007ffc3886b000 	C:\WINDOWS\SYSTEM32\msdmo.dll
0x00007ffc36140000 - 0x00007ffc361c5000 	C:\WINDOWS\System32\MMDevApi.dll
0x00007ffc0a3d0000 - 0x00007ffc0a4e4000 	C:\Users\ERVIN_~1\AppData\Local\Temp\lwjglervin_1nmnhvl\3.2.2-build-10\OpenAL.dll
0x00007ffc2d4e0000 - 0x00007ffc2d661000 	C:\WINDOWS\SYSTEM32\AUDIOSES.DLL
0x00007ffc449c0000 - 0x00007ffc44a0b000 	C:\WINDOWS\SYSTEM32\powrprof.dll
0x00007ffc44990000 - 0x00007ffc449a2000 	C:\WINDOWS\SYSTEM32\UMPDC.dll
0x00007ffc42420000 - 0x00007ffc42434000 	C:\WINDOWS\SYSTEM32\resourcepolicyclient.dll
0x00007ffc3b620000 - 0x00007ffc3b804000 	C:\WINDOWS\SYSTEM32\dbghelp.dll

VM Arguments:
jvm_args: -Dforge.logging.console.level=debug -Dforge.logging.markers=SCAN,REGISTRIES,REGISTRYDUMP -XX:HeapDumpPath=MojangTricksIntelDriversForPerformance_javaw.exe_minecraft.exe.heapdump -Dos.name=Windows 10 -Dos.version=10.0 -javaagent:C:\Users\ervin_1nmnhvl\AppData\Local\JetBrains\Toolbox\apps\IDEA-U\ch-0\202.6397.94\lib\idea_rt.jar=54741:C:\Users\ervin_1nmnhvl\AppData\Local\JetBrains\Toolbox\apps\IDEA-U\ch-0\202.6397.94\bin -Dfile.encoding=UTF-8 
java_command: net.minecraftforge.userdev.LaunchTesting
java_class_path (initial): C:\Program Files (x86)\Minecraft\runtime\jre-x64\lib\charsets.jar;C:\Program Files (x86)\Minecraft\runtime\jre-x64\lib\deploy.jar;C:\Program Files (x86)\Minecraft\runtime\jre-x64\lib\ext\access-bridge-64.jar;C:\Program Files (x86)\Minecraft\runtime\jre-x64\lib\ext\cldrdata.jar;C:\Program Files (x86)\Minecraft\runtime\jre-x64\lib\ext\dnsns.jar;C:\Program Files (x86)\Minecraft\runtime\jre-x64\lib\ext\jaccess.jar;C:\Program Files (x86)\Minecraft\runtime\jre-x64\lib\ext\jfxrt.jar;C:\Program Files (x86)\Minecraft\runtime\jre-x64\lib\ext\localedata.jar;C:\Program Files (x86)\Minecraft\runtime\jre-x64\lib\ext\nashorn.jar;C:\Program Files (x86)\Minecraft\runtime\jre-x64\lib\ext\sunec.jar;C:\Program Files (x86)\Minecraft\runtime\jre-x64\lib\ext\sunjce_provider.jar;C:\Program Files (x86)\Minecraft\runtime\jre-x64\lib\ext\sunmscapi.jar;C:\Program Files (x86)\Minecraft\runtime\jre-x64\lib\ext\sunpkcs11.jar;C:\Program Files (x86)\Minecraft\runtime\jre-x64\lib\ext\zipfs.jar;C:\Program Files (x86)\Minecraft\runtime\jre-x64\lib\javaws.jar;C:\Program Files (x86)\Minecraft\runtime\jre-x64\lib\jce.jar;C:\Program Files (x86)\Minecraft\runtime\jre-x64\lib\jfr.jar;C:\Program Files (x86)\Minecraft\runtime\jre-x64\lib\jfxswt.jar;C:\Program Files (x86)\Minecraft\runtime\jre-x64\lib\jsse.jar;C:\Program Files (x86)\Minecraft\runtime\jre-x64\lib\management-agent.jar;C:\Program Files (x86)\Minecraft\runtime\jre-x64\lib\plugin.jar;C:\Program Files (x86)\Minecraft\runtime\jre-x64\lib\resources.jar;C:\Program Files (x86)\Minecraft\runtime\jre-x64\lib\rt.jar;C:\save\modding\ervin_mod_1\build\classes\java\main;C:\save\modding\ervin_mod_1\build\resources\main;C:\Users\ervin_1nmnhvl\.gradle\caches\forge_gradle\minecraft_user_repo\net\minecraftforge\forge\1.16.1-32.0.75_mapped_snapshot_20200723-1.16.1\forge-1.16.1-32.0.75_mapped_snapshot_20200723-1.16.1-recomp.jar;C:\Users\ervin_1nmnhvl\.gradle\caches\forge_gradle\minecraft_user_repo\net\minecraftforge\forge\1.16.1-32.0.75_
Launcher Type: SUN_STANDARD

Environment Variables:
JAVA_HOME=C:\Program Files\Java\jdk-11.0.4
PATH=C:\Program Files\Docker\Docker\Resources\bin;C:\ProgramData\Oracle\Java\javapath;C:\WINDOWS\system32;C:\WINDOWS;C:\WINDOWS\System32\Wbem;C:\WINDOWS\System32\WindowsPowerShell\v1.0\;C:\Program Files (x86)\cloudControl;C:\Program Files\Git\cmd;C:\bin;C:\Program Files (x86)\Windows Kits\8.1\Windows Performance Toolkit\;C:\Program Files (x86)\PuTTY\;C:\Program Files (x86)\Nodist\bin;G:\save\sdk\android\tools;G:\save\sdk\android\platform-tools;C:\boxfuse;C:\Program Files (x86)\Skype\Phone\;C:\Program Files (x86)\GtkSharp\2.12\bin;C:\Program Files (x86)\IVI Foundation\VISA\WinNT\Bin;C:\WINDOWS\system32;C:\WINDOWS;C:\WINDOWS\System32\Wbem;C:\WINDOWS\System32\WindowsPowerShell\v1.0\;;C:\WINDOWS\System32\OpenSSH\;C:\Users\ervin_1nmnhvl\AppData\Local\Microsoft\WindowsApps;
USERNAME=ervin_1nmnhvl
OS=Windows_NT
PROCESSOR_IDENTIFIER=Intel64 Family 6 Model 42 Stepping 7, GenuineIntel



---------------  S Y S T E M  ---------------

OS: Windows 10.0 , 64 bit Build 19041 (10.0.19041.546)

CPU:total 4 (2 cores per cpu, 2 threads per core) family 6 model 42 stepping 7, cmov, cx8, fxsr, mmx, sse, sse2, sse3, ssse3, sse4.1, sse4.2, popcnt, avx, aes, clmul, ht, tsc, tscinvbit

Memory: 4k page, physical 8266764k(307496k free), swap 10363916k(1296k free)

vm_info: Java HotSpot(TM) 64-Bit Server VM (25.51-b03) for windows-amd64 JRE (1.8.0_51-b16), built on Jun  8 2015 18:03:07 by "java_re" with MS VC++ 10.0 (VS2010)

time: Fri Oct 30 18:12:48 2020
elapsed time: 166 seconds (0d 0h 2m 46s)

