#
# There is insufficient memory for the Java Runtime Environment to continue.
# Native memory allocation (malloc) failed to allocate 32784 bytes for Chunk::new
# Possible reasons:
#   The system is out of physical RAM or swap space
#   In 32 bit mode, the process size limit was hit
# Possible solutions:
#   Reduce memory load on the system
#   Increase physical memory or swap space
#   Check if swap backing store is full
#   Use 64 bit Java on a 64 bit OS
#   Decrease Java heap size (-Xmx/-Xms)
#   Decrease number of Java threads
#   Decrease Java thread stack sizes (-Xss)
#   Set larger code cache with -XX:ReservedCodeCacheSize=
# This output file may be truncated or incomplete.
#
#  Out of Memory Error (allocation.cpp:390), pid=24536, tid=14084
#
# JRE version: Java(TM) SE Runtime Environment (8.0_51-b16) (build 1.8.0_51-b16)
# Java VM: Java HotSpot(TM) 64-Bit Server VM (25.51-b03 mixed mode windows-amd64 compressed oops)
# Failed to write core dump. Minidumps are not enabled by default on client versions of Windows
#

---------------  T H R E A D  ---------------

Current thread (0x0000000018b05000):  JavaThread "C2 CompilerThread0" daemon [_thread_in_native, id=14084, stack(0x0000000018c20000,0x0000000018d20000)]

Stack: [0x0000000018c20000,0x0000000018d20000]
Native frames: (J=compiled Java code, j=interpreted, Vv=VM code, C=native code)
V  [jvm.dll+0x32b4ca]


Current CompileTask:
C2:  46372 8058       4       java.lang.invoke.MethodHandles$Lookup::checkAccess (250 bytes)


---------------  P R O C E S S  ---------------

Java Threads: ( => current thread )
  0x00000000227f5800 JavaThread "Worker-Bootstrap-3" daemon [_thread_in_Java, id=17048, stack(0x0000000025200000,0x0000000025300000)]
  0x000000001c249000 JavaThread "Worker-Bootstrap-2" daemon [_thread_in_Java, id=2120, stack(0x0000000024ee0000,0x0000000024fe0000)]
  0x000000001c248800 JavaThread "Worker-Bootstrap-1" daemon [_thread_in_Java, id=15104, stack(0x0000000024de0000,0x0000000024ee0000)]
  0x000000001bfef800 JavaThread "pool-3-thread-1" [_thread_in_Java, id=13720, stack(0x00000000236b0000,0x00000000237b0000)]
  0x000000001c799000 JavaThread "pool-2-thread-1" daemon [_thread_blocked, id=25560, stack(0x0000000020560000,0x0000000020660000)]
  0x000000001a144000 JavaThread "Thread-3" daemon [_thread_blocked, id=12700, stack(0x0000000020770000,0x0000000020870000)]
  0x00000000199fe800 JavaThread "Thread-2" daemon [_thread_in_native, id=6516, stack(0x000000001b760000,0x000000001b860000)]
  0x000000001a424800 JavaThread "Thread-1" daemon [_thread_blocked, id=7464, stack(0x000000001b660000,0x000000001b760000)]
  0x0000000018f91800 JavaThread "Service Thread" daemon [_thread_blocked, id=21032, stack(0x0000000019720000,0x0000000019820000)]
  0x0000000018b09800 JavaThread "C1 CompilerThread2" daemon [_thread_blocked, id=13888, stack(0x0000000018e20000,0x0000000018f20000)]
  0x0000000018b08800 JavaThread "C2 CompilerThread1" daemon [_thread_blocked, id=25384, stack(0x0000000018d20000,0x0000000018e20000)]
=>0x0000000018b05000 JavaThread "C2 CompilerThread0" daemon [_thread_in_native, id=14084, stack(0x0000000018c20000,0x0000000018d20000)]
  0x0000000018b03000 JavaThread "Monitor Ctrl-Break" daemon [_thread_in_native, id=18604, stack(0x0000000018b20000,0x0000000018c20000)]
  0x00000000171e1800 JavaThread "Attach Listener" daemon [_thread_blocked, id=16724, stack(0x0000000018620000,0x0000000018720000)]
  0x00000000171e0000 JavaThread "Signal Dispatcher" daemon [_thread_blocked, id=5608, stack(0x0000000018520000,0x0000000018620000)]
  0x0000000002599800 JavaThread "Finalizer" daemon [_thread_blocked, id=5856, stack(0x0000000018420000,0x0000000018520000)]
  0x0000000002596000 JavaThread "Reference Handler" daemon [_thread_blocked, id=17572, stack(0x0000000018320000,0x0000000018420000)]
  0x00000000024a2800 JavaThread "main" [_thread_blocked, id=6352, stack(0x0000000002370000,0x0000000002470000)]

Other Threads:
  0x0000000017199000 VMThread [stack: 0x0000000018220000,0x0000000018320000] [id=11436]
  0x0000000018fa4800 WatcherThread [stack: 0x0000000019820000,0x0000000019920000] [id=4424]

VM state:not at safepoint (normal execution)

VM Mutex/Monitor currently owned by a thread: None

Heap:
 PSYoungGen      total 453632K, used 91109K [0x00000000d5f00000, 0x00000000f9600000, 0x0000000100000000)
  eden space 354816K, 19% used [0x00000000d5f00000,0x00000000da145b28,0x00000000eb980000)
  from space 98816K, 23% used [0x00000000f1780000,0x00000000f2e33a88,0x00000000f7800000)
  to   space 96256K, 0% used [0x00000000eb980000,0x00000000eb980000,0x00000000f1780000)
 ParOldGen       total 341504K, used 227590K [0x0000000081c00000, 0x0000000096980000, 0x00000000d5f00000)
  object space 341504K, 66% used [0x0000000081c00000,0x000000008fa41b30,0x0000000096980000)
 Metaspace       used 52476K, capacity 56826K, committed 57088K, reserved 1097728K
  class space    used 7638K, capacity 8834K, committed 8960K, reserved 1048576K

Card table byte_map: [0x0000000011a60000,0x0000000011e60000] byte_map_base: 0x0000000011652000

Marking Bits: (ParMarkBitMap*) 0x0000000070b74040
 Begin Bits: [0x0000000012510000, 0x00000000144a0000)
 End Bits:   [0x00000000144a0000, 0x0000000016430000)

Polling page: 0x0000000002190000

CodeCache: size=245760Kb used=19880Kb max_used=20509Kb free=225879Kb
 bounds [0x00000000026a0000, 0x0000000003ad0000, 0x00000000116a0000]
 total_blobs=7527 nmethods=6335 adapters=1104
 compilation: enabled

Compilation events (10 events):
Event: 46.070 Thread 0x0000000018b08800 8054       4       com.sun.nio.zipfs.ZipFileSystem::getPath (109 bytes)
Event: 46.101 Thread 0x0000000018b05000 nmethod 8053 0x0000000002b21dd0 code [0x0000000002b22020, 0x0000000002b22f70]
Event: 46.118 Thread 0x0000000018b05000 8055       4       java.util.LinkedList::linkFirst (59 bytes)
Event: 46.120 Thread 0x0000000018b05000 nmethod 8055 0x0000000002b21a90 code [0x0000000002b21be0, 0x0000000002b21d18]
Event: 46.128 Thread 0x0000000018b08800 nmethod 8054 0x000000000383f390 code [0x000000000383f600, 0x0000000003840b80]
Event: 46.315 Thread 0x0000000018b09800 8056       3       java.util.stream.SortedOps$OfRef::opWrapSink (60 bytes)
Event: 46.316 Thread 0x0000000018b09800 nmethod 8056 0x0000000003a83cd0 code [0x0000000003a83f00, 0x0000000003a84c08]
Event: 46.316 Thread 0x0000000018b09800 8057       3       java.util.stream.SortedOps$AbstractRefSortingSink::<init> (11 bytes)
Event: 46.317 Thread 0x0000000018b09800 nmethod 8057 0x000000000283cf90 code [0x000000000283d120, 0x000000000283d4c8]
Event: 46.346 Thread 0x0000000018b05000 8058       4       java.lang.invoke.MethodHandles$Lookup::checkAccess (250 bytes)

GC Heap History (10 events):
Event: 45.199 GC heap before
{Heap before GC invocations=42 (full 6):
 PSYoungGen      total 413184K, used 324675K [0x00000000d5f00000, 0x00000000f5f80000, 0x0000000100000000)
  eden space 303104K, 100% used [0x00000000d5f00000,0x00000000e8700000,0x00000000e8700000)
  from space 110080K, 19% used [0x00000000e8700000,0x00000000e9c10da8,0x00000000ef280000)
  to   space 101888K, 0% used [0x00000000ef280000,0x00000000ef280000,0x00000000f5600000)
 ParOldGen       total 341504K, used 223072K [0x0000000081c00000, 0x0000000096980000, 0x00000000d5f00000)
  object space 341504K, 65% used [0x0000000081c00000,0x000000008f5d81c0,0x0000000096980000)
 Metaspace       used 51804K, capacity 56078K, committed 56320K, reserved 1097728K
  class space    used 7491K, capacity 8626K, committed 8704K, reserved 1048576K
Event: 45.254 GC heap after
Heap after GC invocations=42 (full 6):
 PSYoungGen      total 404992K, used 38945K [0x00000000d5f00000, 0x00000000f5f80000, 0x0000000100000000)
  eden space 303104K, 0% used [0x00000000d5f00000,0x00000000d5f00000,0x00000000e8700000)
  from space 101888K, 38% used [0x00000000ef280000,0x00000000f1888640,0x00000000f5600000)
  to   space 110080K, 0% used [0x00000000e8700000,0x00000000e8700000,0x00000000ef280000)
 ParOldGen       total 341504K, used 223408K [0x0000000081c00000, 0x0000000096980000, 0x00000000d5f00000)
  object space 341504K, 65% used [0x0000000081c00000,0x000000008f62c1d0,0x0000000096980000)
 Metaspace       used 51804K, capacity 56078K, committed 56320K, reserved 1097728K
  class space    used 7491K, capacity 8626K, committed 8704K, reserved 1048576K
}
Event: 45.506 GC heap before
{Heap before GC invocations=43 (full 6):
 PSYoungGen      total 404992K, used 342049K [0x00000000d5f00000, 0x00000000f5f80000, 0x0000000100000000)
  eden space 303104K, 100% used [0x00000000d5f00000,0x00000000e8700000,0x00000000e8700000)
  from space 101888K, 38% used [0x00000000ef280000,0x00000000f1888640,0x00000000f5600000)
  to   space 110080K, 0% used [0x00000000e8700000,0x00000000e8700000,0x00000000ef280000)
 ParOldGen       total 341504K, used 223408K [0x0000000081c00000, 0x0000000096980000, 0x00000000d5f00000)
  object space 341504K, 65% used [0x0000000081c00000,0x000000008f62c1d0,0x0000000096980000)
 Metaspace       used 52023K, capacity 56380K, committed 56704K, reserved 1097728K
  class space    used 7546K, capacity 8723K, committed 8832K, reserved 1048576K
Event: 45.544 GC heap after
Heap after GC invocations=43 (full 6):
 PSYoungGen      total 413184K, used 25964K [0x00000000d5f00000, 0x00000000f8280000, 0x0000000100000000)
  eden space 303104K, 0% used [0x00000000d5f00000,0x00000000d5f00000,0x00000000e8700000)
  from space 110080K, 23% used [0x00000000e8700000,0x00000000ea05b160,0x00000000ef280000)
  to   space 109568K, 0% used [0x00000000f1780000,0x00000000f1780000,0x00000000f8280000)
 ParOldGen       total 341504K, used 224602K [0x0000000081c00000, 0x0000000096980000, 0x00000000d5f00000)
  object space 341504K, 65% used [0x0000000081c00000,0x000000008f756838,0x0000000096980000)
 Metaspace       used 52023K, capacity 56380K, committed 56704K, reserved 1097728K
  class space    used 7546K, capacity 8723K, committed 8832K, reserved 1048576K
}
Event: 45.799 GC heap before
{Heap before GC invocations=44 (full 6):
 PSYoungGen      total 413184K, used 329068K [0x00000000d5f00000, 0x00000000f8280000, 0x0000000100000000)
  eden space 303104K, 100% used [0x00000000d5f00000,0x00000000e8700000,0x00000000e8700000)
  from space 110080K, 23% used [0x00000000e8700000,0x00000000ea05b160,0x00000000ef280000)
  to   space 109568K, 0% used [0x00000000f1780000,0x00000000f1780000,0x00000000f8280000)
 ParOldGen       total 341504K, used 224602K [0x0000000081c00000, 0x0000000096980000, 0x00000000d5f00000)
  object space 341504K, 65% used [0x0000000081c00000,0x000000008f756838,0x0000000096980000)
 Metaspace       used 52146K, capacity 56444K, committed 56704K, reserved 1097728K
  class space    used 7573K, capacity 8723K, committed 8832K, reserved 1048576K
Event: 45.842 GC heap after
Heap after GC invocations=44 (full 6):
 PSYoungGen      total 440832K, used 29098K [0x00000000d5f00000, 0x00000000f7800000, 0x0000000100000000)
  eden space 342016K, 0% used [0x00000000d5f00000,0x00000000d5f00000,0x00000000ead00000)
  from space 98816K, 29% used [0x00000000f1780000,0x00000000f33eaa10,0x00000000f7800000)
  to   space 103936K, 0% used [0x00000000ead00000,0x00000000ead00000,0x00000000f1280000)
 ParOldGen       total 341504K, used 225763K [0x0000000081c00000, 0x0000000096980000, 0x00000000d5f00000)
  object space 341504K, 66% used [0x0000000081c00000,0x000000008f878e90,0x0000000096980000)
 Metaspace       used 52146K, capacity 56444K, committed 56704K, reserved 1097728K
  class space    used 7573K, capacity 8723K, committed 8832K, reserved 1048576K
}
Event: 45.989 GC heap before
{Heap before GC invocations=45 (full 6):
 PSYoungGen      total 440832K, used 371114K [0x00000000d5f00000, 0x00000000f7800000, 0x0000000100000000)
  eden space 342016K, 100% used [0x00000000d5f00000,0x00000000ead00000,0x00000000ead00000)
  from space 98816K, 29% used [0x00000000f1780000,0x00000000f33eaa10,0x00000000f7800000)
  to   space 103936K, 0% used [0x00000000ead00000,0x00000000ead00000,0x00000000f1280000)
 ParOldGen       total 341504K, used 225763K [0x0000000081c00000, 0x0000000096980000, 0x00000000d5f00000)
  object space 341504K, 66% used [0x0000000081c00000,0x000000008f878e90,0x0000000096980000)
 Metaspace       used 52222K, capacity 56540K, committed 56704K, reserved 1097728K
  class space    used 7591K, capacity 8755K, committed 8832K, reserved 1048576K
Event: 46.029 GC heap after
Heap after GC invocations=45 (full 6):
 PSYoungGen      total 445952K, used 17941K [0x00000000d5f00000, 0x00000000f7800000, 0x0000000100000000)
  eden space 342016K, 0% used [0x00000000d5f00000,0x00000000d5f00000,0x00000000ead00000)
  from space 103936K, 17% used [0x00000000ead00000,0x00000000ebe857a8,0x00000000f1280000)
  to   space 98816K, 0% used [0x00000000f1780000,0x00000000f1780000,0x00000000f7800000)
 ParOldGen       total 341504K, used 226301K [0x0000000081c00000, 0x0000000096980000, 0x00000000d5f00000)
  object space 341504K, 66% used [0x0000000081c00000,0x000000008f8ff4d8,0x0000000096980000)
 Metaspace       used 52222K, capacity 56540K, committed 56704K, reserved 1097728K
  class space    used 7591K, capacity 8755K, committed 8832K, reserved 1048576K
}
Event: 46.280 GC heap before
{Heap before GC invocations=46 (full 6):
 PSYoungGen      total 445952K, used 359957K [0x00000000d5f00000, 0x00000000f7800000, 0x0000000100000000)
  eden space 342016K, 100% used [0x00000000d5f00000,0x00000000ead00000,0x00000000ead00000)
  from space 103936K, 17% used [0x00000000ead00000,0x00000000ebe857a8,0x00000000f1280000)
  to   space 98816K, 0% used [0x00000000f1780000,0x00000000f1780000,0x00000000f7800000)
 ParOldGen       total 341504K, used 226301K [0x0000000081c00000, 0x0000000096980000, 0x00000000d5f00000)
  object space 341504K, 66% used [0x0000000081c00000,0x000000008f8ff4d8,0x0000000096980000)
 Metaspace       used 52423K, capacity 56796K, committed 56960K, reserved 1097728K
  class space    used 7624K, capacity 8819K, committed 8832K, reserved 1048576K
Event: 46.315 GC heap after
Heap after GC invocations=46 (full 6):
 PSYoungGen      total 453632K, used 23246K [0x00000000d5f00000, 0x00000000f9600000, 0x0000000100000000)
  eden space 354816K, 0% used [0x00000000d5f00000,0x00000000d5f00000,0x00000000eb980000)
  from space 98816K, 23% used [0x00000000f1780000,0x00000000f2e33a88,0x00000000f7800000)
  to   space 96256K, 0% used [0x00000000eb980000,0x00000000eb980000,0x00000000f1780000)
 ParOldGen       total 341504K, used 227590K [0x0000000081c00000, 0x0000000096980000, 0x00000000d5f00000)
  object space 341504K, 66% used [0x0000000081c00000,0x000000008fa41b30,0x0000000096980000)
 Metaspace       used 52423K, capacity 56796K, committed 56960K, reserved 1097728K
  class space    used 7624K, capacity 8819K, committed 8832K, reserved 1048576K
}

Deoptimization events (10 events):
Event: 42.855 Thread 0x000000001bfef800 Uncommon trap: reason=null_check action=make_not_entrant pc=0x000000000361324c method=sun.util.locale.provider.LocaleProviderAdapter.getAdapter(Ljava/lang/Class;Ljava/util/Locale;)Lsun/util/locale/provider/LocaleProviderAdapter; @ 24
Event: 42.863 Thread 0x000000001bfef800 Uncommon trap: reason=class_check action=maybe_recompile pc=0x000000000378ca20 method=com.google.common.collect.CollectCollectors.lambda$toImmutableMap$1(Ljava/util/function/Function;Ljava/util/function/Function;Lcom/google/common/collect/ImmutableMap$BuilaÜèànE@
Event: 42.864 Thread 0x000000001bfef800 Uncommon trap: reason=class_check action=maybe_recompile pc=0x000000000378ca20 method=com.google.common.collect.CollectCollectors.lambda$toImmutableMap$1(Ljava/util/function/Function;Ljava/util/function/Function;Lcom/google/common/collect/ImmutableMap$Buil6◊ÜänE@
Event: 42.864 Thread 0x000000001bfef800 Uncommon trap: reason=class_check action=maybe_recompile pc=0x000000000378ca20 method=com.google.common.collect.CollectCollectors.lambda$toImmutableMap$1(Ljava/util/function/Function;Ljava/util/function/Function;Lcom/google/common/collect/ImmutableMap$Buil˙
Event: 42.864 Thread 0x000000001bfef800 Uncommon trap: reason=class_check action=maybe_recompile pc=0x000000000378ca20 method=com.google.common.collect.CollectCollectors.lambda$toImmutableMap$1(Ljava/util/function/Function;Ljava/util/function/Function;Lcom/google/common/collect/ImmutableMap$Buil¥œæM¶E@
Event: 43.299 Thread 0x000000001bfef800 Uncommon trap: reason=bimorphic action=maybe_recompile pc=0x0000000003397410 method=com.google.common.collect.ImmutableSet.construct(I[Ljava/lang/Object;)Lcom/google/common/collect/ImmutableSet; @ 84
Event: 43.361 Thread 0x000000001bfef800 Uncommon trap: reason=bimorphic action=maybe_recompile pc=0x0000000003397410 method=com.google.common.collect.ImmutableSet.construct(I[Ljava/lang/Object;)Lcom/google/common/collect/ImmutableSet; @ 84
Event: 43.608 Thread 0x000000001bfef800 Uncommon trap: reason=bimorphic action=maybe_recompile pc=0x0000000003397410 method=com.google.common.collect.ImmutableSet.construct(I[Ljava/lang/Object;)Lcom/google/common/collect/ImmutableSet; @ 84
Event: 43.617 Thread 0x000000001bfef800 Uncommon trap: reason=bimorphic action=maybe_recompile pc=0x0000000003397410 method=com.google.common.collect.ImmutableSet.construct(I[Ljava/lang/Object;)Lcom/google/common/collect/ImmutableSet; @ 84
Event: 45.482 Thread 0x000000001bfef800 Uncommon trap: reason=unstable_if action=reinterpret pc=0x0000000002d5b0dc method=net.minecraftforge.common.asm.ObjectHolderDefinalize.lambda$processClass$2(Lorg/objectweb/asm/tree/FieldNode;)Z @ 32

Internal exceptions (10 events):
Event: 46.338 Thread 0x000000001bfef800 Exception <a 'sun/nio/fs/WindowsException'> (0x00000000d731f5b8) thrown at [C:\re\workspace\8-2-build-windows-amd64-cygwin\jdk8u51\3951\hotspot\src\share\vm\prims\jni.cpp, line 709]
Event: 46.338 Thread 0x000000001bfef800 Exception <a 'sun/nio/fs/WindowsException'> (0x00000000d73204a0) thrown at [C:\re\workspace\8-2-build-windows-amd64-cygwin\jdk8u51\3951\hotspot\src\share\vm\prims\jni.cpp, line 709]
Event: 46.338 Thread 0x000000001bfef800 Exception <a 'sun/nio/fs/WindowsException'> (0x00000000d7320a10) thrown at [C:\re\workspace\8-2-build-windows-amd64-cygwin\jdk8u51\3951\hotspot\src\share\vm\prims\jni.cpp, line 709]
Event: 46.339 Thread 0x000000001bfef800 Exception <a 'sun/nio/fs/WindowsException'> (0x00000000d7321960) thrown at [C:\re\workspace\8-2-build-windows-amd64-cygwin\jdk8u51\3951\hotspot\src\share\vm\prims\jni.cpp, line 709]
Event: 46.339 Thread 0x000000001bfef800 Exception <a 'sun/nio/fs/WindowsException'> (0x00000000d7321f80) thrown at [C:\re\workspace\8-2-build-windows-amd64-cygwin\jdk8u51\3951\hotspot\src\share\vm\prims\jni.cpp, line 709]
Event: 46.353 Thread 0x000000001bfef800 Exception <a 'sun/nio/fs/WindowsException'> (0x00000000d7e4cb88) thrown at [C:\re\workspace\8-2-build-windows-amd64-cygwin\jdk8u51\3951\hotspot\src\share\vm\prims\jni.cpp, line 709]
Event: 46.353 Thread 0x000000001bfef800 Exception <a 'sun/nio/fs/WindowsException'> (0x00000000d7e4d0e8) thrown at [C:\re\workspace\8-2-build-windows-amd64-cygwin\jdk8u51\3951\hotspot\src\share\vm\prims\jni.cpp, line 709]
Event: 46.353 Thread 0x000000001bfef800 Exception <a 'sun/nio/fs/WindowsException'> (0x00000000d7e4dfd0) thrown at [C:\re\workspace\8-2-build-windows-amd64-cygwin\jdk8u51\3951\hotspot\src\share\vm\prims\jni.cpp, line 709]
Event: 46.353 Thread 0x000000001bfef800 Exception <a 'sun/nio/fs/WindowsException'> (0x00000000d7e4e540) thrown at [C:\re\workspace\8-2-build-windows-amd64-cygwin\jdk8u51\3951\hotspot\src\share\vm\prims\jni.cpp, line 709]
Event: 46.353 Thread 0x000000001bfef800 Exception <a 'sun/nio/fs/WindowsException'> (0x00000000d7e4f480) thrown at [C:\re\workspace\8-2-build-windows-amd64-cygwin\jdk8u51\3951\hotspot\src\share\vm\prims\jni.cpp, line 709]

Events (10 events):
Event: 46.349 loading class net/minecraft/world/biome/Biome
Event: 46.349 loading class net/minecraft/world/biome/Biome done
Event: 46.349 loading class net/minecraft/world/biome/Biome
Event: 46.349 loading class net/minecraft/world/biome/Biome done
Event: 46.349 loading class net/minecraft/world/biome/Biome
Event: 46.349 loading class net/minecraft/world/biome/Biome done
Event: 46.349 loading class net/minecraft/world/biome/Biome
Event: 46.350 loading class net/minecraft/world/biome/Biome done
Event: 46.352 loading class net/minecraft/world/biome/Biome
Event: 46.352 loading class net/minecraft/world/biome/Biome done


Dynamic libraries:
0x00007ff6f3cf0000 - 0x00007ff6f3d27000 	C:\Program Files (x86)\Minecraft\runtime\jre-x64\bin\java.exe
0x00007ffaa30d0000 - 0x00007ffaa32c5000 	C:\WINDOWS\SYSTEM32\ntdll.dll
0x00007ffaa20f0000 - 0x00007ffaa21ad000 	C:\WINDOWS\System32\KERNEL32.DLL
0x00007ffaa0a40000 - 0x00007ffaa0d07000 	C:\WINDOWS\System32\KERNELBASE.dll
0x00007ffaa2dd0000 - 0x00007ffaa2e7a000 	C:\WINDOWS\System32\ADVAPI32.dll
0x00007ffaa1210000 - 0x00007ffaa12ae000 	C:\WINDOWS\System32\msvcrt.dll
0x00007ffaa17a0000 - 0x00007ffaa183b000 	C:\WINDOWS\System32\sechost.dll
0x00007ffaa2f60000 - 0x00007ffaa3084000 	C:\WINDOWS\System32\RPCRT4.dll
0x00007ffaa1f50000 - 0x00007ffaa20f0000 	C:\WINDOWS\System32\USER32.dll
0x00007ffaa1100000 - 0x00007ffaa1122000 	C:\WINDOWS\System32\win32u.dll
0x00007ffaa1f00000 - 0x00007ffaa1f2a000 	C:\WINDOWS\System32\GDI32.dll
0x00007ffaa0de0000 - 0x00007ffaa0ee9000 	C:\WINDOWS\System32\gdi32full.dll
0x00007ffaa0840000 - 0x00007ffaa08dd000 	C:\WINDOWS\System32\msvcp_win.dll
0x00007ffaa08e0000 - 0x00007ffaa09e0000 	C:\WINDOWS\System32\ucrtbase.dll
0x00007ffa84450000 - 0x00007ffa846eb000 	C:\WINDOWS\WinSxS\amd64_microsoft.windows.common-controls_6595b64144ccf1df_6.0.19041.488_none_ca04af081b815d21\COMCTL32.dll
0x00007ffaa12b0000 - 0x00007ffaa12e0000 	C:\WINDOWS\System32\IMM32.DLL
0x0000000070c00000 - 0x0000000070cd2000 	C:\Program Files (x86)\Minecraft\runtime\jre-x64\bin\msvcr100.dll
0x0000000070370000 - 0x0000000070bf3000 	C:\Program Files (x86)\Minecraft\runtime\jre-x64\bin\server\jvm.dll
0x00007ffaa1ef0000 - 0x00007ffaa1ef8000 	C:\WINDOWS\System32\PSAPI.DLL
0x00007ffa96bc0000 - 0x00007ffa96bc9000 	C:\WINDOWS\SYSTEM32\WSOCK32.dll
0x00007ffaa1650000 - 0x00007ffaa16bb000 	C:\WINDOWS\System32\WS2_32.dll
0x00007ffa998f0000 - 0x00007ffa99917000 	C:\WINDOWS\SYSTEM32\WINMM.dll
0x00007ffa990e0000 - 0x00007ffa990ea000 	C:\WINDOWS\SYSTEM32\VERSION.dll
0x0000000070360000 - 0x000000007036f000 	C:\Program Files (x86)\Minecraft\runtime\jre-x64\bin\verify.dll
0x0000000070330000 - 0x0000000070359000 	C:\Program Files (x86)\Minecraft\runtime\jre-x64\bin\java.dll
0x0000000070300000 - 0x0000000070323000 	C:\Program Files (x86)\Minecraft\runtime\jre-x64\bin\instrument.dll
0x00000000702e0000 - 0x00000000702f6000 	C:\Program Files (x86)\Minecraft\runtime\jre-x64\bin\zip.dll
0x00007ffaa2680000 - 0x00007ffaa2dc1000 	C:\WINDOWS\System32\SHELL32.dll
0x00007ffa9e830000 - 0x00007ffa9efc3000 	C:\WINDOWS\SYSTEM32\windows.storage.dll
0x00007ffaa1b80000 - 0x00007ffaa1ed5000 	C:\WINDOWS\System32\combase.dll
0x00007ffaa00e0000 - 0x00007ffaa010c000 	C:\WINDOWS\SYSTEM32\Wldp.dll
0x00007ffaa1400000 - 0x00007ffaa14ae000 	C:\WINDOWS\System32\SHCORE.dll
0x00007ffaa19f0000 - 0x00007ffaa1a45000 	C:\WINDOWS\System32\shlwapi.dll
0x00007ffaa0740000 - 0x00007ffaa0766000 	C:\WINDOWS\SYSTEM32\profapi.dll
0x00007ffa9a8c0000 - 0x00007ffa9a8da000 	C:\Users\ervin_1nmnhvl\AppData\Local\JetBrains\Toolbox\apps\IDEA-U\ch-0\202.6397.94\bin\breakgen64.dll
0x00000000702c0000 - 0x00000000702da000 	C:\Program Files (x86)\Minecraft\runtime\jre-x64\bin\net.dll
0x00007ffa9fed0000 - 0x00007ffa9ff3a000 	C:\WINDOWS\system32\mswsock.dll
0x00000000702b0000 - 0x00000000702bd000 	C:\Program Files (x86)\Minecraft\runtime\jre-x64\bin\management.dll
0x00007ffa6b200000 - 0x00007ffa6b217000 	C:\WINDOWS\system32\napinsp.dll
0x00007ffa6b220000 - 0x00007ffa6b23b000 	C:\WINDOWS\system32\pnrpnsp.dll
0x00007ffa9b5c0000 - 0x00007ffa9b5d5000 	C:\WINDOWS\system32\wshbth.dll
0x00007ffa9be80000 - 0x00007ffa9be9d000 	C:\WINDOWS\system32\NLAapi.dll
0x00007ffa9fbe0000 - 0x00007ffa9fc1b000 	C:\WINDOWS\SYSTEM32\IPHLPAPI.DLL
0x00007ffa9fc20000 - 0x00007ffa9fceb000 	C:\WINDOWS\SYSTEM32\DNSAPI.dll
0x00007ffaa2e80000 - 0x00007ffaa2e89000 	C:\WINDOWS\System32\NSI.dll
0x00007ffa6b240000 - 0x00007ffa6b252000 	C:\WINDOWS\System32\winrnr.dll
0x00007ffa913a0000 - 0x00007ffa913aa000 	C:\Windows\System32\rasadhlp.dll
0x00007ffa94450000 - 0x00007ffa944cf000 	C:\WINDOWS\System32\fwpuclnt.dll
0x00007ffaa0810000 - 0x00007ffaa0837000 	C:\WINDOWS\System32\bcrypt.dll
0x0000000070290000 - 0x00000000702a1000 	C:\Program Files (x86)\Minecraft\runtime\jre-x64\bin\nio.dll
0x0000000070260000 - 0x0000000070284000 	C:\Program Files (x86)\Minecraft\runtime\jre-x64\bin\sunec.dll
0x00007ffaa0410000 - 0x00007ffaa0428000 	C:\WINDOWS\SYSTEM32\CRYPTSP.dll
0x00007ffa9f780000 - 0x00007ffa9f7b4000 	C:\WINDOWS\system32\rsaenh.dll
0x00007ffaa0700000 - 0x00007ffaa072e000 	C:\WINDOWS\SYSTEM32\USERENV.dll
0x00007ffaa0d60000 - 0x00007ffaa0ddf000 	C:\WINDOWS\System32\bcryptprimitives.dll
0x00007ffaa0050000 - 0x00007ffaa005c000 	C:\WINDOWS\SYSTEM32\CRYPTBASE.dll
0x00007ffa96460000 - 0x00007ffa96477000 	C:\WINDOWS\SYSTEM32\dhcpcsvc6.DLL
0x00007ffa95b90000 - 0x00007ffa95bad000 	C:\WINDOWS\SYSTEM32\dhcpcsvc.DLL
0x00007ffa7d5d0000 - 0x00007ffa7d642000 	C:\Users\ervin_1nmnhvl\AppData\Local\Temp\lwjglervin_1nmnhvl\3.2.2-build-10\lwjgl.dll
0x00007ffa6bdc0000 - 0x00007ffa6c011000 	C:\Users\ERVIN_~1\AppData\Local\Temp\lwjglervin_1nmnhvl\3.2.2-build-10\jemalloc.dll
0x00007ffa7d570000 - 0x00007ffa7d5ce000 	C:\Users\ERVIN_~1\AppData\Local\Temp\lwjglervin_1nmnhvl\3.2.2-build-10\glfw.dll
0x00007ffa9e060000 - 0x00007ffa9e0ff000 	C:\WINDOWS\system32\uxtheme.dll
0x00007ffa7d520000 - 0x00007ffa7d565000 	C:\WINDOWS\SYSTEM32\dinput8.dll
0x00007ffa9a460000 - 0x00007ffa9a471000 	C:\WINDOWS\SYSTEM32\xinput1_4.dll
0x00007ffaa0d10000 - 0x00007ffaa0d5d000 	C:\WINDOWS\System32\cfgmgr32.dll
0x00007ffaa04f0000 - 0x00007ffaa051c000 	C:\WINDOWS\SYSTEM32\DEVOBJ.dll
0x00007ffa9e330000 - 0x00007ffa9e35f000 	C:\WINDOWS\SYSTEM32\dwmapi.dll
0x00007ffa90160000 - 0x00007ffa902b2000 	C:\WINDOWS\SYSTEM32\inputhost.dll
0x00007ffaa2e90000 - 0x00007ffaa2f5d000 	C:\WINDOWS\System32\OLEAUT32.dll
0x00007ffa9d840000 - 0x00007ffa9d932000 	C:\WINDOWS\SYSTEM32\CoreMessaging.dll
0x00007ffa9bc50000 - 0x00007ffa9bd47000 	C:\WINDOWS\SYSTEM32\PROPSYS.dll
0x00007ffa9d170000 - 0x00007ffa9d2c6000 	C:\WINDOWS\SYSTEM32\wintypes.dll
0x00007ffa9d940000 - 0x00007ffa9dc9a000 	C:\WINDOWS\SYSTEM32\CoreUIComponents.dll
0x00007ffa9e810000 - 0x00007ffa9e823000 	C:\WINDOWS\SYSTEM32\kernel.appcore.dll
0x00007ffa9f420000 - 0x00007ffa9f453000 	C:\WINDOWS\SYSTEM32\ntmarta.dll
0x00007ffaa12e0000 - 0x00007ffaa13f5000 	C:\WINDOWS\System32\MSCTF.dll
0x00007ffa9efd0000 - 0x00007ffa9efdd000 	C:\WINDOWS\SYSTEM32\HID.DLL
0x00007ffaa21b0000 - 0x00007ffaa2617000 	C:\WINDOWS\System32\SETUPAPI.DLL
0x00007ffaa09e0000 - 0x00007ffaa0a40000 	C:\WINDOWS\System32\WINTRUST.dll
0x00007ffaa0fa0000 - 0x00007ffaa10fd000 	C:\WINDOWS\System32\CRYPT32.dll
0x00007ffaa04d0000 - 0x00007ffaa04e2000 	C:\WINDOWS\SYSTEM32\MSASN1.dll
0x00007ffa532b0000 - 0x00007ffa533d5000 	C:\WINDOWS\SYSTEM32\opengl32.dll
0x00007ffa72070000 - 0x00007ffa7209c000 	C:\WINDOWS\SYSTEM32\GLU32.dll
0x00007ffaa14b0000 - 0x00007ffaa1558000 	C:\WINDOWS\System32\clbcatq.dll
0x00007ffa5f3d0000 - 0x00007ffa60054000 	C:\WINDOWS\SYSTEM32\ig4icd64.dll
0x00007ffa9f030000 - 0x00007ffa9f123000 	C:\WINDOWS\SYSTEM32\dxgi.dll
0x00007ffa9c970000 - 0x00007ffa9cbd3000 	C:\WINDOWS\SYSTEM32\d3d11.dll
0x00007ffa6a5b0000 - 0x00007ffa6b200000 	C:\WINDOWS\SYSTEM32\igd10umd64.dll
0x00007ffa959c0000 - 0x00007ffa959fb000 	C:\WINDOWS\SYSTEM32\dxcore.dll
0x00007ffa7d4a0000 - 0x00007ffa7d51f000 	C:\Users\ervin_1nmnhvl\AppData\Local\Temp\lwjglervin_1nmnhvl\3.2.2-build-10\lwjgl_stb.dll
0x00007ffa9aaa0000 - 0x00007ffa9ab4e000 	C:\WINDOWS\SYSTEM32\mscms.dll
0x00007ffa9a930000 - 0x00007ffa9a941000 	C:\WINDOWS\SYSTEM32\ColorAdapterClient.dll
0x00007ffa767c0000 - 0x00007ffa76803000 	C:\WINDOWS\SYSTEM32\icm32.dll
0x00007ffa90060000 - 0x00007ffa9015d000 	C:\WINDOWS\SYSTEM32\textinputframework.dll
0x00007ffa76760000 - 0x00007ffa767b8000 	C:\Users\ervin_1nmnhvl\AppData\Local\Temp\lwjglervin_1nmnhvl\3.2.2-build-10\lwjgl_opengl.dll

VM Arguments:
jvm_args: -Dforge.logging.console.level=debug -Dforge.logging.markers=SCAN,REGISTRIES,REGISTRYDUMP -XX:HeapDumpPath=MojangTricksIntelDriversForPerformance_javaw.exe_minecraft.exe.heapdump -Dos.name=Windows 10 -Dos.version=10.0 -javaagent:C:\Users\ervin_1nmnhvl\AppData\Local\JetBrains\Toolbox\apps\IDEA-U\ch-0\202.6397.94\lib\idea_rt.jar=56896:C:\Users\ervin_1nmnhvl\AppData\Local\JetBrains\Toolbox\apps\IDEA-U\ch-0\202.6397.94\bin -Dfile.encoding=UTF-8 
java_command: net.minecraftforge.userdev.LaunchTesting
java_class_path (initial): C:\Program Files (x86)\Minecraft\runtime\jre-x64\lib\charsets.jar;C:\Program Files (x86)\Minecraft\runtime\jre-x64\lib\deploy.jar;C:\Program Files (x86)\Minecraft\runtime\jre-x64\lib\ext\access-bridge-64.jar;C:\Program Files (x86)\Minecraft\runtime\jre-x64\lib\ext\cldrdata.jar;C:\Program Files (x86)\Minecraft\runtime\jre-x64\lib\ext\dnsns.jar;C:\Program Files (x86)\Minecraft\runtime\jre-x64\lib\ext\jaccess.jar;C:\Program Files (x86)\Minecraft\runtime\jre-x64\lib\ext\jfxrt.jar;C:\Program Files (x86)\Minecraft\runtime\jre-x64\lib\ext\localedata.jar;C:\Program Files (x86)\Minecraft\runtime\jre-x64\lib\ext\nashorn.jar;C:\Program Files (x86)\Minecraft\runtime\jre-x64\lib\ext\sunec.jar;C:\Program Files (x86)\Minecraft\runtime\jre-x64\lib\ext\sunjce_provider.jar;C:\Program Files (x86)\Minecraft\runtime\jre-x64\lib\ext\sunmscapi.jar;C:\Program Files (x86)\Minecraft\runtime\jre-x64\lib\ext\sunpkcs11.jar;C:\Program Files (x86)\Minecraft\runtime\jre-x64\lib\ext\zipfs.jar;C:\Program Files (x86)\Minecraft\runtime\jre-x64\lib\javaws.jar;C:\Program Files (x86)\Minecraft\runtime\jre-x64\lib\jce.jar;C:\Program Files (x86)\Minecraft\runtime\jre-x64\lib\jfr.jar;C:\Program Files (x86)\Minecraft\runtime\jre-x64\lib\jfxswt.jar;C:\Program Files (x86)\Minecraft\runtime\jre-x64\lib\jsse.jar;C:\Program Files (x86)\Minecraft\runtime\jre-x64\lib\management-agent.jar;C:\Program Files (x86)\Minecraft\runtime\jre-x64\lib\plugin.jar;C:\Program Files (x86)\Minecraft\runtime\jre-x64\lib\resources.jar;C:\Program Files (x86)\Minecraft\runtime\jre-x64\lib\rt.jar;C:\save\modding\ervin_mod_1\build\classes\java\main;C:\save\modding\ervin_mod_1\build\resources\main;C:\Users\ervin_1nmnhvl\.gradle\caches\forge_gradle\minecraft_user_repo\net\minecraftforge\forge\1.16.1-32.0.75_mapped_snapshot_20200723-1.16.1\forge-1.16.1-32.0.75_mapped_snapshot_20200723-1.16.1-recomp.jar;C:\Users\ervin_1nmnhvl\.gradle\caches\forge_gradle\minecraft_user_repo\net\minecraftforge\forge\1.16.1-32.0.75_
Launcher Type: SUN_STANDARD

Environment Variables:
JAVA_HOME=C:\Program Files\Java\jdk-11.0.4
PATH=C:\Program Files\Docker\Docker\Resources\bin;C:\ProgramData\Oracle\Java\javapath;C:\WINDOWS\system32;C:\WINDOWS;C:\WINDOWS\System32\Wbem;C:\WINDOWS\System32\WindowsPowerShell\v1.0\;C:\Program Files (x86)\cloudControl;C:\Program Files\Git\cmd;C:\bin;C:\Program Files (x86)\Windows Kits\8.1\Windows Performance Toolkit\;C:\Program Files (x86)\PuTTY\;C:\Program Files (x86)\Nodist\bin;G:\save\sdk\android\tools;G:\save\sdk\android\platform-tools;C:\boxfuse;C:\Program Files (x86)\Skype\Phone\;C:\Program Files (x86)\GtkSharp\2.12\bin;C:\Program Files (x86)\IVI Foundation\VISA\WinNT\Bin;C:\WINDOWS\system32;C:\WINDOWS;C:\WINDOWS\System32\Wbem;C:\WINDOWS\System32\WindowsPowerShell\v1.0\;;C:\WINDOWS\System32\OpenSSH\;C:\Users\ervin_1nmnhvl\AppData\Local\Microsoft\WindowsApps;
USERNAME=ervin_1nmnhvl
OS=Windows_NT
PROCESSOR_IDENTIFIER=Intel64 Family 6 Model 42 Stepping 7, GenuineIntel



---------------  S Y S T E M  ---------------

OS: Windows 10.0 , 64 bit Build 19041 (10.0.19041.292)

CPU:total 4 (2 cores per cpu, 2 threads per core) family 6 model 42 stepping 7, cmov, cx8, fxsr, mmx, sse, sse2, sse3, ssse3, sse4.1, sse4.2, popcnt, avx, aes, clmul, ht, tsc, tscinvbit

Memory: 4k page, physical 8266764k(669928k free), swap 10363916k(5136k free)

vm_info: Java HotSpot(TM) 64-Bit Server VM (25.51-b03) for windows-amd64 JRE (1.8.0_51-b16), built on Jun  8 2015 18:03:07 by "java_re" with MS VC++ 10.0 (VS2010)

time: Wed Sep 30 10:21:51 2020
elapsed time: 46 seconds (0d 0h 0m 46s)

