#
# There is insufficient memory for the Java Runtime Environment to continue.
# Native memory allocation (malloc) failed to allocate 352976 bytes for Chunk::new
# Possible reasons:
#   The system is out of physical RAM or swap space
#   In 32 bit mode, the process size limit was hit
# Possible solutions:
#   Reduce memory load on the system
#   Increase physical memory or swap space
#   Check if swap backing store is full
#   Use 64 bit Java on a 64 bit OS
#   Decrease Java heap size (-Xmx/-Xms)
#   Decrease number of Java threads
#   Decrease Java thread stack sizes (-Xss)
#   Set larger code cache with -XX:ReservedCodeCacheSize=
# This output file may be truncated or incomplete.
#
#  Out of Memory Error (allocation.cpp:390), pid=4296, tid=14836
#
# JRE version: Java(TM) SE Runtime Environment (8.0_51-b16) (build 1.8.0_51-b16)
# Java VM: Java HotSpot(TM) 64-Bit Server VM (25.51-b03 mixed mode windows-amd64 compressed oops)
# Failed to write core dump. Minidumps are not enabled by default on client versions of Windows
#

---------------  T H R E A D  ---------------

Current thread (0x0000000019367000):  JavaThread "C2 CompilerThread0" daemon [_thread_in_native, id=14836, stack(0x0000000019480000,0x0000000019580000)]

Stack: [0x0000000019480000,0x0000000019580000]
Native frames: (J=compiled Java code, j=interpreted, Vv=VM code, C=native code)
V  [jvm.dll+0x32b4ca]
V  [jvm.dll+0x2797e3]
V  [jvm.dll+0x27a479]
V  [jvm.dll+0x271765]
V  [jvm.dll+0xcba02]
V  [jvm.dll+0xcbecc]
V  [jvm.dll+0x476f72]
V  [jvm.dll+0x4b95ff]
V  [jvm.dll+0x46c011]
V  [jvm.dll+0x46cd4e]
V  [jvm.dll+0x4501a2]
V  [jvm.dll+0xa43a2]
V  [jvm.dll+0xa4cdf]
V  [jvm.dll+0x2418a4]
V  [jvm.dll+0x29846a]
C  [msvcr100.dll+0x21d9f]
C  [msvcr100.dll+0x21e3b]
C  [KERNEL32.DLL+0x17034]
C  [ntdll.dll+0x4cec1]


Current CompileTask:
C2:  42998 7770  s    4       sun.net.www.protocol.file.Handler::openConnection (7 bytes)


---------------  P R O C E S S  ---------------

Java Threads: ( => current thread )
  0x00000000235a4800 JavaThread "Worker-Bootstrap-3" daemon [_thread_in_Java, id=18960, stack(0x00000000256a0000,0x00000000257a0000)]
  0x00000000235a1800 JavaThread "Worker-Bootstrap-2" daemon [_thread_in_Java, id=14264, stack(0x0000000022770000,0x0000000022870000)]
  0x00000000235a4000 JavaThread "Worker-Bootstrap-1" daemon [_thread_in_Java, id=12856, stack(0x00000000215d0000,0x00000000216d0000)]
  0x00000000235a2800 JavaThread "pool-3-thread-1" [_thread_in_vm, id=18472, stack(0x000000001b890000,0x000000001b990000)]
  0x000000001a3d5000 JavaThread "pool-2-thread-1" daemon [_thread_blocked, id=15480, stack(0x0000000020d10000,0x0000000020e10000)]
  0x0000000019b24800 JavaThread "Thread-3" daemon [_thread_blocked, id=13596, stack(0x0000000020e20000,0x0000000020f20000)]
  0x000000001adfd000 JavaThread "Thread-2" daemon [_thread_in_native, id=17372, stack(0x000000001ce60000,0x000000001cf60000)]
  0x0000000019a04800 JavaThread "Thread-1" daemon [_thread_blocked, id=13436, stack(0x000000001cd60000,0x000000001ce60000)]
  0x000000001937e800 JavaThread "Service Thread" daemon [_thread_blocked, id=10640, stack(0x0000000019f80000,0x000000001a080000)]
  0x000000001936c000 JavaThread "C1 CompilerThread2" daemon [_thread_in_vm, id=11348, stack(0x0000000019680000,0x0000000019780000)]
  0x000000001936a000 JavaThread "C2 CompilerThread1" daemon [_thread_in_native, id=17536, stack(0x0000000019580000,0x0000000019680000)]
=>0x0000000019367000 JavaThread "C2 CompilerThread0" daemon [_thread_in_native, id=14836, stack(0x0000000019480000,0x0000000019580000)]
  0x0000000017a7e800 JavaThread "Monitor Ctrl-Break" daemon [_thread_in_native, id=16952, stack(0x0000000019380000,0x0000000019480000)]
  0x0000000017a32800 JavaThread "Attach Listener" daemon [_thread_blocked, id=11104, stack(0x0000000018e80000,0x0000000018f80000)]
  0x0000000017a31000 JavaThread "Signal Dispatcher" daemon [_thread_blocked, id=900, stack(0x0000000018d80000,0x0000000018e80000)]
  0x0000000002d49800 JavaThread "Finalizer" daemon [_thread_blocked, id=16576, stack(0x0000000018c80000,0x0000000018d80000)]
  0x0000000002d46000 JavaThread "Reference Handler" daemon [_thread_blocked, id=19276, stack(0x0000000018b80000,0x0000000018c80000)]
  0x0000000002c52800 JavaThread "main" [_thread_blocked, id=15748, stack(0x0000000002b50000,0x0000000002c50000)]

Other Threads:
  0x00000000179e9000 VMThread [stack: 0x0000000018a80000,0x0000000018b80000] [id=17328]
  0x00000000197ea800 WatcherThread [stack: 0x000000001a080000,0x000000001a180000] [id=9200]

VM state:not at safepoint (normal execution)

VM Mutex/Monitor currently owned by a thread: None

Heap:
 PSYoungGen      total 390144K, used 328271K [0x00000000d5f00000, 0x00000000f6400000, 0x0000000100000000)
  eden space 289280K, 99% used [0x00000000d5f00000,0x00000000e76e9ef0,0x00000000e7980000)
  from space 100864K, 41% used [0x00000000e7980000,0x00000000ea229f40,0x00000000edc00000)
  to   space 98816K, 0% used [0x00000000f0380000,0x00000000f0380000,0x00000000f6400000)
 ParOldGen       total 356864K, used 176327K [0x0000000081c00000, 0x0000000097880000, 0x00000000d5f00000)
  object space 356864K, 49% used [0x0000000081c00000,0x000000008c831c68,0x0000000097880000)
 Metaspace       used 49618K, capacity 53618K, committed 53888K, reserved 1095680K
  class space    used 7036K, capacity 8050K, committed 8064K, reserved 1048576K

Card table byte_map: [0x00000000122b0000,0x00000000126b0000] byte_map_base: 0x0000000011ea2000

Marking Bits: (ParMarkBitMap*) 0x000000005abb4040
 Begin Bits: [0x0000000012d60000, 0x0000000014cf0000)
 End Bits:   [0x0000000014cf0000, 0x0000000016c80000)

Polling page: 0x0000000001190000

CodeCache: size=245760Kb used=19469Kb max_used=19469Kb free=226290Kb
 bounds [0x0000000002ef0000, 0x0000000004240000, 0x0000000011ef0000]
 total_blobs=7449 nmethods=6299 adapters=1060
 compilation: enabled

Compilation events (10 events):
Event: 42.753 Thread 0x000000001936a000 nmethod 7765 0x000000000367c9d0 code [0x000000000367cb20, 0x000000000367cc68]
Event: 42.753 Thread 0x000000001936a000 7766       4       org.objectweb.asm.AnnotationWriter::putAnnotations (67 bytes)
Event: 42.830 Thread 0x0000000019367000 nmethod 7763 0x00000000040c9290 code [0x00000000040c93e0, 0x00000000040c9798]
Event: 42.830 Thread 0x000000001936a000 nmethod 7766 0x0000000003ddc790 code [0x0000000003ddc920, 0x0000000003ddcbb0]
Event: 42.830 Thread 0x000000001936c000 7768       3       sun.misc.FloatingDecimal::getBinaryToASCIIConverter (183 bytes)
Event: 42.830 Thread 0x0000000019367000 7767       4       org.objectweb.asm.Attribute::putAttributes (78 bytes)
Event: 42.831 Thread 0x000000001936c000 nmethod 7768 0x0000000004125890 code [0x0000000004125a60, 0x00000000041262a8]
Event: 42.837 Thread 0x0000000019367000 nmethod 7767 0x00000000040ca650 code [0x00000000040ca800, 0x00000000040cade0]
Event: 42.874 Thread 0x000000001936a000 7769   !   4       sun.nio.fs.WindowsChannelFactory::open (423 bytes)
Event: 42.929 Thread 0x0000000019367000 7770  s    4       sun.net.www.protocol.file.Handler::openConnection (7 bytes)

GC Heap History (10 events):
Event: 41.397 GC heap before
{Heap before GC invocations=30 (full 7):
 PSYoungGen      total 323072K, used 278143K [0x00000000d5f00000, 0x00000000f0500000, 0x0000000100000000)
  eden space 213504K, 100% used [0x00000000d5f00000,0x00000000e2f80000,0x00000000e2f80000)
  from space 109568K, 58% used [0x00000000e9a00000,0x00000000ed91fd90,0x00000000f0500000)
  to   space 109056K, 0% used [0x00000000e2f80000,0x00000000e2f80000,0x00000000e9a00000)
 ParOldGen       total 356864K, used 153234K [0x0000000081c00000, 0x0000000097880000, 0x00000000d5f00000)
  object space 356864K, 42% used [0x0000000081c00000,0x000000008b1a4b50,0x0000000097880000)
 Metaspace       used 48420K, capacity 52400K, committed 52608K, reserved 1093632K
  class space    used 6735K, capacity 7713K, committed 7808K, reserved 1048576K
Event: 41.475 GC heap after
Heap after GC invocations=30 (full 7):
 PSYoungGen      total 322560K, used 57691K [0x00000000d5f00000, 0x00000000f2100000, 0x0000000100000000)
  eden space 213504K, 0% used [0x00000000d5f00000,0x00000000d5f00000,0x00000000e2f80000)
  from space 109056K, 52% used [0x00000000e2f80000,0x00000000e67d6d90,0x00000000e9a00000)
  to   space 105472K, 0% used [0x00000000eba00000,0x00000000eba00000,0x00000000f2100000)
 ParOldGen       total 356864K, used 153234K [0x0000000081c00000, 0x0000000097880000, 0x00000000d5f00000)
  object space 356864K, 42% used [0x0000000081c00000,0x000000008b1a4b50,0x0000000097880000)
 Metaspace       used 48420K, capacity 52400K, committed 52608K, reserved 1093632K
  class space    used 6735K, capacity 7713K, committed 7808K, reserved 1048576K
}
Event: 41.583 GC heap before
{Heap before GC invocations=31 (full 7):
 PSYoungGen      total 322560K, used 271195K [0x00000000d5f00000, 0x00000000f2100000, 0x0000000100000000)
  eden space 213504K, 100% used [0x00000000d5f00000,0x00000000e2f80000,0x00000000e2f80000)
  from space 109056K, 52% used [0x00000000e2f80000,0x00000000e67d6d90,0x00000000e9a00000)
  to   space 105472K, 0% used [0x00000000eba00000,0x00000000eba00000,0x00000000f2100000)
 ParOldGen       total 356864K, used 153980K [0x0000000081c00000, 0x0000000097880000, 0x00000000d5f00000)
  object space 356864K, 43% used [0x0000000081c00000,0x000000008b25f148,0x0000000097880000)
 Metaspace       used 48532K, capacity 52502K, committed 52608K, reserved 1093632K
  class space    used 6762K, capacity 7748K, committed 7808K, reserved 1048576K
Event: 41.650 GC heap after
Heap after GC invocations=31 (full 7):
 PSYoungGen      total 355328K, used 45735K [0x00000000d5f00000, 0x00000000f1d00000, 0x0000000100000000)
  eden space 253952K, 0% used [0x00000000d5f00000,0x00000000d5f00000,0x00000000e5700000)
  from space 101376K, 45% used [0x00000000eba00000,0x00000000ee6a9f18,0x00000000f1d00000)
  to   space 101376K, 0% used [0x00000000e5700000,0x00000000e5700000,0x00000000eba00000)
 ParOldGen       total 356864K, used 153980K [0x0000000081c00000, 0x0000000097880000, 0x00000000d5f00000)
  object space 356864K, 43% used [0x0000000081c00000,0x000000008b25f148,0x0000000097880000)
 Metaspace       used 48532K, capacity 52502K, committed 52608K, reserved 1093632K
  class space    used 6762K, capacity 7748K, committed 7808K, reserved 1048576K
}
Event: 41.831 GC heap before
{Heap before GC invocations=32 (full 7):
 PSYoungGen      total 355328K, used 299687K [0x00000000d5f00000, 0x00000000f1d00000, 0x0000000100000000)
  eden space 253952K, 100% used [0x00000000d5f00000,0x00000000e5700000,0x00000000e5700000)
  from space 101376K, 45% used [0x00000000eba00000,0x00000000ee6a9f18,0x00000000f1d00000)
  to   space 101376K, 0% used [0x00000000e5700000,0x00000000e5700000,0x00000000eba00000)
 ParOldGen       total 356864K, used 153980K [0x0000000081c00000, 0x0000000097880000, 0x00000000d5f00000)
  object space 356864K, 43% used [0x0000000081c00000,0x000000008b25f2e8,0x0000000097880000)
 Metaspace       used 48776K, capacity 52774K, committed 52992K, reserved 1093632K
  class space    used 6827K, capacity 7820K, committed 7936K, reserved 1048576K
Event: 41.927 GC heap after
Heap after GC invocations=32 (full 7):
 PSYoungGen      total 355328K, used 56521K [0x00000000d5f00000, 0x00000000f3c00000, 0x0000000100000000)
  eden space 253952K, 0% used [0x00000000d5f00000,0x00000000d5f00000,0x00000000e5700000)
  from space 101376K, 55% used [0x00000000e5700000,0x00000000e8e324c0,0x00000000eba00000)
  to   space 98304K, 0% used [0x00000000edc00000,0x00000000edc00000,0x00000000f3c00000)
 ParOldGen       total 356864K, used 153980K [0x0000000081c00000, 0x0000000097880000, 0x00000000d5f00000)
  object space 356864K, 43% used [0x0000000081c00000,0x000000008b25f2e8,0x0000000097880000)
 Metaspace       used 48776K, capacity 52774K, committed 52992K, reserved 1093632K
  class space    used 6827K, capacity 7820K, committed 7936K, reserved 1048576K
}
Event: 42.411 GC heap before
{Heap before GC invocations=33 (full 7):
 PSYoungGen      total 355328K, used 310473K [0x00000000d5f00000, 0x00000000f3c00000, 0x0000000100000000)
  eden space 253952K, 100% used [0x00000000d5f00000,0x00000000e5700000,0x00000000e5700000)
  from space 101376K, 55% used [0x00000000e5700000,0x00000000e8e324c0,0x00000000eba00000)
  to   space 98304K, 0% used [0x00000000edc00000,0x00000000edc00000,0x00000000f3c00000)
 ParOldGen       total 356864K, used 154119K [0x0000000081c00000, 0x0000000097880000, 0x00000000d5f00000)
  object space 356864K, 43% used [0x0000000081c00000,0x000000008b281d58,0x0000000097880000)
 Metaspace       used 49274K, capacity 53274K, committed 53632K, reserved 1095680K
  class space    used 6967K, capacity 7974K, committed 8064K, reserved 1048576K
Event: 42.557 GC heap after
Heap after GC invocations=33 (full 7):
 PSYoungGen      total 387584K, used 72698K [0x00000000d5f00000, 0x00000000f4080000, 0x0000000100000000)
  eden space 289280K, 0% used [0x00000000d5f00000,0x00000000d5f00000,0x00000000e7980000)
  from space 98304K, 73% used [0x00000000edc00000,0x00000000f22feb40,0x00000000f3c00000)
  to   space 100864K, 0% used [0x00000000e7980000,0x00000000e7980000,0x00000000edc00000)
 ParOldGen       total 356864K, used 172398K [0x0000000081c00000, 0x0000000097880000, 0x00000000d5f00000)
  object space 356864K, 48% used [0x0000000081c00000,0x000000008c45bb20,0x0000000097880000)
 Metaspace       used 49274K, capacity 53274K, committed 53632K, reserved 1095680K
  class space    used 6967K, capacity 7974K, committed 8064K, reserved 1048576K
}
Event: 42.756 GC heap before
{Heap before GC invocations=34 (full 7):
 PSYoungGen      total 387584K, used 361978K [0x00000000d5f00000, 0x00000000f4080000, 0x0000000100000000)
  eden space 289280K, 100% used [0x00000000d5f00000,0x00000000e7980000,0x00000000e7980000)
  from space 98304K, 73% used [0x00000000edc00000,0x00000000f22feb40,0x00000000f3c00000)
  to   space 100864K, 0% used [0x00000000e7980000,0x00000000e7980000,0x00000000edc00000)
 ParOldGen       total 356864K, used 172399K [0x0000000081c00000, 0x0000000097880000, 0x00000000d5f00000)
  object space 356864K, 48% used [0x0000000081c00000,0x000000008c45bc68,0x0000000097880000)
 Metaspace       used 49443K, capacity 53458K, committed 53632K, reserved 1095680K
  class space    used 7015K, capacity 8018K, committed 8064K, reserved 1048576K
Event: 42.821 GC heap after
Heap after GC invocations=34 (full 7):
 PSYoungGen      total 390144K, used 41639K [0x00000000d5f00000, 0x00000000f6400000, 0x0000000100000000)
  eden space 289280K, 0% used [0x00000000d5f00000,0x00000000d5f00000,0x00000000e7980000)
  from space 100864K, 41% used [0x00000000e7980000,0x00000000ea229f40,0x00000000edc00000)
  to   space 98816K, 0% used [0x00000000f0380000,0x00000000f0380000,0x00000000f6400000)
 ParOldGen       total 356864K, used 176327K [0x0000000081c00000, 0x0000000097880000, 0x00000000d5f00000)
  object space 356864K, 49% used [0x0000000081c00000,0x000000008c831c68,0x0000000097880000)
 Metaspace       used 49443K, capacity 53458K, committed 53632K, reserved 1095680K
  class space    used 7015K, capacity 8018K, committed 8064K, reserved 1048576K
}

Deoptimization events (10 events):
Event: 42.051 Thread 0x00000000235a2800 Uncommon trap: reason=class_check action=maybe_recompile pc=0x000000000382992c method=java.util.HashMap.removeNode(ILjava/lang/Object;Ljava/lang/Object;ZZ)Ljava/util/HashMap$Node; @ 68
Event: 42.051 Thread 0x00000000235a2800 Uncommon trap: reason=class_check action=maybe_recompile pc=0x000000000382992c method=java.util.HashMap.removeNode(ILjava/lang/Object;Ljava/lang/Object;ZZ)Ljava/util/HashMap$Node; @ 68
Event: 42.120 Thread 0x00000000235a2800 Uncommon trap: reason=speculate_class_check action=maybe_recompile pc=0x000000000382986c method=java.util.HashMap.removeNode(ILjava/lang/Object;Ljava/lang/Object;ZZ)Ljava/util/HashMap$Node; @ 283
Event: 42.120 Thread 0x00000000235a2800 Uncommon trap: reason=speculate_class_check action=maybe_recompile pc=0x000000000382986c method=java.util.HashMap.removeNode(ILjava/lang/Object;Ljava/lang/Object;ZZ)Ljava/util/HashMap$Node; @ 283
Event: 42.120 Thread 0x00000000235a2800 Uncommon trap: reason=speculate_class_check action=maybe_recompile pc=0x000000000382986c method=java.util.HashMap.removeNode(ILjava/lang/Object;Ljava/lang/Object;ZZ)Ljava/util/HashMap$Node; @ 283
Event: 42.120 Thread 0x00000000235a2800 Uncommon trap: reason=speculate_class_check action=maybe_recompile pc=0x000000000382986c method=java.util.HashMap.removeNode(ILjava/lang/Object;Ljava/lang/Object;ZZ)Ljava/util/HashMap$Node; @ 283
Event: 42.120 Thread 0x00000000235a2800 Uncommon trap: reason=class_check action=maybe_recompile pc=0x00000000037a3a2c method=java.util.HashMap.removeNode(ILjava/lang/Object;Ljava/lang/Object;ZZ)Ljava/util/HashMap$Node; @ 283
Event: 42.120 Thread 0x00000000235a2800 Uncommon trap: reason=class_check action=maybe_recompile pc=0x00000000037a3a2c method=java.util.HashMap.removeNode(ILjava/lang/Object;Ljava/lang/Object;ZZ)Ljava/util/HashMap$Node; @ 283
Event: 42.622 Thread 0x00000000235a4000 Uncommon trap: reason=null_check action=make_not_entrant pc=0x00000000038c84bc method=com.mojang.datafixers.types.templates.Product$ProductType.equals(Ljava/lang/Object;ZZ)Z @ 1
Event: 42.736 Thread 0x00000000235a2800 Uncommon trap: reason=unstable_if action=reinterpret pc=0x000000000360f360 method=org.objectweb.asm.SymbolTable.addConstantMemberReference(ILjava/lang/String;Ljava/lang/String;Ljava/lang/String;)Lorg/objectweb/asm/SymbolTable$Entry; @ 51

Internal exceptions (10 events):
Event: 42.917 Thread 0x00000000235a2800 Exception <a 'sun/nio/fs/WindowsException'> (0x00000000e05f2788) thrown at [C:\re\workspace\8-2-build-windows-amd64-cygwin\jdk8u51\3951\hotspot\src\share\vm\prims\jni.cpp, line 709]
Event: 42.917 Thread 0x00000000235a2800 Exception <a 'sun/nio/fs/WindowsException'> (0x00000000e05f2d48) thrown at [C:\re\workspace\8-2-build-windows-amd64-cygwin\jdk8u51\3951\hotspot\src\share\vm\prims\jni.cpp, line 709]
Event: 42.934 Thread 0x00000000235a2800 Exception <a 'sun/nio/fs/WindowsException'> (0x00000000e2777ba8) thrown at [C:\re\workspace\8-2-build-windows-amd64-cygwin\jdk8u51\3951\hotspot\src\share\vm\prims\jni.cpp, line 709]
Event: 42.934 Thread 0x00000000235a2800 Exception <a 'sun/nio/fs/WindowsException'> (0x00000000e27780e8) thrown at [C:\re\workspace\8-2-build-windows-amd64-cygwin\jdk8u51\3951\hotspot\src\share\vm\prims\jni.cpp, line 709]
Event: 42.934 Thread 0x00000000235a2800 Exception <a 'sun/nio/fs/WindowsException'> (0x00000000e2778fa0) thrown at [C:\re\workspace\8-2-build-windows-amd64-cygwin\jdk8u51\3951\hotspot\src\share\vm\prims\jni.cpp, line 709]
Event: 42.935 Thread 0x00000000235a2800 Exception <a 'sun/nio/fs/WindowsException'> (0x00000000e27794f0) thrown at [C:\re\workspace\8-2-build-windows-amd64-cygwin\jdk8u51\3951\hotspot\src\share\vm\prims\jni.cpp, line 709]
Event: 42.935 Thread 0x00000000235a2800 Exception <a 'sun/nio/fs/WindowsException'> (0x00000000e277a3a0) thrown at [C:\re\workspace\8-2-build-windows-amd64-cygwin\jdk8u51\3951\hotspot\src\share\vm\prims\jni.cpp, line 709]
Event: 42.935 Thread 0x00000000235a2800 Exception <a 'sun/nio/fs/WindowsException'> (0x00000000e277a970) thrown at [C:\re\workspace\8-2-build-windows-amd64-cygwin\jdk8u51\3951\hotspot\src\share\vm\prims\jni.cpp, line 709]
Event: 42.941 Thread 0x00000000235a2800 Exception <a 'sun/nio/fs/WindowsException'> (0x00000000e30ede70) thrown at [C:\re\workspace\8-2-build-windows-amd64-cygwin\jdk8u51\3951\hotspot\src\share\vm\prims\jni.cpp, line 709]
Event: 42.941 Thread 0x00000000235a2800 Exception <a 'sun/nio/fs/WindowsException'> (0x00000000e30ee3b0) thrown at [C:\re\workspace\8-2-build-windows-amd64-cygwin\jdk8u51\3951\hotspot\src\share\vm\prims\jni.cpp, line 709]

Events (10 events):
Event: 42.746 Thread 0x00000000235a2800 DEOPT PACKING pc=0x000000000360f360 sp=0x000000001b98cb40
Event: 42.746 Thread 0x00000000235a2800 DEOPT UNPACKING pc=0x0000000002f3582a sp=0x000000001b98cb40 mode 2
Event: 42.755 Executing VM operation: ParallelGCFailedAllocation
Event: 42.821 Executing VM operation: ParallelGCFailedAllocation done
Event: 42.924 loading class sun/net/ProgressMonitor
Event: 42.928 loading class sun/net/ProgressMonitor done
Event: 42.928 loading class sun/net/DefaultProgressMeteringPolicy
Event: 42.928 loading class sun/net/ProgressMeteringPolicy
Event: 42.928 loading class sun/net/ProgressMeteringPolicy done
Event: 42.928 loading class sun/net/DefaultProgressMeteringPolicy done


Dynamic libraries:
0x00007ff64d750000 - 0x00007ff64d787000 	C:\Program Files (x86)\Minecraft\runtime\jre-x64\bin\java.exe
0x00007ffa00410000 - 0x00007ffa00606000 	C:\WINDOWS\SYSTEM32\ntdll.dll
0x00007ff9ffb50000 - 0x00007ff9ffc0d000 	C:\WINDOWS\System32\KERNEL32.DLL
0x00007ff9fe1b0000 - 0x00007ff9fe478000 	C:\WINDOWS\System32\KERNELBASE.dll
0x00007ffa00320000 - 0x00007ffa003ca000 	C:\WINDOWS\System32\ADVAPI32.dll
0x00007ff9ff850000 - 0x00007ff9ff8ee000 	C:\WINDOWS\System32\msvcrt.dll
0x00007ff9feee0000 - 0x00007ff9fef7b000 	C:\WINDOWS\System32\sechost.dll
0x00007ff9ffdc0000 - 0x00007ff9ffee4000 	C:\WINDOWS\System32\RPCRT4.dll
0x00007ff9fff20000 - 0x00007ffa000c0000 	C:\WINDOWS\System32\USER32.dll
0x00007ff9fe0d0000 - 0x00007ff9fe0f2000 	C:\WINDOWS\System32\win32u.dll
0x00007ff9fe480000 - 0x00007ff9fe4aa000 	C:\WINDOWS\System32\GDI32.dll
0x00007ff9fdfc0000 - 0x00007ff9fe0c9000 	C:\WINDOWS\System32\gdi32full.dll
0x00007ff9fdec0000 - 0x00007ff9fdf5d000 	C:\WINDOWS\System32\msvcp_win.dll
0x00007ff9fdd70000 - 0x00007ff9fde70000 	C:\WINDOWS\System32\ucrtbase.dll
0x00007ff9fce70000 - 0x00007ff9fd10b000 	C:\WINDOWS\WinSxS\amd64_microsoft.windows.common-controls_6595b64144ccf1df_6.0.19041.488_none_ca04af081b815d21\COMCTL32.dll
0x00007ff9feb50000 - 0x00007ff9feb80000 	C:\WINDOWS\System32\IMM32.DLL
0x000000005ac40000 - 0x000000005ad12000 	C:\Program Files (x86)\Minecraft\runtime\jre-x64\bin\msvcr100.dll
0x000000005a3b0000 - 0x000000005ac33000 	C:\Program Files (x86)\Minecraft\runtime\jre-x64\bin\server\jvm.dll
0x00007ff9ffc10000 - 0x00007ff9ffc18000 	C:\WINDOWS\System32\PSAPI.DLL
0x00007ff9f6380000 - 0x00007ff9f63a7000 	C:\WINDOWS\SYSTEM32\WINMM.dll
0x00007ff9d9510000 - 0x00007ff9d9519000 	C:\WINDOWS\SYSTEM32\WSOCK32.dll
0x00007ff9ffc20000 - 0x00007ff9ffc8b000 	C:\WINDOWS\System32\WS2_32.dll
0x00007ff9f5d10000 - 0x00007ff9f5d1a000 	C:\WINDOWS\SYSTEM32\VERSION.dll
0x000000005a3a0000 - 0x000000005a3af000 	C:\Program Files (x86)\Minecraft\runtime\jre-x64\bin\verify.dll
0x000000005a370000 - 0x000000005a399000 	C:\Program Files (x86)\Minecraft\runtime\jre-x64\bin\java.dll
0x000000005a340000 - 0x000000005a363000 	C:\Program Files (x86)\Minecraft\runtime\jre-x64\bin\instrument.dll
0x000000005a320000 - 0x000000005a336000 	C:\Program Files (x86)\Minecraft\runtime\jre-x64\bin\zip.dll
0x00007ff9ff110000 - 0x00007ff9ff850000 	C:\WINDOWS\System32\SHELL32.dll
0x00007ff9fadb0000 - 0x00007ff9fb544000 	C:\WINDOWS\SYSTEM32\windows.storage.dll
0x00007ff9feb80000 - 0x00007ff9feed5000 	C:\WINDOWS\System32\combase.dll
0x00007ff9fcdd0000 - 0x00007ff9fcdfc000 	C:\WINDOWS\SYSTEM32\Wldp.dll
0x00007ff9ffd10000 - 0x00007ff9ffdbe000 	C:\WINDOWS\System32\SHCORE.dll
0x00007ff9ff8f0000 - 0x00007ff9ff945000 	C:\WINDOWS\System32\shlwapi.dll
0x00007ff9fda90000 - 0x00007ff9fdab6000 	C:\WINDOWS\SYSTEM32\profapi.dll
0x00007ff9fb840000 - 0x00007ff9fb85a000 	C:\Users\ervin_1nmnhvl\AppData\Local\JetBrains\Toolbox\apps\IDEA-U\ch-0\202.6397.94\bin\breakgen64.dll
0x000000005a300000 - 0x000000005a31a000 	C:\Program Files (x86)\Minecraft\runtime\jre-x64\bin\net.dll
0x00007ff9fcd00000 - 0x00007ff9fcd6a000 	C:\WINDOWS\system32\mswsock.dll
0x000000005a2f0000 - 0x000000005a2fd000 	C:\Program Files (x86)\Minecraft\runtime\jre-x64\bin\management.dll
0x00007ff9d8b50000 - 0x00007ff9d8b67000 	C:\WINDOWS\system32\napinsp.dll
0x00007ff9e4780000 - 0x00007ff9e479b000 	C:\WINDOWS\system32\pnrpnsp.dll
0x00007ff9f7b70000 - 0x00007ff9f7b85000 	C:\WINDOWS\system32\wshbth.dll
0x00007ff9f8770000 - 0x00007ff9f878d000 	C:\WINDOWS\system32\NLAapi.dll
0x00007ff9fc8b0000 - 0x00007ff9fc8eb000 	C:\WINDOWS\SYSTEM32\IPHLPAPI.DLL
0x00007ff9fc8f0000 - 0x00007ff9fc9bb000 	C:\WINDOWS\SYSTEM32\DNSAPI.dll
0x00007ff9fff10000 - 0x00007ff9fff19000 	C:\WINDOWS\System32\NSI.dll
0x00007ff9e8190000 - 0x00007ff9e81a2000 	C:\WINDOWS\System32\winrnr.dll
0x00007ff9ed5c0000 - 0x00007ff9ed5ca000 	C:\Windows\System32\rasadhlp.dll
0x00007ff9f0c90000 - 0x00007ff9f0d0f000 	C:\WINDOWS\System32\fwpuclnt.dll
0x00007ff9fdcc0000 - 0x00007ff9fdce7000 	C:\WINDOWS\System32\bcrypt.dll
0x000000005a2d0000 - 0x000000005a2e1000 	C:\Program Files (x86)\Minecraft\runtime\jre-x64\bin\nio.dll
0x000000005a2a0000 - 0x000000005a2c4000 	C:\Program Files (x86)\Minecraft\runtime\jre-x64\bin\sunec.dll
0x00007ff9fd820000 - 0x00007ff9fd838000 	C:\WINDOWS\SYSTEM32\CRYPTSP.dll
0x00007ff9fc470000 - 0x00007ff9fc4a4000 	C:\WINDOWS\system32\rsaenh.dll
0x00007ff9fda50000 - 0x00007ff9fda7e000 	C:\WINDOWS\SYSTEM32\USERENV.dll
0x00007ff9fdcf0000 - 0x00007ff9fdd6f000 	C:\WINDOWS\System32\bcryptprimitives.dll
0x00007ff9fcd90000 - 0x00007ff9fcd9c000 	C:\WINDOWS\SYSTEM32\CRYPTBASE.dll
0x00007ff9f3d30000 - 0x00007ff9f3d47000 	C:\WINDOWS\SYSTEM32\dhcpcsvc6.DLL
0x00007ff9f3d10000 - 0x00007ff9f3d2d000 	C:\WINDOWS\SYSTEM32\dhcpcsvc.DLL
0x00007ff9dbbd0000 - 0x00007ff9dbc42000 	C:\Users\ervin_1nmnhvl\AppData\Local\Temp\lwjglervin_1nmnhvl\3.2.2-build-10\lwjgl.dll
0x00007ff9c3a10000 - 0x00007ff9c3c61000 	C:\Users\ERVIN_~1\AppData\Local\Temp\lwjglervin_1nmnhvl\3.2.2-build-10\jemalloc.dll
0x00007ff9db840000 - 0x00007ff9db89e000 	C:\Users\ERVIN_~1\AppData\Local\Temp\lwjglervin_1nmnhvl\3.2.2-build-10\glfw.dll
0x00007ff9fa6d0000 - 0x00007ff9fa76f000 	C:\WINDOWS\system32\uxtheme.dll
0x00007ff9d61c0000 - 0x00007ff9d6205000 	C:\WINDOWS\SYSTEM32\dinput8.dll
0x00007ff9fb6a0000 - 0x00007ff9fb6b1000 	C:\WINDOWS\SYSTEM32\xinput1_4.dll
0x00007ff9fde70000 - 0x00007ff9fdebe000 	C:\WINDOWS\System32\cfgmgr32.dll
0x00007ff9fd840000 - 0x00007ff9fd86c000 	C:\WINDOWS\SYSTEM32\DEVOBJ.dll
0x00007ff9fa8c0000 - 0x00007ff9fa8ef000 	C:\WINDOWS\SYSTEM32\dwmapi.dll
0x00007ff9ed160000 - 0x00007ff9ed2b2000 	C:\WINDOWS\SYSTEM32\inputhost.dll
0x00007ff9ffa80000 - 0x00007ff9ffb4d000 	C:\WINDOWS\System32\OLEAUT32.dll
0x00007ff9fa210000 - 0x00007ff9fa302000 	C:\WINDOWS\SYSTEM32\CoreMessaging.dll
0x00007ff9f8190000 - 0x00007ff9f8287000 	C:\WINDOWS\SYSTEM32\PROPSYS.dll
0x00007ff9f97e0000 - 0x00007ff9f9936000 	C:\WINDOWS\SYSTEM32\wintypes.dll
0x00007ff9f9eb0000 - 0x00007ff9fa20e000 	C:\WINDOWS\SYSTEM32\CoreUIComponents.dll
0x00007ff9fd7e0000 - 0x00007ff9fd813000 	C:\WINDOWS\SYSTEM32\ntmarta.dll
0x00007ff9fb630000 - 0x00007ff9fb642000 	C:\WINDOWS\SYSTEM32\kernel.appcore.dll
0x00007ff9ff960000 - 0x00007ff9ffa75000 	C:\WINDOWS\System32\MSCTF.dll
0x00007ff9fb550000 - 0x00007ff9fb55d000 	C:\WINDOWS\SYSTEM32\HID.DLL
0x00007ff9fe620000 - 0x00007ff9fea87000 	C:\WINDOWS\System32\SETUPAPI.DLL
0x00007ff9fdf60000 - 0x00007ff9fdfc0000 	C:\WINDOWS\System32\WINTRUST.dll
0x00007ff9fdb60000 - 0x00007ff9fdcbd000 	C:\WINDOWS\System32\CRYPT32.dll
0x00007ff9fd5f0000 - 0x00007ff9fd602000 	C:\WINDOWS\SYSTEM32\MSASN1.dll
0x00007ff9b9350000 - 0x00007ff9b9475000 	C:\WINDOWS\SYSTEM32\opengl32.dll
0x00007ff9da7e0000 - 0x00007ff9da80c000 	C:\WINDOWS\SYSTEM32\GLU32.dll
0x00007ffa000c0000 - 0x00007ffa00169000 	C:\WINDOWS\System32\clbcatq.dll
0x00007ff9c0890000 - 0x00007ff9c1514000 	C:\WINDOWS\SYSTEM32\ig4icd64.dll
0x00007ff9fbd20000 - 0x00007ff9fbe13000 	C:\WINDOWS\SYSTEM32\dxgi.dll
0x00007ff9f8a20000 - 0x00007ff9f8c84000 	C:\WINDOWS\SYSTEM32\d3d11.dll
0x00007ff9f1950000 - 0x00007ff9f25a0000 	C:\WINDOWS\SYSTEM32\igd10umd64.dll
0x00007ff9f2a70000 - 0x00007ff9f2aab000 	C:\WINDOWS\SYSTEM32\dxcore.dll
0x00007ff9d5d80000 - 0x00007ff9d5dff000 	C:\Users\ervin_1nmnhvl\AppData\Local\Temp\lwjglervin_1nmnhvl\3.2.2-build-10\lwjgl_stb.dll
0x00007ff9f5b90000 - 0x00007ff9f5c3e000 	C:\WINDOWS\SYSTEM32\mscms.dll
0x00007ff9f5b70000 - 0x00007ff9f5b81000 	C:\WINDOWS\SYSTEM32\ColorAdapterClient.dll
0x00007ff9d6060000 - 0x00007ff9d60a3000 	C:\WINDOWS\SYSTEM32\icm32.dll
0x00007ff9ed2c0000 - 0x00007ff9ed3bc000 	C:\WINDOWS\SYSTEM32\textinputframework.dll
0x00007ff9d5c00000 - 0x00007ff9d5c58000 	C:\Users\ervin_1nmnhvl\AppData\Local\Temp\lwjglervin_1nmnhvl\3.2.2-build-10\lwjgl_opengl.dll
0x00007ff9fd400000 - 0x00007ff9fd5e4000 	C:\WINDOWS\SYSTEM32\dbghelp.dll

VM Arguments:
jvm_args: -Dforge.logging.console.level=debug -Dforge.logging.markers=SCAN,REGISTRIES,REGISTRYDUMP -XX:HeapDumpPath=MojangTricksIntelDriversForPerformance_javaw.exe_minecraft.exe.heapdump -Dos.name=Windows 10 -Dos.version=10.0 -javaagent:C:\Users\ervin_1nmnhvl\AppData\Local\JetBrains\Toolbox\apps\IDEA-U\ch-0\202.6397.94\lib\idea_rt.jar=64385:C:\Users\ervin_1nmnhvl\AppData\Local\JetBrains\Toolbox\apps\IDEA-U\ch-0\202.6397.94\bin -Dfile.encoding=UTF-8 
java_command: net.minecraftforge.userdev.LaunchTesting
java_class_path (initial): C:\Program Files (x86)\Minecraft\runtime\jre-x64\lib\charsets.jar;C:\Program Files (x86)\Minecraft\runtime\jre-x64\lib\deploy.jar;C:\Program Files (x86)\Minecraft\runtime\jre-x64\lib\ext\access-bridge-64.jar;C:\Program Files (x86)\Minecraft\runtime\jre-x64\lib\ext\cldrdata.jar;C:\Program Files (x86)\Minecraft\runtime\jre-x64\lib\ext\dnsns.jar;C:\Program Files (x86)\Minecraft\runtime\jre-x64\lib\ext\jaccess.jar;C:\Program Files (x86)\Minecraft\runtime\jre-x64\lib\ext\jfxrt.jar;C:\Program Files (x86)\Minecraft\runtime\jre-x64\lib\ext\localedata.jar;C:\Program Files (x86)\Minecraft\runtime\jre-x64\lib\ext\nashorn.jar;C:\Program Files (x86)\Minecraft\runtime\jre-x64\lib\ext\sunec.jar;C:\Program Files (x86)\Minecraft\runtime\jre-x64\lib\ext\sunjce_provider.jar;C:\Program Files (x86)\Minecraft\runtime\jre-x64\lib\ext\sunmscapi.jar;C:\Program Files (x86)\Minecraft\runtime\jre-x64\lib\ext\sunpkcs11.jar;C:\Program Files (x86)\Minecraft\runtime\jre-x64\lib\ext\zipfs.jar;C:\Program Files (x86)\Minecraft\runtime\jre-x64\lib\javaws.jar;C:\Program Files (x86)\Minecraft\runtime\jre-x64\lib\jce.jar;C:\Program Files (x86)\Minecraft\runtime\jre-x64\lib\jfr.jar;C:\Program Files (x86)\Minecraft\runtime\jre-x64\lib\jfxswt.jar;C:\Program Files (x86)\Minecraft\runtime\jre-x64\lib\jsse.jar;C:\Program Files (x86)\Minecraft\runtime\jre-x64\lib\management-agent.jar;C:\Program Files (x86)\Minecraft\runtime\jre-x64\lib\plugin.jar;C:\Program Files (x86)\Minecraft\runtime\jre-x64\lib\resources.jar;C:\Program Files (x86)\Minecraft\runtime\jre-x64\lib\rt.jar;C:\save\modding\ervin_mod_1\build\classes\java\main;C:\save\modding\ervin_mod_1\build\resources\main;C:\Users\ervin_1nmnhvl\.gradle\caches\forge_gradle\minecraft_user_repo\net\minecraftforge\forge\1.16.1-32.0.75_mapped_snapshot_20200723-1.16.1\forge-1.16.1-32.0.75_mapped_snapshot_20200723-1.16.1-recomp.jar;C:\Users\ervin_1nmnhvl\.gradle\caches\forge_gradle\minecraft_user_repo\net\minecraftforge\forge\1.16.1-32.0.75_
Launcher Type: SUN_STANDARD

Environment Variables:
JAVA_HOME=C:\Program Files\Java\jdk-11.0.4
PATH=C:\Program Files\Docker\Docker\Resources\bin;C:\ProgramData\Oracle\Java\javapath;C:\WINDOWS\system32;C:\WINDOWS;C:\WINDOWS\System32\Wbem;C:\WINDOWS\System32\WindowsPowerShell\v1.0\;C:\Program Files (x86)\cloudControl;C:\Program Files\Git\cmd;C:\bin;C:\Program Files (x86)\Windows Kits\8.1\Windows Performance Toolkit\;C:\Program Files (x86)\PuTTY\;C:\Program Files (x86)\Nodist\bin;G:\save\sdk\android\tools;G:\save\sdk\android\platform-tools;C:\boxfuse;C:\Program Files (x86)\Skype\Phone\;C:\Program Files (x86)\GtkSharp\2.12\bin;C:\Program Files (x86)\IVI Foundation\VISA\WinNT\Bin;C:\WINDOWS\system32;C:\WINDOWS;C:\WINDOWS\System32\Wbem;C:\WINDOWS\System32\WindowsPowerShell\v1.0\;;C:\WINDOWS\System32\OpenSSH\;C:\Users\ervin_1nmnhvl\AppData\Local\Microsoft\WindowsApps;
USERNAME=ervin_1nmnhvl
OS=Windows_NT
PROCESSOR_IDENTIFIER=Intel64 Family 6 Model 42 Stepping 7, GenuineIntel



---------------  S Y S T E M  ---------------

OS: Windows 10.0 , 64 bit Build 19041 (10.0.19041.546)

CPU:total 4 (2 cores per cpu, 2 threads per core) family 6 model 42 stepping 7, cmov, cx8, fxsr, mmx, sse, sse2, sse3, ssse3, sse4.1, sse4.2, popcnt, avx, aes, clmul, ht, tsc, tscinvbit

Memory: 4k page, physical 8266764k(428500k free), swap 10363916k(1380k free)

vm_info: Java HotSpot(TM) 64-Bit Server VM (25.51-b03) for windows-amd64 JRE (1.8.0_51-b16), built on Jun  8 2015 18:03:07 by "java_re" with MS VC++ 10.0 (VS2010)

time: Wed Nov 04 11:26:18 2020
elapsed time: 43 seconds (0d 0h 0m 43s)

