#
# There is insufficient memory for the Java Runtime Environment to continue.
# Native memory allocation (malloc) failed to allocate 961488 bytes for Chunk::new
# Possible reasons:
#   The system is out of physical RAM or swap space
#   In 32 bit mode, the process size limit was hit
# Possible solutions:
#   Reduce memory load on the system
#   Increase physical memory or swap space
#   Check if swap backing store is full
#   Use 64 bit Java on a 64 bit OS
#   Decrease Java heap size (-Xmx/-Xms)
#   Decrease number of Java threads
#   Decrease Java thread stack sizes (-Xss)
#   Set larger code cache with -XX:ReservedCodeCacheSize=
# This output file may be truncated or incomplete.
#
#  Out of Memory Error (allocation.cpp:390), pid=1728, tid=9332
#
# JRE version: Java(TM) SE Runtime Environment (8.0_51-b16) (build 1.8.0_51-b16)
# Java VM: Java HotSpot(TM) 64-Bit Server VM (25.51-b03 mixed mode windows-amd64 compressed oops)
# Failed to write core dump. Minidumps are not enabled by default on client versions of Windows
#

---------------  T H R E A D  ---------------

Current thread (0x0000000019598000):  JavaThread "C2 CompilerThread0" daemon [_thread_in_native, id=9332, stack(0x0000000019d60000,0x0000000019e60000)]

Stack: [0x0000000019d60000,0x0000000019e60000]
Native frames: (J=compiled Java code, j=interpreted, Vv=VM code, C=native code)
V  [jvm.dll+0x32b4ca]
V  [jvm.dll+0x2797e3]
V  [jvm.dll+0x27a479]
V  [jvm.dll+0x271765]
V  [jvm.dll+0xcba02]
V  [jvm.dll+0xcbecc]
V  [jvm.dll+0x4643d2]
V  [jvm.dll+0x4d9460]
V  [jvm.dll+0x4dc078]
V  [jvm.dll+0x46a5e1]
V  [jvm.dll+0x46cde2]
V  [jvm.dll+0x4501a2]
V  [jvm.dll+0xa43a2]
V  [jvm.dll+0xa4cdf]
V  [jvm.dll+0x2418a4]
V  [jvm.dll+0x29846a]
C  [msvcr100.dll+0x21d9f]
C  [msvcr100.dll+0x21e3b]
C  [KERNEL32.DLL+0x17034]
C  [ntdll.dll+0x52651]


Current CompileTask:
C2:  40008 6945       4       java.net.URLClassLoader$1::run (5 bytes)


---------------  P R O C E S S  ---------------

Java Threads: ( => current thread )
  0x0000000021c9e800 JavaThread "Worker-Bootstrap-3" daemon [_thread_blocked, id=13256, stack(0x0000000025f40000,0x0000000026040000)]
  0x0000000021b00800 JavaThread "Worker-Bootstrap-2" daemon [_thread_blocked, id=2604, stack(0x00000000232f0000,0x00000000233f0000)]
  0x0000000021b00000 JavaThread "Worker-Bootstrap-1" daemon [_thread_blocked, id=8648, stack(0x0000000022f10000,0x0000000023010000)]
  0x0000000021e47000 JavaThread "pool-3-thread-1" [_thread_blocked, id=1152, stack(0x000000001b970000,0x000000001ba70000)]
  0x000000001a6f3800 JavaThread "pool-2-thread-1" daemon [_thread_blocked, id=5204, stack(0x0000000021630000,0x0000000021730000)]
  0x000000001aa3a000 JavaThread "Thread-3" daemon [_thread_blocked, id=940, stack(0x0000000020f90000,0x0000000021090000)]
  0x000000001b107000 JavaThread "Thread-2" daemon [_thread_in_native, id=12620, stack(0x000000001cf40000,0x000000001d040000)]
  0x000000001b131000 JavaThread "Thread-1" daemon [_thread_blocked, id=1064, stack(0x000000001ce40000,0x000000001cf40000)]
  0x00000000196b6000 JavaThread "Service Thread" daemon [_thread_blocked, id=1276, stack(0x000000001a060000,0x000000001a160000)]
  0x0000000019599800 JavaThread "C1 CompilerThread2" daemon [_thread_blocked, id=17448, stack(0x0000000019f60000,0x000000001a060000)]
  0x0000000019598800 JavaThread "C2 CompilerThread1" daemon [_thread_blocked, id=15020, stack(0x0000000019e60000,0x0000000019f60000)]
=>0x0000000019598000 JavaThread "C2 CompilerThread0" daemon [_thread_in_native, id=9332, stack(0x0000000019d60000,0x0000000019e60000)]
  0x0000000017933800 JavaThread "JDWP Command Reader" daemon [_thread_in_native, id=13144, stack(0x0000000019060000,0x0000000019160000)]
  0x0000000017930800 JavaThread "JDWP Event Helper Thread" daemon [_thread_blocked, id=18660, stack(0x0000000018f60000,0x0000000019060000)]
  0x0000000017925800 JavaThread "JDWP Transport Listener: dt_socket" daemon [_thread_blocked, id=13488, stack(0x0000000018e60000,0x0000000018f60000)]
  0x0000000017919800 JavaThread "Attach Listener" daemon [_thread_blocked, id=11724, stack(0x0000000018d60000,0x0000000018e60000)]
  0x0000000017918800 JavaThread "Signal Dispatcher" daemon [_thread_blocked, id=12120, stack(0x0000000018c60000,0x0000000018d60000)]
  0x0000000002c8c000 JavaThread "Finalizer" daemon [_thread_blocked, id=2032, stack(0x0000000018b60000,0x0000000018c60000)]
  0x0000000002c89000 JavaThread "Reference Handler" daemon [_thread_blocked, id=8484, stack(0x0000000018a60000,0x0000000018b60000)]
  0x0000000002b92800 JavaThread "main" [_thread_blocked, id=18328, stack(0x0000000002a90000,0x0000000002b90000)]

Other Threads:
  0x00000000178d8800 VMThread [stack: 0x0000000018960000,0x0000000018a60000] [id=9728]
  0x00000000196b8800 WatcherThread [stack: 0x000000001a160000,0x000000001a260000] [id=15536]

VM state:at safepoint (normal execution)

VM Mutex/Monitor currently owned by a thread:  ([mutex/lock_event])
[0x0000000002b9cbc0] Threads_lock - owner thread: 0x00000000178d8800
[0x0000000002b91bd0] Heap_lock - owner thread: 0x0000000021e47000

Heap:
 PSYoungGen      total 259584K, used 193536K [0x00000000d5f00000, 0x00000000ea900000, 0x0000000100000000)
  eden space 193536K, 100% used [0x00000000d5f00000,0x00000000e1c00000,0x00000000e1c00000)
  from space 66048K, 0% used [0x00000000e1c00000,0x00000000e1c00000,0x00000000e5c80000)
  to   space 57344K, 33% used [0x00000000e5c80000,0x00000000e6f32ae0,0x00000000e9480000)
 ParOldGen       total 322048K, used 183308K [0x0000000081c00000, 0x0000000095680000, 0x00000000d5f00000)
  object space 322048K, 56% used [0x0000000081c00000,0x000000008cf03138,0x0000000095680000)
 Metaspace       used 46284K, capacity 50010K, committed 50176K, reserved 1091584K
  class space    used 6135K, capacity 7066K, committed 7168K, reserved 1048576K

Card table byte_map: [0x00000000121a0000,0x00000000125a0000] byte_map_base: 0x0000000011d92000

Marking Bits: (ParMarkBitMap*) 0x000000005bd04040
 Begin Bits: [0x0000000012c50000, 0x0000000014be0000)
 End Bits:   [0x0000000014be0000, 0x0000000016b70000)

Polling page: 0x00000000028d0000

CodeCache: size=245760Kb used=20553Kb max_used=20565Kb free=225206Kb
 bounds [0x0000000002de0000, 0x0000000004220000, 0x0000000011de0000]
 total_blobs=7218 nmethods=6086 adapters=1051
 compilation: enabled

Compilation events (10 events):
Event: 39.891 Thread 0x0000000019598800 nmethod 7065 0x0000000003816cd0 code [0x0000000003816e20, 0x00000000038170b8]
Event: 39.891 Thread 0x0000000019598800 7067       4       com.mojang.datafixers.types.templates.TaggedChoice$$Lambda$1217/1056119762::apply (12 bytes)
Event: 39.897 Thread 0x0000000019598800 nmethod 7067 0x000000000420bc50 code [0x000000000420bdc0, 0x000000000420c138]
Event: 39.897 Thread 0x0000000019598800 7068       4       com.mojang.datafixers.types.templates.List$ListType::hashCode (8 bytes)
Event: 39.902 Thread 0x0000000019598800 nmethod 7068 0x000000000392d590 code [0x000000000392d700, 0x000000000392da58]
Event: 39.902 Thread 0x0000000019598800 7069       4       com.mojang.datafixers.types.templates.Sum$SumType::equals (55 bytes)
Event: 39.908 Thread 0x0000000019598800 nmethod 7069 0x00000000039a4d50 code [0x00000000039a4ec0, 0x00000000039a52b8]
Event: 39.909 Thread 0x0000000019599800 7070       3       com.mojang.datafixers.DataFixUtils::makeKey (7 bytes)
Event: 39.910 Thread 0x0000000019599800 nmethod 7070 0x0000000003435e50 code [0x0000000003435fa0, 0x00000000034360f0]
Event: 39.931 Thread 0x0000000019598800 7071       4       com.mojang.datafixers.types.templates.TaggedChoice::equals (69 bytes)

GC Heap History (10 events):
Event: 32.703 GC heap before
{Heap before GC invocations=22 (full 4):
 PSYoungGen      total 259584K, used 258363K [0x00000000d5f00000, 0x00000000ea900000, 0x0000000100000000)
  eden space 193536K, 100% used [0x00000000d5f00000,0x00000000e1c00000,0x00000000e1c00000)
  from space 66048K, 98% used [0x00000000e1c00000,0x00000000e5b4ec20,0x00000000e5c80000)
  to   space 57344K, 0% used [0x00000000e5c80000,0x00000000e5c80000,0x00000000e9480000)
 ParOldGen       total 219648K, used 111998K [0x0000000081c00000, 0x000000008f280000, 0x00000000d5f00000)
  object space 219648K, 50% used [0x0000000081c00000,0x000000008895f858,0x000000008f280000)
 Metaspace       used 41542K, capacity 43933K, committed 44032K, reserved 1087488K
  class space    used 5395K, capacity 6139K, committed 6144K, reserved 1048576K
Event: 32.801 GC heap after
Heap after GC invocations=22 (full 4):
 PSYoungGen      total 250880K, used 49825K [0x00000000d5f00000, 0x00000000ea900000, 0x0000000100000000)
  eden space 193536K, 0% used [0x00000000d5f00000,0x00000000d5f00000,0x00000000e1c00000)
  from space 57344K, 86% used [0x00000000e5c80000,0x00000000e8d28530,0x00000000e9480000)
  to   space 66048K, 0% used [0x00000000e1c00000,0x00000000e1c00000,0x00000000e5c80000)
 ParOldGen       total 219648K, used 116550K [0x0000000081c00000, 0x000000008f280000, 0x00000000d5f00000)
  object space 219648K, 53% used [0x0000000081c00000,0x0000000088dd1878,0x000000008f280000)
 Metaspace       used 41542K, capacity 43933K, committed 44032K, reserved 1087488K
  class space    used 5395K, capacity 6139K, committed 6144K, reserved 1048576K
}
Event: 34.101 GC heap before
{Heap before GC invocations=23 (full 4):
 PSYoungGen      total 250880K, used 243361K [0x00000000d5f00000, 0x00000000ea900000, 0x0000000100000000)
  eden space 193536K, 100% used [0x00000000d5f00000,0x00000000e1c00000,0x00000000e1c00000)
  from space 57344K, 86% used [0x00000000e5c80000,0x00000000e8d28530,0x00000000e9480000)
  to   space 66048K, 0% used [0x00000000e1c00000,0x00000000e1c00000,0x00000000e5c80000)
 ParOldGen       total 219648K, used 116550K [0x0000000081c00000, 0x000000008f280000, 0x00000000d5f00000)
  object space 219648K, 53% used [0x0000000081c00000,0x0000000088dd1878,0x000000008f280000)
 Metaspace       used 41884K, capacity 44275K, committed 44416K, reserved 1087488K
  class space    used 5453K, capacity 6190K, committed 6272K, reserved 1048576K
Event: 34.225 GC heap after
Heap after GC invocations=23 (full 4):
 PSYoungGen      total 259584K, used 31293K [0x00000000d5f00000, 0x00000000ea900000, 0x0000000100000000)
  eden space 193536K, 0% used [0x00000000d5f00000,0x00000000d5f00000,0x00000000e1c00000)
  from space 66048K, 47% used [0x00000000e1c00000,0x00000000e3a8f550,0x00000000e5c80000)
  to   space 57344K, 0% used [0x00000000e5c80000,0x00000000e5c80000,0x00000000e9480000)
 ParOldGen       total 219648K, used 125571K [0x0000000081c00000, 0x000000008f280000, 0x00000000d5f00000)
  object space 219648K, 57% used [0x0000000081c00000,0x00000000896a0ce8,0x000000008f280000)
 Metaspace       used 41884K, capacity 44275K, committed 44416K, reserved 1087488K
  class space    used 5453K, capacity 6190K, committed 6272K, reserved 1048576K
}
Event: 35.980 GC heap before
{Heap before GC invocations=24 (full 4):
 PSYoungGen      total 259584K, used 224829K [0x00000000d5f00000, 0x00000000ea900000, 0x0000000100000000)
  eden space 193536K, 100% used [0x00000000d5f00000,0x00000000e1c00000,0x00000000e1c00000)
  from space 66048K, 47% used [0x00000000e1c00000,0x00000000e3a8f550,0x00000000e5c80000)
  to   space 57344K, 0% used [0x00000000e5c80000,0x00000000e5c80000,0x00000000e9480000)
 ParOldGen       total 219648K, used 125571K [0x0000000081c00000, 0x000000008f280000, 0x00000000d5f00000)
  object space 219648K, 57% used [0x0000000081c00000,0x00000000896a0ce8,0x000000008f280000)
 Metaspace       used 42603K, capacity 45083K, committed 45312K, reserved 1087488K
  class space    used 5568K, capacity 6364K, committed 6400K, reserved 1048576K
Event: 36.193 GC heap after
Heap after GC invocations=24 (full 4):
 PSYoungGen      total 250880K, used 57319K [0x00000000d5f00000, 0x00000000ea900000, 0x0000000100000000)
  eden space 193536K, 0% used [0x00000000d5f00000,0x00000000d5f00000,0x00000000e1c00000)
  from space 57344K, 99% used [0x00000000e5c80000,0x00000000e9479fe0,0x00000000e9480000)
  to   space 66048K, 0% used [0x00000000e1c00000,0x00000000e1c00000,0x00000000e5c80000)
 ParOldGen       total 219648K, used 171965K [0x0000000081c00000, 0x000000008f280000, 0x00000000d5f00000)
  object space 219648K, 78% used [0x0000000081c00000,0x000000008c3ef688,0x000000008f280000)
 Metaspace       used 42603K, capacity 45083K, committed 45312K, reserved 1087488K
  class space    used 5568K, capacity 6364K, committed 6400K, reserved 1048576K
}
Event: 37.369 GC heap before
{Heap before GC invocations=25 (full 4):
 PSYoungGen      total 250880K, used 250855K [0x00000000d5f00000, 0x00000000ea900000, 0x0000000100000000)
  eden space 193536K, 100% used [0x00000000d5f00000,0x00000000e1c00000,0x00000000e1c00000)
  from space 57344K, 99% used [0x00000000e5c80000,0x00000000e9479fe0,0x00000000e9480000)
  to   space 66048K, 0% used [0x00000000e1c00000,0x00000000e1c00000,0x00000000e5c80000)
 ParOldGen       total 219648K, used 171965K [0x0000000081c00000, 0x000000008f280000, 0x00000000d5f00000)
  object space 219648K, 78% used [0x0000000081c00000,0x000000008c3ef688,0x000000008f280000)
 Metaspace       used 44099K, capacity 46775K, committed 47104K, reserved 1089536K
  class space    used 5768K, capacity 6566K, committed 6656K, reserved 1048576K
Event: 37.582 GC heap after
Heap after GC invocations=25 (full 4):
 PSYoungGen      total 259584K, used 66041K [0x00000000d5f00000, 0x00000000ea900000, 0x0000000100000000)
  eden space 193536K, 0% used [0x00000000d5f00000,0x00000000d5f00000,0x00000000e1c00000)
  from space 66048K, 99% used [0x00000000e1c00000,0x00000000e5c7e5a0,0x00000000e5c80000)
  to   space 57344K, 0% used [0x00000000e5c80000,0x00000000e5c80000,0x00000000e9480000)
 ParOldGen       total 222720K, used 222422K [0x0000000081c00000, 0x000000008f580000, 0x00000000d5f00000)
  object space 222720K, 99% used [0x0000000081c00000,0x000000008f535928,0x000000008f580000)
 Metaspace       used 44099K, capacity 46775K, committed 47104K, reserved 1089536K
  class space    used 5768K, capacity 6566K, committed 6656K, reserved 1048576K
}
Event: 37.582 GC heap before
{Heap before GC invocations=26 (full 5):
 PSYoungGen      total 259584K, used 66041K [0x00000000d5f00000, 0x00000000ea900000, 0x0000000100000000)
  eden space 193536K, 0% used [0x00000000d5f00000,0x00000000d5f00000,0x00000000e1c00000)
  from space 66048K, 99% used [0x00000000e1c00000,0x00000000e5c7e5a0,0x00000000e5c80000)
  to   space 57344K, 0% used [0x00000000e5c80000,0x00000000e5c80000,0x00000000e9480000)
 ParOldGen       total 222720K, used 222422K [0x0000000081c00000, 0x000000008f580000, 0x00000000d5f00000)
  object space 222720K, 99% used [0x0000000081c00000,0x000000008f535928,0x000000008f580000)
 Metaspace       used 44099K, capacity 46775K, committed 47104K, reserved 1089536K
  class space    used 5768K, capacity 6566K, committed 6656K, reserved 1048576K
Event: 38.230 GC heap after
Heap after GC invocations=26 (full 5):
 PSYoungGen      total 259584K, used 0K [0x00000000d5f00000, 0x00000000ea900000, 0x0000000100000000)
  eden space 193536K, 0% used [0x00000000d5f00000,0x00000000d5f00000,0x00000000e1c00000)
  from space 66048K, 0% used [0x00000000e1c00000,0x00000000e1c00000,0x00000000e5c80000)
  to   space 57344K, 0% used [0x00000000e5c80000,0x00000000e5c80000,0x00000000e9480000)
 ParOldGen       total 322048K, used 183300K [0x0000000081c00000, 0x0000000095680000, 0x00000000d5f00000)
  object space 322048K, 56% used [0x0000000081c00000,0x000000008cf01138,0x0000000095680000)
 Metaspace       used 44099K, capacity 46775K, committed 47104K, reserved 1089536K
  class space    used 5768K, capacity 6566K, committed 6656K, reserved 1048576K
}

Deoptimization events (10 events):
Event: 39.669 Thread 0x0000000021c9e800 Uncommon trap: reason=class_check action=maybe_recompile pc=0x00000000041e6280 method=com.mojang.datafixers.types.templates.Sum$1.apply(I)Lcom/mojang/datafixers/types/Type; @ 33
Event: 39.669 Thread 0x0000000021c9e800 Uncommon trap: reason=class_check action=maybe_recompile pc=0x00000000041e6280 method=com.mojang.datafixers.types.templates.Sum$1.apply(I)Lcom/mojang/datafixers/types/Type; @ 33
Event: 39.669 Thread 0x0000000021c9e800 Uncommon trap: reason=class_check action=maybe_recompile pc=0x00000000041e6280 method=com.mojang.datafixers.types.templates.Sum$1.apply(I)Lcom/mojang/datafixers/types/Type; @ 33
Event: 39.670 Thread 0x0000000021c9e800 Uncommon trap: reason=class_check action=maybe_recompile pc=0x00000000041e6280 method=com.mojang.datafixers.types.templates.Sum$1.apply(I)Lcom/mojang/datafixers/types/Type; @ 33
Event: 39.670 Thread 0x0000000021c9e800 Uncommon trap: reason=bimorphic action=maybe_recompile pc=0x00000000041b9000 method=com.mojang.datafixers.types.templates.Product$1.apply(I)Lcom/mojang/datafixers/types/Type; @ 33
Event: 39.670 Thread 0x0000000021c9e800 Uncommon trap: reason=class_check action=maybe_recompile pc=0x00000000041e6280 method=com.mojang.datafixers.types.templates.Sum$1.apply(I)Lcom/mojang/datafixers/types/Type; @ 33
Event: 39.765 Thread 0x0000000021c9e800 Uncommon trap: reason=class_check action=maybe_recompile pc=0x000000000409d1bc method=com.google.common.collect.ImmutableList.copyOf(Ljava/util/Collection;)Lcom/google/common/collect/ImmutableList; @ 8
Event: 39.776 Thread 0x0000000021c9e800 Uncommon trap: reason=class_check action=maybe_recompile pc=0x000000000409d1bc method=com.google.common.collect.ImmutableList.copyOf(Ljava/util/Collection;)Lcom/google/common/collect/ImmutableList; @ 8
Event: 39.779 Thread 0x0000000021c9e800 Uncommon trap: reason=class_check action=maybe_recompile pc=0x000000000409d1bc method=com.google.common.collect.ImmutableList.copyOf(Ljava/util/Collection;)Lcom/google/common/collect/ImmutableList; @ 8
Event: 39.887 Thread 0x0000000021c9e800 Uncommon trap: reason=unstable_if action=reinterpret pc=0x000000000348ccc0 method=com.mojang.datafixers.types.templates.Sum$SumType.hashCode()I @ 4

Internal exceptions (10 events):
Event: 39.922 Thread 0x0000000021e47000 Exception <a 'sun/nio/fs/WindowsException'> (0x00000000e12ec9e8) thrown at [C:\re\workspace\8-2-build-windows-amd64-cygwin\jdk8u51\3951\hotspot\src\share\vm\prims\jni.cpp, line 709]
Event: 39.922 Thread 0x0000000021e47000 Exception <a 'sun/nio/fs/WindowsException'> (0x00000000e12ed230) thrown at [C:\re\workspace\8-2-build-windows-amd64-cygwin\jdk8u51\3951\hotspot\src\share\vm\prims\jni.cpp, line 709]
Event: 39.922 Thread 0x0000000021e47000 Exception <a 'sun/nio/fs/WindowsException'> (0x00000000e12ee1b0) thrown at [C:\re\workspace\8-2-build-windows-amd64-cygwin\jdk8u51\3951\hotspot\src\share\vm\prims\jni.cpp, line 709]
Event: 39.922 Thread 0x0000000021e47000 Exception <a 'sun/nio/fs/WindowsException'> (0x00000000e12eebc0) thrown at [C:\re\workspace\8-2-build-windows-amd64-cygwin\jdk8u51\3951\hotspot\src\share\vm\prims\jni.cpp, line 709]
Event: 39.930 Thread 0x0000000021e47000 Exception <a 'sun/nio/fs/WindowsException'> (0x00000000e14590b0) thrown at [C:\re\workspace\8-2-build-windows-amd64-cygwin\jdk8u51\3951\hotspot\src\share\vm\prims\jni.cpp, line 709]
Event: 39.930 Thread 0x0000000021e47000 Exception <a 'sun/nio/fs/WindowsException'> (0x00000000e14598b0) thrown at [C:\re\workspace\8-2-build-windows-amd64-cygwin\jdk8u51\3951\hotspot\src\share\vm\prims\jni.cpp, line 709]
Event: 39.931 Thread 0x0000000021e47000 Exception <a 'sun/nio/fs/WindowsException'> (0x00000000e145a798) thrown at [C:\re\workspace\8-2-build-windows-amd64-cygwin\jdk8u51\3951\hotspot\src\share\vm\prims\jni.cpp, line 709]
Event: 39.931 Thread 0x0000000021e47000 Exception <a 'sun/nio/fs/WindowsException'> (0x00000000e145afb8) thrown at [C:\re\workspace\8-2-build-windows-amd64-cygwin\jdk8u51\3951\hotspot\src\share\vm\prims\jni.cpp, line 709]
Event: 39.931 Thread 0x0000000021e47000 Exception <a 'sun/nio/fs/WindowsException'> (0x00000000e145bf00) thrown at [C:\re\workspace\8-2-build-windows-amd64-cygwin\jdk8u51\3951\hotspot\src\share\vm\prims\jni.cpp, line 709]
Event: 39.931 Thread 0x0000000021e47000 Exception <a 'sun/nio/fs/WindowsException'> (0x00000000e145c8c0) thrown at [C:\re\workspace\8-2-build-windows-amd64-cygwin\jdk8u51\3951\hotspot\src\share\vm\prims\jni.cpp, line 709]

Events (10 events):
Event: 39.935 loading class com/mojang/datafixers/Typed
Event: 39.935 loading class com/mojang/datafixers/Typed done
Event: 39.935 loading class net/minecraft/util/datafix/fixes/CustomNameStringToComponentItem
Event: 39.935 loading class net/minecraft/util/datafix/fixes/CustomNameStringToComponentItem done
Event: 39.939 loading class com/mojang/datafixers/OpticFinder
Event: 39.939 loading class com/mojang/datafixers/OpticFinder done
Event: 39.939 loading class com/mojang/datafixers/Typed
Event: 39.939 loading class com/mojang/datafixers/Typed done
Event: 39.939 loading class com/mojang/datafixers/OpticFinder
Event: 39.939 loading class com/mojang/datafixers/OpticFinder done


Dynamic libraries:
0x00007ff6f2310000 - 0x00007ff6f2347000 	C:\Program Files (x86)\Minecraft\runtime\jre-x64\bin\java.exe
0x00007ffc81f90000 - 0x00007ffc82185000 	C:\WINDOWS\SYSTEM32\ntdll.dll
0x00007ffc805c0000 - 0x00007ffc8067d000 	C:\WINDOWS\System32\KERNEL32.DLL
0x00007ffc7f6d0000 - 0x00007ffc7f998000 	C:\WINDOWS\System32\KERNELBASE.dll
0x00007ffc80680000 - 0x00007ffc8072c000 	C:\WINDOWS\System32\ADVAPI32.dll
0x00007ffc80ec0000 - 0x00007ffc80f5e000 	C:\WINDOWS\System32\msvcrt.dll
0x00007ffc81320000 - 0x00007ffc813bb000 	C:\WINDOWS\System32\sechost.dll
0x00007ffc81560000 - 0x00007ffc8168b000 	C:\WINDOWS\System32\RPCRT4.dll
0x00007ffc813c0000 - 0x00007ffc81560000 	C:\WINDOWS\System32\USER32.dll
0x00007ffc7f9a0000 - 0x00007ffc7f9c2000 	C:\WINDOWS\System32\win32u.dll
0x00007ffc80070000 - 0x00007ffc8009a000 	C:\WINDOWS\System32\GDI32.dll
0x00007ffc7fa90000 - 0x00007ffc7fb9b000 	C:\WINDOWS\System32\gdi32full.dll
0x00007ffc7ff00000 - 0x00007ffc7ff9d000 	C:\WINDOWS\System32\msvcp_win.dll
0x00007ffc7fd50000 - 0x00007ffc7fe50000 	C:\WINDOWS\System32\ucrtbase.dll
0x00007ffc64f40000 - 0x00007ffc651da000 	C:\WINDOWS\WinSxS\amd64_microsoft.windows.common-controls_6595b64144ccf1df_6.0.19041.1052_none_60b8f8fd71f5e8cb\COMCTL32.dll
0x00007ffc80f60000 - 0x00007ffc80f90000 	C:\WINDOWS\System32\IMM32.DLL
0x000000005bd90000 - 0x000000005be62000 	C:\Program Files (x86)\Minecraft\runtime\jre-x64\bin\msvcr100.dll
0x000000005b500000 - 0x000000005bd83000 	C:\Program Files (x86)\Minecraft\runtime\jre-x64\bin\server\jvm.dll
0x00007ffc81310000 - 0x00007ffc81318000 	C:\WINDOWS\System32\PSAPI.DLL
0x00007ffc5aae0000 - 0x00007ffc5aae9000 	C:\WINDOWS\SYSTEM32\WSOCK32.dll
0x00007ffc80000000 - 0x00007ffc8006b000 	C:\WINDOWS\System32\WS2_32.dll
0x00007ffc77f60000 - 0x00007ffc77f87000 	C:\WINDOWS\SYSTEM32\WINMM.dll
0x00007ffc76ac0000 - 0x00007ffc76aca000 	C:\WINDOWS\SYSTEM32\VERSION.dll
0x000000005b4f0000 - 0x000000005b4ff000 	C:\Program Files (x86)\Minecraft\runtime\jre-x64\bin\verify.dll
0x000000005b4c0000 - 0x000000005b4e9000 	C:\Program Files (x86)\Minecraft\runtime\jre-x64\bin\java.dll
0x000000005b480000 - 0x000000005b4b5000 	C:\Program Files (x86)\Minecraft\runtime\jre-x64\bin\jdwp.dll
0x000000005b470000 - 0x000000005b478000 	C:\Program Files (x86)\Minecraft\runtime\jre-x64\bin\npt.dll
0x000000005b440000 - 0x000000005b463000 	C:\Program Files (x86)\Minecraft\runtime\jre-x64\bin\instrument.dll
0x000000005b420000 - 0x000000005b436000 	C:\Program Files (x86)\Minecraft\runtime\jre-x64\bin\zip.dll
0x00007ffc81810000 - 0x00007ffc81f4f000 	C:\WINDOWS\System32\SHELL32.dll
0x00007ffc7d5e0000 - 0x00007ffc7dd70000 	C:\WINDOWS\SYSTEM32\windows.storage.dll
0x00007ffc80260000 - 0x00007ffc805b5000 	C:\WINDOWS\System32\combase.dll
0x00007ffc7efa0000 - 0x00007ffc7efcc000 	C:\WINDOWS\SYSTEM32\Wldp.dll
0x00007ffc816b0000 - 0x00007ffc8175e000 	C:\WINDOWS\System32\SHCORE.dll
0x00007ffc80cb0000 - 0x00007ffc80d05000 	C:\WINDOWS\System32\shlwapi.dll
0x00007ffc7f610000 - 0x00007ffc7f62f000 	C:\WINDOWS\SYSTEM32\profapi.dll
0x000000005b410000 - 0x000000005b419000 	C:\Program Files (x86)\Minecraft\runtime\jre-x64\bin\dt_socket.dll
0x00007ffc7ed80000 - 0x00007ffc7edea000 	C:\WINDOWS\system32\mswsock.dll
0x000000005b400000 - 0x000000005b40d000 	C:\Program Files (x86)\Minecraft\runtime\jre-x64\bin\management.dll
0x000000005b3e0000 - 0x000000005b3fa000 	C:\Program Files (x86)\Minecraft\runtime\jre-x64\bin\net.dll
0x00007ffc522f0000 - 0x00007ffc52307000 	C:\WINDOWS\system32\napinsp.dll
0x00007ffc52310000 - 0x00007ffc5232b000 	C:\WINDOWS\system32\pnrpnsp.dll
0x00007ffc7a250000 - 0x00007ffc7a265000 	C:\WINDOWS\system32\wshbth.dll
0x00007ffc7ac00000 - 0x00007ffc7ac1d000 	C:\WINDOWS\system32\NLAapi.dll
0x00007ffc7ea90000 - 0x00007ffc7eacb000 	C:\WINDOWS\SYSTEM32\IPHLPAPI.DLL
0x00007ffc7ead0000 - 0x00007ffc7eb9c000 	C:\WINDOWS\SYSTEM32\DNSAPI.dll
0x00007ffc80250000 - 0x00007ffc80258000 	C:\WINDOWS\System32\NSI.dll
0x00007ffc57c10000 - 0x00007ffc57c22000 	C:\WINDOWS\System32\winrnr.dll
0x00007ffc70220000 - 0x00007ffc7022a000 	C:\Windows\System32\rasadhlp.dll
0x00007ffc73190000 - 0x00007ffc7320f000 	C:\WINDOWS\System32\fwpuclnt.dll
0x00007ffc7fa60000 - 0x00007ffc7fa87000 	C:\WINDOWS\System32\bcrypt.dll
0x000000005b3c0000 - 0x000000005b3d1000 	C:\Program Files (x86)\Minecraft\runtime\jre-x64\bin\nio.dll
0x000000005b390000 - 0x000000005b3b4000 	C:\Program Files (x86)\Minecraft\runtime\jre-x64\bin\sunec.dll
0x00007ffc7f2d0000 - 0x00007ffc7f2e8000 	C:\WINDOWS\SYSTEM32\CRYPTSP.dll
0x00007ffc7e630000 - 0x00007ffc7e664000 	C:\WINDOWS\system32\rsaenh.dll
0x00007ffc7f590000 - 0x00007ffc7f5be000 	C:\WINDOWS\SYSTEM32\USERENV.dll
0x00007ffc7f9d0000 - 0x00007ffc7fa53000 	C:\WINDOWS\System32\bcryptprimitives.dll
0x00007ffc7ef00000 - 0x00007ffc7ef0c000 	C:\WINDOWS\SYSTEM32\CRYPTBASE.dll
0x00007ffc768d0000 - 0x00007ffc768e7000 	C:\WINDOWS\SYSTEM32\dhcpcsvc6.DLL
0x00007ffc76830000 - 0x00007ffc7684d000 	C:\WINDOWS\SYSTEM32\dhcpcsvc.DLL
0x00007ffc51f00000 - 0x00007ffc51f72000 	C:\Users\ervin_1nmnhvl\AppData\Local\Temp\lwjglervin_1nmnhvl\3.2.2-build-10\lwjgl.dll
0x00007ffc44570000 - 0x00007ffc447c1000 	C:\Users\ERVIN_~1\AppData\Local\Temp\lwjglervin_1nmnhvl\3.2.2-build-10\jemalloc.dll
0x00007ffc598b0000 - 0x00007ffc5990e000 	C:\Users\ERVIN_~1\AppData\Local\Temp\lwjglervin_1nmnhvl\3.2.2-build-10\glfw.dll
0x00007ffc7cf20000 - 0x00007ffc7cfbe000 	C:\WINDOWS\system32\uxtheme.dll
0x00007ffc66080000 - 0x00007ffc660c5000 	C:\WINDOWS\SYSTEM32\dinput8.dll
0x00007ffc79360000 - 0x00007ffc79371000 	C:\WINDOWS\SYSTEM32\xinput1_4.dll
0x00007ffc7fd00000 - 0x00007ffc7fd4e000 	C:\WINDOWS\System32\cfgmgr32.dll
0x00007ffc7f3b0000 - 0x00007ffc7f3dc000 	C:\WINDOWS\SYSTEM32\DEVOBJ.dll
0x00007ffc7d110000 - 0x00007ffc7d13f000 	C:\WINDOWS\SYSTEM32\dwmapi.dll
0x00007ffc6d940000 - 0x00007ffc6da92000 	C:\WINDOWS\SYSTEM32\inputhost.dll
0x00007ffc80ff0000 - 0x00007ffc810bd000 	C:\WINDOWS\System32\OLEAUT32.dll
0x00007ffc7ca50000 - 0x00007ffc7cb42000 	C:\WINDOWS\SYSTEM32\CoreMessaging.dll
0x00007ffc7ab00000 - 0x00007ffc7abf6000 	C:\WINDOWS\SYSTEM32\PROPSYS.dll
0x00007ffc7c020000 - 0x00007ffc7c174000 	C:\WINDOWS\SYSTEM32\wintypes.dll
0x00007ffc7c6f0000 - 0x00007ffc7ca4e000 	C:\WINDOWS\SYSTEM32\CoreUIComponents.dll
0x00007ffc7dea0000 - 0x00007ffc7deb2000 	C:\WINDOWS\SYSTEM32\kernel.appcore.dll
0x00007ffc7e2c0000 - 0x00007ffc7e2f3000 	C:\WINDOWS\SYSTEM32\ntmarta.dll
0x00007ffc811f0000 - 0x00007ffc81305000 	C:\WINDOWS\System32\MSCTF.dll
0x00007ffc7dd70000 - 0x00007ffc7dd7d000 	C:\WINDOWS\SYSTEM32\HID.DLL
0x00007ffc807b0000 - 0x00007ffc80c19000 	C:\WINDOWS\System32\SETUPAPI.DLL
0x00007ffc7ffa0000 - 0x00007ffc80000000 	C:\WINDOWS\System32\WINTRUST.dll
0x00007ffc7fba0000 - 0x00007ffc7fcff000 	C:\WINDOWS\System32\CRYPT32.dll
0x00007ffc7f350000 - 0x00007ffc7f362000 	C:\WINDOWS\SYSTEM32\MSASN1.dll
0x00007ffc472c0000 - 0x00007ffc473e6000 	C:\WINDOWS\SYSTEM32\opengl32.dll
0x00007ffc7bc80000 - 0x00007ffc7bcac000 	C:\WINDOWS\SYSTEM32\GLU32.dll
0x00007ffc81760000 - 0x00007ffc81809000 	C:\WINDOWS\System32\clbcatq.dll
0x00007ffc42160000 - 0x00007ffc42de4000 	C:\WINDOWS\SYSTEM32\ig4icd64.dll
0x00007ffc7dec0000 - 0x00007ffc7dfb4000 	C:\WINDOWS\SYSTEM32\dxgi.dll
0x00007ffc7b6b0000 - 0x00007ffc7b914000 	C:\WINDOWS\SYSTEM32\d3d11.dll
0x00007ffc4ec10000 - 0x00007ffc4f860000 	C:\WINDOWS\SYSTEM32\igd10umd64.dll
0x00007ffc7c180000 - 0x00007ffc7c1bb000 	C:\WINDOWS\SYSTEM32\dxcore.dll
0x00007ffc512e0000 - 0x00007ffc5135f000 	C:\Users\ervin_1nmnhvl\AppData\Local\Temp\lwjglervin_1nmnhvl\3.2.2-build-10\lwjgl_stb.dll
0x00007ffc79f30000 - 0x00007ffc79fde000 	C:\WINDOWS\SYSTEM32\mscms.dll
0x00007ffc7a2f0000 - 0x00007ffc7a301000 	C:\WINDOWS\SYSTEM32\ColorAdapterClient.dll
0x00007ffc65780000 - 0x00007ffc657c3000 	C:\WINDOWS\SYSTEM32\icm32.dll
0x00007ffc6daa0000 - 0x00007ffc6db99000 	C:\WINDOWS\SYSTEM32\textinputframework.dll
0x00007ffc51280000 - 0x00007ffc512d8000 	C:\Users\ervin_1nmnhvl\AppData\Local\Temp\lwjglervin_1nmnhvl\3.2.2-build-10\lwjgl_opengl.dll
0x00007ffc75f80000 - 0x00007ffc76164000 	C:\WINDOWS\SYSTEM32\dbghelp.dll

VM Arguments:
jvm_args: -agentlib:jdwp=transport=dt_socket,address=127.0.0.1:58887,suspend=y,server=n -Dforge.logging.console.level=debug -Dforge.logging.markers=SCAN,REGISTRIES,REGISTRYDUMP -XX:HeapDumpPath=MojangTricksIntelDriversForPerformance_javaw.exe_minecraft.exe.heapdump -Dos.name=Windows 10 -Dos.version=10.0 -javaagent:C:\Users\ervin_1nmnhvl\AppData\Local\JetBrains\Toolbox\apps\IDEA-C\ch-0\211.7442.40\plugins\Groovy\lib\agent\gragent.jar -javaagent:C:\Users\ervin_1nmnhvl\AppData\Local\JetBrains\Toolbox\apps\IDEA-C\ch-0\211.7442.40\plugins\java\lib\rt\debugger-agent.jar -Dfile.encoding=windows-1250 
java_command: net.minecraftforge.userdev.LaunchTesting
java_class_path (initial): C:\Program Files (x86)\Minecraft\runtime\jre-x64\lib\charsets.jar;C:\Program Files (x86)\Minecraft\runtime\jre-x64\lib\deploy.jar;C:\Program Files (x86)\Minecraft\runtime\jre-x64\lib\ext\access-bridge-64.jar;C:\Program Files (x86)\Minecraft\runtime\jre-x64\lib\ext\cldrdata.jar;C:\Program Files (x86)\Minecraft\runtime\jre-x64\lib\ext\dnsns.jar;C:\Program Files (x86)\Minecraft\runtime\jre-x64\lib\ext\jaccess.jar;C:\Program Files (x86)\Minecraft\runtime\jre-x64\lib\ext\jfxrt.jar;C:\Program Files (x86)\Minecraft\runtime\jre-x64\lib\ext\localedata.jar;C:\Program Files (x86)\Minecraft\runtime\jre-x64\lib\ext\nashorn.jar;C:\Program Files (x86)\Minecraft\runtime\jre-x64\lib\ext\sunec.jar;C:\Program Files (x86)\Minecraft\runtime\jre-x64\lib\ext\sunjce_provider.jar;C:\Program Files (x86)\Minecraft\runtime\jre-x64\lib\ext\sunmscapi.jar;C:\Program Files (x86)\Minecraft\runtime\jre-x64\lib\ext\sunpkcs11.jar;C:\Program Files (x86)\Minecraft\runtime\jre-x64\lib\ext\zipfs.jar;C:\Program Files (x86)\Minecraft\runtime\jre-x64\lib\javaws.jar;C:\Program Files (x86)\Minecraft\runtime\jre-x64\lib\jce.jar;C:\Program Files (x86)\Minecraft\runtime\jre-x64\lib\jfr.jar;C:\Program Files (x86)\Minecraft\runtime\jre-x64\lib\jfxswt.jar;C:\Program Files (x86)\Minecraft\runtime\jre-x64\lib\jsse.jar;C:\Program Files (x86)\Minecraft\runtime\jre-x64\lib\management-agent.jar;C:\Program Files (x86)\Minecraft\runtime\jre-x64\lib\plugin.jar;C:\Program Files (x86)\Minecraft\runtime\jre-x64\lib\resources.jar;C:\Program Files (x86)\Minecraft\runtime\jre-x64\lib\rt.jar;C:\save\modding\ervin_mod_1\build\classes\java\main;C:\save\modding\ervin_mod_1\build\resources\main;C:\Users\ervin_1nmnhvl\.gradle\caches\forge_gradle\minecraft_user_repo\net\minecraftforge\forge\1.16.1-32.0.108_mapped_snapshot_20200723-1.16.1\forge-1.16.1-32.0.108_mapped_snapshot_20200723-1.16.1-recomp.jar;C:\Users\ervin_1nmnhvl\.gradle\caches\forge_gradle\minecraft_user_repo\net\minecraftforge\forge\1.16.1-32.0.1
Launcher Type: SUN_STANDARD

Environment Variables:
JAVA_HOME=C:\Program Files\Java\jdk-11.0.4
PATH=C:\Program Files\Docker\Docker\Resources\bin;C:\ProgramData\Oracle\Java\javapath;C:\WINDOWS\system32;C:\WINDOWS;C:\WINDOWS\System32\Wbem;C:\WINDOWS\System32\WindowsPowerShell\v1.0\;C:\Program Files (x86)\cloudControl;C:\Program Files\Git\cmd;C:\bin;C:\Program Files (x86)\Windows Kits\8.1\Windows Performance Toolkit\;C:\Program Files (x86)\PuTTY\;C:\Program Files (x86)\Nodist\bin;G:\save\sdk\android\tools;G:\save\sdk\android\platform-tools;C:\boxfuse;C:\Program Files (x86)\Skype\Phone\;C:\Program Files (x86)\GtkSharp\2.12\bin;C:\Program Files (x86)\IVI Foundation\VISA\WinNT\Bin;C:\WINDOWS\system32;C:\WINDOWS;C:\WINDOWS\System32\Wbem;C:\WINDOWS\System32\WindowsPowerShell\v1.0\;;C:\WINDOWS\System32\OpenSSH\;C:\Program Files\SafeNet\Authentication\SAC\x64;C:\Program Files\SafeNet\Authentication\SAC\x32;C:\Program Files\Gemalto\Classic Client\BIN;C:\Program Files (x86)\Gemalto\Classic Client\BIN;C:\Users\ervin_1nmnhvl\AppData\Local\Microsoft\WindowsApps;
USERNAME=ervin_1nmnhvl
OS=Windows_NT
PROCESSOR_IDENTIFIER=Intel64 Family 6 Model 42 Stepping 7, GenuineIntel



---------------  S Y S T E M  ---------------

OS: Windows 10.0 , 64 bit Build 19041 (10.0.19041.1023)

CPU:total 4 (2 cores per cpu, 2 threads per core) family 6 model 42 stepping 7, cmov, cx8, fxsr, mmx, sse, sse2, sse3, ssse3, sse4.1, sse4.2, popcnt, avx, aes, clmul, ht, tsc, tscinvbit

Memory: 4k page, physical 8266764k(549072k free), swap 10363916k(36024k free)

vm_info: Java HotSpot(TM) 64-Bit Server VM (25.51-b03) for windows-amd64 JRE (1.8.0_51-b16), built on Jun  8 2015 18:03:07 by "java_re" with MS VC++ 10.0 (VS2010)

time: Tue Jun 29 13:02:54 2021
elapsed time: 40 seconds (0d 0h 0m 40s)

