#
# There is insufficient memory for the Java Runtime Environment to continue.
# Native memory allocation (malloc) failed to allocate 1900992 bytes for Chunk::new
# Possible reasons:
#   The system is out of physical RAM or swap space
#   In 32 bit mode, the process size limit was hit
# Possible solutions:
#   Reduce memory load on the system
#   Increase physical memory or swap space
#   Check if swap backing store is full
#   Use 64 bit Java on a 64 bit OS
#   Decrease Java heap size (-Xmx/-Xms)
#   Decrease number of Java threads
#   Decrease Java thread stack sizes (-Xss)
#   Set larger code cache with -XX:ReservedCodeCacheSize=
# This output file may be truncated or incomplete.
#
#  Out of Memory Error (allocation.cpp:390), pid=12824, tid=16292
#
# JRE version: Java(TM) SE Runtime Environment (8.0_51-b16) (build 1.8.0_51-b16)
# Java VM: Java HotSpot(TM) 64-Bit Server VM (25.51-b03 mixed mode windows-amd64 compressed oops)
# Failed to write core dump. Minidumps are not enabled by default on client versions of Windows
#

---------------  T H R E A D  ---------------

Current thread (0x00000000199c8000):  JavaThread "C2 CompilerThread1" daemon [_thread_in_native, id=16292, stack(0x0000000019be0000,0x0000000019ce0000)]

Stack: [0x0000000019be0000,0x0000000019ce0000]
Native frames: (J=compiled Java code, j=interpreted, Vv=VM code, C=native code)
V  [jvm.dll+0x32b4ca]
V  [jvm.dll+0x2797e3]
V  [jvm.dll+0x27a479]
V  [jvm.dll+0x271765]
V  [jvm.dll+0xcba02]
V  [jvm.dll+0xcbecc]
V  [jvm.dll+0x492ad7]
V  [jvm.dll+0x45f98a]
V  [jvm.dll+0x46a7cb]
V  [jvm.dll+0x46cde2]
V  [jvm.dll+0x4501a2]
V  [jvm.dll+0xa43a2]
V  [jvm.dll+0xa4cdf]
V  [jvm.dll+0x2418a4]
V  [jvm.dll+0x29846a]
C  [msvcr100.dll+0x21d9f]
C  [msvcr100.dll+0x21e3b]
C  [KERNEL32.DLL+0x17034]
C  [ntdll.dll+0x52651]


Current CompileTask:
C2:  12716 4889   !   4       com.google.common.reflect.TypeVisitor::visit (225 bytes)


---------------  P R O C E S S  ---------------

Java Threads: ( => current thread )
  0x000000001b16b000 JavaThread "pool-3-thread-1" [_thread_in_vm, id=10536, stack(0x000000001bef0000,0x000000001bff0000)]
  0x0000000019ec6800 JavaThread "pool-2-thread-1" daemon [_thread_in_native, id=15252, stack(0x0000000021800000,0x0000000021900000)]
  0x000000001b4c7800 JavaThread "Thread-3" daemon [_thread_blocked, id=11624, stack(0x0000000021440000,0x0000000021540000)]
  0x000000001a533000 JavaThread "Thread-2" daemon [_thread_in_native, id=8176, stack(0x000000001d4d0000,0x000000001d5d0000)]
  0x000000001b297800 JavaThread "Thread-1" daemon [_thread_blocked, id=11124, stack(0x000000001c1f0000,0x000000001c2f0000)]
  0x00000000199dd000 JavaThread "Service Thread" daemon [_thread_blocked, id=12836, stack(0x000000001a5e0000,0x000000001a6e0000)]
  0x00000000199c9000 JavaThread "C1 CompilerThread2" daemon [_thread_blocked, id=16264, stack(0x0000000019ce0000,0x0000000019de0000)]
=>0x00000000199c8000 JavaThread "C2 CompilerThread1" daemon [_thread_in_native, id=16292, stack(0x0000000019be0000,0x0000000019ce0000)]
  0x000000001997d800 JavaThread "C2 CompilerThread0" daemon [_thread_in_native, id=10892, stack(0x0000000019ae0000,0x0000000019be0000)]
  0x0000000017f89000 JavaThread "Attach Listener" daemon [_thread_blocked, id=12172, stack(0x00000000194e0000,0x00000000195e0000)]
  0x0000000017f87800 JavaThread "Signal Dispatcher" daemon [_thread_blocked, id=10648, stack(0x00000000193e0000,0x00000000194e0000)]
  0x000000000325b800 JavaThread "Finalizer" daemon [_thread_blocked, id=7788, stack(0x00000000191e0000,0x00000000192e0000)]
  0x0000000003257000 JavaThread "Reference Handler" daemon [_thread_blocked, id=8932, stack(0x00000000190e0000,0x00000000191e0000)]
  0x0000000003162800 JavaThread "main" [_thread_blocked, id=9268, stack(0x0000000003060000,0x0000000003160000)]

Other Threads:
  0x0000000003253000 VMThread [stack: 0x0000000018fe0000,0x00000000190e0000] [id=15828]
  0x00000000199de800 WatcherThread [stack: 0x000000001a6e0000,0x000000001a7e0000] [id=15396]

VM state:not at safepoint (normal execution)

VM Mutex/Monitor currently owned by a thread: None

Heap:
 PSYoungGen      total 168448K, used 144123K [0x00000000d5f00000, 0x00000000e2d80000, 0x0000000100000000)
  eden space 133120K, 81% used [0x00000000d5f00000,0x00000000dc946630,0x00000000de100000)
  from space 35328K, 99% used [0x00000000e0b00000,0x00000000e2d78630,0x00000000e2d80000)
  to   space 5120K, 0% used [0x00000000de100000,0x00000000de100000,0x00000000de600000)
 ParOldGen       total 179712K, used 111858K [0x0000000081c00000, 0x000000008cb80000, 0x00000000d5f00000)
  object space 179712K, 62% used [0x0000000081c00000,0x000000008893c840,0x000000008cb80000)
 Metaspace       used 36241K, capacity 38343K, committed 38656K, reserved 1083392K
  class space    used 4448K, capacity 5055K, committed 5120K, reserved 1048576K

Card table byte_map: [0x0000000012810000,0x0000000012c10000] byte_map_base: 0x0000000012402000

Marking Bits: (ParMarkBitMap*) 0x000000005db34040
 Begin Bits: [0x00000000132c0000, 0x0000000015250000)
 End Bits:   [0x0000000015250000, 0x00000000171e0000)

Polling page: 0x00000000016a0000

CodeCache: size=245760Kb used=13694Kb max_used=13694Kb free=232065Kb
 bounds [0x0000000003450000, 0x00000000041c0000, 0x0000000012450000]
 total_blobs=5445 nmethods=4369 adapters=987
 compilation: enabled

Compilation events (10 events):
Event: 12.533 Thread 0x00000000199c9000 4930       3       com.sun.nio.zipfs.ZipFileSystem$5::close (45 bytes)
Event: 12.534 Thread 0x00000000199c9000 nmethod 4930 0x00000000041b7a10 code [0x00000000041b7ba0, 0x00000000041b7f88]
Event: 12.579 Thread 0x00000000199c9000 4931       3       java.util.EnumMap$Values::iterator (13 bytes)
Event: 12.579 Thread 0x00000000199c9000 nmethod 4931 0x00000000041b85d0 code [0x00000000041b8760, 0x00000000041b8b30]
Event: 12.579 Thread 0x00000000199c9000 4932       3       java.util.EnumMap$Values::size (8 bytes)
Event: 12.579 Thread 0x00000000199c9000 nmethod 4932 0x00000000041b8d50 code [0x00000000041b8ea0, 0x00000000041b9010]
Event: 12.587 Thread 0x00000000199c9000 4933       3       com.sun.nio.zipfs.ZipFileAttributes::size (8 bytes)
Event: 12.588 Thread 0x00000000199c9000 nmethod 4933 0x00000000041b90d0 code [0x00000000041b9220, 0x00000000041b9390]
Event: 12.627 Thread 0x00000000199c9000 4935       3       java.util.Optional::<init> (13 bytes)
Event: 12.628 Thread 0x00000000199c9000 nmethod 4935 0x00000000041b9450 code [0x00000000041b95c0, 0x00000000041b98e8]

GC Heap History (10 events):
Event: 7.329 GC heap before
{Heap before GC invocations=7 (full 2):
 PSYoungGen      total 138240K, used 5091K [0x00000000d5f00000, 0x00000000e2d80000, 0x0000000100000000)
  eden space 133120K, 0% used [0x00000000d5f00000,0x00000000d5f00000,0x00000000de100000)
  from space 5120K, 99% used [0x00000000de100000,0x00000000de5f8e48,0x00000000de600000)
  to   space 35328K, 0% used [0x00000000e0b00000,0x00000000e0b00000,0x00000000e2d80000)
 ParOldGen       total 71680K, used 55637K [0x0000000081c00000, 0x0000000086200000, 0x00000000d5f00000)
  object space 71680K, 77% used [0x0000000081c00000,0x0000000085255540,0x0000000086200000)
 Metaspace       used 31019K, capacity 32779K, committed 32896K, reserved 1077248K
  class space    used 3884K, capacity 4423K, committed 4480K, reserved 1048576K
Event: 7.568 GC heap after
Heap after GC invocations=7 (full 2):
 PSYoungGen      total 138240K, used 0K [0x00000000d5f00000, 0x00000000e2d80000, 0x0000000100000000)
  eden space 133120K, 0% used [0x00000000d5f00000,0x00000000d5f00000,0x00000000de100000)
  from space 5120K, 0% used [0x00000000de100000,0x00000000de100000,0x00000000de600000)
  to   space 35328K, 0% used [0x00000000e0b00000,0x00000000e0b00000,0x00000000e2d80000)
 ParOldGen       total 179712K, used 56790K [0x0000000081c00000, 0x000000008cb80000, 0x00000000d5f00000)
  object space 179712K, 31% used [0x0000000081c00000,0x0000000085375ba0,0x000000008cb80000)
 Metaspace       used 31019K, capacity 32779K, committed 32896K, reserved 1077248K
  class space    used 3884K, capacity 4423K, committed 4480K, reserved 1048576K
}
Event: 8.639 GC heap before
{Heap before GC invocations=8 (full 2):
 PSYoungGen      total 138240K, used 133120K [0x00000000d5f00000, 0x00000000e2d80000, 0x0000000100000000)
  eden space 133120K, 100% used [0x00000000d5f00000,0x00000000de100000,0x00000000de100000)
  from space 5120K, 0% used [0x00000000de100000,0x00000000de100000,0x00000000de600000)
  to   space 35328K, 0% used [0x00000000e0b00000,0x00000000e0b00000,0x00000000e2d80000)
 ParOldGen       total 179712K, used 56790K [0x0000000081c00000, 0x000000008cb80000, 0x00000000d5f00000)
  object space 179712K, 31% used [0x0000000081c00000,0x0000000085375ba0,0x000000008cb80000)
 Metaspace       used 32293K, capacity 34091K, committed 34304K, reserved 1079296K
  class space    used 3976K, capacity 4529K, committed 4608K, reserved 1048576K
Event: 8.855 GC heap after
Heap after GC invocations=8 (full 2):
 PSYoungGen      total 168448K, used 35327K [0x00000000d5f00000, 0x00000000e2d80000, 0x0000000100000000)
  eden space 133120K, 0% used [0x00000000d5f00000,0x00000000d5f00000,0x00000000de100000)
  from space 35328K, 99% used [0x00000000e0b00000,0x00000000e2d7fd58,0x00000000e2d80000)
  to   space 5120K, 0% used [0x00000000de100000,0x00000000de100000,0x00000000de600000)
 ParOldGen       total 179712K, used 90766K [0x0000000081c00000, 0x000000008cb80000, 0x00000000d5f00000)
  object space 179712K, 50% used [0x0000000081c00000,0x00000000874a3940,0x000000008cb80000)
 Metaspace       used 32293K, capacity 34091K, committed 34304K, reserved 1079296K
  class space    used 3976K, capacity 4529K, committed 4608K, reserved 1048576K
}
Event: 9.869 GC heap before
{Heap before GC invocations=9 (full 2):
 PSYoungGen      total 168448K, used 168447K [0x00000000d5f00000, 0x00000000e2d80000, 0x0000000100000000)
  eden space 133120K, 100% used [0x00000000d5f00000,0x00000000de100000,0x00000000de100000)
  from space 35328K, 99% used [0x00000000e0b00000,0x00000000e2d7fd58,0x00000000e2d80000)
  to   space 5120K, 0% used [0x00000000de100000,0x00000000de100000,0x00000000de600000)
 ParOldGen       total 179712K, used 90766K [0x0000000081c00000, 0x000000008cb80000, 0x00000000d5f00000)
  object space 179712K, 50% used [0x0000000081c00000,0x00000000874a3940,0x000000008cb80000)
 Metaspace       used 33922K, capacity 35767K, committed 36096K, reserved 1081344K
  class space    used 4181K, capacity 4755K, committed 4864K, reserved 1048576K
Event: 10.009 GC heap after
Heap after GC invocations=9 (full 2):
 PSYoungGen      total 138240K, used 5107K [0x00000000d5f00000, 0x00000000e2d80000, 0x0000000100000000)
  eden space 133120K, 0% used [0x00000000d5f00000,0x00000000d5f00000,0x00000000de100000)
  from space 5120K, 99% used [0x00000000de100000,0x00000000de5fcd80,0x00000000de600000)
  to   space 35328K, 0% used [0x00000000e0b00000,0x00000000e0b00000,0x00000000e2d80000)
 ParOldGen       total 179712K, used 141327K [0x0000000081c00000, 0x000000008cb80000, 0x00000000d5f00000)
  object space 179712K, 78% used [0x0000000081c00000,0x000000008a603d38,0x000000008cb80000)
 Metaspace       used 33922K, capacity 35767K, committed 36096K, reserved 1081344K
  class space    used 4181K, capacity 4755K, committed 4864K, reserved 1048576K
}
Event: 10.009 GC heap before
{Heap before GC invocations=10 (full 3):
 PSYoungGen      total 138240K, used 5107K [0x00000000d5f00000, 0x00000000e2d80000, 0x0000000100000000)
  eden space 133120K, 0% used [0x00000000d5f00000,0x00000000d5f00000,0x00000000de100000)
  from space 5120K, 99% used [0x00000000de100000,0x00000000de5fcd80,0x00000000de600000)
  to   space 35328K, 0% used [0x00000000e0b00000,0x00000000e0b00000,0x00000000e2d80000)
 ParOldGen       total 179712K, used 141327K [0x0000000081c00000, 0x000000008cb80000, 0x00000000d5f00000)
  object space 179712K, 78% used [0x0000000081c00000,0x000000008a603d38,0x000000008cb80000)
 Metaspace       used 33922K, capacity 35767K, committed 36096K, reserved 1081344K
  class space    used 4181K, capacity 4755K, committed 4864K, reserved 1048576K
Event: 10.242 GC heap after
Heap after GC invocations=10 (full 3):
 PSYoungGen      total 138240K, used 0K [0x00000000d5f00000, 0x00000000e2d80000, 0x0000000100000000)
  eden space 133120K, 0% used [0x00000000d5f00000,0x00000000d5f00000,0x00000000de100000)
  from space 5120K, 0% used [0x00000000de100000,0x00000000de100000,0x00000000de600000)
  to   space 35328K, 0% used [0x00000000e0b00000,0x00000000e0b00000,0x00000000e2d80000)
 ParOldGen       total 179712K, used 74990K [0x0000000081c00000, 0x000000008cb80000, 0x00000000d5f00000)
  object space 179712K, 41% used [0x0000000081c00000,0x000000008653bb80,0x000000008cb80000)
 Metaspace       used 33922K, capacity 35767K, committed 36096K, reserved 1081344K
  class space    used 4181K, capacity 4755K, committed 4864K, reserved 1048576K
}
Event: 11.550 GC heap before
{Heap before GC invocations=11 (full 3):
 PSYoungGen      total 138240K, used 133076K [0x00000000d5f00000, 0x00000000e2d80000, 0x0000000100000000)
  eden space 133120K, 99% used [0x00000000d5f00000,0x00000000de0f53f8,0x00000000de100000)
  from space 5120K, 0% used [0x00000000de100000,0x00000000de100000,0x00000000de600000)
  to   space 35328K, 0% used [0x00000000e0b00000,0x00000000e0b00000,0x00000000e2d80000)
 ParOldGen       total 179712K, used 74990K [0x0000000081c00000, 0x000000008cb80000, 0x00000000d5f00000)
  object space 179712K, 41% used [0x0000000081c00000,0x000000008653bb80,0x000000008cb80000)
 Metaspace       used 34807K, capacity 36757K, committed 36864K, reserved 1081344K
  class space    used 4266K, capacity 4858K, committed 4864K, reserved 1048576K
Event: 11.748 GC heap after
Heap after GC invocations=11 (full 3):
 PSYoungGen      total 168448K, used 35297K [0x00000000d5f00000, 0x00000000e2d80000, 0x0000000100000000)
  eden space 133120K, 0% used [0x00000000d5f00000,0x00000000d5f00000,0x00000000de100000)
  from space 35328K, 99% used [0x00000000e0b00000,0x00000000e2d78630,0x00000000e2d80000)
  to   space 5120K, 0% used [0x00000000de100000,0x00000000de100000,0x00000000de600000)
 ParOldGen       total 179712K, used 111858K [0x0000000081c00000, 0x000000008cb80000, 0x00000000d5f00000)
  object space 179712K, 62% used [0x0000000081c00000,0x000000008893c840,0x000000008cb80000)
 Metaspace       used 34807K, capacity 36757K, committed 36864K, reserved 1081344K
  class space    used 4266K, capacity 4858K, committed 4864K, reserved 1048576K
}

Deoptimization events (10 events):
Event: 8.532 Thread 0x0000000003162800 Uncommon trap: reason=unstable_if action=reinterpret pc=0x00000000040c0d60 method=org.objectweb.asm.Frame.merge(Lorg/objectweb/asm/SymbolTable;I[II)Z @ 56
Event: 8.532 Thread 0x0000000003162800 Uncommon trap: reason=unstable_if action=reinterpret pc=0x00000000035acf58 method=org.objectweb.asm.Frame.merge(Lorg/objectweb/asm/SymbolTable;I[II)Z @ 56
Event: 9.756 Thread 0x0000000003162800 Uncommon trap: reason=unstable_if action=reinterpret pc=0x0000000003b5bd00 method=java.util.HashMap.hash(Ljava/lang/Object;)I @ 1
Event: 9.756 Thread 0x0000000003162800 Uncommon trap: reason=unstable_if action=reinterpret pc=0x00000000036ca2e8 method=java.util.HashMap.hash(Ljava/lang/Object;)I @ 1
Event: 10.532 Thread 0x000000001b16b000 Uncommon trap: reason=unstable_if action=reinterpret pc=0x0000000004142e18 method=org.objectweb.asm.Frame.execute(IILorg/objectweb/asm/Symbol;Lorg/objectweb/asm/SymbolTable;)V @ 1198
Event: 11.531 Thread 0x000000001b16b000 Uncommon trap: reason=class_check action=maybe_recompile pc=0x000000000395be14 method=java.util.stream.AbstractPipeline.wrapAndCopyInto(Ljava/util/stream/Sink;Ljava/util/Spliterator;)Ljava/util/stream/Sink; @ 6
Event: 11.531 Thread 0x000000001b16b000 Uncommon trap: reason=class_check action=maybe_recompile pc=0x000000000395be14 method=java.util.stream.AbstractPipeline.wrapAndCopyInto(Ljava/util/stream/Sink;Ljava/util/Spliterator;)Ljava/util/stream/Sink; @ 6
Event: 11.531 Thread 0x000000001b16b000 Uncommon trap: reason=class_check action=maybe_recompile pc=0x000000000395be14 method=java.util.stream.AbstractPipeline.wrapAndCopyInto(Ljava/util/stream/Sink;Ljava/util/Spliterator;)Ljava/util/stream/Sink; @ 6
Event: 11.531 Thread 0x000000001b16b000 Uncommon trap: reason=class_check action=maybe_recompile pc=0x000000000395be14 method=java.util.stream.AbstractPipeline.wrapAndCopyInto(Ljava/util/stream/Sink;Ljava/util/Spliterator;)Ljava/util/stream/Sink; @ 6
Event: 11.975 Thread 0x000000001b16b000 Uncommon trap: reason=unstable_if action=reinterpret pc=0x00000000038170fc method=java.util.HashMap.hash(Ljava/lang/Object;)I @ 1

Internal exceptions (10 events):
Event: 12.663 Thread 0x000000001b16b000 Exception <a 'sun/nio/fs/WindowsException'> (0x00000000dc1c91c8) thrown at [C:\re\workspace\8-2-build-windows-amd64-cygwin\jdk8u51\3951\hotspot\src\share\vm\prims\jni.cpp, line 709]
Event: 12.664 Thread 0x000000001b16b000 Exception <a 'sun/nio/fs/WindowsException'> (0x00000000dc1c99f8) thrown at [C:\re\workspace\8-2-build-windows-amd64-cygwin\jdk8u51\3951\hotspot\src\share\vm\prims\jni.cpp, line 709]
Event: 12.664 Thread 0x000000001b16b000 Exception <a 'sun/nio/fs/WindowsException'> (0x00000000dc1ca958) thrown at [C:\re\workspace\8-2-build-windows-amd64-cygwin\jdk8u51\3951\hotspot\src\share\vm\prims\jni.cpp, line 709]
Event: 12.664 Thread 0x000000001b16b000 Exception <a 'sun/nio/fs/WindowsException'> (0x00000000dc1cb340) thrown at [C:\re\workspace\8-2-build-windows-amd64-cygwin\jdk8u51\3951\hotspot\src\share\vm\prims\jni.cpp, line 709]
Event: 12.672 Thread 0x000000001b16b000 Exception <a 'sun/nio/fs/WindowsException'> (0x00000000dc34a188) thrown at [C:\re\workspace\8-2-build-windows-amd64-cygwin\jdk8u51\3951\hotspot\src\share\vm\prims\jni.cpp, line 709]
Event: 12.672 Thread 0x000000001b16b000 Exception <a 'sun/nio/fs/WindowsException'> (0x00000000dc34a988) thrown at [C:\re\workspace\8-2-build-windows-amd64-cygwin\jdk8u51\3951\hotspot\src\share\vm\prims\jni.cpp, line 709]
Event: 12.672 Thread 0x000000001b16b000 Exception <a 'sun/nio/fs/WindowsException'> (0x00000000dc34b870) thrown at [C:\re\workspace\8-2-build-windows-amd64-cygwin\jdk8u51\3951\hotspot\src\share\vm\prims\jni.cpp, line 709]
Event: 12.673 Thread 0x000000001b16b000 Exception <a 'sun/nio/fs/WindowsException'> (0x00000000dc34c090) thrown at [C:\re\workspace\8-2-build-windows-amd64-cygwin\jdk8u51\3951\hotspot\src\share\vm\prims\jni.cpp, line 709]
Event: 12.673 Thread 0x000000001b16b000 Exception <a 'sun/nio/fs/WindowsException'> (0x00000000dc34cfd8) thrown at [C:\re\workspace\8-2-build-windows-amd64-cygwin\jdk8u51\3951\hotspot\src\share\vm\prims\jni.cpp, line 709]
Event: 12.673 Thread 0x000000001b16b000 Exception <a 'sun/nio/fs/WindowsException'> (0x00000000dc34d998) thrown at [C:\re\workspace\8-2-build-windows-amd64-cygwin\jdk8u51\3951\hotspot\src\share\vm\prims\jni.cpp, line 709]

Events (10 events):
Event: 12.615 loading class it/unimi/dsi/fastutil/ints/IntCollection
Event: 12.615 loading class it/unimi/dsi/fastutil/ints/IntCollection done
Event: 12.616 loading class it/unimi/dsi/fastutil/ints/IntIterable
Event: 12.616 loading class it/unimi/dsi/fastutil/ints/IntIterable done
Event: 12.618 loading class it/unimi/dsi/fastutil/ints/Int2ObjectMap$FastEntrySet
Event: 12.618 loading class it/unimi/dsi/fastutil/ints/Int2ObjectMap$FastEntrySet done
Event: 12.669 loading class net/minecraft/state/properties/RailShape
Event: 12.669 loading class net/minecraft/state/properties/RailShape done
Event: 12.669 loading class net/minecraft/state/properties/RailShape
Event: 12.669 loading class net/minecraft/state/properties/RailShape done


Dynamic libraries:
0x00007ff7f88c0000 - 0x00007ff7f88f7000 	C:\Program Files (x86)\Minecraft\runtime\jre-x64\bin\java.exe
0x00007ffe4bd10000 - 0x00007ffe4bf05000 	C:\WINDOWS\SYSTEM32\ntdll.dll
0x00007ffe4b320000 - 0x00007ffe4b3dd000 	C:\WINDOWS\System32\KERNEL32.DLL
0x00007ffe496b0000 - 0x00007ffe49979000 	C:\WINDOWS\System32\KERNELBASE.dll
0x00007ffe4ba00000 - 0x00007ffe4baac000 	C:\WINDOWS\System32\ADVAPI32.dll
0x00007ffe4a110000 - 0x00007ffe4a1ae000 	C:\WINDOWS\System32\msvcrt.dll
0x00007ffe49fe0000 - 0x00007ffe4a07c000 	C:\WINDOWS\System32\sechost.dll
0x00007ffe49eb0000 - 0x00007ffe49fdb000 	C:\WINDOWS\System32\RPCRT4.dll
0x00007ffe4b7f0000 - 0x00007ffe4b990000 	C:\WINDOWS\System32\USER32.dll
0x00007ffe49ab0000 - 0x00007ffe49ad2000 	C:\WINDOWS\System32\win32u.dll
0x00007ffe4b990000 - 0x00007ffe4b9ba000 	C:\WINDOWS\System32\GDI32.dll
0x00007ffe49c60000 - 0x00007ffe49d6b000 	C:\WINDOWS\System32\gdi32full.dll
0x00007ffe49b60000 - 0x00007ffe49bfd000 	C:\WINDOWS\System32\msvcp_win.dll
0x00007ffe495b0000 - 0x00007ffe496b0000 	C:\WINDOWS\System32\ucrtbase.dll
0x00007ffe2f680000 - 0x00007ffe2f91a000 	C:\WINDOWS\WinSxS\amd64_microsoft.windows.common-controls_6595b64144ccf1df_6.0.19041.844_none_ca00b6081b84eb1d\COMCTL32.dll
0x00007ffe4b9d0000 - 0x00007ffe4ba00000 	C:\WINDOWS\System32\IMM32.DLL
0x000000005dbc0000 - 0x000000005dc92000 	C:\Program Files (x86)\Minecraft\runtime\jre-x64\bin\msvcr100.dll
0x000000005d330000 - 0x000000005dbb3000 	C:\Program Files (x86)\Minecraft\runtime\jre-x64\bin\server\jvm.dll
0x00007ffe4b9c0000 - 0x00007ffe4b9c8000 	C:\WINDOWS\System32\PSAPI.DLL
0x00007ffe42960000 - 0x00007ffe42987000 	C:\WINDOWS\SYSTEM32\WINMM.dll
0x00007ffe25d30000 - 0x00007ffe25d39000 	C:\WINDOWS\SYSTEM32\WSOCK32.dll
0x00007ffe4bc60000 - 0x00007ffe4bccb000 	C:\WINDOWS\System32\WS2_32.dll
0x00007ffe42690000 - 0x00007ffe4269a000 	C:\WINDOWS\SYSTEM32\VERSION.dll
0x000000005d320000 - 0x000000005d32f000 	C:\Program Files (x86)\Minecraft\runtime\jre-x64\bin\verify.dll
0x000000005d2f0000 - 0x000000005d319000 	C:\Program Files (x86)\Minecraft\runtime\jre-x64\bin\java.dll
0x000000005d2c0000 - 0x000000005d2e3000 	C:\Program Files (x86)\Minecraft\runtime\jre-x64\bin\instrument.dll
0x000000005d2a0000 - 0x000000005d2b6000 	C:\Program Files (x86)\Minecraft\runtime\jre-x64\bin\zip.dll
0x00007ffe4a600000 - 0x00007ffe4ad42000 	C:\WINDOWS\System32\SHELL32.dll
0x00007ffe47370000 - 0x00007ffe47b00000 	C:\WINDOWS\SYSTEM32\windows.storage.dll
0x00007ffe4b490000 - 0x00007ffe4b7e5000 	C:\WINDOWS\System32\combase.dll
0x00007ffe48df0000 - 0x00007ffe48e1c000 	C:\WINDOWS\SYSTEM32\Wldp.dll
0x00007ffe4a530000 - 0x00007ffe4a5de000 	C:\WINDOWS\System32\SHCORE.dll
0x00007ffe4a340000 - 0x00007ffe4a395000 	C:\WINDOWS\System32\shlwapi.dll
0x00007ffe49390000 - 0x00007ffe493af000 	C:\WINDOWS\SYSTEM32\profapi.dll
0x00007ffe32810000 - 0x00007ffe3282a000 	C:\Users\ervin_1nmnhvl\AppData\Local\JetBrains\Toolbox\apps\IDEA-U\ch-0\203.7148.57\bin\breakgen64.dll
0x000000005d280000 - 0x000000005d29a000 	C:\Program Files (x86)\Minecraft\runtime\jre-x64\bin\net.dll
0x00007ffe48be0000 - 0x00007ffe48c4a000 	C:\WINDOWS\system32\mswsock.dll
0x000000005d270000 - 0x000000005d27d000 	C:\Program Files (x86)\Minecraft\runtime\jre-x64\bin\management.dll
0x00007ffe26e10000 - 0x00007ffe26e27000 	C:\WINDOWS\system32\napinsp.dll
0x00007ffe2fda0000 - 0x00007ffe2fdbb000 	C:\WINDOWS\system32\pnrpnsp.dll
0x00007ffe441b0000 - 0x00007ffe441c5000 	C:\WINDOWS\system32\wshbth.dll
0x00007ffe44ea0000 - 0x00007ffe44ebd000 	C:\WINDOWS\system32\NLAapi.dll
0x00007ffe488a0000 - 0x00007ffe488db000 	C:\WINDOWS\SYSTEM32\IPHLPAPI.DLL
0x00007ffe488e0000 - 0x00007ffe489ab000 	C:\WINDOWS\SYSTEM32\DNSAPI.dll
0x00007ffe4b240000 - 0x00007ffe4b248000 	C:\WINDOWS\System32\NSI.dll
0x00007ffe3e5b0000 - 0x00007ffe3e5c2000 	C:\WINDOWS\System32\winrnr.dll
0x00007ffe39260000 - 0x00007ffe3926a000 	C:\Windows\System32\rasadhlp.dll
0x00007ffe3e5d0000 - 0x00007ffe3e64f000 	C:\WINDOWS\System32\fwpuclnt.dll
0x00007ffe49a80000 - 0x00007ffe49aa7000 	C:\WINDOWS\System32\bcrypt.dll
0x000000005d250000 - 0x000000005d261000 	C:\Program Files (x86)\Minecraft\runtime\jre-x64\bin\nio.dll
0x000000005d220000 - 0x000000005d244000 	C:\Program Files (x86)\Minecraft\runtime\jre-x64\bin\sunec.dll
0x00007ffe49120000 - 0x00007ffe49138000 	C:\WINDOWS\SYSTEM32\CRYPTSP.dll
0x00007ffe48420000 - 0x00007ffe48454000 	C:\WINDOWS\system32\rsaenh.dll
0x00007ffe49350000 - 0x00007ffe4937e000 	C:\WINDOWS\SYSTEM32\USERENV.dll
0x00007ffe49ae0000 - 0x00007ffe49b60000 	C:\WINDOWS\System32\bcryptprimitives.dll
0x00007ffe48d60000 - 0x00007ffe48d6c000 	C:\WINDOWS\SYSTEM32\CRYPTBASE.dll
0x00007ffe400c0000 - 0x00007ffe400d7000 	C:\WINDOWS\SYSTEM32\dhcpcsvc6.DLL
0x00007ffe40150000 - 0x00007ffe4016d000 	C:\WINDOWS\SYSTEM32\dhcpcsvc.DLL
0x00007ffe19550000 - 0x00007ffe195c2000 	C:\Users\ervin_1nmnhvl\AppData\Local\Temp\lwjglervin_1nmnhvl\3.2.2-build-10\lwjgl.dll
0x00007ffe140d0000 - 0x00007ffe14321000 	C:\Users\ERVIN_~1\AppData\Local\Temp\lwjglervin_1nmnhvl\3.2.2-build-10\jemalloc.dll
0x00007ffe264b0000 - 0x00007ffe2650e000 	C:\Users\ERVIN_~1\AppData\Local\Temp\lwjglervin_1nmnhvl\3.2.2-build-10\glfw.dll
0x00007ffe46c30000 - 0x00007ffe46cce000 	C:\WINDOWS\system32\uxtheme.dll
0x00007ffe21b40000 - 0x00007ffe21b85000 	C:\WINDOWS\SYSTEM32\dinput8.dll
0x00007ffe2fe30000 - 0x00007ffe2fe41000 	C:\WINDOWS\SYSTEM32\xinput1_4.dll
0x00007ffe49980000 - 0x00007ffe499ce000 	C:\WINDOWS\System32\cfgmgr32.dll
0x00007ffe49200000 - 0x00007ffe4922c000 	C:\WINDOWS\SYSTEM32\DEVOBJ.dll
0x00007ffe46ea0000 - 0x00007ffe46ecf000 	C:\WINDOWS\SYSTEM32\dwmapi.dll
0x00007ffe35d60000 - 0x00007ffe35eb2000 	C:\WINDOWS\SYSTEM32\inputhost.dll
0x00007ffe4b250000 - 0x00007ffe4b31d000 	C:\WINDOWS\System32\OLEAUT32.dll
0x00007ffe468d0000 - 0x00007ffe469c2000 	C:\WINDOWS\SYSTEM32\CoreMessaging.dll
0x00007ffe44c80000 - 0x00007ffe44d77000 	C:\WINDOWS\SYSTEM32\PROPSYS.dll
0x00007ffe45ea0000 - 0x00007ffe45ff4000 	C:\WINDOWS\SYSTEM32\wintypes.dll
0x00007ffe46570000 - 0x00007ffe468ce000 	C:\WINDOWS\SYSTEM32\CoreUIComponents.dll
0x00007ffe48050000 - 0x00007ffe48083000 	C:\WINDOWS\SYSTEM32\ntmarta.dll
0x00007ffe47be0000 - 0x00007ffe47bf2000 	C:\WINDOWS\SYSTEM32\kernel.appcore.dll
0x00007ffe4a1b0000 - 0x00007ffe4a2c5000 	C:\WINDOWS\System32\MSCTF.dll
0x00007ffe47b00000 - 0x00007ffe47b0d000 	C:\WINDOWS\SYSTEM32\HID.DLL
0x00007ffe4ad50000 - 0x00007ffe4b1b9000 	C:\WINDOWS\System32\SETUPAPI.DLL
0x00007ffe49c00000 - 0x00007ffe49c60000 	C:\WINDOWS\System32\WINTRUST.dll
0x00007ffe49450000 - 0x00007ffe495af000 	C:\WINDOWS\System32\CRYPT32.dll
0x00007ffe491e0000 - 0x00007ffe491f2000 	C:\WINDOWS\SYSTEM32\MSASN1.dll
0x00007ffe11230000 - 0x00007ffe11356000 	C:\WINDOWS\SYSTEM32\opengl32.dll
0x00007ffe325e0000 - 0x00007ffe3260c000 	C:\WINDOWS\SYSTEM32\GLU32.dll
0x00007ffe4b3e0000 - 0x00007ffe4b489000 	C:\WINDOWS\System32\clbcatq.dll
0x00007ffe022a0000 - 0x00007ffe02f24000 	C:\WINDOWS\SYSTEM32\ig4icd64.dll
0x00007ffe47c50000 - 0x00007ffe47d43000 	C:\WINDOWS\SYSTEM32\dxgi.dll
0x00007ffe45210000 - 0x00007ffe45474000 	C:\WINDOWS\SYSTEM32\d3d11.dll
0x00007ffe16410000 - 0x00007ffe17060000 	C:\WINDOWS\SYSTEM32\igd10umd64.dll
0x00007ffe3d5e0000 - 0x00007ffe3d61b000 	C:\WINDOWS\SYSTEM32\dxcore.dll
0x00007ffe19010000 - 0x00007ffe1908f000 	C:\Users\ervin_1nmnhvl\AppData\Local\Temp\lwjglervin_1nmnhvl\3.2.2-build-10\lwjgl_stb.dll
0x00007ffe43de0000 - 0x00007ffe43e8e000 	C:\WINDOWS\SYSTEM32\mscms.dll
0x00007ffe43d50000 - 0x00007ffe43d61000 	C:\WINDOWS\SYSTEM32\ColorAdapterClient.dll
0x00007ffe205c0000 - 0x00007ffe20603000 	C:\WINDOWS\SYSTEM32\icm32.dll
0x00007ffe35ec0000 - 0x00007ffe35fbb000 	C:\WINDOWS\SYSTEM32\textinputframework.dll
0x00007ffe182b0000 - 0x00007ffe18308000 	C:\Users\ervin_1nmnhvl\AppData\Local\Temp\lwjglervin_1nmnhvl\3.2.2-build-10\lwjgl_opengl.dll
0x00007ffe41510000 - 0x00007ffe416f4000 	C:\WINDOWS\SYSTEM32\dbghelp.dll

VM Arguments:
jvm_args: -Dforge.logging.console.level=debug -Dforge.logging.markers=SCAN,REGISTRIES,REGISTRYDUMP -XX:HeapDumpPath=MojangTricksIntelDriversForPerformance_javaw.exe_minecraft.exe.heapdump -Dos.name=Windows 10 -Dos.version=10.0 -javaagent:C:\Users\ervin_1nmnhvl\AppData\Local\JetBrains\Toolbox\apps\IDEA-U\ch-0\203.7148.57\lib\idea_rt.jar=61042:C:\Users\ervin_1nmnhvl\AppData\Local\JetBrains\Toolbox\apps\IDEA-U\ch-0\203.7148.57\bin -Dfile.encoding=windows-1250 
java_command: net.minecraftforge.userdev.LaunchTesting
java_class_path (initial): C:\Program Files (x86)\Minecraft\runtime\jre-x64\lib\charsets.jar;C:\Program Files (x86)\Minecraft\runtime\jre-x64\lib\deploy.jar;C:\Program Files (x86)\Minecraft\runtime\jre-x64\lib\ext\access-bridge-64.jar;C:\Program Files (x86)\Minecraft\runtime\jre-x64\lib\ext\cldrdata.jar;C:\Program Files (x86)\Minecraft\runtime\jre-x64\lib\ext\dnsns.jar;C:\Program Files (x86)\Minecraft\runtime\jre-x64\lib\ext\jaccess.jar;C:\Program Files (x86)\Minecraft\runtime\jre-x64\lib\ext\jfxrt.jar;C:\Program Files (x86)\Minecraft\runtime\jre-x64\lib\ext\localedata.jar;C:\Program Files (x86)\Minecraft\runtime\jre-x64\lib\ext\nashorn.jar;C:\Program Files (x86)\Minecraft\runtime\jre-x64\lib\ext\sunec.jar;C:\Program Files (x86)\Minecraft\runtime\jre-x64\lib\ext\sunjce_provider.jar;C:\Program Files (x86)\Minecraft\runtime\jre-x64\lib\ext\sunmscapi.jar;C:\Program Files (x86)\Minecraft\runtime\jre-x64\lib\ext\sunpkcs11.jar;C:\Program Files (x86)\Minecraft\runtime\jre-x64\lib\ext\zipfs.jar;C:\Program Files (x86)\Minecraft\runtime\jre-x64\lib\javaws.jar;C:\Program Files (x86)\Minecraft\runtime\jre-x64\lib\jce.jar;C:\Program Files (x86)\Minecraft\runtime\jre-x64\lib\jfr.jar;C:\Program Files (x86)\Minecraft\runtime\jre-x64\lib\jfxswt.jar;C:\Program Files (x86)\Minecraft\runtime\jre-x64\lib\jsse.jar;C:\Program Files (x86)\Minecraft\runtime\jre-x64\lib\management-agent.jar;C:\Program Files (x86)\Minecraft\runtime\jre-x64\lib\plugin.jar;C:\Program Files (x86)\Minecraft\runtime\jre-x64\lib\resources.jar;C:\Program Files (x86)\Minecraft\runtime\jre-x64\lib\rt.jar;C:\save\modding\ervin_mod_1\build\classes\java\main;C:\save\modding\ervin_mod_1\build\resources\main;C:\Users\ervin_1nmnhvl\.gradle\caches\forge_gradle\minecraft_user_repo\net\minecraftforge\forge\1.16.1-32.0.75_mapped_snapshot_20200723-1.16.1\forge-1.16.1-32.0.75_mapped_snapshot_20200723-1.16.1-recomp.jar;C:\Users\ervin_1nmnhvl\.gradle\caches\forge_gradle\minecraft_user_repo\net\minecraftforge\forge\1.16.1-32.0.75_
Launcher Type: SUN_STANDARD

Environment Variables:
JAVA_HOME=C:\Program Files\Java\jdk-11.0.4
PATH=C:\Program Files\Docker\Docker\Resources\bin;C:\ProgramData\Oracle\Java\javapath;C:\WINDOWS\system32;C:\WINDOWS;C:\WINDOWS\System32\Wbem;C:\WINDOWS\System32\WindowsPowerShell\v1.0\;C:\Program Files (x86)\cloudControl;C:\Program Files\Git\cmd;C:\bin;C:\Program Files (x86)\Windows Kits\8.1\Windows Performance Toolkit\;C:\Program Files (x86)\PuTTY\;C:\Program Files (x86)\Nodist\bin;G:\save\sdk\android\tools;G:\save\sdk\android\platform-tools;C:\boxfuse;C:\Program Files (x86)\Skype\Phone\;C:\Program Files (x86)\GtkSharp\2.12\bin;C:\Program Files (x86)\IVI Foundation\VISA\WinNT\Bin;C:\WINDOWS\system32;C:\WINDOWS;C:\WINDOWS\System32\Wbem;C:\WINDOWS\System32\WindowsPowerShell\v1.0\;;C:\WINDOWS\System32\OpenSSH\;C:\Users\ervin_1nmnhvl\AppData\Local\Microsoft\WindowsApps;
USERNAME=ervin_1nmnhvl
OS=Windows_NT
PROCESSOR_IDENTIFIER=Intel64 Family 6 Model 42 Stepping 7, GenuineIntel



---------------  S Y S T E M  ---------------

OS: Windows 10.0 , 64 bit Build 19041 (10.0.19041.804)

CPU:total 4 (2 cores per cpu, 2 threads per core) family 6 model 42 stepping 7, cmov, cx8, fxsr, mmx, sse, sse2, sse3, ssse3, sse4.1, sse4.2, popcnt, avx, aes, clmul, ht, tsc, tscinvbit

Memory: 4k page, physical 8266764k(735896k free), swap 10363916k(5136k free)

vm_info: Java HotSpot(TM) 64-Bit Server VM (25.51-b03) for windows-amd64 JRE (1.8.0_51-b16), built on Jun  8 2015 18:03:07 by "java_re" with MS VC++ 10.0 (VS2010)

time: Mon Apr 05 09:11:49 2021
elapsed time: 12 seconds (0d 0h 0m 12s)

