#
# There is insufficient memory for the Java Runtime Environment to continue.
# Native memory allocation (malloc) failed to allocate 131088 bytes for Chunk::new
# Possible reasons:
#   The system is out of physical RAM or swap space
#   In 32 bit mode, the process size limit was hit
# Possible solutions:
#   Reduce memory load on the system
#   Increase physical memory or swap space
#   Check if swap backing store is full
#   Use 64 bit Java on a 64 bit OS
#   Decrease Java heap size (-Xmx/-Xms)
#   Decrease number of Java threads
#   Decrease Java thread stack sizes (-Xss)
#   Set larger code cache with -XX:ReservedCodeCacheSize=
# This output file may be truncated or incomplete.
#
#  Out of Memory Error (allocation.cpp:390), pid=5684, tid=19812
#
# JRE version: Java(TM) SE Runtime Environment (8.0_51-b16) (build 1.8.0_51-b16)
# Java VM: Java HotSpot(TM) 64-Bit Server VM (25.51-b03 mixed mode windows-amd64 compressed oops)
# Failed to write core dump. Minidumps are not enabled by default on client versions of Windows
#

---------------  T H R E A D  ---------------

Current thread (0x0000000019176800):  JavaThread "C2 CompilerThread0" daemon [_thread_in_native, id=19812, stack(0x0000000019290000,0x0000000019390000)]

Stack: [0x0000000019290000,0x0000000019390000]
Native frames: (J=compiled Java code, j=interpreted, Vv=VM code, C=native code)
V  [jvm.dll+0x32b4ca]


Current CompileTask:
C2: 163465 20079       4       net.minecraft.util.math.shapes.VoxelShapes::getAllowedOffset (545 bytes)


---------------  P R O C E S S  ---------------

Java Threads: ( => current thread )
  0x0000000023259000 JavaThread "Worker-Main-18" daemon [_thread_blocked, id=9456, stack(0x000000002a530000,0x000000002a630000)]
  0x000000002325d800 JavaThread "Sound engine" daemon [_thread_blocked, id=18812, stack(0x0000000028650000,0x0000000028750000)]
  0x0000000023264800 JavaThread "Netty Server IO #1" daemon [_thread_in_native, id=10568, stack(0x0000000047460000,0x0000000047560000)]
  0x0000000023263800 JavaThread "Netty Local Client IO #0" daemon [_thread_blocked, id=16172, stack(0x0000000047b40000,0x0000000047c40000)]
  0x0000000023266800 JavaThread "Keep-Alive-Timer" daemon [_thread_blocked, id=21248, stack(0x0000000047a40000,0x0000000047b40000)]
  0x0000000023263000 JavaThread "Netty Server IO #0" daemon [_thread_in_native, id=11368, stack(0x0000000046ae0000,0x0000000046be0000)]
  0x000000002325a800 JavaThread "ObjectCleanerThread" daemon [_thread_blocked, id=12548, stack(0x0000000000e00000,0x0000000000f00000)]
  0x0000000023265000 JavaThread "Java2D Disposer" daemon [_thread_blocked, id=11060, stack(0x0000000000c80000,0x0000000000d80000)]
  0x0000000023266000 JavaThread "IO-Worker-17" [_thread_blocked, id=11040, stack(0x00000000475c0000,0x00000000476c0000)]
  0x0000000023262000 JavaThread "IO-Worker-16" [_thread_blocked, id=8596, stack(0x0000000046f40000,0x0000000047040000)]
  0x0000000023261800 JavaThread "IO-Worker-15" [_thread_blocked, id=13912, stack(0x00000000467e0000,0x00000000468e0000)]
  0x0000000023260800 JavaThread "IO-Worker-14" [_thread_blocked, id=8840, stack(0x0000000045d50000,0x0000000045e50000)]
  0x0000000023260000 JavaThread "IO-Worker-13" [_thread_blocked, id=15144, stack(0x0000000045710000,0x0000000045810000)]
  0x000000002325d000 JavaThread "Worker-Main-12" daemon [_thread_blocked, id=11456, stack(0x0000000045140000,0x0000000045240000)]
  0x000000002325b800 JavaThread "Worker-Main-11" daemon [_thread_blocked, id=12496, stack(0x0000000039480000,0x0000000039580000)]
  0x000000002325f000 JavaThread "Thread-11" daemon [_thread_in_native, id=20252, stack(0x0000000029fb0000,0x000000002a0b0000)]
  0x000000002325a000 JavaThread "Server thread" [_thread_in_Java, id=4288, stack(0x0000000028e50000,0x0000000028f50000)]
  0x000000002325e800 JavaThread "Snooper Timer" daemon [_thread_blocked, id=21216, stack(0x0000000022e40000,0x0000000022f40000)]
  0x0000000019c81800 JavaThread "Narrator" [_thread_blocked, id=11500, stack(0x00000000211f0000,0x00000000212f0000)]
  0x0000000019c86000 JavaThread "Snooper Timer" daemon [_thread_blocked, id=11748, stack(0x0000000027710000,0x0000000027810000)]
  0x0000000019c84800 JavaThread "Timer hack thread" daemon [_thread_blocked, id=15116, stack(0x00000000265f0000,0x00000000266f0000)]
  0x000000001a9b1000 JavaThread "pool-3-thread-1" [_thread_blocked, id=18664, stack(0x000000001b6a0000,0x000000001b7a0000)]
  0x000000001bcd4800 JavaThread "Thread-2" daemon [_thread_in_native, id=14652, stack(0x000000001cc70000,0x000000001cd70000)]
  0x000000001a936800 JavaThread "Thread-1" daemon [_thread_blocked, id=17972, stack(0x000000001cb70000,0x000000001cc70000)]
  0x000000001960b800 JavaThread "Service Thread" daemon [_thread_blocked, id=15680, stack(0x0000000019d90000,0x0000000019e90000)]
  0x000000001917c000 JavaThread "C1 CompilerThread2" daemon [_thread_in_vm, id=18568, stack(0x0000000019490000,0x0000000019590000)]
  0x0000000019177800 JavaThread "C2 CompilerThread1" daemon [_thread_in_native, id=9492, stack(0x0000000019390000,0x0000000019490000)]
=>0x0000000019176800 JavaThread "C2 CompilerThread0" daemon [_thread_in_native, id=19812, stack(0x0000000019290000,0x0000000019390000)]
  0x0000000019175000 JavaThread "Monitor Ctrl-Break" daemon [_thread_in_native, id=4448, stack(0x0000000019190000,0x0000000019290000)]
  0x0000000017826800 JavaThread "Attach Listener" daemon [_thread_blocked, id=16676, stack(0x0000000018c90000,0x0000000018d90000)]
  0x0000000017825800 JavaThread "Signal Dispatcher" daemon [_thread_blocked, id=7776, stack(0x0000000018b90000,0x0000000018c90000)]
  0x0000000002beb800 JavaThread "Finalizer" daemon [_thread_blocked, id=14052, stack(0x0000000018a90000,0x0000000018b90000)]
  0x0000000002be8800 JavaThread "Reference Handler" daemon [_thread_blocked, id=14116, stack(0x0000000018990000,0x0000000018a90000)]
  0x0000000002af2800 JavaThread "Render thread" [_thread_in_native, id=16068, stack(0x0000000002930000,0x0000000002a30000)]

Other Threads:
  0x00000000177e9800 VMThread [stack: 0x0000000018890000,0x0000000018990000] [id=18028]
  0x0000000019610800 WatcherThread [stack: 0x0000000019e90000,0x0000000019f90000] [id=5308]

VM state:not at safepoint (normal execution)

VM Mutex/Monitor currently owned by a thread: None

Heap:
 PSYoungGen      total 459776K, used 52048K [0x00000000d5f00000, 0x0000000100000000, 0x0000000100000000)
  eden space 230400K, 6% used [0x00000000d5f00000,0x00000000d6d5f898,0x00000000e4000000)
  from space 229376K, 16% used [0x00000000f2000000,0x00000000f4474890,0x0000000100000000)
  to   space 229376K, 0% used [0x00000000e4000000,0x00000000e4000000,0x00000000f2000000)
 ParOldGen       total 639488K, used 480480K [0x0000000081c00000, 0x00000000a8c80000, 0x00000000d5f00000)
  object space 639488K, 75% used [0x0000000081c00000,0x000000009f138308,0x00000000a8c80000)
 Metaspace       used 98348K, capacity 111250K, committed 111360K, reserved 1142784K
  class space    used 15210K, capacity 18637K, committed 18688K, reserved 1048576K

Card table byte_map: [0x00000000120b0000,0x00000000124b0000] byte_map_base: 0x0000000011ca2000

Marking Bits: (ParMarkBitMap*) 0x0000000050ec4040
 Begin Bits: [0x0000000012b60000, 0x0000000014af0000)
 End Bits:   [0x0000000014af0000, 0x0000000016a80000)

Polling page: 0x0000000000fa0000

CodeCache: size=245760Kb used=47414Kb max_used=47414Kb free=198345Kb
 bounds [0x0000000002cf0000, 0x0000000005b80000, 0x0000000011cf0000]
 total_blobs=16314 nmethods=14602 adapters=1621
 compilation: enabled

Compilation events (10 events):
Event: 163.453 Thread 0x000000001917c000 nmethod 20098 0x0000000005b6fcd0 code [0x0000000005b6fe40, 0x0000000005b700c8]
Event: 163.453 Thread 0x000000001917c000 20099       3       net.minecraft.entity.ai.goal.GoalSelector::addGoal (20 bytes)
Event: 163.453 Thread 0x000000001917c000 nmethod 20099 0x0000000005b701d0 code [0x0000000005b70360, 0x0000000005b70798]
Event: 163.453 Thread 0x000000001917c000 20100       3       net.minecraft.entity.ai.goal.Goal::setMutexFlags (17 bytes)
Event: 163.454 Thread 0x000000001917c000 nmethod 20100 0x0000000005b70990 code [0x0000000005b70b00, 0x0000000005b70df8]
Event: 163.454 Thread 0x000000001917c000 20101       3       java.util.concurrent.locks.AbstractQueuedSynchronizer$ConditionObject::doSignal (43 bytes)
Event: 163.454 Thread 0x000000001917c000 nmethod 20101 0x0000000005b70f10 code [0x0000000005b71080, 0x0000000005b71408]
Event: 163.455 Thread 0x000000001917c000 20102       3       com.mojang.serialization.codecs.FieldDecoder::decode (62 bytes)
Event: 163.457 Thread 0x000000001917c000 nmethod 20102 0x0000000005b71510 code [0x0000000005b717c0, 0x0000000005b72bb8]
Event: 163.457 Thread 0x000000001917c000 20103       3       it.unimi.dsi.fastutil.objects.Object2ObjectArrayMap::put (173 bytes)

GC Heap History (10 events):
Event: 156.309 GC heap before
{Heap before GC invocations=164 (full 9):
 PSYoungGen      total 459776K, used 459769K [0x00000000d5f00000, 0x0000000100000000, 0x0000000100000000)
  eden space 230400K, 100% used [0x00000000d5f00000,0x00000000e4000000,0x00000000e4000000)
  from space 229376K, 99% used [0x00000000f2000000,0x00000000ffffe7e8,0x0000000100000000)
  to   space 229376K, 0% used [0x00000000e4000000,0x00000000e4000000,0x00000000f2000000)
 ParOldGen       total 639488K, used 452744K [0x0000000081c00000, 0x00000000a8c80000, 0x00000000d5f00000)
  object space 639488K, 70% used [0x0000000081c00000,0x000000009d6220a0,0x00000000a8c80000)
 Metaspace       used 95721K, capacity 107976K, committed 108160K, reserved 1138688K
  class space    used 14890K, capacity 18192K, committed 18304K, reserved 1048576K
Event: 156.561 GC heap after
Heap after GC invocations=164 (full 9):
 PSYoungGen      total 459776K, used 229355K [0x00000000d5f00000, 0x0000000100000000, 0x0000000100000000)
  eden space 230400K, 0% used [0x00000000d5f00000,0x00000000d5f00000,0x00000000e4000000)
  from space 229376K, 99% used [0x00000000e4000000,0x00000000f1ffaec0,0x00000000f2000000)
  to   space 229376K, 0% used [0x00000000f2000000,0x00000000f2000000,0x0000000100000000)
 ParOldGen       total 639488K, used 478473K [0x0000000081c00000, 0x00000000a8c80000, 0x00000000d5f00000)
  object space 639488K, 74% used [0x0000000081c00000,0x000000009ef427a0,0x00000000a8c80000)
 Metaspace       used 95721K, capacity 107976K, committed 108160K, reserved 1138688K
  class space    used 14890K, capacity 18192K, committed 18304K, reserved 1048576K
}
Event: 157.926 GC heap before
{Heap before GC invocations=165 (full 9):
 PSYoungGen      total 459776K, used 459724K [0x00000000d5f00000, 0x0000000100000000, 0x0000000100000000)
  eden space 230400K, 99% used [0x00000000d5f00000,0x00000000e3ff8380,0x00000000e4000000)
  from space 229376K, 99% used [0x00000000e4000000,0x00000000f1ffaec0,0x00000000f2000000)
  to   space 229376K, 0% used [0x00000000f2000000,0x00000000f2000000,0x0000000100000000)
 ParOldGen       total 639488K, used 478473K [0x0000000081c00000, 0x00000000a8c80000, 0x00000000d5f00000)
  object space 639488K, 74% used [0x0000000081c00000,0x000000009ef427a0,0x00000000a8c80000)
 Metaspace       used 97276K, capacity 109802K, committed 109824K, reserved 1140736K
  class space    used 15037K, capacity 18411K, committed 18432K, reserved 1048576K
Event: 158.134 GC heap after
Heap after GC invocations=165 (full 9):
 PSYoungGen      total 459776K, used 205549K [0x00000000d5f00000, 0x0000000100000000, 0x0000000100000000)
  eden space 230400K, 0% used [0x00000000d5f00000,0x00000000d5f00000,0x00000000e4000000)
  from space 229376K, 89% used [0x00000000f2000000,0x00000000fe8bb440,0x0000000100000000)
  to   space 229376K, 0% used [0x00000000e4000000,0x00000000e4000000,0x00000000f2000000)
 ParOldGen       total 639488K, used 492106K [0x0000000081c00000, 0x00000000a8c80000, 0x00000000d5f00000)
  object space 639488K, 76% used [0x0000000081c00000,0x000000009fc92ad0,0x00000000a8c80000)
 Metaspace       used 97276K, capacity 109802K, committed 109824K, reserved 1140736K
  class space    used 15037K, capacity 18411K, committed 18432K, reserved 1048576K
}
Event: 159.689 GC heap before
{Heap before GC invocations=166 (full 9):
 PSYoungGen      total 459776K, used 435949K [0x00000000d5f00000, 0x0000000100000000, 0x0000000100000000)
  eden space 230400K, 100% used [0x00000000d5f00000,0x00000000e4000000,0x00000000e4000000)
  from space 229376K, 89% used [0x00000000f2000000,0x00000000fe8bb440,0x0000000100000000)
  to   space 229376K, 0% used [0x00000000e4000000,0x00000000e4000000,0x00000000f2000000)
 ParOldGen       total 639488K, used 492106K [0x0000000081c00000, 0x00000000a8c80000, 0x00000000d5f00000)
  object space 639488K, 76% used [0x0000000081c00000,0x000000009fc92ad0,0x00000000a8c80000)
 Metaspace       used 97641K, capacity 110272K, committed 110464K, reserved 1140736K
  class space    used 15081K, capacity 18458K, committed 18560K, reserved 1048576K
Event: 159.804 GC heap after
Heap after GC invocations=166 (full 9):
 PSYoungGen      total 459776K, used 82182K [0x00000000d5f00000, 0x0000000100000000, 0x0000000100000000)
  eden space 230400K, 0% used [0x00000000d5f00000,0x00000000d5f00000,0x00000000e4000000)
  from space 229376K, 35% used [0x00000000e4000000,0x00000000e9041a90,0x00000000f2000000)
  to   space 229376K, 0% used [0x00000000f2000000,0x00000000f2000000,0x0000000100000000)
 ParOldGen       total 639488K, used 588166K [0x0000000081c00000, 0x00000000a8c80000, 0x00000000d5f00000)
  object space 639488K, 91% used [0x0000000081c00000,0x00000000a5a61af0,0x00000000a8c80000)
 Metaspace       used 97641K, capacity 110272K, committed 110464K, reserved 1140736K
  class space    used 15081K, capacity 18458K, committed 18560K, reserved 1048576K
}
Event: 159.804 GC heap before
{Heap before GC invocations=167 (full 10):
 PSYoungGen      total 459776K, used 82182K [0x00000000d5f00000, 0x0000000100000000, 0x0000000100000000)
  eden space 230400K, 0% used [0x00000000d5f00000,0x00000000d5f00000,0x00000000e4000000)
  from space 229376K, 35% used [0x00000000e4000000,0x00000000e9041a90,0x00000000f2000000)
  to   space 229376K, 0% used [0x00000000f2000000,0x00000000f2000000,0x0000000100000000)
 ParOldGen       total 639488K, used 588166K [0x0000000081c00000, 0x00000000a8c80000, 0x00000000d5f00000)
  object space 639488K, 91% used [0x0000000081c00000,0x00000000a5a61af0,0x00000000a8c80000)
 Metaspace       used 97641K, capacity 110272K, committed 110464K, reserved 1140736K
  class space    used 15081K, capacity 18458K, committed 18560K, reserved 1048576K
Event: 161.028 GC heap after
Heap after GC invocations=167 (full 10):
 PSYoungGen      total 459776K, used 0K [0x00000000d5f00000, 0x0000000100000000, 0x0000000100000000)
  eden space 230400K, 0% used [0x00000000d5f00000,0x00000000d5f00000,0x00000000e4000000)
  from space 229376K, 0% used [0x00000000e4000000,0x00000000e4000000,0x00000000f2000000)
  to   space 229376K, 0% used [0x00000000f2000000,0x00000000f2000000,0x0000000100000000)
 ParOldGen       total 639488K, used 480472K [0x0000000081c00000, 0x00000000a8c80000, 0x00000000d5f00000)
  object space 639488K, 75% used [0x0000000081c00000,0x000000009f136308,0x00000000a8c80000)
 Metaspace       used 97641K, capacity 110272K, committed 110464K, reserved 1140736K
  class space    used 15081K, capacity 18458K, committed 18560K, reserved 1048576K
}
Event: 163.286 GC heap before
{Heap before GC invocations=168 (full 10):
 PSYoungGen      total 459776K, used 230400K [0x00000000d5f00000, 0x0000000100000000, 0x0000000100000000)
  eden space 230400K, 100% used [0x00000000d5f00000,0x00000000e4000000,0x00000000e4000000)
  from space 229376K, 0% used [0x00000000e4000000,0x00000000e4000000,0x00000000f2000000)
  to   space 229376K, 0% used [0x00000000f2000000,0x00000000f2000000,0x0000000100000000)
 ParOldGen       total 639488K, used 480472K [0x0000000081c00000, 0x00000000a8c80000, 0x00000000d5f00000)
  object space 639488K, 75% used [0x0000000081c00000,0x000000009f136308,0x00000000a8c80000)
 Metaspace       used 98336K, capacity 111184K, committed 111360K, reserved 1142784K
  class space    used 15209K, capacity 18636K, committed 18688K, reserved 1048576K
Event: 163.377 GC heap after
Heap after GC invocations=168 (full 10):
 PSYoungGen      total 459776K, used 37330K [0x00000000d5f00000, 0x0000000100000000, 0x0000000100000000)
  eden space 230400K, 0% used [0x00000000d5f00000,0x00000000d5f00000,0x00000000e4000000)
  from space 229376K, 16% used [0x00000000f2000000,0x00000000f4474890,0x0000000100000000)
  to   space 229376K, 0% used [0x00000000e4000000,0x00000000e4000000,0x00000000f2000000)
 ParOldGen       total 639488K, used 480480K [0x0000000081c00000, 0x00000000a8c80000, 0x00000000d5f00000)
  object space 639488K, 75% used [0x0000000081c00000,0x000000009f138308,0x00000000a8c80000)
 Metaspace       used 98336K, capacity 111184K, committed 111360K, reserved 1142784K
  class space    used 15209K, capacity 18636K, committed 18688K, reserved 1048576K
}

Deoptimization events (10 events):
Event: 162.847 Thread 0x0000000002af2800 Uncommon trap: reason=unstable_if action=reinterpret pc=0x0000000004a529a4 method=net.minecraft.util.math.vector.Matrix4f.equals(Ljava/lang/Object;)Z @ 38
Event: 162.860 Thread 0x0000000002af2800 Uncommon trap: reason=class_check action=maybe_recompile pc=0x0000000003f98058 method=net.minecraftforge.client.extensions.IForgeBakedModel.getBakedModel()Lnet/minecraft/client/renderer/model/IBakedModel; @ 1
Event: 162.860 Thread 0x0000000002af2800 Uncommon trap: reason=unstable_if action=reinterpret pc=0x0000000004a5203c method=net.minecraft.util.math.vector.Matrix4f.equals(Ljava/lang/Object;)Z @ 38
Event: 162.862 Thread 0x0000000002af2800 Uncommon trap: reason=class_check action=maybe_recompile pc=0x0000000003f98058 method=net.minecraftforge.client.extensions.IForgeBakedModel.getBakedModel()Lnet/minecraft/client/renderer/model/IBakedModel; @ 1
Event: 162.864 Thread 0x0000000002af2800 Uncommon trap: reason=class_check action=maybe_recompile pc=0x0000000003f98058 method=net.minecraftforge.client.extensions.IForgeBakedModel.getBakedModel()Lnet/minecraft/client/renderer/model/IBakedModel; @ 1
Event: 162.876 Thread 0x0000000002af2800 Uncommon trap: reason=unstable_if action=reinterpret pc=0x0000000003e331d0 method=it.unimi.dsi.fastutil.ints.IntArrays.mergeSort([IIILit/unimi/dsi/fastutil/ints/IntComparator;[I)V @ 65
Event: 162.879 Thread 0x0000000002af2800 Uncommon trap: reason=unstable_if action=reinterpret pc=0x0000000004765634 method=net.minecraft.client.renderer.WorldVertexBufferUploader.draw(Ljava/nio/ByteBuffer;ILnet/minecraft/client/renderer/vertex/VertexFormat;I)V @ 14
Event: 162.932 Thread 0x0000000002af2800 Uncommon trap: reason=unstable_if action=reinterpret pc=0x00000000058f1090 method=net.minecraft.client.renderer.chunk.ChunkRenderDispatcher$ChunkRender.setNeedsUpdate(Z)V @ 13
Event: 163.437 Thread 0x000000002325b800 Uncommon trap: reason=class_check action=maybe_recompile pc=0x0000000005014350 method=it.unimi.dsi.fastutil.longs.Long2ObjectLinkedOpenHashMap.computeIfAbsent(JLjava/util/function/LongFunction;)Ljava/lang/Object; @ 27
Event: 163.438 Thread 0x000000002325b800 Uncommon trap: reason=class_check action=maybe_recompile pc=0x0000000005014350 method=it.unimi.dsi.fastutil.longs.Long2ObjectLinkedOpenHashMap.computeIfAbsent(JLjava/util/function/LongFunction;)Ljava/lang/Object; @ 27

Internal exceptions (10 events):
Event: 162.850 Thread 0x0000000002af2800 Exception <a 'sun/nio/fs/WindowsException'> (0x00000000e201a060) thrown at [C:\re\workspace\8-2-build-windows-amd64-cygwin\jdk8u51\3951\hotspot\src\share\vm\prims\jni.cpp, line 709]
Event: 162.850 Thread 0x0000000002af2800 Exception <a 'sun/nio/fs/WindowsException'> (0x00000000e201a7a0) thrown at [C:\re\workspace\8-2-build-windows-amd64-cygwin\jdk8u51\3951\hotspot\src\share\vm\prims\jni.cpp, line 709]
Event: 162.851 Thread 0x0000000002af2800 Exception <a 'sun/nio/fs/WindowsException'> (0x00000000e201b978) thrown at [C:\re\workspace\8-2-build-windows-amd64-cygwin\jdk8u51\3951\hotspot\src\share\vm\prims\jni.cpp, line 709]
Event: 162.851 Thread 0x0000000002af2800 Exception <a 'sun/nio/fs/WindowsException'> (0x00000000e201c1a8) thrown at [C:\re\workspace\8-2-build-windows-amd64-cygwin\jdk8u51\3951\hotspot\src\share\vm\prims\jni.cpp, line 709]
Event: 162.921 Thread 0x0000000002af2800 Exception <a 'sun/nio/fs/WindowsException'> (0x00000000e223f8d0) thrown at [C:\re\workspace\8-2-build-windows-amd64-cygwin\jdk8u51\3951\hotspot\src\share\vm\prims\jni.cpp, line 709]
Event: 162.921 Thread 0x0000000002af2800 Exception <a 'sun/nio/fs/WindowsException'> (0x00000000e223fe30) thrown at [C:\re\workspace\8-2-build-windows-amd64-cygwin\jdk8u51\3951\hotspot\src\share\vm\prims\jni.cpp, line 709]
Event: 162.923 Thread 0x0000000002af2800 Exception <a 'sun/nio/fs/WindowsException'> (0x00000000e2240b88) thrown at [C:\re\workspace\8-2-build-windows-amd64-cygwin\jdk8u51\3951\hotspot\src\share\vm\prims\jni.cpp, line 709]
Event: 162.923 Thread 0x0000000002af2800 Exception <a 'sun/nio/fs/WindowsException'> (0x00000000e22410f8) thrown at [C:\re\workspace\8-2-build-windows-amd64-cygwin\jdk8u51\3951\hotspot\src\share\vm\prims\jni.cpp, line 709]
Event: 162.923 Thread 0x0000000002af2800 Exception <a 'sun/nio/fs/WindowsException'> (0x00000000e2241da0) thrown at [C:\re\workspace\8-2-build-windows-amd64-cygwin\jdk8u51\3951\hotspot\src\share\vm\prims\jni.cpp, line 709]
Event: 162.923 Thread 0x0000000002af2800 Exception <a 'sun/nio/fs/WindowsException'> (0x00000000e22423c0) thrown at [C:\re\workspace\8-2-build-windows-amd64-cygwin\jdk8u51\3951\hotspot\src\share\vm\prims\jni.cpp, line 709]

Events (10 events):
Event: 163.157 Thread 0x000000002325d000 DEOPT PACKING pc=0x00000000058ff7e2 sp=0x000000004523ec00
Event: 163.157 Thread 0x000000002325d000 DEOPT UNPACKING pc=0x0000000002d3787f sp=0x000000004523e9d8 mode 0
Event: 163.286 Executing VM operation: ParallelGCFailedAllocation
Event: 163.377 Executing VM operation: ParallelGCFailedAllocation done
Event: 163.437 Thread 0x000000002325b800 Uncommon trap: trap_request=0xffffffde fr.pc=0x0000000005014350
Event: 163.437 Thread 0x000000002325b800 DEOPT PACKING pc=0x0000000005014350 sp=0x000000003957ea40
Event: 163.437 Thread 0x000000002325b800 DEOPT UNPACKING pc=0x0000000002d3582a sp=0x000000003957e9c8 mode 2
Event: 163.438 Thread 0x000000002325b800 Uncommon trap: trap_request=0xffffffde fr.pc=0x0000000005014350
Event: 163.438 Thread 0x000000002325b800 DEOPT PACKING pc=0x0000000005014350 sp=0x000000003957ea40
Event: 163.438 Thread 0x000000002325b800 DEOPT UNPACKING pc=0x0000000002d3582a sp=0x000000003957e9c8 mode 2


Dynamic libraries:
0x00007ff67ff40000 - 0x00007ff67ff77000 	C:\Program Files (x86)\Minecraft\runtime\jre-x64\bin\java.exe
0x00007ffa21ef0000 - 0x00007ffa220e6000 	C:\WINDOWS\SYSTEM32\ntdll.dll
0x00007ffa21a80000 - 0x00007ffa21b3d000 	C:\WINDOWS\System32\KERNEL32.DLL
0x00007ffa1f6e0000 - 0x00007ffa1f9a8000 	C:\WINDOWS\System32\KERNELBASE.dll
0x00007ffa21c00000 - 0x00007ffa21caa000 	C:\WINDOWS\System32\ADVAPI32.dll
0x00007ffa20620000 - 0x00007ffa206be000 	C:\WINDOWS\System32\msvcrt.dll
0x00007ffa21950000 - 0x00007ffa219eb000 	C:\WINDOWS\System32\sechost.dll
0x00007ffa204f0000 - 0x00007ffa20614000 	C:\WINDOWS\System32\RPCRT4.dll
0x00007ffa217b0000 - 0x00007ffa21950000 	C:\WINDOWS\System32\USER32.dll
0x00007ffa1fb50000 - 0x00007ffa1fb72000 	C:\WINDOWS\System32\win32u.dll
0x00007ffa21b40000 - 0x00007ffa21b6a000 	C:\WINDOWS\System32\GDI32.dll
0x00007ffa1f9b0000 - 0x00007ffa1fab9000 	C:\WINDOWS\System32\gdi32full.dll
0x00007ffa1f640000 - 0x00007ffa1f6dd000 	C:\WINDOWS\System32\msvcp_win.dll
0x00007ffa1fc30000 - 0x00007ffa1fd30000 	C:\WINDOWS\System32\ucrtbase.dll
0x00007ffa045d0000 - 0x00007ffa0486b000 	C:\WINDOWS\WinSxS\amd64_microsoft.windows.common-controls_6595b64144ccf1df_6.0.19041.488_none_ca04af081b815d21\COMCTL32.dll
0x00007ffa21b70000 - 0x00007ffa21ba0000 	C:\WINDOWS\System32\IMM32.DLL
0x0000000050f50000 - 0x0000000051022000 	C:\Program Files (x86)\Minecraft\runtime\jre-x64\bin\msvcr100.dll
0x00000000506c0000 - 0x0000000050f43000 	C:\Program Files (x86)\Minecraft\runtime\jre-x64\bin\server\jvm.dll
0x00007ffa20bd0000 - 0x00007ffa20bd8000 	C:\WINDOWS\System32\PSAPI.DLL
0x00007ff9fba30000 - 0x00007ff9fba39000 	C:\WINDOWS\SYSTEM32\WSOCK32.dll
0x00007ffa219f0000 - 0x00007ffa21a5b000 	C:\WINDOWS\System32\WS2_32.dll
0x00007ffa17fe0000 - 0x00007ffa17fea000 	C:\WINDOWS\SYSTEM32\VERSION.dll
0x00007ffa18440000 - 0x00007ffa18467000 	C:\WINDOWS\SYSTEM32\WINMM.dll
0x00000000506b0000 - 0x00000000506bf000 	C:\Program Files (x86)\Minecraft\runtime\jre-x64\bin\verify.dll
0x0000000050680000 - 0x00000000506a9000 	C:\Program Files (x86)\Minecraft\runtime\jre-x64\bin\java.dll
0x0000000050650000 - 0x0000000050673000 	C:\Program Files (x86)\Minecraft\runtime\jre-x64\bin\instrument.dll
0x0000000050630000 - 0x0000000050646000 	C:\Program Files (x86)\Minecraft\runtime\jre-x64\bin\zip.dll
0x00007ffa20c40000 - 0x00007ffa21380000 	C:\WINDOWS\System32\SHELL32.dll
0x00007ffa1d650000 - 0x00007ffa1dde4000 	C:\WINDOWS\SYSTEM32\windows.storage.dll
0x00007ffa20870000 - 0x00007ffa20bc5000 	C:\WINDOWS\System32\combase.dll
0x00007ffa1efe0000 - 0x00007ffa1f00c000 	C:\WINDOWS\SYSTEM32\Wldp.dll
0x00007ffa21430000 - 0x00007ffa214de000 	C:\WINDOWS\System32\SHCORE.dll
0x00007ffa20be0000 - 0x00007ffa20c35000 	C:\WINDOWS\System32\shlwapi.dll
0x00007ffa1f570000 - 0x00007ffa1f596000 	C:\WINDOWS\SYSTEM32\profapi.dll
0x00007ffa0fec0000 - 0x00007ffa0feda000 	C:\Users\ervin_1nmnhvl\AppData\Local\JetBrains\Toolbox\apps\IDEA-U\ch-0\202.6397.94\bin\breakgen64.dll
0x0000000050610000 - 0x000000005062a000 	C:\Program Files (x86)\Minecraft\runtime\jre-x64\bin\net.dll
0x00007ffa1edd0000 - 0x00007ffa1ee3a000 	C:\WINDOWS\system32\mswsock.dll
0x0000000050600000 - 0x000000005060d000 	C:\Program Files (x86)\Minecraft\runtime\jre-x64\bin\management.dll
0x00007ffa17970000 - 0x00007ffa17987000 	C:\WINDOWS\system32\napinsp.dll
0x00007ffa17990000 - 0x00007ffa179ab000 	C:\WINDOWS\system32\pnrpnsp.dll
0x00007ffa1a3c0000 - 0x00007ffa1a3d5000 	C:\WINDOWS\system32\wshbth.dll
0x00007ffa1af60000 - 0x00007ffa1af7d000 	C:\WINDOWS\system32\NLAapi.dll
0x00007ffa1ea90000 - 0x00007ffa1eacb000 	C:\WINDOWS\SYSTEM32\IPHLPAPI.DLL
0x00007ffa1eae0000 - 0x00007ffa1ebab000 	C:\WINDOWS\SYSTEM32\DNSAPI.dll
0x00007ffa21d10000 - 0x00007ffa21d19000 	C:\WINDOWS\System32\NSI.dll
0x00007ffa19710000 - 0x00007ffa19722000 	C:\WINDOWS\System32\winrnr.dll
0x00007ffa0f640000 - 0x00007ffa0f64a000 	C:\Windows\System32\rasadhlp.dll
0x00007ffa12ce0000 - 0x00007ffa12d5f000 	C:\WINDOWS\System32\fwpuclnt.dll
0x00007ffa1fb20000 - 0x00007ffa1fb47000 	C:\WINDOWS\System32\bcrypt.dll
0x00000000505e0000 - 0x00000000505f1000 	C:\Program Files (x86)\Minecraft\runtime\jre-x64\bin\nio.dll
0x00000000505b0000 - 0x00000000505d4000 	C:\Program Files (x86)\Minecraft\runtime\jre-x64\bin\sunec.dll
0x00007ffa1f170000 - 0x00007ffa1f188000 	C:\WINDOWS\SYSTEM32\CRYPTSP.dll
0x00007ffa1e610000 - 0x00007ffa1e644000 	C:\WINDOWS\system32\rsaenh.dll
0x00007ffa1f530000 - 0x00007ffa1f55e000 	C:\WINDOWS\SYSTEM32\USERENV.dll
0x00007ffa1fd80000 - 0x00007ffa1fdff000 	C:\WINDOWS\System32\bcryptprimitives.dll
0x00007ffa1ef50000 - 0x00007ffa1ef5c000 	C:\WINDOWS\SYSTEM32\CRYPTBASE.dll
0x00007ffa15c50000 - 0x00007ffa15c67000 	C:\WINDOWS\SYSTEM32\dhcpcsvc6.DLL
0x00007ffa15c30000 - 0x00007ffa15c4d000 	C:\WINDOWS\SYSTEM32\dhcpcsvc.DLL
0x00007ff9e8a50000 - 0x00007ff9e8ac2000 	C:\Users\ervin_1nmnhvl\AppData\Local\Temp\lwjglervin_1nmnhvl\3.2.2-build-10\lwjgl.dll
0x00007ff9e2140000 - 0x00007ff9e2391000 	C:\Users\ERVIN_~1\AppData\Local\Temp\lwjglervin_1nmnhvl\3.2.2-build-10\jemalloc.dll
0x00007ff9e8900000 - 0x00007ff9e895e000 	C:\Users\ERVIN_~1\AppData\Local\Temp\lwjglervin_1nmnhvl\3.2.2-build-10\glfw.dll
0x00007ffa1ce00000 - 0x00007ffa1ce9f000 	C:\WINDOWS\system32\uxtheme.dll
0x00007ffa0fe70000 - 0x00007ffa0feb5000 	C:\WINDOWS\SYSTEM32\dinput8.dll
0x00007ffa05930000 - 0x00007ffa05941000 	C:\WINDOWS\SYSTEM32\xinput1_4.dll
0x00007ffa1fd30000 - 0x00007ffa1fd7e000 	C:\WINDOWS\System32\cfgmgr32.dll
0x00007ffa1f3f0000 - 0x00007ffa1f41c000 	C:\WINDOWS\SYSTEM32\DEVOBJ.dll
0x00007ffa1d070000 - 0x00007ffa1d09f000 	C:\WINDOWS\SYSTEM32\dwmapi.dll
0x00007ffa0f290000 - 0x00007ffa0f3e2000 	C:\WINDOWS\SYSTEM32\inputhost.dll
0x00007ffa207a0000 - 0x00007ffa2086d000 	C:\WINDOWS\System32\OLEAUT32.dll
0x00007ffa1caa0000 - 0x00007ffa1cb92000 	C:\WINDOWS\SYSTEM32\CoreMessaging.dll
0x00007ffa1ae20000 - 0x00007ffa1af17000 	C:\WINDOWS\SYSTEM32\PROPSYS.dll
0x00007ffa1c740000 - 0x00007ffa1ca9e000 	C:\WINDOWS\SYSTEM32\CoreUIComponents.dll
0x00007ffa1c070000 - 0x00007ffa1c1c6000 	C:\WINDOWS\SYSTEM32\wintypes.dll
0x00007ffa1e240000 - 0x00007ffa1e273000 	C:\WINDOWS\SYSTEM32\ntmarta.dll
0x00007ffa1d630000 - 0x00007ffa1d642000 	C:\WINDOWS\SYSTEM32\kernel.appcore.dll
0x00007ffa203d0000 - 0x00007ffa204e5000 	C:\WINDOWS\System32\MSCTF.dll
0x00007ffa1ddf0000 - 0x00007ffa1ddfd000 	C:\WINDOWS\SYSTEM32\HID.DLL
0x00007ffa1ff60000 - 0x00007ffa203c7000 	C:\WINDOWS\System32\SETUPAPI.DLL
0x00007ffa1fac0000 - 0x00007ffa1fb20000 	C:\WINDOWS\System32\WINTRUST.dll
0x00007ffa1fe00000 - 0x00007ffa1ff5d000 	C:\WINDOWS\System32\CRYPT32.dll
0x00007ffa1f3d0000 - 0x00007ffa1f3e2000 	C:\WINDOWS\SYSTEM32\MSASN1.dll
0x00007ff9dea00000 - 0x00007ff9deb25000 	C:\WINDOWS\SYSTEM32\opengl32.dll
0x00007ffa14fd0000 - 0x00007ffa14ffc000 	C:\WINDOWS\SYSTEM32\GLU32.dll
0x00007ffa21380000 - 0x00007ffa21429000 	C:\WINDOWS\System32\clbcatq.dll
0x00007ff9da400000 - 0x00007ff9db084000 	C:\WINDOWS\SYSTEM32\ig4icd64.dll
0x00007ffa1de50000 - 0x00007ffa1df43000 	C:\WINDOWS\SYSTEM32\dxgi.dll
0x00007ffa1b840000 - 0x00007ffa1baa4000 	C:\WINDOWS\SYSTEM32\d3d11.dll
0x00007ffa13bb0000 - 0x00007ffa14800000 	C:\WINDOWS\SYSTEM32\igd10umd64.dll
0x00007ffa14820000 - 0x00007ffa1485b000 	C:\WINDOWS\SYSTEM32\dxcore.dll
0x00007ff9e7f90000 - 0x00007ff9e800f000 	C:\Users\ervin_1nmnhvl\AppData\Local\Temp\lwjglervin_1nmnhvl\3.2.2-build-10\lwjgl_stb.dll
0x00007ffa19c70000 - 0x00007ffa19d1e000 	C:\WINDOWS\SYSTEM32\mscms.dll
0x00007ffa19820000 - 0x00007ffa19831000 	C:\WINDOWS\SYSTEM32\ColorAdapterClient.dll
0x00007ff9eb540000 - 0x00007ff9eb583000 	C:\WINDOWS\SYSTEM32\icm32.dll
0x00007ffa0f190000 - 0x00007ffa0f28c000 	C:\WINDOWS\SYSTEM32\textinputframework.dll
0x00007ff9e5790000 - 0x00007ff9e57e8000 	C:\Users\ervin_1nmnhvl\AppData\Local\Temp\lwjglervin_1nmnhvl\3.2.2-build-10\lwjgl_opengl.dll
0x00007ff9e5740000 - 0x00007ff9e5782000 	C:\Users\ervin_1nmnhvl\AppData\Local\Temp\jna-2118671535\jna7809823366313851301.dll
0x00007ffa05910000 - 0x00007ffa0592a000 	C:\save\modding\ervin_mod_1\build\natives\SAPIWrapper_x64.dll
0x00007ffa21d80000 - 0x00007ffa21eaa000 	C:\WINDOWS\System32\ole32.dll
0x00007ff9dfe00000 - 0x00007ff9dff84000 	C:\WINDOWS\System32\Speech\Common\sapi.dll
0x00007ff9ee2e0000 - 0x00007ff9ee2fe000 	C:\WINDOWS\SYSTEM32\MSACM32.dll
0x00007ffa19700000 - 0x00007ffa1970b000 	C:\WINDOWS\SYSTEM32\msdmo.dll
0x00007ff9f96b0000 - 0x00007ff9f96d6000 	C:\WINDOWS\SYSTEM32\winmmbase.dll
0x00007ffa10fe0000 - 0x00007ffa11065000 	C:\WINDOWS\System32\MMDevApi.dll
0x00007ff9e4940000 - 0x00007ff9e4a54000 	C:\Users\ERVIN_~1\AppData\Local\Temp\lwjglervin_1nmnhvl\3.2.2-build-10\OpenAL.dll
0x00007ffa0b6d0000 - 0x00007ffa0b851000 	C:\WINDOWS\SYSTEM32\AUDIOSES.DLL
0x00007ffa1ec00000 - 0x00007ffa1ec4b000 	C:\WINDOWS\SYSTEM32\powrprof.dll
0x00007ffa1ea70000 - 0x00007ffa1ea82000 	C:\WINDOWS\SYSTEM32\UMPDC.dll
0x00007ffa1cf80000 - 0x00007ffa1cf94000 	C:\WINDOWS\SYSTEM32\resourcepolicyclient.dll
0x0000000050410000 - 0x00000000505a8000 	C:\Program Files (x86)\Minecraft\runtime\jre-x64\bin\awt.dll
0x00007ffa1ccd0000 - 0x00007ffa1cd60000 	C:\WINDOWS\SYSTEM32\apphelp.dll

VM Arguments:
jvm_args: -Dforge.logging.console.level=debug -Dforge.logging.markers=SCAN,REGISTRIES,REGISTRYDUMP -XX:HeapDumpPath=MojangTricksIntelDriversForPerformance_javaw.exe_minecraft.exe.heapdump -Dos.name=Windows 10 -Dos.version=10.0 -javaagent:C:\Users\ervin_1nmnhvl\AppData\Local\JetBrains\Toolbox\apps\IDEA-U\ch-0\202.6397.94\lib\idea_rt.jar=63966:C:\Users\ervin_1nmnhvl\AppData\Local\JetBrains\Toolbox\apps\IDEA-U\ch-0\202.6397.94\bin -Dfile.encoding=windows-1250 
java_command: net.minecraftforge.userdev.LaunchTesting
java_class_path (initial): C:\Program Files (x86)\Minecraft\runtime\jre-x64\lib\charsets.jar;C:\Program Files (x86)\Minecraft\runtime\jre-x64\lib\deploy.jar;C:\Program Files (x86)\Minecraft\runtime\jre-x64\lib\ext\access-bridge-64.jar;C:\Program Files (x86)\Minecraft\runtime\jre-x64\lib\ext\cldrdata.jar;C:\Program Files (x86)\Minecraft\runtime\jre-x64\lib\ext\dnsns.jar;C:\Program Files (x86)\Minecraft\runtime\jre-x64\lib\ext\jaccess.jar;C:\Program Files (x86)\Minecraft\runtime\jre-x64\lib\ext\jfxrt.jar;C:\Program Files (x86)\Minecraft\runtime\jre-x64\lib\ext\localedata.jar;C:\Program Files (x86)\Minecraft\runtime\jre-x64\lib\ext\nashorn.jar;C:\Program Files (x86)\Minecraft\runtime\jre-x64\lib\ext\sunec.jar;C:\Program Files (x86)\Minecraft\runtime\jre-x64\lib\ext\sunjce_provider.jar;C:\Program Files (x86)\Minecraft\runtime\jre-x64\lib\ext\sunmscapi.jar;C:\Program Files (x86)\Minecraft\runtime\jre-x64\lib\ext\sunpkcs11.jar;C:\Program Files (x86)\Minecraft\runtime\jre-x64\lib\ext\zipfs.jar;C:\Program Files (x86)\Minecraft\runtime\jre-x64\lib\javaws.jar;C:\Program Files (x86)\Minecraft\runtime\jre-x64\lib\jce.jar;C:\Program Files (x86)\Minecraft\runtime\jre-x64\lib\jfr.jar;C:\Program Files (x86)\Minecraft\runtime\jre-x64\lib\jfxswt.jar;C:\Program Files (x86)\Minecraft\runtime\jre-x64\lib\jsse.jar;C:\Program Files (x86)\Minecraft\runtime\jre-x64\lib\management-agent.jar;C:\Program Files (x86)\Minecraft\runtime\jre-x64\lib\plugin.jar;C:\Program Files (x86)\Minecraft\runtime\jre-x64\lib\resources.jar;C:\Program Files (x86)\Minecraft\runtime\jre-x64\lib\rt.jar;C:\save\modding\ervin_mod_1\build\classes\java\main;C:\save\modding\ervin_mod_1\build\resources\main;C:\Users\ervin_1nmnhvl\.gradle\caches\forge_gradle\minecraft_user_repo\net\minecraftforge\forge\1.16.1-32.0.75_mapped_snapshot_20200723-1.16.1\forge-1.16.1-32.0.75_mapped_snapshot_20200723-1.16.1-recomp.jar;C:\Users\ervin_1nmnhvl\.gradle\caches\forge_gradle\minecraft_user_repo\net\minecraftforge\forge\1.16.1-32.0.75_
Launcher Type: SUN_STANDARD

Environment Variables:
JAVA_HOME=C:\Program Files\Java\jdk-11.0.4
PATH=C:\Program Files\Docker\Docker\Resources\bin;C:\ProgramData\Oracle\Java\javapath;C:\WINDOWS\system32;C:\WINDOWS;C:\WINDOWS\System32\Wbem;C:\WINDOWS\System32\WindowsPowerShell\v1.0\;C:\Program Files (x86)\cloudControl;C:\Program Files\Git\cmd;C:\bin;C:\Program Files (x86)\Windows Kits\8.1\Windows Performance Toolkit\;C:\Program Files (x86)\PuTTY\;C:\Program Files (x86)\Nodist\bin;G:\save\sdk\android\tools;G:\save\sdk\android\platform-tools;C:\boxfuse;C:\Program Files (x86)\Skype\Phone\;C:\Program Files (x86)\GtkSharp\2.12\bin;C:\Program Files (x86)\IVI Foundation\VISA\WinNT\Bin;C:\WINDOWS\system32;C:\WINDOWS;C:\WINDOWS\System32\Wbem;C:\WINDOWS\System32\WindowsPowerShell\v1.0\;;C:\WINDOWS\System32\OpenSSH\;C:\Users\ervin_1nmnhvl\AppData\Local\Microsoft\WindowsApps;
USERNAME=ervin_1nmnhvl
OS=Windows_NT
PROCESSOR_IDENTIFIER=Intel64 Family 6 Model 42 Stepping 7, GenuineIntel



---------------  S Y S T E M  ---------------

OS: Windows 10.0 , 64 bit Build 19041 (10.0.19041.546)

CPU:total 4 (2 cores per cpu, 2 threads per core) family 6 model 42 stepping 7, cmov, cx8, fxsr, mmx, sse, sse2, sse3, ssse3, sse4.1, sse4.2, popcnt, avx, aes, clmul, ht, tsc, tscinvbit

Memory: 4k page, physical 8266764k(355268k free), swap 10363916k(4124k free)

vm_info: Java HotSpot(TM) 64-Bit Server VM (25.51-b03) for windows-amd64 JRE (1.8.0_51-b16), built on Jun  8 2015 18:03:07 by "java_re" with MS VC++ 10.0 (VS2010)

time: Mon Nov 09 13:23:48 2020
elapsed time: 163 seconds (0d 0h 2m 43s)

