#
# There is insufficient memory for the Java Runtime Environment to continue.
# Native memory allocation (malloc) failed to allocate 1665376 bytes for Chunk::new
# Possible reasons:
#   The system is out of physical RAM or swap space
#   In 32 bit mode, the process size limit was hit
# Possible solutions:
#   Reduce memory load on the system
#   Increase physical memory or swap space
#   Check if swap backing store is full
#   Use 64 bit Java on a 64 bit OS
#   Decrease Java heap size (-Xmx/-Xms)
#   Decrease number of Java threads
#   Decrease Java thread stack sizes (-Xss)
#   Set larger code cache with -XX:ReservedCodeCacheSize=
# This output file may be truncated or incomplete.
#
#  Out of Memory Error (allocation.cpp:390), pid=14128, tid=9408
#
# JRE version: Java(TM) SE Runtime Environment (8.0_51-b16) (build 1.8.0_51-b16)
# Java VM: Java HotSpot(TM) 64-Bit Server VM (25.51-b03 mixed mode windows-amd64 compressed oops)
# Failed to write core dump. Minidumps are not enabled by default on client versions of Windows
#

---------------  T H R E A D  ---------------

Current thread (0x0000000019888000):  JavaThread "C2 CompilerThread1" daemon [_thread_in_native, id=9408, stack(0x0000000019aa0000,0x0000000019ba0000)]

Stack: [0x0000000019aa0000,0x0000000019ba0000]
Native frames: (J=compiled Java code, j=interpreted, Vv=VM code, C=native code)
V  [jvm.dll+0x32b4ca]
V  [jvm.dll+0x2797e3]
V  [jvm.dll+0x27a479]
V  [jvm.dll+0x271765]
V  [jvm.dll+0xcba02]
V  [jvm.dll+0xcbecc]
V  [jvm.dll+0x476f72]
V  [jvm.dll+0x4b95ff]
V  [jvm.dll+0x46c011]
V  [jvm.dll+0x46cd4e]
V  [jvm.dll+0x4501a2]
V  [jvm.dll+0xa43a2]
V  [jvm.dll+0xa4cdf]
V  [jvm.dll+0x2418a4]
V  [jvm.dll+0x29846a]
C  [msvcr100.dll+0x21d9f]
C  [msvcr100.dll+0x21e3b]
C  [KERNEL32.DLL+0x17034]
C  [ntdll.dll+0x52651]


Current CompileTask:
C2: 168123 17405   !   4       net.minecraft.item.ItemStack::getTooltip (1489 bytes)


---------------  P R O C E S S  ---------------

Java Threads: ( => current thread )
  0x000000001a157800 JavaThread "Sound engine" daemon [_thread_blocked, id=1032, stack(0x000000005cc80000,0x000000005cd80000)]
  0x0000000022623800 JavaThread "Worker-Main-17" daemon [_thread_blocked, id=3816, stack(0x00000000584b0000,0x00000000585b0000)]
  0x0000000022621000 JavaThread "Netty Server IO #1" daemon [_thread_in_native, id=13212, stack(0x000000004a880000,0x000000004a980000)]
  0x0000000022624000 JavaThread "Netty Local Client IO #0" daemon [_thread_blocked, id=2916, stack(0x000000004a780000,0x000000004a880000)]
  0x0000000022619800 JavaThread "Keep-Alive-Timer" daemon [_thread_blocked, id=10856, stack(0x0000000031600000,0x0000000031700000)]
  0x0000000022622800 JavaThread "Netty Server IO #0" daemon [_thread_in_native, id=5684, stack(0x000000004a330000,0x000000004a430000)]
  0x0000000022626800 JavaThread "ObjectCleanerThread" daemon [_thread_blocked, id=240, stack(0x000000004a230000,0x000000004a330000)]
  0x0000000022626000 JavaThread "Java2D Disposer" daemon [_thread_blocked, id=10032, stack(0x0000000049c00000,0x0000000049d00000)]
  0x0000000022628000 JavaThread "IO-Worker-16" [_thread_blocked, id=3064, stack(0x0000000049d10000,0x0000000049e10000)]
  0x0000000022627800 JavaThread "IO-Worker-15" [_thread_blocked, id=10608, stack(0x0000000049080000,0x0000000049180000)]
  0x0000000022622000 JavaThread "IO-Worker-14" [_thread_in_native, id=4028, stack(0x0000000048f80000,0x0000000049080000)]
  0x0000000022620800 JavaThread "Worker-Main-12" daemon [_thread_blocked, id=4044, stack(0x0000000031500000,0x0000000031600000)]
  0x0000000022619000 JavaThread "Thread-11" daemon [_thread_in_native, id=14156, stack(0x0000000047950000,0x0000000047a50000)]
  0x000000002261f800 JavaThread "Server thread" [_thread_in_Java, id=2080, stack(0x0000000036d30000,0x0000000036e30000)]
  0x000000002261f000 JavaThread "Snooper Timer" daemon [_thread_blocked, id=4728, stack(0x0000000029120000,0x0000000029220000)]
  0x000000002261c000 JavaThread "Worker-Main-11" daemon [_thread_blocked, id=13284, stack(0x0000000047570000,0x0000000047670000)]
  0x000000001a155800 JavaThread "Narrator" [_thread_blocked, id=10508, stack(0x000000002b7b0000,0x000000002b8b0000)]
  0x000000001a154800 JavaThread "Snooper Timer" daemon [_thread_blocked, id=13148, stack(0x0000000028db0000,0x0000000028eb0000)]
  0x000000001a156000 JavaThread "Timer hack thread" daemon [_thread_blocked, id=14832, stack(0x0000000027c90000,0x0000000027d90000)]
  0x000000001b07b000 JavaThread "pool-3-thread-1" [_thread_blocked, id=12560, stack(0x000000001bdb0000,0x000000001beb0000)]
  0x000000001b63e800 JavaThread "Thread-2" daemon [_thread_in_native, id=2504, stack(0x000000001d380000,0x000000001d480000)]
  0x000000001b63e000 JavaThread "Thread-1" daemon [_thread_blocked, id=1996, stack(0x000000001beb0000,0x000000001bfb0000)]
  0x000000001989e000 JavaThread "Service Thread" daemon [_thread_blocked, id=2664, stack(0x000000001a4a0000,0x000000001a5a0000)]
  0x000000001988b000 JavaThread "C1 CompilerThread2" daemon [_thread_blocked, id=12844, stack(0x0000000019ba0000,0x0000000019ca0000)]
=>0x0000000019888000 JavaThread "C2 CompilerThread1" daemon [_thread_in_native, id=9408, stack(0x0000000019aa0000,0x0000000019ba0000)]
  0x0000000019885000 JavaThread "C2 CompilerThread0" daemon [_thread_in_native, id=2136, stack(0x00000000199a0000,0x0000000019aa0000)]
  0x0000000019866000 JavaThread "Monitor Ctrl-Break" daemon [_thread_in_native, id=9772, stack(0x00000000198a0000,0x00000000199a0000)]
  0x0000000017f57800 JavaThread "Attach Listener" daemon [_thread_blocked, id=420, stack(0x00000000193a0000,0x00000000194a0000)]
  0x0000000017f56800 JavaThread "Signal Dispatcher" daemon [_thread_blocked, id=3752, stack(0x00000000192a0000,0x00000000193a0000)]
  0x000000000331a800 JavaThread "Finalizer" daemon [_thread_blocked, id=2700, stack(0x00000000191a0000,0x00000000192a0000)]
  0x0000000003317000 JavaThread "Reference Handler" daemon [_thread_blocked, id=11996, stack(0x00000000190a0000,0x00000000191a0000)]
  0x0000000003222800 JavaThread "Render thread" [_thread_in_Java, id=9104, stack(0x0000000003080000,0x0000000003180000)]

Other Threads:
  0x0000000003313000 VMThread [stack: 0x0000000018fa0000,0x00000000190a0000] [id=11520]
  0x0000000019d65800 WatcherThread [stack: 0x000000001a5a0000,0x000000001a6a0000] [id=14604]

VM state:not at safepoint (normal execution)

VM Mutex/Monitor currently owned by a thread: None

Heap:
 PSYoungGen      total 459776K, used 220413K [0x00000000d5f00000, 0x0000000100000000, 0x0000000100000000)
  eden space 230400K, 35% used [0x00000000d5f00000,0x00000000dafda470,0x00000000e4000000)
  from space 229376K, 59% used [0x00000000e4000000,0x00000000ec664ff8,0x00000000f2000000)
  to   space 229376K, 0% used [0x00000000f2000000,0x00000000f2000000,0x0000000100000000)
 ParOldGen       total 731648K, used 526112K [0x0000000081c00000, 0x00000000ae680000, 0x00000000d5f00000)
  object space 731648K, 71% used [0x0000000081c00000,0x00000000a1dc81f8,0x00000000ae680000)
 Metaspace       used 99225K, capacity 112056K, committed 112256K, reserved 1142784K
  class space    used 15874K, capacity 19482K, committed 19584K, reserved 1048576K

Card table byte_map: [0x00000000127e0000,0x0000000012be0000] byte_map_base: 0x00000000123d2000

Marking Bits: (ParMarkBitMap*) 0x000000005ab14040
 Begin Bits: [0x0000000013290000, 0x0000000015220000)
 End Bits:   [0x0000000015220000, 0x00000000171b0000)

Polling page: 0x0000000001680000

CodeCache: size=245760Kb used=40334Kb max_used=40798Kb free=205425Kb
 bounds [0x0000000003420000, 0x0000000005c70000, 0x0000000012420000]
 total_blobs=14239 nmethods=12580 adapters=1570
 compilation: enabled

Compilation events (10 events):
Event: 168.039 Thread 0x000000001988b000 17516       2       net.minecraft.world.chunk.Chunk::setLastSaveTime (6 bytes)
Event: 168.039 Thread 0x000000001988b000 nmethod 17516 0x000000000593ccd0 code [0x000000000593ce20, 0x000000000593cf70]
Event: 168.039 Thread 0x000000001988b000 17515       2       net.minecraft.world.chunk.storage.IOWorker$$Lambda$7195/2009177873::<init> (20 bytes)
Event: 168.039 Thread 0x000000001988b000 nmethod 17515 0x0000000004c3ce50 code [0x0000000004c3cfa0, 0x0000000004c3d130]
Event: 168.046 Thread 0x000000001988b000 17517       2       net.minecraft.world.chunk.storage.IOWorker$$Lambda$7196/624306530::apply (12 bytes)
Event: 168.046 Thread 0x000000001988b000 nmethod 17517 0x000000000589cc10 code [0x000000000589cd80, 0x000000000589cfd0]
Event: 168.046 Thread 0x000000001988b000 17518       2       net.minecraft.world.chunk.storage.IOWorker::lambda$null$0 (9 bytes)
Event: 168.046 Thread 0x000000001988b000 nmethod 17518 0x000000000589c810 code [0x000000000589c960, 0x000000000589cb50]
Event: 168.046 Thread 0x000000001988b000 17519       2       net.minecraft.world.chunk.storage.IOWorker$Entry::<init> (21 bytes)
Event: 168.047 Thread 0x000000001988b000 nmethod 17519 0x000000000589c450 code [0x000000000589c5a0, 0x000000000589c770]

GC Heap History (10 events):
Event: 156.576 GC heap before
{Heap before GC invocations=159 (full 8):
 PSYoungGen      total 505344K, used 505315K [0x00000000d5f00000, 0x0000000100000000, 0x0000000100000000)
  eden space 370688K, 100% used [0x00000000d5f00000,0x00000000ec900000,0x00000000ec900000)
  from space 134656K, 99% used [0x00000000f7c80000,0x00000000ffff8f30,0x0000000100000000)
  to   space 159232K, 0% used [0x00000000ec900000,0x00000000ec900000,0x00000000f6480000)
 ParOldGen       total 731648K, used 516350K [0x0000000081c00000, 0x00000000ae680000, 0x00000000d5f00000)
  object space 731648K, 70% used [0x0000000081c00000,0x00000000a143fb68,0x00000000ae680000)
 Metaspace       used 88550K, capacity 99788K, committed 99968K, reserved 1132544K
  class space    used 14440K, capacity 17739K, committed 17792K, reserved 1048576K
Event: 156.788 GC heap after
Heap after GC invocations=159 (full 8):
 PSYoungGen      total 507392K, used 136406K [0x00000000d5f00000, 0x0000000100000000, 0x0000000100000000)
  eden space 370688K, 0% used [0x00000000d5f00000,0x00000000d5f00000,0x00000000ec900000)
  from space 136704K, 99% used [0x00000000ec900000,0x00000000f4e35848,0x00000000f4e80000)
  to   space 178688K, 0% used [0x00000000f5180000,0x00000000f5180000,0x0000000100000000)
 ParOldGen       total 731648K, used 516358K [0x0000000081c00000, 0x00000000ae680000, 0x00000000d5f00000)
  object space 731648K, 70% used [0x0000000081c00000,0x00000000a1441b68,0x00000000ae680000)
 Metaspace       used 88550K, capacity 99788K, committed 99968K, reserved 1132544K
  class space    used 14440K, capacity 17739K, committed 17792K, reserved 1048576K
}
Event: 159.469 GC heap before
{Heap before GC invocations=160 (full 8):
 PSYoungGen      total 507392K, used 507094K [0x00000000d5f00000, 0x0000000100000000, 0x0000000100000000)
  eden space 370688K, 100% used [0x00000000d5f00000,0x00000000ec900000,0x00000000ec900000)
  from space 136704K, 99% used [0x00000000ec900000,0x00000000f4e35848,0x00000000f4e80000)
  to   space 178688K, 0% used [0x00000000f5180000,0x00000000f5180000,0x0000000100000000)
 ParOldGen       total 731648K, used 516358K [0x0000000081c00000, 0x00000000ae680000, 0x00000000d5f00000)
  object space 731648K, 70% used [0x0000000081c00000,0x00000000a1441b68,0x00000000ae680000)
 Metaspace       used 91540K, capacity 103320K, committed 103552K, reserved 1134592K
  class space    used 14789K, capacity 18196K, committed 18304K, reserved 1048576K
Event: 159.702 GC heap after
Heap after GC invocations=160 (full 8):
 PSYoungGen      total 440832K, used 178662K [0x00000000d5f00000, 0x0000000100000000, 0x0000000100000000)
  eden space 262144K, 0% used [0x00000000d5f00000,0x00000000d5f00000,0x00000000e5f00000)
  from space 178688K, 99% used [0x00000000f5180000,0x00000000ffff9800,0x0000000100000000)
  to   space 213504K, 0% used [0x00000000e5f00000,0x00000000e5f00000,0x00000000f2f80000)
 ParOldGen       total 731648K, used 526088K [0x0000000081c00000, 0x00000000ae680000, 0x00000000d5f00000)
  object space 731648K, 71% used [0x0000000081c00000,0x00000000a1dc21c0,0x00000000ae680000)
 Metaspace       used 91540K, capacity 103320K, committed 103552K, reserved 1134592K
  class space    used 14789K, capacity 18196K, committed 18304K, reserved 1048576K
}
Event: 163.684 GC heap before
{Heap before GC invocations=161 (full 8):
 PSYoungGen      total 440832K, used 440806K [0x00000000d5f00000, 0x0000000100000000, 0x0000000100000000)
  eden space 262144K, 100% used [0x00000000d5f00000,0x00000000e5f00000,0x00000000e5f00000)
  from space 178688K, 99% used [0x00000000f5180000,0x00000000ffff9800,0x0000000100000000)
  to   space 213504K, 0% used [0x00000000e5f00000,0x00000000e5f00000,0x00000000f2f80000)
 ParOldGen       total 731648K, used 526088K [0x0000000081c00000, 0x00000000ae680000, 0x00000000d5f00000)
  object space 731648K, 71% used [0x0000000081c00000,0x00000000a1dc21c0,0x00000000ae680000)
 Metaspace       used 96024K, capacity 108180K, committed 108544K, reserved 1138688K
  class space    used 15395K, capacity 18864K, committed 18944K, reserved 1048576K
Event: 163.800 GC heap after
Heap after GC invocations=161 (full 8):
 PSYoungGen      total 475648K, used 104161K [0x00000000d5f00000, 0x0000000100000000, 0x0000000100000000)
  eden space 262144K, 0% used [0x00000000d5f00000,0x00000000d5f00000,0x00000000e5f00000)
  from space 213504K, 48% used [0x00000000e5f00000,0x00000000ec4b85e0,0x00000000f2f80000)
  to   space 210432K, 0% used [0x00000000f3280000,0x00000000f3280000,0x0000000100000000)
 ParOldGen       total 731648K, used 526096K [0x0000000081c00000, 0x00000000ae680000, 0x00000000d5f00000)
  object space 731648K, 71% used [0x0000000081c00000,0x00000000a1dc41c0,0x00000000ae680000)
 Metaspace       used 96024K, capacity 108180K, committed 108544K, reserved 1138688K
  class space    used 15395K, capacity 18864K, committed 18944K, reserved 1048576K
}
Event: 165.112 GC heap before
{Heap before GC invocations=162 (full 8):
 PSYoungGen      total 475648K, used 366305K [0x00000000d5f00000, 0x0000000100000000, 0x0000000100000000)
  eden space 262144K, 100% used [0x00000000d5f00000,0x00000000e5f00000,0x00000000e5f00000)
  from space 213504K, 48% used [0x00000000e5f00000,0x00000000ec4b85e0,0x00000000f2f80000)
  to   space 210432K, 0% used [0x00000000f3280000,0x00000000f3280000,0x0000000100000000)
 ParOldGen       total 731648K, used 526096K [0x0000000081c00000, 0x00000000ae680000, 0x00000000d5f00000)
  object space 731648K, 71% used [0x0000000081c00000,0x00000000a1dc41c0,0x00000000ae680000)
 Metaspace       used 97142K, capacity 109362K, committed 109568K, reserved 1140736K
  class space    used 15607K, capacity 19111K, committed 19200K, reserved 1048576K
Event: 165.368 GC heap after
Heap after GC invocations=162 (full 8):
 PSYoungGen      total 440832K, used 195044K [0x00000000d5f00000, 0x0000000100000000, 0x0000000100000000)
  eden space 230400K, 0% used [0x00000000d5f00000,0x00000000d5f00000,0x00000000e4000000)
  from space 210432K, 92% used [0x00000000f3280000,0x00000000ff0f91b0,0x0000000100000000)
  to   space 229376K, 0% used [0x00000000e4000000,0x00000000e4000000,0x00000000f2000000)
 ParOldGen       total 731648K, used 526104K [0x0000000081c00000, 0x00000000ae680000, 0x00000000d5f00000)
  object space 731648K, 71% used [0x0000000081c00000,0x00000000a1dc61c0,0x00000000ae680000)
 Metaspace       used 97142K, capacity 109362K, committed 109568K, reserved 1140736K
  class space    used 15607K, capacity 19111K, committed 19200K, reserved 1048576K
}
Event: 167.247 GC heap before
{Heap before GC invocations=163 (full 8):
 PSYoungGen      total 440832K, used 425444K [0x00000000d5f00000, 0x0000000100000000, 0x0000000100000000)
  eden space 230400K, 100% used [0x00000000d5f00000,0x00000000e4000000,0x00000000e4000000)
  from space 210432K, 92% used [0x00000000f3280000,0x00000000ff0f91b0,0x0000000100000000)
  to   space 229376K, 0% used [0x00000000e4000000,0x00000000e4000000,0x00000000f2000000)
 ParOldGen       total 731648K, used 526104K [0x0000000081c00000, 0x00000000ae680000, 0x00000000d5f00000)
  object space 731648K, 71% used [0x0000000081c00000,0x00000000a1dc61f8,0x00000000ae680000)
 Metaspace       used 98984K, capacity 111766K, committed 111872K, reserved 1142784K
  class space    used 15850K, capacity 19427K, committed 19456K, reserved 1048576K
Event: 167.444 GC heap after
Heap after GC invocations=163 (full 8):
 PSYoungGen      total 459776K, used 137619K [0x00000000d5f00000, 0x0000000100000000, 0x0000000100000000)
  eden space 230400K, 0% used [0x00000000d5f00000,0x00000000d5f00000,0x00000000e4000000)
  from space 229376K, 59% used [0x00000000e4000000,0x00000000ec664ff8,0x00000000f2000000)
  to   space 229376K, 0% used [0x00000000f2000000,0x00000000f2000000,0x0000000100000000)
 ParOldGen       total 731648K, used 526112K [0x0000000081c00000, 0x00000000ae680000, 0x00000000d5f00000)
  object space 731648K, 71% used [0x0000000081c00000,0x00000000a1dc81f8,0x00000000ae680000)
 Metaspace       used 98984K, capacity 111766K, committed 111872K, reserved 1142784K
  class space    used 15850K, capacity 19427K, committed 19456K, reserved 1048576K
}

Deoptimization events (10 events):
Event: 167.646 Thread 0x000000002261f800 Uncommon trap: reason=bimorphic action=maybe_recompile pc=0x0000000004044708 method=com.google.common.collect.TransformedIterator.hasNext()Z @ 4
Event: 167.648 Thread 0x000000002261f800 Uncommon trap: reason=bimorphic action=maybe_recompile pc=0x0000000004044708 method=com.google.common.collect.TransformedIterator.hasNext()Z @ 4
Event: 167.648 Thread 0x000000002261f800 Uncommon trap: reason=bimorphic action=maybe_recompile pc=0x0000000004044708 method=com.google.common.collect.TransformedIterator.hasNext()Z @ 4
Event: 167.648 Thread 0x000000002261f800 Uncommon trap: reason=bimorphic action=maybe_recompile pc=0x0000000004044708 method=com.google.common.collect.TransformedIterator.hasNext()Z @ 4
Event: 167.671 Thread 0x0000000022622000 Uncommon trap: reason=class_check action=maybe_recompile pc=0x0000000004c7b8ac method=java.util.HashMap.computeIfAbsent(Ljava/lang/Object;Ljava/util/function/Function;)Ljava/lang/Object; @ 263
Event: 167.671 Thread 0x0000000022622000 Uncommon trap: reason=unstable_if action=reinterpret pc=0x0000000005983544 method=java.util.concurrent.CompletableFuture.uniCompose(Ljava/util/concurrent/CompletableFuture;Ljava/util/function/Function;Ljava/util/concurrent/CompletableFuture$UniCompose;)Z @¹¶¦/zõd@
Event: 167.671 Thread 0x0000000022628000 Uncommon trap: reason=class_check action=maybe_recompile pc=0x0000000004c7b8ac method=java.util.HashMap.computeIfAbsent(Ljava/lang/Object;Ljava/util/function/Function;)Ljava/lang/Object; @ 263
Event: 167.671 Thread 0x0000000022627800 Uncommon trap: reason=class_check action=maybe_recompile pc=0x0000000004c7b8ac method=java.util.HashMap.computeIfAbsent(Ljava/lang/Object;Ljava/util/function/Function;)Ljava/lang/Object; @ 263
Event: 167.671 Thread 0x0000000022628000 Uncommon trap: reason=class_check action=maybe_recompile pc=0x0000000004c7b8ac method=java.util.HashMap.computeIfAbsent(Ljava/lang/Object;Ljava/util/function/Function;)Ljava/lang/Object; @ 263
Event: 167.985 Thread 0x0000000022628000 Uncommon trap: reason=bimorphic action=maybe_recompile pc=0x000000000508469c method=java.util.HashMap.removeNode(ILjava/lang/Object;Ljava/lang/Object;ZZ)Ljava/util/HashMap$Node; @ 68

Internal exceptions (10 events):
Event: 168.051 Thread 0x0000000022627800 Exception <a 'sun/nio/fs/WindowsException'> (0x00000000daa26920) thrown at [C:\re\workspace\8-2-build-windows-amd64-cygwin\jdk8u51\3951\hotspot\src\share\vm\prims\jni.cpp, line 709]
Event: 168.052 Thread 0x0000000022627800 Exception <a 'sun/nio/fs/WindowsException'> (0x00000000daa2ba70) thrown at [C:\re\workspace\8-2-build-windows-amd64-cygwin\jdk8u51\3951\hotspot\src\share\vm\prims\jni.cpp, line 709]
Event: 168.053 Thread 0x0000000022628000 Exception <a 'sun/nio/fs/WindowsException'> (0x00000000da63d680) thrown at [C:\re\workspace\8-2-build-windows-amd64-cygwin\jdk8u51\3951\hotspot\src\share\vm\prims\jni.cpp, line 709]
Event: 168.054 Thread 0x0000000022627800 Exception <a 'sun/nio/fs/WindowsException'> (0x00000000daa30be0) thrown at [C:\re\workspace\8-2-build-windows-amd64-cygwin\jdk8u51\3951\hotspot\src\share\vm\prims\jni.cpp, line 709]
Event: 168.056 Thread 0x0000000022628000 Exception <a 'sun/nio/fs/WindowsException'> (0x00000000da642820) thrown at [C:\re\workspace\8-2-build-windows-amd64-cygwin\jdk8u51\3951\hotspot\src\share\vm\prims\jni.cpp, line 709]
Event: 168.057 Thread 0x0000000022627800 Exception <a 'sun/nio/fs/WindowsException'> (0x00000000daa35d50) thrown at [C:\re\workspace\8-2-build-windows-amd64-cygwin\jdk8u51\3951\hotspot\src\share\vm\prims\jni.cpp, line 709]
Event: 168.058 Thread 0x0000000022628000 Exception <a 'sun/nio/fs/WindowsException'> (0x00000000da647990) thrown at [C:\re\workspace\8-2-build-windows-amd64-cygwin\jdk8u51\3951\hotspot\src\share\vm\prims\jni.cpp, line 709]
Event: 168.059 Thread 0x0000000022627800 Exception <a 'sun/nio/fs/WindowsException'> (0x00000000daa3aec0) thrown at [C:\re\workspace\8-2-build-windows-amd64-cygwin\jdk8u51\3951\hotspot\src\share\vm\prims\jni.cpp, line 709]
Event: 168.060 Thread 0x0000000022628000 Exception <a 'sun/nio/fs/WindowsException'> (0x00000000da64cb00) thrown at [C:\re\workspace\8-2-build-windows-amd64-cygwin\jdk8u51\3951\hotspot\src\share\vm\prims\jni.cpp, line 709]
Event: 168.062 Thread 0x0000000022627800 Exception <a 'sun/nio/fs/WindowsException'> (0x00000000daa40030) thrown at [C:\re\workspace\8-2-build-windows-amd64-cygwin\jdk8u51\3951\hotspot\src\share\vm\prims\jni.cpp, line 709]

Events (10 events):
Event: 167.671 Thread 0x0000000022628000 DEOPT UNPACKING pc=0x000000000346582a sp=0x0000000049e0edc8 mode 2
Event: 167.673 loading class net/minecraft/util/math/ChunkPos
Event: 167.673 loading class net/minecraft/util/math/ChunkPos done
Event: 167.673 loading class net/minecraft/world/chunk/storage/RegionFile
Event: 167.673 loading class net/minecraft/world/chunk/storage/RegionFile done
Event: 167.803 Thread 0x0000000022628000 DEOPT PACKING pc=0x0000000005883215 sp=0x0000000049e0eb70
Event: 167.803 Thread 0x0000000022628000 DEOPT UNPACKING pc=0x000000000346787f sp=0x0000000049e0e888 mode 0
Event: 167.985 Thread 0x0000000022628000 Uncommon trap: trap_request=0xffffffc6 fr.pc=0x000000000508469c
Event: 167.985 Thread 0x0000000022628000 DEOPT PACKING pc=0x000000000508469c sp=0x0000000049e0ee80
Event: 167.985 Thread 0x0000000022628000 DEOPT UNPACKING pc=0x000000000346582a sp=0x0000000049e0ee20 mode 2


Dynamic libraries:
0x00007ff769d00000 - 0x00007ff769d37000 	C:\Program Files (x86)\Minecraft\runtime\jre-x64\bin\java.exe
0x00007ffcce710000 - 0x00007ffcce905000 	C:\WINDOWS\SYSTEM32\ntdll.dll
0x00007ffccd630000 - 0x00007ffccd6ed000 	C:\WINDOWS\System32\KERNEL32.DLL
0x00007ffccc3a0000 - 0x00007ffccc668000 	C:\WINDOWS\System32\KERNELBASE.dll
0x00007ffccc770000 - 0x00007ffccc81c000 	C:\WINDOWS\System32\ADVAPI32.dll
0x00007ffccd760000 - 0x00007ffccd7fe000 	C:\WINDOWS\System32\msvcrt.dll
0x00007ffccdb70000 - 0x00007ffccdc0b000 	C:\WINDOWS\System32\sechost.dll
0x00007ffccca50000 - 0x00007ffcccb7b000 	C:\WINDOWS\System32\RPCRT4.dll
0x00007ffccc820000 - 0x00007ffccc9c0000 	C:\WINDOWS\System32\USER32.dll
0x00007ffccc740000 - 0x00007ffccc762000 	C:\WINDOWS\System32\win32u.dll
0x00007ffccdd50000 - 0x00007ffccdd7a000 	C:\WINDOWS\System32\GDI32.dll
0x00007ffccc080000 - 0x00007ffccc18b000 	C:\WINDOWS\System32\gdi32full.dll
0x00007ffccc670000 - 0x00007ffccc70d000 	C:\WINDOWS\System32\msvcp_win.dll
0x00007ffccbed0000 - 0x00007ffccbfd0000 	C:\WINDOWS\System32\ucrtbase.dll
0x00007ffcb36f0000 - 0x00007ffcb398a000 	C:\WINDOWS\WinSxS\amd64_microsoft.windows.common-controls_6595b64144ccf1df_6.0.19041.844_none_ca00b6081b84eb1d\COMCTL32.dll
0x00007ffccdae0000 - 0x00007ffccdb10000 	C:\WINDOWS\System32\IMM32.DLL
0x000000005aba0000 - 0x000000005ac72000 	C:\Program Files (x86)\Minecraft\runtime\jre-x64\bin\msvcr100.dll
0x000000005a310000 - 0x000000005ab93000 	C:\Program Files (x86)\Minecraft\runtime\jre-x64\bin\server\jvm.dll
0x00007ffccdc10000 - 0x00007ffccdc18000 	C:\WINDOWS\System32\PSAPI.DLL
0x00007ffca7820000 - 0x00007ffca7829000 	C:\WINDOWS\SYSTEM32\WSOCK32.dll
0x00007ffcc4690000 - 0x00007ffcc46b7000 	C:\WINDOWS\SYSTEM32\WINMM.dll
0x00007ffcce530000 - 0x00007ffcce59b000 	C:\WINDOWS\System32\WS2_32.dll
0x00007ffcc3da0000 - 0x00007ffcc3daa000 	C:\WINDOWS\SYSTEM32\VERSION.dll
0x000000005a300000 - 0x000000005a30f000 	C:\Program Files (x86)\Minecraft\runtime\jre-x64\bin\verify.dll
0x000000005a2d0000 - 0x000000005a2f9000 	C:\Program Files (x86)\Minecraft\runtime\jre-x64\bin\java.dll
0x000000005a2a0000 - 0x000000005a2c3000 	C:\Program Files (x86)\Minecraft\runtime\jre-x64\bin\instrument.dll
0x000000005a280000 - 0x000000005a296000 	C:\Program Files (x86)\Minecraft\runtime\jre-x64\bin\zip.dll
0x00007ffcccee0000 - 0x00007ffccd622000 	C:\WINDOWS\System32\SHELL32.dll
0x00007ffcc9d50000 - 0x00007ffcca4e1000 	C:\WINDOWS\SYSTEM32\windows.storage.dll
0x00007ffcccb80000 - 0x00007ffccced5000 	C:\WINDOWS\System32\combase.dll
0x00007ffccb7f0000 - 0x00007ffccb81c000 	C:\WINDOWS\SYSTEM32\Wldp.dll
0x00007ffcce480000 - 0x00007ffcce52e000 	C:\WINDOWS\System32\SHCORE.dll
0x00007ffccda20000 - 0x00007ffccda75000 	C:\WINDOWS\System32\shlwapi.dll
0x00007ffccbd90000 - 0x00007ffccbdaf000 	C:\WINDOWS\SYSTEM32\profapi.dll
0x00007ffcb9080000 - 0x00007ffcb909a000 	C:\Users\ervin_1nmnhvl\AppData\Local\JetBrains\Toolbox\apps\IDEA-U\ch-0\203.7148.57\bin\breakgen64.dll
0x000000005a260000 - 0x000000005a27a000 	C:\Program Files (x86)\Minecraft\runtime\jre-x64\bin\net.dll
0x00007ffccb5d0000 - 0x00007ffccb63a000 	C:\WINDOWS\system32\mswsock.dll
0x000000005a250000 - 0x000000005a25d000 	C:\Program Files (x86)\Minecraft\runtime\jre-x64\bin\management.dll
0x00007ffc9d380000 - 0x00007ffc9d397000 	C:\WINDOWS\system32\napinsp.dll
0x00007ffc9d3a0000 - 0x00007ffc9d3bb000 	C:\WINDOWS\system32\pnrpnsp.dll
0x00007ffcc6da0000 - 0x00007ffcc6db5000 	C:\WINDOWS\system32\wshbth.dll
0x00007ffcc7910000 - 0x00007ffcc792d000 	C:\WINDOWS\system32\NLAapi.dll
0x00007ffccb290000 - 0x00007ffccb2cb000 	C:\WINDOWS\SYSTEM32\IPHLPAPI.DLL
0x00007ffccb2e0000 - 0x00007ffccb3ac000 	C:\WINDOWS\SYSTEM32\DNSAPI.dll
0x00007ffccdf30000 - 0x00007ffccdf38000 	C:\WINDOWS\System32\NSI.dll
0x00007ffc9fb00000 - 0x00007ffc9fb12000 	C:\WINDOWS\System32\winrnr.dll
0x00007ffcbc970000 - 0x00007ffcbc97a000 	C:\Windows\System32\rasadhlp.dll
0x00007ffcc0750000 - 0x00007ffcc07cf000 	C:\WINDOWS\System32\fwpuclnt.dll
0x00007ffccc710000 - 0x00007ffccc737000 	C:\WINDOWS\System32\bcrypt.dll
0x000000005a230000 - 0x000000005a241000 	C:\Program Files (x86)\Minecraft\runtime\jre-x64\bin\nio.dll
0x000000005a200000 - 0x000000005a224000 	C:\Program Files (x86)\Minecraft\runtime\jre-x64\bin\sunec.dll
0x00007ffccbb40000 - 0x00007ffccbb58000 	C:\WINDOWS\SYSTEM32\CRYPTSP.dll
0x00007ffccae10000 - 0x00007ffccae44000 	C:\WINDOWS\system32\rsaenh.dll
0x00007ffccbd10000 - 0x00007ffccbd3e000 	C:\WINDOWS\SYSTEM32\USERENV.dll
0x00007ffccbe50000 - 0x00007ffccbed0000 	C:\WINDOWS\System32\bcryptprimitives.dll
0x00007ffccb750000 - 0x00007ffccb75c000 	C:\WINDOWS\SYSTEM32\CRYPTBASE.dll
0x00007ffcc2860000 - 0x00007ffcc2877000 	C:\WINDOWS\SYSTEM32\dhcpcsvc6.DLL
0x00007ffcc2660000 - 0x00007ffcc267d000 	C:\WINDOWS\SYSTEM32\dhcpcsvc.DLL
0x00007ffc9fdf0000 - 0x00007ffc9fe62000 	C:\Users\ervin_1nmnhvl\AppData\Local\Temp\lwjglervin_1nmnhvl\3.2.2-build-10\lwjgl.dll
0x00007ffc93000000 - 0x00007ffc93251000 	C:\Users\ERVIN_~1\AppData\Local\Temp\lwjglervin_1nmnhvl\3.2.2-build-10\jemalloc.dll
0x00007ffc9a6a0000 - 0x00007ffc9a6fe000 	C:\Users\ERVIN_~1\AppData\Local\Temp\lwjglervin_1nmnhvl\3.2.2-build-10\glfw.dll
0x00007ffcc95d0000 - 0x00007ffcc966e000 	C:\WINDOWS\system32\uxtheme.dll
0x00007ffcb2e60000 - 0x00007ffcb2ea5000 	C:\WINDOWS\SYSTEM32\dinput8.dll
0x00007ffcb8e90000 - 0x00007ffcb8ea1000 	C:\WINDOWS\SYSTEM32\xinput1_4.dll
0x00007ffccc190000 - 0x00007ffccc1de000 	C:\WINDOWS\System32\cfgmgr32.dll
0x00007ffccbc00000 - 0x00007ffccbc2c000 	C:\WINDOWS\SYSTEM32\DEVOBJ.dll
0x00007ffcc9880000 - 0x00007ffcc98af000 	C:\WINDOWS\SYSTEM32\dwmapi.dll
0x00007ffcb8a00000 - 0x00007ffcb8b52000 	C:\WINDOWS\SYSTEM32\inputhost.dll
0x00007ffccdf40000 - 0x00007ffcce00d000 	C:\WINDOWS\System32\OLEAUT32.dll
0x00007ffcc92b0000 - 0x00007ffcc93a2000 	C:\WINDOWS\SYSTEM32\CoreMessaging.dll
0x00007ffcc7480000 - 0x00007ffcc7577000 	C:\WINDOWS\SYSTEM32\PROPSYS.dll
0x00007ffcc7bf0000 - 0x00007ffcc7d44000 	C:\WINDOWS\SYSTEM32\wintypes.dll
0x00007ffcc8bd0000 - 0x00007ffcc8f2e000 	C:\WINDOWS\SYSTEM32\CoreUIComponents.dll
0x00007ffcca5d0000 - 0x00007ffcca5e2000 	C:\WINDOWS\SYSTEM32\kernel.appcore.dll
0x00007ffccaa40000 - 0x00007ffccaa73000 	C:\WINDOWS\SYSTEM32\ntmarta.dll
0x00007ffccd820000 - 0x00007ffccd935000 	C:\WINDOWS\System32\MSCTF.dll
0x00007ffcca4f0000 - 0x00007ffcca4fd000 	C:\WINDOWS\SYSTEM32\HID.DLL
0x00007ffcce010000 - 0x00007ffcce479000 	C:\WINDOWS\System32\SETUPAPI.DLL
0x00007ffccc1e0000 - 0x00007ffccc240000 	C:\WINDOWS\System32\WINTRUST.dll
0x00007ffccc240000 - 0x00007ffccc39f000 	C:\WINDOWS\System32\CRYPT32.dll
0x00007ffccbbe0000 - 0x00007ffccbbf2000 	C:\WINDOWS\SYSTEM32\MSASN1.dll
0x00007ffc93900000 - 0x00007ffc93a26000 	C:\WINDOWS\SYSTEM32\opengl32.dll
0x00007ffcb3cc0000 - 0x00007ffcb3cec000 	C:\WINDOWS\SYSTEM32\GLU32.dll
0x00007ffcce620000 - 0x00007ffcce6c9000 	C:\WINDOWS\System32\clbcatq.dll
0x00007ffc920c0000 - 0x00007ffc92d44000 	C:\WINDOWS\SYSTEM32\ig4icd64.dll
0x00007ffcca640000 - 0x00007ffcca733000 	C:\WINDOWS\SYSTEM32\dxgi.dll
0x00007ffcc81b0000 - 0x00007ffcc8414000 	C:\WINDOWS\SYSTEM32\d3d11.dll
0x00007ffc9c730000 - 0x00007ffc9d380000 	C:\WINDOWS\SYSTEM32\igd10umd64.dll
0x00007ffcc6970000 - 0x00007ffcc69ab000 	C:\WINDOWS\SYSTEM32\dxcore.dll
0x00007ffc93af0000 - 0x00007ffc93b6f000 	C:\Users\ervin_1nmnhvl\AppData\Local\Temp\lwjglervin_1nmnhvl\3.2.2-build-10\lwjgl_stb.dll
0x00007ffcc6a20000 - 0x00007ffcc6ace000 	C:\WINDOWS\SYSTEM32\mscms.dll
0x00007ffcc69b0000 - 0x00007ffcc69c1000 	C:\WINDOWS\SYSTEM32\ColorAdapterClient.dll
0x00007ffca4e80000 - 0x00007ffca4ec3000 	C:\WINDOWS\SYSTEM32\icm32.dll
0x00007ffcb8900000 - 0x00007ffcb89f9000 	C:\WINDOWS\SYSTEM32\textinputframework.dll
0x00007ffc938a0000 - 0x00007ffc938f8000 	C:\Users\ervin_1nmnhvl\AppData\Local\Temp\lwjglervin_1nmnhvl\3.2.2-build-10\lwjgl_opengl.dll
0x00007ffc9f800000 - 0x00007ffc9f842000 	C:\Users\ervin_1nmnhvl\AppData\Local\Temp\jna-2118671535\jna2860622359927139929.dll
0x00007ffcc5110000 - 0x00007ffcc512a000 	C:\save\modding\ervin_mod_1\build\natives\SAPIWrapper_x64.dll
0x00007ffccdc20000 - 0x00007ffccdd4a000 	C:\WINDOWS\System32\ole32.dll
0x00007ffc92e70000 - 0x00007ffc92ff6000 	C:\WINDOWS\System32\Speech\Common\sapi.dll
0x00007ffcc6790000 - 0x00007ffcc67ae000 	C:\WINDOWS\SYSTEM32\MSACM32.dll
0x00007ffca57e0000 - 0x00007ffca5806000 	C:\WINDOWS\SYSTEM32\winmmbase.dll
0x00007ffcb2eb0000 - 0x00007ffcb2ebb000 	C:\WINDOWS\SYSTEM32\msdmo.dll
0x00007ffcbd1b0000 - 0x00007ffcbd235000 	C:\WINDOWS\System32\MMDevApi.dll
0x00007ffc92d50000 - 0x00007ffc92e64000 	C:\Users\ERVIN_~1\AppData\Local\Temp\lwjglervin_1nmnhvl\3.2.2-build-10\OpenAL.dll
0x00007ffcb3480000 - 0x00007ffcb3601000 	C:\WINDOWS\SYSTEM32\AUDIOSES.DLL
0x00007ffccb400000 - 0x00007ffccb44b000 	C:\WINDOWS\SYSTEM32\powrprof.dll
0x00007ffccb270000 - 0x00007ffccb282000 	C:\WINDOWS\SYSTEM32\UMPDC.dll
0x00007ffcc9790000 - 0x00007ffcc97a4000 	C:\WINDOWS\SYSTEM32\resourcepolicyclient.dll
0x000000005a060000 - 0x000000005a1f8000 	C:\Program Files (x86)\Minecraft\runtime\jre-x64\bin\awt.dll
0x00007ffcc94e0000 - 0x00007ffcc9570000 	C:\WINDOWS\SYSTEM32\apphelp.dll
0x00007ffcc3020000 - 0x00007ffcc3204000 	C:\WINDOWS\SYSTEM32\dbghelp.dll

VM Arguments:
jvm_args: -Dforge.logging.console.level=debug -Dforge.logging.markers=SCAN,REGISTRIES,REGISTRYDUMP -XX:HeapDumpPath=MojangTricksIntelDriversForPerformance_javaw.exe_minecraft.exe.heapdump -Dos.name=Windows 10 -Dos.version=10.0 -javaagent:C:\Users\ervin_1nmnhvl\AppData\Local\JetBrains\Toolbox\apps\IDEA-U\ch-0\203.7148.57\lib\idea_rt.jar=55968:C:\Users\ervin_1nmnhvl\AppData\Local\JetBrains\Toolbox\apps\IDEA-U\ch-0\203.7148.57\bin -Dfile.encoding=windows-1250 
java_command: net.minecraftforge.userdev.LaunchTesting
java_class_path (initial): C:\Program Files (x86)\Minecraft\runtime\jre-x64\lib\charsets.jar;C:\Program Files (x86)\Minecraft\runtime\jre-x64\lib\deploy.jar;C:\Program Files (x86)\Minecraft\runtime\jre-x64\lib\ext\access-bridge-64.jar;C:\Program Files (x86)\Minecraft\runtime\jre-x64\lib\ext\cldrdata.jar;C:\Program Files (x86)\Minecraft\runtime\jre-x64\lib\ext\dnsns.jar;C:\Program Files (x86)\Minecraft\runtime\jre-x64\lib\ext\jaccess.jar;C:\Program Files (x86)\Minecraft\runtime\jre-x64\lib\ext\jfxrt.jar;C:\Program Files (x86)\Minecraft\runtime\jre-x64\lib\ext\localedata.jar;C:\Program Files (x86)\Minecraft\runtime\jre-x64\lib\ext\nashorn.jar;C:\Program Files (x86)\Minecraft\runtime\jre-x64\lib\ext\sunec.jar;C:\Program Files (x86)\Minecraft\runtime\jre-x64\lib\ext\sunjce_provider.jar;C:\Program Files (x86)\Minecraft\runtime\jre-x64\lib\ext\sunmscapi.jar;C:\Program Files (x86)\Minecraft\runtime\jre-x64\lib\ext\sunpkcs11.jar;C:\Program Files (x86)\Minecraft\runtime\jre-x64\lib\ext\zipfs.jar;C:\Program Files (x86)\Minecraft\runtime\jre-x64\lib\javaws.jar;C:\Program Files (x86)\Minecraft\runtime\jre-x64\lib\jce.jar;C:\Program Files (x86)\Minecraft\runtime\jre-x64\lib\jfr.jar;C:\Program Files (x86)\Minecraft\runtime\jre-x64\lib\jfxswt.jar;C:\Program Files (x86)\Minecraft\runtime\jre-x64\lib\jsse.jar;C:\Program Files (x86)\Minecraft\runtime\jre-x64\lib\management-agent.jar;C:\Program Files (x86)\Minecraft\runtime\jre-x64\lib\plugin.jar;C:\Program Files (x86)\Minecraft\runtime\jre-x64\lib\resources.jar;C:\Program Files (x86)\Minecraft\runtime\jre-x64\lib\rt.jar;C:\save\modding\ervin_mod_1\build\classes\java\main;C:\save\modding\ervin_mod_1\build\resources\main;C:\Users\ervin_1nmnhvl\.gradle\caches\forge_gradle\minecraft_user_repo\net\minecraftforge\forge\1.16.1-32.0.75_mapped_snapshot_20200723-1.16.1\forge-1.16.1-32.0.75_mapped_snapshot_20200723-1.16.1-recomp.jar;C:\Users\ervin_1nmnhvl\.gradle\caches\forge_gradle\minecraft_user_repo\net\minecraftforge\forge\1.16.1-32.0.75_
Launcher Type: SUN_STANDARD

Environment Variables:
JAVA_HOME=C:\Program Files\Java\jdk-11.0.4
PATH=C:\Program Files\Docker\Docker\Resources\bin;C:\ProgramData\Oracle\Java\javapath;C:\WINDOWS\system32;C:\WINDOWS;C:\WINDOWS\System32\Wbem;C:\WINDOWS\System32\WindowsPowerShell\v1.0\;C:\Program Files (x86)\cloudControl;C:\Program Files\Git\cmd;C:\bin;C:\Program Files (x86)\Windows Kits\8.1\Windows Performance Toolkit\;C:\Program Files (x86)\PuTTY\;C:\Program Files (x86)\Nodist\bin;G:\save\sdk\android\tools;G:\save\sdk\android\platform-tools;C:\boxfuse;C:\Program Files (x86)\Skype\Phone\;C:\Program Files (x86)\GtkSharp\2.12\bin;C:\Program Files (x86)\IVI Foundation\VISA\WinNT\Bin;C:\WINDOWS\system32;C:\WINDOWS;C:\WINDOWS\System32\Wbem;C:\WINDOWS\System32\WindowsPowerShell\v1.0\;;C:\WINDOWS\System32\OpenSSH\;C:\Users\ervin_1nmnhvl\AppData\Local\Microsoft\WindowsApps;
USERNAME=ervin_1nmnhvl
OS=Windows_NT
PROCESSOR_IDENTIFIER=Intel64 Family 6 Model 42 Stepping 7, GenuineIntel



---------------  S Y S T E M  ---------------

OS: Windows 10.0 , 64 bit Build 19041 (10.0.19041.928)

CPU:total 4 (2 cores per cpu, 2 threads per core) family 6 model 42 stepping 7, cmov, cx8, fxsr, mmx, sse, sse2, sse3, ssse3, sse4.1, sse4.2, popcnt, avx, aes, clmul, ht, tsc, tscinvbit

Memory: 4k page, physical 8266764k(571716k free), swap 10363916k(5832k free)

vm_info: Java HotSpot(TM) 64-Bit Server VM (25.51-b03) for windows-amd64 JRE (1.8.0_51-b16), built on Jun  8 2015 18:03:07 by "java_re" with MS VC++ 10.0 (VS2010)

time: Tue Apr 20 12:59:16 2021
elapsed time: 168 seconds (0d 0h 2m 48s)

