#
# There is insufficient memory for the Java Runtime Environment to continue.
# Native memory allocation (malloc) failed to allocate 1484176 bytes for Chunk::new
# Possible reasons:
#   The system is out of physical RAM or swap space
#   In 32 bit mode, the process size limit was hit
# Possible solutions:
#   Reduce memory load on the system
#   Increase physical memory or swap space
#   Check if swap backing store is full
#   Use 64 bit Java on a 64 bit OS
#   Decrease Java heap size (-Xmx/-Xms)
#   Decrease number of Java threads
#   Decrease Java thread stack sizes (-Xss)
#   Set larger code cache with -XX:ReservedCodeCacheSize=
# This output file may be truncated or incomplete.
#
#  Out of Memory Error (allocation.cpp:390), pid=10104, tid=6856
#
# JRE version: Java(TM) SE Runtime Environment (8.0_51-b16) (build 1.8.0_51-b16)
# Java VM: Java HotSpot(TM) 64-Bit Server VM (25.51-b03 mixed mode windows-amd64 compressed oops)
# Failed to write core dump. Minidumps are not enabled by default on client versions of Windows
#

---------------  T H R E A D  ---------------

Current thread (0x0000000018d0a000):  JavaThread "C2 CompilerThread1" daemon [_thread_in_native, id=6856, stack(0x0000000018f20000,0x0000000019020000)]

Stack: [0x0000000018f20000,0x0000000019020000]
Native frames: (J=compiled Java code, j=interpreted, Vv=VM code, C=native code)
V  [jvm.dll+0x32b4ca]
V  [jvm.dll+0x2797e3]
V  [jvm.dll+0x27a479]
V  [jvm.dll+0x271765]
V  [jvm.dll+0xcba02]
V  [jvm.dll+0xcbecc]
V  [jvm.dll+0x476f72]
V  [jvm.dll+0x4b95ff]
V  [jvm.dll+0x46b9bf]
V  [jvm.dll+0x46cd4e]
V  [jvm.dll+0x4501a2]
V  [jvm.dll+0xa43a2]
V  [jvm.dll+0xa4cdf]
V  [jvm.dll+0x2418a4]
V  [jvm.dll+0x29846a]
C  [msvcr100.dll+0x21d9f]
C  [msvcr100.dll+0x21e3b]
C  [KERNEL32.DLL+0x17034]
C  [ntdll.dll+0x4cec1]


Current CompileTask:
C2:1113819 29671       4       net.minecraft.client.gui.fonts.TexturedGlyph::renderEffect (261 bytes)


---------------  P R O C E S S  ---------------

Java Threads: ( => current thread )
  0x000000001a8b3000 JavaThread "LanServerPinger #1" daemon [_thread_blocked, id=11276, stack(0x000000005a460000,0x000000005a560000)]
  0x000000001a8ab000 JavaThread "Netty Server IO #4" daemon [_thread_in_native, id=14924, stack(0x0000000046880000,0x0000000046980000)]
  0x0000000023424800 JavaThread "Sound engine" daemon [_thread_blocked, id=3712, stack(0x00000000288c0000,0x00000000289c0000)]
  0x0000000023427000 JavaThread "Netty Server IO #3" daemon [_thread_in_native, id=15740, stack(0x0000000060da0000,0x0000000060ea0000)]
  0x000000002341c800 JavaThread "Netty Local Client IO #1" daemon [_thread_blocked, id=15932, stack(0x0000000060ca0000,0x0000000060da0000)]
  0x0000000023423000 JavaThread "Netty Server IO #2" daemon [_thread_in_native, id=11876, stack(0x0000000060ba0000,0x0000000060ca0000)]
  0x000000002341b800 JavaThread "Java2D Disposer" daemon [_thread_blocked, id=5724, stack(0x0000000060aa0000,0x0000000060ba0000)]
  0x000000001a8b2800 JavaThread "Worker-Main-34" daemon [_thread_blocked, id=8860, stack(0x00000000607a0000,0x00000000608a0000)]
  0x000000001a8b1800 JavaThread "Thread-27" daemon [_thread_in_native, id=16312, stack(0x000000005df20000,0x000000005e020000)]
  0x000000001a8a9800 JavaThread "Server thread" [_thread_in_Java, id=13372, stack(0x000000005bfe0000,0x000000005c0e0000)]
  0x000000001a8a8000 JavaThread "Snooper Timer" daemon [_thread_blocked, id=13560, stack(0x0000000054a50000,0x0000000054b50000)]
  0x000000001a8ae800 JavaThread "Worker-Main-32" daemon [_thread_in_Java, id=12980, stack(0x0000000000a10000,0x0000000000b10000)]
  0x0000000023421800 JavaThread "Worker-Main-28" daemon [_thread_blocked, id=4260, stack(0x0000000043c50000,0x0000000043d50000)]
  0x00000000219c6800 JavaThread "Netty Server IO #1" daemon [_thread_in_native, id=11932, stack(0x0000000046ed0000,0x0000000046fd0000)]
  0x000000001a8b1000 JavaThread "Netty Local Client IO #0" daemon [_thread_blocked, id=2072, stack(0x0000000046dd0000,0x0000000046ed0000)]
  0x000000001a8b4000 JavaThread "Netty Server IO #0" daemon [_thread_in_native, id=15824, stack(0x0000000045e40000,0x0000000045f40000)]
  0x000000001a8af800 JavaThread "ObjectCleanerThread" daemon [_thread_blocked, id=15136, stack(0x0000000030280000,0x0000000030380000)]
  0x000000001a8b0000 JavaThread "Thread-11" daemon [_thread_in_native, id=12392, stack(0x0000000043b50000,0x0000000043c50000)]
  0x00000000219c1000 JavaThread "Narrator" [_thread_blocked, id=15612, stack(0x0000000029ba0000,0x0000000029ca0000)]
  0x00000000219bf800 JavaThread "Snooper Timer" daemon [_thread_blocked, id=2384, stack(0x00000000275f0000,0x00000000276f0000)]
  0x00000000219c2800 JavaThread "Timer hack thread" daemon [_thread_blocked, id=14524, stack(0x00000000264d0000,0x00000000265d0000)]
  0x000000001933b800 JavaThread "pool-3-thread-1" [_thread_blocked, id=5000, stack(0x00000000229e0000,0x0000000022ae0000)]
  0x0000000019c6c800 JavaThread "Thread-2" daemon [_thread_in_native, id=628, stack(0x000000001b830000,0x000000001b930000)]
  0x0000000019c6b800 JavaThread "Thread-1" daemon [_thread_blocked, id=7744, stack(0x000000001b730000,0x000000001b830000)]
  0x0000000018d1e000 JavaThread "Service Thread" daemon [_thread_blocked, id=15880, stack(0x0000000019920000,0x0000000019a20000)]
  0x0000000018d0b000 JavaThread "C1 CompilerThread2" daemon [_thread_blocked, id=10788, stack(0x0000000019020000,0x0000000019120000)]
=>0x0000000018d0a000 JavaThread "C2 CompilerThread1" daemon [_thread_in_native, id=6856, stack(0x0000000018f20000,0x0000000019020000)]
  0x0000000018d07800 JavaThread "C2 CompilerThread0" daemon [_thread_blocked, id=14196, stack(0x0000000018e20000,0x0000000018f20000)]
  0x0000000018d06000 JavaThread "Monitor Ctrl-Break" daemon [_thread_in_native, id=4380, stack(0x0000000018d20000,0x0000000018e20000)]
  0x00000000173b8000 JavaThread "Attach Listener" daemon [_thread_blocked, id=12016, stack(0x0000000018820000,0x0000000018920000)]
  0x00000000173b6800 JavaThread "Signal Dispatcher" daemon [_thread_blocked, id=804, stack(0x0000000018720000,0x0000000018820000)]
  0x000000000274c800 JavaThread "Finalizer" daemon [_thread_blocked, id=14572, stack(0x0000000018620000,0x0000000018720000)]
  0x0000000002749800 JavaThread "Reference Handler" daemon [_thread_blocked, id=14756, stack(0x0000000018520000,0x0000000018620000)]
  0x0000000002652800 JavaThread "Render thread" [_thread_in_native, id=14472, stack(0x0000000002550000,0x0000000002650000)]

Other Threads:
  0x0000000017379000 VMThread [stack: 0x0000000018420000,0x0000000018520000] [id=2932]
  0x00000000191dd800 WatcherThread [stack: 0x0000000019a20000,0x0000000019b20000] [id=2444]

VM state:not at safepoint (normal execution)

VM Mutex/Monitor currently owned by a thread: None

Heap:
 PSYoungGen      total 678912K, used 569391K [0x00000000d5f00000, 0x0000000100000000, 0x0000000100000000)
  eden space 668672K, 84% used [0x00000000d5f00000,0x00000000f843e088,0x00000000fec00000)
  from space 10240K, 68% used [0x00000000ff600000,0x00000000ffccf160,0x0000000100000000)
  to   space 10240K, 0% used [0x00000000fec00000,0x00000000fec00000,0x00000000ff600000)
 ParOldGen       total 763392K, used 664833K [0x0000000081c00000, 0x00000000b0580000, 0x00000000d5f00000)
  object space 763392K, 87% used [0x0000000081c00000,0x00000000aa540470,0x00000000b0580000)
 Metaspace       used 101659K, capacity 115756K, committed 115840K, reserved 1146880K
  class space    used 15307K, capacity 18778K, committed 18816K, reserved 1048576K

Card table byte_map: [0x0000000011c40000,0x0000000012040000] byte_map_base: 0x0000000011832000

Marking Bits: (ParMarkBitMap*) 0x0000000075844040
 Begin Bits: [0x00000000126f0000, 0x0000000014680000)
 End Bits:   [0x0000000014680000, 0x0000000016610000)

Polling page: 0x0000000000bd0000

CodeCache: size=245760Kb used=68733Kb max_used=70881Kb free=177026Kb
 bounds [0x0000000002880000, 0x0000000006e60000, 0x0000000011880000]
 total_blobs=20416 nmethods=18633 adapters=1689
 compilation: enabled

Compilation events (10 events):
Event: 1113.096 Thread 0x0000000018d0b000 nmethod 29666 0x0000000004887ad0 code [0x0000000004887ce0, 0x0000000004888678]
Event: 1113.096 Thread 0x0000000018d0b000 29667       3       com.mojang.blaze3d.platform.GlStateManager$$Lambda$4646/1209568547::get (7 bytes)
Event: 1113.097 Thread 0x0000000018d0b000 nmethod 29667 0x000000000526e010 code [0x000000000526e180, 0x000000000526e470]
Event: 1113.097 Thread 0x0000000018d0b000 29668       3       org.lwjgl.opengl.GL11::glGetString (5 bytes)
Event: 1113.098 Thread 0x0000000018d0b000 nmethod 29668 0x0000000005239b10 code [0x0000000005239ca0, 0x0000000005239f88]
Event: 1113.200 Thread 0x0000000018d07800 29669       4       java.util.Formatter$FormatSpecifier::localizedMagnitude (327 bytes)
Event: 1113.200 Thread 0x0000000018d0b000 29670       3       net.minecraft.client.gui.overlay.DebugOverlayGui::bytesToMb (10 bytes)
Event: 1113.200 Thread 0x0000000018d0b000 nmethod 29670 0x000000000527f950 code [0x000000000527faa0, 0x000000000527fc10]
Event: 1113.267 Thread 0x0000000018d07800 nmethod 29669 0x00000000053ae890 code [0x00000000053aea60, 0x00000000053b0798]
Event: 1113.710 Thread 0x0000000018d0a000 29671       4       net.minecraft.client.gui.fonts.TexturedGlyph::renderEffect (261 bytes)

GC Heap History (10 events):
Event: 1107.498 GC heap before
{Heap before GC invocations=563 (full 11):
 PSYoungGen      total 678400K, used 676367K [0x00000000d5f00000, 0x0000000100000000, 0x0000000100000000)
  eden space 667648K, 100% used [0x00000000d5f00000,0x00000000feb00000,0x00000000feb00000)
  from space 10752K, 81% used [0x00000000feb00000,0x00000000ff383d00,0x00000000ff580000)
  to   space 10752K, 0% used [0x00000000ff580000,0x00000000ff580000,0x0000000100000000)
 ParOldGen       total 763392K, used 662877K [0x0000000081c00000, 0x00000000b0580000, 0x00000000d5f00000)
  object space 763392K, 86% used [0x0000000081c00000,0x00000000aa357710,0x00000000b0580000)
 Metaspace       used 101652K, capacity 115748K, committed 115840K, reserved 1146880K
  class space    used 15307K, capacity 18778K, committed 18816K, reserved 1048576K
Event: 1107.509 GC heap after
Heap after GC invocations=563 (full 11):
 PSYoungGen      total 678400K, used 6785K [0x00000000d5f00000, 0x0000000100000000, 0x0000000100000000)
  eden space 667648K, 0% used [0x00000000d5f00000,0x00000000d5f00000,0x00000000feb00000)
  from space 10752K, 63% used [0x00000000ff580000,0x00000000ffc20478,0x0000000100000000)
  to   space 10752K, 0% used [0x00000000feb00000,0x00000000feb00000,0x00000000ff580000)
 ParOldGen       total 763392K, used 663297K [0x0000000081c00000, 0x00000000b0580000, 0x00000000d5f00000)
  object space 763392K, 86% used [0x0000000081c00000,0x00000000aa3c0750,0x00000000b0580000)
 Metaspace       used 101652K, capacity 115748K, committed 115840K, reserved 1146880K
  class space    used 15307K, capacity 18778K, committed 18816K, reserved 1048576K
}
Event: 1108.855 GC heap before
{Heap before GC invocations=564 (full 11):
 PSYoungGen      total 678400K, used 674433K [0x00000000d5f00000, 0x0000000100000000, 0x0000000100000000)
  eden space 667648K, 100% used [0x00000000d5f00000,0x00000000feb00000,0x00000000feb00000)
  from space 10752K, 63% used [0x00000000ff580000,0x00000000ffc20478,0x0000000100000000)
  to   space 10752K, 0% used [0x00000000feb00000,0x00000000feb00000,0x00000000ff580000)
 ParOldGen       total 763392K, used 663297K [0x0000000081c00000, 0x00000000b0580000, 0x00000000d5f00000)
  object space 763392K, 86% used [0x0000000081c00000,0x00000000aa3c0750,0x00000000b0580000)
 Metaspace       used 101653K, capacity 115748K, committed 115840K, reserved 1146880K
  class space    used 15307K, capacity 18778K, committed 18816K, reserved 1048576K
Event: 1108.867 GC heap after
Heap after GC invocations=564 (full 11):
 PSYoungGen      total 678400K, used 7133K [0x00000000d5f00000, 0x0000000100000000, 0x0000000100000000)
  eden space 667648K, 0% used [0x00000000d5f00000,0x00000000d5f00000,0x00000000feb00000)
  from space 10752K, 66% used [0x00000000feb00000,0x00000000ff1f7740,0x00000000ff580000)
  to   space 10752K, 0% used [0x00000000ff580000,0x00000000ff580000,0x0000000100000000)
 ParOldGen       total 763392K, used 663505K [0x0000000081c00000, 0x00000000b0580000, 0x00000000d5f00000)
  object space 763392K, 86% used [0x0000000081c00000,0x00000000aa3f4770,0x00000000b0580000)
 Metaspace       used 101653K, capacity 115748K, committed 115840K, reserved 1146880K
  class space    used 15307K, capacity 18778K, committed 18816K, reserved 1048576K
}
Event: 1110.194 GC heap before
{Heap before GC invocations=565 (full 11):
 PSYoungGen      total 678400K, used 674781K [0x00000000d5f00000, 0x0000000100000000, 0x0000000100000000)
  eden space 667648K, 100% used [0x00000000d5f00000,0x00000000feb00000,0x00000000feb00000)
  from space 10752K, 66% used [0x00000000feb00000,0x00000000ff1f7740,0x00000000ff580000)
  to   space 10752K, 0% used [0x00000000ff580000,0x00000000ff580000,0x0000000100000000)
 ParOldGen       total 763392K, used 663505K [0x0000000081c00000, 0x00000000b0580000, 0x00000000d5f00000)
  object space 763392K, 86% used [0x0000000081c00000,0x00000000aa3f4770,0x00000000b0580000)
 Metaspace       used 101656K, capacity 115748K, committed 115840K, reserved 1146880K
  class space    used 15307K, capacity 18778K, committed 18816K, reserved 1048576K
Event: 1110.206 GC heap after
Heap after GC invocations=565 (full 11):
 PSYoungGen      total 677376K, used 7386K [0x00000000d5f00000, 0x00000000fff00000, 0x0000000100000000)
  eden space 667648K, 0% used [0x00000000d5f00000,0x00000000d5f00000,0x00000000feb00000)
  from space 9728K, 75% used [0x00000000ff580000,0x00000000ffcb6960,0x00000000fff00000)
  to   space 10240K, 0% used [0x00000000feb00000,0x00000000feb00000,0x00000000ff500000)
 ParOldGen       total 763392K, used 663745K [0x0000000081c00000, 0x00000000b0580000, 0x00000000d5f00000)
  object space 763392K, 86% used [0x0000000081c00000,0x00000000aa430770,0x00000000b0580000)
 Metaspace       used 101656K, capacity 115748K, committed 115840K, reserved 1146880K
  class space    used 15307K, capacity 18778K, committed 18816K, reserved 1048576K
}
Event: 1111.446 GC heap before
{Heap before GC invocations=566 (full 11):
 PSYoungGen      total 677376K, used 675034K [0x00000000d5f00000, 0x00000000fff00000, 0x0000000100000000)
  eden space 667648K, 100% used [0x00000000d5f00000,0x00000000feb00000,0x00000000feb00000)
  from space 9728K, 75% used [0x00000000ff580000,0x00000000ffcb6960,0x00000000fff00000)
  to   space 10240K, 0% used [0x00000000feb00000,0x00000000feb00000,0x00000000ff500000)
 ParOldGen       total 763392K, used 663745K [0x0000000081c00000, 0x00000000b0580000, 0x00000000d5f00000)
  object space 763392K, 86% used [0x0000000081c00000,0x00000000aa430770,0x00000000b0580000)
 Metaspace       used 101657K, capacity 115752K, committed 115840K, reserved 1146880K
  class space    used 15307K, capacity 18778K, committed 18816K, reserved 1048576K
Event: 1111.458 GC heap after
Heap after GC invocations=566 (full 11):
 PSYoungGen      total 677888K, used 7547K [0x00000000d5f00000, 0x0000000100000000, 0x0000000100000000)
  eden space 667648K, 0% used [0x00000000d5f00000,0x00000000d5f00000,0x00000000feb00000)
  from space 10240K, 73% used [0x00000000feb00000,0x00000000ff25ede8,0x00000000ff500000)
  to   space 10240K, 0% used [0x00000000ff600000,0x00000000ff600000,0x0000000100000000)
 ParOldGen       total 763392K, used 663977K [0x0000000081c00000, 0x00000000b0580000, 0x00000000d5f00000)
  object space 763392K, 86% used [0x0000000081c00000,0x00000000aa46a4a0,0x00000000b0580000)
 Metaspace       used 101657K, capacity 115752K, committed 115840K, reserved 1146880K
  class space    used 15307K, capacity 18778K, committed 18816K, reserved 1048576K
}
Event: 1112.752 GC heap before
{Heap before GC invocations=567 (full 11):
 PSYoungGen      total 677888K, used 675195K [0x00000000d5f00000, 0x0000000100000000, 0x0000000100000000)
  eden space 667648K, 100% used [0x00000000d5f00000,0x00000000feb00000,0x00000000feb00000)
  from space 10240K, 73% used [0x00000000feb00000,0x00000000ff25ede8,0x00000000ff500000)
  to   space 10240K, 0% used [0x00000000ff600000,0x00000000ff600000,0x0000000100000000)
 ParOldGen       total 763392K, used 663977K [0x0000000081c00000, 0x00000000b0580000, 0x00000000d5f00000)
  object space 763392K, 86% used [0x0000000081c00000,0x00000000aa46a4a0,0x00000000b0580000)
 Metaspace       used 101657K, capacity 115752K, committed 115840K, reserved 1146880K
  class space    used 15307K, capacity 18778K, committed 18816K, reserved 1048576K
Event: 1112.765 GC heap after
Heap after GC invocations=567 (full 11):
 PSYoungGen      total 678912K, used 6972K [0x00000000d5f00000, 0x0000000100000000, 0x0000000100000000)
  eden space 668672K, 0% used [0x00000000d5f00000,0x00000000d5f00000,0x00000000fec00000)
  from space 10240K, 68% used [0x00000000ff600000,0x00000000ffccf160,0x0000000100000000)
  to   space 10240K, 0% used [0x00000000fec00000,0x00000000fec00000,0x00000000ff600000)
 ParOldGen       total 763392K, used 664833K [0x0000000081c00000, 0x00000000b0580000, 0x00000000d5f00000)
  object space 763392K, 87% used [0x0000000081c00000,0x00000000aa540470,0x00000000b0580000)
 Metaspace       used 101657K, capacity 115752K, committed 115840K, reserved 1146880K
  class space    used 15307K, capacity 18778K, committed 18816K, reserved 1048576K
}

Deoptimization events (10 events):
Event: 1105.697 Thread 0x0000000002652800 Uncommon trap: reason=class_check action=maybe_recompile pc=0x0000000003239274 method=net.minecraft.util.math.RayTraceContext$FluidMode.test(Lnet/minecraft/fluid/FluidState;)Z @ 5
Event: 1105.697 Thread 0x0000000002652800 Uncommon trap: reason=class_check action=maybe_recompile pc=0x0000000003239274 method=net.minecraft.util.math.RayTraceContext$FluidMode.test(Lnet/minecraft/fluid/FluidState;)Z @ 5
Event: 1105.708 Thread 0x0000000002652800 Uncommon trap: reason=unstable_if action=reinterpret pc=0x0000000003d378a8 method=java.util.Formatter$FormatSpecifier.localizedMagnitude(Ljava/lang/StringBuilder;[CLjava/util/Formatter$Flags;ILjava/util/Locale;)Ljava/lang/StringBuilder; @ 284
Event: 1105.708 Thread 0x0000000002652800 Uncommon trap: reason=unstable_if action=reinterpret pc=0x0000000003944c58 method=java.util.Formatter$Flags.contains(Ljava/util/Formatter$Flags;)Z @ 13
Event: 1105.710 Thread 0x0000000002652800 Uncommon trap: reason=unstable_if action=reinterpret pc=0x00000000040e0c84 method=java.util.Formatter$FormatSpecifier.print(JLjava/util/Locale;)V @ 21
Event: 1105.727 Thread 0x0000000002652800 Uncommon trap: reason=unstable_if action=reinterpret pc=0x00000000033b1848 method=net.minecraft.util.text.Style.getUnderlined()Z @ 7
Event: 1105.734 Thread 0x0000000002652800 Uncommon trap: reason=unstable_if action=reinterpret pc=0x0000000004086814 method=net.minecraft.util.text.Style.getUnderlined()Z @ 7
Event: 1105.734 Thread 0x0000000002652800 Uncommon trap: reason=unstable_if action=reinterpret pc=0x0000000004736b18 method=net.minecraft.client.gui.FontRenderer$CharacterRenderer.func_238441_a_(IF)F @ 102
Event: 1105.737 Thread 0x0000000002652800 Uncommon trap: reason=unstable_if action=reinterpret pc=0x00000000046d1ab4 method=net.minecraft.client.gui.FontRenderer$CharacterRenderer.func_238441_a_(IF)F @ 102
Event: 1105.833 Thread 0x0000000002652800 Uncommon trap: reason=class_check action=maybe_recompile pc=0x0000000004efdae0 method=net.minecraft.util.math.RayTraceContext$FluidMode.test(Lnet/minecraft/fluid/FluidState;)Z @ 5

Internal exceptions (10 events):
Event: 1105.698 Thread 0x0000000002652800 Exception <a 'sun/nio/fs/WindowsException'> (0x00000000eff28388) thrown at [C:\re\workspace\8-2-build-windows-amd64-cygwin\jdk8u51\3951\hotspot\src\share\vm\prims\jni.cpp, line 709]
Event: 1105.698 Thread 0x0000000002652800 Exception <a 'sun/nio/fs/WindowsException'> (0x00000000eff28928) thrown at [C:\re\workspace\8-2-build-windows-amd64-cygwin\jdk8u51\3951\hotspot\src\share\vm\prims\jni.cpp, line 709]
Event: 1105.699 Thread 0x0000000002652800 Exception <a 'sun/nio/fs/WindowsException'> (0x00000000eff29620) thrown at [C:\re\workspace\8-2-build-windows-amd64-cygwin\jdk8u51\3951\hotspot\src\share\vm\prims\jni.cpp, line 709]
Event: 1105.699 Thread 0x0000000002652800 Exception <a 'sun/nio/fs/WindowsException'> (0x00000000eff29c90) thrown at [C:\re\workspace\8-2-build-windows-amd64-cygwin\jdk8u51\3951\hotspot\src\share\vm\prims\jni.cpp, line 709]
Event: 1105.728 Thread 0x0000000002652800 Exception <a 'sun/nio/fs/WindowsException'> (0x00000000f034fa18) thrown at [C:\re\workspace\8-2-build-windows-amd64-cygwin\jdk8u51\3951\hotspot\src\share\vm\prims\jni.cpp, line 709]
Event: 1105.728 Thread 0x0000000002652800 Exception <a 'sun/nio/fs/WindowsException'> (0x00000000f034ffa8) thrown at [C:\re\workspace\8-2-build-windows-amd64-cygwin\jdk8u51\3951\hotspot\src\share\vm\prims\jni.cpp, line 709]
Event: 1105.728 Thread 0x0000000002652800 Exception <a 'sun/nio/fs/WindowsException'> (0x00000000f0350d20) thrown at [C:\re\workspace\8-2-build-windows-amd64-cygwin\jdk8u51\3951\hotspot\src\share\vm\prims\jni.cpp, line 709]
Event: 1105.728 Thread 0x0000000002652800 Exception <a 'sun/nio/fs/WindowsException'> (0x00000000f03512c0) thrown at [C:\re\workspace\8-2-build-windows-amd64-cygwin\jdk8u51\3951\hotspot\src\share\vm\prims\jni.cpp, line 709]
Event: 1105.728 Thread 0x0000000002652800 Exception <a 'sun/nio/fs/WindowsException'> (0x00000000f0351fb8) thrown at [C:\re\workspace\8-2-build-windows-amd64-cygwin\jdk8u51\3951\hotspot\src\share\vm\prims\jni.cpp, line 709]
Event: 1105.728 Thread 0x0000000002652800 Exception <a 'sun/nio/fs/WindowsException'> (0x00000000f0352638) thrown at [C:\re\workspace\8-2-build-windows-amd64-cygwin\jdk8u51\3951\hotspot\src\share\vm\prims\jni.cpp, line 709]

Events (10 events):
Event: 1107.498 Executing VM operation: ParallelGCFailedAllocation
Event: 1107.510 Executing VM operation: ParallelGCFailedAllocation done
Event: 1108.855 Executing VM operation: ParallelGCFailedAllocation
Event: 1108.867 Executing VM operation: ParallelGCFailedAllocation done
Event: 1110.193 Executing VM operation: ParallelGCFailedAllocation
Event: 1110.206 Executing VM operation: ParallelGCFailedAllocation done
Event: 1111.446 Executing VM operation: ParallelGCFailedAllocation
Event: 1111.458 Executing VM operation: ParallelGCFailedAllocation done
Event: 1112.752 Executing VM operation: ParallelGCFailedAllocation
Event: 1112.765 Executing VM operation: ParallelGCFailedAllocation done


Dynamic libraries:
0x00007ff7ca400000 - 0x00007ff7ca437000 	C:\Program Files (x86)\Minecraft\runtime\jre-x64\bin\java.exe
0x00007ff8eb830000 - 0x00007ff8eba26000 	C:\WINDOWS\SYSTEM32\ntdll.dll
0x00007ff8ea5b0000 - 0x00007ff8ea66d000 	C:\WINDOWS\System32\KERNEL32.DLL
0x00007ff8e8f80000 - 0x00007ff8e9248000 	C:\WINDOWS\System32\KERNELBASE.dll
0x00007ff8e9e80000 - 0x00007ff8e9f2a000 	C:\WINDOWS\System32\ADVAPI32.dll
0x00007ff8eafa0000 - 0x00007ff8eb03e000 	C:\WINDOWS\System32\msvcrt.dll
0x00007ff8e98a0000 - 0x00007ff8e993b000 	C:\WINDOWS\System32\sechost.dll
0x00007ff8ea6f0000 - 0x00007ff8ea814000 	C:\WINDOWS\System32\RPCRT4.dll
0x00007ff8e9a20000 - 0x00007ff8e9bc0000 	C:\WINDOWS\System32\USER32.dll
0x00007ff8e97d0000 - 0x00007ff8e97f2000 	C:\WINDOWS\System32\win32u.dll
0x00007ff8eb7b0000 - 0x00007ff8eb7da000 	C:\WINDOWS\System32\GDI32.dll
0x00007ff8e9590000 - 0x00007ff8e9699000 	C:\WINDOWS\System32\gdi32full.dll
0x00007ff8e9800000 - 0x00007ff8e989d000 	C:\WINDOWS\System32\msvcp_win.dll
0x00007ff8e9460000 - 0x00007ff8e9560000 	C:\WINDOWS\System32\ucrtbase.dll
0x00007ff8d5a90000 - 0x00007ff8d5d2b000 	C:\WINDOWS\WinSxS\amd64_microsoft.windows.common-controls_6595b64144ccf1df_6.0.19041.488_none_ca04af081b815d21\COMCTL32.dll
0x00007ff8eb040000 - 0x00007ff8eb070000 	C:\WINDOWS\System32\IMM32.DLL
0x00000000758d0000 - 0x00000000759a2000 	C:\Program Files (x86)\Minecraft\runtime\jre-x64\bin\msvcr100.dll
0x0000000075040000 - 0x00000000758c3000 	C:\Program Files (x86)\Minecraft\runtime\jre-x64\bin\server\jvm.dll
0x00007ff8ea0c0000 - 0x00007ff8ea0c8000 	C:\WINDOWS\System32\PSAPI.DLL
0x00007ff8c4710000 - 0x00007ff8c4719000 	C:\WINDOWS\SYSTEM32\WSOCK32.dll
0x00007ff8e19d0000 - 0x00007ff8e19f7000 	C:\WINDOWS\SYSTEM32\WINMM.dll
0x00007ff8e9e10000 - 0x00007ff8e9e7b000 	C:\WINDOWS\System32\WS2_32.dll
0x00007ff8e18d0000 - 0x00007ff8e18da000 	C:\WINDOWS\SYSTEM32\VERSION.dll
0x0000000075030000 - 0x000000007503f000 	C:\Program Files (x86)\Minecraft\runtime\jre-x64\bin\verify.dll
0x0000000075000000 - 0x0000000075029000 	C:\Program Files (x86)\Minecraft\runtime\jre-x64\bin\java.dll
0x0000000074fd0000 - 0x0000000074ff3000 	C:\Program Files (x86)\Minecraft\runtime\jre-x64\bin\instrument.dll
0x0000000074fb0000 - 0x0000000074fc6000 	C:\Program Files (x86)\Minecraft\runtime\jre-x64\bin\zip.dll
0x00007ff8eb070000 - 0x00007ff8eb7b0000 	C:\WINDOWS\System32\SHELL32.dll
0x00007ff8e6ea0000 - 0x00007ff8e7634000 	C:\WINDOWS\SYSTEM32\windows.storage.dll
0x00007ff8ea0d0000 - 0x00007ff8ea425000 	C:\WINDOWS\System32\combase.dll
0x00007ff8e8850000 - 0x00007ff8e887c000 	C:\WINDOWS\SYSTEM32\Wldp.dll
0x00007ff8ea430000 - 0x00007ff8ea4de000 	C:\WINDOWS\System32\SHCORE.dll
0x00007ff8eaf40000 - 0x00007ff8eaf95000 	C:\WINDOWS\System32\shlwapi.dll
0x00007ff8e8eb0000 - 0x00007ff8e8ed6000 	C:\WINDOWS\SYSTEM32\profapi.dll
0x00007ff8e3a80000 - 0x00007ff8e3a9a000 	C:\Users\ervin_1nmnhvl\AppData\Local\JetBrains\Toolbox\apps\IDEA-U\ch-0\202.6397.94\bin\breakgen64.dll
0x0000000074f90000 - 0x0000000074faa000 	C:\Program Files (x86)\Minecraft\runtime\jre-x64\bin\net.dll
0x00007ff8e8640000 - 0x00007ff8e86aa000 	C:\WINDOWS\system32\mswsock.dll
0x0000000074f80000 - 0x0000000074f8d000 	C:\Program Files (x86)\Minecraft\runtime\jre-x64\bin\management.dll
0x00007ff8b7e60000 - 0x00007ff8b7e77000 	C:\WINDOWS\system32\napinsp.dll
0x00007ff8b7e80000 - 0x00007ff8b7e9b000 	C:\WINDOWS\system32\pnrpnsp.dll
0x00007ff8e3aa0000 - 0x00007ff8e3ab5000 	C:\WINDOWS\system32\wshbth.dll
0x00007ff8e47b0000 - 0x00007ff8e47cd000 	C:\WINDOWS\system32\NLAapi.dll
0x00007ff8e8350000 - 0x00007ff8e838b000 	C:\WINDOWS\SYSTEM32\IPHLPAPI.DLL
0x00007ff8e8390000 - 0x00007ff8e845b000 	C:\WINDOWS\SYSTEM32\DNSAPI.dll
0x00007ff8ea8b0000 - 0x00007ff8ea8b9000 	C:\WINDOWS\System32\NSI.dll
0x00007ff8ba580000 - 0x00007ff8ba592000 	C:\WINDOWS\System32\winrnr.dll
0x00007ff8da350000 - 0x00007ff8da35a000 	C:\Windows\System32\rasadhlp.dll
0x00007ff8dccf0000 - 0x00007ff8dcd6f000 	C:\WINDOWS\System32\fwpuclnt.dll
0x00007ff8e9560000 - 0x00007ff8e9587000 	C:\WINDOWS\System32\bcrypt.dll
0x0000000074f60000 - 0x0000000074f71000 	C:\Program Files (x86)\Minecraft\runtime\jre-x64\bin\nio.dll
0x0000000074f30000 - 0x0000000074f54000 	C:\Program Files (x86)\Minecraft\runtime\jre-x64\bin\sunec.dll
0x00007ff8e8c00000 - 0x00007ff8e8c18000 	C:\WINDOWS\SYSTEM32\CRYPTSP.dll
0x00007ff8e7ef0000 - 0x00007ff8e7f24000 	C:\WINDOWS\system32\rsaenh.dll
0x00007ff8e8e70000 - 0x00007ff8e8e9e000 	C:\WINDOWS\SYSTEM32\USERENV.dll
0x00007ff8e9750000 - 0x00007ff8e97cf000 	C:\WINDOWS\System32\bcryptprimitives.dll
0x00007ff8e87c0000 - 0x00007ff8e87cc000 	C:\WINDOWS\SYSTEM32\CRYPTBASE.dll
0x00007ff8e1970000 - 0x00007ff8e1987000 	C:\WINDOWS\SYSTEM32\dhcpcsvc6.DLL
0x00007ff8e1950000 - 0x00007ff8e196d000 	C:\WINDOWS\SYSTEM32\dhcpcsvc.DLL
0x00007ff8ceeb0000 - 0x00007ff8cef22000 	C:\Users\ervin_1nmnhvl\AppData\Local\Temp\lwjglervin_1nmnhvl\3.2.2-build-10\lwjgl.dll
0x00007ff8ad610000 - 0x00007ff8ad861000 	C:\Users\ERVIN_~1\AppData\Local\Temp\lwjglervin_1nmnhvl\3.2.2-build-10\jemalloc.dll
0x00007ff8cdc30000 - 0x00007ff8cdc8e000 	C:\Users\ERVIN_~1\AppData\Local\Temp\lwjglervin_1nmnhvl\3.2.2-build-10\glfw.dll
0x00007ff8e6800000 - 0x00007ff8e689f000 	C:\WINDOWS\system32\uxtheme.dll
0x00007ff8d1ee0000 - 0x00007ff8d1f25000 	C:\WINDOWS\SYSTEM32\dinput8.dll
0x00007ff8e1990000 - 0x00007ff8e19a1000 	C:\WINDOWS\SYSTEM32\xinput1_4.dll
0x00007ff8e96a0000 - 0x00007ff8e96ee000 	C:\WINDOWS\System32\cfgmgr32.dll
0x00007ff8e8ce0000 - 0x00007ff8e8d0c000 	C:\WINDOWS\SYSTEM32\DEVOBJ.dll
0x00007ff8e6bb0000 - 0x00007ff8e6bdf000 	C:\WINDOWS\SYSTEM32\dwmapi.dll
0x00007ff8d8560000 - 0x00007ff8d86b2000 	C:\WINDOWS\SYSTEM32\inputhost.dll
0x00007ff8ea4e0000 - 0x00007ff8ea5ad000 	C:\WINDOWS\System32\OLEAUT32.dll
0x00007ff8e6320000 - 0x00007ff8e6412000 	C:\WINDOWS\SYSTEM32\CoreMessaging.dll
0x00007ff8e58f0000 - 0x00007ff8e5a46000 	C:\WINDOWS\SYSTEM32\wintypes.dll
0x00007ff8e4690000 - 0x00007ff8e4787000 	C:\WINDOWS\SYSTEM32\PROPSYS.dll
0x00007ff8e5fc0000 - 0x00007ff8e631e000 	C:\WINDOWS\SYSTEM32\CoreUIComponents.dll
0x00007ff8e7b80000 - 0x00007ff8e7bb3000 	C:\WINDOWS\SYSTEM32\ntmarta.dll
0x00007ff8e7720000 - 0x00007ff8e7732000 	C:\WINDOWS\SYSTEM32\kernel.appcore.dll
0x00007ff8e9bc0000 - 0x00007ff8e9cd5000 	C:\WINDOWS\System32\MSCTF.dll
0x00007ff8e7640000 - 0x00007ff8e764d000 	C:\WINDOWS\SYSTEM32\HID.DLL
0x00007ff8eaa70000 - 0x00007ff8eaed7000 	C:\WINDOWS\System32\SETUPAPI.DLL
0x00007ff8e96f0000 - 0x00007ff8e9750000 	C:\WINDOWS\System32\WINTRUST.dll
0x00007ff8e9250000 - 0x00007ff8e93ad000 	C:\WINDOWS\System32\CRYPT32.dll
0x00007ff8e8c50000 - 0x00007ff8e8c62000 	C:\WINDOWS\SYSTEM32\MSASN1.dll
0x00007ff8bd2a0000 - 0x00007ff8bd3c5000 	C:\WINDOWS\SYSTEM32\opengl32.dll
0x00007ff8d6340000 - 0x00007ff8d636c000 	C:\WINDOWS\SYSTEM32\GLU32.dll
0x00007ff8ea010000 - 0x00007ff8ea0b9000 	C:\WINDOWS\System32\clbcatq.dll
0x00007ff8a0c80000 - 0x00007ff8a1904000 	C:\WINDOWS\SYSTEM32\ig4icd64.dll
0x00007ff8e7790000 - 0x00007ff8e7883000 	C:\WINDOWS\SYSTEM32\dxgi.dll
0x00007ff8e4b30000 - 0x00007ff8e4d94000 	C:\WINDOWS\SYSTEM32\d3d11.dll
0x00007ff8de350000 - 0x00007ff8defa0000 	C:\WINDOWS\SYSTEM32\igd10umd64.dll
0x00007ff8df1f0000 - 0x00007ff8df22b000 	C:\WINDOWS\SYSTEM32\dxcore.dll
0x00007ff8c3f30000 - 0x00007ff8c3faf000 	C:\Users\ervin_1nmnhvl\AppData\Local\Temp\lwjglervin_1nmnhvl\3.2.2-build-10\lwjgl_stb.dll
0x00007ff8e34d0000 - 0x00007ff8e357e000 	C:\WINDOWS\SYSTEM32\mscms.dll
0x00007ff8e33e0000 - 0x00007ff8e33f1000 	C:\WINDOWS\SYSTEM32\ColorAdapterClient.dll
0x00007ff8c9120000 - 0x00007ff8c9163000 	C:\WINDOWS\SYSTEM32\icm32.dll
0x00007ff8d86c0000 - 0x00007ff8d87bc000 	C:\WINDOWS\SYSTEM32\textinputframework.dll
0x00007ff8b8ba0000 - 0x00007ff8b8bf8000 	C:\Users\ervin_1nmnhvl\AppData\Local\Temp\lwjglervin_1nmnhvl\3.2.2-build-10\lwjgl_opengl.dll
0x00007ff8c3dc0000 - 0x00007ff8c3e02000 	C:\Users\ervin_1nmnhvl\AppData\Local\Temp\jna-2118671535\jna2771279377380498263.dll
0x00007ff8e1800000 - 0x00007ff8e181a000 	C:\save\modding\ervin_mod_1\build\natives\SAPIWrapper_x64.dll
0x00007ff8e9ce0000 - 0x00007ff8e9e0a000 	C:\WINDOWS\System32\ole32.dll
0x00007ff8ae0c0000 - 0x00007ff8ae244000 	C:\WINDOWS\System32\Speech\Common\sapi.dll
0x00007ff8dae60000 - 0x00007ff8dae6b000 	C:\WINDOWS\SYSTEM32\msdmo.dll
0x00007ff89f370000 - 0x00007ff89f38e000 	C:\WINDOWS\SYSTEM32\MSACM32.dll
0x00007ff8b25a0000 - 0x00007ff8b25c6000 	C:\WINDOWS\SYSTEM32\winmmbase.dll
0x00007ff8d99c0000 - 0x00007ff8d9a45000 	C:\WINDOWS\System32\MMDevApi.dll
0x00007ff8b66e0000 - 0x00007ff8b67f4000 	C:\Users\ERVIN_~1\AppData\Local\Temp\lwjglervin_1nmnhvl\3.2.2-build-10\OpenAL.dll
0x00007ff8cf010000 - 0x00007ff8cf191000 	C:\WINDOWS\SYSTEM32\AUDIOSES.DLL
0x00007ff8e8d30000 - 0x00007ff8e8d7b000 	C:\WINDOWS\SYSTEM32\powrprof.dll
0x00007ff8e8d10000 - 0x00007ff8e8d22000 	C:\WINDOWS\SYSTEM32\UMPDC.dll
0x00007ff8e68e0000 - 0x00007ff8e68f4000 	C:\WINDOWS\SYSTEM32\resourcepolicyclient.dll
0x0000000074d90000 - 0x0000000074f28000 	C:\Program Files (x86)\Minecraft\runtime\jre-x64\bin\awt.dll
0x00007ff8e6630000 - 0x00007ff8e66c0000 	C:\WINDOWS\SYSTEM32\apphelp.dll
0x00007ff8dfae0000 - 0x00007ff8dfcc4000 	C:\WINDOWS\SYSTEM32\dbghelp.dll

VM Arguments:
jvm_args: -Dforge.logging.console.level=debug -Dforge.logging.markers=SCAN,REGISTRIES,REGISTRYDUMP -XX:HeapDumpPath=MojangTricksIntelDriversForPerformance_javaw.exe_minecraft.exe.heapdump -Dos.name=Windows 10 -Dos.version=10.0 -javaagent:C:\Users\ervin_1nmnhvl\AppData\Local\JetBrains\Toolbox\apps\IDEA-U\ch-0\202.6397.94\lib\idea_rt.jar=56230:C:\Users\ervin_1nmnhvl\AppData\Local\JetBrains\Toolbox\apps\IDEA-U\ch-0\202.6397.94\bin -Dfile.encoding=UTF-8 
java_command: net.minecraftforge.userdev.LaunchTesting
java_class_path (initial): C:\Program Files (x86)\Minecraft\runtime\jre-x64\lib\charsets.jar;C:\Program Files (x86)\Minecraft\runtime\jre-x64\lib\deploy.jar;C:\Program Files (x86)\Minecraft\runtime\jre-x64\lib\ext\access-bridge-64.jar;C:\Program Files (x86)\Minecraft\runtime\jre-x64\lib\ext\cldrdata.jar;C:\Program Files (x86)\Minecraft\runtime\jre-x64\lib\ext\dnsns.jar;C:\Program Files (x86)\Minecraft\runtime\jre-x64\lib\ext\jaccess.jar;C:\Program Files (x86)\Minecraft\runtime\jre-x64\lib\ext\jfxrt.jar;C:\Program Files (x86)\Minecraft\runtime\jre-x64\lib\ext\localedata.jar;C:\Program Files (x86)\Minecraft\runtime\jre-x64\lib\ext\nashorn.jar;C:\Program Files (x86)\Minecraft\runtime\jre-x64\lib\ext\sunec.jar;C:\Program Files (x86)\Minecraft\runtime\jre-x64\lib\ext\sunjce_provider.jar;C:\Program Files (x86)\Minecraft\runtime\jre-x64\lib\ext\sunmscapi.jar;C:\Program Files (x86)\Minecraft\runtime\jre-x64\lib\ext\sunpkcs11.jar;C:\Program Files (x86)\Minecraft\runtime\jre-x64\lib\ext\zipfs.jar;C:\Program Files (x86)\Minecraft\runtime\jre-x64\lib\javaws.jar;C:\Program Files (x86)\Minecraft\runtime\jre-x64\lib\jce.jar;C:\Program Files (x86)\Minecraft\runtime\jre-x64\lib\jfr.jar;C:\Program Files (x86)\Minecraft\runtime\jre-x64\lib\jfxswt.jar;C:\Program Files (x86)\Minecraft\runtime\jre-x64\lib\jsse.jar;C:\Program Files (x86)\Minecraft\runtime\jre-x64\lib\management-agent.jar;C:\Program Files (x86)\Minecraft\runtime\jre-x64\lib\plugin.jar;C:\Program Files (x86)\Minecraft\runtime\jre-x64\lib\resources.jar;C:\Program Files (x86)\Minecraft\runtime\jre-x64\lib\rt.jar;C:\save\modding\ervin_mod_1\build\classes\java\main;C:\save\modding\ervin_mod_1\build\resources\main;C:\Users\ervin_1nmnhvl\.gradle\caches\forge_gradle\minecraft_user_repo\net\minecraftforge\forge\1.16.1-32.0.75_mapped_snapshot_20200723-1.16.1\forge-1.16.1-32.0.75_mapped_snapshot_20200723-1.16.1-recomp.jar;C:\Users\ervin_1nmnhvl\.gradle\caches\forge_gradle\minecraft_user_repo\net\minecraftforge\forge\1.16.1-32.0.75_
Launcher Type: SUN_STANDARD

Environment Variables:
JAVA_HOME=C:\Program Files\Java\jdk-11.0.4
PATH=C:\Program Files\Docker\Docker\Resources\bin;C:\ProgramData\Oracle\Java\javapath;C:\WINDOWS\system32;C:\WINDOWS;C:\WINDOWS\System32\Wbem;C:\WINDOWS\System32\WindowsPowerShell\v1.0\;C:\Program Files (x86)\cloudControl;C:\Program Files\Git\cmd;C:\bin;C:\Program Files (x86)\Windows Kits\8.1\Windows Performance Toolkit\;C:\Program Files (x86)\PuTTY\;C:\Program Files (x86)\Nodist\bin;G:\save\sdk\android\tools;G:\save\sdk\android\platform-tools;C:\boxfuse;C:\Program Files (x86)\Skype\Phone\;C:\Program Files (x86)\GtkSharp\2.12\bin;C:\Program Files (x86)\IVI Foundation\VISA\WinNT\Bin;C:\WINDOWS\system32;C:\WINDOWS;C:\WINDOWS\System32\Wbem;C:\WINDOWS\System32\WindowsPowerShell\v1.0\;;C:\WINDOWS\System32\OpenSSH\;C:\Users\ervin_1nmnhvl\AppData\Local\Microsoft\WindowsApps;
USERNAME=ervin_1nmnhvl
OS=Windows_NT
PROCESSOR_IDENTIFIER=Intel64 Family 6 Model 42 Stepping 7, GenuineIntel



---------------  S Y S T E M  ---------------

OS: Windows 10.0 , 64 bit Build 19041 (10.0.19041.546)

CPU:total 4 (2 cores per cpu, 2 threads per core) family 6 model 42 stepping 7, cmov, cx8, fxsr, mmx, sse, sse2, sse3, ssse3, sse4.1, sse4.2, popcnt, avx, aes, clmul, ht, tsc, tscinvbit

Memory: 4k page, physical 8266764k(292940k free), swap 10363916k(2372k free)

vm_info: Java HotSpot(TM) 64-Bit Server VM (25.51-b03) for windows-amd64 JRE (1.8.0_51-b16), built on Jun  8 2015 18:03:07 by "java_re" with MS VC++ 10.0 (VS2010)

time: Sat Oct 17 14:38:50 2020
elapsed time: 1113 seconds (0d 0h 18m 33s)

