#
# There is insufficient memory for the Java Runtime Environment to continue.
# Native memory allocation (malloc) failed to allocate 1606896 bytes for Chunk::new
# Possible reasons:
#   The system is out of physical RAM or swap space
#   In 32 bit mode, the process size limit was hit
# Possible solutions:
#   Reduce memory load on the system
#   Increase physical memory or swap space
#   Check if swap backing store is full
#   Use 64 bit Java on a 64 bit OS
#   Decrease Java heap size (-Xmx/-Xms)
#   Decrease number of Java threads
#   Decrease Java thread stack sizes (-Xss)
#   Set larger code cache with -XX:ReservedCodeCacheSize=
# This output file may be truncated or incomplete.
#
#  Out of Memory Error (allocation.cpp:390), pid=14852, tid=4572
#
# JRE version: Java(TM) SE Runtime Environment (8.0_51-b16) (build 1.8.0_51-b16)
# Java VM: Java HotSpot(TM) 64-Bit Server VM (25.51-b03 mixed mode windows-amd64 compressed oops)
# Failed to write core dump. Minidumps are not enabled by default on client versions of Windows
#

---------------  T H R E A D  ---------------

Current thread (0x00000000193ee800):  JavaThread "C2 CompilerThread0" daemon [_thread_in_native, id=4572, stack(0x0000000019530000,0x0000000019630000)]

Stack: [0x0000000019530000,0x0000000019630000]
Native frames: (J=compiled Java code, j=interpreted, Vv=VM code, C=native code)
V  [jvm.dll+0x32b4ca]


Current CompileTask:
C2: 882397 27201       4       net.minecraft.client.renderer.entity.model.AgeableModel::render (214 bytes)


---------------  P R O C E S S  ---------------

Java Threads: ( => current thread )
  0x000000002823a000 JavaThread "Server-Worker-87" daemon [_thread_blocked, id=8140, stack(0x0000000041e80000,0x0000000041f80000)]
  0x0000000028236800 JavaThread "Server-Worker-86" daemon [_thread_blocked, id=11648, stack(0x0000000031230000,0x0000000031330000)]
  0x0000000028238000 JavaThread "Server-Worker-85" daemon [_thread_blocked, id=11224, stack(0x0000000028cc0000,0x0000000028dc0000)]
  0x0000000028239800 JavaThread "Resource IO {0}" daemon [_thread_blocked, id=1296, stack(0x0000000043e20000,0x0000000043f20000)]
  0x000000001cbf2000 JavaThread "Sound engine" daemon [_thread_blocked, id=6736, stack(0x0000000024290000,0x0000000024390000)]
  0x000000001cbf2800 JavaThread "Netty Server IO #1" daemon [_thread_in_native, id=12440, stack(0x0000000042db0000,0x0000000042eb0000)]
  0x000000001cbe9800 JavaThread "Netty Local Client IO #0" daemon [_thread_blocked, id=2688, stack(0x0000000042610000,0x0000000042710000)]
  0x000000001cbed800 JavaThread "Netty Server IO #0" daemon [_thread_in_native, id=15136, stack(0x0000000036600000,0x0000000036700000)]
  0x000000001cbeb000 JavaThread "ObjectCleanerThread" daemon [_thread_blocked, id=13184, stack(0x0000000027880000,0x0000000027980000)]
  0x000000001cbec000 JavaThread "Java2D Disposer" daemon [_thread_blocked, id=12824, stack(0x00000000431b0000,0x00000000432b0000)]
  0x000000001ae58000 JavaThread "poi IO worker" [_thread_blocked, id=12128, stack(0x0000000027780000,0x0000000027880000)]
  0x000000001ae59800 JavaThread "chunk IO worker" [_thread_blocked, id=6260, stack(0x0000000040de0000,0x0000000040ee0000)]
  0x000000001cb99000 JavaThread "Thread-11" daemon [_thread_in_native, id=14744, stack(0x0000000031730000,0x0000000031830000)]
  0x000000001cb98000 JavaThread "Server thread" [_thread_in_Java, id=5200, stack(0x000000002dda0000,0x000000002dea0000)]
  0x000000001cb95800 JavaThread "Snooper Timer" daemon [_thread_blocked, id=13744, stack(0x0000000027b90000,0x0000000027c90000)]
  0x000000001ae5d800 JavaThread "Narrator" [_thread_blocked, id=12820, stack(0x0000000029ff0000,0x000000002a0f0000)]
  0x00000000253ce000 JavaThread "Timer hack thread" daemon [_thread_blocked, id=12160, stack(0x00000000269f0000,0x0000000026af0000)]
  0x000000001cc07800 JavaThread "Snooper Timer" daemon [_thread_blocked, id=4388, stack(0x000000001b200000,0x000000001b300000)]
  0x000000001ad9c800 JavaThread "pool-2-thread-1" daemon [_thread_blocked, id=10140, stack(0x00000000209f0000,0x0000000020af0000)]
  0x000000001b08e800 JavaThread "Thread-2" daemon [_thread_in_native, id=9484, stack(0x000000001bf40000,0x000000001c040000)]
  0x000000001b092000 JavaThread "Thread-1" daemon [_thread_blocked, id=4616, stack(0x000000001be40000,0x000000001bf40000)]
  0x000000001942d800 JavaThread "Service Thread" daemon [_thread_blocked, id=7756, stack(0x000000001a030000,0x000000001a130000)]
  0x00000000193f0800 JavaThread "C1 CompilerThread2" daemon [_thread_blocked, id=9624, stack(0x0000000019730000,0x0000000019830000)]
  0x00000000193ef800 JavaThread "C2 CompilerThread1" daemon [_thread_blocked, id=12164, stack(0x0000000019630000,0x0000000019730000)]
=>0x00000000193ee800 JavaThread "C2 CompilerThread0" daemon [_thread_in_native, id=4572, stack(0x0000000019530000,0x0000000019630000)]
  0x00000000193cf000 JavaThread "Monitor Ctrl-Break" daemon [_thread_in_native, id=13064, stack(0x0000000019430000,0x0000000019530000)]
  0x0000000017ae6800 JavaThread "Attach Listener" daemon [_thread_blocked, id=11588, stack(0x0000000018f30000,0x0000000019030000)]
  0x0000000017ae5800 JavaThread "Signal Dispatcher" daemon [_thread_blocked, id=12512, stack(0x0000000018e30000,0x0000000018f30000)]
  0x0000000017aaa000 JavaThread "Finalizer" daemon [_thread_blocked, id=196, stack(0x0000000018d30000,0x0000000018e30000)]
  0x0000000002ea6000 JavaThread "Reference Handler" daemon [_thread_blocked, id=13860, stack(0x0000000018c30000,0x0000000018d30000)]
  0x0000000002db2800 JavaThread "Render thread" [_thread_in_native, id=5552, stack(0x0000000002cb0000,0x0000000002db0000)]

Other Threads:
  0x0000000017aa9000 VMThread [stack: 0x0000000018b30000,0x0000000018c30000] [id=4000]
  0x000000001942e000 WatcherThread [stack: 0x000000001a130000,0x000000001a230000] [id=8196]

VM state:not at safepoint (normal execution)

VM Mutex/Monitor currently owned by a thread: None

Heap:
 PSYoungGen      total 670208K, used 464002K [0x00000000d5f00000, 0x0000000100000000, 0x0000000100000000)
  eden space 651264K, 70% used [0x00000000d5f00000,0x00000000f1d0e558,0x00000000fdb00000)
  from space 18944K, 38% used [0x00000000fdb00000,0x00000000fe2122b8,0x00000000fed80000)
  to   space 18944K, 0% used [0x00000000fed80000,0x00000000fed80000,0x0000000100000000)
 ParOldGen       total 563712K, used 489363K [0x0000000081c00000, 0x00000000a4280000, 0x00000000d5f00000)
  object space 563712K, 86% used [0x0000000081c00000,0x000000009f9e4ff8,0x00000000a4280000)
 Metaspace       used 94956K, capacity 106526K, committed 106752K, reserved 1138688K
  class space    used 13939K, capacity 16793K, committed 16896K, reserved 1048576K

Card table byte_map: [0x0000000012370000,0x0000000012770000] byte_map_base: 0x0000000011f62000

Marking Bits: (ParMarkBitMap*) 0x0000000069584040
 Begin Bits: [0x0000000012e20000, 0x0000000014db0000)
 End Bits:   [0x0000000014db0000, 0x0000000016d40000)

Polling page: 0x0000000001170000

CodeCache: size=245760Kb used=62348Kb max_used=62764Kb free=183411Kb
 bounds [0x0000000002fb0000, 0x0000000006e00000, 0x0000000011fb0000]
 total_blobs=19028 nmethods=17341 adapters=1594
 compilation: enabled

Compilation events (10 events):
Event: 882.243 Thread 0x00000000193f0800 nmethod 27198 0x000000000529f8d0 code [0x000000000529fa40, 0x000000000529fbc8]
Event: 882.289 Thread 0x00000000193f0800 27199       3       net.minecraft.client.renderer.entity.model.AgeableModel$$Lambda$5381/705290452::get$Lambda (20 bytes)
Event: 882.289 Thread 0x00000000193f0800 nmethod 27199 0x00000000068c7390 code [0x00000000068c7500, 0x00000000068c76e8]
Event: 882.289 Thread 0x00000000193f0800 27200       3       net.minecraft.client.renderer.entity.model.AgeableModel$$Lambda$5382/503420551::get$Lambda (20 bytes)
Event: 882.290 Thread 0x00000000193f0800 nmethod 27200 0x0000000006b53190 code [0x0000000006b53300, 0x0000000006b534e8]
Event: 882.293 Thread 0x00000000193ee800 27201       4       net.minecraft.client.renderer.entity.model.AgeableModel::render (214 bytes)
Event: 882.347 Thread 0x00000000193f0800 27202       3       net.minecraft.client.renderer.entity.model.AgeableModel$$Lambda$5379/1266282188::get$Lambda (20 bytes)
Event: 882.348 Thread 0x00000000193f0800 nmethod 27202 0x0000000004bd3ad0 code [0x0000000004bd3c40, 0x0000000004bd3e28]
Event: 882.351 Thread 0x00000000193f0800 27203       3       net.minecraft.client.renderer.entity.model.AgeableModel$$Lambda$5378/257876184::get$Lambda (20 bytes)
Event: 882.352 Thread 0x00000000193f0800 nmethod 27203 0x00000000064582d0 code [0x0000000006458440, 0x0000000006458628]

GC Heap History (10 events):
Event: 864.004 GC heap before
{Heap before GC invocations=298 (full 9):
 PSYoungGen      total 667648K, used 660918K [0x00000000d5f00000, 0x0000000100000000, 0x0000000100000000)
  eden space 647680K, 100% used [0x00000000d5f00000,0x00000000fd780000,0x00000000fd780000)
  from space 19968K, 66% used [0x00000000fea80000,0x00000000ff76da50,0x00000000ffe00000)
  to   space 19456K, 0% used [0x00000000fd780000,0x00000000fd780000,0x00000000fea80000)
 ParOldGen       total 563712K, used 482945K [0x0000000081c00000, 0x00000000a4280000, 0x00000000d5f00000)
  object space 563712K, 85% used [0x0000000081c00000,0x000000009f3a06e8,0x00000000a4280000)
 Metaspace       used 94953K, capacity 106526K, committed 106752K, reserved 1138688K
  class space    used 13939K, capacity 16793K, committed 16896K, reserved 1048576K
Event: 864.015 GC heap after
Heap after GC invocations=298 (full 9):
 PSYoungGen      total 667136K, used 11160K [0x00000000d5f00000, 0x00000000fff80000, 0x0000000100000000)
  eden space 647680K, 0% used [0x00000000d5f00000,0x00000000d5f00000,0x00000000fd780000)
  from space 19456K, 57% used [0x00000000fd780000,0x00000000fe266118,0x00000000fea80000)
  to   space 19456K, 0% used [0x00000000fec80000,0x00000000fec80000,0x00000000fff80000)
 ParOldGen       total 563712K, used 486014K [0x0000000081c00000, 0x00000000a4280000, 0x00000000d5f00000)
  object space 563712K, 86% used [0x0000000081c00000,0x000000009f69fb38,0x00000000a4280000)
 Metaspace       used 94953K, capacity 106526K, committed 106752K, reserved 1138688K
  class space    used 13939K, capacity 16793K, committed 16896K, reserved 1048576K
}
Event: 868.077 GC heap before
{Heap before GC invocations=299 (full 9):
 PSYoungGen      total 667136K, used 658840K [0x00000000d5f00000, 0x00000000fff80000, 0x0000000100000000)
  eden space 647680K, 100% used [0x00000000d5f00000,0x00000000fd780000,0x00000000fd780000)
  from space 19456K, 57% used [0x00000000fd780000,0x00000000fe266118,0x00000000fea80000)
  to   space 19456K, 0% used [0x00000000fec80000,0x00000000fec80000,0x00000000fff80000)
 ParOldGen       total 563712K, used 486014K [0x0000000081c00000, 0x00000000a4280000, 0x00000000d5f00000)
  object space 563712K, 86% used [0x0000000081c00000,0x000000009f69fb38,0x00000000a4280000)
 Metaspace       used 94954K, capacity 106526K, committed 106752K, reserved 1138688K
  class space    used 13939K, capacity 16793K, committed 16896K, reserved 1048576K
Event: 868.089 GC heap after
Heap after GC invocations=299 (full 9):
 PSYoungGen      total 669184K, used 10132K [0x00000000d5f00000, 0x00000000fff00000, 0x0000000100000000)
  eden space 650240K, 0% used [0x00000000d5f00000,0x00000000d5f00000,0x00000000fda00000)
  from space 18944K, 53% used [0x00000000fec80000,0x00000000ff665170,0x00000000fff00000)
  to   space 18944K, 0% used [0x00000000fda00000,0x00000000fda00000,0x00000000fec80000)
 ParOldGen       total 563712K, used 486818K [0x0000000081c00000, 0x00000000a4280000, 0x00000000d5f00000)
  object space 563712K, 86% used [0x0000000081c00000,0x000000009f768ab8,0x00000000a4280000)
 Metaspace       used 94954K, capacity 106526K, committed 106752K, reserved 1138688K
  class space    used 13939K, capacity 16793K, committed 16896K, reserved 1048576K
}
Event: 871.911 GC heap before
{Heap before GC invocations=300 (full 9):
 PSYoungGen      total 669184K, used 660372K [0x00000000d5f00000, 0x00000000fff00000, 0x0000000100000000)
  eden space 650240K, 100% used [0x00000000d5f00000,0x00000000fda00000,0x00000000fda00000)
  from space 18944K, 53% used [0x00000000fec80000,0x00000000ff665170,0x00000000fff00000)
  to   space 18944K, 0% used [0x00000000fda00000,0x00000000fda00000,0x00000000fec80000)
 ParOldGen       total 563712K, used 486818K [0x0000000081c00000, 0x00000000a4280000, 0x00000000d5f00000)
  object space 563712K, 86% used [0x0000000081c00000,0x000000009f768ab8,0x00000000a4280000)
 Metaspace       used 94954K, capacity 106526K, committed 106752K, reserved 1138688K
  class space    used 13939K, capacity 16793K, committed 16896K, reserved 1048576K
Event: 871.922 GC heap after
Heap after GC invocations=300 (full 9):
 PSYoungGen      total 669184K, used 9321K [0x00000000d5f00000, 0x0000000100000000, 0x0000000100000000)
  eden space 650240K, 0% used [0x00000000d5f00000,0x00000000d5f00000,0x00000000fda00000)
  from space 18944K, 49% used [0x00000000fda00000,0x00000000fe31a4d8,0x00000000fec80000)
  to   space 18944K, 0% used [0x00000000fed80000,0x00000000fed80000,0x0000000100000000)
 ParOldGen       total 563712K, used 487621K [0x0000000081c00000, 0x00000000a4280000, 0x00000000d5f00000)
  object space 563712K, 86% used [0x0000000081c00000,0x000000009f8316f8,0x00000000a4280000)
 Metaspace       used 94954K, capacity 106526K, committed 106752K, reserved 1138688K
  class space    used 13939K, capacity 16793K, committed 16896K, reserved 1048576K
}
Event: 875.906 GC heap before
{Heap before GC invocations=301 (full 9):
 PSYoungGen      total 669184K, used 659561K [0x00000000d5f00000, 0x0000000100000000, 0x0000000100000000)
  eden space 650240K, 100% used [0x00000000d5f00000,0x00000000fda00000,0x00000000fda00000)
  from space 18944K, 49% used [0x00000000fda00000,0x00000000fe31a4d8,0x00000000fec80000)
  to   space 18944K, 0% used [0x00000000fed80000,0x00000000fed80000,0x0000000100000000)
 ParOldGen       total 563712K, used 487621K [0x0000000081c00000, 0x00000000a4280000, 0x00000000d5f00000)
  object space 563712K, 86% used [0x0000000081c00000,0x000000009f8316f8,0x00000000a4280000)
 Metaspace       used 94954K, capacity 106526K, committed 106752K, reserved 1138688K
  class space    used 13939K, capacity 16793K, committed 16896K, reserved 1048576K
Event: 875.917 GC heap after
Heap after GC invocations=301 (full 9):
 PSYoungGen      total 670208K, used 7807K [0x00000000d5f00000, 0x0000000100000000, 0x0000000100000000)
  eden space 651264K, 0% used [0x00000000d5f00000,0x00000000d5f00000,0x00000000fdb00000)
  from space 18944K, 41% used [0x00000000fed80000,0x00000000ff51ff30,0x0000000100000000)
  to   space 18944K, 0% used [0x00000000fdb00000,0x00000000fdb00000,0x00000000fed80000)
 ParOldGen       total 563712K, used 488733K [0x0000000081c00000, 0x00000000a4280000, 0x00000000d5f00000)
  object space 563712K, 86% used [0x0000000081c00000,0x000000009f947508,0x00000000a4280000)
 Metaspace       used 94954K, capacity 106526K, committed 106752K, reserved 1138688K
  class space    used 13939K, capacity 16793K, committed 16896K, reserved 1048576K
}
Event: 879.986 GC heap before
{Heap before GC invocations=302 (full 9):
 PSYoungGen      total 670208K, used 659071K [0x00000000d5f00000, 0x0000000100000000, 0x0000000100000000)
  eden space 651264K, 100% used [0x00000000d5f00000,0x00000000fdb00000,0x00000000fdb00000)
  from space 18944K, 41% used [0x00000000fed80000,0x00000000ff51ff30,0x0000000100000000)
  to   space 18944K, 0% used [0x00000000fdb00000,0x00000000fdb00000,0x00000000fed80000)
 ParOldGen       total 563712K, used 488740K [0x0000000081c00000, 0x00000000a4280000, 0x00000000d5f00000)
  object space 563712K, 86% used [0x0000000081c00000,0x000000009f949398,0x00000000a4280000)
 Metaspace       used 94954K, capacity 106526K, committed 106752K, reserved 1138688K
  class space    used 13939K, capacity 16793K, committed 16896K, reserved 1048576K
Event: 879.996 GC heap after
Heap after GC invocations=302 (full 9):
 PSYoungGen      total 670208K, used 7240K [0x00000000d5f00000, 0x0000000100000000, 0x0000000100000000)
  eden space 651264K, 0% used [0x00000000d5f00000,0x00000000d5f00000,0x00000000fdb00000)
  from space 18944K, 38% used [0x00000000fdb00000,0x00000000fe2122b8,0x00000000fed80000)
  to   space 18944K, 0% used [0x00000000fed80000,0x00000000fed80000,0x0000000100000000)
 ParOldGen       total 563712K, used 489363K [0x0000000081c00000, 0x00000000a4280000, 0x00000000d5f00000)
  object space 563712K, 86% used [0x0000000081c00000,0x000000009f9e4ff8,0x00000000a4280000)
 Metaspace       used 94954K, capacity 106526K, committed 106752K, reserved 1138688K
  class space    used 13939K, capacity 16793K, committed 16896K, reserved 1048576K
}

Deoptimization events (10 events):
Event: 806.801 Thread 0x000000001cb98000 Uncommon trap: reason=unstable_if action=reinterpret pc=0x00000000041124ac method=net.minecraft.pathfinding.GroundPathNavigator.getPathToPos(Lnet/minecraft/util/math/BlockPos;I)Lnet/minecraft/pathfinding/Path; @ 11
Event: 807.373 Thread 0x0000000002db2800 Uncommon trap: reason=unstable_if action=reinterpret pc=0x0000000005ec8d14 method=net.minecraft.client.renderer.WorldRenderer.renderBlockLayer(Lnet/minecraft/client/renderer/RenderType;Lcom/mojang/blaze3d/matrix/MatrixStack;DDD)V @ 131
Event: 823.968 Thread 0x0000000002db2800 Uncommon trap: reason=unstable_if action=reinterpret pc=0x00000000059274a0 method=net.minecraft.world.dimension.Dimension.calcSunriseSunsetColors(FF)[F @ 23
Event: 873.334 Thread 0x0000000002db2800 Uncommon trap: reason=unstable_if action=reinterpret pc=0x0000000003fbbfb4 method=java.util.ArrayList.remove(Ljava/lang/Object;)Z @ 1
Event: 873.527 Thread 0x0000000002db2800 Uncommon trap: reason=null_check action=make_not_entrant pc=0x0000000005c390a4 method=net.minecraft.client.renderer.model.ItemOverrideList.getModelWithOverrides(Lnet/minecraft/client/renderer/model/IBakedModel;Lnet/minecraft/item/ItemStack;Lnet/minecraft/w-y<­‹@
Event: 881.710 Thread 0x0000000002db2800 Uncommon trap: reason=class_check action=maybe_recompile pc=0x000000000582f2d8 method=net.minecraft.client.renderer.entity.model.AgeableModel.render(Lcom/mojang/blaze3d/matrix/MatrixStack;Lcom/mojang/blaze3d/vertex/IVertexBuilder;IIFFFF)V @ 181
Event: 881.710 Thread 0x0000000002db2800 Uncommon trap: reason=unstable_if action=reinterpret pc=0x0000000006aa05b0 method=net.minecraft.client.renderer.model.ModelRenderer.render(Lcom/mojang/blaze3d/matrix/MatrixStack;Lcom/mojang/blaze3d/vertex/IVertexBuilder;IIFFFF)V @ 16
Event: 881.784 Thread 0x0000000002db2800 Uncommon trap: reason=class_check action=maybe_recompile pc=0x000000000582f2d8 method=net.minecraft.client.renderer.entity.model.AgeableModel.render(Lcom/mojang/blaze3d/matrix/MatrixStack;Lcom/mojang/blaze3d/vertex/IVertexBuilder;IIFFFF)V @ 181
Event: 881.861 Thread 0x0000000002db2800 Uncommon trap: reason=class_check action=maybe_recompile pc=0x000000000582f2d8 method=net.minecraft.client.renderer.entity.model.AgeableModel.render(Lcom/mojang/blaze3d/matrix/MatrixStack;Lcom/mojang/blaze3d/vertex/IVertexBuilder;IIFFFF)V @ 181
Event: 881.936 Thread 0x0000000002db2800 Uncommon trap: reason=class_check action=maybe_recompile pc=0x000000000582f2d8 method=net.minecraft.client.renderer.entity.model.AgeableModel.render(Lcom/mojang/blaze3d/matrix/MatrixStack;Lcom/mojang/blaze3d/vertex/IVertexBuilder;IIFFFF)V @ 181

Internal exceptions (10 events):
Event: 881.711 Thread 0x0000000002db2800 Exception <a 'sun/nio/fs/WindowsException'> (0x00000000e9080508) thrown at [C:\re\workspace\8-2-build-windows-amd64-cygwin\jdk8u51\3951\hotspot\src\share\vm\prims\jni.cpp, line 709]
Event: 881.711 Thread 0x0000000002db2800 Exception <a 'sun/nio/fs/WindowsException'> (0x00000000e9080c08) thrown at [C:\re\workspace\8-2-build-windows-amd64-cygwin\jdk8u51\3951\hotspot\src\share\vm\prims\jni.cpp, line 709]
Event: 881.711 Thread 0x0000000002db2800 Exception <a 'sun/nio/fs/WindowsException'> (0x00000000e9081d60) thrown at [C:\re\workspace\8-2-build-windows-amd64-cygwin\jdk8u51\3951\hotspot\src\share\vm\prims\jni.cpp, line 709]
Event: 881.711 Thread 0x0000000002db2800 Exception <a 'sun/nio/fs/WindowsException'> (0x00000000e9082370) thrown at [C:\re\workspace\8-2-build-windows-amd64-cygwin\jdk8u51\3951\hotspot\src\share\vm\prims\jni.cpp, line 709]
Event: 881.712 Thread 0x0000000002db2800 Exception <a 'sun/nio/fs/WindowsException'> (0x00000000e908d648) thrown at [C:\re\workspace\8-2-build-windows-amd64-cygwin\jdk8u51\3951\hotspot\src\share\vm\prims\jni.cpp, line 709]
Event: 881.712 Thread 0x0000000002db2800 Exception <a 'sun/nio/fs/WindowsException'> (0x00000000e908dd58) thrown at [C:\re\workspace\8-2-build-windows-amd64-cygwin\jdk8u51\3951\hotspot\src\share\vm\prims\jni.cpp, line 709]
Event: 881.712 Thread 0x0000000002db2800 Exception <a 'sun/nio/fs/WindowsException'> (0x00000000e908ec50) thrown at [C:\re\workspace\8-2-build-windows-amd64-cygwin\jdk8u51\3951\hotspot\src\share\vm\prims\jni.cpp, line 709]
Event: 881.712 Thread 0x0000000002db2800 Exception <a 'sun/nio/fs/WindowsException'> (0x00000000e908f370) thrown at [C:\re\workspace\8-2-build-windows-amd64-cygwin\jdk8u51\3951\hotspot\src\share\vm\prims\jni.cpp, line 709]
Event: 881.713 Thread 0x0000000002db2800 Exception <a 'sun/nio/fs/WindowsException'> (0x00000000e90904f8) thrown at [C:\re\workspace\8-2-build-windows-amd64-cygwin\jdk8u51\3951\hotspot\src\share\vm\prims\jni.cpp, line 709]
Event: 881.713 Thread 0x0000000002db2800 Exception <a 'sun/nio/fs/WindowsException'> (0x00000000e9090b48) thrown at [C:\re\workspace\8-2-build-windows-amd64-cygwin\jdk8u51\3951\hotspot\src\share\vm\prims\jni.cpp, line 709]

Events (10 events):
Event: 881.710 Thread 0x0000000002db2800 DEOPT UNPACKING pc=0x0000000002ff582a sp=0x0000000002dadf70 mode 2
Event: 881.784 Thread 0x0000000002db2800 Uncommon trap: trap_request=0xffffffde fr.pc=0x000000000582f2d8
Event: 881.784 Thread 0x0000000002db2800 DEOPT PACKING pc=0x000000000582f2d8 sp=0x0000000002dae100
Event: 881.784 Thread 0x0000000002db2800 DEOPT UNPACKING pc=0x0000000002ff582a sp=0x0000000002dae0d0 mode 2
Event: 881.861 Thread 0x0000000002db2800 Uncommon trap: trap_request=0xffffffde fr.pc=0x000000000582f2d8
Event: 881.861 Thread 0x0000000002db2800 DEOPT PACKING pc=0x000000000582f2d8 sp=0x0000000002dae100
Event: 881.861 Thread 0x0000000002db2800 DEOPT UNPACKING pc=0x0000000002ff582a sp=0x0000000002dae0d0 mode 2
Event: 881.936 Thread 0x0000000002db2800 Uncommon trap: trap_request=0xffffffde fr.pc=0x000000000582f2d8
Event: 881.936 Thread 0x0000000002db2800 DEOPT PACKING pc=0x000000000582f2d8 sp=0x0000000002dae100
Event: 881.936 Thread 0x0000000002db2800 DEOPT UNPACKING pc=0x0000000002ff582a sp=0x0000000002dae0d0 mode 2


Dynamic libraries:
0x00007ff700230000 - 0x00007ff700267000 	C:\Program Files (x86)\Minecraft\runtime\jre-x64\bin\java.exe
0x00007ff91e210000 - 0x00007ff91e405000 	C:\WINDOWS\SYSTEM32\ntdll.dll
0x00007ff91c640000 - 0x00007ff91c6fd000 	C:\WINDOWS\System32\KERNEL32.DLL
0x00007ff91bac0000 - 0x00007ff91bd87000 	C:\WINDOWS\System32\KERNELBASE.dll
0x00007ff91cf60000 - 0x00007ff91d00a000 	C:\WINDOWS\System32\ADVAPI32.dll
0x00007ff91d430000 - 0x00007ff91d4ce000 	C:\WINDOWS\System32\msvcrt.dll
0x00007ff91d4d0000 - 0x00007ff91d56b000 	C:\WINDOWS\System32\sechost.dll
0x00007ff91d070000 - 0x00007ff91d193000 	C:\WINDOWS\System32\RPCRT4.dll
0x00007ff91d7d0000 - 0x00007ff91d970000 	C:\WINDOWS\System32\USER32.dll
0x00007ff91bf80000 - 0x00007ff91bfa2000 	C:\WINDOWS\System32\win32u.dll
0x00007ff91c610000 - 0x00007ff91c63a000 	C:\WINDOWS\System32\GDI32.dll
0x00007ff91bfe0000 - 0x00007ff91c0ea000 	C:\WINDOWS\System32\gdi32full.dll
0x00007ff91bd90000 - 0x00007ff91be2d000 	C:\WINDOWS\System32\msvcp_win.dll
0x00007ff91be80000 - 0x00007ff91bf80000 	C:\WINDOWS\System32\ucrtbase.dll
0x00007ff905270000 - 0x00007ff90550a000 	C:\WINDOWS\WinSxS\amd64_microsoft.windows.common-controls_6595b64144ccf1df_6.0.19041.1_none_b555e41d4684ddec\COMCTL32.dll
0x00007ff91c280000 - 0x00007ff91c2b0000 	C:\WINDOWS\System32\IMM32.DLL
0x0000000069610000 - 0x00000000696e2000 	C:\Program Files (x86)\Minecraft\runtime\jre-x64\bin\msvcr100.dll
0x0000000068d80000 - 0x0000000069603000 	C:\Program Files (x86)\Minecraft\runtime\jre-x64\bin\server\jvm.dll
0x00007ff91d3c0000 - 0x00007ff91d3c8000 	C:\WINDOWS\System32\PSAPI.DLL
0x00007ff914430000 - 0x00007ff914457000 	C:\WINDOWS\SYSTEM32\WINMM.dll
0x00007ff8f6790000 - 0x00007ff8f6799000 	C:\WINDOWS\SYSTEM32\WSOCK32.dll
0x00007ff9143c0000 - 0x00007ff9143ca000 	C:\WINDOWS\SYSTEM32\VERSION.dll
0x00007ff91d350000 - 0x00007ff91d3bb000 	C:\WINDOWS\System32\WS2_32.dll
0x0000000068d70000 - 0x0000000068d7f000 	C:\Program Files (x86)\Minecraft\runtime\jre-x64\bin\verify.dll
0x0000000068d40000 - 0x0000000068d69000 	C:\Program Files (x86)\Minecraft\runtime\jre-x64\bin\java.dll
0x0000000068d10000 - 0x0000000068d33000 	C:\Program Files (x86)\Minecraft\runtime\jre-x64\bin\instrument.dll
0x0000000068cf0000 - 0x0000000068d06000 	C:\Program Files (x86)\Minecraft\runtime\jre-x64\bin\zip.dll
0x00007ff91c7b0000 - 0x00007ff91cef0000 	C:\WINDOWS\System32\SHELL32.dll
0x00007ff9199a0000 - 0x00007ff91a131000 	C:\WINDOWS\SYSTEM32\windows.storage.dll
0x00007ff91c2b0000 - 0x00007ff91c603000 	C:\WINDOWS\System32\combase.dll
0x00007ff91b240000 - 0x00007ff91b26c000 	C:\WINDOWS\SYSTEM32\Wldp.dll
0x00007ff91dff0000 - 0x00007ff91e09e000 	C:\WINDOWS\System32\SHCORE.dll
0x00007ff91d3d0000 - 0x00007ff91d425000 	C:\WINDOWS\System32\shlwapi.dll
0x00007ff91b8a0000 - 0x00007ff91b8bf000 	C:\WINDOWS\SYSTEM32\profapi.dll
0x00007ff913260000 - 0x00007ff91327a000 	C:\Users\ervin_1nmnhvl\AppData\Local\JetBrains\Toolbox\apps\IDEA-U\ch-0\202.6397.94\bin\breakgen64.dll
0x0000000068cd0000 - 0x0000000068cea000 	C:\Program Files (x86)\Minecraft\runtime\jre-x64\bin\net.dll
0x00007ff91b030000 - 0x00007ff91b09a000 	C:\WINDOWS\system32\mswsock.dll
0x0000000068cc0000 - 0x0000000068ccd000 	C:\Program Files (x86)\Minecraft\runtime\jre-x64\bin\management.dll
0x00007ff8e7cc0000 - 0x00007ff8e7cd7000 	C:\WINDOWS\system32\napinsp.dll
0x00007ff8e7ce0000 - 0x00007ff8e7cfb000 	C:\WINDOWS\system32\pnrpnsp.dll
0x00007ff916450000 - 0x00007ff916465000 	C:\WINDOWS\system32\wshbth.dll
0x00007ff9171f0000 - 0x00007ff91720d000 	C:\WINDOWS\system32\NLAapi.dll
0x00007ff91ad40000 - 0x00007ff91ad7b000 	C:\WINDOWS\SYSTEM32\IPHLPAPI.DLL
0x00007ff91ad80000 - 0x00007ff91ae4a000 	C:\WINDOWS\SYSTEM32\DNSAPI.dll
0x00007ff91c700000 - 0x00007ff91c709000 	C:\WINDOWS\System32\NSI.dll
0x00007ff8e7e50000 - 0x00007ff8e7e62000 	C:\WINDOWS\System32\winrnr.dll
0x00007ff90c400000 - 0x00007ff90c40a000 	C:\Windows\System32\rasadhlp.dll
0x00007ff90eee0000 - 0x00007ff90ef5f000 	C:\WINDOWS\System32\fwpuclnt.dll
0x00007ff91bfb0000 - 0x00007ff91bfd7000 	C:\WINDOWS\System32\bcrypt.dll
0x00007ff911a70000 - 0x00007ff911a87000 	C:\WINDOWS\SYSTEM32\dhcpcsvc6.DLL
0x00007ff911990000 - 0x00007ff9119ad000 	C:\WINDOWS\SYSTEM32\dhcpcsvc.DLL
0x00007ff91b570000 - 0x00007ff91b588000 	C:\WINDOWS\SYSTEM32\CRYPTSP.dll
0x00007ff91a8e0000 - 0x00007ff91a914000 	C:\WINDOWS\system32\rsaenh.dll
0x00007ff91b860000 - 0x00007ff91b88e000 	C:\WINDOWS\SYSTEM32\USERENV.dll
0x00007ff91c200000 - 0x00007ff91c27f000 	C:\WINDOWS\System32\bcryptprimitives.dll
0x00007ff91b1b0000 - 0x00007ff91b1bc000 	C:\WINDOWS\SYSTEM32\CRYPTBASE.dll
0x0000000068ca0000 - 0x0000000068cb1000 	C:\Program Files (x86)\Minecraft\runtime\jre-x64\bin\nio.dll
0x0000000068c70000 - 0x0000000068c94000 	C:\Program Files (x86)\Minecraft\runtime\jre-x64\bin\sunec.dll
0x00007ff8f5690000 - 0x00007ff8f5702000 	C:\Users\ervin_1nmnhvl\AppData\Local\Temp\lwjglervin_1nmnhvl\3.2.2-build-10\lwjgl.dll
0x00007ff8df980000 - 0x00007ff8dfbd1000 	C:\Users\ERVIN_~1\AppData\Local\Temp\lwjglervin_1nmnhvl\3.2.2-build-10\jemalloc.dll
0x00007ff9116d0000 - 0x00007ff91172e000 	C:\Users\ERVIN_~1\AppData\Local\Temp\lwjglervin_1nmnhvl\3.2.2-build-10\glfw.dll
0x00007ff9191d0000 - 0x00007ff91926f000 	C:\WINDOWS\system32\uxtheme.dll
0x00007ff8f3aa0000 - 0x00007ff8f3ae5000 	C:\WINDOWS\SYSTEM32\dinput8.dll
0x00007ff90ba80000 - 0x00007ff90ba91000 	C:\WINDOWS\SYSTEM32\xinput1_4.dll
0x00007ff91be30000 - 0x00007ff91be7d000 	C:\WINDOWS\System32\cfgmgr32.dll
0x00007ff91b650000 - 0x00007ff91b67c000 	C:\WINDOWS\SYSTEM32\DEVOBJ.dll
0x00007ff9193b0000 - 0x00007ff9193df000 	C:\WINDOWS\SYSTEM32\dwmapi.dll
0x00007ff91d570000 - 0x00007ff91d685000 	C:\WINDOWS\System32\MSCTF.dll
0x00007ff91da20000 - 0x00007ff91daed000 	C:\WINDOWS\System32\OLEAUT32.dll
0x00007ff91a140000 - 0x00007ff91a14d000 	C:\WINDOWS\SYSTEM32\HID.DLL
0x00007ff91db80000 - 0x00007ff91dfe7000 	C:\WINDOWS\System32\SETUPAPI.DLL
0x00007ff91c1a0000 - 0x00007ff91c200000 	C:\WINDOWS\System32\WINTRUST.dll
0x00007ff91b960000 - 0x00007ff91babd000 	C:\WINDOWS\System32\CRYPT32.dll
0x00007ff91b610000 - 0x00007ff91b622000 	C:\WINDOWS\SYSTEM32\MSASN1.dll
0x00007ff90af60000 - 0x00007ff90b0b2000 	C:\WINDOWS\SYSTEM32\inputhost.dll
0x00007ff918d10000 - 0x00007ff918e02000 	C:\WINDOWS\SYSTEM32\CoreMessaging.dll
0x00007ff9182e0000 - 0x00007ff918436000 	C:\WINDOWS\SYSTEM32\wintypes.dll
0x00007ff9189b0000 - 0x00007ff918d0a000 	C:\WINDOWS\SYSTEM32\CoreUIComponents.dll
0x00007ff916fc0000 - 0x00007ff9170b5000 	C:\WINDOWS\SYSTEM32\PROPSYS.dll
0x00007ff91a590000 - 0x00007ff91a5c3000 	C:\WINDOWS\SYSTEM32\ntmarta.dll
0x00007ff919980000 - 0x00007ff919993000 	C:\WINDOWS\SYSTEM32\kernel.appcore.dll
0x00007ff8dd8d0000 - 0x00007ff8dda2c000 	C:\WINDOWS\SYSTEM32\opengl32.dll
0x00007ff900d70000 - 0x00007ff900d9c000 	C:\WINDOWS\SYSTEM32\GLU32.dll
0x00007ff8ddfe0000 - 0x00007ff8dec64000 	C:\WINDOWS\SYSTEM32\ig4icd64.dll
0x00007ff91a1a0000 - 0x00007ff91a293000 	C:\WINDOWS\SYSTEM32\dxgi.dll
0x00007ff917ae0000 - 0x00007ff917d43000 	C:\WINDOWS\SYSTEM32\d3d11.dll
0x00007ff911500000 - 0x00007ff91153b000 	C:\WINDOWS\SYSTEM32\dxcore.dll
0x00007ff90b0c0000 - 0x00007ff90b1bc000 	C:\WINDOWS\SYSTEM32\textinputframework.dll
0x00007ff8e0bb0000 - 0x00007ff8e0c08000 	C:\Users\ervin_1nmnhvl\AppData\Local\Temp\lwjglervin_1nmnhvl\3.2.2-build-10\lwjgl_opengl.dll
0x00007ff8e0870000 - 0x00007ff8e08ef000 	C:\Users\ervin_1nmnhvl\AppData\Local\Temp\lwjglervin_1nmnhvl\3.2.2-build-10\lwjgl_stb.dll
0x00007ff91e0a0000 - 0x00007ff91e1c9000 	C:\WINDOWS\System32\ole32.dll
0x00007ff90fa50000 - 0x00007ff9106a0000 	C:\WINDOWS\SYSTEM32\igd10umd64.dll
0x00007ff916200000 - 0x00007ff9162ae000 	C:\WINDOWS\SYSTEM32\mscms.dll
0x00007ff916120000 - 0x00007ff916131000 	C:\WINDOWS\SYSTEM32\ColorAdapterClient.dll
0x00007ff8e0b60000 - 0x00007ff8e0ba3000 	C:\WINDOWS\SYSTEM32\icm32.dll
0x00007ff8e05e0000 - 0x00007ff8e0622000 	C:\Users\ervin_1nmnhvl\AppData\Local\Temp\jna-2118671535\jna6708163383364547395.dll
0x00007ff905700000 - 0x00007ff90571a000 	C:\save\modding\ervin_mod_1\build\natives\SAPIWrapper_x64.dll
0x00007ff91d970000 - 0x00007ff91da18000 	C:\WINDOWS\System32\clbcatq.dll
0x00007ff8d67e0000 - 0x00007ff8d6964000 	C:\WINDOWS\System32\Speech\Common\sapi.dll
0x00007ff8ecf20000 - 0x00007ff8ecf3e000 	C:\WINDOWS\SYSTEM32\MSACM32.dll
0x00007ff9174d0000 - 0x00007ff9174db000 	C:\WINDOWS\SYSTEM32\msdmo.dll
0x00007ff8e5d70000 - 0x00007ff8e5d96000 	C:\WINDOWS\SYSTEM32\winmmbase.dll
0x00007ff90c410000 - 0x00007ff90c495000 	C:\WINDOWS\System32\MMDevApi.dll
0x00007ff8df070000 - 0x00007ff8df184000 	C:\Users\ERVIN_~1\AppData\Local\Temp\lwjglervin_1nmnhvl\3.2.2-build-10\OpenAL.dll
0x00007ff901270000 - 0x00007ff9013f0000 	C:\WINDOWS\SYSTEM32\AUDIOSES.DLL
0x00007ff91b7d0000 - 0x00007ff91b81b000 	C:\WINDOWS\SYSTEM32\powrprof.dll
0x00007ff91b7b0000 - 0x00007ff91b7c2000 	C:\WINDOWS\SYSTEM32\UMPDC.dll
0x00007ff9192c0000 - 0x00007ff9192d4000 	C:\WINDOWS\SYSTEM32\resourcepolicyclient.dll
0x0000000068ad0000 - 0x0000000068c68000 	C:\Program Files (x86)\Minecraft\runtime\jre-x64\bin\awt.dll
0x00007ff919020000 - 0x00007ff9190b0000 	C:\WINDOWS\SYSTEM32\apphelp.dll

VM Arguments:
jvm_args: -Dforge.logging.console.level=debug -Dforge.logging.markers=SCAN,REGISTRIES,REGISTRYDUMP -XX:HeapDumpPath=MojangTricksIntelDriversForPerformance_javaw.exe_minecraft.exe.heapdump -Dos.name=Windows 10 -Dos.version=10.0 -javaagent:C:\Users\ervin_1nmnhvl\AppData\Local\JetBrains\Toolbox\apps\IDEA-U\ch-0\202.6397.94\lib\idea_rt.jar=52137:C:\Users\ervin_1nmnhvl\AppData\Local\JetBrains\Toolbox\apps\IDEA-U\ch-0\202.6397.94\bin -Dfile.encoding=UTF-8 
java_command: net.minecraftforge.userdev.LaunchTesting
java_class_path (initial): C:\Program Files (x86)\Minecraft\runtime\jre-x64\lib\charsets.jar;C:\Program Files (x86)\Minecraft\runtime\jre-x64\lib\deploy.jar;C:\Program Files (x86)\Minecraft\runtime\jre-x64\lib\ext\access-bridge-64.jar;C:\Program Files (x86)\Minecraft\runtime\jre-x64\lib\ext\cldrdata.jar;C:\Program Files (x86)\Minecraft\runtime\jre-x64\lib\ext\dnsns.jar;C:\Program Files (x86)\Minecraft\runtime\jre-x64\lib\ext\jaccess.jar;C:\Program Files (x86)\Minecraft\runtime\jre-x64\lib\ext\jfxrt.jar;C:\Program Files (x86)\Minecraft\runtime\jre-x64\lib\ext\localedata.jar;C:\Program Files (x86)\Minecraft\runtime\jre-x64\lib\ext\nashorn.jar;C:\Program Files (x86)\Minecraft\runtime\jre-x64\lib\ext\sunec.jar;C:\Program Files (x86)\Minecraft\runtime\jre-x64\lib\ext\sunjce_provider.jar;C:\Program Files (x86)\Minecraft\runtime\jre-x64\lib\ext\sunmscapi.jar;C:\Program Files (x86)\Minecraft\runtime\jre-x64\lib\ext\sunpkcs11.jar;C:\Program Files (x86)\Minecraft\runtime\jre-x64\lib\ext\zipfs.jar;C:\Program Files (x86)\Minecraft\runtime\jre-x64\lib\javaws.jar;C:\Program Files (x86)\Minecraft\runtime\jre-x64\lib\jce.jar;C:\Program Files (x86)\Minecraft\runtime\jre-x64\lib\jfr.jar;C:\Program Files (x86)\Minecraft\runtime\jre-x64\lib\jfxswt.jar;C:\Program Files (x86)\Minecraft\runtime\jre-x64\lib\jsse.jar;C:\Program Files (x86)\Minecraft\runtime\jre-x64\lib\management-agent.jar;C:\Program Files (x86)\Minecraft\runtime\jre-x64\lib\plugin.jar;C:\Program Files (x86)\Minecraft\runtime\jre-x64\lib\resources.jar;C:\Program Files (x86)\Minecraft\runtime\jre-x64\lib\rt.jar;C:\save\modding\ervin_mod_1\build\classes\java\main;C:\save\modding\ervin_mod_1\build\resources\main;C:\Users\ervin_1nmnhvl\.gradle\caches\forge_gradle\minecraft_user_repo\net\minecraftforge\forge\1.15.2-31.1.9_mapped_snapshot_20200427-1.15.1\forge-1.15.2-31.1.9_mapped_snapshot_20200427-1.15.1-recomp.jar;C:\Users\ervin_1nmnhvl\.gradle\caches\forge_gradle\minecraft_user_repo\net\minecraftforge\forge\1.15.2-31.1.9_map
Launcher Type: SUN_STANDARD

Environment Variables:
JAVA_HOME=C:\Program Files\Java\jdk-11.0.4
PATH=C:\Program Files\Docker\Docker\Resources\bin;C:\ProgramData\Oracle\Java\javapath;C:\WINDOWS\system32;C:\WINDOWS;C:\WINDOWS\System32\Wbem;C:\WINDOWS\System32\WindowsPowerShell\v1.0\;C:\Program Files (x86)\cloudControl;C:\Program Files\Git\cmd;C:\bin;C:\Program Files (x86)\Windows Kits\8.1\Windows Performance Toolkit\;C:\Program Files (x86)\PuTTY\;C:\Program Files (x86)\Nodist\bin;G:\save\sdk\android\tools;G:\save\sdk\android\platform-tools;C:\boxfuse;C:\Program Files (x86)\Skype\Phone\;C:\Program Files (x86)\GtkSharp\2.12\bin;C:\Program Files (x86)\IVI Foundation\VISA\WinNT\Bin;C:\WINDOWS\system32;C:\WINDOWS;C:\WINDOWS\System32\Wbem;C:\WINDOWS\System32\WindowsPowerShell\v1.0\;;C:\WINDOWS\System32\OpenSSH\;C:\Users\ervin_1nmnhvl\AppData\Local\Microsoft\WindowsApps;
USERNAME=ervin_1nmnhvl
OS=Windows_NT
PROCESSOR_IDENTIFIER=Intel64 Family 6 Model 42 Stepping 7, GenuineIntel



---------------  S Y S T E M  ---------------

OS: Windows 10.0 , 64 bit Build 19041 (10.0.19041.292)

CPU:total 4 (2 cores per cpu, 2 threads per core) family 6 model 42 stepping 7, cmov, cx8, fxsr, mmx, sse, sse2, sse3, ssse3, sse4.1, sse4.2, popcnt, avx, aes, clmul, ht, tsc, tscinvbit

Memory: 4k page, physical 8266764k(571192k free), swap 10363916k(912k free)

vm_info: Java HotSpot(TM) 64-Bit Server VM (25.51-b03) for windows-amd64 JRE (1.8.0_51-b16), built on Jun  8 2015 18:03:07 by "java_re" with MS VC++ 10.0 (VS2010)

time: Tue Sep 08 15:57:20 2020
elapsed time: 882 seconds (0d 0h 14m 42s)

