#
# There is insufficient memory for the Java Runtime Environment to continue.
# Native memory allocation (malloc) failed to allocate 1841136 bytes for Chunk::new
# Possible reasons:
#   The system is out of physical RAM or swap space
#   In 32 bit mode, the process size limit was hit
# Possible solutions:
#   Reduce memory load on the system
#   Increase physical memory or swap space
#   Check if swap backing store is full
#   Use 64 bit Java on a 64 bit OS
#   Decrease Java heap size (-Xmx/-Xms)
#   Decrease number of Java threads
#   Decrease Java thread stack sizes (-Xss)
#   Set larger code cache with -XX:ReservedCodeCacheSize=
# This output file may be truncated or incomplete.
#
#  Out of Memory Error (allocation.cpp:390), pid=17372, tid=12004
#
# JRE version: Java(TM) SE Runtime Environment (8.0_51-b16) (build 1.8.0_51-b16)
# Java VM: Java HotSpot(TM) 64-Bit Server VM (25.51-b03 mixed mode windows-amd64 compressed oops)
# Failed to write core dump. Minidumps are not enabled by default on client versions of Windows
#

---------------  T H R E A D  ---------------

Current thread (0x00000000196b3000):  JavaThread "C2 CompilerThread0" daemon [_thread_in_native, id=12004, stack(0x00000000197f0000,0x00000000198f0000)]

Stack: [0x00000000197f0000,0x00000000198f0000]
Native frames: (J=compiled Java code, j=interpreted, Vv=VM code, C=native code)
V  [jvm.dll+0x32b4ca]
V  [jvm.dll+0x2797e3]
V  [jvm.dll+0x27a479]
V  [jvm.dll+0x271765]
V  [jvm.dll+0xcba02]
V  [jvm.dll+0xcbecc]
V  [jvm.dll+0x476f72]
V  [jvm.dll+0x4b95ff]
V  [jvm.dll+0x46c011]
V  [jvm.dll+0x46cd4e]
V  [jvm.dll+0x4501a2]
V  [jvm.dll+0xa43a2]
V  [jvm.dll+0xa4cdf]
V  [jvm.dll+0x2418a4]
V  [jvm.dll+0x29846a]
C  [msvcr100.dll+0x21d9f]
C  [msvcr100.dll+0x21e3b]
C  [KERNEL32.DLL+0x16fd4]
C  [ntdll.dll+0x4cec1]


Current CompileTask:
C2: 676487 19727 %     4       net.minecraft.client.renderer.chunk.ChunkRenderDispatcher$ChunkRender$RebuildTask::compile @ 220 (609 bytes)


---------------  P R O C E S S  ---------------

Java Threads: ( => current thread )
  0x000000001a27c000 JavaThread "Server-Worker-17" daemon [_thread_in_native, id=19784, stack(0x0000000059050000,0x0000000059150000)]
  0x000000001a276000 JavaThread "Server-Worker-16" daemon [_thread_blocked, id=13548, stack(0x0000000059150000,0x0000000059250000)]
  0x000000001a271800 JavaThread "Server-Worker-14" daemon [_thread_blocked, id=13228, stack(0x0000000026420000,0x0000000026520000)]
  0x000000001a273800 JavaThread "Sound engine" daemon [_thread_blocked, id=20020, stack(0x0000000056690000,0x0000000056790000)]
  0x000000001a278000 JavaThread "Netty Server IO #1" daemon [_thread_in_native, id=18492, stack(0x0000000056290000,0x0000000056390000)]
  0x000000001a273000 JavaThread "Netty Local Client IO #0" daemon [_thread_blocked, id=14140, stack(0x000000002dd80000,0x000000002de80000)]
  0x000000001a277800 JavaThread "Netty Server IO #0" daemon [_thread_in_native, id=14064, stack(0x0000000043820000,0x0000000043920000)]
  0x000000001a275000 JavaThread "ObjectCleanerThread" daemon [_thread_blocked, id=8412, stack(0x000000003f1f0000,0x000000003f2f0000)]
  0x000000001a272000 JavaThread "Java2D Disposer" daemon [_thread_blocked, id=13120, stack(0x0000000055f90000,0x0000000056090000)]
  0x000000001a07a000 JavaThread "poi IO worker" [_thread_blocked, id=21608, stack(0x0000000042d50000,0x0000000042e50000)]
  0x000000001a078800 JavaThread "chunk IO worker" [_thread_blocked, id=15476, stack(0x00000000422d0000,0x00000000423d0000)]
  0x000000001a07e000 JavaThread "Thread-11" daemon [_thread_in_native, id=11952, stack(0x000000002dae0000,0x000000002dbe0000)]
  0x000000001a07b800 JavaThread "Server thread" [_thread_in_Java, id=15124, stack(0x0000000028900000,0x0000000028a00000)]
  0x000000001a077000 JavaThread "Snooper Timer" daemon [_thread_blocked, id=10080, stack(0x0000000001200000,0x0000000001300000)]
  0x000000001a07d000 JavaThread "Narrator" [_thread_blocked, id=7676, stack(0x0000000027df0000,0x0000000027ef0000)]
  0x000000001a07b000 JavaThread "Timer hack thread" daemon [_thread_blocked, id=14820, stack(0x00000000275e0000,0x00000000276e0000)]
  0x0000000019ceb800 JavaThread "Snooper Timer" daemon [_thread_blocked, id=15768, stack(0x000000001c9d0000,0x000000001cad0000)]
  0x000000001c424000 JavaThread "pool-2-thread-1" daemon [_thread_blocked, id=16888, stack(0x0000000020c20000,0x0000000020d20000)]
  0x000000001b05e800 JavaThread "Thread-2" daemon [_thread_in_native, id=1316, stack(0x000000001d1f0000,0x000000001d2f0000)]
  0x000000001afdd800 JavaThread "Thread-1" daemon [_thread_blocked, id=13484, stack(0x000000001d0f0000,0x000000001d1f0000)]
  0x0000000019b4d000 JavaThread "Service Thread" daemon [_thread_blocked, id=2452, stack(0x000000001a2f0000,0x000000001a3f0000)]
  0x00000000196b9800 JavaThread "C1 CompilerThread2" daemon [_thread_blocked, id=20292, stack(0x00000000199f0000,0x0000000019af0000)]
  0x00000000196b5800 JavaThread "C2 CompilerThread1" daemon [_thread_in_native, id=15828, stack(0x00000000198f0000,0x00000000199f0000)]
=>0x00000000196b3000 JavaThread "C2 CompilerThread0" daemon [_thread_in_native, id=12004, stack(0x00000000197f0000,0x00000000198f0000)]
  0x00000000196b0800 JavaThread "Monitor Ctrl-Break" daemon [_thread_in_native, id=5264, stack(0x00000000196f0000,0x00000000197f0000)]
  0x0000000017db2800 JavaThread "Attach Listener" daemon [_thread_blocked, id=17984, stack(0x00000000191f0000,0x00000000192f0000)]
  0x0000000017db1000 JavaThread "Signal Dispatcher" daemon [_thread_blocked, id=1668, stack(0x00000000190f0000,0x00000000191f0000)]
  0x000000000308b000 JavaThread "Finalizer" daemon [_thread_blocked, id=13296, stack(0x0000000018ff0000,0x00000000190f0000)]
  0x0000000003087000 JavaThread "Reference Handler" daemon [_thread_blocked, id=21376, stack(0x0000000018ef0000,0x0000000018ff0000)]
  0x0000000002f92800 JavaThread "Render thread" [_thread_in_native, id=20776, stack(0x0000000002e90000,0x0000000002f90000)]

Other Threads:
  0x0000000017d69000 VMThread [stack: 0x0000000018df0000,0x0000000018ef0000] [id=22192]
  0x0000000019b7a000 WatcherThread [stack: 0x000000001a3f0000,0x000000001a4f0000] [id=19200]

VM state:not at safepoint (normal execution)

VM Mutex/Monitor currently owned by a thread: None

Heap:
 PSYoungGen      total 286208K, used 113403K [0x00000000d5f00000, 0x00000000ff600000, 0x0000000100000000)
  eden space 230400K, 25% used [0x00000000d5f00000,0x00000000d974b760,0x00000000e4000000)
  from space 55808K, 99% used [0x00000000e4000000,0x00000000e76736f8,0x00000000e7680000)
  to   space 224256K, 0% used [0x00000000f1b00000,0x00000000f1b00000,0x00000000ff600000)
 ParOldGen       total 425472K, used 354387K [0x0000000081c00000, 0x000000009bb80000, 0x00000000d5f00000)
  object space 425472K, 83% used [0x0000000081c00000,0x0000000097614f58,0x000000009bb80000)
 Metaspace       used 91906K, capacity 102924K, committed 103040K, reserved 1136640K
  class space    used 13817K, capacity 16652K, committed 16768K, reserved 1048576K

Card table byte_map: [0x0000000012630000,0x0000000012a30000] byte_map_base: 0x0000000012222000

Marking Bits: (ParMarkBitMap*) 0x000000006b604040
 Begin Bits: [0x00000000130e0000, 0x0000000015070000)
 End Bits:   [0x0000000015070000, 0x0000000017000000)

Polling page: 0x0000000002de0000

CodeCache: size=245760Kb used=45865Kb max_used=45865Kb free=199894Kb
 bounds [0x0000000003270000, 0x0000000005f80000, 0x0000000012270000]
 total_blobs=15956 nmethods=14317 adapters=1547
 compilation: enabled

Compilation events (10 events):
Event: 676.373 Thread 0x00000000196b9800 19852       2       net.minecraft.entity.LivingEntity::setHeadRotation (12 bytes)
Event: 676.373 Thread 0x00000000196b9800 nmethod 19852 0x0000000005f6e990 code [0x0000000005f6eae0, 0x0000000005f6ec30]
Event: 676.379 Thread 0x00000000196b9800 19853       2       net.minecraft.world.lighting.LightDataMap::copyArray (28 bytes)
Event: 676.380 Thread 0x00000000196b9800 nmethod 19853 0x0000000005f6ecd0 code [0x0000000005f6ee60, 0x0000000005f6f148]
Event: 676.380 Thread 0x00000000196b9800 19854       2       net.minecraft.world.chunk.NibbleArray::copy (38 bytes)
Event: 676.381 Thread 0x00000000196b9800 nmethod 19854 0x0000000005f6f450 code [0x0000000005f6f5c0, 0x0000000005f6f858]
Event: 676.403 Thread 0x00000000196b9800 19855       2       net.minecraft.network.play.server.SChunkDataPacket::<init> (312 bytes)
Event: 676.407 Thread 0x00000000196b9800 nmethod 19855 0x0000000005f6f950 code [0x0000000005f6fc60, 0x0000000005f70b28]
Event: 676.410 Thread 0x00000000196b9800 19857       2       net.minecraft.world.server.TicketManager$PlayerTicketTracker::lambda$null$1 (61 bytes)
Event: 676.411 Thread 0x00000000196b9800 nmethod 19857 0x0000000005f71910 code [0x0000000005f71ac0, 0x0000000005f71e08]

GC Heap History (10 events):
Event: 659.917 GC heap before
{Heap before GC invocations=100 (full 8):
 PSYoungGen      total 293376K, used 293071K [0x00000000d5f00000, 0x00000000ff780000, 0x0000000100000000)
  eden space 230400K, 100% used [0x00000000d5f00000,0x00000000e4000000,0x00000000e4000000)
  from space 62976K, 99% used [0x00000000e4000000,0x00000000e7d33fa0,0x00000000e7d80000)
  to   space 221696K, 0% used [0x00000000f1f00000,0x00000000f1f00000,0x00000000ff780000)
 ParOldGen       total 425472K, used 347079K [0x0000000081c00000, 0x000000009bb80000, 0x00000000d5f00000)
  object space 425472K, 81% used [0x0000000081c00000,0x0000000096ef1cf0,0x000000009bb80000)
 Metaspace       used 88240K, capacity 98172K, committed 98432K, reserved 1132544K
  class space    used 13308K, capacity 15958K, committed 16000K, reserved 1048576K
Event: 660.142 GC heap after
Heap after GC invocations=100 (full 8):
 PSYoungGen      total 451072K, used 182406K [0x00000000d5f00000, 0x0000000100000000, 0x0000000100000000)
  eden space 229376K, 0% used [0x00000000d5f00000,0x00000000d5f00000,0x00000000e3f00000)
  from space 221696K, 82% used [0x00000000f1f00000,0x00000000fd121a80,0x00000000ff780000)
  to   space 229376K, 0% used [0x00000000e3f00000,0x00000000e3f00000,0x00000000f1f00000)
 ParOldGen       total 425472K, used 347087K [0x0000000081c00000, 0x000000009bb80000, 0x00000000d5f00000)
  object space 425472K, 81% used [0x0000000081c00000,0x0000000096ef3cf0,0x000000009bb80000)
 Metaspace       used 88240K, capacity 98172K, committed 98432K, reserved 1132544K
  class space    used 13308K, capacity 15958K, committed 16000K, reserved 1048576K
}
Event: 669.088 GC heap before
{Heap before GC invocations=101 (full 8):
 PSYoungGen      total 451072K, used 411782K [0x00000000d5f00000, 0x0000000100000000, 0x0000000100000000)
  eden space 229376K, 100% used [0x00000000d5f00000,0x00000000e3f00000,0x00000000e3f00000)
  from space 221696K, 82% used [0x00000000f1f00000,0x00000000fd121a80,0x00000000ff780000)
  to   space 229376K, 0% used [0x00000000e3f00000,0x00000000e3f00000,0x00000000f1f00000)
 ParOldGen       total 425472K, used 347087K [0x0000000081c00000, 0x000000009bb80000, 0x00000000d5f00000)
  object space 425472K, 81% used [0x0000000081c00000,0x0000000096ef3cf0,0x000000009bb80000)
 Metaspace       used 90049K, capacity 100404K, committed 100480K, reserved 1134592K
  class space    used 13532K, capacity 16256K, committed 16256K, reserved 1048576K
Event: 669.275 GC heap after
Heap after GC invocations=101 (full 8):
 PSYoungGen      total 458752K, used 127133K [0x00000000d5f00000, 0x0000000100000000, 0x0000000100000000)
  eden space 229376K, 0% used [0x00000000d5f00000,0x00000000d5f00000,0x00000000e3f00000)
  from space 229376K, 55% used [0x00000000e3f00000,0x00000000ebb27598,0x00000000f1f00000)
  to   space 229376K, 0% used [0x00000000f2000000,0x00000000f2000000,0x0000000100000000)
 ParOldGen       total 425472K, used 357350K [0x0000000081c00000, 0x000000009bb80000, 0x00000000d5f00000)
  object space 425472K, 83% used [0x0000000081c00000,0x00000000978f9a60,0x000000009bb80000)
 Metaspace       used 90049K, capacity 100404K, committed 100480K, reserved 1134592K
  class space    used 13532K, capacity 16256K, committed 16256K, reserved 1048576K
}
Event: 671.526 GC heap before
{Heap before GC invocations=102 (full 8):
 PSYoungGen      total 458752K, used 356509K [0x00000000d5f00000, 0x0000000100000000, 0x0000000100000000)
  eden space 229376K, 100% used [0x00000000d5f00000,0x00000000e3f00000,0x00000000e3f00000)
  from space 229376K, 55% used [0x00000000e3f00000,0x00000000ebb27598,0x00000000f1f00000)
  to   space 229376K, 0% used [0x00000000f2000000,0x00000000f2000000,0x0000000100000000)
 ParOldGen       total 425472K, used 358487K [0x0000000081c00000, 0x000000009bb80000, 0x00000000d5f00000)
  object space 425472K, 84% used [0x0000000081c00000,0x0000000097a15fb8,0x000000009bb80000)
 Metaspace       used 90922K, capacity 101562K, committed 101760K, reserved 1134592K
  class space    used 13652K, capacity 16449K, committed 16512K, reserved 1048576K
Event: 671.672 GC heap after
Heap after GC invocations=102 (full 8):
 PSYoungGen      total 459776K, used 72660K [0x00000000d5f00000, 0x0000000100000000, 0x0000000100000000)
  eden space 230400K, 0% used [0x00000000d5f00000,0x00000000d5f00000,0x00000000e4000000)
  from space 229376K, 31% used [0x00000000f2000000,0x00000000f66f51a0,0x0000000100000000)
  to   space 229376K, 0% used [0x00000000e4000000,0x00000000e4000000,0x00000000f2000000)
 ParOldGen       total 425472K, used 393908K [0x0000000081c00000, 0x000000009bb80000, 0x00000000d5f00000)
  object space 425472K, 92% used [0x0000000081c00000,0x0000000099cad050,0x000000009bb80000)
 Metaspace       used 90922K, capacity 101562K, committed 101760K, reserved 1134592K
  class space    used 13652K, capacity 16449K, committed 16512K, reserved 1048576K
}
Event: 671.672 GC heap before
{Heap before GC invocations=103 (full 9):
 PSYoungGen      total 459776K, used 72660K [0x00000000d5f00000, 0x0000000100000000, 0x0000000100000000)
  eden space 230400K, 0% used [0x00000000d5f00000,0x00000000d5f00000,0x00000000e4000000)
  from space 229376K, 31% used [0x00000000f2000000,0x00000000f66f51a0,0x0000000100000000)
  to   space 229376K, 0% used [0x00000000e4000000,0x00000000e4000000,0x00000000f2000000)
 ParOldGen       total 425472K, used 393908K [0x0000000081c00000, 0x000000009bb80000, 0x00000000d5f00000)
  object space 425472K, 92% used [0x0000000081c00000,0x0000000099cad050,0x000000009bb80000)
 Metaspace       used 90922K, capacity 101562K, committed 101760K, reserved 1134592K
  class space    used 13652K, capacity 16449K, committed 16512K, reserved 1048576K
Event: 672.618 GC heap after
Heap after GC invocations=103 (full 9):
 PSYoungGen      total 459776K, used 0K [0x00000000d5f00000, 0x0000000100000000, 0x0000000100000000)
  eden space 230400K, 0% used [0x00000000d5f00000,0x00000000d5f00000,0x00000000e4000000)
  from space 229376K, 0% used [0x00000000f2000000,0x00000000f2000000,0x0000000100000000)
  to   space 229376K, 0% used [0x00000000e4000000,0x00000000e4000000,0x00000000f2000000)
 ParOldGen       total 425472K, used 354347K [0x0000000081c00000, 0x000000009bb80000, 0x00000000d5f00000)
  object space 425472K, 83% used [0x0000000081c00000,0x000000009760ac70,0x000000009bb80000)
 Metaspace       used 90922K, capacity 101562K, committed 101760K, reserved 1134592K
  class space    used 13652K, capacity 16449K, committed 16512K, reserved 1048576K
}
Event: 675.601 GC heap before
{Heap before GC invocations=104 (full 9):
 PSYoungGen      total 459776K, used 230400K [0x00000000d5f00000, 0x0000000100000000, 0x0000000100000000)
  eden space 230400K, 100% used [0x00000000d5f00000,0x00000000e4000000,0x00000000e4000000)
  from space 229376K, 0% used [0x00000000f2000000,0x00000000f2000000,0x0000000100000000)
  to   space 229376K, 0% used [0x00000000e4000000,0x00000000e4000000,0x00000000f2000000)
 ParOldGen       total 425472K, used 354379K [0x0000000081c00000, 0x000000009bb80000, 0x00000000d5f00000)
  object space 425472K, 83% used [0x0000000081c00000,0x0000000097612f58,0x000000009bb80000)
 Metaspace       used 91799K, capacity 102722K, committed 102912K, reserved 1136640K
  class space    used 13807K, capacity 16611K, committed 16640K, reserved 1048576K
Event: 675.696 GC heap after
Heap after GC invocations=104 (full 9):
 PSYoungGen      total 286208K, used 55757K [0x00000000d5f00000, 0x00000000ff600000, 0x0000000100000000)
  eden space 230400K, 0% used [0x00000000d5f00000,0x00000000d5f00000,0x00000000e4000000)
  from space 55808K, 99% used [0x00000000e4000000,0x00000000e76736f8,0x00000000e7680000)
  to   space 224256K, 0% used [0x00000000f1b00000,0x00000000f1b00000,0x00000000ff600000)
 ParOldGen       total 425472K, used 354387K [0x0000000081c00000, 0x000000009bb80000, 0x00000000d5f00000)
  object space 425472K, 83% used [0x0000000081c00000,0x0000000097614f58,0x000000009bb80000)
 Metaspace       used 91799K, capacity 102722K, committed 102912K, reserved 1136640K
  class space    used 13807K, capacity 16611K, committed 16640K, reserved 1048576K
}

Deoptimization events (10 events):
Event: 675.970 Thread 0x0000000002f92800 Uncommon trap: reason=unstable_if action=reinterpret pc=0x0000000005bd76b0 method=java.lang.Math.floorDiv(II)I @ 14
Event: 676.034 Thread 0x0000000002f92800 Uncommon trap: reason=unstable_if action=reinterpret pc=0x0000000005f2eb40 method=net.minecraft.entity.Entity.setPosition(DDD)V @ 22
Event: 676.249 Thread 0x000000001a07b800 Uncommon trap: reason=unstable_if action=reinterpret pc=0x0000000005eee9e0 method=net.minecraft.world.server.TicketManager.processUpdates(Lnet/minecraft/world/server/ChunkManager;)Z @ 28
Event: 676.285 Thread 0x000000001a07b800 Uncommon trap: reason=unstable_if action=reinterpret pc=0x00000000059457d0 method=net.minecraft.world.server.ServerTickList.tick()V @ 122
Event: 676.286 Thread 0x000000001a07b800 Uncommon trap: reason=unstable_if action=reinterpret pc=0x0000000003836854 method=java.util.ArrayDeque.addLast(Ljava/lang/Object;)V @ 45
Event: 676.286 Thread 0x000000001a07b800 Uncommon trap: reason=unstable_if action=reinterpret pc=0x000000000350d3ec method=net.minecraft.world.server.ServerTickList.tick()V @ 122
Event: 676.311 Thread 0x000000001a07b800 Uncommon trap: reason=class_check action=maybe_recompile pc=0x0000000004e38c04 method=net.minecraft.fluid.FlowingFluid.getStillFluidState(Z)Lnet/minecraft/fluid/IFluidState; @ 1
Event: 676.311 Thread 0x000000001a07b800 Uncommon trap: reason=class_check action=maybe_recompile pc=0x0000000004e38c04 method=net.minecraft.fluid.FlowingFluid.getStillFluidState(Z)Lnet/minecraft/fluid/IFluidState; @ 1
Event: 676.312 Thread 0x000000001a07b800 Uncommon trap: reason=class_check action=maybe_recompile pc=0x0000000004e38c04 method=net.minecraft.fluid.FlowingFluid.getStillFluidState(Z)Lnet/minecraft/fluid/IFluidState; @ 1
Event: 676.327 Thread 0x000000001a07b800 Uncommon trap: reason=unstable_if action=reinterpret pc=0x000000000547f270 method=net.minecraft.world.border.WorldBorder.contains(Lnet/minecraft/util/math/BlockPos;)Z @ 12

Internal exceptions (10 events):
Event: 675.083 Thread 0x000000001a07b800 Exception <a 'sun/nio/fs/WindowsException'> (0x00000000e25da5b0) thrown at [C:\re\workspace\8-2-build-windows-amd64-cygwin\jdk8u51\3951\hotspot\src\share\vm\prims\jni.cpp, line 709]
Event: 675.083 Thread 0x000000001a07b800 Exception <a 'sun/nio/fs/WindowsException'> (0x00000000e25daca0) thrown at [C:\re\workspace\8-2-build-windows-amd64-cygwin\jdk8u51\3951\hotspot\src\share\vm\prims\jni.cpp, line 709]
Event: 675.083 Thread 0x000000001a07b800 Exception <a 'sun/nio/fs/WindowsException'> (0x00000000e25dbdc8) thrown at [C:\re\workspace\8-2-build-windows-amd64-cygwin\jdk8u51\3951\hotspot\src\share\vm\prims\jni.cpp, line 709]
Event: 675.083 Thread 0x000000001a07b800 Exception <a 'sun/nio/fs/WindowsException'> (0x00000000e25dc3b8) thrown at [C:\re\workspace\8-2-build-windows-amd64-cygwin\jdk8u51\3951\hotspot\src\share\vm\prims\jni.cpp, line 709]
Event: 676.288 Thread 0x000000001a07b800 Exception <a 'sun/nio/fs/WindowsException'> (0x00000000d8b6e720) thrown at [C:\re\workspace\8-2-build-windows-amd64-cygwin\jdk8u51\3951\hotspot\src\share\vm\prims\jni.cpp, line 709]
Event: 676.288 Thread 0x000000001a07b800 Exception <a 'sun/nio/fs/WindowsException'> (0x00000000d8b6ecc0) thrown at [C:\re\workspace\8-2-build-windows-amd64-cygwin\jdk8u51\3951\hotspot\src\share\vm\prims\jni.cpp, line 709]
Event: 676.288 Thread 0x000000001a07b800 Exception <a 'sun/nio/fs/WindowsException'> (0x00000000d8b6fa38) thrown at [C:\re\workspace\8-2-build-windows-amd64-cygwin\jdk8u51\3951\hotspot\src\share\vm\prims\jni.cpp, line 709]
Event: 676.288 Thread 0x000000001a07b800 Exception <a 'sun/nio/fs/WindowsException'> (0x00000000d8b6ffe8) thrown at [C:\re\workspace\8-2-build-windows-amd64-cygwin\jdk8u51\3951\hotspot\src\share\vm\prims\jni.cpp, line 709]
Event: 676.288 Thread 0x000000001a07b800 Exception <a 'sun/nio/fs/WindowsException'> (0x00000000d8b70cf0) thrown at [C:\re\workspace\8-2-build-windows-amd64-cygwin\jdk8u51\3951\hotspot\src\share\vm\prims\jni.cpp, line 709]
Event: 676.289 Thread 0x000000001a07b800 Exception <a 'sun/nio/fs/WindowsException'> (0x00000000d8b711f0) thrown at [C:\re\workspace\8-2-build-windows-amd64-cygwin\jdk8u51\3951\hotspot\src\share\vm\prims\jni.cpp, line 709]

Events (10 events):
Event: 676.312 Thread 0x000000001a07b800 Uncommon trap: trap_request=0xffffffde fr.pc=0x0000000004e38c04
Event: 676.312 Thread 0x000000001a07b800 DEOPT PACKING pc=0x0000000004e38c04 sp=0x00000000289fe500
Event: 676.312 Thread 0x000000001a07b800 DEOPT UNPACKING pc=0x00000000032b582a sp=0x00000000289fe4c8 mode 2
Event: 676.327 Thread 0x000000001a07b800 Uncommon trap: trap_request=0xffffff65 fr.pc=0x000000000547f270
Event: 676.327 Thread 0x000000001a07b800 DEOPT PACKING pc=0x000000000547f270 sp=0x00000000289fe890
Event: 676.328 Thread 0x000000001a07b800 DEOPT UNPACKING pc=0x00000000032b582a sp=0x00000000289fe838 mode 2
Event: 676.358 Thread 0x000000001a07b800 DEOPT PACKING pc=0x0000000005e4f382 sp=0x00000000289fdcd0
Event: 676.358 Thread 0x000000001a07b800 DEOPT UNPACKING pc=0x00000000032b787f sp=0x00000000289fda60 mode 0
Event: 676.378 Thread 0x0000000002f92800 DEOPT PACKING pc=0x000000000569baf8 sp=0x0000000002f8deb0
Event: 676.378 Thread 0x0000000002f92800 DEOPT UNPACKING pc=0x00000000032b787f sp=0x0000000002f8dbf0 mode 0


Dynamic libraries:
0x00007ff6f1270000 - 0x00007ff6f12a7000 	C:\Program Files (x86)\Minecraft\runtime\jre-x64\bin\java.exe
0x00007ff8dfd70000 - 0x00007ff8dff65000 	C:\WINDOWS\SYSTEM32\ntdll.dll
0x00007ff8de750000 - 0x00007ff8de80d000 	C:\WINDOWS\System32\KERNEL32.DLL
0x00007ff8ddb10000 - 0x00007ff8dddd7000 	C:\WINDOWS\System32\KERNELBASE.dll
0x00007ff8decf0000 - 0x00007ff8ded9a000 	C:\WINDOWS\System32\ADVAPI32.dll
0x00007ff8de0b0000 - 0x00007ff8de14e000 	C:\WINDOWS\System32\msvcrt.dll
0x00007ff8df520000 - 0x00007ff8df5bb000 	C:\WINDOWS\System32\sechost.dll
0x00007ff8dfa50000 - 0x00007ff8dfb73000 	C:\WINDOWS\System32\RPCRT4.dll
0x00007ff8ddde0000 - 0x00007ff8ddf80000 	C:\WINDOWS\System32\USER32.dll
0x00007ff8dd510000 - 0x00007ff8dd532000 	C:\WINDOWS\System32\win32u.dll
0x00007ff8de600000 - 0x00007ff8de62a000 	C:\WINDOWS\System32\GDI32.dll
0x00007ff8dd6a0000 - 0x00007ff8dd7aa000 	C:\WINDOWS\System32\gdi32full.dll
0x00007ff8dd7e0000 - 0x00007ff8dd87d000 	C:\WINDOWS\System32\msvcp_win.dll
0x00007ff8dd8e0000 - 0x00007ff8dd9e0000 	C:\WINDOWS\System32\ucrtbase.dll
0x00007ff8c0380000 - 0x00007ff8c061a000 	C:\WINDOWS\WinSxS\amd64_microsoft.windows.common-controls_6595b64144ccf1df_6.0.19041.1_none_b555e41d4684ddec\COMCTL32.dll
0x00007ff8deda0000 - 0x00007ff8dedd0000 	C:\WINDOWS\System32\IMM32.DLL
0x000000006b690000 - 0x000000006b762000 	C:\Program Files (x86)\Minecraft\runtime\jre-x64\bin\msvcr100.dll
0x000000006ae00000 - 0x000000006b683000 	C:\Program Files (x86)\Minecraft\runtime\jre-x64\bin\server\jvm.dll
0x00007ff8de1d0000 - 0x00007ff8de1d8000 	C:\WINDOWS\System32\PSAPI.DLL
0x00007ff8d64a0000 - 0x00007ff8d64c7000 	C:\WINDOWS\SYSTEM32\WINMM.dll
0x00007ff8b8050000 - 0x00007ff8b8059000 	C:\WINDOWS\SYSTEM32\WSOCK32.dll
0x00007ff8d6230000 - 0x00007ff8d623a000 	C:\WINDOWS\SYSTEM32\VERSION.dll
0x00007ff8de810000 - 0x00007ff8de87b000 	C:\WINDOWS\System32\WS2_32.dll
0x000000006adf0000 - 0x000000006adff000 	C:\Program Files (x86)\Minecraft\runtime\jre-x64\bin\verify.dll
0x000000006adc0000 - 0x000000006ade9000 	C:\Program Files (x86)\Minecraft\runtime\jre-x64\bin\java.dll
0x000000006ad90000 - 0x000000006adb3000 	C:\Program Files (x86)\Minecraft\runtime\jre-x64\bin\instrument.dll
0x000000006ad70000 - 0x000000006ad86000 	C:\Program Files (x86)\Minecraft\runtime\jre-x64\bin\zip.dll
0x00007ff8dedd0000 - 0x00007ff8df510000 	C:\WINDOWS\System32\SHELL32.dll
0x00007ff8db500000 - 0x00007ff8dbc91000 	C:\WINDOWS\SYSTEM32\windows.storage.dll
0x00007ff8de2a0000 - 0x00007ff8de5f3000 	C:\WINDOWS\System32\combase.dll
0x00007ff8dce70000 - 0x00007ff8dce9c000 	C:\WINDOWS\SYSTEM32\Wldp.dll
0x00007ff8ddfa0000 - 0x00007ff8de04e000 	C:\WINDOWS\System32\SHCORE.dll
0x00007ff8de050000 - 0x00007ff8de0a5000 	C:\WINDOWS\System32\shlwapi.dll
0x00007ff8dd400000 - 0x00007ff8dd41f000 	C:\WINDOWS\SYSTEM32\profapi.dll
0x00007ff8caa00000 - 0x00007ff8caa1a000 	C:\Users\ervin_1nmnhvl\AppData\Local\JetBrains\Toolbox\apps\IDEA-U\ch-0\202.6397.94\bin\breakgen64.dll
0x000000006ad50000 - 0x000000006ad6a000 	C:\Program Files (x86)\Minecraft\runtime\jre-x64\bin\net.dll
0x00007ff8dcc60000 - 0x00007ff8dccca000 	C:\WINDOWS\system32\mswsock.dll
0x000000006ad40000 - 0x000000006ad4d000 	C:\Program Files (x86)\Minecraft\runtime\jre-x64\bin\management.dll
0x00007ff8aa430000 - 0x00007ff8aa447000 	C:\WINDOWS\system32\napinsp.dll
0x00007ff8aa260000 - 0x00007ff8aa27b000 	C:\WINDOWS\system32\pnrpnsp.dll
0x00007ff8d8210000 - 0x00007ff8d8225000 	C:\WINDOWS\system32\wshbth.dll
0x00007ff8d8e80000 - 0x00007ff8d8e9d000 	C:\WINDOWS\system32\NLAapi.dll
0x00007ff8dc920000 - 0x00007ff8dc95b000 	C:\WINDOWS\SYSTEM32\IPHLPAPI.DLL
0x00007ff8dc970000 - 0x00007ff8dca3a000 	C:\WINDOWS\SYSTEM32\DNSAPI.dll
0x00007ff8df910000 - 0x00007ff8df919000 	C:\WINDOWS\System32\NSI.dll
0x00007ff8b4ae0000 - 0x00007ff8b4af2000 	C:\WINDOWS\System32\winrnr.dll
0x00007ff8cdbd0000 - 0x00007ff8cdbda000 	C:\Windows\System32\rasadhlp.dll
0x00007ff8d1e90000 - 0x00007ff8d1f0f000 	C:\WINDOWS\System32\fwpuclnt.dll
0x00007ff8dd7b0000 - 0x00007ff8dd7d7000 	C:\WINDOWS\System32\bcrypt.dll
0x00007ff8d4530000 - 0x00007ff8d4547000 	C:\WINDOWS\SYSTEM32\dhcpcsvc6.DLL
0x00007ff8d3d70000 - 0x00007ff8d3d8d000 	C:\WINDOWS\SYSTEM32\dhcpcsvc.DLL
0x00007ff8dd1c0000 - 0x00007ff8dd1d8000 	C:\WINDOWS\SYSTEM32\CRYPTSP.dll
0x00007ff8dc4a0000 - 0x00007ff8dc4d4000 	C:\WINDOWS\system32\rsaenh.dll
0x00007ff8dd3c0000 - 0x00007ff8dd3ee000 	C:\WINDOWS\SYSTEM32\USERENV.dll
0x00007ff8dda90000 - 0x00007ff8ddb0f000 	C:\WINDOWS\System32\bcryptprimitives.dll
0x00007ff8dcde0000 - 0x00007ff8dcdec000 	C:\WINDOWS\SYSTEM32\CRYPTBASE.dll
0x000000006ad20000 - 0x000000006ad31000 	C:\Program Files (x86)\Minecraft\runtime\jre-x64\bin\nio.dll
0x000000006acf0000 - 0x000000006ad14000 	C:\Program Files (x86)\Minecraft\runtime\jre-x64\bin\sunec.dll
0x00007ff8a3a60000 - 0x00007ff8a3ad2000 	C:\Users\ervin_1nmnhvl\AppData\Local\Temp\lwjglervin_1nmnhvl\3.2.2-build-10\lwjgl.dll
0x00007ff89fec0000 - 0x00007ff8a0111000 	C:\Users\ERVIN_~1\AppData\Local\Temp\lwjglervin_1nmnhvl\3.2.2-build-10\jemalloc.dll
0x00007ff8b5190000 - 0x00007ff8b51ee000 	C:\Users\ERVIN_~1\AppData\Local\Temp\lwjglervin_1nmnhvl\3.2.2-build-10\glfw.dll
0x00007ff8dacb0000 - 0x00007ff8dad4f000 	C:\WINDOWS\system32\uxtheme.dll
0x00007ff8b5d00000 - 0x00007ff8b5d45000 	C:\WINDOWS\SYSTEM32\dinput8.dll
0x00007ff8c2720000 - 0x00007ff8c2731000 	C:\WINDOWS\SYSTEM32\xinput1_4.dll
0x00007ff8dd4c0000 - 0x00007ff8dd50d000 	C:\WINDOWS\System32\cfgmgr32.dll
0x00007ff8dd280000 - 0x00007ff8dd2ac000 	C:\WINDOWS\SYSTEM32\DEVOBJ.dll
0x00007ff8db030000 - 0x00007ff8db05f000 	C:\WINDOWS\SYSTEM32\dwmapi.dll
0x00007ff8cce20000 - 0x00007ff8ccf72000 	C:\WINDOWS\SYSTEM32\inputhost.dll
0x00007ff8df840000 - 0x00007ff8df90d000 	C:\WINDOWS\System32\OLEAUT32.dll
0x00007ff8da5f0000 - 0x00007ff8da6e2000 	C:\WINDOWS\SYSTEM32\CoreMessaging.dll
0x00007ff8d8b80000 - 0x00007ff8d8c75000 	C:\WINDOWS\SYSTEM32\PROPSYS.dll
0x00007ff8da110000 - 0x00007ff8da266000 	C:\WINDOWS\SYSTEM32\wintypes.dll
0x00007ff8da6f0000 - 0x00007ff8daa4a000 	C:\WINDOWS\SYSTEM32\CoreUIComponents.dll
0x00007ff8dc0f0000 - 0x00007ff8dc123000 	C:\WINDOWS\SYSTEM32\ntmarta.dll
0x00007ff8db4e0000 - 0x00007ff8db4f3000 	C:\WINDOWS\SYSTEM32\kernel.appcore.dll
0x00007ff8de630000 - 0x00007ff8de745000 	C:\WINDOWS\System32\MSCTF.dll
0x00007ff8dbca0000 - 0x00007ff8dbcad000 	C:\WINDOWS\SYSTEM32\HID.DLL
0x00007ff8de880000 - 0x00007ff8dece7000 	C:\WINDOWS\System32\SETUPAPI.DLL
0x00007ff8dd880000 - 0x00007ff8dd8e0000 	C:\WINDOWS\System32\WINTRUST.dll
0x00007ff8dd540000 - 0x00007ff8dd69d000 	C:\WINDOWS\System32\CRYPT32.dll
0x00007ff8dd1f0000 - 0x00007ff8dd202000 	C:\WINDOWS\SYSTEM32\MSASN1.dll
0x00007ff89c4f0000 - 0x00007ff89c64c000 	C:\WINDOWS\SYSTEM32\opengl32.dll
0x00007ff89e7b0000 - 0x00007ff89e7dc000 	C:\WINDOWS\SYSTEM32\GLU32.dll
0x00007ff87ef70000 - 0x00007ff87fbf4000 	C:\WINDOWS\SYSTEM32\ig4icd64.dll
0x00007ff8dbd00000 - 0x00007ff8dbdf3000 	C:\WINDOWS\SYSTEM32\dxgi.dll
0x00007ff8d9cb0000 - 0x00007ff8d9f13000 	C:\WINDOWS\SYSTEM32\d3d11.dll
0x00007ff8d25f0000 - 0x00007ff8d262b000 	C:\WINDOWS\SYSTEM32\dxcore.dll
0x00007ff8ccf80000 - 0x00007ff8cd07c000 	C:\WINDOWS\SYSTEM32\textinputframework.dll
0x00007ff8af1b0000 - 0x00007ff8af208000 	C:\Users\ervin_1nmnhvl\AppData\Local\Temp\lwjglervin_1nmnhvl\3.2.2-build-10\lwjgl_opengl.dll
0x00007ff8a39e0000 - 0x00007ff8a3a5f000 	C:\Users\ervin_1nmnhvl\AppData\Local\Temp\lwjglervin_1nmnhvl\3.2.2-build-10\lwjgl_stb.dll
0x00007ff8df920000 - 0x00007ff8dfa49000 	C:\WINDOWS\System32\ole32.dll
0x00007ff8a8f40000 - 0x00007ff8a9b90000 	C:\WINDOWS\SYSTEM32\igd10umd64.dll
0x00007ff8d7e20000 - 0x00007ff8d7ece000 	C:\WINDOWS\SYSTEM32\mscms.dll
0x00007ff8d7b80000 - 0x00007ff8d7b91000 	C:\WINDOWS\SYSTEM32\ColorAdapterClient.dll
0x00007ff8d1150000 - 0x00007ff8d1193000 	C:\WINDOWS\SYSTEM32\icm32.dll
0x00007ff8abbb0000 - 0x00007ff8abbf2000 	C:\Users\ervin_1nmnhvl\AppData\Local\Temp\jna-2118671535\jna2250107368187997499.dll
0x00007ff8c2700000 - 0x00007ff8c271a000 	C:\save\modding\ervin_mod_1\build\natives\SAPIWrapper_x64.dll
0x00007ff8df6a0000 - 0x00007ff8df748000 	C:\WINDOWS\System32\clbcatq.dll
0x00007ff89c650000 - 0x00007ff89c7d4000 	C:\WINDOWS\System32\Speech\Common\sapi.dll
0x00007ff8b4690000 - 0x00007ff8b46ae000 	C:\WINDOWS\SYSTEM32\MSACM32.dll
0x00007ff8bbbf0000 - 0x00007ff8bbbfb000 	C:\WINDOWS\SYSTEM32\msdmo.dll
0x00007ff8bcd60000 - 0x00007ff8bcd86000 	C:\WINDOWS\SYSTEM32\winmmbase.dll
0x00007ff8ce7c0000 - 0x00007ff8ce845000 	C:\WINDOWS\System32\MMDevApi.dll
0x00007ff8a43d0000 - 0x00007ff8a44e4000 	C:\Users\ERVIN_~1\AppData\Local\Temp\lwjglervin_1nmnhvl\3.2.2-build-10\OpenAL.dll
0x00007ff8c6810000 - 0x00007ff8c6990000 	C:\WINDOWS\SYSTEM32\AUDIOSES.DLL
0x00007ff8dca90000 - 0x00007ff8dcadb000 	C:\WINDOWS\SYSTEM32\powrprof.dll
0x00007ff8dc900000 - 0x00007ff8dc912000 	C:\WINDOWS\SYSTEM32\UMPDC.dll
0x00007ff8dae30000 - 0x00007ff8dae44000 	C:\WINDOWS\SYSTEM32\resourcepolicyclient.dll
0x000000006ab50000 - 0x000000006ace8000 	C:\Program Files (x86)\Minecraft\runtime\jre-x64\bin\awt.dll
0x00007ff8dab80000 - 0x00007ff8dac10000 	C:\WINDOWS\SYSTEM32\apphelp.dll
0x00007ff8d4670000 - 0x00007ff8d4854000 	C:\WINDOWS\SYSTEM32\dbghelp.dll

VM Arguments:
jvm_args: -Dforge.logging.console.level=debug -Dforge.logging.markers=SCAN,REGISTRIES,REGISTRYDUMP -XX:HeapDumpPath=MojangTricksIntelDriversForPerformance_javaw.exe_minecraft.exe.heapdump -Dos.name=Windows 10 -Dos.version=10.0 -javaagent:C:\Users\ervin_1nmnhvl\AppData\Local\JetBrains\Toolbox\apps\IDEA-U\ch-0\202.6397.94\lib\idea_rt.jar=50209:C:\Users\ervin_1nmnhvl\AppData\Local\JetBrains\Toolbox\apps\IDEA-U\ch-0\202.6397.94\bin -Dfile.encoding=UTF-8 
java_command: net.minecraftforge.userdev.LaunchTesting
java_class_path (initial): C:\Program Files (x86)\Minecraft\runtime\jre-x64\lib\charsets.jar;C:\Program Files (x86)\Minecraft\runtime\jre-x64\lib\deploy.jar;C:\Program Files (x86)\Minecraft\runtime\jre-x64\lib\ext\access-bridge-64.jar;C:\Program Files (x86)\Minecraft\runtime\jre-x64\lib\ext\cldrdata.jar;C:\Program Files (x86)\Minecraft\runtime\jre-x64\lib\ext\dnsns.jar;C:\Program Files (x86)\Minecraft\runtime\jre-x64\lib\ext\jaccess.jar;C:\Program Files (x86)\Minecraft\runtime\jre-x64\lib\ext\jfxrt.jar;C:\Program Files (x86)\Minecraft\runtime\jre-x64\lib\ext\localedata.jar;C:\Program Files (x86)\Minecraft\runtime\jre-x64\lib\ext\nashorn.jar;C:\Program Files (x86)\Minecraft\runtime\jre-x64\lib\ext\sunec.jar;C:\Program Files (x86)\Minecraft\runtime\jre-x64\lib\ext\sunjce_provider.jar;C:\Program Files (x86)\Minecraft\runtime\jre-x64\lib\ext\sunmscapi.jar;C:\Program Files (x86)\Minecraft\runtime\jre-x64\lib\ext\sunpkcs11.jar;C:\Program Files (x86)\Minecraft\runtime\jre-x64\lib\ext\zipfs.jar;C:\Program Files (x86)\Minecraft\runtime\jre-x64\lib\javaws.jar;C:\Program Files (x86)\Minecraft\runtime\jre-x64\lib\jce.jar;C:\Program Files (x86)\Minecraft\runtime\jre-x64\lib\jfr.jar;C:\Program Files (x86)\Minecraft\runtime\jre-x64\lib\jfxswt.jar;C:\Program Files (x86)\Minecraft\runtime\jre-x64\lib\jsse.jar;C:\Program Files (x86)\Minecraft\runtime\jre-x64\lib\management-agent.jar;C:\Program Files (x86)\Minecraft\runtime\jre-x64\lib\plugin.jar;C:\Program Files (x86)\Minecraft\runtime\jre-x64\lib\resources.jar;C:\Program Files (x86)\Minecraft\runtime\jre-x64\lib\rt.jar;C:\save\modding\ervin_mod_1\build\classes\java\main;C:\save\modding\ervin_mod_1\build\resources\main;C:\Users\ervin_1nmnhvl\.gradle\caches\forge_gradle\minecraft_user_repo\net\minecraftforge\forge\1.15.2-31.1.9_mapped_snapshot_20200427-1.15.1\forge-1.15.2-31.1.9_mapped_snapshot_20200427-1.15.1-recomp.jar;C:\Users\ervin_1nmnhvl\.gradle\caches\forge_gradle\minecraft_user_repo\net\minecraftforge\forge\1.15.2-31.1.9_map
Launcher Type: SUN_STANDARD

Environment Variables:
JAVA_HOME=C:\Program Files\Java\jdk-11.0.4
PATH=C:\Program Files\Docker\Docker\Resources\bin;C:\ProgramData\Oracle\Java\javapath;C:\WINDOWS\system32;C:\WINDOWS;C:\WINDOWS\System32\Wbem;C:\WINDOWS\System32\WindowsPowerShell\v1.0\;C:\Program Files (x86)\cloudControl;C:\Program Files\Git\cmd;C:\bin;C:\Program Files (x86)\Windows Kits\8.1\Windows Performance Toolkit\;C:\Program Files (x86)\PuTTY\;C:\Program Files (x86)\Nodist\bin;G:\save\sdk\android\tools;G:\save\sdk\android\platform-tools;C:\boxfuse;C:\Program Files (x86)\Skype\Phone\;C:\Program Files (x86)\GtkSharp\2.12\bin;C:\Program Files (x86)\IVI Foundation\VISA\WinNT\Bin;C:\WINDOWS\system32;C:\WINDOWS;C:\WINDOWS\System32\Wbem;C:\WINDOWS\System32\WindowsPowerShell\v1.0\;;C:\WINDOWS\System32\OpenSSH\;C:\Users\ervin_1nmnhvl\AppData\Local\Microsoft\WindowsApps;
USERNAME=ervin_1nmnhvl
OS=Windows_NT
PROCESSOR_IDENTIFIER=Intel64 Family 6 Model 42 Stepping 7, GenuineIntel



---------------  S Y S T E M  ---------------

OS: Windows 10.0 , 64 bit Build 19041 (10.0.19041.292)

CPU:total 4 (2 cores per cpu, 2 threads per core) family 6 model 42 stepping 7, cmov, cx8, fxsr, mmx, sse, sse2, sse3, ssse3, sse4.1, sse4.2, popcnt, avx, aes, clmul, ht, tsc, tscinvbit

Memory: 4k page, physical 8266764k(440244k free), swap 10363916k(5788k free)

vm_info: Java HotSpot(TM) 64-Bit Server VM (25.51-b03) for windows-amd64 JRE (1.8.0_51-b16), built on Jun  8 2015 18:03:07 by "java_re" with MS VC++ 10.0 (VS2010)

time: Wed Sep 02 11:42:06 2020
elapsed time: 676 seconds (0d 0h 11m 16s)

