#
# There is insufficient memory for the Java Runtime Environment to continue.
# Native memory allocation (malloc) failed to allocate 1326256 bytes for Chunk::new
# Possible reasons:
#   The system is out of physical RAM or swap space
#   In 32 bit mode, the process size limit was hit
# Possible solutions:
#   Reduce memory load on the system
#   Increase physical memory or swap space
#   Check if swap backing store is full
#   Use 64 bit Java on a 64 bit OS
#   Decrease Java heap size (-Xmx/-Xms)
#   Decrease number of Java threads
#   Decrease Java thread stack sizes (-Xss)
#   Set larger code cache with -XX:ReservedCodeCacheSize=
# This output file may be truncated or incomplete.
#
#  Out of Memory Error (allocation.cpp:390), pid=8416, tid=22952
#
# JRE version: Java(TM) SE Runtime Environment (8.0_51-b16) (build 1.8.0_51-b16)
# Java VM: Java HotSpot(TM) 64-Bit Server VM (25.51-b03 mixed mode windows-amd64 compressed oops)
# Failed to write core dump. Minidumps are not enabled by default on client versions of Windows
#

---------------  T H R E A D  ---------------

Current thread (0x000000001712b000):  JavaThread "C2 CompilerThread0" daemon [_thread_in_native, id=22952, stack(0x0000000018b20000,0x0000000018c20000)]

Stack: [0x0000000018b20000,0x0000000018c20000]
Native frames: (J=compiled Java code, j=interpreted, Vv=VM code, C=native code)
V  [jvm.dll+0x32b4ca]
V  [jvm.dll+0x2797e3]
V  [jvm.dll+0x27a479]
V  [jvm.dll+0x271765]
V  [jvm.dll+0xcba02]
V  [jvm.dll+0xcbecc]
V  [jvm.dll+0x492a7c]
V  [jvm.dll+0x45f7bf]
V  [jvm.dll+0x46a7cb]
V  [jvm.dll+0x46cde2]
V  [jvm.dll+0x4501a2]
V  [jvm.dll+0xa43a2]
V  [jvm.dll+0xa4cdf]
V  [jvm.dll+0x2418a4]
V  [jvm.dll+0x29846a]
C  [msvcr100.dll+0x21d9f]
C  [msvcr100.dll+0x21e3b]
C  [KERNEL32.DLL+0x17034]
C  [ntdll.dll+0x4cec1]


Current CompileTask:
C2:  65554 9977       4       com.google.gson.internal.bind.TypeAdapters$29::read (209 bytes)


---------------  P R O C E S S  ---------------

Java Threads: ( => current thread )
  0x000000001b6cf000 JavaThread "Keep-Alive-Timer" daemon [_thread_blocked, id=22432, stack(0x0000000028010000,0x0000000028110000)]
  0x000000001b6c7800 JavaThread "modloading-worker-3" daemon [_thread_blocked, id=11740, stack(0x000000002cf70000,0x000000002d070000)]
  0x000000001b6ce800 JavaThread "Worker-Main-6" daemon [_thread_in_native, id=6788, stack(0x000000002b290000,0x000000002b390000)]
  0x000000001b6cd800 JavaThread "modloading-worker-0" daemon [_thread_blocked, id=23424, stack(0x000000002b090000,0x000000002b190000)]
  0x000000001b6cd000 JavaThread "modloading-worker-1" daemon [_thread_blocked, id=11892, stack(0x000000002af90000,0x000000002b090000)]
  0x000000001b6cc000 JavaThread "Worker-Main-5" daemon [_thread_blocked, id=19224, stack(0x000000002ae90000,0x000000002af90000)]
  0x000000001b6ca800 JavaThread "Worker-Main-4" daemon [_thread_blocked, id=12944, stack(0x000000002a190000,0x000000002a290000)]
  0x000000001b6c8800 JavaThread "Narrator" [_thread_blocked, id=12232, stack(0x0000000029f80000,0x000000002a080000)]
  0x000000001b6c6000 JavaThread "Sound engine" daemon [_thread_blocked, id=22740, stack(0x0000000027f10000,0x0000000028010000)]
  0x000000001b6c9000 JavaThread "Snooper Timer" daemon [_thread_blocked, id=10540, stack(0x0000000027170000,0x0000000027270000)]
  0x000000001c238000 JavaThread "Timer hack thread" daemon [_thread_blocked, id=9372, stack(0x00000000255a0000,0x00000000256a0000)]
  0x000000002100c000 JavaThread "Worker-Bootstrap-3" daemon [_thread_in_Java, id=19472, stack(0x0000000022710000,0x0000000022810000)]
  0x000000002100b800 JavaThread "Worker-Bootstrap-2" daemon [_thread_in_Java, id=13884, stack(0x0000000021bd0000,0x0000000021cd0000)]
  0x0000000022c05000 JavaThread "Worker-Bootstrap-1" daemon [_thread_in_Java, id=19644, stack(0x0000000020700000,0x0000000020800000)]
  0x000000001a068000 JavaThread "pool-3-thread-1" [_thread_blocked, id=19500, stack(0x000000001c320000,0x000000001c420000)]
  0x000000001a101800 JavaThread "Thread-2" daemon [_thread_in_native, id=2696, stack(0x000000001c520000,0x000000001c620000)]
  0x000000001a101000 JavaThread "Thread-1" daemon [_thread_blocked, id=22824, stack(0x000000001c420000,0x000000001c520000)]
  0x0000000018e9b000 JavaThread "Service Thread" daemon [_thread_blocked, id=20896, stack(0x0000000019620000,0x0000000019720000)]
  0x0000000018a08000 JavaThread "C1 CompilerThread2" daemon [_thread_blocked, id=19368, stack(0x0000000018d20000,0x0000000018e20000)]
  0x000000001712c000 JavaThread "C2 CompilerThread1" daemon [_thread_blocked, id=22992, stack(0x0000000018c20000,0x0000000018d20000)]
=>0x000000001712b000 JavaThread "C2 CompilerThread0" daemon [_thread_in_native, id=22952, stack(0x0000000018b20000,0x0000000018c20000)]
  0x0000000018850000 JavaThread "Monitor Ctrl-Break" daemon [_thread_in_native, id=20456, stack(0x0000000018a20000,0x0000000018b20000)]
  0x00000000170d6800 JavaThread "Attach Listener" daemon [_thread_blocked, id=21404, stack(0x0000000018520000,0x0000000018620000)]
  0x00000000170d5800 JavaThread "Signal Dispatcher" daemon [_thread_blocked, id=21652, stack(0x0000000018420000,0x0000000018520000)]
  0x000000000244b800 JavaThread "Finalizer" daemon [_thread_blocked, id=12044, stack(0x0000000018320000,0x0000000018420000)]
  0x0000000002448000 JavaThread "Reference Handler" daemon [_thread_blocked, id=20616, stack(0x0000000018220000,0x0000000018320000)]
  0x0000000002352800 JavaThread "Render thread" [_thread_in_vm, id=13456, stack(0x0000000002230000,0x0000000002330000)]

Other Threads:
  0x0000000017099000 VMThread [stack: 0x0000000018120000,0x0000000018220000] [id=14976]
  0x0000000018eb7800 WatcherThread [stack: 0x0000000019720000,0x0000000019820000] [id=14100]

VM state:not at safepoint (normal execution)

VM Mutex/Monitor currently owned by a thread: None

Heap:
 PSYoungGen      total 629760K, used 231988K [0x00000000d5f00000, 0x0000000100000000, 0x0000000100000000)
  eden space 576512K, 40% used [0x00000000d5f00000,0x00000000e4064d90,0x00000000f9200000)
  from space 53248K, 2% used [0x00000000f9200000,0x00000000f9328648,0x00000000fc600000)
  to   space 56832K, 0% used [0x00000000fc880000,0x00000000fc880000,0x0000000100000000)
 ParOldGen       total 283648K, used 277463K [0x0000000081c00000, 0x0000000093100000, 0x00000000d5f00000)
  object space 283648K, 97% used [0x0000000081c00000,0x0000000092af5f28,0x0000000093100000)
 Metaspace       used 75589K, capacity 83234K, committed 83456K, reserved 1118208K
  class space    used 11864K, capacity 14242K, committed 14336K, reserved 1048576K

Card table byte_map: [0x0000000011960000,0x0000000011d60000] byte_map_base: 0x0000000011552000

Marking Bits: (ParMarkBitMap*) 0x0000000065fb4040
 Begin Bits: [0x0000000012410000, 0x00000000143a0000)
 End Bits:   [0x00000000143a0000, 0x0000000016330000)

Polling page: 0x0000000000520000

CodeCache: size=245760Kb used=24139Kb max_used=24152Kb free=221620Kb
 bounds [0x00000000025a0000, 0x0000000003d60000, 0x00000000115a0000]
 total_blobs=9062 nmethods=7592 adapters=1379
 compilation: enabled

Compilation events (10 events):
Event: 65.438 Thread 0x0000000018a08000 nmethod 10026 0x0000000003d488d0 code [0x0000000003d48a40, 0x0000000003d48c48]
Event: 65.438 Thread 0x0000000018a08000 10027       3       com.mojang.blaze3d.vertex.IVertexConsumer::tex (68 bytes)
Event: 65.439 Thread 0x0000000018a08000 nmethod 10027 0x0000000003d48d10 code [0x0000000003d48ee0, 0x0000000003d496a8]
Event: 65.439 Thread 0x0000000018a08000 10028       3       com.mojang.blaze3d.platform.GlStateManager::clientActiveTexture (13 bytes)
Event: 65.440 Thread 0x0000000018a08000 nmethod 10028 0x0000000003d49850 code [0x0000000003d49a20, 0x0000000003d4a1d8]
Event: 65.440 Thread 0x0000000018a08000 10029       3       com.mojang.blaze3d.platform.GlStateManager$$Lambda$4447/67168065::get (7 bytes)
Event: 65.440 Thread 0x0000000018a08000 nmethod 10029 0x0000000003d4a490 code [0x0000000003d4a600, 0x0000000003d4a8f0]
Event: 65.466 Thread 0x0000000018a08000 10030   !   3       net.minecraft.resources.VanillaPack::getExtraInputStream (49 bytes)
Event: 65.469 Thread 0x0000000018a08000 nmethod 10030 0x0000000003d4a9d0 code [0x0000000003d4adc0, 0x0000000003d4d1d8]
Event: 65.487 Thread 0x000000001712c000 10031       4       com.google.common.collect.ImmutableList::equals (6 bytes)

GC Heap History (10 events):
Event: 61.726 GC heap before
{Heap before GC invocations=94 (full 5):
 PSYoungGen      total 626176K, used 607818K [0x00000000d5f00000, 0x0000000100000000, 0x0000000100000000)
  eden space 567296K, 100% used [0x00000000d5f00000,0x00000000f8900000,0x00000000f8900000)
  from space 58880K, 68% used [0x00000000fc200000,0x00000000fe992958,0x00000000ffb80000)
  to   space 58368K, 0% used [0x00000000f8900000,0x00000000f8900000,0x00000000fc200000)
 ParOldGen       total 283648K, used 270051K [0x0000000081c00000, 0x0000000093100000, 0x00000000d5f00000)
  object space 283648K, 95% used [0x0000000081c00000,0x00000000923b8d88,0x0000000093100000)
 Metaspace       used 73547K, capacity 80920K, committed 81024K, reserved 1116160K
  class space    used 11552K, capacity 13865K, committed 13952K, reserved 1048576K
Event: 61.778 GC heap after
Heap after GC invocations=94 (full 5):
 PSYoungGen      total 625664K, used 35337K [0x00000000d5f00000, 0x00000000ffb80000, 0x0000000100000000)
  eden space 567296K, 0% used [0x00000000d5f00000,0x00000000d5f00000,0x00000000f8900000)
  from space 58368K, 60% used [0x00000000f8900000,0x00000000fab825c0,0x00000000fc200000)
  to   space 56320K, 0% used [0x00000000fc480000,0x00000000fc480000,0x00000000ffb80000)
 ParOldGen       total 283648K, used 270885K [0x0000000081c00000, 0x0000000093100000, 0x00000000d5f00000)
  object space 283648K, 95% used [0x0000000081c00000,0x0000000092489450,0x0000000093100000)
 Metaspace       used 73547K, capacity 80920K, committed 81024K, reserved 1116160K
  class space    used 11552K, capacity 13865K, committed 13952K, reserved 1048576K
}
Event: 62.838 GC heap before
{Heap before GC invocations=95 (full 5):
 PSYoungGen      total 625664K, used 602633K [0x00000000d5f00000, 0x00000000ffb80000, 0x0000000100000000)
  eden space 567296K, 100% used [0x00000000d5f00000,0x00000000f8900000,0x00000000f8900000)
  from space 58368K, 60% used [0x00000000f8900000,0x00000000fab825c0,0x00000000fc200000)
  to   space 56320K, 0% used [0x00000000fc480000,0x00000000fc480000,0x00000000ffb80000)
 ParOldGen       total 283648K, used 270886K [0x0000000081c00000, 0x0000000093100000, 0x00000000d5f00000)
  object space 283648K, 95% used [0x0000000081c00000,0x0000000092489910,0x0000000093100000)
 Metaspace       used 74031K, capacity 81462K, committed 81536K, reserved 1116160K
  class space    used 11638K, capacity 13940K, committed 13952K, reserved 1048576K
Event: 62.877 GC heap after
Heap after GC invocations=95 (full 5):
 PSYoungGen      total 627200K, used 17657K [0x00000000d5f00000, 0x0000000100000000, 0x0000000100000000)
  eden space 570880K, 0% used [0x00000000d5f00000,0x00000000d5f00000,0x00000000f8c80000)
  from space 56320K, 31% used [0x00000000fc480000,0x00000000fd5be750,0x00000000ffb80000)
  to   space 57344K, 0% used [0x00000000f8c80000,0x00000000f8c80000,0x00000000fc480000)
 ParOldGen       total 283648K, used 273741K [0x0000000081c00000, 0x0000000093100000, 0x00000000d5f00000)
  object space 283648K, 96% used [0x0000000081c00000,0x0000000092753658,0x0000000093100000)
 Metaspace       used 74031K, capacity 81462K, committed 81536K, reserved 1116160K
  class space    used 11638K, capacity 13940K, committed 13952K, reserved 1048576K
}
Event: 63.438 GC heap before
{Heap before GC invocations=96 (full 5):
 PSYoungGen      total 627200K, used 588537K [0x00000000d5f00000, 0x0000000100000000, 0x0000000100000000)
  eden space 570880K, 100% used [0x00000000d5f00000,0x00000000f8c80000,0x00000000f8c80000)
  from space 56320K, 31% used [0x00000000fc480000,0x00000000fd5be750,0x00000000ffb80000)
  to   space 57344K, 0% used [0x00000000f8c80000,0x00000000f8c80000,0x00000000fc480000)
 ParOldGen       total 283648K, used 273741K [0x0000000081c00000, 0x0000000093100000, 0x00000000d5f00000)
  object space 283648K, 96% used [0x0000000081c00000,0x0000000092753658,0x0000000093100000)
 Metaspace       used 74641K, capacity 82170K, committed 82560K, reserved 1118208K
  class space    used 11727K, capacity 14094K, committed 14208K, reserved 1048576K
Event: 63.504 GC heap after
Heap after GC invocations=96 (full 5):
 PSYoungGen      total 628224K, used 33784K [0x00000000d5f00000, 0x00000000ffd00000, 0x0000000100000000)
  eden space 570880K, 0% used [0x00000000d5f00000,0x00000000d5f00000,0x00000000f8c80000)
  from space 57344K, 58% used [0x00000000f8c80000,0x00000000fad7e218,0x00000000fc480000)
  to   space 55296K, 0% used [0x00000000fc700000,0x00000000fc700000,0x00000000ffd00000)
 ParOldGen       total 283648K, used 275734K [0x0000000081c00000, 0x0000000093100000, 0x00000000d5f00000)
  object space 283648K, 97% used [0x0000000081c00000,0x0000000092945ae8,0x0000000093100000)
 Metaspace       used 74641K, capacity 82170K, committed 82560K, reserved 1118208K
  class space    used 11727K, capacity 14094K, committed 14208K, reserved 1048576K
}
Event: 64.397 GC heap before
{Heap before GC invocations=97 (full 5):
 PSYoungGen      total 628224K, used 604664K [0x00000000d5f00000, 0x00000000ffd00000, 0x0000000100000000)
  eden space 570880K, 100% used [0x00000000d5f00000,0x00000000f8c80000,0x00000000f8c80000)
  from space 57344K, 58% used [0x00000000f8c80000,0x00000000fad7e218,0x00000000fc480000)
  to   space 55296K, 0% used [0x00000000fc700000,0x00000000fc700000,0x00000000ffd00000)
 ParOldGen       total 283648K, used 275734K [0x0000000081c00000, 0x0000000093100000, 0x00000000d5f00000)
  object space 283648K, 97% used [0x0000000081c00000,0x0000000092945ae8,0x0000000093100000)
 Metaspace       used 75519K, capacity 83144K, committed 83456K, reserved 1118208K
  class space    used 11860K, capacity 14239K, committed 14336K, reserved 1048576K
Event: 64.488 GC heap after
Heap after GC invocations=97 (full 5):
 PSYoungGen      total 628736K, used 34553K [0x00000000d5f00000, 0x00000000ffa00000, 0x0000000100000000)
  eden space 576512K, 0% used [0x00000000d5f00000,0x00000000d5f00000,0x00000000f9200000)
  from space 52224K, 66% used [0x00000000fc700000,0x00000000fe8be648,0x00000000ffa00000)
  to   space 53248K, 0% used [0x00000000f9200000,0x00000000f9200000,0x00000000fc600000)
 ParOldGen       total 283648K, used 276203K [0x0000000081c00000, 0x0000000093100000, 0x00000000d5f00000)
  object space 283648K, 97% used [0x0000000081c00000,0x00000000929baec8,0x0000000093100000)
 Metaspace       used 75519K, capacity 83144K, committed 83456K, reserved 1118208K
  class space    used 11860K, capacity 14239K, committed 14336K, reserved 1048576K
}
Event: 65.092 GC heap before
{Heap before GC invocations=98 (full 5):
 PSYoungGen      total 628736K, used 611065K [0x00000000d5f00000, 0x00000000ffa00000, 0x0000000100000000)
  eden space 576512K, 100% used [0x00000000d5f00000,0x00000000f9200000,0x00000000f9200000)
  from space 52224K, 66% used [0x00000000fc700000,0x00000000fe8be648,0x00000000ffa00000)
  to   space 53248K, 0% used [0x00000000f9200000,0x00000000f9200000,0x00000000fc600000)
 ParOldGen       total 283648K, used 276203K [0x0000000081c00000, 0x0000000093100000, 0x00000000d5f00000)
  object space 283648K, 97% used [0x0000000081c00000,0x00000000929baec8,0x0000000093100000)
 Metaspace       used 75557K, capacity 83158K, committed 83456K, reserved 1118208K
  class space    used 11864K, capacity 14242K, committed 14336K, reserved 1048576K
Event: 65.099 GC heap after
Heap after GC invocations=98 (full 5):
 PSYoungGen      total 629760K, used 1185K [0x00000000d5f00000, 0x0000000100000000, 0x0000000100000000)
  eden space 576512K, 0% used [0x00000000d5f00000,0x00000000d5f00000,0x00000000f9200000)
  from space 53248K, 2% used [0x00000000f9200000,0x00000000f9328648,0x00000000fc600000)
  to   space 56832K, 0% used [0x00000000fc880000,0x00000000fc880000,0x0000000100000000)
 ParOldGen       total 283648K, used 277463K [0x0000000081c00000, 0x0000000093100000, 0x00000000d5f00000)
  object space 283648K, 97% used [0x0000000081c00000,0x0000000092af5f28,0x0000000093100000)
 Metaspace       used 75557K, capacity 83158K, committed 83456K, reserved 1118208K
  class space    used 11864K, capacity 14242K, committed 14336K, reserved 1048576K
}

Deoptimization events (10 events):
Event: 64.563 Thread 0x000000001b6ca800 Uncommon trap: reason=class_check action=maybe_recompile pc=0x00000000039f19d0 method=net.minecraft.util.ResourceLocation.equals(Ljava/lang/Object;)Z @ 8
Event: 64.563 Thread 0x000000001b6ca800 Uncommon trap: reason=class_check action=maybe_recompile pc=0x00000000039f19d0 method=net.minecraft.util.ResourceLocation.equals(Ljava/lang/Object;)Z @ 8
Event: 65.052 Thread 0x000000001b6ca800 Uncommon trap: reason=class_check action=maybe_recompile pc=0x0000000003399b98 method=com.google.common.collect.Lists.equalsImpl(Ljava/util/List;Ljava/lang/Object;)Z @ 11
Event: 65.066 Thread 0x000000001b6ca800 Uncommon trap: reason=class_check action=maybe_recompile pc=0x0000000003d05dac method=com.google.gson.internal.bind.TypeAdapters$29.read(Lcom/google/gson/stream/JsonReader;)Lcom/google/gson/JsonElement; @ 102
Event: 65.066 Thread 0x000000001b6ca800 Uncommon trap: reason=unstable_if action=reinterpret pc=0x0000000003d1fd90 method=com.google.gson.internal.bind.JsonTreeReader.peek()Lcom/google/gson/stream/JsonToken; @ 138
Event: 65.066 Thread 0x000000001b6ca800 Uncommon trap: reason=class_check action=maybe_recompile pc=0x0000000003d05f68 method=com.google.gson.internal.bind.TypeAdapters$29.read(Lcom/google/gson/stream/JsonReader;)Lcom/google/gson/JsonElement; @ 102
Event: 65.078 Thread 0x000000001b6ca800 Uncommon trap: reason=class_check action=maybe_recompile pc=0x0000000003399b98 method=com.google.common.collect.Lists.equalsImpl(Ljava/util/List;Ljava/lang/Object;)Z @ 11
Event: 65.131 Thread 0x000000001b6ca800 Uncommon trap: reason=class_check action=maybe_recompile pc=0x0000000003399b98 method=com.google.common.collect.Lists.equalsImpl(Ljava/util/List;Ljava/lang/Object;)Z @ 11
Event: 65.146 Thread 0x000000001b6ca800 Uncommon trap: reason=class_check action=maybe_recompile pc=0x0000000003399b98 method=com.google.common.collect.Lists.equalsImpl(Ljava/util/List;Ljava/lang/Object;)Z @ 11
Event: 65.160 Thread 0x000000001b6ca800 Uncommon trap: reason=class_check action=maybe_recompile pc=0x0000000002c43878 method=com.google.common.collect.Lists.equalsImpl(Ljava/util/List;Ljava/lang/Object;)Z @ 11

Internal exceptions (10 events):
Event: 65.501 Thread 0x000000001b6cc000 Exception <a 'sun/nio/fs/WindowsException'> (0x00000000e1eae340) thrown at [C:\re\workspace\8-2-build-windows-amd64-cygwin\jdk8u51\3951\hotspot\src\share\vm\prims\jni.cpp, line 709]
Event: 65.501 Thread 0x000000001b6cc000 Exception <a 'sun/nio/fs/WindowsException'> (0x00000000e1eae730) thrown at [C:\re\workspace\8-2-build-windows-amd64-cygwin\jdk8u51\3951\hotspot\src\share\vm\prims\jni.cpp, line 709]
Event: 65.502 Thread 0x000000001b6cc000 Exception <a 'sun/nio/fs/WindowsException'> (0x00000000e1eaefd8) thrown at [C:\re\workspace\8-2-build-windows-amd64-cygwin\jdk8u51\3951\hotspot\src\share\vm\prims\jni.cpp, line 709]
Event: 65.502 Thread 0x000000001b6cc000 Exception <a 'sun/nio/fs/WindowsException'> (0x00000000e1eaf558) thrown at [C:\re\workspace\8-2-build-windows-amd64-cygwin\jdk8u51\3951\hotspot\src\share\vm\prims\jni.cpp, line 709]
Event: 65.502 Thread 0x000000001b6cc000 Exception <a 'sun/nio/fs/WindowsException'> (0x00000000e1eb0220) thrown at [C:\re\workspace\8-2-build-windows-amd64-cygwin\jdk8u51\3951\hotspot\src\share\vm\prims\jni.cpp, line 709]
Event: 65.502 Thread 0x000000001b6cc000 Exception <a 'sun/nio/fs/WindowsException'> (0x00000000e1eb06d0) thrown at [C:\re\workspace\8-2-build-windows-amd64-cygwin\jdk8u51\3951\hotspot\src\share\vm\prims\jni.cpp, line 709]
Event: 65.502 Thread 0x000000001b6ca800 Exception <a 'sun/nio/fs/WindowsException'> (0x00000000e1f48e70) thrown at [C:\re\workspace\8-2-build-windows-amd64-cygwin\jdk8u51\3951\hotspot\src\share\vm\prims\jni.cpp, line 709]
Event: 65.502 Thread 0x000000001b6ce800 Exception <a 'sun/nio/fs/WindowsException'> (0x00000000e1f146e8) thrown at [C:\re\workspace\8-2-build-windows-amd64-cygwin\jdk8u51\3951\hotspot\src\share\vm\prims\jni.cpp, line 709]
Event: 65.502 Thread 0x000000001b6ca800 Exception <a 'sun/nio/fs/WindowsException'> (0x00000000e1f493f0) thrown at [C:\re\workspace\8-2-build-windows-amd64-cygwin\jdk8u51\3951\hotspot\src\share\vm\prims\jni.cpp, line 709]
Event: 65.502 Thread 0x000000001b6ce800 Exception <a 'sun/nio/fs/WindowsException'> (0x00000000e1f14ad8) thrown at [C:\re\workspace\8-2-build-windows-amd64-cygwin\jdk8u51\3951\hotspot\src\share\vm\prims\jni.cpp, line 709]

Events (10 events):
Event: 65.199 Thread 0x000000001712c000 flushing nmethod 0x0000000002b6d250
Event: 65.218 Thread 0x000000001b6ce800 DEOPT PACKING pc=0x00000000032ce6ac sp=0x000000002b38e8e0
Event: 65.218 Thread 0x000000001b6ce800 DEOPT UNPACKING pc=0x00000000025e787f sp=0x000000002b38e650 mode 0
Event: 65.221 Thread 0x0000000018a08000 flushing nmethod 0x0000000002cba2d0
Event: 65.237 Thread 0x0000000018a08000 flushing nmethod 0x0000000002f0e310
Event: 65.242 Thread 0x0000000018a08000 flushing nmethod 0x0000000003291f90
Event: 65.245 Thread 0x0000000018a08000 flushing nmethod 0x00000000033ba850
Event: 65.277 Thread 0x0000000018a08000 flushing nmethod 0x00000000036bda10
Event: 65.279 Thread 0x0000000018a08000 flushing nmethod 0x00000000039ddd90
Event: 65.280 Thread 0x0000000018a08000 flushing nmethod 0x0000000003a92410


Dynamic libraries:
0x00007ff7c9df0000 - 0x00007ff7c9e27000 	C:\Program Files (x86)\Minecraft\runtime\jre-x64\bin\java.exe
0x00007fff75890000 - 0x00007fff75a86000 	C:\WINDOWS\SYSTEM32\ntdll.dll
0x00007fff74f50000 - 0x00007fff7500d000 	C:\WINDOWS\System32\KERNEL32.DLL
0x00007fff73320000 - 0x00007fff735e8000 	C:\WINDOWS\System32\KERNELBASE.dll
0x00007fff74940000 - 0x00007fff749ea000 	C:\WINDOWS\System32\ADVAPI32.dll
0x00007fff748a0000 - 0x00007fff7493e000 	C:\WINDOWS\System32\msvcrt.dll
0x00007fff74100000 - 0x00007fff7419b000 	C:\WINDOWS\System32\sechost.dll
0x00007fff753f0000 - 0x00007fff75514000 	C:\WINDOWS\System32\RPCRT4.dll
0x00007fff75520000 - 0x00007fff756c0000 	C:\WINDOWS\System32\USER32.dll
0x00007fff732f0000 - 0x00007fff73312000 	C:\WINDOWS\System32\win32u.dll
0x00007fff749f0000 - 0x00007fff74a1a000 	C:\WINDOWS\System32\GDI32.dll
0x00007fff73110000 - 0x00007fff73219000 	C:\WINDOWS\System32\gdi32full.dll
0x00007fff73750000 - 0x00007fff737ed000 	C:\WINDOWS\System32\msvcp_win.dll
0x00007fff72fe0000 - 0x00007fff730e0000 	C:\WINDOWS\System32\ucrtbase.dll
0x00007fff58400000 - 0x00007fff5869b000 	C:\WINDOWS\WinSxS\amd64_microsoft.windows.common-controls_6595b64144ccf1df_6.0.19041.488_none_ca04af081b815d21\COMCTL32.dll
0x00007fff73960000 - 0x00007fff73990000 	C:\WINDOWS\System32\IMM32.DLL
0x00000000663d0000 - 0x00000000664a2000 	C:\Program Files (x86)\Minecraft\runtime\jre-x64\bin\msvcr100.dll
0x00000000657b0000 - 0x0000000066033000 	C:\Program Files (x86)\Minecraft\runtime\jre-x64\bin\server\jvm.dll
0x00007fff75720000 - 0x00007fff75728000 	C:\WINDOWS\System32\PSAPI.DLL
0x00007fff6bc80000 - 0x00007fff6bca7000 	C:\WINDOWS\SYSTEM32\WINMM.dll
0x00007fff6ba30000 - 0x00007fff6ba3a000 	C:\WINDOWS\SYSTEM32\VERSION.dll
0x00007fff4f150000 - 0x00007fff4f159000 	C:\WINDOWS\SYSTEM32\WSOCK32.dll
0x00007fff74830000 - 0x00007fff7489b000 	C:\WINDOWS\System32\WS2_32.dll
0x00000000663c0000 - 0x00000000663cf000 	C:\Program Files (x86)\Minecraft\runtime\jre-x64\bin\verify.dll
0x0000000066390000 - 0x00000000663b9000 	C:\Program Files (x86)\Minecraft\runtime\jre-x64\bin\java.dll
0x0000000066360000 - 0x0000000066383000 	C:\Program Files (x86)\Minecraft\runtime\jre-x64\bin\instrument.dll
0x0000000066340000 - 0x0000000066356000 	C:\Program Files (x86)\Minecraft\runtime\jre-x64\bin\zip.dll
0x00007fff739a0000 - 0x00007fff740e0000 	C:\WINDOWS\System32\SHELL32.dll
0x00007fff70f00000 - 0x00007fff71694000 	C:\WINDOWS\SYSTEM32\windows.storage.dll
0x00007fff75010000 - 0x00007fff75365000 	C:\WINDOWS\System32\combase.dll
0x00007fff728b0000 - 0x00007fff728dc000 	C:\WINDOWS\SYSTEM32\Wldp.dll
0x00007fff74ea0000 - 0x00007fff74f4e000 	C:\WINDOWS\System32\SHCORE.dll
0x00007fff744d0000 - 0x00007fff74525000 	C:\WINDOWS\System32\shlwapi.dll
0x00007fff72f10000 - 0x00007fff72f36000 	C:\WINDOWS\SYSTEM32\profapi.dll
0x00007fff691d0000 - 0x00007fff691ea000 	C:\Users\ervin_1nmnhvl\AppData\Local\JetBrains\Toolbox\apps\IDEA-U\ch-0\202.6397.94\bin\breakgen64.dll
0x0000000066320000 - 0x000000006633a000 	C:\Program Files (x86)\Minecraft\runtime\jre-x64\bin\net.dll
0x00007fff726a0000 - 0x00007fff7270a000 	C:\WINDOWS\system32\mswsock.dll
0x0000000066310000 - 0x000000006631d000 	C:\Program Files (x86)\Minecraft\runtime\jre-x64\bin\management.dll
0x00007fff66e30000 - 0x00007fff66e47000 	C:\WINDOWS\system32\napinsp.dll
0x00007fff62b80000 - 0x00007fff62b9b000 	C:\WINDOWS\system32\pnrpnsp.dll
0x00007fff6dcc0000 - 0x00007fff6dcd5000 	C:\WINDOWS\system32\wshbth.dll
0x00007fff6e560000 - 0x00007fff6e57d000 	C:\WINDOWS\system32\NLAapi.dll
0x00007fff723b0000 - 0x00007fff723eb000 	C:\WINDOWS\SYSTEM32\IPHLPAPI.DLL
0x00007fff723f0000 - 0x00007fff724bb000 	C:\WINDOWS\SYSTEM32\DNSAPI.dll
0x00007fff73990000 - 0x00007fff73999000 	C:\WINDOWS\System32\NSI.dll
0x00007fff66e50000 - 0x00007fff66e62000 	C:\WINDOWS\System32\winrnr.dll
0x00007fff63da0000 - 0x00007fff63daa000 	C:\Windows\System32\rasadhlp.dll
0x00007fff66f40000 - 0x00007fff66fbf000 	C:\WINDOWS\System32\fwpuclnt.dll
0x00007fff730e0000 - 0x00007fff73107000 	C:\WINDOWS\System32\bcrypt.dll
0x00000000662f0000 - 0x0000000066301000 	C:\Program Files (x86)\Minecraft\runtime\jre-x64\bin\nio.dll
0x00000000662c0000 - 0x00000000662e4000 	C:\Program Files (x86)\Minecraft\runtime\jre-x64\bin\sunec.dll
0x00007fff72c40000 - 0x00007fff72c58000 	C:\WINDOWS\SYSTEM32\CRYPTSP.dll
0x00007fff71f50000 - 0x00007fff71f84000 	C:\WINDOWS\system32\rsaenh.dll
0x00007fff72ed0000 - 0x00007fff72efe000 	C:\WINDOWS\SYSTEM32\USERENV.dll
0x00007fff73220000 - 0x00007fff7329f000 	C:\WINDOWS\System32\bcryptprimitives.dll
0x00007fff72820000 - 0x00007fff7282c000 	C:\WINDOWS\SYSTEM32\CRYPTBASE.dll
0x00007fff69fe0000 - 0x00007fff69ff7000 	C:\WINDOWS\SYSTEM32\dhcpcsvc6.DLL
0x00007fff69ec0000 - 0x00007fff69edd000 	C:\WINDOWS\SYSTEM32\dhcpcsvc.DLL
0x00007fff3a750000 - 0x00007fff3a7c2000 	C:\Users\ervin_1nmnhvl\AppData\Local\Temp\lwjglervin_1nmnhvl\3.2.2-build-10\lwjgl.dll
0x00007fff38590000 - 0x00007fff387e1000 	C:\Users\ERVIN_~1\AppData\Local\Temp\lwjglervin_1nmnhvl\3.2.2-build-10\jemalloc.dll
0x00007fff3a3e0000 - 0x00007fff3a43e000 	C:\Users\ERVIN_~1\AppData\Local\Temp\lwjglervin_1nmnhvl\3.2.2-build-10\glfw.dll
0x00007fff70860000 - 0x00007fff708ff000 	C:\WINDOWS\system32\uxtheme.dll
0x00007fff39c90000 - 0x00007fff39cd5000 	C:\WINDOWS\SYSTEM32\dinput8.dll
0x00007fff690c0000 - 0x00007fff690d1000 	C:\WINDOWS\SYSTEM32\xinput1_4.dll
0x00007fff732a0000 - 0x00007fff732ee000 	C:\WINDOWS\System32\cfgmgr32.dll
0x00007fff72d20000 - 0x00007fff72d4c000 	C:\WINDOWS\SYSTEM32\DEVOBJ.dll
0x00007fff70a30000 - 0x00007fff70a5f000 	C:\WINDOWS\SYSTEM32\dwmapi.dll
0x00007fff62f60000 - 0x00007fff630b2000 	C:\WINDOWS\SYSTEM32\inputhost.dll
0x00007fff74350000 - 0x00007fff7441d000 	C:\WINDOWS\System32\OLEAUT32.dll
0x00007fff70380000 - 0x00007fff70472000 	C:\WINDOWS\SYSTEM32\CoreMessaging.dll
0x00007fff6e620000 - 0x00007fff6e717000 	C:\WINDOWS\SYSTEM32\PROPSYS.dll
0x00007fff6f950000 - 0x00007fff6faa6000 	C:\WINDOWS\SYSTEM32\wintypes.dll
0x00007fff70020000 - 0x00007fff7037e000 	C:\WINDOWS\SYSTEM32\CoreUIComponents.dll
0x00007fff71780000 - 0x00007fff71792000 	C:\WINDOWS\SYSTEM32\kernel.appcore.dll
0x00007fff71be0000 - 0x00007fff71c13000 	C:\WINDOWS\SYSTEM32\ntmarta.dll
0x00007fff75730000 - 0x00007fff75845000 	C:\WINDOWS\System32\MSCTF.dll
0x00007fff716a0000 - 0x00007fff716ad000 	C:\WINDOWS\SYSTEM32\HID.DLL
0x00007fff74a20000 - 0x00007fff74e87000 	C:\WINDOWS\System32\SETUPAPI.DLL
0x00007fff738a0000 - 0x00007fff73900000 	C:\WINDOWS\System32\WINTRUST.dll
0x00007fff735f0000 - 0x00007fff7374d000 	C:\WINDOWS\System32\CRYPT32.dll
0x00007fff72d00000 - 0x00007fff72d12000 	C:\WINDOWS\SYSTEM32\MSASN1.dll
0x00007fff38cb0000 - 0x00007fff38dd5000 	C:\WINDOWS\SYSTEM32\opengl32.dll
0x00007fff4b360000 - 0x00007fff4b38c000 	C:\WINDOWS\SYSTEM32\GLU32.dll
0x00007fff74420000 - 0x00007fff744c9000 	C:\WINDOWS\System32\clbcatq.dll
0x00007fff28540000 - 0x00007fff291c4000 	C:\WINDOWS\SYSTEM32\ig4icd64.dll
0x00007fff717f0000 - 0x00007fff718e3000 	C:\WINDOWS\SYSTEM32\dxgi.dll
0x00007fff6eff0000 - 0x00007fff6f254000 	C:\WINDOWS\SYSTEM32\d3d11.dll
0x00007fff3fa20000 - 0x00007fff40670000 	C:\WINDOWS\SYSTEM32\igd10umd64.dll
0x00007fff69460000 - 0x00007fff6949b000 	C:\WINDOWS\SYSTEM32\dxcore.dll
0x00007fff38970000 - 0x00007fff389ef000 	C:\Users\ervin_1nmnhvl\AppData\Local\Temp\lwjglervin_1nmnhvl\3.2.2-build-10\lwjgl_stb.dll
0x00007fff6d790000 - 0x00007fff6d83e000 	C:\WINDOWS\SYSTEM32\mscms.dll
0x00007fff6d3b0000 - 0x00007fff6d3c1000 	C:\WINDOWS\SYSTEM32\ColorAdapterClient.dll
0x00007fff399d0000 - 0x00007fff39a13000 	C:\WINDOWS\SYSTEM32\icm32.dll
0x00007fff630c0000 - 0x00007fff631bc000 	C:\WINDOWS\SYSTEM32\textinputframework.dll
0x00007fff38910000 - 0x00007fff38968000 	C:\Users\ervin_1nmnhvl\AppData\Local\Temp\lwjglervin_1nmnhvl\3.2.2-build-10\lwjgl_opengl.dll
0x00007fff388c0000 - 0x00007fff38902000 	C:\Users\ervin_1nmnhvl\AppData\Local\Temp\jna-2118671535\jna7633215693072689515.dll
0x00007fff5d7b0000 - 0x00007fff5d7ca000 	C:\save\modding\ervin_mod_1\build\natives\SAPIWrapper_x64.dll
0x00007fff74700000 - 0x00007fff7482a000 	C:\WINDOWS\System32\ole32.dll
0x00007fff38400000 - 0x00007fff38584000 	C:\WINDOWS\System32\Speech\Common\sapi.dll
0x00007fff61550000 - 0x00007fff6155b000 	C:\WINDOWS\SYSTEM32\msdmo.dll
0x00007fff358a0000 - 0x00007fff358be000 	C:\WINDOWS\SYSTEM32\MSACM32.dll
0x00007fff4ca60000 - 0x00007fff4ca86000 	C:\WINDOWS\SYSTEM32\winmmbase.dll
0x00007fff646f0000 - 0x00007fff64775000 	C:\WINDOWS\System32\MMDevApi.dll
0x00007fff69560000 - 0x00007fff69744000 	C:\WINDOWS\SYSTEM32\dbghelp.dll

VM Arguments:
jvm_args: -Dforge.logging.console.level=debug -Dforge.logging.markers=SCAN,REGISTRIES,REGISTRYDUMP -XX:HeapDumpPath=MojangTricksIntelDriversForPerformance_javaw.exe_minecraft.exe.heapdump -Dos.name=Windows 10 -Dos.version=10.0 -javaagent:C:\Users\ervin_1nmnhvl\AppData\Local\JetBrains\Toolbox\apps\IDEA-U\ch-0\202.6397.94\lib\idea_rt.jar=53959:C:\Users\ervin_1nmnhvl\AppData\Local\JetBrains\Toolbox\apps\IDEA-U\ch-0\202.6397.94\bin -Dfile.encoding=UTF-8 
java_command: net.minecraftforge.userdev.LaunchTesting
java_class_path (initial): C:\Program Files (x86)\Minecraft\runtime\jre-x64\lib\charsets.jar;C:\Program Files (x86)\Minecraft\runtime\jre-x64\lib\deploy.jar;C:\Program Files (x86)\Minecraft\runtime\jre-x64\lib\ext\access-bridge-64.jar;C:\Program Files (x86)\Minecraft\runtime\jre-x64\lib\ext\cldrdata.jar;C:\Program Files (x86)\Minecraft\runtime\jre-x64\lib\ext\dnsns.jar;C:\Program Files (x86)\Minecraft\runtime\jre-x64\lib\ext\jaccess.jar;C:\Program Files (x86)\Minecraft\runtime\jre-x64\lib\ext\jfxrt.jar;C:\Program Files (x86)\Minecraft\runtime\jre-x64\lib\ext\localedata.jar;C:\Program Files (x86)\Minecraft\runtime\jre-x64\lib\ext\nashorn.jar;C:\Program Files (x86)\Minecraft\runtime\jre-x64\lib\ext\sunec.jar;C:\Program Files (x86)\Minecraft\runtime\jre-x64\lib\ext\sunjce_provider.jar;C:\Program Files (x86)\Minecraft\runtime\jre-x64\lib\ext\sunmscapi.jar;C:\Program Files (x86)\Minecraft\runtime\jre-x64\lib\ext\sunpkcs11.jar;C:\Program Files (x86)\Minecraft\runtime\jre-x64\lib\ext\zipfs.jar;C:\Program Files (x86)\Minecraft\runtime\jre-x64\lib\javaws.jar;C:\Program Files (x86)\Minecraft\runtime\jre-x64\lib\jce.jar;C:\Program Files (x86)\Minecraft\runtime\jre-x64\lib\jfr.jar;C:\Program Files (x86)\Minecraft\runtime\jre-x64\lib\jfxswt.jar;C:\Program Files (x86)\Minecraft\runtime\jre-x64\lib\jsse.jar;C:\Program Files (x86)\Minecraft\runtime\jre-x64\lib\management-agent.jar;C:\Program Files (x86)\Minecraft\runtime\jre-x64\lib\plugin.jar;C:\Program Files (x86)\Minecraft\runtime\jre-x64\lib\resources.jar;C:\Program Files (x86)\Minecraft\runtime\jre-x64\lib\rt.jar;C:\save\modding\ervin_mod_1\build\classes\java\main;C:\save\modding\ervin_mod_1\build\resources\main;C:\Users\ervin_1nmnhvl\.gradle\caches\forge_gradle\minecraft_user_repo\net\minecraftforge\forge\1.16.1-32.0.75_mapped_snapshot_20200723-1.16.1\forge-1.16.1-32.0.75_mapped_snapshot_20200723-1.16.1-recomp.jar;C:\Users\ervin_1nmnhvl\.gradle\caches\forge_gradle\minecraft_user_repo\net\minecraftforge\forge\1.16.1-32.0.75_
Launcher Type: SUN_STANDARD

Environment Variables:
JAVA_HOME=C:\Program Files\Java\jdk-11.0.4
PATH=C:\Program Files\Docker\Docker\Resources\bin;C:\ProgramData\Oracle\Java\javapath;C:\WINDOWS\system32;C:\WINDOWS;C:\WINDOWS\System32\Wbem;C:\WINDOWS\System32\WindowsPowerShell\v1.0\;C:\Program Files (x86)\cloudControl;C:\Program Files\Git\cmd;C:\bin;C:\Program Files (x86)\Windows Kits\8.1\Windows Performance Toolkit\;C:\Program Files (x86)\PuTTY\;C:\Program Files (x86)\Nodist\bin;G:\save\sdk\android\tools;G:\save\sdk\android\platform-tools;C:\boxfuse;C:\Program Files (x86)\Skype\Phone\;C:\Program Files (x86)\GtkSharp\2.12\bin;C:\Program Files (x86)\IVI Foundation\VISA\WinNT\Bin;C:\WINDOWS\system32;C:\WINDOWS;C:\WINDOWS\System32\Wbem;C:\WINDOWS\System32\WindowsPowerShell\v1.0\;;C:\WINDOWS\System32\OpenSSH\;C:\Users\ervin_1nmnhvl\AppData\Local\Microsoft\WindowsApps;
USERNAME=ervin_1nmnhvl
OS=Windows_NT
PROCESSOR_IDENTIFIER=Intel64 Family 6 Model 42 Stepping 7, GenuineIntel



---------------  S Y S T E M  ---------------

OS: Windows 10.0 , 64 bit Build 19041 (10.0.19041.546)

CPU:total 4 (2 cores per cpu, 2 threads per core) family 6 model 42 stepping 7, cmov, cx8, fxsr, mmx, sse, sse2, sse3, ssse3, sse4.1, sse4.2, popcnt, avx, aes, clmul, ht, tsc, tscinvbit

Memory: 4k page, physical 8266764k(464492k free), swap 10363916k(2064k free)

vm_info: Java HotSpot(TM) 64-Bit Server VM (25.51-b03) for windows-amd64 JRE (1.8.0_51-b16), built on Jun  8 2015 18:03:07 by "java_re" with MS VC++ 10.0 (VS2010)

time: Sat Oct 24 16:10:11 2020
elapsed time: 65 seconds (0d 0h 1m 5s)

