#
# There is insufficient memory for the Java Runtime Environment to continue.
# Native memory allocation (malloc) failed to allocate 3446896 bytes for Chunk::new
# Possible reasons:
#   The system is out of physical RAM or swap space
#   In 32 bit mode, the process size limit was hit
# Possible solutions:
#   Reduce memory load on the system
#   Increase physical memory or swap space
#   Check if swap backing store is full
#   Use 64 bit Java on a 64 bit OS
#   Decrease Java heap size (-Xmx/-Xms)
#   Decrease number of Java threads
#   Decrease Java thread stack sizes (-Xss)
#   Set larger code cache with -XX:ReservedCodeCacheSize=
# This output file may be truncated or incomplete.
#
#  Out of Memory Error (allocation.cpp:390), pid=13020, tid=3628
#
# JRE version: Java(TM) SE Runtime Environment (8.0_51-b16) (build 1.8.0_51-b16)
# Java VM: Java HotSpot(TM) 64-Bit Server VM (25.51-b03 mixed mode windows-amd64 compressed oops)
# Failed to write core dump. Minidumps are not enabled by default on client versions of Windows
#

---------------  T H R E A D  ---------------

Current thread (0x0000000018e63000):  JavaThread "C2 CompilerThread0" daemon [_thread_in_native, id=3628, stack(0x0000000019640000,0x0000000019740000)]

Stack: [0x0000000019640000,0x0000000019740000]
Native frames: (J=compiled Java code, j=interpreted, Vv=VM code, C=native code)
V  [jvm.dll+0x32b4ca]
V  [jvm.dll+0x2797e3]
V  [jvm.dll+0x27a479]
V  [jvm.dll+0x271765]
V  [jvm.dll+0xcba02]
V  [jvm.dll+0xcbecc]
V  [jvm.dll+0x492a7c]
V  [jvm.dll+0x45f7bf]
V  [jvm.dll+0x46a7cb]
V  [jvm.dll+0x46cde2]
V  [jvm.dll+0x4501a2]
V  [jvm.dll+0xa43a2]
V  [jvm.dll+0xa4cdf]
V  [jvm.dll+0x2418a4]
V  [jvm.dll+0x29846a]
C  [msvcr100.dll+0x21d9f]
C  [msvcr100.dll+0x21e3b]
C  [KERNEL32.DLL+0x17034]
C  [ntdll.dll+0x52651]


Current CompileTask:
C2:  36737 5996   !   4       com.google.common.reflect.TypeVisitor::visit (225 bytes)


---------------  P R O C E S S  ---------------

Java Threads: ( => current thread )
  0x0000000024363000 JavaThread "pool-3-thread-1" [_thread_in_native, id=16020, stack(0x0000000022020000,0x0000000022120000)]
  0x000000001961d800 JavaThread "pool-2-thread-1" daemon [_thread_blocked, id=8936, stack(0x000000001b250000,0x000000001b350000)]
  0x0000000019db8000 JavaThread "Thread-3" daemon [_thread_blocked, id=4732, stack(0x0000000020890000,0x0000000020990000)]
  0x000000001a6fb800 JavaThread "Thread-2" daemon [_thread_in_native, id=13920, stack(0x000000001c620000,0x000000001c720000)]
  0x000000001aac0800 JavaThread "Thread-1" daemon [_thread_blocked, id=11516, stack(0x000000001c520000,0x000000001c620000)]
  0x0000000018e97000 JavaThread "Service Thread" daemon [_thread_blocked, id=4184, stack(0x0000000019940000,0x0000000019a40000)]
  0x0000000018e64800 JavaThread "C1 CompilerThread2" daemon [_thread_in_native, id=16192, stack(0x0000000019840000,0x0000000019940000)]
  0x0000000018e63800 JavaThread "C2 CompilerThread1" daemon [_thread_blocked, id=14412, stack(0x0000000019740000,0x0000000019840000)]
=>0x0000000018e63000 JavaThread "C2 CompilerThread0" daemon [_thread_in_native, id=3628, stack(0x0000000019640000,0x0000000019740000)]
  0x0000000017205000 JavaThread "JDWP Command Reader" daemon [_thread_in_native, id=15680, stack(0x0000000018940000,0x0000000018a40000)]
  0x0000000017202000 JavaThread "JDWP Event Helper Thread" daemon [_thread_in_native, id=9368, stack(0x0000000018840000,0x0000000018940000)]
  0x00000000171f7800 JavaThread "JDWP Transport Listener: dt_socket" daemon [_thread_blocked, id=13028, stack(0x0000000018740000,0x0000000018840000)]
  0x00000000171eb800 JavaThread "Attach Listener" daemon [_thread_blocked, id=12276, stack(0x0000000018640000,0x0000000018740000)]
  0x00000000171ea800 JavaThread "Signal Dispatcher" daemon [_thread_blocked, id=11052, stack(0x0000000018540000,0x0000000018640000)]
  0x00000000025ab000 JavaThread "Finalizer" daemon [_thread_blocked, id=6168, stack(0x0000000018440000,0x0000000018540000)]
  0x00000000025a7800 JavaThread "Reference Handler" daemon [_thread_blocked, id=15048, stack(0x0000000018340000,0x0000000018440000)]
  0x00000000024b2800 JavaThread "main" [_thread_blocked, id=5648, stack(0x0000000002350000,0x0000000002450000)]

Other Threads:
  0x00000000171a8800 VMThread [stack: 0x0000000018240000,0x0000000018340000] [id=5556]
  0x0000000018f5f000 WatcherThread [stack: 0x0000000019a40000,0x0000000019b40000] [id=15600]

VM state:not at safepoint (normal execution)

VM Mutex/Monitor currently owned by a thread: None

Heap:
 PSYoungGen      total 291328K, used 25330K [0x00000000d5f00000, 0x00000000eca80000, 0x0000000100000000)
  eden space 219648K, 11% used [0x00000000d5f00000,0x00000000d77bcbb8,0x00000000e3580000)
  from space 71680K, 0% used [0x00000000e3580000,0x00000000e3580000,0x00000000e7b80000)
  to   space 65024K, 0% used [0x00000000e7b80000,0x00000000e7b80000,0x00000000ebb00000)
 ParOldGen       total 251904K, used 136834K [0x0000000081c00000, 0x0000000091200000, 0x00000000d5f00000)
  object space 251904K, 54% used [0x0000000081c00000,0x000000008a1a0a40,0x0000000091200000)
 Metaspace       used 41231K, capacity 43675K, committed 43776K, reserved 1087488K
  class space    used 5336K, capacity 6052K, committed 6144K, reserved 1048576K

Card table byte_map: [0x0000000011a70000,0x0000000011e70000] byte_map_base: 0x0000000011662000

Marking Bits: (ParMarkBitMap*) 0x000000005db34040
 Begin Bits: [0x0000000012520000, 0x00000000144b0000)
 End Bits:   [0x00000000144b0000, 0x0000000016440000)

Polling page: 0x00000000001f0000

CodeCache: size=245760Kb used=19331Kb max_used=19331Kb free=226428Kb
 bounds [0x00000000026b0000, 0x00000000039b0000, 0x00000000116b0000]
 total_blobs=6643 nmethods=5522 adapters=1040
 compilation: enabled

Compilation events (10 events):
Event: 36.685 Thread 0x0000000018e63800 6172   !   4       sun.invoke.util.VerifyAccess::isTypeVisible (101 bytes)
Event: 36.690 Thread 0x0000000018e63800 nmethod 6172 0x000000000398b9d0 code [0x000000000398bb40, 0x000000000398bda8]
Event: 36.690 Thread 0x0000000018e63800 6175       4       net.minecraft.state.StateContainer$$Lambda$633/534686070::apply (8 bytes)
Event: 36.691 Thread 0x0000000018e63800 nmethod 6175 0x0000000003985310 code [0x0000000003985460, 0x00000000039854f8]
Event: 36.691 Thread 0x0000000018e63800 6176       4       net.minecraft.state.StateContainer$$Lambda$634/1693025426::apply (8 bytes)
Event: 36.691 Thread 0x0000000018e63800 nmethod 6176 0x0000000003985050 code [0x00000000039851a0, 0x0000000003985238]
Event: 36.691 Thread 0x0000000018e63800 6177       4       com.google.common.collect.AbstractMapEntry::hashCode (36 bytes)
Event: 36.693 Thread 0x0000000018e63800 nmethod 6177 0x000000000398da90 code [0x000000000398dbe0, 0x000000000398dd78]
Event: 36.693 Thread 0x0000000018e63800 6189       4       com.google.common.collect.RegularImmutableList::listIterator (15 bytes)
Event: 36.694 Thread 0x0000000018e64800 6191       3       net.minecraft.util.ResourceLocation::<init> (137 bytes)

GC Heap History (10 events):
Event: 33.057 GC heap before
{Heap before GC invocations=17 (full 2):
 PSYoungGen      total 284672K, used 271305K [0x00000000d5f00000, 0x00000000eca80000, 0x0000000100000000)
  eden space 219648K, 100% used [0x00000000d5f00000,0x00000000e3580000,0x00000000e3580000)
  from space 65024K, 79% used [0x00000000e7b80000,0x00000000eadf26f0,0x00000000ebb00000)
  to   space 71680K, 0% used [0x00000000e3580000,0x00000000e3580000,0x00000000e7b80000)
 ParOldGen       total 137216K, used 93266K [0x0000000081c00000, 0x000000008a200000, 0x00000000d5f00000)
  object space 137216K, 67% used [0x0000000081c00000,0x0000000087714b88,0x000000008a200000)
 Metaspace       used 38520K, capacity 40709K, committed 40832K, reserved 1085440K
  class space    used 4836K, capacity 5502K, committed 5504K, reserved 1048576K
Event: 33.196 GC heap after
Heap after GC invocations=17 (full 2):
 PSYoungGen      total 291328K, used 71651K [0x00000000d5f00000, 0x00000000eca80000, 0x0000000100000000)
  eden space 219648K, 0% used [0x00000000d5f00000,0x00000000d5f00000,0x00000000e3580000)
  from space 71680K, 99% used [0x00000000e3580000,0x00000000e7b78d78,0x00000000e7b80000)
  to   space 65024K, 0% used [0x00000000e7b80000,0x00000000e7b80000,0x00000000ebb00000)
 ParOldGen       total 137216K, used 115193K [0x0000000081c00000, 0x000000008a200000, 0x00000000d5f00000)
  object space 137216K, 83% used [0x0000000081c00000,0x0000000088c7e690,0x000000008a200000)
 Metaspace       used 38520K, capacity 40709K, committed 40832K, reserved 1085440K
  class space    used 4836K, capacity 5502K, committed 5504K, reserved 1048576K
}
Event: 33.196 GC heap before
{Heap before GC invocations=18 (full 3):
 PSYoungGen      total 291328K, used 71651K [0x00000000d5f00000, 0x00000000eca80000, 0x0000000100000000)
  eden space 219648K, 0% used [0x00000000d5f00000,0x00000000d5f00000,0x00000000e3580000)
  from space 71680K, 99% used [0x00000000e3580000,0x00000000e7b78d78,0x00000000e7b80000)
  to   space 65024K, 0% used [0x00000000e7b80000,0x00000000e7b80000,0x00000000ebb00000)
 ParOldGen       total 137216K, used 115193K [0x0000000081c00000, 0x000000008a200000, 0x00000000d5f00000)
  object space 137216K, 83% used [0x0000000081c00000,0x0000000088c7e690,0x000000008a200000)
 Metaspace       used 38520K, capacity 40709K, committed 40832K, reserved 1085440K
  class space    used 4836K, capacity 5502K, committed 5504K, reserved 1048576K
Event: 33.562 GC heap after
Heap after GC invocations=18 (full 3):
 PSYoungGen      total 291328K, used 0K [0x00000000d5f00000, 0x00000000eca80000, 0x0000000100000000)
  eden space 219648K, 0% used [0x00000000d5f00000,0x00000000d5f00000,0x00000000e3580000)
  from space 71680K, 0% used [0x00000000e3580000,0x00000000e3580000,0x00000000e7b80000)
  to   space 65024K, 0% used [0x00000000e7b80000,0x00000000e7b80000,0x00000000ebb00000)
 ParOldGen       total 219136K, used 131482K [0x0000000081c00000, 0x000000008f200000, 0x00000000d5f00000)
  object space 219136K, 60% used [0x0000000081c00000,0x0000000089c66810,0x000000008f200000)
 Metaspace       used 38520K, capacity 40709K, committed 40832K, reserved 1085440K
  class space    used 4836K, capacity 5502K, committed 5504K, reserved 1048576K
}
Event: 34.620 GC heap before
{Heap before GC invocations=19 (full 3):
 PSYoungGen      total 291328K, used 219648K [0x00000000d5f00000, 0x00000000eca80000, 0x0000000100000000)
  eden space 219648K, 100% used [0x00000000d5f00000,0x00000000e3580000,0x00000000e3580000)
  from space 71680K, 0% used [0x00000000e3580000,0x00000000e3580000,0x00000000e7b80000)
  to   space 65024K, 0% used [0x00000000e7b80000,0x00000000e7b80000,0x00000000ebb00000)
 ParOldGen       total 219136K, used 131482K [0x0000000081c00000, 0x000000008f200000, 0x00000000d5f00000)
  object space 219136K, 60% used [0x0000000081c00000,0x0000000089c66810,0x000000008f200000)
 Metaspace       used 39831K, capacity 42119K, committed 42240K, reserved 1085440K
  class space    used 5145K, capacity 5866K, committed 5888K, reserved 1048576K
Event: 34.792 GC heap after
Heap after GC invocations=19 (full 3):
 PSYoungGen      total 284672K, used 65015K [0x00000000d5f00000, 0x00000000eca80000, 0x0000000100000000)
  eden space 219648K, 0% used [0x00000000d5f00000,0x00000000d5f00000,0x00000000e3580000)
  from space 65024K, 99% used [0x00000000e7b80000,0x00000000ebafded8,0x00000000ebb00000)
  to   space 71680K, 0% used [0x00000000e3580000,0x00000000e3580000,0x00000000e7b80000)
 ParOldGen       total 219136K, used 175748K [0x0000000081c00000, 0x000000008f200000, 0x00000000d5f00000)
  object space 219136K, 80% used [0x0000000081c00000,0x000000008c7a1188,0x000000008f200000)
 Metaspace       used 39831K, capacity 42119K, committed 42240K, reserved 1085440K
  class space    used 5145K, capacity 5866K, committed 5888K, reserved 1048576K
}
Event: 36.110 GC heap before
{Heap before GC invocations=20 (full 3):
 PSYoungGen      total 284672K, used 284663K [0x00000000d5f00000, 0x00000000eca80000, 0x0000000100000000)
  eden space 219648K, 100% used [0x00000000d5f00000,0x00000000e3580000,0x00000000e3580000)
  from space 65024K, 99% used [0x00000000e7b80000,0x00000000ebafded8,0x00000000ebb00000)
  to   space 71680K, 0% used [0x00000000e3580000,0x00000000e3580000,0x00000000e7b80000)
 ParOldGen       total 219136K, used 176846K [0x0000000081c00000, 0x000000008f200000, 0x00000000d5f00000)
  object space 219136K, 80% used [0x0000000081c00000,0x000000008c8b3a80,0x000000008f200000)
 Metaspace       used 41066K, capacity 43505K, committed 43776K, reserved 1087488K
  class space    used 5312K, capacity 6037K, committed 6144K, reserved 1048576K
Event: 36.249 GC heap after
Heap after GC invocations=20 (full 3):
 PSYoungGen      total 291328K, used 71652K [0x00000000d5f00000, 0x00000000eca80000, 0x0000000100000000)
  eden space 219648K, 0% used [0x00000000d5f00000,0x00000000d5f00000,0x00000000e3580000)
  from space 71680K, 99% used [0x00000000e3580000,0x00000000e7b792b8,0x00000000e7b80000)
  to   space 65024K, 0% used [0x00000000e7b80000,0x00000000e7b80000,0x00000000ebb00000)
 ParOldGen       total 219136K, used 199725K [0x0000000081c00000, 0x000000008f200000, 0x00000000d5f00000)
  object space 219136K, 91% used [0x0000000081c00000,0x000000008df0b6d0,0x000000008f200000)
 Metaspace       used 41066K, capacity 43505K, committed 43776K, reserved 1087488K
  class space    used 5312K, capacity 6037K, committed 6144K, reserved 1048576K
}
Event: 36.249 GC heap before
{Heap before GC invocations=21 (full 4):
 PSYoungGen      total 291328K, used 71652K [0x00000000d5f00000, 0x00000000eca80000, 0x0000000100000000)
  eden space 219648K, 0% used [0x00000000d5f00000,0x00000000d5f00000,0x00000000e3580000)
  from space 71680K, 99% used [0x00000000e3580000,0x00000000e7b792b8,0x00000000e7b80000)
  to   space 65024K, 0% used [0x00000000e7b80000,0x00000000e7b80000,0x00000000ebb00000)
 ParOldGen       total 219136K, used 199725K [0x0000000081c00000, 0x000000008f200000, 0x00000000d5f00000)
  object space 219136K, 91% used [0x0000000081c00000,0x000000008df0b6d0,0x000000008f200000)
 Metaspace       used 41066K, capacity 43505K, committed 43776K, reserved 1087488K
  class space    used 5312K, capacity 6037K, committed 6144K, reserved 1048576K
Event: 36.546 GC heap after
Heap after GC invocations=21 (full 4):
 PSYoungGen      total 291328K, used 0K [0x00000000d5f00000, 0x00000000eca80000, 0x0000000100000000)
  eden space 219648K, 0% used [0x00000000d5f00000,0x00000000d5f00000,0x00000000e3580000)
  from space 71680K, 0% used [0x00000000e3580000,0x00000000e3580000,0x00000000e7b80000)
  to   space 65024K, 0% used [0x00000000e7b80000,0x00000000e7b80000,0x00000000ebb00000)
 ParOldGen       total 251904K, used 136834K [0x0000000081c00000, 0x0000000091200000, 0x00000000d5f00000)
  object space 251904K, 54% used [0x0000000081c00000,0x000000008a1a0a40,0x0000000091200000)
 Metaspace       used 41066K, capacity 43505K, committed 43776K, reserved 1087488K
  class space    used 5312K, capacity 6037K, committed 6144K, reserved 1048576K
}

Deoptimization events (10 events):
Event: 35.862 Thread 0x0000000024363000 Uncommon trap: reason=unstable_if action=reinterpret pc=0x0000000002aa14a8 method=java.util.HashMap.resize()[Ljava/util/HashMap$Node; @ 206
Event: 35.867 Thread 0x0000000024363000 Uncommon trap: reason=unstable_if action=reinterpret pc=0x000000000301865c method=java.util.HashMap.getNode(ILjava/lang/Object;)Ljava/util/HashMap$Node; @ 84
Event: 35.867 Thread 0x0000000024363000 Uncommon trap: reason=unstable_if action=reinterpret pc=0x0000000002aa0bc8 method=java.util.HashMap.getNode(ILjava/lang/Object;)Ljava/util/HashMap$Node; @ 84
Event: 35.867 Thread 0x0000000024363000 Uncommon trap: reason=unstable_if action=reinterpret pc=0x00000000038a53ac method=com.google.common.collect.StandardTable$ColumnKeyIterator.computeNext()Ljava/lang/Object; @ 40
Event: 35.867 Thread 0x0000000024363000 Uncommon trap: reason=unstable_if action=reinterpret pc=0x00000000038a9314 method=com.google.common.collect.StandardTable$ColumnKeyIterator.computeNext()Ljava/lang/Object; @ 40
Event: 35.867 Thread 0x0000000024363000 Uncommon trap: reason=unstable_if action=reinterpret pc=0x00000000038b080c method=com.google.common.collect.StandardTable$ColumnKeyIterator.computeNext()Ljava/lang/Object; @ 40
Event: 35.965 Thread 0x0000000024363000 Uncommon trap: reason=unstable_if action=reinterpret pc=0x00000000034d1808 method=java.util.stream.StreamOpFlag.fromCharacteristics(Ljava/util/Spliterator;)I @ 10
Event: 35.979 Thread 0x0000000024363000 Uncommon trap: reason=unstable_if action=reinterpret pc=0x0000000003891d40 method=net.minecraft.state.EnumProperty.equals(Ljava/lang/Object;)Z @ 11
Event: 36.042 Thread 0x0000000024363000 Uncommon trap: reason=range_check action=none pc=0x0000000002a78a9c method=sun.reflect.generics.parser.SignatureParser.current()C @ 34
Event: 36.042 Thread 0x0000000024363000 Uncommon trap: reason=range_check action=none pc=0x0000000002a78a9c method=sun.reflect.generics.parser.SignatureParser.current()C @ 34

Internal exceptions (10 events):
Event: 36.654 Thread 0x0000000024363000 Exception <a 'sun/nio/fs/WindowsException'> (0x00000000d6cfa4c0) thrown at [C:\re\workspace\8-2-build-windows-amd64-cygwin\jdk8u51\3951\hotspot\src\share\vm\prims\jni.cpp, line 709]
Event: 36.654 Thread 0x0000000024363000 Exception <a 'sun/nio/fs/WindowsException'> (0x00000000d6cfad18) thrown at [C:\re\workspace\8-2-build-windows-amd64-cygwin\jdk8u51\3951\hotspot\src\share\vm\prims\jni.cpp, line 709]
Event: 36.654 Thread 0x0000000024363000 Exception <a 'sun/nio/fs/WindowsException'> (0x00000000d6cfbcb0) thrown at [C:\re\workspace\8-2-build-windows-amd64-cygwin\jdk8u51\3951\hotspot\src\share\vm\prims\jni.cpp, line 709]
Event: 36.655 Thread 0x0000000024363000 Exception <a 'sun/nio/fs/WindowsException'> (0x00000000d6cfc6e8) thrown at [C:\re\workspace\8-2-build-windows-amd64-cygwin\jdk8u51\3951\hotspot\src\share\vm\prims\jni.cpp, line 709]
Event: 36.687 Thread 0x0000000024363000 Exception <a 'sun/nio/fs/WindowsException'> (0x00000000d718f528) thrown at [C:\re\workspace\8-2-build-windows-amd64-cygwin\jdk8u51\3951\hotspot\src\share\vm\prims\jni.cpp, line 709]
Event: 36.687 Thread 0x0000000024363000 Exception <a 'sun/nio/fs/WindowsException'> (0x00000000d718fda0) thrown at [C:\re\workspace\8-2-build-windows-amd64-cygwin\jdk8u51\3951\hotspot\src\share\vm\prims\jni.cpp, line 709]
Event: 36.687 Thread 0x0000000024363000 Exception <a 'sun/nio/fs/WindowsException'> (0x00000000d7190e70) thrown at [C:\re\workspace\8-2-build-windows-amd64-cygwin\jdk8u51\3951\hotspot\src\share\vm\prims\jni.cpp, line 709]
Event: 36.687 Thread 0x0000000024363000 Exception <a 'sun/nio/fs/WindowsException'> (0x00000000d7191708) thrown at [C:\re\workspace\8-2-build-windows-amd64-cygwin\jdk8u51\3951\hotspot\src\share\vm\prims\jni.cpp, line 709]
Event: 36.688 Thread 0x0000000024363000 Exception <a 'sun/nio/fs/WindowsException'> (0x00000000d71926f8) thrown at [C:\re\workspace\8-2-build-windows-amd64-cygwin\jdk8u51\3951\hotspot\src\share\vm\prims\jni.cpp, line 709]
Event: 36.688 Thread 0x0000000024363000 Exception <a 'sun/nio/fs/WindowsException'> (0x00000000d71931a8) thrown at [C:\re\workspace\8-2-build-windows-amd64-cygwin\jdk8u51\3951\hotspot\src\share\vm\prims\jni.cpp, line 709]

Events (10 events):
Event: 36.688 Thread 0x0000000024363000 DEOPT PACKING pc=0x000000000338a66d sp=0x000000002211c200
Event: 36.688 Thread 0x0000000024363000 DEOPT UNPACKING pc=0x00000000026f787f sp=0x000000002211bf30 mode 1
Event: 36.688 Thread 0x0000000024363000 DEOPT PACKING pc=0x000000000338a09c sp=0x000000002211c270
Event: 36.688 Thread 0x0000000024363000 DEOPT UNPACKING pc=0x00000000026f787f sp=0x000000002211bfb0 mode 1
Event: 36.688 Thread 0x0000000024363000 DEOPT PACKING pc=0x00000000033f6174 sp=0x000000002211c350
Event: 36.688 Thread 0x0000000024363000 DEOPT UNPACKING pc=0x00000000026f787f sp=0x000000002211c108 mode 1
Event: 36.688 Thread 0x0000000024363000 DEOPT PACKING pc=0x0000000003398754 sp=0x000000002211c470
Event: 36.688 Thread 0x0000000024363000 DEOPT UNPACKING pc=0x00000000026f787f sp=0x000000002211c1e8 mode 1
Event: 36.694 Thread 0x0000000024363000 DEOPT PACKING pc=0x0000000003695dcf sp=0x000000002211d880
Event: 36.694 Thread 0x0000000024363000 DEOPT UNPACKING pc=0x00000000026f787f sp=0x000000002211d630 mode 0


Dynamic libraries:
0x00007ff7f88c0000 - 0x00007ff7f88f7000 	C:\Program Files (x86)\Minecraft\runtime\jre-x64\bin\java.exe
0x00007ffe4bd10000 - 0x00007ffe4bf05000 	C:\WINDOWS\SYSTEM32\ntdll.dll
0x00007ffe4b320000 - 0x00007ffe4b3dd000 	C:\WINDOWS\System32\KERNEL32.DLL
0x00007ffe496b0000 - 0x00007ffe49979000 	C:\WINDOWS\System32\KERNELBASE.dll
0x00007ffe4ba00000 - 0x00007ffe4baac000 	C:\WINDOWS\System32\ADVAPI32.dll
0x00007ffe4a110000 - 0x00007ffe4a1ae000 	C:\WINDOWS\System32\msvcrt.dll
0x00007ffe49fe0000 - 0x00007ffe4a07c000 	C:\WINDOWS\System32\sechost.dll
0x00007ffe49eb0000 - 0x00007ffe49fdb000 	C:\WINDOWS\System32\RPCRT4.dll
0x00007ffe4b7f0000 - 0x00007ffe4b990000 	C:\WINDOWS\System32\USER32.dll
0x00007ffe49ab0000 - 0x00007ffe49ad2000 	C:\WINDOWS\System32\win32u.dll
0x00007ffe4b990000 - 0x00007ffe4b9ba000 	C:\WINDOWS\System32\GDI32.dll
0x00007ffe49c60000 - 0x00007ffe49d6b000 	C:\WINDOWS\System32\gdi32full.dll
0x00007ffe49b60000 - 0x00007ffe49bfd000 	C:\WINDOWS\System32\msvcp_win.dll
0x00007ffe495b0000 - 0x00007ffe496b0000 	C:\WINDOWS\System32\ucrtbase.dll
0x00007ffe2f680000 - 0x00007ffe2f91a000 	C:\WINDOWS\WinSxS\amd64_microsoft.windows.common-controls_6595b64144ccf1df_6.0.19041.844_none_ca00b6081b84eb1d\COMCTL32.dll
0x00007ffe4b9d0000 - 0x00007ffe4ba00000 	C:\WINDOWS\System32\IMM32.DLL
0x000000005dbc0000 - 0x000000005dc92000 	C:\Program Files (x86)\Minecraft\runtime\jre-x64\bin\msvcr100.dll
0x000000005d330000 - 0x000000005dbb3000 	C:\Program Files (x86)\Minecraft\runtime\jre-x64\bin\server\jvm.dll
0x00007ffe4b9c0000 - 0x00007ffe4b9c8000 	C:\WINDOWS\System32\PSAPI.DLL
0x00007ffe25d30000 - 0x00007ffe25d39000 	C:\WINDOWS\SYSTEM32\WSOCK32.dll
0x00007ffe42960000 - 0x00007ffe42987000 	C:\WINDOWS\SYSTEM32\WINMM.dll
0x00007ffe4bc60000 - 0x00007ffe4bccb000 	C:\WINDOWS\System32\WS2_32.dll
0x00007ffe42690000 - 0x00007ffe4269a000 	C:\WINDOWS\SYSTEM32\VERSION.dll
0x000000005d320000 - 0x000000005d32f000 	C:\Program Files (x86)\Minecraft\runtime\jre-x64\bin\verify.dll
0x000000005d2f0000 - 0x000000005d319000 	C:\Program Files (x86)\Minecraft\runtime\jre-x64\bin\java.dll
0x000000005d2b0000 - 0x000000005d2e5000 	C:\Program Files (x86)\Minecraft\runtime\jre-x64\bin\jdwp.dll
0x000000005d2a0000 - 0x000000005d2a8000 	C:\Program Files (x86)\Minecraft\runtime\jre-x64\bin\npt.dll
0x000000005d270000 - 0x000000005d293000 	C:\Program Files (x86)\Minecraft\runtime\jre-x64\bin\instrument.dll
0x000000005d250000 - 0x000000005d266000 	C:\Program Files (x86)\Minecraft\runtime\jre-x64\bin\zip.dll
0x00007ffe4a600000 - 0x00007ffe4ad42000 	C:\WINDOWS\System32\SHELL32.dll
0x00007ffe47370000 - 0x00007ffe47b00000 	C:\WINDOWS\SYSTEM32\windows.storage.dll
0x00007ffe4b490000 - 0x00007ffe4b7e5000 	C:\WINDOWS\System32\combase.dll
0x00007ffe48df0000 - 0x00007ffe48e1c000 	C:\WINDOWS\SYSTEM32\Wldp.dll
0x00007ffe4a530000 - 0x00007ffe4a5de000 	C:\WINDOWS\System32\SHCORE.dll
0x00007ffe4a340000 - 0x00007ffe4a395000 	C:\WINDOWS\System32\shlwapi.dll
0x00007ffe49390000 - 0x00007ffe493af000 	C:\WINDOWS\SYSTEM32\profapi.dll
0x000000005d240000 - 0x000000005d249000 	C:\Program Files (x86)\Minecraft\runtime\jre-x64\bin\dt_socket.dll
0x00007ffe48be0000 - 0x00007ffe48c4a000 	C:\WINDOWS\system32\mswsock.dll
0x000000005d230000 - 0x000000005d23d000 	C:\Program Files (x86)\Minecraft\runtime\jre-x64\bin\management.dll
0x000000005d210000 - 0x000000005d22a000 	C:\Program Files (x86)\Minecraft\runtime\jre-x64\bin\net.dll
0x00007ffe26e10000 - 0x00007ffe26e27000 	C:\WINDOWS\system32\napinsp.dll
0x00007ffe2fda0000 - 0x00007ffe2fdbb000 	C:\WINDOWS\system32\pnrpnsp.dll
0x00007ffe441b0000 - 0x00007ffe441c5000 	C:\WINDOWS\system32\wshbth.dll
0x00007ffe44ea0000 - 0x00007ffe44ebd000 	C:\WINDOWS\system32\NLAapi.dll
0x00007ffe488a0000 - 0x00007ffe488db000 	C:\WINDOWS\SYSTEM32\IPHLPAPI.DLL
0x00007ffe488e0000 - 0x00007ffe489ab000 	C:\WINDOWS\SYSTEM32\DNSAPI.dll
0x00007ffe4b240000 - 0x00007ffe4b248000 	C:\WINDOWS\System32\NSI.dll
0x00007ffe3e5b0000 - 0x00007ffe3e5c2000 	C:\WINDOWS\System32\winrnr.dll
0x00007ffe39260000 - 0x00007ffe3926a000 	C:\Windows\System32\rasadhlp.dll
0x00007ffe3e5d0000 - 0x00007ffe3e64f000 	C:\WINDOWS\System32\fwpuclnt.dll
0x00007ffe49a80000 - 0x00007ffe49aa7000 	C:\WINDOWS\System32\bcrypt.dll
0x000000005d1f0000 - 0x000000005d201000 	C:\Program Files (x86)\Minecraft\runtime\jre-x64\bin\nio.dll
0x000000005d1c0000 - 0x000000005d1e4000 	C:\Program Files (x86)\Minecraft\runtime\jre-x64\bin\sunec.dll
0x00007ffe49120000 - 0x00007ffe49138000 	C:\WINDOWS\SYSTEM32\CRYPTSP.dll
0x00007ffe48420000 - 0x00007ffe48454000 	C:\WINDOWS\system32\rsaenh.dll
0x00007ffe49350000 - 0x00007ffe4937e000 	C:\WINDOWS\SYSTEM32\USERENV.dll
0x00007ffe49ae0000 - 0x00007ffe49b60000 	C:\WINDOWS\System32\bcryptprimitives.dll
0x00007ffe48d60000 - 0x00007ffe48d6c000 	C:\WINDOWS\SYSTEM32\CRYPTBASE.dll
0x00007ffe400c0000 - 0x00007ffe400d7000 	C:\WINDOWS\SYSTEM32\dhcpcsvc6.DLL
0x00007ffe40150000 - 0x00007ffe4016d000 	C:\WINDOWS\SYSTEM32\dhcpcsvc.DLL
0x00007ffe19550000 - 0x00007ffe195c2000 	C:\Users\ervin_1nmnhvl\AppData\Local\Temp\lwjglervin_1nmnhvl\3.2.2-build-10\lwjgl.dll
0x00007ffe140d0000 - 0x00007ffe14321000 	C:\Users\ERVIN_~1\AppData\Local\Temp\lwjglervin_1nmnhvl\3.2.2-build-10\jemalloc.dll
0x00007ffe264b0000 - 0x00007ffe2650e000 	C:\Users\ERVIN_~1\AppData\Local\Temp\lwjglervin_1nmnhvl\3.2.2-build-10\glfw.dll
0x00007ffe46c30000 - 0x00007ffe46cce000 	C:\WINDOWS\system32\uxtheme.dll
0x00007ffe21b40000 - 0x00007ffe21b85000 	C:\WINDOWS\SYSTEM32\dinput8.dll
0x00007ffe32810000 - 0x00007ffe32821000 	C:\WINDOWS\SYSTEM32\xinput1_4.dll
0x00007ffe49980000 - 0x00007ffe499ce000 	C:\WINDOWS\System32\cfgmgr32.dll
0x00007ffe49200000 - 0x00007ffe4922c000 	C:\WINDOWS\SYSTEM32\DEVOBJ.dll
0x00007ffe46ea0000 - 0x00007ffe46ecf000 	C:\WINDOWS\SYSTEM32\dwmapi.dll
0x00007ffe35d60000 - 0x00007ffe35eb2000 	C:\WINDOWS\SYSTEM32\inputhost.dll
0x00007ffe4b250000 - 0x00007ffe4b31d000 	C:\WINDOWS\System32\OLEAUT32.dll
0x00007ffe468d0000 - 0x00007ffe469c2000 	C:\WINDOWS\SYSTEM32\CoreMessaging.dll
0x00007ffe44c80000 - 0x00007ffe44d77000 	C:\WINDOWS\SYSTEM32\PROPSYS.dll
0x00007ffe45ea0000 - 0x00007ffe45ff4000 	C:\WINDOWS\SYSTEM32\wintypes.dll
0x00007ffe46570000 - 0x00007ffe468ce000 	C:\WINDOWS\SYSTEM32\CoreUIComponents.dll
0x00007ffe47be0000 - 0x00007ffe47bf2000 	C:\WINDOWS\SYSTEM32\kernel.appcore.dll
0x00007ffe48050000 - 0x00007ffe48083000 	C:\WINDOWS\SYSTEM32\ntmarta.dll
0x00007ffe4a1b0000 - 0x00007ffe4a2c5000 	C:\WINDOWS\System32\MSCTF.dll
0x00007ffe47b00000 - 0x00007ffe47b0d000 	C:\WINDOWS\SYSTEM32\HID.DLL
0x00007ffe4ad50000 - 0x00007ffe4b1b9000 	C:\WINDOWS\System32\SETUPAPI.DLL
0x00007ffe49c00000 - 0x00007ffe49c60000 	C:\WINDOWS\System32\WINTRUST.dll
0x00007ffe49450000 - 0x00007ffe495af000 	C:\WINDOWS\System32\CRYPT32.dll
0x00007ffe491e0000 - 0x00007ffe491f2000 	C:\WINDOWS\SYSTEM32\MSASN1.dll
0x00007ffe11230000 - 0x00007ffe11356000 	C:\WINDOWS\SYSTEM32\opengl32.dll
0x00007ffe325e0000 - 0x00007ffe3260c000 	C:\WINDOWS\SYSTEM32\GLU32.dll
0x00007ffe4b3e0000 - 0x00007ffe4b489000 	C:\WINDOWS\System32\clbcatq.dll
0x00007ffe022a0000 - 0x00007ffe02f24000 	C:\WINDOWS\SYSTEM32\ig4icd64.dll
0x00007ffe47c50000 - 0x00007ffe47d43000 	C:\WINDOWS\SYSTEM32\dxgi.dll
0x00007ffe45210000 - 0x00007ffe45474000 	C:\WINDOWS\SYSTEM32\d3d11.dll
0x00007ffe16410000 - 0x00007ffe17060000 	C:\WINDOWS\SYSTEM32\igd10umd64.dll
0x00007ffe3d5e0000 - 0x00007ffe3d61b000 	C:\WINDOWS\SYSTEM32\dxcore.dll
0x00007ffe19010000 - 0x00007ffe1908f000 	C:\Users\ervin_1nmnhvl\AppData\Local\Temp\lwjglervin_1nmnhvl\3.2.2-build-10\lwjgl_stb.dll
0x00007ffe43de0000 - 0x00007ffe43e8e000 	C:\WINDOWS\SYSTEM32\mscms.dll
0x00007ffe43d50000 - 0x00007ffe43d61000 	C:\WINDOWS\SYSTEM32\ColorAdapterClient.dll
0x00007ffe205c0000 - 0x00007ffe20603000 	C:\WINDOWS\SYSTEM32\icm32.dll
0x00007ffe35ec0000 - 0x00007ffe35fbb000 	C:\WINDOWS\SYSTEM32\textinputframework.dll
0x00007ffe182b0000 - 0x00007ffe18308000 	C:\Users\ervin_1nmnhvl\AppData\Local\Temp\lwjglervin_1nmnhvl\3.2.2-build-10\lwjgl_opengl.dll
0x00007ffe41510000 - 0x00007ffe416f4000 	C:\WINDOWS\SYSTEM32\dbghelp.dll

VM Arguments:
jvm_args: -agentlib:jdwp=transport=dt_socket,address=127.0.0.1:61007,suspend=y,server=n -Dforge.logging.console.level=debug -Dforge.logging.markers=SCAN,REGISTRIES,REGISTRYDUMP -XX:HeapDumpPath=MojangTricksIntelDriversForPerformance_javaw.exe_minecraft.exe.heapdump -Dos.name=Windows 10 -Dos.version=10.0 -javaagent:C:\Users\ervin_1nmnhvl\AppData\Local\JetBrains\Toolbox\apps\IDEA-U\ch-0\203.7148.57\plugins\Groovy\lib\agent\gragent.jar -javaagent:C:\Users\ervin_1nmnhvl\AppData\Local\JetBrains\Toolbox\apps\IDEA-U\ch-0\203.7148.57\plugins\java\lib\rt\debugger-agent.jar -Dfile.encoding=windows-1250 
java_command: net.minecraftforge.userdev.LaunchTesting
java_class_path (initial): C:\Program Files (x86)\Minecraft\runtime\jre-x64\lib\charsets.jar;C:\Program Files (x86)\Minecraft\runtime\jre-x64\lib\deploy.jar;C:\Program Files (x86)\Minecraft\runtime\jre-x64\lib\ext\access-bridge-64.jar;C:\Program Files (x86)\Minecraft\runtime\jre-x64\lib\ext\cldrdata.jar;C:\Program Files (x86)\Minecraft\runtime\jre-x64\lib\ext\dnsns.jar;C:\Program Files (x86)\Minecraft\runtime\jre-x64\lib\ext\jaccess.jar;C:\Program Files (x86)\Minecraft\runtime\jre-x64\lib\ext\jfxrt.jar;C:\Program Files (x86)\Minecraft\runtime\jre-x64\lib\ext\localedata.jar;C:\Program Files (x86)\Minecraft\runtime\jre-x64\lib\ext\nashorn.jar;C:\Program Files (x86)\Minecraft\runtime\jre-x64\lib\ext\sunec.jar;C:\Program Files (x86)\Minecraft\runtime\jre-x64\lib\ext\sunjce_provider.jar;C:\Program Files (x86)\Minecraft\runtime\jre-x64\lib\ext\sunmscapi.jar;C:\Program Files (x86)\Minecraft\runtime\jre-x64\lib\ext\sunpkcs11.jar;C:\Program Files (x86)\Minecraft\runtime\jre-x64\lib\ext\zipfs.jar;C:\Program Files (x86)\Minecraft\runtime\jre-x64\lib\javaws.jar;C:\Program Files (x86)\Minecraft\runtime\jre-x64\lib\jce.jar;C:\Program Files (x86)\Minecraft\runtime\jre-x64\lib\jfr.jar;C:\Program Files (x86)\Minecraft\runtime\jre-x64\lib\jfxswt.jar;C:\Program Files (x86)\Minecraft\runtime\jre-x64\lib\jsse.jar;C:\Program Files (x86)\Minecraft\runtime\jre-x64\lib\management-agent.jar;C:\Program Files (x86)\Minecraft\runtime\jre-x64\lib\plugin.jar;C:\Program Files (x86)\Minecraft\runtime\jre-x64\lib\resources.jar;C:\Program Files (x86)\Minecraft\runtime\jre-x64\lib\rt.jar;C:\save\modding\ervin_mod_1\build\classes\java\main;C:\save\modding\ervin_mod_1\build\resources\main;C:\Users\ervin_1nmnhvl\.gradle\caches\forge_gradle\minecraft_user_repo\net\minecraftforge\forge\1.16.1-32.0.75_mapped_snapshot_20200723-1.16.1\forge-1.16.1-32.0.75_mapped_snapshot_20200723-1.16.1-recomp.jar;C:\Users\ervin_1nmnhvl\.gradle\caches\forge_gradle\minecraft_user_repo\net\minecraftforge\forge\1.16.1-32.0.75_
Launcher Type: SUN_STANDARD

Environment Variables:
JAVA_HOME=C:\Program Files\Java\jdk-11.0.4
PATH=C:\Program Files\Docker\Docker\Resources\bin;C:\ProgramData\Oracle\Java\javapath;C:\WINDOWS\system32;C:\WINDOWS;C:\WINDOWS\System32\Wbem;C:\WINDOWS\System32\WindowsPowerShell\v1.0\;C:\Program Files (x86)\cloudControl;C:\Program Files\Git\cmd;C:\bin;C:\Program Files (x86)\Windows Kits\8.1\Windows Performance Toolkit\;C:\Program Files (x86)\PuTTY\;C:\Program Files (x86)\Nodist\bin;G:\save\sdk\android\tools;G:\save\sdk\android\platform-tools;C:\boxfuse;C:\Program Files (x86)\Skype\Phone\;C:\Program Files (x86)\GtkSharp\2.12\bin;C:\Program Files (x86)\IVI Foundation\VISA\WinNT\Bin;C:\WINDOWS\system32;C:\WINDOWS;C:\WINDOWS\System32\Wbem;C:\WINDOWS\System32\WindowsPowerShell\v1.0\;;C:\WINDOWS\System32\OpenSSH\;C:\Users\ervin_1nmnhvl\AppData\Local\Microsoft\WindowsApps;
USERNAME=ervin_1nmnhvl
OS=Windows_NT
PROCESSOR_IDENTIFIER=Intel64 Family 6 Model 42 Stepping 7, GenuineIntel



---------------  S Y S T E M  ---------------

OS: Windows 10.0 , 64 bit Build 19041 (10.0.19041.804)

CPU:total 4 (2 cores per cpu, 2 threads per core) family 6 model 42 stepping 7, cmov, cx8, fxsr, mmx, sse, sse2, sse3, ssse3, sse4.1, sse4.2, popcnt, avx, aes, clmul, ht, tsc, tscinvbit

Memory: 4k page, physical 8266764k(576108k free), swap 10363916k(2440k free)

vm_info: Java HotSpot(TM) 64-Bit Server VM (25.51-b03) for windows-amd64 JRE (1.8.0_51-b16), built on Jun  8 2015 18:03:07 by "java_re" with MS VC++ 10.0 (VS2010)

time: Mon Apr 05 09:11:08 2021
elapsed time: 36 seconds (0d 0h 0m 36s)

