#
# There is insufficient memory for the Java Runtime Environment to continue.
# Native memory allocation (malloc) failed to allocate 1351968 bytes for Chunk::new
# Possible reasons:
#   The system is out of physical RAM or swap space
#   In 32 bit mode, the process size limit was hit
# Possible solutions:
#   Reduce memory load on the system
#   Increase physical memory or swap space
#   Check if swap backing store is full
#   Use 64 bit Java on a 64 bit OS
#   Decrease Java heap size (-Xmx/-Xms)
#   Decrease number of Java threads
#   Decrease Java thread stack sizes (-Xss)
#   Set larger code cache with -XX:ReservedCodeCacheSize=
# This output file may be truncated or incomplete.
#
#  Out of Memory Error (allocation.cpp:390), pid=2824, tid=15264
#
# JRE version: Java(TM) SE Runtime Environment (8.0_51-b16) (build 1.8.0_51-b16)
# Java VM: Java HotSpot(TM) 64-Bit Server VM (25.51-b03 mixed mode windows-amd64 compressed oops)
# Failed to write core dump. Minidumps are not enabled by default on client versions of Windows
#

---------------  T H R E A D  ---------------

Current thread (0x00000000190b5800):  JavaThread "C2 CompilerThread0" daemon [_thread_in_native, id=15264, stack(0x00000000191d0000,0x00000000192d0000)]

Stack: [0x00000000191d0000,0x00000000192d0000]
Native frames: (J=compiled Java code, j=interpreted, Vv=VM code, C=native code)
V  [jvm.dll+0x32b4ca]
V  [jvm.dll+0x2797e3]
V  [jvm.dll+0x27a479]
V  [jvm.dll+0x271765]
V  [jvm.dll+0xcba02]
V  [jvm.dll+0xcbecc]
V  [jvm.dll+0x492ad7]
V  [jvm.dll+0x45f7bf]
V  [jvm.dll+0x46a7cb]
V  [jvm.dll+0x46cde2]
V  [jvm.dll+0x4501a2]
V  [jvm.dll+0xa43a2]
V  [jvm.dll+0xa4cdf]
V  [jvm.dll+0x2418a4]
V  [jvm.dll+0x29846a]
C  [msvcr100.dll+0x21d9f]
C  [msvcr100.dll+0x21e3b]
C  [KERNEL32.DLL+0x16fd4]
C  [ntdll.dll+0x4cec1]


Current CompileTask:
C2:  48954 8099       4       com.google.common.reflect.TypeResolver$TypeMappingIntrospector::visitClass (24 bytes)


---------------  P R O C E S S  ---------------

Java Threads: ( => current thread )
  0x000000001c93b000 JavaThread "Worker-Bootstrap-3" daemon [_thread_in_Java, id=7944, stack(0x0000000024300000,0x0000000024400000)]
  0x0000000019847000 JavaThread "Worker-Bootstrap-2" daemon [_thread_in_Java, id=616, stack(0x0000000022ba0000,0x0000000022ca0000)]
  0x0000000019846000 JavaThread "Worker-Bootstrap-1" daemon [_thread_in_Java, id=8796, stack(0x0000000022870000,0x0000000022970000)]
  0x0000000023936800 JavaThread "pool-3-thread-1" [_thread_in_Java, id=10128, stack(0x0000000025410000,0x0000000025510000)]
  0x000000001ac01000 JavaThread "pool-2-thread-1" daemon [_thread_blocked, id=8664, stack(0x0000000020a90000,0x0000000020b90000)]
  0x000000001ac45800 JavaThread "Thread-3" daemon [_thread_in_native, id=13480, stack(0x0000000020c60000,0x0000000020d60000)]
  0x000000001ab18000 JavaThread "Thread-2" daemon [_thread_in_native, id=13132, stack(0x000000001bce0000,0x000000001bde0000)]
  0x000000001aa94800 JavaThread "Thread-1" daemon [_thread_blocked, id=12552, stack(0x000000001bbe0000,0x000000001bce0000)]
  0x000000001954c000 JavaThread "Service Thread" daemon [_thread_blocked, id=9736, stack(0x0000000019cd0000,0x0000000019dd0000)]
  0x00000000190bb800 JavaThread "C1 CompilerThread2" daemon [_thread_blocked, id=1576, stack(0x00000000193d0000,0x00000000194d0000)]
  0x00000000190b8800 JavaThread "C2 CompilerThread1" daemon [_thread_blocked, id=8672, stack(0x00000000192d0000,0x00000000193d0000)]
=>0x00000000190b5800 JavaThread "C2 CompilerThread0" daemon [_thread_in_native, id=15264, stack(0x00000000191d0000,0x00000000192d0000)]
  0x000000001906f800 JavaThread "Monitor Ctrl-Break" daemon [_thread_in_native, id=14092, stack(0x00000000190d0000,0x00000000191d0000)]
  0x0000000017788800 JavaThread "Attach Listener" daemon [_thread_blocked, id=11168, stack(0x0000000018bd0000,0x0000000018cd0000)]
  0x0000000017787800 JavaThread "Signal Dispatcher" daemon [_thread_blocked, id=13656, stack(0x0000000018ad0000,0x0000000018bd0000)]
  0x0000000002a9b000 JavaThread "Finalizer" daemon [_thread_blocked, id=4108, stack(0x00000000189d0000,0x0000000018ad0000)]
  0x0000000002a97000 JavaThread "Reference Handler" daemon [_thread_blocked, id=1304, stack(0x00000000188d0000,0x00000000189d0000)]
  0x00000000029a2800 JavaThread "main" [_thread_blocked, id=10188, stack(0x0000000002890000,0x0000000002990000)]

Other Threads:
  0x0000000017749000 VMThread [stack: 0x00000000187d0000,0x00000000188d0000] [id=13628]
  0x00000000190cd800 WatcherThread [stack: 0x0000000019dd0000,0x0000000019ed0000] [id=4432]

VM state:not at safepoint (normal execution)

VM Mutex/Monitor currently owned by a thread: None

Heap:
 PSYoungGen      total 524800K, used 73679K [0x00000000d5f00000, 0x00000000ff680000, 0x0000000100000000)
  eden space 489472K, 7% used [0x00000000d5f00000,0x00000000d84e8858,0x00000000f3d00000)
  from space 35328K, 98% used [0x00000000f3d00000,0x00000000f5f0b520,0x00000000f5f80000)
  to   space 94208K, 0% used [0x00000000f9a80000,0x00000000f9a80000,0x00000000ff680000)
 ParOldGen       total 262144K, used 180453K [0x0000000081c00000, 0x0000000091c00000, 0x00000000d5f00000)
  object space 262144K, 68% used [0x0000000081c00000,0x000000008cc39530,0x0000000091c00000)
 Metaspace       used 55710K, capacity 60604K, committed 60672K, reserved 1099776K
  class space    used 8249K, capacity 9699K, committed 9728K, reserved 1048576K

Card table byte_map: [0x0000000012010000,0x0000000012410000] byte_map_base: 0x0000000011c02000

Marking Bits: (ParMarkBitMap*) 0x00000000768d4040
 Begin Bits: [0x0000000012ac0000, 0x0000000014a50000)
 End Bits:   [0x0000000014a50000, 0x00000000169e0000)

Polling page: 0x0000000002aa0000

CodeCache: size=245760Kb used=20064Kb max_used=20098Kb free=225695Kb
 bounds [0x0000000002c50000, 0x0000000004040000, 0x0000000011c50000]
 total_blobs=7655 nmethods=6399 adapters=1167
 compilation: enabled

Compilation events (10 events):
Event: 48.633 Thread 0x00000000190bb800 8107       3       com.google.common.collect.RegularImmutableSet::get (7 bytes)
Event: 48.633 Thread 0x00000000190bb800 nmethod 8107 0x0000000003a80090 code [0x0000000003a801e0, 0x0000000003a80350]
Event: 48.638 Thread 0x00000000190b8800 8108       4       java.util.AbstractCollection::addAll (42 bytes)
Event: 48.638 Thread 0x00000000190bb800 8109       3       it.unimi.dsi.fastutil.objects.ObjectOpenHashSet::add (129 bytes)
Event: 48.640 Thread 0x00000000190bb800 nmethod 8109 0x00000000037f4c10 code [0x00000000037f4e00, 0x00000000037f56c8]
Event: 48.645 Thread 0x00000000190b8800 nmethod 8108 0x0000000003ec8d50 code [0x0000000003ec8ec0, 0x0000000003ec9158]
Event: 48.698 Thread 0x00000000190b8800 8110       4       java.lang.Class::getGenericSuperclass (28 bytes)
Event: 48.704 Thread 0x00000000190b8800 nmethod 8110 0x0000000003c81690 code [0x0000000003c81820, 0x0000000003c81b10]
Event: 48.761 Thread 0x00000000190bb800 8111       3       sun.reflect.generics.parser.SignatureParser::parseTypeArgument (133 bytes)
Event: 48.762 Thread 0x00000000190bb800 nmethod 8111 0x0000000003bc09d0 code [0x0000000003bc0ca0, 0x0000000003bc22a8]

GC Heap History (10 events):
Event: 45.260 GC heap after
Heap after GC invocations=45 (full 7):
 PSYoungGen      total 570880K, used 32778K [0x00000000d5f00000, 0x00000000ff600000, 0x0000000100000000)
  eden space 473088K, 0% used [0x00000000d5f00000,0x00000000d5f00000,0x00000000f2d00000)
  from space 97792K, 33% used [0x00000000f9680000,0x00000000fb682908,0x00000000ff600000)
  to   space 102912K, 0% used [0x00000000f2d00000,0x00000000f2d00000,0x00000000f9180000)
 ParOldGen       total 262144K, used 179681K [0x0000000081c00000, 0x0000000091c00000, 0x00000000d5f00000)
  object space 262144K, 68% used [0x0000000081c00000,0x000000008cb78698,0x0000000091c00000)
 Metaspace       used 54032K, capacity 58614K, committed 58752K, reserved 1099776K
  class space    used 7929K, capacity 9234K, committed 9344K, reserved 1048576K
}
Event: 45.709 GC heap before
{Heap before GC invocations=46 (full 7):
 PSYoungGen      total 570880K, used 505866K [0x00000000d5f00000, 0x00000000ff600000, 0x0000000100000000)
  eden space 473088K, 100% used [0x00000000d5f00000,0x00000000f2d00000,0x00000000f2d00000)
  from space 97792K, 33% used [0x00000000f9680000,0x00000000fb682908,0x00000000ff600000)
  to   space 102912K, 0% used [0x00000000f2d00000,0x00000000f2d00000,0x00000000f9180000)
 ParOldGen       total 262144K, used 179681K [0x0000000081c00000, 0x0000000091c00000, 0x00000000d5f00000)
  object space 262144K, 68% used [0x0000000081c00000,0x000000008cb78698,0x0000000091c00000)
 Metaspace       used 54251K, capacity 58878K, committed 59008K, reserved 1099776K
  class space    used 7969K, capacity 9314K, committed 9344K, reserved 1048576K
Event: 45.760 GC heap after
Heap after GC invocations=46 (full 7):
 PSYoungGen      total 576000K, used 21000K [0x00000000d5f00000, 0x0000000100000000, 0x0000000100000000)
  eden space 473088K, 0% used [0x00000000d5f00000,0x00000000d5f00000,0x00000000f2d00000)
  from space 102912K, 20% used [0x00000000f2d00000,0x00000000f4182050,0x00000000f9180000)
  to   space 101376K, 0% used [0x00000000f9d00000,0x00000000f9d00000,0x0000000100000000)
 ParOldGen       total 262144K, used 179681K [0x0000000081c00000, 0x0000000091c00000, 0x00000000d5f00000)
  object space 262144K, 68% used [0x0000000081c00000,0x000000008cb78698,0x0000000091c00000)
 Metaspace       used 54251K, capacity 58878K, committed 59008K, reserved 1099776K
  class space    used 7969K, capacity 9314K, committed 9344K, reserved 1048576K
}
Event: 46.459 GC heap before
{Heap before GC invocations=47 (full 7):
 PSYoungGen      total 576000K, used 494088K [0x00000000d5f00000, 0x0000000100000000, 0x0000000100000000)
  eden space 473088K, 100% used [0x00000000d5f00000,0x00000000f2d00000,0x00000000f2d00000)
  from space 102912K, 20% used [0x00000000f2d00000,0x00000000f4182050,0x00000000f9180000)
  to   space 101376K, 0% used [0x00000000f9d00000,0x00000000f9d00000,0x0000000100000000)
 ParOldGen       total 262144K, used 180444K [0x0000000081c00000, 0x0000000091c00000, 0x00000000d5f00000)
  object space 262144K, 68% used [0x0000000081c00000,0x000000008cc37020,0x0000000091c00000)
 Metaspace       used 54622K, capacity 59280K, committed 59392K, reserved 1099776K
  class space    used 8032K, capacity 9399K, committed 9472K, reserved 1048576K
Event: 46.559 GC heap after
Heap after GC invocations=47 (full 7):
 PSYoungGen      total 575488K, used 45330K [0x00000000d5f00000, 0x00000000ff580000, 0x0000000100000000)
  eden space 484864K, 0% used [0x00000000d5f00000,0x00000000d5f00000,0x00000000f3880000)
  from space 90624K, 50% used [0x00000000f9d00000,0x00000000fc944b68,0x00000000ff580000)
  to   space 96768K, 0% used [0x00000000f3880000,0x00000000f3880000,0x00000000f9700000)
 ParOldGen       total 262144K, used 180444K [0x0000000081c00000, 0x0000000091c00000, 0x00000000d5f00000)
  object space 262144K, 68% used [0x0000000081c00000,0x000000008cc37020,0x0000000091c00000)
 Metaspace       used 54622K, capacity 59280K, committed 59392K, reserved 1099776K
  class space    used 8032K, capacity 9399K, committed 9472K, reserved 1048576K
}
Event: 47.722 GC heap before
{Heap before GC invocations=48 (full 7):
 PSYoungGen      total 575488K, used 530194K [0x00000000d5f00000, 0x00000000ff580000, 0x0000000100000000)
  eden space 484864K, 100% used [0x00000000d5f00000,0x00000000f3880000,0x00000000f3880000)
  from space 90624K, 50% used [0x00000000f9d00000,0x00000000fc944b68,0x00000000ff580000)
  to   space 96768K, 0% used [0x00000000f3880000,0x00000000f3880000,0x00000000f9700000)
 ParOldGen       total 262144K, used 180445K [0x0000000081c00000, 0x0000000091c00000, 0x00000000d5f00000)
  object space 262144K, 68% used [0x0000000081c00000,0x000000008cc37530,0x0000000091c00000)
 Metaspace       used 55257K, capacity 60010K, committed 60288K, reserved 1099776K
  class space    used 8163K, capacity 9570K, committed 9600K, reserved 1048576K
Event: 47.886 GC heap after
Heap after GC invocations=48 (full 7):
 PSYoungGen      total 581632K, used 70493K [0x00000000d5f00000, 0x0000000100000000, 0x0000000100000000)
  eden space 484864K, 0% used [0x00000000d5f00000,0x00000000d5f00000,0x00000000f3880000)
  from space 96768K, 72% used [0x00000000f3880000,0x00000000f7d57680,0x00000000f9700000)
  to   space 101376K, 0% used [0x00000000f9d00000,0x00000000f9d00000,0x0000000100000000)
 ParOldGen       total 262144K, used 180445K [0x0000000081c00000, 0x0000000091c00000, 0x00000000d5f00000)
  object space 262144K, 68% used [0x0000000081c00000,0x000000008cc37530,0x0000000091c00000)
 Metaspace       used 55257K, capacity 60010K, committed 60288K, reserved 1099776K
  class space    used 8163K, capacity 9570K, committed 9600K, reserved 1048576K
}
Event: 48.214 GC heap before
{Heap before GC invocations=49 (full 7):
 PSYoungGen      total 581632K, used 555357K [0x00000000d5f00000, 0x0000000100000000, 0x0000000100000000)
  eden space 484864K, 100% used [0x00000000d5f00000,0x00000000f3880000,0x00000000f3880000)
  from space 96768K, 72% used [0x00000000f3880000,0x00000000f7d57680,0x00000000f9700000)
  to   space 101376K, 0% used [0x00000000f9d00000,0x00000000f9d00000,0x0000000100000000)
 ParOldGen       total 262144K, used 180445K [0x0000000081c00000, 0x0000000091c00000, 0x00000000d5f00000)
  object space 262144K, 68% used [0x0000000081c00000,0x000000008cc37530,0x0000000091c00000)
 Metaspace       used 55413K, capacity 60202K, committed 60416K, reserved 1099776K
  class space    used 8192K, capacity 9618K, committed 9728K, reserved 1048576K
Event: 48.289 GC heap after
Heap after GC invocations=49 (full 7):
 PSYoungGen      total 589312K, used 32667K [0x00000000d5f00000, 0x00000000ffe80000, 0x0000000100000000)
  eden space 489472K, 0% used [0x00000000d5f00000,0x00000000d5f00000,0x00000000f3d00000)
  from space 99840K, 32% used [0x00000000f9d00000,0x00000000fbce6c50,0x00000000ffe80000)
  to   space 98304K, 0% used [0x00000000f3d00000,0x00000000f3d00000,0x00000000f9d00000)
 ParOldGen       total 262144K, used 180445K [0x0000000081c00000, 0x0000000091c00000, 0x00000000d5f00000)
  object space 262144K, 68% used [0x0000000081c00000,0x000000008cc37530,0x0000000091c00000)
 Metaspace       used 55413K, capacity 60202K, committed 60416K, reserved 1099776K
  class space    used 8192K, capacity 9618K, committed 9728K, reserved 1048576K
}
Event: 48.846 GC heap before
{Heap before GC invocations=50 (full 7):
 PSYoungGen      total 589312K, used 522139K [0x00000000d5f00000, 0x00000000ffe80000, 0x0000000100000000)
  eden space 489472K, 100% used [0x00000000d5f00000,0x00000000f3d00000,0x00000000f3d00000)
  from space 99840K, 32% used [0x00000000f9d00000,0x00000000fbce6c50,0x00000000ffe80000)
  to   space 98304K, 0% used [0x00000000f3d00000,0x00000000f3d00000,0x00000000f9d00000)
 ParOldGen       total 262144K, used 180445K [0x0000000081c00000, 0x0000000091c00000, 0x00000000d5f00000)
  object space 262144K, 68% used [0x0000000081c00000,0x000000008cc37530,0x0000000091c00000)
 Metaspace       used 55687K, capacity 60596K, committed 60672K, reserved 1099776K
  class space    used 8245K, capacity 9695K, committed 9728K, reserved 1048576K

Deoptimization events (10 events):
Event: 44.906 Thread 0x0000000023936800 Uncommon trap: reason=class_check action=maybe_recompile pc=0x0000000003aaa8f0 method=org.objectweb.asm.ClassReader.readCode(Lorg/objectweb/asm/MethodVisitor;Lorg/objectweb/asm/Context;I)V @ 4318
Event: 45.461 Thread 0x0000000023936800 Uncommon trap: reason=predicate action=maybe_recompile pc=0x0000000003ca8a50 method=com.google.common.collect.ImmutableSet.construct(I[Ljava/lang/Object;)Lcom/google/common/collect/ImmutableSet; @ 71
Event: 45.840 Thread 0x0000000023936800 Uncommon trap: reason=class_check action=maybe_recompile pc=0x0000000003da481c method=sun.reflect.generics.repository.ClassRepository.getSuperInterfaces()[Ljava/lang/reflect/Type; @ 61
Event: 47.388 Thread 0x0000000023936800 Uncommon trap: reason=bimorphic action=maybe_recompile pc=0x00000000038a8188 method=com.google.common.collect.ImmutableList.copyOf(Ljava/util/Collection;)Lcom/google/common/collect/ImmutableList; @ 11
Event: 47.388 Thread 0x0000000023936800 Uncommon trap: reason=bimorphic action=maybe_recompile pc=0x00000000038a8188 method=com.google.common.collect.ImmutableList.copyOf(Ljava/util/Collection;)Lcom/google/common/collect/ImmutableList; @ 11
Event: 47.615 Thread 0x0000000023936800 Uncommon trap: reason=class_check action=maybe_recompile pc=0x0000000003da481c method=sun.reflect.generics.repository.ClassRepository.getSuperInterfaces()[Ljava/lang/reflect/Type; @ 61
Event: 48.148 Thread 0x0000000023936800 Uncommon trap: reason=class_check action=maybe_recompile pc=0x0000000003da481c method=sun.reflect.generics.repository.ClassRepository.getSuperInterfaces()[Ljava/lang/reflect/Type; @ 61
Event: 48.148 Thread 0x0000000023936800 Uncommon trap: reason=class_check action=maybe_recompile pc=0x0000000003da481c method=sun.reflect.generics.repository.ClassRepository.getSuperInterfaces()[Ljava/lang/reflect/Type; @ 61
Event: 48.148 Thread 0x0000000023936800 Uncommon trap: reason=unstable_if action=reinterpret pc=0x0000000003d21960 method=com.google.common.reflect.TypeResolver$TypeMappingIntrospector.map(Lcom/google/common/reflect/TypeResolver$TypeVariableKey;Ljava/lang/reflect/Type;)V @ 10
Event: 48.489 Thread 0x0000000023936800 Uncommon trap: reason=unstable_if action=reinterpret pc=0x0000000003374d94 method=java.lang.invoke.InnerClassLambdaMetafactory.getOpcodeOffset(Ljava/lang/Class;)I @ 20

Internal exceptions (10 events):
Event: 48.837 Thread 0x0000000023936800 Exception <a 'sun/nio/fs/WindowsException'> (0x00000000f311ebc8) thrown at [C:\re\workspace\8-2-build-windows-amd64-cygwin\jdk8u51\3951\hotspot\src\share\vm\prims\jni.cpp, line 709]
Event: 48.837 Thread 0x0000000023936800 Exception <a 'sun/nio/fs/WindowsException'> (0x00000000f311f138) thrown at [C:\re\workspace\8-2-build-windows-amd64-cygwin\jdk8u51\3951\hotspot\src\share\vm\prims\jni.cpp, line 709]
Event: 48.837 Thread 0x0000000023936800 Exception <a 'sun/nio/fs/WindowsException'> (0x00000000f311fde0) thrown at [C:\re\workspace\8-2-build-windows-amd64-cygwin\jdk8u51\3951\hotspot\src\share\vm\prims\jni.cpp, line 709]
Event: 48.837 Thread 0x0000000023936800 Exception <a 'sun/nio/fs/WindowsException'> (0x00000000f3120400) thrown at [C:\re\workspace\8-2-build-windows-amd64-cygwin\jdk8u51\3951\hotspot\src\share\vm\prims\jni.cpp, line 709]
Event: 48.843 Thread 0x0000000023936800 Exception <a 'sun/nio/fs/WindowsException'> (0x00000000f3145e50) thrown at [C:\re\workspace\8-2-build-windows-amd64-cygwin\jdk8u51\3951\hotspot\src\share\vm\prims\jni.cpp, line 709]
Event: 48.844 Thread 0x0000000023936800 Exception <a 'sun/nio/fs/WindowsException'> (0x00000000f31463e0) thrown at [C:\re\workspace\8-2-build-windows-amd64-cygwin\jdk8u51\3951\hotspot\src\share\vm\prims\jni.cpp, line 709]
Event: 48.844 Thread 0x0000000023936800 Exception <a 'sun/nio/fs/WindowsException'> (0x00000000f3147148) thrown at [C:\re\workspace\8-2-build-windows-amd64-cygwin\jdk8u51\3951\hotspot\src\share\vm\prims\jni.cpp, line 709]
Event: 48.844 Thread 0x0000000023936800 Exception <a 'sun/nio/fs/WindowsException'> (0x00000000f31476e8) thrown at [C:\re\workspace\8-2-build-windows-amd64-cygwin\jdk8u51\3951\hotspot\src\share\vm\prims\jni.cpp, line 709]
Event: 48.844 Thread 0x0000000023936800 Exception <a 'sun/nio/fs/WindowsException'> (0x00000000f31483d0) thrown at [C:\re\workspace\8-2-build-windows-amd64-cygwin\jdk8u51\3951\hotspot\src\share\vm\prims\jni.cpp, line 709]
Event: 48.844 Thread 0x0000000023936800 Exception <a 'sun/nio/fs/WindowsException'> (0x00000000f3148a40) thrown at [C:\re\workspace\8-2-build-windows-amd64-cygwin\jdk8u51\3951\hotspot\src\share\vm\prims\jni.cpp, line 709]

Events (10 events):
Event: 48.829 loading class net/minecraft/entity/ai/brain/sensor/InteractableDoorsSensor done
Event: 48.837 loading class it/unimi/dsi/fastutil/longs/Long2LongMap
Event: 48.837 loading class it/unimi/dsi/fastutil/longs/Long2LongMap done
Event: 48.840 loading class it/unimi/dsi/fastutil/longs/Long2LongFunction
Event: 48.840 loading class it/unimi/dsi/fastutil/longs/Long2LongFunction done
Event: 48.841 loading class java/util/function/LongUnaryOperator
Event: 48.842 loading class java/util/function/LongUnaryOperator done
Event: 48.842 loading class net/minecraft/entity/ai/brain/sensor/NearestBedSensor
Event: 48.842 loading class net/minecraft/entity/ai/brain/sensor/NearestBedSensor done
Event: 48.845 Executing VM operation: ParallelGCFailedAllocation


Dynamic libraries:
0x00007ff711120000 - 0x00007ff711157000 	C:\Program Files (x86)\Minecraft\runtime\jre-x64\bin\java.exe
0x00007ff90a4b0000 - 0x00007ff90a6a5000 	C:\WINDOWS\SYSTEM32\ntdll.dll
0x00007ff909900000 - 0x00007ff9099bd000 	C:\WINDOWS\System32\KERNEL32.DLL
0x00007ff908240000 - 0x00007ff908507000 	C:\WINDOWS\System32\KERNELBASE.dll
0x00007ff9093c0000 - 0x00007ff90946a000 	C:\WINDOWS\System32\ADVAPI32.dll
0x00007ff908810000 - 0x00007ff9088ae000 	C:\WINDOWS\System32\msvcrt.dll
0x00007ff90a030000 - 0x00007ff90a0cb000 	C:\WINDOWS\System32\sechost.dll
0x00007ff9086e0000 - 0x00007ff908804000 	C:\WINDOWS\System32\RPCRT4.dll
0x00007ff90a190000 - 0x00007ff90a330000 	C:\WINDOWS\System32\USER32.dll
0x00007ff907d50000 - 0x00007ff907d72000 	C:\WINDOWS\System32\win32u.dll
0x00007ff909540000 - 0x00007ff90956a000 	C:\WINDOWS\System32\GDI32.dll
0x00007ff908030000 - 0x00007ff908139000 	C:\WINDOWS\System32\gdi32full.dll
0x00007ff907ee0000 - 0x00007ff907f7d000 	C:\WINDOWS\System32\msvcp_win.dll
0x00007ff908140000 - 0x00007ff908240000 	C:\WINDOWS\System32\ucrtbase.dll
0x00007ff8eb8d0000 - 0x00007ff8ebb6b000 	C:\WINDOWS\WinSxS\amd64_microsoft.windows.common-controls_6595b64144ccf1df_6.0.19041.488_none_ca04af081b815d21\COMCTL32.dll
0x00007ff909aa0000 - 0x00007ff909ad0000 	C:\WINDOWS\System32\IMM32.DLL
0x0000000076960000 - 0x0000000076a32000 	C:\Program Files (x86)\Minecraft\runtime\jre-x64\bin\msvcr100.dll
0x00000000760d0000 - 0x0000000076953000 	C:\Program Files (x86)\Minecraft\runtime\jre-x64\bin\server\jvm.dll
0x00007ff909810000 - 0x00007ff909818000 	C:\WINDOWS\System32\PSAPI.DLL
0x00007ff8e1fd0000 - 0x00007ff8e1fd9000 	C:\WINDOWS\SYSTEM32\WSOCK32.dll
0x00007ff9094d0000 - 0x00007ff90953b000 	C:\WINDOWS\System32\WS2_32.dll
0x00007ff900ec0000 - 0x00007ff900ee7000 	C:\WINDOWS\SYSTEM32\WINMM.dll
0x00007ff900930000 - 0x00007ff90093a000 	C:\WINDOWS\SYSTEM32\VERSION.dll
0x00000000760c0000 - 0x00000000760cf000 	C:\Program Files (x86)\Minecraft\runtime\jre-x64\bin\verify.dll
0x0000000076090000 - 0x00000000760b9000 	C:\Program Files (x86)\Minecraft\runtime\jre-x64\bin\java.dll
0x0000000076060000 - 0x0000000076083000 	C:\Program Files (x86)\Minecraft\runtime\jre-x64\bin\instrument.dll
0x0000000076040000 - 0x0000000076056000 	C:\Program Files (x86)\Minecraft\runtime\jre-x64\bin\zip.dll
0x00007ff908c70000 - 0x00007ff9093b1000 	C:\WINDOWS\System32\SHELL32.dll
0x00007ff905bc0000 - 0x00007ff906353000 	C:\WINDOWS\SYSTEM32\windows.storage.dll
0x00007ff9088b0000 - 0x00007ff908c05000 	C:\WINDOWS\System32\combase.dll
0x00007ff9074c0000 - 0x00007ff9074ec000 	C:\WINDOWS\SYSTEM32\Wldp.dll
0x00007ff90a0e0000 - 0x00007ff90a18e000 	C:\WINDOWS\System32\SHCORE.dll
0x00007ff909fd0000 - 0x00007ff90a025000 	C:\WINDOWS\System32\shlwapi.dll
0x00007ff907b20000 - 0x00007ff907b46000 	C:\WINDOWS\SYSTEM32\profapi.dll
0x00007ff8f9b40000 - 0x00007ff8f9b5a000 	C:\Users\ervin_1nmnhvl\AppData\Local\JetBrains\Toolbox\apps\IDEA-U\ch-0\202.6397.94\bin\breakgen64.dll
0x0000000076020000 - 0x000000007603a000 	C:\Program Files (x86)\Minecraft\runtime\jre-x64\bin\net.dll
0x00007ff9072b0000 - 0x00007ff90731a000 	C:\WINDOWS\system32\mswsock.dll
0x0000000076010000 - 0x000000007601d000 	C:\Program Files (x86)\Minecraft\runtime\jre-x64\bin\management.dll
0x00007ff8d6850000 - 0x00007ff8d6867000 	C:\WINDOWS\system32\napinsp.dll
0x00007ff8d9b80000 - 0x00007ff8d9b9b000 	C:\WINDOWS\system32\pnrpnsp.dll
0x00007ff902980000 - 0x00007ff902995000 	C:\WINDOWS\system32\wshbth.dll
0x00007ff903320000 - 0x00007ff90333d000 	C:\WINDOWS\system32\NLAapi.dll
0x00007ff906fc0000 - 0x00007ff906ffb000 	C:\WINDOWS\SYSTEM32\IPHLPAPI.DLL
0x00007ff907000000 - 0x00007ff9070cb000 	C:\WINDOWS\SYSTEM32\DNSAPI.dll
0x00007ff90a460000 - 0x00007ff90a469000 	C:\WINDOWS\System32\NSI.dll
0x00007ff8d9ba0000 - 0x00007ff8d9bb2000 	C:\WINDOWS\System32\winrnr.dll
0x00007ff8f8de0000 - 0x00007ff8f8dea000 	C:\Windows\System32\rasadhlp.dll
0x00007ff8fce90000 - 0x00007ff8fcf0f000 	C:\WINDOWS\System32\fwpuclnt.dll
0x00007ff907f80000 - 0x00007ff907fa7000 	C:\WINDOWS\System32\bcrypt.dll
0x0000000075ff0000 - 0x0000000076001000 	C:\Program Files (x86)\Minecraft\runtime\jre-x64\bin\nio.dll
0x0000000075fc0000 - 0x0000000075fe4000 	C:\Program Files (x86)\Minecraft\runtime\jre-x64\bin\sunec.dll
0x00007ff9077f0000 - 0x00007ff907808000 	C:\WINDOWS\SYSTEM32\CRYPTSP.dll
0x00007ff906b60000 - 0x00007ff906b94000 	C:\WINDOWS\system32\rsaenh.dll
0x00007ff907ae0000 - 0x00007ff907b0e000 	C:\WINDOWS\SYSTEM32\USERENV.dll
0x00007ff907fb0000 - 0x00007ff90802f000 	C:\WINDOWS\System32\bcryptprimitives.dll
0x00007ff907430000 - 0x00007ff90743c000 	C:\WINDOWS\SYSTEM32\CRYPTBASE.dll
0x00007ff8fa5b0000 - 0x00007ff8fa5c7000 	C:\WINDOWS\SYSTEM32\dhcpcsvc6.DLL
0x00007ff8fa470000 - 0x00007ff8fa48d000 	C:\WINDOWS\SYSTEM32\dhcpcsvc.DLL
0x00007ff8db6c0000 - 0x00007ff8db732000 	C:\Users\ervin_1nmnhvl\AppData\Local\Temp\lwjglervin_1nmnhvl\3.2.2-build-10\lwjgl.dll
0x00007ff8cd640000 - 0x00007ff8cd891000 	C:\Users\ERVIN_~1\AppData\Local\Temp\lwjglervin_1nmnhvl\3.2.2-build-10\jemalloc.dll
0x00007ff8db660000 - 0x00007ff8db6be000 	C:\Users\ERVIN_~1\AppData\Local\Temp\lwjglervin_1nmnhvl\3.2.2-build-10\glfw.dll
0x00007ff905480000 - 0x00007ff90551f000 	C:\WINDOWS\system32\uxtheme.dll
0x00007ff8d0d20000 - 0x00007ff8d0d65000 	C:\WINDOWS\SYSTEM32\dinput8.dll
0x00007ff8f9b60000 - 0x00007ff8f9b71000 	C:\WINDOWS\SYSTEM32\xinput1_4.dll
0x00007ff907e90000 - 0x00007ff907edd000 	C:\WINDOWS\System32\cfgmgr32.dll
0x00007ff9078d0000 - 0x00007ff9078fc000 	C:\WINDOWS\SYSTEM32\DEVOBJ.dll
0x00007ff905830000 - 0x00007ff90585f000 	C:\WINDOWS\SYSTEM32\dwmapi.dll
0x00007ff8f7440000 - 0x00007ff8f7592000 	C:\WINDOWS\SYSTEM32\inputhost.dll
0x00007ff909740000 - 0x00007ff90980d000 	C:\WINDOWS\System32\OLEAUT32.dll
0x00007ff9031d0000 - 0x00007ff9032c7000 	C:\WINDOWS\SYSTEM32\PROPSYS.dll
0x00007ff904570000 - 0x00007ff9046c6000 	C:\WINDOWS\SYSTEM32\wintypes.dll
0x00007ff904d40000 - 0x00007ff90509a000 	C:\WINDOWS\SYSTEM32\CoreUIComponents.dll
0x00007ff904c40000 - 0x00007ff904d32000 	C:\WINDOWS\SYSTEM32\CoreMessaging.dll
0x00007ff906800000 - 0x00007ff906833000 	C:\WINDOWS\SYSTEM32\ntmarta.dll
0x00007ff9063a0000 - 0x00007ff9063b3000 	C:\WINDOWS\SYSTEM32\kernel.appcore.dll
0x00007ff9085c0000 - 0x00007ff9086d5000 	C:\WINDOWS\System32\MSCTF.dll
0x00007ff906360000 - 0x00007ff90636d000 	C:\WINDOWS\SYSTEM32\HID.DLL
0x00007ff909ad0000 - 0x00007ff909f37000 	C:\WINDOWS\System32\SETUPAPI.DLL
0x00007ff907d80000 - 0x00007ff907de0000 	C:\WINDOWS\System32\WINTRUST.dll
0x00007ff907bf0000 - 0x00007ff907d4d000 	C:\WINDOWS\System32\CRYPT32.dll
0x00007ff9078b0000 - 0x00007ff9078c2000 	C:\WINDOWS\SYSTEM32\MSASN1.dll
0x00007ff8db0f0000 - 0x00007ff8db215000 	C:\WINDOWS\SYSTEM32\opengl32.dll
0x00007ff8f7ae0000 - 0x00007ff8f7b0c000 	C:\WINDOWS\SYSTEM32\GLU32.dll
0x00007ff908510000 - 0x00007ff9085b8000 	C:\WINDOWS\System32\clbcatq.dll
0x00007ff8bfae0000 - 0x00007ff8c0764000 	C:\WINDOWS\SYSTEM32\ig4icd64.dll
0x00007ff906410000 - 0x00007ff906503000 	C:\WINDOWS\SYSTEM32\dxgi.dll
0x00007ff903d70000 - 0x00007ff903fd3000 	C:\WINDOWS\SYSTEM32\d3d11.dll
0x00007ff8fbe60000 - 0x00007ff8fcab0000 	C:\WINDOWS\SYSTEM32\igd10umd64.dll
0x00007ff8fce40000 - 0x00007ff8fce7b000 	C:\WINDOWS\SYSTEM32\dxcore.dll
0x00007ff8ce1e0000 - 0x00007ff8ce25f000 	C:\Users\ervin_1nmnhvl\AppData\Local\Temp\lwjglervin_1nmnhvl\3.2.2-build-10\lwjgl_stb.dll
0x00007ff902690000 - 0x00007ff90273e000 	C:\WINDOWS\SYSTEM32\mscms.dll
0x00007ff9025e0000 - 0x00007ff9025f1000 	C:\WINDOWS\SYSTEM32\ColorAdapterClient.dll
0x00007ff8d04e0000 - 0x00007ff8d0523000 	C:\WINDOWS\SYSTEM32\icm32.dll
0x00007ff8f75a0000 - 0x00007ff8f769d000 	C:\WINDOWS\SYSTEM32\textinputframework.dll
0x00007ff8ce180000 - 0x00007ff8ce1d8000 	C:\Users\ervin_1nmnhvl\AppData\Local\Temp\lwjglervin_1nmnhvl\3.2.2-build-10\lwjgl_opengl.dll
0x00007ff8ff750000 - 0x00007ff8ff934000 	C:\WINDOWS\SYSTEM32\dbghelp.dll

VM Arguments:
jvm_args: -Dforge.logging.console.level=debug -Dforge.logging.markers=SCAN,REGISTRIES,REGISTRYDUMP -XX:HeapDumpPath=MojangTricksIntelDriversForPerformance_javaw.exe_minecraft.exe.heapdump -Dos.name=Windows 10 -Dos.version=10.0 -javaagent:C:\Users\ervin_1nmnhvl\AppData\Local\JetBrains\Toolbox\apps\IDEA-U\ch-0\202.6397.94\lib\idea_rt.jar=62906:C:\Users\ervin_1nmnhvl\AppData\Local\JetBrains\Toolbox\apps\IDEA-U\ch-0\202.6397.94\bin -Dfile.encoding=UTF-8 
java_command: net.minecraftforge.userdev.LaunchTesting
java_class_path (initial): C:\Program Files (x86)\Minecraft\runtime\jre-x64\lib\charsets.jar;C:\Program Files (x86)\Minecraft\runtime\jre-x64\lib\deploy.jar;C:\Program Files (x86)\Minecraft\runtime\jre-x64\lib\ext\access-bridge-64.jar;C:\Program Files (x86)\Minecraft\runtime\jre-x64\lib\ext\cldrdata.jar;C:\Program Files (x86)\Minecraft\runtime\jre-x64\lib\ext\dnsns.jar;C:\Program Files (x86)\Minecraft\runtime\jre-x64\lib\ext\jaccess.jar;C:\Program Files (x86)\Minecraft\runtime\jre-x64\lib\ext\jfxrt.jar;C:\Program Files (x86)\Minecraft\runtime\jre-x64\lib\ext\localedata.jar;C:\Program Files (x86)\Minecraft\runtime\jre-x64\lib\ext\nashorn.jar;C:\Program Files (x86)\Minecraft\runtime\jre-x64\lib\ext\sunec.jar;C:\Program Files (x86)\Minecraft\runtime\jre-x64\lib\ext\sunjce_provider.jar;C:\Program Files (x86)\Minecraft\runtime\jre-x64\lib\ext\sunmscapi.jar;C:\Program Files (x86)\Minecraft\runtime\jre-x64\lib\ext\sunpkcs11.jar;C:\Program Files (x86)\Minecraft\runtime\jre-x64\lib\ext\zipfs.jar;C:\Program Files (x86)\Minecraft\runtime\jre-x64\lib\javaws.jar;C:\Program Files (x86)\Minecraft\runtime\jre-x64\lib\jce.jar;C:\Program Files (x86)\Minecraft\runtime\jre-x64\lib\jfr.jar;C:\Program Files (x86)\Minecraft\runtime\jre-x64\lib\jfxswt.jar;C:\Program Files (x86)\Minecraft\runtime\jre-x64\lib\jsse.jar;C:\Program Files (x86)\Minecraft\runtime\jre-x64\lib\management-agent.jar;C:\Program Files (x86)\Minecraft\runtime\jre-x64\lib\plugin.jar;C:\Program Files (x86)\Minecraft\runtime\jre-x64\lib\resources.jar;C:\Program Files (x86)\Minecraft\runtime\jre-x64\lib\rt.jar;C:\save\modding\ervin_mod_1\build\classes\java\main;C:\save\modding\ervin_mod_1\build\resources\main;C:\Users\ervin_1nmnhvl\.gradle\caches\forge_gradle\minecraft_user_repo\net\minecraftforge\forge\1.16.1-32.0.75_mapped_snapshot_20200723-1.16.1\forge-1.16.1-32.0.75_mapped_snapshot_20200723-1.16.1-recomp.jar;C:\Users\ervin_1nmnhvl\.gradle\caches\forge_gradle\minecraft_user_repo\net\minecraftforge\forge\1.16.1-32.0.75_
Launcher Type: SUN_STANDARD

Environment Variables:
JAVA_HOME=C:\Program Files\Java\jdk-11.0.4
PATH=C:\Program Files\Docker\Docker\Resources\bin;C:\ProgramData\Oracle\Java\javapath;C:\WINDOWS\system32;C:\WINDOWS;C:\WINDOWS\System32\Wbem;C:\WINDOWS\System32\WindowsPowerShell\v1.0\;C:\Program Files (x86)\cloudControl;C:\Program Files\Git\cmd;C:\bin;C:\Program Files (x86)\Windows Kits\8.1\Windows Performance Toolkit\;C:\Program Files (x86)\PuTTY\;C:\Program Files (x86)\Nodist\bin;G:\save\sdk\android\tools;G:\save\sdk\android\platform-tools;C:\boxfuse;C:\Program Files (x86)\Skype\Phone\;C:\Program Files (x86)\GtkSharp\2.12\bin;C:\Program Files (x86)\IVI Foundation\VISA\WinNT\Bin;C:\WINDOWS\system32;C:\WINDOWS;C:\WINDOWS\System32\Wbem;C:\WINDOWS\System32\WindowsPowerShell\v1.0\;;C:\WINDOWS\System32\OpenSSH\;C:\Users\ervin_1nmnhvl\AppData\Local\Microsoft\WindowsApps;
USERNAME=ervin_1nmnhvl
OS=Windows_NT
PROCESSOR_IDENTIFIER=Intel64 Family 6 Model 42 Stepping 7, GenuineIntel



---------------  S Y S T E M  ---------------

OS: Windows 10.0 , 64 bit Build 19041 (10.0.19041.292)

CPU:total 4 (2 cores per cpu, 2 threads per core) family 6 model 42 stepping 7, cmov, cx8, fxsr, mmx, sse, sse2, sse3, ssse3, sse4.1, sse4.2, popcnt, avx, aes, clmul, ht, tsc, tscinvbit

Memory: 4k page, physical 8266764k(633804k free), swap 10363916k(13612k free)

vm_info: Java HotSpot(TM) 64-Bit Server VM (25.51-b03) for windows-amd64 JRE (1.8.0_51-b16), built on Jun  8 2015 18:03:07 by "java_re" with MS VC++ 10.0 (VS2010)

time: Fri Oct 02 13:21:04 2020
elapsed time: 48 seconds (0d 0h 0m 48s)

