#
# There is insufficient memory for the Java Runtime Environment to continue.
# Native memory allocation (malloc) failed to allocate 2453456 bytes for Chunk::new
# Possible reasons:
#   The system is out of physical RAM or swap space
#   In 32 bit mode, the process size limit was hit
# Possible solutions:
#   Reduce memory load on the system
#   Increase physical memory or swap space
#   Check if swap backing store is full
#   Use 64 bit Java on a 64 bit OS
#   Decrease Java heap size (-Xmx/-Xms)
#   Decrease number of Java threads
#   Decrease Java thread stack sizes (-Xss)
#   Set larger code cache with -XX:ReservedCodeCacheSize=
# This output file may be truncated or incomplete.
#
#  Out of Memory Error (allocation.cpp:390), pid=11016, tid=4420
#
# JRE version: Java(TM) SE Runtime Environment (8.0_51-b16) (build 1.8.0_51-b16)
# Java VM: Java HotSpot(TM) 64-Bit Server VM (25.51-b03 mixed mode windows-amd64 compressed oops)
# Failed to write core dump. Minidumps are not enabled by default on client versions of Windows
#

---------------  T H R E A D  ---------------

Current thread (0x0000000019470800):  JavaThread "C2 CompilerThread0" daemon [_thread_in_native, id=4420, stack(0x0000000019590000,0x0000000019690000)]

Stack: [0x0000000019590000,0x0000000019690000]
Native frames: (J=compiled Java code, j=interpreted, Vv=VM code, C=native code)
V  [jvm.dll+0x32b4ca]
V  [jvm.dll+0x2797e3]
V  [jvm.dll+0x27a479]
V  [jvm.dll+0x271765]
V  [jvm.dll+0xcba02]
V  [jvm.dll+0xcbecc]
V  [jvm.dll+0x492a7c]
V  [jvm.dll+0x45f7bf]
V  [jvm.dll+0x46a7cb]
V  [jvm.dll+0x46cde2]
V  [jvm.dll+0x4501a2]
V  [jvm.dll+0xa43a2]
V  [jvm.dll+0xa4cdf]
V  [jvm.dll+0x2418a4]
V  [jvm.dll+0x29846a]
C  [msvcr100.dll+0x21d9f]
C  [msvcr100.dll+0x21e3b]
C  [KERNEL32.DLL+0x16fd4]
C  [ntdll.dll+0x4cec1]


Current CompileTask:
C2:  37410 7383       4       java.net.URLClassLoader$1::run (5 bytes)


---------------  P R O C E S S  ---------------

Java Threads: ( => current thread )
  0x0000000023a02000 JavaThread "Worker-Bootstrap-3" daemon [_thread_in_Java, id=16968, stack(0x0000000025dc0000,0x0000000025ec0000)]
  0x000000001c868000 JavaThread "Worker-Bootstrap-2" daemon [_thread_blocked, id=5856, stack(0x0000000025cc0000,0x0000000025dc0000)]
  0x000000001cc16000 JavaThread "Worker-Bootstrap-1" daemon [_thread_blocked, id=5688, stack(0x0000000025bc0000,0x0000000025cc0000)]
  0x000000001c39c000 JavaThread "pool-3-thread-1" [_thread_in_Java, id=6428, stack(0x000000001bda0000,0x000000001bea0000)]
  0x0000000019d92800 JavaThread "pool-2-thread-1" daemon [_thread_blocked, id=13504, stack(0x0000000021630000,0x0000000021730000)]
  0x000000001ad55800 JavaThread "Thread-3" daemon [_thread_blocked, id=13620, stack(0x0000000021080000,0x0000000021180000)]
  0x000000001a933800 JavaThread "Thread-2" daemon [_thread_in_native, id=2752, stack(0x000000001bfa0000,0x000000001c0a0000)]
  0x000000001a34b800 JavaThread "Thread-1" daemon [_thread_blocked, id=14032, stack(0x000000001bea0000,0x000000001bfa0000)]
  0x000000001948e800 JavaThread "Service Thread" daemon [_thread_blocked, id=11448, stack(0x000000001a090000,0x000000001a190000)]
  0x0000000019477800 JavaThread "C1 CompilerThread2" daemon [_thread_blocked, id=13780, stack(0x0000000019790000,0x0000000019890000)]
  0x0000000019473800 JavaThread "C2 CompilerThread1" daemon [_thread_in_native, id=14716, stack(0x0000000019690000,0x0000000019790000)]
=>0x0000000019470800 JavaThread "C2 CompilerThread0" daemon [_thread_in_native, id=4420, stack(0x0000000019590000,0x0000000019690000)]
  0x000000001946f000 JavaThread "Monitor Ctrl-Break" daemon [_thread_in_native, id=13876, stack(0x0000000019490000,0x0000000019590000)]
  0x0000000017b45800 JavaThread "Attach Listener" daemon [_thread_blocked, id=10360, stack(0x0000000018f90000,0x0000000019090000)]
  0x0000000017b44800 JavaThread "Signal Dispatcher" daemon [_thread_blocked, id=17156, stack(0x0000000018e90000,0x0000000018f90000)]
  0x0000000002eb9800 JavaThread "Finalizer" daemon [_thread_blocked, id=8324, stack(0x0000000018d90000,0x0000000018e90000)]
  0x0000000002eb6000 JavaThread "Reference Handler" daemon [_thread_blocked, id=6964, stack(0x0000000018c90000,0x0000000018d90000)]
  0x0000000002dc2800 JavaThread "main" [_thread_blocked, id=16816, stack(0x0000000002cc0000,0x0000000002dc0000)]

Other Threads:
  0x0000000017b09000 VMThread [stack: 0x0000000018b90000,0x0000000018c90000] [id=11916]
  0x0000000019987800 WatcherThread [stack: 0x000000001a190000,0x000000001a290000] [id=5656]

VM state:not at safepoint (normal execution)

VM Mutex/Monitor currently owned by a thread: None

Heap:
 PSYoungGen      total 430592K, used 224089K [0x00000000d5f00000, 0x00000000f9100000, 0x0000000100000000)
  eden space 300544K, 33% used [0x00000000d5f00000,0x00000000dc1bae58,0x00000000e8480000)
  from space 130048K, 94% used [0x00000000e8480000,0x00000000efc9b860,0x00000000f0380000)
  to   space 116224K, 0% used [0x00000000f0380000,0x00000000f0380000,0x00000000f7500000)
 ParOldGen       total 179712K, used 139941K [0x0000000081c00000, 0x000000008cb80000, 0x00000000d5f00000)
  object space 179712K, 77% used [0x0000000081c00000,0x000000008a4a9618,0x000000008cb80000)
 Metaspace       used 46784K, capacity 50880K, committed 50944K, reserved 1093632K
  class space    used 6352K, capacity 7361K, committed 7424K, reserved 1048576K

Card table byte_map: [0x00000000123d0000,0x00000000127d0000] byte_map_base: 0x0000000011fc2000

Marking Bits: (ParMarkBitMap*) 0x00000000768d4040
 Begin Bits: [0x0000000012e80000, 0x0000000014e10000)
 End Bits:   [0x0000000014e10000, 0x0000000016da0000)

Polling page: 0x0000000000f20000

CodeCache: size=245760Kb used=18693Kb max_used=20443Kb free=227066Kb
 bounds [0x0000000003010000, 0x0000000004430000, 0x0000000012010000]
 total_blobs=7276 nmethods=6137 adapters=1050
 compilation: enabled

Compilation events (10 events):
Event: 37.334 Thread 0x0000000019477800 7682       1       com.mojang.datafixers.TypedOptic::aType (5 bytes)
Event: 37.334 Thread 0x0000000019477800 nmethod 7682 0x0000000003e44f50 code [0x0000000003e450a0, 0x0000000003e451b0]
Event: 37.337 Thread 0x0000000019477800 7683       3       com.mojang.datafixers.types.templates.List$ListType::all (17 bytes)
Event: 37.339 Thread 0x0000000019477800 nmethod 7683 0x0000000003dc4390 code [0x0000000003dc46e0, 0x0000000003dc6258]
Event: 37.354 Thread 0x0000000019477800 7685       1       com.mojang.datafixers.TypedOptic::bounds (5 bytes)
Event: 37.355 Thread 0x0000000019477800 nmethod 7685 0x0000000004034ad0 code [0x0000000004034c20, 0x0000000004034d30]
Event: 37.355 Thread 0x0000000019477800 7686       1       com.mojang.datafixers.TypedOptic::bType (5 bytes)
Event: 37.355 Thread 0x0000000019477800 nmethod 7686 0x00000000040ce110 code [0x00000000040ce260, 0x00000000040ce370]
Event: 37.355 Thread 0x0000000019477800 7687       1       com.mojang.datafixers.TypedOptic::optic (5 bytes)
Event: 37.355 Thread 0x0000000019477800 nmethod 7687 0x000000000402b5d0 code [0x000000000402b720, 0x000000000402b830]

GC Heap History (10 events):
Event: 28.963 GC heap before
{Heap before GC invocations=19 (full 3):
 PSYoungGen      total 430592K, used 430572K [0x00000000d5f00000, 0x00000000f9100000, 0x0000000100000000)
  eden space 300544K, 100% used [0x00000000d5f00000,0x00000000e8480000,0x00000000e8480000)
  from space 130048K, 99% used [0x00000000e8480000,0x00000000f037b350,0x00000000f0380000)
  to   space 116224K, 0% used [0x00000000f0380000,0x00000000f0380000,0x00000000f7500000)
 ParOldGen       total 179712K, used 147232K [0x0000000081c00000, 0x000000008cb80000, 0x00000000d5f00000)
  object space 179712K, 81% used [0x0000000081c00000,0x000000008abc8130,0x000000008cb80000)
 Metaspace       used 41419K, capacity 43881K, committed 44160K, reserved 1087488K
  class space    used 5448K, capacity 6191K, committed 6272K, reserved 1048576K
Event: 29.204 GC heap after
Heap after GC invocations=19 (full 3):
 PSYoungGen      total 416768K, used 87293K [0x00000000d5f00000, 0x00000000f9100000, 0x0000000100000000)
  eden space 300544K, 0% used [0x00000000d5f00000,0x00000000d5f00000,0x00000000e8480000)
  from space 116224K, 75% used [0x00000000f0380000,0x00000000f58bf7f8,0x00000000f7500000)
  to   space 130048K, 0% used [0x00000000e8480000,0x00000000e8480000,0x00000000f0380000)
 ParOldGen       total 179712K, used 151865K [0x0000000081c00000, 0x000000008cb80000, 0x00000000d5f00000)
  object space 179712K, 84% used [0x0000000081c00000,0x000000008b04e7b8,0x000000008cb80000)
 Metaspace       used 41419K, capacity 43881K, committed 44160K, reserved 1087488K
  class space    used 5448K, capacity 6191K, committed 6272K, reserved 1048576K
}
Event: 29.204 GC heap before
{Heap before GC invocations=20 (full 4):
 PSYoungGen      total 416768K, used 87293K [0x00000000d5f00000, 0x00000000f9100000, 0x0000000100000000)
  eden space 300544K, 0% used [0x00000000d5f00000,0x00000000d5f00000,0x00000000e8480000)
  from space 116224K, 75% used [0x00000000f0380000,0x00000000f58bf7f8,0x00000000f7500000)
  to   space 130048K, 0% used [0x00000000e8480000,0x00000000e8480000,0x00000000f0380000)
 ParOldGen       total 179712K, used 151865K [0x0000000081c00000, 0x000000008cb80000, 0x00000000d5f00000)
  object space 179712K, 84% used [0x0000000081c00000,0x000000008b04e7b8,0x000000008cb80000)
 Metaspace       used 41419K, capacity 43881K, committed 44160K, reserved 1087488K
  class space    used 5448K, capacity 6191K, committed 6272K, reserved 1048576K
Event: 29.718 GC heap after
Heap after GC invocations=20 (full 4):
 PSYoungGen      total 416768K, used 0K [0x00000000d5f00000, 0x00000000f9100000, 0x0000000100000000)
  eden space 300544K, 0% used [0x00000000d5f00000,0x00000000d5f00000,0x00000000e8480000)
  from space 116224K, 0% used [0x00000000f0380000,0x00000000f0380000,0x00000000f7500000)
  to   space 130048K, 0% used [0x00000000e8480000,0x00000000e8480000,0x00000000f0380000)
 ParOldGen       total 179712K, used 128688K [0x0000000081c00000, 0x000000008cb80000, 0x00000000d5f00000)
  object space 179712K, 71% used [0x0000000081c00000,0x00000000899ac080,0x000000008cb80000)
 Metaspace       used 41419K, capacity 43881K, committed 44160K, reserved 1087488K
  class space    used 5448K, capacity 6191K, committed 6272K, reserved 1048576K
}
Event: 31.895 GC heap before
{Heap before GC invocations=21 (full 4):
 PSYoungGen      total 416768K, used 300544K [0x00000000d5f00000, 0x00000000f9100000, 0x0000000100000000)
  eden space 300544K, 100% used [0x00000000d5f00000,0x00000000e8480000,0x00000000e8480000)
  from space 116224K, 0% used [0x00000000f0380000,0x00000000f0380000,0x00000000f7500000)
  to   space 130048K, 0% used [0x00000000e8480000,0x00000000e8480000,0x00000000f0380000)
 ParOldGen       total 179712K, used 128691K [0x0000000081c00000, 0x000000008cb80000, 0x00000000d5f00000)
  object space 179712K, 71% used [0x0000000081c00000,0x00000000899acf90,0x000000008cb80000)
 Metaspace       used 42185K, capacity 44721K, committed 44800K, reserved 1087488K
  class space    used 5576K, capacity 6333K, committed 6400K, reserved 1048576K
Event: 32.173 GC heap after
Heap after GC invocations=21 (full 4):
 PSYoungGen      total 430592K, used 117222K [0x00000000d5f00000, 0x00000000f9100000, 0x0000000100000000)
  eden space 300544K, 0% used [0x00000000d5f00000,0x00000000d5f00000,0x00000000e8480000)
  from space 130048K, 90% used [0x00000000e8480000,0x00000000ef6f9890,0x00000000f0380000)
  to   space 116224K, 0% used [0x00000000f0380000,0x00000000f0380000,0x00000000f7500000)
 ParOldGen       total 179712K, used 128699K [0x0000000081c00000, 0x000000008cb80000, 0x00000000d5f00000)
  object space 179712K, 71% used [0x0000000081c00000,0x00000000899aef90,0x000000008cb80000)
 Metaspace       used 42185K, capacity 44721K, committed 44800K, reserved 1087488K
  class space    used 5576K, capacity 6333K, committed 6400K, reserved 1048576K
}
Event: 33.786 GC heap before
{Heap before GC invocations=22 (full 4):
 PSYoungGen      total 430592K, used 417766K [0x00000000d5f00000, 0x00000000f9100000, 0x0000000100000000)
  eden space 300544K, 100% used [0x00000000d5f00000,0x00000000e8480000,0x00000000e8480000)
  from space 130048K, 90% used [0x00000000e8480000,0x00000000ef6f9890,0x00000000f0380000)
  to   space 116224K, 0% used [0x00000000f0380000,0x00000000f0380000,0x00000000f7500000)
 ParOldGen       total 179712K, used 128699K [0x0000000081c00000, 0x000000008cb80000, 0x00000000d5f00000)
  object space 179712K, 71% used [0x0000000081c00000,0x00000000899aef90,0x000000008cb80000)
 Metaspace       used 43678K, capacity 46385K, committed 46592K, reserved 1089536K
  class space    used 5777K, capacity 6583K, committed 6656K, reserved 1048576K
Event: 34.026 GC heap after
Heap after GC invocations=22 (full 4):
 PSYoungGen      total 416768K, used 98426K [0x00000000d5f00000, 0x00000000f9100000, 0x0000000100000000)
  eden space 300544K, 0% used [0x00000000d5f00000,0x00000000d5f00000,0x00000000e8480000)
  from space 116224K, 84% used [0x00000000f0380000,0x00000000f639eb70,0x00000000f7500000)
  to   space 130048K, 0% used [0x00000000e8480000,0x00000000e8480000,0x00000000f0380000)
 ParOldGen       total 179712K, used 135853K [0x0000000081c00000, 0x000000008cb80000, 0x00000000d5f00000)
  object space 179712K, 75% used [0x0000000081c00000,0x000000008a0ab5f8,0x000000008cb80000)
 Metaspace       used 43678K, capacity 46385K, committed 46592K, reserved 1089536K
  class space    used 5777K, capacity 6583K, committed 6656K, reserved 1048576K
}
Event: 36.467 GC heap before
{Heap before GC invocations=23 (full 4):
 PSYoungGen      total 416768K, used 398970K [0x00000000d5f00000, 0x00000000f9100000, 0x0000000100000000)
  eden space 300544K, 100% used [0x00000000d5f00000,0x00000000e8480000,0x00000000e8480000)
  from space 116224K, 84% used [0x00000000f0380000,0x00000000f639eb70,0x00000000f7500000)
  to   space 130048K, 0% used [0x00000000e8480000,0x00000000e8480000,0x00000000f0380000)
 ParOldGen       total 179712K, used 135853K [0x0000000081c00000, 0x000000008cb80000, 0x00000000d5f00000)
  object space 179712K, 75% used [0x0000000081c00000,0x000000008a0ab5f8,0x000000008cb80000)
 Metaspace       used 46057K, capacity 49936K, committed 50176K, reserved 1091584K
  class space    used 6184K, capacity 7149K, committed 7168K, reserved 1048576K
Event: 36.723 GC heap after
Heap after GC invocations=23 (full 4):
 PSYoungGen      total 430592K, used 122990K [0x00000000d5f00000, 0x00000000f9100000, 0x0000000100000000)
  eden space 300544K, 0% used [0x00000000d5f00000,0x00000000d5f00000,0x00000000e8480000)
  from space 130048K, 94% used [0x00000000e8480000,0x00000000efc9b860,0x00000000f0380000)
  to   space 116224K, 0% used [0x00000000f0380000,0x00000000f0380000,0x00000000f7500000)
 ParOldGen       total 179712K, used 139941K [0x0000000081c00000, 0x000000008cb80000, 0x00000000d5f00000)
  object space 179712K, 77% used [0x0000000081c00000,0x000000008a4a9618,0x000000008cb80000)
 Metaspace       used 46057K, capacity 49936K, committed 50176K, reserved 1091584K
  class space    used 6184K, capacity 7149K, committed 7168K, reserved 1048576K
}

Deoptimization events (10 events):
Event: 37.032 Thread 0x0000000023a02000 Uncommon trap: reason=class_check action=maybe_recompile pc=0x00000000044102bc method=com.mojang.datafixers.types.templates.Const.equals(Ljava/lang/Object;)Z @ 1
Event: 37.035 Thread 0x000000001c868000 Uncommon trap: reason=class_check action=maybe_recompile pc=0x00000000044102bc method=com.mojang.datafixers.types.templates.Const.equals(Ljava/lang/Object;)Z @ 1
Event: 37.042 Thread 0x000000001cc16000 Uncommon trap: reason=class_check action=maybe_recompile pc=0x00000000044102bc method=com.mojang.datafixers.types.templates.Const.equals(Ljava/lang/Object;)Z @ 1
Event: 37.054 Thread 0x000000001c39c000 Uncommon trap: reason=class_check action=maybe_recompile pc=0x0000000004228900 method=java.util.HashMap.removeNode(ILjava/lang/Object;Ljava/lang/Object;ZZ)Ljava/util/HashMap$Node; @ 68
Event: 37.054 Thread 0x000000001c39c000 Uncommon trap: reason=class_check action=maybe_recompile pc=0x0000000004228900 method=java.util.HashMap.removeNode(ILjava/lang/Object;Ljava/lang/Object;ZZ)Ljava/util/HashMap$Node; @ 68
Event: 37.085 Thread 0x000000001cc16000 Uncommon trap: reason=class_check action=maybe_recompile pc=0x00000000044102bc method=com.mojang.datafixers.types.templates.Const.equals(Ljava/lang/Object;)Z @ 1
Event: 37.098 Thread 0x0000000023a02000 Uncommon trap: reason=unstable_if action=reinterpret pc=0x000000000389ca1c method=com.mojang.datafixers.types.templates.TaggedChoice.equals(Ljava/lang/Object;)Z @ 60
Event: 37.158 Thread 0x000000001cc16000 Uncommon trap: reason=unstable_if action=reinterpret pc=0x0000000003f6062c method=java.util.concurrent.ConcurrentHashMap.addCount(JI)V @ 34
Event: 37.223 Thread 0x000000001cc16000 Uncommon trap: reason=unstable_if action=reinterpret pc=0x0000000003f19218 method=com.mojang.datafixers.types.templates.Tag.equals(Ljava/lang/Object;)Z @ 32
Event: 37.278 Thread 0x0000000023a02000 Uncommon trap: reason=unstable_if action=reinterpret pc=0x000000000399590c method=com.mojang.datafixers.types.templates.Product.equals(Ljava/lang/Object;)Z @ 2

Internal exceptions (10 events):
Event: 37.311 Thread 0x000000001c39c000 Exception <a 'sun/nio/fs/WindowsException'> (0x00000000daa526b0) thrown at [C:\re\workspace\8-2-build-windows-amd64-cygwin\jdk8u51\3951\hotspot\src\share\vm\prims\jni.cpp, line 709]
Event: 37.312 Thread 0x000000001c39c000 Exception <a 'sun/nio/fs/WindowsException'> (0x00000000daa52ef8) thrown at [C:\re\workspace\8-2-build-windows-amd64-cygwin\jdk8u51\3951\hotspot\src\share\vm\prims\jni.cpp, line 709]
Event: 37.312 Thread 0x000000001c39c000 Exception <a 'sun/nio/fs/WindowsException'> (0x00000000daa53e78) thrown at [C:\re\workspace\8-2-build-windows-amd64-cygwin\jdk8u51\3951\hotspot\src\share\vm\prims\jni.cpp, line 709]
Event: 37.312 Thread 0x000000001c39c000 Exception <a 'sun/nio/fs/WindowsException'> (0x00000000daa54888) thrown at [C:\re\workspace\8-2-build-windows-amd64-cygwin\jdk8u51\3951\hotspot\src\share\vm\prims\jni.cpp, line 709]
Event: 37.333 Thread 0x000000001c39c000 Exception <a 'sun/nio/fs/WindowsException'> (0x00000000db0779e0) thrown at [C:\re\workspace\8-2-build-windows-amd64-cygwin\jdk8u51\3951\hotspot\src\share\vm\prims\jni.cpp, line 709]
Event: 37.334 Thread 0x000000001c39c000 Exception <a 'sun/nio/fs/WindowsException'> (0x00000000db078228) thrown at [C:\re\workspace\8-2-build-windows-amd64-cygwin\jdk8u51\3951\hotspot\src\share\vm\prims\jni.cpp, line 709]
Event: 37.334 Thread 0x000000001c39c000 Exception <a 'sun/nio/fs/WindowsException'> (0x00000000db079130) thrown at [C:\re\workspace\8-2-build-windows-amd64-cygwin\jdk8u51\3951\hotspot\src\share\vm\prims\jni.cpp, line 709]
Event: 37.335 Thread 0x000000001c39c000 Exception <a 'sun/nio/fs/WindowsException'> (0x00000000db079998) thrown at [C:\re\workspace\8-2-build-windows-amd64-cygwin\jdk8u51\3951\hotspot\src\share\vm\prims\jni.cpp, line 709]
Event: 37.335 Thread 0x000000001c39c000 Exception <a 'sun/nio/fs/WindowsException'> (0x00000000db07a938) thrown at [C:\re\workspace\8-2-build-windows-amd64-cygwin\jdk8u51\3951\hotspot\src\share\vm\prims\jni.cpp, line 709]
Event: 37.335 Thread 0x000000001c39c000 Exception <a 'sun/nio/fs/WindowsException'> (0x00000000db07b388) thrown at [C:\re\workspace\8-2-build-windows-amd64-cygwin\jdk8u51\3951\hotspot\src\share\vm\prims\jni.cpp, line 709]

Events (10 events):
Event: 37.303 Executing VM operation: RevokeBias
Event: 37.304 Executing VM operation: RevokeBias done
Event: 37.309 loading class net/minecraft/entity/EntityType
Event: 37.309 loading class net/minecraft/entity/EntityType done
Event: 37.310 loading class net/minecraft/entity/EntityType
Event: 37.310 loading class net/minecraft/entity/EntityType done
Event: 37.310 loading class net/minecraft/entity/EntityType$IFactory
Event: 37.310 loading class net/minecraft/entity/EntityType$IFactory done
Event: 37.333 loading class net/minecraft/entity/EntityType
Event: 37.333 loading class net/minecraft/entity/EntityType done


Dynamic libraries:
0x00007ff6f5130000 - 0x00007ff6f5167000 	C:\Program Files (x86)\Minecraft\runtime\jre-x64\bin\java.exe
0x00007ff90a4b0000 - 0x00007ff90a6a5000 	C:\WINDOWS\SYSTEM32\ntdll.dll
0x00007ff909900000 - 0x00007ff9099bd000 	C:\WINDOWS\System32\KERNEL32.DLL
0x00007ff908240000 - 0x00007ff908507000 	C:\WINDOWS\System32\KERNELBASE.dll
0x00007ff9093c0000 - 0x00007ff90946a000 	C:\WINDOWS\System32\ADVAPI32.dll
0x00007ff908810000 - 0x00007ff9088ae000 	C:\WINDOWS\System32\msvcrt.dll
0x00007ff90a030000 - 0x00007ff90a0cb000 	C:\WINDOWS\System32\sechost.dll
0x00007ff9086e0000 - 0x00007ff908804000 	C:\WINDOWS\System32\RPCRT4.dll
0x00007ff90a190000 - 0x00007ff90a330000 	C:\WINDOWS\System32\USER32.dll
0x00007ff907d50000 - 0x00007ff907d72000 	C:\WINDOWS\System32\win32u.dll
0x00007ff909540000 - 0x00007ff90956a000 	C:\WINDOWS\System32\GDI32.dll
0x00007ff908030000 - 0x00007ff908139000 	C:\WINDOWS\System32\gdi32full.dll
0x00007ff907ee0000 - 0x00007ff907f7d000 	C:\WINDOWS\System32\msvcp_win.dll
0x00007ff908140000 - 0x00007ff908240000 	C:\WINDOWS\System32\ucrtbase.dll
0x00007ff8eb8d0000 - 0x00007ff8ebb6b000 	C:\WINDOWS\WinSxS\amd64_microsoft.windows.common-controls_6595b64144ccf1df_6.0.19041.488_none_ca04af081b815d21\COMCTL32.dll
0x00007ff909aa0000 - 0x00007ff909ad0000 	C:\WINDOWS\System32\IMM32.DLL
0x0000000076960000 - 0x0000000076a32000 	C:\Program Files (x86)\Minecraft\runtime\jre-x64\bin\msvcr100.dll
0x00000000760d0000 - 0x0000000076953000 	C:\Program Files (x86)\Minecraft\runtime\jre-x64\bin\server\jvm.dll
0x00007ff909810000 - 0x00007ff909818000 	C:\WINDOWS\System32\PSAPI.DLL
0x00007ff8e1fd0000 - 0x00007ff8e1fd9000 	C:\WINDOWS\SYSTEM32\WSOCK32.dll
0x00007ff9094d0000 - 0x00007ff90953b000 	C:\WINDOWS\System32\WS2_32.dll
0x00007ff900ec0000 - 0x00007ff900ee7000 	C:\WINDOWS\SYSTEM32\WINMM.dll
0x00007ff900930000 - 0x00007ff90093a000 	C:\WINDOWS\SYSTEM32\VERSION.dll
0x00000000760c0000 - 0x00000000760cf000 	C:\Program Files (x86)\Minecraft\runtime\jre-x64\bin\verify.dll
0x0000000076090000 - 0x00000000760b9000 	C:\Program Files (x86)\Minecraft\runtime\jre-x64\bin\java.dll
0x0000000076060000 - 0x0000000076083000 	C:\Program Files (x86)\Minecraft\runtime\jre-x64\bin\instrument.dll
0x0000000076040000 - 0x0000000076056000 	C:\Program Files (x86)\Minecraft\runtime\jre-x64\bin\zip.dll
0x00007ff908c70000 - 0x00007ff9093b1000 	C:\WINDOWS\System32\SHELL32.dll
0x00007ff905bc0000 - 0x00007ff906353000 	C:\WINDOWS\SYSTEM32\windows.storage.dll
0x00007ff9088b0000 - 0x00007ff908c05000 	C:\WINDOWS\System32\combase.dll
0x00007ff9074c0000 - 0x00007ff9074ec000 	C:\WINDOWS\SYSTEM32\Wldp.dll
0x00007ff90a0e0000 - 0x00007ff90a18e000 	C:\WINDOWS\System32\SHCORE.dll
0x00007ff909fd0000 - 0x00007ff90a025000 	C:\WINDOWS\System32\shlwapi.dll
0x00007ff907b20000 - 0x00007ff907b46000 	C:\WINDOWS\SYSTEM32\profapi.dll
0x00007ff8f6160000 - 0x00007ff8f617a000 	C:\Users\ervin_1nmnhvl\AppData\Local\JetBrains\Toolbox\apps\IDEA-U\ch-0\202.6397.94\bin\breakgen64.dll
0x0000000076020000 - 0x000000007603a000 	C:\Program Files (x86)\Minecraft\runtime\jre-x64\bin\net.dll
0x00007ff9072b0000 - 0x00007ff90731a000 	C:\WINDOWS\system32\mswsock.dll
0x0000000076010000 - 0x000000007601d000 	C:\Program Files (x86)\Minecraft\runtime\jre-x64\bin\management.dll
0x00007ff8d6850000 - 0x00007ff8d6867000 	C:\WINDOWS\system32\napinsp.dll
0x00007ff8d9b80000 - 0x00007ff8d9b9b000 	C:\WINDOWS\system32\pnrpnsp.dll
0x00007ff902980000 - 0x00007ff902995000 	C:\WINDOWS\system32\wshbth.dll
0x00007ff903320000 - 0x00007ff90333d000 	C:\WINDOWS\system32\NLAapi.dll
0x00007ff906fc0000 - 0x00007ff906ffb000 	C:\WINDOWS\SYSTEM32\IPHLPAPI.DLL
0x00007ff907000000 - 0x00007ff9070cb000 	C:\WINDOWS\SYSTEM32\DNSAPI.dll
0x00007ff90a460000 - 0x00007ff90a469000 	C:\WINDOWS\System32\NSI.dll
0x00007ff8d9ba0000 - 0x00007ff8d9bb2000 	C:\WINDOWS\System32\winrnr.dll
0x00007ff8f8de0000 - 0x00007ff8f8dea000 	C:\Windows\System32\rasadhlp.dll
0x00007ff8fce90000 - 0x00007ff8fcf0f000 	C:\WINDOWS\System32\fwpuclnt.dll
0x00007ff907f80000 - 0x00007ff907fa7000 	C:\WINDOWS\System32\bcrypt.dll
0x0000000075ff0000 - 0x0000000076001000 	C:\Program Files (x86)\Minecraft\runtime\jre-x64\bin\nio.dll
0x0000000075fc0000 - 0x0000000075fe4000 	C:\Program Files (x86)\Minecraft\runtime\jre-x64\bin\sunec.dll
0x00007ff9077f0000 - 0x00007ff907808000 	C:\WINDOWS\SYSTEM32\CRYPTSP.dll
0x00007ff906b60000 - 0x00007ff906b94000 	C:\WINDOWS\system32\rsaenh.dll
0x00007ff907ae0000 - 0x00007ff907b0e000 	C:\WINDOWS\SYSTEM32\USERENV.dll
0x00007ff907fb0000 - 0x00007ff90802f000 	C:\WINDOWS\System32\bcryptprimitives.dll
0x00007ff907430000 - 0x00007ff90743c000 	C:\WINDOWS\SYSTEM32\CRYPTBASE.dll
0x00007ff8fa5b0000 - 0x00007ff8fa5c7000 	C:\WINDOWS\SYSTEM32\dhcpcsvc6.DLL
0x00007ff8fa470000 - 0x00007ff8fa48d000 	C:\WINDOWS\SYSTEM32\dhcpcsvc.DLL
0x00007ff8e42b0000 - 0x00007ff8e4322000 	C:\Users\ervin_1nmnhvl\AppData\Local\Temp\lwjglervin_1nmnhvl\3.2.2-build-10\lwjgl.dll
0x00007ff8d01a0000 - 0x00007ff8d03f1000 	C:\Users\ERVIN_~1\AppData\Local\Temp\lwjglervin_1nmnhvl\3.2.2-build-10\jemalloc.dll
0x00007ff8d6ab0000 - 0x00007ff8d6b0e000 	C:\Users\ERVIN_~1\AppData\Local\Temp\lwjglervin_1nmnhvl\3.2.2-build-10\glfw.dll
0x00007ff905480000 - 0x00007ff90551f000 	C:\WINDOWS\system32\uxtheme.dll
0x00007ff8d9ad0000 - 0x00007ff8d9b15000 	C:\WINDOWS\SYSTEM32\dinput8.dll
0x00007ff8f2700000 - 0x00007ff8f2711000 	C:\WINDOWS\SYSTEM32\xinput1_4.dll
0x00007ff907e90000 - 0x00007ff907edd000 	C:\WINDOWS\System32\cfgmgr32.dll
0x00007ff9078d0000 - 0x00007ff9078fc000 	C:\WINDOWS\SYSTEM32\DEVOBJ.dll
0x00007ff905830000 - 0x00007ff90585f000 	C:\WINDOWS\SYSTEM32\dwmapi.dll
0x00007ff8f7440000 - 0x00007ff8f7592000 	C:\WINDOWS\SYSTEM32\inputhost.dll
0x00007ff909740000 - 0x00007ff90980d000 	C:\WINDOWS\System32\OLEAUT32.dll
0x00007ff9031d0000 - 0x00007ff9032c7000 	C:\WINDOWS\SYSTEM32\PROPSYS.dll
0x00007ff904c40000 - 0x00007ff904d32000 	C:\WINDOWS\SYSTEM32\CoreMessaging.dll
0x00007ff904570000 - 0x00007ff9046c6000 	C:\WINDOWS\SYSTEM32\wintypes.dll
0x00007ff904d40000 - 0x00007ff90509a000 	C:\WINDOWS\SYSTEM32\CoreUIComponents.dll
0x00007ff9063a0000 - 0x00007ff9063b3000 	C:\WINDOWS\SYSTEM32\kernel.appcore.dll
0x00007ff906800000 - 0x00007ff906833000 	C:\WINDOWS\SYSTEM32\ntmarta.dll
0x00007ff9085c0000 - 0x00007ff9086d5000 	C:\WINDOWS\System32\MSCTF.dll
0x00007ff906360000 - 0x00007ff90636d000 	C:\WINDOWS\SYSTEM32\HID.DLL
0x00007ff909ad0000 - 0x00007ff909f37000 	C:\WINDOWS\System32\SETUPAPI.DLL
0x00007ff907d80000 - 0x00007ff907de0000 	C:\WINDOWS\System32\WINTRUST.dll
0x00007ff907bf0000 - 0x00007ff907d4d000 	C:\WINDOWS\System32\CRYPT32.dll
0x00007ff9078b0000 - 0x00007ff9078c2000 	C:\WINDOWS\SYSTEM32\MSASN1.dll
0x00007ff8f2ed0000 - 0x00007ff8f2ff5000 	C:\WINDOWS\SYSTEM32\opengl32.dll
0x00007ff8fb4e0000 - 0x00007ff8fb50c000 	C:\WINDOWS\SYSTEM32\GLU32.dll
0x00007ff908510000 - 0x00007ff9085b8000 	C:\WINDOWS\System32\clbcatq.dll
0x00007ff8cf510000 - 0x00007ff8d0194000 	C:\WINDOWS\SYSTEM32\ig4icd64.dll
0x00007ff906410000 - 0x00007ff906503000 	C:\WINDOWS\SYSTEM32\dxgi.dll
0x00007ff903d70000 - 0x00007ff903fd3000 	C:\WINDOWS\SYSTEM32\d3d11.dll
0x00007ff8d3d90000 - 0x00007ff8d49e0000 	C:\WINDOWS\SYSTEM32\igd10umd64.dll
0x00007ff8fce40000 - 0x00007ff8fce7b000 	C:\WINDOWS\SYSTEM32\dxcore.dll
0x00007ff8d2db0000 - 0x00007ff8d2e2f000 	C:\Users\ervin_1nmnhvl\AppData\Local\Temp\lwjglervin_1nmnhvl\3.2.2-build-10\lwjgl_stb.dll
0x00007ff902690000 - 0x00007ff90273e000 	C:\WINDOWS\SYSTEM32\mscms.dll
0x00007ff9025e0000 - 0x00007ff9025f1000 	C:\WINDOWS\SYSTEM32\ColorAdapterClient.dll
0x00007ff8d3070000 - 0x00007ff8d30b3000 	C:\WINDOWS\SYSTEM32\icm32.dll
0x00007ff8f75a0000 - 0x00007ff8f769d000 	C:\WINDOWS\SYSTEM32\textinputframework.dll
0x00007ff8d1d00000 - 0x00007ff8d1d58000 	C:\Users\ervin_1nmnhvl\AppData\Local\Temp\lwjglervin_1nmnhvl\3.2.2-build-10\lwjgl_opengl.dll
0x00007ff8ff750000 - 0x00007ff8ff934000 	C:\WINDOWS\SYSTEM32\dbghelp.dll

VM Arguments:
jvm_args: -Dforge.logging.console.level=debug -Dforge.logging.markers=SCAN,REGISTRIES,REGISTRYDUMP -XX:HeapDumpPath=MojangTricksIntelDriversForPerformance_javaw.exe_minecraft.exe.heapdump -Dos.name=Windows 10 -Dos.version=10.0 -javaagent:C:\Users\ervin_1nmnhvl\AppData\Local\JetBrains\Toolbox\apps\IDEA-U\ch-0\202.6397.94\lib\idea_rt.jar=62415:C:\Users\ervin_1nmnhvl\AppData\Local\JetBrains\Toolbox\apps\IDEA-U\ch-0\202.6397.94\bin -Dfile.encoding=UTF-8 
java_command: net.minecraftforge.userdev.LaunchTesting
java_class_path (initial): C:\Program Files (x86)\Minecraft\runtime\jre-x64\lib\charsets.jar;C:\Program Files (x86)\Minecraft\runtime\jre-x64\lib\deploy.jar;C:\Program Files (x86)\Minecraft\runtime\jre-x64\lib\ext\access-bridge-64.jar;C:\Program Files (x86)\Minecraft\runtime\jre-x64\lib\ext\cldrdata.jar;C:\Program Files (x86)\Minecraft\runtime\jre-x64\lib\ext\dnsns.jar;C:\Program Files (x86)\Minecraft\runtime\jre-x64\lib\ext\jaccess.jar;C:\Program Files (x86)\Minecraft\runtime\jre-x64\lib\ext\jfxrt.jar;C:\Program Files (x86)\Minecraft\runtime\jre-x64\lib\ext\localedata.jar;C:\Program Files (x86)\Minecraft\runtime\jre-x64\lib\ext\nashorn.jar;C:\Program Files (x86)\Minecraft\runtime\jre-x64\lib\ext\sunec.jar;C:\Program Files (x86)\Minecraft\runtime\jre-x64\lib\ext\sunjce_provider.jar;C:\Program Files (x86)\Minecraft\runtime\jre-x64\lib\ext\sunmscapi.jar;C:\Program Files (x86)\Minecraft\runtime\jre-x64\lib\ext\sunpkcs11.jar;C:\Program Files (x86)\Minecraft\runtime\jre-x64\lib\ext\zipfs.jar;C:\Program Files (x86)\Minecraft\runtime\jre-x64\lib\javaws.jar;C:\Program Files (x86)\Minecraft\runtime\jre-x64\lib\jce.jar;C:\Program Files (x86)\Minecraft\runtime\jre-x64\lib\jfr.jar;C:\Program Files (x86)\Minecraft\runtime\jre-x64\lib\jfxswt.jar;C:\Program Files (x86)\Minecraft\runtime\jre-x64\lib\jsse.jar;C:\Program Files (x86)\Minecraft\runtime\jre-x64\lib\management-agent.jar;C:\Program Files (x86)\Minecraft\runtime\jre-x64\lib\plugin.jar;C:\Program Files (x86)\Minecraft\runtime\jre-x64\lib\resources.jar;C:\Program Files (x86)\Minecraft\runtime\jre-x64\lib\rt.jar;C:\save\modding\ervin_mod_1\build\classes\java\main;C:\save\modding\ervin_mod_1\build\resources\main;C:\Users\ervin_1nmnhvl\.gradle\caches\forge_gradle\minecraft_user_repo\net\minecraftforge\forge\1.16.1-32.0.75_mapped_snapshot_20200723-1.16.1\forge-1.16.1-32.0.75_mapped_snapshot_20200723-1.16.1-recomp.jar;C:\Users\ervin_1nmnhvl\.gradle\caches\forge_gradle\minecraft_user_repo\net\minecraftforge\forge\1.16.1-32.0.75_
Launcher Type: SUN_STANDARD

Environment Variables:
JAVA_HOME=C:\Program Files\Java\jdk-11.0.4
PATH=C:\Program Files\Docker\Docker\Resources\bin;C:\ProgramData\Oracle\Java\javapath;C:\WINDOWS\system32;C:\WINDOWS;C:\WINDOWS\System32\Wbem;C:\WINDOWS\System32\WindowsPowerShell\v1.0\;C:\Program Files (x86)\cloudControl;C:\Program Files\Git\cmd;C:\bin;C:\Program Files (x86)\Windows Kits\8.1\Windows Performance Toolkit\;C:\Program Files (x86)\PuTTY\;C:\Program Files (x86)\Nodist\bin;G:\save\sdk\android\tools;G:\save\sdk\android\platform-tools;C:\boxfuse;C:\Program Files (x86)\Skype\Phone\;C:\Program Files (x86)\GtkSharp\2.12\bin;C:\Program Files (x86)\IVI Foundation\VISA\WinNT\Bin;C:\WINDOWS\system32;C:\WINDOWS;C:\WINDOWS\System32\Wbem;C:\WINDOWS\System32\WindowsPowerShell\v1.0\;;C:\WINDOWS\System32\OpenSSH\;C:\Users\ervin_1nmnhvl\AppData\Local\Microsoft\WindowsApps;
USERNAME=ervin_1nmnhvl
OS=Windows_NT
PROCESSOR_IDENTIFIER=Intel64 Family 6 Model 42 Stepping 7, GenuineIntel



---------------  S Y S T E M  ---------------

OS: Windows 10.0 , 64 bit Build 19041 (10.0.19041.292)

CPU:total 4 (2 cores per cpu, 2 threads per core) family 6 model 42 stepping 7, cmov, cx8, fxsr, mmx, sse, sse2, sse3, ssse3, sse4.1, sse4.2, popcnt, avx, aes, clmul, ht, tsc, tscinvbit

Memory: 4k page, physical 8266764k(452812k free), swap 10363916k(11820k free)

vm_info: Java HotSpot(TM) 64-Bit Server VM (25.51-b03) for windows-amd64 JRE (1.8.0_51-b16), built on Jun  8 2015 18:03:07 by "java_re" with MS VC++ 10.0 (VS2010)

time: Mon Oct 05 18:42:00 2020
elapsed time: 37 seconds (0d 0h 0m 37s)

