#
# There is insufficient memory for the Java Runtime Environment to continue.
# Native memory allocation (malloc) failed to allocate 1086096 bytes for Chunk::new
# Possible reasons:
#   The system is out of physical RAM or swap space
#   In 32 bit mode, the process size limit was hit
# Possible solutions:
#   Reduce memory load on the system
#   Increase physical memory or swap space
#   Check if swap backing store is full
#   Use 64 bit Java on a 64 bit OS
#   Decrease Java heap size (-Xmx/-Xms)
#   Decrease number of Java threads
#   Decrease Java thread stack sizes (-Xss)
#   Set larger code cache with -XX:ReservedCodeCacheSize=
# This output file may be truncated or incomplete.
#
#  Out of Memory Error (allocation.cpp:390), pid=16996, tid=10328
#
# JRE version: Java(TM) SE Runtime Environment (8.0_51-b16) (build 1.8.0_51-b16)
# Java VM: Java HotSpot(TM) 64-Bit Server VM (25.51-b03 mixed mode windows-amd64 compressed oops)
# Failed to write core dump. Minidumps are not enabled by default on client versions of Windows
#

---------------  T H R E A D  ---------------

Current thread (0x0000000019470800):  JavaThread "C2 CompilerThread1" daemon [_thread_in_native, id=10328, stack(0x0000000019d10000,0x0000000019e10000)]

Stack: [0x0000000019d10000,0x0000000019e10000]
Native frames: (J=compiled Java code, j=interpreted, Vv=VM code, C=native code)
V  [jvm.dll+0x32b4ca]
V  [jvm.dll+0x2797e3]
V  [jvm.dll+0x27a479]
V  [jvm.dll+0x271765]
V  [jvm.dll+0xcba02]
V  [jvm.dll+0xcbecc]
V  [jvm.dll+0x492a7c]
V  [jvm.dll+0x45f98a]
V  [jvm.dll+0x46a7cb]
V  [jvm.dll+0x46cde2]
V  [jvm.dll+0x4501a2]
V  [jvm.dll+0xa43a2]
V  [jvm.dll+0xa4cdf]
V  [jvm.dll+0x2418a4]
V  [jvm.dll+0x29846a]
C  [msvcr100.dll+0x21d9f]
C  [msvcr100.dll+0x21e3b]
C  [KERNEL32.DLL+0x17034]
C  [ntdll.dll+0x52651]


Current CompileTask:
C2: 388846 11632   !   4       java.nio.channels.Channels$ReadableByteChannelImpl::read (180 bytes)


---------------  P R O C E S S  ---------------

Java Threads: ( => current thread )
  0x0000000024a63800 JavaThread "Worker-Main-8" daemon [_thread_in_vm, id=18892, stack(0x000000001b2e0000,0x000000001b3e0000)]
  0x0000000024a69000 JavaThread "Worker-Main-7" daemon [_thread_in_Java, id=19044, stack(0x0000000000d50000,0x0000000000e50000)]
  0x0000000024a6a800 JavaThread "Worker-Main-6" daemon [_thread_blocked, id=4684, stack(0x000000002bf00000,0x000000002c000000)]
  0x0000000024a62000 JavaThread "Worker-Main-5" daemon [_thread_blocked, id=14112, stack(0x000000002bb00000,0x000000002bc00000)]
  0x0000000024a63000 JavaThread "Worker-Main-4" daemon [_thread_blocked, id=1492, stack(0x000000002b900000,0x000000002ba00000)]
  0x0000000024a66800 JavaThread "Narrator" [_thread_blocked, id=14028, stack(0x000000002b300000,0x000000002b400000)]
  0x0000000024a67800 JavaThread "Sound engine" daemon [_thread_blocked, id=18032, stack(0x00000000294c0000,0x00000000295c0000)]
  0x0000000021dde800 JavaThread "Snooper Timer" daemon [_thread_blocked, id=1396, stack(0x00000000269c0000,0x0000000026ac0000)]
  0x0000000021ddd800 JavaThread "Timer hack thread" daemon [_thread_blocked, id=19840, stack(0x0000000022df0000,0x0000000022ef0000)]
  0x00000000197b5000 JavaThread "pool-3-thread-1" [_thread_blocked, id=20372, stack(0x0000000022cf0000,0x0000000022df0000)]
  0x000000001ad36000 JavaThread "Thread-2" daemon [_thread_in_native, id=12216, stack(0x000000001cef0000,0x000000001cff0000)]
  0x00000000198cd800 JavaThread "Thread-1" daemon [_thread_blocked, id=17228, stack(0x000000001cdf0000,0x000000001cef0000)]
  0x00000000194dc800 JavaThread "Service Thread" daemon [_thread_blocked, id=14664, stack(0x0000000019f10000,0x000000001a010000)]
  0x00000000194a4800 JavaThread "C1 CompilerThread2" daemon [_thread_blocked, id=4668, stack(0x0000000019e10000,0x0000000019f10000)]
=>0x0000000019470800 JavaThread "C2 CompilerThread1" daemon [_thread_in_native, id=10328, stack(0x0000000019d10000,0x0000000019e10000)]
  0x0000000019449000 JavaThread "C2 CompilerThread0" daemon [_thread_in_native, id=15424, stack(0x0000000019c10000,0x0000000019d10000)]
  0x00000000177e0800 JavaThread "JDWP Event Helper Thread" daemon [_thread_blocked, id=19672, stack(0x0000000018e10000,0x0000000018f10000)]
  0x00000000177c9000 JavaThread "Attach Listener" daemon [_thread_blocked, id=2992, stack(0x0000000018c10000,0x0000000018d10000)]
  0x00000000177c8000 JavaThread "Signal Dispatcher" daemon [_thread_blocked, id=19716, stack(0x0000000018b10000,0x0000000018c10000)]
  0x0000000002aca000 JavaThread "Finalizer" daemon [_thread_blocked, id=8968, stack(0x0000000018a10000,0x0000000018b10000)]
  0x0000000002ac6800 JavaThread "Reference Handler" daemon [_thread_blocked, id=11488, stack(0x0000000018910000,0x0000000018a10000)]
  0x00000000029d2800 JavaThread "Render thread" [_thread_in_native, id=20092, stack(0x00000000028a0000,0x00000000029a0000)]

Other Threads:
  0x0000000017788800 VMThread [stack: 0x0000000018810000,0x0000000018910000] [id=17808]
  0x00000000194e0800 WatcherThread [stack: 0x000000001a010000,0x000000001a110000] [id=15540]

VM state:not at safepoint (normal execution)

VM Mutex/Monitor currently owned by a thread: None

Heap:
 PSYoungGen      total 659456K, used 172506K [0x00000000d5f00000, 0x0000000100000000, 0x0000000100000000)
  eden space 632832K, 23% used [0x00000000d5f00000,0x00000000dede51f0,0x00000000fc900000)
  from space 26624K, 98% used [0x00000000fc900000,0x00000000fe291630,0x00000000fe300000)
  to   space 29696K, 0% used [0x00000000fe300000,0x00000000fe300000,0x0000000100000000)
 ParOldGen       total 399872K, used 317566K [0x0000000081c00000, 0x000000009a280000, 0x00000000d5f00000)
  object space 399872K, 79% used [0x0000000081c00000,0x000000009521fa70,0x000000009a280000)
 Metaspace       used 82168K, capacity 90904K, committed 91136K, reserved 1124352K
  class space    used 13260K, capacity 16011K, committed 16128K, reserved 1048576K

Card table byte_map: [0x0000000012050000,0x0000000012450000] byte_map_base: 0x0000000011c42000

Marking Bits: (ParMarkBitMap*) 0x0000000064ff4040
 Begin Bits: [0x0000000012b00000, 0x0000000014a90000)
 End Bits:   [0x0000000014a90000, 0x0000000016a20000)

Polling page: 0x0000000000c40000

CodeCache: size=245760Kb used=30237Kb max_used=30237Kb free=215522Kb
 bounds [0x0000000002c90000, 0x0000000004a40000, 0x0000000011c90000]
 total_blobs=10117 nmethods=8641 adapters=1394
 compilation: enabled

Compilation events (10 events):
Event: 388.780 Thread 0x00000000194a4800 11649       1       org.apache.logging.log4j.core.impl.ThrowableProxy::getThrowable (5 bytes)
Event: 388.780 Thread 0x0000000019449000 nmethod 11648 0x0000000004585910 code [0x0000000004585a40, 0x0000000004585ad8]
Event: 388.780 Thread 0x00000000194a4800 nmethod 11649 0x00000000043eb990 code [0x00000000043ebae0, 0x00000000043ebbf0]
Event: 388.784 Thread 0x00000000194a4800 11650       3       java.util.stream.Collectors$$Lambda$4/1753714541::get$Lambda (11 bytes)
Event: 388.784 Thread 0x00000000194a4800 nmethod 11650 0x0000000004655a50 code [0x0000000004655bc0, 0x0000000004655e50]
Event: 388.784 Thread 0x00000000194a4800 11651       3       java.util.stream.Collectors$$Lambda$4/1753714541::<init> (20 bytes)
Event: 388.785 Thread 0x00000000194a4800 nmethod 11651 0x000000000453aad0 code [0x000000000453ac20, 0x000000000453ae10]
Event: 388.785 Thread 0x00000000194a4800 11652       3       java.util.stream.Collectors$$Lambda$4/1753714541::get (16 bytes)
Event: 388.785 Thread 0x0000000019449000 11653       4       sun.nio.cs.SingleByte$Encoder::encodeArrayLoop (236 bytes)
Event: 388.785 Thread 0x00000000194a4800 nmethod 11652 0x00000000047a9b90 code [0x00000000047a9d00, 0x00000000047a9f68]

GC Heap History (10 events):
Event: 347.282 GC heap before
{Heap before GC invocations=169 (full 6):
 PSYoungGen      total 658944K, used 642272K [0x00000000d5f00000, 0x0000000100000000, 0x0000000100000000)
  eden space 629248K, 100% used [0x00000000d5f00000,0x00000000fc580000,0x00000000fc580000)
  from space 29696K, 43% used [0x00000000fe200000,0x00000000feeb8020,0x00000000fff00000)
  to   space 29184K, 0% used [0x00000000fc580000,0x00000000fc580000,0x00000000fe200000)
 ParOldGen       total 399872K, used 314646K [0x0000000081c00000, 0x000000009a280000, 0x00000000d5f00000)
  object space 399872K, 78% used [0x0000000081c00000,0x0000000094f45a70,0x000000009a280000)
 Metaspace       used 81878K, capacity 90512K, committed 90752K, reserved 1124352K
  class space    used 13219K, capacity 15969K, committed 16000K, reserved 1048576K
Event: 347.303 GC heap after
Heap after GC invocations=169 (full 6):
 PSYoungGen      total 658432K, used 12288K [0x00000000d5f00000, 0x00000000ffe80000, 0x0000000100000000)
  eden space 629248K, 0% used [0x00000000d5f00000,0x00000000d5f00000,0x00000000fc580000)
  from space 29184K, 42% used [0x00000000fc580000,0x00000000fd180020,0x00000000fe200000)
  to   space 28672K, 0% used [0x00000000fe280000,0x00000000fe280000,0x00000000ffe80000)
 ParOldGen       total 399872K, used 315646K [0x0000000081c00000, 0x000000009a280000, 0x00000000d5f00000)
  object space 399872K, 78% used [0x0000000081c00000,0x000000009503fa70,0x000000009a280000)
 Metaspace       used 81878K, capacity 90512K, committed 90752K, reserved 1124352K
  class space    used 13219K, capacity 15969K, committed 16000K, reserved 1048576K
}
Event: 348.212 GC heap before
{Heap before GC invocations=170 (full 6):
 PSYoungGen      total 658432K, used 641536K [0x00000000d5f00000, 0x00000000ffe80000, 0x0000000100000000)
  eden space 629248K, 100% used [0x00000000d5f00000,0x00000000fc580000,0x00000000fc580000)
  from space 29184K, 42% used [0x00000000fc580000,0x00000000fd180020,0x00000000fe200000)
  to   space 28672K, 0% used [0x00000000fe280000,0x00000000fe280000,0x00000000ffe80000)
 ParOldGen       total 399872K, used 315646K [0x0000000081c00000, 0x000000009a280000, 0x00000000d5f00000)
  object space 399872K, 78% used [0x0000000081c00000,0x000000009503fa70,0x000000009a280000)
 Metaspace       used 81878K, capacity 90512K, committed 90752K, reserved 1124352K
  class space    used 13219K, capacity 15969K, committed 16000K, reserved 1048576K
Event: 348.229 GC heap after
Heap after GC invocations=170 (full 6):
 PSYoungGen      total 659456K, used 11904K [0x00000000d5f00000, 0x00000000ffe80000, 0x0000000100000000)
  eden space 630784K, 0% used [0x00000000d5f00000,0x00000000d5f00000,0x00000000fc700000)
  from space 28672K, 41% used [0x00000000fe280000,0x00000000fee20020,0x00000000ffe80000)
  to   space 28160K, 0% used [0x00000000fc700000,0x00000000fc700000,0x00000000fe280000)
 ParOldGen       total 399872K, used 316334K [0x0000000081c00000, 0x000000009a280000, 0x00000000d5f00000)
  object space 399872K, 79% used [0x0000000081c00000,0x00000000950eba70,0x000000009a280000)
 Metaspace       used 81878K, capacity 90512K, committed 90752K, reserved 1124352K
  class space    used 13219K, capacity 15969K, committed 16000K, reserved 1048576K
}
Event: 349.092 GC heap before
{Heap before GC invocations=171 (full 6):
 PSYoungGen      total 659456K, used 642688K [0x00000000d5f00000, 0x00000000ffe80000, 0x0000000100000000)
  eden space 630784K, 100% used [0x00000000d5f00000,0x00000000fc700000,0x00000000fc700000)
  from space 28672K, 41% used [0x00000000fe280000,0x00000000fee20020,0x00000000ffe80000)
  to   space 28160K, 0% used [0x00000000fc700000,0x00000000fc700000,0x00000000fe280000)
 ParOldGen       total 399872K, used 316334K [0x0000000081c00000, 0x000000009a280000, 0x00000000d5f00000)
  object space 399872K, 79% used [0x0000000081c00000,0x00000000950eba70,0x000000009a280000)
 Metaspace       used 81878K, capacity 90512K, committed 90752K, reserved 1124352K
  class space    used 13219K, capacity 15969K, committed 16000K, reserved 1048576K
Event: 349.111 GC heap after
Heap after GC invocations=171 (full 6):
 PSYoungGen      total 658944K, used 11872K [0x00000000d5f00000, 0x00000000ffd80000, 0x0000000100000000)
  eden space 630784K, 0% used [0x00000000d5f00000,0x00000000d5f00000,0x00000000fc700000)
  from space 28160K, 42% used [0x00000000fc700000,0x00000000fd298020,0x00000000fe280000)
  to   space 27136K, 0% used [0x00000000fe300000,0x00000000fe300000,0x00000000ffd80000)
 ParOldGen       total 399872K, used 316790K [0x0000000081c00000, 0x000000009a280000, 0x00000000d5f00000)
  object space 399872K, 79% used [0x0000000081c00000,0x000000009515da70,0x000000009a280000)
 Metaspace       used 81878K, capacity 90512K, committed 90752K, reserved 1124352K
  class space    used 13219K, capacity 15969K, committed 16000K, reserved 1048576K
}
Event: 357.202 GC heap before
{Heap before GC invocations=172 (full 6):
 PSYoungGen      total 658944K, used 642656K [0x00000000d5f00000, 0x00000000ffd80000, 0x0000000100000000)
  eden space 630784K, 100% used [0x00000000d5f00000,0x00000000fc700000,0x00000000fc700000)
  from space 28160K, 42% used [0x00000000fc700000,0x00000000fd298020,0x00000000fe280000)
  to   space 27136K, 0% used [0x00000000fe300000,0x00000000fe300000,0x00000000ffd80000)
 ParOldGen       total 399872K, used 316790K [0x0000000081c00000, 0x000000009a280000, 0x00000000d5f00000)
  object space 399872K, 79% used [0x0000000081c00000,0x000000009515da70,0x000000009a280000)
 Metaspace       used 81884K, capacity 90512K, committed 90752K, reserved 1124352K
  class space    used 13219K, capacity 15969K, committed 16000K, reserved 1048576K
Event: 357.231 GC heap after
Heap after GC invocations=172 (full 6):
 PSYoungGen      total 659968K, used 13472K [0x00000000d5f00000, 0x00000000ffe00000, 0x0000000100000000)
  eden space 632832K, 0% used [0x00000000d5f00000,0x00000000d5f00000,0x00000000fc900000)
  from space 27136K, 49% used [0x00000000fe300000,0x00000000ff028020,0x00000000ffd80000)
  to   space 26624K, 0% used [0x00000000fc900000,0x00000000fc900000,0x00000000fe300000)
 ParOldGen       total 399872K, used 317310K [0x0000000081c00000, 0x000000009a280000, 0x00000000d5f00000)
  object space 399872K, 79% used [0x0000000081c00000,0x00000000951dfa70,0x000000009a280000)
 Metaspace       used 81884K, capacity 90512K, committed 90752K, reserved 1124352K
  class space    used 13219K, capacity 15969K, committed 16000K, reserved 1048576K
}
Event: 384.278 GC heap before
{Heap before GC invocations=173 (full 6):
 PSYoungGen      total 659968K, used 646304K [0x00000000d5f00000, 0x00000000ffe00000, 0x0000000100000000)
  eden space 632832K, 100% used [0x00000000d5f00000,0x00000000fc900000,0x00000000fc900000)
  from space 27136K, 49% used [0x00000000fe300000,0x00000000ff028020,0x00000000ffd80000)
  to   space 26624K, 0% used [0x00000000fc900000,0x00000000fc900000,0x00000000fe300000)
 ParOldGen       total 399872K, used 317310K [0x0000000081c00000, 0x000000009a280000, 0x00000000d5f00000)
  object space 399872K, 79% used [0x0000000081c00000,0x00000000951dfa70,0x000000009a280000)
 Metaspace       used 82114K, capacity 90804K, committed 91136K, reserved 1124352K
  class space    used 13257K, capacity 16007K, committed 16128K, reserved 1048576K
Event: 384.324 GC heap after
Heap after GC invocations=173 (full 6):
 PSYoungGen      total 659456K, used 26181K [0x00000000d5f00000, 0x0000000100000000, 0x0000000100000000)
  eden space 632832K, 0% used [0x00000000d5f00000,0x00000000d5f00000,0x00000000fc900000)
  from space 26624K, 98% used [0x00000000fc900000,0x00000000fe291630,0x00000000fe300000)
  to   space 29696K, 0% used [0x00000000fe300000,0x00000000fe300000,0x0000000100000000)
 ParOldGen       total 399872K, used 317566K [0x0000000081c00000, 0x000000009a280000, 0x00000000d5f00000)
  object space 399872K, 79% used [0x0000000081c00000,0x000000009521fa70,0x000000009a280000)
 Metaspace       used 82114K, capacity 90804K, committed 91136K, reserved 1124352K
  class space    used 13257K, capacity 16007K, committed 16128K, reserved 1048576K
}

Deoptimization events (10 events):
Event: 386.532 Thread 0x0000000024a6a800 Uncommon trap: reason=intrinsic action=make_not_entrant pc=0x00000000038f6e3c method=net.minecraft.client.renderer.texture.MipmapGenerator.alphaBlend(IIIIZ)I @ 299
Event: 386.542 Thread 0x0000000024a6a800 Uncommon trap: reason=intrinsic action=make_not_entrant pc=0x000000000471ad30 method=net.minecraft.client.renderer.texture.MipmapGenerator.alphaBlend(IIIIZ)I @ 315
Event: 386.634 Thread 0x0000000024a69000 Uncommon trap: reason=unstable_if action=reinterpret pc=0x000000000458e2b8 method=net.minecraft.client.renderer.texture.MipmapGenerator.generateMipmaps(Lnet/minecraft/client/renderer/texture/NativeImage;I)[Lnet/minecraft/client/renderer/texture/NativeImage H5-Gx@
Event: 388.449 Thread 0x0000000024a69000 Uncommon trap: reason=unstable_if action=reinterpret pc=0x0000000003776d18 method=org.apache.logging.log4j.message.ReusableParameterizedMessage.initThrowable([Ljava/lang/Object;II)V @ 2
Event: 388.450 Thread 0x0000000024a63800 Uncommon trap: reason=unstable_if action=reinterpret pc=0x0000000003aab79c method=org.apache.logging.log4j.message.ReusableParameterizedMessage.initThrowable([Ljava/lang/Object;II)V @ 2
Event: 388.459 Thread 0x0000000024a69000 Uncommon trap: reason=unstable_if action=reinterpret pc=0x00000000043bd084 method=java.util.concurrent.CompletableFuture.biRelay(Ljava/util/concurrent/CompletableFuture;Ljava/util/concurrent/CompletableFuture;)Z @ 86
Event: 388.724 Thread 0x0000000024a69000 Uncommon trap: reason=unstable_if action=reinterpret pc=0x0000000003843a04 method=sun.nio.cs.SingleByte$Encoder.encodeArrayLoop(Ljava/nio/CharBuffer;Ljava/nio/ByteBuffer;)Ljava/nio/charset/CoderResult; @ 70
Event: 388.724 Thread 0x0000000024a69000 Uncommon trap: reason=unstable_if action=reinterpret pc=0x0000000003c10b64 method=java.nio.charset.CharsetEncoder.encode(Ljava/nio/CharBuffer;Ljava/nio/ByteBuffer;Z)Ljava/nio/charset/CoderResult; @ 94
Event: 388.724 Thread 0x0000000024a69000 Uncommon trap: reason=unstable_if action=reinterpret pc=0x0000000003e1a530 method=sun.nio.cs.StreamEncoder.implWrite([CII)V @ 51
Event: 388.725 Thread 0x0000000024a69000 Uncommon trap: reason=unstable_if action=reinterpret pc=0x0000000002eeca2c method=sun.nio.cs.StreamEncoder.implFlushBuffer()V @ 7

Internal exceptions (10 events):
Event: 388.782 Thread 0x0000000024a69000 Exception <a 'sun/nio/fs/WindowsException'> (0x00000000decd3e60) thrown at [C:\re\workspace\8-2-build-windows-amd64-cygwin\jdk8u51\3951\hotspot\src\share\vm\prims\jni.cpp, line 709]
Event: 388.782 Thread 0x0000000024a63800 Exception <a 'sun/nio/fs/WindowsException'> (0x00000000deab3110) thrown at [C:\re\workspace\8-2-build-windows-amd64-cygwin\jdk8u51\3951\hotspot\src\share\vm\prims\jni.cpp, line 709]
Event: 388.782 Thread 0x0000000024a69000 Exception <a 'sun/nio/fs/WindowsException'> (0x00000000decd4260) thrown at [C:\re\workspace\8-2-build-windows-amd64-cygwin\jdk8u51\3951\hotspot\src\share\vm\prims\jni.cpp, line 709]
Event: 388.783 Thread 0x0000000024a6a800 Exception <a 'sun/nio/fs/WindowsException'> (0x00000000debfb7d8) thrown at [C:\re\workspace\8-2-build-windows-amd64-cygwin\jdk8u51\3951\hotspot\src\share\vm\prims\jni.cpp, line 709]
Event: 388.783 Thread 0x0000000024a6a800 Exception <a 'sun/nio/fs/WindowsException'> (0x00000000debfbd88) thrown at [C:\re\workspace\8-2-build-windows-amd64-cygwin\jdk8u51\3951\hotspot\src\share\vm\prims\jni.cpp, line 709]
Event: 388.783 Thread 0x0000000024a6a800 Exception <a 'sun/nio/fs/WindowsException'> (0x00000000debfcb20) thrown at [C:\re\workspace\8-2-build-windows-amd64-cygwin\jdk8u51\3951\hotspot\src\share\vm\prims\jni.cpp, line 709]
Event: 388.784 Thread 0x0000000024a6a800 Exception <a 'sun/nio/fs/WindowsException'> (0x00000000debfd0d0) thrown at [C:\re\workspace\8-2-build-windows-amd64-cygwin\jdk8u51\3951\hotspot\src\share\vm\prims\jni.cpp, line 709]
Event: 388.784 Thread 0x0000000024a6a800 Exception <a 'sun/nio/fs/WindowsException'> (0x00000000debfde08) thrown at [C:\re\workspace\8-2-build-windows-amd64-cygwin\jdk8u51\3951\hotspot\src\share\vm\prims\jni.cpp, line 709]
Event: 388.784 Thread 0x0000000024a63800 Exception <a 'java/io/IOException'> (0x00000000deac56b0) thrown at [C:\re\workspace\8-2-build-windows-amd64-cygwin\jdk8u51\3951\hotspot\src\share\vm\prims\jni.cpp, line 709]
Event: 388.784 Thread 0x0000000024a6a800 Exception <a 'sun/nio/fs/WindowsException'> (0x00000000debfe4a8) thrown at [C:\re\workspace\8-2-build-windows-amd64-cygwin\jdk8u51\3951\hotspot\src\share\vm\prims\jni.cpp, line 709]

Events (10 events):
Event: 388.784 Thread 0x0000000024a6a800 DEOPT PACKING pc=0x00000000043db91c sp=0x000000002bffe2c0
Event: 388.784 Thread 0x0000000024a63800 DEOPT PACKING pc=0x000000000379bc0c sp=0x000000001b3de4a0
Event: 388.784 Thread 0x0000000024a6a800 DEOPT UNPACKING pc=0x0000000002cd787f sp=0x000000002bffdfe0 mode 1
Event: 388.784 Thread 0x0000000024a63800 DEOPT UNPACKING pc=0x0000000002cd787f sp=0x000000001b3de1f0 mode 1
Event: 388.784 Thread 0x0000000024a63800 DEOPT PACKING pc=0x00000000037fb28c sp=0x000000001b3de540
Event: 388.784 Thread 0x0000000024a63800 DEOPT UNPACKING pc=0x0000000002cd787f sp=0x000000001b3de298 mode 1
Event: 388.784 Thread 0x0000000024a63800 DEOPT PACKING pc=0x000000000365d514 sp=0x000000001b3de650
Event: 388.784 Thread 0x0000000024a63800 DEOPT UNPACKING pc=0x0000000002cd787f sp=0x000000001b3de2a8 mode 1
Event: 388.785 Thread 0x0000000024a63800 DEOPT PACKING pc=0x0000000004a1664c sp=0x000000001b3de2b0
Event: 388.785 Thread 0x0000000024a63800 DEOPT UNPACKING pc=0x0000000002cd787f sp=0x000000001b3de0b0 mode 0


Dynamic libraries:
0x00007ff71f9c0000 - 0x00007ff71f9f7000 	C:\Program Files (x86)\Minecraft\runtime\jre-x64\bin\java.exe
0x00007ffc0bd30000 - 0x00007ffc0bf25000 	C:\WINDOWS\SYSTEM32\ntdll.dll
0x00007ffc0b800000 - 0x00007ffc0b8bd000 	C:\WINDOWS\System32\KERNEL32.DLL
0x00007ffc09780000 - 0x00007ffc09a48000 	C:\WINDOWS\System32\KERNELBASE.dll
0x00007ffc09da0000 - 0x00007ffc09e4c000 	C:\WINDOWS\System32\ADVAPI32.dll
0x00007ffc0aa70000 - 0x00007ffc0ab0e000 	C:\WINDOWS\System32\msvcrt.dll
0x00007ffc0b760000 - 0x00007ffc0b7fb000 	C:\WINDOWS\System32\sechost.dll
0x00007ffc0b630000 - 0x00007ffc0b75b000 	C:\WINDOWS\System32\RPCRT4.dll
0x00007ffc0a650000 - 0x00007ffc0a7f0000 	C:\WINDOWS\System32\USER32.dll
0x00007ffc09b80000 - 0x00007ffc09ba2000 	C:\WINDOWS\System32\win32u.dll
0x00007ffc0b4c0000 - 0x00007ffc0b4ea000 	C:\WINDOWS\System32\GDI32.dll
0x00007ffc09470000 - 0x00007ffc0957b000 	C:\WINDOWS\System32\gdi32full.dll
0x00007ffc09ab0000 - 0x00007ffc09b4d000 	C:\WINDOWS\System32\msvcp_win.dll
0x00007ffc09630000 - 0x00007ffc09730000 	C:\WINDOWS\System32\ucrtbase.dll
0x00007ffbef9f0000 - 0x00007ffbefc8a000 	C:\WINDOWS\WinSxS\amd64_microsoft.windows.common-controls_6595b64144ccf1df_6.0.19041.1052_none_60b8f8fd71f5e8cb\COMCTL32.dll
0x00007ffc0a620000 - 0x00007ffc0a650000 	C:\WINDOWS\System32\IMM32.DLL
0x0000000065410000 - 0x00000000654e2000 	C:\Program Files (x86)\Minecraft\runtime\jre-x64\bin\msvcr100.dll
0x00000000647f0000 - 0x0000000065073000 	C:\Program Files (x86)\Minecraft\runtime\jre-x64\bin\server\jvm.dll
0x00007ffc0b930000 - 0x00007ffc0b938000 	C:\WINDOWS\System32\PSAPI.DLL
0x00007ffbed390000 - 0x00007ffbed399000 	C:\WINDOWS\SYSTEM32\WSOCK32.dll
0x00007ffc0baf0000 - 0x00007ffc0bb5b000 	C:\WINDOWS\System32\WS2_32.dll
0x00007ffc02120000 - 0x00007ffc02147000 	C:\WINDOWS\SYSTEM32\WINMM.dll
0x00007ffc020a0000 - 0x00007ffc020aa000 	C:\WINDOWS\SYSTEM32\VERSION.dll
0x0000000065400000 - 0x000000006540f000 	C:\Program Files (x86)\Minecraft\runtime\jre-x64\bin\verify.dll
0x00000000653d0000 - 0x00000000653f9000 	C:\Program Files (x86)\Minecraft\runtime\jre-x64\bin\java.dll
0x0000000065390000 - 0x00000000653c5000 	C:\Program Files (x86)\Minecraft\runtime\jre-x64\bin\jdwp.dll
0x0000000065380000 - 0x0000000065388000 	C:\Program Files (x86)\Minecraft\runtime\jre-x64\bin\npt.dll
0x0000000065350000 - 0x0000000065373000 	C:\Program Files (x86)\Minecraft\runtime\jre-x64\bin\instrument.dll
0x0000000065330000 - 0x0000000065346000 	C:\Program Files (x86)\Minecraft\runtime\jre-x64\bin\zip.dll
0x00007ffc0ac90000 - 0x00007ffc0b3cf000 	C:\WINDOWS\System32\SHELL32.dll
0x00007ffc07380000 - 0x00007ffc07b10000 	C:\WINDOWS\SYSTEM32\windows.storage.dll
0x00007ffc0a2c0000 - 0x00007ffc0a615000 	C:\WINDOWS\System32\combase.dll
0x00007ffc08d40000 - 0x00007ffc08d6c000 	C:\WINDOWS\SYSTEM32\Wldp.dll
0x00007ffc0ab10000 - 0x00007ffc0abbe000 	C:\WINDOWS\System32\SHCORE.dll
0x00007ffc0b8c0000 - 0x00007ffc0b915000 	C:\WINDOWS\System32\shlwapi.dll
0x00007ffc093b0000 - 0x00007ffc093cf000 	C:\WINDOWS\SYSTEM32\profapi.dll
0x0000000065320000 - 0x0000000065329000 	C:\Program Files (x86)\Minecraft\runtime\jre-x64\bin\dt_socket.dll
0x00007ffc08b20000 - 0x00007ffc08b8a000 	C:\WINDOWS\system32\mswsock.dll
0x0000000065310000 - 0x000000006531d000 	C:\Program Files (x86)\Minecraft\runtime\jre-x64\bin\management.dll
0x00000000652f0000 - 0x000000006530a000 	C:\Program Files (x86)\Minecraft\runtime\jre-x64\bin\net.dll
0x00007ffbd5ae0000 - 0x00007ffbd5af7000 	C:\WINDOWS\system32\napinsp.dll
0x00007ffbd5b00000 - 0x00007ffbd5b1b000 	C:\WINDOWS\system32\pnrpnsp.dll
0x00007ffc040e0000 - 0x00007ffc040f5000 	C:\WINDOWS\system32\wshbth.dll
0x00007ffc04870000 - 0x00007ffc0488d000 	C:\WINDOWS\system32\NLAapi.dll
0x00007ffc08830000 - 0x00007ffc0886b000 	C:\WINDOWS\SYSTEM32\IPHLPAPI.DLL
0x00007ffc08870000 - 0x00007ffc0893c000 	C:\WINDOWS\SYSTEM32\DNSAPI.dll
0x00007ffc0b920000 - 0x00007ffc0b928000 	C:\WINDOWS\System32\NSI.dll
0x00007ffbd5b20000 - 0x00007ffbd5b32000 	C:\WINDOWS\System32\winrnr.dll
0x00007ffbfb570000 - 0x00007ffbfb57a000 	C:\Windows\System32\rasadhlp.dll
0x00007ffbfd060000 - 0x00007ffbfd0df000 	C:\WINDOWS\System32\fwpuclnt.dll
0x00007ffc09b50000 - 0x00007ffc09b77000 	C:\WINDOWS\System32\bcrypt.dll
0x00000000652d0000 - 0x00000000652e1000 	C:\Program Files (x86)\Minecraft\runtime\jre-x64\bin\nio.dll
0x00000000652a0000 - 0x00000000652c4000 	C:\Program Files (x86)\Minecraft\runtime\jre-x64\bin\sunec.dll
0x00007ffc090d0000 - 0x00007ffc090e8000 	C:\WINDOWS\SYSTEM32\CRYPTSP.dll
0x00007ffc083d0000 - 0x00007ffc08404000 	C:\WINDOWS\system32\rsaenh.dll
0x00007ffc09370000 - 0x00007ffc0939e000 	C:\WINDOWS\SYSTEM32\USERENV.dll
0x00007ffc09bb0000 - 0x00007ffc09c33000 	C:\WINDOWS\System32\bcryptprimitives.dll
0x00007ffc08ca0000 - 0x00007ffc08cac000 	C:\WINDOWS\SYSTEM32\CRYPTBASE.dll
0x00007ffbffae0000 - 0x00007ffbffaf7000 	C:\WINDOWS\SYSTEM32\dhcpcsvc6.DLL
0x00007ffbffb30000 - 0x00007ffbffb4d000 	C:\WINDOWS\SYSTEM32\dhcpcsvc.DLL
0x00007ffbe3330000 - 0x00007ffbe33a2000 	C:\Users\ervin_1nmnhvl\AppData\Local\Temp\lwjglervin_1nmnhvl\3.2.2-build-10\lwjgl.dll
0x00007ffbca8a0000 - 0x00007ffbcaaf1000 	C:\Users\ERVIN_~1\AppData\Local\Temp\lwjglervin_1nmnhvl\3.2.2-build-10\jemalloc.dll
0x00007ffbdb710000 - 0x00007ffbdb76e000 	C:\Users\ERVIN_~1\AppData\Local\Temp\lwjglervin_1nmnhvl\3.2.2-build-10\glfw.dll
0x00007ffc06cc0000 - 0x00007ffc06d5e000 	C:\WINDOWS\system32\uxtheme.dll
0x00007ffbdb390000 - 0x00007ffbdb3d5000 	C:\WINDOWS\SYSTEM32\dinput8.dll
0x00007ffbefdf0000 - 0x00007ffbefe01000 	C:\WINDOWS\SYSTEM32\xinput1_4.dll
0x00007ffc09730000 - 0x00007ffc0977e000 	C:\WINDOWS\System32\cfgmgr32.dll
0x00007ffc091b0000 - 0x00007ffc091dc000 	C:\WINDOWS\SYSTEM32\DEVOBJ.dll
0x00007ffc06eb0000 - 0x00007ffc06edf000 	C:\WINDOWS\SYSTEM32\dwmapi.dll
0x00007ffbf7c40000 - 0x00007ffbf7d92000 	C:\WINDOWS\SYSTEM32\inputhost.dll
0x00007ffc0a9a0000 - 0x00007ffc0aa6d000 	C:\WINDOWS\System32\OLEAUT32.dll
0x00007ffc068f0000 - 0x00007ffc069e2000 	C:\WINDOWS\SYSTEM32\CoreMessaging.dll
0x00007ffc04890000 - 0x00007ffc04986000 	C:\WINDOWS\SYSTEM32\PROPSYS.dll
0x00007ffc05dc0000 - 0x00007ffc05f14000 	C:\WINDOWS\SYSTEM32\wintypes.dll
0x00007ffc06490000 - 0x00007ffc067ee000 	C:\WINDOWS\SYSTEM32\CoreUIComponents.dll
0x00007ffc08060000 - 0x00007ffc08093000 	C:\WINDOWS\SYSTEM32\ntmarta.dll
0x00007ffc07c40000 - 0x00007ffc07c52000 	C:\WINDOWS\SYSTEM32\kernel.appcore.dll
0x00007ffc0b9c0000 - 0x00007ffc0bad5000 	C:\WINDOWS\System32\MSCTF.dll
0x00007ffc07b10000 - 0x00007ffc07b1d000 	C:\WINDOWS\SYSTEM32\HID.DLL
0x00007ffc09e50000 - 0x00007ffc0a2b9000 	C:\WINDOWS\System32\SETUPAPI.DLL
0x00007ffc09a50000 - 0x00007ffc09ab0000 	C:\WINDOWS\System32\WINTRUST.dll
0x00007ffc09c40000 - 0x00007ffc09d9f000 	C:\WINDOWS\System32\CRYPT32.dll
0x00007ffc09190000 - 0x00007ffc091a2000 	C:\WINDOWS\SYSTEM32\MSASN1.dll
0x00007ffbcc760000 - 0x00007ffbcc886000 	C:\WINDOWS\SYSTEM32\opengl32.dll
0x00007ffbe4800000 - 0x00007ffbe482c000 	C:\WINDOWS\SYSTEM32\GLU32.dll
0x00007ffc0abe0000 - 0x00007ffc0ac89000 	C:\WINDOWS\System32\clbcatq.dll
0x00007ffbb7610000 - 0x00007ffbb8294000 	C:\WINDOWS\SYSTEM32\ig4icd64.dll
0x00007ffc07c60000 - 0x00007ffc07d54000 	C:\WINDOWS\SYSTEM32\dxgi.dll
0x00007ffc04ff0000 - 0x00007ffc05254000 	C:\WINDOWS\SYSTEM32\d3d11.dll
0x00007ffbfd8f0000 - 0x00007ffbfe540000 	C:\WINDOWS\SYSTEM32\igd10umd64.dll
0x00007ffbfe820000 - 0x00007ffbfe85b000 	C:\WINDOWS\SYSTEM32\dxcore.dll
0x00007ffbd0430000 - 0x00007ffbd04af000 	C:\Users\ervin_1nmnhvl\AppData\Local\Temp\lwjglervin_1nmnhvl\3.2.2-build-10\lwjgl_stb.dll
0x00007ffc03d80000 - 0x00007ffc03e2e000 	C:\WINDOWS\SYSTEM32\mscms.dll
0x00007ffc04090000 - 0x00007ffc040a1000 	C:\WINDOWS\SYSTEM32\ColorAdapterClient.dll
0x00007ffbd05c0000 - 0x00007ffbd0603000 	C:\WINDOWS\SYSTEM32\icm32.dll
0x00007ffbf7da0000 - 0x00007ffbf7e99000 	C:\WINDOWS\SYSTEM32\textinputframework.dll
0x00007ffbd03d0000 - 0x00007ffbd0428000 	C:\Users\ervin_1nmnhvl\AppData\Local\Temp\lwjglervin_1nmnhvl\3.2.2-build-10\lwjgl_opengl.dll
0x00007ffbcff20000 - 0x00007ffbcff62000 	C:\Users\ervin_1nmnhvl\AppData\Local\Temp\jna-2118671535\jna2667397833639753000.dll
0x00007ffc041b0000 - 0x00007ffc041ca000 	C:\save\modding\ervin_mod_1\build\natives\SAPIWrapper_x64.dll
0x00007ffc0bbc0000 - 0x00007ffc0bcea000 	C:\WINDOWS\System32\ole32.dll
0x00007ffbcedb0000 - 0x00007ffbcef36000 	C:\WINDOWS\System32\Speech\Common\sapi.dll
0x00007ffbbb6d0000 - 0x00007ffbbb6ee000 	C:\WINDOWS\SYSTEM32\MSACM32.dll
0x00007ffc041a0000 - 0x00007ffc041ab000 	C:\WINDOWS\SYSTEM32\msdmo.dll
0x00007ffbd4880000 - 0x00007ffbd48a6000 	C:\WINDOWS\SYSTEM32\winmmbase.dll
0x00007ffbfa2e0000 - 0x00007ffbfa365000 	C:\WINDOWS\System32\MMDevApi.dll
0x00007ffbffd90000 - 0x00007ffbfff74000 	C:\WINDOWS\SYSTEM32\dbghelp.dll

VM Arguments:
jvm_args: -agentlib:jdwp=transport=dt_socket,address=127.0.0.1:58996,suspend=y,server=n -Dforge.logging.console.level=debug -Dforge.logging.markers=SCAN,REGISTRIES,REGISTRYDUMP -XX:HeapDumpPath=MojangTricksIntelDriversForPerformance_javaw.exe_minecraft.exe.heapdump -Dos.name=Windows 10 -Dos.version=10.0 -javaagent:C:\Users\ervin_1nmnhvl\AppData\Local\JetBrains\Toolbox\apps\IDEA-C\ch-0\211.7442.40\plugins\Groovy\lib\agent\gragent.jar -javaagent:C:\Users\ervin_1nmnhvl\AppData\Local\JetBrains\Toolbox\apps\IDEA-C\ch-0\211.7442.40\plugins\java\lib\rt\debugger-agent.jar -Dfile.encoding=windows-1250 
java_command: net.minecraftforge.userdev.LaunchTesting
java_class_path (initial): C:\Program Files (x86)\Minecraft\runtime\jre-x64\lib\charsets.jar;C:\Program Files (x86)\Minecraft\runtime\jre-x64\lib\deploy.jar;C:\Program Files (x86)\Minecraft\runtime\jre-x64\lib\ext\access-bridge-64.jar;C:\Program Files (x86)\Minecraft\runtime\jre-x64\lib\ext\cldrdata.jar;C:\Program Files (x86)\Minecraft\runtime\jre-x64\lib\ext\dnsns.jar;C:\Program Files (x86)\Minecraft\runtime\jre-x64\lib\ext\jaccess.jar;C:\Program Files (x86)\Minecraft\runtime\jre-x64\lib\ext\jfxrt.jar;C:\Program Files (x86)\Minecraft\runtime\jre-x64\lib\ext\localedata.jar;C:\Program Files (x86)\Minecraft\runtime\jre-x64\lib\ext\nashorn.jar;C:\Program Files (x86)\Minecraft\runtime\jre-x64\lib\ext\sunec.jar;C:\Program Files (x86)\Minecraft\runtime\jre-x64\lib\ext\sunjce_provider.jar;C:\Program Files (x86)\Minecraft\runtime\jre-x64\lib\ext\sunmscapi.jar;C:\Program Files (x86)\Minecraft\runtime\jre-x64\lib\ext\sunpkcs11.jar;C:\Program Files (x86)\Minecraft\runtime\jre-x64\lib\ext\zipfs.jar;C:\Program Files (x86)\Minecraft\runtime\jre-x64\lib\javaws.jar;C:\Program Files (x86)\Minecraft\runtime\jre-x64\lib\jce.jar;C:\Program Files (x86)\Minecraft\runtime\jre-x64\lib\jfr.jar;C:\Program Files (x86)\Minecraft\runtime\jre-x64\lib\jfxswt.jar;C:\Program Files (x86)\Minecraft\runtime\jre-x64\lib\jsse.jar;C:\Program Files (x86)\Minecraft\runtime\jre-x64\lib\management-agent.jar;C:\Program Files (x86)\Minecraft\runtime\jre-x64\lib\plugin.jar;C:\Program Files (x86)\Minecraft\runtime\jre-x64\lib\resources.jar;C:\Program Files (x86)\Minecraft\runtime\jre-x64\lib\rt.jar;C:\save\modding\ervin_mod_1\build\classes\java\main;C:\save\modding\ervin_mod_1\build\resources\main;C:\Users\ervin_1nmnhvl\.gradle\caches\forge_gradle\minecraft_user_repo\net\minecraftforge\forge\1.16.1-32.0.108_mapped_snapshot_20200723-1.16.1\forge-1.16.1-32.0.108_mapped_snapshot_20200723-1.16.1-recomp.jar;C:\Users\ervin_1nmnhvl\.gradle\caches\forge_gradle\minecraft_user_repo\net\minecraftforge\forge\1.16.1-32.0.1
Launcher Type: SUN_STANDARD

Environment Variables:
JAVA_HOME=C:\Program Files\Java\jdk-11.0.4
PATH=C:\Program Files\Docker\Docker\Resources\bin;C:\ProgramData\Oracle\Java\javapath;C:\WINDOWS\system32;C:\WINDOWS;C:\WINDOWS\System32\Wbem;C:\WINDOWS\System32\WindowsPowerShell\v1.0\;C:\Program Files (x86)\cloudControl;C:\Program Files\Git\cmd;C:\bin;C:\Program Files (x86)\Windows Kits\8.1\Windows Performance Toolkit\;C:\Program Files (x86)\PuTTY\;C:\Program Files (x86)\Nodist\bin;G:\save\sdk\android\tools;G:\save\sdk\android\platform-tools;C:\boxfuse;C:\Program Files (x86)\Skype\Phone\;C:\Program Files (x86)\GtkSharp\2.12\bin;C:\Program Files (x86)\IVI Foundation\VISA\WinNT\Bin;C:\WINDOWS\system32;C:\WINDOWS;C:\WINDOWS\System32\Wbem;C:\WINDOWS\System32\WindowsPowerShell\v1.0\;;C:\WINDOWS\System32\OpenSSH\;C:\Program Files\SafeNet\Authentication\SAC\x64;C:\Program Files\SafeNet\Authentication\SAC\x32;C:\Program Files\Gemalto\Classic Client\BIN;C:\Program Files (x86)\Gemalto\Classic Client\BIN;C:\Users\ervin_1nmnhvl\AppData\Local\Microsoft\WindowsApps;
USERNAME=ervin_1nmnhvl
OS=Windows_NT
PROCESSOR_IDENTIFIER=Intel64 Family 6 Model 42 Stepping 7, GenuineIntel



---------------  S Y S T E M  ---------------

OS: Windows 10.0 , 64 bit Build 19041 (10.0.19041.1023)

CPU:total 4 (2 cores per cpu, 2 threads per core) family 6 model 42 stepping 7, cmov, cx8, fxsr, mmx, sse, sse2, sse3, ssse3, sse4.1, sse4.2, popcnt, avx, aes, clmul, ht, tsc, tscinvbit

Memory: 4k page, physical 8266764k(291228k free), swap 10363916k(5124k free)

vm_info: Java HotSpot(TM) 64-Bit Server VM (25.51-b03) for windows-amd64 JRE (1.8.0_51-b16), built on Jun  8 2015 18:03:07 by "java_re" with MS VC++ 10.0 (VS2010)

time: Mon Jun 21 09:41:16 2021
elapsed time: 388 seconds (0d 0h 6m 28s)

