#
# There is insufficient memory for the Java Runtime Environment to continue.
# Native memory allocation (malloc) failed to allocate 2286608 bytes for Chunk::new
# Possible reasons:
#   The system is out of physical RAM or swap space
#   In 32 bit mode, the process size limit was hit
# Possible solutions:
#   Reduce memory load on the system
#   Increase physical memory or swap space
#   Check if swap backing store is full
#   Use 64 bit Java on a 64 bit OS
#   Decrease Java heap size (-Xmx/-Xms)
#   Decrease number of Java threads
#   Decrease Java thread stack sizes (-Xss)
#   Set larger code cache with -XX:ReservedCodeCacheSize=
# This output file may be truncated or incomplete.
#
#  Out of Memory Error (allocation.cpp:390), pid=14180, tid=15604
#
# JRE version: Java(TM) SE Runtime Environment (8.0_51-b16) (build 1.8.0_51-b16)
# Java VM: Java HotSpot(TM) 64-Bit Server VM (25.51-b03 mixed mode windows-amd64 compressed oops)
# Failed to write core dump. Minidumps are not enabled by default on client versions of Windows
#

---------------  T H R E A D  ---------------

Current thread (0x0000000018f5a800):  JavaThread "C2 CompilerThread1" daemon [_thread_in_native, id=15604, stack(0x0000000019300000,0x0000000019400000)]

Stack: [0x0000000019300000,0x0000000019400000]
Native frames: (J=compiled Java code, j=interpreted, Vv=VM code, C=native code)
V  [jvm.dll+0x32b4ca]
V  [jvm.dll+0x2797e3]
V  [jvm.dll+0x27a479]
V  [jvm.dll+0x271765]
V  [jvm.dll+0xcba02]
V  [jvm.dll+0xcbecc]
V  [jvm.dll+0x4643d2]
V  [jvm.dll+0x4db655]
V  [jvm.dll+0x4dc257]
V  [jvm.dll+0x46a5e1]
V  [jvm.dll+0x46cde2]
V  [jvm.dll+0x4501a2]
V  [jvm.dll+0xa43a2]
V  [jvm.dll+0xa4cdf]
V  [jvm.dll+0x2418a4]
V  [jvm.dll+0x29846a]
C  [msvcr100.dll+0x21d9f]
C  [msvcr100.dll+0x21e3b]
C  [KERNEL32.DLL+0x16fd4]
C  [ntdll.dll+0x4cec1]


Current CompileTask:
C2:1106507 28678   !   4       net.minecraft.client.Minecraft::runTick (765 bytes)


---------------  P R O C E S S  ---------------

Java Threads: ( => current thread )
  0x000000001aa79000 JavaThread "Server-Worker-29" daemon [_thread_blocked, id=11088, stack(0x0000000056c30000,0x0000000056d30000)]
  0x000000001aa7a800 JavaThread "Server-Worker-28" daemon [_thread_blocked, id=6648, stack(0x0000000056e30000,0x0000000056f30000)]
  0x000000001aa72800 JavaThread "Server-Worker-26" daemon [_thread_blocked, id=5316, stack(0x0000000056d30000,0x0000000056e30000)]
  0x000000001aa7f000 JavaThread "Resource IO {0}" daemon [_thread_blocked, id=13712, stack(0x00000000590a0000,0x00000000591a0000)]
  0x0000000021576000 JavaThread "LanServerPinger #1" daemon [_thread_blocked, id=13212, stack(0x0000000056b30000,0x0000000056c30000)]
  0x000000002157d000 JavaThread "Netty Server IO #4" daemon [_thread_in_native, id=20156, stack(0x0000000056a30000,0x0000000056b30000)]
  0x000000002157a000 JavaThread "Sound engine" daemon [_thread_blocked, id=15192, stack(0x0000000043830000,0x0000000043930000)]
  0x0000000021578800 JavaThread "Netty Server IO #3" daemon [_thread_in_native, id=16464, stack(0x0000000042250000,0x0000000042350000)]
  0x000000002157c000 JavaThread "Netty Local Client IO #1" daemon [_thread_blocked, id=10600, stack(0x0000000042150000,0x0000000042250000)]
  0x0000000021577800 JavaThread "Netty Server IO #2" daemon [_thread_in_native, id=6712, stack(0x00000000291e0000,0x00000000292e0000)]
  0x000000001aa80800 JavaThread "poi IO worker" [_thread_blocked, id=7860, stack(0x0000000043090000,0x0000000043190000)]
  0x000000001aa7c000 JavaThread "chunk IO worker" [_thread_blocked, id=7852, stack(0x0000000040b00000,0x0000000040c00000)]
  0x000000001aa7d000 JavaThread "Thread-26" daemon [_thread_in_native, id=12476, stack(0x0000000041830000,0x0000000041930000)]
  0x000000001aa7b800 JavaThread "Server thread" [_thread_in_Java, id=5000, stack(0x000000003f450000,0x000000003f550000)]
  0x000000001aa7d800 JavaThread "Snooper Timer" daemon [_thread_blocked, id=13356, stack(0x0000000030ac0000,0x0000000030bc0000)]
  0x000000001aa77800 JavaThread "Netty Server IO #1" daemon [_thread_in_native, id=18780, stack(0x0000000054220000,0x0000000054320000)]
  0x000000001aa78800 JavaThread "Netty Local Client IO #0" daemon [_thread_blocked, id=15316, stack(0x0000000043a40000,0x0000000043b40000)]
  0x000000001aa74000 JavaThread "Netty Server IO #0" daemon [_thread_in_native, id=16508, stack(0x0000000041b30000,0x0000000041c30000)]
  0x000000001aa77000 JavaThread "ObjectCleanerThread" daemon [_thread_blocked, id=9220, stack(0x0000000041730000,0x0000000041830000)]
  0x000000001aa74800 JavaThread "Java2D Disposer" daemon [_thread_blocked, id=4468, stack(0x0000000043d40000,0x0000000043e40000)]
  0x000000002157b800 JavaThread "Thread-11" daemon [_thread_in_native, id=16876, stack(0x000000003fb00000,0x000000003fc00000)]
  0x0000000021577000 JavaThread "Narrator" [_thread_blocked, id=18740, stack(0x000000002a000000,0x000000002a100000)]
  0x0000000021579000 JavaThread "Timer hack thread" daemon [_thread_blocked, id=14352, stack(0x0000000027fb0000,0x00000000280b0000)]
  0x0000000022dd8800 JavaThread "Snooper Timer" daemon [_thread_blocked, id=3528, stack(0x0000000022110000,0x0000000022210000)]
  0x000000001c318000 JavaThread "pool-2-thread-1" daemon [_thread_blocked, id=4248, stack(0x0000000020e40000,0x0000000020f40000)]
  0x000000001aaeb000 JavaThread "Thread-2" daemon [_thread_in_native, id=16264, stack(0x000000001bc10000,0x000000001bd10000)]
  0x000000001aae2000 JavaThread "Thread-1" daemon [_thread_blocked, id=12916, stack(0x000000001bb10000,0x000000001bc10000)]
  0x000000001955e800 JavaThread "Service Thread" daemon [_thread_blocked, id=17064, stack(0x0000000019d00000,0x0000000019e00000)]
  0x0000000018f5e000 JavaThread "C1 CompilerThread2" daemon [_thread_blocked, id=17156, stack(0x0000000019400000,0x0000000019500000)]
=>0x0000000018f5a800 JavaThread "C2 CompilerThread1" daemon [_thread_in_native, id=15604, stack(0x0000000019300000,0x0000000019400000)]
  0x00000000190ca800 JavaThread "C2 CompilerThread0" daemon [_thread_blocked, id=20388, stack(0x0000000019200000,0x0000000019300000)]
  0x00000000190aa000 JavaThread "Monitor Ctrl-Break" daemon [_thread_in_native, id=17200, stack(0x0000000019100000,0x0000000019200000)]
  0x0000000017797800 JavaThread "Attach Listener" daemon [_thread_blocked, id=17632, stack(0x0000000018c00000,0x0000000018d00000)]
  0x0000000017796800 JavaThread "Signal Dispatcher" daemon [_thread_blocked, id=20016, stack(0x0000000018b00000,0x0000000018c00000)]
  0x0000000002b5b000 JavaThread "Finalizer" daemon [_thread_blocked, id=3104, stack(0x0000000018a00000,0x0000000018b00000)]
  0x0000000002b57000 JavaThread "Reference Handler" daemon [_thread_blocked, id=12604, stack(0x0000000018900000,0x0000000018a00000)]
  0x0000000002a62800 JavaThread "Render thread" [_thread_in_native, id=13992, stack(0x0000000002960000,0x0000000002a60000)]

Other Threads:
  0x0000000017759000 VMThread [stack: 0x0000000018800000,0x0000000018900000] [id=12596]
  0x0000000019583800 WatcherThread [stack: 0x0000000019e00000,0x0000000019f00000] [id=18612]

VM state:not at safepoint (normal execution)

VM Mutex/Monitor currently owned by a thread: None

Heap:
 PSYoungGen      total 680960K, used 662194K [0x00000000d5f00000, 0x0000000100000000, 0x0000000100000000)
  eden space 673792K, 97% used [0x00000000d5f00000,0x00000000fe12c908,0x00000000ff100000)
  from space 7168K, 64% used [0x00000000ff100000,0x00000000ff580138,0x00000000ff800000)
  to   space 7168K, 0% used [0x00000000ff900000,0x00000000ff900000,0x0000000100000000)
 ParOldGen       total 943616K, used 746299K [0x0000000081c00000, 0x00000000bb580000, 0x00000000d5f00000)
  object space 943616K, 79% used [0x0000000081c00000,0x00000000af4ceed8,0x00000000bb580000)
 Metaspace       used 96502K, capacity 108836K, committed 109052K, reserved 1140736K
  class space    used 14192K, capacity 17126K, committed 17152K, reserved 1048576K

Card table byte_map: [0x0000000012020000,0x0000000012420000] byte_map_base: 0x0000000011c12000

Marking Bits: (ParMarkBitMap*) 0x0000000073934040
 Begin Bits: [0x0000000012ad0000, 0x0000000014a60000)
 End Bits:   [0x0000000014a60000, 0x00000000169f0000)

Polling page: 0x0000000000a40000

CodeCache: size=245760Kb used=66532Kb max_used=67890Kb free=179228Kb
 bounds [0x0000000002c60000, 0x0000000007050000, 0x0000000011c60000]
 total_blobs=19860 nmethods=18151 adapters=1615
 compilation: enabled

Compilation events (10 events):
Event: 1104.396 Thread 0x0000000018f5a800 nmethod 28673 0x000000000627e050 code [0x000000000627e220, 0x000000000627e5e8]
Event: 1104.458 Thread 0x00000000190ca800 28674       4       io.netty.channel.local.LocalChannel$5::run (12 bytes)
Event: 1104.479 Thread 0x00000000190ca800 nmethod 28674 0x0000000006494490 code [0x00000000064946a0, 0x0000000006494f60]
Event: 1104.696 Thread 0x0000000018f5e000 28675       3       net.minecraft.world.IBlockReader$$Lambda$4898/468637510::apply (16 bytes)
Event: 1104.696 Thread 0x0000000018f5e000 nmethod 28675 0x0000000006e90550 code [0x0000000006e906c0, 0x0000000006e90a28]
Event: 1105.094 Thread 0x0000000018f5a800 28676       4       net.minecraft.world.IBlockReader::rayTraceBlocks (77 bytes)
Event: 1105.098 Thread 0x0000000018f5a800 nmethod 28676 0x000000000440fa10 code [0x000000000440fb80, 0x000000000440fd38]
Event: 1105.142 Thread 0x00000000190ca800 28677       4       net.minecraft.util.math.RayTraceContext$FluidMode$$Lambda$4895/391765679::test (8 bytes)
Event: 1105.143 Thread 0x00000000190ca800 nmethod 28677 0x00000000064941d0 code [0x0000000006494320, 0x00000000064943b8]
Event: 1105.307 Thread 0x0000000018f5a800 28678   !   4       net.minecraft.client.Minecraft::runTick (765 bytes)

GC Heap History (10 events):
Event: 1093.141 GC heap before
{Heap before GC invocations=332 (full 17):
 PSYoungGen      total 655872K, used 651662K [0x00000000d5f00000, 0x00000000fe980000, 0x0000000100000000)
  eden space 647168K, 100% used [0x00000000d5f00000,0x00000000fd700000,0x00000000fd700000)
  from space 8704K, 51% used [0x00000000fdf80000,0x00000000fe3e3af8,0x00000000fe800000)
  to   space 8704K, 0% used [0x00000000fd700000,0x00000000fd700000,0x00000000fdf80000)
 ParOldGen       total 943616K, used 745955K [0x0000000081c00000, 0x00000000bb580000, 0x00000000d5f00000)
  object space 943616K, 79% used [0x0000000081c00000,0x00000000af478ed8,0x00000000bb580000)
 Metaspace       used 96492K, capacity 108820K, committed 109052K, reserved 1140736K
  class space    used 14190K, capacity 17122K, committed 17152K, reserved 1048576K
Event: 1093.153 GC heap after
Heap after GC invocations=332 (full 17):
 PSYoungGen      total 655872K, used 4526K [0x00000000d5f00000, 0x00000000ff580000, 0x0000000100000000)
  eden space 647168K, 0% used [0x00000000d5f00000,0x00000000d5f00000,0x00000000fd700000)
  from space 8704K, 52% used [0x00000000fd700000,0x00000000fdb6baf8,0x00000000fdf80000)
  to   space 8192K, 0% used [0x00000000fed80000,0x00000000fed80000,0x00000000ff580000)
 ParOldGen       total 943616K, used 745987K [0x0000000081c00000, 0x00000000bb580000, 0x00000000d5f00000)
  object space 943616K, 79% used [0x0000000081c00000,0x00000000af480ed8,0x00000000bb580000)
 Metaspace       used 96492K, capacity 108820K, committed 109052K, reserved 1140736K
  class space    used 14190K, capacity 17122K, committed 17152K, reserved 1048576K
}
Event: 1095.466 GC heap before
{Heap before GC invocations=333 (full 17):
 PSYoungGen      total 655872K, used 651694K [0x00000000d5f00000, 0x00000000ff580000, 0x0000000100000000)
  eden space 647168K, 100% used [0x00000000d5f00000,0x00000000fd700000,0x00000000fd700000)
  from space 8704K, 52% used [0x00000000fd700000,0x00000000fdb6baf8,0x00000000fdf80000)
  to   space 8192K, 0% used [0x00000000fed80000,0x00000000fed80000,0x00000000ff580000)
 ParOldGen       total 943616K, used 745987K [0x0000000081c00000, 0x00000000bb580000, 0x00000000d5f00000)
  object space 943616K, 79% used [0x0000000081c00000,0x00000000af480ed8,0x00000000bb580000)
 Metaspace       used 96492K, capacity 108820K, committed 109052K, reserved 1140736K
  class space    used 14190K, capacity 17122K, committed 17152K, reserved 1048576K
Event: 1095.479 GC heap after
Heap after GC invocations=333 (full 17):
 PSYoungGen      total 670208K, used 4590K [0x00000000d5f00000, 0x00000000ff500000, 0x0000000100000000)
  eden space 662528K, 0% used [0x00000000d5f00000,0x00000000d5f00000,0x00000000fe600000)
  from space 7680K, 59% used [0x00000000fed80000,0x00000000ff1fbb28,0x00000000ff500000)
  to   space 7680K, 0% used [0x00000000fe600000,0x00000000fe600000,0x00000000fed80000)
 ParOldGen       total 943616K, used 746019K [0x0000000081c00000, 0x00000000bb580000, 0x00000000d5f00000)
  object space 943616K, 79% used [0x0000000081c00000,0x00000000af488ed8,0x00000000bb580000)
 Metaspace       used 96492K, capacity 108820K, committed 109052K, reserved 1140736K
  class space    used 14190K, capacity 17122K, committed 17152K, reserved 1048576K
}
Event: 1098.013 GC heap before
{Heap before GC invocations=334 (full 17):
 PSYoungGen      total 670208K, used 667118K [0x00000000d5f00000, 0x00000000ff500000, 0x0000000100000000)
  eden space 662528K, 100% used [0x00000000d5f00000,0x00000000fe600000,0x00000000fe600000)
  from space 7680K, 59% used [0x00000000fed80000,0x00000000ff1fbb28,0x00000000ff500000)
  to   space 7680K, 0% used [0x00000000fe600000,0x00000000fe600000,0x00000000fed80000)
 ParOldGen       total 943616K, used 746019K [0x0000000081c00000, 0x00000000bb580000, 0x00000000d5f00000)
  object space 943616K, 79% used [0x0000000081c00000,0x00000000af488ed8,0x00000000bb580000)
 Metaspace       used 96500K, capacity 108836K, committed 109052K, reserved 1140736K
  class space    used 14192K, capacity 17126K, committed 17152K, reserved 1048576K
Event: 1098.024 GC heap after
Heap after GC invocations=334 (full 17):
 PSYoungGen      total 670208K, used 4686K [0x00000000d5f00000, 0x0000000100000000, 0x0000000100000000)
  eden space 662528K, 0% used [0x00000000d5f00000,0x00000000d5f00000,0x00000000fe600000)
  from space 7680K, 61% used [0x00000000fe600000,0x00000000fea93b40,0x00000000fed80000)
  to   space 7680K, 0% used [0x00000000ff880000,0x00000000ff880000,0x0000000100000000)
 ParOldGen       total 943616K, used 746099K [0x0000000081c00000, 0x00000000bb580000, 0x00000000d5f00000)
  object space 943616K, 79% used [0x0000000081c00000,0x00000000af49ced8,0x00000000bb580000)
 Metaspace       used 96500K, capacity 108836K, committed 109052K, reserved 1140736K
  class space    used 14192K, capacity 17126K, committed 17152K, reserved 1048576K
}
Event: 1100.757 GC heap before
{Heap before GC invocations=335 (full 17):
 PSYoungGen      total 670208K, used 667214K [0x00000000d5f00000, 0x0000000100000000, 0x0000000100000000)
  eden space 662528K, 100% used [0x00000000d5f00000,0x00000000fe600000,0x00000000fe600000)
  from space 7680K, 61% used [0x00000000fe600000,0x00000000fea93b40,0x00000000fed80000)
  to   space 7680K, 0% used [0x00000000ff880000,0x00000000ff880000,0x0000000100000000)
 ParOldGen       total 943616K, used 746099K [0x0000000081c00000, 0x00000000bb580000, 0x00000000d5f00000)
  object space 943616K, 79% used [0x0000000081c00000,0x00000000af49ced8,0x00000000bb580000)
 Metaspace       used 96500K, capacity 108836K, committed 109052K, reserved 1140736K
  class space    used 14192K, capacity 17126K, committed 17152K, reserved 1048576K
Event: 1100.770 GC heap after
Heap after GC invocations=335 (full 17):
 PSYoungGen      total 680448K, used 4814K [0x00000000d5f00000, 0x00000000fff00000, 0x0000000100000000)
  eden space 673792K, 0% used [0x00000000d5f00000,0x00000000d5f00000,0x00000000ff100000)
  from space 6656K, 72% used [0x00000000ff880000,0x00000000ffd33b70,0x00000000fff00000)
  to   space 7168K, 0% used [0x00000000ff100000,0x00000000ff100000,0x00000000ff800000)
 ParOldGen       total 943616K, used 746123K [0x0000000081c00000, 0x00000000bb580000, 0x00000000d5f00000)
  object space 943616K, 79% used [0x0000000081c00000,0x00000000af4a2ed8,0x00000000bb580000)
 Metaspace       used 96500K, capacity 108836K, committed 109052K, reserved 1140736K
  class space    used 14192K, capacity 17126K, committed 17152K, reserved 1048576K
}
Event: 1103.767 GC heap before
{Heap before GC invocations=336 (full 17):
 PSYoungGen      total 680448K, used 678606K [0x00000000d5f00000, 0x00000000fff00000, 0x0000000100000000)
  eden space 673792K, 100% used [0x00000000d5f00000,0x00000000ff100000,0x00000000ff100000)
  from space 6656K, 72% used [0x00000000ff880000,0x00000000ffd33b70,0x00000000fff00000)
  to   space 7168K, 0% used [0x00000000ff100000,0x00000000ff100000,0x00000000ff800000)
 ParOldGen       total 943616K, used 746123K [0x0000000081c00000, 0x00000000bb580000, 0x00000000d5f00000)
  object space 943616K, 79% used [0x0000000081c00000,0x00000000af4a2ed8,0x00000000bb580000)
 Metaspace       used 96502K, capacity 108836K, committed 109052K, reserved 1140736K
  class space    used 14192K, capacity 17126K, committed 17152K, reserved 1048576K
Event: 1103.779 GC heap after
Heap after GC invocations=336 (full 17):
 PSYoungGen      total 680960K, used 4608K [0x00000000d5f00000, 0x0000000100000000, 0x0000000100000000)
  eden space 673792K, 0% used [0x00000000d5f00000,0x00000000d5f00000,0x00000000ff100000)
  from space 7168K, 64% used [0x00000000ff100000,0x00000000ff580138,0x00000000ff800000)
  to   space 7168K, 0% used [0x00000000ff900000,0x00000000ff900000,0x0000000100000000)
 ParOldGen       total 943616K, used 746299K [0x0000000081c00000, 0x00000000bb580000, 0x00000000d5f00000)
  object space 943616K, 79% used [0x0000000081c00000,0x00000000af4ceed8,0x00000000bb580000)
 Metaspace       used 96502K, capacity 108836K, committed 109052K, reserved 1140736K
  class space    used 14192K, capacity 17126K, committed 17152K, reserved 1048576K
}

Deoptimization events (10 events):
Event: 1097.536 Thread 0x000000001aa7b800 Uncommon trap: reason=unstable_if action=reinterpret pc=0x00000000045d6158 method=net.minecraft.entity.passive.BeeEntity.failedPollinatingTooLong()Z @ 7
Event: 1099.760 Thread 0x0000000002a62800 Uncommon trap: reason=unstable_if action=reinterpret pc=0x00000000061b5698 method=net.minecraft.client.renderer.chunk.ChunkRenderDispatcher$ChunkRender.needsImmediateUpdate()Z @ 4
Event: 1100.904 Thread 0x0000000002a62800 Uncommon trap: reason=unstable_if action=reinterpret pc=0x0000000005bc1f48 method=net.minecraft.world.World.getBlockState(Lnet/minecraft/util/math/BlockPos;)Lnet/minecraft/block/BlockState; @ 4
Event: 1100.904 Thread 0x0000000002a62800 Uncommon trap: reason=unstable_if action=reinterpret pc=0x00000000059648bc method=net.minecraft.world.World.isYOutOfBounds(I)Z @ 8
Event: 1103.822 Thread 0x0000000002a62800 Uncommon trap: reason=unstable_if action=reinterpret pc=0x000000000702c0a8 method=net.minecraft.client.renderer.chunk.ChunkRenderDispatcher$ChunkRender.needsImmediateUpdate()Z @ 4
Event: 1103.862 Thread 0x0000000002a62800 Uncommon trap: reason=unstable_if action=reinterpret pc=0x00000000042966bc method=net.minecraft.world.World.isYOutOfBounds(I)Z @ 8
Event: 1103.886 Thread 0x0000000002a62800 Uncommon trap: reason=unstable_if action=reinterpret pc=0x0000000004d89684 method=net.minecraft.world.World.isYOutOfBounds(I)Z @ 8
Event: 1103.913 Thread 0x0000000002a62800 Uncommon trap: reason=unstable_if action=reinterpret pc=0x000000000511d434 method=net.minecraft.world.World.isYOutOfBounds(I)Z @ 8
Event: 1103.913 Thread 0x0000000002a62800 Uncommon trap: reason=unstable_if action=reinterpret pc=0x0000000006efd3f8 method=net.minecraft.client.renderer.WorldRenderer.setupTerrain(Lnet/minecraft/client/renderer/ActiveRenderInfo;Lnet/minecraft/client/renderer/culling/ClippingHelperImpl;ZIZ)V @ 422;½#t@‘@
Event: 1104.113 Thread 0x0000000002a62800 Uncommon trap: reason=unstable_if action=reinterpret pc=0x000000000418c71c method=net.minecraft.client.renderer.WorldRenderer.updateCameraAndRender(Lcom/mojang/blaze3d/matrix/MatrixStack;FJZLnet/minecraft/client/renderer/ActiveRenderInfo;Lnet/minecraft/cli>“ύσ$&‘@

Internal exceptions (10 events):
Event: 1070.858 Thread 0x000000001aa72800 Exception <a 'sun/nio/fs/WindowsException'> (0x00000000ed1a8478) thrown at [C:\re\workspace\8-2-build-windows-amd64-cygwin\jdk8u51\3951\hotspot\src\share\vm\prims\jni.cpp, line 709]
Event: 1070.858 Thread 0x000000001aa72800 Exception <a 'sun/nio/fs/WindowsException'> (0x00000000ed1a8a08) thrown at [C:\re\workspace\8-2-build-windows-amd64-cygwin\jdk8u51\3951\hotspot\src\share\vm\prims\jni.cpp, line 709]
Event: 1070.858 Thread 0x000000001aa72800 Exception <a 'sun/nio/fs/WindowsException'> (0x00000000ed1a96f0) thrown at [C:\re\workspace\8-2-build-windows-amd64-cygwin\jdk8u51\3951\hotspot\src\share\vm\prims\jni.cpp, line 709]
Event: 1070.859 Thread 0x000000001aa72800 Exception <a 'sun/nio/fs/WindowsException'> (0x00000000ed1a9bc0) thrown at [C:\re\workspace\8-2-build-windows-amd64-cygwin\jdk8u51\3951\hotspot\src\share\vm\prims\jni.cpp, line 709]
Event: 1085.112 Thread 0x0000000002a62800 Exception <a 'sun/nio/fs/WindowsException'> (0x00000000faca9a48) thrown at [C:\re\workspace\8-2-build-windows-amd64-cygwin\jdk8u51\3951\hotspot\src\share\vm\prims\jni.cpp, line 709]
Event: 1085.112 Thread 0x0000000002a62800 Exception <a 'sun/nio/fs/WindowsException'> (0x00000000facaa018) thrown at [C:\re\workspace\8-2-build-windows-amd64-cygwin\jdk8u51\3951\hotspot\src\share\vm\prims\jni.cpp, line 709]
Event: 1085.113 Thread 0x0000000002a62800 Exception <a 'sun/nio/fs/WindowsException'> (0x00000000facaadc0) thrown at [C:\re\workspace\8-2-build-windows-amd64-cygwin\jdk8u51\3951\hotspot\src\share\vm\prims\jni.cpp, line 709]
Event: 1085.113 Thread 0x0000000002a62800 Exception <a 'sun/nio/fs/WindowsException'> (0x00000000facab3a0) thrown at [C:\re\workspace\8-2-build-windows-amd64-cygwin\jdk8u51\3951\hotspot\src\share\vm\prims\jni.cpp, line 709]
Event: 1085.113 Thread 0x0000000002a62800 Exception <a 'sun/nio/fs/WindowsException'> (0x00000000facac108) thrown at [C:\re\workspace\8-2-build-windows-amd64-cygwin\jdk8u51\3951\hotspot\src\share\vm\prims\jni.cpp, line 709]
Event: 1085.113 Thread 0x0000000002a62800 Exception <a 'sun/nio/fs/WindowsException'> (0x00000000facac7f8) thrown at [C:\re\workspace\8-2-build-windows-amd64-cygwin\jdk8u51\3951\hotspot\src\share\vm\prims\jni.cpp, line 709]

Events (10 events):
Event: 1103.886 Thread 0x0000000002a62800 DEOPT UNPACKING pc=0x0000000002ca582a sp=0x0000000002a5dac8 mode 2
Event: 1103.913 Thread 0x0000000002a62800 Uncommon trap: trap_request=0xffffff65 fr.pc=0x000000000511d434
Event: 1103.913 Thread 0x0000000002a62800 DEOPT PACKING pc=0x000000000511d434 sp=0x0000000002a5d690
Event: 1103.913 Thread 0x0000000002a62800 DEOPT UNPACKING pc=0x0000000002ca582a sp=0x0000000002a5d5d8 mode 2
Event: 1103.913 Thread 0x0000000002a62800 Uncommon trap: trap_request=0xffffff65 fr.pc=0x0000000006efd3f8
Event: 1103.913 Thread 0x0000000002a62800 DEOPT PACKING pc=0x0000000006efd3f8 sp=0x0000000002a5d8a0
Event: 1103.913 Thread 0x0000000002a62800 DEOPT UNPACKING pc=0x0000000002ca582a sp=0x0000000002a5d830 mode 2
Event: 1104.113 Thread 0x0000000002a62800 Uncommon trap: trap_request=0xffffff65 fr.pc=0x000000000418c71c
Event: 1104.113 Thread 0x0000000002a62800 DEOPT PACKING pc=0x000000000418c71c sp=0x0000000002a5da40
Event: 1104.113 Thread 0x0000000002a62800 DEOPT UNPACKING pc=0x0000000002ca582a sp=0x0000000002a5d988 mode 2


Dynamic libraries:
0x00007ff619f30000 - 0x00007ff619f67000 	C:\Program Files (x86)\Minecraft\runtime\jre-x64\bin\java.exe
0x00007fff9ac30000 - 0x00007fff9ae25000 	C:\WINDOWS\SYSTEM32\ntdll.dll
0x00007fff99660000 - 0x00007fff9971d000 	C:\WINDOWS\System32\KERNEL32.DLL
0x00007fff98660000 - 0x00007fff98927000 	C:\WINDOWS\System32\KERNELBASE.dll
0x00007fff994e0000 - 0x00007fff9958a000 	C:\WINDOWS\System32\ADVAPI32.dll
0x00007fff992a0000 - 0x00007fff9933e000 	C:\WINDOWS\System32\msvcrt.dll
0x00007fff99ee0000 - 0x00007fff99f7b000 	C:\WINDOWS\System32\sechost.dll
0x00007fff99780000 - 0x00007fff998a3000 	C:\WINDOWS\System32\RPCRT4.dll
0x00007fff98d00000 - 0x00007fff98ea0000 	C:\WINDOWS\System32\USER32.dll
0x00007fff98c70000 - 0x00007fff98c92000 	C:\WINDOWS\System32\win32u.dll
0x00007fff9abc0000 - 0x00007fff9abea000 	C:\WINDOWS\System32\GDI32.dll
0x00007fff98380000 - 0x00007fff9848a000 	C:\WINDOWS\System32\gdi32full.dll
0x00007fff984c0000 - 0x00007fff9855d000 	C:\WINDOWS\System32\msvcp_win.dll
0x00007fff98560000 - 0x00007fff98660000 	C:\WINDOWS\System32\ucrtbase.dll
0x00007fff84400000 - 0x00007fff8469a000 	C:\WINDOWS\WinSxS\amd64_microsoft.windows.common-controls_6595b64144ccf1df_6.0.19041.1_none_b555e41d4684ddec\COMCTL32.dll
0x00007fff99d10000 - 0x00007fff99d40000 	C:\WINDOWS\System32\IMM32.DLL
0x00000000739c0000 - 0x0000000073a92000 	C:\Program Files (x86)\Minecraft\runtime\jre-x64\bin\msvcr100.dll
0x0000000073130000 - 0x00000000739b3000 	C:\Program Files (x86)\Minecraft\runtime\jre-x64\bin\server\jvm.dll
0x00007fff98f30000 - 0x00007fff98f38000 	C:\WINDOWS\System32\PSAPI.DLL
0x00007fff90ba0000 - 0x00007fff90ba9000 	C:\WINDOWS\SYSTEM32\WSOCK32.dll
0x00007fff99960000 - 0x00007fff999cb000 	C:\WINDOWS\System32\WS2_32.dll
0x00007fff90600000 - 0x00007fff90627000 	C:\WINDOWS\SYSTEM32\WINMM.dll
0x00007fff90430000 - 0x00007fff9043a000 	C:\WINDOWS\SYSTEM32\VERSION.dll
0x0000000073120000 - 0x000000007312f000 	C:\Program Files (x86)\Minecraft\runtime\jre-x64\bin\verify.dll
0x00000000730f0000 - 0x0000000073119000 	C:\Program Files (x86)\Minecraft\runtime\jre-x64\bin\java.dll
0x00000000730c0000 - 0x00000000730e3000 	C:\Program Files (x86)\Minecraft\runtime\jre-x64\bin\instrument.dll
0x00000000730a0000 - 0x00000000730b6000 	C:\Program Files (x86)\Minecraft\runtime\jre-x64\bin\zip.dll
0x00007fff9a480000 - 0x00007fff9abc0000 	C:\WINDOWS\System32\SHELL32.dll
0x00007fff963a0000 - 0x00007fff96b31000 	C:\WINDOWS\SYSTEM32\windows.storage.dll
0x00007fff98f40000 - 0x00007fff99293000 	C:\WINDOWS\System32\combase.dll
0x00007fff97d30000 - 0x00007fff97d5c000 	C:\WINDOWS\SYSTEM32\Wldp.dll
0x00007fff99e20000 - 0x00007fff99ece000 	C:\WINDOWS\System32\SHCORE.dll
0x00007fff98ca0000 - 0x00007fff98cf5000 	C:\WINDOWS\System32\shlwapi.dll
0x00007fff982c0000 - 0x00007fff982df000 	C:\WINDOWS\SYSTEM32\profapi.dll
0x00007fff921a0000 - 0x00007fff921ba000 	C:\Users\ervin_1nmnhvl\AppData\Local\JetBrains\Toolbox\apps\IDEA-U\ch-0\202.6397.94\bin\breakgen64.dll
0x0000000073080000 - 0x000000007309a000 	C:\Program Files (x86)\Minecraft\runtime\jre-x64\bin\net.dll
0x00007fff97b20000 - 0x00007fff97b8a000 	C:\WINDOWS\system32\mswsock.dll
0x0000000073070000 - 0x000000007307d000 	C:\Program Files (x86)\Minecraft\runtime\jre-x64\bin\management.dll
0x00007fff5c610000 - 0x00007fff5c627000 	C:\WINDOWS\system32\napinsp.dll
0x00007fff643e0000 - 0x00007fff643fb000 	C:\WINDOWS\system32\pnrpnsp.dll
0x00007fff930f0000 - 0x00007fff93105000 	C:\WINDOWS\system32\wshbth.dll
0x00007fff93e90000 - 0x00007fff93ead000 	C:\WINDOWS\system32\NLAapi.dll
0x00007fff977e0000 - 0x00007fff9781b000 	C:\WINDOWS\SYSTEM32\IPHLPAPI.DLL
0x00007fff97830000 - 0x00007fff978fa000 	C:\WINDOWS\SYSTEM32\DNSAPI.dll
0x00007fff99f80000 - 0x00007fff99f89000 	C:\WINDOWS\System32\NSI.dll
0x00007fff64430000 - 0x00007fff64442000 	C:\WINDOWS\System32\winrnr.dll
0x00007fff86cf0000 - 0x00007fff86cfa000 	C:\Windows\System32\rasadhlp.dll
0x00007fff8c8a0000 - 0x00007fff8c91f000 	C:\WINDOWS\System32\fwpuclnt.dll
0x00007fff98490000 - 0x00007fff984b7000 	C:\WINDOWS\System32\bcrypt.dll
0x00007fff8b1f0000 - 0x00007fff8b207000 	C:\WINDOWS\SYSTEM32\dhcpcsvc6.DLL
0x00007fff8b1d0000 - 0x00007fff8b1ed000 	C:\WINDOWS\SYSTEM32\dhcpcsvc.DLL
0x00007fff98080000 - 0x00007fff98098000 	C:\WINDOWS\SYSTEM32\CRYPTSP.dll
0x00007fff97360000 - 0x00007fff97394000 	C:\WINDOWS\system32\rsaenh.dll
0x00007fff98280000 - 0x00007fff982ae000 	C:\WINDOWS\SYSTEM32\USERENV.dll
0x00007fff98ba0000 - 0x00007fff98c1f000 	C:\WINDOWS\System32\bcryptprimitives.dll
0x00007fff97ca0000 - 0x00007fff97cac000 	C:\WINDOWS\SYSTEM32\CRYPTBASE.dll
0x0000000073050000 - 0x0000000073061000 	C:\Program Files (x86)\Minecraft\runtime\jre-x64\bin\nio.dll
0x0000000073020000 - 0x0000000073044000 	C:\Program Files (x86)\Minecraft\runtime\jre-x64\bin\sunec.dll
0x00007fff82d20000 - 0x00007fff82d92000 	C:\Users\ervin_1nmnhvl\AppData\Local\Temp\lwjglervin_1nmnhvl\3.2.2-build-10\lwjgl.dll
0x00007fff5da40000 - 0x00007fff5dc91000 	C:\Users\ERVIN_~1\AppData\Local\Temp\lwjglervin_1nmnhvl\3.2.2-build-10\jemalloc.dll
0x00007fff88370000 - 0x00007fff883ce000 	C:\Users\ERVIN_~1\AppData\Local\Temp\lwjglervin_1nmnhvl\3.2.2-build-10\glfw.dll
0x00007fff95bf0000 - 0x00007fff95c8f000 	C:\WINDOWS\system32\uxtheme.dll
0x00007fff82fe0000 - 0x00007fff83025000 	C:\WINDOWS\SYSTEM32\dinput8.dll
0x00007fff91c60000 - 0x00007fff91c71000 	C:\WINDOWS\SYSTEM32\xinput1_4.dll
0x00007fff98c20000 - 0x00007fff98c6d000 	C:\WINDOWS\System32\cfgmgr32.dll
0x00007fff98160000 - 0x00007fff9818c000 	C:\WINDOWS\SYSTEM32\DEVOBJ.dll
0x00007fff95de0000 - 0x00007fff95e0f000 	C:\WINDOWS\SYSTEM32\dwmapi.dll
0x00007fff8b210000 - 0x00007fff8b362000 	C:\WINDOWS\SYSTEM32\inputhost.dll
0x00007fff99590000 - 0x00007fff9965d000 	C:\WINDOWS\System32\OLEAUT32.dll
0x00007fff95810000 - 0x00007fff95902000 	C:\WINDOWS\SYSTEM32\CoreMessaging.dll
0x00007fff937a0000 - 0x00007fff93895000 	C:\WINDOWS\SYSTEM32\PROPSYS.dll
0x00007fff94de0000 - 0x00007fff94f36000 	C:\WINDOWS\SYSTEM32\wintypes.dll
0x00007fff954b0000 - 0x00007fff9580a000 	C:\WINDOWS\SYSTEM32\CoreUIComponents.dll
0x00007fff96fb0000 - 0x00007fff96fe3000 	C:\WINDOWS\SYSTEM32\ntmarta.dll
0x00007fff96b50000 - 0x00007fff96b63000 	C:\WINDOWS\SYSTEM32\kernel.appcore.dll
0x00007fff993c0000 - 0x00007fff994d5000 	C:\WINDOWS\System32\MSCTF.dll
0x00007fff96b40000 - 0x00007fff96b4d000 	C:\WINDOWS\SYSTEM32\HID.DLL
0x00007fff99f90000 - 0x00007fff9a3f7000 	C:\WINDOWS\System32\SETUPAPI.DLL
0x00007fff989e0000 - 0x00007fff98a40000 	C:\WINDOWS\System32\WINTRUST.dll
0x00007fff98a40000 - 0x00007fff98b9d000 	C:\WINDOWS\System32\CRYPT32.dll
0x00007fff98100000 - 0x00007fff98112000 	C:\WINDOWS\SYSTEM32\MSASN1.dll
0x00007fff6bd80000 - 0x00007fff6bedc000 	C:\WINDOWS\SYSTEM32\opengl32.dll
0x00007fff8b870000 - 0x00007fff8b89c000 	C:\WINDOWS\SYSTEM32\GLU32.dll
0x00007fff557c0000 - 0x00007fff56444000 	C:\WINDOWS\SYSTEM32\ig4icd64.dll
0x00007fff96bc0000 - 0x00007fff96cb3000 	C:\WINDOWS\SYSTEM32\dxgi.dll
0x00007fff94150000 - 0x00007fff943b3000 	C:\WINDOWS\SYSTEM32\d3d11.dll
0x00007fff8ca80000 - 0x00007fff8cabb000 	C:\WINDOWS\SYSTEM32\dxcore.dll
0x00007fff8b370000 - 0x00007fff8b46c000 	C:\WINDOWS\SYSTEM32\textinputframework.dll
0x00007fff82930000 - 0x00007fff82988000 	C:\Users\ervin_1nmnhvl\AppData\Local\Temp\lwjglervin_1nmnhvl\3.2.2-build-10\lwjgl_opengl.dll
0x00007fff78eb0000 - 0x00007fff78f2f000 	C:\Users\ervin_1nmnhvl\AppData\Local\Temp\lwjglervin_1nmnhvl\3.2.2-build-10\lwjgl_stb.dll
0x00007fff999d0000 - 0x00007fff99af9000 	C:\WINDOWS\System32\ole32.dll
0x00007fff67780000 - 0x00007fff683d0000 	C:\WINDOWS\SYSTEM32\igd10umd64.dll
0x00007fff92590000 - 0x00007fff9263e000 	C:\WINDOWS\SYSTEM32\mscms.dll
0x00007fff92440000 - 0x00007fff92451000 	C:\WINDOWS\SYSTEM32\ColorAdapterClient.dll
0x00007fff685a0000 - 0x00007fff685e3000 	C:\WINDOWS\SYSTEM32\icm32.dll
0x00007fff67390000 - 0x00007fff673d2000 	C:\Users\ervin_1nmnhvl\AppData\Local\Temp\jna-2118671535\jna2912647691859354916.dll
0x00007fff881d0000 - 0x00007fff881ea000 	C:\save\modding\ervin_mod_1\build\natives\SAPIWrapper_x64.dll
0x00007fff998b0000 - 0x00007fff99958000 	C:\WINDOWS\System32\clbcatq.dll
0x00007fff5ae60000 - 0x00007fff5afe4000 	C:\WINDOWS\System32\Speech\Common\sapi.dll
0x00007fff826c0000 - 0x00007fff826de000 	C:\WINDOWS\SYSTEM32\MSACM32.dll
0x00007fff91f30000 - 0x00007fff91f3b000 	C:\WINDOWS\SYSTEM32\msdmo.dll
0x00007fff88740000 - 0x00007fff88766000 	C:\WINDOWS\SYSTEM32\winmmbase.dll
0x00007fff86080000 - 0x00007fff86105000 	C:\WINDOWS\System32\MMDevApi.dll
0x00007fff5b0d0000 - 0x00007fff5b1e4000 	C:\Users\ERVIN_~1\AppData\Local\Temp\lwjglervin_1nmnhvl\3.2.2-build-10\OpenAL.dll
0x00007fff7cca0000 - 0x00007fff7ce20000 	C:\WINDOWS\SYSTEM32\AUDIOSES.DLL
0x00007fff97950000 - 0x00007fff9799b000 	C:\WINDOWS\SYSTEM32\powrprof.dll
0x00007fff977c0000 - 0x00007fff977d2000 	C:\WINDOWS\SYSTEM32\UMPDC.dll
0x00007fff95cf0000 - 0x00007fff95d04000 	C:\WINDOWS\SYSTEM32\resourcepolicyclient.dll
0x0000000072e80000 - 0x0000000073018000 	C:\Program Files (x86)\Minecraft\runtime\jre-x64\bin\awt.dll
0x00007fff95a40000 - 0x00007fff95ad0000 	C:\WINDOWS\SYSTEM32\apphelp.dll
0x00007fff8f3a0000 - 0x00007fff8f584000 	C:\WINDOWS\SYSTEM32\dbghelp.dll

VM Arguments:
jvm_args: -Dforge.logging.console.level=debug -Dforge.logging.markers=SCAN,REGISTRIES,REGISTRYDUMP -XX:HeapDumpPath=MojangTricksIntelDriversForPerformance_javaw.exe_minecraft.exe.heapdump -Dos.name=Windows 10 -Dos.version=10.0 -javaagent:C:\Users\ervin_1nmnhvl\AppData\Local\JetBrains\Toolbox\apps\IDEA-U\ch-0\202.6397.94\lib\idea_rt.jar=55045:C:\Users\ervin_1nmnhvl\AppData\Local\JetBrains\Toolbox\apps\IDEA-U\ch-0\202.6397.94\bin -Dfile.encoding=UTF-8 
java_command: net.minecraftforge.userdev.LaunchTesting
java_class_path (initial): C:\Program Files (x86)\Minecraft\runtime\jre-x64\lib\charsets.jar;C:\Program Files (x86)\Minecraft\runtime\jre-x64\lib\deploy.jar;C:\Program Files (x86)\Minecraft\runtime\jre-x64\lib\ext\access-bridge-64.jar;C:\Program Files (x86)\Minecraft\runtime\jre-x64\lib\ext\cldrdata.jar;C:\Program Files (x86)\Minecraft\runtime\jre-x64\lib\ext\dnsns.jar;C:\Program Files (x86)\Minecraft\runtime\jre-x64\lib\ext\jaccess.jar;C:\Program Files (x86)\Minecraft\runtime\jre-x64\lib\ext\jfxrt.jar;C:\Program Files (x86)\Minecraft\runtime\jre-x64\lib\ext\localedata.jar;C:\Program Files (x86)\Minecraft\runtime\jre-x64\lib\ext\nashorn.jar;C:\Program Files (x86)\Minecraft\runtime\jre-x64\lib\ext\sunec.jar;C:\Program Files (x86)\Minecraft\runtime\jre-x64\lib\ext\sunjce_provider.jar;C:\Program Files (x86)\Minecraft\runtime\jre-x64\lib\ext\sunmscapi.jar;C:\Program Files (x86)\Minecraft\runtime\jre-x64\lib\ext\sunpkcs11.jar;C:\Program Files (x86)\Minecraft\runtime\jre-x64\lib\ext\zipfs.jar;C:\Program Files (x86)\Minecraft\runtime\jre-x64\lib\javaws.jar;C:\Program Files (x86)\Minecraft\runtime\jre-x64\lib\jce.jar;C:\Program Files (x86)\Minecraft\runtime\jre-x64\lib\jfr.jar;C:\Program Files (x86)\Minecraft\runtime\jre-x64\lib\jfxswt.jar;C:\Program Files (x86)\Minecraft\runtime\jre-x64\lib\jsse.jar;C:\Program Files (x86)\Minecraft\runtime\jre-x64\lib\management-agent.jar;C:\Program Files (x86)\Minecraft\runtime\jre-x64\lib\plugin.jar;C:\Program Files (x86)\Minecraft\runtime\jre-x64\lib\resources.jar;C:\Program Files (x86)\Minecraft\runtime\jre-x64\lib\rt.jar;C:\save\modding\ervin_mod_1\build\classes\java\main;C:\save\modding\ervin_mod_1\build\resources\main;C:\Users\ervin_1nmnhvl\.gradle\caches\forge_gradle\minecraft_user_repo\net\minecraftforge\forge\1.15.2-31.1.9_mapped_snapshot_20200427-1.15.1\forge-1.15.2-31.1.9_mapped_snapshot_20200427-1.15.1-recomp.jar;C:\Users\ervin_1nmnhvl\.gradle\caches\forge_gradle\minecraft_user_repo\net\minecraftforge\forge\1.15.2-31.1.9_map
Launcher Type: SUN_STANDARD

Environment Variables:
JAVA_HOME=C:\Program Files\Java\jdk-11.0.4
PATH=C:\Program Files\Docker\Docker\Resources\bin;C:\ProgramData\Oracle\Java\javapath;C:\WINDOWS\system32;C:\WINDOWS;C:\WINDOWS\System32\Wbem;C:\WINDOWS\System32\WindowsPowerShell\v1.0\;C:\Program Files (x86)\cloudControl;C:\Program Files\Git\cmd;C:\bin;C:\Program Files (x86)\Windows Kits\8.1\Windows Performance Toolkit\;C:\Program Files (x86)\PuTTY\;C:\Program Files (x86)\Nodist\bin;G:\save\sdk\android\tools;G:\save\sdk\android\platform-tools;C:\boxfuse;C:\Program Files (x86)\Skype\Phone\;C:\Program Files (x86)\GtkSharp\2.12\bin;C:\Program Files (x86)\IVI Foundation\VISA\WinNT\Bin;C:\WINDOWS\system32;C:\WINDOWS;C:\WINDOWS\System32\Wbem;C:\WINDOWS\System32\WindowsPowerShell\v1.0\;;C:\WINDOWS\System32\OpenSSH\;C:\Users\ervin_1nmnhvl\AppData\Local\Microsoft\WindowsApps;
USERNAME=ervin_1nmnhvl
OS=Windows_NT
PROCESSOR_IDENTIFIER=Intel64 Family 6 Model 42 Stepping 7, GenuineIntel



---------------  S Y S T E M  ---------------

OS: Windows 10.0 , 64 bit Build 19041 (10.0.19041.292)

CPU:total 4 (2 cores per cpu, 2 threads per core) family 6 model 42 stepping 7, cmov, cx8, fxsr, mmx, sse, sse2, sse3, ssse3, sse4.1, sse4.2, popcnt, avx, aes, clmul, ht, tsc, tscinvbit

Memory: 4k page, physical 8266764k(314916k free), swap 10363916k(6380k free)

vm_info: Java HotSpot(TM) 64-Bit Server VM (25.51-b03) for windows-amd64 JRE (1.8.0_51-b16), built on Jun  8 2015 18:03:07 by "java_re" with MS VC++ 10.0 (VS2010)

time: Mon Aug 24 12:55:46 2020
elapsed time: 1106 seconds (0d 0h 18m 26s)

