JvmtiExport can_access_local_variables 0
JvmtiExport can_hotswap_or_post_breakpoint 0
JvmtiExport can_post_on_exceptions 0
# 174 ciObject found
ciMethod java/lang/String charAt (I)C 4097 1 2024895 0 128
ciMethod java/lang/String equals (Ljava/lang/Object;)Z 20857 25457 15115 0 -1
ciMethod java/lang/String lastIndexOf (I)I 3073 1 62535 0 288
ciMethod java/lang/String lastIndexOf (II)I 1633 172033 976 0 320
ciMethod java/lang/String lastIndexOfSupplementary (II)I 0 0 1 0 -1
ciMethod java/lang/Class isAssignableFrom (Ljava/lang/Class;)Z 2057 1 257 0 -1
ciMethod java/lang/Class isInterface ()Z 3073 1 384 0 -1
ciMethod java/lang/Class isArray ()Z 2049 1 256 0 -1
ciMethod java/lang/Class isPrimitive ()Z 2049 1 256 0 -1
ciMethod java/lang/Class getName ()Ljava/lang/String; 2057 1 80173 0 96
ciMethod java/lang/Class getName0 ()Ljava/lang/String; 2089 1 261 0 -1
ciMethod java/lang/Class getClassLoader ()Ljava/lang/ClassLoader; 2113 1 18612 0 0
ciMethod java/lang/Class getClassLoader0 ()Ljava/lang/ClassLoader; 1025 1 128 0 0
ciMethod java/lang/Class getModifiers ()I 2057 1 257 0 -1
ciMethod java/lang/ClassLoader checkClassLoaderPermission (Ljava/lang/ClassLoader;Ljava/lang/Class;)V 0 0 1 0 -1
ciMethod java/lang/System getSecurityManager ()Ljava/lang/SecurityManager; 4097 1 74085 0 0
ciMethod java/lang/invoke/MemberName getDeclaringClass ()Ljava/lang/Class; 1297 1 162 0 0
ciMethod java/lang/invoke/MemberName getName ()Ljava/lang/String; 2049 1 11123 0 0
ciMethod java/lang/invoke/MemberName getModifiers ()I 2049 1 4788 0 0
ciMethod java/lang/invoke/MemberName referenceKindIsConsistentWith (I)Z 0 0 1 0 -1
ciMethod java/lang/invoke/MemberName isField ()Z 2057 1 3602 0 -1
ciMethod java/lang/invoke/MemberName expandFromVM ()V 289 1 36 0 -1
ciMethod java/lang/invoke/MemberName toString ()Ljava/lang/String; 17 1 2 0 -1
ciMethod java/lang/invoke/MemberName makeAccessException (Ljava/lang/String;Ljava/lang/Object;)Ljava/lang/IllegalAccessException; 0 0 1 0 0
ciMethod java/lang/invoke/MethodHandleNatives refKindIsValid (I)Z 0 0 1 0 -1
ciMethod java/lang/invoke/MethodHandleNatives refKindIsField (B)Z 81 1 11961 0 -1
ciMethod java/lang/invoke/MethodHandleNatives refKindIsGetter (B)Z 41 1 1062 0 -1
ciMethod java/lang/invoke/MethodHandleNatives refKindIsSetter (B)Z 0 0 51 0 0
ciMethod java/lang/StringBuilder <init> ()V 4097 1 80126 0 -1
ciMethod java/lang/StringBuilder append (Ljava/lang/Object;)Ljava/lang/StringBuilder; 1065 1 11581 0 -1
ciMethod java/lang/StringBuilder append (Ljava/lang/String;)Ljava/lang/StringBuilder; 4097 1 255524 0 -1
ciMethod java/lang/StringBuilder toString ()Ljava/lang/String; 4097 1 96028 0 -1
ciMethod java/lang/Math min (II)I 16417 1 312843 0 -1
ciMethod sun/reflect/Reflection getCallerClass ()Ljava/lang/Class; 2049 1 256 0 -1
ciMethod sun/reflect/Reflection getClassAccessFlags (Ljava/lang/Class;)I 2049 1 256 0 -1
ciMethod java/lang/reflect/Modifier isPublic (I)Z 385 1 29886 0 32
ciMethod java/lang/reflect/Modifier isProtected (I)Z 2057 1 10515 0 0
ciMethod java/lang/reflect/Modifier isFinal (I)Z 2049 1 9919 0 0
ciMethodData java/lang/String charAt (I)C 2 2024895 orig 264 136 112 148 112 0 0 0 0 128 61 131 22 0 0 0 0 120 1 0 0 32 0 0 0 0 0 0 0 0 0 0 0 0 0 0 0 0 0 0 0 0 0 0 0 0 0 0 0 0 0 0 0 0 0 0 0 0 0 0 0 0 0 0 0 0 0 0 0 0 0 0 0 0 0 0 0 0 0 0 0 77 68 79 32 101 120 116 114 97 32 100 97 116 97 32 108 111 99 107 0 0 0 0 0 0 0 0 0 0 0 0 0 0 0 0 0 0 0 0 0 0 0 0 0 0 0 0 0 0 0 0 0 0 0 0 0 0 0 0 0 0 0 0 0 0 0 0 0 0 0 0 0 0 0 0 0 0 0 0 0 0 0 0 1 0 0 0 0 0 0 0 0 0 0 0 0 0 0 0 0 0 0 0 0 25 0 0 0 0 0 0 0 0 0 0 0 0 0 0 0 1 0 0 0 0 0 0 0 0 0 0 0 0 0 0 0 0 2 0 0 249 29 247 0 1 0 0 0 0 0 0 0 0 0 0 0 2 0 0 0 0 0 0 0 0 0 0 0 80 0 0 0 255 255 255 255 7 0 1 0 0 0 0 0 data 10 0x10007 0x0 0x40 0x1ee3c8 0xa0007 0x1ee3ca 0x30 0x0 0x120002 0x0 oops 0
ciMethodData java/lang/System getSecurityManager ()Ljava/lang/SecurityManager; 2 74085 orig 264 136 112 148 112 0 0 0 0 144 150 132 22 0 0 0 0 24 1 0 0 0 0 0 0 0 0 0 0 0 0 0 0 0 0 0 0 0 0 0 0 0 0 0 0 0 0 0 0 0 0 0 0 0 0 0 0 0 0 0 0 0 0 0 0 0 0 0 0 0 0 0 0 0 0 0 0 0 0 0 0 77 68 79 32 101 120 116 114 97 32 100 97 116 97 32 108 111 99 107 0 0 0 0 0 0 0 0 0 0 0 0 0 0 0 0 0 0 0 0 0 0 0 0 0 0 0 0 0 0 0 0 0 0 0 0 0 0 0 0 0 0 0 0 0 0 0 0 0 0 0 0 0 0 0 0 0 0 0 0 0 0 0 0 0 0 0 0 0 0 0 0 0 0 0 0 0 0 0 0 0 0 0 0 0 0 0 0 0 0 0 0 0 0 0 0 0 0 0 0 0 0 0 0 0 0 0 0 0 0 0 0 0 0 0 0 0 0 2 0 0 41 251 8 0 1 0 0 0 0 0 0 0 0 0 0 0 2 0 0 0 0 0 3 0 1 0 0 0 0 0 0 0 255 255 255 255 0 0 0 0 0 0 0 0 data 0 oops 0
ciMethodData java/lang/String lastIndexOf (II)I 2 46271 orig 264 136 112 148 112 0 0 0 0 152 83 131 22 0 0 0 0 240 1 0 0 32 0 0 0 0 0 0 0 0 0 0 0 0 0 0 0 0 0 0 0 0 0 0 0 0 0 0 0 0 0 0 0 0 0 0 0 0 0 0 0 0 0 0 0 0 0 0 0 0 0 0 0 0 0 0 0 0 0 0 0 77 68 79 32 101 120 116 114 97 32 100 97 116 97 32 108 111 99 107 0 0 0 0 0 0 0 0 0 0 0 0 0 0 0 0 0 0 0 0 0 0 0 0 0 0 0 0 0 0 0 0 0 0 0 0 0 0 0 0 0 0 0 0 0 0 0 0 0 0 0 0 0 0 0 0 0 0 0 0 0 0 0 0 0 0 0 0 0 0 0 0 0 0 0 0 0 0 0 0 0 0 0 0 0 17 0 0 0 0 0 0 0 0 0 0 0 0 0 0 0 1 0 0 0 0 0 0 0 0 0 0 0 0 0 0 0 0 84 0 0 33 24 0 0 249 5 3 0 0 0 0 0 0 0 0 0 2 0 0 0 1 0 14 0 2 0 0 0 152 0 0 0 255 255 255 255 7 0 3 0 0 0 0 0 data 19 0x30007 0x0 0x88 0x304 0x100002 0x304 0x170007 0x59 0x58 0x62c7 0x1f0007 0x601c 0x20 0x2ab 0x280003 0x601c 0xffffffffffffffc0 0x300002 0x0 oops 0
ciMethod java/lang/invoke/MethodHandles$Lookup fixmods (I)I 1713 1 3226 0 0
ciMethod java/lang/invoke/MethodHandles$Lookup lookupClass ()Ljava/lang/Class; 1025 1 128 0 0
ciMethod java/lang/invoke/MethodHandles$Lookup checkAccess (BLjava/lang/Class;Ljava/lang/invoke/MemberName;)V 3073 1 5504 0 -1
ciMethod java/lang/invoke/MethodHandles$Lookup accessFailedMessage (Ljava/lang/Class;Ljava/lang/invoke/MemberName;)Ljava/lang/String; 0 0 1 0 -1
ciMethod sun/invoke/util/VerifyAccess isMemberAccessible (Ljava/lang/Class;Ljava/lang/Class;ILjava/lang/Class;I)Z 1713 1 3227 0 0
ciMethod sun/invoke/util/VerifyAccess isRelatedClass (Ljava/lang/Class;Ljava/lang/Class;)Z 0 0 1 0 0
ciMethod sun/invoke/util/VerifyAccess isSubClass (Ljava/lang/Class;Ljava/lang/Class;)Z 0 0 1 0 0
ciMethod sun/invoke/util/VerifyAccess getClassModifiers (Ljava/lang/Class;)I 2057 1 6404 0 0
ciMethod sun/invoke/util/VerifyAccess isClassAccessible (Ljava/lang/Class;Ljava/lang/Class;I)Z 2049 1 6406 0 1568
ciMethod sun/invoke/util/VerifyAccess isSamePackage (Ljava/lang/Class;Ljava/lang/Class;)Z 2121 23681 3418 0 1408
ciMethodData java/lang/String lastIndexOf (I)I 2 62535 orig 264 136 112 148 112 0 0 0 0 200 82 131 22 0 0 0 0 128 1 0 0 0 0 0 0 0 0 0 0 0 0 0 0 0 0 0 0 0 0 0 0 0 0 0 0 0 0 0 0 0 0 0 0 0 0 0 0 0 0 0 0 0 0 0 0 0 0 0 0 0 0 0 0 0 0 0 0 0 0 0 0 77 68 79 32 101 120 116 114 97 32 100 97 116 97 32 108 111 99 107 0 0 0 0 0 0 0 0 0 0 0 0 0 0 0 0 0 0 0 0 0 0 0 0 0 0 0 0 0 0 0 0 0 0 0 0 0 0 0 0 0 0 0 0 0 0 0 0 0 0 0 0 0 0 0 0 0 0 0 0 0 0 0 0 0 0 0 0 0 0 0 0 0 0 0 0 0 0 0 0 0 0 0 0 0 0 0 0 0 0 0 0 0 0 0 0 0 0 0 0 0 0 0 0 0 0 0 0 0 0 0 0 0 0 0 0 0 128 1 0 0 57 150 7 0 1 0 0 0 0 0 0 0 0 0 0 0 2 0 0 0 0 0 3 0 2 0 0 0 48 0 0 0 255 255 255 255 5 0 9 0 0 0 0 0 data 6 0x90005 0x0 0x171e92d0 0xf2c6 0x0 0x0 oops 1 2 java/lang/String
ciMethodData java/lang/Class getName ()Ljava/lang/String; 2 80176 orig 264 136 112 148 112 0 0 0 0 40 200 131 22 0 0 0 0 80 1 0 0 0 0 0 0 0 0 0 0 0 0 0 0 0 0 0 0 0 0 0 0 0 0 0 0 0 0 0 0 0 0 0 0 0 0 0 0 0 0 0 0 0 0 0 0 0 0 0 0 0 0 0 0 0 0 0 0 0 0 0 0 77 68 79 32 101 120 116 114 97 32 100 97 116 97 32 108 111 99 107 0 0 0 0 0 0 0 0 0 0 0 0 0 0 0 0 0 0 0 0 0 0 0 0 0 0 0 0 0 0 0 0 0 0 0 0 0 0 0 0 0 0 0 0 0 0 0 0 0 0 0 0 0 0 0 0 0 0 0 0 0 0 0 0 0 0 0 0 0 0 0 0 0 0 0 0 0 0 0 0 0 0 0 0 0 0 0 0 0 0 0 0 0 0 0 0 0 0 0 0 0 0 0 0 0 0 0 0 0 0 0 0 0 0 0 0 0 1 1 0 0 121 193 9 0 1 0 0 0 0 0 0 0 0 0 0 0 2 0 0 0 0 0 6 0 2 0 0 0 48 0 0 0 255 255 255 255 7 0 6 0 0 0 0 0 data 6 0x60007 0x13421 0x30 0x40f 0xb0002 0x410 oops 0
ciMethodData java/lang/Class getClassLoader ()Ljava/lang/ClassLoader; 2 18612 orig 264 136 112 148 112 0 0 0 0 120 201 131 22 0 0 0 0 232 1 0 0 80 0 0 0 0 0 0 0 0 0 0 0 0 0 0 0 0 0 0 0 0 0 0 0 0 0 0 0 0 0 0 0 0 0 0 0 0 0 0 0 0 0 0 0 0 0 0 0 0 0 0 0 0 0 0 0 0 0 0 0 77 68 79 32 101 120 116 114 97 32 100 97 116 97 32 108 111 99 107 0 0 0 0 0 0 0 0 0 0 0 0 0 0 0 0 0 0 0 0 0 0 0 0 0 0 0 0 0 0 0 0 0 0 0 0 0 0 0 0 0 0 0 0 0 0 0 0 0 0 0 0 0 0 0 0 0 0 0 0 0 0 0 0 0 0 0 0 0 0 0 0 0 0 0 0 0 0 0 0 0 0 0 0 0 0 0 0 0 0 0 0 0 0 0 0 0 0 0 0 0 0 0 0 0 0 0 0 0 0 0 0 0 0 0 0 0 8 1 0 0 97 61 2 0 1 0 0 0 0 0 0 0 0 0 0 0 2 0 0 0 1 0 30 0 2 0 0 0 160 0 0 0 255 255 255 255 5 0 1 0 0 0 0 0 data 20 0x10005 0x8 0x171e9360 0x47a4 0x0 0x0 0x60007 0x1798 0x20 0x3014 0xb0002 0x1798 0x100007 0x1798 0x40 0x0 0x140002 0x0 0x170002 0x0 oops 1 2 java/lang/Class
ciMethodData sun/invoke/util/VerifyAccess isSamePackage (Ljava/lang/Class;Ljava/lang/Class;)Z 2 17050 orig 264 136 112 148 112 0 0 0 0 80 233 181 22 0 0 0 0 88 4 0 0 48 2 0 0 0 0 0 0 0 0 0 0 0 0 0 0 0 0 0 0 0 0 0 0 0 0 0 0 0 0 0 0 0 0 0 0 0 0 0 0 0 0 0 0 0 0 0 0 0 0 0 0 0 0 0 0 0 0 0 0 77 68 79 32 101 120 116 114 97 32 100 97 116 97 32 108 111 99 107 0 0 0 0 0 0 0 0 0 0 0 0 0 0 0 0 0 0 0 0 0 0 0 0 0 0 0 0 0 0 0 0 0 0 0 0 0 0 0 0 0 0 0 0 0 0 0 0 0 0 0 0 0 0 0 0 0 0 0 0 0 0 0 0 0 0 0 0 0 0 0 0 0 0 0 0 0 0 0 0 0 0 0 0 0 0 0 0 0 0 0 0 0 0 0 0 0 0 0 0 0 0 0 0 0 0 0 0 0 0 0 0 0 0 0 0 0 144 11 0 0 137 98 0 0 81 184 1 0 0 0 0 0 0 0 0 0 2 0 0 0 3 0 91 0 2 0 0 0 8 3 0 0 255 255 255 255 7 0 3 0 0 0 0 0 data 97 0x30007 0xc51 0xd0 0x0 0x70005 0x0 0x0 0x0 0x0 0x0 0xa0007 0x0 0x70 0x0 0xe0005 0x0 0x0 0x0 0x0 0x0 0x110007 0x0 0x30 0x0 0x180002 0x0 0x1e0007 0x9db 0x20 0x276 0x240005 0x45 0x171e9360 0x996 0x0 0x0 0x280005 0x45 0x171e9360 0x996 0x0 0x0 0x2b0007 0x426 0x20 0x5b5 0x310005 0x45 0x171e9360 0x3e1 0x0 0x0 0x360005 0x45 0x171e9360 0x3e1 0x0 0x0 0x3d0005 0x45 0x171e92d0 0x3e1 0x0 0x0 0x470005 0x45 0x171e92d0 0x3e1 0x0 0x0 0x4a0007 0x36e 0x20 0xb8 0x560007 0x345 0xb8 0x3733 0x5c0005 0x410 0x171e92d0 0x3323 0x0 0x0 0x620005 0x410 0x171e92d0 0x3323 0x0 0x0 0x650007 0x370a 0x20 0x29 0x6d0003 0x370a 0xffffffffffffff60 oops 8 32 java/lang/Class 38 java/lang/Class 48 java/lang/Class 54 java/lang/Class 60 java/lang/String 66 java/lang/String 80 java/lang/String 86 java/lang/String
ciMethodData java/lang/reflect/Modifier isPublic (I)Z 2 29886 orig 264 136 112 148 112 0 0 0 0 16 168 147 22 0 0 0 0 88 1 0 0 0 0 0 0 0 0 0 0 0 0 0 0 0 0 0 0 0 0 0 0 0 0 0 0 0 0 0 0 0 0 0 0 0 0 0 0 0 0 0 0 0 0 0 0 0 0 0 0 0 0 0 0 0 0 0 0 0 0 0 0 77 68 79 32 101 120 116 114 97 32 100 97 116 97 32 108 111 99 107 0 0 0 0 0 0 0 0 0 0 0 0 0 0 0 0 0 0 0 0 0 0 0 0 0 0 0 0 0 0 0 0 0 0 0 0 0 0 0 0 0 0 0 0 0 0 0 0 0 0 0 0 0 0 0 0 0 0 0 0 0 0 0 0 0 0 0 0 0 0 0 0 0 0 0 0 0 0 0 0 0 0 0 0 0 0 0 0 0 0 0 0 0 0 0 0 0 0 0 0 0 0 0 0 0 0 0 0 0 0 0 0 0 0 0 0 0 48 0 0 0 113 164 3 0 1 0 0 0 0 0 0 0 0 0 0 0 2 0 0 0 0 0 6 0 2 0 0 0 56 0 0 0 255 255 255 255 7 0 3 0 0 0 0 0 data 7 0x30007 0x17ac 0x38 0x5ce2 0x70003 0x5ce2 0x18 oops 0
ciMethodData java/lang/reflect/Modifier isFinal (I)Z 2 9919 orig 264 136 112 148 112 0 0 0 0 128 170 147 22 0 0 0 0 88 1 0 0 0 0 0 0 0 0 0 0 0 0 0 0 0 0 0 0 0 0 0 0 0 0 0 0 0 0 0 0 0 0 0 0 0 0 0 0 0 0 0 0 0 0 0 0 0 0 0 0 0 0 0 0 0 0 0 0 0 0 0 0 77 68 79 32 101 120 116 114 97 32 100 97 116 97 32 108 111 99 107 0 0 0 0 0 0 0 0 0 0 0 0 0 0 0 0 0 0 0 0 0 0 0 0 0 0 0 0 0 0 0 0 0 0 0 0 0 0 0 0 0 0 0 0 0 0 0 0 0 0 0 0 0 0 0 0 0 0 0 0 0 0 0 0 0 0 0 0 0 0 0 0 0 0 0 0 0 0 0 0 0 0 0 0 0 0 0 0 0 0 0 0 0 0 0 0 0 0 0 0 0 0 0 0 0 0 0 0 0 0 0 0 0 0 0 0 0 0 1 0 0 249 45 1 0 1 0 0 0 0 0 0 0 0 0 0 0 2 0 0 0 0 0 6 0 2 0 0 0 56 0 0 0 255 255 255 255 7 0 4 0 0 0 0 0 data 7 0x40007 0x1229 0x38 0x1396 0x80003 0x1396 0x18 oops 0
ciMethodData sun/invoke/util/VerifyAccess isClassAccessible (Ljava/lang/Class;Ljava/lang/Class;I)Z 2 6406 orig 264 136 112 148 112 0 0 0 0 104 230 181 22 0 0 0 0 120 2 0 0 176 0 0 0 0 0 0 0 0 0 0 0 0 0 0 0 0 0 0 0 0 0 0 0 0 0 0 0 0 0 0 0 0 0 0 0 0 0 0 0 0 0 0 0 0 0 0 0 0 0 0 0 0 0 0 0 0 0 0 0 77 68 79 32 101 120 116 114 97 32 100 97 116 97 32 108 111 99 107 0 0 0 0 0 0 0 0 0 0 0 0 0 0 0 0 0 0 0 0 0 0 0 0 0 0 0 0 0 0 0 0 0 0 0 0 0 0 0 0 0 0 0 0 0 0 0 0 0 0 0 0 0 0 0 0 0 0 0 0 0 0 0 0 0 0 0 0 0 0 0 0 0 0 0 0 0 0 0 0 0 0 0 0 0 0 0 0 0 0 0 0 0 0 0 0 0 0 0 0 0 0 0 0 0 0 0 0 0 0 0 0 0 0 0 0 0 0 1 0 0 49 192 0 0 1 0 0 0 0 0 0 0 0 0 0 0 2 0 0 0 0 0 23 0 2 0 0 0 32 1 0 0 255 255 255 255 7 0 1 0 0 0 0 0 data 36 0x10007 0x1804 0x20 0x0 0x90007 0x1805 0x70 0x0 0xf0007 0x0 0x40 0x0 0x160007 0x0 0x30 0x0 0x1d0002 0x0 0x220002 0x1804 0x270002 0x1808 0x2a0007 0x48b 0x20 0x137b 0x330007 0x0 0x50 0x48b 0x380002 0x48b 0x3b0007 0x0 0x20 0x48b oops 0
ciMethodData sun/invoke/util/VerifyAccess getClassModifiers (Ljava/lang/Class;)I 2 6404 orig 264 136 112 148 112 0 0 0 0 136 229 181 22 0 0 0 0 40 2 0 0 160 0 0 0 0 0 0 0 0 0 0 0 0 0 0 0 0 0 0 0 0 0 0 0 0 0 0 0 0 0 0 0 0 0 0 0 0 0 0 0 0 0 0 0 0 0 0 0 0 0 0 0 0 0 0 0 0 0 0 0 77 68 79 32 101 120 116 114 97 32 100 97 116 97 32 108 111 99 107 0 0 0 0 0 0 0 0 0 0 0 0 0 0 0 0 0 0 0 0 0 0 0 0 0 0 0 0 0 0 0 0 0 0 0 0 0 0 0 0 0 0 0 0 0 0 0 0 0 0 0 0 0 0 0 0 0 0 0 0 0 0 0 0 0 0 0 0 0 0 0 0 0 0 0 0 0 0 0 0 0 0 0 0 0 0 0 0 0 0 0 0 0 0 0 0 0 0 0 0 0 0 0 0 0 0 0 0 0 0 0 0 0 0 0 0 0 1 1 0 0 25 192 0 0 1 0 0 0 0 0 0 0 0 0 0 0 2 0 0 0 0 0 8 0 2 0 0 0 224 0 0 0 255 255 255 255 5 0 1 0 0 0 0 0 data 28 0x10005 0x0 0x171e9360 0x1803 0x0 0x0 0x40007 0x0 0x70 0x1806 0x80005 0x0 0x171e9360 0x1804 0x0 0x0 0xb0007 0x1803 0x50 0x0 0xf0005 0x0 0x0 0x0 0x0 0x0 0x140002 0x1805 oops 2 2 java/lang/Class 12 java/lang/Class
ciMethodData java/lang/invoke/MemberName getModifiers ()I 2 4788 orig 264 136 112 148 112 0 0 0 0 208 130 136 22 0 0 0 0 32 1 0 0 0 0 0 0 0 0 0 0 0 0 0 0 0 0 0 0 0 0 0 0 0 0 0 0 0 0 0 0 0 0 0 0 0 0 0 0 0 0 0 0 0 0 0 0 0 0 0 0 0 0 0 0 0 0 0 0 0 0 0 0 77 68 79 32 101 120 116 114 97 32 100 97 116 97 32 108 111 99 107 0 0 0 0 0 0 0 0 0 0 0 0 0 0 0 0 0 0 0 0 0 0 0 0 0 0 0 0 0 0 0 0 0 0 0 0 0 0 0 0 0 0 0 0 0 0 0 0 0 0 0 0 0 0 0 0 0 0 0 0 0 0 0 0 0 0 0 0 0 0 0 0 0 0 0 0 0 0 0 0 0 0 0 0 0 0 0 0 0 0 0 0 0 0 0 0 0 0 0 0 0 0 0 0 0 0 0 0 0 0 0 0 0 0 0 0 0 0 1 0 0 161 141 0 0 1 0 0 0 0 0 0 0 0 0 0 0 2 0 0 0 0 0 3 0 1 0 0 0 0 0 0 0 255 255 255 255 0 0 0 0 0 0 0 0 data 0 oops 0
ciMethodData java/lang/invoke/MethodHandles$Lookup checkAccess (BLjava/lang/Class;Ljava/lang/invoke/MemberName;)V 2 5504 orig 264 136 112 148 112 0 0 0 0 40 117 180 22 0 0 0 0 176 7 0 0 208 5 0 0 0 0 0 0 0 0 0 0 0 0 0 0 0 0 0 0 0 0 0 0 0 0 0 0 0 0 0 0 0 0 0 0 0 0 0 0 0 0 0 0 0 0 0 0 0 0 0 0 0 0 0 0 0 0 0 0 77 68 79 32 101 120 116 114 97 32 100 97 116 97 32 108 111 99 107 0 0 0 0 0 0 0 0 0 0 0 0 0 0 0 0 0 0 0 0 0 0 0 0 0 0 0 0 0 0 0 0 0 0 0 0 0 0 0 0 0 0 0 0 0 0 0 0 0 0 0 0 0 0 0 0 0 0 0 0 0 0 0 0 0 0 0 0 0 0 0 0 0 0 0 0 0 0 0 0 0 0 0 0 0 0 0 0 0 0 0 0 0 0 0 0 0 0 0 0 0 0 0 0 0 0 0 0 0 0 0 0 0 0 0 0 0 128 1 0 0 1 160 0 0 1 0 0 0 0 0 0 0 0 0 0 0 2 0 0 0 0 0 91 0 2 0 0 0 80 6 0 0 255 255 255 255 7 0 3 0 0 0 0 0 data 202 0x30007 0x13fe 0x110 0x0 0x80005 0x0 0x0 0x0 0x0 0x0 0xb0007 0x0 0xb0 0x0 0xf0002 0x0 0x120007 0x0 0x80 0x0 0x160002 0x0 0x1a0005 0x0 0x0 0x0 0x0 0x0 0x1d0007 0x0 0x30 0x0 0x240002 0x0 0x310007 0x119c 0x20 0x263 0x360005 0x0 0x18b10b60 0x119c 0x0 0x0 0x3d0002 0x119c 0x400007 0x1172 0x160 0x2a 0x450007 0x17 0x140 0x13 0x490005 0x0 0x18b10b60 0x13 0x0 0x0 0x4e0007 0x13 0xf0 0x0 0x520005 0x0 0x0 0x0 0x0 0x0 0x570005 0x0 0x0 0x0 0x0 0x0 0x5a0007 0x0 0x70 0x0 0x5e0005 0x0 0x0 0x0 0x0 0x0 0x610007 0x0 0x20 0x0 0x6c0002 0x119b 0x6f0007 0x1173 0x40 0x2a 0x750007 0x28 0x20 0x2 0x800002 0x119c 0x830007 0x1189 0x80 0x13 0x870002 0x13 0x8a0007 0x13 0x50 0x0 0x910005 0x0 0x0 0x0 0x0 0x0 0x970002 0x119b 0x9a0007 0x9e3 0xa0 0x7ba 0x9e0005 0x0 0x171e9360 0x7ba 0x0 0x0 0xa10002 0x7b9 0xa40007 0x1e2 0x40 0x5d8 0xa90007 0x0 0x20 0x5d8 0xaf0002 0xbc4 0xb90007 0x0 0xb0 0xbc4 0xbe0005 0x0 0x18b10b60 0xbc5 0x0 0x0 0xc40005 0x0 0x21ac4ff0 0xbc4 0x0 0x0 0xc90002 0xbc4 0xcc0007 0x0 0xf0 0xbc4 0xd40007 0x0 0xd0 0x0 0xdc0007 0x0 0xb0 0x0 0xe00005 0x0 0x0 0x0 0x0 0x0 0xe40005 0x0 0x0 0x0 0x0 0x0 0xe70002 0x0 0xea0007 0x0 0x20 0x0 0xf20005 0x0 0x0 0x0 0x0 0x0 0xf60005 0x0 0x0 0x0 0x0 0x0 oops 5 40 java/lang/invoke/MemberName 56 java/lang/invoke/MemberName 126 java/lang/Class 148 java/lang/invoke/MemberName 154 java/lang/invoke/MethodHandles$Lookup
ciMethodData java/lang/invoke/MethodHandles$Lookup fixmods (I)I 2 3227 orig 264 136 112 148 112 0 0 0 0 112 86 180 22 0 0 0 0 88 1 0 0 0 0 0 0 0 0 0 0 0 0 0 0 0 0 0 0 0 0 0 0 0 0 0 0 0 0 0 0 0 0 0 0 0 0 0 0 0 0 0 0 0 0 0 0 0 0 0 0 0 0 0 0 0 0 0 0 0 0 0 0 77 68 79 32 101 120 116 114 97 32 100 97 116 97 32 108 111 99 107 0 0 0 0 0 0 0 0 0 0 0 0 0 0 0 0 0 0 0 0 0 0 0 0 0 0 0 0 0 0 0 0 0 0 0 0 0 0 0 0 0 0 0 0 0 0 0 0 0 0 0 0 0 0 0 0 0 0 0 0 0 0 0 0 0 0 0 0 0 0 0 0 0 0 0 0 0 0 0 0 0 0 0 0 0 0 0 0 0 0 0 0 0 0 0 0 0 0 0 0 0 0 0 0 0 0 0 0 0 0 0 0 0 0 0 0 0 214 0 0 0 41 94 0 0 1 0 0 0 0 0 0 0 0 0 0 0 2 0 0 0 0 0 0 0 0 0 0 0 56 0 0 0 255 255 255 255 7 0 6 0 0 0 0 0 data 7 0x60007 0x2f 0x38 0xb96 0xa0003 0xb96 0x18 oops 0
ciMethodData sun/invoke/util/VerifyAccess isMemberAccessible (Ljava/lang/Class;Ljava/lang/Class;ILjava/lang/Class;I)Z 2 3228 orig 264 136 112 148 112 0 0 0 0 128 227 181 22 0 0 0 0 16 6 0 0 208 3 0 0 0 0 0 0 0 0 0 0 0 0 0 0 0 0 0 0 0 0 0 0 0 0 0 0 0 0 0 0 0 0 0 0 0 0 0 0 0 0 0 0 0 0 0 0 0 0 0 0 0 0 0 0 0 0 0 0 77 68 79 32 101 120 116 114 97 32 100 97 116 97 32 108 111 99 107 0 0 0 0 0 0 0 0 0 0 0 0 0 0 0 0 0 0 0 0 0 0 0 0 0 0 0 0 0 0 0 0 0 0 0 0 0 0 0 0 0 0 0 0 0 0 0 0 0 0 0 0 0 0 0 0 0 0 0 0 0 0 0 0 0 0 0 0 0 0 0 0 0 0 0 0 0 0 0 0 0 0 0 0 0 0 0 0 0 0 0 0 0 0 0 0 0 0 0 0 0 0 0 0 0 0 0 0 0 0 0 0 0 0 0 0 0 214 0 0 0 49 94 0 0 1 0 0 0 0 0 0 0 0 0 0 0 2 0 0 0 0 0 74 0 2 0 0 0 168 4 0 0 255 255 255 255 7 0 2 0 0 0 0 0 data 149 0x20007 0xbc5 0x20 0x0 0xa0007 0xbc5 0x70 0x0 0x110007 0x0 0x40 0x0 0x190007 0x0 0x30 0x0 0x200002 0x0 0x280002 0xbc5 0x2b0007 0xbc6 0x20 0x0 0x320007 0x38 0x40 0xb8d 0x390007 0x0 0x20 0xb8e 0x420008 0xc 0x0 0x2e8 0x8 0x200 0x2 0x70 0x0 0x2e8 0x0 0x2e8 0x2 0x70 0x690007 0x16 0x80 0x0 0x6d0005 0x0 0x0 0x0 0x0 0x0 0x700007 0x0 0x30 0x0 0x770002 0x0 0x800007 0x0 0x50 0x16 0x850002 0x16 0x880007 0x0 0x20 0x16 0x910007 0x0 0x20 0x0 0x9a0007 0x0 0x50 0x0 0x9f0002 0x0 0xa20007 0x0 0x20 0x0 0xab0007 0x0 0x50 0x0 0xb00002 0x0 0xb30007 0x0 0x20 0x0 0xbd0007 0x18 0x80 0x0 0xc10005 0x0 0x0 0x0 0x0 0x0 0xc40007 0x0 0x30 0x0 0xcb0002 0x0 0xd40007 0x0 0x68 0x18 0xd90002 0x18 0xdc0007 0x0 0x38 0x18 0xe00003 0x18 0x18 0xef0002 0x0 0xf40005 0x0 0x0 0x0 0x0 0x0 0xf80002 0x0 0xfb0005 0x0 0x0 0x0 0x0 0x0 0xfe0005 0x0 0x0 0x0 0x0 0x0 0x1010002 0x0 oops 0
ciMethodData java/lang/reflect/Modifier isProtected (I)Z 2 10515 orig 264 136 112 148 112 0 0 0 0 64 169 147 22 0 0 0 0 88 1 0 0 0 0 0 0 0 0 0 0 0 0 0 0 0 0 0 0 0 0 0 0 0 0 0 0 0 0 0 0 0 0 0 0 0 0 0 0 0 0 0 0 0 0 0 0 0 0 0 0 0 0 0 0 0 0 0 0 0 0 0 0 77 68 79 32 101 120 116 114 97 32 100 97 116 97 32 108 111 99 107 0 0 0 0 0 0 0 0 0 0 0 0 0 0 0 0 0 0 0 0 0 0 0 0 0 0 0 0 0 0 0 0 0 0 0 0 0 0 0 0 0 0 0 0 0 0 0 0 0 0 0 0 0 0 0 0 0 0 0 0 0 0 0 0 0 0 0 0 0 0 0 0 0 0 0 0 0 0 0 0 0 0 0 0 0 0 0 0 0 0 0 0 0 0 0 0 0 0 0 0 0 0 0 0 0 0 0 0 0 0 0 0 0 0 0 0 0 1 1 0 0 145 64 1 0 1 0 0 0 0 0 0 0 0 0 0 0 2 0 0 0 0 0 6 0 2 0 0 0 56 0 0 0 255 255 255 255 7 0 3 0 0 0 0 0 data 7 0x30007 0x27ae 0x38 0x65 0x70003 0x65 0x18 oops 0
instanceKlass net/minecraft/world/biome/BiomeAmbience$$Lambda$1799
instanceKlass net/minecraft/world/biome/BiomeAmbience
instanceKlass net/minecraft/world/biome/Biome$$Lambda$1798
instanceKlass net/minecraft/world/biome/Biome$$Lambda$1797
instanceKlass net/minecraft/world/biome/Biome$$Lambda$1796
instanceKlass net/minecraft/world/biome/Biome$$Lambda$1795
instanceKlass net/minecraft/world/biome/Biome$$Lambda$1794
instanceKlass net/minecraft/world/biome/Biome$Category$$Lambda$1793
instanceKlass net/minecraft/world/biome/Biome$Category$$Lambda$1792
instanceKlass net/minecraft/world/biome/Biome$Category$$Lambda$1791
instanceKlass net/minecraft/world/biome/Biome$Category$$Lambda$1790
instanceKlass net/minecraft/world/biome/Biome$$Lambda$1789
instanceKlass net/minecraft/world/biome/Biome$RainType$$Lambda$1788
instanceKlass net/minecraft/world/biome/Biome$RainType$$Lambda$1787
instanceKlass net/minecraft/world/biome/Biome$RainType$$Lambda$1786
instanceKlass net/minecraft/world/biome/Biome$RainType$$Lambda$1785
instanceKlass net/minecraft/world/biome/Biome$$Lambda$1784
instanceKlass it/unimi/dsi/fastutil/longs/AbstractLong2FloatFunction
instanceKlass it/unimi/dsi/fastutil/longs/Long2FloatSortedMap
instanceKlass it/unimi/dsi/fastutil/longs/Long2FloatMap
instanceKlass it/unimi/dsi/fastutil/longs/Long2FloatFunction
instanceKlass java/util/function/LongToDoubleFunction
instanceKlass net/minecraft/world/biome/Biomes
instanceKlass net/minecraft/world/gen/placement/CaveEdgeConfig$$Lambda$1783
instanceKlass net/minecraft/world/gen/placement/CaveEdgeConfig$$Lambda$1782
instanceKlass net/minecraft/world/gen/placement/CaveEdgeConfig$$Lambda$1781
instanceKlass net/minecraft/world/gen/GenerationStage$Carving$$Lambda$1780
instanceKlass net/minecraft/world/gen/GenerationStage$Carving$$Lambda$1779
instanceKlass net/minecraft/world/gen/GenerationStage$Carving$$Lambda$1778
instanceKlass net/minecraft/world/gen/GenerationStage$Carving$$Lambda$1777
instanceKlass net/minecraft/world/gen/placement/CaveEdgeConfig$$Lambda$1776
instanceKlass net/minecraft/world/gen/placement/CaveEdgeConfig
instanceKlass net/minecraft/world/gen/placement/TopSolidWithNoiseConfig$$Lambda$1775
instanceKlass java/lang/invoke/LambdaForm$DMH
instanceKlass net/minecraft/world/gen/placement/TopSolidWithNoiseConfig$$Lambda$1774
instanceKlass net/minecraft/world/gen/placement/TopSolidWithNoiseConfig$$Lambda$1773
instanceKlass net/minecraft/world/gen/placement/TopSolidWithNoiseConfig$$Lambda$1772
instanceKlass net/minecraft/world/gen/placement/TopSolidWithNoiseConfig$$Lambda$1771
instanceKlass net/minecraft/world/gen/placement/TopSolidWithNoiseConfig$$Lambda$1770
instanceKlass net/minecraft/world/gen/placement/TopSolidWithNoiseConfig
instanceKlass net/minecraft/world/gen/placement/TopSolidRangeConfig$$Lambda$1769
instanceKlass java/lang/invoke/LambdaForm$DMH
instanceKlass net/minecraft/world/gen/placement/TopSolidRangeConfig$$Lambda$1768
instanceKlass net/minecraft/world/gen/placement/TopSolidRangeConfig$$Lambda$1767
instanceKlass net/minecraft/world/gen/placement/TopSolidRangeConfig$$Lambda$1766
instanceKlass net/minecraft/world/gen/placement/TopSolidRangeConfig
instanceKlass net/minecraft/world/gen/placement/DepthAverageConfig$$Lambda$1765
instanceKlass net/minecraft/world/gen/placement/DepthAverageConfig$$Lambda$1764
instanceKlass net/minecraft/world/gen/placement/DepthAverageConfig$$Lambda$1763
instanceKlass net/minecraft/world/gen/placement/DepthAverageConfig$$Lambda$1762
instanceKlass net/minecraft/world/gen/placement/DepthAverageConfig$$Lambda$1761
instanceKlass net/minecraft/world/gen/placement/DepthAverageConfig
instanceKlass net/minecraft/world/gen/placement/HeightWithChanceConfig$$Lambda$1760
instanceKlass java/lang/invoke/LambdaForm$DMH
instanceKlass net/minecraft/world/gen/placement/HeightWithChanceConfig$$Lambda$1759
instanceKlass net/minecraft/world/gen/placement/HeightWithChanceConfig$$Lambda$1758
instanceKlass net/minecraft/world/gen/placement/HeightWithChanceConfig$$Lambda$1757
instanceKlass net/minecraft/world/gen/placement/HeightWithChanceConfig
instanceKlass net/minecraft/world/gen/placement/ChanceRangeConfig$$Lambda$1756
instanceKlass java/lang/invoke/LambdaForm$DMH
instanceKlass net/minecraft/world/gen/placement/ChanceRangeConfig$$Lambda$1755
instanceKlass net/minecraft/world/gen/placement/ChanceRangeConfig$$Lambda$1754
instanceKlass net/minecraft/world/gen/placement/ChanceRangeConfig$$Lambda$1753
instanceKlass net/minecraft/world/gen/placement/ChanceRangeConfig$$Lambda$1752
instanceKlass net/minecraft/world/gen/placement/ChanceRangeConfig$$Lambda$1751
instanceKlass net/minecraft/world/gen/placement/ChanceRangeConfig
instanceKlass net/minecraft/world/gen/placement/CountRangeConfig$$Lambda$1750
instanceKlass net/minecraft/world/gen/placement/CountRangeConfig$$Lambda$1749
instanceKlass net/minecraft/world/gen/placement/CountRangeConfig$$Lambda$1748
instanceKlass net/minecraft/world/gen/placement/CountRangeConfig$$Lambda$1747
instanceKlass net/minecraft/world/gen/placement/CountRangeConfig$$Lambda$1746
instanceKlass net/minecraft/world/gen/placement/CountRangeConfig$$Lambda$1745
instanceKlass net/minecraft/world/gen/placement/CountRangeConfig
instanceKlass net/minecraft/world/gen/placement/AtSurfaceWithExtraConfig$$Lambda$1744
instanceKlass java/lang/invoke/LambdaForm$DMH
instanceKlass net/minecraft/world/gen/placement/AtSurfaceWithExtraConfig$$Lambda$1743
