JvmtiExport can_access_local_variables 0
JvmtiExport can_hotswap_or_post_breakpoint 0
JvmtiExport can_post_on_exceptions 0
# 501 ciObject found
ciMethod java/lang/Object <init> ()V 4097 1 4946618 0 96
ciMethod java/lang/Object getClass ()Ljava/lang/Class; 2049 1 256 0 -1
ciMethod java/lang/Object toString ()Ljava/lang/String; 2049 1 1432 0 -1
ciMethod java/lang/CharSequence length ()I 0 0 1 0 -1
ciMethod java/lang/CharSequence charAt (I)C 0 0 1 0 -1
ciMethod java/lang/String <init> ([CZ)V 4097 1 33883 0 64
ciMethod java/lang/String length ()I 16553 1 1288061 0 0
ciMethod java/lang/String charAt (I)C 4097 1 2263994 0 128
ciMethod java/lang/String getChars (II[CI)V 4097 1 5897 0 -1
ciMethod java/lang/String equals (Ljava/lang/Object;)Z 4097 23513 48914 0 -1
ciMethod java/lang/Class isArray ()Z 2049 1 256 0 -1
ciMethod java/lang/Class getName ()Ljava/lang/String; 2057 1 76570 0 -1
ciMethod java/lang/System currentTimeMillis ()J 2049 1 256 0 -1
ciMethod java/lang/System arraycopy (Ljava/lang/Object;ILjava/lang/Object;II)V 71681 1 8960 0 -1
ciMethod java/lang/Throwable getMessage ()Ljava/lang/String; 65 1 6 0 -1
ciMethod java/lang/ref/Reference get ()Ljava/lang/Object; 8769 1 1096 0 -1
ciMethod java/lang/ref/Reference <init> (Ljava/lang/Object;)V 945 1 28623 0 0
ciMethod java/lang/ref/Reference <init> (Ljava/lang/Object;Ljava/lang/ref/ReferenceQueue;)V 4097 1 26825 0 160
ciMethod java/lang/ref/WeakReference <init> (Ljava/lang/Object;)V 2049 1 18035 0 160
ciMethod java/lang/Thread currentThread ()Ljava/lang/Thread; 4097 1 512 0 -1
ciMethod java/lang/Thread getPriority ()I 1025 1 128 0 0
ciMethod java/lang/Thread getName ()Ljava/lang/String; 2049 1 6576 0 0
ciMethod java/lang/Thread getId ()J 17 1 8 0 0
ciMethod java/lang/AbstractStringBuilder <init> (I)V 4097 1 161028 0 0
ciMethod java/lang/AbstractStringBuilder capacity ()I 2049 1 25285 0 0
ciMethod java/lang/AbstractStringBuilder ensureCapacityInternal (I)V 4097 1 551939 0 608
ciMethod java/lang/AbstractStringBuilder expandCapacity (I)V 4097 1 8716 0 544
ciMethod java/lang/AbstractStringBuilder setLength (I)V 2089 1 17752 0 704
ciMethod java/lang/AbstractStringBuilder append (Ljava/lang/String;)Ljava/lang/AbstractStringBuilder; 4097 1 15593 0 928
ciMethod java/lang/AbstractStringBuilder appendNull ()Ljava/lang/AbstractStringBuilder; 0 0 7 0 -1
ciMethod java/lang/AbstractStringBuilder append (Ljava/lang/CharSequence;II)Ljava/lang/AbstractStringBuilder; 2065 15569 2583 0 1472
ciMethod java/lang/StringBuilder <init> (I)V 2001 1 22549 0 224
ciMethod java/lang/StringBuilder append (Ljava/lang/String;)Ljava/lang/StringBuilder; 4097 1 277471 0 928
ciMethod java/lang/StringBuilder append (Ljava/lang/CharSequence;)Ljava/lang/StringBuilder; 3137 1 17810 0 -1
ciMethod java/lang/StringBuilder append (Ljava/lang/CharSequence;II)Ljava/lang/StringBuilder; 2049 1 26788 0 0
ciMethod java/lang/StringBuilder append (Z)Ljava/lang/StringBuilder; 161 1 512 0 -1
ciMethod java/lang/StringBuilder append (C)Ljava/lang/StringBuilder; 4097 1 255264 0 -1
ciMethod java/lang/StringBuilder append (I)Ljava/lang/StringBuilder; 49 1 9550 0 -1
ciMethod java/lang/StringBuilder append (J)Ljava/lang/StringBuilder; 265 1 50 0 -1
ciMethod java/lang/StringBuilder append (F)Ljava/lang/StringBuilder; 0 0 1 0 -1
ciMethod java/lang/StringBuilder append (D)Ljava/lang/StringBuilder; 0 0 1 0 -1
ciMethod java/lang/StringBuilder setLength (I)V 2105 1 26329 0 0
ciMethod java/lang/StringBuilder trimToSize ()V 0 0 1 0 -1
ciMethod java/lang/StringBuilder capacity ()I 2049 1 25285 0 0
ciMethod sun/misc/Unsafe getAndAddInt (Ljava/lang/Object;JI)I 2049 1 1238 0 -1
ciMethod java/lang/Boolean booleanValue ()Z 1081 1 135 0 -1
ciMethod java/lang/Character charValue ()C 841 1 105 0 -1
ciMethod java/lang/Float floatValue ()F 9 1 1355 0 -1
ciMethod java/lang/Double doubleValue ()D 9 1 1605 0 -1
ciMethod java/lang/Byte byteValue ()B 49 1 6 0 -1
ciMethod java/lang/Short shortValue ()S 2609 1 326 0 -1
ciMethod java/lang/Integer intValue ()I 1025 1 128 0 -1
ciMethod java/lang/Long longValue ()J 9 1 3963 0 -1
ciMethod java/util/List size ()I 0 0 1 0 -1
ciMethod java/util/List isEmpty ()Z 0 0 1 0 -1
ciMethod java/util/List add (Ljava/lang/Object;)Z 0 0 1 0 -1
ciMethod java/util/List get (I)Ljava/lang/Object; 0 0 1 0 -1
ciMethod java/lang/ThreadLocal initialValue ()Ljava/lang/Object; 1025 1 128 0 -1
ciMethod java/lang/ThreadLocal get ()Ljava/lang/Object; 4097 1 5813 0 256
ciMethod java/lang/ThreadLocal setInitialValue ()Ljava/lang/Object; 33 1 415 0 0
ciMethod java/lang/ThreadLocal set (Ljava/lang/Object;)V 57 1 26089 0 0
ciMethod java/lang/ThreadLocal getMap (Ljava/lang/Thread;)Ljava/lang/ThreadLocal$ThreadLocalMap; 4097 1 5136 0 0
ciMethod java/lang/ThreadLocal createMap (Ljava/lang/Thread;Ljava/lang/Object;)V 17 1 13 0 -1
ciMethod java/lang/ThreadLocal access$400 (Ljava/lang/ThreadLocal;)I 4281 1 535 0 0
ciMethod java/util/concurrent/atomic/AtomicInteger incrementAndGet ()I 2049 1 10138 0 0
ciMethod java/util/concurrent/atomic/AtomicInteger decrementAndGet ()I 4097 1 5635 0 0
ciMethod java/util/ArrayList <init> (I)V 2049 1 9599 0 -1
ciMethod java/util/Arrays fill ([CIIC)V 33 65 3765 0 -1
ciMethod java/util/Arrays copyOf ([CI)[C 4097 1 23858 0 -1
ciMethod java/lang/ThreadLocal$ThreadLocalMap nextIndex (II)I 1329 1 12194 0 64
ciMethod java/lang/ThreadLocal$ThreadLocalMap getEntry (Ljava/lang/ThreadLocal;)Ljava/lang/ThreadLocal$ThreadLocalMap$Entry; 4097 1 5809 0 160
ciMethod java/lang/ThreadLocal$ThreadLocalMap getEntryAfterMiss (Ljava/lang/ThreadLocal;ILjava/lang/ThreadLocal$ThreadLocalMap$Entry;)Ljava/lang/ThreadLocal$ThreadLocalMap$Entry; 17 1 7173 0 256
ciMethod java/lang/ThreadLocal$ThreadLocalMap set (Ljava/lang/ThreadLocal;Ljava/lang/Object;)V 73 1 18542 0 800
ciMethod java/lang/ThreadLocal$ThreadLocalMap replaceStaleEntry (Ljava/lang/ThreadLocal;Ljava/lang/Object;I)V 0 0 1 0 -1
ciMethod java/lang/ThreadLocal$ThreadLocalMap expungeStaleEntry (I)I 57 17 427 0 -1
ciMethod java/lang/ThreadLocal$ThreadLocalMap cleanSomeSlots (II)Z 273 705 585 0 0
ciMethod java/lang/ThreadLocal$ThreadLocalMap rehash ()V 17 1 15 0 0
ciMethod java/lang/ThreadLocal$ThreadLocalMap resize ()V 17 385 15 0 -1
ciMethod java/lang/ThreadLocal$ThreadLocalMap expungeStaleEntries ()V 17 385 15 0 -1
ciMethod java/lang/ThreadLocal$ThreadLocalMap access$000 (Ljava/lang/ThreadLocal$ThreadLocalMap;Ljava/lang/ThreadLocal;)Ljava/lang/ThreadLocal$ThreadLocalMap$Entry; 4097 1 6745 0 192
ciMethod java/lang/ThreadLocal$ThreadLocalMap access$100 (Ljava/lang/ThreadLocal$ThreadLocalMap;Ljava/lang/ThreadLocal;Ljava/lang/Object;)V 73 1 26489 0 0
ciMethod java/lang/ThreadLocal$ThreadLocalMap$Entry <init> (Ljava/lang/ThreadLocal;Ljava/lang/Object;)V 305 1 239 0 0
ciMethodData java/lang/Object <init> ()V 2 4946621 orig 264 136 112 167 111 0 0 0 0 136 4 230 22 0 0 0 0 32 1 0 0 0 0 0 0 0 0 0 0 0 0 0 0 0 0 0 0 0 0 0 0 0 0 0 0 0 0 0 0 0 0 0 0 0 0 0 0 0 0 0 0 0 0 0 0 0 0 0 0 0 0 0 0 0 0 0 0 0 0 0 0 77 68 79 32 101 120 116 114 97 32 100 97 116 97 32 108 111 99 107 0 0 0 0 0 0 0 0 0 0 0 0 0 0 0 0 0 0 0 0 0 0 0 0 0 0 0 0 0 0 0 0 0 0 0 0 0 0 0 0 0 0 0 0 0 0 0 0 0 0 0 0 0 0 0 0 0 0 0 0 0 0 0 0 0 0 0 0 0 0 0 0 0 0 0 0 0 0 0 0 0 0 0 0 0 1 0 0 0 0 0 0 0 1 0 0 0 0 0 0 0 1 0 0 0 0 0 0 0 0 0 0 0 0 0 0 0 0 2 0 0 233 197 91 2 1 0 0 0 0 0 0 0 0 0 0 0 2 0 0 0 0 0 0 0 0 0 0 0 0 0 0 0 255 255 255 255 0 0 0 0 0 0 0 0 data 0 oops 0
ciMethodData java/lang/String charAt (I)C 2 2263994 orig 264 136 112 167 111 0 0 0 0 128 61 230 22 0 0 0 0 120 1 0 0 32 0 0 0 0 0 0 0 0 0 0 0 0 0 0 0 0 0 0 0 0 0 0 0 0 0 0 0 0 0 0 0 0 0 0 0 0 0 0 0 0 0 0 0 0 0 0 0 0 0 0 0 0 0 0 0 0 0 0 0 77 68 79 32 101 120 116 114 97 32 100 97 116 97 32 108 111 99 107 0 0 0 0 0 0 0 0 0 0 0 0 0 0 0 0 0 0 0 0 0 0 0 0 0 0 0 0 0 0 0 0 0 0 0 0 0 0 0 0 0 0 0 0 0 0 0 0 0 0 0 0 0 0 0 0 0 0 0 0 0 0 0 0 1 0 0 0 0 0 0 0 0 0 0 0 0 0 0 0 0 0 0 0 0 25 0 0 0 0 0 0 0 0 0 0 0 0 0 0 0 1 0 0 0 0 0 0 0 0 0 0 0 0 0 0 0 0 2 0 0 209 77 20 1 1 0 0 0 0 0 0 0 0 0 0 0 2 0 0 0 0 0 0 0 0 0 0 0 80 0 0 0 255 255 255 255 7 0 1 0 0 0 0 0 data 10 0x10007 0x0 0x40 0x2289bf 0xa0007 0x2289c0 0x30 0x0 0x120002 0x0 oops 0
ciMethodData java/lang/String length ()I 2 1288061 orig 264 136 112 167 111 0 0 0 0 48 60 230 22 0 0 0 0 32 1 0 0 0 0 0 0 0 0 0 0 0 0 0 0 0 0 0 0 0 0 0 0 0 0 0 0 0 0 0 0 0 0 0 0 0 0 0 0 0 0 0 0 0 0 0 0 0 0 0 0 0 0 0 0 0 0 0 0 0 0 0 0 77 68 79 32 101 120 116 114 97 32 100 97 116 97 32 108 111 99 107 0 0 0 0 0 0 0 0 0 0 0 0 0 0 0 0 0 0 0 0 0 0 0 0 0 0 0 0 0 0 0 0 0 0 0 0 0 0 0 0 0 0 0 0 0 0 0 0 0 0 0 0 0 0 0 0 0 0 0 0 0 0 0 0 0 0 0 0 0 0 0 0 0 0 0 0 0 0 0 0 0 0 0 0 0 1 0 0 0 0 0 0 0 0 0 0 0 0 0 0 0 1 0 0 0 0 0 0 0 0 0 0 0 0 0 0 0 0 2 0 0 65 251 156 0 1 0 0 0 0 0 0 0 0 0 0 0 2 0 0 0 0 0 3 0 1 0 0 0 0 0 0 0 255 255 255 255 0 0 0 0 0 0 0 0 data 0 oops 0
ciMethodData java/lang/AbstractStringBuilder ensureCapacityInternal (I)V 2 551939 orig 264 136 112 167 111 0 0 0 0 120 65 237 22 0 0 0 0 160 1 0 0 0 0 0 0 0 0 0 0 0 0 0 0 0 0 0 0 0 0 0 0 0 0 0 0 0 0 0 0 0 0 0 0 0 0 0 0 0 0 0 0 0 0 0 0 0 0 0 0 0 0 0 0 0 0 0 0 0 0 0 0 77 68 79 32 101 120 116 114 97 32 100 97 116 97 32 108 111 99 107 0 0 0 0 0 0 0 0 0 0 0 0 0 0 0 0 0 0 0 0 0 0 0 0 0 0 0 0 0 0 0 0 0 0 0 0 0 0 0 0 0 0 0 0 0 0 0 0 0 0 0 0 0 0 0 0 0 0 0 0 0 0 0 0 0 0 0 0 0 0 0 0 0 0 0 0 0 0 0 0 0 0 0 0 0 0 0 0 0 0 0 0 0 0 0 0 0 0 0 0 0 0 0 0 0 0 0 0 0 0 0 0 0 0 0 0 0 0 2 0 0 25 80 67 0 1 0 0 0 0 0 0 0 0 0 0 0 2 0 0 0 0 0 0 0 0 0 0 0 80 0 0 0 255 255 255 255 7 0 7 0 0 0 0 0 data 10 0x70007 0x8476b 0x50 0x2297 0xc0005 0x0 0x1780b960 0x1fe2 0x1780b420 0x2b8 oops 2